log4j:WARN No appenders could be found for logger (org.openspaces.core.space.UrlSpaceFactoryBean).
log4j:WARN Please initialize the log4j system properly.
2015-04-17 20:33:40,744  INFO [com.gigaspaces.localcache] - LocalCache#1-myGrid was created successfully. Total time: 2.61 seconds
java.lang.OutOfMemoryError: Java heap space
java.lang.OutOfMemoryError: Java heap space
2015-04-17 20:38:24,938  SEVERE [com.gigaspaces.lrmi.watchdog] - Unexpected exception in watchdog thread.; Caused by: java.lang.OutOfMemoryError: Java heap space

2015-04-17 20:39:23,733  SEVERE [com.gigaspaces.lrmi] - exception in main selection loop; Caused by: java.lang.OutOfMemoryError: Java heap space

Exception in thread "GS-com.gigaspaces.internal.client.cache.localcache.GarbageCollectorTask" java.lang.OutOfMemoryError: Java heap space
2015-04-17 20:39:40.828 java[34056:2607] java.lang.OutOfMemoryError: Java heap space
2015-04-17 20:39:41.077 java[34056:2607] (
	0   CoreFoundation                      0x00007fff898c025c __exceptionPreprocess + 172
	1   libobjc.A.dylib                     0x00007fff8acb2e75 objc_exception_throw + 43
	2   CoreFoundation                      0x00007fff898bfe09 -[NSException raise] + 9
	3   JavaNativeFoundation                0x000000010a3d9c3f JNFCallStaticVoidMethod + 213
	4   libawt.jnilib                       0x0000000112ae47fc +[ApplicationDelegate _notifyJava:] + 51
	5   CoreFoundation                      0x00007fff8988ee0c __CFNOTIFICATIONCENTER_IS_CALLING_OUT_TO_AN_OBSERVER__ + 12
	6   CoreFoundation                      0x00007fff8978282d _CFXNotificationPost + 2893
	7   Foundation                          0x00007fff8946edda -[NSNotificationCenter postNotificationName:object:userInfo:] + 68
	8   AppKit                              0x00007fff8b81b420 -[NSApplication sendEvent:] + 5681
	9   AppKit                              0x00007fff8b66a9f9 -[NSApplication run] + 646
	10  libawt.jnilib                       0x0000000112ae2f30 +[AWTStarter startAWT:] + 1495
	11  libawt.jnilib                       0x0000000112ae28aa -[CPerformer perform] + 93
	12  Foundation                          0x00007fff894cf75e __NSThreadPerformPerform + 229
	13  CoreFoundation                      0x00007fff897f15b1 __CFRUNLOOP_IS_CALLING_OUT_TO_A_SOURCE0_PERFORM_FUNCTION__ + 17
	14  CoreFoundation                      0x00007fff897e2c62 __CFRunLoopDoSources0 + 242
	15  CoreFoundation                      0x00007fff897e23ef __CFRunLoopRun + 831
	16  CoreFoundation                      0x00007fff897e1e75 CFRunLoopRunSpecific + 309
	17  java                                0x0000000109adc843 java + 18499
	18  java                                0x0000000109adc29a java + 17050
	19  java                                0x0000000109ad9a98 java + 6808
)
	at java.util.concurrent.ConcurrentHashMap.isEmpty(ConcurrentHashMap.java:686)
	at com.gigaspaces.internal.client.cache.localcache.GarbageCollectorTask.run(GarbageCollectorTask.java:50)
	at java.lang.Thread.run(Thread.java:695)
	at com.j_spaces.kernel.ScheduledRunner.run(ScheduledRunner.java:94)
Exception in thread "GS-LRMI Connection-pool-1-thread-34" java.lang.OutOfMemoryError: Java heap space
2015-04-17 20:39:20,985  SEVERE [com.gigaspaces.lrmi] - exception in main selection loop; Caused by: java.lang.OutOfMemoryError: Java heap space

Exception in thread "Thread-8" java.lang.OutOfMemoryError: Java heap space
2015-04-17 20:40:21,124  WARNING [com.sun.jini.thread.TaskManager] - GS-LeaseRenewalManager Task ran [net.jini.lease.LeaseRenewalManager$RenewTask@7c76a538] and caught an exception.; Caused by: java.lang.OutOfMemoryError: Java heap space
Exception in thread "GS-multicast-discovery-announcement-listener" java.lang.OutOfMemoryError: Java heap space
Exception in thread "GS-LRMI Connection-pool-1-thread-3" java.lang.OutOfMemoryError: Java heap space
Exception in thread "Heartbeat Timer" java.lang.OutOfMemoryError: Java heap space
Exception in thread "GS-LRMI-Selector-Write-Thread-0" java.lang.OutOfMemoryError: Java heap space
Exception in thread "GS-LRMI-Selector-Read-Thread-2" java.lang.OutOfMemoryError: Java heap space
2015-04-17 20:39:48,788  SEVERE [com.sun.jini.thread.TaskManager] - Ran [net.jini.discovery.LookupDiscovery$DecodeAnnouncementTask@7b6c82b1] but caught exception: java.lang.OutOfMemoryError: Java heap space
Attempt to log caused: ; Caused by: java.lang.OutOfMemoryError: Java heap space

2015-04-17 20:39:48,788  SEVERE [com.gigaspaces.lrmi] - exception in main selection loop; Caused by: java.lang.OutOfMemoryError: Java heap space

2015-04-17 20:39:48,184  SEVERE [com.gigaspaces.lrmi] - exception in main selection loop; Caused by: java.lang.OutOfMemoryError: Java heap space

2015-04-17 20:39:48,184  SEVERE [com.gigaspaces.client] - Notification was send but user listener throws exception; Caused by: java.lang.OutOfMemoryError: Java heap space

2015-04-17 20:39:48,184  SEVERE [com.gigaspaces.lrmi] - exception in main selection loop; Caused by: java.lang.OutOfMemoryError: Java heap space

2015-04-17 20:40:49,750  SEVERE [com.gigaspaces.lrmi] - exception in main selection loop; Caused by: java.lang.OutOfMemoryError: Java heap space

Exception in thread "GS-LRMI Connection-pool-1-thread-5" java.lang.OutOfMemoryError: Java heap space
Exception in thread "GS-LRMI Connection-pool-1-thread-36" Exception in thread "GS-LRMI Connection-pool-1-thread-8" java.lang.OutOfMemoryError: Java heap space
java.lang.OutOfMemoryError: Java heap space
Exception in thread "GS-LRMI Connection-pool-1-thread-20" java.lang.OutOfMemoryError: Java heap space
Exception in thread "GS-LRMI Connection-pool-1-thread-4" java.lang.OutOfMemoryError: Java heap space
2015-04-17 20:42:44,961  SEVERE [com.gigaspaces.lrmi] - exception in main selection loop; Caused by: java.lang.OutOfMemoryError: Java heap space

Exception in thread "GS-LRMI Connection-pool-1-thread-6" java.lang.OutOfMemoryError: Java heap space
Exception in thread "GS-LRMI Connection-pool-1-thread-11" java.lang.OutOfMemoryError: Java heap space
Exception in thread "GS-LRMI Connection-pool-1-thread-35" java.lang.OutOfMemoryError: Java heap space
Exception in thread "GS-LRMI Connection-pool-1-thread-33" java.lang.OutOfMemoryError: Java heap space
Exception in thread "GS-LRMI Connection-pool-1-thread-14" java.lang.OutOfMemoryError: Java heap space
Exception in thread "GS-LRMI Connection-pool-1-thread-12" java.lang.OutOfMemoryError: Java heap space
Exception in thread "GS-LRMI Connection-pool-1-thread-32" java.lang.OutOfMemoryError: Java heap space
Exception in thread "GS-LRMI Connection-pool-1-thread-9" java.lang.OutOfMemoryError: Java heap space
Exception in thread "GS-LRMI Connection-pool-1-thread-13" java.lang.OutOfMemoryError: Java heap space
Exception in thread "GS-LRMI Connection-pool-1-thread-30" java.lang.OutOfMemoryError: Java heap space
java.lang.reflect.InvocationTargetException
	at java.awt.EventQueue.invokeAndWait(EventQueue.java:1126)
	at java.awt.EventQueue.invokeAndWait(EventQueue.java:1103)
	at javax.swing.SwingUtilities.invokeAndWait(SwingUtilities.java:1326)
	at gui.GUI.dispatchSwingUpdate(GUI.java:682)
	at gui.GUI.moduleChanged(GUI.java:509)
	at apapl.deliberation.Deliberation.notifyListeners(Deliberation.java:125)
	at apapl.deliberation.Deliberation.step(Deliberation.java:77)
Exception in thread "GS-LRMI Connection-pool-1-thread-21" java.lang.OutOfMemoryError: Java heap space
Exception in thread "GS-LRMI Connection-pool-1-thread-37" java.lang.OutOfMemoryError: Java heap space
Exception in thread "GS-LRMI Connection-pool-1-thread-26" java.lang.OutOfMemoryError: Java heap space
Exception in thread "GS-LRMI Connection-pool-1-thread-44" java.lang.OutOfMemoryError: Java heap space
Exception in thread "AWT-EventQueue-0" java.lang.OutOfMemoryError: Java heap space
Exception in thread "GS-LRMI Connection-pool-1-thread-40" java.lang.OutOfMemoryError: Java heap space
Exception in thread "GS-LRMI Connection-pool-1-thread-38" java.lang.OutOfMemoryError: Java heap space
Exception in thread "GS-LRMI Connection-pool-1-thread-42" java.lang.OutOfMemoryError: Java heap space
Exception in thread "GS-LRMI Connection-pool-1-thread-19" java.lang.OutOfMemoryError: Java heap space
Exception in thread "GS-LRMI Connection-pool-1-thread-22" java.lang.OutOfMemoryError: Java heap space
2015-04-17 20:44:17,808  SEVERE [com.gigaspaces.lrmi] - exception in main selection loop; Caused by: java.lang.OutOfMemoryError: Java heap space

Exception in thread "GS-LRMI Connection-pool-1-thread-43" java.lang.OutOfMemoryError: Java heap space
Exception in thread "GS-LRMI Connection-pool-1-thread-46" java.lang.OutOfMemoryError: Java heap space
Exception in thread "GS-LRMI Connection-pool-1-thread-45" java.lang.OutOfMemoryError: Java heap space
Exception in thread "GS-LRMI Connection-pool-1-thread-47" java.lang.OutOfMemoryError: Java heap space
Exception in thread "GS-LRMI Connection-pool-1-thread-41" java.lang.OutOfMemoryError: Java heap space
2015-04-17 20:44:25,013  SEVERE [com.gigaspaces.lrmi] - exception in main selection loop; Caused by: java.lang.OutOfMemoryError: Java heap space

2015-04-17 20:44:25,013  SEVERE [com.gigaspaces.lrmi.watchdog] - Unexpected exception in watchdog thread.; Caused by: java.lang.OutOfMemoryError: Java heap space

2015-04-17 20:45:50,209  SEVERE [com.gigaspaces.lrmi] - exception in main selection loop; Caused by: java.lang.OutOfMemoryError: Java heap space

Exception in thread "GS-Thread-6" java.lang.OutOfMemoryError: Java heap space
Exception in thread "GS-LRMI Connection-pool-1-thread-48" java.lang.OutOfMemoryError: Java heap space
Exception in thread "GS-LRMI-async-Selector-Thread-1" java.lang.OutOfMemoryError: Java heap space
Exception in thread "GS-LRMI Connection-pool-1-thread-25" java.lang.OutOfMemoryError: Java heap space
Exception in thread "AWT-EventQueue-0" java.lang.OutOfMemoryError: Java heap space
Exception in thread "GS-LRMI-Selector-Read-Thread-1" java.lang.OutOfMemoryError: Java heap space
Exception in thread "AWT-EventQueue-0" java.lang.OutOfMemoryError: Java heap space
2015-04-17 20:47:24,790  SEVERE [com.gigaspaces.lrmi.watchdog] - Unexpected exception in watchdog thread.; Caused by: java.lang.OutOfMemoryError: Java heap space

Exception in thread "GS-LRMI Connection-pool-1-thread-50" java.lang.OutOfMemoryError: Java heap space
Exception in thread "GS-LRMI Connection-pool-1-thread-51" java.lang.OutOfMemoryError: Java heap space
2015-04-17 20:48:22,742  SEVERE [com.gigaspaces.lrmi] - exception in main selection loop; Caused by: java.lang.OutOfMemoryError: Java heap space

Exception in thread "GS-LRMI Connection-pool-1-thread-52" java.lang.OutOfMemoryError: Java heap space
2015-04-17 20:48:11,851  SEVERE [com.gigaspaces.lrmi] - exception in main selection loop; Caused by: java.lang.OutOfMemoryError: Java heap space

2015-04-17 20:48:11,851  SEVERE [com.gigaspaces.client] - Notification was send but user listener throws exception; Caused by: java.lang.OutOfMemoryError: Java heap space

2015-04-17 20:48:02,512  SEVERE [com.gigaspaces.client] - Notification was send but user listener throws exception; Caused by: java.lang.OutOfMemoryError: Java heap space

Exception in thread "GS-LRMI Connection-pool-1-thread-55" java.lang.OutOfMemoryError: Java heap space
Exception in thread "GS-LRMI Connection-pool-1-thread-58" java.lang.OutOfMemoryError: Java heap space
Exception in thread "GS-LRMI Connection-pool-1-thread-60" java.lang.OutOfMemoryError: Java heap space
Exception in thread "GS-LRMI Connection-pool-1-thread-63" Exception in thread "GS-LRMI-Selector-Accept-Thread-0" java.lang.OutOfMemoryError: Java heap space
Exception in thread "Thread-4" java.lang.OutOfMemoryError: Java heap space
Exception in thread "GS-Watchdog" java.lang.OutOfMemoryError: Java heap space
