log4j:WARN No appenders could be found for logger (org.openspaces.core.space.UrlSpaceFactoryBean).
log4j:WARN Please initialize the log4j system properly.
2015-04-20 15:16:00,024  INFO [net.jini.lookup.ServiceDiscoveryManager] - Exception occurred during query, discarding reggie [com.sun.jini.reggie.RegistrarProxy[registrar=bb59ab03-2e81-4720-8995-a6d218ac57e5 DynamicSmartStub [ImplObjClass: com.sun.jini.reggie.GigaRegistrar, ConnectionURL: NIO://kafka.local:54556/pid[40994]/1429517374140307232_2_-706347898903840095_details[class com.sun.jini.reggie.GigaRegistrar], MaxConnPool: 1024 ]]]; Caused by: java.rmi.ConnectException: Connect Failed to [NIO://kafka.local:54556/pid[40994]/1429517374140307232_2_-706347898903840095_details[class com.sun.jini.reggie.GigaRegistrar]]; nested exception is: 
	java.net.ConnectException: Connection refused
2015-04-20 15:16:04,772  INFO [net.jini.lookup.ServiceDiscoveryManager] - Exception occurred during query, discarding reggie [com.sun.jini.reggie.RegistrarProxy[registrar=bb59ab03-2e81-4720-8995-a6d218ac57e5 DynamicSmartStub [ImplObjClass: com.sun.jini.reggie.GigaRegistrar, ConnectionURL: NIO://kafka.local:54556/pid[40994]/1429517374140307232_2_-706347898903840095_details[class com.sun.jini.reggie.GigaRegistrar], MaxConnPool: 1024 ]]]; Caused by: java.rmi.ConnectException: Connect Failed to [NIO://kafka.local:54556/pid[40994]/1429517374140307232_2_-706347898903840095_details[class com.sun.jini.reggie.GigaRegistrar]]; nested exception is: 
	java.net.ConnectException: Connection refused
2015-04-20 15:16:05,270  INFO [net.jini.lookup.ServiceDiscoveryManager] - Exception occurred while attempting to register with the lookup service event mechanism; Caused by: java.rmi.ConnectException: Connect Failed to [NIO://kafka.local:54556/pid[40994]/1429517374140307232_2_-706347898903840095_details[class com.sun.jini.reggie.GigaRegistrar]]; nested exception is: 
	java.net.ConnectException: Connection refused
2015-04-20 15:16:10,196  INFO [net.jini.lookup.ServiceDiscoveryManager] - Exception occurred while attempting to register with the lookup service event mechanism; Caused by: java.rmi.ConnectException: Connect Failed to [NIO://kafka.local:54556/pid[40994]/1429517374140307232_2_-706347898903840095_details[class com.sun.jini.reggie.GigaRegistrar]]; nested exception is: 
	java.net.ConnectException: Connection refused
2015-04-20 15:16:15,198  INFO [net.jini.lookup.ServiceDiscoveryManager] - Exception occurred while attempting to register with the lookup service event mechanism; Caused by: java.rmi.ConnectException: Connect Failed to [NIO://kafka.local:54556/pid[40994]/1429517374140307232_2_-706347898903840095_details[class com.sun.jini.reggie.GigaRegistrar]]; nested exception is: 
	java.net.ConnectException: Connection refused
2015-04-20 15:16:20,195  INFO [net.jini.lookup.ServiceDiscoveryManager] - Exception occurred while attempting to register with the lookup service event mechanism; Caused by: java.rmi.ConnectException: Connect Failed to [NIO://kafka.local:54556/pid[40994]/1429517374140307232_2_-706347898903840095_details[class com.sun.jini.reggie.GigaRegistrar]]; nested exception is: 
	java.net.ConnectException: Connection refused
2015-04-20 15:16:25,199  INFO [net.jini.lookup.ServiceDiscoveryManager] - Exception occurred while attempting to register with the lookup service event mechanism; Caused by: java.rmi.ConnectException: Connect Failed to [NIO://kafka.local:54556/pid[40994]/1429517374140307232_2_-706347898903840095_details[class com.sun.jini.reggie.GigaRegistrar]]; nested exception is: 
	java.net.ConnectException: Connection refused
2015-04-20 15:16:30,200  INFO [net.jini.lookup.ServiceDiscoveryManager] - Exception occurred while attempting to register with the lookup service event mechanism; Caused by: java.rmi.ConnectException: Connect Failed to [NIO://kafka.local:54556/pid[40994]/1429517374140307232_2_-706347898903840095_details[class com.sun.jini.reggie.GigaRegistrar]]; nested exception is: 
	java.net.ConnectException: Connection refused
org.openspaces.admin.AdminException: Failed to deploy [/templates/datagrid]
	at org.openspaces.admin.internal.gsm.DefaultGridServiceManager.deploy(DefaultGridServiceManager.java:211)
	at org.openspaces.admin.internal.gsm.DefaultGridServiceManager.deploy(DefaultGridServiceManager.java:183)
	at org.openspaces.admin.internal.gsm.DefaultGridServiceManager.deploy(DefaultGridServiceManager.java:179)
	at org.openspaces.admin.internal.gsm.DefaultGridServiceManager.deploy(DefaultGridServiceManager.java:146)
	at org.openspaces.admin.internal.gsm.DefaultGridServiceManager.deploy(DefaultGridServiceManager.java:142)
	at ctMW.DataGridConnectionUtility.getSpace(DataGridConnectionUtility.java:65)
	at ctMW.DataGridConnectionUtility.getSpace(DataGridConnectionUtility.java:81)
	at ctMW.EnvCT.initializeGS(EnvCT.java:101)
	at ctMW.EnvCT.<init>(EnvCT.java:196)
	at sun.reflect.NativeConstructorAccessorImpl.newInstance0(Native Method)
	at sun.reflect.NativeConstructorAccessorImpl.newInstance(NativeConstructorAccessorImpl.java:39)
	at sun.reflect.DelegatingConstructorAccessorImpl.newInstance(DelegatingConstructorAccessorImpl.java:27)
	at java.lang.reflect.Constructor.newInstance(Constructor.java:513)
	at eis.EILoader.fromJarFile(EILoader.java:75)
	at apapl.APAPLBuilder.buildMas(APAPLBuilder.java:107)
	at gui.GUI.loadMas(GUI.java:191)
	at gui.GUI.<init>(GUI.java:172)
	at APAPL.main(APAPL.java:103)
Caused by: org.springframework.beans.factory.parsing.BeanDefinitionParsingException: Configuration problem: Unable to locate Spring NamespaceHandler for XML schema namespace [http://www.openspaces.org/schema/core]
Offending resource: resource loaded from byte array

	at org.springframework.beans.factory.parsing.FailFastProblemReporter.error(FailFastProblemReporter.java:68)
	at org.springframework.beans.factory.parsing.ReaderContext.error(ReaderContext.java:85)
	at org.springframework.beans.factory.parsing.ReaderContext.error(ReaderContext.java:80)
	at org.springframework.beans.factory.xml.BeanDefinitionParserDelegate.error(BeanDefinitionParserDelegate.java:316)
	at org.springframework.beans.factory.xml.BeanDefinitionParserDelegate.parseCustomElement(BeanDefinitionParserDelegate.java:1420)
	at org.springframework.beans.factory.xml.BeanDefinitionParserDelegate.parseCustomElement(BeanDefinitionParserDelegate.java:1413)
	at org.springframework.beans.factory.xml.DefaultBeanDefinitionDocumentReader.parseBeanDefinitions(DefaultBeanDefinitionDocumentReader.java:184)
	at org.springframework.beans.factory.xml.DefaultBeanDefinitionDocumentReader.doRegisterBeanDefinitions(DefaultBeanDefinitionDocumentReader.java:140)
	at org.springframework.beans.factory.xml.DefaultBeanDefinitionDocumentReader.registerBeanDefinitions(DefaultBeanDefinitionDocumentReader.java:111)
	at org.springframework.beans.factory.xml.XmlBeanDefinitionReader.registerBeanDefinitions(XmlBeanDefinitionReader.java:493)
	at org.springframework.beans.factory.xml.XmlBeanDefinitionReader.doLoadBeanDefinitions(XmlBeanDefinitionReader.java:390)
	at org.springframework.beans.factory.xml.XmlBeanDefinitionReader.loadBeanDefinitions(XmlBeanDefinitionReader.java:334)
	at org.springframework.beans.factory.xml.XmlBeanDefinitionReader.loadBeanDefinitions(XmlBeanDefinitionReader.java:302)
	at org.springframework.beans.factory.xml.XmlBeanFactory.<init>(XmlBeanFactory.java:78)
	at org.springframework.beans.factory.xml.XmlBeanFactory.<init>(XmlBeanFactory.java:66)
	at org.openspaces.pu.container.servicegrid.deploy.Deploy.buildOperationalString(Deploy.java:457)
	at org.openspaces.admin.internal.gsm.DefaultGridServiceManager.deploy(DefaultGridServiceManager.java:209)
	... 17 more
Exception in thread "main" java.lang.NullPointerException
	at ctMW.EnvCT.register(EnvCT.java:614)
	at ctMW.EnvCT.addAgent(EnvCT.java:221)
	at apapl.Environment.addEntity(Environment.java:493)
	at apapl.Environment.addAgentEntity(Environment.java:134)
	at apapl.APLMAS.attachModuleToEnvironment(APLMAS.java:222)
	at apapl.APAPLBuilder.buildMas(APAPLBuilder.java:259)
	at gui.GUI.loadMas(GUI.java:191)
	at gui.GUI.<init>(GUI.java:172)
	at APAPL.main(APAPL.java:103)
2015-04-20 15:16:39,591  INFO [com.gigaspaces.localcache] - LocalCache#1-myGrid was created successfully. Total time: 1.2 seconds
