log4j:WARN No appenders could be found for logger (org.openspaces.core.space.UrlSpaceFactoryBean).
log4j:WARN Please initialize the log4j system properly.
2015-05-27 10:16:26,232  INFO [com.gigaspaces.localcache] - LocalCache#1-myGrid was created successfully. Total time: 487 milliseconds
Exception in thread "ModuleExecutor-a40" java.lang.NullPointerException
	at apapl.program.PGrulebase.schedulePlans(PGrulebase.java:436)
	at apapl.program.PGrulebase.generatePlans(PGrulebase.java:191)
	at apapl.deliberation.ApplyPGrules.execute(ApplyPGrules.java:35)
	at apapl.deliberation.Deliberation.step(Deliberation.java:71)
	at apapl.APLModule.step(APLModule.java:261)
	at apapl.MultiThreadedExecutor$ModuleExecutor.run(MultiThreadedExecutor.java:367)
	at java.lang.Thread.run(Thread.java:695)
Exception in thread "ModuleExecutor-a10" java.lang.NullPointerException
	at apapl.program.PGrulebase.schedulePlans(PGrulebase.java:436)
	at apapl.program.PGrulebase.generatePlans(PGrulebase.java:191)
	at apapl.deliberation.ApplyPGrules.execute(ApplyPGrules.java:35)
	at apapl.deliberation.Deliberation.step(Deliberation.java:71)
	at apapl.APLModule.step(APLModule.java:261)
	at apapl.MultiThreadedExecutor$ModuleExecutor.run(MultiThreadedExecutor.java:367)
	at java.lang.Thread.run(Thread.java:695)
Exception in thread "ModuleExecutor-a30" java.lang.NullPointerException
	at apapl.program.PGrulebase.schedulePlans(PGrulebase.java:436)
	at apapl.program.PGrulebase.generatePlans(PGrulebase.java:191)
	at apapl.deliberation.ApplyPGrules.execute(ApplyPGrules.java:35)
	at apapl.deliberation.Deliberation.step(Deliberation.java:71)
	at apapl.APLModule.step(APLModule.java:261)
	at apapl.MultiThreadedExecutor$ModuleExecutor.run(MultiThreadedExecutor.java:367)
	at java.lang.Thread.run(Thread.java:695)
