log4j:WARN No appenders could be found for logger (org.openspaces.core.space.UrlSpaceFactoryBean).
log4j:WARN Please initialize the log4j system properly.
2015-05-20 18:14:28,237  INFO [net.jini.lookup.ServiceDiscoveryManager] - Exception occurred during query, discarding reggie [com.sun.jini.reggie.RegistrarProxy[registrar=7aa5c3e9-a84d-44f7-b033-098f94a25541 DynamicSmartStub [ImplObjClass: com.sun.jini.reggie.GigaRegistrar, ConnectionURL: NIO://kafka:56321/pid[71239]/1432107802949667232_2_-4199060100627261096_details[class com.sun.jini.reggie.GigaRegistrar], MaxConnPool: 1024 ]]]; Caused by: java.rmi.ConnectException: Connect Failed to [NIO://kafka:56321/pid[71239]/1432107802949667232_2_-4199060100627261096_details[class com.sun.jini.reggie.GigaRegistrar]]; nested exception is: 
	java.net.UnknownHostException
2015-05-20 18:14:32,889  INFO [net.jini.lookup.ServiceDiscoveryManager] - Exception occurred during query, discarding reggie [com.sun.jini.reggie.RegistrarProxy[registrar=7aa5c3e9-a84d-44f7-b033-098f94a25541 DynamicSmartStub [ImplObjClass: com.sun.jini.reggie.GigaRegistrar, ConnectionURL: NIO://kafka:56321/pid[71239]/1432107802949667232_2_-4199060100627261096_details[class com.sun.jini.reggie.GigaRegistrar], MaxConnPool: 1024 ]]]; Caused by: java.rmi.ConnectException: Connect Failed to [NIO://kafka:56321/pid[71239]/1432107802949667232_2_-4199060100627261096_details[class com.sun.jini.reggie.GigaRegistrar]]; nested exception is: 
	java.net.UnknownHostException
2015-05-20 18:14:33,198  INFO [net.jini.lookup.ServiceDiscoveryManager] - Exception occurred while attempting to register with the lookup service event mechanism; Caused by: java.rmi.ConnectException: Connect Failed to [NIO://kafka:56321/pid[71239]/1432107802949667232_2_-4199060100627261096_details[class com.sun.jini.reggie.GigaRegistrar]]; nested exception is: 
	java.net.UnknownHostException
2015-05-20 18:14:38,147  INFO [net.jini.lookup.ServiceDiscoveryManager] - Exception occurred while attempting to register with the lookup service event mechanism; Caused by: java.rmi.ConnectException: Connect Failed to [NIO://kafka:56321/pid[71239]/1432107802949667232_2_-4199060100627261096_details[class com.sun.jini.reggie.GigaRegistrar]]; nested exception is: 
	java.net.UnknownHostException
2015-05-20 18:14:38,151  INFO [net.jini.lookup.ServiceDiscoveryManager] - Exception occurred while attempting to register with the lookup service event mechanism; Caused by: java.rmi.ConnectException: Connect Failed to [NIO://kafka:56321/pid[71239]/1432107802949667232_2_-4199060100627261096_details[class com.sun.jini.reggie.GigaRegistrar]]; nested exception is: 
	java.net.UnknownHostException
2015-05-20 18:14:43,150  INFO [net.jini.lookup.ServiceDiscoveryManager] - Exception occurred while attempting to register with the lookup service event mechanism; Caused by: java.rmi.ConnectException: Connect Failed to [NIO://kafka:56321/pid[71239]/1432107802949667232_2_-4199060100627261096_details[class com.sun.jini.reggie.GigaRegistrar]]; nested exception is: 
	java.net.UnknownHostException
2015-05-20 18:14:43,157  INFO [net.jini.lookup.ServiceDiscoveryManager] - Exception occurred while attempting to register with the lookup service event mechanism; Caused by: java.rmi.ConnectException: Connect Failed to [NIO://kafka:56321/pid[71239]/1432107802949667232_2_-4199060100627261096_details[class com.sun.jini.reggie.GigaRegistrar]]; nested exception is: 
	java.net.UnknownHostException
2015-05-20 18:14:48,155  INFO [net.jini.lookup.ServiceDiscoveryManager] - Exception occurred while attempting to register with the lookup service event mechanism; Caused by: java.rmi.ConnectException: Connect Failed to [NIO://kafka:56321/pid[71239]/1432107802949667232_2_-4199060100627261096_details[class com.sun.jini.reggie.GigaRegistrar]]; nested exception is: 
	java.net.UnknownHostException
2015-05-20 18:14:48,163  INFO [net.jini.lookup.ServiceDiscoveryManager] - Exception occurred while attempting to register with the lookup service event mechanism; Caused by: java.rmi.ConnectException: Connect Failed to [NIO://kafka:56321/pid[71239]/1432107802949667232_2_-4199060100627261096_details[class com.sun.jini.reggie.GigaRegistrar]]; nested exception is: 
	java.net.UnknownHostException
2015-05-20 18:14:53,148  INFO [net.jini.lookup.ServiceDiscoveryManager] - Exception occurred while attempting to register with the lookup service event mechanism; Caused by: java.rmi.ConnectException: Connect Failed to [NIO://kafka:56321/pid[71239]/1432107802949667232_2_-4199060100627261096_details[class com.sun.jini.reggie.GigaRegistrar]]; nested exception is: 
	java.net.UnknownHostException
2015-05-20 18:14:53,153  INFO [net.jini.lookup.ServiceDiscoveryManager] - Exception occurred while attempting to register with the lookup service event mechanism; Caused by: java.rmi.ConnectException: Connect Failed to [NIO://kafka:56321/pid[71239]/1432107802949667232_2_-4199060100627261096_details[class com.sun.jini.reggie.GigaRegistrar]]; nested exception is: 
	java.net.UnknownHostException
2015-05-20 18:14:58,163  INFO [net.jini.lookup.ServiceDiscoveryManager] - Exception occurred while attempting to register with the lookup service event mechanism; Caused by: java.rmi.ConnectException: Connect Failed to [NIO://kafka:56321/pid[71239]/1432107802949667232_2_-4199060100627261096_details[class com.sun.jini.reggie.GigaRegistrar]]; nested exception is: 
	java.net.UnknownHostException
2015-05-20 18:14:58,183  INFO [net.jini.lookup.ServiceDiscoveryManager] - Exception occurred while attempting to register with the lookup service event mechanism; Caused by: java.rmi.ConnectException: Connect Failed to [NIO://kafka:56321/pid[71239]/1432107802949667232_2_-4199060100627261096_details[class com.sun.jini.reggie.GigaRegistrar]]; nested exception is: 
	java.net.UnknownHostException
2015-05-20 18:15:03,152  INFO [net.jini.lookup.ServiceDiscoveryManager] - Exception occurred while attempting to register with the lookup service event mechanism; Caused by: java.rmi.ConnectException: Connect Failed to [NIO://kafka:56321/pid[71239]/1432107802949667232_2_-4199060100627261096_details[class com.sun.jini.reggie.GigaRegistrar]]; nested exception is: 
	java.net.UnknownHostException
org.openspaces.admin.AdminException: Failed to deploy [/templates/datagrid]
