2015-05-08 10:13:39,464 CONFIG [com.gigaspaces.logger] - Log file: /Users/dxd/gigaspaces-xap-premium-9.5.1-ga/logs/2015-05-08~10.13-gigaspaces-service-192.168.0.40-36127.log
-------------------------last log tuples start--------------------------------
Time [clock=1, time=2015-05-08 10:12:28.743]
Time [clock=2, time=2015-05-08 10:12:38.906]
Time [clock=3, time=2015-05-08 10:12:48.908]
-------------------------last log tuples end----------------------------------
[CTAH] started agent 10
[CTAH] Added a new agent to the game by the name of 10.
[ENV] added agent a10
[CTAH] started agent 30
[CTAH] Added a new agent to the game by the name of 30.
[ENV] added agent a30
[CTAH] started agent 40
[CTAH] Added a new agent to the game by the name of 40.
[ENV] added agent a40
org notification: Time [clock=1, time=2015-05-08 10:13:50.497]
org notified sent time(1).
object notification: Time [clock=1, time=2015-05-08 10:13:50.497]
object notification: Time [clock=1, time=2015-05-08 10:13:50.497]
object notification: Time [clock=1, time=2015-05-08 10:13:50.497]
Event sent to object      a40 clock(1)
Event sent to object      a30 clock(1)
Event sent to object      a10 clock(1)
object notification: Time [clock=2, time=2015-05-08 10:14:00.519]
org notification: Time [clock=2, time=2015-05-08 10:14:00.519]
org notified sent time(2).
Event sent to object      a10 clock(2)
object notification: Time [clock=2, time=2015-05-08 10:14:00.519]
Event sent to object      a30 clock(2)
object notification: Time [clock=2, time=2015-05-08 10:14:00.519]
Event sent to object      a40 clock(2)
