2015-04-17 15:56:13,604 CONFIG [com.gigaspaces.logger] - Log file: /Users/dxd/git/ct3/logs/2015-04-17~15.56-gigaspaces-service-192.168.0.40-31009.log
-------------------------last log tuples start--------------------------------
Time [clock=4, time=null]
Prohibition [subject=ra1, prohibition=[at(15, 15, ra1, _)], sanction=[reduce(ra1, 300)], clock=1, time=2015-04-17 15:52:31.494]
Time [clock=5, time=null]
Prohibition [subject=a20, prohibition=[at(15, 16, a20, _)], sanction=[reduce(a20, 300)], clock=1, time=2015-04-17 15:52:31.488]
Prohibition [subject=a10, prohibition=[at(16, 15, a10, _)], sanction=[reduce(a10, 300)], clock=1, time=2015-04-17 15:52:31.479]
Time [clock=13, time=null]
Position [subject=a10, id=null, cell=Cell [x=3, y=5], time=2015-04-17 15:52:35.114, clock=1]
Prohibition [subject=ra1, prohibition=[at(16, 15, ra1, _)], sanction=[reduce(ra1, 300)], clock=1, time=2015-04-17 15:52:31.498]
Time [clock=15, time=null]
Prohibition [subject=ra1, prohibition=[at(15, 16, ra1, _)], sanction=[reduce(ra1, 300)], clock=1, time=2015-04-17 15:52:31.496]
Prohibition [subject=a20, prohibition=[at(16, 15, a20, _)], sanction=[reduce(a20, 300)], clock=1, time=2015-04-17 15:52:31.491]
Prohibition [subject=a10, prohibition=[at(15, 16, a10, _)], sanction=[reduce(a10, 300)], clock=1, time=2015-04-17 15:52:31.477]
Time [clock=14, time=null]
Prohibition [subject=a10, prohibition=[at(16, 16, a10, _)], sanction=[reduce(a10, 300)], clock=1, time=2015-04-17 15:52:31.483]
Prohibition [subject=a10, prohibition=[at(15, 15, a10, _)], sanction=[reduce(a10, 300)], clock=1, time=2015-04-17 15:52:31.473]
Position [subject=a10, id=null, cell=Cell [x=5, y=6], time=2015-04-17 15:52:36.887, clock=1]
Position [subject=a10, id=null, cell=Cell [x=4, y=5], time=2015-04-17 15:52:35.679, clock=1]
Time [clock=1, time=null]
Prohibition [subject=a20, prohibition=[at(16, 16, a20, _)], sanction=[reduce(a20, 300)], clock=1, time=2015-04-17 15:52:31.492]
Time [clock=11, time=null]
Prohibition [subject=ra1, prohibition=[at(16, 16, ra1, _)], sanction=[reduce(ra1, 300)], clock=1, time=2015-04-17 15:52:31.5]
Prohibition [subject=a20, prohibition=[at(15, 15, a20, _)], sanction=[reduce(a20, 300)], clock=1, time=2015-04-17 15:52:31.486]
Position [subject=a10, id=null, cell=Cell [x=3, y=4], time=2015-04-17 15:52:34.262, clock=1]
Time [clock=7, time=null]
Position [subject=a10, id=null, cell=Cell [x=5, y=5], time=2015-04-17 15:52:36.057, clock=1]
Time [clock=9, time=null]
Time [clock=6, time=null]
Position [subject=a10, id=null, cell=Cell [x=6, y=6], time=2015-04-17 15:52:37.246, clock=1]
Time [clock=10, time=null]
Time [clock=8, time=null]
Time [clock=2, time=null]
Time [clock=12, time=null]
Time [clock=3, time=null]
-------------------------last log tuples end----------------------------------
[CTAH] started agent 10
[CTAH] Added a new agent to the game by the name of 10.
[ENV] added agent a10
object notification: Time [clock=1, time=null]
org notification: Time [clock=1, time=null]
org notified sent time(1).
Event sent to object      a10 clock(1)
Organization notifies object (write): Prohibition [subject=a10, prohibition=[at(15, 15, a10, _)], sanction=[reduce(a10, 300)], clock=1, time=2015-04-17 15:56:25.299]
Organization notifies object (write): Prohibition [subject=a10, prohibition=[at(15, 16, a10, _)], sanction=[reduce(a10, 300)], clock=1, time=2015-04-17 15:56:25.303]
Organization notifies object (write): Prohibition [subject=a10, prohibition=[at(16, 15, a10, _)], sanction=[reduce(a10, 300)], clock=1, time=2015-04-17 15:56:25.305]
object notification: Prohibition [subject=a10, prohibition=[at(15, 15, a10, _)], sanction=[reduce(a10, 300)], clock=1, time=2015-04-17 15:56:25.299]
Event sent to object      a10 prohibition([at(15, 15, a10, _)], [reduce(a10, 300)])
object notification: Prohibition [subject=a10, prohibition=[at(15, 16, a10, _)], sanction=[reduce(a10, 300)], clock=1, time=2015-04-17 15:56:25.303]
Event sent to object      a10 prohibition([at(15, 16, a10, _)], [reduce(a10, 300)])
object notification: Prohibition [subject=a10, prohibition=[at(16, 15, a10, _)], sanction=[reduce(a10, 300)], clock=1, time=2015-04-17 15:56:25.305]
Organization notifies object (write): Prohibition [subject=a10, prohibition=[at(16, 16, a10, _)], sanction=[reduce(a10, 300)], clock=1, time=2015-04-17 15:56:25.308]
Event sent to object      a10 prohibition([at(16, 15, a10, _)], [reduce(a10, 300)])
object notification: Prohibition [subject=a10, prohibition=[at(16, 16, a10, _)], sanction=[reduce(a10, 300)], clock=1, time=2015-04-17 15:56:25.308]
Organization notifies object (write): Prohibition [subject=a20, prohibition=[at(15, 15, a20, _)], sanction=[reduce(a20, 300)], clock=1, time=2015-04-17 15:56:25.334]
Event sent to object      a10 prohibition([at(16, 16, a10, _)], [reduce(a10, 300)])
Organization notifies object (write): Prohibition [subject=a20, prohibition=[at(15, 16, a20, _)], sanction=[reduce(a20, 300)], clock=1, time=2015-04-17 15:56:25.337]
Organization notifies object (write): Prohibition [subject=a20, prohibition=[at(16, 15, a20, _)], sanction=[reduce(a20, 300)], clock=1, time=2015-04-17 15:56:25.339]
Organization notifies object (write): Prohibition [subject=a20, prohibition=[at(16, 16, a20, _)], sanction=[reduce(a20, 300)], clock=1, time=2015-04-17 15:56:25.341]
Organization notifies object (write): Prohibition [subject=ra1, prohibition=[at(15, 15, ra1, _)], sanction=[reduce(ra1, 300)], clock=1, time=2015-04-17 15:56:25.342]
Organization notifies object (write): Prohibition [subject=ra1, prohibition=[at(15, 16, ra1, _)], sanction=[reduce(ra1, 300)], clock=1, time=2015-04-17 15:56:25.345]
Organization notifies object (write): Prohibition [subject=ra1, prohibition=[at(16, 15, ra1, _)], sanction=[reduce(ra1, 300)], clock=1, time=2015-04-17 15:56:25.348]
Organization notifies object (write): Prohibition [subject=ra1, prohibition=[at(16, 16, ra1, _)], sanction=[reduce(ra1, 300)], clock=1, time=2015-04-17 15:56:25.35]
object notification: Time [clock=2, time=null]
org notification: Time [clock=2, time=null]
org notified sent time(2).
Event sent to object      a10 clock(2)
org notification: Time [clock=3, time=null]
object notification: Time [clock=3, time=null]
org notified sent time(3).
Event sent to object      a10 clock(3)
object notification: Time [clock=4, time=null]
Event sent to object      a10 clock(4)
org notification: Time [clock=4, time=null]
org notified sent time(4).
#########################Game started
setPhases in ClientGameStatus, the current phase is 
setPhases in ClientGameStatus, the current phase is Communication Phase
org notification: Tile [id=null, cell=Cell [x=0, y=0], subject=green, time=2015-04-17 15:56:58.142, clock=0]
org notified sent tile(cell(0,0),green,0).
org notification: Tile [id=null, cell=Cell [x=0, y=1], subject=green, time=2015-04-17 15:56:58.173, clock=0]
org notified sent tile(cell(0,1),green,0).
org notification: Tile [id=null, cell=Cell [x=0, y=2], subject=red, time=2015-04-17 15:56:58.175, clock=0]
org notified sent tile(cell(0,2),red,0).
org notification: Tile [id=null, cell=Cell [x=0, y=3], subject=orange, time=2015-04-17 15:56:58.178, clock=0]
org notified sent tile(cell(0,3),orange,0).
org notification: Tile [id=null, cell=Cell [x=1, y=0], subject=green, time=2015-04-17 15:56:58.18, clock=0]
org notified sent tile(cell(1,0),green,0).
org notification: Tile [id=null, cell=Cell [x=1, y=1], subject=orange, time=2015-04-17 15:56:58.185, clock=0]
org notified sent tile(cell(1,1),orange,0).
org notification: Tile [id=null, cell=Cell [x=1, y=2], subject=red, time=2015-04-17 15:56:58.189, clock=0]
org notified sent tile(cell(1,2),red,0).
org notification: Tile [id=null, cell=Cell [x=1, y=3], subject=red, time=2015-04-17 15:56:58.192, clock=0]
org notified sent tile(cell(1,3),red,0).
org notification: Tile [id=null, cell=Cell [x=2, y=0], subject=red, time=2015-04-17 15:56:58.194, clock=0]
org notified sent tile(cell(2,0),red,0).
org notification: Tile [id=null, cell=Cell [x=2, y=1], subject=red, time=2015-04-17 15:56:58.197, clock=0]
org notified sent tile(cell(2,1),red,0).
org notification: Tile [id=null, cell=Cell [x=2, y=2], subject=green, time=2015-04-17 15:56:58.199, clock=0]
org notified sent tile(cell(2,2),green,0).
org notification: Tile [id=null, cell=Cell [x=2, y=3], subject=purple, time=2015-04-17 15:56:58.202, clock=0]
org notified sent tile(cell(2,3),purple,0).
org notification: Tile [id=null, cell=Cell [x=3, y=0], subject=red, time=2015-04-17 15:56:58.205, clock=0]
org notified sent tile(cell(3,0),red,0).
org notification: Tile [id=null, cell=Cell [x=3, y=1], subject=orange, time=2015-04-17 15:56:58.208, clock=0]
org notified sent tile(cell(3,1),orange,0).
org notification: Tile [id=null, cell=Cell [x=3, y=2], subject=purple, time=2015-04-17 15:56:58.21, clock=0]
org notified sent tile(cell(3,2),purple,0).
org notification: Tile [id=null, cell=Cell [x=3, y=3], subject=purple, time=2015-04-17 15:56:58.213, clock=0]
org notified sent tile(cell(3,3),purple,0).
org notification: Goal [id=null, cell=Cell [x=3, y=0], time=2015-04-17 15:56:58.229, clock=0]
org notified sent goal(cell(3,0),0).
Organization notifies object (write): Obligation [subject=ra1, obligation=[surround(3, 0)], sanction=[reduce(g, 1000)], deadline=14, time=2015-04-17 15:56:58.258, clock=4]
Organization notifies object (write): Obligation [subject=a10, obligation=[west(3, 0, a10)], sanction=[reduce(a10, 1000)], deadline=14, time=2015-04-17 15:56:58.274, clock=4]
Organization notifies object (write): Obligation [subject=a20, obligation=[east(3, 0, a20)], sanction=[reduce(a20, 1000)], deadline=14, time=2015-04-17 15:56:58.279, clock=4]
object notification: Obligation [subject=a10, obligation=[west(3, 0, a10)], sanction=[reduce(a10, 1000)], deadline=14, time=2015-04-17 15:56:58.274, clock=4]
Event sent to object      a10 obligation([west(3, 0, a10)], 14, [reduce(a10, 1000)])
#########################Game Initialized
AGENT Thread-10: current phase name: Communication Phase
we have 1 goals
we have GoalWeight: 100  DistWeight: -10  ChipWeight: 5  CommWeight: 0 scoring
Event processed UpdateClock(1)
Event processed adoptProhibition(at(15, 15, a10, _), reduce(a10, 300))
Event processed adoptProhibition(at(15, 16, a10, _), reduce(a10, 300))
Event processed adoptProhibition(at(16, 15, a10, _), reduce(a10, 300))
Event processed adoptProhibition(at(16, 16, a10, _), reduce(a10, 300))
Event processed UpdateClock(2)
Event processed UpdateClock(3)
Event processed UpdateClock(4)
Event processed @ctenv(functionToList(message(game_initialized)),LIST,0); if B(LIST=[actionresult([TYPE,ID])]) then if B(TYPE=proposal) then {ReceivedMessage(TYPE, ID, open); adopta(received(TYPE, ID, closed) : Infinite, priority 1)} else if B(LIST=[actionresult([TYPE,ID,RESPONSE])]) then if B(TYPE=response) then ReceivedMessage(RESPONSE, ID) else if B(LIST=[actionresult([TYPE])]) then ReceivedEvent(TYPE) else if B(LIST=[actionresult([TYPE,AGENT,ID,RESPONSE])]) then if B(TYPE=proposal) then {ReceivedProposal(AGENT, ID, RESPONSE); adopta(receivedP(AGENT, ID, RESPONSE) : Infinite, priority 1)}
Event processed adoptObligation(west(3, 0, a10), 14, reduce(a10, 1000))
[CTAH] Array of Terms: [Lapapl.data.Term;@2e7aacc1
[CTAH] The created APLList : [game_initialized]
org notification: Time [clock=5, time=null]
org notified sent time(5).
object notification: Time [clock=5, time=null]
Event sent to object      a10 clock(5)
Event processed UpdateClock(5)
write a10
Agent writes: Position [subject=a10, id=null, cell=Cell [x=2, y=3], time=2015-04-17 15:57:07.036, clock=5]
org notification: Position [subject=a10, id=null, cell=Cell [x=2, y=3], time=2015-04-17 15:57:07.036, clock=5]
org notified sent position(a10,cell(2,3),5).
Received a class edu.harvard.eecs.airg.coloredtrails.shared.discourse.BasicProposalDiscourseMessage
[MSG] Message is of type: basicproposal
[MSG] Message is for: 0
[MSG] i'm: 0
org notification: Proposal [id=5141, agent=a20, agent2=a10, clock=5, time=2015-04-17 15:57:07.779]
org notified sent proposal(5141,a20,a10,5).
write a10
Agent writes: Position [subject=a10, id=null, cell=Cell [x=2, y=2], time=2015-04-17 15:57:07.837, clock=5]
org notification: Position [subject=a10, id=null, cell=Cell [x=2, y=2], time=2015-04-17 15:57:07.837, clock=5]
org notified sent position(a10,cell(2,2),5).
Received a proposal creating event
Event processed @ctenv(functionToList(proposal(1, 5141, accept)),LIST,0); if B(LIST=[actionresult([TYPE,ID])]) then if B(TYPE=proposal) then {ReceivedMessage(TYPE, ID, open); adopta(received(TYPE, ID, closed) : Infinite, priority 1)} else if B(LIST=[actionresult([TYPE,ID,RESPONSE])]) then if B(TYPE=response) then ReceivedMessage(RESPONSE, ID) else if B(LIST=[actionresult([TYPE])]) then ReceivedEvent(TYPE) else if B(LIST=[actionresult([TYPE,AGENT,ID,RESPONSE])]) then if B(TYPE=proposal) then {ReceivedProposal(AGENT, ID, RESPONSE); adopta(receivedP(AGENT, ID, RESPONSE) : Infinite, priority 1)}
[CTAH] Agentposition: [3,3]
[CTAH] Array of Terms: [Lapapl.data.Term;@29792d2c
[CTAH] The created APLList : [1,5141,accept]
write a10
Agent writes: Position [subject=a10, id=null, cell=Cell [x=2, y=1], time=2015-04-17 15:57:08.742, clock=5]
org notification: Position [subject=a10, id=null, cell=Cell [x=2, y=1], time=2015-04-17 15:57:08.742, clock=5]
org notified sent position(a10,cell(2,1),5).
[CTAH] Agentposition: [0,0]
write a10
Agent writes: Position [subject=a10, id=null, cell=Cell [x=2, y=0], time=2015-04-17 15:57:09.391, clock=5]
org notification: Position [subject=a10, id=null, cell=Cell [x=2, y=0], time=2015-04-17 15:57:09.391, clock=5]
org notified sent position(a10,cell(2,0),5).
object notification: Time [clock=6, time=null]
Event sent to object      a10 clock(6)
org notification: Time [clock=6, time=null]
org notified sent time(6).
org notification: Time [clock=7, time=null]
org notified sent time(7).
object notification: Time [clock=7, time=null]
Event sent to object      a10 clock(7)
setPhases in ClientGameStatus, the current phase is Movement Phase
setPhases in ClientGameStatus, the current phase is Communication Phase
org notification: Tile [id=null, cell=Cell [x=0, y=0], subject=orange, time=2015-04-17 15:57:29.139, clock=7]
org notified sent tile(cell(0,0),orange,7).
org notification: Tile [id=null, cell=Cell [x=0, y=1], subject=green, time=2015-04-17 15:57:29.141, clock=7]
org notified sent tile(cell(0,1),green,7).
org notification: Tile [id=null, cell=Cell [x=0, y=2], subject=purple, time=2015-04-17 15:57:29.143, clock=7]
org notified sent tile(cell(0,2),purple,7).
org notification: Tile [id=null, cell=Cell [x=0, y=3], subject=red, time=2015-04-17 15:57:29.145, clock=7]
org notified sent tile(cell(0,3),red,7).
org notification: Tile [id=null, cell=Cell [x=1, y=0], subject=green, time=2015-04-17 15:57:29.147, clock=7]
org notified sent tile(cell(1,0),green,7).
org notification: Tile [id=null, cell=Cell [x=1, y=1], subject=green, time=2015-04-17 15:57:29.149, clock=7]
org notified sent tile(cell(1,1),green,7).
org notification: Tile [id=null, cell=Cell [x=1, y=2], subject=orange, time=2015-04-17 15:57:29.151, clock=7]
org notified sent tile(cell(1,2),orange,7).
org notification: Tile [id=null, cell=Cell [x=1, y=3], subject=red, time=2015-04-17 15:57:29.153, clock=7]
org notified sent tile(cell(1,3),red,7).
org notification: Tile [id=null, cell=Cell [x=2, y=0], subject=purple, time=2015-04-17 15:57:29.155, clock=7]
org notified sent tile(cell(2,0),purple,7).
org notification: Tile [id=null, cell=Cell [x=2, y=1], subject=red, time=2015-04-17 15:57:29.157, clock=7]
org notified sent tile(cell(2,1),red,7).
org notification: Tile [id=null, cell=Cell [x=2, y=2], subject=green, time=2015-04-17 15:57:29.159, clock=7]
org notified sent tile(cell(2,2),green,7).
org notification: Tile [id=null, cell=Cell [x=2, y=3], subject=purple, time=2015-04-17 15:57:29.161, clock=7]
org notified sent tile(cell(2,3),purple,7).
org notification: Tile [id=null, cell=Cell [x=3, y=0], subject=red, time=2015-04-17 15:57:29.162, clock=7]
org notified sent tile(cell(3,0),red,7).
org notification: Tile [id=null, cell=Cell [x=3, y=1], subject=orange, time=2015-04-17 15:57:29.164, clock=7]
org notified sent tile(cell(3,1),orange,7).
org notification: Tile [id=null, cell=Cell [x=3, y=2], subject=purple, time=2015-04-17 15:57:29.166, clock=7]
org notified sent tile(cell(3,2),purple,7).
org notification: Tile [id=null, cell=Cell [x=3, y=3], subject=green, time=2015-04-17 15:57:29.168, clock=7]
org notified sent tile(cell(3,3),green,7).
org notification: Goal [id=null, cell=Cell [x=3, y=0], time=2015-04-17 15:57:29.176, clock=7]
org notified sent goal(cell(3,0),7).
Organization notifies object (write): Obligation [subject=ra1, obligation=[surround(3, 0)], sanction=[reduce(g, 1000)], deadline=17, time=2015-04-17 15:57:29.198, clock=7]
Organization notifies object (write): Obligation [subject=a10, obligation=[west(3, 0, a10)], sanction=[reduce(a10, 1000)], deadline=17, time=2015-04-17 15:57:29.201, clock=7]
Organization notifies object (write): Obligation [subject=a20, obligation=[east(3, 0, a20)], sanction=[reduce(a20, 1000)], deadline=17, time=2015-04-17 15:57:29.203, clock=7]
object notification: Obligation [subject=a10, obligation=[west(3, 0, a10)], sanction=[reduce(a10, 1000)], deadline=17, time=2015-04-17 15:57:29.201, clock=7]
Event sent to object      a10 obligation([west(3, 0, a10)], 17, [reduce(a10, 1000)])
Received a class edu.harvard.eecs.airg.coloredtrails.shared.discourse.BasicProposalDiscourseMessage
[MSG] Message is of type: basicproposal
[MSG] Message is for: 0
[MSG] i'm: 0
org notification: Proposal [id=8101, agent=a20, agent2=a10, clock=7, time=2015-04-17 15:57:34.397]
org notified sent proposal(8101,a20,a10,7).
Received a proposal creating event
org notification: Time [clock=8, time=null]
object notification: Time [clock=8, time=null]
org notified sent time(8).
Event sent to object      a10 clock(8)
org notification: Time [clock=9, time=null]
org notified sent time(9).
object notification: Time [clock=9, time=null]
Event sent to object      a10 clock(9)
org notification: Time [clock=10, time=null]
org notified sent time(10).
object notification: Time [clock=10, time=null]
Event sent to object      a10 clock(10)
setPhases in ClientGameStatus, the current phase is Movement Phase
setPhases in ClientGameStatus, the current phase is Communication Phase
org notification: Tile [id=null, cell=Cell [x=0, y=0], subject=purple, time=2015-04-17 15:58:00.161, clock=10]
org notified sent tile(cell(0,0),purple,10).
org notification: Tile [id=null, cell=Cell [x=0, y=1], subject=green, time=2015-04-17 15:58:00.164, clock=10]
org notified sent tile(cell(0,1),green,10).
org notification: Tile [id=null, cell=Cell [x=0, y=2], subject=red, time=2015-04-17 15:58:00.166, clock=10]
org notified sent tile(cell(0,2),red,10).
org notification: Tile [id=null, cell=Cell [x=0, y=3], subject=orange, time=2015-04-17 15:58:00.168, clock=10]
org notified sent tile(cell(0,3),orange,10).
org notification: Tile [id=null, cell=Cell [x=1, y=0], subject=purple, time=2015-04-17 15:58:00.171, clock=10]
org notified sent tile(cell(1,0),purple,10).
org notification: Tile [id=null, cell=Cell [x=1, y=1], subject=green, time=2015-04-17 15:58:00.173, clock=10]
org notified sent tile(cell(1,1),green,10).
org notification: Tile [id=null, cell=Cell [x=1, y=2], subject=purple, time=2015-04-17 15:58:00.176, clock=10]
org notified sent tile(cell(1,2),purple,10).
org notification: Tile [id=null, cell=Cell [x=1, y=3], subject=red, time=2015-04-17 15:58:00.178, clock=10]
org notified sent tile(cell(1,3),red,10).
org notification: Tile [id=null, cell=Cell [x=2, y=0], subject=red, time=2015-04-17 15:58:00.184, clock=10]
org notified sent tile(cell(2,0),red,10).
org notification: Tile [id=null, cell=Cell [x=2, y=1], subject=green, time=2015-04-17 15:58:00.188, clock=10]
org notified sent tile(cell(2,1),green,10).
org notification: Tile [id=null, cell=Cell [x=2, y=2], subject=orange, time=2015-04-17 15:58:00.19, clock=10]
org notified sent tile(cell(2,2),orange,10).
org notification: Tile [id=null, cell=Cell [x=2, y=3], subject=purple, time=2015-04-17 15:58:00.192, clock=10]
org notified sent tile(cell(2,3),purple,10).
org notification: Tile [id=null, cell=Cell [x=3, y=0], subject=green, time=2015-04-17 15:58:00.194, clock=10]
org notified sent tile(cell(3,0),green,10).
org notification: Tile [id=null, cell=Cell [x=3, y=1], subject=red, time=2015-04-17 15:58:00.197, clock=10]
org notified sent tile(cell(3,1),red,10).
org notification: Tile [id=null, cell=Cell [x=3, y=2], subject=green, time=2015-04-17 15:58:00.199, clock=10]
org notified sent tile(cell(3,2),green,10).
org notification: Tile [id=null, cell=Cell [x=3, y=3], subject=purple, time=2015-04-17 15:58:00.202, clock=10]
org notified sent tile(cell(3,3),purple,10).
org notification: Goal [id=null, cell=Cell [x=3, y=0], time=2015-04-17 15:58:00.215, clock=10]
org notified sent goal(cell(3,0),10).
Organization notifies object (write): Obligation [subject=ra1, obligation=[surround(3, 0)], sanction=[reduce(g, 1000)], deadline=20, time=2015-04-17 15:58:00.221, clock=10]
Organization notifies object (write): Obligation [subject=a10, obligation=[west(3, 0, a10)], sanction=[reduce(a10, 1000)], deadline=20, time=2015-04-17 15:58:00.223, clock=10]
Organization notifies object (write): Obligation [subject=a20, obligation=[east(3, 0, a20)], sanction=[reduce(a20, 1000)], deadline=20, time=2015-04-17 15:58:00.225, clock=10]
object notification: Obligation [subject=a10, obligation=[west(3, 0, a10)], sanction=[reduce(a10, 1000)], deadline=20, time=2015-04-17 15:58:00.223, clock=10]
Event sent to object      a10 obligation([west(3, 0, a10)], 20, [reduce(a10, 1000)])
org notification: Time [clock=11, time=null]
org notified sent time(11).
object notification: Time [clock=11, time=null]
Event sent to object      a10 clock(11)
object notification: Time [clock=12, time=null]
org notification: Time [clock=12, time=null]
org notified sent time(12).
Event sent to object      a10 clock(12)
object notification: Time [clock=13, time=null]
org notification: Time [clock=13, time=null]
org notified sent time(13).
Event sent to object      a10 clock(13)
setPhases in ClientGameStatus, the current phase is Movement Phase
setPhases in ClientGameStatus, the current phase is Feedback Phase
(((((((((((((((((Game ended)))))))))))
Game ended 
My PlayerStatus is: Game Player...
PerGameId: 0.
PIN: 10.
Pos: (R:3,C:2).
Chips: { chips  'orange':1 'red':0 'purple':1 'green':0 }.
Score: -10.
Team: -1.

org notification: Time [clock=14, time=null]
object notification: Time [clock=14, time=null]
org notified sent time(14).
Event sent to object      a10 clock(14)
