2015-04-17 16:23:32,877 CONFIG [com.gigaspaces.logger] - Log file: /Users/dxd/git/ct3/logs/2015-04-17~16.23-gigaspaces-service-192.168.0.40-31865.log
-------------------------last log tuples start--------------------------------
Time [clock=3, time=null]
Obligation [subject=a20, obligation=[east(3, 0, a20)], sanction=[reduce(a20, 1000)], deadline=16, time=2015-04-17 16:21:13.151, clock=6]
Tile [id=null, cell=Cell [x=2, y=0], subject=red, time=2015-04-17 16:21:13.273, clock=6]
Position [subject=a10, id=null, cell=Cell [x=3, y=5], time=2015-04-17 16:20:15.816, clock=0]
Position [subject=a10, id=null, cell=Cell [x=3, y=4], time=2015-04-17 16:20:14.751, clock=0]
Position [subject=a10, id=null, cell=Cell [x=4, y=5], time=2015-04-17 16:20:16.484, clock=0]
Goal [id=null, cell=Cell [x=3, y=0], time=2015-04-17 16:21:13.115, clock=6]
Goal [id=null, cell=Cell [x=3, y=0], time=2015-04-17 16:20:42.208, clock=0]
Proposal [id=95, agent=a20, agent2=a10, clock=6, time=2015-04-17 16:21:09.752]
Time [clock=14, time=null]
Tile [id=null, cell=Cell [x=0, y=1], subject=green, time=2015-04-17 16:21:13.259, clock=6]
Prohibition [subject=a20, prohibition=[at(16, 15, a20, _)], sanction=[reduce(a20, 300)], clock=0, time=2015-04-17 16:20:11.75]
Proposal [id=7625, agent=a20, agent2=a10, clock=0, time=2015-04-17 16:20:17.643]
Prohibition [subject=ra1, prohibition=[at(16, 15, ra1, _)], sanction=[reduce(ra1, 300)], clock=0, time=2015-04-17 16:20:11.772]
Goal [id=null, cell=Cell [x=3, y=0], time=2015-04-17 16:20:11.713, clock=0]
Prohibition [subject=a20, prohibition=[at(16, 16, a20, _)], sanction=[reduce(a20, 300)], clock=0, time=2015-04-17 16:20:11.757]
Prohibition [subject=a10, prohibition=[at(15, 15, a10, _)], sanction=[reduce(a10, 300)], clock=0, time=2015-04-17 16:20:11.693]
Time [clock=12, time=null]
Prohibition [subject=a10, prohibition=[at(15, 16, a10, _)], sanction=[reduce(a10, 300)], clock=0, time=2015-04-17 16:20:11.701]
Prohibition [subject=a10, prohibition=[at(16, 15, a10, _)], sanction=[reduce(a10, 300)], clock=0, time=2015-04-17 16:20:11.704]
Goal [id=null, cell=Cell [x=3, y=0], time=2015-04-17 16:20:42.086, clock=0]
Goal [id=null, cell=Cell [x=3, y=0], time=2015-04-17 16:20:11.408, clock=0]
Time [clock=11, time=null]
Time [clock=16, time=null]
Goal [id=null, cell=Cell [x=3, y=0], time=2015-04-17 16:20:42.332, clock=0]
Time [clock=18, time=null]
Time [clock=8, time=null]
Goal [id=null, cell=Cell [x=3, y=0], time=2015-04-17 16:21:13.2, clock=6]
Tile [id=null, cell=Cell [x=1, y=0], subject=purple, time=2015-04-17 16:21:13.169, clock=6]
Prohibition [subject=a20, prohibition=[at(15, 15, a20, _)], sanction=[reduce(a20, 300)], clock=0, time=2015-04-17 16:20:11.722]
Goal [id=null, cell=Cell [x=3, y=0], time=2015-04-17 16:20:11.361, clock=0]
Prohibition [subject=ra1, prohibition=[at(15, 15, ra1, _)], sanction=[reduce(ra1, 300)], clock=0, time=2015-04-17 16:20:11.764]
Prohibition [subject=ra1, prohibition=[at(16, 16, ra1, _)], sanction=[reduce(ra1, 300)], clock=0, time=2015-04-17 16:20:11.82]
Prohibition [subject=a10, prohibition=[at(16, 16, a10, _)], sanction=[reduce(a10, 300)], clock=0, time=2015-04-17 16:20:11.709]
Time [clock=6, time=null]
Goal [id=null, cell=Cell [x=3, y=0], time=2015-04-17 16:21:13.295, clock=6]
Prohibition [subject=a20, prohibition=[at(15, 16, a20, _)], sanction=[reduce(a20, 300)], clock=0, time=2015-04-17 16:20:11.74]
Obligation [subject=ra1, obligation=[surround(3, 0)], sanction=[reduce(g, 1000)], deadline=10, time=2015-04-17 16:20:11.549, clock=0]
Time [clock=15, time=null]
Time [clock=9, time=null]
Prohibition [subject=ra1, prohibition=[at(15, 16, ra1, _)], sanction=[reduce(ra1, 300)], clock=0, time=2015-04-17 16:20:11.768]
Time [clock=17, time=null]
Obligation [subject=a10, obligation=[west(3, 0, a10)], sanction=[reduce(a10, 1000)], deadline=10, time=2015-04-17 16:20:11.683, clock=0]
Obligation [subject=ra1, obligation=[surround(3, 0)], sanction=[reduce(g, 1000)], deadline=16, time=2015-04-17 16:21:13.123, clock=6]
Time [clock=10, time=null]
Time [clock=4, time=null]
Obligation [subject=a20, obligation=[east(3, 0, a20)], sanction=[reduce(a20, 1000)], deadline=10, time=2015-04-17 16:20:11.688, clock=0]
Obligation [subject=a10, obligation=[west(3, 0, a10)], sanction=[reduce(a10, 1000)], deadline=16, time=2015-04-17 16:21:13.148, clock=6]
Time [clock=2, time=null]
Time [clock=19, time=null]
Time [clock=7, time=null]
Time [clock=1, time=null]
Time [clock=13, time=null]
Time [clock=5, time=null]
Tile [id=null, cell=Cell [x=1, y=1], subject=green, time=2015-04-17 16:21:13.266, clock=6]
Tile [id=null, cell=Cell [x=1, y=0], subject=purple, time=2015-04-17 16:21:13.264, clock=6]
Tile [id=null, cell=Cell [x=2, y=1], subject=green, time=2015-04-17 16:21:13.095, clock=6]
Tile [id=null, cell=Cell [x=3, y=1], subject=red, time=2015-04-17 16:21:13.283, clock=6]
Tile [id=null, cell=Cell [x=2, y=3], subject=purple, time=2015-04-17 16:21:13.099, clock=6]
Tile [id=null, cell=Cell [x=3, y=0], subject=green, time=2015-04-17 16:21:13.1, clock=6]
Tile [id=null, cell=Cell [x=2, y=1], subject=green, time=2015-04-17 16:21:13.275, clock=6]
Tile [id=null, cell=Cell [x=3, y=2], subject=green, time=2015-04-17 16:21:13.284, clock=6]
Tile [id=null, cell=Cell [x=3, y=0], subject=green, time=2015-04-17 16:21:13.281, clock=6]
Tile [id=null, cell=Cell [x=2, y=2], subject=orange, time=2015-04-17 16:21:13.181, clock=6]
Tile [id=null, cell=Cell [x=2, y=0], subject=red, time=2015-04-17 16:21:13.177, clock=6]
Tile [id=null, cell=Cell [x=3, y=3], subject=purple, time=2015-04-17 16:21:13.192, clock=6]
Tile [id=null, cell=Cell [x=2, y=3], subject=purple, time=2015-04-17 16:21:13.279, clock=6]
Tile [id=null, cell=Cell [x=3, y=3], subject=green, time=2015-04-17 16:20:42.328, clock=0]
Tile [id=null, cell=Cell [x=0, y=3], subject=orange, time=2015-04-17 16:21:13.262, clock=6]
Tile [id=null, cell=Cell [x=3, y=0], subject=green, time=2015-04-17 16:21:13.185, clock=6]
Tile [id=null, cell=Cell [x=1, y=3], subject=red, time=2015-04-17 16:21:13.175, clock=6]
Tile [id=null, cell=Cell [x=0, y=1], subject=green, time=2015-04-17 16:21:13.163, clock=6]
Tile [id=null, cell=Cell [x=3, y=2], subject=green, time=2015-04-17 16:21:13.19, clock=6]
Tile [id=null, cell=Cell [x=0, y=0], subject=purple, time=2015-04-17 16:21:13.161, clock=6]
Tile [id=null, cell=Cell [x=2, y=3], subject=purple, time=2015-04-17 16:21:13.183, clock=6]
Tile [id=null, cell=Cell [x=1, y=2], subject=purple, time=2015-04-17 16:21:13.173, clock=6]
Tile [id=null, cell=Cell [x=3, y=1], subject=red, time=2015-04-17 16:21:13.187, clock=6]
Tile [id=null, cell=Cell [x=2, y=1], subject=green, time=2015-04-17 16:21:13.179, clock=6]
Tile [id=null, cell=Cell [x=0, y=2], subject=red, time=2015-04-17 16:21:13.165, clock=6]
Tile [id=null, cell=Cell [x=0, y=3], subject=orange, time=2015-04-17 16:21:13.167, clock=6]
Tile [id=null, cell=Cell [x=3, y=3], subject=purple, time=2015-04-17 16:21:13.286, clock=6]
Tile [id=null, cell=Cell [x=0, y=2], subject=red, time=2015-04-17 16:21:13.261, clock=6]
Tile [id=null, cell=Cell [x=2, y=2], subject=orange, time=2015-04-17 16:21:13.097, clock=6]
Tile [id=null, cell=Cell [x=3, y=2], subject=purple, time=2015-04-17 16:20:42.077, clock=0]
Tile [id=null, cell=Cell [x=2, y=3], subject=purple, time=2015-04-17 16:20:42.322, clock=0]
Tile [id=null, cell=Cell [x=0, y=1], subject=green, time=2015-04-17 16:21:13.079, clock=6]
Tile [id=null, cell=Cell [x=3, y=0], subject=red, time=2015-04-17 16:20:42.324, clock=0]
Tile [id=null, cell=Cell [x=3, y=1], subject=orange, time=2015-04-17 16:20:42.326, clock=0]
Tile [id=null, cell=Cell [x=3, y=0], subject=red, time=2015-04-17 16:20:42.074, clock=0]
Tile [id=null, cell=Cell [x=3, y=2], subject=green, time=2015-04-17 16:21:13.105, clock=6]
Tile [id=null, cell=Cell [x=0, y=2], subject=purple, time=2015-04-17 16:20:42.173, clock=0]
Tile [id=null, cell=Cell [x=1, y=0], subject=green, time=2015-04-17 16:20:42.307, clock=0]
Tile [id=null, cell=Cell [x=1, y=2], subject=orange, time=2015-04-17 16:20:42.311, clock=0]
Tile [id=null, cell=Cell [x=2, y=1], subject=red, time=2015-04-17 16:20:42.188, clock=0]
Tile [id=null, cell=Cell [x=2, y=0], subject=red, time=2015-04-17 16:21:13.093, clock=6]
Tile [id=null, cell=Cell [x=2, y=1], subject=red, time=2015-04-17 16:20:11.296, clock=0]
Tile [id=null, cell=Cell [x=3, y=1], subject=orange, time=2015-04-17 16:20:42.075, clock=0]
Tile [id=null, cell=Cell [x=1, y=3], subject=red, time=2015-04-17 16:20:42.066, clock=0]
Tile [id=null, cell=Cell [x=0, y=0], subject=purple, time=2015-04-17 16:21:13.077, clock=6]
Tile [id=null, cell=Cell [x=2, y=1], subject=red, time=2015-04-17 16:20:42.317, clock=0]
Tile [id=null, cell=Cell [x=2, y=2], subject=orange, time=2015-04-17 16:21:13.277, clock=6]
Tile [id=null, cell=Cell [x=2, y=3], subject=purple, time=2015-04-17 16:20:42.072, clock=0]
Tile [id=null, cell=Cell [x=3, y=1], subject=red, time=2015-04-17 16:21:13.103, clock=6]
Tile [id=null, cell=Cell [x=1, y=1], subject=green, time=2015-04-17 16:21:13.171, clock=6]
Tile [id=null, cell=Cell [x=0, y=3], subject=red, time=2015-04-17 16:20:42.305, clock=0]
Tile [id=null, cell=Cell [x=1, y=3], subject=red, time=2015-04-17 16:21:13.091, clock=6]
Tile [id=null, cell=Cell [x=1, y=2], subject=purple, time=2015-04-17 16:21:13.268, clock=6]
Tile [id=null, cell=Cell [x=1, y=3], subject=red, time=2015-04-17 16:21:13.271, clock=6]
Tile [id=null, cell=Cell [x=0, y=3], subject=red, time=2015-04-17 16:20:42.059, clock=0]
Tile [id=null, cell=Cell [x=1, y=2], subject=purple, time=2015-04-17 16:21:13.089, clock=6]
Tile [id=null, cell=Cell [x=0, y=0], subject=purple, time=2015-04-17 16:21:13.256, clock=6]
Tile [id=null, cell=Cell [x=3, y=2], subject=purple, time=2015-04-17 16:20:42.327, clock=0]
Tile [id=null, cell=Cell [x=3, y=3], subject=purple, time=2015-04-17 16:21:13.108, clock=6]
Tile [id=null, cell=Cell [x=1, y=1], subject=green, time=2015-04-17 16:20:42.309, clock=0]
Tile [id=null, cell=Cell [x=3, y=3], subject=green, time=2015-04-17 16:20:42.203, clock=0]
Tile [id=null, cell=Cell [x=1, y=3], subject=red, time=2015-04-17 16:20:42.184, clock=0]
Tile [id=null, cell=Cell [x=1, y=1], subject=green, time=2015-04-17 16:20:42.062, clock=0]
Tile [id=null, cell=Cell [x=0, y=0], subject=orange, time=2015-04-17 16:20:42.169, clock=0]
Tile [id=null, cell=Cell [x=2, y=2], subject=green, time=2015-04-17 16:20:11.299, clock=0]
Tile [id=null, cell=Cell [x=2, y=2], subject=green, time=2015-04-17 16:20:42.32, clock=0]
Tile [id=null, cell=Cell [x=3, y=3], subject=purple, time=2015-04-17 16:20:11.698, clock=0]
Tile [id=null, cell=Cell [x=3, y=0], subject=red, time=2015-04-17 16:20:11.688, clock=0]
Tile [id=null, cell=Cell [x=3, y=1], subject=orange, time=2015-04-17 16:20:11.691, clock=0]
Tile [id=null, cell=Cell [x=2, y=0], subject=purple, time=2015-04-17 16:20:42.315, clock=0]
Tile [id=null, cell=Cell [x=2, y=2], subject=green, time=2015-04-17 16:20:11.684, clock=0]
Tile [id=null, cell=Cell [x=2, y=0], subject=red, time=2015-04-17 16:20:11.679, clock=0]
Tile [id=null, cell=Cell [x=2, y=2], subject=green, time=2015-04-17 16:20:11.299, clock=0]
Tile [id=null, cell=Cell [x=2, y=3], subject=purple, time=2015-04-17 16:20:11.301, clock=0]
Tile [id=null, cell=Cell [x=3, y=2], subject=purple, time=2015-04-17 16:20:42.2, clock=0]
Tile [id=null, cell=Cell [x=0, y=1], subject=green, time=2015-04-17 16:20:42.056, clock=0]
Tile [id=null, cell=Cell [x=0, y=0], subject=green, time=2015-04-17 16:20:11.645, clock=0]
Tile [id=null, cell=Cell [x=3, y=0], subject=red, time=2015-04-17 16:20:42.195, clock=0]
Tile [id=null, cell=Cell [x=1, y=0], subject=green, time=2015-04-17 16:20:42.06, clock=0]
Tile [id=null, cell=Cell [x=1, y=0], subject=purple, time=2015-04-17 16:21:13.085, clock=6]
Tile [id=null, cell=Cell [x=1, y=1], subject=green, time=2015-04-17 16:21:13.087, clock=6]
Tile [id=null, cell=Cell [x=0, y=2], subject=red, time=2015-04-17 16:21:13.081, clock=6]
Tile [id=null, cell=Cell [x=0, y=3], subject=orange, time=2015-04-17 16:21:13.083, clock=6]
Tile [id=null, cell=Cell [x=0, y=1], subject=green, time=2015-04-17 16:20:42.299, clock=0]
Tile [id=null, cell=Cell [x=0, y=2], subject=purple, time=2015-04-17 16:20:42.303, clock=0]
Tile [id=null, cell=Cell [x=1, y=1], subject=green, time=2015-04-17 16:20:42.179, clock=0]
Tile [id=null, cell=Cell [x=2, y=2], subject=green, time=2015-04-17 16:20:42.19, clock=0]
Tile [id=null, cell=Cell [x=3, y=3], subject=purple, time=2015-04-17 16:20:11.336, clock=0]
Tile [id=null, cell=Cell [x=0, y=1], subject=green, time=2015-04-17 16:20:11.266, clock=0]
Tile [id=null, cell=Cell [x=1, y=3], subject=red, time=2015-04-17 16:20:42.313, clock=0]
Tile [id=null, cell=Cell [x=0, y=3], subject=red, time=2015-04-17 16:20:42.175, clock=0]
Tile [id=null, cell=Cell [x=2, y=3], subject=purple, time=2015-04-17 16:20:11.686, clock=0]
Tile [id=null, cell=Cell [x=3, y=1], subject=orange, time=2015-04-17 16:20:42.197, clock=0]
Tile [id=null, cell=Cell [x=0, y=2], subject=red, time=2015-04-17 16:20:11.651, clock=0]
Tile [id=null, cell=Cell [x=2, y=1], subject=red, time=2015-04-17 16:20:42.069, clock=0]
Tile [id=null, cell=Cell [x=3, y=3], subject=purple, time=2015-04-17 16:20:11.379, clock=0]
Tile [id=null, cell=Cell [x=1, y=1], subject=orange, time=2015-04-17 16:20:11.286, clock=0]
Tile [id=null, cell=Cell [x=1, y=1], subject=orange, time=2015-04-17 16:20:11.285, clock=0]
Tile [id=null, cell=Cell [x=1, y=0], subject=green, time=2015-04-17 16:20:42.177, clock=0]
Tile [id=null, cell=Cell [x=1, y=2], subject=red, time=2015-04-17 16:20:11.289, clock=0]
Tile [id=null, cell=Cell [x=2, y=0], subject=purple, time=2015-04-17 16:20:42.067, clock=0]
Tile [id=null, cell=Cell [x=0, y=2], subject=purple, time=2015-04-17 16:20:42.058, clock=0]
Tile [id=null, cell=Cell [x=1, y=2], subject=orange, time=2015-04-17 16:20:42.182, clock=0]
Tile [id=null, cell=Cell [x=3, y=2], subject=purple, time=2015-04-17 16:20:11.333, clock=0]
Tile [id=null, cell=Cell [x=2, y=3], subject=purple, time=2015-04-17 16:20:42.193, clock=0]
Tile [id=null, cell=Cell [x=2, y=0], subject=purple, time=2015-04-17 16:20:42.186, clock=0]
Tile [id=null, cell=Cell [x=2, y=1], subject=red, time=2015-04-17 16:20:11.682, clock=0]
Tile [id=null, cell=Cell [x=3, y=3], subject=green, time=2015-04-17 16:20:42.079, clock=0]
Tile [id=null, cell=Cell [x=3, y=2], subject=purple, time=2015-04-17 16:20:11.376, clock=0]
Tile [id=null, cell=Cell [x=0, y=0], subject=green, time=2015-04-17 16:20:11.222, clock=0]
Tile [id=null, cell=Cell [x=3, y=0], subject=red, time=2015-04-17 16:20:11.305, clock=0]
Tile [id=null, cell=Cell [x=3, y=2], subject=purple, time=2015-04-17 16:20:11.693, clock=0]
Tile [id=null, cell=Cell [x=0, y=0], subject=orange, time=2015-04-17 16:20:42.295, clock=0]
Tile [id=null, cell=Cell [x=0, y=3], subject=orange, time=2015-04-17 16:20:11.274, clock=0]
Tile [id=null, cell=Cell [x=0, y=1], subject=green, time=2015-04-17 16:20:42.171, clock=0]
Tile [id=null, cell=Cell [x=2, y=0], subject=red, time=2015-04-17 16:20:11.294, clock=0]
Tile [id=null, cell=Cell [x=1, y=0], subject=green, time=2015-04-17 16:20:11.665, clock=0]
Tile [id=null, cell=Cell [x=2, y=0], subject=red, time=2015-04-17 16:20:11.293, clock=0]
Tile [id=null, cell=Cell [x=1, y=2], subject=red, time=2015-04-17 16:20:11.673, clock=0]
Tile [id=null, cell=Cell [x=2, y=3], subject=purple, time=2015-04-17 16:20:11.301, clock=0]
Tile [id=null, cell=Cell [x=1, y=0], subject=green, time=2015-04-17 16:20:11.283, clock=0]
Tile [id=null, cell=Cell [x=1, y=3], subject=red, time=2015-04-17 16:20:11.676, clock=0]
Tile [id=null, cell=Cell [x=0, y=0], subject=orange, time=2015-04-17 16:20:42.055, clock=0]
Tile [id=null, cell=Cell [x=3, y=1], subject=orange, time=2015-04-17 16:20:11.309, clock=0]
Tile [id=null, cell=Cell [x=0, y=3], subject=orange, time=2015-04-17 16:20:11.273, clock=0]
Tile [id=null, cell=Cell [x=0, y=2], subject=red, time=2015-04-17 16:20:11.27, clock=0]
Tile [id=null, cell=Cell [x=0, y=0], subject=green, time=2015-04-17 16:20:11.222, clock=0]
Tile [id=null, cell=Cell [x=0, y=1], subject=green, time=2015-04-17 16:20:11.267, clock=0]
Tile [id=null, cell=Cell [x=3, y=0], subject=red, time=2015-04-17 16:20:11.307, clock=0]
Tile [id=null, cell=Cell [x=0, y=2], subject=red, time=2015-04-17 16:20:11.269, clock=0]
Tile [id=null, cell=Cell [x=1, y=3], subject=red, time=2015-04-17 16:20:11.291, clock=0]
Tile [id=null, cell=Cell [x=1, y=0], subject=green, time=2015-04-17 16:20:11.277, clock=0]
Tile [id=null, cell=Cell [x=1, y=2], subject=orange, time=2015-04-17 16:20:42.064, clock=0]
Tile [id=null, cell=Cell [x=0, y=1], subject=green, time=2015-04-17 16:20:11.648, clock=0]
Tile [id=null, cell=Cell [x=3, y=1], subject=orange, time=2015-04-17 16:20:11.309, clock=0]
Tile [id=null, cell=Cell [x=2, y=2], subject=green, time=2015-04-17 16:20:42.07, clock=0]
Tile [id=null, cell=Cell [x=1, y=3], subject=red, time=2015-04-17 16:20:11.291, clock=0]
Tile [id=null, cell=Cell [x=1, y=2], subject=red, time=2015-04-17 16:20:11.288, clock=0]
Tile [id=null, cell=Cell [x=1, y=1], subject=orange, time=2015-04-17 16:20:11.67, clock=0]
Tile [id=null, cell=Cell [x=0, y=3], subject=orange, time=2015-04-17 16:20:11.662, clock=0]
Tile [id=null, cell=Cell [x=2, y=1], subject=red, time=2015-04-17 16:20:11.296, clock=0]
-------------------------last log tuples end----------------------------------
[CTAH] started agent 10
[CTAH] Added a new agent to the game by the name of 10.
[ENV] added agent a10
write a10
Agent writes: Position [subject=a10, id=null, cell=Cell [x=3, y=4], time=2015-04-17 16:23:38.88, clock=0]
org notification: Position [subject=a10, id=null, cell=Cell [x=3, y=4], time=2015-04-17 16:23:38.88, clock=0]
org notified sent position(a10,cell(3,4),0).
Organization notifies object (write): Prohibition [subject=a10, prohibition=[at(15, 15, a10, _)], sanction=[reduce(a10, 300)], clock=0, time=2015-04-17 16:23:38.897]
Organization notifies object (write): Prohibition [subject=a10, prohibition=[at(15, 16, a10, _)], sanction=[reduce(a10, 300)], clock=0, time=2015-04-17 16:23:38.9]
Organization notifies object (write): Prohibition [subject=a10, prohibition=[at(16, 15, a10, _)], sanction=[reduce(a10, 300)], clock=0, time=2015-04-17 16:23:38.903]
object notification: Prohibition [subject=a10, prohibition=[at(15, 15, a10, _)], sanction=[reduce(a10, 300)], clock=0, time=2015-04-17 16:23:38.897]
Organization notifies object (write): Prohibition [subject=a10, prohibition=[at(16, 16, a10, _)], sanction=[reduce(a10, 300)], clock=0, time=2015-04-17 16:23:38.906]
Event sent to object      a10 prohibition([at(15, 15, a10, _)], [reduce(a10, 300)])
Organization notifies object (write): Prohibition [subject=a20, prohibition=[at(15, 15, a20, _)], sanction=[reduce(a20, 300)], clock=0, time=2015-04-17 16:23:38.909]
object notification: Prohibition [subject=a10, prohibition=[at(15, 16, a10, _)], sanction=[reduce(a10, 300)], clock=0, time=2015-04-17 16:23:38.9]
Event sent to object      a10 prohibition([at(15, 16, a10, _)], [reduce(a10, 300)])
object notification: Prohibition [subject=a10, prohibition=[at(16, 15, a10, _)], sanction=[reduce(a10, 300)], clock=0, time=2015-04-17 16:23:38.903]
Event sent to object      a10 prohibition([at(16, 15, a10, _)], [reduce(a10, 300)])
object notification: Prohibition [subject=a10, prohibition=[at(16, 16, a10, _)], sanction=[reduce(a10, 300)], clock=0, time=2015-04-17 16:23:38.906]
Event sent to object      a10 prohibition([at(16, 16, a10, _)], [reduce(a10, 300)])
Organization notifies object (write): Prohibition [subject=a20, prohibition=[at(15, 16, a20, _)], sanction=[reduce(a20, 300)], clock=0, time=2015-04-17 16:23:38.912]
Organization notifies object (write): Prohibition [subject=a20, prohibition=[at(16, 15, a20, _)], sanction=[reduce(a20, 300)], clock=0, time=2015-04-17 16:23:38.915]
Organization notifies object (write): Prohibition [subject=a20, prohibition=[at(16, 16, a20, _)], sanction=[reduce(a20, 300)], clock=0, time=2015-04-17 16:23:38.918]
Organization notifies object (write): Prohibition [subject=ra1, prohibition=[at(15, 15, ra1, _)], sanction=[reduce(ra1, 300)], clock=0, time=2015-04-17 16:23:38.921]
Organization notifies object (write): Prohibition [subject=ra1, prohibition=[at(15, 16, ra1, _)], sanction=[reduce(ra1, 300)], clock=0, time=2015-04-17 16:23:38.924]
Organization notifies object (write): Prohibition [subject=ra1, prohibition=[at(16, 15, ra1, _)], sanction=[reduce(ra1, 300)], clock=0, time=2015-04-17 16:23:38.928]
Organization notifies object (write): Prohibition [subject=ra1, prohibition=[at(16, 16, ra1, _)], sanction=[reduce(ra1, 300)], clock=0, time=2015-04-17 16:23:38.931]
Event processed adoptProhibition(at(15, 15, a10, _), reduce(a10, 300))
Event processed adoptProhibition(at(15, 16, a10, _), reduce(a10, 300))
Event processed adoptProhibition(at(16, 15, a10, _), reduce(a10, 300))
Event processed adoptProhibition(at(16, 16, a10, _), reduce(a10, 300))
write a10
Agent writes: Position [subject=a10, id=null, cell=Cell [x=3, y=5], time=2015-04-17 16:23:40.969, clock=0]
org notification: Position [subject=a10, id=null, cell=Cell [x=3, y=5], time=2015-04-17 16:23:40.969, clock=0]
org notified sent position(a10,cell(3,5),0).
write a10
Agent writes: Position [subject=a10, id=null, cell=Cell [x=4, y=5], time=2015-04-17 16:23:41.867, clock=0]
org notification: Position [subject=a10, id=null, cell=Cell [x=4, y=5], time=2015-04-17 16:23:41.867, clock=0]
org notified sent position(a10,cell(4,5),0).
write a10
Agent writes: Position [subject=a10, id=null, cell=Cell [x=5, y=5], time=2015-04-17 16:23:42.471, clock=0]
org notification: Position [subject=a10, id=null, cell=Cell [x=5, y=5], time=2015-04-17 16:23:42.471, clock=0]
org notified sent position(a10,cell(5,5),0).
write a10
Agent writes: Position [subject=a10, id=null, cell=Cell [x=5, y=6], time=2015-04-17 16:23:43.518, clock=0]
org notification: Position [subject=a10, id=null, cell=Cell [x=5, y=6], time=2015-04-17 16:23:43.518, clock=0]
org notified sent position(a10,cell(5,6),0).
write a10
Agent writes: Position [subject=a10, id=null, cell=Cell [x=6, y=6], time=2015-04-17 16:23:43.99, clock=0]
org notification: Position [subject=a10, id=null, cell=Cell [x=6, y=6], time=2015-04-17 16:23:43.99, clock=0]
org notified sent position(a10,cell(6,6),0).
org notification: Time [clock=1, time=null]
org notified sent time(1).
object notification: Time [clock=1, time=null]
Event sent to object      a10 clock(1)
Event processed UpdateClock(1)
#########################Game started
Event processed @ctenv(functionToList(message(game_initialized)),LIST,0); if B(LIST=[actionresult([TYPE,ID])]) then if B(TYPE=proposal) then {ReceivedMessage(TYPE, ID, open); adopta(received(TYPE, ID, closed) : Infinite, priority 1)} else if B(LIST=[actionresult([TYPE,ID,RESPONSE])]) then if B(TYPE=response) then ReceivedMessage(RESPONSE, ID) else if B(LIST=[actionresult([TYPE])]) then ReceivedEvent(TYPE) else if B(LIST=[actionresult([TYPE,AGENT,ID,RESPONSE])]) then if B(TYPE=proposal) then ReceivedProposal(AGENT, ID, RESPONSE)
[CTAH] Array of Terms: [Lapapl.data.Term;@4cf12cb4
[CTAH] The created APLList : [game_initialized]
[CTAH] Agentposition: [-1,-1]
setPhases in ClientGameStatus, the current phase is 
setPhases in ClientGameStatus, the current phase is Communication Phase
org notification: Tile [id=null, cell=Cell [x=0, y=0], subject=green, time=2015-04-17 16:23:53.072, clock=0]
org notified sent tile(cell(0,0),green,0).
org notification: Tile [id=null, cell=Cell [x=0, y=1], subject=green, time=2015-04-17 16:23:53.138, clock=0]
org notified sent tile(cell(0,1),green,0).
org notification: Tile [id=null, cell=Cell [x=0, y=2], subject=red, time=2015-04-17 16:23:53.142, clock=0]
org notified sent tile(cell(0,2),red,0).
org notification: Tile [id=null, cell=Cell [x=0, y=3], subject=orange, time=2015-04-17 16:23:53.144, clock=0]
org notified sent tile(cell(0,3),orange,0).
org notification: Tile [id=null, cell=Cell [x=1, y=0], subject=green, time=2015-04-17 16:23:53.147, clock=0]
org notified sent tile(cell(1,0),green,0).
org notification: Tile [id=null, cell=Cell [x=1, y=1], subject=orange, time=2015-04-17 16:23:53.149, clock=0]
org notified sent tile(cell(1,1),orange,0).
org notification: Tile [id=null, cell=Cell [x=1, y=2], subject=red, time=2015-04-17 16:23:53.151, clock=0]
org notified sent tile(cell(1,2),red,0).
org notification: Tile [id=null, cell=Cell [x=1, y=3], subject=red, time=2015-04-17 16:23:53.156, clock=0]
org notified sent tile(cell(1,3),red,0).
org notification: Tile [id=null, cell=Cell [x=2, y=0], subject=red, time=2015-04-17 16:23:53.159, clock=0]
org notified sent tile(cell(2,0),red,0).
org notification: Tile [id=null, cell=Cell [x=2, y=1], subject=red, time=2015-04-17 16:23:53.162, clock=0]
org notified sent tile(cell(2,1),red,0).
org notification: Tile [id=null, cell=Cell [x=2, y=2], subject=green, time=2015-04-17 16:23:53.165, clock=0]
org notified sent tile(cell(2,2),green,0).
org notification: Tile [id=null, cell=Cell [x=2, y=3], subject=purple, time=2015-04-17 16:23:53.167, clock=0]
org notified sent tile(cell(2,3),purple,0).
org notification: Tile [id=null, cell=Cell [x=3, y=0], subject=red, time=2015-04-17 16:23:53.17, clock=0]
org notified sent tile(cell(3,0),red,0).
org notification: Tile [id=null, cell=Cell [x=3, y=1], subject=orange, time=2015-04-17 16:23:53.174, clock=0]
org notified sent tile(cell(3,1),orange,0).
org notification: Tile [id=null, cell=Cell [x=3, y=2], subject=purple, time=2015-04-17 16:23:53.179, clock=0]
org notified sent tile(cell(3,2),purple,0).
org notification: Tile [id=null, cell=Cell [x=3, y=3], subject=purple, time=2015-04-17 16:23:53.182, clock=0]
org notified sent tile(cell(3,3),purple,0).
org notification: Goal [id=null, cell=Cell [x=3, y=0], time=2015-04-17 16:23:53.203, clock=0]
org notified sent goal(cell(3,0),0).
Organization notifies object (write): Obligation [subject=ra1, obligation=[surround(3, 0)], sanction=[reduce(g, 1000)], deadline=11, time=2015-04-17 16:23:53.225, clock=1]
Organization notifies object (write): Obligation [subject=a10, obligation=[west(3, 0, a10)], sanction=[reduce(a10, 1000)], deadline=11, time=2015-04-17 16:23:53.229, clock=1]
Organization notifies object (write): Obligation [subject=a20, obligation=[east(3, 0, a20)], sanction=[reduce(a20, 1000)], deadline=11, time=2015-04-17 16:23:53.233, clock=1]
object notification: Obligation [subject=a10, obligation=[west(3, 0, a10)], sanction=[reduce(a10, 1000)], deadline=11, time=2015-04-17 16:23:53.229, clock=1]
Event sent to object      a10 obligation([west(3, 0, a10)], 11, [reduce(a10, 1000)])
#########################Game Initialized
AGENT Thread-10: current phase name: Communication Phase
we have 1 goals
we have GoalWeight: 100  DistWeight: -10  ChipWeight: 5  CommWeight: 0 scoring
Event processed adoptObligation(west(3, 0, a10), 11, reduce(a10, 1000))
[CTAH] Agentposition: [3,3]
write a10
Agent writes: Position [subject=a10, id=null, cell=Cell [x=5, y=6], time=2015-04-17 16:23:54.394, clock=1]
org notification: Position [subject=a10, id=null, cell=Cell [x=5, y=6], time=2015-04-17 16:23:54.394, clock=1]
org notified sent position(a10,cell(5,6),1).
write a10
Agent writes: Position [subject=a10, id=null, cell=Cell [x=4, y=6], time=2015-04-17 16:23:55.257, clock=1]
org notification: Position [subject=a10, id=null, cell=Cell [x=4, y=6], time=2015-04-17 16:23:55.257, clock=1]
org notified sent position(a10,cell(4,6),1).
object notification: Time [clock=2, time=null]
org notification: Time [clock=2, time=null]
org notified sent time(2).
Event sent to object      a10 clock(2)
Received a class edu.harvard.eecs.airg.coloredtrails.shared.discourse.BasicProposalDiscourseMessage
[MSG] Message is of type: basicproposal
[MSG] Message is for: 0
[MSG] i'm: 0
org notification: Proposal [id=8119, agent=a20, agent2=a10, clock=2, time=2015-04-17 16:24:03.07]
org notified sent proposal(8119,a20,a10,2).
Received a proposal creating event
org notification: Time [clock=3, time=null]
org notified sent time(3).
object notification: Time [clock=3, time=null]
Event sent to object      a10 clock(3)
org notification: Time [clock=4, time=null]
org notified sent time(4).
object notification: Time [clock=4, time=null]
Event sent to object      a10 clock(4)
setPhases in ClientGameStatus, the current phase is Movement Phase
setPhases in ClientGameStatus, the current phase is Communication Phase
org notification: Tile [id=null, cell=Cell [x=0, y=0], subject=orange, time=2015-04-17 16:24:24.067, clock=4]
org notified sent tile(cell(0,0),orange,4).
org notification: Tile [id=null, cell=Cell [x=0, y=1], subject=green, time=2015-04-17 16:24:24.07, clock=4]
org notified sent tile(cell(0,1),green,4).
org notification: Tile [id=null, cell=Cell [x=0, y=2], subject=purple, time=2015-04-17 16:24:24.073, clock=4]
org notified sent tile(cell(0,2),purple,4).
org notification: Tile [id=null, cell=Cell [x=0, y=3], subject=red, time=2015-04-17 16:24:24.076, clock=4]
org notified sent tile(cell(0,3),red,4).
org notification: Tile [id=null, cell=Cell [x=1, y=0], subject=green, time=2015-04-17 16:24:24.079, clock=4]
org notified sent tile(cell(1,0),green,4).
org notification: Tile [id=null, cell=Cell [x=1, y=1], subject=green, time=2015-04-17 16:24:24.081, clock=4]
org notified sent tile(cell(1,1),green,4).
org notification: Tile [id=null, cell=Cell [x=1, y=2], subject=orange, time=2015-04-17 16:24:24.084, clock=4]
org notified sent tile(cell(1,2),orange,4).
org notification: Tile [id=null, cell=Cell [x=1, y=3], subject=red, time=2015-04-17 16:24:24.087, clock=4]
org notified sent tile(cell(1,3),red,4).
org notification: Tile [id=null, cell=Cell [x=2, y=0], subject=purple, time=2015-04-17 16:24:24.09, clock=4]
org notified sent tile(cell(2,0),purple,4).
org notification: Tile [id=null, cell=Cell [x=2, y=1], subject=red, time=2015-04-17 16:24:24.092, clock=4]
org notified sent tile(cell(2,1),red,4).
org notification: Tile [id=null, cell=Cell [x=2, y=2], subject=green, time=2015-04-17 16:24:24.095, clock=4]
org notified sent tile(cell(2,2),green,4).
org notification: Tile [id=null, cell=Cell [x=2, y=3], subject=purple, time=2015-04-17 16:24:24.098, clock=4]
org notified sent tile(cell(2,3),purple,4).
org notification: Tile [id=null, cell=Cell [x=3, y=0], subject=red, time=2015-04-17 16:24:24.1, clock=4]
org notified sent tile(cell(3,0),red,4).
org notification: Tile [id=null, cell=Cell [x=3, y=1], subject=orange, time=2015-04-17 16:24:24.103, clock=4]
org notified sent tile(cell(3,1),orange,4).
org notification: Tile [id=null, cell=Cell [x=3, y=2], subject=purple, time=2015-04-17 16:24:24.105, clock=4]
org notified sent tile(cell(3,2),purple,4).
org notification: Tile [id=null, cell=Cell [x=3, y=3], subject=green, time=2015-04-17 16:24:24.108, clock=4]
org notified sent tile(cell(3,3),green,4).
org notification: Goal [id=null, cell=Cell [x=3, y=0], time=2015-04-17 16:24:24.118, clock=4]
org notified sent goal(cell(3,0),4).
Organization notifies object (write): Obligation [subject=ra1, obligation=[surround(3, 0)], sanction=[reduce(g, 1000)], deadline=14, time=2015-04-17 16:24:24.135, clock=4]
Organization notifies object (write): Obligation [subject=a10, obligation=[west(3, 0, a10)], sanction=[reduce(a10, 1000)], deadline=14, time=2015-04-17 16:24:24.138, clock=4]
Organization notifies object (write): Obligation [subject=a20, obligation=[east(3, 0, a20)], sanction=[reduce(a20, 1000)], deadline=14, time=2015-04-17 16:24:24.14, clock=4]
object notification: Obligation [subject=a10, obligation=[west(3, 0, a10)], sanction=[reduce(a10, 1000)], deadline=14, time=2015-04-17 16:24:24.138, clock=4]
Event sent to object      a10 obligation([west(3, 0, a10)], 14, [reduce(a10, 1000)])
object notification: Time [clock=5, time=null]
org notification: Time [clock=5, time=null]
org notified sent time(5).
Event sent to object      a10 clock(5)
Received a class edu.harvard.eecs.airg.coloredtrails.shared.discourse.BasicProposalDiscourseMessage
[MSG] Message is of type: basicproposal
[MSG] Message is for: 0
[MSG] i'm: 0
org notification: Proposal [id=4873, agent=a20, agent2=a10, clock=5, time=2015-04-17 16:24:28.847]
org notified sent proposal(4873,a20,a10,5).
Received a proposal creating event
org notification: Time [clock=6, time=null]
org notified sent time(6).
object notification: Time [clock=6, time=null]
Event sent to object      a10 clock(6)
object notification: Time [clock=7, time=null]
org notification: Time [clock=7, time=null]
org notified sent time(7).
Event sent to object      a10 clock(7)
setPhases in ClientGameStatus, the current phase is Movement Phase
setPhases in ClientGameStatus, the current phase is Communication Phase
org notification: Tile [id=null, cell=Cell [x=0, y=0], subject=purple, time=2015-04-17 16:24:55.083, clock=7]
org notified sent tile(cell(0,0),purple,7).
org notification: Tile [id=null, cell=Cell [x=0, y=1], subject=green, time=2015-04-17 16:24:55.085, clock=7]
org notified sent tile(cell(0,1),green,7).
org notification: Tile [id=null, cell=Cell [x=0, y=2], subject=red, time=2015-04-17 16:24:55.087, clock=7]
org notified sent tile(cell(0,2),red,7).
org notification: Tile [id=null, cell=Cell [x=0, y=3], subject=orange, time=2015-04-17 16:24:55.089, clock=7]
org notified sent tile(cell(0,3),orange,7).
org notification: Tile [id=null, cell=Cell [x=1, y=0], subject=purple, time=2015-04-17 16:24:55.092, clock=7]
org notified sent tile(cell(1,0),purple,7).
org notification: Tile [id=null, cell=Cell [x=1, y=1], subject=green, time=2015-04-17 16:24:55.094, clock=7]
org notified sent tile(cell(1,1),green,7).
org notification: Tile [id=null, cell=Cell [x=1, y=2], subject=purple, time=2015-04-17 16:24:55.096, clock=7]
org notified sent tile(cell(1,2),purple,7).
org notification: Tile [id=null, cell=Cell [x=1, y=3], subject=red, time=2015-04-17 16:24:55.098, clock=7]
org notified sent tile(cell(1,3),red,7).
org notification: Tile [id=null, cell=Cell [x=2, y=0], subject=red, time=2015-04-17 16:24:55.1, clock=7]
org notified sent tile(cell(2,0),red,7).
org notification: Tile [id=null, cell=Cell [x=2, y=1], subject=green, time=2015-04-17 16:24:55.101, clock=7]
org notified sent tile(cell(2,1),green,7).
org notification: Tile [id=null, cell=Cell [x=2, y=2], subject=orange, time=2015-04-17 16:24:55.104, clock=7]
org notified sent tile(cell(2,2),orange,7).
org notification: Tile [id=null, cell=Cell [x=2, y=3], subject=purple, time=2015-04-17 16:24:55.106, clock=7]
org notified sent tile(cell(2,3),purple,7).
org notification: Tile [id=null, cell=Cell [x=3, y=0], subject=green, time=2015-04-17 16:24:55.108, clock=7]
org notified sent tile(cell(3,0),green,7).
org notification: Tile [id=null, cell=Cell [x=3, y=1], subject=red, time=2015-04-17 16:24:55.11, clock=7]
org notified sent tile(cell(3,1),red,7).
org notification: Tile [id=null, cell=Cell [x=3, y=2], subject=green, time=2015-04-17 16:24:55.111, clock=7]
org notified sent tile(cell(3,2),green,7).
org notification: Tile [id=null, cell=Cell [x=3, y=3], subject=purple, time=2015-04-17 16:24:55.113, clock=7]
org notified sent tile(cell(3,3),purple,7).
org notification: Goal [id=null, cell=Cell [x=3, y=0], time=2015-04-17 16:24:55.121, clock=7]
org notified sent goal(cell(3,0),7).
Organization notifies object (write): Obligation [subject=ra1, obligation=[surround(3, 0)], sanction=[reduce(g, 1000)], deadline=17, time=2015-04-17 16:24:55.128, clock=7]
Organization notifies object (write): Obligation [subject=a10, obligation=[west(3, 0, a10)], sanction=[reduce(a10, 1000)], deadline=17, time=2015-04-17 16:24:55.149, clock=7]
Organization notifies object (write): Obligation [subject=a20, obligation=[east(3, 0, a20)], sanction=[reduce(a20, 1000)], deadline=17, time=2015-04-17 16:24:55.154, clock=7]
object notification: Obligation [subject=a10, obligation=[west(3, 0, a10)], sanction=[reduce(a10, 1000)], deadline=17, time=2015-04-17 16:24:55.149, clock=7]
Event sent to object      a10 obligation([west(3, 0, a10)], 17, [reduce(a10, 1000)])
org notification: Time [clock=8, time=null]
org notified sent time(8).
object notification: Time [clock=8, time=null]
Event sent to object      a10 clock(8)
org notification: Time [clock=9, time=null]
object notification: Time [clock=9, time=null]
org notified sent time(9).
Event sent to object      a10 clock(9)
org notification: Time [clock=10, time=null]
object notification: Time [clock=10, time=null]
org notified sent time(10).
Event sent to object      a10 clock(10)
setPhases in ClientGameStatus, the current phase is Movement Phase
object notification: Time [clock=11, time=null]
Event sent to object      a10 clock(11)
org notification: Time [clock=11, time=null]
org notified sent time(11).
setPhases in ClientGameStatus, the current phase is Feedback Phase
(((((((((((((((((Game ended)))))))))))
Game ended 
My PlayerStatus is: Game Player...
PerGameId: 0.
PIN: 10.
Pos: (R:2,C:0).
Chips: { chips  'orange':1 'red':0 'purple':1 'green':0 }.
Score: 0.
Team: -1.

object notification: Time [clock=12, time=null]
org notification: Time [clock=12, time=null]
org notified sent time(12).
Event sent to object      a10 clock(12)
org notification: Time [clock=13, time=null]
org notified sent time(13).
object notification: Time [clock=13, time=null]
Event sent to object      a10 clock(13)
object notification: Time [clock=14, time=null]
org notification: Time [clock=14, time=null]
org notified sent time(14).
Event sent to object      a10 clock(14)
object notification: Time [clock=15, time=null]
org notification: Time [clock=15, time=null]
org notified sent time(15).
Event sent to object      a10 clock(15)
object notification: Time [clock=16, time=null]
org notification: Time [clock=16, time=null]
org notified sent time(16).
Event sent to object      a10 clock(16)
object notification: Time [clock=17, time=null]
org notification: Time [clock=17, time=null]
Event sent to object      a10 clock(17)
org notified sent time(17).
object notification: Time [clock=18, time=null]
org notification: Time [clock=18, time=null]
org notified sent time(18).
Event sent to object      a10 clock(18)
