2015-04-17 16:34:30,127 CONFIG [com.gigaspaces.logger] - Log file: /Users/dxd/git/ct3/logs/2015-04-17~16.34-gigaspaces-service-192.168.0.40-32120.log
-------------------------last log tuples start--------------------------------
Tile [id=null, cell=Cell [x=2, y=0], subject=red, time=2015-04-17 16:30:51.865, clock=14]
Time [clock=29, time=null]
Goal [id=null, cell=Cell [x=3, y=0], time=2015-04-17 16:29:49.869, clock=0]
Time [clock=30, time=null]
Time [clock=20, time=null]
Prohibition [subject=a20, prohibition=[at(16, 15, a20, _)], sanction=[reduce(a20, 300)], clock=1, time=2015-04-17 16:28:34.792]
Time [clock=24, time=null]
Position [subject=a10, id=null, cell=Cell [x=6, y=6], time=2015-04-17 16:29:18.943, clock=5]
Tile [id=null, cell=Cell [x=0, y=3], subject=red, time=2015-04-17 16:30:20.771, clock=11]
Prohibition [subject=a10, prohibition=[at(16, 15, a10, _)], sanction=[reduce(a10, 300)], clock=1, time=2015-04-17 16:28:34.776]
Obligation [subject=a20, obligation=[east(3, 0, a20)], sanction=[reduce(a20, 1000)], deadline=24, time=2015-04-17 16:30:51.915, clock=14]
Proposal [id=9005, agent=a20, agent2=a10, clock=14, time=2015-04-17 16:30:49.553]
Prohibition [subject=a10, prohibition=[at(16, 16, a10, _)], sanction=[reduce(a10, 300)], clock=1, time=2015-04-17 16:28:34.78]
Tile [id=null, cell=Cell [x=0, y=2], subject=red, time=2015-04-17 16:29:49.818, clock=0]
Obligation [subject=a10, obligation=[west(3, 0, a10)], sanction=[reduce(a10, 1000)], deadline=24, time=2015-04-17 16:30:51.912, clock=14]
Obligation [subject=a20, obligation=[east(3, 0, a20)], sanction=[reduce(a20, 1000)], deadline=21, time=2015-04-17 16:30:20.829, clock=11]
Goal [id=null, cell=Cell [x=3, y=0], time=2015-04-17 16:30:51.897, clock=14]
Time [clock=8, time=null]
Time [clock=7, time=null]
Prohibition [subject=ra1, prohibition=[at(15, 15, ra1, _)], sanction=[reduce(ra1, 300)], clock=1, time=2015-04-17 16:28:34.799]
Position [subject=a10, id=null, cell=Cell [x=4, y=5], time=2015-04-17 16:29:17.593, clock=5]
Prohibition [subject=a10, prohibition=[at(15, 16, a10, _)], sanction=[reduce(a10, 300)], clock=1, time=2015-04-17 16:28:34.772]
Position [subject=a10, id=null, cell=Cell [x=5, y=5], time=2015-04-17 16:29:17.964, clock=5]
Position [subject=a10, id=null, cell=Cell [x=3, y=5], time=2015-04-17 16:29:16.758, clock=5]
Prohibition [subject=ra1, prohibition=[at(16, 15, ra1, _)], sanction=[reduce(ra1, 300)], clock=1, time=2015-04-17 16:28:34.805]
Proposal [id=621, agent=a20, agent2=a10, clock=15, time=2015-04-17 16:30:58.625]
Obligation [subject=a10, obligation=[west(3, 0, a10)], sanction=[reduce(a10, 1000)], deadline=21, time=2015-04-17 16:30:20.826, clock=11]
Position [subject=a10, id=null, cell=Cell [x=3, y=4], time=2015-04-17 16:29:15.354, clock=4]
Position [subject=a10, id=null, cell=Cell [x=5, y=6], time=2015-04-17 16:29:18.663, clock=5]
Prohibition [subject=a20, prohibition=[at(16, 16, a20, _)], sanction=[reduce(a20, 300)], clock=1, time=2015-04-17 16:28:34.796]
Goal [id=null, cell=Cell [x=3, y=0], time=2015-04-17 16:30:20.801, clock=11]
Prohibition [subject=a20, prohibition=[at(15, 16, a20, _)], sanction=[reduce(a20, 300)], clock=1, time=2015-04-17 16:28:34.789]
Prohibition [subject=ra1, prohibition=[at(15, 16, ra1, _)], sanction=[reduce(ra1, 300)], clock=1, time=2015-04-17 16:28:34.802]
Proposal [id=7185, agent=a20, agent2=a10, clock=0, time=2015-04-17 16:29:53.996]
Obligation [subject=a20, obligation=[east(3, 0, a20)], sanction=[reduce(a20, 1000)], deadline=18, time=2015-04-17 16:29:49.899, clock=8]
Prohibition [subject=a10, prohibition=[at(15, 15, a10, _)], sanction=[reduce(a10, 300)], clock=1, time=2015-04-17 16:28:34.758]
Time [clock=26, time=null]
Time [clock=15, time=null]
Time [clock=2, time=null]
Time [clock=23, time=null]
Obligation [subject=a10, obligation=[west(3, 0, a10)], sanction=[reduce(a10, 1000)], deadline=18, time=2015-04-17 16:29:49.897, clock=8]
Obligation [subject=ra1, obligation=[surround(3, 0)], sanction=[reduce(g, 1000)], deadline=24, time=2015-04-17 16:30:51.908, clock=14]
Time [clock=18, time=null]
Obligation [subject=ra1, obligation=[surround(3, 0)], sanction=[reduce(g, 1000)], deadline=21, time=2015-04-17 16:30:20.812, clock=11]
Time [clock=5, time=null]
Prohibition [subject=ra1, prohibition=[at(16, 16, ra1, _)], sanction=[reduce(ra1, 300)], clock=1, time=2015-04-17 16:28:34.809]
Prohibition [subject=a20, prohibition=[at(15, 15, a20, _)], sanction=[reduce(a20, 300)], clock=1, time=2015-04-17 16:28:34.785]
Obligation [subject=ra1, obligation=[surround(3, 0)], sanction=[reduce(g, 1000)], deadline=18, time=2015-04-17 16:29:49.894, clock=8]
Time [clock=14, time=null]
Time [clock=21, time=null]
Time [clock=28, time=null]
Time [clock=11, time=null]
Time [clock=9, time=null]
Time [clock=10, time=null]
Time [clock=3, time=null]
Time [clock=13, time=null]
Time [clock=19, time=null]
Time [clock=27, time=null]
Time [clock=12, time=null]
Time [clock=6, time=null]
Time [clock=1, time=null]
Time [clock=25, time=null]
Time [clock=16, time=null]
Time [clock=22, time=null]
Time [clock=17, time=null]
Time [clock=4, time=null]
Tile [id=null, cell=Cell [x=3, y=3], subject=purple, time=2015-04-17 16:30:51.89, clock=14]
Tile [id=null, cell=Cell [x=2, y=3], subject=purple, time=2015-04-17 16:30:51.874, clock=14]
Tile [id=null, cell=Cell [x=3, y=3], subject=green, time=2015-04-17 16:30:20.794, clock=11]
Tile [id=null, cell=Cell [x=0, y=3], subject=orange, time=2015-04-17 16:29:49.82, clock=0]
Tile [id=null, cell=Cell [x=2, y=2], subject=orange, time=2015-04-17 16:30:51.87, clock=14]
Tile [id=null, cell=Cell [x=1, y=1], subject=orange, time=2015-04-17 16:29:49.826, clock=0]
Tile [id=null, cell=Cell [x=1, y=2], subject=red, time=2015-04-17 16:29:49.829, clock=0]
Tile [id=null, cell=Cell [x=0, y=2], subject=red, time=2015-04-17 16:30:51.847, clock=14]
Tile [id=null, cell=Cell [x=1, y=0], subject=purple, time=2015-04-17 16:30:51.855, clock=14]
Tile [id=null, cell=Cell [x=2, y=1], subject=red, time=2015-04-17 16:29:49.841, clock=0]
Tile [id=null, cell=Cell [x=1, y=1], subject=green, time=2015-04-17 16:30:20.775, clock=11]
Tile [id=null, cell=Cell [x=0, y=0], subject=purple, time=2015-04-17 16:30:51.843, clock=14]
Tile [id=null, cell=Cell [x=0, y=1], subject=green, time=2015-04-17 16:30:51.845, clock=14]
Tile [id=null, cell=Cell [x=3, y=0], subject=red, time=2015-04-17 16:30:20.788, clock=11]
Tile [id=null, cell=Cell [x=3, y=1], subject=red, time=2015-04-17 16:30:51.887, clock=14]
Tile [id=null, cell=Cell [x=3, y=3], subject=purple, time=2015-04-17 16:29:49.854, clock=0]
Tile [id=null, cell=Cell [x=1, y=2], subject=purple, time=2015-04-17 16:30:51.861, clock=14]
Tile [id=null, cell=Cell [x=1, y=1], subject=green, time=2015-04-17 16:30:51.858, clock=14]
Tile [id=null, cell=Cell [x=1, y=3], subject=red, time=2015-04-17 16:30:51.863, clock=14]
Tile [id=null, cell=Cell [x=0, y=2], subject=purple, time=2015-04-17 16:30:20.769, clock=11]
Tile [id=null, cell=Cell [x=2, y=1], subject=green, time=2015-04-17 16:30:51.867, clock=14]
Tile [id=null, cell=Cell [x=2, y=2], subject=green, time=2015-04-17 16:29:49.843, clock=0]
Tile [id=null, cell=Cell [x=3, y=1], subject=orange, time=2015-04-17 16:30:20.79, clock=11]
Tile [id=null, cell=Cell [x=3, y=0], subject=green, time=2015-04-17 16:30:51.881, clock=14]
Tile [id=null, cell=Cell [x=0, y=3], subject=orange, time=2015-04-17 16:30:51.849, clock=14]
Tile [id=null, cell=Cell [x=3, y=2], subject=green, time=2015-04-17 16:30:51.888, clock=14]
Tile [id=null, cell=Cell [x=2, y=2], subject=green, time=2015-04-17 16:30:20.784, clock=11]
Tile [id=null, cell=Cell [x=3, y=2], subject=purple, time=2015-04-17 16:30:20.792, clock=11]
Tile [id=null, cell=Cell [x=3, y=1], subject=orange, time=2015-04-17 16:29:49.85, clock=0]
Tile [id=null, cell=Cell [x=1, y=2], subject=orange, time=2015-04-17 16:30:20.777, clock=11]
Tile [id=null, cell=Cell [x=2, y=3], subject=purple, time=2015-04-17 16:30:20.786, clock=11]
Tile [id=null, cell=Cell [x=2, y=3], subject=purple, time=2015-04-17 16:29:49.846, clock=0]
Tile [id=null, cell=Cell [x=0, y=1], subject=green, time=2015-04-17 16:29:49.816, clock=0]
Tile [id=null, cell=Cell [x=1, y=3], subject=red, time=2015-04-17 16:30:20.779, clock=11]
Tile [id=null, cell=Cell [x=2, y=1], subject=red, time=2015-04-17 16:30:20.783, clock=11]
Tile [id=null, cell=Cell [x=0, y=0], subject=green, time=2015-04-17 16:29:49.776, clock=0]
Tile [id=null, cell=Cell [x=1, y=0], subject=green, time=2015-04-17 16:29:49.822, clock=0]
Tile [id=null, cell=Cell [x=2, y=0], subject=red, time=2015-04-17 16:29:49.839, clock=0]
Tile [id=null, cell=Cell [x=3, y=0], subject=red, time=2015-04-17 16:29:49.848, clock=0]
Tile [id=null, cell=Cell [x=0, y=1], subject=green, time=2015-04-17 16:30:20.767, clock=11]
Tile [id=null, cell=Cell [x=0, y=0], subject=orange, time=2015-04-17 16:30:20.765, clock=11]
Tile [id=null, cell=Cell [x=1, y=3], subject=red, time=2015-04-17 16:29:49.836, clock=0]
Tile [id=null, cell=Cell [x=1, y=0], subject=green, time=2015-04-17 16:30:20.773, clock=11]
Tile [id=null, cell=Cell [x=2, y=0], subject=purple, time=2015-04-17 16:30:20.781, clock=11]
Tile [id=null, cell=Cell [x=3, y=2], subject=purple, time=2015-04-17 16:29:49.852, clock=0]
-------------------------last log tuples end----------------------------------
[CTAH] started agent 10
[CTAH] Added a new agent to the game by the name of 10.
[ENV] added agent a10
org notification: Time [clock=1, time=null]
org notified sent time(1).
object notification: Time [clock=1, time=null]
Event sent to object      a10 clock(1)
Organization notifies object (write): Prohibition [subject=a10, prohibition=[at(15, 15, a10, _)], sanction=[reduce(a10, 300)], clock=1, time=2015-04-17 16:34:41.948]
Organization notifies object (write): Prohibition [subject=a10, prohibition=[at(15, 16, a10, _)], sanction=[reduce(a10, 300)], clock=1, time=2015-04-17 16:34:41.951]
Organization notifies object (write): Prohibition [subject=a10, prohibition=[at(16, 15, a10, _)], sanction=[reduce(a10, 300)], clock=1, time=2015-04-17 16:34:41.954]
object notification: Prohibition [subject=a10, prohibition=[at(15, 15, a10, _)], sanction=[reduce(a10, 300)], clock=1, time=2015-04-17 16:34:41.948]
Event sent to object      a10 prohibition([at(15, 15, a10, _)], [reduce(a10, 300)])
Organization notifies object (write): Prohibition [subject=a10, prohibition=[at(16, 16, a10, _)], sanction=[reduce(a10, 300)], clock=1, time=2015-04-17 16:34:41.959]
object notification: Prohibition [subject=a10, prohibition=[at(15, 16, a10, _)], sanction=[reduce(a10, 300)], clock=1, time=2015-04-17 16:34:41.951]
Event sent to object      a10 prohibition([at(15, 16, a10, _)], [reduce(a10, 300)])
object notification: Prohibition [subject=a10, prohibition=[at(16, 15, a10, _)], sanction=[reduce(a10, 300)], clock=1, time=2015-04-17 16:34:41.954]
Event sent to object      a10 prohibition([at(16, 15, a10, _)], [reduce(a10, 300)])
object notification: Prohibition [subject=a10, prohibition=[at(16, 16, a10, _)], sanction=[reduce(a10, 300)], clock=1, time=2015-04-17 16:34:41.959]
Organization notifies object (write): Prohibition [subject=a20, prohibition=[at(15, 15, a20, _)], sanction=[reduce(a20, 300)], clock=1, time=2015-04-17 16:34:41.964]
Event sent to object      a10 prohibition([at(16, 16, a10, _)], [reduce(a10, 300)])
Organization notifies object (write): Prohibition [subject=a20, prohibition=[at(15, 16, a20, _)], sanction=[reduce(a20, 300)], clock=1, time=2015-04-17 16:34:41.967]
Organization notifies object (write): Prohibition [subject=a20, prohibition=[at(16, 15, a20, _)], sanction=[reduce(a20, 300)], clock=1, time=2015-04-17 16:34:41.969]
Organization notifies object (write): Prohibition [subject=a20, prohibition=[at(16, 16, a20, _)], sanction=[reduce(a20, 300)], clock=1, time=2015-04-17 16:34:41.972]
Organization notifies object (write): Prohibition [subject=ra1, prohibition=[at(15, 15, ra1, _)], sanction=[reduce(ra1, 300)], clock=1, time=2015-04-17 16:34:41.975]
Organization notifies object (write): Prohibition [subject=ra1, prohibition=[at(15, 16, ra1, _)], sanction=[reduce(ra1, 300)], clock=1, time=2015-04-17 16:34:41.977]
Organization notifies object (write): Prohibition [subject=ra1, prohibition=[at(16, 15, ra1, _)], sanction=[reduce(ra1, 300)], clock=1, time=2015-04-17 16:34:41.98]
Organization notifies object (write): Prohibition [subject=ra1, prohibition=[at(16, 16, ra1, _)], sanction=[reduce(ra1, 300)], clock=1, time=2015-04-17 16:34:41.983]
#########################Game started
#########################Game started
setPhases in ClientGameStatus, the current phase is 
setPhases in ClientGameStatus, the current phase is Communication Phase
setPhases in ClientGameStatus, the current phase is 
org notification: Tile [id=null, cell=Cell [x=0, y=0], subject=green, time=2015-04-17 16:34:48.682, clock=0]
org notified sent tile(cell(0,0),green,0).
org notification: Tile [id=null, cell=Cell [x=0, y=0], subject=green, time=2015-04-17 16:34:48.696, clock=0]
org notified sent tile(cell(0,0),green,0).
org notification: Tile [id=null, cell=Cell [x=0, y=1], subject=green, time=2015-04-17 16:34:48.719, clock=0]
org notified sent tile(cell(0,1),green,0).
org notification: Tile [id=null, cell=Cell [x=0, y=1], subject=green, time=2015-04-17 16:34:48.719, clock=0]
org notified sent tile(cell(0,1),green,0).
org notification: Tile [id=null, cell=Cell [x=0, y=2], subject=red, time=2015-04-17 16:34:48.721, clock=0]
org notified sent tile(cell(0,2),red,0).
org notification: Tile [id=null, cell=Cell [x=0, y=3], subject=orange, time=2015-04-17 16:34:48.723, clock=0]
org notified sent tile(cell(0,3),orange,0).
org notification: Tile [id=null, cell=Cell [x=1, y=0], subject=green, time=2015-04-17 16:34:48.725, clock=0]
org notified sent tile(cell(1,0),green,0).
org notification: Tile [id=null, cell=Cell [x=1, y=1], subject=orange, time=2015-04-17 16:34:48.728, clock=0]
org notified sent tile(cell(1,1),orange,0).
org notification: Tile [id=null, cell=Cell [x=0, y=2], subject=red, time=2015-04-17 16:34:48.723, clock=0]
org notified sent tile(cell(0,2),red,0).
org notification: Tile [id=null, cell=Cell [x=1, y=2], subject=red, time=2015-04-17 16:34:48.731, clock=0]
org notified sent tile(cell(1,2),red,0).
org notification: Tile [id=null, cell=Cell [x=1, y=3], subject=red, time=2015-04-17 16:34:48.733, clock=0]
org notified sent tile(cell(1,3),red,0).
org notification: Tile [id=null, cell=Cell [x=2, y=0], subject=red, time=2015-04-17 16:34:48.736, clock=0]
org notified sent tile(cell(2,0),red,0).
org notification: Tile [id=null, cell=Cell [x=2, y=1], subject=red, time=2015-04-17 16:34:48.741, clock=0]
org notified sent tile(cell(2,1),red,0).
org notification: Tile [id=null, cell=Cell [x=2, y=2], subject=green, time=2015-04-17 16:34:48.743, clock=0]
org notified sent tile(cell(2,2),green,0).
org notification: Tile [id=null, cell=Cell [x=2, y=3], subject=purple, time=2015-04-17 16:34:48.745, clock=0]
org notified sent tile(cell(2,3),purple,0).
org notification: Tile [id=null, cell=Cell [x=3, y=0], subject=red, time=2015-04-17 16:34:48.747, clock=0]
org notified sent tile(cell(3,0),red,0).
org notification: Tile [id=null, cell=Cell [x=0, y=3], subject=orange, time=2015-04-17 16:34:48.743, clock=0]
org notified sent tile(cell(0,3),orange,0).
org notification: Tile [id=null, cell=Cell [x=3, y=1], subject=orange, time=2015-04-17 16:34:48.751, clock=0]
org notified sent tile(cell(3,1),orange,0).
org notification: Tile [id=null, cell=Cell [x=3, y=2], subject=purple, time=2015-04-17 16:34:48.753, clock=0]
org notified sent tile(cell(3,2),purple,0).
org notification: Tile [id=null, cell=Cell [x=3, y=3], subject=purple, time=2015-04-17 16:34:48.756, clock=0]
org notified sent tile(cell(3,3),purple,0).
org notification: Tile [id=null, cell=Cell [x=1, y=0], subject=green, time=2015-04-17 16:34:48.753, clock=0]
org notified sent tile(cell(1,0),green,0).
org notification: Tile [id=null, cell=Cell [x=1, y=1], subject=orange, time=2015-04-17 16:34:48.763, clock=0]
org notified sent tile(cell(1,1),orange,0).
org notification: Tile [id=null, cell=Cell [x=1, y=2], subject=red, time=2015-04-17 16:34:48.778, clock=0]
org notified sent tile(cell(1,2),red,0).
org notification: Tile [id=null, cell=Cell [x=1, y=3], subject=red, time=2015-04-17 16:34:48.783, clock=0]
org notified sent tile(cell(1,3),red,0).
org notification: Tile [id=null, cell=Cell [x=2, y=0], subject=red, time=2015-04-17 16:34:48.786, clock=0]
org notified sent tile(cell(2,0),red,0).
org notification: Goal [id=null, cell=Cell [x=3, y=0], time=2015-04-17 16:34:48.776, clock=0]
org notified sent goal(cell(3,0),0).
Organization notifies object (write): Obligation [subject=ra1, obligation=[surround(3, 0)], sanction=[reduce(g, 1000)], deadline=11, time=2015-04-17 16:34:48.794, clock=1]
Organization notifies object (write): Obligation [subject=a10, obligation=[west(3, 0, a10)], sanction=[reduce(a10, 1000)], deadline=11, time=2015-04-17 16:34:48.797, clock=1]
Organization notifies object (write): Obligation [subject=a20, obligation=[east(3, 0, a20)], sanction=[reduce(a20, 1000)], deadline=11, time=2015-04-17 16:34:48.801, clock=1]
object notification: Obligation [subject=a10, obligation=[west(3, 0, a10)], sanction=[reduce(a10, 1000)], deadline=11, time=2015-04-17 16:34:48.797, clock=1]
Event sent to object      a10 obligation([west(3, 0, a10)], 11, [reduce(a10, 1000)])
org notification: Tile [id=null, cell=Cell [x=2, y=1], subject=red, time=2015-04-17 16:34:48.901, clock=0]
org notified sent tile(cell(2,1),red,0).
#########################Game Initialized
AGENT Thread-10: current phase name: 
we have 1 goals
we have GoalWeight: 100  DistWeight: -10  ChipWeight: 5  CommWeight: 0 scoring
org notification: Tile [id=null, cell=Cell [x=2, y=2], subject=green, time=2015-04-17 16:34:48.931, clock=0]
org notified sent tile(cell(2,2),green,0).
org notification: Tile [id=null, cell=Cell [x=2, y=3], subject=purple, time=2015-04-17 16:34:48.933, clock=0]
org notified sent tile(cell(2,3),purple,0).
org notification: Tile [id=null, cell=Cell [x=3, y=0], subject=red, time=2015-04-17 16:34:48.936, clock=0]
org notified sent tile(cell(3,0),red,0).
org notification: Tile [id=null, cell=Cell [x=3, y=1], subject=orange, time=2015-04-17 16:34:48.941, clock=0]
org notified sent tile(cell(3,1),orange,0).
org notification: Tile [id=null, cell=Cell [x=3, y=2], subject=purple, time=2015-04-17 16:34:48.943, clock=0]
org notified sent tile(cell(3,2),purple,0).
org notification: Tile [id=null, cell=Cell [x=3, y=3], subject=purple, time=2015-04-17 16:34:48.946, clock=0]
org notified sent tile(cell(3,3),purple,0).
org notification: Goal [id=null, cell=Cell [x=3, y=0], time=2015-04-17 16:34:48.959, clock=0]
org notified sent goal(cell(3,0),0).
#########################Game Initialized
AGENT Thread-10: current phase name: 
we have 1 goals
we have GoalWeight: 100  DistWeight: -10  ChipWeight: 5  CommWeight: 0 scoring
Event processed UpdateClock(1)
Event processed adoptProhibition(at(15, 15, a10, _), reduce(a10, 300))
Event processed adoptProhibition(at(15, 16, a10, _), reduce(a10, 300))
Event processed adoptProhibition(at(16, 15, a10, _), reduce(a10, 300))
Event processed adoptProhibition(at(16, 16, a10, _), reduce(a10, 300))
Event processed @ctenv(functionToList(message(game_initialized)),LIST,0); if B(LIST=[actionresult([TYPE,ID])]) then if B(TYPE=proposal) then {ReceivedMessage(TYPE, ID, open); adopta(received(TYPE, ID, closed) : Infinite, priority 1)} else if B(LIST=[actionresult([TYPE,ID,RESPONSE])]) then if B(TYPE=response) then ReceivedMessage(RESPONSE, ID) else if B(LIST=[actionresult([TYPE])]) then ReceivedEvent(TYPE) else if B(LIST=[actionresult([TYPE,AGENT,ID,RESPONSE])]) then if B(TYPE=proposal) then ReceivedProposal(AGENT, ID, RESPONSE)
Event processed @ctenv(functionToList(message(game_initialized)),LIST,0); if B(LIST=[actionresult([TYPE,ID])]) then if B(TYPE=proposal) then {ReceivedMessage(TYPE, ID, open); adopta(received(TYPE, ID, closed) : Infinite, priority 1)} else if B(LIST=[actionresult([TYPE,ID,RESPONSE])]) then if B(TYPE=response) then ReceivedMessage(RESPONSE, ID) else if B(LIST=[actionresult([TYPE])]) then ReceivedEvent(TYPE) else if B(LIST=[actionresult([TYPE,AGENT,ID,RESPONSE])]) then if B(TYPE=proposal) then ReceivedProposal(AGENT, ID, RESPONSE)
Event processed adoptObligation(west(3, 0, a10), 11, reduce(a10, 1000))
[CTAH] Array of Terms: [Lapapl.data.Term;@2548ccb8
[CTAH] The created APLList : [game_initialized]
[CTAH] Array of Terms: [Lapapl.data.Term;@4e785727
[CTAH] The created APLList : [game_initialized]
org notification: Time [clock=2, time=null]
org notified sent time(2).
object notification: Time [clock=2, time=null]
Event sent to object      a10 clock(2)
Event processed UpdateClock(2)
write a10
Agent writes: Position [subject=a10, id=null, cell=Cell [x=2, y=3], time=2015-04-17 16:34:54.537, clock=2]
org notification: Position [subject=a10, id=null, cell=Cell [x=2, y=3], time=2015-04-17 16:34:54.537, clock=2]
org notified sent position(a10,cell(2,3),2).
write a10
Agent writes: Position [subject=a10, id=null, cell=Cell [x=2, y=2], time=2015-04-17 16:34:55.407, clock=2]
org notification: Position [subject=a10, id=null, cell=Cell [x=2, y=2], time=2015-04-17 16:34:55.407, clock=2]
org notified sent position(a10,cell(2,2),2).
[CTAH] Agentposition: [3,3]
write a10
Agent writes: Position [subject=a10, id=null, cell=Cell [x=2, y=1], time=2015-04-17 16:34:56.213, clock=2]
org notification: Position [subject=a10, id=null, cell=Cell [x=2, y=1], time=2015-04-17 16:34:56.213, clock=2]
org notified sent position(a10,cell(2,1),2).
[CTAH] Agentposition: [0,0]
write a10
Agent writes: Position [subject=a10, id=null, cell=Cell [x=2, y=0], time=2015-04-17 16:34:57.099, clock=2]
org notification: Position [subject=a10, id=null, cell=Cell [x=2, y=0], time=2015-04-17 16:34:57.099, clock=2]
org notified sent position(a10,cell(2,0),2).
org notification: Time [clock=3, time=null]
org notified sent time(3).
object notification: Time [clock=3, time=null]
Event sent to object      a10 clock(3)
org notification: Time [clock=4, time=null]
org notified sent time(4).
object notification: Time [clock=4, time=null]
Event sent to object      a10 clock(4)
Received a class edu.harvard.eecs.airg.coloredtrails.shared.discourse.BasicProposalDiscourseMessage
[MSG] Message is of type: basicproposal
[MSG] Message is for: 0
[MSG] i'm: 0
org notification: Proposal [id=9224, agent=a20, agent2=a10, clock=4, time=2015-04-17 16:35:12.543]
org notified sent proposal(9224,a20,a10,4).
Received a proposal creating event
setPhases in ClientGameStatus, the current phase is Movement Phase
setPhases in ClientGameStatus, the current phase is Communication Phase
org notification: Tile [id=null, cell=Cell [x=0, y=0], subject=orange, time=2015-04-17 16:35:19.678, clock=4]
org notified sent tile(cell(0,0),orange,4).
org notification: Tile [id=null, cell=Cell [x=0, y=1], subject=green, time=2015-04-17 16:35:19.68, clock=4]
org notified sent tile(cell(0,1),green,4).
org notification: Tile [id=null, cell=Cell [x=0, y=2], subject=purple, time=2015-04-17 16:35:19.682, clock=4]
org notified sent tile(cell(0,2),purple,4).
org notification: Tile [id=null, cell=Cell [x=0, y=3], subject=red, time=2015-04-17 16:35:19.684, clock=4]
org notified sent tile(cell(0,3),red,4).
org notification: Tile [id=null, cell=Cell [x=1, y=0], subject=green, time=2015-04-17 16:35:19.685, clock=4]
org notified sent tile(cell(1,0),green,4).
org notification: Tile [id=null, cell=Cell [x=1, y=1], subject=green, time=2015-04-17 16:35:19.687, clock=4]
org notified sent tile(cell(1,1),green,4).
org notification: Tile [id=null, cell=Cell [x=1, y=2], subject=orange, time=2015-04-17 16:35:19.689, clock=4]
org notified sent tile(cell(1,2),orange,4).
org notification: Tile [id=null, cell=Cell [x=1, y=3], subject=red, time=2015-04-17 16:35:19.691, clock=4]
org notified sent tile(cell(1,3),red,4).
org notification: Tile [id=null, cell=Cell [x=2, y=0], subject=purple, time=2015-04-17 16:35:19.692, clock=4]
org notified sent tile(cell(2,0),purple,4).
org notification: Tile [id=null, cell=Cell [x=2, y=1], subject=red, time=2015-04-17 16:35:19.694, clock=4]
org notified sent tile(cell(2,1),red,4).
org notification: Tile [id=null, cell=Cell [x=2, y=2], subject=green, time=2015-04-17 16:35:19.695, clock=4]
org notified sent tile(cell(2,2),green,4).
org notification: Tile [id=null, cell=Cell [x=2, y=3], subject=purple, time=2015-04-17 16:35:19.697, clock=4]
org notified sent tile(cell(2,3),purple,4).
org notification: Tile [id=null, cell=Cell [x=3, y=0], subject=red, time=2015-04-17 16:35:19.699, clock=4]
org notified sent tile(cell(3,0),red,4).
org notification: Tile [id=null, cell=Cell [x=3, y=1], subject=orange, time=2015-04-17 16:35:19.7, clock=4]
org notified sent tile(cell(3,1),orange,4).
org notification: Tile [id=null, cell=Cell [x=3, y=2], subject=purple, time=2015-04-17 16:35:19.702, clock=4]
org notified sent tile(cell(3,2),purple,4).
org notification: Tile [id=null, cell=Cell [x=3, y=3], subject=green, time=2015-04-17 16:35:19.703, clock=4]
org notified sent tile(cell(3,3),green,4).
org notification: Goal [id=null, cell=Cell [x=3, y=0], time=2015-04-17 16:35:19.709, clock=4]
org notified sent goal(cell(3,0),4).
Organization notifies object (write): Obligation [subject=ra1, obligation=[surround(3, 0)], sanction=[reduce(g, 1000)], deadline=14, time=2015-04-17 16:35:19.716, clock=4]
Organization notifies object (write): Obligation [subject=a10, obligation=[west(3, 0, a10)], sanction=[reduce(a10, 1000)], deadline=14, time=2015-04-17 16:35:19.749, clock=4]
Organization notifies object (write): Obligation [subject=a20, obligation=[east(3, 0, a20)], sanction=[reduce(a20, 1000)], deadline=14, time=2015-04-17 16:35:19.752, clock=4]
object notification: Obligation [subject=a10, obligation=[west(3, 0, a10)], sanction=[reduce(a10, 1000)], deadline=14, time=2015-04-17 16:35:19.749, clock=4]
Event sent to object      a10 obligation([west(3, 0, a10)], 14, [reduce(a10, 1000)])
org notification: Tile [id=null, cell=Cell [x=0, y=0], subject=orange, time=2015-04-17 16:35:19.772, clock=4]
org notified sent tile(cell(0,0),orange,4).
org notification: Tile [id=null, cell=Cell [x=0, y=1], subject=green, time=2015-04-17 16:35:19.793, clock=4]
org notified sent tile(cell(0,1),green,4).
org notification: Tile [id=null, cell=Cell [x=0, y=2], subject=purple, time=2015-04-17 16:35:19.797, clock=4]
org notified sent tile(cell(0,2),purple,4).
org notification: Tile [id=null, cell=Cell [x=0, y=3], subject=red, time=2015-04-17 16:35:19.799, clock=4]
org notified sent tile(cell(0,3),red,4).
org notification: Tile [id=null, cell=Cell [x=1, y=0], subject=green, time=2015-04-17 16:35:19.803, clock=4]
org notified sent tile(cell(1,0),green,4).
org notification: Tile [id=null, cell=Cell [x=1, y=1], subject=green, time=2015-04-17 16:35:19.805, clock=4]
org notified sent tile(cell(1,1),green,4).
org notification: Tile [id=null, cell=Cell [x=1, y=2], subject=orange, time=2015-04-17 16:35:19.807, clock=4]
org notified sent tile(cell(1,2),orange,4).
org notification: Tile [id=null, cell=Cell [x=1, y=3], subject=red, time=2015-04-17 16:35:19.809, clock=4]
org notified sent tile(cell(1,3),red,4).
org notification: Tile [id=null, cell=Cell [x=2, y=0], subject=purple, time=2015-04-17 16:35:19.811, clock=4]
org notified sent tile(cell(2,0),purple,4).
org notification: Tile [id=null, cell=Cell [x=2, y=1], subject=red, time=2015-04-17 16:35:19.813, clock=4]
org notified sent tile(cell(2,1),red,4).
org notification: Tile [id=null, cell=Cell [x=2, y=2], subject=green, time=2015-04-17 16:35:19.816, clock=4]
org notified sent tile(cell(2,2),green,4).
org notification: Tile [id=null, cell=Cell [x=2, y=3], subject=purple, time=2015-04-17 16:35:19.817, clock=4]
org notified sent tile(cell(2,3),purple,4).
org notification: Tile [id=null, cell=Cell [x=3, y=0], subject=red, time=2015-04-17 16:35:19.819, clock=4]
org notified sent tile(cell(3,0),red,4).
org notification: Tile [id=null, cell=Cell [x=3, y=1], subject=orange, time=2015-04-17 16:35:19.822, clock=4]
org notified sent tile(cell(3,1),orange,4).
org notification: Tile [id=null, cell=Cell [x=3, y=2], subject=purple, time=2015-04-17 16:35:19.825, clock=4]
org notified sent tile(cell(3,2),purple,4).
org notification: Tile [id=null, cell=Cell [x=3, y=3], subject=green, time=2015-04-17 16:35:19.828, clock=4]
org notified sent tile(cell(3,3),green,4).
org notification: Goal [id=null, cell=Cell [x=3, y=0], time=2015-04-17 16:35:19.833, clock=4]
org notified sent goal(cell(3,0),4).
object notification: Time [clock=5, time=null]
Event sent to object      a10 clock(5)
org notification: Time [clock=5, time=null]
org notified sent time(5).
object notification: Time [clock=6, time=null]
org notification: Time [clock=6, time=null]
org notified sent time(6).
Event sent to object      a10 clock(6)
object notification: Time [clock=7, time=null]
org notification: Time [clock=7, time=null]
org notified sent time(7).
Event sent to object      a10 clock(7)
setPhases in ClientGameStatus, the current phase is Movement Phase
setPhases in ClientGameStatus, the current phase is Communication Phase
org notification: Tile [id=null, cell=Cell [x=0, y=0], subject=purple, time=2015-04-17 16:35:50.706, clock=7]
org notified sent tile(cell(0,0),purple,7).
org notification: Tile [id=null, cell=Cell [x=0, y=1], subject=green, time=2015-04-17 16:35:50.708, clock=7]
org notified sent tile(cell(0,1),green,7).
org notification: Tile [id=null, cell=Cell [x=0, y=2], subject=red, time=2015-04-17 16:35:50.709, clock=7]
org notified sent tile(cell(0,2),red,7).
org notification: Tile [id=null, cell=Cell [x=0, y=3], subject=orange, time=2015-04-17 16:35:50.711, clock=7]
org notified sent tile(cell(0,3),orange,7).
org notification: Tile [id=null, cell=Cell [x=1, y=0], subject=purple, time=2015-04-17 16:35:50.716, clock=7]
org notified sent tile(cell(1,0),purple,7).
org notification: Tile [id=null, cell=Cell [x=1, y=1], subject=green, time=2015-04-17 16:35:50.718, clock=7]
org notified sent tile(cell(1,1),green,7).
org notification: Tile [id=null, cell=Cell [x=1, y=2], subject=purple, time=2015-04-17 16:35:50.719, clock=7]
org notified sent tile(cell(1,2),purple,7).
org notification: Tile [id=null, cell=Cell [x=1, y=3], subject=red, time=2015-04-17 16:35:50.723, clock=7]
org notified sent tile(cell(1,3),red,7).
org notification: Tile [id=null, cell=Cell [x=2, y=0], subject=red, time=2015-04-17 16:35:50.725, clock=7]
org notified sent tile(cell(2,0),red,7).
org notification: Tile [id=null, cell=Cell [x=2, y=1], subject=green, time=2015-04-17 16:35:50.727, clock=7]
org notified sent tile(cell(2,1),green,7).
org notification: Tile [id=null, cell=Cell [x=2, y=2], subject=orange, time=2015-04-17 16:35:50.728, clock=7]
org notified sent tile(cell(2,2),orange,7).
org notification: Tile [id=null, cell=Cell [x=2, y=3], subject=purple, time=2015-04-17 16:35:50.73, clock=7]
org notified sent tile(cell(2,3),purple,7).
org notification: Tile [id=null, cell=Cell [x=3, y=0], subject=green, time=2015-04-17 16:35:50.732, clock=7]
org notified sent tile(cell(3,0),green,7).
org notification: Tile [id=null, cell=Cell [x=3, y=1], subject=red, time=2015-04-17 16:35:50.734, clock=7]
org notified sent tile(cell(3,1),red,7).
org notification: Tile [id=null, cell=Cell [x=3, y=2], subject=green, time=2015-04-17 16:35:50.735, clock=7]
org notified sent tile(cell(3,2),green,7).
org notification: Tile [id=null, cell=Cell [x=3, y=3], subject=purple, time=2015-04-17 16:35:50.739, clock=7]
org notified sent tile(cell(3,3),purple,7).
org notification: Goal [id=null, cell=Cell [x=3, y=0], time=2015-04-17 16:35:50.742, clock=7]
org notified sent goal(cell(3,0),7).
Organization notifies object (write): Obligation [subject=ra1, obligation=[surround(3, 0)], sanction=[reduce(g, 1000)], deadline=17, time=2015-04-17 16:35:50.754, clock=7]
Organization notifies object (write): Obligation [subject=a10, obligation=[west(3, 0, a10)], sanction=[reduce(a10, 1000)], deadline=17, time=2015-04-17 16:35:50.78, clock=7]
Organization notifies object (write): Obligation [subject=a20, obligation=[east(3, 0, a20)], sanction=[reduce(a20, 1000)], deadline=17, time=2015-04-17 16:35:50.784, clock=7]
org notification: Tile [id=null, cell=Cell [x=0, y=0], subject=purple, time=2015-04-17 16:35:50.779, clock=7]
org notified sent tile(cell(0,0),purple,7).
object notification: Obligation [subject=a10, obligation=[west(3, 0, a10)], sanction=[reduce(a10, 1000)], deadline=17, time=2015-04-17 16:35:50.78, clock=7]
Event sent to object      a10 obligation([west(3, 0, a10)], 17, [reduce(a10, 1000)])
org notification: Tile [id=null, cell=Cell [x=0, y=1], subject=green, time=2015-04-17 16:35:50.787, clock=7]
org notified sent tile(cell(0,1),green,7).
org notification: Tile [id=null, cell=Cell [x=0, y=2], subject=red, time=2015-04-17 16:35:50.795, clock=7]
org notified sent tile(cell(0,2),red,7).
org notification: Tile [id=null, cell=Cell [x=0, y=3], subject=orange, time=2015-04-17 16:35:50.799, clock=7]
org notified sent tile(cell(0,3),orange,7).
org notification: Tile [id=null, cell=Cell [x=1, y=0], subject=purple, time=2015-04-17 16:35:50.801, clock=7]
org notified sent tile(cell(1,0),purple,7).
org notification: Tile [id=null, cell=Cell [x=1, y=1], subject=green, time=2015-04-17 16:35:50.803, clock=7]
org notified sent tile(cell(1,1),green,7).
org notification: Tile [id=null, cell=Cell [x=1, y=2], subject=purple, time=2015-04-17 16:35:50.807, clock=7]
org notified sent tile(cell(1,2),purple,7).
org notification: Tile [id=null, cell=Cell [x=1, y=3], subject=red, time=2015-04-17 16:35:50.809, clock=7]
org notified sent tile(cell(1,3),red,7).
org notification: Tile [id=null, cell=Cell [x=2, y=0], subject=red, time=2015-04-17 16:35:50.811, clock=7]
org notified sent tile(cell(2,0),red,7).
org notification: Tile [id=null, cell=Cell [x=2, y=1], subject=green, time=2015-04-17 16:35:50.813, clock=7]
org notified sent tile(cell(2,1),green,7).
org notification: Tile [id=null, cell=Cell [x=2, y=2], subject=orange, time=2015-04-17 16:35:50.815, clock=7]
org notified sent tile(cell(2,2),orange,7).
org notification: Tile [id=null, cell=Cell [x=2, y=3], subject=purple, time=2015-04-17 16:35:50.818, clock=7]
org notified sent tile(cell(2,3),purple,7).
org notification: Tile [id=null, cell=Cell [x=3, y=0], subject=green, time=2015-04-17 16:35:50.82, clock=7]
org notified sent tile(cell(3,0),green,7).
org notification: Tile [id=null, cell=Cell [x=3, y=1], subject=red, time=2015-04-17 16:35:50.823, clock=7]
org notified sent tile(cell(3,1),red,7).
org notification: Tile [id=null, cell=Cell [x=3, y=2], subject=green, time=2015-04-17 16:35:50.825, clock=7]
org notified sent tile(cell(3,2),green,7).
org notification: Tile [id=null, cell=Cell [x=3, y=3], subject=purple, time=2015-04-17 16:35:50.827, clock=7]
org notified sent tile(cell(3,3),purple,7).
org notification: Goal [id=null, cell=Cell [x=3, y=0], time=2015-04-17 16:35:50.831, clock=7]
org notified sent goal(cell(3,0),7).
object notification: Time [clock=8, time=null]
org notification: Time [clock=8, time=null]
org notified sent time(8).
Event sent to object      a10 clock(8)
org notification: Time [clock=9, time=null]
org notified sent time(9).
object notification: Time [clock=9, time=null]
Event sent to object      a10 clock(9)
org notification: Time [clock=10, time=null]
org notified sent time(10).
object notification: Time [clock=10, time=null]
Event sent to object      a10 clock(10)
setPhases in ClientGameStatus, the current phase is Movement Phase
setPhases in ClientGameStatus, the current phase is Feedback Phase
object notification: Time [clock=11, time=null]
Event sent to object      a10 clock(11)
org notification: Time [clock=11, time=null]
org notified sent time(11).
(((((((((((((((((Game ended)))))))))))
Game ended 
My PlayerStatus is: Game Player...
PerGameId: 0.
PIN: 10.
Pos: (R:3,C:2).
Chips: { chips  'orange':1 'red':0 'purple':1 'green':0 }.
Score: -10.
Team: -1.

(((((((((((((((((Game ended)))))))))))
Game ended 
My PlayerStatus is: Game Player...
PerGameId: 0.
PIN: 10.
Pos: (R:3,C:2).
Chips: { chips  'orange':1 'red':0 'purple':1 'green':0 }.
Score: -10.
Team: -1.

org notification: Time [clock=12, time=null]
org notified sent time(12).
object notification: Time [clock=12, time=null]
Event sent to object      a10 clock(12)
object notification: Time [clock=13, time=null]
org notification: Time [clock=13, time=null]
org notified sent time(13).
Event sent to object      a10 clock(13)
object notification: Time [clock=14, time=null]
org notification: Time [clock=14, time=null]
org notified sent time(14).
Event sent to object      a10 clock(14)
object notification: Time [clock=15, time=null]
Event sent to object      a10 clock(15)
org notification: Time [clock=15, time=null]
org notified sent time(15).
object notification: Time [clock=16, time=null]
org notification: Time [clock=16, time=null]
org notified sent time(16).
Event sent to object      a10 clock(16)
org notification: Time [clock=17, time=null]
org notified sent time(17).
object notification: Time [clock=17, time=null]
Event sent to object      a10 clock(17)
object notification: Time [clock=18, time=null]
Event sent to object      a10 clock(18)
org notification: Time [clock=18, time=null]
org notified sent time(18).
object notification: Time [clock=19, time=null]
Event sent to object      a10 clock(19)
org notification: Time [clock=19, time=null]
org notified sent time(19).
object notification: Time [clock=20, time=null]
org notification: Time [clock=20, time=null]
org notified sent time(20).
Event sent to object      a10 clock(20)
object notification: Time [clock=21, time=null]
Event sent to object      a10 clock(21)
org notification: Time [clock=21, time=null]
org notified sent time(21).
org notification: Time [clock=22, time=null]
object notification: Time [clock=22, time=null]
org notified sent time(22).
Event sent to object      a10 clock(22)
object notification: Time [clock=23, time=null]
org notification: Time [clock=23, time=null]
org notified sent time(23).
Event sent to object      a10 clock(23)
object notification: Time [clock=24, time=null]
org notification: Time [clock=24, time=null]
org notified sent time(24).
Event sent to object      a10 clock(24)
object notification: Time [clock=25, time=null]
Event sent to object      a10 clock(25)
org notification: Time [clock=25, time=null]
org notified sent time(25).
object notification: Time [clock=26, time=null]
org notification: Time [clock=26, time=null]
org notified sent time(26).
Event sent to object      a10 clock(26)
object notification: Time [clock=27, time=null]
org notification: Time [clock=27, time=null]
org notified sent time(27).
Event sent to object      a10 clock(27)
object notification: Time [clock=28, time=null]
org notification: Time [clock=28, time=null]
Event sent to object      a10 clock(28)
org notified sent time(28).
object notification: Time [clock=29, time=null]
org notification: Time [clock=29, time=null]
org notified sent time(29).
Event sent to object      a10 clock(29)
org notification: Time [clock=30, time=null]
org notified sent time(30).
object notification: Time [clock=30, time=null]
Event sent to object      a10 clock(30)
object notification: Time [clock=31, time=null]
org notification: Time [clock=31, time=null]
org notified sent time(31).
Event sent to object      a10 clock(31)
