2015-04-17 21:36:19,675 CONFIG [com.gigaspaces.logger] - Log file: /Users/dxd/git/ct3/logs/2015-04-17~21.36-gigaspaces-service-192.168.0.40-35174.log
-------------------------last log tuples start--------------------------------
Prohibition [subject=a20, prohibition=[at(15, 16, a20, _)], sanction=[reduce(a20, 300)], clock=1, time=2015-04-17 21:35:58.582]
Time [clock=1, time=null]
Prohibition [subject=a20, prohibition=[at(15, 15, a20, _)], sanction=[reduce(a20, 300)], clock=1, time=2015-04-17 21:35:58.58]
Prohibition [subject=a20, prohibition=[at(16, 16, a20, _)], sanction=[reduce(a20, 300)], clock=1, time=2015-04-17 21:35:58.585]
Prohibition [subject=a10, prohibition=[at(16, 15, a10, _)], sanction=[reduce(a10, 300)], clock=1, time=2015-04-17 21:35:58.574]
Prohibition [subject=a20, prohibition=[at(16, 15, a20, _)], sanction=[reduce(a20, 300)], clock=1, time=2015-04-17 21:35:58.584]
Prohibition [subject=a10, prohibition=[at(15, 15, a10, _)], sanction=[reduce(a10, 300)], clock=1, time=2015-04-17 21:35:58.568]
Prohibition [subject=ra1, prohibition=[at(16, 16, ra1, _)], sanction=[reduce(ra1, 300)], clock=1, time=2015-04-17 21:35:58.592]
Prohibition [subject=a10, prohibition=[at(15, 16, a10, _)], sanction=[reduce(a10, 300)], clock=1, time=2015-04-17 21:35:58.571]
Prohibition [subject=ra1, prohibition=[at(16, 15, ra1, _)], sanction=[reduce(ra1, 300)], clock=1, time=2015-04-17 21:35:58.591]
Prohibition [subject=a10, prohibition=[at(16, 16, a10, _)], sanction=[reduce(a10, 300)], clock=1, time=2015-04-17 21:35:58.576]
Prohibition [subject=ra1, prohibition=[at(15, 16, ra1, _)], sanction=[reduce(ra1, 300)], clock=1, time=2015-04-17 21:35:58.589]
Prohibition [subject=ra1, prohibition=[at(15, 15, ra1, _)], sanction=[reduce(ra1, 300)], clock=1, time=2015-04-17 21:35:58.587]
-------------------------last log tuples end----------------------------------
[CTAH] started agent 10
[CTAH] Added a new agent to the game by the name of 10.
[ENV] added agent a10
org notification: Time [clock=1, time=null]
org notified sent time(1).
Organization notifies object (write): Prohibition [subject=a10, prohibition=[at(15, 15, a10, _)], sanction=[reduce(a10, 300)], clock=1, time=2015-04-17 21:36:30.636]
Organization notifies object (write): Prohibition [subject=a10, prohibition=[at(15, 16, a10, _)], sanction=[reduce(a10, 300)], clock=1, time=2015-04-17 21:36:30.639]
Organization notifies object (write): Prohibition [subject=a10, prohibition=[at(16, 15, a10, _)], sanction=[reduce(a10, 300)], clock=1, time=2015-04-17 21:36:30.642]
object notification: Time [clock=1, time=null]
Event sent to object      a10 clock(1)
object notification: Prohibition [subject=a10, prohibition=[at(15, 15, a10, _)], sanction=[reduce(a10, 300)], clock=1, time=2015-04-17 21:36:30.636]
Event sent to object      a10 prohibition([at(15, 15, a10, _)], [reduce(a10, 300)])
object notification: Prohibition [subject=a10, prohibition=[at(15, 16, a10, _)], sanction=[reduce(a10, 300)], clock=1, time=2015-04-17 21:36:30.639]
Event sent to object      a10 prohibition([at(15, 16, a10, _)], [reduce(a10, 300)])
object notification: Prohibition [subject=a10, prohibition=[at(16, 15, a10, _)], sanction=[reduce(a10, 300)], clock=1, time=2015-04-17 21:36:30.642]
Organization notifies object (write): Prohibition [subject=a10, prohibition=[at(16, 16, a10, _)], sanction=[reduce(a10, 300)], clock=1, time=2015-04-17 21:36:30.651]
Event sent to object      a10 prohibition([at(16, 15, a10, _)], [reduce(a10, 300)])
object notification: Prohibition [subject=a10, prohibition=[at(16, 16, a10, _)], sanction=[reduce(a10, 300)], clock=1, time=2015-04-17 21:36:30.651]
Organization notifies object (write): Prohibition [subject=a20, prohibition=[at(15, 15, a20, _)], sanction=[reduce(a20, 300)], clock=1, time=2015-04-17 21:36:30.655]
Event sent to object      a10 prohibition([at(16, 16, a10, _)], [reduce(a10, 300)])
Organization notifies object (write): Prohibition [subject=a20, prohibition=[at(15, 16, a20, _)], sanction=[reduce(a20, 300)], clock=1, time=2015-04-17 21:36:30.657]
Organization notifies object (write): Prohibition [subject=a20, prohibition=[at(16, 15, a20, _)], sanction=[reduce(a20, 300)], clock=1, time=2015-04-17 21:36:30.66]
Organization notifies object (write): Prohibition [subject=a20, prohibition=[at(16, 16, a20, _)], sanction=[reduce(a20, 300)], clock=1, time=2015-04-17 21:36:30.662]
Organization notifies object (write): Prohibition [subject=ra1, prohibition=[at(15, 15, ra1, _)], sanction=[reduce(ra1, 300)], clock=1, time=2015-04-17 21:36:30.665]
Organization notifies object (write): Prohibition [subject=ra1, prohibition=[at(15, 16, ra1, _)], sanction=[reduce(ra1, 300)], clock=1, time=2015-04-17 21:36:30.668]
Organization notifies object (write): Prohibition [subject=ra1, prohibition=[at(16, 15, ra1, _)], sanction=[reduce(ra1, 300)], clock=1, time=2015-04-17 21:36:30.67]
Organization notifies object (write): Prohibition [subject=ra1, prohibition=[at(16, 16, ra1, _)], sanction=[reduce(ra1, 300)], clock=1, time=2015-04-17 21:36:30.673]
object notification: Time [clock=2, time=null]
org notification: Time [clock=2, time=null]
org notified sent time(2).
Event sent to object      a10 clock(2)
org notification: Time [clock=3, time=null]
org notified sent time(3).
object notification: Time [clock=3, time=null]
Event sent to object      a10 clock(3)
#########################Game started
setPhases in ClientGameStatus, the current phase is 
setPhases in ClientGameStatus, the current phase is Communication Phase
org notification: Tile [id=null, cell=Cell [x=0, y=0], subject=green, time=2015-04-17 21:36:55.199, clock=0]
org notified sent tile(cell(0,0),green,0).
org notification: Tile [id=null, cell=Cell [x=0, y=1], subject=green, time=2015-04-17 21:36:55.319, clock=0]
org notified sent tile(cell(0,1),green,0).
org notification: Tile [id=null, cell=Cell [x=0, y=2], subject=red, time=2015-04-17 21:36:55.321, clock=0]
org notified sent tile(cell(0,2),red,0).
org notification: Tile [id=null, cell=Cell [x=0, y=3], subject=orange, time=2015-04-17 21:36:55.323, clock=0]
org notified sent tile(cell(0,3),orange,0).
org notification: Tile [id=null, cell=Cell [x=1, y=0], subject=green, time=2015-04-17 21:36:55.326, clock=0]
org notified sent tile(cell(1,0),green,0).
org notification: Tile [id=null, cell=Cell [x=1, y=1], subject=orange, time=2015-04-17 21:36:55.328, clock=0]
org notified sent tile(cell(1,1),orange,0).
org notification: Tile [id=null, cell=Cell [x=1, y=2], subject=red, time=2015-04-17 21:36:55.33, clock=0]
org notified sent tile(cell(1,2),red,0).
org notification: Tile [id=null, cell=Cell [x=1, y=3], subject=red, time=2015-04-17 21:36:55.334, clock=0]
org notified sent tile(cell(1,3),red,0).
org notification: Tile [id=null, cell=Cell [x=2, y=0], subject=red, time=2015-04-17 21:36:55.339, clock=0]
org notified sent tile(cell(2,0),red,0).
org notification: Tile [id=null, cell=Cell [x=2, y=1], subject=red, time=2015-04-17 21:36:55.343, clock=0]
org notified sent tile(cell(2,1),red,0).
org notification: Tile [id=null, cell=Cell [x=2, y=2], subject=green, time=2015-04-17 21:36:55.345, clock=0]
org notified sent tile(cell(2,2),green,0).
org notification: Tile [id=null, cell=Cell [x=2, y=3], subject=purple, time=2015-04-17 21:36:55.347, clock=0]
org notified sent tile(cell(2,3),purple,0).
org notification: Tile [id=null, cell=Cell [x=3, y=0], subject=red, time=2015-04-17 21:36:55.349, clock=0]
org notified sent tile(cell(3,0),red,0).
org notification: Tile [id=null, cell=Cell [x=3, y=1], subject=orange, time=2015-04-17 21:36:55.351, clock=0]
org notified sent tile(cell(3,1),orange,0).
org notification: Tile [id=null, cell=Cell [x=3, y=2], subject=purple, time=2015-04-17 21:36:55.353, clock=0]
org notified sent tile(cell(3,2),purple,0).
org notification: Tile [id=null, cell=Cell [x=3, y=3], subject=purple, time=2015-04-17 21:36:55.355, clock=0]
org notified sent tile(cell(3,3),purple,0).
org notification: Goal [id=null, cell=Cell [x=3, y=0], time=2015-04-17 21:36:55.385, clock=0]
org notified sent goal(cell(3,0),0).
Organization notifies object (write): Obligation [subject=ra1, obligation=[surround(3, 0)], sanction=[reduce(g, 1000)], deadline=13, time=2015-04-17 21:36:55.401, clock=3]
Organization notifies object (write): Obligation [subject=a10, obligation=[west(3, 0, a10)], sanction=[reduce(a10, 1000)], deadline=13, time=2015-04-17 21:36:55.415, clock=3]
Organization notifies object (write): Obligation [subject=a20, obligation=[east(3, 0, a20)], sanction=[reduce(a20, 1000)], deadline=13, time=2015-04-17 21:36:55.418, clock=3]
#########################Game Initialized
AGENT Thread-10: current phase name: Communication Phase
we have 1 goals
we have GoalWeight: 100  DistWeight: -10  ChipWeight: 5  CommWeight: 0 scoring
org notification: Time [clock=4, time=null]
org notified sent time(4).
object notification: Time [clock=4, time=null]
Event sent to object      a10 clock(4)
object notification: Obligation [subject=a10, obligation=[west(3, 0, a10)], sanction=[reduce(a10, 1000)], deadline=13, time=2015-04-17 21:36:55.415, clock=3]
Event sent to object      a10 obligation([west(3, 0, a10)], 13, [reduce(a10, 1000)])
org notification: Position [subject=a20, id=null, cell=Cell [x=0, y=0], time=2015-04-17 21:37:00.685, clock=4]
org notified sent position(a20,cell(0,0),4).
org notification: Chip [id=null, agent=a20, time=2015-04-17 21:37:00.693, color=orange, clock=4, number=1]
org notified sent chip(a20,orange,1,4).
org notification: Chip [id=null, agent=a20, time=2015-04-17 21:37:00.703, color=red, clock=4, number=1]
org notified sent chip(a20,red,1,4).
org notification: Chip [id=null, agent=a20, time=2015-04-17 21:37:00.705, color=purple, clock=4, number=3]
org notified sent chip(a20,purple,3,4).
org notification: Position [subject=a10, id=null, cell=Cell [x=3, y=3], time=2015-04-17 21:37:00.707, clock=4]
org notified sent position(a10,cell(3,3),4).
org notification: Chip [id=null, agent=a20, time=2015-04-17 21:37:00.706, color=green, clock=4, number=2]
org notified sent chip(a20,green,2,4).
org notification: Chip [id=null, agent=a10, time=2015-04-17 21:37:00.709, color=orange, clock=4, number=2]
org notified sent chip(a10,orange,2,4).
org notification: Chip [id=null, agent=a10, time=2015-04-17 21:37:00.71, color=red, clock=4, number=3]
org notified sent chip(a10,red,3,4).
org notification: Chip [id=null, agent=a10, time=2015-04-17 21:37:00.711, color=purple, clock=4, number=1]
org notified sent chip(a10,purple,1,4).
org notification: Chip [id=null, agent=a10, time=2015-04-17 21:37:00.713, color=green, clock=4, number=2]
org notified sent chip(a10,green,2,4).
org notification: Time [clock=5, time=null]
org notified sent time(5).
object notification: Time [clock=5, time=null]
Event sent to object      a10 clock(5)
org notification: Time [clock=6, time=null]
org notified sent time(6).
object notification: Time [clock=6, time=null]
Event sent to object      a10 clock(6)
setPhases in ClientGameStatus, the current phase is Movement Phase
setPhases in ClientGameStatus, the current phase is Communication Phase
org notification: Tile [id=null, cell=Cell [x=0, y=0], subject=orange, time=2015-04-17 21:37:26.221, clock=6]
org notified sent tile(cell(0,0),orange,6).
org notification: Tile [id=null, cell=Cell [x=0, y=1], subject=green, time=2015-04-17 21:37:26.223, clock=6]
org notified sent tile(cell(0,1),green,6).
org notification: Tile [id=null, cell=Cell [x=0, y=2], subject=purple, time=2015-04-17 21:37:26.224, clock=6]
org notified sent tile(cell(0,2),purple,6).
org notification: Tile [id=null, cell=Cell [x=0, y=3], subject=red, time=2015-04-17 21:37:26.225, clock=6]
org notified sent tile(cell(0,3),red,6).
org notification: Tile [id=null, cell=Cell [x=1, y=0], subject=green, time=2015-04-17 21:37:26.227, clock=6]
org notified sent tile(cell(1,0),green,6).
org notification: Tile [id=null, cell=Cell [x=1, y=1], subject=green, time=2015-04-17 21:37:26.228, clock=6]
org notified sent tile(cell(1,1),green,6).
org notification: Tile [id=null, cell=Cell [x=1, y=2], subject=orange, time=2015-04-17 21:37:26.229, clock=6]
org notified sent tile(cell(1,2),orange,6).
org notification: Tile [id=null, cell=Cell [x=1, y=3], subject=red, time=2015-04-17 21:37:26.23, clock=6]
org notified sent tile(cell(1,3),red,6).
org notification: Tile [id=null, cell=Cell [x=2, y=0], subject=purple, time=2015-04-17 21:37:26.231, clock=6]
org notified sent tile(cell(2,0),purple,6).
org notification: Tile [id=null, cell=Cell [x=2, y=1], subject=red, time=2015-04-17 21:37:26.233, clock=6]
org notified sent tile(cell(2,1),red,6).
org notification: Tile [id=null, cell=Cell [x=2, y=2], subject=green, time=2015-04-17 21:37:26.234, clock=6]
org notified sent tile(cell(2,2),green,6).
org notification: Tile [id=null, cell=Cell [x=2, y=3], subject=purple, time=2015-04-17 21:37:26.236, clock=6]
org notified sent tile(cell(2,3),purple,6).
org notification: Tile [id=null, cell=Cell [x=3, y=0], subject=red, time=2015-04-17 21:37:26.237, clock=6]
org notified sent tile(cell(3,0),red,6).
org notification: Tile [id=null, cell=Cell [x=3, y=1], subject=orange, time=2015-04-17 21:37:26.238, clock=6]
org notified sent tile(cell(3,1),orange,6).
org notification: Tile [id=null, cell=Cell [x=3, y=2], subject=purple, time=2015-04-17 21:37:26.24, clock=6]
org notified sent tile(cell(3,2),purple,6).
org notification: Tile [id=null, cell=Cell [x=3, y=3], subject=green, time=2015-04-17 21:37:26.241, clock=6]
org notified sent tile(cell(3,3),green,6).
org notification: Goal [id=null, cell=Cell [x=3, y=0], time=2015-04-17 21:37:26.247, clock=6]
org notified sent goal(cell(3,0),6).
Organization notifies object (write): Obligation [subject=ra1, obligation=[surround(3, 0)], sanction=[reduce(g, 1000)], deadline=16, time=2015-04-17 21:37:26.269, clock=6]
Organization notifies object (write): Obligation [subject=a10, obligation=[west(3, 0, a10)], sanction=[reduce(a10, 1000)], deadline=16, time=2015-04-17 21:37:26.271, clock=6]
Organization notifies object (write): Obligation [subject=a20, obligation=[east(3, 0, a20)], sanction=[reduce(a20, 1000)], deadline=16, time=2015-04-17 21:37:26.273, clock=6]
object notification: Obligation [subject=a10, obligation=[west(3, 0, a10)], sanction=[reduce(a10, 1000)], deadline=16, time=2015-04-17 21:37:26.271, clock=6]
Event sent to object      a10 obligation([west(3, 0, a10)], 16, [reduce(a10, 1000)])
org notification: Time [clock=7, time=null]
org notified sent time(7).
object notification: Time [clock=7, time=null]
Event sent to object      a10 clock(7)
org notification: Chip [id=null, agent=a20, time=2015-04-17 21:37:30.648, color=orange, clock=7, number=2]
org notified sent chip(a20,orange,2,7).
org notification: Chip [id=null, agent=a20, time=2015-04-17 21:37:30.65, color=red, clock=7, number=1]
org notified sent chip(a20,red,1,7).
org notification: Chip [id=null, agent=a20, time=2015-04-17 21:37:30.652, color=purple, clock=7, number=3]
org notified sent chip(a20,purple,3,7).
org notification: Chip [id=null, agent=a20, time=2015-04-17 21:37:30.655, color=green, clock=7, number=1]
org notified sent chip(a20,green,1,7).
org notification: Chip [id=null, agent=a10, time=2015-04-17 21:37:30.66, color=orange, clock=7, number=3]
org notified sent chip(a10,orange,3,7).
org notification: Chip [id=null, agent=a10, time=2015-04-17 21:37:30.662, color=red, clock=7, number=2]
org notified sent chip(a10,red,2,7).
org notification: Chip [id=null, agent=a10, time=2015-04-17 21:37:30.664, color=purple, clock=7, number=1]
org notified sent chip(a10,purple,1,7).
org notification: Chip [id=null, agent=a10, time=2015-04-17 21:37:30.666, color=green, clock=7, number=0]
org notified sent chip(a10,green,0,7).
Received a class edu.harvard.eecs.airg.coloredtrails.shared.discourse.BasicProposalDiscourseMessage
[MSG] Message is of type: basicproposal
[MSG] Message is for: 0
[MSG] i'm: 0
org notification: Proposal [id=7136, agent=a20, agent2=a10, clock=7, time=2015-04-17 21:37:35.04]
org notified sent proposal(7136,a20,a10,7).
Received a proposal creating event
org notification: Response [id=7136, response=accepted, clock=7, time=2015-04-17 21:37:35.076]
org notified sent response(7136,accepted,7).
org notification: Time [clock=8, time=null]
org notified sent time(8).
object notification: Time [clock=8, time=null]
Event sent to object      a10 clock(8)
Event processed UpdateClock(1)
Event processed adoptProhibition(at(15, 15, a10, _), reduce(a10, 300))
Event processed adoptProhibition(at(15, 16, a10, _), reduce(a10, 300))
Event processed adoptProhibition(at(16, 15, a10, _), reduce(a10, 300))
Event processed adoptProhibition(at(16, 16, a10, _), reduce(a10, 300))
Event processed UpdateClock(2)
Event processed UpdateClock(3)
Event processed @ctenv(functionToList(message(game_initialized)),LIST,0); if B(LIST=[actionresult([TYPE,ID])]) then if B(TYPE=proposal) then {ReceivedMessage(TYPE, ID, open); adopta(received(TYPE, ID, closed) : Infinite, priority 1)} else if B(LIST=[actionresult([TYPE,ID,RESPONSE])]) then if B(TYPE=response) then ReceivedMessage(RESPONSE, ID) else if B(LIST=[actionresult([TYPE])]) then ReceivedEvent(TYPE) else if B(LIST=[actionresult([TYPE,AGENT,ID,RESPONSE])]) then if B(TYPE=proposal) then ReceivedProposal(AGENT, ID, RESPONSE)
Event processed UpdateClock(4)
Event processed adoptObligation(west(3, 0, a10), 13, reduce(a10, 1000))
Event processed UpdateClock(5)
Event processed UpdateClock(6)
Event processed @ctenv(functionToList(message(phasechange)),LIST,0); if B(LIST=[actionresult([TYPE,ID])]) then if B(TYPE=proposal) then {ReceivedMessage(TYPE, ID, open); adopta(received(TYPE, ID, closed) : Infinite, priority 1)} else if B(LIST=[actionresult([TYPE,ID,RESPONSE])]) then if B(TYPE=response) then ReceivedMessage(RESPONSE, ID) else if B(LIST=[actionresult([TYPE])]) then ReceivedEvent(TYPE) else if B(LIST=[actionresult([TYPE,AGENT,ID,RESPONSE])]) then if B(TYPE=proposal) then ReceivedProposal(AGENT, ID, RESPONSE)
Event processed @ctenv(functionToList(message(phasechange)),LIST,0); if B(LIST=[actionresult([TYPE,ID])]) then if B(TYPE=proposal) then {ReceivedMessage(TYPE, ID, open); adopta(received(TYPE, ID, closed) : Infinite, priority 1)} else if B(LIST=[actionresult([TYPE,ID,RESPONSE])]) then if B(TYPE=response) then ReceivedMessage(RESPONSE, ID) else if B(LIST=[actionresult([TYPE])]) then ReceivedEvent(TYPE) else if B(LIST=[actionresult([TYPE,AGENT,ID,RESPONSE])]) then if B(TYPE=proposal) then ReceivedProposal(AGENT, ID, RESPONSE)
Event processed adoptObligation(west(3, 0, a10), 16, reduce(a10, 1000))
Event processed UpdateClock(7)
Event processed @ctenv(functionToList(proposal(proposal, 1, 7136, accept)),LIST,0); if B(LIST=[actionresult([TYPE,ID])]) then if B(TYPE=proposal) then {ReceivedMessage(TYPE, ID, open); adopta(received(TYPE, ID, closed) : Infinite, priority 1)} else if B(LIST=[actionresult([TYPE,ID,RESPONSE])]) then if B(TYPE=response) then ReceivedMessage(RESPONSE, ID) else if B(LIST=[actionresult([TYPE])]) then ReceivedEvent(TYPE) else if B(LIST=[actionresult([TYPE,AGENT,ID,RESPONSE])]) then if B(TYPE=proposal) then ReceivedProposal(AGENT, ID, RESPONSE)
Event processed UpdateClock(8)
[CTAH] Array of Terms: [Lapapl.data.Term;@399c123d
[CTAH] The created APLList : [game_initialized]
[CTAH] Array of Terms: [Lapapl.data.Term;@35718057
[CTAH] The created APLList : [phasechange]
[CTAH] Array of Terms: [Lapapl.data.Term;@f816b6e
[CTAH] The created APLList : [phasechange]
[CTAH] Array of Terms: [Lapapl.data.Term;@79b40ab5
[CTAH] The created APLList : [proposal,1,7136,accept]
write a10
Agent writes: Position [subject=a10, id=null, cell=Cell [x=2, y=3], time=2015-04-17 21:37:44.836, clock=8]
org notification: Position [subject=a10, id=null, cell=Cell [x=2, y=3], time=2015-04-17 21:37:44.836, clock=8]
org notified sent position(a10,cell(2,3),8).
write a10
Agent writes: Position [subject=a10, id=null, cell=Cell [x=2, y=2], time=2015-04-17 21:37:45.49, clock=8]
org notification: Position [subject=a10, id=null, cell=Cell [x=2, y=2], time=2015-04-17 21:37:45.49, clock=8]
org notified sent position(a10,cell(2,2),8).
write a10
Agent writes: Position [subject=a10, id=null, cell=Cell [x=2, y=1], time=2015-04-17 21:37:46.081, clock=8]
org notification: Position [subject=a10, id=null, cell=Cell [x=2, y=1], time=2015-04-17 21:37:46.081, clock=8]
org notified sent position(a10,cell(2,1),8).
write a10
Agent writes: Position [subject=a10, id=null, cell=Cell [x=2, y=0], time=2015-04-17 21:37:46.657, clock=8]
org notification: Position [subject=a10, id=null, cell=Cell [x=2, y=0], time=2015-04-17 21:37:46.657, clock=8]
org notified sent position(a10,cell(2,0),8).
org notification: Time [clock=9, time=null]
object notification: Time [clock=9, time=null]
org notified sent time(9).
Event sent to object      a10 clock(9)
Event processed UpdateClock(9)
setPhases in ClientGameStatus, the current phase is Movement Phase
Event processed @ctenv(functionToList(message(phasechange)),LIST,0); if B(LIST=[actionresult([TYPE,ID])]) then if B(TYPE=proposal) then {ReceivedMessage(TYPE, ID, open); adopta(received(TYPE, ID, closed) : Infinite, priority 1)} else if B(LIST=[actionresult([TYPE,ID,RESPONSE])]) then if B(TYPE=response) then ReceivedMessage(RESPONSE, ID) else if B(LIST=[actionresult([TYPE])]) then ReceivedEvent(TYPE) else if B(LIST=[actionresult([TYPE,AGENT,ID,RESPONSE])]) then if B(TYPE=proposal) then ReceivedProposal(AGENT, ID, RESPONSE)
[CTAH] Array of Terms: [Lapapl.data.Term;@7cd1be26
[CTAH] The created APLList : [phasechange]
setPhases in ClientGameStatus, the current phase is Communication Phase
Event processed @ctenv(functionToList(message(phasechange)),LIST,0); if B(LIST=[actionresult([TYPE,ID])]) then if B(TYPE=proposal) then {ReceivedMessage(TYPE, ID, open); adopta(received(TYPE, ID, closed) : Infinite, priority 1)} else if B(LIST=[actionresult([TYPE,ID,RESPONSE])]) then if B(TYPE=response) then ReceivedMessage(RESPONSE, ID) else if B(LIST=[actionresult([TYPE])]) then ReceivedEvent(TYPE) else if B(LIST=[actionresult([TYPE,AGENT,ID,RESPONSE])]) then if B(TYPE=proposal) then ReceivedProposal(AGENT, ID, RESPONSE)
org notification: Tile [id=null, cell=Cell [x=0, y=0], subject=purple, time=2015-04-17 21:37:57.233, clock=9]
org notified sent tile(cell(0,0),purple,9).
org notification: Tile [id=null, cell=Cell [x=0, y=1], subject=green, time=2015-04-17 21:37:57.234, clock=9]
org notified sent tile(cell(0,1),green,9).
org notification: Tile [id=null, cell=Cell [x=0, y=2], subject=red, time=2015-04-17 21:37:57.236, clock=9]
org notified sent tile(cell(0,2),red,9).
org notification: Tile [id=null, cell=Cell [x=0, y=3], subject=orange, time=2015-04-17 21:37:57.237, clock=9]
org notified sent tile(cell(0,3),orange,9).
org notification: Tile [id=null, cell=Cell [x=1, y=0], subject=purple, time=2015-04-17 21:37:57.239, clock=9]
org notified sent tile(cell(1,0),purple,9).
org notification: Tile [id=null, cell=Cell [x=1, y=1], subject=green, time=2015-04-17 21:37:57.241, clock=9]
org notified sent tile(cell(1,1),green,9).
org notification: Tile [id=null, cell=Cell [x=1, y=2], subject=purple, time=2015-04-17 21:37:57.242, clock=9]
org notified sent tile(cell(1,2),purple,9).
org notification: Tile [id=null, cell=Cell [x=1, y=3], subject=red, time=2015-04-17 21:37:57.243, clock=9]
org notified sent tile(cell(1,3),red,9).
org notification: Tile [id=null, cell=Cell [x=2, y=0], subject=red, time=2015-04-17 21:37:57.245, clock=9]
org notified sent tile(cell(2,0),red,9).
org notification: Tile [id=null, cell=Cell [x=2, y=1], subject=green, time=2015-04-17 21:37:57.246, clock=9]
org notified sent tile(cell(2,1),green,9).
org notification: Tile [id=null, cell=Cell [x=2, y=2], subject=orange, time=2015-04-17 21:37:57.248, clock=9]
org notified sent tile(cell(2,2),orange,9).
org notification: Tile [id=null, cell=Cell [x=2, y=3], subject=purple, time=2015-04-17 21:37:57.249, clock=9]
org notified sent tile(cell(2,3),purple,9).
org notification: Tile [id=null, cell=Cell [x=3, y=0], subject=green, time=2015-04-17 21:37:57.251, clock=9]
org notified sent tile(cell(3,0),green,9).
org notification: Tile [id=null, cell=Cell [x=3, y=1], subject=red, time=2015-04-17 21:37:57.252, clock=9]
org notified sent tile(cell(3,1),red,9).
org notification: Tile [id=null, cell=Cell [x=3, y=2], subject=green, time=2015-04-17 21:37:57.253, clock=9]
org notified sent tile(cell(3,2),green,9).
org notification: Tile [id=null, cell=Cell [x=3, y=3], subject=purple, time=2015-04-17 21:37:57.255, clock=9]
org notified sent tile(cell(3,3),purple,9).
org notification: Goal [id=null, cell=Cell [x=3, y=0], time=2015-04-17 21:37:57.261, clock=9]
org notified sent goal(cell(3,0),9).
Organization notifies object (write): Obligation [subject=ra1, obligation=[surround(3, 0)], sanction=[reduce(g, 1000)], deadline=19, time=2015-04-17 21:37:57.265, clock=9]
Organization notifies object (write): Obligation [subject=a10, obligation=[west(3, 0, a10)], sanction=[reduce(a10, 1000)], deadline=19, time=2015-04-17 21:37:57.311, clock=9]
Organization notifies object (write): Obligation [subject=a20, obligation=[east(3, 0, a20)], sanction=[reduce(a20, 1000)], deadline=19, time=2015-04-17 21:37:57.313, clock=9]
object notification: Obligation [subject=a10, obligation=[west(3, 0, a10)], sanction=[reduce(a10, 1000)], deadline=19, time=2015-04-17 21:37:57.311, clock=9]
Event sent to object      a10 obligation([west(3, 0, a10)], 19, [reduce(a10, 1000)])
[CTAH] Array of Terms: [Lapapl.data.Term;@31598bd
[CTAH] The created APLList : [phasechange]
Event processed adoptObligation(west(3, 0, a10), 19, reduce(a10, 1000))
object notification: Time [clock=10, time=null]
org notification: Time [clock=10, time=null]
org notified sent time(10).
Event sent to object      a10 clock(10)
org notification: Chip [id=null, agent=a20, time=2015-04-17 21:38:00.652, color=orange, clock=10, number=1]
org notified sent chip(a20,orange,1,10).
org notification: Chip [id=null, agent=a20, time=2015-04-17 21:38:00.654, color=red, clock=10, number=1]
org notified sent chip(a20,red,1,10).
org notification: Chip [id=null, agent=a20, time=2015-04-17 21:38:00.655, color=purple, clock=10, number=2]
org notified sent chip(a20,purple,2,10).
org notification: Chip [id=null, agent=a20, time=2015-04-17 21:38:00.656, color=green, clock=10, number=0]
org notified sent chip(a20,green,0,10).
org notification: Chip [id=null, agent=a10, time=2015-04-17 21:38:00.657, color=orange, clock=10, number=1]
org notified sent chip(a10,orange,1,10).
org notification: Chip [id=null, agent=a10, time=2015-04-17 21:38:00.659, color=red, clock=10, number=0]
org notified sent chip(a10,red,0,10).
Event processed UpdateClock(10)
org notification: Chip [id=null, agent=a10, time=2015-04-17 21:38:00.66, color=purple, clock=10, number=1]
org notified sent chip(a10,purple,1,10).
org notification: Chip [id=null, agent=a10, time=2015-04-17 21:38:00.661, color=green, clock=10, number=1]
org notified sent chip(a10,green,1,10).
Received a class edu.harvard.eecs.airg.coloredtrails.shared.discourse.BasicProposalDiscourseMessage
[MSG] Message is of type: basicproposal
[MSG] Message is for: 0
[MSG] i'm: 0
org notification: Proposal [id=217, agent=a20, agent2=a10, clock=10, time=2015-04-17 21:38:04.667]
org notified sent proposal(217,a20,a10,10).
Received a proposal creating event
org notification: Response [id=217, response=rejected, clock=10, time=2015-04-17 21:38:04.688]
org notified sent response(217,rejected,10).
Event processed @ctenv(functionToList(proposal(proposal, 1, 217, reject)),LIST,0); if B(LIST=[actionresult([TYPE,ID])]) then if B(TYPE=proposal) then {ReceivedMessage(TYPE, ID, open); adopta(received(TYPE, ID, closed) : Infinite, priority 1)} else if B(LIST=[actionresult([TYPE,ID,RESPONSE])]) then if B(TYPE=response) then ReceivedMessage(RESPONSE, ID) else if B(LIST=[actionresult([TYPE])]) then ReceivedEvent(TYPE) else if B(LIST=[actionresult([TYPE,AGENT,ID,RESPONSE])]) then if B(TYPE=proposal) then ReceivedProposal(AGENT, ID, RESPONSE)
[CTAH] Array of Terms: [Lapapl.data.Term;@6ed2ce52
[CTAH] The created APLList : [proposal,1,217,reject]
org notification: Time [clock=11, time=null]
org notified sent time(11).
object notification: Time [clock=11, time=null]
Event sent to object      a10 clock(11)
Event processed UpdateClock(11)
org notification: Time [clock=12, time=null]
object notification: Time [clock=12, time=null]
org notified sent time(12).
Event sent to object      a10 clock(12)
Event processed UpdateClock(12)
setPhases in ClientGameStatus, the current phase is Movement Phase
Event processed @ctenv(functionToList(message(phasechange)),LIST,0); if B(LIST=[actionresult([TYPE,ID])]) then if B(TYPE=proposal) then {ReceivedMessage(TYPE, ID, open); adopta(received(TYPE, ID, closed) : Infinite, priority 1)} else if B(LIST=[actionresult([TYPE,ID,RESPONSE])]) then if B(TYPE=response) then ReceivedMessage(RESPONSE, ID) else if B(LIST=[actionresult([TYPE])]) then ReceivedEvent(TYPE) else if B(LIST=[actionresult([TYPE,AGENT,ID,RESPONSE])]) then if B(TYPE=proposal) then ReceivedProposal(AGENT, ID, RESPONSE)
[CTAH] Array of Terms: [Lapapl.data.Term;@5799212e
[CTAH] The created APLList : [phasechange]
setPhases in ClientGameStatus, the current phase is Feedback Phase
Event processed @ctenv(functionToList(message(phasechange)),LIST,0); if B(LIST=[actionresult([TYPE,ID])]) then if B(TYPE=proposal) then {ReceivedMessage(TYPE, ID, open); adopta(received(TYPE, ID, closed) : Infinite, priority 1)} else if B(LIST=[actionresult([TYPE,ID,RESPONSE])]) then if B(TYPE=response) then ReceivedMessage(RESPONSE, ID) else if B(LIST=[actionresult([TYPE])]) then ReceivedEvent(TYPE) else if B(LIST=[actionresult([TYPE,AGENT,ID,RESPONSE])]) then if B(TYPE=proposal) then ReceivedProposal(AGENT, ID, RESPONSE)
[CTAH] Array of Terms: [Lapapl.data.Term;@313e9d4d
[CTAH] The created APLList : [phasechange]
(((((((((((((((((Game ended)))))))))))
Game ended 
My PlayerStatus is: Game Player...
PerGameId: 0.
PIN: 10.
Pos: (R:3,C:2).
Chips: { chips  'orange':1 'red':0 'purple':1 'green':0 }.
Score: -10.
Team: -1.

Event processed @ctenv(functionToList(message(game_ended)),LIST,0); if B(LIST=[actionresult([TYPE,ID])]) then if B(TYPE=proposal) then {ReceivedMessage(TYPE, ID, open); adopta(received(TYPE, ID, closed) : Infinite, priority 1)} else if B(LIST=[actionresult([TYPE,ID,RESPONSE])]) then if B(TYPE=response) then ReceivedMessage(RESPONSE, ID) else if B(LIST=[actionresult([TYPE])]) then ReceivedEvent(TYPE) else if B(LIST=[actionresult([TYPE,AGENT,ID,RESPONSE])]) then if B(TYPE=proposal) then ReceivedProposal(AGENT, ID, RESPONSE)
[CTAH] Array of Terms: [Lapapl.data.Term;@376846f7
[CTAH] The created APLList : [game_ended]
object notification: Time [clock=13, time=null]
Event sent to object      a10 clock(13)
org notification: Time [clock=13, time=null]
org notified sent time(13).
org notification: Position [subject=a20, id=null, cell=Cell [x=2, y=0], time=2015-04-17 21:38:30.657, clock=13]
org notified sent position(a20,cell(2,0),13).
org notification: Chip [id=null, agent=a20, time=2015-04-17 21:38:30.659, color=orange, clock=13, number=1]
org notified sent chip(a20,orange,1,13).
org notification: Chip [id=null, agent=a20, time=2015-04-17 21:38:30.665, color=red, clock=13, number=0]
org notified sent chip(a20,red,0,13).
org notification: Position [subject=a10, id=null, cell=Cell [x=3, y=2], time=2015-04-17 21:38:30.67, clock=13]
org notified sent position(a10,cell(3,2),13).
org notification: Chip [id=null, agent=a20, time=2015-04-17 21:38:30.667, color=purple, clock=13, number=1]
org notified sent chip(a20,purple,1,13).
org notification: Chip [id=null, agent=a20, time=2015-04-17 21:38:30.668, color=green, clock=13, number=0]
org notified sent chip(a20,green,0,13).
org notification: Chip [id=null, agent=a10, time=2015-04-17 21:38:30.672, color=orange, clock=13, number=1]
org notified sent chip(a10,orange,1,13).
org notification: Chip [id=null, agent=a10, time=2015-04-17 21:38:30.674, color=red, clock=13, number=0]
org notified sent chip(a10,red,0,13).
org notification: Chip [id=null, agent=a10, time=2015-04-17 21:38:30.675, color=purple, clock=13, number=1]
org notified sent chip(a10,purple,1,13).
org notification: Chip [id=null, agent=a10, time=2015-04-17 21:38:30.676, color=green, clock=13, number=0]
org notified sent chip(a10,green,0,13).
Event processed UpdateClock(13)
org notification: Time [clock=14, time=null]
org notified sent time(14).
object notification: Time [clock=14, time=null]
Event sent to object      a10 clock(14)
Event processed UpdateClock(14)
object notification: Time [clock=15, time=null]
org notification: Time [clock=15, time=null]
org notified sent time(15).
Event sent to object      a10 clock(15)
Event processed UpdateClock(15)
object notification: Time [clock=16, time=null]
org notification: Time [clock=16, time=null]
org notified sent time(16).
Event sent to object      a10 clock(16)
Event processed UpdateClock(16)
org notification: Time [clock=17, time=null]
org notified sent time(17).
object notification: Time [clock=17, time=null]
Event sent to object      a10 clock(17)
Event processed UpdateClock(17)
object notification: Time [clock=18, time=null]
org notification: Time [clock=18, time=null]
org notified sent time(18).
Event sent to object      a10 clock(18)
Event processed UpdateClock(18)
object notification: Time [clock=19, time=null]
org notification: Time [clock=19, time=null]
org notified sent time(19).
Event sent to object      a10 clock(19)
Event processed UpdateClock(19)
object notification: Time [clock=20, time=null]
org notification: Time [clock=20, time=null]
org notified sent time(20).
Event sent to object      a10 clock(20)
Event processed UpdateClock(20)
org notification: Time [clock=21, time=null]
org notified sent time(21).
object notification: Time [clock=21, time=null]
Event sent to object      a10 clock(21)
Event processed UpdateClock(21)
org notification: Time [clock=22, time=null]
org notified sent time(22).
object notification: Time [clock=22, time=null]
Event sent to object      a10 clock(22)
Event processed UpdateClock(22)
org notification: Time [clock=23, time=null]
org notified sent time(23).
object notification: Time [clock=23, time=null]
Event sent to object      a10 clock(23)
Event processed UpdateClock(23)
