2015-05-18 18:43:58,636 CONFIG [com.gigaspaces.logger] - Log file: /Users/dxd/git/ct3/logs/2015-05-18~18.43-gigaspaces-service-10.154.155.90-65417.log
-------------------------last log tuples start--------------------------------
Goal [id=null, cell=Cell [x=2, y=2], agent=null, time=2015-05-18 18:28:02.912, clock=0]
Position [subject=a30, id=null, cell=Cell [x=4, y=4], time=2015-05-18 18:28:09.828, clock=2]
Points [subject=a40, time=2015-05-18 18:27:59.842, clock=1, value=700, id=null]
Points [subject=a10, time=2015-05-18 18:29:49.822, clock=12, value=575, id=null]
Position [subject=a10, id=null, cell=Cell [x=0, y=0], time=2015-05-18 18:28:09.836, clock=2]
Position [subject=a30, id=null, cell=Cell [x=3, y=2], time=2015-05-18 18:29:19.817, clock=9]
Time [clock=41, time=2015-05-18 18:34:40.194]
Position [subject=a40, id=null, cell=Cell [x=4, y=0], time=2015-05-18 18:28:09.817, clock=2]
Prohibition [subject=a20, prohibition=[rejectRequests(a20)], sanction=[reduce(a20, 500)], clock=1, time=2015-05-18 18:27:59.789]
Tile [id=null, cell=Cell [x=2, y=2], subject=brown, time=2015-05-18 18:28:02.823, clock=0]
SetGoal [id=null, agent=a40, cell=Cell [x=2, y=3], goal=Cell [x=2, y=2], sanction=100, clock=1, time=2015-05-18 18:28:07.069]
Prohibition [subject=a10, prohibition=[moveTooFast(a10)], sanction=[reduce(a10, 300)], clock=1, time=2015-05-18 18:27:59.796]
Prohibition [subject=a20, prohibition=[moveTooFast(a20)], sanction=[reduce(a20, 300)], clock=1, time=2015-05-18 18:27:59.8]
Color [id=null, color=green, agent=a40, type=no, sanction=100, time=2015-05-18 18:28:08.023, clock=1]
Prohibition [subject=a30, prohibition=[rejectRequests(a30)], sanction=[reduce(a30, 500)], clock=1, time=2015-05-18 18:27:59.791]
Time [clock=89, time=2015-05-18 18:42:48.922]
Tile [id=null, cell=Cell [x=3, y=3], subject=myblue, time=2015-05-18 18:28:02.844, clock=0]
Points [subject=a30, time=2015-05-18 18:29:49.827, clock=12, value=575, id=null]
Color [id=null, color=green, agent=a20, type=no, sanction=100, time=2015-05-18 18:28:07.823, clock=1]
Position [subject=a10, id=null, cell=Cell [x=2, y=1], time=2015-05-18 18:29:19.819, clock=9]
Time [clock=78, time=2015-05-18 18:40:56.133]
Prohibition [subject=a30, prohibition=[moveTooFast(a30)], sanction=[reduce(a30, 300)], clock=1, time=2015-05-18 18:27:59.803]
SetGoal [id=null, agent=a30, cell=Cell [x=3, y=2], goal=Cell [x=2, y=2], sanction=100, clock=1, time=2015-05-18 18:28:06.792]
Time [clock=86, time=2015-05-18 18:42:18.023]
Position [subject=a40, id=null, cell=Cell [x=2, y=3], time=2015-05-18 18:29:19.812, clock=9]
Points [subject=a20, time=2015-05-18 18:27:59.837, clock=1, value=700, id=null]
Color [id=null, color=green, agent=a40, type=yes, sanction=100, time=2015-05-18 18:28:07.599, clock=1]
Color [id=null, color=green, agent=a10, type=yes, sanction=100, time=2015-05-18 18:28:07.256, clock=1]
Time [clock=87, time=2015-05-18 18:42:28.31]
Time [clock=81, time=2015-05-18 18:41:26.669]
Color [id=null, color=green, agent=a30, type=no, sanction=100, time=2015-05-18 18:28:07.916, clock=1]
Time [clock=49, time=2015-05-18 18:36:00.211]
Position [subject=a20, id=null, cell=Cell [x=0, y=4], time=2015-05-18 18:28:09.833, clock=2]
Time [clock=79, time=2015-05-18 18:41:06.428]
Time [clock=80, time=2015-05-18 18:41:16.441]
Time [clock=71, time=2015-05-18 18:39:44.736]
Color [id=null, color=green, agent=a10, type=no, sanction=100, time=2015-05-18 18:28:07.735, clock=1]
Points [subject=a40, time=2015-05-18 18:29:49.83, clock=12, value=575, id=null]
Time [clock=72, time=2015-05-18 18:39:54.739]
Color [id=null, color=green, agent=a30, type=yes, sanction=100, time=2015-05-18 18:28:07.486, clock=1]
Color [id=null, color=green, agent=a20, type=yes, sanction=100, time=2015-05-18 18:28:07.369, clock=1]
SetGoal [id=null, agent=a10, cell=Cell [x=2, y=1], goal=Cell [x=2, y=2], sanction=100, clock=1, time=2015-05-18 18:28:06.363]
Time [clock=77, time=2015-05-18 18:40:45.821]
Tile [id=null, cell=Cell [x=1, y=4], subject=myblue, time=2015-05-18 18:28:02.81, clock=0]
Time [clock=53, time=2015-05-18 18:36:40.221]
SetGoal [id=null, agent=a20, cell=Cell [x=1, y=2], goal=Cell [x=2, y=2], sanction=100, clock=1, time=2015-05-18 18:28:06.595]
Time [clock=82, time=2015-05-18 18:41:36.972]
Prohibition [subject=a40, prohibition=[moveTooFast(a40)], sanction=[reduce(a40, 300)], clock=1, time=2015-05-18 18:27:59.806]
Prohibition [subject=a10, prohibition=[rejectRequests(a10)], sanction=[reduce(a10, 500)], clock=1, time=2015-05-18 18:27:59.786]
Prohibition [subject=a40, prohibition=[rejectRequests(a40)], sanction=[reduce(a40, 500)], clock=1, time=2015-05-18 18:27:59.794]
Time [clock=75, time=2015-05-18 18:40:25.32]
Points [subject=a30, time=2015-05-18 18:27:59.84, clock=1, value=700, id=null]
Time [clock=73, time=2015-05-18 18:40:04.941]
Tile [id=null, cell=Cell [x=1, y=1], subject=yellow, time=2015-05-18 18:28:02.797, clock=0]
Points [subject=a20, time=2015-05-18 18:29:49.825, clock=12, value=575, id=null]
Tile [id=null, cell=Cell [x=4, y=1], subject=myblue, time=2015-05-18 18:28:02.852, clock=0]
Time [clock=64, time=2015-05-18 18:38:33.257]
Points [subject=a10, time=2015-05-18 18:27:59.835, clock=1, value=700, id=null]
Time [clock=83, time=2015-05-18 18:41:47.26]
Time [clock=66, time=2015-05-18 18:38:53.616]
Time [clock=60, time=2015-05-18 18:37:51.053]
Obligation [subject=a30, obligation=[at(3, 2, a30)], sanction=[reduce(a30, 500)], deadline=7, time=2015-05-18 18:28:06.795, clock=1]
Tile [id=null, cell=Cell [x=4, y=3], subject=myblue, time=2015-05-18 18:28:02.859, clock=0]
Obligation [subject=a10, obligation=[at(2, 1, a10)], sanction=[reduce(a10, 500)], deadline=7, time=2015-05-18 18:28:06.377, clock=1]
Obligation [subject=a10, obligation=[surround(2, 2)], sanction=[reduce(g, 500)], deadline=11, time=2015-05-18 18:28:02.958, clock=1]
Time [clock=20, time=2015-05-18 18:31:10.081]
Time [clock=84, time=2015-05-18 18:41:57.474]
Obligation [subject=a40, obligation=[at(2, 3, a40)], sanction=[reduce(a40, 500)], deadline=7, time=2015-05-18 18:28:07.073, clock=1]
Obligation [subject=a20, obligation=[at(1, 2, a20)], sanction=[reduce(a20, 500)], deadline=7, time=2015-05-18 18:28:06.6, clock=1]
Time [clock=63, time=2015-05-18 18:38:22.823]
Time [clock=57, time=2015-05-18 18:37:20.702]
Time [clock=88, time=2015-05-18 18:42:38.624]
Time [clock=52, time=2015-05-18 18:36:30.218]
Time [clock=32, time=2015-05-18 18:33:10.126]
Time [clock=47, time=2015-05-18 18:35:40.206]
Time [clock=69, time=2015-05-18 18:39:24.488]
Time [clock=35, time=2015-05-18 18:33:40.132]
Time [clock=85, time=2015-05-18 18:42:07.763]
Time [clock=58, time=2015-05-18 18:37:30.895]
Time [clock=45, time=2015-05-18 18:35:20.202]
Time [clock=24, time=2015-05-18 18:31:50.089]
Time [clock=68, time=2015-05-18 18:39:14.093]
Time [clock=55, time=2015-05-18 18:37:00.225]
Time [clock=61, time=2015-05-18 18:38:01.504]
Time [clock=50, time=2015-05-18 18:36:10.213]
Time [clock=51, time=2015-05-18 18:36:20.216]
Tile [id=null, cell=Cell [x=4, y=0], subject=brown, time=2015-05-18 18:28:02.849, clock=0]
Time [clock=59, time=2015-05-18 18:37:41.051]
Time [clock=18, time=2015-05-18 18:30:50.078]
Time [clock=14, time=2015-05-18 18:30:09.824]
Tile [id=null, cell=Cell [x=4, y=4], subject=brown, time=2015-05-18 18:28:02.862, clock=0]
Time [clock=48, time=2015-05-18 18:35:50.209]
Time [clock=54, time=2015-05-18 18:36:50.223]
Time [clock=43, time=2015-05-18 18:35:00.198]
Time [clock=37, time=2015-05-18 18:34:00.142]
Time [clock=74, time=2015-05-18 18:40:15.097]
Time [clock=67, time=2015-05-18 18:39:04.038]
Time [clock=42, time=2015-05-18 18:34:50.195]
Time [clock=30, time=2015-05-18 18:32:50.118]
Time [clock=70, time=2015-05-18 18:39:34.626]
Time [clock=36, time=2015-05-18 18:33:50.14]
Time [clock=11, time=2015-05-18 18:29:39.804]
Time [clock=29, time=2015-05-18 18:32:40.116]
Time [clock=40, time=2015-05-18 18:34:30.191]
Tile [id=null, cell=Cell [x=2, y=1], subject=white, time=2015-05-18 18:28:02.819, clock=0]
Time [clock=33, time=2015-05-18 18:33:20.128]
Time [clock=34, time=2015-05-18 18:33:30.13]
Time [clock=16, time=2015-05-18 18:30:30.066]
Time [clock=15, time=2015-05-18 18:30:19.826]
Time [clock=9, time=2015-05-18 18:29:19.799]
Time [clock=22, time=2015-05-18 18:31:30.084]
Tile [id=null, cell=Cell [x=3, y=1], subject=yellow, time=2015-05-18 18:28:02.837, clock=0]
Time [clock=21, time=2015-05-18 18:31:20.083]
Time [clock=19, time=2015-05-18 18:31:00.08]
Time [clock=12, time=2015-05-18 18:29:49.806]
Time [clock=76, time=2015-05-18 18:40:35.597]
Time [clock=23, time=2015-05-18 18:31:40.087]
Time [clock=13, time=2015-05-18 18:29:59.822]
Time [clock=39, time=2015-05-18 18:34:20.147]
Time [clock=46, time=2015-05-18 18:35:30.204]
Time [clock=28, time=2015-05-18 18:32:30.114]
Time [clock=27, time=2015-05-18 18:32:20.102]
Time [clock=7, time=2015-05-18 18:28:59.796]
Tile [id=null, cell=Cell [x=3, y=2], subject=myblue, time=2015-05-18 18:28:02.84, clock=0]
Time [clock=8, time=2015-05-18 18:29:09.797]
Time [clock=2, time=2015-05-18 18:28:09.787]
Time [clock=26, time=2015-05-18 18:32:10.1]
Time [clock=5, time=2015-05-18 18:28:39.792]
Time [clock=6, time=2015-05-18 18:28:49.794]
Time [clock=17, time=2015-05-18 18:30:40.073]
Time [clock=10, time=2015-05-18 18:29:29.802]
Time [clock=1, time=2015-05-18 18:27:59.763]
Time [clock=62, time=2015-05-18 18:38:12.099]
Time [clock=3, time=2015-05-18 18:28:19.789]
Time [clock=56, time=2015-05-18 18:37:10.418]
Time [clock=31, time=2015-05-18 18:33:00.123]
Time [clock=38, time=2015-05-18 18:34:10.145]
Time [clock=65, time=2015-05-18 18:38:43.459]
Time [clock=44, time=2015-05-18 18:35:10.2]
Time [clock=25, time=2015-05-18 18:32:00.098]
Time [clock=4, time=2015-05-18 18:28:29.791]
Tile [id=null, cell=Cell [x=2, y=0], subject=white, time=2015-05-18 18:28:02.815, clock=0]
Tile [id=null, cell=Cell [x=3, y=0], subject=white, time=2015-05-18 18:28:02.831, clock=0]
Tile [id=null, cell=Cell [x=4, y=2], subject=yellow, time=2015-05-18 18:28:02.854, clock=0]
Tile [id=null, cell=Cell [x=0, y=0], subject=brown, time=2015-05-18 18:28:02.722, clock=0]
Tile [id=null, cell=Cell [x=1, y=3], subject=white, time=2015-05-18 18:28:02.803, clock=0]
Tile [id=null, cell=Cell [x=0, y=4], subject=brown, time=2015-05-18 18:28:02.768, clock=0]
Tile [id=null, cell=Cell [x=0, y=3], subject=yellow, time=2015-05-18 18:28:02.763, clock=0]
Tile [id=null, cell=Cell [x=0, y=2], subject=white, time=2015-05-18 18:28:02.757, clock=0]
Tile [id=null, cell=Cell [x=1, y=2], subject=white, time=2015-05-18 18:28:02.801, clock=0]
Tile [id=null, cell=Cell [x=2, y=3], subject=myblue, time=2015-05-18 18:28:02.825, clock=0]
Tile [id=null, cell=Cell [x=3, y=4], subject=yellow, time=2015-05-18 18:28:02.847, clock=0]
Tile [id=null, cell=Cell [x=0, y=1], subject=brown, time=2015-05-18 18:28:02.755, clock=0]
Tile [id=null, cell=Cell [x=2, y=4], subject=white, time=2015-05-18 18:28:02.829, clock=0]
Tile [id=null, cell=Cell [x=1, y=0], subject=brown, time=2015-05-18 18:28:02.776, clock=0]
-------------------------last log tuples end----------------------------------
[CTAH] started agent 10
[CTAH] Added a new agent to the game by the name of 10.
[ENV] added agent a10
[CTAH] started agent 30
[CTAH] Added a new agent to the game by the name of 30.
[ENV] added agent a30
[CTAH] started agent 40
[CTAH] Added a new agent to the game by the name of 40.
[ENV] added agent a40
#########################Game started
#########################Game started
#########################Game started
setPhases in ClientGameStatus, the current phase is 
setPhases in ClientGameStatus, the current phase is 
setPhases in ClientGameStatus, the current phase is 
setPhases in ClientGameStatus, the current phase is Norm Phase
setPhases in ClientGameStatus, the current phase is Norm Phase
setPhases in ClientGameStatus, the current phase is Norm Phase
#########################Game Initialized
AGENT Thread-15: current phase name: Norm Phase
we have 1 goals
we have GoalWeight: 100  DistWeight: -10  ChipWeight: 5  CommWeight: 0 scoring
#########################Game Initialized
AGENT Thread-13: current phase name: Norm Phase
we have 1 goals
we have GoalWeight: 100  DistWeight: -10  ChipWeight: 5  CommWeight: 0 scoring
#########################Game Initialized
AGENT Thread-11: current phase name: Norm Phase
we have 1 goals
we have GoalWeight: 100  DistWeight: -10  ChipWeight: 5  CommWeight: 0 scoring
Event processed @ctenv(functionToList(message(game_initialized)),LIST,0); if B(LIST=[actionresult([TYPE,ID])]) then if B(TYPE=proposal) then {ReceivedMessage(TYPE, ID, open); adopta(received(TYPE, ID, closed) : Infinite, priority 1)} else if B(LIST=[actionresult([TYPE,ID,RESPONSE])]) then if B(TYPE=response) then ReceivedMessage(RESPONSE, ID) else if B(LIST=[actionresult([TYPE])]) then ReceivedEvent(TYPE) else if B(LIST=[actionresult([TYPE,AGENT,ID,RESPONSE])]) then if B(TYPE=proposal) then ReceivedProposal(AGENT, ID, RESPONSE)
Event processed @ctenv(functionToList(message(game_initialized)),LIST,0); if B(LIST=[actionresult([TYPE,ID])]) then if B(TYPE=proposal) then {ReceivedMessage(TYPE, ID, open); adopta(received(TYPE, ID, closed) : Infinite, priority 1)} else if B(LIST=[actionresult([TYPE,ID,RESPONSE])]) then if B(TYPE=response) then ReceivedMessage(RESPONSE, ID) else if B(LIST=[actionresult([TYPE])]) then ReceivedEvent(TYPE) else if B(LIST=[actionresult([TYPE,AGENT,ID,RESPONSE])]) then if B(TYPE=proposal) then ReceivedProposal(AGENT, ID, RESPONSE)
Event processed @ctenv(functionToList(message(game_initialized)),LIST,0); if B(LIST=[actionresult([TYPE,ID])]) then if B(TYPE=proposal) then {ReceivedMessage(TYPE, ID, open); adopta(received(TYPE, ID, closed) : Infinite, priority 1)} else if B(LIST=[actionresult([TYPE,ID,RESPONSE])]) then if B(TYPE=response) then ReceivedMessage(RESPONSE, ID) else if B(LIST=[actionresult([TYPE])]) then ReceivedEvent(TYPE) else if B(LIST=[actionresult([TYPE,AGENT,ID,RESPONSE])]) then if B(TYPE=proposal) then ReceivedProposal(AGENT, ID, RESPONSE)
[CTAH] Array of Terms: [Lapapl.data.Term;@3dd00beb
[CTAH] The created APLList : [game_initialized]
[CTAH] Array of Terms: [Lapapl.data.Term;@16360771
[CTAH] The created APLList : [game_initialized]
[CTAH] Array of Terms: [Lapapl.data.Term;@1d076683
[CTAH] The created APLList : [game_initialized]
setPhases in ClientGameStatus, the current phase is Communication Phase
setPhases in ClientGameStatus, the current phase is Communication Phase
setPhases in ClientGameStatus, the current phase is Communication Phase
Event processed @ctenv(functionToList(message(phasechange)),LIST,0); if B(LIST=[actionresult([TYPE,ID])]) then if B(TYPE=proposal) then {ReceivedMessage(TYPE, ID, open); adopta(received(TYPE, ID, closed) : Infinite, priority 1)} else if B(LIST=[actionresult([TYPE,ID,RESPONSE])]) then if B(TYPE=response) then ReceivedMessage(RESPONSE, ID) else if B(LIST=[actionresult([TYPE])]) then ReceivedEvent(TYPE) else if B(LIST=[actionresult([TYPE,AGENT,ID,RESPONSE])]) then if B(TYPE=proposal) then ReceivedProposal(AGENT, ID, RESPONSE)
[CTAH] Array of Terms: [Lapapl.data.Term;@33e2e8cc
[CTAH] The created APLList : [phasechange]
Event processed @ctenv(functionToList(message(phasechange)),LIST,0); if B(LIST=[actionresult([TYPE,ID])]) then if B(TYPE=proposal) then {ReceivedMessage(TYPE, ID, open); adopta(received(TYPE, ID, closed) : Infinite, priority 1)} else if B(LIST=[actionresult([TYPE,ID,RESPONSE])]) then if B(TYPE=response) then ReceivedMessage(RESPONSE, ID) else if B(LIST=[actionresult([TYPE])]) then ReceivedEvent(TYPE) else if B(LIST=[actionresult([TYPE,AGENT,ID,RESPONSE])]) then if B(TYPE=proposal) then ReceivedProposal(AGENT, ID, RESPONSE)
[CTAH] Array of Terms: [Lapapl.data.Term;@4c057cc6
[CTAH] The created APLList : [phasechange]
Event processed @ctenv(functionToList(message(phasechange)),LIST,0); if B(LIST=[actionresult([TYPE,ID])]) then if B(TYPE=proposal) then {ReceivedMessage(TYPE, ID, open); adopta(received(TYPE, ID, closed) : Infinite, priority 1)} else if B(LIST=[actionresult([TYPE,ID,RESPONSE])]) then if B(TYPE=response) then ReceivedMessage(RESPONSE, ID) else if B(LIST=[actionresult([TYPE])]) then ReceivedEvent(TYPE) else if B(LIST=[actionresult([TYPE,AGENT,ID,RESPONSE])]) then if B(TYPE=proposal) then ReceivedProposal(AGENT, ID, RESPONSE)
object notification: Tile [id=null, cell=Cell [x=0, y=0], subject=brown, time=2015-05-18 18:44:19.192, clock=0]
[CTAH] Array of Terms: [Lapapl.data.Term;@1ddf7713
[CTAH] The created APLList : [phasechange]
org notification: Time [clock=1, time=2015-05-18 18:44:09.806]
org notified sent time(1).
object notification: Time [clock=1, time=2015-05-18 18:44:09.806]
Event sent to object      a10 clock(1)
org notification: Tile [id=null, cell=Cell [x=0, y=0], subject=brown, time=2015-05-18 18:44:19.192, clock=0]
org notified sent tile(cell(0,0),brown,0).
Organization notifies object (write): Prohibition [subject=a10, prohibition=[rejectRequests(a10)], sanction=[reduce(a10, 500)], clock=3, time=2015-05-18 18:44:30.081]
object notification: Time [clock=1, time=2015-05-18 18:44:09.806]
Event sent to object      a40 clock(1)
object notification: Tile [id=null, cell=Cell [x=0, y=0], subject=brown, time=2015-05-18 18:44:19.192, clock=0]
object notification: Tile [id=null, cell=Cell [x=0, y=1], subject=brown, time=2015-05-18 18:44:19.217, clock=0]
object notification: Tile [id=null, cell=Cell [x=0, y=0], subject=brown, time=2015-05-18 18:44:19.192, clock=0]
Organization notifies object (write): Prohibition [subject=a20, prohibition=[rejectRequests(a20)], sanction=[reduce(a20, 500)], clock=3, time=2015-05-18 18:44:30.087]
Organization notifies object (write): Prohibition [subject=a30, prohibition=[rejectRequests(a30)], sanction=[reduce(a30, 500)], clock=3, time=2015-05-18 18:44:30.09]
Organization notifies object (write): Prohibition [subject=a40, prohibition=[rejectRequests(a40)], sanction=[reduce(a40, 500)], clock=3, time=2015-05-18 18:44:30.093]
Organization notifies object (write): Prohibition [subject=a10, prohibition=[moveTooFast(a10)], sanction=[reduce(a10, 300)], clock=3, time=2015-05-18 18:44:30.097]
Organization notifies object (write): Prohibition [subject=a20, prohibition=[moveTooFast(a20)], sanction=[reduce(a20, 300)], clock=3, time=2015-05-18 18:44:30.099]
Organization notifies object (write): Prohibition [subject=a30, prohibition=[moveTooFast(a30)], sanction=[reduce(a30, 300)], clock=3, time=2015-05-18 18:44:30.102]
Organization notifies object (write): Prohibition [subject=a40, prohibition=[moveTooFast(a40)], sanction=[reduce(a40, 300)], clock=3, time=2015-05-18 18:44:30.105]
object notification: Tile [id=null, cell=Cell [x=0, y=1], subject=brown, time=2015-05-18 18:44:19.217, clock=0]
object notification: Tile [id=null, cell=Cell [x=0, y=1], subject=brown, time=2015-05-18 18:44:19.217, clock=0]
object notification: Tile [id=null, cell=Cell [x=0, y=2], subject=white, time=2015-05-18 18:44:19.218, clock=0]
object notification: Time [clock=1, time=2015-05-18 18:44:09.806]
Event sent to object      a30 clock(1)
object notification: Tile [id=null, cell=Cell [x=0, y=3], subject=yellow, time=2015-05-18 18:44:19.22, clock=0]
object notification: Tile [id=null, cell=Cell [x=0, y=4], subject=brown, time=2015-05-18 18:44:19.221, clock=0]
object notification: Tile [id=null, cell=Cell [x=1, y=0], subject=brown, time=2015-05-18 18:44:19.222, clock=0]
object notification: Tile [id=null, cell=Cell [x=0, y=2], subject=white, time=2015-05-18 18:44:19.218, clock=0]
object notification: Tile [id=null, cell=Cell [x=0, y=3], subject=yellow, time=2015-05-18 18:44:19.22, clock=0]
object notification: Tile [id=null, cell=Cell [x=0, y=4], subject=brown, time=2015-05-18 18:44:19.221, clock=0]
object notification: Tile [id=null, cell=Cell [x=1, y=0], subject=brown, time=2015-05-18 18:44:19.222, clock=0]
object notification: Tile [id=null, cell=Cell [x=1, y=1], subject=yellow, time=2015-05-18 18:44:19.223, clock=0]
object notification: Tile [id=null, cell=Cell [x=1, y=2], subject=white, time=2015-05-18 18:44:19.224, clock=0]
object notification: Tile [id=null, cell=Cell [x=1, y=1], subject=yellow, time=2015-05-18 18:44:19.223, clock=0]
object notification: Tile [id=null, cell=Cell [x=1, y=2], subject=white, time=2015-05-18 18:44:19.224, clock=0]
object notification: Tile [id=null, cell=Cell [x=1, y=3], subject=white, time=2015-05-18 18:44:19.225, clock=0]
object notification: Tile [id=null, cell=Cell [x=1, y=3], subject=white, time=2015-05-18 18:44:19.225, clock=0]
object notification: Tile [id=null, cell=Cell [x=1, y=4], subject=myblue, time=2015-05-18 18:44:19.226, clock=0]
object notification: Tile [id=null, cell=Cell [x=2, y=0], subject=white, time=2015-05-18 18:44:19.228, clock=0]
object notification: Tile [id=null, cell=Cell [x=2, y=1], subject=white, time=2015-05-18 18:44:19.229, clock=0]
object notification: Time [clock=2, time=2015-05-18 18:44:19.819]
object notification: Tile [id=null, cell=Cell [x=2, y=2], subject=brown, time=2015-05-18 18:44:19.23, clock=0]
object notification: Tile [id=null, cell=Cell [x=2, y=3], subject=myblue, time=2015-05-18 18:44:19.231, clock=0]
object notification: Tile [id=null, cell=Cell [x=2, y=4], subject=white, time=2015-05-18 18:44:19.232, clock=0]
Event sent to object      a30 clock(2)
object notification: Time [clock=2, time=2015-05-18 18:44:19.819]
Event sent to object      a10 clock(2)
object notification: Time [clock=3, time=2015-05-18 18:44:29.822]
Event sent to object      a30 clock(3)
object notification: Time [clock=3, time=2015-05-18 18:44:29.822]
Event sent to object      a10 clock(3)
object notification: Time [clock=2, time=2015-05-18 18:44:19.819]
Event sent to object      a40 clock(2)
object notification: Time [clock=3, time=2015-05-18 18:44:29.822]
Event sent to object      a40 clock(3)
org notification: Goal [id=null, cell=Cell [x=2, y=2], agent=null, time=2015-05-18 18:44:19.26, clock=0]
org notified sent goal(cell(2,2),null,0).
object notification: Tile [id=null, cell=Cell [x=0, y=2], subject=white, time=2015-05-18 18:44:19.218, clock=0]
object notification: Tile [id=null, cell=Cell [x=0, y=3], subject=yellow, time=2015-05-18 18:44:19.22, clock=0]
object notification: Tile [id=null, cell=Cell [x=0, y=4], subject=brown, time=2015-05-18 18:44:19.221, clock=0]
object notification: Tile [id=null, cell=Cell [x=1, y=0], subject=brown, time=2015-05-18 18:44:19.222, clock=0]
object notification: Tile [id=null, cell=Cell [x=1, y=1], subject=yellow, time=2015-05-18 18:44:19.223, clock=0]
object notification: Tile [id=null, cell=Cell [x=1, y=2], subject=white, time=2015-05-18 18:44:19.224, clock=0]
object notification: Tile [id=null, cell=Cell [x=3, y=0], subject=white, time=2015-05-18 18:44:19.233, clock=0]
object notification: Tile [id=null, cell=Cell [x=1, y=3], subject=white, time=2015-05-18 18:44:19.225, clock=0]
object notification: Tile [id=null, cell=Cell [x=3, y=1], subject=yellow, time=2015-05-18 18:44:19.235, clock=0]
object notification: Tile [id=null, cell=Cell [x=1, y=4], subject=myblue, time=2015-05-18 18:44:19.226, clock=0]
object notification: Tile [id=null, cell=Cell [x=3, y=2], subject=myblue, time=2015-05-18 18:44:19.236, clock=0]
object notification: Tile [id=null, cell=Cell [x=2, y=0], subject=white, time=2015-05-18 18:44:19.228, clock=0]
object notification: Tile [id=null, cell=Cell [x=3, y=3], subject=myblue, time=2015-05-18 18:44:19.237, clock=0]
object notification: Tile [id=null, cell=Cell [x=2, y=1], subject=white, time=2015-05-18 18:44:19.229, clock=0]
object notification: Tile [id=null, cell=Cell [x=3, y=4], subject=yellow, time=2015-05-18 18:44:19.238, clock=0]
object notification: Tile [id=null, cell=Cell [x=2, y=2], subject=brown, time=2015-05-18 18:44:19.23, clock=0]
object notification: Tile [id=null, cell=Cell [x=4, y=0], subject=brown, time=2015-05-18 18:44:19.239, clock=0]
object notification: Tile [id=null, cell=Cell [x=2, y=3], subject=myblue, time=2015-05-18 18:44:19.231, clock=0]
object notification: Tile [id=null, cell=Cell [x=4, y=1], subject=myblue, time=2015-05-18 18:44:19.24, clock=0]
object notification: Tile [id=null, cell=Cell [x=2, y=4], subject=white, time=2015-05-18 18:44:19.232, clock=0]
object notification: Tile [id=null, cell=Cell [x=4, y=2], subject=yellow, time=2015-05-18 18:44:19.241, clock=0]
object notification: Tile [id=null, cell=Cell [x=3, y=0], subject=white, time=2015-05-18 18:44:19.233, clock=0]
object notification: Tile [id=null, cell=Cell [x=4, y=3], subject=myblue, time=2015-05-18 18:44:19.242, clock=0]
object notification: Tile [id=null, cell=Cell [x=3, y=1], subject=yellow, time=2015-05-18 18:44:19.235, clock=0]
object notification: Tile [id=null, cell=Cell [x=4, y=4], subject=brown, time=2015-05-18 18:44:19.244, clock=0]
object notification: Tile [id=null, cell=Cell [x=3, y=2], subject=myblue, time=2015-05-18 18:44:19.236, clock=0]
object notification: Prohibition [subject=a40, prohibition=[rejectRequests(a40)], sanction=[reduce(a40, 500)], clock=3, time=2015-05-18 18:44:30.093]
Event sent to object      a40 prohibition([rejectRequests(a40)]], [reduce(a40, 500)])
object notification: Tile [id=null, cell=Cell [x=3, y=3], subject=myblue, time=2015-05-18 18:44:19.237, clock=0]
object notification: Tile [id=null, cell=Cell [x=1, y=4], subject=myblue, time=2015-05-18 18:44:19.226, clock=0]
object notification: Prohibition [subject=a30, prohibition=[rejectRequests(a30)], sanction=[reduce(a30, 500)], clock=3, time=2015-05-18 18:44:30.09]
object notification: Prohibition [subject=a40, prohibition=[moveTooFast(a40)], sanction=[reduce(a40, 300)], clock=3, time=2015-05-18 18:44:30.105]
Event sent to object      a30 prohibition([rejectRequests(a30)]], [reduce(a30, 500)])
Event sent to object      a40 prohibition([moveTooFast(a40)]], [reduce(a40, 300)])
object notification: Prohibition [subject=a10, prohibition=[rejectRequests(a10)], sanction=[reduce(a10, 500)], clock=3, time=2015-05-18 18:44:30.081]
Event sent to object      a10 prohibition([rejectRequests(a10)]], [reduce(a10, 500)])
object notification: Prohibition [subject=a30, prohibition=[moveTooFast(a30)], sanction=[reduce(a30, 300)], clock=3, time=2015-05-18 18:44:30.102]
Event sent to object      a30 prohibition([moveTooFast(a30)]], [reduce(a30, 300)])
object notification: Tile [id=null, cell=Cell [x=2, y=0], subject=white, time=2015-05-18 18:44:19.228, clock=0]
object notification: Tile [id=null, cell=Cell [x=3, y=4], subject=yellow, time=2015-05-18 18:44:19.238, clock=0]
object notification: Prohibition [subject=a10, prohibition=[moveTooFast(a10)], sanction=[reduce(a10, 300)], clock=3, time=2015-05-18 18:44:30.097]
object notification: Tile [id=null, cell=Cell [x=4, y=0], subject=brown, time=2015-05-18 18:44:19.239, clock=0]
Event sent to object      a10 prohibition([moveTooFast(a10)]], [reduce(a10, 300)])
object notification: Tile [id=null, cell=Cell [x=2, y=1], subject=white, time=2015-05-18 18:44:19.229, clock=0]
object notification: Tile [id=null, cell=Cell [x=2, y=2], subject=brown, time=2015-05-18 18:44:19.23, clock=0]
object notification: Tile [id=null, cell=Cell [x=4, y=1], subject=myblue, time=2015-05-18 18:44:19.24, clock=0]
object notification: Tile [id=null, cell=Cell [x=4, y=2], subject=yellow, time=2015-05-18 18:44:19.241, clock=0]
object notification: Tile [id=null, cell=Cell [x=2, y=3], subject=myblue, time=2015-05-18 18:44:19.231, clock=0]
object notification: Tile [id=null, cell=Cell [x=4, y=3], subject=myblue, time=2015-05-18 18:44:19.242, clock=0]
object notification: Tile [id=null, cell=Cell [x=2, y=4], subject=white, time=2015-05-18 18:44:19.232, clock=0]
object notification: Tile [id=null, cell=Cell [x=3, y=0], subject=white, time=2015-05-18 18:44:19.233, clock=0]
object notification: Tile [id=null, cell=Cell [x=3, y=1], subject=yellow, time=2015-05-18 18:44:19.235, clock=0]
object notification: Tile [id=null, cell=Cell [x=3, y=2], subject=myblue, time=2015-05-18 18:44:19.236, clock=0]
object notification: Tile [id=null, cell=Cell [x=3, y=3], subject=myblue, time=2015-05-18 18:44:19.237, clock=0]
object notification: Tile [id=null, cell=Cell [x=3, y=4], subject=yellow, time=2015-05-18 18:44:19.238, clock=0]
object notification: Tile [id=null, cell=Cell [x=4, y=0], subject=brown, time=2015-05-18 18:44:19.239, clock=0]
object notification: Tile [id=null, cell=Cell [x=4, y=1], subject=myblue, time=2015-05-18 18:44:19.24, clock=0]
object notification: Tile [id=null, cell=Cell [x=4, y=2], subject=yellow, time=2015-05-18 18:44:19.241, clock=0]
object notification: Tile [id=null, cell=Cell [x=4, y=3], subject=myblue, time=2015-05-18 18:44:19.242, clock=0]
object notification: Tile [id=null, cell=Cell [x=4, y=4], subject=brown, time=2015-05-18 18:44:19.244, clock=0]
object notification: Tile [id=null, cell=Cell [x=4, y=4], subject=brown, time=2015-05-18 18:44:19.244, clock=0]
Event processed UpdateClock(1)
Event processed UpdateClock(2)
Event processed UpdateClock(3)
object notification: Position [subject=a30, id=null, cell=Cell [x=4, y=4], time=2015-05-18 18:44:30.151, clock=2]
Event sent to object      a30 position(4, 4, 2)
org notification: Position [subject=a30, id=null, cell=Cell [x=4, y=4], time=2015-05-18 18:44:30.151, clock=2]
org notified sent position(a30,cell(4,4),2).
Event processed adoptProhibition(rejectRequests(a10)], reduce(a10, 500))
Event processed adoptProhibition(moveTooFast(a10)], reduce(a10, 300))
object notification: Position [subject=a40, id=null, cell=Cell [x=4, y=0], time=2015-05-18 18:44:30.171, clock=2]
Event sent to object      a40 position(4, 4, 2)
object notification: Position [subject=a10, id=null, cell=Cell [x=0, y=0], time=2015-05-18 18:44:30.174, clock=2]
Event sent to object      a10 position(0, 0, 2)
Organization writes: Points [subject=a10, time=2015-05-18 18:44:30.277, clock=1, value=700, id=null]
Organization writes: Points [subject=a20, time=2015-05-18 18:44:30.285, clock=1, value=700, id=null]
object notification: Points [subject=a10, time=2015-05-18 18:44:30.277, clock=1, value=700, id=null]
Event sent to object      a10 points(700)
Organization writes: Points [subject=a30, time=2015-05-18 18:44:30.29, clock=1, value=700, id=null]
object notification: Points [subject=a30, time=2015-05-18 18:44:30.29, clock=1, value=700, id=null]
Event sent to object      a30 points(700)
Organization writes: Points [subject=a40, time=2015-05-18 18:44:30.307, clock=1, value=700, id=null]
object notification: Points [subject=a40, time=2015-05-18 18:44:30.307, clock=1, value=700, id=null]
Event sent to object      a40 points(700)
Event processed UpdateClock(1)
Event processed UpdateClock(2)
Event processed UpdateClock(3)
Event processed adoptProhibition(rejectRequests(a40)], reduce(a40, 500))
Event processed adoptProhibition(moveTooFast(a40)], reduce(a40, 300))
Event processed UpdatePosition(4, 4)
Event processed UpdatePoints(700)
org notification: Time [clock=2, time=2015-05-18 18:44:19.819]
org notified sent time(2).
Event processed UpdateClock(1)
Event processed UpdateClock(2)
Event processed UpdateClock(3)
Event processed adoptProhibition(rejectRequests(a30)], reduce(a30, 500))
Event processed adoptProhibition(moveTooFast(a30)], reduce(a30, 300))
org notification: Position [subject=a20, id=null, cell=Cell [x=0, y=4], time=2015-05-18 18:44:30.166, clock=2]
org notified sent position(a20,cell(0,4),2).
Event processed UpdatePosition(4, 4)
Organization notifies object (write): Obligation [subject=a10, obligation=[surround(2, 2)], sanction=[reduce(g, 500)], deadline=11, time=2015-05-18 18:44:30.459, clock=3]
Event processed UpdatePoints(700)
object notification: Obligation [subject=a10, obligation=[surround(2, 2)], sanction=[reduce(g, 500)], deadline=11, time=2015-05-18 18:44:30.459, clock=3]
Event sent to object      a10 obligation([surround(2, 2)], 11, [reduce(g, 500)])
Event processed UpdatePosition(0, 0)
Event processed UpdatePoints(700)
Event processed adoptObligation(surround(2, 2), 11, reduce(g, 500))
org notification: Tile [id=null, cell=Cell [x=0, y=1], subject=brown, time=2015-05-18 18:44:19.217, clock=0]
org notified sent tile(cell(0,1),brown,0).
org notification: Position [subject=a40, id=null, cell=Cell [x=4, y=0], time=2015-05-18 18:44:30.171, clock=2]
org notified sent position(a40,cell(4,0),2).
org notification: Time [clock=3, time=2015-05-18 18:44:29.822]
org notified sent time(3).
org notification: Position [subject=a10, id=null, cell=Cell [x=0, y=0], time=2015-05-18 18:44:30.174, clock=2]
org notified sent position(a10,cell(0,0),2).
org notification: Tile [id=null, cell=Cell [x=0, y=2], subject=white, time=2015-05-18 18:44:19.218, clock=0]
org notified sent tile(cell(0,2),white,0).
org notification: Tile [id=null, cell=Cell [x=0, y=3], subject=yellow, time=2015-05-18 18:44:19.22, clock=0]
org notified sent tile(cell(0,3),yellow,0).
org notification: Tile [id=null, cell=Cell [x=0, y=4], subject=brown, time=2015-05-18 18:44:19.221, clock=0]
org notified sent tile(cell(0,4),brown,0).
org notification: Tile [id=null, cell=Cell [x=1, y=0], subject=brown, time=2015-05-18 18:44:19.222, clock=0]
org notified sent tile(cell(1,0),brown,0).
org notification: Tile [id=null, cell=Cell [x=1, y=1], subject=yellow, time=2015-05-18 18:44:19.223, clock=0]
org notified sent tile(cell(1,1),yellow,0).
org notification: Tile [id=null, cell=Cell [x=1, y=2], subject=white, time=2015-05-18 18:44:19.224, clock=0]
org notified sent tile(cell(1,2),white,0).
org notification: Tile [id=null, cell=Cell [x=1, y=3], subject=white, time=2015-05-18 18:44:19.225, clock=0]
org notified sent tile(cell(1,3),white,0).
org notification: Tile [id=null, cell=Cell [x=1, y=4], subject=myblue, time=2015-05-18 18:44:19.226, clock=0]
org notified sent tile(cell(1,4),myblue,0).
org notification: Tile [id=null, cell=Cell [x=2, y=0], subject=white, time=2015-05-18 18:44:19.228, clock=0]
org notified sent tile(cell(2,0),white,0).
org notification: Tile [id=null, cell=Cell [x=2, y=1], subject=white, time=2015-05-18 18:44:19.229, clock=0]
org notified sent tile(cell(2,1),white,0).
org notification: Tile [id=null, cell=Cell [x=2, y=2], subject=brown, time=2015-05-18 18:44:19.23, clock=0]
org notified sent tile(cell(2,2),brown,0).
org notification: Tile [id=null, cell=Cell [x=2, y=3], subject=myblue, time=2015-05-18 18:44:19.231, clock=0]
org notified sent tile(cell(2,3),myblue,0).
org notification: Tile [id=null, cell=Cell [x=2, y=4], subject=white, time=2015-05-18 18:44:19.232, clock=0]
org notified sent tile(cell(2,4),white,0).
org notification: Tile [id=null, cell=Cell [x=3, y=0], subject=white, time=2015-05-18 18:44:19.233, clock=0]
org notified sent tile(cell(3,0),white,0).
org notification: Tile [id=null, cell=Cell [x=3, y=1], subject=yellow, time=2015-05-18 18:44:19.235, clock=0]
org notified sent tile(cell(3,1),yellow,0).
org notification: Tile [id=null, cell=Cell [x=3, y=2], subject=myblue, time=2015-05-18 18:44:19.236, clock=0]
org notified sent tile(cell(3,2),myblue,0).
org notification: Tile [id=null, cell=Cell [x=3, y=3], subject=myblue, time=2015-05-18 18:44:19.237, clock=0]
org notified sent tile(cell(3,3),myblue,0).
org notification: Tile [id=null, cell=Cell [x=3, y=4], subject=yellow, time=2015-05-18 18:44:19.238, clock=0]
org notified sent tile(cell(3,4),yellow,0).
org notification: Tile [id=null, cell=Cell [x=4, y=0], subject=brown, time=2015-05-18 18:44:19.239, clock=0]
org notified sent tile(cell(4,0),brown,0).
org notification: Tile [id=null, cell=Cell [x=4, y=1], subject=myblue, time=2015-05-18 18:44:19.24, clock=0]
org notified sent tile(cell(4,1),myblue,0).
org notification: Tile [id=null, cell=Cell [x=4, y=2], subject=yellow, time=2015-05-18 18:44:19.241, clock=0]
org notified sent tile(cell(4,2),yellow,0).
org notification: Tile [id=null, cell=Cell [x=4, y=3], subject=myblue, time=2015-05-18 18:44:19.242, clock=0]
org notified sent tile(cell(4,3),myblue,0).
org notification: Tile [id=null, cell=Cell [x=4, y=4], subject=brown, time=2015-05-18 18:44:19.244, clock=0]
org notified sent tile(cell(4,4),brown,0).
org notification: Time [clock=4, time=2015-05-18 18:44:39.824]
org notified sent time(4).
object notification: Time [clock=4, time=2015-05-18 18:44:39.824]
Event sent to object      a40 clock(4)
object notification: Time [clock=4, time=2015-05-18 18:44:39.824]
Event sent to object      a10 clock(4)
object notification: Time [clock=4, time=2015-05-18 18:44:39.824]
Event sent to object      a30 clock(4)
Event processed UpdateClock(4)
Event processed UpdateClock(4)
Event processed UpdateClock(4)
Received a class edu.harvard.eecs.airg.coloredtrails.shared.discourse.BasicProposalDiscourseMessage
[MSG] Message is of type: basicproposal
[MSG] Message is for: 0
[MSG] i'm: 0
org notification: Proposal [id=4893, agent=a20, agent2=a10, clock=4, time=2015-05-18 18:44:41.164]
org notified sent proposal(4893,a20,a10,4).
Received a proposal creating event
org notification: Response [id=4893, response=accepted, clock=4, time=2015-05-18 18:44:41.779]
org notified sent response(4893,accepted,4).
Event processed @ctenv(functionToList(proposal(proposal, 1, 4893, accept)),LIST,0); if B(LIST=[actionresult([TYPE,ID])]) then if B(TYPE=proposal) then {ReceivedMessage(TYPE, ID, open); adopta(received(TYPE, ID, closed) : Infinite, priority 1)} else if B(LIST=[actionresult([TYPE,ID,RESPONSE])]) then if B(TYPE=response) then ReceivedMessage(RESPONSE, ID) else if B(LIST=[actionresult([TYPE])]) then ReceivedEvent(TYPE) else if B(LIST=[actionresult([TYPE,AGENT,ID,RESPONSE])]) then if B(TYPE=proposal) then ReceivedProposal(AGENT, ID, RESPONSE)
[CTAH] Array of Terms: [Lapapl.data.Term;@6737b86a
[CTAH] The created APLList : [proposal,1,4893,accept]
object notification: Time [clock=5, time=2015-05-18 18:44:49.826]
Event sent to object      a40 clock(5)
object notification: Time [clock=5, time=2015-05-18 18:44:49.826]
object notification: Time [clock=5, time=2015-05-18 18:44:49.826]
Event sent to object      a30 clock(5)
org notification: Time [clock=5, time=2015-05-18 18:44:49.826]
org notified sent time(5).
Event sent to object      a10 clock(5)
Event processed UpdateClock(5)
Event processed UpdateClock(5)
Event processed UpdateClock(5)
org notification: Time [clock=6, time=2015-05-18 18:44:59.827]
object notification: Time [clock=6, time=2015-05-18 18:44:59.827]
object notification: Time [clock=6, time=2015-05-18 18:44:59.827]
Event sent to object      a40 clock(6)
Event sent to object      a10 clock(6)
object notification: Time [clock=6, time=2015-05-18 18:44:59.827]
Event sent to object      a30 clock(6)
org notified sent time(6).
Event processed UpdateClock(6)
Event processed UpdateClock(6)
Event processed UpdateClock(6)
