2015-05-11 16:46:25,130 CONFIG [com.gigaspaces.logger] - Log file: /Users/dxd/git/ct3/logs/2015-05-11~16.46-gigaspaces-service-128.243.23.149-40739.log
-------------------------last log tuples start--------------------------------
Prohibition [subject=a30, prohibition=[at(4, 4, a30)], sanction=[reduce(a30, 50)], clock=3, time=2015-05-11 16:42:22.625]
Time [clock=14, time=2015-05-11 16:44:05.917]
Goal [id=null, cell=Cell [x=2, y=2], agent=null, time=2015-05-11 16:42:18.208, clock=0]
Obligation [subject=a30, obligation=[at(4, 4, a30)], sanction=[reduce(a30, 50)], deadline=5, time=2015-05-11 16:42:21.002, clock=3]
Time [clock=6, time=2015-05-11 16:42:45.898]
Chip [id=null, agent=a40, time=2015-05-11 16:43:45.951, color=green, clock=12, number=1]
Color [id=null, color=green, agent=a30, type=yes, time=2015-05-11 16:42:20.991, clock=3]
Prohibition [subject=a10, prohibition=[at(4, 4, a10)], sanction=[reduce(a10, 50)], clock=3, time=2015-05-11 16:42:21.994]
Color [id=null, color=green, agent=a40, type=yes, time=2015-05-11 16:42:21.437, clock=3]
Color [id=null, color=green, agent=a10, type=no, time=2015-05-11 16:42:21.989, clock=3]
Tile [id=null, cell=Cell [x=2, y=4], subject=red, time=2015-05-11 16:42:18.062, clock=0]
Time [clock=10, time=2015-05-11 16:43:25.909]
Prohibition [subject=a20, prohibition=[at(4, 4, a20)], sanction=[reduce(a20, 50)], clock=3, time=2015-05-11 16:42:22.335]
Color [id=null, color=green, agent=a20, type=yes, time=2015-05-11 16:42:20.582, clock=3]
Prohibition [subject=a40, prohibition=[at(4, 4, a40)], sanction=[reduce(a40, 50)], clock=3, time=2015-05-11 16:42:22.845]
Color [id=null, color=green, agent=a10, type=yes, time=2015-05-11 16:42:20.13, clock=3]
Chip [id=null, agent=a30, time=2015-05-11 16:42:25.986, color=green, clock=4, number=2]
Position [subject=a20, id=null, cell=Cell [x=0, y=4], time=2015-05-11 16:42:25.989, clock=4]
Color [id=null, color=green, agent=a40, type=no, time=2015-05-11 16:42:22.84, clock=3]
Time [clock=4, time=2015-05-11 16:42:25.851]
Tile [id=null, cell=Cell [x=1, y=2], subject=red, time=2015-05-11 16:42:18.005, clock=0]
Color [id=null, color=green, agent=a30, type=no, time=2015-05-11 16:42:22.593, clock=3]
SetGoal [id=null, agent=a20, cell=Cell [x=1, y=2], goal=Cell [x=2, y=2], clock=3, time=2015-05-11 16:42:19.56]
Color [id=null, color=green, agent=a20, type=no, time=2015-05-11 16:42:22.331, clock=3]
SetGoal [id=null, agent=a10, cell=Cell [x=2, y=1], goal=Cell [x=2, y=2], clock=3, time=2015-05-11 16:42:19.391]
SetGoal [id=null, agent=a40, cell=Cell [x=2, y=3], goal=Cell [x=2, y=2], clock=3, time=2015-05-11 16:42:19.912]
Tile [id=null, cell=Cell [x=0, y=3], subject=orange, time=2015-05-11 16:42:17.992, clock=0]
Obligation [subject=a40, obligation=[at(2, 3, a40)], sanction=[reduce(a40, 500)], deadline=9, time=2015-05-11 16:42:19.92, clock=3]
SetGoal [id=null, agent=a30, cell=Cell [x=3, y=2], goal=Cell [x=2, y=2], clock=3, time=2015-05-11 16:42:19.677]
Position [subject=a10, id=null, cell=Cell [x=4, y=4], time=2015-05-11 16:43:45.917, clock=12]
Position [subject=a40, id=null, cell=Cell [x=4, y=4], time=2015-05-11 16:43:45.936, clock=12]
Obligation [subject=a10, obligation=[at(4, 4, a10)], sanction=[reduce(a10, 50)], deadline=5, time=2015-05-11 16:42:20.148, clock=3]
Position [subject=a30, id=null, cell=Cell [x=4, y=4], time=2015-05-11 16:42:25.968, clock=4]
Obligation [subject=a20, obligation=[at(4, 4, a20)], sanction=[reduce(a20, 50)], deadline=5, time=2015-05-11 16:42:20.593, clock=3]
Chip [id=null, agent=a10, time=2015-05-11 16:42:25.923, color=green, clock=4, number=3]
Time [clock=1, time=2015-05-11 16:41:55.75]
Time [clock=8, time=2015-05-11 16:43:05.904]
Obligation [subject=a30, obligation=[at(3, 2, a30)], sanction=[reduce(a30, 500)], deadline=9, time=2015-05-11 16:42:19.686, clock=3]
Chip [id=null, agent=a10, time=2015-05-11 16:43:45.933, color=green, clock=12, number=0]
Obligation [subject=a40, obligation=[at(4, 4, a40)], sanction=[reduce(a40, 50)], deadline=5, time=2015-05-11 16:42:21.449, clock=3]
Chip [id=null, agent=a40, time=2015-05-11 16:43:45.945, color=red, clock=12, number=3]
Position [subject=a10, id=null, cell=Cell [x=0, y=0], time=2015-05-11 16:42:25.887, clock=4]
Chip [id=null, agent=a40, time=2015-05-11 16:43:45.948, color=purple, clock=12, number=1]
Obligation [subject=a10, obligation=[at(2, 1, a10)], sanction=[reduce(a10, 500)], deadline=9, time=2015-05-11 16:42:19.404, clock=3]
Time [clock=11, time=2015-05-11 16:43:35.911]
Obligation [subject=a10, obligation=[surround(2, 2)], sanction=[reduce(g, 500)], deadline=13, time=2015-05-11 16:42:18.28, clock=3]
Chip [id=null, agent=a40, time=2015-05-11 16:42:25.942, color=orange, clock=4, number=2]
Position [subject=a40, id=null, cell=Cell [x=4, y=0], time=2015-05-11 16:42:25.931, clock=4]
Obligation [subject=a20, obligation=[at(1, 2, a20)], sanction=[reduce(a20, 500)], deadline=9, time=2015-05-11 16:42:19.567, clock=3]
Time [clock=5, time=2015-05-11 16:42:35.853]
Tile [id=null, cell=Cell [x=1, y=3], subject=red, time=2015-05-11 16:42:18.009, clock=0]
Points [subject=a10, time=2015-05-11 16:43:45.941, clock=12, value=950, id=null]
Points [subject=a40, time=2015-05-11 16:42:45.923, clock=6, value=950, id=null]
Points [subject=a30, time=2015-05-11 16:44:05.966, clock=14, value=875, id=null]
Points [subject=a40, time=2015-05-11 16:44:05.968, clock=14, value=875, id=null]
Points [subject=a30, time=2015-05-11 16:42:25.978, clock=4, value=950, id=null]
Chip [id=null, agent=a10, time=2015-05-11 16:42:25.899, color=orange, clock=4, number=3]
Time [clock=2, time=2015-05-11 16:42:05.847]
Points [subject=a20, time=2015-05-11 16:44:05.964, clock=14, value=875, id=null]
Time [clock=3, time=2015-05-11 16:42:15.849]
Points [subject=a10, time=2015-05-11 16:44:05.963, clock=14, value=875, id=null]
Chip [id=null, agent=a40, time=2015-05-11 16:42:25.948, color=red, clock=4, number=3]
Points [subject=a10, time=2015-05-11 16:42:45.919, clock=6, value=950, id=null]
Points [subject=a40, time=2015-05-11 16:43:45.968, clock=12, value=950, id=null]
Tile [id=null, cell=Cell [x=4, y=0], subject=green, time=2015-05-11 16:42:18.095, clock=0]
Points [subject=a20, time=2015-05-11 16:42:45.921, clock=6, value=950, id=null]
Chip [id=null, agent=a20, time=2015-05-11 16:42:26.003, color=green, clock=4, number=2]
Chip [id=null, agent=a40, time=2015-05-11 16:43:45.942, color=orange, clock=12, number=1]
Time [clock=9, time=2015-05-11 16:43:15.907]
Chip [id=null, agent=a10, time=2015-05-11 16:43:45.921, color=orange, clock=12, number=1]
Chip [id=null, agent=a20, time=2015-05-11 16:42:25.995, color=orange, clock=4, number=2]
Time [clock=13, time=2015-05-11 16:43:55.915]
Chip [id=null, agent=a20, time=2015-05-11 16:42:25.998, color=red, clock=4, number=3]
Chip [id=null, agent=a40, time=2015-05-11 16:42:25.963, color=green, clock=4, number=2]
Chip [id=null, agent=a10, time=2015-05-11 16:42:25.919, color=purple, clock=4, number=3]
Chip [id=null, agent=a40, time=2015-05-11 16:42:25.953, color=purple, clock=4, number=3]
Chip [id=null, agent=a10, time=2015-05-11 16:43:45.929, color=purple, clock=12, number=1]
Tile [id=null, cell=Cell [x=0, y=0], subject=green, time=2015-05-11 16:42:17.772, clock=0]
Chip [id=null, agent=a30, time=2015-05-11 16:42:25.971, color=orange, clock=4, number=1]
Chip [id=null, agent=a10, time=2015-05-11 16:42:25.913, color=red, clock=4, number=3]
Chip [id=null, agent=a30, time=2015-05-11 16:42:25.976, color=red, clock=4, number=1]
Chip [id=null, agent=a10, time=2015-05-11 16:43:45.925, color=red, clock=12, number=2]
Time [clock=7, time=2015-05-11 16:42:55.902]
Chip [id=null, agent=a20, time=2015-05-11 16:42:26.0, color=purple, clock=4, number=1]
Tile [id=null, cell=Cell [x=3, y=3], subject=purple, time=2015-05-11 16:42:18.086, clock=0]
Chip [id=null, agent=a30, time=2015-05-11 16:42:25.981, color=purple, clock=4, number=3]
Time [clock=12, time=2015-05-11 16:43:45.912]
Tile [id=null, cell=Cell [x=1, y=0], subject=green, time=2015-05-11 16:42:17.998, clock=0]
Tile [id=null, cell=Cell [x=4, y=1], subject=purple, time=2015-05-11 16:42:18.099, clock=0]
Tile [id=null, cell=Cell [x=4, y=2], subject=orange, time=2015-05-11 16:42:18.103, clock=0]
Tile [id=null, cell=Cell [x=3, y=0], subject=red, time=2015-05-11 16:42:18.067, clock=0]
Tile [id=null, cell=Cell [x=4, y=3], subject=purple, time=2015-05-11 16:42:18.108, clock=0]
Tile [id=null, cell=Cell [x=2, y=3], subject=purple, time=2015-05-11 16:42:18.054, clock=0]
Tile [id=null, cell=Cell [x=0, y=2], subject=red, time=2015-05-11 16:42:17.988, clock=0]
Tile [id=null, cell=Cell [x=3, y=4], subject=orange, time=2015-05-11 16:42:18.091, clock=0]
Tile [id=null, cell=Cell [x=2, y=0], subject=red, time=2015-05-11 16:42:18.034, clock=0]
Tile [id=null, cell=Cell [x=0, y=1], subject=green, time=2015-05-11 16:42:17.984, clock=0]
Tile [id=null, cell=Cell [x=2, y=2], subject=green, time=2015-05-11 16:42:18.048, clock=0]
Tile [id=null, cell=Cell [x=1, y=4], subject=purple, time=2015-05-11 16:42:18.014, clock=0]
Tile [id=null, cell=Cell [x=3, y=2], subject=purple, time=2015-05-11 16:42:18.078, clock=0]
Tile [id=null, cell=Cell [x=2, y=1], subject=red, time=2015-05-11 16:42:18.04, clock=0]
Tile [id=null, cell=Cell [x=3, y=1], subject=orange, time=2015-05-11 16:42:18.073, clock=0]
Tile [id=null, cell=Cell [x=1, y=1], subject=orange, time=2015-05-11 16:42:18.0, clock=0]
Tile [id=null, cell=Cell [x=4, y=4], subject=green, time=2015-05-11 16:42:18.113, clock=0]
Tile [id=null, cell=Cell [x=0, y=4], subject=green, time=2015-05-11 16:42:17.995, clock=0]
-------------------------last log tuples end----------------------------------
[CTAH] started agent 10
[CTAH] Added a new agent to the game by the name of 10.
[ENV] added agent a10
[CTAH] started agent 30
[CTAH] Added a new agent to the game by the name of 30.
[ENV] added agent a30
[CTAH] started agent 40
[CTAH] Added a new agent to the game by the name of 40.
[ENV] added agent a40
#########################Game started
#########################Game started
#########################Game started
setPhases in ClientGameStatus, the current phase is 
setPhases in ClientGameStatus, the current phase is 
setPhases in ClientGameStatus, the current phase is 
setPhases in ClientGameStatus, the current phase is Norm Phase
setPhases in ClientGameStatus, the current phase is Norm Phase
setPhases in ClientGameStatus, the current phase is Norm Phase
object notification: Tile [id=null, cell=Cell [x=0, y=0], subject=green, time=2015-05-11 16:46:36.293, clock=0]
object notification: Tile [id=null, cell=Cell [x=0, y=0], subject=green, time=2015-05-11 16:46:36.293, clock=0]
org notification: Tile [id=null, cell=Cell [x=0, y=0], subject=green, time=2015-05-11 16:46:36.293, clock=0]
org notified sent tile(cell(0,0),green,0).
object notification: Tile [id=null, cell=Cell [x=0, y=0], subject=green, time=2015-05-11 16:46:36.293, clock=0]
object notification: Tile [id=null, cell=Cell [x=0, y=1], subject=green, time=2015-05-11 16:46:36.54, clock=0]
org notification: Tile [id=null, cell=Cell [x=0, y=1], subject=green, time=2015-05-11 16:46:36.54, clock=0]
org notified sent tile(cell(0,1),green,0).
object notification: Tile [id=null, cell=Cell [x=0, y=1], subject=green, time=2015-05-11 16:46:36.54, clock=0]
object notification: Tile [id=null, cell=Cell [x=0, y=1], subject=green, time=2015-05-11 16:46:36.54, clock=0]
object notification: Tile [id=null, cell=Cell [x=0, y=2], subject=red, time=2015-05-11 16:46:36.541, clock=0]
object notification: Tile [id=null, cell=Cell [x=0, y=2], subject=red, time=2015-05-11 16:46:36.541, clock=0]
object notification: Tile [id=null, cell=Cell [x=0, y=2], subject=red, time=2015-05-11 16:46:36.541, clock=0]
object notification: Tile [id=null, cell=Cell [x=0, y=3], subject=orange, time=2015-05-11 16:46:36.544, clock=0]
object notification: Tile [id=null, cell=Cell [x=0, y=3], subject=orange, time=2015-05-11 16:46:36.544, clock=0]
object notification: Tile [id=null, cell=Cell [x=0, y=3], subject=orange, time=2015-05-11 16:46:36.544, clock=0]
object notification: Tile [id=null, cell=Cell [x=0, y=4], subject=green, time=2015-05-11 16:46:36.546, clock=0]
object notification: Tile [id=null, cell=Cell [x=0, y=4], subject=green, time=2015-05-11 16:46:36.546, clock=0]
object notification: Tile [id=null, cell=Cell [x=0, y=4], subject=green, time=2015-05-11 16:46:36.546, clock=0]
object notification: Tile [id=null, cell=Cell [x=1, y=0], subject=green, time=2015-05-11 16:46:36.549, clock=0]
object notification: Tile [id=null, cell=Cell [x=1, y=0], subject=green, time=2015-05-11 16:46:36.549, clock=0]
object notification: Tile [id=null, cell=Cell [x=1, y=0], subject=green, time=2015-05-11 16:46:36.549, clock=0]
object notification: Tile [id=null, cell=Cell [x=1, y=1], subject=orange, time=2015-05-11 16:46:36.552, clock=0]
object notification: Tile [id=null, cell=Cell [x=1, y=1], subject=orange, time=2015-05-11 16:46:36.552, clock=0]
object notification: Tile [id=null, cell=Cell [x=1, y=1], subject=orange, time=2015-05-11 16:46:36.552, clock=0]
object notification: Tile [id=null, cell=Cell [x=1, y=2], subject=red, time=2015-05-11 16:46:36.554, clock=0]
object notification: Tile [id=null, cell=Cell [x=1, y=2], subject=red, time=2015-05-11 16:46:36.554, clock=0]
object notification: Tile [id=null, cell=Cell [x=1, y=2], subject=red, time=2015-05-11 16:46:36.554, clock=0]
object notification: Tile [id=null, cell=Cell [x=1, y=3], subject=red, time=2015-05-11 16:46:36.556, clock=0]
object notification: Tile [id=null, cell=Cell [x=1, y=3], subject=red, time=2015-05-11 16:46:36.556, clock=0]
org notification: Tile [id=null, cell=Cell [x=0, y=2], subject=red, time=2015-05-11 16:46:36.541, clock=0]
org notified sent tile(cell(0,2),red,0).
object notification: Tile [id=null, cell=Cell [x=1, y=3], subject=red, time=2015-05-11 16:46:36.556, clock=0]
object notification: Tile [id=null, cell=Cell [x=1, y=4], subject=purple, time=2015-05-11 16:46:36.558, clock=0]
object notification: Tile [id=null, cell=Cell [x=1, y=4], subject=purple, time=2015-05-11 16:46:36.558, clock=0]
org notification: Tile [id=null, cell=Cell [x=0, y=3], subject=orange, time=2015-05-11 16:46:36.544, clock=0]
org notified sent tile(cell(0,3),orange,0).
object notification: Tile [id=null, cell=Cell [x=1, y=4], subject=purple, time=2015-05-11 16:46:36.558, clock=0]
org notification: Tile [id=null, cell=Cell [x=0, y=4], subject=green, time=2015-05-11 16:46:36.546, clock=0]
org notified sent tile(cell(0,4),green,0).
object notification: Tile [id=null, cell=Cell [x=2, y=0], subject=red, time=2015-05-11 16:46:36.56, clock=0]
object notification: Tile [id=null, cell=Cell [x=2, y=0], subject=red, time=2015-05-11 16:46:36.56, clock=0]
object notification: Tile [id=null, cell=Cell [x=2, y=0], subject=red, time=2015-05-11 16:46:36.56, clock=0]
org notification: Tile [id=null, cell=Cell [x=1, y=0], subject=green, time=2015-05-11 16:46:36.549, clock=0]
org notified sent tile(cell(1,0),green,0).
object notification: Tile [id=null, cell=Cell [x=2, y=1], subject=red, time=2015-05-11 16:46:36.563, clock=0]
object notification: Tile [id=null, cell=Cell [x=2, y=1], subject=red, time=2015-05-11 16:46:36.563, clock=0]
org notification: Tile [id=null, cell=Cell [x=1, y=1], subject=orange, time=2015-05-11 16:46:36.552, clock=0]
org notified sent tile(cell(1,1),orange,0).
object notification: Tile [id=null, cell=Cell [x=2, y=1], subject=red, time=2015-05-11 16:46:36.563, clock=0]
object notification: Tile [id=null, cell=Cell [x=2, y=2], subject=green, time=2015-05-11 16:46:36.569, clock=0]
object notification: Tile [id=null, cell=Cell [x=2, y=2], subject=green, time=2015-05-11 16:46:36.569, clock=0]
object notification: Tile [id=null, cell=Cell [x=2, y=2], subject=green, time=2015-05-11 16:46:36.569, clock=0]
org notification: Tile [id=null, cell=Cell [x=1, y=2], subject=red, time=2015-05-11 16:46:36.554, clock=0]
org notified sent tile(cell(1,2),red,0).
object notification: Tile [id=null, cell=Cell [x=2, y=3], subject=purple, time=2015-05-11 16:46:36.572, clock=0]
object notification: Tile [id=null, cell=Cell [x=2, y=3], subject=purple, time=2015-05-11 16:46:36.572, clock=0]
object notification: Tile [id=null, cell=Cell [x=2, y=3], subject=purple, time=2015-05-11 16:46:36.572, clock=0]
org notification: Tile [id=null, cell=Cell [x=1, y=3], subject=red, time=2015-05-11 16:46:36.556, clock=0]
org notified sent tile(cell(1,3),red,0).
object notification: Tile [id=null, cell=Cell [x=2, y=4], subject=red, time=2015-05-11 16:46:36.575, clock=0]
org notification: Tile [id=null, cell=Cell [x=1, y=4], subject=purple, time=2015-05-11 16:46:36.558, clock=0]
org notified sent tile(cell(1,4),purple,0).
object notification: Tile [id=null, cell=Cell [x=2, y=4], subject=red, time=2015-05-11 16:46:36.575, clock=0]
object notification: Tile [id=null, cell=Cell [x=2, y=4], subject=red, time=2015-05-11 16:46:36.575, clock=0]
object notification: Tile [id=null, cell=Cell [x=3, y=0], subject=red, time=2015-05-11 16:46:36.579, clock=0]
object notification: Tile [id=null, cell=Cell [x=3, y=0], subject=red, time=2015-05-11 16:46:36.579, clock=0]
object notification: Tile [id=null, cell=Cell [x=3, y=0], subject=red, time=2015-05-11 16:46:36.579, clock=0]
org notification: Tile [id=null, cell=Cell [x=2, y=0], subject=red, time=2015-05-11 16:46:36.56, clock=0]
org notified sent tile(cell(2,0),red,0).
object notification: Tile [id=null, cell=Cell [x=3, y=1], subject=orange, time=2015-05-11 16:46:36.583, clock=0]
object notification: Tile [id=null, cell=Cell [x=3, y=1], subject=orange, time=2015-05-11 16:46:36.583, clock=0]
object notification: Tile [id=null, cell=Cell [x=3, y=1], subject=orange, time=2015-05-11 16:46:36.583, clock=0]
org notification: Tile [id=null, cell=Cell [x=2, y=1], subject=red, time=2015-05-11 16:46:36.563, clock=0]
org notified sent tile(cell(2,1),red,0).
object notification: Tile [id=null, cell=Cell [x=3, y=2], subject=purple, time=2015-05-11 16:46:36.587, clock=0]
object notification: Tile [id=null, cell=Cell [x=3, y=2], subject=purple, time=2015-05-11 16:46:36.587, clock=0]
object notification: Tile [id=null, cell=Cell [x=3, y=2], subject=purple, time=2015-05-11 16:46:36.587, clock=0]
object notification: Tile [id=null, cell=Cell [x=3, y=3], subject=purple, time=2015-05-11 16:46:36.589, clock=0]
object notification: Tile [id=null, cell=Cell [x=3, y=3], subject=purple, time=2015-05-11 16:46:36.589, clock=0]
object notification: Tile [id=null, cell=Cell [x=3, y=3], subject=purple, time=2015-05-11 16:46:36.589, clock=0]
org notification: Tile [id=null, cell=Cell [x=2, y=2], subject=green, time=2015-05-11 16:46:36.569, clock=0]
org notified sent tile(cell(2,2),green,0).
object notification: Tile [id=null, cell=Cell [x=3, y=4], subject=orange, time=2015-05-11 16:46:36.591, clock=0]
org notification: Tile [id=null, cell=Cell [x=2, y=3], subject=purple, time=2015-05-11 16:46:36.572, clock=0]
org notified sent tile(cell(2,3),purple,0).
object notification: Tile [id=null, cell=Cell [x=3, y=4], subject=orange, time=2015-05-11 16:46:36.591, clock=0]
object notification: Tile [id=null, cell=Cell [x=3, y=4], subject=orange, time=2015-05-11 16:46:36.591, clock=0]
org notification: Tile [id=null, cell=Cell [x=2, y=4], subject=red, time=2015-05-11 16:46:36.575, clock=0]
org notified sent tile(cell(2,4),red,0).
object notification: Tile [id=null, cell=Cell [x=4, y=0], subject=green, time=2015-05-11 16:46:36.594, clock=0]
object notification: Tile [id=null, cell=Cell [x=4, y=0], subject=green, time=2015-05-11 16:46:36.594, clock=0]
object notification: Tile [id=null, cell=Cell [x=4, y=0], subject=green, time=2015-05-11 16:46:36.594, clock=0]
org notification: Tile [id=null, cell=Cell [x=3, y=0], subject=red, time=2015-05-11 16:46:36.579, clock=0]
object notification: Tile [id=null, cell=Cell [x=4, y=1], subject=purple, time=2015-05-11 16:46:36.597, clock=0]
object notification: Tile [id=null, cell=Cell [x=4, y=1], subject=purple, time=2015-05-11 16:46:36.597, clock=0]
object notification: Tile [id=null, cell=Cell [x=4, y=1], subject=purple, time=2015-05-11 16:46:36.597, clock=0]
org notified sent tile(cell(3,0),red,0).
object notification: Tile [id=null, cell=Cell [x=4, y=2], subject=orange, time=2015-05-11 16:46:36.6, clock=0]
object notification: Tile [id=null, cell=Cell [x=4, y=2], subject=orange, time=2015-05-11 16:46:36.6, clock=0]
object notification: Tile [id=null, cell=Cell [x=4, y=2], subject=orange, time=2015-05-11 16:46:36.6, clock=0]
org notification: Tile [id=null, cell=Cell [x=3, y=1], subject=orange, time=2015-05-11 16:46:36.583, clock=0]
org notified sent tile(cell(3,1),orange,0).
object notification: Tile [id=null, cell=Cell [x=4, y=3], subject=purple, time=2015-05-11 16:46:36.604, clock=0]
org notification: Tile [id=null, cell=Cell [x=3, y=2], subject=purple, time=2015-05-11 16:46:36.587, clock=0]
org notified sent tile(cell(3,2),purple,0).
object notification: Tile [id=null, cell=Cell [x=4, y=3], subject=purple, time=2015-05-11 16:46:36.604, clock=0]
object notification: Tile [id=null, cell=Cell [x=4, y=3], subject=purple, time=2015-05-11 16:46:36.604, clock=0]
object notification: Tile [id=null, cell=Cell [x=4, y=4], subject=green, time=2015-05-11 16:46:36.608, clock=0]
object notification: Tile [id=null, cell=Cell [x=4, y=4], subject=green, time=2015-05-11 16:46:36.608, clock=0]
object notification: Tile [id=null, cell=Cell [x=4, y=4], subject=green, time=2015-05-11 16:46:36.608, clock=0]
org notification: Tile [id=null, cell=Cell [x=3, y=3], subject=purple, time=2015-05-11 16:46:36.589, clock=0]
org notified sent tile(cell(3,3),purple,0).
org notification: Tile [id=null, cell=Cell [x=3, y=4], subject=orange, time=2015-05-11 16:46:36.591, clock=0]
org notified sent tile(cell(3,4),orange,0).
org notification: Tile [id=null, cell=Cell [x=4, y=0], subject=green, time=2015-05-11 16:46:36.594, clock=0]
org notified sent tile(cell(4,0),green,0).
org notification: Tile [id=null, cell=Cell [x=4, y=1], subject=purple, time=2015-05-11 16:46:36.597, clock=0]
org notified sent tile(cell(4,1),purple,0).
org notification: Tile [id=null, cell=Cell [x=4, y=2], subject=orange, time=2015-05-11 16:46:36.6, clock=0]
org notified sent tile(cell(4,2),orange,0).
org notification: Tile [id=null, cell=Cell [x=4, y=3], subject=purple, time=2015-05-11 16:46:36.604, clock=0]
org notified sent tile(cell(4,3),purple,0).
org notification: Goal [id=null, cell=Cell [x=2, y=2], agent=null, time=2015-05-11 16:46:36.649, clock=0]
org notified sent goal(cell(2,2),null,0).
org notification: Tile [id=null, cell=Cell [x=4, y=4], subject=green, time=2015-05-11 16:46:36.608, clock=0]
org notified sent tile(cell(4,4),green,0).
Organization notifies object (write): Obligation [subject=a10, obligation=[surround(2, 2)], sanction=[reduce(g, 500)], deadline=10, time=2015-05-11 16:46:36.671, clock=0]
object notification: Time [clock=1, time=2015-05-11 16:46:36.694]
Event sent to object      a10 clock(1)
object notification: Time [clock=1, time=2015-05-11 16:46:36.694]
object notification: Obligation [subject=a10, obligation=[surround(2, 2)], sanction=[reduce(g, 500)], deadline=10, time=2015-05-11 16:46:36.671, clock=0]
org notification: Time [clock=1, time=2015-05-11 16:46:36.694]
org notified sent time(1).
Event sent to object      a10 obligation([surround(2, 2)], 10, [reduce(g, 500)])
Event sent to object      a40 clock(1)
object notification: Time [clock=1, time=2015-05-11 16:46:36.694]
Event sent to object      a30 clock(1)
org notification: Position [subject=a10, id=null, cell=Cell [x=0, y=0], time=2015-05-11 16:46:36.769, clock=1]
org notified sent position(a10,cell(0,0),1).
object notification: Position [subject=a10, id=null, cell=Cell [x=0, y=0], time=2015-05-11 16:46:36.769, clock=1]
Event sent to object      a10 position(0, 0, 1)
object notification: Chip [id=null, agent=a10, time=2015-05-11 16:46:36.801, color=orange, clock=1, number=3]
Event sent to object      a10 chip(a10, orange, 3, 1)
org notification: Position [subject=a40, id=null, cell=Cell [x=-1, y=-1], time=2015-05-11 16:46:36.822, clock=1]
org notified sent position(a40,cell(-1,-1),1).
org notification: Position [subject=a30, id=null, cell=Cell [x=-1, y=-1], time=2015-05-11 16:46:36.824, clock=1]
org notified sent position(a30,cell(-1,-1),1).
org notification: Position [subject=a20, id=null, cell=Cell [x=-1, y=-1], time=2015-05-11 16:46:36.831, clock=1]
org notified sent position(a20,cell(-1,-1),1).
object notification: Position [subject=a40, id=null, cell=Cell [x=-1, y=-1], time=2015-05-11 16:46:36.822, clock=1]
Event sent to object      a40 position(-1, -1, 1)
object notification: Position [subject=a30, id=null, cell=Cell [x=-1, y=-1], time=2015-05-11 16:46:36.824, clock=1]
org notification: Chip [id=null, agent=a10, time=2015-05-11 16:46:36.801, color=orange, clock=1, number=3]
org notified sent chip(a10,orange,3,1).
Event sent to object      a30 position(-1, -1, 1)
object notification: Chip [id=null, agent=a10, time=2015-05-11 16:46:36.813, color=red, clock=1, number=3]
Event sent to object      a10 chip(a10, red, 3, 1)
object notification: Chip [id=null, agent=a10, time=2015-05-11 16:46:36.815, color=purple, clock=1, number=3]
Event sent to object      a10 chip(a10, purple, 3, 1)
object notification: Chip [id=null, agent=a10, time=2015-05-11 16:46:36.818, color=green, clock=1, number=3]
Event sent to object      a10 chip(a10, green, 3, 1)
org notification: Chip [id=null, agent=a10, time=2015-05-11 16:46:36.813, color=red, clock=1, number=3]
org notified sent chip(a10,red,3,1).
org notification: Chip [id=null, agent=a10, time=2015-05-11 16:46:36.815, color=purple, clock=1, number=3]
org notified sent chip(a10,purple,3,1).
org notification: Chip [id=null, agent=a10, time=2015-05-11 16:46:36.818, color=green, clock=1, number=3]
org notified sent chip(a10,green,3,1).
#########################Game Initialized
AGENT Thread-12: current phase name: Norm Phase
we have 1 goals
we have GoalWeight: 100  DistWeight: -10  ChipWeight: 5  CommWeight: 0 scoring
#########################Game Initialized
AGENT Thread-14: current phase name: Norm Phase
we have 1 goals
we have GoalWeight: 100  DistWeight: -10  ChipWeight: 5  CommWeight: 0 scoring
#########################Game Initialized
AGENT Thread-16: current phase name: Norm Phase
we have 1 goals
we have GoalWeight: 100  DistWeight: -10  ChipWeight: 5  CommWeight: 0 scoring
Event processed @ctenv(functionToList(message(game_initialized)),LIST,0); if B(LIST=[actionresult([TYPE,ID])]) then if B(TYPE=proposal) then {ReceivedMessage(TYPE, ID, open); adopta(received(TYPE, ID, closed) : Infinite, priority 1)} else if B(LIST=[actionresult([TYPE,ID,RESPONSE])]) then if B(TYPE=response) then ReceivedMessage(RESPONSE, ID) else if B(LIST=[actionresult([TYPE])]) then ReceivedEvent(TYPE) else if B(LIST=[actionresult([TYPE,AGENT,ID,RESPONSE])]) then if B(TYPE=proposal) then ReceivedProposal(AGENT, ID, RESPONSE)
Event processed @ctenv(functionToList(message(game_initialized)),LIST,0); if B(LIST=[actionresult([TYPE,ID])]) then if B(TYPE=proposal) then {ReceivedMessage(TYPE, ID, open); adopta(received(TYPE, ID, closed) : Infinite, priority 1)} else if B(LIST=[actionresult([TYPE,ID,RESPONSE])]) then if B(TYPE=response) then ReceivedMessage(RESPONSE, ID) else if B(LIST=[actionresult([TYPE])]) then ReceivedEvent(TYPE) else if B(LIST=[actionresult([TYPE,AGENT,ID,RESPONSE])]) then if B(TYPE=proposal) then ReceivedProposal(AGENT, ID, RESPONSE)
Event processed @ctenv(functionToList(message(game_initialized)),LIST,0); if B(LIST=[actionresult([TYPE,ID])]) then if B(TYPE=proposal) then {ReceivedMessage(TYPE, ID, open); adopta(received(TYPE, ID, closed) : Infinite, priority 1)} else if B(LIST=[actionresult([TYPE,ID,RESPONSE])]) then if B(TYPE=response) then ReceivedMessage(RESPONSE, ID) else if B(LIST=[actionresult([TYPE])]) then ReceivedEvent(TYPE) else if B(LIST=[actionresult([TYPE,AGENT,ID,RESPONSE])]) then if B(TYPE=proposal) then ReceivedProposal(AGENT, ID, RESPONSE)
Event processed UpdateClock(1)
Event processed UpdateClock(1)
Event processed UpdateClock(1)
Event processed UpdatePosition(-1, -1)
Event processed UpdatePosition(-1, -1)
Event processed adoptObligation(surround(2, 2), 10, reduce(g, 500))
Event processed UpdatePosition(0, 0)
Event processed @ctenv(functionToList(chip(a10, orange, 3, 1)),LIST,0); if B(LIST=[actionresult([TYPE,ID])]) then if B(TYPE=proposal) then {ReceivedMessage(TYPE, ID, open); adopta(received(TYPE, ID, closed) : Infinite, priority 1)} else if B(LIST=[actionresult([TYPE,ID,RESPONSE])]) then if B(TYPE=response) then ReceivedMessage(RESPONSE, ID) else if B(LIST=[actionresult([TYPE])]) then ReceivedEvent(TYPE) else if B(LIST=[actionresult([TYPE,AGENT,ID,RESPONSE])]) then if B(TYPE=proposal) then ReceivedProposal(AGENT, ID, RESPONSE)
Event processed @ctenv(functionToList(chip(a10, red, 3, 1)),LIST,0); if B(LIST=[actionresult([TYPE,ID])]) then if B(TYPE=proposal) then {ReceivedMessage(TYPE, ID, open); adopta(received(TYPE, ID, closed) : Infinite, priority 1)} else if B(LIST=[actionresult([TYPE,ID,RESPONSE])]) then if B(TYPE=response) then ReceivedMessage(RESPONSE, ID) else if B(LIST=[actionresult([TYPE])]) then ReceivedEvent(TYPE) else if B(LIST=[actionresult([TYPE,AGENT,ID,RESPONSE])]) then if B(TYPE=proposal) then ReceivedProposal(AGENT, ID, RESPONSE)
Event processed @ctenv(functionToList(chip(a10, purple, 3, 1)),LIST,0); if B(LIST=[actionresult([TYPE,ID])]) then if B(TYPE=proposal) then {ReceivedMessage(TYPE, ID, open); adopta(received(TYPE, ID, closed) : Infinite, priority 1)} else if B(LIST=[actionresult([TYPE,ID,RESPONSE])]) then if B(TYPE=response) then ReceivedMessage(RESPONSE, ID) else if B(LIST=[actionresult([TYPE])]) then ReceivedEvent(TYPE) else if B(LIST=[actionresult([TYPE,AGENT,ID,RESPONSE])]) then if B(TYPE=proposal) then ReceivedProposal(AGENT, ID, RESPONSE)
Event processed @ctenv(functionToList(chip(a10, green, 3, 1)),LIST,0); if B(LIST=[actionresult([TYPE,ID])]) then if B(TYPE=proposal) then {ReceivedMessage(TYPE, ID, open); adopta(received(TYPE, ID, closed) : Infinite, priority 1)} else if B(LIST=[actionresult([TYPE,ID,RESPONSE])]) then if B(TYPE=response) then ReceivedMessage(RESPONSE, ID) else if B(LIST=[actionresult([TYPE])]) then ReceivedEvent(TYPE) else if B(LIST=[actionresult([TYPE,AGENT,ID,RESPONSE])]) then if B(TYPE=proposal) then ReceivedProposal(AGENT, ID, RESPONSE)
[CTAH] Array of Terms: [Lapapl.data.Term;@3522971b
[CTAH] The created APLList : [game_initialized]
[CTAH] Array of Terms: [Lapapl.data.Term;@17973271
[CTAH] The created APLList : [game_initialized]
[CTAH] Array of Terms: [Lapapl.data.Term;@2f2faeca
[CTAH] The created APLList : [game_initialized]
[CTAH] Array of Terms: [Lapapl.data.Term;@637c67f9
[CTAH] The created APLList : [a10,orange,3,1]
[CTAH] Array of Terms: [Lapapl.data.Term;@687a7e40
[CTAH] The created APLList : [a10,red,3,1]
[CTAH] Array of Terms: [Lapapl.data.Term;@6b59cf26
[CTAH] The created APLList : [a10,purple,3,1]
[CTAH] Array of Terms: [Lapapl.data.Term;@7b9585ef
[CTAH] The created APLList : [a10,green,3,1]
agent writes: SetGoal [id=null, agent=a10, cell=Cell [x=2, y=1], goal=Cell [x=2, y=2], clock=1, time=2015-05-11 16:46:44.354]
org notification: SetGoal [id=null, agent=a10, cell=Cell [x=2, y=1], goal=Cell [x=2, y=2], clock=1, time=2015-05-11 16:46:44.354]
org notified sent setGoal(a10,2,1,2,2,1).
Organization notifies object (write): Obligation [subject=a10, obligation=[at(2, 1, a10)], sanction=[reduce(a10, 500)], deadline=7, time=2015-05-11 16:46:44.367, clock=1]
object notification: Obligation [subject=a10, obligation=[at(2, 1, a10)], sanction=[reduce(a10, 500)], deadline=7, time=2015-05-11 16:46:44.367, clock=1]
Event sent to object      a10 obligation([at(2, 1, a10)], 7, [reduce(a10, 500)])
Event processed adoptObligation(at(2, 1, a10), 7, reduce(a10, 500))
agent writes: SetGoal [id=null, agent=a20, cell=Cell [x=1, y=2], goal=Cell [x=2, y=2], clock=1, time=2015-05-11 16:46:44.802]
org notification: SetGoal [id=null, agent=a20, cell=Cell [x=1, y=2], goal=Cell [x=2, y=2], clock=1, time=2015-05-11 16:46:44.802]
org notified sent setGoal(a20,1,2,2,2,1).
Organization notifies object (write): Obligation [subject=a20, obligation=[at(1, 2, a20)], sanction=[reduce(a20, 500)], deadline=7, time=2015-05-11 16:46:44.807, clock=1]
agent writes: SetGoal [id=null, agent=a30, cell=Cell [x=3, y=2], goal=Cell [x=2, y=2], clock=1, time=2015-05-11 16:46:45.064]
org notification: SetGoal [id=null, agent=a30, cell=Cell [x=3, y=2], goal=Cell [x=2, y=2], clock=1, time=2015-05-11 16:46:45.064]
org notified sent setGoal(a30,3,2,2,2,1).
Organization notifies object (write): Obligation [subject=a30, obligation=[at(3, 2, a30)], sanction=[reduce(a30, 500)], deadline=7, time=2015-05-11 16:46:45.069, clock=1]
object notification: Obligation [subject=a30, obligation=[at(3, 2, a30)], sanction=[reduce(a30, 500)], deadline=7, time=2015-05-11 16:46:45.069, clock=1]
Event sent to object      a30 obligation([at(3, 2, a30)], 7, [reduce(a30, 500)])
agent writes: SetGoal [id=null, agent=a40, cell=Cell [x=2, y=3], goal=Cell [x=2, y=2], clock=1, time=2015-05-11 16:46:45.261]
org notification: SetGoal [id=null, agent=a40, cell=Cell [x=2, y=3], goal=Cell [x=2, y=2], clock=1, time=2015-05-11 16:46:45.261]
org notified sent setGoal(a40,2,3,2,2,1).
Organization notifies object (write): Obligation [subject=a40, obligation=[at(2, 3, a40)], sanction=[reduce(a40, 500)], deadline=7, time=2015-05-11 16:46:45.266, clock=1]
object notification: Obligation [subject=a40, obligation=[at(2, 3, a40)], sanction=[reduce(a40, 500)], deadline=7, time=2015-05-11 16:46:45.266, clock=1]
Event sent to object      a40 obligation([at(2, 3, a40)], 7, [reduce(a40, 500)])
Event processed adoptObligation(at(3, 2, a30), 7, reduce(a30, 500))
Event processed adoptObligation(at(2, 3, a40), 7, reduce(a40, 500))
agent writes: Color [id=null, color=green, agent=a10, type=yes, time=2015-05-11 16:46:45.598, clock=1]
org notification: Color [id=null, color=green, agent=a10, type=yes, time=2015-05-11 16:46:45.598, clock=1]
org notified sent color(a10,green,yes,1).
Organization notifies object (write): Obligation [subject=a10, obligation=[at(4, 4, a10)], sanction=[reduce(a10, 50)], deadline=3, time=2015-05-11 16:46:45.609, clock=1]
object notification: Obligation [subject=a10, obligation=[at(4, 4, a10)], sanction=[reduce(a10, 50)], deadline=3, time=2015-05-11 16:46:45.609, clock=1]
Event sent to object      a10 obligation([at(4, 4, a10)], 3, [reduce(a10, 50)])
Event processed adoptObligation(at(4, 4, a10), 3, reduce(a10, 50))
agent writes: Color [id=null, color=green, agent=a20, type=yes, time=2015-05-11 16:46:45.86, clock=1]
org notification: Color [id=null, color=green, agent=a20, type=yes, time=2015-05-11 16:46:45.86, clock=1]
org notified sent color(a20,green,yes,1).
Organization notifies object (write): Obligation [subject=a20, obligation=[at(4, 4, a20)], sanction=[reduce(a20, 50)], deadline=3, time=2015-05-11 16:46:45.865, clock=1]
agent writes: Color [id=null, color=green, agent=a30, type=yes, time=2015-05-11 16:46:46.096, clock=1]
org notification: Color [id=null, color=green, agent=a30, type=yes, time=2015-05-11 16:46:46.096, clock=1]
org notified sent color(a30,green,yes,1).
Organization notifies object (write): Obligation [subject=a30, obligation=[at(4, 4, a30)], sanction=[reduce(a30, 50)], deadline=3, time=2015-05-11 16:46:46.102, clock=1]
object notification: Obligation [subject=a30, obligation=[at(4, 4, a30)], sanction=[reduce(a30, 50)], deadline=3, time=2015-05-11 16:46:46.102, clock=1]
Event sent to object      a30 obligation([at(4, 4, a30)], 3, [reduce(a30, 50)])
Event processed adoptObligation(at(4, 4, a30), 3, reduce(a30, 50))
agent writes: Color [id=null, color=green, agent=a40, type=yes, time=2015-05-11 16:46:46.311, clock=1]
org notification: Color [id=null, color=green, agent=a40, type=yes, time=2015-05-11 16:46:46.311, clock=1]
org notified sent color(a40,green,yes,1).
Organization notifies object (write): Obligation [subject=a40, obligation=[at(4, 4, a40)], sanction=[reduce(a40, 50)], deadline=3, time=2015-05-11 16:46:46.319, clock=1]
object notification: Obligation [subject=a40, obligation=[at(4, 4, a40)], sanction=[reduce(a40, 50)], deadline=3, time=2015-05-11 16:46:46.319, clock=1]
Event sent to object      a40 obligation([at(4, 4, a40)], 3, [reduce(a40, 50)])
Event processed adoptObligation(at(4, 4, a40), 3, reduce(a40, 50))
agent writes: Color [id=null, color=green, agent=a10, type=no, time=2015-05-11 16:46:46.535, clock=1]
org notification: Color [id=null, color=green, agent=a10, type=no, time=2015-05-11 16:46:46.535, clock=1]
org notified sent color(a10,green,no,1).
Organization notifies object (write): Prohibition [subject=a10, prohibition=[at(4, 4, a10)], sanction=[reduce(a10, 50)], clock=1, time=2015-05-11 16:46:46.54]
object notification: Prohibition [subject=a10, prohibition=[at(4, 4, a10)], sanction=[reduce(a10, 50)], clock=1, time=2015-05-11 16:46:46.54]
Event sent to object      a10 prohibition([at(4, 4, a10)], [reduce(a10, 50)])
Event processed adoptProhibition(at(4, 4, a10), reduce(a10, 50))
agent writes: Color [id=null, color=green, agent=a20, type=no, time=2015-05-11 16:46:46.748, clock=2]
object notification: Time [clock=2, time=2015-05-11 16:46:46.748]
Event sent to object      a30 clock(2)
object notification: Time [clock=2, time=2015-05-11 16:46:46.748]
org notification: Color [id=null, color=green, agent=a20, type=no, time=2015-05-11 16:46:46.748, clock=2]
Event sent to object      a10 clock(2)
org notification: Time [clock=2, time=2015-05-11 16:46:46.748]
org notified sent color(a20,green,no,2).
object notification: Time [clock=2, time=2015-05-11 16:46:46.748]
Event sent to object      a40 clock(2)
org notified sent time(2).
Organization notifies object (write): Prohibition [subject=a20, prohibition=[at(4, 4, a20)], sanction=[reduce(a20, 50)], clock=2, time=2015-05-11 16:46:46.758]
org notification: Position [subject=a40, id=null, cell=Cell [x=4, y=0], time=2015-05-11 16:46:46.758, clock=2]
object notification: Position [subject=a40, id=null, cell=Cell [x=4, y=0], time=2015-05-11 16:46:46.758, clock=2]
org notified sent position(a40,cell(4,0),2).
Event sent to object      a40 position(4, 4, 2)
org notification: Chip [id=null, agent=a40, time=2015-05-11 16:46:46.762, color=orange, clock=2, number=2]
org notified sent chip(a40,orange,2,2).
object notification: Chip [id=null, agent=a40, time=2015-05-11 16:46:46.762, color=orange, clock=2, number=2]
Event sent to object      a40 chip(a40, orange, 2, 2)
object notification: Chip [id=null, agent=a40, time=2015-05-11 16:46:46.764, color=red, clock=2, number=3]
Event sent to object      a40 chip(a40, red, 3, 2)
object notification: Chip [id=null, agent=a40, time=2015-05-11 16:46:46.768, color=purple, clock=2, number=3]
Event sent to object      a40 chip(a40, purple, 3, 2)
object notification: Chip [id=null, agent=a40, time=2015-05-11 16:46:46.77, color=green, clock=2, number=2]
Event sent to object      a40 chip(a40, green, 2, 2)
object notification: Position [subject=a30, id=null, cell=Cell [x=4, y=4], time=2015-05-11 16:46:46.773, clock=2]
Event sent to object      a30 position(4, 4, 2)
org notification: Chip [id=null, agent=a40, time=2015-05-11 16:46:46.764, color=red, clock=2, number=3]
org notified sent chip(a40,red,3,2).
object notification: Chip [id=null, agent=a30, time=2015-05-11 16:46:46.777, color=orange, clock=2, number=1]
Event sent to object      a30 chip(a30, orange, 1, 2)
object notification: Chip [id=null, agent=a30, time=2015-05-11 16:46:46.78, color=red, clock=2, number=1]
Event sent to object      a30 chip(a30, red, 1, 2)
object notification: Chip [id=null, agent=a30, time=2015-05-11 16:46:46.782, color=purple, clock=2, number=3]
Event sent to object      a30 chip(a30, purple, 3, 2)
object notification: Chip [id=null, agent=a30, time=2015-05-11 16:46:46.787, color=green, clock=2, number=2]
org notification: Position [subject=a30, id=null, cell=Cell [x=4, y=4], time=2015-05-11 16:46:46.773, clock=2]
Event sent to object      a30 chip(a30, green, 2, 2)
org notified sent position(a30,cell(4,4),2).
org notification: Position [subject=a20, id=null, cell=Cell [x=0, y=4], time=2015-05-11 16:46:46.79, clock=2]
org notified sent position(a20,cell(0,4),2).
org notification: Chip [id=null, agent=a40, time=2015-05-11 16:46:46.768, color=purple, clock=2, number=3]
org notified sent chip(a40,purple,3,2).
org notification: Chip [id=null, agent=a40, time=2015-05-11 16:46:46.77, color=green, clock=2, number=2]
org notified sent chip(a40,green,2,2).
org notification: Chip [id=null, agent=a30, time=2015-05-11 16:46:46.777, color=orange, clock=2, number=1]
org notified sent chip(a30,orange,1,2).
org notification: Chip [id=null, agent=a30, time=2015-05-11 16:46:46.78, color=red, clock=2, number=1]
org notified sent chip(a30,red,1,2).
org notification: Chip [id=null, agent=a30, time=2015-05-11 16:46:46.782, color=purple, clock=2, number=3]
org notified sent chip(a30,purple,3,2).
org notification: Chip [id=null, agent=a30, time=2015-05-11 16:46:46.787, color=green, clock=2, number=2]
org notified sent chip(a30,green,2,2).
org notification: Chip [id=null, agent=a20, time=2015-05-11 16:46:46.793, color=orange, clock=2, number=2]
org notified sent chip(a20,orange,2,2).
org notification: Chip [id=null, agent=a20, time=2015-05-11 16:46:46.795, color=red, clock=2, number=3]
org notified sent chip(a20,red,3,2).
org notification: Chip [id=null, agent=a20, time=2015-05-11 16:46:46.797, color=purple, clock=2, number=1]
org notified sent chip(a20,purple,1,2).
org notification: Chip [id=null, agent=a20, time=2015-05-11 16:46:46.8, color=green, clock=2, number=2]
org notified sent chip(a20,green,2,2).
Event processed UpdateClock(2)
Event processed UpdateClock(2)
Event processed UpdatePosition(4, 4)
Event processed @ctenv(functionToList(chip(a40, orange, 2, 2)),LIST,0); if B(LIST=[actionresult([TYPE,ID])]) then if B(TYPE=proposal) then {ReceivedMessage(TYPE, ID, open); adopta(received(TYPE, ID, closed) : Infinite, priority 1)} else if B(LIST=[actionresult([TYPE,ID,RESPONSE])]) then if B(TYPE=response) then ReceivedMessage(RESPONSE, ID) else if B(LIST=[actionresult([TYPE])]) then ReceivedEvent(TYPE) else if B(LIST=[actionresult([TYPE,AGENT,ID,RESPONSE])]) then if B(TYPE=proposal) then ReceivedProposal(AGENT, ID, RESPONSE)
Event processed @ctenv(functionToList(chip(a40, red, 3, 2)),LIST,0); if B(LIST=[actionresult([TYPE,ID])]) then if B(TYPE=proposal) then {ReceivedMessage(TYPE, ID, open); adopta(received(TYPE, ID, closed) : Infinite, priority 1)} else if B(LIST=[actionresult([TYPE,ID,RESPONSE])]) then if B(TYPE=response) then ReceivedMessage(RESPONSE, ID) else if B(LIST=[actionresult([TYPE])]) then ReceivedEvent(TYPE) else if B(LIST=[actionresult([TYPE,AGENT,ID,RESPONSE])]) then if B(TYPE=proposal) then ReceivedProposal(AGENT, ID, RESPONSE)
Event processed @ctenv(functionToList(chip(a40, purple, 3, 2)),LIST,0); if B(LIST=[actionresult([TYPE,ID])]) then if B(TYPE=proposal) then {ReceivedMessage(TYPE, ID, open); adopta(received(TYPE, ID, closed) : Infinite, priority 1)} else if B(LIST=[actionresult([TYPE,ID,RESPONSE])]) then if B(TYPE=response) then ReceivedMessage(RESPONSE, ID) else if B(LIST=[actionresult([TYPE])]) then ReceivedEvent(TYPE) else if B(LIST=[actionresult([TYPE,AGENT,ID,RESPONSE])]) then if B(TYPE=proposal) then ReceivedProposal(AGENT, ID, RESPONSE)
Event processed UpdateClock(2)
Event processed @ctenv(functionToList(chip(a40, green, 2, 2)),LIST,0); if B(LIST=[actionresult([TYPE,ID])]) then if B(TYPE=proposal) then {ReceivedMessage(TYPE, ID, open); adopta(received(TYPE, ID, closed) : Infinite, priority 1)} else if B(LIST=[actionresult([TYPE,ID,RESPONSE])]) then if B(TYPE=response) then ReceivedMessage(RESPONSE, ID) else if B(LIST=[actionresult([TYPE])]) then ReceivedEvent(TYPE) else if B(LIST=[actionresult([TYPE,AGENT,ID,RESPONSE])]) then if B(TYPE=proposal) then ReceivedProposal(AGENT, ID, RESPONSE)
Event processed UpdatePosition(4, 4)
Event processed @ctenv(functionToList(chip(a30, orange, 1, 2)),LIST,0); if B(LIST=[actionresult([TYPE,ID])]) then if B(TYPE=proposal) then {ReceivedMessage(TYPE, ID, open); adopta(received(TYPE, ID, closed) : Infinite, priority 1)} else if B(LIST=[actionresult([TYPE,ID,RESPONSE])]) then if B(TYPE=response) then ReceivedMessage(RESPONSE, ID) else if B(LIST=[actionresult([TYPE])]) then ReceivedEvent(TYPE) else if B(LIST=[actionresult([TYPE,AGENT,ID,RESPONSE])]) then if B(TYPE=proposal) then ReceivedProposal(AGENT, ID, RESPONSE)
Event processed @ctenv(functionToList(chip(a30, red, 1, 2)),LIST,0); if B(LIST=[actionresult([TYPE,ID])]) then if B(TYPE=proposal) then {ReceivedMessage(TYPE, ID, open); adopta(received(TYPE, ID, closed) : Infinite, priority 1)} else if B(LIST=[actionresult([TYPE,ID,RESPONSE])]) then if B(TYPE=response) then ReceivedMessage(RESPONSE, ID) else if B(LIST=[actionresult([TYPE])]) then ReceivedEvent(TYPE) else if B(LIST=[actionresult([TYPE,AGENT,ID,RESPONSE])]) then if B(TYPE=proposal) then ReceivedProposal(AGENT, ID, RESPONSE)
Event processed @ctenv(functionToList(chip(a30, purple, 3, 2)),LIST,0); if B(LIST=[actionresult([TYPE,ID])]) then if B(TYPE=proposal) then {ReceivedMessage(TYPE, ID, open); adopta(received(TYPE, ID, closed) : Infinite, priority 1)} else if B(LIST=[actionresult([TYPE,ID,RESPONSE])]) then if B(TYPE=response) then ReceivedMessage(RESPONSE, ID) else if B(LIST=[actionresult([TYPE])]) then ReceivedEvent(TYPE) else if B(LIST=[actionresult([TYPE,AGENT,ID,RESPONSE])]) then if B(TYPE=proposal) then ReceivedProposal(AGENT, ID, RESPONSE)
Event processed @ctenv(functionToList(chip(a30, green, 2, 2)),LIST,0); if B(LIST=[actionresult([TYPE,ID])]) then if B(TYPE=proposal) then {ReceivedMessage(TYPE, ID, open); adopta(received(TYPE, ID, closed) : Infinite, priority 1)} else if B(LIST=[actionresult([TYPE,ID,RESPONSE])]) then if B(TYPE=response) then ReceivedMessage(RESPONSE, ID) else if B(LIST=[actionresult([TYPE])]) then ReceivedEvent(TYPE) else if B(LIST=[actionresult([TYPE,AGENT,ID,RESPONSE])]) then if B(TYPE=proposal) then ReceivedProposal(AGENT, ID, RESPONSE)
agent writes: Color [id=null, color=green, agent=a30, type=no, time=2015-05-11 16:46:47.01, clock=2]
org notification: Color [id=null, color=green, agent=a30, type=no, time=2015-05-11 16:46:47.01, clock=2]
org notified sent color(a30,green,no,2).
Organization notifies object (write): Prohibition [subject=a30, prohibition=[at(4, 4, a30)], sanction=[reduce(a30, 50)], clock=2, time=2015-05-11 16:46:47.017]
Organization writes: Points [subject=a30, time=2015-05-11 16:46:47.024, clock=2, value=950, id=null]
object notification: Prohibition [subject=a30, prohibition=[at(4, 4, a30)], sanction=[reduce(a30, 50)], clock=2, time=2015-05-11 16:46:47.017]
Event sent to object      a30 prohibition([at(4, 4, a30)], [reduce(a30, 50)])
[CTAH] Array of Terms: [Lapapl.data.Term;@5d0005fa
object notification: Points [subject=a30, time=2015-05-11 16:46:47.024, clock=2, value=950, id=null]
[CTAH] Array of Terms: [Lapapl.data.Term;@2c888fc9
[CTAH] The created APLList : [a40,red,3,2]
[CTAH] The created APLList : [a40,orange,2,2]
[CTAH] Array of Terms: [Lapapl.data.Term;@4ab24098
Event sent to object      a30 points(950)
[CTAH] The created APLList : [a40,purple,3,2]
[CTAH] Array of Terms: [Lapapl.data.Term;@7caee177
[CTAH] The created APLList : [a40,green,2,2]
[CTAH] Array of Terms: [Lapapl.data.Term;@6afc53
[CTAH] Array of Terms: [Lapapl.data.Term;@3f526abc
[CTAH] The created APLList : [a30,red,1,2]
[CTAH] Array of Terms: [Lapapl.data.Term;@3bdd7d1e
[CTAH] The created APLList : [a30,purple,3,2]
[CTAH] Array of Terms: [Lapapl.data.Term;@4a415b46
[CTAH] The created APLList : [a30,orange,1,2]
[CTAH] The created APLList : [a30,green,2,2]
Event processed adoptProhibition(at(4, 4, a30), reduce(a30, 50))
Event processed UpdatePoints(950)
agent writes: Color [id=null, color=green, agent=a40, type=no, time=2015-05-11 16:46:47.19, clock=2]
org notification: Color [id=null, color=green, agent=a40, type=no, time=2015-05-11 16:46:47.19, clock=2]
org notified sent color(a40,green,no,2).
Organization notifies object (write): Prohibition [subject=a40, prohibition=[at(4, 4, a40)], sanction=[reduce(a40, 50)], clock=2, time=2015-05-11 16:46:47.194]
object notification: Prohibition [subject=a40, prohibition=[at(4, 4, a40)], sanction=[reduce(a40, 50)], clock=2, time=2015-05-11 16:46:47.194]
Event sent to object      a40 prohibition([at(4, 4, a40)], [reduce(a40, 50)])
Event processed adoptProhibition(at(4, 4, a40), reduce(a40, 50))
object notification: Time [clock=3, time=2015-05-11 16:46:56.752]
Event sent to object      a10 clock(3)
object notification: Time [clock=3, time=2015-05-11 16:46:56.752]
Event sent to object      a30 clock(3)
object notification: Time [clock=3, time=2015-05-11 16:46:56.752]
Event sent to object      a40 clock(3)
org notification: Time [clock=3, time=2015-05-11 16:46:56.752]
org notified sent time(3).
Event processed UpdateClock(3)
Event processed UpdateClock(3)
Event processed UpdateClock(3)
object notification: Time [clock=4, time=2015-05-11 16:47:06.755]
Event sent to object      a40 clock(4)
org notification: Time [clock=4, time=2015-05-11 16:47:06.755]
object notification: Time [clock=4, time=2015-05-11 16:47:06.755]
object notification: Time [clock=4, time=2015-05-11 16:47:06.755]
org notified sent time(4).
Event sent to object      a30 clock(4)
Event sent to object      a10 clock(4)
Organization writes: Points [subject=a10, time=2015-05-11 16:47:06.765, clock=4, value=950, id=null]
Organization writes: Points [subject=a20, time=2015-05-11 16:47:06.769, clock=4, value=950, id=null]
Organization writes: Points [subject=a40, time=2015-05-11 16:47:06.772, clock=4, value=950, id=null]
object notification: Points [subject=a10, time=2015-05-11 16:47:06.765, clock=4, value=950, id=null]
Event sent to object      a10 points(950)
object notification: Points [subject=a40, time=2015-05-11 16:47:06.772, clock=4, value=950, id=null]
Event sent to object      a40 points(950)
Event processed UpdateClock(4)
Event processed UpdatePoints(950)
Event processed UpdateClock(4)
Event processed UpdateClock(4)
Event processed UpdatePoints(950)
object notification: Time [clock=5, time=2015-05-11 16:47:16.757]
org notification: Time [clock=5, time=2015-05-11 16:47:16.757]
org notified sent time(5).
Event sent to object      a10 clock(5)
object notification: Time [clock=5, time=2015-05-11 16:47:16.757]
Event sent to object      a40 clock(5)
object notification: Time [clock=5, time=2015-05-11 16:47:16.757]
Event sent to object      a30 clock(5)
Event processed UpdateClock(5)
Event processed UpdateClock(5)
Event processed UpdateClock(5)
org notification: Time [clock=6, time=2015-05-11 16:47:26.76]
object notification: Time [clock=6, time=2015-05-11 16:47:26.76]
Event sent to object      a40 clock(6)
object notification: Time [clock=6, time=2015-05-11 16:47:26.76]
org notified sent time(6).
Event sent to object      a10 clock(6)
object notification: Time [clock=6, time=2015-05-11 16:47:26.76]
Event sent to object      a30 clock(6)
Event processed UpdateClock(6)
Event processed UpdateClock(6)
Event processed UpdateClock(6)
setPhases in ClientGameStatus, the current phase is Communication Phase
setPhases in ClientGameStatus, the current phase is Communication Phase
setPhases in ClientGameStatus, the current phase is Communication Phase
Event processed @ctenv(functionToList(message(phasechange)),LIST,0); if B(LIST=[actionresult([TYPE,ID])]) then if B(TYPE=proposal) then {ReceivedMessage(TYPE, ID, open); adopta(received(TYPE, ID, closed) : Infinite, priority 1)} else if B(LIST=[actionresult([TYPE,ID,RESPONSE])]) then if B(TYPE=response) then ReceivedMessage(RESPONSE, ID) else if B(LIST=[actionresult([TYPE])]) then ReceivedEvent(TYPE) else if B(LIST=[actionresult([TYPE,AGENT,ID,RESPONSE])]) then if B(TYPE=proposal) then ReceivedProposal(AGENT, ID, RESPONSE)
object notification: Time [clock=7, time=2015-05-11 16:47:36.762]
org notification: Time [clock=7, time=2015-05-11 16:47:36.762]
org notified sent time(7).
Event sent to object      a10 clock(7)
object notification: Time [clock=7, time=2015-05-11 16:47:36.762]
object notification: Time [clock=7, time=2015-05-11 16:47:36.762]
Event sent to object      a30 clock(7)
Event sent to object      a40 clock(7)
[CTAH] Array of Terms: [Lapapl.data.Term;@3fffa6be
[CTAH] The created APLList : [phasechange]
Event processed UpdateClock(7)
Event processed UpdateClock(7)
Event processed @ctenv(functionToList(message(phasechange)),LIST,0); if B(LIST=[actionresult([TYPE,ID])]) then if B(TYPE=proposal) then {ReceivedMessage(TYPE, ID, open); adopta(received(TYPE, ID, closed) : Infinite, priority 1)} else if B(LIST=[actionresult([TYPE,ID,RESPONSE])]) then if B(TYPE=response) then ReceivedMessage(RESPONSE, ID) else if B(LIST=[actionresult([TYPE])]) then ReceivedEvent(TYPE) else if B(LIST=[actionresult([TYPE,AGENT,ID,RESPONSE])]) then if B(TYPE=proposal) then ReceivedProposal(AGENT, ID, RESPONSE)
Event processed UpdateClock(7)
[CTAH] Array of Terms: [Lapapl.data.Term;@3def7618
[CTAH] The created APLList : [phasechange]
Event processed @ctenv(functionToList(message(phasechange)),LIST,0); if B(LIST=[actionresult([TYPE,ID])]) then if B(TYPE=proposal) then {ReceivedMessage(TYPE, ID, open); adopta(received(TYPE, ID, closed) : Infinite, priority 1)} else if B(LIST=[actionresult([TYPE,ID,RESPONSE])]) then if B(TYPE=response) then ReceivedMessage(RESPONSE, ID) else if B(LIST=[actionresult([TYPE])]) then ReceivedEvent(TYPE) else if B(LIST=[actionresult([TYPE,AGENT,ID,RESPONSE])]) then if B(TYPE=proposal) then ReceivedProposal(AGENT, ID, RESPONSE)
[CTAH] Array of Terms: [Lapapl.data.Term;@200f7da2
[CTAH] The created APLList : [phasechange]
org notification: Time [clock=8, time=2015-05-11 16:47:46.765]
org notified sent time(8).
object notification: Time [clock=8, time=2015-05-11 16:47:46.765]
Event sent to object      a10 clock(8)
object notification: Time [clock=8, time=2015-05-11 16:47:46.765]
Event sent to object      a40 clock(8)
object notification: Time [clock=8, time=2015-05-11 16:47:46.765]
Event sent to object      a30 clock(8)
Event processed UpdateClock(8)
Event processed UpdateClock(8)
Event processed UpdateClock(8)
setPhases in ClientGameStatus, the current phase is Movement Phase
setPhases in ClientGameStatus, the current phase is Movement Phase
setPhases in ClientGameStatus, the current phase is Movement Phase
Event processed @ctenv(functionToList(message(phasechange)),LIST,0); if B(LIST=[actionresult([TYPE,ID])]) then if B(TYPE=proposal) then {ReceivedMessage(TYPE, ID, open); adopta(received(TYPE, ID, closed) : Infinite, priority 1)} else if B(LIST=[actionresult([TYPE,ID,RESPONSE])]) then if B(TYPE=response) then ReceivedMessage(RESPONSE, ID) else if B(LIST=[actionresult([TYPE])]) then ReceivedEvent(TYPE) else if B(LIST=[actionresult([TYPE,AGENT,ID,RESPONSE])]) then if B(TYPE=proposal) then ReceivedProposal(AGENT, ID, RESPONSE)
Event processed @ctenv(functionToList(message(phasechange)),LIST,0); if B(LIST=[actionresult([TYPE,ID])]) then if B(TYPE=proposal) then {ReceivedMessage(TYPE, ID, open); adopta(received(TYPE, ID, closed) : Infinite, priority 1)} else if B(LIST=[actionresult([TYPE,ID,RESPONSE])]) then if B(TYPE=response) then ReceivedMessage(RESPONSE, ID) else if B(LIST=[actionresult([TYPE])]) then ReceivedEvent(TYPE) else if B(LIST=[actionresult([TYPE,AGENT,ID,RESPONSE])]) then if B(TYPE=proposal) then ReceivedProposal(AGENT, ID, RESPONSE)
Event processed @ctenv(functionToList(message(phasechange)),LIST,0); if B(LIST=[actionresult([TYPE,ID])]) then if B(TYPE=proposal) then {ReceivedMessage(TYPE, ID, open); adopta(received(TYPE, ID, closed) : Infinite, priority 1)} else if B(LIST=[actionresult([TYPE,ID,RESPONSE])]) then if B(TYPE=response) then ReceivedMessage(RESPONSE, ID) else if B(LIST=[actionresult([TYPE])]) then ReceivedEvent(TYPE) else if B(LIST=[actionresult([TYPE,AGENT,ID,RESPONSE])]) then if B(TYPE=proposal) then ReceivedProposal(AGENT, ID, RESPONSE)
[CTAH] Array of Terms: [Lapapl.data.Term;@568f06a6
[CTAH] The created APLList : [phasechange]
[CTAH] Array of Terms: [Lapapl.data.Term;@67ae268e
[CTAH] The created APLList : [phasechange]
[CTAH] Array of Terms: [Lapapl.data.Term;@2df9f620
[CTAH] The created APLList : [phasechange]
object notification: Time [clock=9, time=2015-05-11 16:47:56.767]
Event sent to object      a40 clock(9)
object notification: Time [clock=9, time=2015-05-11 16:47:56.767]
Event sent to object      a30 clock(9)
org notification: Time [clock=9, time=2015-05-11 16:47:56.767]
org notified sent time(9).
object notification: Time [clock=9, time=2015-05-11 16:47:56.767]
Event processed UpdateClock(9)
Event sent to object      a10 clock(9)
Event processed UpdateClock(9)
Event processed UpdateClock(9)
a40[CTAH] going to: (R:4,C:1)
[CTAH] moveStepToGoal returns: false
a10[CTAH] going to: (R:1,C:0)
[CTAH] moveStepToGoal returns: false
a40[CTAH] going to: (R:4,C:2)
[CTAH] moveStepToGoal returns: false
a10[CTAH] going to: (R:1,C:1)
[CTAH] moveStepToGoal returns: [1,1]
a40[CTAH] going to: (R:4,C:3)
[CTAH] moveStepToGoal returns: false
a10[CTAH] going to: (R:2,C:1)
[CTAH] moveStepToGoal returns: false
a40[CTAH] going to: (R:4,C:4)
[CTAH] moveStepToGoal returns: false
a10[CTAH] going to: (R:2,C:2)
[CTAH] moveStepToGoal returns: false
a10[CTAH] going to: (R:3,C:2)
[CTAH] moveStepToGoal returns: false
a10[CTAH] going to: (R:3,C:3)
[CTAH] moveStepToGoal returns: false
a10[CTAH] going to: (R:3,C:4)
[CTAH] moveStepToGoal returns: false
a10[CTAH] going to: (R:4,C:4)
[CTAH] moveStepToGoal returns: false
object notification: Time [clock=10, time=2015-05-11 16:48:06.77]
org notification: Time [clock=10, time=2015-05-11 16:48:06.77]
org notified sent time(10).
object notification: Time [clock=10, time=2015-05-11 16:48:06.77]
Event sent to object      a30 clock(10)
object notification: Time [clock=10, time=2015-05-11 16:48:06.77]
Event sent to object      a40 clock(10)
object notification: Position [subject=a10, id=null, cell=Cell [x=4, y=4], time=2015-05-11 16:48:06.776, clock=10]
Event sent to object      a10 position(4, 4, 10)
org notification: Position [subject=a10, id=null, cell=Cell [x=4, y=4], time=2015-05-11 16:48:06.776, clock=10]
org notified sent position(a10,cell(4,4),10).
Event sent to object      a10 clock(10)
org notification: Chip [id=null, agent=a10, time=2015-05-11 16:48:06.781, color=orange, clock=10, number=1]
org notified sent chip(a10,orange,1,10).
object notification: Chip [id=null, agent=a10, time=2015-05-11 16:48:06.781, color=orange, clock=10, number=1]
Event sent to object      a10 chip(a10, orange, 1, 10)
object notification: Chip [id=null, agent=a10, time=2015-05-11 16:48:06.785, color=red, clock=10, number=2]
Event sent to object      a10 chip(a10, red, 2, 10)
Organization writes: Points [subject=a10, time=2015-05-11 16:48:06.793, clock=10, value=950, id=null]
object notification: Chip [id=null, agent=a10, time=2015-05-11 16:48:06.788, color=purple, clock=10, number=1]
Event sent to object      a10 chip(a10, purple, 1, 10)
object notification: Chip [id=null, agent=a10, time=2015-05-11 16:48:06.791, color=green, clock=10, number=0]
Event sent to object      a10 chip(a10, green, 0, 10)
object notification: Points [subject=a10, time=2015-05-11 16:48:06.793, clock=10, value=950, id=null]
Event sent to object      a10 points(950)
object notification: Position [subject=a40, id=null, cell=Cell [x=4, y=4], time=2015-05-11 16:48:06.795, clock=10]
Event sent to object      a40 position(4, 4, 10)
org notification: Position [subject=a40, id=null, cell=Cell [x=4, y=4], time=2015-05-11 16:48:06.795, clock=10]
org notified sent position(a40,cell(4,4),10).
object notification: Chip [id=null, agent=a40, time=2015-05-11 16:48:06.798, color=orange, clock=10, number=1]
Event sent to object      a40 chip(a40, orange, 1, 10)
object notification: Chip [id=null, agent=a40, time=2015-05-11 16:48:06.802, color=red, clock=10, number=3]
Event sent to object      a40 chip(a40, red, 3, 10)
object notification: Chip [id=null, agent=a40, time=2015-05-11 16:48:06.806, color=purple, clock=10, number=1]
Event sent to object      a40 chip(a40, purple, 1, 10)
object notification: Chip [id=null, agent=a40, time=2015-05-11 16:48:06.809, color=green, clock=10, number=1]
Event sent to object      a40 chip(a40, green, 1, 10)
Event processed UpdateClock(10)
Organization writes: Points [subject=a40, time=2015-05-11 16:48:06.815, clock=10, value=950, id=null]
object notification: Points [subject=a40, time=2015-05-11 16:48:06.815, clock=10, value=950, id=null]
Event sent to object      a40 points(950)
Event processed UpdateClock(10)
Event processed UpdatePosition(4, 4)
org notification: Chip [id=null, agent=a10, time=2015-05-11 16:48:06.785, color=red, clock=10, number=2]
org notified sent chip(a10,red,2,10).
Event processed @ctenv(functionToList(chip(a40, orange, 1, 10)),LIST,0); if B(LIST=[actionresult([TYPE,ID])]) then if B(TYPE=proposal) then {ReceivedMessage(TYPE, ID, open); adopta(received(TYPE, ID, closed) : Infinite, priority 1)} else if B(LIST=[actionresult([TYPE,ID,RESPONSE])]) then if B(TYPE=response) then ReceivedMessage(RESPONSE, ID) else if B(LIST=[actionresult([TYPE])]) then ReceivedEvent(TYPE) else if B(LIST=[actionresult([TYPE,AGENT,ID,RESPONSE])]) then if B(TYPE=proposal) then ReceivedProposal(AGENT, ID, RESPONSE)
Event processed @ctenv(functionToList(chip(a40, red, 3, 10)),LIST,0); if B(LIST=[actionresult([TYPE,ID])]) then if B(TYPE=proposal) then {ReceivedMessage(TYPE, ID, open); adopta(received(TYPE, ID, closed) : Infinite, priority 1)} else if B(LIST=[actionresult([TYPE,ID,RESPONSE])]) then if B(TYPE=response) then ReceivedMessage(RESPONSE, ID) else if B(LIST=[actionresult([TYPE])]) then ReceivedEvent(TYPE) else if B(LIST=[actionresult([TYPE,AGENT,ID,RESPONSE])]) then if B(TYPE=proposal) then ReceivedProposal(AGENT, ID, RESPONSE)
Event processed @ctenv(functionToList(chip(a40, purple, 1, 10)),LIST,0); if B(LIST=[actionresult([TYPE,ID])]) then if B(TYPE=proposal) then {ReceivedMessage(TYPE, ID, open); adopta(received(TYPE, ID, closed) : Infinite, priority 1)} else if B(LIST=[actionresult([TYPE,ID,RESPONSE])]) then if B(TYPE=response) then ReceivedMessage(RESPONSE, ID) else if B(LIST=[actionresult([TYPE])]) then ReceivedEvent(TYPE) else if B(LIST=[actionresult([TYPE,AGENT,ID,RESPONSE])]) then if B(TYPE=proposal) then ReceivedProposal(AGENT, ID, RESPONSE)
Event processed @ctenv(functionToList(chip(a40, green, 1, 10)),LIST,0); if B(LIST=[actionresult([TYPE,ID])]) then if B(TYPE=proposal) then {ReceivedMessage(TYPE, ID, open); adopta(received(TYPE, ID, closed) : Infinite, priority 1)} else if B(LIST=[actionresult([TYPE,ID,RESPONSE])]) then if B(TYPE=response) then ReceivedMessage(RESPONSE, ID) else if B(LIST=[actionresult([TYPE])]) then ReceivedEvent(TYPE) else if B(LIST=[actionresult([TYPE,AGENT,ID,RESPONSE])]) then if B(TYPE=proposal) then ReceivedProposal(AGENT, ID, RESPONSE)
Event processed UpdatePoints(950)
org notification: Chip [id=null, agent=a10, time=2015-05-11 16:48:06.788, color=purple, clock=10, number=1]
org notified sent chip(a10,purple,1,10).
org notification: Chip [id=null, agent=a10, time=2015-05-11 16:48:06.791, color=green, clock=10, number=0]
org notified sent chip(a10,green,0,10).
org notification: Chip [id=null, agent=a40, time=2015-05-11 16:48:06.798, color=orange, clock=10, number=1]
org notified sent chip(a40,orange,1,10).
org notification: Chip [id=null, agent=a40, time=2015-05-11 16:48:06.802, color=red, clock=10, number=3]
org notified sent chip(a40,red,3,10).
org notification: Chip [id=null, agent=a40, time=2015-05-11 16:48:06.806, color=purple, clock=10, number=1]
org notified sent chip(a40,purple,1,10).
org notification: Chip [id=null, agent=a40, time=2015-05-11 16:48:06.809, color=green, clock=10, number=1]
org notified sent chip(a40,green,1,10).
Event processed UpdateClock(10)
Event processed UpdatePosition(4, 4)
Event processed @ctenv(functionToList(chip(a10, orange, 1, 10)),LIST,0); if B(LIST=[actionresult([TYPE,ID])]) then if B(TYPE=proposal) then {ReceivedMessage(TYPE, ID, open); adopta(received(TYPE, ID, closed) : Infinite, priority 1)} else if B(LIST=[actionresult([TYPE,ID,RESPONSE])]) then if B(TYPE=response) then ReceivedMessage(RESPONSE, ID) else if B(LIST=[actionresult([TYPE])]) then ReceivedEvent(TYPE) else if B(LIST=[actionresult([TYPE,AGENT,ID,RESPONSE])]) then if B(TYPE=proposal) then ReceivedProposal(AGENT, ID, RESPONSE)
Event processed @ctenv(functionToList(chip(a10, red, 2, 10)),LIST,0); if B(LIST=[actionresult([TYPE,ID])]) then if B(TYPE=proposal) then {ReceivedMessage(TYPE, ID, open); adopta(received(TYPE, ID, closed) : Infinite, priority 1)} else if B(LIST=[actionresult([TYPE,ID,RESPONSE])]) then if B(TYPE=response) then ReceivedMessage(RESPONSE, ID) else if B(LIST=[actionresult([TYPE])]) then ReceivedEvent(TYPE) else if B(LIST=[actionresult([TYPE,AGENT,ID,RESPONSE])]) then if B(TYPE=proposal) then ReceivedProposal(AGENT, ID, RESPONSE)
Event processed @ctenv(functionToList(chip(a10, purple, 1, 10)),LIST,0); if B(LIST=[actionresult([TYPE,ID])]) then if B(TYPE=proposal) then {ReceivedMessage(TYPE, ID, open); adopta(received(TYPE, ID, closed) : Infinite, priority 1)} else if B(LIST=[actionresult([TYPE,ID,RESPONSE])]) then if B(TYPE=response) then ReceivedMessage(RESPONSE, ID) else if B(LIST=[actionresult([TYPE])]) then ReceivedEvent(TYPE) else if B(LIST=[actionresult([TYPE,AGENT,ID,RESPONSE])]) then if B(TYPE=proposal) then ReceivedProposal(AGENT, ID, RESPONSE)
Event processed @ctenv(functionToList(chip(a10, green, 0, 10)),LIST,0); if B(LIST=[actionresult([TYPE,ID])]) then if B(TYPE=proposal) then {ReceivedMessage(TYPE, ID, open); adopta(received(TYPE, ID, closed) : Infinite, priority 1)} else if B(LIST=[actionresult([TYPE,ID,RESPONSE])]) then if B(TYPE=response) then ReceivedMessage(RESPONSE, ID) else if B(LIST=[actionresult([TYPE])]) then ReceivedEvent(TYPE) else if B(LIST=[actionresult([TYPE,AGENT,ID,RESPONSE])]) then if B(TYPE=proposal) then ReceivedProposal(AGENT, ID, RESPONSE)
Event processed UpdatePoints(950)
[CTAH] Array of Terms: [Lapapl.data.Term;@439e71fb
[CTAH] The created APLList : [a40,orange,1,10]
[CTAH] Array of Terms: [Lapapl.data.Term;@574d386b
[CTAH] The created APLList : [a40,red,3,10]
[CTAH] Array of Terms: [Lapapl.data.Term;@18d0e74e
[CTAH] The created APLList : [a40,purple,1,10]
[CTAH] Array of Terms: [Lapapl.data.Term;@ffec2c6
[CTAH] The created APLList : [a40,green,1,10]
[CTAH] Array of Terms: [Lapapl.data.Term;@3125a26a
[CTAH] The created APLList : [a10,orange,1,10]
[CTAH] Array of Terms: [Lapapl.data.Term;@70eea3d5
[CTAH] The created APLList : [a10,purple,1,10]
[CTAH] Array of Terms: [Lapapl.data.Term;@3125a26a
[CTAH] Array of Terms: [Lapapl.data.Term;@43462edf
[CTAH] The created APLList : [a10,red,2,10]
[CTAH] The created APLList : [a10,green,0,10]
setPhases in ClientGameStatus, the current phase is Feedback Phase
setPhases in ClientGameStatus, the current phase is Feedback Phase
setPhases in ClientGameStatus, the current phase is Feedback Phase
Event processed @ctenv(functionToList(message(phasechange)),LIST,0); if B(LIST=[actionresult([TYPE,ID])]) then if B(TYPE=proposal) then {ReceivedMessage(TYPE, ID, open); adopta(received(TYPE, ID, closed) : Infinite, priority 1)} else if B(LIST=[actionresult([TYPE,ID,RESPONSE])]) then if B(TYPE=response) then ReceivedMessage(RESPONSE, ID) else if B(LIST=[actionresult([TYPE])]) then ReceivedEvent(TYPE) else if B(LIST=[actionresult([TYPE,AGENT,ID,RESPONSE])]) then if B(TYPE=proposal) then ReceivedProposal(AGENT, ID, RESPONSE)
Event processed @ctenv(functionToList(message(phasechange)),LIST,0); if B(LIST=[actionresult([TYPE,ID])]) then if B(TYPE=proposal) then {ReceivedMessage(TYPE, ID, open); adopta(received(TYPE, ID, closed) : Infinite, priority 1)} else if B(LIST=[actionresult([TYPE,ID,RESPONSE])]) then if B(TYPE=response) then ReceivedMessage(RESPONSE, ID) else if B(LIST=[actionresult([TYPE])]) then ReceivedEvent(TYPE) else if B(LIST=[actionresult([TYPE,AGENT,ID,RESPONSE])]) then if B(TYPE=proposal) then ReceivedProposal(AGENT, ID, RESPONSE)
Event processed @ctenv(functionToList(message(phasechange)),LIST,0); if B(LIST=[actionresult([TYPE,ID])]) then if B(TYPE=proposal) then {ReceivedMessage(TYPE, ID, open); adopta(received(TYPE, ID, closed) : Infinite, priority 1)} else if B(LIST=[actionresult([TYPE,ID,RESPONSE])]) then if B(TYPE=response) then ReceivedMessage(RESPONSE, ID) else if B(LIST=[actionresult([TYPE])]) then ReceivedEvent(TYPE) else if B(LIST=[actionresult([TYPE,AGENT,ID,RESPONSE])]) then if B(TYPE=proposal) then ReceivedProposal(AGENT, ID, RESPONSE)
[CTAH] Array of Terms: [Lapapl.data.Term;@51ee97f
[CTAH] The created APLList : [phasechange]
[CTAH] Array of Terms: [Lapapl.data.Term;@463c4a11
[CTAH] The created APLList : [phasechange]
[CTAH] Array of Terms: [Lapapl.data.Term;@392b8c8a
[CTAH] The created APLList : [phasechange]
org notification: Time [clock=11, time=2015-05-11 16:48:16.778]
org notified sent time(11).
object notification: Time [clock=11, time=2015-05-11 16:48:16.778]
Event sent to object      a10 clock(11)
object notification: Time [clock=11, time=2015-05-11 16:48:16.778]
Event sent to object      a30 clock(11)
object notification: Time [clock=11, time=2015-05-11 16:48:16.778]
Event sent to object      a40 clock(11)
Organization writes: Points [subject=a10, time=2015-05-11 16:48:16.79, clock=11, value=875, id=null]
Organization writes: Points [subject=a20, time=2015-05-11 16:48:16.793, clock=11, value=875, id=null]
object notification: Points [subject=a10, time=2015-05-11 16:48:16.79, clock=11, value=875, id=null]
Event sent to object      a10 points(875)
Organization writes: Points [subject=a30, time=2015-05-11 16:48:16.796, clock=11, value=875, id=null]
Organization writes: Points [subject=a40, time=2015-05-11 16:48:16.807, clock=11, value=875, id=null]
object notification: Points [subject=a30, time=2015-05-11 16:48:16.796, clock=11, value=875, id=null]
Event sent to object      a30 points(875)
object notification: Points [subject=a40, time=2015-05-11 16:48:16.807, clock=11, value=875, id=null]
Event sent to object      a40 points(875)
Event processed UpdateClock(11)
Event processed UpdatePoints(875)
Event processed UpdateClock(11)
Event processed UpdatePoints(875)
Event processed UpdateClock(11)
Event processed UpdatePoints(875)
(((((((((((((((((Game ended)))))))))))
Game ended 
My PlayerStatus is: Game Player...
PerGameId: 0.
PIN: 10.
Pos: (R:4,C:4).
Chips: { chips  'orange':1 'red':2 'purple':1 'green':0 }.
Score: -20.
Team: -1.

(((((((((((((((((Game ended)))))))))))
Game ended 
My PlayerStatus is: Game Player...
PerGameId: 3.
PIN: 40.
Pos: (R:4,C:4).
Chips: { chips  'orange':1 'red':3 'purple':1 'green':1 }.
Score: -10.
Team: -1.

(((((((((((((((((Game ended)))))))))))
Game ended 
My PlayerStatus is: Game Player...
PerGameId: 2.
PIN: 30.
Pos: (R:4,C:4).
Chips: { chips  'orange':1 'red':1 'purple':3 'green':2 }.
Score: -5.
Team: -1.

Event processed @ctenv(functionToList(message(game_ended)),LIST,0); if B(LIST=[actionresult([TYPE,ID])]) then if B(TYPE=proposal) then {ReceivedMessage(TYPE, ID, open); adopta(received(TYPE, ID, closed) : Infinite, priority 1)} else if B(LIST=[actionresult([TYPE,ID,RESPONSE])]) then if B(TYPE=response) then ReceivedMessage(RESPONSE, ID) else if B(LIST=[actionresult([TYPE])]) then ReceivedEvent(TYPE) else if B(LIST=[actionresult([TYPE,AGENT,ID,RESPONSE])]) then if B(TYPE=proposal) then ReceivedProposal(AGENT, ID, RESPONSE)
Event processed @ctenv(functionToList(message(game_ended)),LIST,0); if B(LIST=[actionresult([TYPE,ID])]) then if B(TYPE=proposal) then {ReceivedMessage(TYPE, ID, open); adopta(received(TYPE, ID, closed) : Infinite, priority 1)} else if B(LIST=[actionresult([TYPE,ID,RESPONSE])]) then if B(TYPE=response) then ReceivedMessage(RESPONSE, ID) else if B(LIST=[actionresult([TYPE])]) then ReceivedEvent(TYPE) else if B(LIST=[actionresult([TYPE,AGENT,ID,RESPONSE])]) then if B(TYPE=proposal) then ReceivedProposal(AGENT, ID, RESPONSE)
Event processed @ctenv(functionToList(message(game_ended)),LIST,0); if B(LIST=[actionresult([TYPE,ID])]) then if B(TYPE=proposal) then {ReceivedMessage(TYPE, ID, open); adopta(received(TYPE, ID, closed) : Infinite, priority 1)} else if B(LIST=[actionresult([TYPE,ID,RESPONSE])]) then if B(TYPE=response) then ReceivedMessage(RESPONSE, ID) else if B(LIST=[actionresult([TYPE])]) then ReceivedEvent(TYPE) else if B(LIST=[actionresult([TYPE,AGENT,ID,RESPONSE])]) then if B(TYPE=proposal) then ReceivedProposal(AGENT, ID, RESPONSE)
[CTAH] Array of Terms: [Lapapl.data.Term;@53c9c816
[CTAH] The created APLList : [game_ended]
[CTAH] Array of Terms: [Lapapl.data.Term;@55b91b30
[CTAH] The created APLList : [game_ended]
[CTAH] Array of Terms: [Lapapl.data.Term;@109becaf
[CTAH] The created APLList : [game_ended]
org notification: Time [clock=12, time=2015-05-11 16:48:26.785]
object notification: Time [clock=12, time=2015-05-11 16:48:26.785]
object notification: Time [clock=12, time=2015-05-11 16:48:26.785]
object notification: Time [clock=12, time=2015-05-11 16:48:26.785]
Event sent to object      a10 clock(12)
Event sent to object      a30 clock(12)
Event sent to object      a40 clock(12)
org notified sent time(12).
Event processed UpdateClock(12)
Event processed UpdateClock(12)
Event processed UpdateClock(12)
org notification: Time [clock=13, time=2015-05-11 16:48:36.787]
org notified sent time(13).
object notification: Time [clock=13, time=2015-05-11 16:48:36.787]
object notification: Time [clock=13, time=2015-05-11 16:48:36.787]
object notification: Time [clock=13, time=2015-05-11 16:48:36.787]
Event sent to object      a30 clock(13)
Event sent to object      a40 clock(13)
Event sent to object      a10 clock(13)
Event processed UpdateClock(13)
Event processed UpdateClock(13)
Event processed UpdateClock(13)
