-------------------------last log tuples start--------------------------------
Time [clock=79, time=2015-05-25 19:43:56.472]
org notification: Time [clock=79, time=2015-05-25 19:43:56.472]
org notified sent time(79).
org notification: Time [clock=79, time=2015-05-25 19:43:56.472]
org notified sent time(79).
org notification: Time [clock=79, time=2015-05-25 19:43:56.472]
org notified sent time(79).
org notification: Time [clock=79, time=2015-05-25 19:43:56.472]
org notified sent time(79).
object notification: Time [clock=79, time=2015-05-25 19:43:56.472]
org notification: Time [clock=79, time=2015-05-25 19:43:56.472]
org notified sent time(79).
object notification: Time [clock=79, time=2015-05-25 19:43:56.472]
Event sent to agent      a40 clock(79)
Event sent to agent      a10 clock(79)
object notification: Time [clock=79, time=2015-05-25 19:43:56.472]
org notification: Time [clock=79, time=2015-05-25 19:43:56.472]
org notified sent time(79).
Event sent to agent      a30 clock(79)
org notification: Time [clock=79, time=2015-05-25 19:43:56.472]
org notified sent time(79).
org notification: Time [clock=79, time=2015-05-25 19:43:56.472]
org notified sent time(79).
org notification: Time [clock=79, time=2015-05-25 19:43:56.472]
org notified sent time(79).
org notification: Time [clock=79, time=2015-05-25 19:43:56.472]
org notified sent time(79).
Time [clock=16, time=2015-05-25 19:44:04.372]
object notification: Time [clock=16, time=2015-05-25 19:44:04.372]
Event sent to agent      a30 clock(16)
org notification: Time [clock=16, time=2015-05-25 19:44:04.372]
org notified sent time(16).
org notification: Time [clock=16, time=2015-05-25 19:44:04.372]
org notified sent time(16).
org notification: Time [clock=16, time=2015-05-25 19:44:04.372]
org notified sent time(16).
org notification: Time [clock=16, time=2015-05-25 19:44:04.372]
org notified sent time(16).
object notification: Time [clock=16, time=2015-05-25 19:44:04.372]
Event sent to agent      a40 clock(16)
org notification: Time [clock=16, time=2015-05-25 19:44:04.372]
org notified sent time(16).
org notification: Time [clock=16, time=2015-05-25 19:44:04.372]
org notification: Time [clock=16, time=2015-05-25 19:44:04.372]
org notified sent time(16).
org notified sent time(16).
object notification: Time [clock=16, time=2015-05-25 19:44:04.372]
org notification: Time [clock=16, time=2015-05-25 19:44:04.372]
org notified sent time(16).
Event sent to agent      a10 clock(16)
org notification: Time [clock=16, time=2015-05-25 19:44:04.372]
org notified sent time(16).
org notification: Time [clock=16, time=2015-05-25 19:44:04.372]
org notified sent time(16).
Time [clock=22, time=2015-05-25 19:44:02.186]
object notification: Time [clock=22, time=2015-05-25 19:44:02.186]
org notification: Time [clock=22, time=2015-05-25 19:44:02.186]
org notified sent time(22).
Event sent to agent      a30 clock(22)
org notification: Time [clock=22, time=2015-05-25 19:44:02.186]
org notified sent time(22).
org notification: Time [clock=22, time=2015-05-25 19:44:02.186]
org notified sent time(22).
org notification: Time [clock=22, time=2015-05-25 19:44:02.186]
org notified sent time(22).
org notification: Time [clock=22, time=2015-05-25 19:44:02.186]
org notified sent time(22).
object notification: Time [clock=22, time=2015-05-25 19:44:02.186]
Event sent to agent      a40 clock(22)
org notification: Time [clock=22, time=2015-05-25 19:44:02.186]
org notified sent time(22).
org notification: Time [clock=22, time=2015-05-25 19:44:02.186]
org notified sent time(22).
org notification: Time [clock=22, time=2015-05-25 19:44:02.186]
org notified sent time(22).
org notification: Time [clock=22, time=2015-05-25 19:44:02.186]
org notified sent time(22).
object notification: Time [clock=22, time=2015-05-25 19:44:02.186]
org notification: Time [clock=22, time=2015-05-25 19:44:02.186]
org notified sent time(22).
Event sent to agent      a10 clock(22)
Time [clock=69, time=2015-05-25 19:44:01.328]
org notification: Time [clock=69, time=2015-05-25 19:44:01.328]
org notification: Time [clock=69, time=2015-05-25 19:44:01.328]
org notified sent time(69).
org notified sent time(69).
org notification: Time [clock=69, time=2015-05-25 19:44:01.328]
org notified sent time(69).
org notification: Time [clock=69, time=2015-05-25 19:44:01.328]
org notified sent time(69).
org notification: Time [clock=69, time=2015-05-25 19:44:01.328]
org notified sent time(69).
org notification: Time [clock=69, time=2015-05-25 19:44:01.328]
org notified sent time(69).
org notification: Time [clock=69, time=2015-05-25 19:44:01.328]
org notified sent time(69).
object notification: Time [clock=69, time=2015-05-25 19:44:01.328]
org notification: Time [clock=69, time=2015-05-25 19:44:01.328]
org notified sent time(69).
Event sent to agent      a10 clock(69)
object notification: Time [clock=69, time=2015-05-25 19:44:01.328]
object notification: Time [clock=69, time=2015-05-25 19:44:01.328]
Event sent to agent      a40 clock(69)
Event sent to agent      a30 clock(69)
org notification: Time [clock=69, time=2015-05-25 19:44:01.328]
org notified sent time(69).
org notification: Time [clock=69, time=2015-05-25 19:44:01.328]
org notified sent time(69).
Time [clock=5, time=2015-05-25 19:43:54.842]
org notification: Time [clock=5, time=2015-05-25 19:43:54.842]
org notified sent time(5).
org notification: Time [clock=5, time=2015-05-25 19:43:54.842]
org notified sent time(5).
org notification: Time [clock=5, time=2015-05-25 19:43:54.842]
org notified sent time(5).
org notification: Time [clock=5, time=2015-05-25 19:43:54.842]
org notified sent time(5).
org notification: Time [clock=5, time=2015-05-25 19:43:54.842]
org notified sent time(5).
org notification: Time [clock=5, time=2015-05-25 19:43:54.842]
org notified sent time(5).
object notification: Time [clock=5, time=2015-05-25 19:43:54.842]
object notification: Time [clock=5, time=2015-05-25 19:43:54.842]
Event sent to agent      a40 clock(5)
org notification: Time [clock=5, time=2015-05-25 19:43:54.842]
org notified sent time(5).
Event sent to agent      a10 clock(5)
org notification: Time [clock=5, time=2015-05-25 19:43:54.842]
org notified sent time(5).
org notification: Time [clock=5, time=2015-05-25 19:43:54.842]
org notified sent time(5).
object notification: Time [clock=5, time=2015-05-25 19:43:54.842]
Event sent to agent      a30 clock(5)
org notification: Time [clock=5, time=2015-05-25 19:43:54.842]
org notified sent time(5).
Time [clock=29, time=2015-05-25 19:44:01.041]
object notification: Time [clock=29, time=2015-05-25 19:44:01.041]
Event sent to agent      a30 clock(29)
org notification: Time [clock=29, time=2015-05-25 19:44:01.041]
org notified sent time(29).
org notification: Time [clock=29, time=2015-05-25 19:44:01.041]
org notified sent time(29).
org notification: Time [clock=29, time=2015-05-25 19:44:01.041]
org notified sent time(29).
org notification: Time [clock=29, time=2015-05-25 19:44:01.041]
org notified sent time(29).
object notification: Time [clock=29, time=2015-05-25 19:44:01.041]
Event sent to agent      a40 clock(29)
org notification: Time [clock=29, time=2015-05-25 19:44:01.041]
org notified sent time(29).
org notification: Time [clock=29, time=2015-05-25 19:44:01.041]
org notified sent time(29).
Time [clock=6, time=2015-05-25 19:44:04.845]
org notification: Time [clock=29, time=2015-05-25 19:44:01.041]
org notified sent time(29).
org notification: Time [clock=29, time=2015-05-25 19:44:01.041]
org notified sent time(29).
org notification: Time [clock=29, time=2015-05-25 19:44:01.041]
org notified sent time(29).
object notification: Time [clock=29, time=2015-05-25 19:44:01.041]
Event sent to agent      a10 clock(29)
org notification: Time [clock=29, time=2015-05-25 19:44:01.041]
org notified sent time(29).
org notification: Time [clock=6, time=2015-05-25 19:44:04.845]
org notified sent time(6).
org notification: Time [clock=6, time=2015-05-25 19:44:04.845]
org notified sent time(6).
org notification: Time [clock=6, time=2015-05-25 19:44:04.845]
org notified sent time(6).
org notification: Time [clock=6, time=2015-05-25 19:44:04.845]
org notified sent time(6).
object notification: Time [clock=6, time=2015-05-25 19:44:04.845]
Event sent to agent      a10 clock(6)
org notification: Time [clock=6, time=2015-05-25 19:44:04.845]
org notified sent time(6).
Time [clock=4, time=2015-05-25 19:44:00.555]
org notification: Time [clock=4, time=2015-05-25 19:44:00.555]
org notified sent time(4).
object notification: Time [clock=6, time=2015-05-25 19:44:04.845]
Event sent to agent      a30 clock(6)
org notification: Time [clock=4, time=2015-05-25 19:44:00.555]
org notified sent time(4).
org notification: Time [clock=4, time=2015-05-25 19:44:00.555]
org notified sent time(4).
org notification: Time [clock=4, time=2015-05-25 19:44:00.555]
org notified sent time(4).
org notification: Time [clock=4, time=2015-05-25 19:44:00.555]
org notified sent time(4).
object notification: Time [clock=4, time=2015-05-25 19:44:00.555]
Event sent to agent      a10 clock(4)
org notification: Time [clock=6, time=2015-05-25 19:44:04.845]
org notified sent time(6).
org notification: Time [clock=6, time=2015-05-25 19:44:04.845]
org notified sent time(6).
org notification: Time [clock=6, time=2015-05-25 19:44:04.845]
org notification: Time [clock=6, time=2015-05-25 19:44:04.845]
object notification: Time [clock=6, time=2015-05-25 19:44:04.845]
org notification: Time [clock=6, time=2015-05-25 19:44:04.845]
org notified sent time(6).
org notified sent time(6).
Event sent to agent      a40 clock(6)
org notified sent time(6).
org notification: Time [clock=12, time=2015-05-25 19:44:00.324]
org notified sent time(12).
org notification: Time [clock=12, time=2015-05-25 19:44:00.324]
org notified sent time(12).
org notification: Time [clock=12, time=2015-05-25 19:44:00.324]
org notified sent time(12).
org notification: Time [clock=4, time=2015-05-25 19:44:00.555]
org notified sent time(4).
org notification: Time [clock=12, time=2015-05-25 19:44:00.324]
org notified sent time(12).
org notification: Time [clock=12, time=2015-05-25 19:44:00.324]
org notified sent time(12).
org notification: Time [clock=4, time=2015-05-25 19:44:00.555]
org notified sent time(4).
object notification: Time [clock=12, time=2015-05-25 19:44:00.324]
object notification: Time [clock=4, time=2015-05-25 19:44:00.555]
Event sent to agent      a40 clock(4)
Event sent to agent      a10 clock(12)
org notification: Time [clock=4, time=2015-05-25 19:44:00.555]
org notified sent time(4).
org notification: Time [clock=4, time=2015-05-25 19:44:00.555]
org notified sent time(4).
org notification: Time [clock=12, time=2015-05-25 19:44:00.324]
org notified sent time(12).
object notification: Time [clock=12, time=2015-05-25 19:44:00.324]
org notification: Time [clock=12, time=2015-05-25 19:44:00.324]
org notified sent time(12).
Event sent to agent      a40 clock(12)
org notification: Time [clock=12, time=2015-05-25 19:44:00.324]
org notified sent time(12).
object notification: Time [clock=4, time=2015-05-25 19:44:00.555]
org notification: Time [clock=12, time=2015-05-25 19:44:00.324]
org notified sent time(12).
Event sent to agent      a30 clock(4)
object notification: Time [clock=12, time=2015-05-25 19:44:00.324]
Event sent to agent      a30 clock(12)
org notification: Time [clock=4, time=2015-05-25 19:44:00.555]
org notified sent time(4).
Time [clock=12, time=2015-05-25 19:44:00.324]
Time [clock=71, time=2015-05-25 19:44:02.652]
object notification: Time [clock=71, time=2015-05-25 19:44:02.652]
Event sent to agent      a30 clock(71)
org notification: Time [clock=12, time=2015-05-25 19:44:00.324]
org notified sent time(12).
org notification: Time [clock=71, time=2015-05-25 19:44:02.652]
org notified sent time(71).
org notification: Time [clock=71, time=2015-05-25 19:44:02.652]
org notified sent time(71).
org notification: Time [clock=71, time=2015-05-25 19:44:02.652]
org notified sent time(71).
object notification: Time [clock=71, time=2015-05-25 19:44:02.652]
org notification: Time [clock=71, time=2015-05-25 19:44:02.652]
org notified sent time(71).
Event sent to agent      a40 clock(71)
org notification: Time [clock=71, time=2015-05-25 19:44:02.652]
org notified sent time(71).
org notification: Time [clock=71, time=2015-05-25 19:44:02.652]
org notified sent time(71).
org notification: Time [clock=71, time=2015-05-25 19:44:02.652]
org notified sent time(71).
org notification: Time [clock=71, time=2015-05-25 19:44:02.652]
Time [clock=15, time=2015-05-25 19:43:54.369]
org notified sent time(71).
org notification: Time [clock=71, time=2015-05-25 19:44:02.652]
org notified sent time(71).
org notification: Time [clock=71, time=2015-05-25 19:44:02.652]
org notified sent time(71).
object notification: Time [clock=71, time=2015-05-25 19:44:02.652]
Event sent to agent      a10 clock(71)
org notification: Time [clock=15, time=2015-05-25 19:43:54.369]
org notified sent time(15).
org notification: Time [clock=15, time=2015-05-25 19:43:54.369]
org notified sent time(15).
org notification: Time [clock=15, time=2015-05-25 19:43:54.369]
org notified sent time(15).
org notification: Time [clock=15, time=2015-05-25 19:43:54.369]
org notified sent time(15).
org notification: Time [clock=15, time=2015-05-25 19:43:54.369]
org notified sent time(15).
object notification: Time [clock=15, time=2015-05-25 19:43:54.369]
object notification: Time [clock=15, time=2015-05-25 19:43:54.369]
Event sent to agent      a40 clock(15)
Event sent to agent      a30 clock(15)
org notification: Time [clock=15, time=2015-05-25 19:43:54.369]
org notified sent time(15).
org notification: Time [clock=15, time=2015-05-25 19:43:54.369]
org notified sent time(15).
org notification: Time [clock=15, time=2015-05-25 19:43:54.369]
org notified sent time(15).
org notification: Time [clock=15, time=2015-05-25 19:43:54.369]
org notified sent time(15).
org notification: Time [clock=15, time=2015-05-25 19:43:54.369]
org notified sent time(15).
object notification: Time [clock=15, time=2015-05-25 19:43:54.369]
Event sent to agent      a10 clock(15)
Time [clock=1, time=2015-05-25 19:44:02.949]
object notification: Time [clock=1, time=2015-05-25 19:44:02.949]
org notification: Time [clock=1, time=2015-05-25 19:44:02.949]
org notified sent time(1).
org notification: Time [clock=1, time=2015-05-25 19:44:02.949]
org notified sent time(1).
org notification: Time [clock=1, time=2015-05-25 19:44:02.949]
org notified sent time(1).
org notification: Time [clock=1, time=2015-05-25 19:44:02.949]
org notified sent time(1).
org notification: Time [clock=1, time=2015-05-25 19:44:02.949]
org notified sent time(1).
object notification: Time [clock=1, time=2015-05-25 19:44:02.949]
org notification: Time [clock=1, time=2015-05-25 19:44:02.949]
org notified sent time(1).
Event sent to agent      a40 clock(1)
org notification: Time [clock=1, time=2015-05-25 19:44:02.949]
Event sent to agent      a30 clock(1)
org notified sent time(1).
org notification: Time [clock=1, time=2015-05-25 19:44:02.949]
org notified sent time(1).
org notification: Time [clock=1, time=2015-05-25 19:44:02.949]
org notified sent time(1).
object notification: Time [clock=1, time=2015-05-25 19:44:02.949]
Event sent to agent      a10 clock(1)
org notification: Time [clock=1, time=2015-05-25 19:44:02.949]
org notified sent time(1).
Time [clock=80, time=2015-05-25 19:44:06.474]
object notification: Time [clock=80, time=2015-05-25 19:44:06.474]
org notification: Time [clock=80, time=2015-05-25 19:44:06.474]
org notified sent time(80).
Event sent to agent      a30 clock(80)
org notification: Time [clock=80, time=2015-05-25 19:44:06.474]
org notified sent time(80).
org notification: Time [clock=80, time=2015-05-25 19:44:06.474]
org notified sent time(80).
org notification: Time [clock=80, time=2015-05-25 19:44:06.474]
org notified sent time(80).
org notification: Time [clock=80, time=2015-05-25 19:44:06.474]
org notified sent time(80).
org notification: Time [clock=80, time=2015-05-25 19:44:06.474]
org notified sent time(80).
org notification: Time [clock=80, time=2015-05-25 19:44:06.474]
org notified sent time(80).
org notification: Time [clock=80, time=2015-05-25 19:44:06.474]
org notified sent time(80).
object notification: Time [clock=80, time=2015-05-25 19:44:06.474]
Event sent to agent      a40 clock(80)
org notification: Time [clock=80, time=2015-05-25 19:44:06.474]
org notified sent time(80).
org notification: Time [clock=80, time=2015-05-25 19:44:06.474]
org notified sent time(80).
object notification: Time [clock=80, time=2015-05-25 19:44:06.474]
Event sent to agent      a10 clock(80)
-------------------------last log tuples end----------------------------------
[CTAH] started agent 10
[CTAH] Added a new agent to the game by the name of 10.
[ENV] added agent a10
org notification: Time [clock=13, time=2015-05-25 19:44:10.326]
org notified sent time(13).
org notification: Time [clock=13, time=2015-05-25 19:44:10.326]
org notified sent time(13).
org notification: Time [clock=13, time=2015-05-25 19:44:10.326]
org notified sent time(13).
org notification: Time [clock=13, time=2015-05-25 19:44:10.326]
org notified sent time(13).
object notification: Time [clock=13, time=2015-05-25 19:44:10.326]
org notification: Time [clock=13, time=2015-05-25 19:44:10.326]
org notified sent time(13).
Event sent to agent      a10 clock(13)
org notification: Time [clock=13, time=2015-05-25 19:44:10.326]
org notified sent time(13).
org notification: Time [clock=13, time=2015-05-25 19:44:10.326]
org notified sent time(13).
org notification: Time [clock=13, time=2015-05-25 19:44:10.326]
org notified sent time(13).
org notification: Time [clock=13, time=2015-05-25 19:44:10.326]
org notified sent time(13).
org notification: Time [clock=13, time=2015-05-25 19:44:10.326]
org notified sent time(13).
object notification: Time [clock=13, time=2015-05-25 19:44:10.326]
Event sent to agent      a40 clock(13)
object notification: Time [clock=13, time=2015-05-25 19:44:10.326]
Event sent to agent      a30 clock(13)
object notification: Time [clock=13, time=2015-05-25 19:44:10.326]
[CTAH] started agent 30
[CTAH] Added a new agent to the game by the name of 30.
[ENV] added agent a30
Event sent to agent      a10 clock(13)
org notification: Time [clock=13, time=2015-05-25 19:44:10.326]
org notified sent time(13).
[CTAH] started agent 40
[CTAH] Added a new agent to the game by the name of 40.
[ENV] added agent a40
org notification: Time [clock=5, time=2015-05-25 19:44:10.558]
org notified sent time(5).
org notification: Time [clock=5, time=2015-05-25 19:44:10.558]
org notified sent time(5).
org notification: Time [clock=5, time=2015-05-25 19:44:10.558]
org notified sent time(5).
object notification: Time [clock=5, time=2015-05-25 19:44:10.558]
Event sent to agent      a10 clock(5)
org notification: Time [clock=5, time=2015-05-25 19:44:10.558]
org notified sent time(5).
org notification: Time [clock=5, time=2015-05-25 19:44:10.558]
org notified sent time(5).
org notification: Time [clock=5, time=2015-05-25 19:44:10.558]
org notified sent time(5).
org notification: Time [clock=5, time=2015-05-25 19:44:10.558]
org notified sent time(5).
org notification: Time [clock=5, time=2015-05-25 19:44:10.558]
org notified sent time(5).
object notification: Time [clock=5, time=2015-05-25 19:44:10.558]
Event sent to agent      a40 clock(5)
org notification: Time [clock=5, time=2015-05-25 19:44:10.558]
org notified sent time(5).
org notification: Time [clock=5, time=2015-05-25 19:44:10.558]
org notified sent time(5).
org notification: Time [clock=5, time=2015-05-25 19:44:10.558]
org notified sent time(5).
object notification: Time [clock=5, time=2015-05-25 19:44:10.558]
Event sent to agent      a10 clock(5)
object notification: Time [clock=5, time=2015-05-25 19:44:10.558]
Event sent to agent      a30 clock(5)
object notification: Time [clock=5, time=2015-05-25 19:44:10.558]
object notification: Time [clock=5, time=2015-05-25 19:44:10.558]
Event sent to agent      a40 clock(5)
Event sent to agent      a30 clock(5)
org notification: Time [clock=30, time=2015-05-25 19:44:11.043]
org notified sent time(30).
org notification: Time [clock=30, time=2015-05-25 19:44:11.043]
org notified sent time(30).
org notification: Time [clock=30, time=2015-05-25 19:44:11.043]
org notified sent time(30).
org notification: Time [clock=30, time=2015-05-25 19:44:11.043]
org notified sent time(30).
org notification: Time [clock=30, time=2015-05-25 19:44:11.043]
org notified sent time(30).
org notification: Time [clock=30, time=2015-05-25 19:44:11.043]
org notified sent time(30).
org notification: Time [clock=30, time=2015-05-25 19:44:11.043]
org notified sent time(30).
object notification: Time [clock=30, time=2015-05-25 19:44:11.043]
org notification: Time [clock=30, time=2015-05-25 19:44:11.043]
org notified sent time(30).
org notification: Time [clock=30, time=2015-05-25 19:44:11.043]
org notified sent time(30).
org notification: Time [clock=30, time=2015-05-25 19:44:11.043]
object notification: Time [clock=30, time=2015-05-25 19:44:11.043]
Event sent to agent      a30 clock(30)
object notification: Time [clock=30, time=2015-05-25 19:44:11.043]
object notification: Time [clock=30, time=2015-05-25 19:44:11.043]
Event sent to agent      a40 clock(30)
Event sent to agent      a10 clock(30)
object notification: Time [clock=30, time=2015-05-25 19:44:11.043]
Event sent to agent      a30 clock(30)
Event sent to agent      a10 clock(30)
org notified sent time(30).
org notification: Time [clock=30, time=2015-05-25 19:44:11.043]
org notified sent time(30).
object notification: Time [clock=30, time=2015-05-25 19:44:11.043]
Event sent to agent      a40 clock(30)
org notification: Time [clock=70, time=2015-05-25 19:44:11.331]
org notified sent time(70).
org notification: Time [clock=70, time=2015-05-25 19:44:11.331]
org notified sent time(70).
object notification: Time [clock=70, time=2015-05-25 19:44:11.331]
Event sent to agent      a40 clock(70)
org notification: Time [clock=70, time=2015-05-25 19:44:11.331]
org notified sent time(70).
org notification: Time [clock=70, time=2015-05-25 19:44:11.331]
org notified sent time(70).
org notification: Time [clock=70, time=2015-05-25 19:44:11.331]
org notification: Time [clock=70, time=2015-05-25 19:44:11.331]
org notified sent time(70).
object notification: Time [clock=70, time=2015-05-25 19:44:11.331]
Event sent to agent      a30 clock(70)
object notification: Time [clock=70, time=2015-05-25 19:44:11.331]
Event sent to agent      a10 clock(70)
org notification: Time [clock=70, time=2015-05-25 19:44:11.331]
org notified sent time(70).
object notification: Time [clock=70, time=2015-05-25 19:44:11.331]
Event sent to agent      a10 clock(70)
org notification: Time [clock=70, time=2015-05-25 19:44:11.331]
org notified sent time(70).
org notification: Time [clock=70, time=2015-05-25 19:44:11.331]
org notified sent time(70).
object notification: Time [clock=70, time=2015-05-25 19:44:11.331]
Event sent to agent      a30 clock(70)
org notification: Time [clock=70, time=2015-05-25 19:44:11.331]
org notified sent time(70).
object notification: Time [clock=70, time=2015-05-25 19:44:11.331]
org notified sent time(70).
Event sent to agent      a40 clock(70)
org notification: Time [clock=70, time=2015-05-25 19:44:11.331]
org notified sent time(70).
org notification: Time [clock=23, time=2015-05-25 19:44:12.189]
org notified sent time(23).
org notification: Time [clock=23, time=2015-05-25 19:44:12.189]
org notified sent time(23).
org notification: Time [clock=23, time=2015-05-25 19:44:12.189]
org notified sent time(23).
org notification: Time [clock=23, time=2015-05-25 19:44:12.189]
org notified sent time(23).
org notification: Time [clock=23, time=2015-05-25 19:44:12.189]
org notified sent time(23).
object notification: Time [clock=23, time=2015-05-25 19:44:12.189]
Event sent to agent      a10 clock(23)
org notification: Time [clock=23, time=2015-05-25 19:44:12.189]
org notified sent time(23).
object notification: Time [clock=23, time=2015-05-25 19:44:12.189]
Event sent to agent      a40 clock(23)
org notification: Time [clock=23, time=2015-05-25 19:44:12.189]
org notified sent time(23).
org notification: Time [clock=23, time=2015-05-25 19:44:12.189]
org notified sent time(23).
org notification: Time [clock=23, time=2015-05-25 19:44:12.189]
org notified sent time(23).
org notification: Time [clock=23, time=2015-05-25 19:44:12.189]
org notified sent time(23).
org notification: Time [clock=23, time=2015-05-25 19:44:12.189]
org notified sent time(23).
object notification: Time [clock=23, time=2015-05-25 19:44:12.189]
Event sent to agent      a40 clock(23)
object notification: Time [clock=23, time=2015-05-25 19:44:12.189]
Event sent to agent      a30 clock(23)
object notification: Time [clock=23, time=2015-05-25 19:44:12.189]
Event sent to agent      a30 clock(23)
object notification: Time [clock=23, time=2015-05-25 19:44:12.189]
Event sent to agent      a10 clock(23)
org notification: Time [clock=72, time=2015-05-25 19:44:12.654]
org notified sent time(72).
object notification: Time [clock=72, time=2015-05-25 19:44:12.654]
org notification: Time [clock=72, time=2015-05-25 19:44:12.654]
org notified sent time(72).
org notification: Time [clock=72, time=2015-05-25 19:44:12.654]
Event sent to agent      a40 clock(72)
org notified sent time(72).
org notification: Time [clock=72, time=2015-05-25 19:44:12.654]
org notified sent time(72).
org notification: Time [clock=72, time=2015-05-25 19:44:12.654]
org notified sent time(72).
org notification: Time [clock=72, time=2015-05-25 19:44:12.654]
org notified sent time(72).
org notification: Time [clock=72, time=2015-05-25 19:44:12.654]
org notified sent time(72).
org notification: Time [clock=72, time=2015-05-25 19:44:12.654]
org notified sent time(72).
object notification: Time [clock=72, time=2015-05-25 19:44:12.654]
Event sent to agent      a10 clock(72)
org notification: Time [clock=72, time=2015-05-25 19:44:12.654]
org notified sent time(72).
object notification: Time [clock=72, time=2015-05-25 19:44:12.654]
org notification: Time [clock=72, time=2015-05-25 19:44:12.654]
object notification: Time [clock=72, time=2015-05-25 19:44:12.654]
Event sent to agent      a30 clock(72)
org notified sent time(72).
Event sent to agent      a40 clock(72)
object notification: Time [clock=72, time=2015-05-25 19:44:12.654]
Event sent to agent      a10 clock(72)
org notification: Time [clock=72, time=2015-05-25 19:44:12.654]
org notified sent time(72).
object notification: Time [clock=72, time=2015-05-25 19:44:12.654]
Event sent to agent      a30 clock(72)
org notification: Time [clock=2, time=2015-05-25 19:44:12.951]
org notified sent time(2).
org notification: Time [clock=2, time=2015-05-25 19:44:12.951]
org notified sent time(2).
org notification: Time [clock=2, time=2015-05-25 19:44:12.951]
org notified sent time(2).
object notification: Time [clock=2, time=2015-05-25 19:44:12.951]
org notification: Time [clock=2, time=2015-05-25 19:44:12.951]
org notified sent time(2).
Event sent to agent      a10 clock(2)
org notification: Time [clock=2, time=2015-05-25 19:44:12.951]
org notified sent time(2).
object notification: Time [clock=2, time=2015-05-25 19:44:12.951]
org notification: Time [clock=2, time=2015-05-25 19:44:12.951]
org notified sent time(2).
Event sent to agent      a30 clock(2)
org notification: Time [clock=2, time=2015-05-25 19:44:12.951]
org notified sent time(2).
org notification: Time [clock=2, time=2015-05-25 19:44:12.951]
org notified sent time(2).
org notification: Time [clock=2, time=2015-05-25 19:44:12.951]
org notified sent time(2).
object notification: Time [clock=2, time=2015-05-25 19:44:12.951]
object notification: Time [clock=2, time=2015-05-25 19:44:12.951]
org notification: Time [clock=2, time=2015-05-25 19:44:12.951]
org notified sent time(2).
object notification: Time [clock=2, time=2015-05-25 19:44:12.951]
Event sent to agent      a40 clock(2)
object notification: Time [clock=2, time=2015-05-25 19:44:12.951]
Event sent to agent      a10 clock(2)
Event sent to agent      a40 clock(2)
Event sent to agent      a30 clock(2)
org notification: Time [clock=2, time=2015-05-25 19:44:12.951]
org notified sent time(2).
org notification: Time [clock=17, time=2015-05-25 19:44:14.375]
org notified sent time(17).
org notification: Time [clock=17, time=2015-05-25 19:44:14.375]
org notified sent time(17).
org notification: Time [clock=17, time=2015-05-25 19:44:14.375]
org notified sent time(17).
org notification: Time [clock=17, time=2015-05-25 19:44:14.375]
org notified sent time(17).
object notification: Time [clock=17, time=2015-05-25 19:44:14.375]
Event sent to agent      a10 clock(17)
org notification: Time [clock=17, time=2015-05-25 19:44:14.375]
org notified sent time(17).
object notification: Time [clock=17, time=2015-05-25 19:44:14.375]
Event sent to agent      a30 clock(17)
org notification: Time [clock=17, time=2015-05-25 19:44:14.375]
org notified sent time(17).
org notification: Time [clock=17, time=2015-05-25 19:44:14.375]
org notified sent time(17).
org notification: Time [clock=17, time=2015-05-25 19:44:14.375]
org notified sent time(17).
org notification: Time [clock=17, time=2015-05-25 19:44:14.375]
org notified sent time(17).
object notification: Time [clock=17, time=2015-05-25 19:44:14.375]
object notification: Time [clock=17, time=2015-05-25 19:44:14.375]
Event sent to agent      a40 clock(17)
Event sent to agent      a30 clock(17)
org notification: Time [clock=17, time=2015-05-25 19:44:14.375]
object notification: Time [clock=17, time=2015-05-25 19:44:14.375]
org notified sent time(17).
Event sent to agent      a10 clock(17)
object notification: Time [clock=17, time=2015-05-25 19:44:14.375]
Event sent to agent      a40 clock(17)
org notification: Time [clock=17, time=2015-05-25 19:44:14.375]
org notified sent time(17).
org notification: Time [clock=7, time=2015-05-25 19:44:14.846]
org notified sent time(7).
org notification: Time [clock=7, time=2015-05-25 19:44:14.846]
org notified sent time(7).
org notification: Time [clock=7, time=2015-05-25 19:44:14.846]
org notified sent time(7).
org notification: Time [clock=7, time=2015-05-25 19:44:14.846]
org notified sent time(7).
object notification: Time [clock=7, time=2015-05-25 19:44:14.846]
org notification: Time [clock=7, time=2015-05-25 19:44:14.846]
org notified sent time(7).
Event sent to agent      a10 clock(7)
object notification: Time [clock=7, time=2015-05-25 19:44:14.846]
org notification: Time [clock=7, time=2015-05-25 19:44:14.846]
org notified sent time(7).
Event sent to agent      a30 clock(7)
org notification: Time [clock=7, time=2015-05-25 19:44:14.846]
org notified sent time(7).
org notification: Time [clock=7, time=2015-05-25 19:44:14.846]
org notified sent time(7).
object notification: Time [clock=7, time=2015-05-25 19:44:14.846]
org notification: Time [clock=7, time=2015-05-25 19:44:14.846]
org notified sent time(7).
object notification: Time [clock=7, time=2015-05-25 19:44:14.846]
org notification: Time [clock=7, time=2015-05-25 19:44:14.846]
org notified sent time(7).
Event sent to agent      a30 clock(7)
Event sent to agent      a40 clock(7)
object notification: Time [clock=7, time=2015-05-25 19:44:14.846]
Event sent to agent      a40 clock(7)
object notification: Time [clock=7, time=2015-05-25 19:44:14.846]
org notification: Time [clock=7, time=2015-05-25 19:44:14.846]
Event sent to agent      a10 clock(7)
org notified sent time(7).
