2015-04-27 14:03:51,973 CONFIG [com.gigaspaces.logger] - Log file: /Users/dxd/gigaspaces-xap-premium-9.5.1-ga/logs/2015-04-27~14.03-gigaspaces-service-128.243.23.149-7684.log
-------------------------last log tuples start--------------------------------
Prohibition [subject=a10, prohibition=[at(3, 3, a10)], sanction=[reduce(a10, 50)], clock=1, time=2015-04-27 14:01:23.134]
Obligation [subject=a20, obligation=[at(0, 1, a20)], sanction=[reduce(a20, 500)], deadline=5, time=2015-04-27 14:01:53.124, clock=4]
Time [clock=2, time=null]
Obligation [subject=a40, obligation=[at(1, 2, a40)], sanction=[reduce(a40, 500)], deadline=5, time=2015-04-27 14:01:53.128, clock=4]
Time [clock=1, time=null]
Time [clock=3, time=null]
Obligation [subject=a30, obligation=[at(2, 1, a30)], sanction=[reduce(a30, 500)], deadline=5, time=2015-04-27 14:01:53.126, clock=4]
Obligation [subject=ra1, obligation=[surround(1, 1)], sanction=[reduce(g, 500)], deadline=2, time=2015-04-27 14:01:23.152, clock=1]
Obligation [subject=a20, obligation=[at(0, 1, a20)], sanction=[reduce(a20, 500)], deadline=2, time=2015-04-27 14:01:23.165, clock=1]
Obligation [subject=a10, obligation=[at(1, 0, a10)], sanction=[reduce(a10, 500)], deadline=2, time=2015-04-27 14:01:23.162, clock=1]
Obligation [subject=a40, obligation=[at(1, 2, a40)], sanction=[reduce(a40, 500)], deadline=2, time=2015-04-27 14:01:23.175, clock=1]
Obligation [subject=a10, obligation=[at(1, 0, a10)], sanction=[reduce(a10, 500)], deadline=5, time=2015-04-27 14:01:53.123, clock=4]
Time [clock=4, time=null]
Obligation [subject=a30, obligation=[at(2, 1, a30)], sanction=[reduce(a30, 500)], deadline=2, time=2015-04-27 14:01:23.172, clock=1]
Time [clock=5, time=null]
Obligation [subject=ra1, obligation=[surround(1, 1)], sanction=[reduce(g, 500)], deadline=5, time=2015-04-27 14:01:53.121, clock=4]
Points [subject=a10, time=2015-04-27 14:01:43.136, clock=3, value=950, id=null]
Points [subject=a10, time=2015-04-27 14:01:23.237, clock=1, value=950, id=null]
Points [subject=a10, time=2015-04-27 14:01:33.125, clock=2, value=950, id=null]
Points [subject=a10, time=2015-04-27 14:01:53.134, clock=4, value=950, id=null]
Points [subject=a10, time=2015-04-27 14:02:03.128, clock=5, value=950, id=null]
-------------------------last log tuples end----------------------------------
[CTAH] started agent 10
[CTAH] Added a new agent to the game by the name of 10.
[ENV] added agent a10
[CTAH] started agent 30
[CTAH] Added a new agent to the game by the name of 30.
[ENV] added agent a30
[CTAH] started agent 40
[CTAH] Added a new agent to the game by the name of 40.
[ENV] added agent a40
object notification: Time [clock=1, time=null]
Event sent to object      a10 clock(1)
org notification: Time [clock=1, time=null]
org notified sent time(1).
object notification: Time [clock=1, time=null]
Event sent to object      a30 clock(1)
Organization notifies object (write): Prohibition [subject=a10, prohibition=[at(3, 3, a10)], sanction=[reduce(a10, 50)], clock=1, time=2015-04-27 14:04:02.783]
object notification: Time [clock=1, time=null]
Event sent to object      a40 clock(1)
Organization notifies object (write): Obligation [subject=ra1, obligation=[surround(1, 1)], sanction=[reduce(g, 500)], deadline=2, time=2015-04-27 14:04:02.787, clock=1]
Organization notifies object (write): Obligation [subject=a10, obligation=[at(1, 0, a10)], sanction=[reduce(a10, 500)], deadline=2, time=2015-04-27 14:04:02.792, clock=1]
object notification: Prohibition [subject=a10, prohibition=[at(3, 3, a10)], sanction=[reduce(a10, 50)], clock=1, time=2015-04-27 14:04:02.783]
Event sent to object      a10 prohibition([at(3, 3, a10)], [reduce(a10, 50)])
Organization notifies object (write): Obligation [subject=a20, obligation=[at(0, 1, a20)], sanction=[reduce(a20, 500)], deadline=2, time=2015-04-27 14:04:02.797, clock=1]
Organization notifies object (write): Obligation [subject=a30, obligation=[at(2, 1, a30)], sanction=[reduce(a30, 500)], deadline=2, time=2015-04-27 14:04:02.802, clock=1]
object notification: Obligation [subject=a10, obligation=[at(1, 0, a10)], sanction=[reduce(a10, 500)], deadline=2, time=2015-04-27 14:04:02.792, clock=1]
Event sent to object      a10 obligation([at(1, 0, a10)], 2, [reduce(a10, 500)])
Organization notifies object (write): Obligation [subject=a40, obligation=[at(1, 2, a40)], sanction=[reduce(a40, 500)], deadline=2, time=2015-04-27 14:04:02.807, clock=1]
object notification: Obligation [subject=a30, obligation=[at(2, 1, a30)], sanction=[reduce(a30, 500)], deadline=2, time=2015-04-27 14:04:02.802, clock=1]
Event sent to object      a30 obligation([at(2, 1, a30)], 2, [reduce(a30, 500)])
object notification: Obligation [subject=a40, obligation=[at(1, 2, a40)], sanction=[reduce(a40, 500)], deadline=2, time=2015-04-27 14:04:02.807, clock=1]
Event sent to object      a40 obligation([at(1, 2, a40)], 2, [reduce(a40, 500)])
Event processed UpdateClock(1)
Event processed adoptObligation(at(2, 1, a30), 2, reduce(a30, 500))
Event processed UpdateClock(1)
Event processed adoptObligation(at(1, 2, a40), 2, reduce(a40, 500))
Event processed UpdateClock(1)
Event processed adoptProhibition(at(3, 3, a10), reduce(a10, 50))
Event processed adoptObligation(at(1, 0, a10), 2, reduce(a10, 500))
object notification: Time [clock=2, time=null]
object notification: Time [clock=2, time=null]
Event sent to object      a30 clock(2)
Event sent to object      a10 clock(2)
object notification: Time [clock=2, time=null]
Event sent to object      a40 clock(2)
org notification: Time [clock=2, time=null]
org notified sent time(2).
Event processed UpdateClock(2)
Event processed UpdateClock(2)
Event processed UpdateClock(2)
object notification: Time [clock=3, time=null]
Event sent to object      a30 clock(3)
object notification: Time [clock=3, time=null]
Event sent to object      a10 clock(3)
object notification: Time [clock=3, time=null]
Event sent to object      a40 clock(3)
org notification: Time [clock=3, time=null]
org notified sent time(3).
Event processed UpdateClock(3)
Event processed UpdateClock(3)
Event processed UpdateClock(3)
org notification: Time [clock=4, time=null]
org notified sent time(4).
object notification: Time [clock=4, time=null]
Event sent to object      a40 clock(4)
object notification: Time [clock=4, time=null]
Event sent to object      a30 clock(4)
object notification: Time [clock=4, time=null]
Event sent to object      a10 clock(4)
Organization notifies object (write): Obligation [subject=ra1, obligation=[surround(1, 1)], sanction=[reduce(g, 500)], deadline=5, time=2015-04-27 14:04:32.789, clock=4]
Organization notifies object (write): Obligation [subject=a10, obligation=[at(1, 0, a10)], sanction=[reduce(a10, 500)], deadline=5, time=2015-04-27 14:04:32.791, clock=4]
Organization notifies object (write): Obligation [subject=a20, obligation=[at(0, 1, a20)], sanction=[reduce(a20, 500)], deadline=5, time=2015-04-27 14:04:32.793, clock=4]
object notification: Obligation [subject=a10, obligation=[at(1, 0, a10)], sanction=[reduce(a10, 500)], deadline=5, time=2015-04-27 14:04:32.791, clock=4]
Event sent to object      a10 obligation([at(1, 0, a10)], 5, [reduce(a10, 500)])
Organization notifies object (write): Obligation [subject=a30, obligation=[at(2, 1, a30)], sanction=[reduce(a30, 500)], deadline=5, time=2015-04-27 14:04:32.795, clock=4]
Organization notifies object (write): Obligation [subject=a40, obligation=[at(1, 2, a40)], sanction=[reduce(a40, 500)], deadline=5, time=2015-04-27 14:04:32.797, clock=4]
object notification: Obligation [subject=a30, obligation=[at(2, 1, a30)], sanction=[reduce(a30, 500)], deadline=5, time=2015-04-27 14:04:32.795, clock=4]
Event sent to object      a30 obligation([at(2, 1, a30)], 5, [reduce(a30, 500)])
object notification: Obligation [subject=a40, obligation=[at(1, 2, a40)], sanction=[reduce(a40, 500)], deadline=5, time=2015-04-27 14:04:32.797, clock=4]
Event sent to object      a40 obligation([at(1, 2, a40)], 5, [reduce(a40, 500)])
Event processed UpdateClock(4)
Event processed adoptObligation(at(1, 0, a10), 5, reduce(a10, 500))
Event processed UpdateClock(4)
Event processed adoptObligation(at(1, 2, a40), 5, reduce(a40, 500))
Event processed UpdateClock(4)
Event processed adoptObligation(at(2, 1, a30), 5, reduce(a30, 500))
object notification: Time [clock=5, time=null]
Event sent to object      a40 clock(5)
object notification: Time [clock=5, time=null]
Event sent to object      a10 clock(5)
object notification: Time [clock=5, time=null]
org notification: Time [clock=5, time=null]
org notified sent time(5).
Event sent to object      a30 clock(5)
Event processed UpdateClock(5)
Event processed UpdateClock(5)
Event processed UpdateClock(5)
object notification: Time [clock=6, time=null]
Event sent to object      a40 clock(6)
object notification: Time [clock=6, time=null]
Event sent to object      a10 clock(6)
org notification: Time [clock=6, time=null]
org notified sent time(6).
object notification: Time [clock=6, time=null]
Event sent to object      a30 clock(6)
Event processed UpdateClock(6)
Event processed UpdateClock(6)
Event processed UpdateClock(6)
object notification: Time [clock=7, time=null]
Event sent to object      a40 clock(7)
object notification: Time [clock=7, time=null]
Event sent to object      a10 clock(7)
object notification: Time [clock=7, time=null]
org notification: Time [clock=7, time=null]
org notified sent time(7).
Event sent to object      a30 clock(7)
Organization notifies object (write): Obligation [subject=ra1, obligation=[surround(1, 1)], sanction=[reduce(g, 500)], deadline=8, time=2015-04-27 14:05:02.798, clock=7]
Organization notifies object (write): Obligation [subject=a10, obligation=[at(1, 0, a10)], sanction=[reduce(a10, 500)], deadline=8, time=2015-04-27 14:05:02.801, clock=7]
Organization notifies object (write): Obligation [subject=a20, obligation=[at(0, 1, a20)], sanction=[reduce(a20, 500)], deadline=8, time=2015-04-27 14:05:02.804, clock=7]
object notification: Obligation [subject=a10, obligation=[at(1, 0, a10)], sanction=[reduce(a10, 500)], deadline=8, time=2015-04-27 14:05:02.801, clock=7]
Event sent to object      a10 obligation([at(1, 0, a10)], 8, [reduce(a10, 500)])
Organization notifies object (write): Obligation [subject=a30, obligation=[at(2, 1, a30)], sanction=[reduce(a30, 500)], deadline=8, time=2015-04-27 14:05:02.81, clock=7]
Organization notifies object (write): Obligation [subject=a40, obligation=[at(1, 2, a40)], sanction=[reduce(a40, 500)], deadline=8, time=2015-04-27 14:05:02.813, clock=7]
object notification: Obligation [subject=a30, obligation=[at(2, 1, a30)], sanction=[reduce(a30, 500)], deadline=8, time=2015-04-27 14:05:02.81, clock=7]
Event sent to object      a30 obligation([at(2, 1, a30)], 8, [reduce(a30, 500)])
object notification: Obligation [subject=a40, obligation=[at(1, 2, a40)], sanction=[reduce(a40, 500)], deadline=8, time=2015-04-27 14:05:02.813, clock=7]
Event sent to object      a40 obligation([at(1, 2, a40)], 8, [reduce(a40, 500)])
Event processed UpdateClock(7)
Event processed adoptObligation(at(1, 0, a10), 8, reduce(a10, 500))
Event processed UpdateClock(7)
Event processed adoptObligation(at(1, 2, a40), 8, reduce(a40, 500))
Event processed UpdateClock(7)
Event processed adoptObligation(at(2, 1, a30), 8, reduce(a30, 500))
