2015-04-27 13:59:25,938 CONFIG [com.gigaspaces.logger] - Log file: /Users/dxd/gigaspaces-xap-premium-9.5.1-ga/logs/2015-04-27~13.59-gigaspaces-service-128.243.23.149-7656.log
-------------------------last log tuples start--------------------------------
Time [clock=3, time=null]
Time [clock=1, time=null]
Prohibition [subject=a10, prohibition=[at(3, 3, a10)], sanction=[reduce(a10, 50)], clock=1, time=2015-04-27 13:58:05.664]
Time [clock=2, time=null]
Obligation [subject=ra1, obligation=[surround(1, 1)], sanction=[reduce(g, 500)], deadline=2, time=2015-04-27 13:58:05.64, clock=1]
Obligation [subject=a20, obligation=[at(0, 1, a20)], sanction=[reduce(a20, 500)], deadline=2, time=2015-04-27 13:58:05.652, clock=1]
Obligation [subject=a10, obligation=[at(1, 0, a10)], sanction=[reduce(a10, 500)], deadline=2, time=2015-04-27 13:58:05.649, clock=1]
Obligation [subject=a40, obligation=[at(1, 2, a40)], sanction=[reduce(a40, 500)], deadline=2, time=2015-04-27 13:58:05.661, clock=1]
Obligation [subject=a30, obligation=[at(2, 1, a30)], sanction=[reduce(a30, 500)], deadline=2, time=2015-04-27 13:58:05.655, clock=1]
Points [subject=a10, time=2015-04-27 13:58:05.698, clock=1, value=950, id=null]
Points [subject=a10, time=2015-04-27 13:58:15.655, clock=2, value=950, id=null]
Points [subject=a10, time=2015-04-27 13:58:25.648, clock=3, value=950, id=null]
-------------------------last log tuples end----------------------------------
[CTAH] started agent 10
[CTAH] Added a new agent to the game by the name of 10.
[ENV] added agent a10
[CTAH] started agent 30
[CTAH] Added a new agent to the game by the name of 30.
[ENV] added agent a30
[CTAH] started agent 40
[CTAH] Added a new agent to the game by the name of 40.
[ENV] added agent a40
org notification: Time [clock=1, time=null]
org notified sent time(1).
Organization notifies object (write): Prohibition [subject=a10, prohibition=[at(3, 3, a10)], sanction=[reduce(a10, 50)], clock=1, time=2015-04-27 13:59:36.814]
object notification: Time [clock=1, time=null]
object notification: Time [clock=1, time=null]
Event sent to object      a40 clock(1)
Event sent to object      a10 clock(1)
object notification: Time [clock=1, time=null]
Event sent to object      a30 clock(1)
Organization notifies object (write): Obligation [subject=ra1, obligation=[surround(1, 1)], sanction=[reduce(g, 500)], deadline=2, time=2015-04-27 13:59:36.82, clock=1]
Organization notifies object (write): Obligation [subject=a10, obligation=[at(1, 0, a10)], sanction=[reduce(a10, 500)], deadline=2, time=2015-04-27 13:59:36.825, clock=1]
object notification: Prohibition [subject=a10, prohibition=[at(3, 3, a10)], sanction=[reduce(a10, 50)], clock=1, time=2015-04-27 13:59:36.814]
Event sent to object      a10 prohibition([at(3, 3, a10)], [reduce(a10, 50)])
Organization notifies object (write): Obligation [subject=a20, obligation=[at(0, 1, a20)], sanction=[reduce(a20, 500)], deadline=2, time=2015-04-27 13:59:36.827, clock=1]
Organization notifies object (write): Obligation [subject=a30, obligation=[at(2, 1, a30)], sanction=[reduce(a30, 500)], deadline=2, time=2015-04-27 13:59:36.83, clock=1]
Organization notifies object (write): Obligation [subject=a40, obligation=[at(1, 2, a40)], sanction=[reduce(a40, 500)], deadline=2, time=2015-04-27 13:59:36.833, clock=1]
Event processed UpdateClock(1)
object notification: Obligation [subject=a10, obligation=[at(1, 0, a10)], sanction=[reduce(a10, 500)], deadline=2, time=2015-04-27 13:59:36.825, clock=1]
Event sent to object      a10 obligation([at(1, 0, a10)], 2, [reduce(a10, 500)])
Event processed adoptProhibition(at(3, 3, a10), reduce(a10, 50))
Event processed adoptObligation(at(1, 0, a10), 2, reduce(a10, 500))
object notification: Obligation [subject=a30, obligation=[at(2, 1, a30)], sanction=[reduce(a30, 500)], deadline=2, time=2015-04-27 13:59:36.83, clock=1]
Event sent to object      a30 obligation([at(2, 1, a30)], 2, [reduce(a30, 500)])
object notification: Obligation [subject=a40, obligation=[at(1, 2, a40)], sanction=[reduce(a40, 500)], deadline=2, time=2015-04-27 13:59:36.833, clock=1]
Event sent to object      a40 obligation([at(1, 2, a40)], 2, [reduce(a40, 500)])
Organization writes: Points [subject=a10, time=2015-04-27 13:59:36.876, clock=1, value=950, id=null]
object notification: Points [subject=a10, time=2015-04-27 13:59:36.876, clock=1, value=950, id=null]
Event sent to object      a10 points(950)
Event processed UpdateClock(1)
Event processed adoptObligation(at(1, 2, a40), 2, reduce(a40, 500))
Event processed UpdateClock(1)
Event processed adoptObligation(at(2, 1, a30), 2, reduce(a30, 500))
Event processed UpdatePoints(950)
org notification: Time [clock=2, time=null]
org notified sent time(2).
object notification: Time [clock=2, time=null]
Event sent to object      a10 clock(2)
object notification: Time [clock=2, time=null]
Event sent to object      a40 clock(2)
object notification: Time [clock=2, time=null]
Event sent to object      a30 clock(2)
Event processed UpdateClock(2)
Organization notifies object (write): Obligation [subject=ra1, obligation=[surround(1, 1)], sanction=[reduce(g, 500)], deadline=3, time=2015-04-27 13:59:46.82, clock=2]
Organization notifies object (write): Obligation [subject=a10, obligation=[at(1, 0, a10)], sanction=[reduce(a10, 500)], deadline=3, time=2015-04-27 13:59:46.821, clock=2]
Organization notifies object (write): Obligation [subject=a20, obligation=[at(0, 1, a20)], sanction=[reduce(a20, 500)], deadline=3, time=2015-04-27 13:59:46.823, clock=2]
object notification: Obligation [subject=a10, obligation=[at(1, 0, a10)], sanction=[reduce(a10, 500)], deadline=3, time=2015-04-27 13:59:46.821, clock=2]
Event sent to object      a10 obligation([at(1, 0, a10)], 3, [reduce(a10, 500)])
Event processed UpdateClock(2)
Organization notifies object (write): Obligation [subject=a30, obligation=[at(2, 1, a30)], sanction=[reduce(a30, 500)], deadline=3, time=2015-04-27 13:59:46.825, clock=2]
object notification: Obligation [subject=a30, obligation=[at(2, 1, a30)], sanction=[reduce(a30, 500)], deadline=3, time=2015-04-27 13:59:46.825, clock=2]
Organization notifies object (write): Obligation [subject=a40, obligation=[at(1, 2, a40)], sanction=[reduce(a40, 500)], deadline=3, time=2015-04-27 13:59:46.827, clock=2]
Event sent to object      a30 obligation([at(2, 1, a30)], 3, [reduce(a30, 500)])
object notification: Obligation [subject=a40, obligation=[at(1, 2, a40)], sanction=[reduce(a40, 500)], deadline=3, time=2015-04-27 13:59:46.827, clock=2]
Event sent to object      a40 obligation([at(1, 2, a40)], 3, [reduce(a40, 500)])
Organization writes: Points [subject=a10, time=2015-04-27 13:59:46.844, clock=2, value=950, id=null]
object notification: Points [subject=a10, time=2015-04-27 13:59:46.844, clock=2, value=950, id=null]
Event sent to object      a10 points(950)
Event processed UpdateClock(2)
Event processed adoptObligation(at(1, 2, a40), 3, reduce(a40, 500))
Event processed adoptObligation(at(2, 1, a30), 3, reduce(a30, 500))
Event processed adoptObligation(at(1, 0, a10), 3, reduce(a10, 500))
Event processed UpdatePoints(950)
