2015-05-11 18:02:36,517 CONFIG [com.gigaspaces.logger] - Log file: /Users/dxd/gigaspaces-xap-premium-9.5.1-ga/logs/2015-05-11~18.02-gigaspaces-service-10.154.152.156-41815.log
-------------------------last log tuples start--------------------------------
Time [clock=43, time=2015-05-11 18:02:02.829]
Time [clock=44, time=2015-05-11 18:02:12.832]
Time [clock=24, time=2015-05-11 17:58:52.785]
Time [clock=25, time=2015-05-11 17:59:02.787]
Time [clock=26, time=2015-05-11 17:59:12.79]
Time [clock=27, time=2015-05-11 17:59:22.793]
Time [clock=28, time=2015-05-11 17:59:32.796]
Time [clock=29, time=2015-05-11 17:59:42.798]
Time [clock=30, time=2015-05-11 17:59:52.8]
Time [clock=31, time=2015-05-11 18:00:02.802]
Time [clock=32, time=2015-05-11 18:00:12.804]
Time [clock=33, time=2015-05-11 18:00:22.806]
Time [clock=34, time=2015-05-11 18:00:32.808]
Time [clock=35, time=2015-05-11 18:00:42.81]
Time [clock=36, time=2015-05-11 18:00:52.812]
Time [clock=37, time=2015-05-11 18:01:02.815]
Time [clock=38, time=2015-05-11 18:01:12.817]
Time [clock=39, time=2015-05-11 18:01:22.82]
Time [clock=40, time=2015-05-11 18:01:32.822]
Time [clock=41, time=2015-05-11 18:01:42.825]
Time [clock=42, time=2015-05-11 18:01:52.827]
Time [clock=22, time=2015-05-11 17:58:32.782]
Time [clock=23, time=2015-05-11 17:58:42.784]
Time [clock=3, time=2015-05-11 17:55:22.735]
Time [clock=4, time=2015-05-11 17:55:32.737]
Time [clock=5, time=2015-05-11 17:55:42.739]
Time [clock=6, time=2015-05-11 17:55:52.742]
Time [clock=7, time=2015-05-11 17:56:02.744]
Time [clock=8, time=2015-05-11 17:56:12.746]
Time [clock=9, time=2015-05-11 17:56:22.75]
Time [clock=10, time=2015-05-11 17:56:32.751]
Time [clock=11, time=2015-05-11 17:56:42.753]
Time [clock=12, time=2015-05-11 17:56:52.756]
Time [clock=13, time=2015-05-11 17:57:02.759]
Time [clock=14, time=2015-05-11 17:57:12.761]
Time [clock=15, time=2015-05-11 17:57:22.764]
Time [clock=16, time=2015-05-11 17:57:32.767]
Time [clock=17, time=2015-05-11 17:57:42.771]
Time [clock=18, time=2015-05-11 17:57:52.774]
Time [clock=19, time=2015-05-11 17:58:02.777]
Time [clock=20, time=2015-05-11 17:58:12.779]
Time [clock=21, time=2015-05-11 17:58:22.78]
Time [clock=1, time=2015-05-11 17:55:02.619]
Time [clock=2, time=2015-05-11 17:55:12.733]
-------------------------last log tuples end----------------------------------
org notification: Time [clock=1, time=2015-05-11 18:02:47.656]
org notified sent time(1).
org notification: Time [clock=2, time=2015-05-11 18:02:57.672]
org notified sent time(2).
org notification: Time [clock=3, time=2015-05-11 18:03:07.674]
org notified sent time(3).
org notification: Time [clock=4, time=2015-05-11 18:03:17.676]
org notified sent time(4).
org notification: Time [clock=5, time=2015-05-11 18:03:27.679]
org notified sent time(5).
org notification: Time [clock=6, time=2015-05-11 18:03:37.681]
org notified sent time(6).
org notification: Time [clock=7, time=2015-05-11 18:03:47.682]
org notified sent time(7).
org notification: Time [clock=8, time=2015-05-11 18:03:57.685]
org notified sent time(8).
org notification: Time [clock=9, time=2015-05-11 18:04:07.687]
org notified sent time(9).
org notification: Time [clock=10, time=2015-05-11 18:04:17.689]
org notified sent time(10).
org notification: Time [clock=11, time=2015-05-11 18:04:27.69]
org notified sent time(11).
org notification: Time [clock=2, time=2015-05-11 18:02:57.672]
org notified sent time(2).
org notification: Time [clock=3, time=2015-05-11 18:03:07.674]
org notified sent time(3).
org notification: Time [clock=4, time=2015-05-11 18:03:17.676]
org notified sent time(4).
org notification: Time [clock=5, time=2015-05-11 18:03:27.679]
org notified sent time(5).
org notification: Time [clock=6, time=2015-05-11 18:03:37.681]
org notified sent time(6).
org notification: Time [clock=7, time=2015-05-11 18:03:47.682]
org notified sent time(7).
org notification: Time [clock=8, time=2015-05-11 18:03:57.685]
org notified sent time(8).
org notification: Time [clock=9, time=2015-05-11 18:04:07.687]
org notified sent time(9).
org notification: Time [clock=10, time=2015-05-11 18:04:17.689]
org notified sent time(10).
org notification: Time [clock=11, time=2015-05-11 18:04:27.69]
org notified sent time(11).
org notification: Time [clock=1, time=2015-05-11 18:02:47.656]
org notified sent time(1).
org notification: Time [clock=12, time=2015-05-11 18:04:37.693]
org notified sent time(12).
org notification: Time [clock=13, time=2015-05-11 18:04:47.695]
org notified sent time(13).
org notification: Time [clock=1, time=2015-05-11 18:04:48.431]
org notified sent time(1).
org notification: Time [clock=14, time=2015-05-11 18:04:57.698]
org notified sent time(14).
org notification: Time [clock=2, time=2015-05-11 18:04:58.925]
org notified sent time(2).
org notification: Time [clock=15, time=2015-05-11 18:05:07.7]
org notified sent time(15).
org notification: Time [clock=3, time=2015-05-11 18:05:08.929]
org notified sent time(3).
org notification: Time [clock=16, time=2015-05-11 18:05:17.704]
org notified sent time(16).
org notification: Time [clock=4, time=2015-05-11 18:05:18.932]
org notified sent time(4).
org notification: Time [clock=17, time=2015-05-11 18:05:27.707]
org notified sent time(17).
org notification: Time [clock=5, time=2015-05-11 18:05:28.935]
org notified sent time(5).
org notification: Time [clock=18, time=2015-05-11 18:05:37.711]
org notified sent time(18).
org notification: Time [clock=6, time=2015-05-11 18:05:38.938]
org notified sent time(6).
org notification: Time [clock=19, time=2015-05-11 18:05:47.714]
org notified sent time(19).
org notification: Time [clock=7, time=2015-05-11 18:05:48.942]
org notified sent time(7).
org notification: Time [clock=20, time=2015-05-11 18:05:57.717]
org notified sent time(20).
org notification: Time [clock=8, time=2015-05-11 18:05:58.944]
org notified sent time(8).
