-------------------------last log tuples start--------------------------------
Time [clock=13, time=null]
org notification: Time [clock=13, time=null]
object notification: Time [clock=13, time=null]
object notification: Time [clock=13, time=null]
org notified sent time(13).
object notification: Time [clock=13, time=null]
object notification: Time [clock=13, time=null]
object notification: Time [clock=13, time=null]
Event sent to object      a40 clock(13)
Event sent to object      a30 clock(13)
Event sent to object      a10 clock(13)
object notification: Time [clock=13, time=null]
Event sent to object      a40 clock(13)
Event sent to object      a10 clock(13)
Event sent to object      a30 clock(13)
org notification: Time [clock=13, time=null]
org notified sent time(13).
Prohibition [subject=ra1, prohibition=[at(15, 15, ra1, _)], sanction=[reduce(ra1, 300)], clock=0, time=2015-04-20 15:17:42.408]
Prohibition [subject=a10, prohibition=[at(16, 16, a10, _)], sanction=[reduce(a10, 300)], clock=0, time=2015-04-20 15:17:42.399]
object notification: Prohibition [subject=a10, prohibition=[at(16, 16, a10, _)], sanction=[reduce(a10, 300)], clock=0, time=2015-04-20 15:17:42.399]
Event sent to object      a10 prohibition([at(16, 16, a10, _)], [reduce(a10, 300)])
object notification: Prohibition [subject=a10, prohibition=[at(16, 16, a10, _)], sanction=[reduce(a10, 300)], clock=0, time=2015-04-20 15:17:42.399]
Event sent to object      a10 prohibition([at(16, 16, a10, _)], [reduce(a10, 300)])
Prohibition [subject=ra1, prohibition=[at(15, 16, ra1, _)], sanction=[reduce(ra1, 300)], clock=0, time=2015-04-20 15:17:42.41]
Time [clock=9, time=null]
org notification: Time [clock=9, time=null]
org notified sent time(9).
org notification: Time [clock=9, time=null]
org notified sent time(9).
object notification: Time [clock=9, time=null]
Event sent to object      a30 clock(9)
object notification: Time [clock=9, time=null]
Event sent to object      a10 clock(9)
object notification: Time [clock=9, time=null]
Event sent to object      a40 clock(9)
object notification: Time [clock=9, time=null]
object notification: Time [clock=9, time=null]
Event sent to object      a30 clock(9)
Event sent to object      a40 clock(9)
object notification: Time [clock=9, time=null]
Event sent to object      a10 clock(9)
Time [clock=14, time=null]
org notification: Time [clock=14, time=null]
org notified sent time(14).
object notification: Time [clock=14, time=null]
object notification: Time [clock=14, time=null]
object notification: Time [clock=14, time=null]
Event sent to object      a10 clock(14)
Event sent to object      a30 clock(14)
Event sent to object      a40 clock(14)
org notification: Time [clock=14, time=null]
org notified sent time(14).
object notification: Time [clock=14, time=null]
Event sent to object      a40 clock(14)
object notification: Time [clock=14, time=null]
Event sent to object      a10 clock(14)
object notification: Time [clock=14, time=null]
Event sent to object      a30 clock(14)
Prohibition [subject=a20, prohibition=[at(15, 15, a20, _)], sanction=[reduce(a20, 300)], clock=0, time=2015-04-20 15:17:42.402]
Prohibition [subject=ra1, prohibition=[at(16, 15, ra1, _)], sanction=[reduce(ra1, 300)], clock=0, time=2015-04-20 15:17:42.411]
Time [clock=7, time=null]
object notification: Time [clock=7, time=null]
org notification: Time [clock=7, time=null]
org notified sent time(7).
object notification: Time [clock=7, time=null]
object notification: Time [clock=7, time=null]
org notification: Time [clock=7, time=null]
org notified sent time(7).
Event sent to object      a10 clock(7)
object notification: Time [clock=7, time=null]
Event sent to object      a30 clock(7)
Event sent to object      a30 clock(7)
object notification: Time [clock=7, time=null]
Event sent to object      a40 clock(7)
Event sent to object      a40 clock(7)
object notification: Time [clock=7, time=null]
Event sent to object      a10 clock(7)
Time [clock=9, time=null]
object notification: Time [clock=9, time=null]
Event sent to object      a30 clock(9)
object notification: Time [clock=9, time=null]
object notification: Time [clock=9, time=null]
object notification: Time [clock=9, time=null]
object notification: Time [clock=9, time=null]
Event sent to object      a10 clock(9)
Event sent to object      a10 clock(9)
Event sent to object      a40 clock(9)
Event sent to object      a40 clock(9)
object notification: Time [clock=9, time=null]
Event sent to object      a30 clock(9)
org notification: Time [clock=9, time=null]
org notified sent time(9).
org notification: Time [clock=9, time=null]
org notified sent time(9).
Time [clock=3, time=null]
object notification: Time [clock=3, time=null]
Event sent to object      a30 clock(3)
object notification: Time [clock=3, time=null]
Event sent to object      a10 clock(3)
object notification: Time [clock=3, time=null]
Event sent to object      a40 clock(3)
object notification: Time [clock=3, time=null]
Event sent to object      a10 clock(3)
object notification: Time [clock=3, time=null]
Event sent to object      a40 clock(3)
org notification: Time [clock=3, time=null]
org notified sent time(3).
object notification: Time [clock=3, time=null]
Event sent to object      a30 clock(3)
org notification: Time [clock=3, time=null]
org notified sent time(3).
Prohibition [subject=a20, prohibition=[at(16, 15, a20, _)], sanction=[reduce(a20, 300)], clock=0, time=2015-04-20 15:17:42.405]
Time [clock=8, time=null]
org notification: Time [clock=8, time=null]
org notified sent time(8).
object notification: Time [clock=8, time=null]
object notification: Time [clock=8, time=null]
object notification: Time [clock=8, time=null]
Event sent to object      a30 clock(8)
Event sent to object      a10 clock(8)
Event sent to object      a40 clock(8)
org notification: Time [clock=8, time=null]
org notified sent time(8).
object notification: Time [clock=8, time=null]
object notification: Time [clock=8, time=null]
Event sent to object      a10 clock(8)
Event sent to object      a30 clock(8)
object notification: Time [clock=8, time=null]
Event sent to object      a40 clock(8)
Time [clock=2, time=null]
object notification: Time [clock=2, time=null]
Event sent to object      a10 clock(2)
object notification: Time [clock=2, time=null]
Event sent to object      a40 clock(2)
object notification: Time [clock=2, time=null]
Event sent to object      a30 clock(2)
org notification: Time [clock=2, time=null]
org notified sent time(2).
object notification: Time [clock=2, time=null]
Event sent to object      a30 clock(2)
object notification: Time [clock=2, time=null]
object notification: Time [clock=2, time=null]
Event sent to object      a10 clock(2)
Event sent to object      a40 clock(2)
Time [clock=10, time=null]
object notification: Time [clock=10, time=null]
Event sent to object      a10 clock(10)
object notification: Time [clock=10, time=null]
Event sent to object      a40 clock(10)
org notification: Time [clock=10, time=null]
org notified sent time(10).
object notification: Time [clock=10, time=null]
Event sent to object      a10 clock(10)
object notification: Time [clock=10, time=null]
Event sent to object      a40 clock(10)
object notification: Time [clock=10, time=null]
Event sent to object      a30 clock(10)
object notification: Time [clock=10, time=null]
Event sent to object      a30 clock(10)
Time [clock=5, time=null]
Time [clock=6, time=null]
org notification: Time [clock=2, time=null]
org notified sent time(2).
object notification: Time [clock=5, time=null]
Event sent to object      a30 clock(5)
Time [clock=8, time=null]
object notification: Time [clock=5, time=null]
Event sent to object      a10 clock(5)
object notification: Time [clock=5, time=null]
Event sent to object      a40 clock(5)
object notification: Time [clock=6, time=null]
Event sent to object      a30 clock(6)
object notification: Time [clock=6, time=null]
Event sent to object      a40 clock(6)
object notification: Time [clock=6, time=null]
object notification: Time [clock=5, time=null]
object notification: Time [clock=5, time=null]
Event sent to object      a10 clock(6)
Event sent to object      a30 clock(5)
Event sent to object      a40 clock(5)
org notification: Time [clock=10, time=null]
org notified sent time(10).
Time [clock=6, time=null]
object notification: Time [clock=6, time=null]
object notification: Time [clock=6, time=null]
object notification: Time [clock=8, time=null]
Event sent to object      a40 clock(6)
Event sent to object      a30 clock(8)
object notification: Time [clock=8, time=null]
Event sent to object      a40 clock(8)
object notification: Time [clock=8, time=null]
Event sent to object      a40 clock(8)
object notification: Time [clock=6, time=null]
Event sent to object      a30 clock(6)
Event sent to object      a30 clock(6)
object notification: Time [clock=8, time=null]
object notification: Time [clock=6, time=null]
Event sent to object      a10 clock(8)
Event sent to object      a40 clock(6)
object notification: Time [clock=6, time=null]
Event sent to object      a10 clock(6)
object notification: Time [clock=8, time=null]
Event sent to object      a30 clock(8)
object notification: Time [clock=6, time=null]
object notification: Time [clock=6, time=null]
Event sent to object      a30 clock(6)
Event sent to object      a40 clock(6)
org notification: Time [clock=5, time=null]
org notified sent time(5).
Time [clock=15, time=null]
object notification: Time [clock=15, time=null]
object notification: Time [clock=15, time=null]
Event sent to object      a30 clock(15)
Event sent to object      a10 clock(15)
object notification: Time [clock=15, time=null]
Event sent to object      a40 clock(15)
object notification: Time [clock=15, time=null]
Event sent to object      a40 clock(15)
object notification: Time [clock=15, time=null]
Event sent to object      a30 clock(15)
object notification: Time [clock=5, time=null]
Event sent to object      a10 clock(5)
Time [clock=11, time=null]
org notification: Time [clock=6, time=null]
org notified sent time(6).
object notification: Time [clock=11, time=null]
Event sent to object      a30 clock(11)
object notification: Time [clock=11, time=null]
Event sent to object      a10 clock(11)
object notification: Time [clock=11, time=null]
Event sent to object      a40 clock(11)
object notification: Time [clock=11, time=null]
Event sent to object      a40 clock(11)
object notification: Time [clock=11, time=null]
Event sent to object      a30 clock(11)
org notification: Time [clock=8, time=null]
object notification: Time [clock=4, time=null]
object notification: Time [clock=4, time=null]
Event sent to object      a40 clock(4)
object notification: Time [clock=4, time=null]
object notification: Time [clock=4, time=null]
Event sent to object      a40 clock(4)
object notification: Time [clock=4, time=null]
Time [clock=4, time=null]
Event sent to object      a10 clock(4)
Event sent to object      a30 clock(4)
object notification: Time [clock=6, time=null]
Event sent to object      a30 clock(4)
Event sent to object      a10 clock(6)
object notification: Time [clock=8, time=null]
Event sent to object      a10 clock(8)
object notification: Time [clock=6, time=null]
Event sent to object      a10 clock(6)
object notification: Time [clock=15, time=null]
Event sent to object      a10 clock(15)
object notification: Time [clock=11, time=null]
Event sent to object      a10 clock(11)
Prohibition [subject=a10, prohibition=[at(15, 15, a10, _)], sanction=[reduce(a10, 300)], clock=0, time=2015-04-20 15:17:42.385]
object notification: Time [clock=4, time=null]
Event sent to object      a10 clock(4)
object notification: Prohibition [subject=a10, prohibition=[at(15, 15, a10, _)], sanction=[reduce(a10, 300)], clock=0, time=2015-04-20 15:17:42.385]
Event sent to object      a10 prohibition([at(15, 15, a10, _)], [reduce(a10, 300)])
object notification: Prohibition [subject=a10, prohibition=[at(15, 15, a10, _)], sanction=[reduce(a10, 300)], clock=0, time=2015-04-20 15:17:42.385]
Prohibition [subject=a10, prohibition=[at(15, 16, a10, _)], sanction=[reduce(a10, 300)], clock=0, time=2015-04-20 15:17:42.391]
Event sent to object      a10 prohibition([at(15, 15, a10, _)], [reduce(a10, 300)])
object notification: Prohibition [subject=a10, prohibition=[at(15, 16, a10, _)], sanction=[reduce(a10, 300)], clock=0, time=2015-04-20 15:17:42.391]
object notification: Prohibition [subject=a10, prohibition=[at(15, 16, a10, _)], sanction=[reduce(a10, 300)], clock=0, time=2015-04-20 15:17:42.391]
Event sent to object      a10 prohibition([at(15, 16, a10, _)], [reduce(a10, 300)])
Event sent to object      a10 prohibition([at(15, 16, a10, _)], [reduce(a10, 300)])
Time [clock=7, time=null]
object notification: Time [clock=7, time=null]
object notification: Time [clock=7, time=null]
object notification: Time [clock=7, time=null]
Event sent to object      a10 clock(7)
Event sent to object      a30 clock(7)
object notification: Time [clock=7, time=null]
Event sent to object      a40 clock(7)
Event sent to object      a10 clock(7)
object notification: Time [clock=7, time=null]
object notification: Time [clock=7, time=null]
Event sent to object      a40 clock(7)
Time [clock=1, time=null]
Event sent to object      a30 clock(7)
object notification: Time [clock=1, time=null]
Event sent to object      a10 clock(1)
object notification: Time [clock=1, time=null]
object notification: Time [clock=1, time=null]
Event sent to object      a30 clock(1)
object notification: Time [clock=1, time=null]
Event sent to object      a40 clock(1)
Event sent to object      a10 clock(1)
object notification: Time [clock=1, time=null]
object notification: Time [clock=1, time=null]
Event sent to object      a30 clock(1)
Event sent to object      a40 clock(1)
Time [clock=12, time=null]
object notification: Time [clock=12, time=null]
Event sent to object      a10 clock(12)
object notification: Time [clock=12, time=null]
Event sent to object      a10 clock(12)
object notification: Time [clock=12, time=null]
Event sent to object      a40 clock(12)
object notification: Time [clock=12, time=null]
object notification: Time [clock=12, time=null]
object notification: Time [clock=12, time=null]
Event sent to object      a30 clock(12)
Event sent to object      a30 clock(12)
Event sent to object      a40 clock(12)
org notified sent time(8).
Prohibition [subject=ra1, prohibition=[at(16, 16, ra1, _)], sanction=[reduce(ra1, 300)], clock=0, time=2015-04-20 15:17:42.412]
org notification: Time [clock=5, time=null]
org notified sent time(5).
Prohibition [subject=a20, prohibition=[at(16, 16, a20, _)], sanction=[reduce(a20, 300)], clock=0, time=2015-04-20 15:17:42.407]
Prohibition [subject=a10, prohibition=[at(16, 15, a10, _)], sanction=[reduce(a10, 300)], clock=0, time=2015-04-20 15:17:42.395]
org notification: Time [clock=6, time=null]
org notified sent time(6).
object notification: Prohibition [subject=a10, prohibition=[at(16, 15, a10, _)], sanction=[reduce(a10, 300)], clock=0, time=2015-04-20 15:17:42.395]
Event sent to object      a10 prohibition([at(16, 15, a10, _)], [reduce(a10, 300)])
object notification: Prohibition [subject=a10, prohibition=[at(16, 15, a10, _)], sanction=[reduce(a10, 300)], clock=0, time=2015-04-20 15:17:42.395]
org notification: Time [clock=6, time=null]
org notified sent time(6).
Event sent to object      a10 prohibition([at(16, 15, a10, _)], [reduce(a10, 300)])
Prohibition [subject=a20, prohibition=[at(15, 16, a20, _)], sanction=[reduce(a20, 300)], clock=0, time=2015-04-20 15:17:42.403]
-------------------------last log tuples end----------------------------------
org notification: Time [clock=15, time=null]
org notified sent time(15).
org notification: Time [clock=8, time=null]
org notified sent time(8).
org notification: Time [clock=6, time=null]
org notified sent time(6).
org notification: Time [clock=15, time=null]
org notified sent time(15).
org notification: Time [clock=11, time=null]
org notified sent time(11).
org notification: Time [clock=11, time=null]
org notified sent time(11).
org notification: Time [clock=4, time=null]
org notified sent time(4).
org notification: Time [clock=7, time=null]
org notified sent time(7).
org notification: Time [clock=1, time=null]
org notified sent time(1).
org notification: Time [clock=12, time=null]
org notified sent time(12).
org notification: Time [clock=4, time=null]
org notified sent time(4).
org notification: Time [clock=7, time=null]
org notified sent time(7).
org notification: Time [clock=1, time=null]
org notified sent time(1).
org notification: Time [clock=12, time=null]
org notified sent time(12).
object notification: Time [clock=10, time=null]
org notification: Time [clock=10, time=null]
org notified sent time(10).
object notification: Time [clock=10, time=null]
Event sent to object      a10 clock(10)
Event sent to object      a40 clock(10)
object notification: Time [clock=10, time=null]
object notification: Time [clock=10, time=null]
Event sent to object      a30 clock(10)
Event sent to object      a30 clock(10)
object notification: Time [clock=10, time=null]
Event sent to object      a10 clock(10)
object notification: Time [clock=10, time=null]
Event sent to object      a40 clock(10)
org notification: Time [clock=10, time=null]
org notified sent time(10).
org notification: Time [clock=10, time=null]
org notified sent time(10).
Organization notifies object (write): Prohibition [subject=a10, prohibition=[at(15, 15, a10, _)], sanction=[reduce(a10, 300)], clock=0, time=2015-04-20 15:19:18.708]
Organization notifies object (write): Prohibition [subject=a10, prohibition=[at(15, 16, a10, _)], sanction=[reduce(a10, 300)], clock=0, time=2015-04-20 15:19:18.709]
object notification: Prohibition [subject=a10, prohibition=[at(15, 15, a10, _)], sanction=[reduce(a10, 300)], clock=0, time=2015-04-20 15:19:18.708]
object notification: Prohibition [subject=a10, prohibition=[at(15, 15, a10, _)], sanction=[reduce(a10, 300)], clock=0, time=2015-04-20 15:19:18.708]
Event sent to object      a10 prohibition([at(15, 15, a10, _)], [reduce(a10, 300)])
Event sent to object      a10 prohibition([at(15, 15, a10, _)], [reduce(a10, 300)])
Organization notifies object (write): Prohibition [subject=a10, prohibition=[at(16, 15, a10, _)], sanction=[reduce(a10, 300)], clock=0, time=2015-04-20 15:19:18.71]
object notification: Prohibition [subject=a10, prohibition=[at(15, 16, a10, _)], sanction=[reduce(a10, 300)], clock=0, time=2015-04-20 15:19:18.709]
object notification: Prohibition [subject=a10, prohibition=[at(15, 16, a10, _)], sanction=[reduce(a10, 300)], clock=0, time=2015-04-20 15:19:18.709]
Event sent to object      a10 prohibition([at(15, 16, a10, _)], [reduce(a10, 300)])
Event sent to object      a10 prohibition([at(15, 16, a10, _)], [reduce(a10, 300)])
Organization notifies object (write): Prohibition [subject=a10, prohibition=[at(16, 16, a10, _)], sanction=[reduce(a10, 300)], clock=0, time=2015-04-20 15:19:18.712]
object notification: Prohibition [subject=a10, prohibition=[at(16, 15, a10, _)], sanction=[reduce(a10, 300)], clock=0, time=2015-04-20 15:19:18.71]
object notification: Prohibition [subject=a10, prohibition=[at(16, 15, a10, _)], sanction=[reduce(a10, 300)], clock=0, time=2015-04-20 15:19:18.71]
Event sent to object      a10 prohibition([at(16, 15, a10, _)], [reduce(a10, 300)])
Event sent to object      a10 prohibition([at(16, 15, a10, _)], [reduce(a10, 300)])
Organization notifies object (write): Prohibition [subject=a20, prohibition=[at(15, 15, a20, _)], sanction=[reduce(a20, 300)], clock=0, time=2015-04-20 15:19:18.713]
object notification: Prohibition [subject=a10, prohibition=[at(16, 16, a10, _)], sanction=[reduce(a10, 300)], clock=0, time=2015-04-20 15:19:18.712]
object notification: Prohibition [subject=a10, prohibition=[at(16, 16, a10, _)], sanction=[reduce(a10, 300)], clock=0, time=2015-04-20 15:19:18.712]
Event sent to object      a10 prohibition([at(16, 16, a10, _)], [reduce(a10, 300)])
Event sent to object      a10 prohibition([at(16, 16, a10, _)], [reduce(a10, 300)])
Organization notifies object (write): Prohibition [subject=a20, prohibition=[at(15, 16, a20, _)], sanction=[reduce(a20, 300)], clock=0, time=2015-04-20 15:19:18.714]
Organization notifies object (write): Prohibition [subject=a20, prohibition=[at(16, 15, a20, _)], sanction=[reduce(a20, 300)], clock=0, time=2015-04-20 15:19:18.716]
Organization notifies object (write): Prohibition [subject=a20, prohibition=[at(16, 16, a20, _)], sanction=[reduce(a20, 300)], clock=0, time=2015-04-20 15:19:18.717]
Organization notifies object (write): Prohibition [subject=ra1, prohibition=[at(15, 15, ra1, _)], sanction=[reduce(ra1, 300)], clock=0, time=2015-04-20 15:19:18.718]
Organization notifies object (write): Prohibition [subject=ra1, prohibition=[at(15, 16, ra1, _)], sanction=[reduce(ra1, 300)], clock=0, time=2015-04-20 15:19:18.719]
Organization notifies object (write): Prohibition [subject=ra1, prohibition=[at(16, 15, ra1, _)], sanction=[reduce(ra1, 300)], clock=0, time=2015-04-20 15:19:18.72]
Organization notifies object (write): Prohibition [subject=ra1, prohibition=[at(16, 16, ra1, _)], sanction=[reduce(ra1, 300)], clock=0, time=2015-04-20 15:19:18.721]
object notification: Time [clock=16, time=null]
Event sent to object      a10 clock(16)
object notification: Time [clock=16, time=null]
object notification: Time [clock=16, time=null]
Event sent to object      a10 clock(16)
org notification: Time [clock=16, time=null]
org notified sent time(16).
object notification: Time [clock=16, time=null]
Event sent to object      a40 clock(16)
object notification: Time [clock=16, time=null]
Event sent to object      a40 clock(16)
object notification: Time [clock=16, time=null]
org notification: Time [clock=16, time=null]
org notified sent time(16).
org notification: Time [clock=16, time=null]
org notified sent time(16).
Event sent to object      a30 clock(16)
Event sent to object      a30 clock(16)
object notification: Time [clock=1, time=null]
object notification: Time [clock=1, time=null]
object notification: Time [clock=1, time=null]
Event sent to object      a10 clock(1)
org notification: Time [clock=1, time=null]
org notified sent time(1).
org notification: Time [clock=1, time=null]
org notified sent time(1).
object notification: Time [clock=1, time=null]
Event sent to object      a40 clock(1)
Event sent to object      a10 clock(1)
Event sent to object      a30 clock(1)
object notification: Time [clock=1, time=null]
org notification: Time [clock=1, time=null]
org notified sent time(1).
object notification: Time [clock=1, time=null]
Event sent to object      a40 clock(1)
Event sent to object      a30 clock(1)
object notification: Time [clock=11, time=null]
org notification: Time [clock=11, time=null]
org notified sent time(11).
object notification: Time [clock=11, time=null]
object notification: Time [clock=11, time=null]
Event sent to object      a30 clock(11)
Event sent to object      a40 clock(11)
object notification: Time [clock=11, time=null]
Event sent to object      a30 clock(11)
Event sent to object      a40 clock(11)
object notification: Time [clock=11, time=null]
org notification: Time [clock=11, time=null]
org notified sent time(11).
Event sent to object      a10 clock(11)
org notification: Time [clock=11, time=null]
org notified sent time(11).
object notification: Time [clock=11, time=null]
Event sent to object      a10 clock(11)
org notification: Time [clock=17, time=null]
org notified sent time(17).
object notification: Time [clock=17, time=null]
object notification: Time [clock=17, time=null]
Event sent to object      a30 clock(17)
Event sent to object      a10 clock(17)
object notification: Time [clock=17, time=null]
object notification: Time [clock=17, time=null]
org notification: Time [clock=17, time=null]
org notified sent time(17).
org notification: Time [clock=17, time=null]
org notified sent time(17).
object notification: Time [clock=17, time=null]
Event sent to object      a10 clock(17)
object notification: Time [clock=17, time=null]
Event sent to object      a40 clock(17)
Event sent to object      a30 clock(17)
Event sent to object      a40 clock(17)
object notification: Time [clock=2, time=null]
object notification: Time [clock=2, time=null]
org notification: Time [clock=2, time=null]
org notified sent time(2).
Event sent to object      a30 clock(2)
object notification: Time [clock=2, time=null]
org notification: Time [clock=2, time=null]
Event sent to object      a30 clock(2)
object notification: Time [clock=2, time=null]
object notification: Time [clock=2, time=null]
Event sent to object      a10 clock(2)
object notification: Time [clock=2, time=null]
Event sent to object      a10 clock(2)
Event sent to object      a40 clock(2)
Event sent to object      a40 clock(2)
org notified sent time(2).
org notification: Time [clock=2, time=null]
org notified sent time(2).
object notification: Time [clock=12, time=null]
object notification: Time [clock=12, time=null]
org notification: Time [clock=12, time=null]
org notified sent time(12).
org notification: Time [clock=12, time=null]
org notified sent time(12).
object notification: Time [clock=12, time=null]
object notification: Time [clock=12, time=null]
Event sent to object      a40 clock(12)
Event sent to object      a40 clock(12)
object notification: Time [clock=12, time=null]
Event sent to object      a30 clock(12)
Event sent to object      a30 clock(12)
Event sent to object      a10 clock(12)
org notification: Time [clock=12, time=null]
org notified sent time(12).
object notification: Time [clock=12, time=null]
Event sent to object      a10 clock(12)
org notification: Time [clock=18, time=null]
object notification: Time [clock=18, time=null]
object notification: Time [clock=18, time=null]
object notification: Time [clock=18, time=null]
Event sent to object      a30 clock(18)
Event sent to object      a40 clock(18)
org notification: Time [clock=18, time=null]
org notified sent time(18).
object notification: Time [clock=18, time=null]
org notified sent time(18).
object notification: Time [clock=18, time=null]
object notification: Time [clock=18, time=null]
Event sent to object      a10 clock(18)
Event sent to object      a30 clock(18)
Event sent to object      a10 clock(18)
org notification: Time [clock=18, time=null]
org notified sent time(18).
Event sent to object      a40 clock(18)
org notification: Time [clock=3, time=null]
org notified sent time(3).
object notification: Time [clock=3, time=null]
object notification: Time [clock=3, time=null]
Event sent to object      a40 clock(3)
Event sent to object      a30 clock(3)
object notification: Time [clock=3, time=null]
object notification: Time [clock=3, time=null]
object notification: Time [clock=3, time=null]
Event sent to object      a30 clock(3)
Event sent to object      a40 clock(3)
org notification: Time [clock=3, time=null]
org notified sent time(3).
object notification: Time [clock=3, time=null]
Event sent to object      a10 clock(3)
org notification: Time [clock=3, time=null]
org notified sent time(3).
Event sent to object      a10 clock(3)
object notification: Time [clock=13, time=null]
object notification: Time [clock=13, time=null]
Event sent to object      a30 clock(13)
Event sent to object      a30 clock(13)
org notification: Time [clock=13, time=null]
org notified sent time(13).
org notification: Time [clock=13, time=null]
org notified sent time(13).
object notification: Time [clock=13, time=null]
object notification: Time [clock=13, time=null]
Event sent to object      a10 clock(13)
Event sent to object      a10 clock(13)
object notification: Time [clock=13, time=null]
org notification: Time [clock=13, time=null]
org notified sent time(13).
object notification: Time [clock=13, time=null]
Event sent to object      a40 clock(13)
Event sent to object      a40 clock(13)
object notification: Time [clock=19, time=null]
object notification: Time [clock=19, time=null]
Event sent to object      a30 clock(19)
object notification: Time [clock=19, time=null]
Event sent to object      a10 clock(19)
Event sent to object      a10 clock(19)
object notification: Time [clock=19, time=null]
org notification: Time [clock=19, time=null]
org notified sent time(19).
org notification: Time [clock=19, time=null]
org notification: Time [clock=19, time=null]
org notified sent time(19).
org notified sent time(19).
object notification: Time [clock=19, time=null]
Event sent to object      a40 clock(19)
object notification: Time [clock=19, time=null]
Event sent to object      a30 clock(19)
Event sent to object      a40 clock(19)
