2015-05-11 18:17:07,760 CONFIG [com.gigaspaces.logger] - Log file: /Users/dxd/git/ct3/logs/2015-05-11~18.17-gigaspaces-service-10.154.152.156-42158.log
-------------------------last log tuples start--------------------------------
Position [subject=a10, id=null, cell=Cell [x=0, y=0], time=2015-05-11 18:09:15.232, clock=2]
Obligation [subject=a30, obligation=[at(4, 4, a30)], sanction=[reduce(a30, 50)], deadline=9, time=2015-05-11 18:10:00.921, clock=8]
Tile [id=null, cell=Cell [x=2, y=3], subject=purple, time=2015-05-11 18:08:44.006, clock=0]
SetGoal [id=null, agent=a40, cell=Cell [x=2, y=3], goal=Cell [x=2, y=2], clock=7, time=2015-05-11 18:09:47.613]
Position [subject=a20, id=null, cell=Cell [x=0, y=4], time=2015-05-11 18:09:15.246, clock=2]
SetGoal [id=null, agent=a10, cell=Cell [x=2, y=1], goal=Cell [x=2, y=2], clock=7, time=2015-05-11 18:09:47.34]
SetGoal [id=null, agent=a20, cell=Cell [x=1, y=2], goal=Cell [x=2, y=2], clock=7, time=2015-05-11 18:09:47.433]
Goal [id=null, cell=Cell [x=2, y=2], agent=null, time=2015-05-11 18:08:44.111, clock=0]
Chip [id=null, agent=a40, time=2015-05-11 18:09:15.263, color=orange, clock=2, number=2]
Color [id=null, color=green, agent=a20, type=no, time=2015-05-11 18:09:48.187, clock=7]
Position [subject=a40, id=null, cell=Cell [x=4, y=0], time=2015-05-11 18:09:15.259, clock=2]
Prohibition [subject=a30, prohibition=[at(4, 4, a30)], sanction=[reduce(a30, 50)], clock=10, time=2015-05-11 18:10:13.612]
Obligation [subject=a40, obligation=[at(4, 4, a40)], sanction=[reduce(a40, 50)], deadline=9, time=2015-05-11 18:10:11.984, clock=9]
Prohibition [subject=a40, prohibition=[at(4, 4, a40)], sanction=[reduce(a40, 50)], clock=10, time=2015-05-11 18:10:19.413]
Tile [id=null, cell=Cell [x=2, y=4], subject=red, time=2015-05-11 18:08:44.008, clock=0]
Color [id=null, color=green, agent=a30, type=no, time=2015-05-11 18:09:48.276, clock=7]
Position [subject=a30, id=null, cell=Cell [x=4, y=4], time=2015-05-11 18:09:15.195, clock=2]
Chip [id=null, agent=a40, time=2015-05-11 18:09:15.265, color=red, clock=2, number=3]
Chip [id=null, agent=a40, time=2015-05-11 18:09:15.267, color=purple, clock=2, number=3]
SetGoal [id=null, agent=a30, cell=Cell [x=3, y=2], goal=Cell [x=2, y=2], clock=7, time=2015-05-11 18:09:47.527]
Prohibition [subject=a10, prohibition=[at(4, 4, a10)], sanction=[reduce(a10, 50)], clock=10, time=2015-05-11 18:10:13.593]
Color [id=null, color=green, agent=a40, type=no, time=2015-05-11 18:09:48.397, clock=7]
Chip [id=null, agent=a40, time=2015-05-11 18:09:15.28, color=green, clock=2, number=2]
Obligation [subject=a40, obligation=[at(2, 3, a40)], sanction=[reduce(a40, 500)], deadline=13, time=2015-05-11 18:09:48.379, clock=7]
Color [id=null, color=green, agent=a40, type=yes, time=2015-05-11 18:09:47.99, clock=7]
Chip [id=null, agent=a30, time=2015-05-11 18:09:15.208, color=orange, clock=2, number=1]
Chip [id=null, agent=a30, time=2015-05-11 18:09:15.223, color=red, clock=2, number=1]
Chip [id=null, agent=a30, time=2015-05-11 18:09:15.225, color=purple, clock=2, number=3]
Color [id=null, color=green, agent=a10, type=no, time=2015-05-11 18:09:48.102, clock=7]
Obligation [subject=a10, obligation=[at(4, 4, a10)], sanction=[reduce(a10, 50)], deadline=9, time=2015-05-11 18:09:48.637, clock=7]
Tile [id=null, cell=Cell [x=3, y=0], subject=red, time=2015-05-11 18:08:44.01, clock=0]
Chip [id=null, agent=a30, time=2015-05-11 18:09:15.229, color=green, clock=2, number=2]
Prohibition [subject=a20, prohibition=[at(4, 4, a20)], sanction=[reduce(a20, 50)], clock=10, time=2015-05-11 18:10:13.606]
Color [id=null, color=green, agent=a10, type=yes, time=2015-05-11 18:09:47.699, clock=7]
Time [clock=26, time=2015-05-11 18:12:52.566]
Obligation [subject=a10, obligation=[surround(2, 2)], sanction=[reduce(g, 500)], deadline=12, time=2015-05-11 18:09:15.293, clock=4]
Obligation [subject=a10, obligation=[at(2, 1, a10)], sanction=[reduce(a10, 500)], deadline=13, time=2015-05-11 18:09:48.365, clock=7]
Chip [id=null, agent=a10, time=2015-05-11 18:09:15.235, color=orange, clock=2, number=3]
Obligation [subject=a20, obligation=[at(1, 2, a20)], sanction=[reduce(a20, 500)], deadline=13, time=2015-05-11 18:09:48.369, clock=7]
Chip [id=null, agent=a10, time=2015-05-11 18:09:15.237, color=red, clock=2, number=3]
Color [id=null, color=green, agent=a20, type=yes, time=2015-05-11 18:09:47.793, clock=7]
Obligation [subject=a30, obligation=[at(3, 2, a30)], sanction=[reduce(a30, 500)], deadline=13, time=2015-05-11 18:09:48.374, clock=7]
Obligation [subject=a20, obligation=[at(4, 4, a20)], sanction=[reduce(a20, 50)], deadline=9, time=2015-05-11 18:09:48.642, clock=7]
Points [subject=a20, time=2015-05-11 18:10:19.471, clock=10, value=950, id=null]
Points [subject=a40, time=2015-05-11 18:10:19.475, clock=10, value=950, id=null]
Color [id=null, color=green, agent=a30, type=yes, time=2015-05-11 18:09:47.894, clock=7]
Points [subject=a30, time=2015-05-11 18:10:13.617, clock=7, value=950, id=null]
Points [subject=a10, time=2015-05-11 18:10:19.462, clock=10, value=950, id=null]
Chip [id=null, agent=a10, time=2015-05-11 18:09:15.24, color=purple, clock=2, number=3]
Chip [id=null, agent=a10, time=2015-05-11 18:09:15.243, color=green, clock=2, number=3]
Chip [id=null, agent=a20, time=2015-05-11 18:09:15.249, color=orange, clock=2, number=2]
Chip [id=null, agent=a20, time=2015-05-11 18:09:15.251, color=red, clock=2, number=3]
Chip [id=null, agent=a20, time=2015-05-11 18:09:15.254, color=purple, clock=2, number=1]
Chip [id=null, agent=a20, time=2015-05-11 18:09:15.257, color=green, clock=2, number=2]
Time [clock=27, time=2015-05-11 18:13:02.57]
Time [clock=28, time=2015-05-11 18:13:12.572]
Time [clock=29, time=2015-05-11 18:13:22.577]
Time [clock=30, time=2015-05-11 18:13:32.579]
Time [clock=31, time=2015-05-11 18:13:42.599]
Tile [id=null, cell=Cell [x=3, y=1], subject=orange, time=2015-05-11 18:08:44.016, clock=0]
Time [clock=32, time=2015-05-11 18:13:52.601]
Tile [id=null, cell=Cell [x=3, y=2], subject=purple, time=2015-05-11 18:08:44.025, clock=0]
Time [clock=33, time=2015-05-11 18:14:02.602]
Time [clock=34, time=2015-05-11 18:14:12.604]
Time [clock=35, time=2015-05-11 18:14:22.607]
Time [clock=36, time=2015-05-11 18:14:32.62]
Time [clock=37, time=2015-05-11 18:14:42.625]
Time [clock=38, time=2015-05-11 18:14:52.698]
Time [clock=39, time=2015-05-11 18:15:03.029]
Tile [id=null, cell=Cell [x=3, y=3], subject=purple, time=2015-05-11 18:08:44.027, clock=0]
Time [clock=40, time=2015-05-11 18:15:13.032]
Time [clock=41, time=2015-05-11 18:15:23.036]
Time [clock=42, time=2015-05-11 18:15:33.137]
Time [clock=43, time=2015-05-11 18:15:43.14]
Time [clock=44, time=2015-05-11 18:15:53.57]
Time [clock=24, time=2015-05-11 18:12:32.558]
Time [clock=25, time=2015-05-11 18:12:42.56]
Time [clock=5, time=2015-05-11 18:09:22.516]
Time [clock=6, time=2015-05-11 18:09:32.518]
Time [clock=7, time=2015-05-11 18:09:42.52]
Time [clock=8, time=2015-05-11 18:09:52.522]
Time [clock=9, time=2015-05-11 18:10:02.524]
Time [clock=10, time=2015-05-11 18:10:12.526]
Time [clock=11, time=2015-05-11 18:10:22.528]
Time [clock=12, time=2015-05-11 18:10:32.532]
Time [clock=13, time=2015-05-11 18:10:42.534]
Time [clock=14, time=2015-05-11 18:10:52.536]
Time [clock=15, time=2015-05-11 18:11:02.537]
Time [clock=16, time=2015-05-11 18:11:12.539]
Time [clock=17, time=2015-05-11 18:11:22.541]
Time [clock=18, time=2015-05-11 18:11:32.544]
Time [clock=19, time=2015-05-11 18:11:42.546]
Time [clock=20, time=2015-05-11 18:11:52.548]
Time [clock=21, time=2015-05-11 18:12:02.55]
Tile [id=null, cell=Cell [x=3, y=4], subject=orange, time=2015-05-11 18:08:44.032, clock=0]
Time [clock=22, time=2015-05-11 18:12:12.553]
Time [clock=23, time=2015-05-11 18:12:22.556]
Time [clock=3, time=2015-05-11 18:09:02.512]
Time [clock=4, time=2015-05-11 18:09:12.514]
Time [clock=1, time=2015-05-11 18:08:42.496]
Time [clock=2, time=2015-05-11 18:08:52.51]
Tile [id=null, cell=Cell [x=4, y=0], subject=green, time=2015-05-11 18:08:44.034, clock=0]
Tile [id=null, cell=Cell [x=4, y=1], subject=purple, time=2015-05-11 18:08:44.035, clock=0]
Tile [id=null, cell=Cell [x=4, y=2], subject=orange, time=2015-05-11 18:08:44.037, clock=0]
Tile [id=null, cell=Cell [x=4, y=3], subject=purple, time=2015-05-11 18:08:44.039, clock=0]
Tile [id=null, cell=Cell [x=4, y=4], subject=green, time=2015-05-11 18:08:44.041, clock=0]
Tile [id=null, cell=Cell [x=0, y=4], subject=green, time=2015-05-11 18:08:43.966, clock=0]
Tile [id=null, cell=Cell [x=1, y=0], subject=green, time=2015-05-11 18:08:43.972, clock=0]
Tile [id=null, cell=Cell [x=1, y=1], subject=orange, time=2015-05-11 18:08:43.981, clock=0]
Tile [id=null, cell=Cell [x=1, y=2], subject=red, time=2015-05-11 18:08:43.984, clock=0]
Tile [id=null, cell=Cell [x=1, y=3], subject=red, time=2015-05-11 18:08:43.988, clock=0]
Tile [id=null, cell=Cell [x=1, y=4], subject=purple, time=2015-05-11 18:08:43.992, clock=0]
Tile [id=null, cell=Cell [x=2, y=0], subject=red, time=2015-05-11 18:08:43.996, clock=0]
Tile [id=null, cell=Cell [x=2, y=1], subject=red, time=2015-05-11 18:08:43.998, clock=0]
Tile [id=null, cell=Cell [x=2, y=2], subject=green, time=2015-05-11 18:08:44.0, clock=0]
Tile [id=null, cell=Cell [x=0, y=3], subject=orange, time=2015-05-11 18:08:43.961, clock=0]
Tile [id=null, cell=Cell [x=0, y=0], subject=green, time=2015-05-11 18:08:43.839, clock=0]
Tile [id=null, cell=Cell [x=0, y=1], subject=green, time=2015-05-11 18:08:43.957, clock=0]
Tile [id=null, cell=Cell [x=0, y=2], subject=red, time=2015-05-11 18:08:43.959, clock=0]
-------------------------last log tuples end----------------------------------
[CTAH] started agent 10
[CTAH] Added a new agent to the game by the name of 10.
[ENV] added agent a10
[CTAH] started agent 30
[CTAH] Added a new agent to the game by the name of 30.
[ENV] added agent a30
[CTAH] started agent 40
[CTAH] Added a new agent to the game by the name of 40.
[ENV] added agent a40
object notification: Time [clock=1, time=2015-05-11 18:17:19.923]
object notification: Time [clock=1, time=2015-05-11 18:17:19.923]
org notification: Time [clock=1, time=2015-05-11 18:17:19.923]
org notified sent time(1).
object notification: Time [clock=1, time=2015-05-11 18:17:19.923]
Event sent to object      a40 clock(1)
Event sent to object      a30 clock(1)
Event sent to object      a10 clock(1)
object notification: Tile [id=null, cell=Cell [x=0, y=0], subject=green, time=2015-05-11 18:17:26.438, clock=0]
object notification: Tile [id=null, cell=Cell [x=0, y=0], subject=green, time=2015-05-11 18:17:26.438, clock=0]
org notification: Tile [id=null, cell=Cell [x=0, y=0], subject=green, time=2015-05-11 18:17:26.438, clock=0]
org notified sent tile(cell(0,0),green,0).
object notification: Tile [id=null, cell=Cell [x=0, y=0], subject=green, time=2015-05-11 18:17:26.438, clock=0]
object notification: Tile [id=null, cell=Cell [x=0, y=1], subject=green, time=2015-05-11 18:17:26.531, clock=0]
org notification: Tile [id=null, cell=Cell [x=0, y=1], subject=green, time=2015-05-11 18:17:26.531, clock=0]
org notified sent tile(cell(0,1),green,0).
object notification: Tile [id=null, cell=Cell [x=0, y=1], subject=green, time=2015-05-11 18:17:26.531, clock=0]
object notification: Tile [id=null, cell=Cell [x=0, y=1], subject=green, time=2015-05-11 18:17:26.531, clock=0]
object notification: Tile [id=null, cell=Cell [x=0, y=2], subject=red, time=2015-05-11 18:17:26.543, clock=0]
object notification: Tile [id=null, cell=Cell [x=0, y=2], subject=red, time=2015-05-11 18:17:26.543, clock=0]
org notification: Tile [id=null, cell=Cell [x=0, y=2], subject=red, time=2015-05-11 18:17:26.543, clock=0]
org notified sent tile(cell(0,2),red,0).
object notification: Tile [id=null, cell=Cell [x=0, y=2], subject=red, time=2015-05-11 18:17:26.543, clock=0]
org notification: Tile [id=null, cell=Cell [x=0, y=3], subject=orange, time=2015-05-11 18:17:26.548, clock=0]
org notified sent tile(cell(0,3),orange,0).
object notification: Tile [id=null, cell=Cell [x=0, y=3], subject=orange, time=2015-05-11 18:17:26.548, clock=0]
object notification: Tile [id=null, cell=Cell [x=0, y=3], subject=orange, time=2015-05-11 18:17:26.548, clock=0]
object notification: Tile [id=null, cell=Cell [x=0, y=3], subject=orange, time=2015-05-11 18:17:26.548, clock=0]
org notification: Tile [id=null, cell=Cell [x=0, y=4], subject=green, time=2015-05-11 18:17:26.555, clock=0]
org notified sent tile(cell(0,4),green,0).
object notification: Tile [id=null, cell=Cell [x=0, y=4], subject=green, time=2015-05-11 18:17:26.555, clock=0]
object notification: Tile [id=null, cell=Cell [x=0, y=4], subject=green, time=2015-05-11 18:17:26.555, clock=0]
object notification: Tile [id=null, cell=Cell [x=1, y=0], subject=green, time=2015-05-11 18:17:26.56, clock=0]
org notification: Tile [id=null, cell=Cell [x=1, y=0], subject=green, time=2015-05-11 18:17:26.56, clock=0]
org notified sent tile(cell(1,0),green,0).
object notification: Tile [id=null, cell=Cell [x=1, y=1], subject=orange, time=2015-05-11 18:17:26.565, clock=0]
org notification: Tile [id=null, cell=Cell [x=1, y=1], subject=orange, time=2015-05-11 18:17:26.565, clock=0]
org notified sent tile(cell(1,1),orange,0).
object notification: Tile [id=null, cell=Cell [x=0, y=4], subject=green, time=2015-05-11 18:17:26.555, clock=0]
object notification: Tile [id=null, cell=Cell [x=1, y=0], subject=green, time=2015-05-11 18:17:26.56, clock=0]
object notification: Tile [id=null, cell=Cell [x=1, y=1], subject=orange, time=2015-05-11 18:17:26.565, clock=0]
object notification: Tile [id=null, cell=Cell [x=1, y=0], subject=green, time=2015-05-11 18:17:26.56, clock=0]
object notification: Tile [id=null, cell=Cell [x=1, y=1], subject=orange, time=2015-05-11 18:17:26.565, clock=0]
object notification: Tile [id=null, cell=Cell [x=1, y=2], subject=red, time=2015-05-11 18:17:26.568, clock=0]
object notification: Tile [id=null, cell=Cell [x=1, y=2], subject=red, time=2015-05-11 18:17:26.568, clock=0]
org notification: Tile [id=null, cell=Cell [x=1, y=2], subject=red, time=2015-05-11 18:17:26.568, clock=0]
org notified sent tile(cell(1,2),red,0).
object notification: Tile [id=null, cell=Cell [x=1, y=2], subject=red, time=2015-05-11 18:17:26.568, clock=0]
object notification: Tile [id=null, cell=Cell [x=1, y=3], subject=red, time=2015-05-11 18:17:26.575, clock=0]
org notification: Tile [id=null, cell=Cell [x=1, y=3], subject=red, time=2015-05-11 18:17:26.575, clock=0]
object notification: Tile [id=null, cell=Cell [x=1, y=3], subject=red, time=2015-05-11 18:17:26.575, clock=0]
org notified sent tile(cell(1,3),red,0).
object notification: Tile [id=null, cell=Cell [x=1, y=3], subject=red, time=2015-05-11 18:17:26.575, clock=0]
org notification: Tile [id=null, cell=Cell [x=1, y=4], subject=purple, time=2015-05-11 18:17:26.579, clock=0]
object notification: Tile [id=null, cell=Cell [x=1, y=4], subject=purple, time=2015-05-11 18:17:26.579, clock=0]
object notification: Tile [id=null, cell=Cell [x=1, y=4], subject=purple, time=2015-05-11 18:17:26.579, clock=0]
org notified sent tile(cell(1,4),purple,0).
object notification: Tile [id=null, cell=Cell [x=1, y=4], subject=purple, time=2015-05-11 18:17:26.579, clock=0]
org notification: Tile [id=null, cell=Cell [x=2, y=0], subject=red, time=2015-05-11 18:17:26.584, clock=0]
org notified sent tile(cell(2,0),red,0).
object notification: Tile [id=null, cell=Cell [x=2, y=0], subject=red, time=2015-05-11 18:17:26.584, clock=0]
object notification: Tile [id=null, cell=Cell [x=2, y=0], subject=red, time=2015-05-11 18:17:26.584, clock=0]
object notification: Tile [id=null, cell=Cell [x=2, y=0], subject=red, time=2015-05-11 18:17:26.584, clock=0]
object notification: Tile [id=null, cell=Cell [x=2, y=1], subject=red, time=2015-05-11 18:17:26.587, clock=0]
org notification: Tile [id=null, cell=Cell [x=2, y=1], subject=red, time=2015-05-11 18:17:26.587, clock=0]
org notified sent tile(cell(2,1),red,0).
object notification: Tile [id=null, cell=Cell [x=2, y=1], subject=red, time=2015-05-11 18:17:26.587, clock=0]
object notification: Tile [id=null, cell=Cell [x=2, y=1], subject=red, time=2015-05-11 18:17:26.587, clock=0]
object notification: Tile [id=null, cell=Cell [x=2, y=2], subject=green, time=2015-05-11 18:17:26.596, clock=0]
object notification: Tile [id=null, cell=Cell [x=2, y=2], subject=green, time=2015-05-11 18:17:26.596, clock=0]
org notification: Tile [id=null, cell=Cell [x=2, y=2], subject=green, time=2015-05-11 18:17:26.596, clock=0]
org notified sent tile(cell(2,2),green,0).
object notification: Tile [id=null, cell=Cell [x=2, y=2], subject=green, time=2015-05-11 18:17:26.596, clock=0]
object notification: Tile [id=null, cell=Cell [x=2, y=3], subject=purple, time=2015-05-11 18:17:26.601, clock=0]
org notification: Tile [id=null, cell=Cell [x=2, y=3], subject=purple, time=2015-05-11 18:17:26.601, clock=0]
org notified sent tile(cell(2,3),purple,0).
object notification: Tile [id=null, cell=Cell [x=2, y=3], subject=purple, time=2015-05-11 18:17:26.601, clock=0]
object notification: Tile [id=null, cell=Cell [x=2, y=3], subject=purple, time=2015-05-11 18:17:26.601, clock=0]
object notification: Tile [id=null, cell=Cell [x=2, y=4], subject=red, time=2015-05-11 18:17:26.606, clock=0]
object notification: Tile [id=null, cell=Cell [x=2, y=4], subject=red, time=2015-05-11 18:17:26.606, clock=0]
object notification: Tile [id=null, cell=Cell [x=2, y=4], subject=red, time=2015-05-11 18:17:26.606, clock=0]
org notification: Tile [id=null, cell=Cell [x=2, y=4], subject=red, time=2015-05-11 18:17:26.606, clock=0]
org notified sent tile(cell(2,4),red,0).
object notification: Tile [id=null, cell=Cell [x=3, y=0], subject=red, time=2015-05-11 18:17:26.614, clock=0]
org notification: Tile [id=null, cell=Cell [x=3, y=0], subject=red, time=2015-05-11 18:17:26.614, clock=0]
org notified sent tile(cell(3,0),red,0).
object notification: Tile [id=null, cell=Cell [x=3, y=0], subject=red, time=2015-05-11 18:17:26.614, clock=0]
object notification: Tile [id=null, cell=Cell [x=3, y=0], subject=red, time=2015-05-11 18:17:26.614, clock=0]
org notification: Tile [id=null, cell=Cell [x=3, y=1], subject=orange, time=2015-05-11 18:17:26.621, clock=0]
org notified sent tile(cell(3,1),orange,0).
object notification: Tile [id=null, cell=Cell [x=3, y=1], subject=orange, time=2015-05-11 18:17:26.621, clock=0]
object notification: Tile [id=null, cell=Cell [x=3, y=1], subject=orange, time=2015-05-11 18:17:26.621, clock=0]
object notification: Tile [id=null, cell=Cell [x=3, y=1], subject=orange, time=2015-05-11 18:17:26.621, clock=0]
org notification: Tile [id=null, cell=Cell [x=3, y=2], subject=purple, time=2015-05-11 18:17:26.628, clock=0]
object notification: Tile [id=null, cell=Cell [x=3, y=2], subject=purple, time=2015-05-11 18:17:26.628, clock=0]
org notified sent tile(cell(3,2),purple,0).
object notification: Tile [id=null, cell=Cell [x=3, y=2], subject=purple, time=2015-05-11 18:17:26.628, clock=0]
object notification: Tile [id=null, cell=Cell [x=3, y=2], subject=purple, time=2015-05-11 18:17:26.628, clock=0]
object notification: Tile [id=null, cell=Cell [x=3, y=3], subject=purple, time=2015-05-11 18:17:26.636, clock=0]
org notification: Tile [id=null, cell=Cell [x=3, y=3], subject=purple, time=2015-05-11 18:17:26.636, clock=0]
org notified sent tile(cell(3,3),purple,0).
object notification: Tile [id=null, cell=Cell [x=3, y=3], subject=purple, time=2015-05-11 18:17:26.636, clock=0]
object notification: Tile [id=null, cell=Cell [x=3, y=3], subject=purple, time=2015-05-11 18:17:26.636, clock=0]
object notification: Tile [id=null, cell=Cell [x=3, y=4], subject=orange, time=2015-05-11 18:17:26.64, clock=0]
object notification: Tile [id=null, cell=Cell [x=3, y=4], subject=orange, time=2015-05-11 18:17:26.64, clock=0]
object notification: Tile [id=null, cell=Cell [x=3, y=4], subject=orange, time=2015-05-11 18:17:26.64, clock=0]
org notification: Tile [id=null, cell=Cell [x=3, y=4], subject=orange, time=2015-05-11 18:17:26.64, clock=0]
org notified sent tile(cell(3,4),orange,0).
org notification: Tile [id=null, cell=Cell [x=4, y=0], subject=green, time=2015-05-11 18:17:26.642, clock=0]
org notified sent tile(cell(4,0),green,0).
object notification: Tile [id=null, cell=Cell [x=4, y=0], subject=green, time=2015-05-11 18:17:26.642, clock=0]
object notification: Tile [id=null, cell=Cell [x=4, y=0], subject=green, time=2015-05-11 18:17:26.642, clock=0]
object notification: Tile [id=null, cell=Cell [x=4, y=0], subject=green, time=2015-05-11 18:17:26.642, clock=0]
object notification: Tile [id=null, cell=Cell [x=4, y=1], subject=purple, time=2015-05-11 18:17:26.648, clock=0]
org notification: Tile [id=null, cell=Cell [x=4, y=1], subject=purple, time=2015-05-11 18:17:26.648, clock=0]
object notification: Tile [id=null, cell=Cell [x=4, y=1], subject=purple, time=2015-05-11 18:17:26.648, clock=0]
org notified sent tile(cell(4,1),purple,0).
object notification: Tile [id=null, cell=Cell [x=4, y=1], subject=purple, time=2015-05-11 18:17:26.648, clock=0]
object notification: Tile [id=null, cell=Cell [x=4, y=2], subject=orange, time=2015-05-11 18:17:26.652, clock=0]
org notification: Tile [id=null, cell=Cell [x=4, y=2], subject=orange, time=2015-05-11 18:17:26.652, clock=0]
org notified sent tile(cell(4,2),orange,0).
object notification: Tile [id=null, cell=Cell [x=4, y=2], subject=orange, time=2015-05-11 18:17:26.652, clock=0]
object notification: Tile [id=null, cell=Cell [x=4, y=2], subject=orange, time=2015-05-11 18:17:26.652, clock=0]
object notification: Tile [id=null, cell=Cell [x=4, y=3], subject=purple, time=2015-05-11 18:17:26.656, clock=0]
org notification: Tile [id=null, cell=Cell [x=4, y=3], subject=purple, time=2015-05-11 18:17:26.656, clock=0]
object notification: Tile [id=null, cell=Cell [x=4, y=3], subject=purple, time=2015-05-11 18:17:26.656, clock=0]
org notified sent tile(cell(4,3),purple,0).
object notification: Tile [id=null, cell=Cell [x=4, y=3], subject=purple, time=2015-05-11 18:17:26.656, clock=0]
object notification: Tile [id=null, cell=Cell [x=4, y=4], subject=green, time=2015-05-11 18:17:26.66, clock=0]
object notification: Tile [id=null, cell=Cell [x=4, y=4], subject=green, time=2015-05-11 18:17:26.66, clock=0]
org notification: Tile [id=null, cell=Cell [x=4, y=4], subject=green, time=2015-05-11 18:17:26.66, clock=0]
org notified sent tile(cell(4,4),green,0).
object notification: Tile [id=null, cell=Cell [x=4, y=4], subject=green, time=2015-05-11 18:17:26.66, clock=0]
org notification: Goal [id=null, cell=Cell [x=2, y=2], agent=null, time=2015-05-11 18:17:26.707, clock=0]
org notified sent goal(cell(2,2),null,0).
Organization notifies object (write): Obligation [subject=a10, obligation=[surround(2, 2)], sanction=[reduce(g, 500)], deadline=11, time=2015-05-11 18:17:26.725, clock=1]
object notification: Obligation [subject=a10, obligation=[surround(2, 2)], sanction=[reduce(g, 500)], deadline=11, time=2015-05-11 18:17:26.725, clock=1]
Event sent to object      a10 obligation([surround(2, 2)], 11, [reduce(g, 500)])
org notification: Time [clock=2, time=2015-05-11 18:17:29.944]
org notified sent time(2).
object notification: Time [clock=2, time=2015-05-11 18:17:29.944]
Event sent to object      a10 clock(2)
object notification: Time [clock=2, time=2015-05-11 18:17:29.944]
Event sent to object      a30 clock(2)
object notification: Time [clock=2, time=2015-05-11 18:17:29.944]
Event sent to object      a40 clock(2)
object notification: Position [subject=a40, id=null, cell=Cell [x=4, y=0], time=2015-05-11 18:17:29.973, clock=2]
Event sent to object      a40 position(4, 4, 2)
org notification: Position [subject=a40, id=null, cell=Cell [x=4, y=0], time=2015-05-11 18:17:29.973, clock=2]
org notified sent position(a40,cell(4,0),2).
object notification: Chip [id=null, agent=a40, time=2015-05-11 18:17:29.985, color=orange, clock=2, number=2]
Event sent to object      a40 chip(a40, orange, 2, 2)
object notification: Chip [id=null, agent=a40, time=2015-05-11 18:17:30.003, color=red, clock=2, number=3]
Event sent to object      a40 chip(a40, red, 3, 2)
org notification: Chip [id=null, agent=a40, time=2015-05-11 18:17:29.985, color=orange, clock=2, number=2]
org notified sent chip(a40,orange,2,2).
org notification: Chip [id=null, agent=a40, time=2015-05-11 18:17:30.003, color=red, clock=2, number=3]
org notified sent chip(a40,red,3,2).
object notification: Chip [id=null, agent=a40, time=2015-05-11 18:17:30.006, color=purple, clock=2, number=3]
Event sent to object      a40 chip(a40, purple, 3, 2)
org notification: Chip [id=null, agent=a40, time=2015-05-11 18:17:30.006, color=purple, clock=2, number=3]
org notified sent chip(a40,purple,3,2).
org notification: Chip [id=null, agent=a40, time=2015-05-11 18:17:30.029, color=green, clock=2, number=2]
org notified sent chip(a40,green,2,2).
object notification: Chip [id=null, agent=a40, time=2015-05-11 18:17:30.029, color=green, clock=2, number=2]
Event sent to object      a40 chip(a40, green, 2, 2)
org notification: Position [subject=a20, id=null, cell=Cell [x=0, y=4], time=2015-05-11 18:17:30.043, clock=2]
org notified sent position(a20,cell(0,4),2).
org notification: Chip [id=null, agent=a20, time=2015-05-11 18:17:30.052, color=orange, clock=2, number=2]
org notified sent chip(a20,orange,2,2).
org notification: Chip [id=null, agent=a20, time=2015-05-11 18:17:30.056, color=red, clock=2, number=3]
org notified sent chip(a20,red,3,2).
org notification: Chip [id=null, agent=a20, time=2015-05-11 18:17:30.059, color=purple, clock=2, number=1]
org notified sent chip(a20,purple,1,2).
org notification: Chip [id=null, agent=a20, time=2015-05-11 18:17:30.068, color=green, clock=2, number=2]
org notified sent chip(a20,green,2,2).
org notification: Position [subject=a10, id=null, cell=Cell [x=0, y=0], time=2015-05-11 18:17:30.074, clock=2]
org notified sent position(a10,cell(0,0),2).
object notification: Position [subject=a10, id=null, cell=Cell [x=0, y=0], time=2015-05-11 18:17:30.074, clock=2]
Event sent to object      a10 position(0, 0, 2)
object notification: Chip [id=null, agent=a10, time=2015-05-11 18:17:30.089, color=orange, clock=2, number=3]
Event sent to object      a10 chip(a10, orange, 3, 2)
org notification: Chip [id=null, agent=a10, time=2015-05-11 18:17:30.089, color=orange, clock=2, number=3]
org notified sent chip(a10,orange,3,2).
org notification: Chip [id=null, agent=a10, time=2015-05-11 18:17:30.101, color=red, clock=2, number=3]
org notified sent chip(a10,red,3,2).
object notification: Chip [id=null, agent=a10, time=2015-05-11 18:17:30.101, color=red, clock=2, number=3]
Event sent to object      a10 chip(a10, red, 3, 2)
org notification: Chip [id=null, agent=a10, time=2015-05-11 18:17:30.106, color=purple, clock=2, number=3]
object notification: Chip [id=null, agent=a10, time=2015-05-11 18:17:30.106, color=purple, clock=2, number=3]
org notified sent chip(a10,purple,3,2).
Event sent to object      a10 chip(a10, purple, 3, 2)
object notification: Chip [id=null, agent=a10, time=2015-05-11 18:17:30.109, color=green, clock=2, number=3]
Event sent to object      a10 chip(a10, green, 3, 2)
org notification: Chip [id=null, agent=a10, time=2015-05-11 18:17:30.109, color=green, clock=2, number=3]
org notified sent chip(a10,green,3,2).
org notification: Position [subject=a30, id=null, cell=Cell [x=4, y=4], time=2015-05-11 18:17:30.113, clock=2]
org notified sent position(a30,cell(4,4),2).
object notification: Position [subject=a30, id=null, cell=Cell [x=4, y=4], time=2015-05-11 18:17:30.113, clock=2]
Event sent to object      a30 position(4, 4, 2)
org notification: Chip [id=null, agent=a30, time=2015-05-11 18:17:30.117, color=orange, clock=2, number=1]
org notified sent chip(a30,orange,1,2).
org notification: Chip [id=null, agent=a30, time=2015-05-11 18:17:30.12, color=red, clock=2, number=1]
org notified sent chip(a30,red,1,2).
object notification: Chip [id=null, agent=a30, time=2015-05-11 18:17:30.117, color=orange, clock=2, number=1]
Event sent to object      a30 chip(a30, orange, 1, 2)
object notification: Chip [id=null, agent=a30, time=2015-05-11 18:17:30.12, color=red, clock=2, number=1]
Event sent to object      a30 chip(a30, red, 1, 2)
object notification: Chip [id=null, agent=a30, time=2015-05-11 18:17:30.125, color=purple, clock=2, number=3]
org notification: Chip [id=null, agent=a30, time=2015-05-11 18:17:30.125, color=purple, clock=2, number=3]
org notified sent chip(a30,purple,3,2).
Event sent to object      a30 chip(a30, purple, 3, 2)
org notification: Chip [id=null, agent=a30, time=2015-05-11 18:17:30.128, color=green, clock=2, number=2]
org notified sent chip(a30,green,2,2).
object notification: Chip [id=null, agent=a30, time=2015-05-11 18:17:30.128, color=green, clock=2, number=2]
Event sent to object      a30 chip(a30, green, 2, 2)
Event processed UpdateClock(1)
Event processed UpdateClock(2)
Event processed UpdateClock(1)
Event processed UpdatePosition(4, 4)
Event processed UpdateClock(1)
Event processed UpdateClock(2)
Event processed @ctenv(functionToList(chip(a30, orange, 1, 2)),LIST,0); if B(LIST=[actionresult([TYPE,ID])]) then if B(TYPE=proposal) then {ReceivedMessage(TYPE, ID, open); adopta(received(TYPE, ID, closed) : Infinite, priority 1)} else if B(LIST=[actionresult([TYPE,ID,RESPONSE])]) then if B(TYPE=response) then ReceivedMessage(RESPONSE, ID) else if B(LIST=[actionresult([TYPE])]) then ReceivedEvent(TYPE) else if B(LIST=[actionresult([TYPE,AGENT,ID,RESPONSE])]) then if B(TYPE=proposal) then ReceivedProposal(AGENT, ID, RESPONSE)
Event processed UpdatePosition(4, 4)
Event processed @ctenv(functionToList(chip(a40, orange, 2, 2)),LIST,0); if B(LIST=[actionresult([TYPE,ID])]) then if B(TYPE=proposal) then {ReceivedMessage(TYPE, ID, open); adopta(received(TYPE, ID, closed) : Infinite, priority 1)} else if B(LIST=[actionresult([TYPE,ID,RESPONSE])]) then if B(TYPE=response) then ReceivedMessage(RESPONSE, ID) else if B(LIST=[actionresult([TYPE])]) then ReceivedEvent(TYPE) else if B(LIST=[actionresult([TYPE,AGENT,ID,RESPONSE])]) then if B(TYPE=proposal) then ReceivedProposal(AGENT, ID, RESPONSE)
Event processed @ctenv(functionToList(chip(a30, red, 1, 2)),LIST,0); if B(LIST=[actionresult([TYPE,ID])]) then if B(TYPE=proposal) then {ReceivedMessage(TYPE, ID, open); adopta(received(TYPE, ID, closed) : Infinite, priority 1)} else if B(LIST=[actionresult([TYPE,ID,RESPONSE])]) then if B(TYPE=response) then ReceivedMessage(RESPONSE, ID) else if B(LIST=[actionresult([TYPE])]) then ReceivedEvent(TYPE) else if B(LIST=[actionresult([TYPE,AGENT,ID,RESPONSE])]) then if B(TYPE=proposal) then ReceivedProposal(AGENT, ID, RESPONSE)
Event processed @ctenv(functionToList(chip(a40, red, 3, 2)),LIST,0); if B(LIST=[actionresult([TYPE,ID])]) then if B(TYPE=proposal) then {ReceivedMessage(TYPE, ID, open); adopta(received(TYPE, ID, closed) : Infinite, priority 1)} else if B(LIST=[actionresult([TYPE,ID,RESPONSE])]) then if B(TYPE=response) then ReceivedMessage(RESPONSE, ID) else if B(LIST=[actionresult([TYPE])]) then ReceivedEvent(TYPE) else if B(LIST=[actionresult([TYPE,AGENT,ID,RESPONSE])]) then if B(TYPE=proposal) then ReceivedProposal(AGENT, ID, RESPONSE)
Event processed adoptObligation(surround(2, 2), 11, reduce(g, 500))
Event processed @ctenv(functionToList(chip(a30, purple, 3, 2)),LIST,0); if B(LIST=[actionresult([TYPE,ID])]) then if B(TYPE=proposal) then {ReceivedMessage(TYPE, ID, open); adopta(received(TYPE, ID, closed) : Infinite, priority 1)} else if B(LIST=[actionresult([TYPE,ID,RESPONSE])]) then if B(TYPE=response) then ReceivedMessage(RESPONSE, ID) else if B(LIST=[actionresult([TYPE])]) then ReceivedEvent(TYPE) else if B(LIST=[actionresult([TYPE,AGENT,ID,RESPONSE])]) then if B(TYPE=proposal) then ReceivedProposal(AGENT, ID, RESPONSE)
Event processed UpdateClock(2)
Event processed @ctenv(functionToList(chip(a30, green, 2, 2)),LIST,0); if B(LIST=[actionresult([TYPE,ID])]) then if B(TYPE=proposal) then {ReceivedMessage(TYPE, ID, open); adopta(received(TYPE, ID, closed) : Infinite, priority 1)} else if B(LIST=[actionresult([TYPE,ID,RESPONSE])]) then if B(TYPE=response) then ReceivedMessage(RESPONSE, ID) else if B(LIST=[actionresult([TYPE])]) then ReceivedEvent(TYPE) else if B(LIST=[actionresult([TYPE,AGENT,ID,RESPONSE])]) then if B(TYPE=proposal) then ReceivedProposal(AGENT, ID, RESPONSE)
Event processed UpdatePosition(0, 0)
Event processed @ctenv(functionToList(chip(a40, purple, 3, 2)),LIST,0); if B(LIST=[actionresult([TYPE,ID])]) then if B(TYPE=proposal) then {ReceivedMessage(TYPE, ID, open); adopta(received(TYPE, ID, closed) : Infinite, priority 1)} else if B(LIST=[actionresult([TYPE,ID,RESPONSE])]) then if B(TYPE=response) then ReceivedMessage(RESPONSE, ID) else if B(LIST=[actionresult([TYPE])]) then ReceivedEvent(TYPE) else if B(LIST=[actionresult([TYPE,AGENT,ID,RESPONSE])]) then if B(TYPE=proposal) then ReceivedProposal(AGENT, ID, RESPONSE)
Event processed @ctenv(functionToList(chip(a10, orange, 3, 2)),LIST,0); if B(LIST=[actionresult([TYPE,ID])]) then if B(TYPE=proposal) then {ReceivedMessage(TYPE, ID, open); adopta(received(TYPE, ID, closed) : Infinite, priority 1)} else if B(LIST=[actionresult([TYPE,ID,RESPONSE])]) then if B(TYPE=response) then ReceivedMessage(RESPONSE, ID) else if B(LIST=[actionresult([TYPE])]) then ReceivedEvent(TYPE) else if B(LIST=[actionresult([TYPE,AGENT,ID,RESPONSE])]) then if B(TYPE=proposal) then ReceivedProposal(AGENT, ID, RESPONSE)
Event processed @ctenv(functionToList(chip(a40, green, 2, 2)),LIST,0); if B(LIST=[actionresult([TYPE,ID])]) then if B(TYPE=proposal) then {ReceivedMessage(TYPE, ID, open); adopta(received(TYPE, ID, closed) : Infinite, priority 1)} else if B(LIST=[actionresult([TYPE,ID,RESPONSE])]) then if B(TYPE=response) then ReceivedMessage(RESPONSE, ID) else if B(LIST=[actionresult([TYPE])]) then ReceivedEvent(TYPE) else if B(LIST=[actionresult([TYPE,AGENT,ID,RESPONSE])]) then if B(TYPE=proposal) then ReceivedProposal(AGENT, ID, RESPONSE)
Event processed @ctenv(functionToList(chip(a10, red, 3, 2)),LIST,0); if B(LIST=[actionresult([TYPE,ID])]) then if B(TYPE=proposal) then {ReceivedMessage(TYPE, ID, open); adopta(received(TYPE, ID, closed) : Infinite, priority 1)} else if B(LIST=[actionresult([TYPE,ID,RESPONSE])]) then if B(TYPE=response) then ReceivedMessage(RESPONSE, ID) else if B(LIST=[actionresult([TYPE])]) then ReceivedEvent(TYPE) else if B(LIST=[actionresult([TYPE,AGENT,ID,RESPONSE])]) then if B(TYPE=proposal) then ReceivedProposal(AGENT, ID, RESPONSE)
Event processed @ctenv(functionToList(chip(a10, purple, 3, 2)),LIST,0); if B(LIST=[actionresult([TYPE,ID])]) then if B(TYPE=proposal) then {ReceivedMessage(TYPE, ID, open); adopta(received(TYPE, ID, closed) : Infinite, priority 1)} else if B(LIST=[actionresult([TYPE,ID,RESPONSE])]) then if B(TYPE=response) then ReceivedMessage(RESPONSE, ID) else if B(LIST=[actionresult([TYPE])]) then ReceivedEvent(TYPE) else if B(LIST=[actionresult([TYPE,AGENT,ID,RESPONSE])]) then if B(TYPE=proposal) then ReceivedProposal(AGENT, ID, RESPONSE)
Event processed @ctenv(functionToList(chip(a10, green, 3, 2)),LIST,0); if B(LIST=[actionresult([TYPE,ID])]) then if B(TYPE=proposal) then {ReceivedMessage(TYPE, ID, open); adopta(received(TYPE, ID, closed) : Infinite, priority 1)} else if B(LIST=[actionresult([TYPE,ID,RESPONSE])]) then if B(TYPE=response) then ReceivedMessage(RESPONSE, ID) else if B(LIST=[actionresult([TYPE])]) then ReceivedEvent(TYPE) else if B(LIST=[actionresult([TYPE,AGENT,ID,RESPONSE])]) then if B(TYPE=proposal) then ReceivedProposal(AGENT, ID, RESPONSE)
[CTAH] Array of Terms: [Lapapl.data.Term;@2ff1bf46
[CTAH] The created APLList : [a40,orange,2,2]
[CTAH] Array of Terms: [Lapapl.data.Term;@2844a541
[CTAH] The created APLList : [a40,red,3,2]
[CTAH] Array of Terms: [Lapapl.data.Term;@611c048e
[CTAH] The created APLList : [a40,purple,3,2]
[CTAH] Array of Terms: [Lapapl.data.Term;@6eb1a0f9
[CTAH] The created APLList : [a40,green,2,2]
[CTAH] Array of Terms: [Lapapl.data.Term;@15a08be5
[CTAH] The created APLList : [a10,orange,3,2]
[CTAH] Array of Terms: [Lapapl.data.Term;@5f40727a
[CTAH] The created APLList : [a10,red,3,2]
[CTAH] Array of Terms: [Lapapl.data.Term;@67ba0609
[CTAH] The created APLList : [a10,purple,3,2]
[CTAH] Array of Terms: [Lapapl.data.Term;@678c862e
[CTAH] The created APLList : [a10,green,3,2]
[CTAH] Array of Terms: [Lapapl.data.Term;@58663731
[CTAH] The created APLList : [a30,orange,1,2]
[CTAH] Array of Terms: [Lapapl.data.Term;@328c3770
[CTAH] The created APLList : [a30,red,1,2]
[CTAH] Array of Terms: [Lapapl.data.Term;@555bf03d
[CTAH] The created APLList : [a30,purple,3,2]
[CTAH] Array of Terms: [Lapapl.data.Term;@6f96093
[CTAH] The created APLList : [a30,green,2,2]
agent writes: SetGoal [id=null, agent=a10, cell=Cell [x=2, y=1], goal=Cell [x=2, y=2], clock=2, time=2015-05-11 18:17:33.932]
org notification: SetGoal [id=null, agent=a10, cell=Cell [x=2, y=1], goal=Cell [x=2, y=2], clock=2, time=2015-05-11 18:17:33.932]
org notified sent setGoal(a10,2,1,2,2,2).
Organization notifies object (write): Obligation [subject=a10, obligation=[at(2, 1, a10)], sanction=[reduce(a10, 500)], deadline=8, time=2015-05-11 18:17:33.943, clock=2]
object notification: Obligation [subject=a10, obligation=[at(2, 1, a10)], sanction=[reduce(a10, 500)], deadline=8, time=2015-05-11 18:17:33.943, clock=2]
Event sent to object      a10 obligation([at(2, 1, a10)], 8, [reduce(a10, 500)])
Event processed adoptObligation(at(2, 1, a10), 8, reduce(a10, 500))
agent writes: SetGoal [id=null, agent=a20, cell=Cell [x=1, y=2], goal=Cell [x=2, y=2], clock=2, time=2015-05-11 18:17:34.067]
org notification: SetGoal [id=null, agent=a20, cell=Cell [x=1, y=2], goal=Cell [x=2, y=2], clock=2, time=2015-05-11 18:17:34.067]
org notified sent setGoal(a20,1,2,2,2,2).
Organization notifies object (write): Obligation [subject=a20, obligation=[at(1, 2, a20)], sanction=[reduce(a20, 500)], deadline=8, time=2015-05-11 18:17:34.072, clock=2]
agent writes: SetGoal [id=null, agent=a30, cell=Cell [x=3, y=2], goal=Cell [x=2, y=2], clock=2, time=2015-05-11 18:17:34.215]
org notification: SetGoal [id=null, agent=a30, cell=Cell [x=3, y=2], goal=Cell [x=2, y=2], clock=2, time=2015-05-11 18:17:34.215]
org notified sent setGoal(a30,3,2,2,2,2).
Organization notifies object (write): Obligation [subject=a30, obligation=[at(3, 2, a30)], sanction=[reduce(a30, 500)], deadline=8, time=2015-05-11 18:17:34.219, clock=2]
object notification: Obligation [subject=a30, obligation=[at(3, 2, a30)], sanction=[reduce(a30, 500)], deadline=8, time=2015-05-11 18:17:34.219, clock=2]
Event sent to object      a30 obligation([at(3, 2, a30)], 8, [reduce(a30, 500)])
Event processed adoptObligation(at(3, 2, a30), 8, reduce(a30, 500))
agent writes: SetGoal [id=null, agent=a40, cell=Cell [x=2, y=3], goal=Cell [x=2, y=2], clock=2, time=2015-05-11 18:17:34.422]
org notification: SetGoal [id=null, agent=a40, cell=Cell [x=2, y=3], goal=Cell [x=2, y=2], clock=2, time=2015-05-11 18:17:34.422]
org notified sent setGoal(a40,2,3,2,2,2).
Organization notifies object (write): Obligation [subject=a40, obligation=[at(2, 3, a40)], sanction=[reduce(a40, 500)], deadline=8, time=2015-05-11 18:17:34.426, clock=2]
object notification: Obligation [subject=a40, obligation=[at(2, 3, a40)], sanction=[reduce(a40, 500)], deadline=8, time=2015-05-11 18:17:34.426, clock=2]
Event sent to object      a40 obligation([at(2, 3, a40)], 8, [reduce(a40, 500)])
Event processed adoptObligation(at(2, 3, a40), 8, reduce(a40, 500))
agent writes: Color [id=null, color=green, agent=a10, type=yes, time=2015-05-11 18:17:34.664, clock=2]
org notification: Color [id=null, color=green, agent=a10, type=yes, time=2015-05-11 18:17:34.664, clock=2]
org notified sent color(a10,green,yes,2).
Organization notifies object (write): Obligation [subject=a10, obligation=[at(4, 4, a10)], sanction=[reduce(a10, 50)], deadline=4, time=2015-05-11 18:17:34.677, clock=2]
object notification: Obligation [subject=a10, obligation=[at(4, 4, a10)], sanction=[reduce(a10, 50)], deadline=4, time=2015-05-11 18:17:34.677, clock=2]
Event sent to object      a10 obligation([at(4, 4, a10)], 4, [reduce(a10, 50)])
Event processed adoptObligation(at(4, 4, a10), 4, reduce(a10, 50))
agent writes: Color [id=null, color=green, agent=a20, type=yes, time=2015-05-11 18:17:34.945, clock=2]
org notification: Color [id=null, color=green, agent=a20, type=yes, time=2015-05-11 18:17:34.945, clock=2]
org notified sent color(a20,green,yes,2).
Organization notifies object (write): Obligation [subject=a20, obligation=[at(4, 4, a20)], sanction=[reduce(a20, 50)], deadline=4, time=2015-05-11 18:17:34.954, clock=2]
agent writes: Color [id=null, color=green, agent=a30, type=yes, time=2015-05-11 18:17:35.181, clock=2]
org notification: Color [id=null, color=green, agent=a30, type=yes, time=2015-05-11 18:17:35.181, clock=2]
org notified sent color(a30,green,yes,2).
Organization notifies object (write): Obligation [subject=a30, obligation=[at(4, 4, a30)], sanction=[reduce(a30, 50)], deadline=4, time=2015-05-11 18:17:35.185, clock=2]
object notification: Obligation [subject=a30, obligation=[at(4, 4, a30)], sanction=[reduce(a30, 50)], deadline=4, time=2015-05-11 18:17:35.185, clock=2]
Event sent to object      a30 obligation([at(4, 4, a30)], 4, [reduce(a30, 50)])
Event processed adoptObligation(at(4, 4, a30), 4, reduce(a30, 50))
agent writes: Color [id=null, color=green, agent=a40, type=yes, time=2015-05-11 18:17:35.328, clock=2]
org notification: Color [id=null, color=green, agent=a40, type=yes, time=2015-05-11 18:17:35.328, clock=2]
org notified sent color(a40,green,yes,2).
Organization notifies object (write): Obligation [subject=a40, obligation=[at(4, 4, a40)], sanction=[reduce(a40, 50)], deadline=4, time=2015-05-11 18:17:35.332, clock=2]
object notification: Obligation [subject=a40, obligation=[at(4, 4, a40)], sanction=[reduce(a40, 50)], deadline=4, time=2015-05-11 18:17:35.332, clock=2]
Event sent to object      a40 obligation([at(4, 4, a40)], 4, [reduce(a40, 50)])
Event processed adoptObligation(at(4, 4, a40), 4, reduce(a40, 50))
agent writes: Color [id=null, color=green, agent=a10, type=no, time=2015-05-11 18:17:35.488, clock=2]
org notification: Color [id=null, color=green, agent=a10, type=no, time=2015-05-11 18:17:35.488, clock=2]
org notified sent color(a10,green,no,2).
Organization notifies object (write): Prohibition [subject=a10, prohibition=[at(4, 4, a10)], sanction=[reduce(a10, 50)], clock=2, time=2015-05-11 18:17:35.491]
object notification: Prohibition [subject=a10, prohibition=[at(4, 4, a10)], sanction=[reduce(a10, 50)], clock=2, time=2015-05-11 18:17:35.491]
Event sent to object      a10 prohibition([at(4, 4, a10)], [reduce(a10, 50)])
Event processed adoptProhibition(at(4, 4, a10), reduce(a10, 50))
agent writes: Color [id=null, color=green, agent=a20, type=no, time=2015-05-11 18:17:35.714, clock=2]
org notification: Color [id=null, color=green, agent=a20, type=no, time=2015-05-11 18:17:35.714, clock=2]
org notified sent color(a20,green,no,2).
Organization notifies object (write): Prohibition [subject=a20, prohibition=[at(4, 4, a20)], sanction=[reduce(a20, 50)], clock=2, time=2015-05-11 18:17:35.717]
agent writes: Color [id=null, color=green, agent=a30, type=no, time=2015-05-11 18:17:35.96, clock=2]
org notification: Color [id=null, color=green, agent=a30, type=no, time=2015-05-11 18:17:35.96, clock=2]
org notified sent color(a30,green,no,2).
Organization notifies object (write): Prohibition [subject=a30, prohibition=[at(4, 4, a30)], sanction=[reduce(a30, 50)], clock=2, time=2015-05-11 18:17:35.963]
Organization writes: Points [subject=a30, time=2015-05-11 18:17:35.968, clock=2, value=950, id=null]
object notification: Prohibition [subject=a30, prohibition=[at(4, 4, a30)], sanction=[reduce(a30, 50)], clock=2, time=2015-05-11 18:17:35.963]
Event sent to object      a30 prohibition([at(4, 4, a30)], [reduce(a30, 50)])
object notification: Points [subject=a30, time=2015-05-11 18:17:35.968, clock=2, value=950, id=null]
Event sent to object      a30 points(950)
Event processed adoptProhibition(at(4, 4, a30), reduce(a30, 50))
Event processed UpdatePoints(950)
agent writes: Color [id=null, color=green, agent=a40, type=no, time=2015-05-11 18:17:36.132, clock=2]
org notification: Color [id=null, color=green, agent=a40, type=no, time=2015-05-11 18:17:36.132, clock=2]
org notified sent color(a40,green,no,2).
Organization notifies object (write): Prohibition [subject=a40, prohibition=[at(4, 4, a40)], sanction=[reduce(a40, 50)], clock=2, time=2015-05-11 18:17:36.136]
object notification: Prohibition [subject=a40, prohibition=[at(4, 4, a40)], sanction=[reduce(a40, 50)], clock=2, time=2015-05-11 18:17:36.136]
Event sent to object      a40 prohibition([at(4, 4, a40)], [reduce(a40, 50)])
Event processed adoptProhibition(at(4, 4, a40), reduce(a40, 50))
object notification: Time [clock=3, time=2015-05-11 18:17:39.946]
Event sent to object      a30 clock(3)
object notification: Time [clock=3, time=2015-05-11 18:17:39.946]
Event sent to object      a10 clock(3)
org notification: Time [clock=3, time=2015-05-11 18:17:39.946]
org notified sent time(3).
object notification: Time [clock=3, time=2015-05-11 18:17:39.946]
Event sent to object      a40 clock(3)
Event processed UpdateClock(3)
Event processed UpdateClock(3)
Event processed UpdateClock(3)
object notification: Time [clock=4, time=2015-05-11 18:17:49.948]
object notification: Time [clock=4, time=2015-05-11 18:17:49.948]
Event sent to object      a30 clock(4)
Event sent to object      a10 clock(4)
object notification: Time [clock=4, time=2015-05-11 18:17:49.948]
Event sent to object      a40 clock(4)
org notification: Time [clock=4, time=2015-05-11 18:17:49.948]
org notified sent time(4).
Event processed UpdateClock(4)
Event processed UpdateClock(4)
Event processed UpdateClock(4)
object notification: Time [clock=5, time=2015-05-11 18:17:59.95]
Event sent to object      a30 clock(5)
object notification: Time [clock=5, time=2015-05-11 18:17:59.95]
Event sent to object      a10 clock(5)
org notification: Time [clock=5, time=2015-05-11 18:17:59.95]
org notified sent time(5).
object notification: Time [clock=5, time=2015-05-11 18:17:59.95]
Event sent to object      a40 clock(5)
Organization writes: Points [subject=a10, time=2015-05-11 18:17:59.96, clock=5, value=950, id=null]
Organization writes: Points [subject=a20, time=2015-05-11 18:17:59.962, clock=5, value=950, id=null]
Organization writes: Points [subject=a40, time=2015-05-11 18:17:59.964, clock=5, value=950, id=null]
object notification: Points [subject=a10, time=2015-05-11 18:17:59.96, clock=5, value=950, id=null]
Event sent to object      a10 points(950)
object notification: Points [subject=a40, time=2015-05-11 18:17:59.964, clock=5, value=950, id=null]
Event sent to object      a40 points(950)
Event processed UpdateClock(5)
Event processed UpdatePoints(950)
Event processed UpdateClock(5)
Event processed UpdateClock(5)
Event processed UpdatePoints(950)
org notification: Time [clock=6, time=2015-05-11 18:18:09.952]
org notified sent time(6).
object notification: Time [clock=6, time=2015-05-11 18:18:09.952]
Event sent to object      a40 clock(6)
object notification: Time [clock=6, time=2015-05-11 18:18:09.952]
Event sent to object      a30 clock(6)
object notification: Time [clock=6, time=2015-05-11 18:18:09.952]
Event sent to object      a10 clock(6)
Event processed UpdateClock(6)
Event processed UpdateClock(6)
Event processed UpdateClock(6)
object notification: Time [clock=7, time=2015-05-11 18:18:19.955]
Event sent to object      a30 clock(7)
org notification: Time [clock=7, time=2015-05-11 18:18:19.955]
org notified sent time(7).
object notification: Time [clock=7, time=2015-05-11 18:18:19.955]
Event sent to object      a40 clock(7)
object notification: Time [clock=7, time=2015-05-11 18:18:19.955]
Event sent to object      a10 clock(7)
Event processed UpdateClock(7)
Event processed UpdateClock(7)
Event processed UpdateClock(7)
object notification: Time [clock=8, time=2015-05-11 18:18:29.958]
object notification: Time [clock=8, time=2015-05-11 18:18:29.958]
org notification: Time [clock=8, time=2015-05-11 18:18:29.958]
org notified sent time(8).
Event sent to object      a40 clock(8)
Event sent to object      a10 clock(8)
object notification: Time [clock=8, time=2015-05-11 18:18:29.958]
Event sent to object      a30 clock(8)
Event processed UpdateClock(8)
Event processed UpdateClock(8)
Event processed UpdateClock(8)
object notification: Time [clock=9, time=2015-05-11 18:18:39.96]
Event sent to object      a10 clock(9)
object notification: Time [clock=9, time=2015-05-11 18:18:39.96]
org notification: Time [clock=9, time=2015-05-11 18:18:39.96]
object notification: Time [clock=9, time=2015-05-11 18:18:39.96]
Event sent to object      a30 clock(9)
Event sent to object      a40 clock(9)
org notified sent time(9).
Event processed UpdateClock(9)
Event processed UpdateClock(9)
Event processed UpdateClock(9)
object notification: Time [clock=10, time=2015-05-11 18:18:49.963]
object notification: Time [clock=10, time=2015-05-11 18:18:49.963]
object notification: Time [clock=10, time=2015-05-11 18:18:49.963]
org notification: Time [clock=10, time=2015-05-11 18:18:49.963]
Event sent to object      a40 clock(10)
Event sent to object      a10 clock(10)
org notified sent time(10).
Event sent to object      a30 clock(10)
Event processed UpdateClock(10)
Event processed UpdateClock(10)
Event processed UpdateClock(10)
object notification: Time [clock=11, time=2015-05-11 18:18:59.965]
org notification: Time [clock=11, time=2015-05-11 18:18:59.965]
org notified sent time(11).
object notification: Time [clock=11, time=2015-05-11 18:18:59.965]
Event sent to object      a40 clock(11)
object notification: Time [clock=11, time=2015-05-11 18:18:59.965]
Event sent to object      a10 clock(11)
Event sent to object      a30 clock(11)
Event processed UpdateClock(11)
Event processed UpdateClock(11)
Event processed UpdateClock(11)
object notification: Time [clock=12, time=2015-05-11 18:19:09.967]
org notification: Time [clock=12, time=2015-05-11 18:19:09.967]
object notification: Time [clock=12, time=2015-05-11 18:19:09.967]
Event sent to object      a30 clock(12)
object notification: Time [clock=12, time=2015-05-11 18:19:09.967]
Event sent to object      a40 clock(12)
org notified sent time(12).
Event sent to object      a10 clock(12)
Organization writes: Points [subject=a10, time=2015-05-11 18:19:09.992, clock=12, value=875, id=null]
Organization writes: Points [subject=a20, time=2015-05-11 18:19:09.994, clock=12, value=875, id=null]
object notification: Points [subject=a10, time=2015-05-11 18:19:09.992, clock=12, value=875, id=null]
Event sent to object      a10 points(875)
Organization writes: Points [subject=a30, time=2015-05-11 18:19:09.996, clock=12, value=875, id=null]
Organization writes: Points [subject=a40, time=2015-05-11 18:19:09.998, clock=12, value=875, id=null]
object notification: Points [subject=a30, time=2015-05-11 18:19:09.996, clock=12, value=875, id=null]
Event sent to object      a30 points(875)
object notification: Points [subject=a40, time=2015-05-11 18:19:09.998, clock=12, value=875, id=null]
Event sent to object      a40 points(875)
Event processed UpdateClock(12)
Event processed UpdatePoints(875)
Event processed UpdateClock(12)
Event processed UpdatePoints(875)
Event processed UpdateClock(12)
Event processed UpdatePoints(875)
object notification: Time [clock=13, time=2015-05-11 18:19:19.97]
object notification: Time [clock=13, time=2015-05-11 18:19:19.97]
Event sent to object      a30 clock(13)
org notification: Time [clock=13, time=2015-05-11 18:19:19.97]
Event sent to object      a10 clock(13)
object notification: Time [clock=13, time=2015-05-11 18:19:19.97]
org notified sent time(13).
Event sent to object      a40 clock(13)
Event processed UpdateClock(13)
Event processed UpdateClock(13)
Event processed UpdateClock(13)
object notification: Time [clock=14, time=2015-05-11 18:19:29.973]
org notification: Time [clock=14, time=2015-05-11 18:19:29.973]
org notified sent time(14).
object notification: Time [clock=14, time=2015-05-11 18:19:29.973]
Event sent to object      a40 clock(14)
object notification: Time [clock=14, time=2015-05-11 18:19:29.973]
Event sent to object      a10 clock(14)
Event sent to object      a30 clock(14)
Event processed UpdateClock(14)
Event processed UpdateClock(14)
Event processed UpdateClock(14)
object notification: Time [clock=15, time=2015-05-11 18:19:39.976]
object notification: Time [clock=15, time=2015-05-11 18:19:39.976]
object notification: Time [clock=15, time=2015-05-11 18:19:39.976]
Event sent to object      a40 clock(15)
Event sent to object      a30 clock(15)
org notification: Time [clock=15, time=2015-05-11 18:19:39.976]
Event sent to object      a10 clock(15)
org notified sent time(15).
Event processed UpdateClock(15)
Event processed UpdateClock(15)
Event processed UpdateClock(15)
object notification: Time [clock=16, time=2015-05-11 18:19:49.978]
object notification: Time [clock=16, time=2015-05-11 18:19:49.978]
Event sent to object      a30 clock(16)
Event sent to object      a40 clock(16)
object notification: Time [clock=16, time=2015-05-11 18:19:49.978]
Event sent to object      a10 clock(16)
org notification: Time [clock=16, time=2015-05-11 18:19:49.978]
org notified sent time(16).
Event processed UpdateClock(16)
Event processed UpdateClock(16)
Event processed UpdateClock(16)
object notification: Time [clock=17, time=2015-05-11 18:19:59.98]
object notification: Time [clock=17, time=2015-05-11 18:19:59.98]
Event sent to object      a30 clock(17)
Event sent to object      a10 clock(17)
org notification: Time [clock=17, time=2015-05-11 18:19:59.98]
object notification: Time [clock=17, time=2015-05-11 18:19:59.98]
org notified sent time(17).
Event sent to object      a40 clock(17)
Event processed UpdateClock(17)
Event processed UpdateClock(17)
Event processed UpdateClock(17)
object notification: Time [clock=18, time=2015-05-11 18:20:09.983]
object notification: Time [clock=18, time=2015-05-11 18:20:09.983]
org notification: Time [clock=18, time=2015-05-11 18:20:09.983]
org notified sent time(18).
Event sent to object      a30 clock(18)
object notification: Time [clock=18, time=2015-05-11 18:20:09.983]
Event sent to object      a40 clock(18)
Event sent to object      a10 clock(18)
Event processed UpdateClock(18)
Event processed UpdateClock(18)
Event processed UpdateClock(18)
object notification: Time [clock=19, time=2015-05-11 18:20:19.993]
org notification: Time [clock=19, time=2015-05-11 18:20:19.993]
org notified sent time(19).
Event sent to object      a30 clock(19)
object notification: Time [clock=19, time=2015-05-11 18:20:19.993]
Event sent to object      a40 clock(19)
object notification: Time [clock=19, time=2015-05-11 18:20:19.993]
Event sent to object      a10 clock(19)
Event processed UpdateClock(19)
Event processed UpdateClock(19)
Event processed UpdateClock(19)
object notification: Time [clock=20, time=2015-05-11 18:20:29.995]
org notification: Time [clock=20, time=2015-05-11 18:20:29.995]
org notified sent time(20).
Event sent to object      a30 clock(20)
object notification: Time [clock=20, time=2015-05-11 18:20:29.995]
Event sent to object      a40 clock(20)
object notification: Time [clock=20, time=2015-05-11 18:20:29.995]
Event sent to object      a10 clock(20)
Event processed UpdateClock(20)
Event processed UpdateClock(20)
Event processed UpdateClock(20)
org notification: Time [clock=21, time=2015-05-11 18:20:39.998]
org notified sent time(21).
object notification: Time [clock=21, time=2015-05-11 18:20:39.998]
Event sent to object      a10 clock(21)
object notification: Time [clock=21, time=2015-05-11 18:20:39.998]
Event sent to object      a30 clock(21)
object notification: Time [clock=21, time=2015-05-11 18:20:39.998]
Event sent to object      a40 clock(21)
Event processed UpdateClock(21)
Event processed UpdateClock(21)
Event processed UpdateClock(21)
object notification: Time [clock=22, time=2015-05-11 18:20:50.0]
Event sent to object      a30 clock(22)
object notification: Time [clock=22, time=2015-05-11 18:20:50.0]
Event sent to object      a10 clock(22)
object notification: Time [clock=22, time=2015-05-11 18:20:50.0]
Event sent to object      a40 clock(22)
org notification: Time [clock=22, time=2015-05-11 18:20:50.0]
org notified sent time(22).
Event processed UpdateClock(22)
Event processed UpdateClock(22)
Event processed UpdateClock(22)
object notification: Time [clock=23, time=2015-05-11 18:21:00.004]
Event sent to object      a10 clock(23)
org notification: Time [clock=23, time=2015-05-11 18:21:00.004]
org notified sent time(23).
object notification: Time [clock=23, time=2015-05-11 18:21:00.004]
object notification: Time [clock=23, time=2015-05-11 18:21:00.004]
Event sent to object      a30 clock(23)
Event sent to object      a40 clock(23)
Event processed UpdateClock(23)
Event processed UpdateClock(23)
Event processed UpdateClock(23)
object notification: Time [clock=24, time=2015-05-11 18:21:10.006]
object notification: Time [clock=24, time=2015-05-11 18:21:10.006]
Event sent to object      a40 clock(24)
object notification: Time [clock=24, time=2015-05-11 18:21:10.006]
Event sent to object      a30 clock(24)
Event sent to object      a10 clock(24)
org notification: Time [clock=24, time=2015-05-11 18:21:10.006]
org notified sent time(24).
Event processed UpdateClock(24)
Event processed UpdateClock(24)
Event processed UpdateClock(24)
object notification: Time [clock=25, time=2015-05-11 18:21:20.014]
object notification: Time [clock=25, time=2015-05-11 18:21:20.014]
Event sent to object      a10 clock(25)
Event sent to object      a30 clock(25)
org notification: Time [clock=25, time=2015-05-11 18:21:20.014]
object notification: Time [clock=25, time=2015-05-11 18:21:20.014]
Event sent to object      a40 clock(25)
org notified sent time(25).
Event processed UpdateClock(25)
Event processed UpdateClock(25)
Event processed UpdateClock(25)
object notification: Time [clock=26, time=2015-05-11 18:21:30.016]
object notification: Time [clock=26, time=2015-05-11 18:21:30.016]
Event sent to object      a40 clock(26)
object notification: Time [clock=26, time=2015-05-11 18:21:30.016]
Event sent to object      a10 clock(26)
org notification: Time [clock=26, time=2015-05-11 18:21:30.016]
org notified sent time(26).
Event sent to object      a30 clock(26)
Event processed UpdateClock(26)
Event processed UpdateClock(26)
Event processed UpdateClock(26)
object notification: Time [clock=27, time=2015-05-11 18:21:40.018]
Event sent to object      a30 clock(27)
org notification: Time [clock=27, time=2015-05-11 18:21:40.018]
org notified sent time(27).
object notification: Time [clock=27, time=2015-05-11 18:21:40.018]
Event sent to object      a40 clock(27)
object notification: Time [clock=27, time=2015-05-11 18:21:40.018]
Event sent to object      a10 clock(27)
Event processed UpdateClock(27)
Event processed UpdateClock(27)
Event processed UpdateClock(27)
object notification: Time [clock=28, time=2015-05-11 18:21:50.026]
Event sent to object      a30 clock(28)
object notification: Time [clock=28, time=2015-05-11 18:21:50.026]
Event sent to object      a10 clock(28)
org notification: Time [clock=28, time=2015-05-11 18:21:50.026]
org notified sent time(28).
object notification: Time [clock=28, time=2015-05-11 18:21:50.026]
Event sent to object      a40 clock(28)
Event processed UpdateClock(28)
Event processed UpdateClock(28)
Event processed UpdateClock(28)
object notification: Time [clock=29, time=2015-05-11 18:22:00.029]
Event sent to object      a10 clock(29)
object notification: Time [clock=29, time=2015-05-11 18:22:00.029]
Event sent to object      a30 clock(29)
object notification: Time [clock=29, time=2015-05-11 18:22:00.029]
org notification: Time [clock=29, time=2015-05-11 18:22:00.029]
Event sent to object      a40 clock(29)
org notified sent time(29).
Event processed UpdateClock(29)
Event processed UpdateClock(29)
Event processed UpdateClock(29)
object notification: Time [clock=30, time=2015-05-11 18:22:10.032]
Event sent to object      a10 clock(30)
org notification: Time [clock=30, time=2015-05-11 18:22:10.032]
org notified sent time(30).
object notification: Time [clock=30, time=2015-05-11 18:22:10.032]
object notification: Time [clock=30, time=2015-05-11 18:22:10.032]
Event sent to object      a30 clock(30)
Event sent to object      a40 clock(30)
Event processed UpdateClock(30)
Event processed UpdateClock(30)
Event processed UpdateClock(30)
object notification: Time [clock=31, time=2015-05-11 18:22:20.035]
Event sent to object      a30 clock(31)
object notification: Time [clock=31, time=2015-05-11 18:22:20.035]
Event sent to object      a10 clock(31)
org notification: Time [clock=31, time=2015-05-11 18:22:20.035]
org notified sent time(31).
object notification: Time [clock=31, time=2015-05-11 18:22:20.035]
Event sent to object      a40 clock(31)
Event processed UpdateClock(31)
Event processed UpdateClock(31)
Event processed UpdateClock(31)
object notification: Time [clock=32, time=2015-05-11 18:22:30.038]
object notification: Time [clock=32, time=2015-05-11 18:22:30.038]
object notification: Time [clock=32, time=2015-05-11 18:22:30.038]
Event sent to object      a30 clock(32)
org notification: Time [clock=32, time=2015-05-11 18:22:30.038]
org notified sent time(32).
Event sent to object      a10 clock(32)
Event sent to object      a40 clock(32)
Event processed UpdateClock(32)
Event processed UpdateClock(32)
Event processed UpdateClock(32)
object notification: Time [clock=33, time=2015-05-11 18:22:40.039]
Event sent to object      a10 clock(33)
org notification: Time [clock=33, time=2015-05-11 18:22:40.039]
org notified sent time(33).
object notification: Time [clock=33, time=2015-05-11 18:22:40.039]
Event sent to object      a40 clock(33)
object notification: Time [clock=33, time=2015-05-11 18:22:40.039]
Event sent to object      a30 clock(33)
Event processed UpdateClock(33)
Event processed UpdateClock(33)
Event processed UpdateClock(33)
object notification: Time [clock=34, time=2015-05-11 18:22:50.042]
Event sent to object      a40 clock(34)
org notification: Time [clock=34, time=2015-05-11 18:22:50.042]
org notified sent time(34).
object notification: Time [clock=34, time=2015-05-11 18:22:50.042]
object notification: Time [clock=34, time=2015-05-11 18:22:50.042]
Event sent to object      a30 clock(34)
Event sent to object      a10 clock(34)
Event processed UpdateClock(34)
Event processed UpdateClock(34)
Event processed UpdateClock(34)
object notification: Time [clock=35, time=2015-05-11 18:23:00.044]
Event sent to object      a40 clock(35)
object notification: Time [clock=35, time=2015-05-11 18:23:00.044]
org notification: Time [clock=35, time=2015-05-11 18:23:00.044]
org notified sent time(35).
object notification: Time [clock=35, time=2015-05-11 18:23:00.044]
Event sent to object      a10 clock(35)
Event sent to object      a30 clock(35)
Event processed UpdateClock(35)
Event processed UpdateClock(35)
Event processed UpdateClock(35)
object notification: Time [clock=36, time=2015-05-11 18:23:10.047]
Event sent to object      a30 clock(36)
org notification: Time [clock=36, time=2015-05-11 18:23:10.047]
org notified sent time(36).
object notification: Time [clock=36, time=2015-05-11 18:23:10.047]
Event sent to object      a40 clock(36)
object notification: Time [clock=36, time=2015-05-11 18:23:10.047]
Event sent to object      a10 clock(36)
Event processed UpdateClock(36)
Event processed UpdateClock(36)
Event processed UpdateClock(36)
object notification: Time [clock=37, time=2015-05-11 18:23:20.049]
Event sent to object      a30 clock(37)
object notification: Time [clock=37, time=2015-05-11 18:23:20.049]
Event sent to object      a10 clock(37)
object notification: Time [clock=37, time=2015-05-11 18:23:20.049]
Event sent to object      a40 clock(37)
org notification: Time [clock=37, time=2015-05-11 18:23:20.049]
org notified sent time(37).
Event processed UpdateClock(37)
Event processed UpdateClock(37)
Event processed UpdateClock(37)
object notification: Time [clock=38, time=2015-05-11 18:23:30.163]
Event sent to object      a10 clock(38)
org notification: Time [clock=38, time=2015-05-11 18:23:30.163]
org notified sent time(38).
object notification: Time [clock=38, time=2015-05-11 18:23:30.163]
object notification: Time [clock=38, time=2015-05-11 18:23:30.163]
Event sent to object      a40 clock(38)
Event sent to object      a30 clock(38)
Event processed UpdateClock(38)
Event processed UpdateClock(38)
Event processed UpdateClock(38)
object notification: Time [clock=39, time=2015-05-11 18:23:40.166]
org notification: Time [clock=39, time=2015-05-11 18:23:40.166]
org notified sent time(39).
Event sent to object      a30 clock(39)
object notification: Time [clock=39, time=2015-05-11 18:23:40.166]
Event sent to object      a10 clock(39)
object notification: Time [clock=39, time=2015-05-11 18:23:40.166]
Event sent to object      a40 clock(39)
Event processed UpdateClock(39)
Event processed UpdateClock(39)
Event processed UpdateClock(39)
org notification: Time [clock=40, time=2015-05-11 18:23:50.169]
org notified sent time(40).
object notification: Time [clock=40, time=2015-05-11 18:23:50.169]
Event sent to object      a10 clock(40)
object notification: Time [clock=40, time=2015-05-11 18:23:50.169]
Event sent to object      a40 clock(40)
object notification: Time [clock=40, time=2015-05-11 18:23:50.169]
Event sent to object      a30 clock(40)
Event processed UpdateClock(40)
Event processed UpdateClock(40)
Event processed UpdateClock(40)
object notification: Time [clock=41, time=2015-05-11 18:24:00.173]
object notification: Time [clock=41, time=2015-05-11 18:24:00.173]
Event sent to object      a30 clock(41)
object notification: Time [clock=41, time=2015-05-11 18:24:00.173]
org notification: Time [clock=41, time=2015-05-11 18:24:00.173]
Event sent to object      a40 clock(41)
Event sent to object      a10 clock(41)
org notified sent time(41).
Event processed UpdateClock(41)
Event processed UpdateClock(41)
Event processed UpdateClock(41)
object notification: Time [clock=42, time=2015-05-11 18:24:10.176]
Event sent to object      a10 clock(42)
org notification: Time [clock=42, time=2015-05-11 18:24:10.176]
org notified sent time(42).
object notification: Time [clock=42, time=2015-05-11 18:24:10.176]
Event sent to object      a30 clock(42)
object notification: Time [clock=42, time=2015-05-11 18:24:10.176]
Event sent to object      a40 clock(42)
Event processed UpdateClock(42)
Event processed UpdateClock(42)
Event processed UpdateClock(42)
object notification: Time [clock=43, time=2015-05-11 18:24:20.206]
object notification: Time [clock=43, time=2015-05-11 18:24:20.206]
Event sent to object      a30 clock(43)
Event sent to object      a10 clock(43)
object notification: Time [clock=43, time=2015-05-11 18:24:20.206]
Event sent to object      a40 clock(43)
org notification: Time [clock=43, time=2015-05-11 18:24:20.206]
org notified sent time(43).
Event processed UpdateClock(43)
Event processed UpdateClock(43)
Event processed UpdateClock(43)
object notification: Time [clock=44, time=2015-05-11 18:24:30.282]
Event sent to object      a10 clock(44)
org notification: Time [clock=44, time=2015-05-11 18:24:30.282]
org notified sent time(44).
object notification: Time [clock=44, time=2015-05-11 18:24:30.282]
Event sent to object      a40 clock(44)
object notification: Time [clock=44, time=2015-05-11 18:24:30.282]
Event sent to object      a30 clock(44)
Event processed UpdateClock(44)
Event processed UpdateClock(44)
Event processed UpdateClock(44)
object notification: Time [clock=45, time=2015-05-11 18:24:40.7]
object notification: Time [clock=45, time=2015-05-11 18:24:40.7]
Event sent to object      a30 clock(45)
object notification: Time [clock=45, time=2015-05-11 18:24:40.7]
org notification: Time [clock=45, time=2015-05-11 18:24:40.7]
Event sent to object      a40 clock(45)
Event sent to object      a10 clock(45)
org notified sent time(45).
Event processed UpdateClock(45)
Event processed UpdateClock(45)
Event processed UpdateClock(45)
object notification: Time [clock=46, time=2015-05-11 18:24:50.702]
Event sent to object      a40 clock(46)
object notification: Time [clock=46, time=2015-05-11 18:24:50.702]
Event sent to object      a10 clock(46)
object notification: Time [clock=46, time=2015-05-11 18:24:50.702]
Event sent to object      a30 clock(46)
org notification: Time [clock=46, time=2015-05-11 18:24:50.702]
org notified sent time(46).
Event processed UpdateClock(46)
Event processed UpdateClock(46)
Event processed UpdateClock(46)
object notification: Time [clock=47, time=2015-05-11 18:25:01.012]
Event sent to object      a30 clock(47)
org notification: Time [clock=47, time=2015-05-11 18:25:01.012]
org notified sent time(47).
object notification: Time [clock=47, time=2015-05-11 18:25:01.012]
Event sent to object      a40 clock(47)
object notification: Time [clock=47, time=2015-05-11 18:25:01.012]
Event sent to object      a10 clock(47)
Event processed UpdateClock(47)
Event processed UpdateClock(47)
Event processed UpdateClock(47)
object notification: Time [clock=48, time=2015-05-11 18:25:11.298]
org notification: Time [clock=48, time=2015-05-11 18:25:11.298]
org notified sent time(48).
object notification: Time [clock=48, time=2015-05-11 18:25:11.298]
Event sent to object      a10 clock(48)
object notification: Time [clock=48, time=2015-05-11 18:25:11.298]
Event sent to object      a40 clock(48)
Event sent to object      a30 clock(48)
Event processed UpdateClock(48)
Event processed UpdateClock(48)
Event processed UpdateClock(48)
org notification: Time [clock=49, time=2015-05-11 18:25:21.408]
org notified sent time(49).
object notification: Time [clock=49, time=2015-05-11 18:25:21.408]
Event sent to object      a10 clock(49)
object notification: Time [clock=49, time=2015-05-11 18:25:21.408]
Event sent to object      a40 clock(49)
object notification: Time [clock=49, time=2015-05-11 18:25:21.408]
Event sent to object      a30 clock(49)
Event processed UpdateClock(49)
Event processed UpdateClock(49)
Event processed UpdateClock(49)
org notification: Time [clock=50, time=2015-05-11 18:25:31.751]
org notified sent time(50).
object notification: Time [clock=50, time=2015-05-11 18:25:31.751]
Event sent to object      a30 clock(50)
object notification: Time [clock=50, time=2015-05-11 18:25:31.751]
Event sent to object      a40 clock(50)
object notification: Time [clock=50, time=2015-05-11 18:25:31.751]
Event sent to object      a10 clock(50)
Event processed UpdateClock(50)
Event processed UpdateClock(50)
Event processed UpdateClock(50)
object notification: Time [clock=51, time=2015-05-11 18:25:41.774]
Event sent to object      a30 clock(51)
object notification: Time [clock=51, time=2015-05-11 18:25:41.774]
Event sent to object      a10 clock(51)
org notification: Time [clock=51, time=2015-05-11 18:25:41.774]
org notified sent time(51).
object notification: Time [clock=51, time=2015-05-11 18:25:41.774]
Event sent to object      a40 clock(51)
Event processed UpdateClock(51)
Event processed UpdateClock(51)
Event processed UpdateClock(51)
object notification: Time [clock=52, time=2015-05-11 18:25:52.221]
object notification: Time [clock=52, time=2015-05-11 18:25:52.221]
Event sent to object      a10 clock(52)
Event sent to object      a30 clock(52)
object notification: Time [clock=52, time=2015-05-11 18:25:52.221]
Event sent to object      a40 clock(52)
org notification: Time [clock=52, time=2015-05-11 18:25:52.221]
org notified sent time(52).
Event processed UpdateClock(52)
Event processed UpdateClock(52)
Event processed UpdateClock(52)
object notification: Time [clock=53, time=2015-05-11 18:26:02.459]
Event sent to object      a10 clock(53)
object notification: Time [clock=53, time=2015-05-11 18:26:02.459]
Event sent to object      a40 clock(53)
object notification: Time [clock=53, time=2015-05-11 18:26:02.459]
org notification: Time [clock=53, time=2015-05-11 18:26:02.459]
org notified sent time(53).
Event sent to object      a30 clock(53)
Event processed UpdateClock(53)
Event processed UpdateClock(53)
Event processed UpdateClock(53)
object notification: Time [clock=54, time=2015-05-11 18:26:12.742]
Event sent to object      a30 clock(54)
org notification: Time [clock=54, time=2015-05-11 18:26:12.742]
org notified sent time(54).
object notification: Time [clock=54, time=2015-05-11 18:26:12.742]
Event sent to object      a40 clock(54)
object notification: Time [clock=54, time=2015-05-11 18:26:12.742]
Event sent to object      a10 clock(54)
Event processed UpdateClock(54)
Event processed UpdateClock(54)
Event processed UpdateClock(54)
object notification: Time [clock=55, time=2015-05-11 18:26:22.762]
Event sent to object      a30 clock(55)
org notification: Time [clock=55, time=2015-05-11 18:26:22.762]
org notified sent time(55).
object notification: Time [clock=55, time=2015-05-11 18:26:22.762]
Event sent to object      a10 clock(55)
object notification: Time [clock=55, time=2015-05-11 18:26:22.762]
Event sent to object      a40 clock(55)
Event processed UpdateClock(55)
Event processed UpdateClock(55)
Event processed UpdateClock(55)
object notification: Time [clock=56, time=2015-05-11 18:26:33.193]
Event sent to object      a10 clock(56)
object notification: Time [clock=56, time=2015-05-11 18:26:33.193]
Event sent to object      a40 clock(56)
object notification: Time [clock=56, time=2015-05-11 18:26:33.193]
org notification: Time [clock=56, time=2015-05-11 18:26:33.193]
org notified sent time(56).
Event sent to object      a30 clock(56)
Event processed UpdateClock(56)
Event processed UpdateClock(56)
Event processed UpdateClock(56)
object notification: Time [clock=57, time=2015-05-11 18:26:43.278]
Event sent to object      a30 clock(57)
object notification: Time [clock=57, time=2015-05-11 18:26:43.278]
Event sent to object      a10 clock(57)
object notification: Time [clock=57, time=2015-05-11 18:26:43.278]
Event sent to object      a40 clock(57)
org notification: Time [clock=57, time=2015-05-11 18:26:43.278]
org notified sent time(57).
Event processed UpdateClock(57)
Event processed UpdateClock(57)
Event processed UpdateClock(57)
object notification: Time [clock=58, time=2015-05-11 18:26:53.536]
Event sent to object      a30 clock(58)
object notification: Time [clock=58, time=2015-05-11 18:26:53.536]
Event sent to object      a40 clock(58)
object notification: Time [clock=58, time=2015-05-11 18:26:53.536]
Event sent to object      a10 clock(58)
org notification: Time [clock=58, time=2015-05-11 18:26:53.536]
org notified sent time(58).
Event processed UpdateClock(58)
Event processed UpdateClock(58)
Event processed UpdateClock(58)
object notification: Time [clock=59, time=2015-05-11 18:27:03.88]
Event sent to object      a10 clock(59)
object notification: Time [clock=59, time=2015-05-11 18:27:03.88]
org notification: Time [clock=59, time=2015-05-11 18:27:03.88]
object notification: Time [clock=59, time=2015-05-11 18:27:03.88]
Event sent to object      a40 clock(59)
Event sent to object      a30 clock(59)
org notified sent time(59).
Event processed UpdateClock(59)
Event processed UpdateClock(59)
Event processed UpdateClock(59)
object notification: Time [clock=60, time=2015-05-11 18:27:14.22]
object notification: Time [clock=60, time=2015-05-11 18:27:14.22]
Event sent to object      a30 clock(60)
org notification: Time [clock=60, time=2015-05-11 18:27:14.22]
org notified sent time(60).
object notification: Time [clock=60, time=2015-05-11 18:27:14.22]
Event sent to object      a40 clock(60)
Event sent to object      a10 clock(60)
Event processed UpdateClock(60)
Event processed UpdateClock(60)
Event processed UpdateClock(60)
object notification: Time [clock=61, time=2015-05-11 18:27:24.622]
object notification: Time [clock=61, time=2015-05-11 18:27:24.622]
Event sent to object      a30 clock(61)
Event sent to object      a10 clock(61)
org notification: Time [clock=61, time=2015-05-11 18:27:24.622]
org notified sent time(61).
object notification: Time [clock=61, time=2015-05-11 18:27:24.622]
Event sent to object      a40 clock(61)
Event processed UpdateClock(61)
Event processed UpdateClock(61)
Event processed UpdateClock(61)
object notification: Time [clock=62, time=2015-05-11 18:27:34.938]
object notification: Time [clock=62, time=2015-05-11 18:27:34.938]
Event sent to object      a40 clock(62)
org notification: Time [clock=62, time=2015-05-11 18:27:34.938]
org notified sent time(62).
object notification: Time [clock=62, time=2015-05-11 18:27:34.938]
Event sent to object      a30 clock(62)
Event sent to object      a10 clock(62)
Event processed UpdateClock(62)
Event processed UpdateClock(62)
Event processed UpdateClock(62)
object notification: Time [clock=63, time=2015-05-11 18:27:45.411]
org notification: Time [clock=63, time=2015-05-11 18:27:45.411]
org notified sent time(63).
object notification: Time [clock=63, time=2015-05-11 18:27:45.411]
Event sent to object      a10 clock(63)
Event sent to object      a30 clock(63)
object notification: Time [clock=63, time=2015-05-11 18:27:45.411]
Event sent to object      a40 clock(63)
Event processed UpdateClock(63)
Event processed UpdateClock(63)
Event processed UpdateClock(63)
object notification: Time [clock=64, time=2015-05-11 18:27:55.517]
Event sent to object      a30 clock(64)
object notification: Time [clock=64, time=2015-05-11 18:27:55.517]
object notification: Time [clock=64, time=2015-05-11 18:27:55.517]
Event sent to object      a10 clock(64)
Event sent to object      a40 clock(64)
org notification: Time [clock=64, time=2015-05-11 18:27:55.517]
org notified sent time(64).
Event processed UpdateClock(64)
Event processed UpdateClock(64)
Event processed UpdateClock(64)
object notification: Time [clock=65, time=2015-05-11 18:28:05.529]
object notification: Time [clock=65, time=2015-05-11 18:28:05.529]
object notification: Time [clock=65, time=2015-05-11 18:28:05.529]
Event sent to object      a10 clock(65)
org notification: Time [clock=65, time=2015-05-11 18:28:05.529]
Event sent to object      a40 clock(65)
org notified sent time(65).
Event sent to object      a30 clock(65)
Event processed UpdateClock(65)
Event processed UpdateClock(65)
Event processed UpdateClock(65)
object notification: Time [clock=66, time=2015-05-11 18:28:15.724]
org notification: Time [clock=66, time=2015-05-11 18:28:15.724]
org notified sent time(66).
Event sent to object      a30 clock(66)
object notification: Time [clock=66, time=2015-05-11 18:28:15.724]
Event sent to object      a10 clock(66)
object notification: Time [clock=66, time=2015-05-11 18:28:15.724]
Event sent to object      a40 clock(66)
Event processed UpdateClock(66)
Event processed UpdateClock(66)
Event processed UpdateClock(66)
object notification: Time [clock=67, time=2015-05-11 18:28:25.919]
Event sent to object      a30 clock(67)
org notification: Time [clock=67, time=2015-05-11 18:28:25.919]
org notified sent time(67).
object notification: Time [clock=67, time=2015-05-11 18:28:25.919]
Event sent to object      a40 clock(67)
object notification: Time [clock=67, time=2015-05-11 18:28:25.919]
Event sent to object      a10 clock(67)
Event processed UpdateClock(67)
Event processed UpdateClock(67)
Event processed UpdateClock(67)
object notification: Time [clock=68, time=2015-05-11 18:28:36.017]
object notification: Time [clock=68, time=2015-05-11 18:28:36.017]
Event sent to object      a10 clock(68)
object notification: Time [clock=68, time=2015-05-11 18:28:36.017]
org notification: Time [clock=68, time=2015-05-11 18:28:36.017]
org notified sent time(68).
Event sent to object      a40 clock(68)
Event sent to object      a30 clock(68)
Event processed UpdateClock(68)
Event processed UpdateClock(68)
Event processed UpdateClock(68)
object notification: Time [clock=69, time=2015-05-11 18:28:46.224]
Event sent to object      a30 clock(69)
org notification: Time [clock=69, time=2015-05-11 18:28:46.224]
org notified sent time(69).
object notification: Time [clock=69, time=2015-05-11 18:28:46.224]
Event sent to object      a10 clock(69)
object notification: Time [clock=69, time=2015-05-11 18:28:46.224]
Event sent to object      a40 clock(69)
Event processed UpdateClock(69)
Event processed UpdateClock(69)
Event processed UpdateClock(69)
object notification: Time [clock=70, time=2015-05-11 18:28:56.343]
org notification: Time [clock=70, time=2015-05-11 18:28:56.343]
org notified sent time(70).
object notification: Time [clock=70, time=2015-05-11 18:28:56.343]
object notification: Time [clock=70, time=2015-05-11 18:28:56.343]
Event sent to object      a10 clock(70)
Event sent to object      a40 clock(70)
Event sent to object      a30 clock(70)
Event processed UpdateClock(70)
Event processed UpdateClock(70)
Event processed UpdateClock(70)
object notification: Time [clock=71, time=2015-05-11 18:29:06.39]
Event sent to object      a10 clock(71)
object notification: Time [clock=71, time=2015-05-11 18:29:06.39]
org notification: Time [clock=71, time=2015-05-11 18:29:06.39]
object notification: Time [clock=71, time=2015-05-11 18:29:06.39]
Event sent to object      a40 clock(71)
Event sent to object      a30 clock(71)
org notified sent time(71).
Event processed UpdateClock(71)
Event processed UpdateClock(71)
Event processed UpdateClock(71)
object notification: Time [clock=72, time=2015-05-11 18:29:16.428]
Event sent to object      a10 clock(72)
object notification: Time [clock=72, time=2015-05-11 18:29:16.428]
Event sent to object      a40 clock(72)
object notification: Time [clock=72, time=2015-05-11 18:29:16.428]
Event sent to object      a30 clock(72)
org notification: Time [clock=72, time=2015-05-11 18:29:16.428]
org notified sent time(72).
Event processed UpdateClock(72)
Event processed UpdateClock(72)
Event processed UpdateClock(72)
object notification: Time [clock=73, time=2015-05-11 18:29:26.487]
org notification: Time [clock=73, time=2015-05-11 18:29:26.487]
org notified sent time(73).
object notification: Time [clock=73, time=2015-05-11 18:29:26.487]
object notification: Time [clock=73, time=2015-05-11 18:29:26.487]
Event sent to object      a10 clock(73)
Event sent to object      a40 clock(73)
Event sent to object      a30 clock(73)
Event processed UpdateClock(73)
Event processed UpdateClock(73)
Event processed UpdateClock(73)
object notification: Time [clock=74, time=2015-05-11 18:29:36.511]
Event sent to object      a30 clock(74)
object notification: Time [clock=74, time=2015-05-11 18:29:36.511]
Event sent to object      a10 clock(74)
org notification: Time [clock=74, time=2015-05-11 18:29:36.511]
org notified sent time(74).
object notification: Time [clock=74, time=2015-05-11 18:29:36.511]
Event sent to object      a40 clock(74)
Event processed UpdateClock(74)
Event processed UpdateClock(74)
Event processed UpdateClock(74)
object notification: Time [clock=75, time=2015-05-11 18:29:46.622]
object notification: Time [clock=75, time=2015-05-11 18:29:46.622]
Event sent to object      a40 clock(75)
org notification: Time [clock=75, time=2015-05-11 18:29:46.622]
org notified sent time(75).
Event sent to object      a10 clock(75)
object notification: Time [clock=75, time=2015-05-11 18:29:46.622]
Event sent to object      a30 clock(75)
Event processed UpdateClock(75)
Event processed UpdateClock(75)
Event processed UpdateClock(75)
object notification: Time [clock=76, time=2015-05-11 18:29:56.997]
Event sent to object      a30 clock(76)
object notification: Time [clock=76, time=2015-05-11 18:29:56.997]
org notification: Time [clock=76, time=2015-05-11 18:29:56.997]
org notified sent time(76).
object notification: Time [clock=76, time=2015-05-11 18:29:56.997]
Event sent to object      a40 clock(76)
Event sent to object      a10 clock(76)
Event processed UpdateClock(76)
Event processed UpdateClock(76)
Event processed UpdateClock(76)
org notification: Time [clock=77, time=2015-05-11 18:30:07.096]
org notified sent time(77).
object notification: Time [clock=77, time=2015-05-11 18:30:07.096]
object notification: Time [clock=77, time=2015-05-11 18:30:07.096]
Event sent to object      a30 clock(77)
Event sent to object      a10 clock(77)
object notification: Time [clock=77, time=2015-05-11 18:30:07.096]
Event sent to object      a40 clock(77)
Event processed UpdateClock(77)
Event processed UpdateClock(77)
Event processed UpdateClock(77)
object notification: Time [clock=78, time=2015-05-11 18:30:17.22]
Event sent to object      a30 clock(78)
object notification: Time [clock=78, time=2015-05-11 18:30:17.22]
Event sent to object      a10 clock(78)
org notification: Time [clock=78, time=2015-05-11 18:30:17.22]
org notified sent time(78).
object notification: Time [clock=78, time=2015-05-11 18:30:17.22]
Event sent to object      a40 clock(78)
Event processed UpdateClock(78)
Event processed UpdateClock(78)
Event processed UpdateClock(78)
object notification: Time [clock=79, time=2015-05-11 18:30:27.546]
object notification: Time [clock=79, time=2015-05-11 18:30:27.546]
Event sent to object      a30 clock(79)
Event sent to object      a10 clock(79)
org notification: Time [clock=79, time=2015-05-11 18:30:27.546]
org notified sent time(79).
object notification: Time [clock=79, time=2015-05-11 18:30:27.546]
Event sent to object      a40 clock(79)
Event processed UpdateClock(79)
Event processed UpdateClock(79)
Event processed UpdateClock(79)
object notification: Time [clock=80, time=2015-05-11 18:30:37.574]
Event sent to object      a30 clock(80)
object notification: Time [clock=80, time=2015-05-11 18:30:37.574]
org notification: Time [clock=80, time=2015-05-11 18:30:37.574]
org notified sent time(80).
object notification: Time [clock=80, time=2015-05-11 18:30:37.574]
Event sent to object      a40 clock(80)
Event sent to object      a10 clock(80)
Event processed UpdateClock(80)
Event processed UpdateClock(80)
Event processed UpdateClock(80)
object notification: Time [clock=81, time=2015-05-11 18:30:47.687]
Event sent to object      a10 clock(81)
object notification: Time [clock=81, time=2015-05-11 18:30:47.687]
Event sent to object      a30 clock(81)
org notification: Time [clock=81, time=2015-05-11 18:30:47.687]
org notified sent time(81).
object notification: Time [clock=81, time=2015-05-11 18:30:47.687]
Event sent to object      a40 clock(81)
Event processed UpdateClock(81)
Event processed UpdateClock(81)
Event processed UpdateClock(81)
org notification: Time [clock=82, time=2015-05-11 18:30:58.076]
org notified sent time(82).
object notification: Time [clock=82, time=2015-05-11 18:30:58.076]
object notification: Time [clock=82, time=2015-05-11 18:30:58.076]
Event sent to object      a10 clock(82)
object notification: Time [clock=82, time=2015-05-11 18:30:58.076]
Event sent to object      a40 clock(82)
Event sent to object      a30 clock(82)
Event processed UpdateClock(82)
Event processed UpdateClock(82)
Event processed UpdateClock(82)
object notification: Time [clock=83, time=2015-05-11 18:31:08.191]
object notification: Time [clock=83, time=2015-05-11 18:31:08.191]
Event sent to object      a30 clock(83)
org notification: Time [clock=83, time=2015-05-11 18:31:08.191]
org notified sent time(83).
Event sent to object      a10 clock(83)
object notification: Time [clock=83, time=2015-05-11 18:31:08.191]
Event sent to object      a40 clock(83)
Event processed UpdateClock(83)
Event processed UpdateClock(83)
Event processed UpdateClock(83)
object notification: Time [clock=84, time=2015-05-11 18:31:18.193]
org notification: Time [clock=84, time=2015-05-11 18:31:18.193]
org notified sent time(84).
Event sent to object      a30 clock(84)
object notification: Time [clock=84, time=2015-05-11 18:31:18.193]
Event sent to object      a40 clock(84)
object notification: Time [clock=84, time=2015-05-11 18:31:18.193]
Event sent to object      a10 clock(84)
Event processed UpdateClock(84)
Event processed UpdateClock(84)
Event processed UpdateClock(84)
object notification: Time [clock=85, time=2015-05-11 18:31:28.503]
Event sent to object      a30 clock(85)
object notification: Time [clock=85, time=2015-05-11 18:31:28.503]
org notification: Time [clock=85, time=2015-05-11 18:31:28.503]
org notified sent time(85).
Event sent to object      a10 clock(85)
object notification: Time [clock=85, time=2015-05-11 18:31:28.503]
Event sent to object      a40 clock(85)
Event processed UpdateClock(85)
Event processed UpdateClock(85)
Event processed UpdateClock(85)
object notification: Time [clock=86, time=2015-05-11 18:31:38.6]
Event sent to object      a30 clock(86)
org notification: Time [clock=86, time=2015-05-11 18:31:38.6]
org notified sent time(86).
object notification: Time [clock=86, time=2015-05-11 18:31:38.6]
Event sent to object      a10 clock(86)
object notification: Time [clock=86, time=2015-05-11 18:31:38.6]
Event sent to object      a40 clock(86)
Event processed UpdateClock(86)
Event processed UpdateClock(86)
Event processed UpdateClock(86)
object notification: Time [clock=87, time=2015-05-11 18:31:48.684]
Event sent to object      a10 clock(87)
org notification: Time [clock=87, time=2015-05-11 18:31:48.684]
org notified sent time(87).
object notification: Time [clock=87, time=2015-05-11 18:31:48.684]
Event sent to object      a40 clock(87)
object notification: Time [clock=87, time=2015-05-11 18:31:48.684]
Event sent to object      a30 clock(87)
Event processed UpdateClock(87)
Event processed UpdateClock(87)
Event processed UpdateClock(87)
object notification: Time [clock=88, time=2015-05-11 18:31:58.988]
Event sent to object      a30 clock(88)
object notification: Time [clock=88, time=2015-05-11 18:31:58.988]
Event sent to object      a40 clock(88)
org notification: Time [clock=88, time=2015-05-11 18:31:58.988]
org notified sent time(88).
object notification: Time [clock=88, time=2015-05-11 18:31:58.988]
Event sent to object      a10 clock(88)
Event processed UpdateClock(88)
Event processed UpdateClock(88)
Event processed UpdateClock(88)
object notification: Time [clock=89, time=2015-05-11 18:32:09.248]
Event sent to object      a40 clock(89)
object notification: Time [clock=89, time=2015-05-11 18:32:09.248]
org notification: Time [clock=89, time=2015-05-11 18:32:09.248]
org notified sent time(89).
object notification: Time [clock=89, time=2015-05-11 18:32:09.248]
Event sent to object      a30 clock(89)
Event sent to object      a10 clock(89)
Event processed UpdateClock(89)
Event processed UpdateClock(89)
Event processed UpdateClock(89)
object notification: Time [clock=90, time=2015-05-11 18:32:19.523]
org notification: Time [clock=90, time=2015-05-11 18:32:19.523]
org notified sent time(90).
Event sent to object      a10 clock(90)
object notification: Time [clock=90, time=2015-05-11 18:32:19.523]
Event sent to object      a40 clock(90)
object notification: Time [clock=90, time=2015-05-11 18:32:19.523]
Event sent to object      a30 clock(90)
Event processed UpdateClock(90)
Event processed UpdateClock(90)
Event processed UpdateClock(90)
object notification: Time [clock=91, time=2015-05-11 18:32:29.724]
Event sent to object      a10 clock(91)
object notification: Time [clock=91, time=2015-05-11 18:32:29.724]
Event sent to object      a40 clock(91)
object notification: Time [clock=91, time=2015-05-11 18:32:29.724]
Event sent to object      a30 clock(91)
org notification: Time [clock=91, time=2015-05-11 18:32:29.724]
org notified sent time(91).
Event processed UpdateClock(91)
Event processed UpdateClock(91)
Event processed UpdateClock(91)
object notification: Time [clock=92, time=2015-05-11 18:32:39.938]
Event sent to object      a10 clock(92)
object notification: Time [clock=92, time=2015-05-11 18:32:39.938]
object notification: Time [clock=92, time=2015-05-11 18:32:39.938]
Event sent to object      a40 clock(92)
Event sent to object      a30 clock(92)
org notification: Time [clock=92, time=2015-05-11 18:32:39.938]
org notified sent time(92).
Event processed UpdateClock(92)
Event processed UpdateClock(92)
Event processed UpdateClock(92)
