2015-05-04 17:53:38,391 CONFIG [com.gigaspaces.logger] - Log file: /Users/dxd/git/ct3/logs/2015-05-04~17.53-gigaspaces-service-192.168.1.104-27621.log
-------------------------last log tuples start--------------------------------
Color [id=null, color=green, agent=a30, type=no, time=2015-05-04 17:33:43.118, clock=3]
Prohibition [subject=a40, prohibition=[at(2, 2, a40)], sanction=[reduce(a40, 50)], clock=8, time=2015-05-04 17:34:38.316]
SetGoal [id=null, agent=a10, cell=Cell [x=3, y=1], goal=Cell [x=3, y=2], clock=3, time=2015-05-04 17:33:42.253]
Goal [id=null, cell=Cell [x=3, y=2], agent=null, time=2015-05-04 17:34:52.356, clock=0]
Position [subject=a40, id=null, cell=Cell [x=4, y=0], time=2015-05-04 17:34:59.883, clock=11]
Chip [id=null, agent=a10, time=2015-05-04 17:35:59.864, color=purple, clock=17, number=3]
Chip [id=null, agent=a10, time=2015-05-04 17:35:59.865, color=purple, clock=17, number=3]
Position [subject=a20, id=null, cell=Cell [x=0, y=4], time=2015-05-04 17:34:39.861, clock=9]
Chip [id=null, agent=a10, time=2015-05-04 17:35:59.859, color=red, clock=17, number=0]
Position [subject=a30, id=null, cell=Cell [x=4, y=4], time=2015-05-04 17:34:59.927, clock=11]
Color [id=null, color=green, agent=a30, type=yes, time=2015-05-04 17:33:42.735, clock=3]
Obligation [subject=a10, obligation=[at(1, 0, a10)], sanction=[reduce(a10, 50)], deadline=10, time=2015-05-04 17:34:38.214, clock=8]
Position [subject=a10, id=null, cell=Cell [x=2, y=0], time=2015-05-04 17:35:39.858, clock=15]
Chip [id=null, agent=a10, time=2015-05-04 17:35:59.867, color=green, clock=17, number=0]
Time [clock=90, time=2015-05-04 17:48:26.584]
Chip [id=null, agent=a40, time=2015-05-04 17:34:59.912, color=green, clock=11, number=2]
Obligation [subject=a30, obligation=[at(4, 4, a30)], sanction=[reduce(a30, 50)], deadline=5, time=2015-05-04 17:33:42.737, clock=3]
Color [id=null, color=green, agent=a40, type=no, time=2015-05-04 17:33:43.237, clock=3]
Proposal [id=-1, agent=a20, agent2=a20, clock=11, time=2015-05-04 17:35:02.724]
SetGoal [id=null, agent=a20, cell=Cell [x=2, y=2], goal=Cell [x=3, y=2], clock=3, time=2015-05-04 17:33:42.372]
Obligation [subject=a30, obligation=[at(0, 1, a30)], sanction=[reduce(a30, 50)], deadline=10, time=2015-05-04 17:34:38.123, clock=8]
Color [id=null, color=green, agent=a10, type=no, time=2015-05-04 17:33:42.911, clock=3]
Goal [id=null, cell=Cell [x=3, y=2], agent=null, time=2015-05-04 17:33:27.546, clock=0]
Obligation [subject=a40, obligation=[at(1, 0, a40)], sanction=[reduce(a40, 50)], deadline=10, time=2015-05-04 17:34:38.22, clock=8]
Chip [id=null, agent=a10, time=2015-05-04 17:34:59.972, color=purple, clock=11, number=3]
Chip [id=null, agent=a10, time=2015-05-04 17:35:39.872, color=purple, clock=15, number=3]
Response [id=-1, response=rejected, clock=12, time=2015-05-04 17:35:14.215]
Position [subject=a10, id=null, cell=Cell [x=1, y=1], time=2015-05-04 17:35:59.846, clock=17]
Obligation [subject=a30, obligation=[at(4, 0, a30)], sanction=[reduce(a30, 50)], deadline=10, time=2015-05-04 17:34:38.379, clock=8]
Position [subject=a10, id=null, cell=Cell [x=0, y=0], time=2015-05-04 17:33:41.473, clock=2]
Tile [id=null, cell=Cell [x=1, y=2], subject=red, time=2015-05-04 17:34:52.454, clock=0]
Color [id=null, color=green, agent=a20, type=yes, time=2015-05-04 17:33:42.656, clock=3]
Time [clock=89, time=2015-05-04 17:48:16.488]
Time [clock=15, time=2015-05-04 17:35:39.838]
Goal [id=null, cell=Cell [x=3, y=2], agent=null, time=2015-05-04 17:34:38.161, clock=0]
Obligation [subject=a20, obligation=[at(1, 0, a20)], sanction=[reduce(a20, 50)], deadline=10, time=2015-05-04 17:34:38.216, clock=8]
Time [clock=79, time=2015-05-04 17:46:33.506]
SetGoal [id=null, agent=a40, cell=Cell [x=3, y=3], goal=Cell [x=3, y=2], clock=3, time=2015-05-04 17:33:42.484]
Tile [id=null, cell=Cell [x=2, y=1], subject=red, time=2015-05-04 17:34:52.46, clock=0]
Color [id=null, color=green, agent=a40, type=yes, time=2015-05-04 17:33:42.828, clock=3]
Position [subject=a10, id=null, cell=Cell [x=0, y=0], time=2015-05-04 17:34:59.951, clock=11]
SetGoal [id=null, agent=a30, cell=Cell [x=4, y=2], goal=Cell [x=3, y=2], clock=3, time=2015-05-04 17:33:42.428]
Chip [id=null, agent=a10, time=2015-05-04 17:35:39.871, color=green, clock=15, number=1]
Position [subject=a10, id=null, cell=Cell [x=2, y=0], time=2015-05-04 17:35:39.86, clock=15]
Position [subject=a40, id=null, cell=Cell [x=4, y=2], time=2015-05-04 17:34:09.825, clock=6]
Color [id=null, color=green, agent=a10, type=yes, time=2015-05-04 17:33:42.57, clock=3]
Prohibition [subject=a40, prohibition=[at(4, 4, a40)], sanction=[reduce(a40, 50)], clock=3, time=2015-05-04 17:33:43.24]
Chip [id=null, agent=a10, time=2015-05-04 17:35:59.867, color=green, clock=17, number=0]
Obligation [subject=a10, obligation=[at(0, 4, a10)], sanction=[reduce(a10, 50)], deadline=10, time=2015-05-04 17:34:38.155, clock=8]
Obligation [subject=a10, obligation=[at(0, 1, a10)], sanction=[reduce(a10, 50)], deadline=10, time=2015-05-04 17:34:38.119, clock=8]
Color [id=null, color=green, agent=a20, type=no, time=2015-05-04 17:33:42.994, clock=3]
Prohibition [subject=a20, prohibition=[at(1, 0, a20)], sanction=[reduce(a20, 50)], clock=8, time=2015-05-04 17:34:38.191]
Prohibition [subject=a40, prohibition=[at(0, 4, a40)], sanction=[reduce(a40, 50)], clock=8, time=2015-05-04 17:34:38.152]
Obligation [subject=a20, obligation=[at(0, 1, a20)], sanction=[reduce(a20, 50)], deadline=10, time=2015-05-04 17:34:38.121, clock=8]
Prohibition [subject=a40, prohibition=[at(4, 0, a40)], sanction=[reduce(a40, 50)], clock=8, time=2015-05-04 17:34:38.374]
Prohibition [subject=a30, prohibition=[at(0, 4, a30)], sanction=[reduce(a30, 50)], clock=8, time=2015-05-04 17:34:38.15]
Tile [id=null, cell=Cell [x=3, y=3], subject=purple, time=2015-05-04 17:34:52.481, clock=0]
Prohibition [subject=a10, prohibition=[at(0, 4, a10)], sanction=[reduce(a10, 50)], clock=8, time=2015-05-04 17:34:38.146]
Prohibition [subject=a20, prohibition=[at(0, 1, a20)], sanction=[reduce(a20, 50)], clock=8, time=2015-05-04 17:34:38.112]
Position [subject=a20, id=null, cell=Cell [x=0, y=4], time=2015-05-04 17:34:59.85, clock=11]
Chip [id=null, agent=a40, time=2015-05-04 17:34:59.89, color=orange, clock=11, number=2]
Position [subject=a20, id=null, cell=Cell [x=0, y=4], time=2015-05-04 17:34:59.85, clock=11]
Chip [id=null, agent=a10, time=2015-05-04 17:35:39.865, color=red, clock=15, number=0]
Prohibition [subject=a40, prohibition=[at(0, 0, a40)], sanction=[reduce(a40, 50)], clock=8, time=2015-05-04 17:34:38.084]
Prohibition [subject=a30, prohibition=[at(1, 0, a30)], sanction=[reduce(a30, 50)], clock=8, time=2015-05-04 17:34:38.202]
Obligation [subject=a10, obligation=[at(4, 4, a10)], sanction=[reduce(a10, 50)], deadline=5, time=2015-05-04 17:33:42.582, clock=3]
Prohibition [subject=a40, prohibition=[at(1, 0, a40)], sanction=[reduce(a40, 50)], clock=8, time=2015-05-04 17:34:38.211]
Position [subject=a30, id=null, cell=Cell [x=4, y=4], time=2015-05-04 17:34:39.885, clock=9]
Prohibition [subject=a20, prohibition=[at(0, 4, a20)], sanction=[reduce(a20, 50)], clock=8, time=2015-05-04 17:34:38.148]
Goal [id=null, cell=Cell [x=3, y=2], agent=null, time=2015-05-04 17:34:52.501, clock=0]
Prohibition [subject=a30, prohibition=[at(4, 0, a30)], sanction=[reduce(a30, 50)], clock=8, time=2015-05-04 17:34:38.371]
Chip [id=null, agent=a30, time=2015-05-04 17:34:59.948, color=green, clock=11, number=2]
Prohibition [subject=a10, prohibition=[at(2, 2, a10)], sanction=[reduce(a10, 50)], clock=8, time=2015-05-04 17:34:38.311]
Position [subject=a10, id=null, cell=Cell [x=3, y=2], time=2015-05-04 17:34:29.839, clock=8]
Chip [id=null, agent=a40, time=2015-05-04 17:34:59.922, color=green, clock=11, number=2]
Prohibition [subject=a30, prohibition=[at(4, 4, a30)], sanction=[reduce(a30, 50)], clock=3, time=2015-05-04 17:33:43.121]
Position [subject=a40, id=null, cell=Cell [x=4, y=0], time=2015-05-04 17:34:39.836, clock=9]
Position [subject=a10, id=null, cell=Cell [x=0, y=0], time=2015-05-04 17:34:39.849, clock=9]
Position [subject=a20, id=null, cell=Cell [x=0, y=3], time=2015-05-04 17:34:29.83, clock=8]
Position [subject=a20, id=null, cell=Cell [x=0, y=4], time=2015-05-04 17:34:39.87, clock=9]
Chip [id=null, agent=a10, time=2015-05-04 17:35:39.874, color=green, clock=15, number=1]
Prohibition [subject=a10, prohibition=[at(4, 0, a10)], sanction=[reduce(a10, 50)], clock=8, time=2015-05-04 17:34:38.368]
Time [clock=97, time=2015-05-04 17:49:38.252]
Prohibition [subject=a10, prohibition=[at(0, 0, a10)], sanction=[reduce(a10, 50)], clock=8, time=2015-05-04 17:34:38.077]
Obligation [subject=a40, obligation=[at(0, 4, a40)], sanction=[reduce(a40, 50)], deadline=10, time=2015-05-04 17:34:38.162, clock=8]
Position [subject=a10, id=null, cell=Cell [x=2, y=1], time=2015-05-04 17:34:09.837, clock=6]
Prohibition [subject=a20, prohibition=[at(0, 0, a20)], sanction=[reduce(a20, 50)], clock=8, time=2015-05-04 17:34:38.08]
Chip [id=null, agent=a30, time=2015-05-04 17:35:39.853, color=purple, clock=15, number=1]
Prohibition [subject=a30, prohibition=[at(0, 0, a30)], sanction=[reduce(a30, 50)], clock=8, time=2015-05-04 17:34:38.082]
Position [subject=a40, id=null, cell=Cell [x=4, y=0], time=2015-05-04 17:34:59.883, clock=11]
Obligation [subject=a40, obligation=[at(0, 0, a40)], sanction=[reduce(a40, 50)], deadline=10, time=2015-05-04 17:34:38.097, clock=8]
Chip [id=null, agent=a20, time=2015-05-04 17:34:59.867, color=purple, clock=11, number=1]
Time [clock=48, time=2015-05-04 17:41:14.758]
Position [subject=a10, id=null, cell=Cell [x=3, y=3], time=2015-05-04 17:34:19.828, clock=7]
Prohibition [subject=a10, prohibition=[at(1, 0, a10)], sanction=[reduce(a10, 50)], clock=8, time=2015-05-04 17:34:38.172]
Prohibition [subject=a40, prohibition=[at(0, 1, a40)], sanction=[reduce(a40, 50)], clock=8, time=2015-05-04 17:34:38.115]
Chip [id=null, agent=a10, time=2015-05-04 17:35:39.869, color=purple, clock=15, number=3]
Time [clock=92, time=2015-05-04 17:48:47.408]
Time [clock=69, time=2015-05-04 17:44:50.387]
Prohibition [subject=a30, prohibition=[at(0, 1, a30)], sanction=[reduce(a30, 50)], clock=8, time=2015-05-04 17:34:38.113]
Prohibition [subject=a10, prohibition=[at(4, 4, a10)], sanction=[reduce(a10, 50)], clock=3, time=2015-05-04 17:33:42.915]
Prohibition [subject=a30, prohibition=[at(2, 2, a30)], sanction=[reduce(a30, 50)], clock=8, time=2015-05-04 17:34:38.314]
Position [subject=a30, id=null, cell=Cell [x=4, y=0], time=2015-05-04 17:35:39.842, clock=15]
Prohibition [subject=a20, prohibition=[at(2, 2, a20)], sanction=[reduce(a20, 50)], clock=8, time=2015-05-04 17:34:38.313]
Chip [id=null, agent=a10, time=2015-05-04 17:35:59.849, color=orange, clock=17, number=0]
Prohibition [subject=a20, prohibition=[at(4, 0, a20)], sanction=[reduce(a20, 50)], clock=8, time=2015-05-04 17:34:38.37]
Obligation [subject=a40, obligation=[at(4, 0, a40)], sanction=[reduce(a40, 50)], deadline=10, time=2015-05-04 17:34:38.38, clock=8]
Time [clock=84, time=2015-05-04 17:47:24.856]
Prohibition [subject=a20, prohibition=[at(4, 4, a20)], sanction=[reduce(a20, 50)], clock=3, time=2015-05-04 17:33:42.996]
Obligation [subject=a20, obligation=[at(0, 0, a20)], sanction=[reduce(a20, 50)], deadline=10, time=2015-05-04 17:34:38.092, clock=8]
Prohibition [subject=a10, prohibition=[at(0, 1, a10)], sanction=[reduce(a10, 50)], clock=8, time=2015-05-04 17:34:38.11]
Chip [id=null, agent=a40, time=2015-05-04 17:34:59.889, color=orange, clock=11, number=2]
Obligation [subject=a10, obligation=[at(3, 1, a10)], sanction=[reduce(a10, 500)], deadline=8, time=2015-05-04 17:33:42.263, clock=3]
Obligation [subject=a10, obligation=[surround(3, 2)], sanction=[reduce(g, 500)], deadline=8, time=2015-05-04 17:33:41.312, clock=3]
Obligation [subject=a30, obligation=[at(0, 4, a30)], sanction=[reduce(a30, 50)], deadline=10, time=2015-05-04 17:34:38.16, clock=8]
Chip [id=null, agent=a10, time=2015-05-04 17:34:39.859, color=green, clock=9, number=2]
Obligation [subject=a40, obligation=[at(2, 2, a40)], sanction=[reduce(a40, 50)], deadline=10, time=2015-05-04 17:34:38.324, clock=8]
Chip [id=null, agent=a20, time=2015-05-04 17:34:39.864, color=orange, clock=9, number=2]
Time [clock=91, time=2015-05-04 17:48:36.923]
Obligation [subject=a20, obligation=[at(4, 0, a20)], sanction=[reduce(a20, 50)], deadline=10, time=2015-05-04 17:34:38.377, clock=8]
Tile [id=null, cell=Cell [x=3, y=2], subject=purple, time=2015-05-04 17:34:52.334, clock=0]
Position [subject=a20, id=null, cell=Cell [x=0, y=4], time=2015-05-04 17:33:41.463, clock=2]
Obligation [subject=a30, obligation=[at(2, 2, a30)], sanction=[reduce(a30, 50)], deadline=10, time=2015-05-04 17:34:38.321, clock=8]
Obligation [subject=a30, obligation=[at(0, 0, a30)], sanction=[reduce(a30, 50)], deadline=10, time=2015-05-04 17:34:38.094, clock=8]
Position [subject=a10, id=null, cell=Cell [x=1, y=1], time=2015-05-04 17:35:59.846, clock=17]
Tile [id=null, cell=Cell [x=1, y=3], subject=red, time=2015-05-04 17:34:52.456, clock=0]
Position [subject=a30, id=null, cell=Cell [x=4, y=4], time=2015-05-04 17:34:59.935, clock=11]
Obligation [subject=a20, obligation=[at(4, 4, a20)], sanction=[reduce(a20, 50)], deadline=5, time=2015-05-04 17:33:42.658, clock=3]
Obligation [subject=a30, obligation=[at(4, 2, a30)], sanction=[reduce(a30, 500)], deadline=8, time=2015-05-04 17:33:42.431, clock=3]
Tile [id=null, cell=Cell [x=3, y=1], subject=orange, time=2015-05-04 17:34:52.33, clock=0]
Obligation [subject=a20, obligation=[at(0, 4, a20)], sanction=[reduce(a20, 50)], deadline=10, time=2015-05-04 17:34:38.158, clock=8]
Position [subject=a10, id=null, cell=Cell [x=0, y=0], time=2015-05-04 17:34:59.959, clock=11]
Tile [id=null, cell=Cell [x=3, y=4], subject=orange, time=2015-05-04 17:34:52.486, clock=0]
Obligation [subject=a40, obligation=[at(0, 1, a40)], sanction=[reduce(a40, 50)], deadline=10, time=2015-05-04 17:34:38.126, clock=8]
Chip [id=null, agent=a20, time=2015-05-04 17:34:59.873, color=green, clock=11, number=2]
Position [subject=a40, id=null, cell=Cell [x=4, y=0], time=2015-05-04 17:33:41.399, clock=2]
Position [subject=a30, id=null, cell=Cell [x=4, y=0], time=2015-05-04 17:35:39.843, clock=15]
Time [clock=86, time=2015-05-04 17:47:45.442]
Obligation [subject=a10, obligation=[at(0, 0, a10)], sanction=[reduce(a10, 50)], deadline=10, time=2015-05-04 17:34:38.088, clock=8]
Obligation [subject=a20, obligation=[at(2, 2, a20)], sanction=[reduce(a20, 50)], deadline=10, time=2015-05-04 17:34:38.32, clock=8]
Chip [id=null, agent=a10, time=2015-05-04 17:35:39.869, color=red, clock=15, number=0]
Obligation [subject=a30, obligation=[at(1, 0, a30)], sanction=[reduce(a30, 50)], deadline=10, time=2015-05-04 17:34:38.218, clock=8]
Position [subject=a30, id=null, cell=Cell [x=4, y=4], time=2015-05-04 17:33:41.45, clock=2]
Chip [id=null, agent=a30, time=2015-05-04 17:35:39.847, color=orange, clock=15, number=0]
Chip [id=null, agent=a30, time=2015-05-04 17:35:39.85, color=red, clock=15, number=1]
Time [clock=66, time=2015-05-04 17:44:19.367]
Tile [id=null, cell=Cell [x=2, y=4], subject=red, time=2015-05-04 17:34:52.47, clock=0]
Chip [id=null, agent=a30, time=2015-05-04 17:34:39.89, color=orange, clock=9, number=1]
Chip [id=null, agent=a10, time=2015-05-04 17:34:59.959, color=orange, clock=11, number=1]
Obligation [subject=a10, obligation=[at(2, 2, a10)], sanction=[reduce(a10, 50)], deadline=10, time=2015-05-04 17:34:38.318, clock=8]
Chip [id=null, agent=a20, time=2015-05-04 17:34:59.862, color=red, clock=11, number=3]
Time [clock=67, time=2015-05-04 17:44:29.882]
Chip [id=null, agent=a20, time=2015-05-04 17:34:29.832, color=orange, clock=8, number=1]
Time [clock=47, time=2015-05-04 17:41:04.279]
Tile [id=null, cell=Cell [x=2, y=3], subject=purple, time=2015-05-04 17:33:27.486, clock=0]
Tile [id=null, cell=Cell [x=0, y=1], subject=green, time=2015-05-04 17:34:52.444, clock=0]
Tile [id=null, cell=Cell [x=3, y=2], subject=purple, time=2015-05-04 17:34:52.477, clock=0]
Obligation [subject=a40, obligation=[at(3, 3, a40)], sanction=[reduce(a40, 500)], deadline=8, time=2015-05-04 17:33:42.487, clock=3]
Obligation [subject=a10, obligation=[at(4, 0, a10)], sanction=[reduce(a10, 50)], deadline=10, time=2015-05-04 17:34:38.376, clock=8]
Tile [id=null, cell=Cell [x=1, y=4], subject=purple, time=2015-05-04 17:34:52.457, clock=0]
Obligation [subject=a20, obligation=[at(2, 2, a20)], sanction=[reduce(a20, 500)], deadline=8, time=2015-05-04 17:33:42.376, clock=3]
Time [clock=6, time=2015-05-04 17:34:09.822]
Obligation [subject=a40, obligation=[at(4, 4, a40)], sanction=[reduce(a40, 50)], deadline=5, time=2015-05-04 17:33:42.831, clock=3]
Points [subject=a10, time=2015-05-04 17:34:59.879, clock=11, value=950, id=null]
Chip [id=null, agent=a30, time=2015-05-04 17:34:59.941, color=orange, clock=11, number=1]
Points [subject=a10, time=2015-05-04 17:34:59.967, clock=11, value=950, id=null]
Points [subject=a30, time=2015-05-04 17:34:59.96, clock=11, value=950, id=null]
Points [subject=a30, time=2015-05-04 17:34:59.947, clock=11, value=950, id=null]
Points [subject=a40, time=2015-05-04 17:34:39.88, clock=9, value=950, id=null]
Tile [id=null, cell=Cell [x=2, y=2], subject=green, time=2015-05-04 17:34:52.462, clock=0]
Points [subject=a30, time=2015-05-04 17:34:59.934, clock=11, value=950, id=null]
Tile [id=null, cell=Cell [x=4, y=4], subject=green, time=2015-05-04 17:34:52.495, clock=0]
Points [subject=a10, time=2015-05-04 17:34:59.951, clock=11, value=950, id=null]
Chip [id=null, agent=a30, time=2015-05-04 17:35:39.855, color=purple, clock=15, number=1]
Points [subject=a10, time=2015-05-04 17:34:59.941, clock=11, value=950, id=null]
Tile [id=null, cell=Cell [x=4, y=1], subject=purple, time=2015-05-04 17:34:52.489, clock=0]
Points [subject=a20, time=2015-05-04 17:34:59.944, clock=11, value=950, id=null]
Chip [id=null, agent=a40, time=2015-05-04 17:34:59.905, color=purple, clock=11, number=1]
Points [subject=a20, time=2015-05-04 17:34:59.958, clock=11, value=950, id=null]
Points [subject=a40, time=2015-05-04 17:34:59.965, clock=11, value=950, id=null]
Time [clock=96, time=2015-05-04 17:49:27.925]
Points [subject=a20, time=2015-05-04 17:34:59.864, clock=11, value=950, id=null]
Tile [id=null, cell=Cell [x=4, y=2], subject=orange, time=2015-05-04 17:34:52.491, clock=0]
Points [subject=a40, time=2015-05-04 17:34:59.872, clock=11, value=950, id=null]
Time [clock=68, time=2015-05-04 17:44:40.382]
Time [clock=65, time=2015-05-04 17:44:09.241]
Tile [id=null, cell=Cell [x=4, y=3], subject=purple, time=2015-05-04 17:34:52.493, clock=0]
Chip [id=null, agent=a10, time=2015-05-04 17:35:39.866, color=orange, clock=15, number=1]
Points [subject=a30, time=2015-05-04 17:33:43.125, clock=3, value=950, id=null]
Chip [id=null, agent=a20, time=2015-05-04 17:34:39.866, color=red, clock=9, number=3]
Points [subject=a30, time=2015-05-04 17:34:59.869, clock=11, value=950, id=null]
Points [subject=a10, time=2015-05-04 17:34:39.839, clock=9, value=875, id=null]
Time [clock=94, time=2015-05-04 17:49:07.731]
Time [clock=88, time=2015-05-04 17:48:05.981]
Points [subject=a30, time=2015-05-04 17:34:59.973, clock=11, value=950, id=null]
Points [subject=a20, time=2015-05-04 17:34:39.947, clock=9, value=950, id=null]
Points [subject=a30, time=2015-05-04 17:35:39.907, clock=15, value=950, id=null]
Points [subject=a30, time=2015-05-04 17:35:39.91, clock=15, value=950, id=null]
Chip [id=null, agent=a30, time=2015-05-04 17:35:39.844, color=orange, clock=15, number=0]
Points [subject=a10, time=2015-05-04 17:35:40.007, clock=15, value=950, id=null]
Chip [id=null, agent=a40, time=2015-05-04 17:34:39.845, color=purple, clock=9, number=1]
Tile [id=null, cell=Cell [x=2, y=4], subject=red, time=2015-05-04 17:34:52.327, clock=0]
Chip [id=null, agent=a40, time=2015-05-04 17:34:39.847, color=green, clock=9, number=2]
Points [subject=a10, time=2015-05-04 17:34:59.927, clock=11, value=950, id=null]
Points [subject=a20, time=2015-05-04 17:34:59.916, clock=11, value=950, id=null]
Chip [id=null, agent=a30, time=2015-05-04 17:34:59.929, color=orange, clock=11, number=1]
Points [subject=a40, time=2015-05-04 17:34:59.923, clock=11, value=950, id=null]
Chip [id=null, agent=a10, time=2015-05-04 17:34:59.97, color=red, clock=11, number=1]
Points [subject=a20, time=2015-05-04 17:34:09.832, clock=6, value=950, id=null]
Chip [id=null, agent=a10, time=2015-05-04 17:35:59.854, color=orange, clock=17, number=0]
Chip [id=null, agent=a10, time=2015-05-04 17:34:09.852, color=purple, clock=6, number=3]
Tile [id=null, cell=Cell [x=1, y=0], subject=green, time=2015-05-04 17:34:52.301, clock=0]
Points [subject=a40, time=2015-05-04 17:34:59.937, clock=11, value=950, id=null]
Chip [id=null, agent=a10, time=2015-05-04 17:34:29.846, color=red, clock=8, number=0]
Points [subject=a10, time=2015-05-04 17:34:09.829, clock=6, value=950, id=null]
Chip [id=null, agent=a40, time=2015-05-04 17:33:41.432, color=orange, clock=2, number=2]
Points [subject=a40, time=2015-05-04 17:34:39.847, clock=9, value=875, id=null]
Time [clock=75, time=2015-05-04 17:45:52.199]
Points [subject=a20, time=2015-05-04 17:34:59.969, clock=11, value=950, id=null]
Points [subject=a40, time=2015-05-04 17:34:59.949, clock=11, value=950, id=null]
Chip [id=null, agent=a20, time=2015-05-04 17:34:59.853, color=orange, clock=11, number=2]
Chip [id=null, agent=a40, time=2015-05-04 17:34:59.9, color=purple, clock=11, number=1]
Points [subject=a10, time=2015-05-04 17:34:39.913, clock=9, value=950, id=null]
Chip [id=null, agent=a30, time=2015-05-04 17:34:39.897, color=green, clock=9, number=2]
Chip [id=null, agent=a30, time=2015-05-04 17:33:41.46, color=green, clock=2, number=2]
Points [subject=a40, time=2015-05-04 17:34:09.835, clock=6, value=950, id=null]
Tile [id=null, cell=Cell [x=1, y=4], subject=purple, time=2015-05-04 17:34:52.311, clock=0]
Time [clock=76, time=2015-05-04 17:46:02.48]
Points [subject=a30, time=2015-05-04 17:34:59.92, clock=11, value=950, id=null]
Points [subject=a30, time=2015-05-04 17:34:39.844, clock=9, value=875, id=null]
Points [subject=a20, time=2015-05-04 17:34:39.841, clock=9, value=875, id=null]
Chip [id=null, agent=a20, time=2015-05-04 17:33:41.467, color=red, clock=2, number=3]
Chip [id=null, agent=a20, time=2015-05-04 17:34:39.883, color=green, clock=9, number=2]
Chip [id=null, agent=a10, time=2015-05-04 17:34:39.857, color=purple, clock=9, number=3]
Chip [id=null, agent=a30, time=2015-05-04 17:34:39.892, color=red, clock=9, number=1]
Chip [id=null, agent=a20, time=2015-05-04 17:34:39.871, color=purple, clock=9, number=1]
Chip [id=null, agent=a30, time=2015-05-04 17:34:59.944, color=purple, clock=11, number=3]
Chip [id=null, agent=a30, time=2015-05-04 17:35:39.852, color=red, clock=15, number=1]
Chip [id=null, agent=a40, time=2015-05-04 17:34:39.838, color=orange, clock=9, number=2]
Time [clock=5, time=2015-05-04 17:33:59.821]
Chip [id=null, agent=a30, time=2015-05-04 17:34:59.954, color=green, clock=11, number=2]
Chip [id=null, agent=a20, time=2015-05-04 17:34:29.837, color=green, clock=8, number=2]
Chip [id=null, agent=a20, time=2015-05-04 17:34:29.834, color=red, clock=8, number=3]
Chip [id=null, agent=a40, time=2015-05-04 17:34:09.829, color=red, clock=6, number=3]
Chip [id=null, agent=a20, time=2015-05-04 17:34:59.872, color=green, clock=11, number=2]
Chip [id=null, agent=a10, time=2015-05-04 17:34:59.976, color=green, clock=11, number=2]
Time [clock=58, time=2015-05-04 17:42:56.954]
Chip [id=null, agent=a10, time=2015-05-04 17:35:59.857, color=red, clock=17, number=0]
Chip [id=null, agent=a10, time=2015-05-04 17:34:09.854, color=green, clock=6, number=1]
Chip [id=null, agent=a10, time=2015-05-04 17:33:41.491, color=green, clock=2, number=2]
Chip [id=null, agent=a40, time=2015-05-04 17:33:41.447, color=green, clock=2, number=2]
Chip [id=null, agent=a20, time=2015-05-04 17:34:39.875, color=red, clock=9, number=3]
Tile [id=null, cell=Cell [x=1, y=1], subject=orange, time=2015-05-04 17:34:52.453, clock=0]
Chip [id=null, agent=a20, time=2015-05-04 17:34:39.876, color=purple, clock=9, number=1]
Chip [id=null, agent=a10, time=2015-05-04 17:33:41.489, color=purple, clock=2, number=3]
Time [clock=37, time=2015-05-04 17:39:22.34]
Chip [id=null, agent=a20, time=2015-05-04 17:33:41.464, color=orange, clock=2, number=2]
Chip [id=null, agent=a10, time=2015-05-04 17:34:59.966, color=red, clock=11, number=1]
Chip [id=null, agent=a30, time=2015-05-04 17:35:39.856, color=green, clock=15, number=1]
Chip [id=null, agent=a20, time=2015-05-04 17:33:41.471, color=green, clock=2, number=2]
Chip [id=null, agent=a10, time=2015-05-04 17:35:39.862, color=orange, clock=15, number=1]
Chip [id=null, agent=a10, time=2015-05-04 17:34:29.849, color=purple, clock=8, number=0]
Tile [id=null, cell=Cell [x=2, y=1], subject=red, time=2015-05-04 17:34:52.318, clock=0]
Chip [id=null, agent=a20, time=2015-05-04 17:34:59.868, color=purple, clock=11, number=1]
Time [clock=59, time=2015-05-04 17:43:07.37]
Chip [id=null, agent=a10, time=2015-05-04 17:34:29.841, color=orange, clock=8, number=0]
Chip [id=null, agent=a40, time=2015-05-04 17:34:59.897, color=red, clock=11, number=3]
Chip [id=null, agent=a20, time=2015-05-04 17:34:59.862, color=red, clock=11, number=3]
Chip [id=null, agent=a10, time=2015-05-04 17:34:39.852, color=orange, clock=9, number=1]
Chip [id=null, agent=a10, time=2015-05-04 17:34:19.834, color=purple, clock=7, number=1]
Chip [id=null, agent=a10, time=2015-05-04 17:34:39.855, color=red, clock=9, number=1]
Chip [id=null, agent=a10, time=2015-05-04 17:34:59.973, color=green, clock=11, number=2]
Tile [id=null, cell=Cell [x=3, y=1], subject=orange, time=2015-05-04 17:34:52.473, clock=0]
Chip [id=null, agent=a30, time=2015-05-04 17:35:39.857, color=green, clock=15, number=1]
Time [clock=87, time=2015-05-04 17:47:55.459]
Chip [id=null, agent=a30, time=2015-05-04 17:33:41.456, color=red, clock=2, number=1]
Chip [id=null, agent=a10, time=2015-05-04 17:34:59.97, color=purple, clock=11, number=3]
Chip [id=null, agent=a10, time=2015-05-04 17:34:59.965, color=orange, clock=11, number=1]
Chip [id=null, agent=a40, time=2015-05-04 17:34:39.842, color=red, clock=9, number=3]
Chip [id=null, agent=a10, time=2015-05-04 17:34:19.836, color=green, clock=7, number=0]
Chip [id=null, agent=a40, time=2015-05-04 17:34:09.834, color=green, clock=6, number=2]
Chip [id=null, agent=a30, time=2015-05-04 17:34:59.944, color=red, clock=11, number=1]
Chip [id=null, agent=a40, time=2015-05-04 17:34:09.831, color=purple, clock=6, number=0]
Chip [id=null, agent=a10, time=2015-05-04 17:33:41.476, color=orange, clock=2, number=1]
Chip [id=null, agent=a30, time=2015-05-04 17:34:39.894, color=purple, clock=9, number=3]
Chip [id=null, agent=a10, time=2015-05-04 17:34:09.839, color=orange, clock=6, number=0]
Chip [id=null, agent=a10, time=2015-05-04 17:33:41.486, color=red, clock=2, number=1]
Chip [id=null, agent=a30, time=2015-05-04 17:34:59.935, color=red, clock=11, number=1]
Chip [id=null, agent=a10, time=2015-05-04 17:34:19.832, color=red, clock=7, number=0]
Chip [id=null, agent=a20, time=2015-05-04 17:33:41.469, color=purple, clock=2, number=1]
Chip [id=null, agent=a40, time=2015-05-04 17:33:41.442, color=red, clock=2, number=3]
Chip [id=null, agent=a20, time=2015-05-04 17:34:39.873, color=orange, clock=9, number=1]
Chip [id=null, agent=a20, time=2015-05-04 17:34:29.835, color=purple, clock=8, number=1]
Chip [id=null, agent=a30, time=2015-05-04 17:33:41.458, color=purple, clock=2, number=3]
Chip [id=null, agent=a40, time=2015-05-04 17:33:41.445, color=purple, clock=2, number=1]
Time [clock=85, time=2015-05-04 17:47:35.16]
Time [clock=95, time=2015-05-04 17:49:17.884]
Time [clock=77, time=2015-05-04 17:46:12.801]
Chip [id=null, agent=a30, time=2015-05-04 17:34:59.948, color=purple, clock=11, number=3]
Time [clock=49, time=2015-05-04 17:41:24.761]
Chip [id=null, agent=a40, time=2015-05-04 17:34:59.896, color=red, clock=11, number=3]
Chip [id=null, agent=a40, time=2015-05-04 17:34:09.827, color=orange, clock=6, number=1]
Chip [id=null, agent=a30, time=2015-05-04 17:33:41.453, color=orange, clock=2, number=1]
Chip [id=null, agent=a20, time=2015-05-04 17:34:39.878, color=green, clock=9, number=1]
Chip [id=null, agent=a10, time=2015-05-04 17:34:19.829, color=orange, clock=7, number=0]
Chip [id=null, agent=a10, time=2015-05-04 17:34:09.842, color=red, clock=6, number=0]
Chip [id=null, agent=a20, time=2015-05-04 17:34:59.853, color=orange, clock=11, number=2]
Chip [id=null, agent=a10, time=2015-05-04 17:34:29.854, color=green, clock=8, number=0]
Time [clock=44, time=2015-05-04 17:40:33.446]
Time [clock=73, time=2015-05-04 17:45:31.392]
Time [clock=46, time=2015-05-04 17:40:53.97]
Time [clock=50, time=2015-05-04 17:41:34.834]
Time [clock=28, time=2015-05-04 17:37:50.941]
Time [clock=64, time=2015-05-04 17:43:59.179]
Time [clock=29, time=2015-05-04 17:38:01.256]
Time [clock=93, time=2015-05-04 17:48:57.722]
Time [clock=60, time=2015-05-04 17:43:17.725]
Time [clock=55, time=2015-05-04 17:42:25.67]
Time [clock=54, time=2015-05-04 17:42:15.262]
Time [clock=39, time=2015-05-04 17:39:42.511]
Time [clock=14, time=2015-05-04 17:35:29.836]
Time [clock=82, time=2015-05-04 17:47:04.23]
Time [clock=16, time=2015-05-04 17:35:49.839]
Time [clock=80, time=2015-05-04 17:46:43.913]
Time [clock=81, time=2015-05-04 17:46:54.169]
Time [clock=26, time=2015-05-04 17:37:30.498]
Time [clock=83, time=2015-05-04 17:47:14.768]
Time [clock=33, time=2015-05-04 17:38:41.809]
Time [clock=61, time=2015-05-04 17:43:28.208]
Time [clock=18, time=2015-05-04 17:36:09.844]
Time [clock=27, time=2015-05-04 17:37:40.813]
Time [clock=52, time=2015-05-04 17:41:54.838]
Time [clock=71, time=2015-05-04 17:45:11.144]
Time [clock=4, time=2015-05-04 17:33:49.819]
Time [clock=70, time=2015-05-04 17:45:00.637]
Time [clock=8, time=2015-05-04 17:34:29.827]
Time [clock=72, time=2015-05-04 17:45:21.146]
Time [clock=45, time=2015-05-04 17:40:43.547]
Time [clock=74, time=2015-05-04 17:45:41.937]
Time [clock=40, time=2015-05-04 17:39:52.599]
Time [clock=25, time=2015-05-04 17:37:20.216]
Time [clock=56, time=2015-05-04 17:42:36.067]
Time [clock=22, time=2015-05-04 17:36:49.857]
Time [clock=19, time=2015-05-04 17:36:19.847]
Time [clock=1, time=2015-05-04 17:33:19.799]
Time [clock=34, time=2015-05-04 17:38:51.882]
Time [clock=51, time=2015-05-04 17:41:44.835]
Tile [id=null, cell=Cell [x=3, y=0], subject=red, time=2015-05-04 17:34:52.328, clock=0]
Time [clock=62, time=2015-05-04 17:43:38.705]
Time [clock=43, time=2015-05-04 17:40:23.305]
Time [clock=35, time=2015-05-04 17:39:01.89]
Time [clock=23, time=2015-05-04 17:36:59.859]
Time [clock=30, time=2015-05-04 17:38:11.258]
Time [clock=31, time=2015-05-04 17:38:21.514]
Time [clock=9, time=2015-05-04 17:34:39.828]
Time [clock=53, time=2015-05-04 17:42:05.222]
Time [clock=41, time=2015-05-04 17:40:02.774]
Time [clock=20, time=2015-05-04 17:36:29.849]
Time [clock=10, time=2015-05-04 17:34:49.829]
Time [clock=78, time=2015-05-04 17:46:23.258]
Time [clock=38, time=2015-05-04 17:39:32.469]
Time [clock=63, time=2015-05-04 17:43:49.176]
Time [clock=24, time=2015-05-04 17:37:10.109]
Tile [id=null, cell=Cell [x=0, y=4], subject=green, time=2015-05-04 17:33:27.467, clock=0]
Time [clock=57, time=2015-05-04 17:42:46.493]
Time [clock=42, time=2015-05-04 17:40:13.079]
Time [clock=36, time=2015-05-04 17:39:12.285]
Time [clock=32, time=2015-05-04 17:38:31.517]
Time [clock=21, time=2015-05-04 17:36:39.853]
Time [clock=11, time=2015-05-04 17:34:59.831]
Time [clock=7, time=2015-05-04 17:34:19.824]
Time [clock=12, time=2015-05-04 17:35:09.833]
Time [clock=2, time=2015-05-04 17:33:29.814]
Time [clock=17, time=2015-05-04 17:35:59.842]
Time [clock=13, time=2015-05-04 17:35:19.835]
Time [clock=3, time=2015-05-04 17:33:39.816]
Tile [id=null, cell=Cell [x=0, y=2], subject=red, time=2015-05-04 17:33:27.464, clock=0]
Tile [id=null, cell=Cell [x=4, y=4], subject=green, time=2015-05-04 17:34:52.351, clock=0]
Tile [id=null, cell=Cell [x=0, y=3], subject=orange, time=2015-05-04 17:34:52.447, clock=0]
Tile [id=null, cell=Cell [x=0, y=0], subject=green, time=2015-05-04 17:34:52.442, clock=0]
Tile [id=null, cell=Cell [x=3, y=0], subject=red, time=2015-05-04 17:34:52.472, clock=0]
Tile [id=null, cell=Cell [x=2, y=2], subject=green, time=2015-05-04 17:34:52.322, clock=0]
Tile [id=null, cell=Cell [x=4, y=0], subject=green, time=2015-05-04 17:34:52.487, clock=0]
Tile [id=null, cell=Cell [x=0, y=1], subject=green, time=2015-05-04 17:34:52.274, clock=0]
Tile [id=null, cell=Cell [x=2, y=3], subject=purple, time=2015-05-04 17:34:52.464, clock=0]
Tile [id=null, cell=Cell [x=1, y=0], subject=green, time=2015-05-04 17:34:52.451, clock=0]
Tile [id=null, cell=Cell [x=0, y=4], subject=green, time=2015-05-04 17:34:52.29, clock=0]
Tile [id=null, cell=Cell [x=4, y=0], subject=green, time=2015-05-04 17:34:52.344, clock=0]
Tile [id=null, cell=Cell [x=0, y=4], subject=green, time=2015-05-04 17:34:52.449, clock=0]
Tile [id=null, cell=Cell [x=0, y=0], subject=green, time=2015-05-04 17:34:52.263, clock=0]
Tile [id=null, cell=Cell [x=1, y=3], subject=red, time=2015-05-04 17:34:52.309, clock=0]
Tile [id=null, cell=Cell [x=4, y=1], subject=purple, time=2015-05-04 17:34:52.346, clock=0]
Tile [id=null, cell=Cell [x=1, y=2], subject=red, time=2015-05-04 17:34:52.306, clock=0]
Tile [id=null, cell=Cell [x=3, y=3], subject=purple, time=2015-05-04 17:34:52.34, clock=0]
Tile [id=null, cell=Cell [x=1, y=1], subject=orange, time=2015-05-04 17:34:52.304, clock=0]
Tile [id=null, cell=Cell [x=3, y=4], subject=orange, time=2015-05-04 17:34:38.132, clock=0]
Tile [id=null, cell=Cell [x=2, y=0], subject=red, time=2015-05-04 17:34:52.459, clock=0]
Tile [id=null, cell=Cell [x=0, y=2], subject=red, time=2015-05-04 17:34:52.446, clock=0]
Tile [id=null, cell=Cell [x=4, y=0], subject=green, time=2015-05-04 17:34:38.135, clock=0]
Tile [id=null, cell=Cell [x=0, y=2], subject=red, time=2015-05-04 17:34:52.276, clock=0]
Tile [id=null, cell=Cell [x=4, y=2], subject=orange, time=2015-05-04 17:34:38.143, clock=0]
Tile [id=null, cell=Cell [x=1, y=4], subject=purple, time=2015-05-04 17:34:38.093, clock=0]
Tile [id=null, cell=Cell [x=3, y=3], subject=purple, time=2015-05-04 17:33:27.497, clock=0]
Tile [id=null, cell=Cell [x=1, y=2], subject=red, time=2015-05-04 17:34:38.087, clock=0]
Tile [id=null, cell=Cell [x=0, y=3], subject=orange, time=2015-05-04 17:34:38.079, clock=0]
Tile [id=null, cell=Cell [x=0, y=4], subject=green, time=2015-05-04 17:34:38.081, clock=0]
Tile [id=null, cell=Cell [x=3, y=2], subject=purple, time=2015-05-04 17:33:27.495, clock=0]
Tile [id=null, cell=Cell [x=1, y=3], subject=red, time=2015-05-04 17:34:38.089, clock=0]
Tile [id=null, cell=Cell [x=4, y=4], subject=green, time=2015-05-04 17:33:27.508, clock=0]
Tile [id=null, cell=Cell [x=4, y=3], subject=purple, time=2015-05-04 17:33:27.506, clock=0]
Tile [id=null, cell=Cell [x=2, y=1], subject=red, time=2015-05-04 17:34:38.098, clock=0]
Tile [id=null, cell=Cell [x=4, y=2], subject=orange, time=2015-05-04 17:34:52.348, clock=0]
Tile [id=null, cell=Cell [x=2, y=3], subject=purple, time=2015-05-04 17:34:38.107, clock=0]
Tile [id=null, cell=Cell [x=2, y=0], subject=red, time=2015-05-04 17:34:52.313, clock=0]
Tile [id=null, cell=Cell [x=3, y=4], subject=orange, time=2015-05-04 17:33:27.499, clock=0]
Tile [id=null, cell=Cell [x=3, y=1], subject=orange, time=2015-05-04 17:34:38.122, clock=0]
Tile [id=null, cell=Cell [x=3, y=4], subject=orange, time=2015-05-04 17:34:52.342, clock=0]
Tile [id=null, cell=Cell [x=2, y=1], subject=red, time=2015-05-04 17:33:27.483, clock=0]
Tile [id=null, cell=Cell [x=2, y=2], subject=green, time=2015-05-04 17:34:38.104, clock=0]
Tile [id=null, cell=Cell [x=0, y=3], subject=orange, time=2015-05-04 17:33:27.465, clock=0]
Tile [id=null, cell=Cell [x=3, y=0], subject=red, time=2015-05-04 17:34:38.115, clock=0]
Tile [id=null, cell=Cell [x=0, y=1], subject=green, time=2015-05-04 17:34:38.074, clock=0]
Tile [id=null, cell=Cell [x=4, y=3], subject=purple, time=2015-05-04 17:34:38.147, clock=0]
Tile [id=null, cell=Cell [x=4, y=4], subject=green, time=2015-05-04 17:34:38.15, clock=0]
Tile [id=null, cell=Cell [x=0, y=3], subject=orange, time=2015-05-04 17:34:52.278, clock=0]
Tile [id=null, cell=Cell [x=2, y=0], subject=red, time=2015-05-04 17:34:38.096, clock=0]
Tile [id=null, cell=Cell [x=1, y=1], subject=orange, time=2015-05-04 17:34:38.085, clock=0]
Tile [id=null, cell=Cell [x=0, y=1], subject=green, time=2015-05-04 17:33:27.462, clock=0]
Tile [id=null, cell=Cell [x=2, y=2], subject=green, time=2015-05-04 17:33:27.485, clock=0]
Tile [id=null, cell=Cell [x=1, y=0], subject=green, time=2015-05-04 17:34:38.083, clock=0]
Tile [id=null, cell=Cell [x=2, y=4], subject=red, time=2015-05-04 17:33:27.488, clock=0]
Tile [id=null, cell=Cell [x=3, y=0], subject=red, time=2015-05-04 17:33:27.49, clock=0]
Tile [id=null, cell=Cell [x=3, y=1], subject=orange, time=2015-05-04 17:33:27.492, clock=0]
Tile [id=null, cell=Cell [x=4, y=3], subject=purple, time=2015-05-04 17:34:52.349, clock=0]
Tile [id=null, cell=Cell [x=4, y=1], subject=purple, time=2015-05-04 17:34:38.139, clock=0]
Tile [id=null, cell=Cell [x=4, y=1], subject=purple, time=2015-05-04 17:33:27.503, clock=0]
Tile [id=null, cell=Cell [x=4, y=0], subject=green, time=2015-05-04 17:33:27.501, clock=0]
Tile [id=null, cell=Cell [x=2, y=0], subject=red, time=2015-05-04 17:33:27.48, clock=0]
Tile [id=null, cell=Cell [x=3, y=3], subject=purple, time=2015-05-04 17:34:38.129, clock=0]
Tile [id=null, cell=Cell [x=2, y=3], subject=purple, time=2015-05-04 17:34:52.323, clock=0]
Tile [id=null, cell=Cell [x=1, y=4], subject=purple, time=2015-05-04 17:33:27.479, clock=0]
Tile [id=null, cell=Cell [x=2, y=4], subject=red, time=2015-05-04 17:34:38.112, clock=0]
Tile [id=null, cell=Cell [x=1, y=0], subject=green, time=2015-05-04 17:33:27.469, clock=0]
Tile [id=null, cell=Cell [x=3, y=2], subject=purple, time=2015-05-04 17:34:38.126, clock=0]
Tile [id=null, cell=Cell [x=0, y=0], subject=green, time=2015-05-04 17:34:38.072, clock=0]
Tile [id=null, cell=Cell [x=1, y=3], subject=red, time=2015-05-04 17:33:27.477, clock=0]
Tile [id=null, cell=Cell [x=0, y=0], subject=green, time=2015-05-04 17:33:27.362, clock=0]
Tile [id=null, cell=Cell [x=4, y=2], subject=orange, time=2015-05-04 17:33:27.505, clock=0]
Tile [id=null, cell=Cell [x=1, y=2], subject=red, time=2015-05-04 17:33:27.474, clock=0]
Tile [id=null, cell=Cell [x=0, y=2], subject=red, time=2015-05-04 17:34:38.077, clock=0]
Tile [id=null, cell=Cell [x=1, y=1], subject=orange, time=2015-05-04 17:33:27.472, clock=0]
-------------------------last log tuples end----------------------------------
[CTAH] started agent 10
[CTAH] Added a new agent to the game by the name of 10.
[ENV] added agent a10
[CTAH] started agent 30
[CTAH] Added a new agent to the game by the name of 30.
[ENV] added agent a30
[CTAH] started agent 40
[CTAH] Added a new agent to the game by the name of 40.
[ENV] added agent a40
#########################Game started
#########################Game started
#########################Game started
setPhases in ClientGameStatus, the current phase is 
setPhases in ClientGameStatus, the current phase is 
setPhases in ClientGameStatus, the current phase is 
setPhases in ClientGameStatus, the current phase is Norm Phase
setPhases in ClientGameStatus, the current phase is Norm Phase
setPhases in ClientGameStatus, the current phase is Norm Phase
#########################Game Initialized
#########################Game Initialized
AGENT Thread-14: current phase name: Norm Phase
AGENT Thread-16: current phase name: Norm Phase
we have 1 goals
we have 1 goals
we have GoalWeight: 100  DistWeight: -10  ChipWeight: 5  CommWeight: 0 scoring
we have GoalWeight: 100  DistWeight: -10  ChipWeight: 5  CommWeight: 0 scoring
#########################Game Initialized
AGENT Thread-12: current phase name: Norm Phase
we have 1 goals
we have GoalWeight: 100  DistWeight: -10  ChipWeight: 5  CommWeight: 0 scoring
setPhases in ClientGameStatus, the current phase is Communication Phase
setPhases in ClientGameStatus, the current phase is Communication Phase
setPhases in ClientGameStatus, the current phase is Communication Phase
setPhases in ClientGameStatus, the current phase is Movement Phase
setPhases in ClientGameStatus, the current phase is Movement Phase
setPhases in ClientGameStatus, the current phase is Movement Phase
org notification: Time [clock=1, time=2015-05-04 17:53:50.066]
org notified sent time(1).
object notification: Time [clock=1, time=2015-05-04 17:53:50.066]
Event sent to object      a10 clock(1)
object notification: Time [clock=1, time=2015-05-04 17:53:50.066]
Event sent to object      a40 clock(1)
object notification: Tile [id=null, cell=Cell [x=0, y=0], subject=green, time=2015-05-04 17:53:55.761, clock=0]
object notification: Tile [id=null, cell=Cell [x=0, y=1], subject=green, time=2015-05-04 17:53:55.862, clock=0]
object notification: Time [clock=1, time=2015-05-04 17:53:50.066]
Event sent to object      a30 clock(1)
org notification: Tile [id=null, cell=Cell [x=0, y=0], subject=green, time=2015-05-04 17:53:55.761, clock=0]
org notified sent tile(cell(0,0),green,0).
object notification: Tile [id=null, cell=Cell [x=0, y=0], subject=green, time=2015-05-04 17:53:55.761, clock=0]
object notification: Tile [id=null, cell=Cell [x=0, y=0], subject=green, time=2015-05-04 17:53:55.761, clock=0]
object notification: Tile [id=null, cell=Cell [x=0, y=1], subject=green, time=2015-05-04 17:53:55.862, clock=0]
object notification: Tile [id=null, cell=Cell [x=0, y=2], subject=red, time=2015-05-04 17:53:55.864, clock=0]
object notification: Tile [id=null, cell=Cell [x=0, y=1], subject=green, time=2015-05-04 17:53:55.862, clock=0]
object notification: Time [clock=2, time=2015-05-04 17:54:00.085]
object notification: Time [clock=2, time=2015-05-04 17:54:00.085]
Event sent to object      a10 clock(2)
object notification: Time [clock=2, time=2015-05-04 17:54:00.085]
Event sent to object      a40 clock(2)
object notification: Tile [id=null, cell=Cell [x=0, y=2], subject=red, time=2015-05-04 17:53:55.864, clock=0]
object notification: Tile [id=null, cell=Cell [x=0, y=3], subject=orange, time=2015-05-04 17:53:55.865, clock=0]
object notification: Tile [id=null, cell=Cell [x=0, y=3], subject=orange, time=2015-05-04 17:53:55.865, clock=0]
org notification: Tile [id=null, cell=Cell [x=0, y=1], subject=green, time=2015-05-04 17:53:55.862, clock=0]
org notified sent tile(cell(0,1),green,0).
Event sent to object      a30 clock(2)
object notification: Tile [id=null, cell=Cell [x=0, y=4], subject=green, time=2015-05-04 17:53:55.866, clock=0]
object notification: Tile [id=null, cell=Cell [x=0, y=4], subject=green, time=2015-05-04 17:53:55.866, clock=0]
org notification: Tile [id=null, cell=Cell [x=0, y=2], subject=red, time=2015-05-04 17:53:55.864, clock=0]
org notified sent tile(cell(0,2),red,0).
object notification: Tile [id=null, cell=Cell [x=1, y=0], subject=green, time=2015-05-04 17:53:55.867, clock=0]
object notification: Time [clock=3, time=2015-05-04 17:54:10.087]
object notification: Tile [id=null, cell=Cell [x=0, y=2], subject=red, time=2015-05-04 17:53:55.864, clock=0]
Event sent to object      a10 clock(3)
object notification: Tile [id=null, cell=Cell [x=0, y=3], subject=orange, time=2015-05-04 17:53:55.865, clock=0]
object notification: Tile [id=null, cell=Cell [x=0, y=4], subject=green, time=2015-05-04 17:53:55.866, clock=0]
object notification: Tile [id=null, cell=Cell [x=1, y=0], subject=green, time=2015-05-04 17:53:55.867, clock=0]
object notification: Tile [id=null, cell=Cell [x=1, y=0], subject=green, time=2015-05-04 17:53:55.867, clock=0]
org notification: Time [clock=2, time=2015-05-04 17:54:00.085]
org notified sent time(2).
object notification: Tile [id=null, cell=Cell [x=1, y=1], subject=orange, time=2015-05-04 17:53:55.868, clock=0]
object notification: Time [clock=3, time=2015-05-04 17:54:10.087]
Event sent to object      a40 clock(3)
object notification: Tile [id=null, cell=Cell [x=1, y=1], subject=orange, time=2015-05-04 17:53:55.868, clock=0]
object notification: Tile [id=null, cell=Cell [x=1, y=1], subject=orange, time=2015-05-04 17:53:55.868, clock=0]
object notification: Tile [id=null, cell=Cell [x=1, y=2], subject=red, time=2015-05-04 17:53:55.869, clock=0]
object notification: Time [clock=4, time=2015-05-04 17:54:20.09]
object notification: Tile [id=null, cell=Cell [x=1, y=2], subject=red, time=2015-05-04 17:53:55.869, clock=0]
object notification: Tile [id=null, cell=Cell [x=1, y=3], subject=red, time=2015-05-04 17:53:55.87, clock=0]
object notification: Tile [id=null, cell=Cell [x=1, y=2], subject=red, time=2015-05-04 17:53:55.869, clock=0]
org notification: Tile [id=null, cell=Cell [x=0, y=3], subject=orange, time=2015-05-04 17:53:55.865, clock=0]
org notified sent tile(cell(0,3),orange,0).
Event sent to object      a10 clock(4)
object notification: Time [clock=4, time=2015-05-04 17:54:20.09]
Event sent to object      a40 clock(4)
object notification: Tile [id=null, cell=Cell [x=1, y=4], subject=purple, time=2015-05-04 17:53:55.871, clock=0]
org notification: Goal [id=null, cell=Cell [x=3, y=2], agent=null, time=2015-05-04 17:53:55.923, clock=0]
org notified sent goal(cell(3,2),null,0).
object notification: Time [clock=5, time=2015-05-04 17:54:30.093]
object notification: Tile [id=null, cell=Cell [x=1, y=3], subject=red, time=2015-05-04 17:53:55.87, clock=0]
Event sent to object      a10 clock(5)
object notification: Time [clock=3, time=2015-05-04 17:54:10.087]
object notification: Tile [id=null, cell=Cell [x=1, y=3], subject=red, time=2015-05-04 17:53:55.87, clock=0]
Event sent to object      a30 clock(3)
object notification: Tile [id=null, cell=Cell [x=1, y=4], subject=purple, time=2015-05-04 17:53:55.871, clock=0]
object notification: Tile [id=null, cell=Cell [x=2, y=0], subject=red, time=2015-05-04 17:53:55.872, clock=0]
org notification: Tile [id=null, cell=Cell [x=0, y=4], subject=green, time=2015-05-04 17:53:55.866, clock=0]
org notified sent tile(cell(0,4),green,0).
object notification: Time [clock=4, time=2015-05-04 17:54:20.09]
Event sent to object      a30 clock(4)
object notification: Tile [id=null, cell=Cell [x=2, y=1], subject=red, time=2015-05-04 17:53:55.873, clock=0]
object notification: Tile [id=null, cell=Cell [x=2, y=0], subject=red, time=2015-05-04 17:53:55.872, clock=0]
object notification: Tile [id=null, cell=Cell [x=1, y=4], subject=purple, time=2015-05-04 17:53:55.871, clock=0]
object notification: Time [clock=5, time=2015-05-04 17:54:30.093]
Event sent to object      a40 clock(5)
object notification: Tile [id=null, cell=Cell [x=2, y=0], subject=red, time=2015-05-04 17:53:55.872, clock=0]
object notification: Tile [id=null, cell=Cell [x=2, y=2], subject=green, time=2015-05-04 17:53:55.875, clock=0]
org notification: Time [clock=3, time=2015-05-04 17:54:10.087]
org notified sent time(3).
object notification: Time [clock=5, time=2015-05-04 17:54:30.093]
Event sent to object      a30 clock(5)
object notification: Tile [id=null, cell=Cell [x=2, y=1], subject=red, time=2015-05-04 17:53:55.873, clock=0]
object notification: Tile [id=null, cell=Cell [x=2, y=1], subject=red, time=2015-05-04 17:53:55.873, clock=0]
object notification: Tile [id=null, cell=Cell [x=2, y=3], subject=purple, time=2015-05-04 17:53:55.876, clock=0]
object notification: Tile [id=null, cell=Cell [x=2, y=2], subject=green, time=2015-05-04 17:53:55.875, clock=0]
object notification: Tile [id=null, cell=Cell [x=2, y=2], subject=green, time=2015-05-04 17:53:55.875, clock=0]
object notification: Tile [id=null, cell=Cell [x=2, y=3], subject=purple, time=2015-05-04 17:53:55.876, clock=0]
org notification: Time [clock=4, time=2015-05-04 17:54:20.09]
org notified sent time(4).
object notification: Tile [id=null, cell=Cell [x=2, y=4], subject=red, time=2015-05-04 17:53:55.878, clock=0]
object notification: Tile [id=null, cell=Cell [x=2, y=3], subject=purple, time=2015-05-04 17:53:55.876, clock=0]
object notification: Tile [id=null, cell=Cell [x=2, y=4], subject=red, time=2015-05-04 17:53:55.878, clock=0]
object notification: Tile [id=null, cell=Cell [x=3, y=0], subject=red, time=2015-05-04 17:53:55.879, clock=0]
object notification: Tile [id=null, cell=Cell [x=2, y=4], subject=red, time=2015-05-04 17:53:55.878, clock=0]
org notification: Time [clock=5, time=2015-05-04 17:54:30.093]
org notified sent time(5).
object notification: Tile [id=null, cell=Cell [x=3, y=0], subject=red, time=2015-05-04 17:53:55.879, clock=0]
object notification: Tile [id=null, cell=Cell [x=3, y=1], subject=orange, time=2015-05-04 17:53:55.881, clock=0]
object notification: Tile [id=null, cell=Cell [x=3, y=0], subject=red, time=2015-05-04 17:53:55.879, clock=0]
object notification: Tile [id=null, cell=Cell [x=3, y=1], subject=orange, time=2015-05-04 17:53:55.881, clock=0]
object notification: Tile [id=null, cell=Cell [x=3, y=2], subject=purple, time=2015-05-04 17:53:55.883, clock=0]
object notification: Tile [id=null, cell=Cell [x=3, y=1], subject=orange, time=2015-05-04 17:53:55.881, clock=0]
org notification: Tile [id=null, cell=Cell [x=1, y=0], subject=green, time=2015-05-04 17:53:55.867, clock=0]
org notified sent tile(cell(1,0),green,0).
object notification: Tile [id=null, cell=Cell [x=3, y=3], subject=purple, time=2015-05-04 17:53:55.885, clock=0]
object notification: Tile [id=null, cell=Cell [x=3, y=2], subject=purple, time=2015-05-04 17:53:55.883, clock=0]
object notification: Tile [id=null, cell=Cell [x=3, y=2], subject=purple, time=2015-05-04 17:53:55.883, clock=0]
org notification: Tile [id=null, cell=Cell [x=1, y=1], subject=orange, time=2015-05-04 17:53:55.868, clock=0]
org notified sent tile(cell(1,1),orange,0).
object notification: Tile [id=null, cell=Cell [x=3, y=4], subject=orange, time=2015-05-04 17:53:55.886, clock=0]
object notification: Tile [id=null, cell=Cell [x=3, y=3], subject=purple, time=2015-05-04 17:53:55.885, clock=0]
object notification: Tile [id=null, cell=Cell [x=3, y=3], subject=purple, time=2015-05-04 17:53:55.885, clock=0]
object notification: Tile [id=null, cell=Cell [x=4, y=0], subject=green, time=2015-05-04 17:53:55.888, clock=0]
object notification: Tile [id=null, cell=Cell [x=3, y=4], subject=orange, time=2015-05-04 17:53:55.886, clock=0]
object notification: Tile [id=null, cell=Cell [x=3, y=4], subject=orange, time=2015-05-04 17:53:55.886, clock=0]
org notification: Tile [id=null, cell=Cell [x=1, y=2], subject=red, time=2015-05-04 17:53:55.869, clock=0]
org notified sent tile(cell(1,2),red,0).
object notification: Tile [id=null, cell=Cell [x=4, y=1], subject=purple, time=2015-05-04 17:53:55.889, clock=0]
org notification: Time [clock=6, time=2015-05-04 17:54:40.095]
org notified sent time(6).
object notification: Time [clock=6, time=2015-05-04 17:54:40.095]
Event sent to object      a40 clock(6)
object notification: Time [clock=6, time=2015-05-04 17:54:40.095]
Event sent to object      a30 clock(6)
object notification: Tile [id=null, cell=Cell [x=4, y=0], subject=green, time=2015-05-04 17:53:55.888, clock=0]
object notification: Time [clock=6, time=2015-05-04 17:54:40.095]
Event sent to object      a10 clock(6)
org notification: Tile [id=null, cell=Cell [x=1, y=3], subject=red, time=2015-05-04 17:53:55.87, clock=0]
org notified sent tile(cell(1,3),red,0).
object notification: Tile [id=null, cell=Cell [x=4, y=0], subject=green, time=2015-05-04 17:53:55.888, clock=0]
object notification: Tile [id=null, cell=Cell [x=4, y=2], subject=orange, time=2015-05-04 17:53:55.89, clock=0]
object notification: Tile [id=null, cell=Cell [x=4, y=1], subject=purple, time=2015-05-04 17:53:55.889, clock=0]
Organization notifies object (write): Obligation [subject=a10, obligation=[surround(3, 2)], sanction=[reduce(g, 500)], deadline=12, time=2015-05-04 17:54:45.017, clock=6]
object notification: Tile [id=null, cell=Cell [x=4, y=1], subject=purple, time=2015-05-04 17:53:55.889, clock=0]
object notification: Tile [id=null, cell=Cell [x=4, y=3], subject=purple, time=2015-05-04 17:53:55.892, clock=0]
object notification: Tile [id=null, cell=Cell [x=4, y=2], subject=orange, time=2015-05-04 17:53:55.89, clock=0]
object notification: Tile [id=null, cell=Cell [x=4, y=2], subject=orange, time=2015-05-04 17:53:55.89, clock=0]
object notification: Tile [id=null, cell=Cell [x=4, y=3], subject=purple, time=2015-05-04 17:53:55.892, clock=0]
object notification: Tile [id=null, cell=Cell [x=4, y=3], subject=purple, time=2015-05-04 17:53:55.892, clock=0]
object notification: Tile [id=null, cell=Cell [x=4, y=4], subject=green, time=2015-05-04 17:53:55.893, clock=0]
object notification: Tile [id=null, cell=Cell [x=4, y=4], subject=green, time=2015-05-04 17:53:55.893, clock=0]
object notification: Tile [id=null, cell=Cell [x=4, y=4], subject=green, time=2015-05-04 17:53:55.893, clock=0]
org notification: Tile [id=null, cell=Cell [x=1, y=4], subject=purple, time=2015-05-04 17:53:55.871, clock=0]
org notified sent tile(cell(1,4),purple,0).
org notification: Tile [id=null, cell=Cell [x=2, y=0], subject=red, time=2015-05-04 17:53:55.872, clock=0]
org notified sent tile(cell(2,0),red,0).
object notification: Obligation [subject=a10, obligation=[surround(3, 2)], sanction=[reduce(g, 500)], deadline=12, time=2015-05-04 17:54:45.017, clock=6]
Event sent to object      a10 obligation([surround(3, 2)], 12, [reduce(g, 500)])
org notification: Tile [id=null, cell=Cell [x=2, y=1], subject=red, time=2015-05-04 17:53:55.873, clock=0]
org notified sent tile(cell(2,1),red,0).
org notification: Tile [id=null, cell=Cell [x=2, y=2], subject=green, time=2015-05-04 17:53:55.875, clock=0]
org notified sent tile(cell(2,2),green,0).
org notification: Position [subject=a20, id=null, cell=Cell [x=0, y=4], time=2015-05-04 17:54:45.034, clock=2]
org notified sent position(a20,cell(0,4),2).
org notification: Tile [id=null, cell=Cell [x=2, y=3], subject=purple, time=2015-05-04 17:53:55.876, clock=0]
org notified sent tile(cell(2,3),purple,0).
org notification: Tile [id=null, cell=Cell [x=2, y=4], subject=red, time=2015-05-04 17:53:55.878, clock=0]
org notified sent tile(cell(2,4),red,0).
org notification: Chip [id=null, agent=a20, time=2015-05-04 17:54:45.052, color=orange, clock=2, number=2]
org notified sent chip(a20,orange,2,2).
org notification: Tile [id=null, cell=Cell [x=3, y=0], subject=red, time=2015-05-04 17:53:55.879, clock=0]
org notified sent tile(cell(3,0),red,0).
org notification: Tile [id=null, cell=Cell [x=3, y=1], subject=orange, time=2015-05-04 17:53:55.881, clock=0]
org notified sent tile(cell(3,1),orange,0).
org notification: Tile [id=null, cell=Cell [x=3, y=2], subject=purple, time=2015-05-04 17:53:55.883, clock=0]
org notified sent tile(cell(3,2),purple,0).
org notification: Tile [id=null, cell=Cell [x=3, y=3], subject=purple, time=2015-05-04 17:53:55.885, clock=0]
org notified sent tile(cell(3,3),purple,0).
org notification: Tile [id=null, cell=Cell [x=3, y=4], subject=orange, time=2015-05-04 17:53:55.886, clock=0]
org notified sent tile(cell(3,4),orange,0).
org notification: Position [subject=a30, id=null, cell=Cell [x=4, y=4], time=2015-05-04 17:54:45.072, clock=2]
org notified sent position(a30,cell(4,4),2).
object notification: Chip [id=null, agent=a30, time=2015-05-04 17:54:45.074, color=orange, clock=2, number=1]
Event sent to object      a30 chip(a30, orange, 1, 2)
org notification: Chip [id=null, agent=a20, time=2015-05-04 17:54:45.061, color=red, clock=2, number=3]
org notified sent chip(a20,red,3,2).
object notification: Chip [id=null, agent=a30, time=2015-05-04 17:54:45.076, color=red, clock=2, number=1]
Event sent to object      a30 chip(a30, red, 1, 2)
object notification: Position [subject=a30, id=null, cell=Cell [x=4, y=4], time=2015-05-04 17:54:45.072, clock=2]
Event sent to object      a30 position(4, 4, 2)
object notification: Chip [id=null, agent=a30, time=2015-05-04 17:54:45.078, color=purple, clock=2, number=3]
Event sent to object      a30 chip(a30, purple, 3, 2)
object notification: Chip [id=null, agent=a30, time=2015-05-04 17:54:45.079, color=green, clock=2, number=2]
Event sent to object      a30 chip(a30, green, 2, 2)
object notification: Chip [id=null, agent=a10, time=2015-05-04 17:54:45.084, color=orange, clock=2, number=1]
Event sent to object      a10 chip(a10, orange, 1, 2)
object notification: Chip [id=null, agent=a10, time=2015-05-04 17:54:45.086, color=red, clock=2, number=1]
Event sent to object      a10 chip(a10, red, 1, 2)
object notification: Chip [id=null, agent=a10, time=2015-05-04 17:54:45.088, color=purple, clock=2, number=3]
Event sent to object      a10 chip(a10, purple, 3, 2)
object notification: Chip [id=null, agent=a10, time=2015-05-04 17:54:45.089, color=green, clock=2, number=2]
object notification: Position [subject=a10, id=null, cell=Cell [x=0, y=0], time=2015-05-04 17:54:45.081, clock=2]
Event sent to object      a10 chip(a10, green, 2, 2)
Event sent to object      a10 position(0, 0, 2)
object notification: Chip [id=null, agent=a40, time=2015-05-04 17:54:45.093, color=orange, clock=2, number=2]
Event sent to object      a40 chip(a40, orange, 2, 2)
object notification: Position [subject=a40, id=null, cell=Cell [x=4, y=0], time=2015-05-04 17:54:45.091, clock=2]
object notification: Chip [id=null, agent=a40, time=2015-05-04 17:54:45.095, color=red, clock=2, number=3]
Event sent to object      a40 position(4, 4, 2)
Event sent to object      a40 chip(a40, red, 3, 2)
object notification: Chip [id=null, agent=a40, time=2015-05-04 17:54:45.096, color=purple, clock=2, number=1]
org notification: Tile [id=null, cell=Cell [x=4, y=0], subject=green, time=2015-05-04 17:53:55.888, clock=0]
Event sent to object      a40 chip(a40, purple, 1, 2)
org notified sent tile(cell(4,0),green,0).
object notification: Chip [id=null, agent=a40, time=2015-05-04 17:54:45.098, color=green, clock=2, number=2]
Event sent to object      a40 chip(a40, green, 2, 2)
org notification: Chip [id=null, agent=a20, time=2015-05-04 17:54:45.062, color=purple, clock=2, number=1]
org notified sent chip(a20,purple,1,2).
org notification: Position [subject=a10, id=null, cell=Cell [x=0, y=0], time=2015-05-04 17:54:45.081, clock=2]
org notified sent position(a10,cell(0,0),2).
org notification: Chip [id=null, agent=a20, time=2015-05-04 17:54:45.064, color=green, clock=2, number=2]
org notified sent chip(a20,green,2,2).
org notification: Tile [id=null, cell=Cell [x=4, y=1], subject=purple, time=2015-05-04 17:53:55.889, clock=0]
org notified sent tile(cell(4,1),purple,0).
org notification: Chip [id=null, agent=a30, time=2015-05-04 17:54:45.074, color=orange, clock=2, number=1]
org notified sent chip(a30,orange,1,2).
org notification: Position [subject=a40, id=null, cell=Cell [x=4, y=0], time=2015-05-04 17:54:45.091, clock=2]
org notified sent position(a40,cell(4,0),2).
org notification: Chip [id=null, agent=a30, time=2015-05-04 17:54:45.076, color=red, clock=2, number=1]
org notified sent chip(a30,red,1,2).
org notification: Tile [id=null, cell=Cell [x=4, y=2], subject=orange, time=2015-05-04 17:53:55.89, clock=0]
org notified sent tile(cell(4,2),orange,0).
org notification: Chip [id=null, agent=a30, time=2015-05-04 17:54:45.078, color=purple, clock=2, number=3]
org notified sent chip(a30,purple,3,2).
org notification: Chip [id=null, agent=a30, time=2015-05-04 17:54:45.079, color=green, clock=2, number=2]
org notified sent chip(a30,green,2,2).
org notification: Tile [id=null, cell=Cell [x=4, y=3], subject=purple, time=2015-05-04 17:53:55.892, clock=0]
org notified sent tile(cell(4,3),purple,0).
org notification: Chip [id=null, agent=a10, time=2015-05-04 17:54:45.084, color=orange, clock=2, number=1]
org notified sent chip(a10,orange,1,2).
org notification: Tile [id=null, cell=Cell [x=4, y=4], subject=green, time=2015-05-04 17:53:55.893, clock=0]
org notified sent tile(cell(4,4),green,0).
org notification: Chip [id=null, agent=a10, time=2015-05-04 17:54:45.086, color=red, clock=2, number=1]
org notified sent chip(a10,red,1,2).
org notification: Chip [id=null, agent=a10, time=2015-05-04 17:54:45.088, color=purple, clock=2, number=3]
org notified sent chip(a10,purple,3,2).
org notification: Chip [id=null, agent=a10, time=2015-05-04 17:54:45.089, color=green, clock=2, number=2]
org notified sent chip(a10,green,2,2).
org notification: Chip [id=null, agent=a40, time=2015-05-04 17:54:45.093, color=orange, clock=2, number=2]
org notified sent chip(a40,orange,2,2).
org notification: Chip [id=null, agent=a40, time=2015-05-04 17:54:45.095, color=red, clock=2, number=3]
org notified sent chip(a40,red,3,2).
org notification: Chip [id=null, agent=a40, time=2015-05-04 17:54:45.096, color=purple, clock=2, number=1]
org notified sent chip(a40,purple,1,2).
org notification: Chip [id=null, agent=a40, time=2015-05-04 17:54:45.098, color=green, clock=2, number=2]
org notified sent chip(a40,green,2,2).
object notification: Time [clock=7, time=2015-05-04 17:54:50.098]
org notification: Time [clock=7, time=2015-05-04 17:54:50.098]
org notified sent time(7).
object notification: Time [clock=7, time=2015-05-04 17:54:50.098]
Event sent to object      a30 clock(7)
object notification: Time [clock=7, time=2015-05-04 17:54:50.098]
Event sent to object      a10 clock(7)
Event sent to object      a40 clock(7)
