2015-05-11 16:11:11,589 CONFIG [com.gigaspaces.logger] - Log file: /Users/dxd/git/ct3/logs/2015-05-11~16.11-gigaspaces-service-128.243.23.149-40240.log
-------------------------last log tuples start--------------------------------
Time [clock=1, time=2015-05-11 16:10:21.584]
Time [clock=2, time=2015-05-11 16:10:31.758]
-------------------------last log tuples end----------------------------------
[CTAH] started agent 10
[CTAH] Added a new agent to the game by the name of 10.
[ENV] added agent a10
[CTAH] started agent 30
[CTAH] Added a new agent to the game by the name of 30.
[ENV] added agent a30
[CTAH] started agent 40
[CTAH] Added a new agent to the game by the name of 40.
[ENV] added agent a40
object notification: Time [clock=1, time=2015-05-11 16:11:23.804]
object notification: Time [clock=1, time=2015-05-11 16:11:23.804]
org notification: Time [clock=1, time=2015-05-11 16:11:23.804]
org notified sent time(1).
object notification: Time [clock=1, time=2015-05-11 16:11:23.804]
Event sent to object      a30 clock(1)
Event sent to object      a10 clock(1)
Event sent to object      a40 clock(1)
object notification: Time [clock=2, time=2015-05-11 16:11:33.878]
object notification: Time [clock=2, time=2015-05-11 16:11:33.878]
Event sent to object      a30 clock(2)
org notification: Time [clock=2, time=2015-05-11 16:11:33.878]
object notification: Time [clock=2, time=2015-05-11 16:11:33.878]
org notified sent time(2).
Event sent to object      a10 clock(2)
Event sent to object      a40 clock(2)
org notification: Time [clock=3, time=2015-05-11 16:11:43.881]
object notification: Time [clock=3, time=2015-05-11 16:11:43.881]
object notification: Time [clock=3, time=2015-05-11 16:11:43.881]
Event sent to object      a40 clock(3)
object notification: Time [clock=3, time=2015-05-11 16:11:43.881]
Event sent to object      a30 clock(3)
Event sent to object      a10 clock(3)
org notified sent time(3).
#########################Game started
#########################Game started
#########################Game started
#########################Game started
#########################Game started
#########################Game started
Event processed UpdateClock(1)
Event processed UpdateClock(1)
Event processed UpdateClock(2)
Event processed UpdateClock(1)
Event processed UpdateClock(2)
Event processed UpdateClock(3)
Event processed UpdateClock(2)
Event processed UpdateClock(3)
Event processed @ctenv(functionToList(message(game_initialized)),LIST,0); if B(LIST=[actionresult([TYPE,ID])]) then if B(TYPE=proposal) then {ReceivedMessage(TYPE, ID, open); adopta(received(TYPE, ID, closed) : Infinite, priority 1)} else if B(LIST=[actionresult([TYPE,ID,RESPONSE])]) then if B(TYPE=response) then ReceivedMessage(RESPONSE, ID) else if B(LIST=[actionresult([TYPE])]) then ReceivedEvent(TYPE) else if B(LIST=[actionresult([TYPE,AGENT,ID,RESPONSE])]) then if B(TYPE=proposal) then ReceivedProposal(AGENT, ID, RESPONSE)
Event processed UpdateClock(3)
Event processed @ctenv(functionToList(message(game_initialized)),LIST,0); if B(LIST=[actionresult([TYPE,ID])]) then if B(TYPE=proposal) then {ReceivedMessage(TYPE, ID, open); adopta(received(TYPE, ID, closed) : Infinite, priority 1)} else if B(LIST=[actionresult([TYPE,ID,RESPONSE])]) then if B(TYPE=response) then ReceivedMessage(RESPONSE, ID) else if B(LIST=[actionresult([TYPE])]) then ReceivedEvent(TYPE) else if B(LIST=[actionresult([TYPE,AGENT,ID,RESPONSE])]) then if B(TYPE=proposal) then ReceivedProposal(AGENT, ID, RESPONSE)
Event processed @ctenv(functionToList(message(game_initialized)),LIST,0); if B(LIST=[actionresult([TYPE,ID])]) then if B(TYPE=proposal) then {ReceivedMessage(TYPE, ID, open); adopta(received(TYPE, ID, closed) : Infinite, priority 1)} else if B(LIST=[actionresult([TYPE,ID,RESPONSE])]) then if B(TYPE=response) then ReceivedMessage(RESPONSE, ID) else if B(LIST=[actionresult([TYPE])]) then ReceivedEvent(TYPE) else if B(LIST=[actionresult([TYPE,AGENT,ID,RESPONSE])]) then if B(TYPE=proposal) then ReceivedProposal(AGENT, ID, RESPONSE)
Event processed @ctenv(functionToList(message(game_initialized)),LIST,0); if B(LIST=[actionresult([TYPE,ID])]) then if B(TYPE=proposal) then {ReceivedMessage(TYPE, ID, open); adopta(received(TYPE, ID, closed) : Infinite, priority 1)} else if B(LIST=[actionresult([TYPE,ID,RESPONSE])]) then if B(TYPE=response) then ReceivedMessage(RESPONSE, ID) else if B(LIST=[actionresult([TYPE])]) then ReceivedEvent(TYPE) else if B(LIST=[actionresult([TYPE,AGENT,ID,RESPONSE])]) then if B(TYPE=proposal) then ReceivedProposal(AGENT, ID, RESPONSE)
Event processed @ctenv(functionToList(message(game_initialized)),LIST,0); if B(LIST=[actionresult([TYPE,ID])]) then if B(TYPE=proposal) then {ReceivedMessage(TYPE, ID, open); adopta(received(TYPE, ID, closed) : Infinite, priority 1)} else if B(LIST=[actionresult([TYPE,ID,RESPONSE])]) then if B(TYPE=response) then ReceivedMessage(RESPONSE, ID) else if B(LIST=[actionresult([TYPE])]) then ReceivedEvent(TYPE) else if B(LIST=[actionresult([TYPE,AGENT,ID,RESPONSE])]) then if B(TYPE=proposal) then ReceivedProposal(AGENT, ID, RESPONSE)
Event processed @ctenv(functionToList(message(game_initialized)),LIST,0); if B(LIST=[actionresult([TYPE,ID])]) then if B(TYPE=proposal) then {ReceivedMessage(TYPE, ID, open); adopta(received(TYPE, ID, closed) : Infinite, priority 1)} else if B(LIST=[actionresult([TYPE,ID,RESPONSE])]) then if B(TYPE=response) then ReceivedMessage(RESPONSE, ID) else if B(LIST=[actionresult([TYPE])]) then ReceivedEvent(TYPE) else if B(LIST=[actionresult([TYPE,AGENT,ID,RESPONSE])]) then if B(TYPE=proposal) then ReceivedProposal(AGENT, ID, RESPONSE)
[CTAH] Array of Terms: [Lapapl.data.Term;@16dd5a9d
[CTAH] The created APLList : [game_initialized]
[CTAH] Array of Terms: [Lapapl.data.Term;@4e0dddff
[CTAH] The created APLList : [game_initialized]
[CTAH] Array of Terms: [Lapapl.data.Term;@22928095
[CTAH] The created APLList : [game_initialized]
[CTAH] Array of Terms: [Lapapl.data.Term;@4037c7ee
[CTAH] The created APLList : [game_initialized]
[CTAH] Array of Terms: [Lapapl.data.Term;@5669e732
[CTAH] The created APLList : [game_initialized]
[CTAH] Array of Terms: [Lapapl.data.Term;@42c9aff0
[CTAH] The created APLList : [game_initialized]
setPhases in ClientGameStatus, the current phase is 
setPhases in ClientGameStatus, the current phase is 
setPhases in ClientGameStatus, the current phase is 
setPhases in ClientGameStatus, the current phase is 
setPhases in ClientGameStatus, the current phase is 
setPhases in ClientGameStatus, the current phase is Norm Phase
setPhases in ClientGameStatus, the current phase is Norm Phase
setPhases in ClientGameStatus, the current phase is Norm Phase
setPhases in ClientGameStatus, the current phase is Norm Phase
object notification: Tile [id=null, cell=Cell [x=0, y=0], subject=green, time=2015-05-11 16:11:50.682, clock=0]
object notification: Tile [id=null, cell=Cell [x=0, y=0], subject=green, time=2015-05-11 16:11:50.682, clock=0]
org notification: Tile [id=null, cell=Cell [x=0, y=0], subject=green, time=2015-05-11 16:11:50.682, clock=0]
org notified sent tile(cell(0,0),green,0).
object notification: Tile [id=null, cell=Cell [x=0, y=0], subject=green, time=2015-05-11 16:11:50.682, clock=0]
org notification: Tile [id=null, cell=Cell [x=0, y=0], subject=green, time=2015-05-11 16:11:50.683, clock=0]
org notified sent tile(cell(0,0),green,0).
object notification: Tile [id=null, cell=Cell [x=0, y=0], subject=green, time=2015-05-11 16:11:50.683, clock=0]
object notification: Tile [id=null, cell=Cell [x=0, y=0], subject=green, time=2015-05-11 16:11:50.683, clock=0]
object notification: Tile [id=null, cell=Cell [x=0, y=0], subject=green, time=2015-05-11 16:11:50.683, clock=0]
object notification: Tile [id=null, cell=Cell [x=0, y=1], subject=green, time=2015-05-11 16:11:50.93, clock=0]
object notification: Tile [id=null, cell=Cell [x=0, y=1], subject=green, time=2015-05-11 16:11:50.93, clock=0]
org notification: Tile [id=null, cell=Cell [x=0, y=1], subject=green, time=2015-05-11 16:11:50.93, clock=0]
org notified sent tile(cell(0,1),green,0).
object notification: Tile [id=null, cell=Cell [x=0, y=1], subject=green, time=2015-05-11 16:11:50.93, clock=0]
object notification: Tile [id=null, cell=Cell [x=0, y=1], subject=green, time=2015-05-11 16:11:50.93, clock=0]
org notification: Tile [id=null, cell=Cell [x=0, y=1], subject=green, time=2015-05-11 16:11:50.93, clock=0]
org notified sent tile(cell(0,1),green,0).
org notification: Tile [id=null, cell=Cell [x=0, y=2], subject=red, time=2015-05-11 16:11:50.936, clock=0]
org notified sent tile(cell(0,2),red,0).
object notification: Tile [id=null, cell=Cell [x=0, y=1], subject=green, time=2015-05-11 16:11:50.93, clock=0]
object notification: Tile [id=null, cell=Cell [x=0, y=2], subject=red, time=2015-05-11 16:11:50.936, clock=0]
object notification: Tile [id=null, cell=Cell [x=0, y=2], subject=red, time=2015-05-11 16:11:50.94, clock=0]
object notification: Tile [id=null, cell=Cell [x=0, y=2], subject=red, time=2015-05-11 16:11:50.936, clock=0]
object notification: Tile [id=null, cell=Cell [x=0, y=1], subject=green, time=2015-05-11 16:11:50.93, clock=0]
object notification: Tile [id=null, cell=Cell [x=0, y=2], subject=red, time=2015-05-11 16:11:50.936, clock=0]
object notification: Tile [id=null, cell=Cell [x=0, y=2], subject=red, time=2015-05-11 16:11:50.94, clock=0]
object notification: Tile [id=null, cell=Cell [x=0, y=3], subject=orange, time=2015-05-11 16:11:50.947, clock=0]
org notification: Tile [id=null, cell=Cell [x=0, y=2], subject=red, time=2015-05-11 16:11:50.94, clock=0]
org notified sent tile(cell(0,2),red,0).
object notification: Tile [id=null, cell=Cell [x=0, y=3], subject=orange, time=2015-05-11 16:11:50.947, clock=0]
object notification: Tile [id=null, cell=Cell [x=0, y=2], subject=red, time=2015-05-11 16:11:50.94, clock=0]
org notification: Tile [id=null, cell=Cell [x=0, y=3], subject=orange, time=2015-05-11 16:11:50.947, clock=0]
org notified sent tile(cell(0,3),orange,0).
object notification: Tile [id=null, cell=Cell [x=0, y=3], subject=orange, time=2015-05-11 16:11:50.947, clock=0]
object notification: Tile [id=null, cell=Cell [x=0, y=3], subject=orange, time=2015-05-11 16:11:50.974, clock=0]
org notification: Tile [id=null, cell=Cell [x=0, y=3], subject=orange, time=2015-05-11 16:11:50.974, clock=0]
org notified sent tile(cell(0,3),orange,0).
object notification: Tile [id=null, cell=Cell [x=0, y=3], subject=orange, time=2015-05-11 16:11:50.974, clock=0]
org notification: Tile [id=null, cell=Cell [x=0, y=4], subject=green, time=2015-05-11 16:11:50.976, clock=0]
org notified sent tile(cell(0,4),green,0).
object notification: Tile [id=null, cell=Cell [x=0, y=4], subject=green, time=2015-05-11 16:11:50.976, clock=0]
object notification: Tile [id=null, cell=Cell [x=0, y=4], subject=green, time=2015-05-11 16:11:50.976, clock=0]
object notification: Tile [id=null, cell=Cell [x=0, y=3], subject=orange, time=2015-05-11 16:11:50.974, clock=0]
object notification: Tile [id=null, cell=Cell [x=0, y=4], subject=green, time=2015-05-11 16:11:50.976, clock=0]
org notification: Tile [id=null, cell=Cell [x=0, y=4], subject=green, time=2015-05-11 16:11:50.977, clock=0]
org notified sent tile(cell(0,4),green,0).
object notification: Tile [id=null, cell=Cell [x=0, y=4], subject=green, time=2015-05-11 16:11:50.977, clock=0]
object notification: Tile [id=null, cell=Cell [x=0, y=4], subject=green, time=2015-05-11 16:11:50.977, clock=0]
object notification: Tile [id=null, cell=Cell [x=0, y=4], subject=green, time=2015-05-11 16:11:50.977, clock=0]
org notification: Tile [id=null, cell=Cell [x=1, y=0], subject=green, time=2015-05-11 16:11:50.98, clock=0]
org notified sent tile(cell(1,0),green,0).
object notification: Tile [id=null, cell=Cell [x=1, y=0], subject=green, time=2015-05-11 16:11:50.98, clock=0]
org notification: Tile [id=null, cell=Cell [x=1, y=1], subject=orange, time=2015-05-11 16:11:50.983, clock=0]
org notified sent tile(cell(1,1),orange,0).
object notification: Tile [id=null, cell=Cell [x=1, y=1], subject=orange, time=2015-05-11 16:11:50.983, clock=0]
object notification: Tile [id=null, cell=Cell [x=1, y=0], subject=green, time=2015-05-11 16:11:50.98, clock=0]
org notification: Tile [id=null, cell=Cell [x=1, y=2], subject=red, time=2015-05-11 16:11:51.004, clock=0]
org notified sent tile(cell(1,2),red,0).
object notification: Tile [id=null, cell=Cell [x=1, y=2], subject=red, time=2015-05-11 16:11:51.004, clock=0]
object notification: Tile [id=null, cell=Cell [x=1, y=1], subject=orange, time=2015-05-11 16:11:50.983, clock=0]
object notification: Tile [id=null, cell=Cell [x=1, y=0], subject=green, time=2015-05-11 16:11:50.98, clock=0]
object notification: Tile [id=null, cell=Cell [x=1, y=1], subject=orange, time=2015-05-11 16:11:50.983, clock=0]
object notification: Tile [id=null, cell=Cell [x=1, y=0], subject=green, time=2015-05-11 16:11:51.006, clock=0]
org notification: Tile [id=null, cell=Cell [x=1, y=0], subject=green, time=2015-05-11 16:11:51.006, clock=0]
org notified sent tile(cell(1,0),green,0).
object notification: Tile [id=null, cell=Cell [x=1, y=2], subject=red, time=2015-05-11 16:11:51.004, clock=0]
object notification: Tile [id=null, cell=Cell [x=1, y=0], subject=green, time=2015-05-11 16:11:51.006, clock=0]
object notification: Tile [id=null, cell=Cell [x=1, y=3], subject=red, time=2015-05-11 16:11:51.006, clock=0]
org notification: Tile [id=null, cell=Cell [x=1, y=3], subject=red, time=2015-05-11 16:11:51.006, clock=0]
org notified sent tile(cell(1,3),red,0).
object notification: Tile [id=null, cell=Cell [x=1, y=2], subject=red, time=2015-05-11 16:11:51.004, clock=0]
object notification: Tile [id=null, cell=Cell [x=1, y=3], subject=red, time=2015-05-11 16:11:51.006, clock=0]
#########################Game Initialized
#########################Game Initialized
AGENT Thread-16: current phase name: Norm Phase
we have 1 goals
we have GoalWeight: 100  DistWeight: -10  ChipWeight: 5  CommWeight: 0 scoring
AGENT Thread-12: current phase name: Norm Phase
we have 1 goals
we have GoalWeight: 100  DistWeight: -10  ChipWeight: 5  CommWeight: 0 scoring
#########################Game Initialized
AGENT Thread-14: current phase name: Norm Phase
we have 1 goals
we have GoalWeight: 100  DistWeight: -10  ChipWeight: 5  CommWeight: 0 scoring
#########################Game Initialized
AGENT Thread-12: current phase name: Norm Phase
we have 1 goals
we have GoalWeight: 100  DistWeight: -10  ChipWeight: 5  CommWeight: 0 scoring
#########################Game Initialized
AGENT Thread-14: current phase name: Norm Phase
we have 1 goals
we have GoalWeight: 100  DistWeight: -10  ChipWeight: 5  CommWeight: 0 scoring
#########################Game Initialized
AGENT Thread-16: current phase name: Norm Phase
we have 1 goals
we have GoalWeight: 100  DistWeight: -10  ChipWeight: 5  CommWeight: 0 scoring
org notification: Tile [id=null, cell=Cell [x=1, y=4], subject=purple, time=2015-05-11 16:11:51.009, clock=0]
org notified sent tile(cell(1,4),purple,0).
object notification: Tile [id=null, cell=Cell [x=1, y=0], subject=green, time=2015-05-11 16:11:51.006, clock=0]
object notification: Tile [id=null, cell=Cell [x=1, y=4], subject=purple, time=2015-05-11 16:11:51.009, clock=0]
object notification: Tile [id=null, cell=Cell [x=1, y=3], subject=red, time=2015-05-11 16:11:51.006, clock=0]
object notification: Tile [id=null, cell=Cell [x=1, y=4], subject=purple, time=2015-05-11 16:11:51.009, clock=0]
object notification: Tile [id=null, cell=Cell [x=1, y=1], subject=orange, time=2015-05-11 16:11:51.009, clock=0]
object notification: Tile [id=null, cell=Cell [x=2, y=0], subject=red, time=2015-05-11 16:11:51.046, clock=0]
object notification: Tile [id=null, cell=Cell [x=1, y=1], subject=orange, time=2015-05-11 16:11:51.009, clock=0]
org notification: Tile [id=null, cell=Cell [x=1, y=1], subject=orange, time=2015-05-11 16:11:51.009, clock=0]
org notified sent tile(cell(1,1),orange,0).
object notification: Tile [id=null, cell=Cell [x=2, y=1], subject=red, time=2015-05-11 16:11:51.048, clock=0]
object notification: Tile [id=null, cell=Cell [x=1, y=4], subject=purple, time=2015-05-11 16:11:51.009, clock=0]
object notification: Tile [id=null, cell=Cell [x=2, y=2], subject=green, time=2015-05-11 16:11:51.05, clock=0]
org notification: Tile [id=null, cell=Cell [x=2, y=0], subject=red, time=2015-05-11 16:11:51.046, clock=0]
org notified sent tile(cell(2,0),red,0).
object notification: Tile [id=null, cell=Cell [x=1, y=1], subject=orange, time=2015-05-11 16:11:51.009, clock=0]
object notification: Tile [id=null, cell=Cell [x=2, y=3], subject=purple, time=2015-05-11 16:11:51.054, clock=0]
org notification: Tile [id=null, cell=Cell [x=2, y=1], subject=red, time=2015-05-11 16:11:51.048, clock=0]
org notified sent tile(cell(2,1),red,0).
org notification: Tile [id=null, cell=Cell [x=2, y=2], subject=green, time=2015-05-11 16:11:51.05, clock=0]
org notified sent tile(cell(2,2),green,0).
object notification: Tile [id=null, cell=Cell [x=2, y=0], subject=red, time=2015-05-11 16:11:51.046, clock=0]
object notification: Tile [id=null, cell=Cell [x=2, y=1], subject=red, time=2015-05-11 16:11:51.048, clock=0]
object notification: Tile [id=null, cell=Cell [x=2, y=0], subject=red, time=2015-05-11 16:11:51.046, clock=0]
org notification: Tile [id=null, cell=Cell [x=2, y=3], subject=purple, time=2015-05-11 16:11:51.054, clock=0]
org notified sent tile(cell(2,3),purple,0).
object notification: Tile [id=null, cell=Cell [x=2, y=2], subject=green, time=2015-05-11 16:11:51.05, clock=0]
object notification: Tile [id=null, cell=Cell [x=2, y=4], subject=red, time=2015-05-11 16:11:51.056, clock=0]
object notification: Tile [id=null, cell=Cell [x=2, y=1], subject=red, time=2015-05-11 16:11:51.048, clock=0]
object notification: Tile [id=null, cell=Cell [x=2, y=3], subject=purple, time=2015-05-11 16:11:51.054, clock=0]
object notification: Tile [id=null, cell=Cell [x=3, y=0], subject=red, time=2015-05-11 16:11:51.058, clock=0]
object notification: Tile [id=null, cell=Cell [x=2, y=2], subject=green, time=2015-05-11 16:11:51.05, clock=0]
object notification: Tile [id=null, cell=Cell [x=2, y=4], subject=red, time=2015-05-11 16:11:51.056, clock=0]
object notification: Tile [id=null, cell=Cell [x=1, y=2], subject=red, time=2015-05-11 16:11:51.058, clock=0]
object notification: Tile [id=null, cell=Cell [x=2, y=3], subject=purple, time=2015-05-11 16:11:51.054, clock=0]
object notification: Tile [id=null, cell=Cell [x=3, y=0], subject=red, time=2015-05-11 16:11:51.058, clock=0]
object notification: Tile [id=null, cell=Cell [x=1, y=3], subject=red, time=2015-05-11 16:11:51.067, clock=0]
object notification: Tile [id=null, cell=Cell [x=2, y=4], subject=red, time=2015-05-11 16:11:51.056, clock=0]
object notification: Tile [id=null, cell=Cell [x=1, y=2], subject=red, time=2015-05-11 16:11:51.058, clock=0]
object notification: Tile [id=null, cell=Cell [x=1, y=4], subject=purple, time=2015-05-11 16:11:51.077, clock=0]
object notification: Tile [id=null, cell=Cell [x=3, y=0], subject=red, time=2015-05-11 16:11:51.058, clock=0]
object notification: Tile [id=null, cell=Cell [x=1, y=3], subject=red, time=2015-05-11 16:11:51.067, clock=0]
object notification: Tile [id=null, cell=Cell [x=3, y=1], subject=orange, time=2015-05-11 16:11:51.081, clock=0]
object notification: Tile [id=null, cell=Cell [x=2, y=0], subject=red, time=2015-05-11 16:11:51.083, clock=0]
object notification: Tile [id=null, cell=Cell [x=1, y=4], subject=purple, time=2015-05-11 16:11:51.077, clock=0]
object notification: Tile [id=null, cell=Cell [x=3, y=1], subject=orange, time=2015-05-11 16:11:51.081, clock=0]
object notification: Tile [id=null, cell=Cell [x=3, y=2], subject=purple, time=2015-05-11 16:11:51.085, clock=0]
object notification: Tile [id=null, cell=Cell [x=2, y=1], subject=red, time=2015-05-11 16:11:51.085, clock=0]
object notification: Tile [id=null, cell=Cell [x=2, y=0], subject=red, time=2015-05-11 16:11:51.083, clock=0]
object notification: Tile [id=null, cell=Cell [x=3, y=2], subject=purple, time=2015-05-11 16:11:51.085, clock=0]
object notification: Tile [id=null, cell=Cell [x=1, y=2], subject=red, time=2015-05-11 16:11:51.058, clock=0]
object notification: Tile [id=null, cell=Cell [x=2, y=1], subject=red, time=2015-05-11 16:11:51.085, clock=0]
object notification: Tile [id=null, cell=Cell [x=1, y=3], subject=red, time=2015-05-11 16:11:51.067, clock=0]
object notification: Tile [id=null, cell=Cell [x=1, y=4], subject=purple, time=2015-05-11 16:11:51.077, clock=0]
object notification: Tile [id=null, cell=Cell [x=3, y=1], subject=orange, time=2015-05-11 16:11:51.081, clock=0]
object notification: Tile [id=null, cell=Cell [x=2, y=0], subject=red, time=2015-05-11 16:11:51.083, clock=0]
object notification: Tile [id=null, cell=Cell [x=3, y=2], subject=purple, time=2015-05-11 16:11:51.085, clock=0]
object notification: Tile [id=null, cell=Cell [x=2, y=1], subject=red, time=2015-05-11 16:11:51.085, clock=0]
object notification: Tile [id=null, cell=Cell [x=2, y=2], subject=green, time=2015-05-11 16:11:51.087, clock=0]
object notification: Tile [id=null, cell=Cell [x=2, y=2], subject=green, time=2015-05-11 16:11:51.087, clock=0]
object notification: Tile [id=null, cell=Cell [x=3, y=3], subject=purple, time=2015-05-11 16:11:51.087, clock=0]
object notification: Tile [id=null, cell=Cell [x=3, y=3], subject=purple, time=2015-05-11 16:11:51.087, clock=0]
object notification: Tile [id=null, cell=Cell [x=3, y=3], subject=purple, time=2015-05-11 16:11:51.087, clock=0]
object notification: Tile [id=null, cell=Cell [x=2, y=2], subject=green, time=2015-05-11 16:11:51.087, clock=0]
object notification: Tile [id=null, cell=Cell [x=3, y=4], subject=orange, time=2015-05-11 16:11:51.09, clock=0]
object notification: Tile [id=null, cell=Cell [x=3, y=4], subject=orange, time=2015-05-11 16:11:51.09, clock=0]
object notification: Tile [id=null, cell=Cell [x=3, y=4], subject=orange, time=2015-05-11 16:11:51.09, clock=0]
object notification: Tile [id=null, cell=Cell [x=2, y=3], subject=purple, time=2015-05-11 16:11:51.09, clock=0]
object notification: Tile [id=null, cell=Cell [x=2, y=3], subject=purple, time=2015-05-11 16:11:51.09, clock=0]
object notification: Tile [id=null, cell=Cell [x=2, y=3], subject=purple, time=2015-05-11 16:11:51.09, clock=0]
object notification: Tile [id=null, cell=Cell [x=2, y=4], subject=red, time=2015-05-11 16:11:51.093, clock=0]
object notification: Tile [id=null, cell=Cell [x=4, y=0], subject=green, time=2015-05-11 16:11:51.093, clock=0]
object notification: Tile [id=null, cell=Cell [x=4, y=0], subject=green, time=2015-05-11 16:11:51.093, clock=0]
object notification: Tile [id=null, cell=Cell [x=2, y=4], subject=red, time=2015-05-11 16:11:51.093, clock=0]
object notification: Tile [id=null, cell=Cell [x=4, y=0], subject=green, time=2015-05-11 16:11:51.093, clock=0]
object notification: Tile [id=null, cell=Cell [x=2, y=4], subject=red, time=2015-05-11 16:11:51.093, clock=0]
org notification: Tile [id=null, cell=Cell [x=2, y=4], subject=red, time=2015-05-11 16:11:51.056, clock=0]
org notified sent tile(cell(2,4),red,0).
org notification: Tile [id=null, cell=Cell [x=3, y=0], subject=red, time=2015-05-11 16:11:51.058, clock=0]
org notified sent tile(cell(3,0),red,0).
object notification: Tile [id=null, cell=Cell [x=3, y=0], subject=red, time=2015-05-11 16:11:51.096, clock=0]
org notification: Tile [id=null, cell=Cell [x=1, y=2], subject=red, time=2015-05-11 16:11:51.058, clock=0]
org notified sent tile(cell(1,2),red,0).
object notification: Tile [id=null, cell=Cell [x=3, y=0], subject=red, time=2015-05-11 16:11:51.096, clock=0]
org notification: Tile [id=null, cell=Cell [x=1, y=3], subject=red, time=2015-05-11 16:11:51.067, clock=0]
org notified sent tile(cell(1,3),red,0).
object notification: Tile [id=null, cell=Cell [x=3, y=0], subject=red, time=2015-05-11 16:11:51.096, clock=0]
object notification: Tile [id=null, cell=Cell [x=4, y=1], subject=purple, time=2015-05-11 16:11:51.097, clock=0]
object notification: Tile [id=null, cell=Cell [x=4, y=1], subject=purple, time=2015-05-11 16:11:51.097, clock=0]
org notification: Tile [id=null, cell=Cell [x=1, y=4], subject=purple, time=2015-05-11 16:11:51.077, clock=0]
org notified sent tile(cell(1,4),purple,0).
object notification: Tile [id=null, cell=Cell [x=3, y=1], subject=orange, time=2015-05-11 16:11:51.098, clock=0]
object notification: Tile [id=null, cell=Cell [x=3, y=1], subject=orange, time=2015-05-11 16:11:51.098, clock=0]
org notification: Tile [id=null, cell=Cell [x=3, y=1], subject=orange, time=2015-05-11 16:11:51.081, clock=0]
org notified sent tile(cell(3,1),orange,0).
object notification: Tile [id=null, cell=Cell [x=4, y=1], subject=purple, time=2015-05-11 16:11:51.097, clock=0]
object notification: Tile [id=null, cell=Cell [x=3, y=1], subject=orange, time=2015-05-11 16:11:51.098, clock=0]
object notification: Tile [id=null, cell=Cell [x=4, y=2], subject=orange, time=2015-05-11 16:11:51.099, clock=0]
object notification: Tile [id=null, cell=Cell [x=4, y=2], subject=orange, time=2015-05-11 16:11:51.099, clock=0]
object notification: Tile [id=null, cell=Cell [x=3, y=2], subject=purple, time=2015-05-11 16:11:51.1, clock=0]
object notification: Tile [id=null, cell=Cell [x=4, y=2], subject=orange, time=2015-05-11 16:11:51.099, clock=0]
object notification: Tile [id=null, cell=Cell [x=3, y=2], subject=purple, time=2015-05-11 16:11:51.1, clock=0]
object notification: Tile [id=null, cell=Cell [x=3, y=3], subject=purple, time=2015-05-11 16:11:51.102, clock=0]
object notification: Tile [id=null, cell=Cell [x=3, y=3], subject=purple, time=2015-05-11 16:11:51.102, clock=0]
object notification: Tile [id=null, cell=Cell [x=4, y=3], subject=purple, time=2015-05-11 16:11:51.102, clock=0]
object notification: Tile [id=null, cell=Cell [x=4, y=3], subject=purple, time=2015-05-11 16:11:51.102, clock=0]
object notification: Tile [id=null, cell=Cell [x=3, y=4], subject=orange, time=2015-05-11 16:11:51.105, clock=0]
object notification: Tile [id=null, cell=Cell [x=3, y=4], subject=orange, time=2015-05-11 16:11:51.105, clock=0]
object notification: Tile [id=null, cell=Cell [x=4, y=4], subject=green, time=2015-05-11 16:11:51.105, clock=0]
object notification: Tile [id=null, cell=Cell [x=4, y=4], subject=green, time=2015-05-11 16:11:51.105, clock=0]
object notification: Tile [id=null, cell=Cell [x=3, y=2], subject=purple, time=2015-05-11 16:11:51.1, clock=0]
object notification: Tile [id=null, cell=Cell [x=3, y=3], subject=purple, time=2015-05-11 16:11:51.102, clock=0]
object notification: Tile [id=null, cell=Cell [x=4, y=3], subject=purple, time=2015-05-11 16:11:51.102, clock=0]
object notification: Tile [id=null, cell=Cell [x=3, y=4], subject=orange, time=2015-05-11 16:11:51.105, clock=0]
object notification: Tile [id=null, cell=Cell [x=4, y=4], subject=green, time=2015-05-11 16:11:51.105, clock=0]
object notification: Tile [id=null, cell=Cell [x=4, y=0], subject=green, time=2015-05-11 16:11:51.107, clock=0]
org notification: Tile [id=null, cell=Cell [x=2, y=0], subject=red, time=2015-05-11 16:11:51.083, clock=0]
org notified sent tile(cell(2,0),red,0).
object notification: Tile [id=null, cell=Cell [x=4, y=0], subject=green, time=2015-05-11 16:11:51.107, clock=0]
org notification: Tile [id=null, cell=Cell [x=3, y=2], subject=purple, time=2015-05-11 16:11:51.085, clock=0]
org notified sent tile(cell(3,2),purple,0).
object notification: Tile [id=null, cell=Cell [x=4, y=0], subject=green, time=2015-05-11 16:11:51.107, clock=0]
object notification: Tile [id=null, cell=Cell [x=4, y=1], subject=purple, time=2015-05-11 16:11:51.109, clock=0]
object notification: Tile [id=null, cell=Cell [x=4, y=1], subject=purple, time=2015-05-11 16:11:51.109, clock=0]
object notification: Tile [id=null, cell=Cell [x=4, y=2], subject=orange, time=2015-05-11 16:11:51.112, clock=0]
object notification: Tile [id=null, cell=Cell [x=4, y=2], subject=orange, time=2015-05-11 16:11:51.112, clock=0]
object notification: Tile [id=null, cell=Cell [x=4, y=3], subject=purple, time=2015-05-11 16:11:51.114, clock=0]
object notification: Tile [id=null, cell=Cell [x=4, y=3], subject=purple, time=2015-05-11 16:11:51.114, clock=0]
object notification: Tile [id=null, cell=Cell [x=4, y=4], subject=green, time=2015-05-11 16:11:51.123, clock=0]
object notification: Tile [id=null, cell=Cell [x=4, y=1], subject=purple, time=2015-05-11 16:11:51.109, clock=0]
object notification: Tile [id=null, cell=Cell [x=4, y=4], subject=green, time=2015-05-11 16:11:51.123, clock=0]
object notification: Tile [id=null, cell=Cell [x=4, y=2], subject=orange, time=2015-05-11 16:11:51.112, clock=0]
object notification: Tile [id=null, cell=Cell [x=4, y=3], subject=purple, time=2015-05-11 16:11:51.114, clock=0]
org notification: Tile [id=null, cell=Cell [x=2, y=1], subject=red, time=2015-05-11 16:11:51.085, clock=0]
org notified sent tile(cell(2,1),red,0).
org notification: Tile [id=null, cell=Cell [x=3, y=3], subject=purple, time=2015-05-11 16:11:51.087, clock=0]
org notified sent tile(cell(3,3),purple,0).
org notification: Tile [id=null, cell=Cell [x=2, y=2], subject=green, time=2015-05-11 16:11:51.087, clock=0]
org notified sent tile(cell(2,2),green,0).
object notification: Time [clock=4, time=2015-05-11 16:11:53.885]
Event sent to object      a10 clock(4)
object notification: Time [clock=4, time=2015-05-11 16:11:53.885]
Event sent to object      a30 clock(4)
org notification: Time [clock=4, time=2015-05-11 16:11:53.885]
org notified sent time(4).
object notification: Time [clock=5, time=2015-05-11 16:12:03.887]
Event sent to object      a10 clock(5)
object notification: Time [clock=5, time=2015-05-11 16:12:03.887]
Event sent to object      a30 clock(5)
object notification: Time [clock=4, time=2015-05-11 16:11:53.885]
Event sent to object      a40 clock(4)
object notification: Time [clock=6, time=2015-05-11 16:12:13.89]
Event sent to object      a10 clock(6)
object notification: Time [clock=6, time=2015-05-11 16:12:13.89]
Event sent to object      a30 clock(6)
object notification: Time [clock=7, time=2015-05-11 16:12:23.892]
Event sent to object      a10 clock(7)
object notification: Time [clock=7, time=2015-05-11 16:12:23.892]
Event sent to object      a30 clock(7)
object notification: Tile [id=null, cell=Cell [x=4, y=4], subject=green, time=2015-05-11 16:11:51.123, clock=0]
org notification: Tile [id=null, cell=Cell [x=3, y=4], subject=orange, time=2015-05-11 16:11:51.09, clock=0]
org notified sent tile(cell(3,4),orange,0).
org notification: Tile [id=null, cell=Cell [x=2, y=3], subject=purple, time=2015-05-11 16:11:51.09, clock=0]
org notified sent tile(cell(2,3),purple,0).
org notification: Tile [id=null, cell=Cell [x=4, y=0], subject=green, time=2015-05-11 16:11:51.093, clock=0]
org notified sent tile(cell(4,0),green,0).
org notification: Tile [id=null, cell=Cell [x=2, y=4], subject=red, time=2015-05-11 16:11:51.093, clock=0]
org notified sent tile(cell(2,4),red,0).
org notification: Tile [id=null, cell=Cell [x=3, y=0], subject=red, time=2015-05-11 16:11:51.096, clock=0]
org notified sent tile(cell(3,0),red,0).
org notification: Tile [id=null, cell=Cell [x=4, y=1], subject=purple, time=2015-05-11 16:11:51.097, clock=0]
org notified sent tile(cell(4,1),purple,0).
org notification: Tile [id=null, cell=Cell [x=3, y=1], subject=orange, time=2015-05-11 16:11:51.098, clock=0]
org notified sent tile(cell(3,1),orange,0).
org notification: Goal [id=null, cell=Cell [x=2, y=2], agent=null, time=2015-05-11 16:11:51.17, clock=0]
org notified sent goal(cell(2,2),null,0).
object notification: Time [clock=5, time=2015-05-11 16:12:03.887]
Event sent to object      a40 clock(5)
Organization notifies object (write): Obligation [subject=a20, obligation=[surround(2, 2)], sanction=[reduce(g, 500)], deadline=14, time=2015-05-11 16:12:25.023, clock=7]
object notification: Time [clock=6, time=2015-05-11 16:12:13.89]
Event sent to object      a40 clock(6)
org notification: Time [clock=5, time=2015-05-11 16:12:03.887]
org notified sent time(5).
object notification: Position [subject=a40, id=null, cell=Cell [x=4, y=0], time=2015-05-11 16:12:25.002, clock=4]
Event sent to object      a40 position(4, 4, 4)
object notification: Position [subject=a40, id=null, cell=Cell [x=4, y=0], time=2015-05-11 16:12:24.991, clock=4]
Event sent to object      a40 position(4, 4, 4)
object notification: Time [clock=7, time=2015-05-11 16:12:23.892]
Event sent to object      a40 clock(7)
aplprolog.Parsing.ParseException: Encountered "<EOF>" at line 1, column 8.
Was expecting one of:
    <INTEGER_LITERAL> ...
    <FLOATING_POINT_LITERAL> ...
    <CHARACTER_LITERAL> ...
    <STD_IDENTIFIER> ...
    <VAR_IDENTIFIER> ...
    "(" ...
    "[" ...
    ";" ...
    "!" ...
    "-" ...
    "->" ...
    "\\+" ...
    "|" ...
    "-" ...
    <STD_IDENTIFIER> ...
    <CHARACTER_LITERAL> ...
    "->" ...
    ";" ...
    "|" ...
    "\\+" ...
    <INTEGER_LITERAL> ...
    <FLOATING_POINT_LITERAL> ...
    <VAR_IDENTIFIER> ...
    "!" ...
    "(" ...
    "[" ...
    
Error while procession organization notification
java.lang.NullPointerException
	at oopl.DistributedOOPL.handleEvent(DistributedOOPL.java:49)
	at ctMW.EnvCT.notifyOrg(EnvCT.java:682)
	at ctMW.OrgHandler.notify(OrgHandler.java:31)
	at com.j_spaces.core.client.NotifyDelegator.notify(NotifyDelegator.java:142)
	at com.gigaspaces.events.fifo.BlockedOrderedQueue$NotifyFifoTask.dequeueAndTrigger(BlockedOrderedQueue.java:319)
	at com.gigaspaces.events.fifo.BlockedOrderedQueue$NotifyFifoTask.run(BlockedOrderedQueue.java:290)
	at com.gigaspaces.internal.utils.concurrent.RunnableContextClassLoaderDecorator.run(RunnableContextClassLoaderDecorator.java:40)
	at java.util.concurrent.ThreadPoolExecutor$Worker.runTask(ThreadPoolExecutor.java:895)
	at java.util.concurrent.ThreadPoolExecutor$Worker.run(ThreadPoolExecutor.java:918)
	at java.lang.Thread.run(Thread.java:695)
org notification: Goal [id=null, cell=Cell [x=2, y=2], agent=null, time=2015-05-11 16:11:51.17, clock=0]
org notified sent goal(cell(2,2),null,0).
org notification: Time [clock=6, time=2015-05-11 16:12:13.89]
org notified sent time(6).
org notification: Tile [id=null, cell=Cell [x=4, y=2], subject=orange, time=2015-05-11 16:11:51.099, clock=0]
org notification: Position [subject=a40, id=null, cell=Cell [x=4, y=0], time=2015-05-11 16:12:25.002, clock=4]
org notified sent position(a40,cell(4,0),4).
org notified sent tile(cell(4,2),orange,0).
org notification: Position [subject=a40, id=null, cell=Cell [x=4, y=0], time=2015-05-11 16:12:24.991, clock=4]
org notified sent position(a40,cell(4,0),4).
org notification: Time [clock=7, time=2015-05-11 16:12:23.892]
org notified sent time(7).
org notification: Tile [id=null, cell=Cell [x=3, y=2], subject=purple, time=2015-05-11 16:11:51.1, clock=0]
org notified sent tile(cell(3,2),purple,0).
org notification: Tile [id=null, cell=Cell [x=3, y=3], subject=purple, time=2015-05-11 16:11:51.102, clock=0]
org notified sent tile(cell(3,3),purple,0).
org notification: Tile [id=null, cell=Cell [x=4, y=3], subject=purple, time=2015-05-11 16:11:51.102, clock=0]
org notified sent tile(cell(4,3),purple,0).
org notification: Tile [id=null, cell=Cell [x=3, y=4], subject=orange, time=2015-05-11 16:11:51.105, clock=0]
org notified sent tile(cell(3,4),orange,0).
org notification: Tile [id=null, cell=Cell [x=4, y=4], subject=green, time=2015-05-11 16:11:51.105, clock=0]
org notified sent tile(cell(4,4),green,0).
Event processed UpdateClock(4)
Event processed UpdateClock(5)
Event processed UpdateClock(6)
Event processed UpdateClock(7)
org notification: Tile [id=null, cell=Cell [x=4, y=0], subject=green, time=2015-05-11 16:11:51.107, clock=0]
org notified sent tile(cell(4,0),green,0).
org notification: Position [subject=a10, id=null, cell=Cell [x=0, y=0], time=2015-05-11 16:12:25.079, clock=4]
org notified sent position(a10,cell(0,0),4).
org notification: Tile [id=null, cell=Cell [x=4, y=1], subject=purple, time=2015-05-11 16:11:51.109, clock=0]
org notified sent tile(cell(4,1),purple,0).
object notification: Chip [id=null, agent=a40, time=2015-05-11 16:12:25.058, color=orange, clock=4, number=2]
Event sent to object      a40 chip(a40, orange, 2, 4)
object notification: Chip [id=null, agent=a40, time=2015-05-11 16:12:25.07, color=red, clock=4, number=3]
Event sent to object      a40 chip(a40, red, 3, 4)
org notification: Tile [id=null, cell=Cell [x=4, y=2], subject=orange, time=2015-05-11 16:11:51.112, clock=0]
org notified sent tile(cell(4,2),orange,0).
org notification: Tile [id=null, cell=Cell [x=4, y=3], subject=purple, time=2015-05-11 16:11:51.114, clock=0]
org notified sent tile(cell(4,3),purple,0).
org notification: Chip [id=null, agent=a40, time=2015-05-11 16:12:25.058, color=orange, clock=4, number=2]
org notified sent chip(a40,orange,2,4).
org notification: Tile [id=null, cell=Cell [x=4, y=4], subject=green, time=2015-05-11 16:11:51.123, clock=0]
org notified sent tile(cell(4,4),green,0).
org notification: Position [subject=a10, id=null, cell=Cell [x=0, y=0], time=2015-05-11 16:12:25.095, clock=4]
org notified sent position(a10,cell(0,0),4).
org notification: Chip [id=null, agent=a40, time=2015-05-11 16:12:25.07, color=red, clock=4, number=3]
org notified sent chip(a40,red,3,4).
object notification: Position [subject=a30, id=null, cell=Cell [x=4, y=4], time=2015-05-11 16:12:25.101, clock=4]
Event sent to object      a30 position(4, 4, 4)
object notification: Chip [id=null, agent=a40, time=2015-05-11 16:12:25.059, color=orange, clock=4, number=2]
object notification: Position [subject=a30, id=null, cell=Cell [x=4, y=4], time=2015-05-11 16:12:25.148, clock=4]
Event sent to object      a40 chip(a40, orange, 2, 4)
Event sent to object      a30 position(4, 4, 4)
object notification: Chip [id=null, agent=a40, time=2015-05-11 16:12:25.073, color=purple, clock=4, number=3]
Event sent to object      a40 chip(a40, purple, 3, 4)
object notification: Chip [id=null, agent=a40, time=2015-05-11 16:12:25.076, color=green, clock=4, number=2]
Event sent to object      a40 chip(a40, green, 2, 4)
object notification: Chip [id=null, agent=a40, time=2015-05-11 16:12:25.077, color=red, clock=4, number=3]
Event sent to object      a40 chip(a40, red, 3, 4)
object notification: Chip [id=null, agent=a40, time=2015-05-11 16:12:25.083, color=purple, clock=4, number=3]
Event sent to object      a40 chip(a40, purple, 3, 4)
object notification: Chip [id=null, agent=a40, time=2015-05-11 16:12:25.088, color=green, clock=4, number=2]
Event sent to object      a40 chip(a40, green, 2, 4)
org notification: Position [subject=a30, id=null, cell=Cell [x=4, y=4], time=2015-05-11 16:12:25.101, clock=4]
org notified sent position(a30,cell(4,4),4).
org notification: Chip [id=null, agent=a40, time=2015-05-11 16:12:25.059, color=orange, clock=4, number=2]
org notified sent chip(a40,orange,2,4).
org notification: Chip [id=null, agent=a40, time=2015-05-11 16:12:25.073, color=purple, clock=4, number=3]
org notified sent chip(a40,purple,3,4).
object notification: Chip [id=null, agent=a30, time=2015-05-11 16:12:25.109, color=orange, clock=4, number=1]
Event sent to object      a30 chip(a30, orange, 1, 4)
org notification: Chip [id=null, agent=a40, time=2015-05-11 16:12:25.076, color=green, clock=4, number=2]
org notified sent chip(a40,green,2,4).
object notification: Chip [id=null, agent=a10, time=2015-05-11 16:12:25.084, color=orange, clock=4, number=3]
org notification: Position [subject=a30, id=null, cell=Cell [x=4, y=4], time=2015-05-11 16:12:25.148, clock=4]
org notified sent position(a30,cell(4,4),4).
Event sent to object      a10 chip(a10, orange, 3, 4)
object notification: Position [subject=a10, id=null, cell=Cell [x=0, y=0], time=2015-05-11 16:12:25.079, clock=4]
Event sent to object      a10 position(0, 0, 4)
object notification: Position [subject=a10, id=null, cell=Cell [x=0, y=0], time=2015-05-11 16:12:25.095, clock=4]
Event sent to object      a10 position(0, 0, 4)
org notification: Chip [id=null, agent=a40, time=2015-05-11 16:12:25.077, color=red, clock=4, number=3]
org notified sent chip(a40,red,3,4).
org notification: Chip [id=null, agent=a40, time=2015-05-11 16:12:25.083, color=purple, clock=4, number=3]
org notified sent chip(a40,purple,3,4).
org notification: Chip [id=null, agent=a10, time=2015-05-11 16:12:25.084, color=orange, clock=4, number=3]
org notified sent chip(a10,orange,3,4).
object notification: Chip [id=null, agent=a30, time=2015-05-11 16:12:25.119, color=red, clock=4, number=1]
org notification: Chip [id=null, agent=a10, time=2015-05-11 16:12:25.087, color=red, clock=4, number=3]
org notified sent chip(a10,red,3,4).
Event sent to object      a30 chip(a30, red, 1, 4)
object notification: Chip [id=null, agent=a30, time=2015-05-11 16:12:25.147, color=purple, clock=4, number=3]
Event sent to object      a30 chip(a30, purple, 3, 4)
object notification: Chip [id=null, agent=a30, time=2015-05-11 16:12:25.15, color=orange, clock=4, number=1]
Event sent to object      a30 chip(a30, orange, 1, 4)
object notification: Chip [id=null, agent=a10, time=2015-05-11 16:12:25.087, color=red, clock=4, number=3]
Event sent to object      a10 chip(a10, red, 3, 4)
object notification: Chip [id=null, agent=a10, time=2015-05-11 16:12:25.094, color=purple, clock=4, number=3]
Event sent to object      a10 chip(a10, purple, 3, 4)
object notification: Chip [id=null, agent=a10, time=2015-05-11 16:12:25.097, color=green, clock=4, number=3]
Event sent to object      a10 chip(a10, green, 3, 4)
object notification: Chip [id=null, agent=a10, time=2015-05-11 16:12:25.103, color=orange, clock=4, number=3]
Event sent to object      a10 chip(a10, orange, 3, 4)
object notification: Chip [id=null, agent=a10, time=2015-05-11 16:12:25.112, color=red, clock=4, number=3]
org notification: Chip [id=null, agent=a40, time=2015-05-11 16:12:25.088, color=green, clock=4, number=2]
org notified sent chip(a40,green,2,4).
Event sent to object      a10 chip(a10, red, 3, 4)
object notification: Chip [id=null, agent=a10, time=2015-05-11 16:12:25.119, color=purple, clock=4, number=3]
Event sent to object      a10 chip(a10, purple, 3, 4)
object notification: Chip [id=null, agent=a10, time=2015-05-11 16:12:25.146, color=green, clock=4, number=3]
Event sent to object      a10 chip(a10, green, 3, 4)
org notification: Chip [id=null, agent=a10, time=2015-05-11 16:12:25.094, color=purple, clock=4, number=3]
org notified sent chip(a10,purple,3,4).
org notification: Chip [id=null, agent=a10, time=2015-05-11 16:12:25.097, color=green, clock=4, number=3]
org notified sent chip(a10,green,3,4).
org notification: Chip [id=null, agent=a10, time=2015-05-11 16:12:25.103, color=orange, clock=4, number=3]
org notified sent chip(a10,orange,3,4).
org notification: Chip [id=null, agent=a30, time=2015-05-11 16:12:25.109, color=orange, clock=4, number=1]
org notified sent chip(a30,orange,1,4).
org notification: Chip [id=null, agent=a10, time=2015-05-11 16:12:25.112, color=red, clock=4, number=3]
org notified sent chip(a10,red,3,4).
org notification: Chip [id=null, agent=a30, time=2015-05-11 16:12:25.119, color=red, clock=4, number=1]
org notified sent chip(a30,red,1,4).
org notification: Chip [id=null, agent=a10, time=2015-05-11 16:12:25.119, color=purple, clock=4, number=3]
org notified sent chip(a10,purple,3,4).
org notification: Chip [id=null, agent=a10, time=2015-05-11 16:12:25.146, color=green, clock=4, number=3]
org notified sent chip(a10,green,3,4).
org notification: Chip [id=null, agent=a30, time=2015-05-11 16:12:25.147, color=purple, clock=4, number=3]
org notified sent chip(a30,purple,3,4).
org notification: Chip [id=null, agent=a30, time=2015-05-11 16:12:25.149, color=green, clock=4, number=2]
org notified sent chip(a30,green,2,4).
org notification: Chip [id=null, agent=a30, time=2015-05-11 16:12:25.15, color=orange, clock=4, number=1]
org notified sent chip(a30,orange,1,4).
org notification: Chip [id=null, agent=a30, time=2015-05-11 16:12:25.153, color=red, clock=4, number=1]
org notified sent chip(a30,red,1,4).
object notification: Chip [id=null, agent=a30, time=2015-05-11 16:12:25.149, color=green, clock=4, number=2]
Event sent to object      a30 chip(a30, green, 2, 4)
object notification: Chip [id=null, agent=a30, time=2015-05-11 16:12:25.153, color=red, clock=4, number=1]
Event sent to object      a30 chip(a30, red, 1, 4)
Event processed UpdateClock(4)
Event processed UpdateClock(5)
Event processed UpdateClock(6)
Event processed UpdatePosition(4, 4)
Event processed UpdatePosition(4, 4)
Event processed UpdateClock(7)
Event processed @ctenv(functionToList(chip(a40, orange, 2, 4)),LIST,0); if B(LIST=[actionresult([TYPE,ID])]) then if B(TYPE=proposal) then {ReceivedMessage(TYPE, ID, open); adopta(received(TYPE, ID, closed) : Infinite, priority 1)} else if B(LIST=[actionresult([TYPE,ID,RESPONSE])]) then if B(TYPE=response) then ReceivedMessage(RESPONSE, ID) else if B(LIST=[actionresult([TYPE])]) then ReceivedEvent(TYPE) else if B(LIST=[actionresult([TYPE,AGENT,ID,RESPONSE])]) then if B(TYPE=proposal) then ReceivedProposal(AGENT, ID, RESPONSE)
Event processed @ctenv(functionToList(chip(a40, red, 3, 4)),LIST,0); if B(LIST=[actionresult([TYPE,ID])]) then if B(TYPE=proposal) then {ReceivedMessage(TYPE, ID, open); adopta(received(TYPE, ID, closed) : Infinite, priority 1)} else if B(LIST=[actionresult([TYPE,ID,RESPONSE])]) then if B(TYPE=response) then ReceivedMessage(RESPONSE, ID) else if B(LIST=[actionresult([TYPE])]) then ReceivedEvent(TYPE) else if B(LIST=[actionresult([TYPE,AGENT,ID,RESPONSE])]) then if B(TYPE=proposal) then ReceivedProposal(AGENT, ID, RESPONSE)
Event processed @ctenv(functionToList(chip(a40, orange, 2, 4)),LIST,0); if B(LIST=[actionresult([TYPE,ID])]) then if B(TYPE=proposal) then {ReceivedMessage(TYPE, ID, open); adopta(received(TYPE, ID, closed) : Infinite, priority 1)} else if B(LIST=[actionresult([TYPE,ID,RESPONSE])]) then if B(TYPE=response) then ReceivedMessage(RESPONSE, ID) else if B(LIST=[actionresult([TYPE])]) then ReceivedEvent(TYPE) else if B(LIST=[actionresult([TYPE,AGENT,ID,RESPONSE])]) then if B(TYPE=proposal) then ReceivedProposal(AGENT, ID, RESPONSE)
Event processed @ctenv(functionToList(chip(a40, purple, 3, 4)),LIST,0); if B(LIST=[actionresult([TYPE,ID])]) then if B(TYPE=proposal) then {ReceivedMessage(TYPE, ID, open); adopta(received(TYPE, ID, closed) : Infinite, priority 1)} else if B(LIST=[actionresult([TYPE,ID,RESPONSE])]) then if B(TYPE=response) then ReceivedMessage(RESPONSE, ID) else if B(LIST=[actionresult([TYPE])]) then ReceivedEvent(TYPE) else if B(LIST=[actionresult([TYPE,AGENT,ID,RESPONSE])]) then if B(TYPE=proposal) then ReceivedProposal(AGENT, ID, RESPONSE)
Event processed @ctenv(functionToList(chip(a40, green, 2, 4)),LIST,0); if B(LIST=[actionresult([TYPE,ID])]) then if B(TYPE=proposal) then {ReceivedMessage(TYPE, ID, open); adopta(received(TYPE, ID, closed) : Infinite, priority 1)} else if B(LIST=[actionresult([TYPE,ID,RESPONSE])]) then if B(TYPE=response) then ReceivedMessage(RESPONSE, ID) else if B(LIST=[actionresult([TYPE])]) then ReceivedEvent(TYPE) else if B(LIST=[actionresult([TYPE,AGENT,ID,RESPONSE])]) then if B(TYPE=proposal) then ReceivedProposal(AGENT, ID, RESPONSE)
Event processed @ctenv(functionToList(chip(a40, red, 3, 4)),LIST,0); if B(LIST=[actionresult([TYPE,ID])]) then if B(TYPE=proposal) then {ReceivedMessage(TYPE, ID, open); adopta(received(TYPE, ID, closed) : Infinite, priority 1)} else if B(LIST=[actionresult([TYPE,ID,RESPONSE])]) then if B(TYPE=response) then ReceivedMessage(RESPONSE, ID) else if B(LIST=[actionresult([TYPE])]) then ReceivedEvent(TYPE) else if B(LIST=[actionresult([TYPE,AGENT,ID,RESPONSE])]) then if B(TYPE=proposal) then ReceivedProposal(AGENT, ID, RESPONSE)
Event processed @ctenv(functionToList(chip(a40, purple, 3, 4)),LIST,0); if B(LIST=[actionresult([TYPE,ID])]) then if B(TYPE=proposal) then {ReceivedMessage(TYPE, ID, open); adopta(received(TYPE, ID, closed) : Infinite, priority 1)} else if B(LIST=[actionresult([TYPE,ID,RESPONSE])]) then if B(TYPE=response) then ReceivedMessage(RESPONSE, ID) else if B(LIST=[actionresult([TYPE])]) then ReceivedEvent(TYPE) else if B(LIST=[actionresult([TYPE,AGENT,ID,RESPONSE])]) then if B(TYPE=proposal) then ReceivedProposal(AGENT, ID, RESPONSE)
Event processed @ctenv(functionToList(chip(a40, green, 2, 4)),LIST,0); if B(LIST=[actionresult([TYPE,ID])]) then if B(TYPE=proposal) then {ReceivedMessage(TYPE, ID, open); adopta(received(TYPE, ID, closed) : Infinite, priority 1)} else if B(LIST=[actionresult([TYPE,ID,RESPONSE])]) then if B(TYPE=response) then ReceivedMessage(RESPONSE, ID) else if B(LIST=[actionresult([TYPE])]) then ReceivedEvent(TYPE) else if B(LIST=[actionresult([TYPE,AGENT,ID,RESPONSE])]) then if B(TYPE=proposal) then ReceivedProposal(AGENT, ID, RESPONSE)
Event processed UpdateClock(4)
Event processed UpdateClock(5)
Event processed UpdateClock(6)
Event processed UpdateClock(7)
Event processed @ctenv(functionToList(chip(a10, orange, 3, 4)),LIST,0); if B(LIST=[actionresult([TYPE,ID])]) then if B(TYPE=proposal) then {ReceivedMessage(TYPE, ID, open); adopta(received(TYPE, ID, closed) : Infinite, priority 1)} else if B(LIST=[actionresult([TYPE,ID,RESPONSE])]) then if B(TYPE=response) then ReceivedMessage(RESPONSE, ID) else if B(LIST=[actionresult([TYPE])]) then ReceivedEvent(TYPE) else if B(LIST=[actionresult([TYPE,AGENT,ID,RESPONSE])]) then if B(TYPE=proposal) then ReceivedProposal(AGENT, ID, RESPONSE)
Event processed UpdatePosition(0, 0)
Event processed UpdatePosition(0, 0)
Event processed @ctenv(functionToList(chip(a10, red, 3, 4)),LIST,0); if B(LIST=[actionresult([TYPE,ID])]) then if B(TYPE=proposal) then {ReceivedMessage(TYPE, ID, open); adopta(received(TYPE, ID, closed) : Infinite, priority 1)} else if B(LIST=[actionresult([TYPE,ID,RESPONSE])]) then if B(TYPE=response) then ReceivedMessage(RESPONSE, ID) else if B(LIST=[actionresult([TYPE])]) then ReceivedEvent(TYPE) else if B(LIST=[actionresult([TYPE,AGENT,ID,RESPONSE])]) then if B(TYPE=proposal) then ReceivedProposal(AGENT, ID, RESPONSE)
Event processed @ctenv(functionToList(chip(a10, purple, 3, 4)),LIST,0); if B(LIST=[actionresult([TYPE,ID])]) then if B(TYPE=proposal) then {ReceivedMessage(TYPE, ID, open); adopta(received(TYPE, ID, closed) : Infinite, priority 1)} else if B(LIST=[actionresult([TYPE,ID,RESPONSE])]) then if B(TYPE=response) then ReceivedMessage(RESPONSE, ID) else if B(LIST=[actionresult([TYPE])]) then ReceivedEvent(TYPE) else if B(LIST=[actionresult([TYPE,AGENT,ID,RESPONSE])]) then if B(TYPE=proposal) then ReceivedProposal(AGENT, ID, RESPONSE)
Event processed @ctenv(functionToList(chip(a10, green, 3, 4)),LIST,0); if B(LIST=[actionresult([TYPE,ID])]) then if B(TYPE=proposal) then {ReceivedMessage(TYPE, ID, open); adopta(received(TYPE, ID, closed) : Infinite, priority 1)} else if B(LIST=[actionresult([TYPE,ID,RESPONSE])]) then if B(TYPE=response) then ReceivedMessage(RESPONSE, ID) else if B(LIST=[actionresult([TYPE])]) then ReceivedEvent(TYPE) else if B(LIST=[actionresult([TYPE,AGENT,ID,RESPONSE])]) then if B(TYPE=proposal) then ReceivedProposal(AGENT, ID, RESPONSE)
Event processed @ctenv(functionToList(chip(a10, orange, 3, 4)),LIST,0); if B(LIST=[actionresult([TYPE,ID])]) then if B(TYPE=proposal) then {ReceivedMessage(TYPE, ID, open); adopta(received(TYPE, ID, closed) : Infinite, priority 1)} else if B(LIST=[actionresult([TYPE,ID,RESPONSE])]) then if B(TYPE=response) then ReceivedMessage(RESPONSE, ID) else if B(LIST=[actionresult([TYPE])]) then ReceivedEvent(TYPE) else if B(LIST=[actionresult([TYPE,AGENT,ID,RESPONSE])]) then if B(TYPE=proposal) then ReceivedProposal(AGENT, ID, RESPONSE)
Event processed UpdatePosition(4, 4)
Event processed @ctenv(functionToList(chip(a10, red, 3, 4)),LIST,0); if B(LIST=[actionresult([TYPE,ID])]) then if B(TYPE=proposal) then {ReceivedMessage(TYPE, ID, open); adopta(received(TYPE, ID, closed) : Infinite, priority 1)} else if B(LIST=[actionresult([TYPE,ID,RESPONSE])]) then if B(TYPE=response) then ReceivedMessage(RESPONSE, ID) else if B(LIST=[actionresult([TYPE])]) then ReceivedEvent(TYPE) else if B(LIST=[actionresult([TYPE,AGENT,ID,RESPONSE])]) then if B(TYPE=proposal) then ReceivedProposal(AGENT, ID, RESPONSE)
Event processed UpdatePosition(4, 4)
Event processed @ctenv(functionToList(chip(a10, purple, 3, 4)),LIST,0); if B(LIST=[actionresult([TYPE,ID])]) then if B(TYPE=proposal) then {ReceivedMessage(TYPE, ID, open); adopta(received(TYPE, ID, closed) : Infinite, priority 1)} else if B(LIST=[actionresult([TYPE,ID,RESPONSE])]) then if B(TYPE=response) then ReceivedMessage(RESPONSE, ID) else if B(LIST=[actionresult([TYPE])]) then ReceivedEvent(TYPE) else if B(LIST=[actionresult([TYPE,AGENT,ID,RESPONSE])]) then if B(TYPE=proposal) then ReceivedProposal(AGENT, ID, RESPONSE)
Event processed @ctenv(functionToList(chip(a10, green, 3, 4)),LIST,0); if B(LIST=[actionresult([TYPE,ID])]) then if B(TYPE=proposal) then {ReceivedMessage(TYPE, ID, open); adopta(received(TYPE, ID, closed) : Infinite, priority 1)} else if B(LIST=[actionresult([TYPE,ID,RESPONSE])]) then if B(TYPE=response) then ReceivedMessage(RESPONSE, ID) else if B(LIST=[actionresult([TYPE])]) then ReceivedEvent(TYPE) else if B(LIST=[actionresult([TYPE,AGENT,ID,RESPONSE])]) then if B(TYPE=proposal) then ReceivedProposal(AGENT, ID, RESPONSE)
Event processed @ctenv(functionToList(chip(a30, orange, 1, 4)),LIST,0); if B(LIST=[actionresult([TYPE,ID])]) then if B(TYPE=proposal) then {ReceivedMessage(TYPE, ID, open); adopta(received(TYPE, ID, closed) : Infinite, priority 1)} else if B(LIST=[actionresult([TYPE,ID,RESPONSE])]) then if B(TYPE=response) then ReceivedMessage(RESPONSE, ID) else if B(LIST=[actionresult([TYPE])]) then ReceivedEvent(TYPE) else if B(LIST=[actionresult([TYPE,AGENT,ID,RESPONSE])]) then if B(TYPE=proposal) then ReceivedProposal(AGENT, ID, RESPONSE)
Event processed @ctenv(functionToList(chip(a30, red, 1, 4)),LIST,0); if B(LIST=[actionresult([TYPE,ID])]) then if B(TYPE=proposal) then {ReceivedMessage(TYPE, ID, open); adopta(received(TYPE, ID, closed) : Infinite, priority 1)} else if B(LIST=[actionresult([TYPE,ID,RESPONSE])]) then if B(TYPE=response) then ReceivedMessage(RESPONSE, ID) else if B(LIST=[actionresult([TYPE])]) then ReceivedEvent(TYPE) else if B(LIST=[actionresult([TYPE,AGENT,ID,RESPONSE])]) then if B(TYPE=proposal) then ReceivedProposal(AGENT, ID, RESPONSE)
Event processed @ctenv(functionToList(chip(a30, purple, 3, 4)),LIST,0); if B(LIST=[actionresult([TYPE,ID])]) then if B(TYPE=proposal) then {ReceivedMessage(TYPE, ID, open); adopta(received(TYPE, ID, closed) : Infinite, priority 1)} else if B(LIST=[actionresult([TYPE,ID,RESPONSE])]) then if B(TYPE=response) then ReceivedMessage(RESPONSE, ID) else if B(LIST=[actionresult([TYPE])]) then ReceivedEvent(TYPE) else if B(LIST=[actionresult([TYPE,AGENT,ID,RESPONSE])]) then if B(TYPE=proposal) then ReceivedProposal(AGENT, ID, RESPONSE)
[CTAH] Array of Terms: [Lapapl.data.Term;@28a29e6d
[CTAH] The created APLList : [a40,orange,2,4]
[CTAH] Array of Terms: [Lapapl.data.Term;@72e8cc94
[CTAH] The created APLList : [a40,red,3,4]
[CTAH] Array of Terms: [Lapapl.data.Term;@11cf437c
[CTAH] The created APLList : [a40,orange,2,4]
[CTAH] Array of Terms: [Lapapl.data.Term;@18b6efb2
[CTAH] The created APLList : [a40,purple,3,4]
Event processed @ctenv(functionToList(chip(a30, orange, 1, 4)),LIST,0); if B(LIST=[actionresult([TYPE,ID])]) then if B(TYPE=proposal) then {ReceivedMessage(TYPE, ID, open); adopta(received(TYPE, ID, closed) : Infinite, priority 1)} else if B(LIST=[actionresult([TYPE,ID,RESPONSE])]) then if B(TYPE=response) then ReceivedMessage(RESPONSE, ID) else if B(LIST=[actionresult([TYPE])]) then ReceivedEvent(TYPE) else if B(LIST=[actionresult([TYPE,AGENT,ID,RESPONSE])]) then if B(TYPE=proposal) then ReceivedProposal(AGENT, ID, RESPONSE)
Event processed @ctenv(functionToList(chip(a30, green, 2, 4)),LIST,0); if B(LIST=[actionresult([TYPE,ID])]) then if B(TYPE=proposal) then {ReceivedMessage(TYPE, ID, open); adopta(received(TYPE, ID, closed) : Infinite, priority 1)} else if B(LIST=[actionresult([TYPE,ID,RESPONSE])]) then if B(TYPE=response) then ReceivedMessage(RESPONSE, ID) else if B(LIST=[actionresult([TYPE])]) then ReceivedEvent(TYPE) else if B(LIST=[actionresult([TYPE,AGENT,ID,RESPONSE])]) then if B(TYPE=proposal) then ReceivedProposal(AGENT, ID, RESPONSE)
[CTAH] Array of Terms: [Lapapl.data.Term;@796f84d8
[CTAH] The created APLList : [a40,green,2,4]
Event processed @ctenv(functionToList(chip(a30, red, 1, 4)),LIST,0); if B(LIST=[actionresult([TYPE,ID])]) then if B(TYPE=proposal) then {ReceivedMessage(TYPE, ID, open); adopta(received(TYPE, ID, closed) : Infinite, priority 1)} else if B(LIST=[actionresult([TYPE,ID,RESPONSE])]) then if B(TYPE=response) then ReceivedMessage(RESPONSE, ID) else if B(LIST=[actionresult([TYPE])]) then ReceivedEvent(TYPE) else if B(LIST=[actionresult([TYPE,AGENT,ID,RESPONSE])]) then if B(TYPE=proposal) then ReceivedProposal(AGENT, ID, RESPONSE)
[CTAH] Array of Terms: [Lapapl.data.Term;@3af036de
[CTAH] The created APLList : [a40,red,3,4]
[CTAH] Array of Terms: [Lapapl.data.Term;@7fb66659
[CTAH] The created APLList : [a40,purple,3,4]
[CTAH] Array of Terms: [Lapapl.data.Term;@3d191056
[CTAH] The created APLList : [a40,green,2,4]
[CTAH] Array of Terms: [Lapapl.data.Term;@4aba9d8e
[CTAH] The created APLList : [a30,orange,1,4]
[CTAH] Array of Terms: [Lapapl.data.Term;@7c23b1e1
[CTAH] The created APLList : [a30,red,1,4]
[CTAH] Array of Terms: [Lapapl.data.Term;@4de6b200
[CTAH] The created APLList : [a30,purple,3,4]
[CTAH] Array of Terms: [Lapapl.data.Term;@33e5348f
[CTAH] The created APLList : [a30,orange,1,4]
[CTAH] Array of Terms: [Lapapl.data.Term;@3d69084f
[CTAH] The created APLList : [a30,green,2,4]
[CTAH] Array of Terms: [Lapapl.data.Term;@5fc0936
[CTAH] The created APLList : [a10,orange,3,4]
[CTAH] Array of Terms: [Lapapl.data.Term;@50486d1d
[CTAH] The created APLList : [a30,red,1,4]
[CTAH] Array of Terms: [Lapapl.data.Term;@3811e725
[CTAH] The created APLList : [a10,red,3,4]
[CTAH] Array of Terms: [Lapapl.data.Term;@20c85c1f
[CTAH] The created APLList : [a10,purple,3,4]
[CTAH] Array of Terms: [Lapapl.data.Term;@7aa93a16
[CTAH] The created APLList : [a10,green,3,4]
[CTAH] Array of Terms: [Lapapl.data.Term;@4ee1f3cb
[CTAH] The created APLList : [a10,orange,3,4]
[CTAH] Array of Terms: [Lapapl.data.Term;@4f0bb37b
[CTAH] The created APLList : [a10,red,3,4]
[CTAH] Array of Terms: [Lapapl.data.Term;@628fb58
[CTAH] The created APLList : [a10,purple,3,4]
[CTAH] Array of Terms: [Lapapl.data.Term;@6c8d5190
[CTAH] The created APLList : [a10,green,3,4]
org notification: Chip [id=null, agent=a20, time=2015-05-11 16:12:25.156, color=orange, clock=4, number=2]
org notification: Position [subject=a20, id=null, cell=Cell [x=0, y=4], time=2015-05-11 16:12:25.153, clock=4]
org notified sent chip(a20,orange,2,4).
org notified sent position(a20,cell(0,4),4).
aplprolog.Parsing.ParseException: Encountered " "(" "( "" at line 1, column 2.
Was expecting one of:
    <CHARACTER_LITERAL> ...
    <STD_IDENTIFIER> ...
    ";" ...
    "." ...
    "->" ...
    ":-" ...
    "|" ...
    
Error while procession organization notification
java.lang.NullPointerException
	at oopl.DistributedOOPL.handleEvent(DistributedOOPL.java:49)
	at ctMW.EnvCT.notifyOrg(EnvCT.java:682)
	at ctMW.OrgHandler.notify(OrgHandler.java:31)
	at com.j_spaces.core.client.NotifyDelegator.notify(NotifyDelegator.java:142)
	at com.gigaspaces.events.fifo.BlockedOrderedQueue$NotifyFifoTask.dequeueAndTrigger(BlockedOrderedQueue.java:319)
	at com.gigaspaces.events.fifo.BlockedOrderedQueue$NotifyFifoTask.run(BlockedOrderedQueue.java:290)
	at com.gigaspaces.internal.utils.concurrent.RunnableContextClassLoaderDecorator.run(RunnableContextClassLoaderDecorator.java:40)
	at java.util.concurrent.ThreadPoolExecutor$Worker.runTask(ThreadPoolExecutor.java:895)
	at java.util.concurrent.ThreadPoolExecutor$Worker.run(ThreadPoolExecutor.java:918)
	at java.lang.Thread.run(Thread.java:695)
setPhases in ClientGameStatus, the current phase is Communication Phase
setPhases in ClientGameStatus, the current phase is Communication Phase
setPhases in ClientGameStatus, the current phase is Communication Phase
Event processed @ctenv(functionToList(message(phasechange)),LIST,0); if B(LIST=[actionresult([TYPE,ID])]) then if B(TYPE=proposal) then {ReceivedMessage(TYPE, ID, open); adopta(received(TYPE, ID, closed) : Infinite, priority 1)} else if B(LIST=[actionresult([TYPE,ID,RESPONSE])]) then if B(TYPE=response) then ReceivedMessage(RESPONSE, ID) else if B(LIST=[actionresult([TYPE])]) then ReceivedEvent(TYPE) else if B(LIST=[actionresult([TYPE,AGENT,ID,RESPONSE])]) then if B(TYPE=proposal) then ReceivedProposal(AGENT, ID, RESPONSE)
[CTAH] Array of Terms: [Lapapl.data.Term;@37b335b7
[CTAH] The created APLList : [phasechange]
Event processed @ctenv(functionToList(message(phasechange)),LIST,0); if B(LIST=[actionresult([TYPE,ID])]) then if B(TYPE=proposal) then {ReceivedMessage(TYPE, ID, open); adopta(received(TYPE, ID, closed) : Infinite, priority 1)} else if B(LIST=[actionresult([TYPE,ID,RESPONSE])]) then if B(TYPE=response) then ReceivedMessage(RESPONSE, ID) else if B(LIST=[actionresult([TYPE])]) then ReceivedEvent(TYPE) else if B(LIST=[actionresult([TYPE,AGENT,ID,RESPONSE])]) then if B(TYPE=proposal) then ReceivedProposal(AGENT, ID, RESPONSE)
[CTAH] Array of Terms: [Lapapl.data.Term;@7a043387
[CTAH] The created APLList : [phasechange]
Event processed @ctenv(functionToList(message(phasechange)),LIST,0); if B(LIST=[actionresult([TYPE,ID])]) then if B(TYPE=proposal) then {ReceivedMessage(TYPE, ID, open); adopta(received(TYPE, ID, closed) : Infinite, priority 1)} else if B(LIST=[actionresult([TYPE,ID,RESPONSE])]) then if B(TYPE=response) then ReceivedMessage(RESPONSE, ID) else if B(LIST=[actionresult([TYPE])]) then ReceivedEvent(TYPE) else if B(LIST=[actionresult([TYPE,AGENT,ID,RESPONSE])]) then if B(TYPE=proposal) then ReceivedProposal(AGENT, ID, RESPONSE)
[CTAH] Array of Terms: [Lapapl.data.Term;@5b606e1f
[CTAH] The created APLList : [phasechange]
org notification: Chip [id=null, agent=a30, time=2015-05-11 16:12:25.157, color=purple, clock=4, number=3]
object notification: Chip [id=null, agent=a30, time=2015-05-11 16:12:25.157, color=purple, clock=4, number=3]
org notified sent chip(a30,purple,3,4).
Event sent to object      a30 chip(a30, purple, 3, 4)
org notification: Chip [id=null, agent=a20, time=2015-05-11 16:12:25.158, color=red, clock=4, number=3]
org notified sent chip(a20,red,3,4).
object notification: Chip [id=null, agent=a30, time=2015-05-11 16:12:25.161, color=green, clock=4, number=2]
Event sent to object      a30 chip(a30, green, 2, 4)
Event processed @ctenv(functionToList(chip(a30, purple, 3, 4)),LIST,0); if B(LIST=[actionresult([TYPE,ID])]) then if B(TYPE=proposal) then {ReceivedMessage(TYPE, ID, open); adopta(received(TYPE, ID, closed) : Infinite, priority 1)} else if B(LIST=[actionresult([TYPE,ID,RESPONSE])]) then if B(TYPE=response) then ReceivedMessage(RESPONSE, ID) else if B(LIST=[actionresult([TYPE])]) then ReceivedEvent(TYPE) else if B(LIST=[actionresult([TYPE,AGENT,ID,RESPONSE])]) then if B(TYPE=proposal) then ReceivedProposal(AGENT, ID, RESPONSE)
Event processed @ctenv(functionToList(chip(a30, green, 2, 4)),LIST,0); if B(LIST=[actionresult([TYPE,ID])]) then if B(TYPE=proposal) then {ReceivedMessage(TYPE, ID, open); adopta(received(TYPE, ID, closed) : Infinite, priority 1)} else if B(LIST=[actionresult([TYPE,ID,RESPONSE])]) then if B(TYPE=response) then ReceivedMessage(RESPONSE, ID) else if B(LIST=[actionresult([TYPE])]) then ReceivedEvent(TYPE) else if B(LIST=[actionresult([TYPE,AGENT,ID,RESPONSE])]) then if B(TYPE=proposal) then ReceivedProposal(AGENT, ID, RESPONSE)
[CTAH] Array of Terms: [Lapapl.data.Term;@738b19ed
[CTAH] Array of Terms: [Lapapl.data.Term;@315351de
[CTAH] The created APLList : [a30,purple,3,4]
[CTAH] The created APLList : [a30,green,2,4]
org notification: Chip [id=null, agent=a30, time=2015-05-11 16:12:25.161, color=green, clock=4, number=2]
org notification: Position [subject=a20, id=null, cell=Cell [x=0, y=4], time=2015-05-11 16:12:25.163, clock=4]
org notified sent position(a20,cell(0,4),4).
org notified sent chip(a30,green,2,4).
aplprolog.Parsing.ParseException: Encountered " "(" "( "" at line 1, column 2.
Was expecting one of:
    <CHARACTER_LITERAL> ...
    <STD_IDENTIFIER> ...
    ";" ...
    "." ...
    "->" ...
    ":-" ...
    "|" ...
    
Error while procession organization notification
java.lang.ArrayIndexOutOfBoundsException: 33554431
	at aplprolog.Parsing.IntPrologTokenManager.getNextToken(IntPrologTokenManager.java:1085)
	at aplprolog.Parsing.IntProlog.jj_ntk(IntProlog.java:1333)
	at aplprolog.Parsing.IntProlog.Argument(IntProlog.java:384)
	at aplprolog.Parsing.IntProlog.Arguments(IntProlog.java:360)
	at aplprolog.Parsing.IntProlog.PosLiteral(IntProlog.java:317)
	at aplprolog.Parsing.IntProlog.Rule(IntProlog.java:250)
	at aplprolog.Parsing.IntProlog.parseFact(IntProlog.java:80)
	at ctMW.EnvCT.notifyOrg(EnvCT.java:682)
	at ctMW.OrgHandler.notify(OrgHandler.java:31)
	at com.j_spaces.core.client.NotifyDelegator.notify(NotifyDelegator.java:142)
	at com.gigaspaces.events.fifo.BlockedOrderedQueue$NotifyFifoTask.dequeueAndTrigger(BlockedOrderedQueue.java:319)
	at com.gigaspaces.events.fifo.BlockedOrderedQueue$NotifyFifoTask.run(BlockedOrderedQueue.java:290)
	at com.gigaspaces.internal.utils.concurrent.RunnableContextClassLoaderDecorator.run(RunnableContextClassLoaderDecorator.java:40)
	at java.util.concurrent.ThreadPoolExecutor$Worker.runTask(ThreadPoolExecutor.java:895)
	at java.util.concurrent.ThreadPoolExecutor$Worker.run(ThreadPoolExecutor.java:918)
	at java.lang.Thread.run(Thread.java:695)
Error while procession organization notification
java.lang.NullPointerException
	at oopl.DistributedOOPL.handleEvent(DistributedOOPL.java:49)
	at ctMW.EnvCT.notifyOrg(EnvCT.java:682)
	at ctMW.OrgHandler.notify(OrgHandler.java:31)
	at com.j_spaces.core.client.NotifyDelegator.notify(NotifyDelegator.java:142)
	at com.gigaspaces.events.fifo.BlockedOrderedQueue$NotifyFifoTask.dequeueAndTrigger(BlockedOrderedQueue.java:319)
	at com.gigaspaces.events.fifo.BlockedOrderedQueue$NotifyFifoTask.run(BlockedOrderedQueue.java:290)
	at com.gigaspaces.internal.utils.concurrent.RunnableContextClassLoaderDecorator.run(RunnableContextClassLoaderDecorator.java:40)
	at java.util.concurrent.ThreadPoolExecutor$Worker.runTask(ThreadPoolExecutor.java:895)
	at java.util.concurrent.ThreadPoolExecutor$Worker.run(ThreadPoolExecutor.java:918)
	at java.lang.Thread.run(Thread.java:695)
org notification: Chip [id=null, agent=a20, time=2015-05-11 16:12:25.161, color=purple, clock=4, number=1]
org notified sent chip(a20,purple,1,4).
org notification: Chip [id=null, agent=a20, time=2015-05-11 16:12:25.163, color=green, clock=4, number=2]
org notified sent chip(a20,green,2,4).
org notification: Chip [id=null, agent=a20, time=2015-05-11 16:12:25.166, color=orange, clock=4, number=2]
org notified sent chip(a20,orange,2,4).
org notification: Chip [id=null, agent=a20, time=2015-05-11 16:12:25.169, color=red, clock=4, number=3]
org notified sent chip(a20,red,3,4).
org notification: Chip [id=null, agent=a20, time=2015-05-11 16:12:25.171, color=purple, clock=4, number=1]
org notified sent chip(a20,purple,1,4).
org notification: Chip [id=null, agent=a20, time=2015-05-11 16:12:25.174, color=green, clock=4, number=2]
org notified sent chip(a20,green,2,4).
org notification: Color [id=null, color=FFA500, agent=a30, type=no, time=2015-05-11 16:12:26.754, clock=7]
org notified sent color(a30,FFA500,no,7).
Organization notifies object (write): Prohibition [subject=a30, prohibition=[at(4, 4, a30)], sanction=[reduce(a30, 50)], clock=10, time=2015-05-11 16:12:59.089]
Organization writes: Points [subject=a30, time=2015-05-11 16:12:59.099, clock=7, value=950, id=null]
org notification: SetGoal [id=null, agent=a30, cell=Cell [x=2, y=3], goal=Cell [x=2, y=2], clock=7, time=2015-05-11 16:12:28.392]
org notified sent setGoal(a30,2,3,2,2,7).
org notification: Time [clock=8, time=2015-05-11 16:12:33.895]
org notified sent time(8).
object notification: Time [clock=8, time=2015-05-11 16:12:33.895]
Event sent to object      a40 clock(8)
object notification: Time [clock=8, time=2015-05-11 16:12:33.895]
Event sent to object      a10 clock(8)
object notification: Time [clock=8, time=2015-05-11 16:12:33.895]
Event sent to object      a30 clock(8)
object notification: Time [clock=9, time=2015-05-11 16:12:43.897]
Event sent to object      a40 clock(9)
object notification: Time [clock=9, time=2015-05-11 16:12:43.897]
Event sent to object      a10 clock(9)
object notification: Time [clock=9, time=2015-05-11 16:12:43.897]
Event sent to object      a30 clock(9)
object notification: Time [clock=10, time=2015-05-11 16:12:53.9]
Event sent to object      a40 clock(10)
object notification: Time [clock=10, time=2015-05-11 16:12:53.9]
Event sent to object      a30 clock(10)
object notification: Time [clock=10, time=2015-05-11 16:12:53.9]
Event sent to object      a10 clock(10)
object notification: Prohibition [subject=a30, prohibition=[at(4, 4, a30)], sanction=[reduce(a30, 50)], clock=10, time=2015-05-11 16:12:59.089]
Event sent to object      a30 prohibition([at(4, 4, a30)], [reduce(a30, 50)])
org notification: Color [id=null, color=FFA500, agent=a30, type=no, time=2015-05-11 16:12:36.098, clock=7]
org notified sent color(a30,FFA500,no,7).
org notification: Time [clock=9, time=2015-05-11 16:12:43.897]
org notified sent time(9).
Organization notifies object (write): Obligation [subject=a30, obligation=[at(2, 3, a30)], sanction=[reduce(a30, 500)], deadline=14, time=2015-05-11 16:12:59.152, clock=10]
object notification: Points [subject=a30, time=2015-05-11 16:12:59.099, clock=7, value=950, id=null]
Event sent to object      a30 points(950)
org notification: SetGoal [id=null, agent=a30, cell=Cell [x=2, y=3], goal=Cell [x=2, y=2], clock=7, time=2015-05-11 16:12:33.155]
org notified sent setGoal(a30,2,3,2,2,7).
org notification: Time [clock=10, time=2015-05-11 16:12:53.9]
org notified sent time(10).
object notification: Obligation [subject=a30, obligation=[at(2, 3, a30)], sanction=[reduce(a30, 500)], deadline=14, time=2015-05-11 16:12:59.152, clock=10]
Event sent to object      a30 obligation([at(2, 3, a30)], 14, [reduce(a30, 500)])
Event processed UpdateClock(8)
Event processed UpdateClock(9)
Event processed UpdateClock(10)
Event processed adoptProhibition(at(4, 4, a30), reduce(a30, 50))
Event processed UpdatePoints(950)
Event processed UpdateClock(8)
Event processed adoptObligation(at(2, 3, a30), 14, reduce(a30, 500))
Event processed UpdateClock(9)
Event processed UpdateClock(10)
Event processed UpdateClock(8)
Event processed UpdateClock(9)
Event processed UpdateClock(10)
org notification: Time [clock=11, time=2015-05-11 16:13:03.903]
org notified sent time(11).
object notification: Time [clock=11, time=2015-05-11 16:13:03.903]
Event sent to object      a40 clock(11)
object notification: Time [clock=11, time=2015-05-11 16:13:03.903]
Event sent to object      a10 clock(11)
object notification: Time [clock=11, time=2015-05-11 16:13:03.903]
Event sent to object      a30 clock(11)
Event processed UpdateClock(11)
Event processed UpdateClock(11)
Event processed UpdateClock(11)
setPhases in ClientGameStatus, the current phase is Movement Phase
setPhases in ClientGameStatus, the current phase is Movement Phase
setPhases in ClientGameStatus, the current phase is Movement Phase
Event processed @ctenv(functionToList(message(phasechange)),LIST,0); if B(LIST=[actionresult([TYPE,ID])]) then if B(TYPE=proposal) then {ReceivedMessage(TYPE, ID, open); adopta(received(TYPE, ID, closed) : Infinite, priority 1)} else if B(LIST=[actionresult([TYPE,ID,RESPONSE])]) then if B(TYPE=response) then ReceivedMessage(RESPONSE, ID) else if B(LIST=[actionresult([TYPE])]) then ReceivedEvent(TYPE) else if B(LIST=[actionresult([TYPE,AGENT,ID,RESPONSE])]) then if B(TYPE=proposal) then ReceivedProposal(AGENT, ID, RESPONSE)
Event processed @ctenv(functionToList(message(phasechange)),LIST,0); if B(LIST=[actionresult([TYPE,ID])]) then if B(TYPE=proposal) then {ReceivedMessage(TYPE, ID, open); adopta(received(TYPE, ID, closed) : Infinite, priority 1)} else if B(LIST=[actionresult([TYPE,ID,RESPONSE])]) then if B(TYPE=response) then ReceivedMessage(RESPONSE, ID) else if B(LIST=[actionresult([TYPE])]) then ReceivedEvent(TYPE) else if B(LIST=[actionresult([TYPE,AGENT,ID,RESPONSE])]) then if B(TYPE=proposal) then ReceivedProposal(AGENT, ID, RESPONSE)
[CTAH] Array of Terms: [Lapapl.data.Term;@2e252437
[CTAH] The created APLList : [phasechange]
[CTAH] Array of Terms: [Lapapl.data.Term;@aabcf0d
[CTAH] The created APLList : [phasechange]
Event processed @ctenv(functionToList(message(phasechange)),LIST,0); if B(LIST=[actionresult([TYPE,ID])]) then if B(TYPE=proposal) then {ReceivedMessage(TYPE, ID, open); adopta(received(TYPE, ID, closed) : Infinite, priority 1)} else if B(LIST=[actionresult([TYPE,ID,RESPONSE])]) then if B(TYPE=response) then ReceivedMessage(RESPONSE, ID) else if B(LIST=[actionresult([TYPE])]) then ReceivedEvent(TYPE) else if B(LIST=[actionresult([TYPE,AGENT,ID,RESPONSE])]) then if B(TYPE=proposal) then ReceivedProposal(AGENT, ID, RESPONSE)
[CTAH] Array of Terms: [Lapapl.data.Term;@31a0db5b
[CTAH] The created APLList : [phasechange]
a30[CTAH] going to: (R:3,C:4)
[CTAH] moveStepToGoal returns: false
a30[CTAH] going to: (R:3,C:3)
[CTAH] moveStepToGoal returns: false
a30[CTAH] going to: (R:2,C:3)
[CTAH] moveStepToGoal returns: false
org notification: Time [clock=12, time=2015-05-11 16:13:13.905]
org notified sent time(12).
object notification: Time [clock=12, time=2015-05-11 16:13:13.905]
Event sent to object      a10 clock(12)
object notification: Time [clock=12, time=2015-05-11 16:13:13.905]
Event sent to object      a30 clock(12)
object notification: Time [clock=12, time=2015-05-11 16:13:13.905]
Event sent to object      a40 clock(12)
object notification: Position [subject=a30, id=null, cell=Cell [x=2, y=3], time=2015-05-11 16:13:13.911, clock=12]
Event sent to object      a30 position(2, 2, 12)
org notification: Position [subject=a30, id=null, cell=Cell [x=2, y=3], time=2015-05-11 16:13:13.911, clock=12]
org notified sent position(a30,cell(2,3),12).
org notification: Chip [id=null, agent=a30, time=2015-05-11 16:13:13.914, color=orange, clock=12, number=0]
org notified sent chip(a30,orange,0,12).
org notification: Position [subject=a30, id=null, cell=Cell [x=2, y=3], time=2015-05-11 16:13:13.912, clock=12]
org notified sent position(a30,cell(2,3),12).
object notification: Chip [id=null, agent=a30, time=2015-05-11 16:13:13.914, color=orange, clock=12, number=0]
Event sent to object      a30 chip(a30, orange, 0, 12)
object notification: Position [subject=a30, id=null, cell=Cell [x=2, y=3], time=2015-05-11 16:13:13.912, clock=12]
Event sent to object      a30 position(2, 2, 12)
org notification: Chip [id=null, agent=a30, time=2015-05-11 16:13:13.916, color=orange, clock=12, number=0]
org notified sent chip(a30,orange,0,12).
object notification: Chip [id=null, agent=a30, time=2015-05-11 16:13:13.916, color=orange, clock=12, number=0]
Event sent to object      a30 chip(a30, orange, 0, 12)
org notification: Chip [id=null, agent=a30, time=2015-05-11 16:13:13.92, color=red, clock=12, number=1]
org notified sent chip(a30,red,1,12).
object notification: Chip [id=null, agent=a30, time=2015-05-11 16:13:13.92, color=red, clock=12, number=1]
Event sent to object      a30 chip(a30, red, 1, 12)
object notification: Chip [id=null, agent=a30, time=2015-05-11 16:13:13.92, color=red, clock=12, number=1]
Event sent to object      a30 chip(a30, red, 1, 12)
org notification: Chip [id=null, agent=a30, time=2015-05-11 16:13:13.92, color=red, clock=12, number=1]
org notified sent chip(a30,red,1,12).
object notification: Chip [id=null, agent=a30, time=2015-05-11 16:13:13.927, color=purple, clock=12, number=1]
Event sent to object      a30 chip(a30, purple, 1, 12)
object notification: Chip [id=null, agent=a30, time=2015-05-11 16:13:13.925, color=purple, clock=12, number=1]
Event sent to object      a30 chip(a30, purple, 1, 12)
object notification: Chip [id=null, agent=a30, time=2015-05-11 16:13:13.933, color=green, clock=12, number=2]
org notification: Chip [id=null, agent=a30, time=2015-05-11 16:13:13.927, color=purple, clock=12, number=1]
org notified sent chip(a30,purple,1,12).
Event sent to object      a30 chip(a30, green, 2, 12)
object notification: Chip [id=null, agent=a30, time=2015-05-11 16:13:13.937, color=green, clock=12, number=2]
Event sent to object      a30 chip(a30, green, 2, 12)
org notification: Chip [id=null, agent=a30, time=2015-05-11 16:13:13.925, color=purple, clock=12, number=1]
org notified sent chip(a30,purple,1,12).
org notification: Chip [id=null, agent=a30, time=2015-05-11 16:13:13.933, color=green, clock=12, number=2]
org notified sent chip(a30,green,2,12).
org notification: Chip [id=null, agent=a30, time=2015-05-11 16:13:13.937, color=green, clock=12, number=2]
org notified sent chip(a30,green,2,12).
Event processed UpdateClock(12)
Event processed UpdatePosition(2, 2)
Event processed @ctenv(functionToList(chip(a30, orange, 0, 12)),LIST,0); if B(LIST=[actionresult([TYPE,ID])]) then if B(TYPE=proposal) then {ReceivedMessage(TYPE, ID, open); adopta(received(TYPE, ID, closed) : Infinite, priority 1)} else if B(LIST=[actionresult([TYPE,ID,RESPONSE])]) then if B(TYPE=response) then ReceivedMessage(RESPONSE, ID) else if B(LIST=[actionresult([TYPE])]) then ReceivedEvent(TYPE) else if B(LIST=[actionresult([TYPE,AGENT,ID,RESPONSE])]) then if B(TYPE=proposal) then ReceivedProposal(AGENT, ID, RESPONSE)
Event processed UpdatePosition(2, 2)
Event processed @ctenv(functionToList(chip(a30, orange, 0, 12)),LIST,0); if B(LIST=[actionresult([TYPE,ID])]) then if B(TYPE=proposal) then {ReceivedMessage(TYPE, ID, open); adopta(received(TYPE, ID, closed) : Infinite, priority 1)} else if B(LIST=[actionresult([TYPE,ID,RESPONSE])]) then if B(TYPE=response) then ReceivedMessage(RESPONSE, ID) else if B(LIST=[actionresult([TYPE])]) then ReceivedEvent(TYPE) else if B(LIST=[actionresult([TYPE,AGENT,ID,RESPONSE])]) then if B(TYPE=proposal) then ReceivedProposal(AGENT, ID, RESPONSE)
Event processed @ctenv(functionToList(chip(a30, red, 1, 12)),LIST,0); if B(LIST=[actionresult([TYPE,ID])]) then if B(TYPE=proposal) then {ReceivedMessage(TYPE, ID, open); adopta(received(TYPE, ID, closed) : Infinite, priority 1)} else if B(LIST=[actionresult([TYPE,ID,RESPONSE])]) then if B(TYPE=response) then ReceivedMessage(RESPONSE, ID) else if B(LIST=[actionresult([TYPE])]) then ReceivedEvent(TYPE) else if B(LIST=[actionresult([TYPE,AGENT,ID,RESPONSE])]) then if B(TYPE=proposal) then ReceivedProposal(AGENT, ID, RESPONSE)
Event processed @ctenv(functionToList(chip(a30, red, 1, 12)),LIST,0); if B(LIST=[actionresult([TYPE,ID])]) then if B(TYPE=proposal) then {ReceivedMessage(TYPE, ID, open); adopta(received(TYPE, ID, closed) : Infinite, priority 1)} else if B(LIST=[actionresult([TYPE,ID,RESPONSE])]) then if B(TYPE=response) then ReceivedMessage(RESPONSE, ID) else if B(LIST=[actionresult([TYPE])]) then ReceivedEvent(TYPE) else if B(LIST=[actionresult([TYPE,AGENT,ID,RESPONSE])]) then if B(TYPE=proposal) then ReceivedProposal(AGENT, ID, RESPONSE)
Event processed @ctenv(functionToList(chip(a30, purple, 1, 12)),LIST,0); if B(LIST=[actionresult([TYPE,ID])]) then if B(TYPE=proposal) then {ReceivedMessage(TYPE, ID, open); adopta(received(TYPE, ID, closed) : Infinite, priority 1)} else if B(LIST=[actionresult([TYPE,ID,RESPONSE])]) then if B(TYPE=response) then ReceivedMessage(RESPONSE, ID) else if B(LIST=[actionresult([TYPE])]) then ReceivedEvent(TYPE) else if B(LIST=[actionresult([TYPE,AGENT,ID,RESPONSE])]) then if B(TYPE=proposal) then ReceivedProposal(AGENT, ID, RESPONSE)
Event processed @ctenv(functionToList(chip(a30, purple, 1, 12)),LIST,0); if B(LIST=[actionresult([TYPE,ID])]) then if B(TYPE=proposal) then {ReceivedMessage(TYPE, ID, open); adopta(received(TYPE, ID, closed) : Infinite, priority 1)} else if B(LIST=[actionresult([TYPE,ID,RESPONSE])]) then if B(TYPE=response) then ReceivedMessage(RESPONSE, ID) else if B(LIST=[actionresult([TYPE])]) then ReceivedEvent(TYPE) else if B(LIST=[actionresult([TYPE,AGENT,ID,RESPONSE])]) then if B(TYPE=proposal) then ReceivedProposal(AGENT, ID, RESPONSE)
Event processed @ctenv(functionToList(chip(a30, green, 2, 12)),LIST,0); if B(LIST=[actionresult([TYPE,ID])]) then if B(TYPE=proposal) then {ReceivedMessage(TYPE, ID, open); adopta(received(TYPE, ID, closed) : Infinite, priority 1)} else if B(LIST=[actionresult([TYPE,ID,RESPONSE])]) then if B(TYPE=response) then ReceivedMessage(RESPONSE, ID) else if B(LIST=[actionresult([TYPE])]) then ReceivedEvent(TYPE) else if B(LIST=[actionresult([TYPE,AGENT,ID,RESPONSE])]) then if B(TYPE=proposal) then ReceivedProposal(AGENT, ID, RESPONSE)
Event processed @ctenv(functionToList(chip(a30, green, 2, 12)),LIST,0); if B(LIST=[actionresult([TYPE,ID])]) then if B(TYPE=proposal) then {ReceivedMessage(TYPE, ID, open); adopta(received(TYPE, ID, closed) : Infinite, priority 1)} else if B(LIST=[actionresult([TYPE,ID,RESPONSE])]) then if B(TYPE=response) then ReceivedMessage(RESPONSE, ID) else if B(LIST=[actionresult([TYPE])]) then ReceivedEvent(TYPE) else if B(LIST=[actionresult([TYPE,AGENT,ID,RESPONSE])]) then if B(TYPE=proposal) then ReceivedProposal(AGENT, ID, RESPONSE)
Event processed UpdateClock(12)
Event processed UpdateClock(12)
[CTAH] Array of Terms: [Lapapl.data.Term;@235fa1ab
[CTAH] The created APLList : [a30,orange,0,12]
[CTAH] Array of Terms: [Lapapl.data.Term;@8a669b1
[CTAH] The created APLList : [a30,orange,0,12]
[CTAH] Array of Terms: [Lapapl.data.Term;@1822bbe7
[CTAH] The created APLList : [a30,red,1,12]
[CTAH] Array of Terms: [Lapapl.data.Term;@500e29fc
[CTAH] The created APLList : [a30,red,1,12]
[CTAH] Array of Terms: [Lapapl.data.Term;@1fd86674
[CTAH] The created APLList : [a30,purple,1,12]
[CTAH] Array of Terms: [Lapapl.data.Term;@3840c78e
[CTAH] The created APLList : [a30,purple,1,12]
[CTAH] Array of Terms: [Lapapl.data.Term;@45ffdd9c
[CTAH] The created APLList : [a30,green,2,12]
[CTAH] Array of Terms: [Lapapl.data.Term;@5e3001c6
[CTAH] The created APLList : [a30,green,2,12]
org notification: Time [clock=13, time=2015-05-11 16:13:23.909]
org notified sent time(13).
object notification: Time [clock=13, time=2015-05-11 16:13:23.909]
Event sent to object      a30 clock(13)
object notification: Time [clock=13, time=2015-05-11 16:13:23.909]
Event sent to object      a40 clock(13)
object notification: Time [clock=13, time=2015-05-11 16:13:23.909]
Event sent to object      a10 clock(13)
Event processed UpdateClock(13)
Event processed UpdateClock(13)
Event processed UpdateClock(13)
setPhases in ClientGameStatus, the current phase is Feedback Phase
setPhases in ClientGameStatus, the current phase is Feedback Phase
setPhases in ClientGameStatus, the current phase is Feedback Phase
Event processed @ctenv(functionToList(message(phasechange)),LIST,0); if B(LIST=[actionresult([TYPE,ID])]) then if B(TYPE=proposal) then {ReceivedMessage(TYPE, ID, open); adopta(received(TYPE, ID, closed) : Infinite, priority 1)} else if B(LIST=[actionresult([TYPE,ID,RESPONSE])]) then if B(TYPE=response) then ReceivedMessage(RESPONSE, ID) else if B(LIST=[actionresult([TYPE])]) then ReceivedEvent(TYPE) else if B(LIST=[actionresult([TYPE,AGENT,ID,RESPONSE])]) then if B(TYPE=proposal) then ReceivedProposal(AGENT, ID, RESPONSE)
Event processed @ctenv(functionToList(message(phasechange)),LIST,0); if B(LIST=[actionresult([TYPE,ID])]) then if B(TYPE=proposal) then {ReceivedMessage(TYPE, ID, open); adopta(received(TYPE, ID, closed) : Infinite, priority 1)} else if B(LIST=[actionresult([TYPE,ID,RESPONSE])]) then if B(TYPE=response) then ReceivedMessage(RESPONSE, ID) else if B(LIST=[actionresult([TYPE])]) then ReceivedEvent(TYPE) else if B(LIST=[actionresult([TYPE,AGENT,ID,RESPONSE])]) then if B(TYPE=proposal) then ReceivedProposal(AGENT, ID, RESPONSE)
Event processed @ctenv(functionToList(message(phasechange)),LIST,0); if B(LIST=[actionresult([TYPE,ID])]) then if B(TYPE=proposal) then {ReceivedMessage(TYPE, ID, open); adopta(received(TYPE, ID, closed) : Infinite, priority 1)} else if B(LIST=[actionresult([TYPE,ID,RESPONSE])]) then if B(TYPE=response) then ReceivedMessage(RESPONSE, ID) else if B(LIST=[actionresult([TYPE])]) then ReceivedEvent(TYPE) else if B(LIST=[actionresult([TYPE,AGENT,ID,RESPONSE])]) then if B(TYPE=proposal) then ReceivedProposal(AGENT, ID, RESPONSE)
[CTAH] Array of Terms: [Lapapl.data.Term;@7e758e43
[CTAH] The created APLList : [phasechange]
[CTAH] Array of Terms: [Lapapl.data.Term;@7de2d422
[CTAH] The created APLList : [phasechange]
[CTAH] Array of Terms: [Lapapl.data.Term;@407af394
[CTAH] The created APLList : [phasechange]
(((((((((((((((((Game ended)))))))))))
Game ended 
My PlayerStatus is: Game Player...
PerGameId: 0.
PIN: 10.
Pos: (R:0,C:0).
Chips: { chips  'orange':3 'red':3 'purple':3 'green':3 }.
Score: 20.
Team: -1.

(((((((((((((((((Game ended)))))))))))
Game ended 
My PlayerStatus is: Game Player...
PerGameId: 3.
PIN: 40.
Pos: (R:4,C:0).
Chips: { chips  'orange':2 'red':3 'purple':3 'green':2 }.
Score: 10.
Team: -1.

(((((((((((((((((Game ended)))))))))))
Game ended 
My PlayerStatus is: Game Player...
PerGameId: 2.
PIN: 30.
Pos: (R:2,C:3).
Chips: { chips  'orange':0 'red':1 'purple':1 'green':2 }.
Score: 10.
Team: -1.

(((((((((((((((((Game ended)))))))))))
Game ended 
My PlayerStatus is: Game Player...
PerGameId: 2.
PIN: 30.
Pos: (R:2,C:3).
Chips: { chips  'orange':0 'red':1 'purple':1 'green':2 }.
Score: 10.
Team: -1.

(((((((((((((((((Game ended)))))))))))
Game ended 
My PlayerStatus is: Game Player...
PerGameId: 3.
PIN: 40.
Pos: (R:4,C:0).
Chips: { chips  'orange':2 'red':3 'purple':3 'green':2 }.
Score: 10.
Team: -1.

(((((((((((((((((Game ended)))))))))))
Game ended 
My PlayerStatus is: Game Player...
PerGameId: 0.
PIN: 10.
Pos: (R:0,C:0).
Chips: { chips  'orange':3 'red':3 'purple':3 'green':3 }.
Score: 20.
Team: -1.

Event processed @ctenv(functionToList(message(game_ended)),LIST,0); if B(LIST=[actionresult([TYPE,ID])]) then if B(TYPE=proposal) then {ReceivedMessage(TYPE, ID, open); adopta(received(TYPE, ID, closed) : Infinite, priority 1)} else if B(LIST=[actionresult([TYPE,ID,RESPONSE])]) then if B(TYPE=response) then ReceivedMessage(RESPONSE, ID) else if B(LIST=[actionresult([TYPE])]) then ReceivedEvent(TYPE) else if B(LIST=[actionresult([TYPE,AGENT,ID,RESPONSE])]) then if B(TYPE=proposal) then ReceivedProposal(AGENT, ID, RESPONSE)
Event processed @ctenv(functionToList(message(game_ended)),LIST,0); if B(LIST=[actionresult([TYPE,ID])]) then if B(TYPE=proposal) then {ReceivedMessage(TYPE, ID, open); adopta(received(TYPE, ID, closed) : Infinite, priority 1)} else if B(LIST=[actionresult([TYPE,ID,RESPONSE])]) then if B(TYPE=response) then ReceivedMessage(RESPONSE, ID) else if B(LIST=[actionresult([TYPE])]) then ReceivedEvent(TYPE) else if B(LIST=[actionresult([TYPE,AGENT,ID,RESPONSE])]) then if B(TYPE=proposal) then ReceivedProposal(AGENT, ID, RESPONSE)
[CTAH] Array of Terms: [Lapapl.data.Term;@3cf8f3e4
[CTAH] The created APLList : [game_ended]
[CTAH] Array of Terms: [Lapapl.data.Term;@78f22171
[CTAH] The created APLList : [game_ended]
Event processed @ctenv(functionToList(message(game_ended)),LIST,0); if B(LIST=[actionresult([TYPE,ID])]) then if B(TYPE=proposal) then {ReceivedMessage(TYPE, ID, open); adopta(received(TYPE, ID, closed) : Infinite, priority 1)} else if B(LIST=[actionresult([TYPE,ID,RESPONSE])]) then if B(TYPE=response) then ReceivedMessage(RESPONSE, ID) else if B(LIST=[actionresult([TYPE])]) then ReceivedEvent(TYPE) else if B(LIST=[actionresult([TYPE,AGENT,ID,RESPONSE])]) then if B(TYPE=proposal) then ReceivedProposal(AGENT, ID, RESPONSE)
Event processed @ctenv(functionToList(message(game_ended)),LIST,0); if B(LIST=[actionresult([TYPE,ID])]) then if B(TYPE=proposal) then {ReceivedMessage(TYPE, ID, open); adopta(received(TYPE, ID, closed) : Infinite, priority 1)} else if B(LIST=[actionresult([TYPE,ID,RESPONSE])]) then if B(TYPE=response) then ReceivedMessage(RESPONSE, ID) else if B(LIST=[actionresult([TYPE])]) then ReceivedEvent(TYPE) else if B(LIST=[actionresult([TYPE,AGENT,ID,RESPONSE])]) then if B(TYPE=proposal) then ReceivedProposal(AGENT, ID, RESPONSE)
Event processed @ctenv(functionToList(message(game_ended)),LIST,0); if B(LIST=[actionresult([TYPE,ID])]) then if B(TYPE=proposal) then {ReceivedMessage(TYPE, ID, open); adopta(received(TYPE, ID, closed) : Infinite, priority 1)} else if B(LIST=[actionresult([TYPE,ID,RESPONSE])]) then if B(TYPE=response) then ReceivedMessage(RESPONSE, ID) else if B(LIST=[actionresult([TYPE])]) then ReceivedEvent(TYPE) else if B(LIST=[actionresult([TYPE,AGENT,ID,RESPONSE])]) then if B(TYPE=proposal) then ReceivedProposal(AGENT, ID, RESPONSE)
Event processed @ctenv(functionToList(message(game_ended)),LIST,0); if B(LIST=[actionresult([TYPE,ID])]) then if B(TYPE=proposal) then {ReceivedMessage(TYPE, ID, open); adopta(received(TYPE, ID, closed) : Infinite, priority 1)} else if B(LIST=[actionresult([TYPE,ID,RESPONSE])]) then if B(TYPE=response) then ReceivedMessage(RESPONSE, ID) else if B(LIST=[actionresult([TYPE])]) then ReceivedEvent(TYPE) else if B(LIST=[actionresult([TYPE,AGENT,ID,RESPONSE])]) then if B(TYPE=proposal) then ReceivedProposal(AGENT, ID, RESPONSE)
[CTAH] Array of Terms: [Lapapl.data.Term;@763d9f12
[CTAH] The created APLList : [game_ended]
[CTAH] Array of Terms: [Lapapl.data.Term;@231a7036
[CTAH] The created APLList : [game_ended]
[CTAH] Array of Terms: [Lapapl.data.Term;@216c226d
[CTAH] The created APLList : [game_ended]
[CTAH] Array of Terms: [Lapapl.data.Term;@10f679f2
[CTAH] The created APLList : [game_ended]
org notification: Time [clock=14, time=2015-05-11 16:13:33.914]
object notification: Time [clock=14, time=2015-05-11 16:13:33.914]
Event sent to object      a40 clock(14)
object notification: Time [clock=14, time=2015-05-11 16:13:33.914]
object notification: Time [clock=14, time=2015-05-11 16:13:33.914]
Event sent to object      a30 clock(14)
Event sent to object      a10 clock(14)
org notified sent time(14).
Event processed UpdateClock(14)
Event processed UpdateClock(14)
Event processed UpdateClock(14)
org notification: Time [clock=15, time=2015-05-11 16:13:43.916]
object notification: Time [clock=15, time=2015-05-11 16:13:43.916]
object notification: Time [clock=15, time=2015-05-11 16:13:43.916]
Event sent to object      a30 clock(15)
object notification: Time [clock=15, time=2015-05-11 16:13:43.916]
Event sent to object      a10 clock(15)
Event sent to object      a40 clock(15)
org notified sent time(15).
Event processed UpdateClock(15)
Event processed UpdateClock(15)
Event processed UpdateClock(15)
org notification: Time [clock=16, time=2015-05-11 16:13:53.92]
object notification: Time [clock=16, time=2015-05-11 16:13:53.92]
object notification: Time [clock=16, time=2015-05-11 16:13:53.92]
Event sent to object      a40 clock(16)
object notification: Time [clock=16, time=2015-05-11 16:13:53.92]
Event sent to object      a30 clock(16)
Event sent to object      a10 clock(16)
org notified sent time(16).
Event processed UpdateClock(16)
Event processed UpdateClock(16)
Event processed UpdateClock(16)
org notification: Time [clock=17, time=2015-05-11 16:14:03.923]
org notified sent time(17).
object notification: Time [clock=17, time=2015-05-11 16:14:03.923]
Event sent to object      a40 clock(17)
object notification: Time [clock=17, time=2015-05-11 16:14:03.923]
Event sent to object      a30 clock(17)
object notification: Time [clock=17, time=2015-05-11 16:14:03.923]
Event sent to object      a10 clock(17)
Event processed UpdateClock(17)
Event processed UpdateClock(17)
Event processed UpdateClock(17)
object notification: Time [clock=18, time=2015-05-11 16:14:13.925]
object notification: Time [clock=18, time=2015-05-11 16:14:13.925]
Event sent to object      a40 clock(18)
org notification: Time [clock=18, time=2015-05-11 16:14:13.925]
org notified sent time(18).
object notification: Time [clock=18, time=2015-05-11 16:14:13.925]
Event sent to object      a10 clock(18)
Event sent to object      a30 clock(18)
Event processed UpdateClock(18)
Event processed UpdateClock(18)
Event processed UpdateClock(18)
org notification: Time [clock=19, time=2015-05-11 16:14:23.928]
org notified sent time(19).
object notification: Time [clock=19, time=2015-05-11 16:14:23.928]
Event sent to object      a40 clock(19)
object notification: Time [clock=19, time=2015-05-11 16:14:23.928]
object notification: Time [clock=19, time=2015-05-11 16:14:23.928]
Event sent to object      a10 clock(19)
Event sent to object      a30 clock(19)
Event processed UpdateClock(19)
Event processed UpdateClock(19)
Event processed UpdateClock(19)
org notification: Time [clock=20, time=2015-05-11 16:14:33.931]
org notified sent time(20).
object notification: Time [clock=20, time=2015-05-11 16:14:33.931]
object notification: Time [clock=20, time=2015-05-11 16:14:33.931]
Event sent to object      a30 clock(20)
Event sent to object      a40 clock(20)
object notification: Time [clock=20, time=2015-05-11 16:14:33.931]
Event sent to object      a10 clock(20)
Event processed UpdateClock(20)
Event processed UpdateClock(20)
Event processed UpdateClock(20)
org notification: Time [clock=21, time=2015-05-11 16:14:43.935]
org notified sent time(21).
object notification: Time [clock=21, time=2015-05-11 16:14:43.935]
object notification: Time [clock=21, time=2015-05-11 16:14:43.935]
Event sent to object      a30 clock(21)
Event sent to object      a40 clock(21)
object notification: Time [clock=21, time=2015-05-11 16:14:43.935]
Event sent to object      a10 clock(21)
Event processed UpdateClock(21)
Event processed UpdateClock(21)
Event processed UpdateClock(21)
org notification: Time [clock=22, time=2015-05-11 16:14:53.937]
org notified sent time(22).
object notification: Time [clock=22, time=2015-05-11 16:14:53.937]
object notification: Time [clock=22, time=2015-05-11 16:14:53.937]
Event sent to object      a30 clock(22)
Event sent to object      a10 clock(22)
object notification: Time [clock=22, time=2015-05-11 16:14:53.937]
Event sent to object      a40 clock(22)
Event processed UpdateClock(22)
Event processed UpdateClock(22)
Event processed UpdateClock(22)
org notification: Time [clock=23, time=2015-05-11 16:15:03.94]
org notified sent time(23).
object notification: Time [clock=23, time=2015-05-11 16:15:03.94]
Event sent to object      a30 clock(23)
object notification: Time [clock=23, time=2015-05-11 16:15:03.94]
Event sent to object      a10 clock(23)
object notification: Time [clock=23, time=2015-05-11 16:15:03.94]
Event sent to object      a40 clock(23)
Event processed UpdateClock(23)
Event processed UpdateClock(23)
Event processed UpdateClock(23)
org notification: Time [clock=24, time=2015-05-11 16:15:13.946]
object notification: Time [clock=24, time=2015-05-11 16:15:13.946]
object notification: Time [clock=24, time=2015-05-11 16:15:13.946]
object notification: Time [clock=24, time=2015-05-11 16:15:13.946]
Event sent to object      a30 clock(24)
Event sent to object      a40 clock(24)
Event sent to object      a10 clock(24)
org notified sent time(24).
Event processed UpdateClock(24)
Event processed UpdateClock(24)
Event processed UpdateClock(24)
org notification: Time [clock=25, time=2015-05-11 16:15:23.949]
org notified sent time(25).
object notification: Time [clock=25, time=2015-05-11 16:15:23.949]
object notification: Time [clock=25, time=2015-05-11 16:15:23.949]
Event sent to object      a30 clock(25)
object notification: Time [clock=25, time=2015-05-11 16:15:23.949]
Event sent to object      a10 clock(25)
Event sent to object      a40 clock(25)
Event processed UpdateClock(25)
Event processed UpdateClock(25)
Event processed UpdateClock(25)
org notification: Time [clock=26, time=2015-05-11 16:15:33.953]
org notified sent time(26).
object notification: Time [clock=26, time=2015-05-11 16:15:33.953]
Event sent to object      a10 clock(26)
object notification: Time [clock=26, time=2015-05-11 16:15:33.953]
Event sent to object      a30 clock(26)
object notification: Time [clock=26, time=2015-05-11 16:15:33.953]
Event sent to object      a40 clock(26)
Event processed UpdateClock(26)
Event processed UpdateClock(26)
Event processed UpdateClock(26)
org notification: Time [clock=27, time=2015-05-11 16:15:43.955]
org notified sent time(27).
object notification: Time [clock=27, time=2015-05-11 16:15:43.955]
object notification: Time [clock=27, time=2015-05-11 16:15:43.955]
Event sent to object      a40 clock(27)
Event sent to object      a30 clock(27)
object notification: Time [clock=27, time=2015-05-11 16:15:43.955]
Event sent to object      a10 clock(27)
Event processed UpdateClock(27)
Event processed UpdateClock(27)
Event processed UpdateClock(27)
object notification: Time [clock=28, time=2015-05-11 16:15:53.958]
org notification: Time [clock=28, time=2015-05-11 16:15:53.958]
org notified sent time(28).
object notification: Time [clock=28, time=2015-05-11 16:15:53.958]
Event sent to object      a10 clock(28)
object notification: Time [clock=28, time=2015-05-11 16:15:53.958]
Event sent to object      a40 clock(28)
Event sent to object      a30 clock(28)
Event processed UpdateClock(28)
Event processed UpdateClock(28)
Event processed UpdateClock(28)
org notification: Time [clock=29, time=2015-05-11 16:16:03.96]
org notified sent time(29).
object notification: Time [clock=29, time=2015-05-11 16:16:03.96]
Event sent to object      a10 clock(29)
object notification: Time [clock=29, time=2015-05-11 16:16:03.96]
Event sent to object      a30 clock(29)
object notification: Time [clock=29, time=2015-05-11 16:16:03.96]
Event sent to object      a40 clock(29)
Event processed UpdateClock(29)
Event processed UpdateClock(29)
Event processed UpdateClock(29)
org notification: Time [clock=30, time=2015-05-11 16:16:13.964]
object notification: Time [clock=30, time=2015-05-11 16:16:13.964]
object notification: Time [clock=30, time=2015-05-11 16:16:13.964]
object notification: Time [clock=30, time=2015-05-11 16:16:13.964]
Event sent to object      a40 clock(30)
Event sent to object      a30 clock(30)
org notified sent time(30).
Event sent to object      a10 clock(30)
Event processed UpdateClock(30)
Event processed UpdateClock(30)
Event processed UpdateClock(30)
org notification: Time [clock=31, time=2015-05-11 16:16:23.967]
org notified sent time(31).
object notification: Time [clock=31, time=2015-05-11 16:16:23.967]
object notification: Time [clock=31, time=2015-05-11 16:16:23.967]
Event sent to object      a30 clock(31)
object notification: Time [clock=31, time=2015-05-11 16:16:23.967]
Event sent to object      a10 clock(31)
Event sent to object      a40 clock(31)
Event processed UpdateClock(31)
Event processed UpdateClock(31)
Event processed UpdateClock(31)
object notification: Time [clock=32, time=2015-05-11 16:16:33.968]
object notification: Time [clock=32, time=2015-05-11 16:16:33.968]
object notification: Time [clock=32, time=2015-05-11 16:16:33.968]
org notification: Time [clock=32, time=2015-05-11 16:16:33.968]
org notified sent time(32).
Event sent to object      a30 clock(32)
Event sent to object      a40 clock(32)
Event sent to object      a10 clock(32)
Event processed UpdateClock(32)
Event processed UpdateClock(32)
Event processed UpdateClock(32)
