2015-05-30 15:07:36,623 CONFIG [com.gigaspaces.logger] - Log file: /Users/dxd/git/ct3/logs/2015-05-30~15.07-gigaspaces-service-192.168.1.103-49347.log
-------------------------last log tuples start--------------------------------
Group [name=g, ra=a20, clock=0, time=2015-05-30 15:01:51.265]
Prohibition [subject=a10, prohibition=[moveTooFast(a10)], sanction=[reduce(a10, 300)], clock=5, time=2015-05-30 15:01:51.334]
Prohibition [subject=a40, prohibition=[rejectRequests(a40)], sanction=[reduce(a40, 300)], clock=5, time=2015-05-30 15:01:51.33]
Tile [id=null, cell=Cell [x=6, y=5], subject=blue, time=2015-05-30 15:01:50.94, clock=0]
Goal [id=null, cell=Cell [x=3, y=3], agent=null, time=2015-05-30 15:01:51.028, clock=0]
Prohibition [subject=a10, prohibition=[rejectRequests(a10)], sanction=[reduce(a10, 300)], clock=5, time=2015-05-30 15:01:51.315]
Tile [id=null, cell=Cell [x=4, y=5], subject=yellow, time=2015-05-30 15:01:50.9, clock=0]
Time [clock=29, time=2015-05-30 15:05:44.677]
Time [clock=9, time=2015-05-30 15:02:24.614]
Time [clock=21, time=2015-05-30 15:04:24.653]
Time [clock=17, time=2015-05-30 15:03:44.639]
Prohibition [subject=a20, prohibition=[rejectRequests(a20)], sanction=[reduce(a20, 300)], clock=5, time=2015-05-30 15:01:51.32]
Prohibition [subject=a20, prohibition=[moveTooFast(a20)], sanction=[reduce(a20, 300)], clock=5, time=2015-05-30 15:01:51.372]
Time [clock=23, time=2015-05-30 15:04:44.659]
Time [clock=13, time=2015-05-30 15:03:04.626]
Time [clock=20, time=2015-05-30 15:04:14.649]
Obligation [subject=a20, obligation=[surround(3, 3)], sanction=[reduce(g, 700)], deadline=35, time=2015-05-30 15:01:51.299, clock=5]
Time [clock=34, time=2015-05-30 15:06:34.694]
Time [clock=30, time=2015-05-30 15:05:54.68]
Prohibition [subject=a40, prohibition=[moveTooFast(a40)], sanction=[reduce(a40, 300)], clock=5, time=2015-05-30 15:01:51.463]
Prohibition [subject=a30, prohibition=[rejectRequests(a30)], sanction=[reduce(a30, 300)], clock=5, time=2015-05-30 15:01:51.322]
Time [clock=14, time=2015-05-30 15:03:14.629]
Prohibition [subject=a30, prohibition=[moveTooFast(a30)], sanction=[reduce(a30, 300)], clock=5, time=2015-05-30 15:01:51.46]
Time [clock=1, time=2015-05-30 15:01:04.566]
Tile [id=null, cell=Cell [x=4, y=0], subject=yellow, time=2015-05-30 15:01:50.887, clock=0]
Time [clock=2, time=2015-05-30 15:01:14.587]
Time [clock=33, time=2015-05-30 15:06:24.691]
Time [clock=5, time=2015-05-30 15:01:44.598]
Time [clock=32, time=2015-05-30 15:06:14.686]
Time [clock=15, time=2015-05-30 15:03:24.632]
Time [clock=24, time=2015-05-30 15:04:54.662]
Time [clock=4, time=2015-05-30 15:01:34.594]
Time [clock=7, time=2015-05-30 15:02:04.605]
Time [clock=27, time=2015-05-30 15:05:24.67]
Time [clock=28, time=2015-05-30 15:05:34.673]
Time [clock=3, time=2015-05-30 15:01:24.591]
Time [clock=31, time=2015-05-30 15:06:04.683]
Time [clock=12, time=2015-05-30 15:02:54.622]
Time [clock=11, time=2015-05-30 15:02:44.619]
Tile [id=null, cell=Cell [x=3, y=5], subject=brown, time=2015-05-30 15:01:50.881, clock=0]
Time [clock=25, time=2015-05-30 15:05:04.664]
Time [clock=10, time=2015-05-30 15:02:34.616]
Time [clock=35, time=2015-05-30 15:06:44.698]
Time [clock=26, time=2015-05-30 15:05:14.667]
Time [clock=16, time=2015-05-30 15:03:34.635]
Time [clock=8, time=2015-05-30 15:02:14.61]
Tile [id=null, cell=Cell [x=5, y=4], subject=yellow, time=2015-05-30 15:01:50.918, clock=0]
Time [clock=22, time=2015-05-30 15:04:34.656]
Time [clock=19, time=2015-05-30 15:04:04.646]
Time [clock=18, time=2015-05-30 15:03:54.643]
Time [clock=6, time=2015-05-30 15:01:54.601]
Tile [id=null, cell=Cell [x=5, y=5], subject=yellow, time=2015-05-30 15:01:50.92, clock=0]
Tile [id=null, cell=Cell [x=0, y=5], subject=yellow, time=2015-05-30 15:01:50.818, clock=0]
Tile [id=null, cell=Cell [x=6, y=4], subject=brown, time=2015-05-30 15:01:50.938, clock=0]
Tile [id=null, cell=Cell [x=4, y=3], subject=brown, time=2015-05-30 15:01:50.895, clock=0]
Tile [id=null, cell=Cell [x=5, y=0], subject=yellow, time=2015-05-30 15:01:50.907, clock=0]
Tile [id=null, cell=Cell [x=2, y=5], subject=white, time=2015-05-30 15:01:50.858, clock=0]
Tile [id=null, cell=Cell [x=6, y=1], subject=yellow, time=2015-05-30 15:01:50.931, clock=0]
Tile [id=null, cell=Cell [x=6, y=2], subject=brown, time=2015-05-30 15:01:50.933, clock=0]
Tile [id=null, cell=Cell [x=4, y=6], subject=white, time=2015-05-30 15:01:50.902, clock=0]
Tile [id=null, cell=Cell [x=1, y=6], subject=brown, time=2015-05-30 15:01:50.839, clock=0]
Tile [id=null, cell=Cell [x=4, y=4], subject=blue, time=2015-05-30 15:01:50.898, clock=0]
Tile [id=null, cell=Cell [x=1, y=0], subject=yellow, time=2015-05-30 15:01:50.825, clock=0]
Tile [id=null, cell=Cell [x=3, y=4], subject=yellow, time=2015-05-30 15:01:50.877, clock=0]
Tile [id=null, cell=Cell [x=5, y=6], subject=blue, time=2015-05-30 15:01:50.924, clock=0]
Tile [id=null, cell=Cell [x=3, y=1], subject=blue, time=2015-05-30 15:01:50.869, clock=0]
Tile [id=null, cell=Cell [x=5, y=2], subject=brown, time=2015-05-30 15:01:50.913, clock=0]
Tile [id=null, cell=Cell [x=4, y=1], subject=blue, time=2015-05-30 15:01:50.89, clock=0]
Tile [id=null, cell=Cell [x=2, y=2], subject=yellow, time=2015-05-30 15:01:50.847, clock=0]
Tile [id=null, cell=Cell [x=2, y=4], subject=white, time=2015-05-30 15:01:50.854, clock=0]
Tile [id=null, cell=Cell [x=5, y=3], subject=blue, time=2015-05-30 15:01:50.915, clock=0]
Tile [id=null, cell=Cell [x=1, y=3], subject=blue, time=2015-05-30 15:01:50.832, clock=0]
Tile [id=null, cell=Cell [x=6, y=0], subject=blue, time=2015-05-30 15:01:50.927, clock=0]
Tile [id=null, cell=Cell [x=4, y=2], subject=brown, time=2015-05-30 15:01:50.893, clock=0]
Tile [id=null, cell=Cell [x=0, y=4], subject=brown, time=2015-05-30 15:01:50.814, clock=0]
Tile [id=null, cell=Cell [x=6, y=3], subject=white, time=2015-05-30 15:01:50.936, clock=0]
Tile [id=null, cell=Cell [x=2, y=0], subject=blue, time=2015-05-30 15:01:50.841, clock=0]
Tile [id=null, cell=Cell [x=3, y=0], subject=blue, time=2015-05-30 15:01:50.865, clock=0]
Tile [id=null, cell=Cell [x=0, y=1], subject=blue, time=2015-05-30 15:01:50.806, clock=0]
Tile [id=null, cell=Cell [x=3, y=2], subject=yellow, time=2015-05-30 15:01:50.873, clock=0]
Tile [id=null, cell=Cell [x=1, y=2], subject=yellow, time=2015-05-30 15:01:50.829, clock=0]
Tile [id=null, cell=Cell [x=0, y=2], subject=white, time=2015-05-30 15:01:50.808, clock=0]
Tile [id=null, cell=Cell [x=1, y=4], subject=blue, time=2015-05-30 15:01:50.834, clock=0]
Tile [id=null, cell=Cell [x=0, y=0], subject=brown, time=2015-05-30 15:01:50.776, clock=0]
Tile [id=null, cell=Cell [x=1, y=5], subject=yellow, time=2015-05-30 15:01:50.837, clock=0]
Tile [id=null, cell=Cell [x=2, y=6], subject=yellow, time=2015-05-30 15:01:50.861, clock=0]
Tile [id=null, cell=Cell [x=6, y=6], subject=blue, time=2015-05-30 15:01:50.943, clock=0]
Tile [id=null, cell=Cell [x=5, y=1], subject=white, time=2015-05-30 15:01:50.911, clock=0]
Tile [id=null, cell=Cell [x=1, y=1], subject=blue, time=2015-05-30 15:01:50.827, clock=0]
Tile [id=null, cell=Cell [x=2, y=1], subject=brown, time=2015-05-30 15:01:50.843, clock=0]
Tile [id=null, cell=Cell [x=2, y=3], subject=brown, time=2015-05-30 15:01:50.849, clock=0]
Tile [id=null, cell=Cell [x=3, y=3], subject=white, time=2015-05-30 15:01:50.875, clock=0]
Tile [id=null, cell=Cell [x=0, y=3], subject=white, time=2015-05-30 15:01:50.811, clock=0]
Tile [id=null, cell=Cell [x=3, y=6], subject=yellow, time=2015-05-30 15:01:50.885, clock=0]
Tile [id=null, cell=Cell [x=0, y=6], subject=white, time=2015-05-30 15:01:50.822, clock=0]
-------------------------last log tuples end----------------------------------
[CTAH] started agent 10
[CTAH] Added a new agent to the game by the name of 10.
[ENV] added agent a10
[CTAH] started agent 30
[CTAH] Added a new agent to the game by the name of 30.
[ENV] added agent a30
[CTAH] started agent 40
[CTAH] Added a new agent to the game by the name of 40.
[ENV] added agent a40
object notification: Time [clock=1, time=2015-05-30 15:07:48.078]
org notification: Time [clock=1, time=2015-05-30 15:07:48.078]
object notification: Time [clock=1, time=2015-05-30 15:07:48.078]
object notification: Time [clock=1, time=2015-05-30 15:07:48.078]
org notification: Time [clock=2, time=2015-05-30 15:07:58.094]
object notification: Time [clock=2, time=2015-05-30 15:07:58.094]
object notification: Time [clock=2, time=2015-05-30 15:07:58.094]
object notification: Time [clock=2, time=2015-05-30 15:07:58.094]
