2015-05-30 16:15:07,848 CONFIG [com.gigaspaces.logger] - Log file: /Users/dxd/git/ct3/logs/2015-05-30~16.15-gigaspaces-service-192.168.1.103-50016.log
-------------------------last log tuples start--------------------------------
Time [clock=21, time=2015-05-30 16:09:45.411]
Goal [id=null, cell=Cell [x=3, y=3], agent=null, time=2015-05-30 16:06:38.628, clock=0]
Color [id=null, color=blue, agent=a30, type=no, sanction=500, time=2015-05-30 16:09:14.998, clock=17]
Group [name=g, ra=a20, clock=0, time=2015-05-30 16:06:38.987]
Time [clock=11, time=2015-05-30 16:08:05.377]
Color [id=null, color=blue, agent=a20, type=yes, sanction=50, time=2015-05-30 16:06:55.39, clock=4]
SetGoal [id=null, agent=a40, cell=Cell [x=3, y=4], goal=Cell [x=3, y=3], sanction=100, clock=9, time=2015-05-30 16:07:46.369]
Time [clock=14, time=2015-05-30 16:08:35.388]
Prohibition [subject=a40, prohibition=[rejectRequests(a40)], sanction=[reduce(a40, 300)], clock=2, time=2015-05-30 16:06:39.025]
Time [clock=22, time=2015-05-30 16:09:55.413]
SetGoal [id=null, agent=a20, cell=Cell [x=3, y=2], goal=Cell [x=3, y=3], sanction=100, clock=11, time=2015-05-30 16:08:08.473]
Time [clock=2, time=2015-05-30 16:06:35.35]
Time [clock=15, time=2015-05-30 16:08:45.392]
Time [clock=16, time=2015-05-30 16:08:55.396]
SetGoal [id=null, agent=a30, cell=Cell [x=2, y=3], goal=Cell [x=4, y=3], sanction=100, clock=10, time=2015-05-30 16:07:58.217]
Time [clock=17, time=2015-05-30 16:09:05.399]
SetGoal [id=null, agent=a20, cell=Cell [x=3, y=4], goal=Cell [x=3, y=3], sanction=100, clock=5, time=2015-05-30 16:07:10.429]
Time [clock=18, time=2015-05-30 16:09:15.402]
Prohibition [subject=a20, prohibition=[rejectRequests(a20)], sanction=[reduce(a20, 300)], clock=2, time=2015-05-30 16:06:39.015]
Prohibition [subject=a20, prohibition=[moveTooFast(a20)], sanction=[reduce(a20, 300)], clock=2, time=2015-05-30 16:06:39.036]
SetGoal [id=null, agent=a10, cell=Cell [x=4, y=3], goal=Cell [x=3, y=3], sanction=100, clock=9, time=2015-05-30 16:07:51.904]
Time [clock=19, time=2015-05-30 16:09:25.405]
Time [clock=20, time=2015-05-30 16:09:35.408]
Obligation [subject=a20, obligation=[at(3, 2, a20)], sanction=[reduce(a20, 700)], deadline=37, time=2015-05-30 16:08:08.477, clock=11]
Prohibition [subject=a30, prohibition=[moveTooFast(a30)], sanction=[reduce(a30, 300)], clock=2, time=2015-05-30 16:06:39.043]
Prohibition [subject=a40, prohibition=[moveTooFast(a40)], sanction=[reduce(a40, 300)], clock=2, time=2015-05-30 16:06:39.045]
Obligation [subject=a20, obligation=[color(blue, a20)], sanction=[reduce(a20, 50)], deadline=24, time=2015-05-30 16:06:55.412, clock=4]
Time [clock=7, time=2015-05-30 16:07:25.365]
Time [clock=1, time=2015-05-30 16:06:25.329]
Time [clock=4, time=2015-05-30 16:06:55.355]
Time [clock=3, time=2015-05-30 16:06:45.352]
Time [clock=8, time=2015-05-30 16:07:35.367]
Time [clock=10, time=2015-05-30 16:07:55.374]
Prohibition [subject=a30, prohibition=[color(blue, a30)], sanction=[reduce(a30, 500)], clock=17, time=2015-05-30 16:09:15.002]
Prohibition [subject=a30, prohibition=[rejectRequests(a30)], sanction=[reduce(a30, 300)], clock=2, time=2015-05-30 16:06:39.018]
Prohibition [subject=a10, prohibition=[rejectRequests(a10)], sanction=[reduce(a10, 300)], clock=2, time=2015-05-30 16:06:39.012]
Prohibition [subject=a10, prohibition=[moveTooFast(a10)], sanction=[reduce(a10, 300)], clock=2, time=2015-05-30 16:06:39.029]
Obligation [subject=a20, obligation=[at(3, 4, a20)], sanction=[reduce(a20, 700)], deadline=31, time=2015-05-30 16:07:10.445, clock=5]
Tile [id=null, cell=Cell [x=4, y=5], subject=blue, time=2015-05-30 16:06:38.495, clock=0]
Obligation [subject=a10, obligation=[at(4, 3, a10)], sanction=[reduce(a10, 700)], deadline=35, time=2015-05-30 16:07:51.91, clock=9]
Time [clock=5, time=2015-05-30 16:07:05.359]
Obligation [subject=a20, obligation=[surround(3, 3)], sanction=[reduce(g, 700)], deadline=32, time=2015-05-30 16:06:39.008, clock=2]
Obligation [subject=a40, obligation=[at(3, 4, a40)], sanction=[reduce(a40, 700)], deadline=35, time=2015-05-30 16:07:46.375, clock=9]
Time [clock=12, time=2015-05-30 16:08:15.382]
Time [clock=23, time=2015-05-30 16:10:05.415]
Time [clock=9, time=2015-05-30 16:07:45.371]
Time [clock=13, time=2015-05-30 16:08:25.384]
Time [clock=6, time=2015-05-30 16:07:15.362]
Tile [id=null, cell=Cell [x=6, y=3], subject=white, time=2015-05-30 16:06:38.553, clock=0]
Tile [id=null, cell=Cell [x=5, y=5], subject=blue, time=2015-05-30 16:06:38.521, clock=0]
Tile [id=null, cell=Cell [x=6, y=6], subject=yellow, time=2015-05-30 16:06:38.575, clock=0]
Tile [id=null, cell=Cell [x=5, y=6], subject=blue, time=2015-05-30 16:06:38.526, clock=0]
Tile [id=null, cell=Cell [x=6, y=4], subject=yellow, time=2015-05-30 16:06:38.561, clock=0]
Tile [id=null, cell=Cell [x=5, y=3], subject=brown, time=2015-05-30 16:06:38.514, clock=0]
Tile [id=null, cell=Cell [x=4, y=4], subject=blue, time=2015-05-30 16:06:38.491, clock=0]
Tile [id=null, cell=Cell [x=4, y=3], subject=brown, time=2015-05-30 16:06:38.487, clock=0]
Tile [id=null, cell=Cell [x=1, y=5], subject=yellow, time=2015-05-30 16:06:38.404, clock=0]
Tile [id=null, cell=Cell [x=6, y=2], subject=white, time=2015-05-30 16:06:38.542, clock=0]
Tile [id=null, cell=Cell [x=5, y=2], subject=white, time=2015-05-30 16:06:38.51, clock=0]
Tile [id=null, cell=Cell [x=6, y=5], subject=white, time=2015-05-30 16:06:38.571, clock=0]
Tile [id=null, cell=Cell [x=6, y=0], subject=blue, time=2015-05-30 16:06:38.531, clock=0]
Tile [id=null, cell=Cell [x=6, y=1], subject=yellow, time=2015-05-30 16:06:38.538, clock=0]
Tile [id=null, cell=Cell [x=5, y=4], subject=blue, time=2015-05-30 16:06:38.517, clock=0]
Tile [id=null, cell=Cell [x=5, y=1], subject=white, time=2015-05-30 16:06:38.506, clock=0]
Tile [id=null, cell=Cell [x=4, y=0], subject=brown, time=2015-05-30 16:06:38.476, clock=0]
Tile [id=null, cell=Cell [x=5, y=0], subject=brown, time=2015-05-30 16:06:38.503, clock=0]
Tile [id=null, cell=Cell [x=4, y=2], subject=brown, time=2015-05-30 16:06:38.485, clock=0]
Tile [id=null, cell=Cell [x=4, y=6], subject=blue, time=2015-05-30 16:06:38.498, clock=0]
Tile [id=null, cell=Cell [x=4, y=1], subject=white, time=2015-05-30 16:06:38.481, clock=0]
Tile [id=null, cell=Cell [x=3, y=3], subject=yellow, time=2015-05-30 16:06:38.461, clock=0]
Tile [id=null, cell=Cell [x=2, y=5], subject=brown, time=2015-05-30 16:06:38.438, clock=0]
Tile [id=null, cell=Cell [x=3, y=6], subject=blue, time=2015-05-30 16:06:38.473, clock=0]
Tile [id=null, cell=Cell [x=2, y=6], subject=white, time=2015-05-30 16:06:38.443, clock=0]
Tile [id=null, cell=Cell [x=3, y=4], subject=white, time=2015-05-30 16:06:38.465, clock=0]
Tile [id=null, cell=Cell [x=2, y=3], subject=white, time=2015-05-30 16:06:38.431, clock=0]
Tile [id=null, cell=Cell [x=1, y=4], subject=blue, time=2015-05-30 16:06:38.4, clock=0]
Tile [id=null, cell=Cell [x=1, y=3], subject=brown, time=2015-05-30 16:06:38.397, clock=0]
Tile [id=null, cell=Cell [x=1, y=2], subject=brown, time=2015-05-30 16:06:38.388, clock=0]
Tile [id=null, cell=Cell [x=3, y=2], subject=white, time=2015-05-30 16:06:38.457, clock=0]
Tile [id=null, cell=Cell [x=2, y=2], subject=white, time=2015-05-30 16:06:38.427, clock=0]
Tile [id=null, cell=Cell [x=3, y=5], subject=blue, time=2015-05-30 16:06:38.468, clock=0]
Tile [id=null, cell=Cell [x=3, y=0], subject=yellow, time=2015-05-30 16:06:38.447, clock=0]
Tile [id=null, cell=Cell [x=3, y=1], subject=blue, time=2015-05-30 16:06:38.452, clock=0]
Tile [id=null, cell=Cell [x=2, y=4], subject=white, time=2015-05-30 16:06:38.435, clock=0]
Tile [id=null, cell=Cell [x=2, y=1], subject=brown, time=2015-05-30 16:06:38.419, clock=0]
Tile [id=null, cell=Cell [x=1, y=0], subject=blue, time=2015-05-30 16:06:38.366, clock=0]
Tile [id=null, cell=Cell [x=2, y=0], subject=white, time=2015-05-30 16:06:38.414, clock=0]
Tile [id=null, cell=Cell [x=0, y=6], subject=yellow, time=2015-05-30 16:06:38.361, clock=0]
Tile [id=null, cell=Cell [x=1, y=6], subject=brown, time=2015-05-30 16:06:38.411, clock=0]
Tile [id=null, cell=Cell [x=1, y=1], subject=brown, time=2015-05-30 16:06:38.369, clock=0]
Tile [id=null, cell=Cell [x=0, y=3], subject=yellow, time=2015-05-30 16:06:38.332, clock=0]
Tile [id=null, cell=Cell [x=0, y=2], subject=yellow, time=2015-05-30 16:06:38.326, clock=0]
Tile [id=null, cell=Cell [x=0, y=1], subject=brown, time=2015-05-30 16:06:38.322, clock=0]
Tile [id=null, cell=Cell [x=0, y=5], subject=yellow, time=2015-05-30 16:06:38.353, clock=0]
Tile [id=null, cell=Cell [x=0, y=4], subject=white, time=2015-05-30 16:06:38.345, clock=0]
Tile [id=null, cell=Cell [x=0, y=0], subject=white, time=2015-05-30 16:06:38.246, clock=0]
-------------------------last log tuples end----------------------------------
[CTAH] started agent 10
[CTAH] Added a new agent to the game by the name of 10.
[ENV] added agent a10
[CTAH] started agent 30
[CTAH] Added a new agent to the game by the name of 30.
[ENV] added agent a30
[CTAH] started agent 40
[CTAH] Added a new agent to the game by the name of 40.
[ENV] added agent a40
#########################Game started
#########################Game started
#########################Game started
object notification: Time [clock=1, time=2015-05-30 16:15:19.218]
object notification: Time [clock=1, time=2015-05-30 16:15:19.218]
org notification: Time [clock=1, time=2015-05-30 16:15:19.218]
object notification: Time [clock=1, time=2015-05-30 16:15:19.218]
[Planbase]:{	initialize
}


[new scheduled]:[initialize]
[After]:{	initialize
}


[Planbase]:{	initialize
}


[new scheduled]:[initialize]
[After]:{	initialize
}


[Planbase]:{	initialize
}


[new scheduled]:[initialize]
[After]:{	initialize
}


Event processed @ctenv(functionToList(message(game_initialized)),LIST,0); if B(LIST=[actionresult([TYPE,ID,RESPONSE])]) then if B(TYPE=response) then ReceivedResponse(RESPONSE, ID) else if B(LIST=[actionresult([TYPE])]) then ReceivedEvent(TYPE) else if B(LIST=[actionresult([TYPE,AGENT,ID,RESPONSE])]) then if B(TYPE=proposal) then ReceivedProposal(AGENT, ID, RESPONSE)
Event processed @ctenv(functionToList(message(game_initialized)),LIST,0); if B(LIST=[actionresult([TYPE,ID,RESPONSE])]) then if B(TYPE=response) then ReceivedResponse(RESPONSE, ID) else if B(LIST=[actionresult([TYPE])]) then ReceivedEvent(TYPE) else if B(LIST=[actionresult([TYPE,AGENT,ID,RESPONSE])]) then if B(TYPE=proposal) then ReceivedProposal(AGENT, ID, RESPONSE)
Event processed UpdateClock(1)
Event processed @ctenv(functionToList(message(game_initialized)),LIST,0); if B(LIST=[actionresult([TYPE,ID,RESPONSE])]) then if B(TYPE=response) then ReceivedResponse(RESPONSE, ID) else if B(LIST=[actionresult([TYPE])]) then ReceivedEvent(TYPE) else if B(LIST=[actionresult([TYPE,AGENT,ID,RESPONSE])]) then if B(TYPE=proposal) then ReceivedProposal(AGENT, ID, RESPONSE)
Event processed UpdateClock(1)
Event processed UpdateClock(1)
[Planbase]:{	getPhase;
	getId;
	B(agentId(ID));
	getRole(ID);
	getPos
},
{	@ctenv(functionToList(message(game_initialized)),LIST,0);
	if	B(LIST=[actionresult([TYPE,ID,RESPONSE])])
	then	{	if	B(TYPE=response)
			then	{	ReceivedResponse(RESPONSE, ID)
				}
		}
	else	{	if	B(LIST=[actionresult([TYPE])])
			then	{	ReceivedEvent(TYPE)
				}
			else	{	if	B(LIST=[actionresult([TYPE,AGENT,ID,RESPONSE])])
					then	{	if	B(TYPE=proposal)
							then	{	ReceivedProposal(AGENT, ID, RESPONSE)
								}
						}
				}
		}
},
{	UpdateClock(1)
}


[new scheduled]:[getPhase; getId; B(agentId(ID)); getRole(ID); getPos, @ctenv(functionToList(message(game_initialized)),LIST,0); if B(LIST=[actionresult([TYPE,ID,RESPONSE])]) then if B(TYPE=response) then ReceivedResponse(RESPONSE, ID) else if B(LIST=[actionresult([TYPE])]) then ReceivedEvent(TYPE) else if B(LIST=[actionresult([TYPE,AGENT,ID,RESPONSE])]) then if B(TYPE=proposal) then ReceivedProposal(AGENT, ID, RESPONSE), UpdateClock(1)]
[After]:{	getPhase;
	getId;
	B(agentId(ID));
	getRole(ID);
	getPos
},
{	@ctenv(functionToList(message(game_initialized)),LIST,0);
	if	B(LIST=[actionresult([TYPE,ID,RESPONSE])])
	then	{	if	B(TYPE=response)
			then	{	ReceivedResponse(RESPONSE, ID)
				}
		}
	else	{	if	B(LIST=[actionresult([TYPE])])
			then	{	ReceivedEvent(TYPE)
				}
			else	{	if	B(LIST=[actionresult([TYPE,AGENT,ID,RESPONSE])])
					then	{	if	B(TYPE=proposal)
							then	{	ReceivedProposal(AGENT, ID, RESPONSE)
								}
						}
				}
		}
},
{	UpdateClock(1)
}


[CTAH] Array of Terms: [Lapapl.data.Term;@635a4247
[CTAH] The created APLList : [game_initialized]
[Planbase]:{	getPhase;
	getId;
	B(agentId(ID));
	getRole(ID);
	getPos
},
{	@ctenv(functionToList(message(game_initialized)),LIST,0);
	if	B(LIST=[actionresult([TYPE,ID,RESPONSE])])
	then	{	if	B(TYPE=response)
			then	{	ReceivedResponse(RESPONSE, ID)
				}
		}
	else	{	if	B(LIST=[actionresult([TYPE])])
			then	{	ReceivedEvent(TYPE)
				}
			else	{	if	B(LIST=[actionresult([TYPE,AGENT,ID,RESPONSE])])
					then	{	if	B(TYPE=proposal)
							then	{	ReceivedProposal(AGENT, ID, RESPONSE)
								}
						}
				}
		}
},
{	UpdateClock(1)
}


[new scheduled]:[getPhase; getId; B(agentId(ID)); getRole(ID); getPos, @ctenv(functionToList(message(game_initialized)),LIST,0); if B(LIST=[actionresult([TYPE,ID,RESPONSE])]) then if B(TYPE=response) then ReceivedResponse(RESPONSE, ID) else if B(LIST=[actionresult([TYPE])]) then ReceivedEvent(TYPE) else if B(LIST=[actionresult([TYPE,AGENT,ID,RESPONSE])]) then if B(TYPE=proposal) then ReceivedProposal(AGENT, ID, RESPONSE), UpdateClock(1)]
[After]:{	getPhase;
	getId;
	B(agentId(ID));
	getRole(ID);
	getPos
},
{	@ctenv(functionToList(message(game_initialized)),LIST,0);
	if	B(LIST=[actionresult([TYPE,ID,RESPONSE])])
	then	{	if	B(TYPE=response)
			then	{	ReceivedResponse(RESPONSE, ID)
				}
		}
	else	{	if	B(LIST=[actionresult([TYPE])])
			then	{	ReceivedEvent(TYPE)
				}
			else	{	if	B(LIST=[actionresult([TYPE,AGENT,ID,RESPONSE])])
					then	{	if	B(TYPE=proposal)
							then	{	ReceivedProposal(AGENT, ID, RESPONSE)
								}
						}
				}
		}
},
{	UpdateClock(1)
}


[Planbase]:{	getPhase;
	getId;
	B(agentId(ID));
	getRole(ID);
	getPos
},
{	@ctenv(functionToList(message(game_initialized)),LIST,0);
	if	B(LIST=[actionresult([TYPE,ID,RESPONSE])])
	then	{	if	B(TYPE=response)
			then	{	ReceivedResponse(RESPONSE, ID)
				}
		}
	else	{	if	B(LIST=[actionresult([TYPE])])
			then	{	ReceivedEvent(TYPE)
				}
			else	{	if	B(LIST=[actionresult([TYPE,AGENT,ID,RESPONSE])])
					then	{	if	B(TYPE=proposal)
							then	{	ReceivedProposal(AGENT, ID, RESPONSE)
								}
						}
				}
		}
},
{	UpdateClock(1)
}


[new scheduled]:[getPhase; getId; B(agentId(ID)); getRole(ID); getPos, @ctenv(functionToList(message(game_initialized)),LIST,0); if B(LIST=[actionresult([TYPE,ID,RESPONSE])]) then if B(TYPE=response) then ReceivedResponse(RESPONSE, ID) else if B(LIST=[actionresult([TYPE])]) then ReceivedEvent(TYPE) else if B(LIST=[actionresult([TYPE,AGENT,ID,RESPONSE])]) then if B(TYPE=proposal) then ReceivedProposal(AGENT, ID, RESPONSE), UpdateClock(1)]
[After]:{	getPhase;
	getId;
	B(agentId(ID));
	getRole(ID);
	getPos
},
{	@ctenv(functionToList(message(game_initialized)),LIST,0);
	if	B(LIST=[actionresult([TYPE,ID,RESPONSE])])
	then	{	if	B(TYPE=response)
			then	{	ReceivedResponse(RESPONSE, ID)
				}
		}
	else	{	if	B(LIST=[actionresult([TYPE])])
			then	{	ReceivedEvent(TYPE)
				}
			else	{	if	B(LIST=[actionresult([TYPE,AGENT,ID,RESPONSE])])
					then	{	if	B(TYPE=proposal)
							then	{	ReceivedProposal(AGENT, ID, RESPONSE)
								}
						}
				}
		}
},
{	UpdateClock(1)
}


[CTAH] Array of Terms: [Lapapl.data.Term;@3213f347
[CTAH] The created APLList : [game_initialized]
[CTAH] Array of Terms: [Lapapl.data.Term;@7dd66aa9
[CTAH] The created APLList : [game_initialized]
setPhases in ClientGameStatus, the current phase is 
setPhases in ClientGameStatus, the current phase is 
setPhases in ClientGameStatus, the current phase is 
setPhases in ClientGameStatus, the current phase is Norm Phase
[Planbase]:{	@ctenv(getPhase,L1,0);
	B(L1=[actionresult(X)]);
	GetPhase(X);
	getId;
	B(agentId(ID));
	getRole(ID);
	getPos
},
{	if	B([actionresult([game_initialized])]=[actionresult([TYPE])])
	then	{	ReceivedEvent(TYPE)
		}
	else	{	if	B([actionresult([game_initialized])]=[actionresult([TYPE,AGENT,ID,RESPONSE])])
			then	{	if	B(TYPE=proposal)
					then	{	ReceivedProposal(AGENT, ID, RESPONSE)
						}
				}
		}
}


[new scheduled]:[@ctenv(getPhase,L1,0); B(L1=[actionresult(X)]); GetPhase(X); getId; B(agentId(ID)); getRole(ID); getPos, if B([actionresult([game_initialized])]=[actionresult([TYPE])]) then ReceivedEvent(TYPE) else if B([actionresult([game_initialized])]=[actionresult([TYPE,AGENT,ID,RESPONSE])]) then if B(TYPE=proposal) then ReceivedProposal(AGENT, ID, RESPONSE)]
[After]:{	@ctenv(getPhase,L1,0);
	B(L1=[actionresult(X)]);
	GetPhase(X);
	getId;
	B(agentId(ID));
	getRole(ID);
	getPos
},
{	if	B([actionresult([game_initialized])]=[actionresult([TYPE])])
	then	{	ReceivedEvent(TYPE)
		}
	else	{	if	B([actionresult([game_initialized])]=[actionresult([TYPE,AGENT,ID,RESPONSE])])
			then	{	if	B(TYPE=proposal)
					then	{	ReceivedProposal(AGENT, ID, RESPONSE)
						}
				}
		}
}


setPhases in ClientGameStatus, the current phase is Norm Phase
setPhases in ClientGameStatus, the current phase is Norm Phase
org notification: Tile [id=null, cell=Cell [x=0, y=0], subject=brown, time=2015-05-30 16:15:20.625, clock=0]
object notification: Tile [id=null, cell=Cell [x=0, y=0], subject=brown, time=2015-05-30 16:15:20.625, clock=0]
object notification: Tile [id=null, cell=Cell [x=0, y=0], subject=brown, time=2015-05-30 16:15:20.625, clock=0]
object notification: Tile [id=null, cell=Cell [x=0, y=0], subject=brown, time=2015-05-30 16:15:20.625, clock=0]
object notification: Tile [id=null, cell=Cell [x=0, y=1], subject=blue, time=2015-05-30 16:15:20.703, clock=0]
object notification: Tile [id=null, cell=Cell [x=0, y=1], subject=blue, time=2015-05-30 16:15:20.703, clock=0]
object notification: Tile [id=null, cell=Cell [x=0, y=1], subject=blue, time=2015-05-30 16:15:20.703, clock=0]
org notification: Tile [id=null, cell=Cell [x=0, y=1], subject=blue, time=2015-05-30 16:15:20.703, clock=0]
object notification: Tile [id=null, cell=Cell [x=0, y=2], subject=brown, time=2015-05-30 16:15:20.708, clock=0]
object notification: Tile [id=null, cell=Cell [x=0, y=2], subject=brown, time=2015-05-30 16:15:20.708, clock=0]
object notification: Tile [id=null, cell=Cell [x=0, y=2], subject=brown, time=2015-05-30 16:15:20.708, clock=0]
org notification: Tile [id=null, cell=Cell [x=0, y=2], subject=brown, time=2015-05-30 16:15:20.708, clock=0]
object notification: Tile [id=null, cell=Cell [x=0, y=3], subject=blue, time=2015-05-30 16:15:20.717, clock=0]
object notification: Tile [id=null, cell=Cell [x=0, y=3], subject=blue, time=2015-05-30 16:15:20.717, clock=0]
object notification: Tile [id=null, cell=Cell [x=0, y=3], subject=blue, time=2015-05-30 16:15:20.717, clock=0]
org notification: Tile [id=null, cell=Cell [x=0, y=3], subject=blue, time=2015-05-30 16:15:20.717, clock=0]
object notification: Tile [id=null, cell=Cell [x=0, y=4], subject=yellow, time=2015-05-30 16:15:20.721, clock=0]
object notification: Tile [id=null, cell=Cell [x=0, y=4], subject=yellow, time=2015-05-30 16:15:20.721, clock=0]
object notification: Tile [id=null, cell=Cell [x=0, y=4], subject=yellow, time=2015-05-30 16:15:20.721, clock=0]
object notification: Tile [id=null, cell=Cell [x=0, y=5], subject=yellow, time=2015-05-30 16:15:20.724, clock=0]
object notification: Tile [id=null, cell=Cell [x=0, y=5], subject=yellow, time=2015-05-30 16:15:20.724, clock=0]
object notification: Tile [id=null, cell=Cell [x=0, y=6], subject=blue, time=2015-05-30 16:15:20.733, clock=0]
object notification: Tile [id=null, cell=Cell [x=0, y=6], subject=blue, time=2015-05-30 16:15:20.733, clock=0]
org notification: Tile [id=null, cell=Cell [x=0, y=4], subject=yellow, time=2015-05-30 16:15:20.721, clock=0]
object notification: Tile [id=null, cell=Cell [x=0, y=5], subject=yellow, time=2015-05-30 16:15:20.724, clock=0]
object notification: Tile [id=null, cell=Cell [x=0, y=6], subject=blue, time=2015-05-30 16:15:20.733, clock=0]
object notification: Tile [id=null, cell=Cell [x=1, y=0], subject=brown, time=2015-05-30 16:15:20.737, clock=0]
object notification: Tile [id=null, cell=Cell [x=1, y=0], subject=brown, time=2015-05-30 16:15:20.737, clock=0]
object notification: Tile [id=null, cell=Cell [x=1, y=0], subject=brown, time=2015-05-30 16:15:20.737, clock=0]
org notification: Tile [id=null, cell=Cell [x=0, y=5], subject=yellow, time=2015-05-30 16:15:20.724, clock=0]
object notification: Tile [id=null, cell=Cell [x=1, y=1], subject=blue, time=2015-05-30 16:15:20.746, clock=0]
object notification: Tile [id=null, cell=Cell [x=1, y=1], subject=blue, time=2015-05-30 16:15:20.746, clock=0]
object notification: Tile [id=null, cell=Cell [x=1, y=1], subject=blue, time=2015-05-30 16:15:20.746, clock=0]
object notification: Tile [id=null, cell=Cell [x=1, y=2], subject=brown, time=2015-05-30 16:15:20.751, clock=0]
object notification: Tile [id=null, cell=Cell [x=1, y=2], subject=brown, time=2015-05-30 16:15:20.751, clock=0]
object notification: Tile [id=null, cell=Cell [x=1, y=2], subject=brown, time=2015-05-30 16:15:20.751, clock=0]
object notification: Tile [id=null, cell=Cell [x=1, y=3], subject=white, time=2015-05-30 16:15:20.756, clock=0]
object notification: Tile [id=null, cell=Cell [x=1, y=3], subject=white, time=2015-05-30 16:15:20.756, clock=0]
object notification: Tile [id=null, cell=Cell [x=1, y=3], subject=white, time=2015-05-30 16:15:20.756, clock=0]
object notification: Tile [id=null, cell=Cell [x=1, y=4], subject=blue, time=2015-05-30 16:15:20.759, clock=0]
object notification: Tile [id=null, cell=Cell [x=1, y=4], subject=blue, time=2015-05-30 16:15:20.759, clock=0]
object notification: Tile [id=null, cell=Cell [x=1, y=4], subject=blue, time=2015-05-30 16:15:20.759, clock=0]
Event processed UpdateTile(brown, 0, 0)
object notification: Tile [id=null, cell=Cell [x=1, y=5], subject=blue, time=2015-05-30 16:15:20.767, clock=0]
object notification: Tile [id=null, cell=Cell [x=1, y=5], subject=blue, time=2015-05-30 16:15:20.767, clock=0]
org notification: Tile [id=null, cell=Cell [x=0, y=6], subject=blue, time=2015-05-30 16:15:20.733, clock=0]
object notification: Tile [id=null, cell=Cell [x=1, y=5], subject=blue, time=2015-05-30 16:15:20.767, clock=0]
Event processed UpdateTile(blue, 0, 1)
object notification: Tile [id=null, cell=Cell [x=1, y=6], subject=blue, time=2015-05-30 16:15:20.776, clock=0]
object notification: Tile [id=null, cell=Cell [x=1, y=6], subject=blue, time=2015-05-30 16:15:20.776, clock=0]
object notification: Tile [id=null, cell=Cell [x=1, y=6], subject=blue, time=2015-05-30 16:15:20.776, clock=0]
org notification: Tile [id=null, cell=Cell [x=1, y=0], subject=brown, time=2015-05-30 16:15:20.737, clock=0]
object notification: Tile [id=null, cell=Cell [x=2, y=0], subject=blue, time=2015-05-30 16:15:20.783, clock=0]
object notification: Tile [id=null, cell=Cell [x=2, y=0], subject=blue, time=2015-05-30 16:15:20.783, clock=0]
object notification: Tile [id=null, cell=Cell [x=2, y=0], subject=blue, time=2015-05-30 16:15:20.783, clock=0]
Event processed UpdateTile(brown, 0, 2)
Event processed UpdateTile(blue, 0, 3)
object notification: Tile [id=null, cell=Cell [x=2, y=1], subject=brown, time=2015-05-30 16:15:20.789, clock=0]
object notification: Tile [id=null, cell=Cell [x=2, y=1], subject=brown, time=2015-05-30 16:15:20.789, clock=0]
object notification: Tile [id=null, cell=Cell [x=2, y=1], subject=brown, time=2015-05-30 16:15:20.789, clock=0]
Event processed UpdateTile(yellow, 0, 4)
org notification: Tile [id=null, cell=Cell [x=1, y=1], subject=blue, time=2015-05-30 16:15:20.746, clock=0]
object notification: Tile [id=null, cell=Cell [x=2, y=2], subject=blue, time=2015-05-30 16:15:20.794, clock=0]
object notification: Tile [id=null, cell=Cell [x=2, y=2], subject=blue, time=2015-05-30 16:15:20.794, clock=0]
object notification: Tile [id=null, cell=Cell [x=2, y=2], subject=blue, time=2015-05-30 16:15:20.794, clock=0]
Event processed UpdateTile(yellow, 0, 5)
object notification: Tile [id=null, cell=Cell [x=2, y=3], subject=brown, time=2015-05-30 16:15:20.799, clock=0]
object notification: Tile [id=null, cell=Cell [x=2, y=3], subject=brown, time=2015-05-30 16:15:20.799, clock=0]
object notification: Tile [id=null, cell=Cell [x=2, y=3], subject=brown, time=2015-05-30 16:15:20.799, clock=0]
object notification: Tile [id=null, cell=Cell [x=2, y=4], subject=yellow, time=2015-05-30 16:15:20.801, clock=0]
object notification: Tile [id=null, cell=Cell [x=2, y=4], subject=yellow, time=2015-05-30 16:15:20.801, clock=0]
Event processed UpdateTile(blue, 0, 6)
object notification: Tile [id=null, cell=Cell [x=2, y=4], subject=yellow, time=2015-05-30 16:15:20.801, clock=0]
object notification: Tile [id=null, cell=Cell [x=2, y=5], subject=white, time=2015-05-30 16:15:20.803, clock=0]
object notification: Tile [id=null, cell=Cell [x=2, y=5], subject=white, time=2015-05-30 16:15:20.803, clock=0]
object notification: Tile [id=null, cell=Cell [x=2, y=5], subject=white, time=2015-05-30 16:15:20.803, clock=0]
Event processed UpdateTile(brown, 1, 0)
object notification: Tile [id=null, cell=Cell [x=2, y=6], subject=yellow, time=2015-05-30 16:15:20.806, clock=0]
object notification: Tile [id=null, cell=Cell [x=2, y=6], subject=yellow, time=2015-05-30 16:15:20.806, clock=0]
object notification: Tile [id=null, cell=Cell [x=2, y=6], subject=yellow, time=2015-05-30 16:15:20.806, clock=0]
Event processed UpdateTile(blue, 1, 1)
Event processed UpdateTile(brown, 1, 2)
object notification: Tile [id=null, cell=Cell [x=3, y=0], subject=brown, time=2015-05-30 16:15:20.81, clock=0]
object notification: Tile [id=null, cell=Cell [x=3, y=0], subject=brown, time=2015-05-30 16:15:20.81, clock=0]
Event processed UpdateTile(white, 1, 3)
object notification: Tile [id=null, cell=Cell [x=3, y=0], subject=brown, time=2015-05-30 16:15:20.81, clock=0]
Event processed UpdateTile(blue, 1, 4)
object notification: Tile [id=null, cell=Cell [x=3, y=1], subject=yellow, time=2015-05-30 16:15:20.816, clock=0]
Event processed UpdateTile(blue, 1, 5)
object notification: Tile [id=null, cell=Cell [x=3, y=1], subject=yellow, time=2015-05-30 16:15:20.816, clock=0]
object notification: Tile [id=null, cell=Cell [x=3, y=1], subject=yellow, time=2015-05-30 16:15:20.816, clock=0]
Event processed UpdateTile(blue, 1, 6)
object notification: Tile [id=null, cell=Cell [x=3, y=2], subject=white, time=2015-05-30 16:15:20.826, clock=0]
Event processed UpdateTile(blue, 2, 0)
object notification: Tile [id=null, cell=Cell [x=3, y=2], subject=white, time=2015-05-30 16:15:20.826, clock=0]
object notification: Tile [id=null, cell=Cell [x=3, y=2], subject=white, time=2015-05-30 16:15:20.826, clock=0]
Event processed UpdateTile(brown, 2, 1)
object notification: Tile [id=null, cell=Cell [x=3, y=3], subject=white, time=2015-05-30 16:15:20.836, clock=0]
object notification: Tile [id=null, cell=Cell [x=3, y=3], subject=white, time=2015-05-30 16:15:20.836, clock=0]
Event processed UpdateTile(blue, 2, 2)
object notification: Tile [id=null, cell=Cell [x=3, y=3], subject=white, time=2015-05-30 16:15:20.836, clock=0]
Event processed UpdateTile(brown, 2, 3)
object notification: Tile [id=null, cell=Cell [x=3, y=4], subject=yellow, time=2015-05-30 16:15:20.848, clock=0]
object notification: Tile [id=null, cell=Cell [x=3, y=4], subject=yellow, time=2015-05-30 16:15:20.848, clock=0]
Event processed UpdateTile(yellow, 2, 4)
object notification: Tile [id=null, cell=Cell [x=3, y=4], subject=yellow, time=2015-05-30 16:15:20.848, clock=0]
Event processed UpdateTile(white, 2, 5)
object notification: Tile [id=null, cell=Cell [x=3, y=5], subject=brown, time=2015-05-30 16:15:20.859, clock=0]
[Planbase]:{	@ctenv(getPhase,L1,0);
	B(L1=[actionresult(X)]);
	GetPhase(X);
	getId;
	B(agentId(ID));
	getRole(ID);
	getPos
},
{	if	B([actionresult([game_initialized])]=[actionresult([TYPE])])
	then	{	ReceivedEvent(TYPE)
		}
	else	{	if	B([actionresult([game_initialized])]=[actionresult([TYPE,AGENT,ID,RESPONSE])])
			then	{	if	B(TYPE=proposal)
					then	{	ReceivedProposal(AGENT, ID, RESPONSE)
						}
				}
		}
}


[new scheduled]:[@ctenv(getPhase,L1,0); B(L1=[actionresult(X)]); GetPhase(X); getId; B(agentId(ID)); getRole(ID); getPos, if B([actionresult([game_initialized])]=[actionresult([TYPE])]) then ReceivedEvent(TYPE) else if B([actionresult([game_initialized])]=[actionresult([TYPE,AGENT,ID,RESPONSE])]) then if B(TYPE=proposal) then ReceivedProposal(AGENT, ID, RESPONSE)]
[After]:{	@ctenv(getPhase,L1,0);
	B(L1=[actionresult(X)]);
	GetPhase(X);
	getId;
	B(agentId(ID));
	getRole(ID);
	getPos
},
{	if	B([actionresult([game_initialized])]=[actionresult([TYPE])])
	then	{	ReceivedEvent(TYPE)
		}
	else	{	if	B([actionresult([game_initialized])]=[actionresult([TYPE,AGENT,ID,RESPONSE])])
			then	{	if	B(TYPE=proposal)
					then	{	ReceivedProposal(AGENT, ID, RESPONSE)
						}
				}
		}
}


Event processed UpdateTile(yellow, 2, 6)
Event processed UpdateTile(brown, 3, 0)
Event processed UpdateTile(yellow, 3, 1)
Event processed UpdateTile(white, 3, 2)
[Planbase]:{	@ctenv(getPhase,L1,0);
	B(L1=[actionresult(X)]);
	GetPhase(X);
	getId;
	B(agentId(ID));
	getRole(ID);
	getPos
},
{	if	B([actionresult([game_initialized])]=[actionresult([TYPE])])
	then	{	ReceivedEvent(TYPE)
		}
	else	{	if	B([actionresult([game_initialized])]=[actionresult([TYPE,AGENT,ID,RESPONSE])])
			then	{	if	B(TYPE=proposal)
					then	{	ReceivedProposal(AGENT, ID, RESPONSE)
						}
				}
		}
}


[new scheduled]:[@ctenv(getPhase,L1,0); B(L1=[actionresult(X)]); GetPhase(X); getId; B(agentId(ID)); getRole(ID); getPos, if B([actionresult([game_initialized])]=[actionresult([TYPE])]) then ReceivedEvent(TYPE) else if B([actionresult([game_initialized])]=[actionresult([TYPE,AGENT,ID,RESPONSE])]) then if B(TYPE=proposal) then ReceivedProposal(AGENT, ID, RESPONSE)]
[After]:{	@ctenv(getPhase,L1,0);
	B(L1=[actionresult(X)]);
	GetPhase(X);
	getId;
	B(agentId(ID));
	getRole(ID);
	getPos
},
{	if	B([actionresult([game_initialized])]=[actionresult([TYPE])])
	then	{	ReceivedEvent(TYPE)
		}
	else	{	if	B([actionresult([game_initialized])]=[actionresult([TYPE,AGENT,ID,RESPONSE])])
			then	{	if	B(TYPE=proposal)
					then	{	ReceivedProposal(AGENT, ID, RESPONSE)
						}
				}
		}
}


Event processed UpdateTile(white, 3, 3)
Event processed UpdateTile(yellow, 3, 4)
object notification: Tile [id=null, cell=Cell [x=3, y=5], subject=brown, time=2015-05-30 16:15:20.859, clock=0]
object notification: Tile [id=null, cell=Cell [x=3, y=5], subject=brown, time=2015-05-30 16:15:20.859, clock=0]
object notification: Tile [id=null, cell=Cell [x=3, y=6], subject=white, time=2015-05-30 16:15:20.869, clock=0]
object notification: Tile [id=null, cell=Cell [x=3, y=6], subject=white, time=2015-05-30 16:15:20.869, clock=0]
object notification: Tile [id=null, cell=Cell [x=4, y=0], subject=yellow, time=2015-05-30 16:15:20.914, clock=0]
object notification: Tile [id=null, cell=Cell [x=4, y=0], subject=yellow, time=2015-05-30 16:15:20.914, clock=0]
object notification: Tile [id=null, cell=Cell [x=4, y=1], subject=brown, time=2015-05-30 16:15:20.919, clock=0]
object notification: Tile [id=null, cell=Cell [x=3, y=6], subject=white, time=2015-05-30 16:15:20.869, clock=0]
object notification: Tile [id=null, cell=Cell [x=4, y=2], subject=yellow, time=2015-05-30 16:15:20.922, clock=0]
object notification: Tile [id=null, cell=Cell [x=4, y=0], subject=yellow, time=2015-05-30 16:15:20.914, clock=0]
object notification: Tile [id=null, cell=Cell [x=4, y=3], subject=white, time=2015-05-30 16:15:20.924, clock=0]
object notification: Tile [id=null, cell=Cell [x=4, y=1], subject=brown, time=2015-05-30 16:15:20.919, clock=0]
object notification: Tile [id=null, cell=Cell [x=4, y=2], subject=yellow, time=2015-05-30 16:15:20.922, clock=0]
object notification: Tile [id=null, cell=Cell [x=4, y=3], subject=white, time=2015-05-30 16:15:20.924, clock=0]
object notification: Tile [id=null, cell=Cell [x=4, y=4], subject=yellow, time=2015-05-30 16:15:20.934, clock=0]
object notification: Tile [id=null, cell=Cell [x=4, y=4], subject=yellow, time=2015-05-30 16:15:20.934, clock=0]
object notification: Tile [id=null, cell=Cell [x=4, y=5], subject=white, time=2015-05-30 16:15:20.938, clock=0]
object notification: Tile [id=null, cell=Cell [x=4, y=5], subject=white, time=2015-05-30 16:15:20.938, clock=0]
object notification: Tile [id=null, cell=Cell [x=4, y=1], subject=brown, time=2015-05-30 16:15:20.919, clock=0]
object notification: Tile [id=null, cell=Cell [x=4, y=2], subject=yellow, time=2015-05-30 16:15:20.922, clock=0]
object notification: Tile [id=null, cell=Cell [x=4, y=3], subject=white, time=2015-05-30 16:15:20.924, clock=0]
object notification: Tile [id=null, cell=Cell [x=4, y=4], subject=yellow, time=2015-05-30 16:15:20.934, clock=0]
object notification: Tile [id=null, cell=Cell [x=4, y=5], subject=white, time=2015-05-30 16:15:20.938, clock=0]
object notification: Tile [id=null, cell=Cell [x=4, y=6], subject=white, time=2015-05-30 16:15:20.943, clock=0]
object notification: Tile [id=null, cell=Cell [x=4, y=6], subject=white, time=2015-05-30 16:15:20.943, clock=0]
object notification: Tile [id=null, cell=Cell [x=4, y=6], subject=white, time=2015-05-30 16:15:20.943, clock=0]
object notification: Tile [id=null, cell=Cell [x=5, y=0], subject=blue, time=2015-05-30 16:15:20.948, clock=0]
org notification: Tile [id=null, cell=Cell [x=1, y=2], subject=brown, time=2015-05-30 16:15:20.751, clock=0]
object notification: Tile [id=null, cell=Cell [x=5, y=0], subject=blue, time=2015-05-30 16:15:20.948, clock=0]
object notification: Tile [id=null, cell=Cell [x=5, y=0], subject=blue, time=2015-05-30 16:15:20.948, clock=0]
object notification: Tile [id=null, cell=Cell [x=5, y=1], subject=blue, time=2015-05-30 16:15:20.957, clock=0]
object notification: Tile [id=null, cell=Cell [x=5, y=1], subject=blue, time=2015-05-30 16:15:20.957, clock=0]
object notification: Tile [id=null, cell=Cell [x=5, y=1], subject=blue, time=2015-05-30 16:15:20.957, clock=0]
object notification: Tile [id=null, cell=Cell [x=5, y=2], subject=white, time=2015-05-30 16:15:20.963, clock=0]
object notification: Tile [id=null, cell=Cell [x=5, y=2], subject=white, time=2015-05-30 16:15:20.963, clock=0]
object notification: Tile [id=null, cell=Cell [x=5, y=2], subject=white, time=2015-05-30 16:15:20.963, clock=0]
object notification: Tile [id=null, cell=Cell [x=5, y=3], subject=yellow, time=2015-05-30 16:15:20.968, clock=0]
object notification: Tile [id=null, cell=Cell [x=5, y=3], subject=yellow, time=2015-05-30 16:15:20.968, clock=0]
object notification: Tile [id=null, cell=Cell [x=5, y=3], subject=yellow, time=2015-05-30 16:15:20.968, clock=0]
object notification: Tile [id=null, cell=Cell [x=5, y=4], subject=yellow, time=2015-05-30 16:15:20.973, clock=0]
object notification: Tile [id=null, cell=Cell [x=5, y=4], subject=yellow, time=2015-05-30 16:15:20.973, clock=0]
object notification: Tile [id=null, cell=Cell [x=5, y=4], subject=yellow, time=2015-05-30 16:15:20.973, clock=0]
object notification: Tile [id=null, cell=Cell [x=5, y=5], subject=brown, time=2015-05-30 16:15:20.978, clock=0]
object notification: Tile [id=null, cell=Cell [x=5, y=5], subject=brown, time=2015-05-30 16:15:20.978, clock=0]
object notification: Tile [id=null, cell=Cell [x=5, y=5], subject=brown, time=2015-05-30 16:15:20.978, clock=0]
object notification: Tile [id=null, cell=Cell [x=5, y=6], subject=yellow, time=2015-05-30 16:15:20.982, clock=0]
object notification: Tile [id=null, cell=Cell [x=5, y=6], subject=yellow, time=2015-05-30 16:15:20.982, clock=0]
object notification: Tile [id=null, cell=Cell [x=5, y=6], subject=yellow, time=2015-05-30 16:15:20.982, clock=0]
object notification: Tile [id=null, cell=Cell [x=6, y=0], subject=blue, time=2015-05-30 16:15:20.986, clock=0]
object notification: Tile [id=null, cell=Cell [x=6, y=0], subject=blue, time=2015-05-30 16:15:20.986, clock=0]
object notification: Tile [id=null, cell=Cell [x=6, y=0], subject=blue, time=2015-05-30 16:15:20.986, clock=0]
object notification: Tile [id=null, cell=Cell [x=6, y=1], subject=brown, time=2015-05-30 16:15:20.99, clock=0]
object notification: Tile [id=null, cell=Cell [x=6, y=1], subject=brown, time=2015-05-30 16:15:20.99, clock=0]
object notification: Tile [id=null, cell=Cell [x=6, y=1], subject=brown, time=2015-05-30 16:15:20.99, clock=0]
object notification: Tile [id=null, cell=Cell [x=6, y=2], subject=brown, time=2015-05-30 16:15:20.994, clock=0]
object notification: Tile [id=null, cell=Cell [x=6, y=2], subject=brown, time=2015-05-30 16:15:20.994, clock=0]
object notification: Tile [id=null, cell=Cell [x=6, y=2], subject=brown, time=2015-05-30 16:15:20.994, clock=0]
object notification: Tile [id=null, cell=Cell [x=6, y=3], subject=brown, time=2015-05-30 16:15:20.996, clock=0]
object notification: Tile [id=null, cell=Cell [x=6, y=3], subject=brown, time=2015-05-30 16:15:20.996, clock=0]
object notification: Tile [id=null, cell=Cell [x=6, y=3], subject=brown, time=2015-05-30 16:15:20.996, clock=0]
object notification: Tile [id=null, cell=Cell [x=6, y=4], subject=blue, time=2015-05-30 16:15:20.999, clock=0]
object notification: Tile [id=null, cell=Cell [x=6, y=4], subject=blue, time=2015-05-30 16:15:20.999, clock=0]
object notification: Tile [id=null, cell=Cell [x=6, y=4], subject=blue, time=2015-05-30 16:15:20.999, clock=0]
org notification: Tile [id=null, cell=Cell [x=1, y=3], subject=white, time=2015-05-30 16:15:20.756, clock=0]
object notification: Tile [id=null, cell=Cell [x=6, y=5], subject=yellow, time=2015-05-30 16:15:21.003, clock=0]
object notification: Tile [id=null, cell=Cell [x=6, y=5], subject=yellow, time=2015-05-30 16:15:21.003, clock=0]
object notification: Tile [id=null, cell=Cell [x=6, y=5], subject=yellow, time=2015-05-30 16:15:21.003, clock=0]
object notification: Tile [id=null, cell=Cell [x=6, y=6], subject=yellow, time=2015-05-30 16:15:21.007, clock=0]
object notification: Tile [id=null, cell=Cell [x=6, y=6], subject=yellow, time=2015-05-30 16:15:21.007, clock=0]
object notification: Tile [id=null, cell=Cell [x=6, y=6], subject=yellow, time=2015-05-30 16:15:21.007, clock=0]
org notification: Tile [id=null, cell=Cell [x=1, y=4], subject=blue, time=2015-05-30 16:15:20.759, clock=0]
org notification: Tile [id=null, cell=Cell [x=1, y=5], subject=blue, time=2015-05-30 16:15:20.767, clock=0]
org notification: Tile [id=null, cell=Cell [x=1, y=6], subject=blue, time=2015-05-30 16:15:20.776, clock=0]
org notification: Tile [id=null, cell=Cell [x=2, y=0], subject=blue, time=2015-05-30 16:15:20.783, clock=0]
org notification: Tile [id=null, cell=Cell [x=2, y=1], subject=brown, time=2015-05-30 16:15:20.789, clock=0]
org notification: Tile [id=null, cell=Cell [x=2, y=2], subject=blue, time=2015-05-30 16:15:20.794, clock=0]
org notification: Tile [id=null, cell=Cell [x=2, y=3], subject=brown, time=2015-05-30 16:15:20.799, clock=0]
Event processed UpdateTile(brown, 0, 0)
Event processed UpdateTile(blue, 0, 1)
Event processed UpdateTile(brown, 0, 0)
org notification: Tile [id=null, cell=Cell [x=2, y=4], subject=yellow, time=2015-05-30 16:15:20.801, clock=0]
Event processed UpdateTile(brown, 0, 2)
Event processed UpdateTile(blue, 0, 1)
Event processed UpdateTile(blue, 0, 3)
org notification: Tile [id=null, cell=Cell [x=2, y=5], subject=white, time=2015-05-30 16:15:20.803, clock=0]
Event processed UpdateTile(brown, 0, 2)
Event processed UpdateTile(yellow, 0, 4)
[Planbase]:{	GetPhase(normphase);
	getId;
	B(agentId(ID));
	getRole(ID);
	getPos
},
{	ReceivedEvent(game_initialized)
},
{	UpdateTile(brown, 0, 0)
},
{	UpdateTile(blue, 0, 1)
},
{	UpdateTile(brown, 0, 2)
},
{	UpdateTile(blue, 0, 3)
},
{	UpdateTile(yellow, 0, 4)
},
{	UpdateTile(yellow, 0, 5)
},
{	UpdateTile(blue, 0, 6)
},
{	UpdateTile(brown, 1, 0)
},
{	UpdateTile(blue, 1, 1)
},
{	UpdateTile(brown, 1, 2)
},
{	UpdateTile(white, 1, 3)
},
{	UpdateTile(blue, 1, 4)
},
{	UpdateTile(blue, 1, 5)
},
{	UpdateTile(blue, 1, 6)
},
{	UpdateTile(blue, 2, 0)
},
{	UpdateTile(brown, 2, 1)
},
{	UpdateTile(blue, 2, 2)
},
{	UpdateTile(brown, 2, 3)
},
{	UpdateTile(yellow, 2, 4)
},
{	UpdateTile(white, 2, 5)
},
{	UpdateTile(yellow, 2, 6)
},
{	UpdateTile(brown, 3, 0)
},
{	UpdateTile(yellow, 3, 1)
},
{	UpdateTile(white, 3, 2)
},
{	UpdateTile(white, 3, 3)
},
{	UpdateTile(yellow, 3, 4)
}


[new scheduled]:[GetPhase(normphase); getId; B(agentId(ID)); getRole(ID); getPos, ReceivedEvent(game_initialized), UpdateTile(brown, 0, 0), UpdateTile(blue, 0, 1), UpdateTile(brown, 0, 2), UpdateTile(blue, 0, 3), UpdateTile(yellow, 0, 4), UpdateTile(yellow, 0, 5), UpdateTile(blue, 0, 6), UpdateTile(brown, 1, 0), UpdateTile(blue, 1, 1), UpdateTile(brown, 1, 2), UpdateTile(white, 1, 3), UpdateTile(blue, 1, 4), UpdateTile(blue, 1, 5), UpdateTile(blue, 1, 6), UpdateTile(blue, 2, 0), UpdateTile(brown, 2, 1), UpdateTile(blue, 2, 2), UpdateTile(brown, 2, 3), UpdateTile(yellow, 2, 4), UpdateTile(white, 2, 5), UpdateTile(yellow, 2, 6), UpdateTile(brown, 3, 0), UpdateTile(yellow, 3, 1), UpdateTile(white, 3, 2), UpdateTile(white, 3, 3), UpdateTile(yellow, 3, 4)]
[After]:{	GetPhase(normphase);
	getId;
	B(agentId(ID));
	getRole(ID);
	getPos
},
{	ReceivedEvent(game_initialized)
},
{	UpdateTile(brown, 0, 0)
},
{	UpdateTile(blue, 0, 1)
},
{	UpdateTile(brown, 0, 2)
},
{	UpdateTile(blue, 0, 3)
},
{	UpdateTile(yellow, 0, 4)
},
{	UpdateTile(yellow, 0, 5)
},
{	UpdateTile(blue, 0, 6)
},
{	UpdateTile(brown, 1, 0)
},
{	UpdateTile(blue, 1, 1)
},
{	UpdateTile(brown, 1, 2)
},
{	UpdateTile(white, 1, 3)
},
{	UpdateTile(blue, 1, 4)
},
{	UpdateTile(blue, 1, 5)
},
{	UpdateTile(blue, 1, 6)
},
{	UpdateTile(blue, 2, 0)
},
{	UpdateTile(brown, 2, 1)
},
{	UpdateTile(blue, 2, 2)
},
{	UpdateTile(brown, 2, 3)
},
{	UpdateTile(yellow, 2, 4)
},
{	UpdateTile(white, 2, 5)
},
{	UpdateTile(yellow, 2, 6)
},
{	UpdateTile(brown, 3, 0)
},
{	UpdateTile(yellow, 3, 1)
},
{	UpdateTile(white, 3, 2)
},
{	UpdateTile(white, 3, 3)
},
{	UpdateTile(yellow, 3, 4)
}


Event processed UpdateTile(blue, 0, 3)
Event processed UpdateTile(yellow, 0, 5)
org notification: Tile [id=null, cell=Cell [x=2, y=6], subject=yellow, time=2015-05-30 16:15:20.806, clock=0]
Event processed UpdateTile(yellow, 0, 4)
Event processed UpdateTile(blue, 0, 6)
Event processed UpdateTile(yellow, 0, 5)
org notification: Tile [id=null, cell=Cell [x=3, y=0], subject=brown, time=2015-05-30 16:15:20.81, clock=0]
Event processed UpdateTile(brown, 1, 0)
Event processed UpdateTile(blue, 0, 6)
Event processed UpdateTile(blue, 1, 1)
Event processed UpdateTile(brown, 1, 0)
Event processed UpdateTile(brown, 1, 2)
Event processed UpdateTile(blue, 1, 1)
Event processed UpdateTile(brown, 1, 2)
org notification: Goal [id=null, cell=Cell [x=3, y=3], agent=null, time=2015-05-30 16:15:21.185, clock=0]
Event processed UpdateTile(white, 1, 3)
Event processed UpdateTile(white, 1, 3)
org notification: Tile [id=null, cell=Cell [x=3, y=1], subject=yellow, time=2015-05-30 16:15:20.816, clock=0]
Event processed UpdateTile(blue, 1, 4)
Event processed UpdateTile(blue, 1, 4)
Event processed UpdateTile(blue, 1, 5)
Event processed UpdateTile(blue, 1, 5)
org notification: Tile [id=null, cell=Cell [x=3, y=2], subject=white, time=2015-05-30 16:15:20.826, clock=0]
Event processed UpdateTile(blue, 1, 6)
Event processed UpdateTile(blue, 1, 6)
org notification: Tile [id=null, cell=Cell [x=3, y=3], subject=white, time=2015-05-30 16:15:20.836, clock=0]
Event processed UpdateTile(blue, 2, 0)
Event processed UpdateTile(blue, 2, 0)
Event processed UpdateTile(brown, 2, 1)
org notification: Tile [id=null, cell=Cell [x=3, y=4], subject=yellow, time=2015-05-30 16:15:20.848, clock=0]
Event processed UpdateTile(brown, 2, 1)
Event processed UpdateTile(blue, 2, 2)
Event processed UpdateTile(blue, 2, 2)
org notification: Tile [id=null, cell=Cell [x=3, y=5], subject=brown, time=2015-05-30 16:15:20.859, clock=0]
Event processed UpdateTile(brown, 2, 3)
Event processed UpdateTile(brown, 2, 3)
Event processed UpdateTile(yellow, 2, 4)
Event processed UpdateTile(white, 2, 5)
Event processed UpdateTile(yellow, 2, 6)
org notification: Group [name=g, ra=a20, clock=0, time=2015-05-30 16:15:21.489]
Event processed UpdateTile(yellow, 2, 4)
Event processed UpdateTile(white, 2, 5)
org notification: Tile [id=null, cell=Cell [x=3, y=6], subject=white, time=2015-05-30 16:15:20.869, clock=0]
Event processed UpdateTile(yellow, 2, 6)
Event processed UpdateTile(brown, 3, 0)
object notification: Prohibition [subject=a10, prohibition=[rejectRequests(a10)], sanction=[reduce(a10, 300)], clock=1, time=2015-05-30 16:15:21.626]
object notification: Prohibition [subject=a30, prohibition=[rejectRequests(a30)], sanction=[reduce(a30, 300)], clock=1, time=2015-05-30 16:15:21.635]
object notification: Prohibition [subject=a40, prohibition=[rejectRequests(a40)], sanction=[reduce(a40, 300)], clock=1, time=2015-05-30 16:15:21.649]
object notification: Prohibition [subject=a10, prohibition=[moveTooFast(a10)], sanction=[reduce(a10, 300)], clock=1, time=2015-05-30 16:15:21.654]
object notification: Prohibition [subject=a30, prohibition=[moveTooFast(a30)], sanction=[reduce(a30, 300)], clock=1, time=2015-05-30 16:15:21.664]
object notification: Prohibition [subject=a40, prohibition=[moveTooFast(a40)], sanction=[reduce(a40, 300)], clock=1, time=2015-05-30 16:15:21.668]
Event processed UpdateTile(yellow, 3, 1)
Event processed UpdateTile(brown, 3, 0)
Event processed UpdateTile(yellow, 3, 1)
Event processed UpdateTile(white, 3, 2)
Event processed UpdateTile(white, 3, 3)
Event processed UpdateTile(white, 3, 2)
Event processed UpdateTile(yellow, 3, 4)
Event processed UpdateTile(white, 3, 3)
Event processed UpdateTile(yellow, 3, 4)
Event processed UpdateTile(brown, 3, 5)
Event processed UpdateTile(brown, 3, 5)
Event processed UpdateTile(white, 3, 6)
Event processed UpdateTile(yellow, 4, 0)
Event processed UpdateTile(white, 3, 6)
Event processed UpdateTile(yellow, 4, 0)
Event processed UpdateTile(brown, 4, 1)
Event processed UpdateTile(brown, 4, 1)
org notification: Tile [id=null, cell=Cell [x=4, y=0], subject=yellow, time=2015-05-30 16:15:20.914, clock=0]
Event processed UpdateTile(yellow, 4, 2)
Event processed UpdateTile(white, 4, 3)
Event processed UpdateTile(yellow, 4, 2)
Event processed UpdateTile(white, 4, 3)
Event processed UpdateTile(yellow, 4, 4)
#########################Game Initialized
AGENT Thread-16: current phase name: Norm Phase
we have 1 goals
we have GoalWeight: 100  DistWeight: -10  ChipWeight: 5  CommWeight: 0 scoring
Event processed UpdateTile(yellow, 4, 4)
Event processed UpdateTile(white, 4, 5)
Event processed UpdateTile(white, 4, 5)
Event processed UpdateTile(white, 4, 6)
Event processed UpdateTile(white, 4, 6)
org notification: Tile [id=null, cell=Cell [x=4, y=1], subject=brown, time=2015-05-30 16:15:20.919, clock=0]
Event processed UpdateTile(blue, 5, 0)
Event processed UpdateTile(blue, 5, 0)
Event processed UpdateTile(blue, 5, 1)
#########################Game Initialized
AGENT Thread-14: current phase name: Norm Phase
we have 1 goals
we have GoalWeight: 100  DistWeight: -10  ChipWeight: 5  CommWeight: 0 scoring
Event processed UpdateTile(blue, 5, 1)
Event processed UpdateTile(brown, 3, 5)
Event processed UpdateTile(white, 5, 2)
Event processed UpdateTile(white, 3, 6)
Event processed UpdateTile(yellow, 4, 0)
Event processed UpdateTile(white, 5, 2)
#########################Game Initialized
AGENT Thread-12: current phase name: Norm Phase
we have 1 goals
we have GoalWeight: 100  DistWeight: -10  ChipWeight: 5  CommWeight: 0 scoring
Event processed UpdateTile(brown, 4, 1)
Event processed UpdateTile(yellow, 5, 3)
Event processed UpdateTile(yellow, 4, 2)
Event processed UpdateTile(yellow, 5, 4)
Event processed UpdateTile(white, 4, 3)
Event processed UpdateTile(brown, 5, 5)
Event processed UpdateTile(yellow, 5, 3)
Event processed UpdateTile(yellow, 4, 4)
Event processed UpdateTile(yellow, 5, 4)
Event processed UpdateTile(yellow, 5, 6)
Event processed UpdateTile(white, 4, 5)
Event processed UpdateTile(brown, 5, 5)
Event processed UpdateTile(blue, 6, 0)
Event processed UpdateTile(white, 4, 6)
org notification: Tile [id=null, cell=Cell [x=4, y=2], subject=yellow, time=2015-05-30 16:15:20.922, clock=0]
Event processed UpdateTile(yellow, 5, 6)
Event processed UpdateTile(blue, 5, 0)
Event processed UpdateTile(blue, 6, 0)
Event processed UpdateTile(blue, 5, 1)
Event processed UpdateTile(brown, 6, 1)
Event processed UpdateTile(white, 5, 2)
Event processed UpdateTile(brown, 6, 1)
Event processed UpdateTile(yellow, 5, 3)
Event processed UpdateTile(brown, 6, 2)
Event processed UpdateTile(yellow, 5, 4)
Event processed UpdateTile(brown, 5, 5)
Event processed UpdateTile(brown, 6, 2)
Event processed UpdateTile(yellow, 5, 6)
Event processed UpdateTile(brown, 6, 3)
Event processed UpdateTile(blue, 6, 0)
Event processed UpdateTile(blue, 6, 4)
Event processed UpdateTile(brown, 6, 1)
Event processed UpdateTile(brown, 6, 2)
org notification: Tile [id=null, cell=Cell [x=4, y=3], subject=white, time=2015-05-30 16:15:20.924, clock=0]
Event processed UpdateTile(brown, 6, 3)
Event processed UpdateTile(blue, 6, 4)
Event processed UpdateTile(yellow, 6, 5)
Event processed UpdateTile(brown, 6, 3)
Event processed UpdateTile(blue, 6, 4)
Event processed UpdateTile(yellow, 6, 5)
Event processed UpdateTile(yellow, 6, 6)
Event processed UpdateTile(yellow, 6, 6)
Event processed adoptProhibition(rejectRequests(a40), reduce(a40, 300))
Event processed UpdateTile(yellow, 6, 5)
Event processed adoptProhibition(rejectRequests(a30), reduce(a30, 300))
Event processed adoptProhibition(moveTooFast(a40), reduce(a40, 300))
Event processed UpdateTile(yellow, 6, 6)
Event processed adoptProhibition(rejectRequests(a10), reduce(a10, 300))
Event processed adoptProhibition(moveTooFast(a10), reduce(a10, 300))
Event processed adoptProhibition(moveTooFast(a30), reduce(a30, 300))
org notification: Tile [id=null, cell=Cell [x=4, y=4], subject=yellow, time=2015-05-30 16:15:20.934, clock=0]
org notification: Tile [id=null, cell=Cell [x=4, y=5], subject=white, time=2015-05-30 16:15:20.938, clock=0]
org notification: Tile [id=null, cell=Cell [x=4, y=6], subject=white, time=2015-05-30 16:15:20.943, clock=0]
org notification: Tile [id=null, cell=Cell [x=5, y=0], subject=blue, time=2015-05-30 16:15:20.948, clock=0]
[Planbase]:{	getId;
	B(agentId(ID));
	getRole(ID);
	getPos
},
{	UpdateTile(brown, 3, 5)
},
{	UpdateTile(white, 3, 6)
},
{	UpdateTile(yellow, 4, 0)
},
{	UpdateTile(brown, 4, 1)
},
{	UpdateTile(yellow, 4, 2)
},
{	UpdateTile(white, 4, 3)
},
{	UpdateTile(yellow, 4, 4)
},
{	UpdateTile(white, 4, 5)
},
{	UpdateTile(white, 4, 6)
},
{	UpdateTile(blue, 5, 0)
},
{	UpdateTile(blue, 5, 1)
},
{	UpdateTile(white, 5, 2)
},
{	UpdateTile(yellow, 5, 3)
},
{	UpdateTile(yellow, 5, 4)
},
{	UpdateTile(brown, 5, 5)
},
{	UpdateTile(yellow, 5, 6)
},
{	UpdateTile(blue, 6, 0)
},
{	UpdateTile(brown, 6, 1)
},
{	UpdateTile(brown, 6, 2)
},
{	UpdateTile(brown, 6, 3)
},
{	UpdateTile(blue, 6, 4)
},
{	UpdateTile(yellow, 6, 5)
},
{	UpdateTile(yellow, 6, 6)
},
{	adoptProhibition(rejectRequests(a30), reduce(a30, 300))
},
{	adoptProhibition(moveTooFast(a30), reduce(a30, 300))
}


[new scheduled]:[Initialize, getId; B(agentId(ID)); getRole(ID); getPos, UpdateTile(brown, 3, 5), UpdateTile(white, 3, 6), UpdateTile(yellow, 4, 0), UpdateTile(brown, 4, 1), UpdateTile(yellow, 4, 2), UpdateTile(white, 4, 3), UpdateTile(yellow, 4, 4), UpdateTile(white, 4, 5), UpdateTile(white, 4, 6), UpdateTile(blue, 5, 0), UpdateTile(blue, 5, 1), UpdateTile(white, 5, 2), UpdateTile(yellow, 5, 3), UpdateTile(yellow, 5, 4), UpdateTile(brown, 5, 5), UpdateTile(yellow, 5, 6), UpdateTile(blue, 6, 0), UpdateTile(brown, 6, 1), UpdateTile(brown, 6, 2), UpdateTile(brown, 6, 3), UpdateTile(blue, 6, 4), UpdateTile(yellow, 6, 5), UpdateTile(yellow, 6, 6), adoptProhibition(rejectRequests(a30), reduce(a30, 300)), adoptProhibition(moveTooFast(a30), reduce(a30, 300))]
[Planbase]:{	GetPhase(normphase);
	getId;
	B(agentId(ID));
	getRole(ID);
	getPos
},
{	ReceivedEvent(game_initialized)
},
{	UpdateTile(brown, 0, 0)
},
{	UpdateTile(blue, 0, 1)
},
{	UpdateTile(brown, 0, 2)
},
{	UpdateTile(blue, 0, 3)
},
{	UpdateTile(yellow, 0, 4)
},
{	UpdateTile(yellow, 0, 5)
},
{	UpdateTile(blue, 0, 6)
},
{	UpdateTile(brown, 1, 0)
},
{	UpdateTile(blue, 1, 1)
},
{	UpdateTile(brown, 1, 2)
},
{	UpdateTile(white, 1, 3)
},
{	UpdateTile(blue, 1, 4)
},
{	UpdateTile(blue, 1, 5)
},
{	UpdateTile(blue, 1, 6)
},
{	UpdateTile(blue, 2, 0)
},
{	UpdateTile(brown, 2, 1)
},
{	UpdateTile(blue, 2, 2)
},
{	UpdateTile(brown, 2, 3)
},
{	UpdateTile(yellow, 2, 4)
},
{	UpdateTile(white, 2, 5)
},
{	UpdateTile(yellow, 2, 6)
},
{	UpdateTile(brown, 3, 0)
},
{	UpdateTile(yellow, 3, 1)
},
{	UpdateTile(white, 3, 2)
},
{	UpdateTile(white, 3, 3)
},
{	UpdateTile(yellow, 3, 4)
},
{	UpdateTile(brown, 3, 5)
},
{	UpdateTile(white, 3, 6)
},
{	UpdateTile(yellow, 4, 0)
},
{	UpdateTile(brown, 4, 1)
},
{	UpdateTile(yellow, 4, 2)
},
{	UpdateTile(white, 4, 3)
},
{	UpdateTile(yellow, 4, 4)
},
{	UpdateTile(white, 4, 5)
},
{	UpdateTile(white, 4, 6)
},
{	UpdateTile(blue, 5, 0)
},
{	UpdateTile(blue, 5, 1)
},
{	UpdateTile(white, 5, 2)
},
{	UpdateTile(yellow, 5, 3)
},
{	UpdateTile(yellow, 5, 4)
},
{	UpdateTile(brown, 5, 5)
},
{	UpdateTile(yellow, 5, 6)
},
{	UpdateTile(blue, 6, 0)
},
{	UpdateTile(brown, 6, 1)
},
{	UpdateTile(brown, 6, 2)
},
{	UpdateTile(brown, 6, 3)
},
{	UpdateTile(blue, 6, 4)
},
{	UpdateTile(yellow, 6, 5)
},
{	UpdateTile(yellow, 6, 6)
},
{	adoptProhibition(rejectRequests(a40), reduce(a40, 300))
},
{	adoptProhibition(moveTooFast(a40), reduce(a40, 300))
}


[After]:{	Initialize
},
{	getId;
	B(agentId(ID));
	getRole(ID);
	getPos
},
{	UpdateTile(brown, 3, 5)
},
{	UpdateTile(white, 3, 6)
},
{	UpdateTile(yellow, 4, 0)
},
{	UpdateTile(brown, 4, 1)
},
{	UpdateTile(yellow, 4, 2)
},
{	UpdateTile(white, 4, 3)
},
{	UpdateTile(yellow, 4, 4)
},
{	UpdateTile(white, 4, 5)
},
{	UpdateTile(white, 4, 6)
},
{	UpdateTile(blue, 5, 0)
},
{	UpdateTile(blue, 5, 1)
},
{	UpdateTile(white, 5, 2)
},
{	UpdateTile(yellow, 5, 3)
},
{	UpdateTile(yellow, 5, 4)
},
{	UpdateTile(brown, 5, 5)
},
{	UpdateTile(yellow, 5, 6)
},
{	UpdateTile(blue, 6, 0)
},
{	UpdateTile(brown, 6, 1)
},
{	UpdateTile(brown, 6, 2)
},
{	UpdateTile(brown, 6, 3)
},
{	UpdateTile(blue, 6, 4)
},
{	UpdateTile(yellow, 6, 5)
},
{	UpdateTile(yellow, 6, 6)
},
{	adoptProhibition(rejectRequests(a30), reduce(a30, 300))
},
{	adoptProhibition(moveTooFast(a30), reduce(a30, 300))
}


[new scheduled]:[GetPhase(normphase); getId; B(agentId(ID)); getRole(ID); getPos, ReceivedEvent(game_initialized), UpdateTile(brown, 0, 0), UpdateTile(blue, 0, 1), UpdateTile(brown, 0, 2), UpdateTile(blue, 0, 3), UpdateTile(yellow, 0, 4), UpdateTile(yellow, 0, 5), UpdateTile(blue, 0, 6), UpdateTile(brown, 1, 0), UpdateTile(blue, 1, 1), UpdateTile(brown, 1, 2), UpdateTile(white, 1, 3), UpdateTile(blue, 1, 4), UpdateTile(blue, 1, 5), UpdateTile(blue, 1, 6), UpdateTile(blue, 2, 0), UpdateTile(brown, 2, 1), UpdateTile(blue, 2, 2), UpdateTile(brown, 2, 3), UpdateTile(yellow, 2, 4), UpdateTile(white, 2, 5), UpdateTile(yellow, 2, 6), UpdateTile(brown, 3, 0), UpdateTile(yellow, 3, 1), UpdateTile(white, 3, 2), UpdateTile(white, 3, 3), UpdateTile(yellow, 3, 4), UpdateTile(brown, 3, 5), UpdateTile(white, 3, 6), UpdateTile(yellow, 4, 0), UpdateTile(brown, 4, 1), UpdateTile(yellow, 4, 2), UpdateTile(white, 4, 3), UpdateTile(yellow, 4, 4), UpdateTile(white, 4, 5), UpdateTile(white, 4, 6), UpdateTile(blue, 5, 0), UpdateTile(blue, 5, 1), UpdateTile(white, 5, 2), UpdateTile(yellow, 5, 3), UpdateTile(yellow, 5, 4), UpdateTile(brown, 5, 5), UpdateTile(yellow, 5, 6), UpdateTile(blue, 6, 0), UpdateTile(brown, 6, 1), UpdateTile(brown, 6, 2), UpdateTile(brown, 6, 3), UpdateTile(blue, 6, 4), UpdateTile(yellow, 6, 5), UpdateTile(yellow, 6, 6), adoptProhibition(rejectRequests(a40), reduce(a40, 300)), adoptProhibition(moveTooFast(a40), reduce(a40, 300))]
[After]:{	GetPhase(normphase);
	getId;
	B(agentId(ID));
	getRole(ID);
	getPos
},
{	ReceivedEvent(game_initialized)
},
{	UpdateTile(brown, 0, 0)
},
{	UpdateTile(blue, 0, 1)
},
{	UpdateTile(brown, 0, 2)
},
{	UpdateTile(blue, 0, 3)
},
{	UpdateTile(yellow, 0, 4)
},
{	UpdateTile(yellow, 0, 5)
},
{	UpdateTile(blue, 0, 6)
},
{	UpdateTile(brown, 1, 0)
},
{	UpdateTile(blue, 1, 1)
},
{	UpdateTile(brown, 1, 2)
},
{	UpdateTile(white, 1, 3)
},
{	UpdateTile(blue, 1, 4)
},
{	UpdateTile(blue, 1, 5)
},
{	UpdateTile(blue, 1, 6)
},
{	UpdateTile(blue, 2, 0)
},
{	UpdateTile(brown, 2, 1)
},
{	UpdateTile(blue, 2, 2)
},
{	UpdateTile(brown, 2, 3)
},
{	UpdateTile(yellow, 2, 4)
},
{	UpdateTile(white, 2, 5)
},
{	UpdateTile(yellow, 2, 6)
},
{	UpdateTile(brown, 3, 0)
},
{	UpdateTile(yellow, 3, 1)
},
{	UpdateTile(white, 3, 2)
},
{	UpdateTile(white, 3, 3)
},
{	UpdateTile(yellow, 3, 4)
},
{	UpdateTile(brown, 3, 5)
},
{	UpdateTile(white, 3, 6)
},
{	UpdateTile(yellow, 4, 0)
},
{	UpdateTile(brown, 4, 1)
},
{	UpdateTile(yellow, 4, 2)
},
{	UpdateTile(white, 4, 3)
},
{	UpdateTile(yellow, 4, 4)
},
{	UpdateTile(white, 4, 5)
},
{	UpdateTile(white, 4, 6)
},
{	UpdateTile(blue, 5, 0)
},
{	UpdateTile(blue, 5, 1)
},
{	UpdateTile(white, 5, 2)
},
{	UpdateTile(yellow, 5, 3)
},
{	UpdateTile(yellow, 5, 4)
},
{	UpdateTile(brown, 5, 5)
},
{	UpdateTile(yellow, 5, 6)
},
{	UpdateTile(blue, 6, 0)
},
{	UpdateTile(brown, 6, 1)
},
{	UpdateTile(brown, 6, 2)
},
{	UpdateTile(brown, 6, 3)
},
{	UpdateTile(blue, 6, 4)
},
{	UpdateTile(yellow, 6, 5)
},
{	UpdateTile(yellow, 6, 6)
},
{	adoptProhibition(rejectRequests(a40), reduce(a40, 300))
},
{	adoptProhibition(moveTooFast(a40), reduce(a40, 300))
}


[Planbase]:{	GetPhase(normphase);
	getId;
	B(agentId(ID));
	getRole(ID);
	getPos
},
{	ReceivedEvent(game_initialized)
},
{	UpdateTile(brown, 0, 0)
},
{	UpdateTile(blue, 0, 1)
},
{	UpdateTile(brown, 0, 2)
},
{	UpdateTile(blue, 0, 3)
},
{	UpdateTile(yellow, 0, 4)
},
{	UpdateTile(yellow, 0, 5)
},
{	UpdateTile(blue, 0, 6)
},
{	UpdateTile(brown, 1, 0)
},
{	UpdateTile(blue, 1, 1)
},
{	UpdateTile(brown, 1, 2)
},
{	UpdateTile(white, 1, 3)
},
{	UpdateTile(blue, 1, 4)
},
{	UpdateTile(blue, 1, 5)
},
{	UpdateTile(blue, 1, 6)
},
{	UpdateTile(blue, 2, 0)
},
{	UpdateTile(brown, 2, 1)
},
{	UpdateTile(blue, 2, 2)
},
{	UpdateTile(brown, 2, 3)
},
{	UpdateTile(yellow, 2, 4)
},
{	UpdateTile(white, 2, 5)
},
{	UpdateTile(yellow, 2, 6)
},
{	UpdateTile(brown, 3, 0)
},
{	UpdateTile(yellow, 3, 1)
},
{	UpdateTile(white, 3, 2)
},
{	UpdateTile(white, 3, 3)
},
{	UpdateTile(yellow, 3, 4)
},
{	UpdateTile(brown, 3, 5)
},
{	UpdateTile(white, 3, 6)
},
{	UpdateTile(yellow, 4, 0)
},
{	UpdateTile(brown, 4, 1)
},
{	UpdateTile(yellow, 4, 2)
},
{	UpdateTile(white, 4, 3)
},
{	UpdateTile(yellow, 4, 4)
},
{	UpdateTile(white, 4, 5)
},
{	UpdateTile(white, 4, 6)
},
{	UpdateTile(blue, 5, 0)
},
{	UpdateTile(blue, 5, 1)
},
{	UpdateTile(white, 5, 2)
},
{	UpdateTile(yellow, 5, 3)
},
{	UpdateTile(yellow, 5, 4)
},
{	UpdateTile(brown, 5, 5)
},
{	UpdateTile(yellow, 5, 6)
},
{	UpdateTile(blue, 6, 0)
},
{	UpdateTile(brown, 6, 1)
},
{	UpdateTile(brown, 6, 2)
},
{	UpdateTile(brown, 6, 3)
},
{	UpdateTile(blue, 6, 4)
},
{	UpdateTile(yellow, 6, 5)
},
{	UpdateTile(yellow, 6, 6)
},
{	adoptProhibition(rejectRequests(a10), reduce(a10, 300))
},
{	adoptProhibition(moveTooFast(a10), reduce(a10, 300))
}


[new scheduled]:[GetPhase(normphase); getId; B(agentId(ID)); getRole(ID); getPos, ReceivedEvent(game_initialized), UpdateTile(brown, 0, 0), UpdateTile(blue, 0, 1), UpdateTile(brown, 0, 2), UpdateTile(blue, 0, 3), UpdateTile(yellow, 0, 4), UpdateTile(yellow, 0, 5), UpdateTile(blue, 0, 6), UpdateTile(brown, 1, 0), UpdateTile(blue, 1, 1), UpdateTile(brown, 1, 2), UpdateTile(white, 1, 3), UpdateTile(blue, 1, 4), UpdateTile(blue, 1, 5), UpdateTile(blue, 1, 6), UpdateTile(blue, 2, 0), UpdateTile(brown, 2, 1), UpdateTile(blue, 2, 2), UpdateTile(brown, 2, 3), UpdateTile(yellow, 2, 4), UpdateTile(white, 2, 5), UpdateTile(yellow, 2, 6), UpdateTile(brown, 3, 0), UpdateTile(yellow, 3, 1), UpdateTile(white, 3, 2), UpdateTile(white, 3, 3), UpdateTile(yellow, 3, 4), UpdateTile(brown, 3, 5), UpdateTile(white, 3, 6), UpdateTile(yellow, 4, 0), UpdateTile(brown, 4, 1), UpdateTile(yellow, 4, 2), UpdateTile(white, 4, 3), UpdateTile(yellow, 4, 4), UpdateTile(white, 4, 5), UpdateTile(white, 4, 6), UpdateTile(blue, 5, 0), UpdateTile(blue, 5, 1), UpdateTile(white, 5, 2), UpdateTile(yellow, 5, 3), UpdateTile(yellow, 5, 4), UpdateTile(brown, 5, 5), UpdateTile(yellow, 5, 6), UpdateTile(blue, 6, 0), UpdateTile(brown, 6, 1), UpdateTile(brown, 6, 2), UpdateTile(brown, 6, 3), UpdateTile(blue, 6, 4), UpdateTile(yellow, 6, 5), UpdateTile(yellow, 6, 6), adoptProhibition(rejectRequests(a10), reduce(a10, 300)), adoptProhibition(moveTooFast(a10), reduce(a10, 300))]
[After]:{	GetPhase(normphase);
	getId;
	B(agentId(ID));
	getRole(ID);
	getPos
},
{	ReceivedEvent(game_initialized)
},
{	UpdateTile(brown, 0, 0)
},
{	UpdateTile(blue, 0, 1)
},
{	UpdateTile(brown, 0, 2)
},
{	UpdateTile(blue, 0, 3)
},
{	UpdateTile(yellow, 0, 4)
},
{	UpdateTile(yellow, 0, 5)
},
{	UpdateTile(blue, 0, 6)
},
{	UpdateTile(brown, 1, 0)
},
{	UpdateTile(blue, 1, 1)
},
{	UpdateTile(brown, 1, 2)
},
{	UpdateTile(white, 1, 3)
},
{	UpdateTile(blue, 1, 4)
},
{	UpdateTile(blue, 1, 5)
},
{	UpdateTile(blue, 1, 6)
},
{	UpdateTile(blue, 2, 0)
},
{	UpdateTile(brown, 2, 1)
},
{	UpdateTile(blue, 2, 2)
},
{	UpdateTile(brown, 2, 3)
},
{	UpdateTile(yellow, 2, 4)
},
{	UpdateTile(white, 2, 5)
},
{	UpdateTile(yellow, 2, 6)
},
{	UpdateTile(brown, 3, 0)
},
{	UpdateTile(yellow, 3, 1)
},
{	UpdateTile(white, 3, 2)
},
{	UpdateTile(white, 3, 3)
},
{	UpdateTile(yellow, 3, 4)
},
{	UpdateTile(brown, 3, 5)
},
{	UpdateTile(white, 3, 6)
},
{	UpdateTile(yellow, 4, 0)
},
{	UpdateTile(brown, 4, 1)
},
{	UpdateTile(yellow, 4, 2)
},
{	UpdateTile(white, 4, 3)
},
{	UpdateTile(yellow, 4, 4)
},
{	UpdateTile(white, 4, 5)
},
{	UpdateTile(white, 4, 6)
},
{	UpdateTile(blue, 5, 0)
},
{	UpdateTile(blue, 5, 1)
},
{	UpdateTile(white, 5, 2)
},
{	UpdateTile(yellow, 5, 3)
},
{	UpdateTile(yellow, 5, 4)
},
{	UpdateTile(brown, 5, 5)
},
{	UpdateTile(yellow, 5, 6)
},
{	UpdateTile(blue, 6, 0)
},
{	UpdateTile(brown, 6, 1)
},
{	UpdateTile(brown, 6, 2)
},
{	UpdateTile(brown, 6, 3)
},
{	UpdateTile(blue, 6, 4)
},
{	UpdateTile(yellow, 6, 5)
},
{	UpdateTile(yellow, 6, 6)
},
{	adoptProhibition(rejectRequests(a10), reduce(a10, 300))
},
{	adoptProhibition(moveTooFast(a10), reduce(a10, 300))
}


org notification: Tile [id=null, cell=Cell [x=5, y=1], subject=blue, time=2015-05-30 16:15:20.957, clock=0]
org notification: Tile [id=null, cell=Cell [x=5, y=2], subject=white, time=2015-05-30 16:15:20.963, clock=0]
org notification: Tile [id=null, cell=Cell [x=5, y=3], subject=yellow, time=2015-05-30 16:15:20.968, clock=0]
org notification: Tile [id=null, cell=Cell [x=5, y=4], subject=yellow, time=2015-05-30 16:15:20.973, clock=0]
org notification: Tile [id=null, cell=Cell [x=5, y=5], subject=brown, time=2015-05-30 16:15:20.978, clock=0]
org notification: Tile [id=null, cell=Cell [x=5, y=6], subject=yellow, time=2015-05-30 16:15:20.982, clock=0]
org notification: Tile [id=null, cell=Cell [x=6, y=0], subject=blue, time=2015-05-30 16:15:20.986, clock=0]
org notification: Tile [id=null, cell=Cell [x=6, y=1], subject=brown, time=2015-05-30 16:15:20.99, clock=0]
org notification: Tile [id=null, cell=Cell [x=6, y=2], subject=brown, time=2015-05-30 16:15:20.994, clock=0]
org notification: Tile [id=null, cell=Cell [x=6, y=3], subject=brown, time=2015-05-30 16:15:20.996, clock=0]
org notification: Tile [id=null, cell=Cell [x=6, y=4], subject=blue, time=2015-05-30 16:15:20.999, clock=0]
org notification: Tile [id=null, cell=Cell [x=6, y=5], subject=yellow, time=2015-05-30 16:15:21.003, clock=0]
org notification: Tile [id=null, cell=Cell [x=6, y=6], subject=yellow, time=2015-05-30 16:15:21.007, clock=0]
[Planbase]:{	@ctenv(getAgentId,L1,0);
	B(L1=[actionresult(X)]);
	GetAgentId(X);
	B(agentId(ID));
	getRole(ID);
	getPos
},
{	AdoptP(rejectRequests(300));
	aprohibition(rejectRequests(300) -> reduce(300), priority 0)
},
{	AdoptP(moveTooFast(300));
	aprohibition(moveTooFast(300) -> reduce(300), priority 0)
}


[new scheduled]:[@ctenv(getAgentId,L1,0); B(L1=[actionresult(X)]); GetAgentId(X); B(agentId(ID)); getRole(ID); getPos, AdoptP(rejectRequests(300)); aprohibition(rejectRequests(300) -> reduce(300), priority 0), AdoptP(moveTooFast(300)); aprohibition(moveTooFast(300) -> reduce(300), priority 0)]
[After]:{	@ctenv(getAgentId,L1,0);
	B(L1=[actionresult(X)]);
	GetAgentId(X);
	B(agentId(ID));
	getRole(ID);
	getPos
},
{	AdoptP(rejectRequests(300));
	aprohibition(rejectRequests(300) -> reduce(300), priority 0)
},
{	AdoptP(moveTooFast(300));
	aprohibition(moveTooFast(300) -> reduce(300), priority 0)
}


[Planbase]:{	getId;
	B(agentId(ID));
	getRole(ID);
	getPos
},
{	AdoptP(rejectRequests(300));
	aprohibition(rejectRequests(300) -> reduce(300), priority 0)
},
{	AdoptP(moveTooFast(300));
	aprohibition(moveTooFast(300) -> reduce(300), priority 0)
}


[new scheduled]:[Initialize, getId; B(agentId(ID)); getRole(ID); getPos, AdoptP(rejectRequests(300)); aprohibition(rejectRequests(300) -> reduce(300), priority 0), AdoptP(moveTooFast(300)); aprohibition(moveTooFast(300) -> reduce(300), priority 0)]
[After]:{	Initialize
},
{	getId;
	B(agentId(ID));
	getRole(ID);
	getPos
},
{	AdoptP(rejectRequests(300));
	aprohibition(rejectRequests(300) -> reduce(300), priority 0)
},
{	AdoptP(moveTooFast(300));
	aprohibition(moveTooFast(300) -> reduce(300), priority 0)
}


[Planbase]:{	getId;
	B(agentId(ID));
	getRole(ID);
	getPos
},
{	AdoptP(rejectRequests(300));
	aprohibition(rejectRequests(300) -> reduce(300), priority 0)
},
{	AdoptP(moveTooFast(300));
	aprohibition(moveTooFast(300) -> reduce(300), priority 0)
}


[new scheduled]:[Initialize, getId; B(agentId(ID)); getRole(ID); getPos, AdoptP(rejectRequests(300)); aprohibition(rejectRequests(300) -> reduce(300), priority 0), AdoptP(moveTooFast(300)); aprohibition(moveTooFast(300) -> reduce(300), priority 0)]
[After]:{	Initialize
},
{	getId;
	B(agentId(ID));
	getRole(ID);
	getPos
},
{	AdoptP(rejectRequests(300));
	aprohibition(rejectRequests(300) -> reduce(300), priority 0)
},
{	AdoptP(moveTooFast(300));
	aprohibition(moveTooFast(300) -> reduce(300), priority 0)
}


[Planbase]:{	GetAgentId(2);
	B(agentId(ID));
	getRole(ID);
	getPos
},
{	aprohibition(rejectRequests(300) -> reduce(300), priority 0)
},
{	aprohibition(moveTooFast(300) -> reduce(300), priority 0)
}


[new scheduled]:[GetAgentId(2); B(agentId(ID)); getRole(ID); getPos, aprohibition(rejectRequests(300) -> reduce(300), priority 0), aprohibition(moveTooFast(300) -> reduce(300), priority 0)]
[After]:{	GetAgentId(2);
	B(agentId(ID));
	getRole(ID);
	getPos
},
{	aprohibition(rejectRequests(300) -> reduce(300), priority 0)
},
{	aprohibition(moveTooFast(300) -> reduce(300), priority 0)
}


[Planbase]:{	@ctenv(getAgentId,L1,0);
	B(L1=[actionresult(X)]);
	GetAgentId(X);
	B(agentId(ID));
	getRole(ID);
	getPos
},
{	aprohibition(rejectRequests(300) -> reduce(300), priority 0)
},
{	aprohibition(moveTooFast(300) -> reduce(300), priority 0)
}


[new scheduled]:[@ctenv(getAgentId,L1,0); B(L1=[actionresult(X)]); GetAgentId(X); B(agentId(ID)); getRole(ID); getPos, aprohibition(rejectRequests(300) -> reduce(300), priority 0), aprohibition(moveTooFast(300) -> reduce(300), priority 0)]
[After]:{	@ctenv(getAgentId,L1,0);
	B(L1=[actionresult(X)]);
	GetAgentId(X);
	B(agentId(ID));
	getRole(ID);
	getPos
},
{	aprohibition(rejectRequests(300) -> reduce(300), priority 0)
},
{	aprohibition(moveTooFast(300) -> reduce(300), priority 0)
}


[Planbase]:{	@ctenv(getAgentId,L1,0);
	B(L1=[actionresult(X)]);
	GetAgentId(X);
	B(agentId(ID));
	getRole(ID);
	getPos
},
{	aprohibition(rejectRequests(300) -> reduce(300), priority 0)
},
{	aprohibition(moveTooFast(300) -> reduce(300), priority 0)
}


[new scheduled]:[@ctenv(getAgentId,L1,0); B(L1=[actionresult(X)]); GetAgentId(X); B(agentId(ID)); getRole(ID); getPos, aprohibition(rejectRequests(300) -> reduce(300), priority 0), aprohibition(moveTooFast(300) -> reduce(300), priority 0)]
[After]:{	@ctenv(getAgentId,L1,0);
	B(L1=[actionresult(X)]);
	GetAgentId(X);
	B(agentId(ID));
	getRole(ID);
	getPos
},
{	aprohibition(rejectRequests(300) -> reduce(300), priority 0)
},
{	aprohibition(moveTooFast(300) -> reduce(300), priority 0)
}


[Planbase]:{	B(agentId(ID));
	getRole(ID);
	getPos
}


[new scheduled]:[B(agentId(ID)); getRole(ID); getPos]
[After]:{	B(agentId(ID));
	getRole(ID);
	getPos
}


[Planbase]:{	GetAgentId(3);
	B(agentId(ID));
	getRole(ID);
	getPos
}


[new scheduled]:[GetAgentId(3); B(agentId(ID)); getRole(ID); getPos]
[After]:{	GetAgentId(3);
	B(agentId(ID));
	getRole(ID);
	getPos
}


[Planbase]:{	GetAgentId(0);
	B(agentId(ID));
	getRole(ID);
	getPos
}


[new scheduled]:[GetAgentId(0); B(agentId(ID)); getRole(ID); getPos]
[After]:{	GetAgentId(0);
	B(agentId(ID));
	getRole(ID);
	getPos
}


[Planbase]:{	getRole(2);
	getPos
}


[new scheduled]:[getRole(2); getPos]
[After]:{	getRole(2);
	getPos
}


[Planbase]:{	B(agentId(ID));
	getRole(ID);
	getPos
}


[new scheduled]:[B(agentId(ID)); getRole(ID); getPos]
[After]:{	B(agentId(ID));
	getRole(ID);
	getPos
}


[Planbase]:{	B(agentId(ID));
	getRole(ID);
	getPos
}


[new scheduled]:[B(agentId(ID)); getRole(ID); getPos]
[After]:{	B(agentId(ID));
	getRole(ID);
	getPos
}


[Planbase]:{	@ctenv(getRole(2),L1,0);
	B(L1=[actionresult(X)]);
	GetRole(2, X);
	getPos
}


[new scheduled]:[@ctenv(getRole(2),L1,0); B(L1=[actionresult(X)]); GetRole(2, X); getPos]
[After]:{	@ctenv(getRole(2),L1,0);
	B(L1=[actionresult(X)]);
	GetRole(2, X);
	getPos
}


[Planbase]:{	getRole(3);
	getPos
}


[new scheduled]:[getRole(3); getPos]
[After]:{	getRole(3);
	getPos
}


[Planbase]:{	getRole(0);
	getPos
}


[new scheduled]:[getRole(0); getPos]
[After]:{	getRole(0);
	getPos
}


[Planbase]:{	@ctenv(getRole(3),L1,0);
	B(L1=[actionresult(X)]);
	GetRole(3, X);
	getPos
}


[new scheduled]:[@ctenv(getRole(3),L1,0); B(L1=[actionresult(X)]); GetRole(3, X); getPos]
[After]:{	@ctenv(getRole(3),L1,0);
	B(L1=[actionresult(X)]);
	GetRole(3, X);
	getPos
}


[Planbase]:{	GetRole(2, none);
	getPos
}


[new scheduled]:[GetRole(2, none); getPos]
[After]:{	GetRole(2, none);
	getPos
}


[Planbase]:{	@ctenv(getRole(0),L1,0);
	B(L1=[actionresult(X)]);
	GetRole(0, X);
	getPos
}


[new scheduled]:[@ctenv(getRole(0),L1,0); B(L1=[actionresult(X)]); GetRole(0, X); getPos]
[After]:{	@ctenv(getRole(0),L1,0);
	B(L1=[actionresult(X)]);
	GetRole(0, X);
	getPos
}


[Planbase]:{	GetRole(3, none);
	getPos
}


[new scheduled]:[GetRole(3, none); getPos]
[After]:{	GetRole(3, none);
	getPos
}


[Planbase]:{	getPos
}


[new scheduled]:[getPos]
[After]:{	getPos
}


[Planbase]:{	GetRole(0, none);
	getPos
}


[new scheduled]:[GetRole(0, none); getPos]
[After]:{	GetRole(0, none);
	getPos
}


[Planbase]:{	getPos
}


[new scheduled]:[getPos]
[After]:{	getPos
}


[Planbase]:{	@ctenv(getAgentPos,L1,0);
	B(L1=[actionresult([X,Y])]);
	B(clock(C));
	GetAgentPos(X, Y, C)
}


[new scheduled]:[@ctenv(getAgentPos,L1,0); B(L1=[actionresult([X,Y])]); B(clock(C)); GetAgentPos(X, Y, C)]
[After]:{	@ctenv(getAgentPos,L1,0);
	B(L1=[actionresult([X,Y])]);
	B(clock(C));
	GetAgentPos(X, Y, C)
}


[CTAH] Agentposition: [6,6]
[Planbase]:{	getPos
}


[new scheduled]:[getPos]
[After]:{	getPos
}


[Planbase]:{	@ctenv(getAgentPos,L1,0);
	B(L1=[actionresult([X,Y])]);
	B(clock(C));
	GetAgentPos(X, Y, C)
}


[new scheduled]:[@ctenv(getAgentPos,L1,0); B(L1=[actionresult([X,Y])]); B(clock(C)); GetAgentPos(X, Y, C)]
[After]:{	@ctenv(getAgentPos,L1,0);
	B(L1=[actionresult([X,Y])]);
	B(clock(C));
	GetAgentPos(X, Y, C)
}


[CTAH] Agentposition: [0,6]
[Planbase]:{	B(clock(C));
	GetAgentPos(6, 6, C)
}


[new scheduled]:[B(clock(C)); GetAgentPos(6, 6, C)]
[After]:{	B(clock(C));
	GetAgentPos(6, 6, C)
}


[Planbase]:{	@ctenv(getAgentPos,L1,0);
	B(L1=[actionresult([X,Y])]);
	B(clock(C));
	GetAgentPos(X, Y, C)
}


[new scheduled]:[@ctenv(getAgentPos,L1,0); B(L1=[actionresult([X,Y])]); B(clock(C)); GetAgentPos(X, Y, C)]
[After]:{	@ctenv(getAgentPos,L1,0);
	B(L1=[actionresult([X,Y])]);
	B(clock(C));
	GetAgentPos(X, Y, C)
}


[CTAH] Agentposition: [0,0]
[Planbase]:{	B(clock(C));
	GetAgentPos(0, 6, C)
}


[new scheduled]:[B(clock(C)); GetAgentPos(0, 6, C)]
[After]:{	B(clock(C));
	GetAgentPos(0, 6, C)
}


[Planbase]:{	GetAgentPos(6, 6, 1)
}


[new scheduled]:[GetAgentPos(6, 6, 1)]
[After]:{	GetAgentPos(6, 6, 1)
}


[Planbase]:{	B(clock(C));
	GetAgentPos(0, 0, C)
}


[new scheduled]:[B(clock(C)); GetAgentPos(0, 0, C)]
[After]:{	B(clock(C));
	GetAgentPos(0, 0, C)
}


[Planbase]:{	GetAgentPos(0, 6, 1)
}


[new scheduled]:[GetAgentPos(0, 6, 1)]
[After]:{	GetAgentPos(0, 6, 1)
}


[Planbase]:


[new scheduled]:[]
[After]:


[Planbase]:{	GetAgentPos(0, 0, 1)
}


[new scheduled]:[GetAgentPos(0, 0, 1)]
[After]:{	GetAgentPos(0, 0, 1)
}


[Planbase]:


[new scheduled]:[]
[After]:


[Planbase]:


[new scheduled]:[]
[After]:


object notification: Time [clock=2, time=2015-05-30 16:15:29.237]
org notification: Time [clock=2, time=2015-05-30 16:15:29.237]
object notification: Time [clock=2, time=2015-05-30 16:15:29.237]
object notification: Time [clock=2, time=2015-05-30 16:15:29.237]
[Planbase]:


[new scheduled]:[]
[After]:


Event processed UpdateClock(2)
[Planbase]:


[new scheduled]:[]
[After]:


[Planbase]:


[new scheduled]:[]
[After]:


Event processed UpdateClock(2)
Event processed UpdateClock(2)
[Planbase]:{	UpdateClock(2)
}


[new scheduled]:[UpdateClock(2)]
[After]:{	UpdateClock(2)
}


[Planbase]:{	UpdateClock(2)
}


[new scheduled]:[UpdateClock(2)]
[After]:{	UpdateClock(2)
}


[Planbase]:{	UpdateClock(2)
}


[new scheduled]:[UpdateClock(2)]
[After]:{	UpdateClock(2)
}


[Planbase]:


[new scheduled]:[]
[After]:


[Planbase]:


[new scheduled]:[]
[After]:


[Planbase]:


[new scheduled]:[]
[After]:


org notification: Time [clock=3, time=2015-05-30 16:15:39.239]
object notification: Time [clock=3, time=2015-05-30 16:15:39.239]
object notification: Time [clock=3, time=2015-05-30 16:15:39.239]
object notification: Time [clock=3, time=2015-05-30 16:15:39.239]
[Planbase]:


[new scheduled]:[]
[After]:


[Planbase]:


[new scheduled]:[]
[After]:


[Planbase]:


[new scheduled]:[]
[After]:


Event processed UpdateClock(3)
Event processed UpdateClock(3)
Event processed UpdateClock(3)
[Planbase]:{	UpdateClock(3)
}


[new scheduled]:[UpdateClock(3)]
[After]:{	UpdateClock(3)
}


[Planbase]:{	UpdateClock(3)
}


[new scheduled]:[UpdateClock(3)]
[After]:{	UpdateClock(3)
}


[Planbase]:{	UpdateClock(3)
}


[new scheduled]:[UpdateClock(3)]
[After]:{	UpdateClock(3)
}


[Planbase]:


[new scheduled]:[]
[After]:


[Planbase]:


[new scheduled]:[]
[After]:


[Planbase]:


[new scheduled]:[]
[After]:


object notification: Time [clock=4, time=2015-05-30 16:15:49.242]
org notification: Time [clock=4, time=2015-05-30 16:15:49.242]
object notification: Time [clock=4, time=2015-05-30 16:15:49.242]
object notification: Time [clock=4, time=2015-05-30 16:15:49.242]
[Planbase]:


[new scheduled]:[]
[After]:


[Planbase]:


[new scheduled]:[]
[After]:


[Planbase]:


[new scheduled]:[]
[After]:


Event processed UpdateClock(4)
Event processed UpdateClock(4)
Event processed UpdateClock(4)
[Planbase]:{	UpdateClock(4)
}


[new scheduled]:[UpdateClock(4)]
[After]:{	UpdateClock(4)
}


[Planbase]:{	UpdateClock(4)
}


[new scheduled]:[UpdateClock(4)]
[After]:{	UpdateClock(4)
}


[Planbase]:{	UpdateClock(4)
}


[new scheduled]:[UpdateClock(4)]
[After]:{	UpdateClock(4)
}


[Planbase]:


[new scheduled]:[]
[After]:


[Planbase]:


[new scheduled]:[]
[After]:


[Planbase]:


[new scheduled]:[]
[After]:


org notification: Time [clock=5, time=2015-05-30 16:15:59.245]
object notification: Time [clock=5, time=2015-05-30 16:15:59.245]
object notification: Time [clock=5, time=2015-05-30 16:15:59.245]
object notification: Time [clock=5, time=2015-05-30 16:15:59.245]
[Planbase]:


[new scheduled]:[]
[After]:


[Planbase]:


[new scheduled]:[]
[After]:


[Planbase]:


[new scheduled]:[]
[After]:


Event processed UpdateClock(5)
[Planbase]:{	UpdateClock(5)
}


[new scheduled]:[UpdateClock(5)]
[After]:{	UpdateClock(5)
}


Event processed UpdateClock(5)
Event processed UpdateClock(5)
[Planbase]:{	UpdateClock(5)
}


[new scheduled]:[UpdateClock(5)]
[After]:{	UpdateClock(5)
}


[Planbase]:{	UpdateClock(5)
}


[new scheduled]:[UpdateClock(5)]
[After]:{	UpdateClock(5)
}


[Planbase]:


[new scheduled]:[]
[After]:


[Planbase]:


[new scheduled]:[]
[After]:


[Planbase]:


[new scheduled]:[]
[After]:


Received a class edu.harvard.eecs.airg.coloredtrails.shared.discourse.NormGoalDiscourseMessage
[MSG] Message is of type: normgoal
[MSG] Message is for: 3
[MSG] i'm: 3
org notification: SetGoal [id=null, agent=a40, cell=Cell [x=3, y=4], goal=Cell [x=3, y=3], sanction=100, clock=5, time=2015-05-30 16:16:06.533]
object notification: Obligation [subject=a40, obligation=[at(3, 4, a40)], sanction=[reduce(a40, 700)], deadline=31, time=2015-05-30 16:16:06.546, clock=5]
[Planbase]:


[new scheduled]:[]
[After]:


Event processed adoptObligation(at(3, 4, a40), 31, reduce(a40, 700))
[Planbase]:{	adoptObligation(at(3, 4, a40), 31, reduce(a40, 700))
}


[new scheduled]:[adoptObligation(at(3, 4, a40), 31, reduce(a40, 700))]
[After]:{	adoptObligation(at(3, 4, a40), 31, reduce(a40, 700))
}


[Planbase]:{	adoptz(at(3, 4, 700) : 30 May 2015 15:32:46 GMT, priority 10)
}


[new scheduled]:[adoptz(at(3, 4, 700) : 30 May 2015 15:32:46 GMT, priority 10)]
[After]:{	adoptz(at(3, 4, 700) : 30 May 2015 15:32:46 GMT, priority 10)
}


obligation to be adopted: at(3, 4, 700) : 30 May 2015 15:32:46 GMT, priority 10
[Planbase]:


[new scheduled]:[]
[After]:


org notification: Time [clock=6, time=2015-05-30 16:16:09.248]
object notification: Time [clock=6, time=2015-05-30 16:16:09.248]
object notification: Time [clock=6, time=2015-05-30 16:16:09.248]
object notification: Time [clock=6, time=2015-05-30 16:16:09.248]
[Planbase]:


[new scheduled]:[]
[After]:


[Planbase]:


[new scheduled]:[]
[After]:


[Planbase]:


[new scheduled]:[]
[After]:


Event processed UpdateClock(6)
Event processed UpdateClock(6)
Event processed UpdateClock(6)
[Planbase]:{	UpdateClock(6)
}


[new scheduled]:[UpdateClock(6)]
[After]:{	UpdateClock(6)
}


[Planbase]:{	UpdateClock(6)
}


[new scheduled]:[UpdateClock(6)]
[After]:{	UpdateClock(6)
}


[Planbase]:{	UpdateClock(6)
}


[new scheduled]:[UpdateClock(6)]
[After]:{	UpdateClock(6)
}


[Planbase]:


[new scheduled]:[]
[After]:


[Planbase]:


[new scheduled]:[]
[After]:


[Planbase]:


[new scheduled]:[]
[After]:


org notification: SetGoal [id=null, agent=a20, cell=Cell [x=3, y=2], goal=Cell [x=3, y=3], sanction=100, clock=6, time=2015-05-30 16:16:11.723]
Received a class edu.harvard.eecs.airg.coloredtrails.shared.discourse.NormGoalDiscourseMessage
[MSG] Message is of type: normgoal
[MSG] Message is for: 2
[MSG] i'm: 2
org notification: SetGoal [id=null, agent=a30, cell=Cell [x=4, y=3], goal=Cell [x=3, y=3], sanction=100, clock=6, time=2015-05-30 16:16:17.614]
object notification: Obligation [subject=a30, obligation=[at(4, 3, a30)], sanction=[reduce(a30, 700)], deadline=32, time=2015-05-30 16:16:17.621, clock=6]
[Planbase]:


[new scheduled]:[]
[After]:


Event processed adoptObligation(at(4, 3, a30), 32, reduce(a30, 700))
[Planbase]:{	adoptObligation(at(4, 3, a30), 32, reduce(a30, 700))
}


[new scheduled]:[adoptObligation(at(4, 3, a30), 32, reduce(a30, 700))]
[After]:{	adoptObligation(at(4, 3, a30), 32, reduce(a30, 700))
}


[Planbase]:{	adoptz(at(4, 3, 700) : 30 May 2015 15:32:57 GMT, priority 10)
}


[new scheduled]:[adoptz(at(4, 3, 700) : 30 May 2015 15:32:57 GMT, priority 10)]
[After]:{	adoptz(at(4, 3, 700) : 30 May 2015 15:32:57 GMT, priority 10)
}


obligation to be adopted: at(4, 3, 700) : 30 May 2015 15:32:57 GMT, priority 10
[Planbase]:


[new scheduled]:[]
[After]:


object notification: Time [clock=7, time=2015-05-30 16:16:19.253]
org notification: Time [clock=7, time=2015-05-30 16:16:19.253]
object notification: Time [clock=7, time=2015-05-30 16:16:19.253]
object notification: Time [clock=7, time=2015-05-30 16:16:19.253]
[Planbase]:


[new scheduled]:[]
[After]:


[Planbase]:


[new scheduled]:[]
[Planbase]:


[new scheduled]:[]
[After]:


[After]:


Event processed UpdateClock(7)
Event processed UpdateClock(7)
[Planbase]:{	UpdateClock(7)
}


[new scheduled]:[UpdateClock(7)]
[After]:{	UpdateClock(7)
}


Event processed UpdateClock(7)
[Planbase]:{	UpdateClock(7)
}


[new scheduled]:[UpdateClock(7)]
[After]:{	UpdateClock(7)
}


[Planbase]:{	UpdateClock(7)
}


[new scheduled]:[UpdateClock(7)]
[After]:{	UpdateClock(7)
}


[Planbase]:


[new scheduled]:[]
[After]:


[Planbase]:


[new scheduled]:[]
[After]:


[Planbase]:


[new scheduled]:[]
[After]:


setPhases in ClientGameStatus, the current phase is Movement Phase
setPhases in ClientGameStatus, the current phase is Movement Phase
setPhases in ClientGameStatus, the current phase is Movement Phase
Received a class edu.harvard.eecs.airg.coloredtrails.shared.discourse.NormGoalDiscourseMessage
[MSG] Message is of type: normgoal
[MSG] Message is for: 0
[MSG] i'm: 0
org notification: SetGoal [id=null, agent=a10, cell=Cell [x=2, y=3], goal=Cell [x=4, y=3], sanction=100, clock=7, time=2015-05-30 16:16:23.262]
Received a class edu.harvard.eecs.airg.coloredtrails.shared.discourse.NormGoalDiscourseMessage
[MSG] Message is of type: normgoal
[MSG] Message is for: 0
[MSG] i'm: 0
org notification: SetGoal [id=null, agent=a10, cell=Cell [x=2, y=3], goal=Cell [x=4, y=3], sanction=100, clock=7, time=2015-05-30 16:16:25.655]
org notification: Time [clock=8, time=2015-05-30 16:16:29.257]
object notification: Time [clock=8, time=2015-05-30 16:16:29.257]
object notification: Time [clock=8, time=2015-05-30 16:16:29.257]
object notification: Time [clock=8, time=2015-05-30 16:16:29.257]
[Planbase]:


[new scheduled]:[]
[After]:


[Planbase]:


[new scheduled]:[]
[After]:


[Planbase]:


[new scheduled]:[]
[After]:


Event processed UpdateClock(8)
Event processed UpdateClock(8)
Event processed UpdateClock(8)
[Planbase]:{	UpdateClock(8)
}


[new scheduled]:[UpdateClock(8)]
[After]:{	UpdateClock(8)
}


[Planbase]:{	UpdateClock(8)
}


[new scheduled]:[UpdateClock(8)]
[After]:{	UpdateClock(8)
}


[Planbase]:{	UpdateClock(8)
}


[new scheduled]:[UpdateClock(8)]
[After]:{	UpdateClock(8)
}


[Planbase]:


[new scheduled]:[]
[After]:


[Planbase]:


[new scheduled]:[]
[After]:


[Planbase]:


[new scheduled]:[]
[After]:


org notification: Time [clock=9, time=2015-05-30 16:16:39.259]
object notification: Time [clock=9, time=2015-05-30 16:16:39.259]
object notification: Time [clock=9, time=2015-05-30 16:16:39.259]
object notification: Time [clock=9, time=2015-05-30 16:16:39.259]
[Planbase]:


[new scheduled]:[]
[After]:


[Planbase]:


[new scheduled]:[]
[After]:


[Planbase]:


[new scheduled]:[]
[After]:


Event processed UpdateClock(9)
Event processed UpdateClock(9)
Event processed UpdateClock(9)
[Planbase]:{	UpdateClock(9)
}


[new scheduled]:[UpdateClock(9)]
[After]:{	UpdateClock(9)
}


[Planbase]:{	UpdateClock(9)
}


[new scheduled]:[UpdateClock(9)]
[After]:{	UpdateClock(9)
}


[Planbase]:{	UpdateClock(9)
}


[new scheduled]:[UpdateClock(9)]
[After]:{	UpdateClock(9)
}


[Planbase]:


[new scheduled]:[]
[After]:


[Planbase]:


[new scheduled]:[]
[After]:


[Planbase]:


[new scheduled]:[]
[After]:


org notification: Time [clock=10, time=2015-05-30 16:16:49.261]
object notification: Time [clock=10, time=2015-05-30 16:16:49.261]
object notification: Time [clock=10, time=2015-05-30 16:16:49.261]
object notification: Time [clock=10, time=2015-05-30 16:16:49.261]
[Planbase]:


[new scheduled]:[]
[After]:


[Planbase]:


[new scheduled]:[]
[After]:


[Planbase]:


[new scheduled]:[]
[After]:


Event processed UpdateClock(10)
Event processed UpdateClock(10)
Event processed UpdateClock(10)
[Planbase]:{	UpdateClock(10)
}


[new scheduled]:[UpdateClock(10)]
[After]:{	UpdateClock(10)
}


[Planbase]:{	UpdateClock(10)
}


[new scheduled]:[UpdateClock(10)]
[After]:{	UpdateClock(10)
}


[Planbase]:{	UpdateClock(10)
}


[new scheduled]:[UpdateClock(10)]
[After]:{	UpdateClock(10)
}


[Planbase]:


[new scheduled]:[]
[After]:


[Planbase]:


[new scheduled]:[]
[After]:


[Planbase]:


[new scheduled]:[]
[After]:


org notification: Time [clock=11, time=2015-05-30 16:16:59.264]
object notification: Time [clock=11, time=2015-05-30 16:16:59.264]
object notification: Time [clock=11, time=2015-05-30 16:16:59.264]
object notification: Time [clock=11, time=2015-05-30 16:16:59.264]
[Planbase]:


[new scheduled]:[]
[After]:


[Planbase]:


[new scheduled]:[]
[After]:


[Planbase]:


[new scheduled]:[]
[After]:


Event processed UpdateClock(11)
Event processed UpdateClock(11)
[Planbase]:{	UpdateClock(11)
}


[new scheduled]:[UpdateClock(11)]
[After]:{	UpdateClock(11)
}


Event processed UpdateClock(11)
[Planbase]:{	UpdateClock(11)
}


[new scheduled]:[UpdateClock(11)]
[After]:{	UpdateClock(11)
}


[Planbase]:{	UpdateClock(11)
}


[new scheduled]:[UpdateClock(11)]
[After]:{	UpdateClock(11)
}


[Planbase]:


[new scheduled]:[]
[After]:


[Planbase]:


[new scheduled]:[]
[After]:


[Planbase]:


[new scheduled]:[]
[After]:


org notification: Time [clock=12, time=2015-05-30 16:17:09.267]
object notification: Time [clock=12, time=2015-05-30 16:17:09.267]
object notification: Time [clock=12, time=2015-05-30 16:17:09.267]
object notification: Time [clock=12, time=2015-05-30 16:17:09.267]
[Planbase]:


[new scheduled]:[]
[After]:


[Planbase]:


[new scheduled]:[]
[After]:


[Planbase]:


[new scheduled]:[]
[After]:


Event processed UpdateClock(12)
Event processed UpdateClock(12)
[Planbase]:{	UpdateClock(12)
}


[new scheduled]:[UpdateClock(12)]
[After]:{	UpdateClock(12)
}


Event processed UpdateClock(12)
[Planbase]:{	UpdateClock(12)
}


[new scheduled]:[UpdateClock(12)]
[After]:{	UpdateClock(12)
}


[Planbase]:{	UpdateClock(12)
}


[new scheduled]:[UpdateClock(12)]
[After]:{	UpdateClock(12)
}


[Planbase]:


[new scheduled]:[]
[After]:


[Planbase]:


[new scheduled]:[]
[After]:


[Planbase]:


[new scheduled]:[]
[After]:


object notification: Time [clock=13, time=2015-05-30 16:17:19.269]
object notification: Time [clock=13, time=2015-05-30 16:17:19.269]
object notification: Time [clock=13, time=2015-05-30 16:17:19.269]
org notification: Time [clock=13, time=2015-05-30 16:17:19.269]
[Planbase]:


[new scheduled]:[]
[After]:


[Planbase]:


[new scheduled]:[]
[After]:


[Planbase]:


[new scheduled]:[]
[After]:


Event processed UpdateClock(13)
Event processed UpdateClock(13)
Event processed UpdateClock(13)
[Planbase]:{	UpdateClock(13)
}


[new scheduled]:[UpdateClock(13)]
[After]:{	UpdateClock(13)
}


[Planbase]:{	UpdateClock(13)
}


[new scheduled]:[UpdateClock(13)]
[After]:{	UpdateClock(13)
}


[Planbase]:{	UpdateClock(13)
}


[new scheduled]:[UpdateClock(13)]
[After]:{	UpdateClock(13)
}


[Planbase]:


[new scheduled]:[]
[After]:


[Planbase]:


[new scheduled]:[]
[After]:


[Planbase]:


[new scheduled]:[]
[After]:


org notification: Time [clock=14, time=2015-05-30 16:17:29.272]
object notification: Time [clock=14, time=2015-05-30 16:17:29.272]
object notification: Time [clock=14, time=2015-05-30 16:17:29.272]
object notification: Time [clock=14, time=2015-05-30 16:17:29.272]
[Planbase]:


[new scheduled]:[]
[After]:


[Planbase]:


[new scheduled]:[]
[After]:


[Planbase]:


[new scheduled]:[]
[After]:


Event processed UpdateClock(14)
Event processed UpdateClock(14)
Event processed UpdateClock(14)
[Planbase]:{	UpdateClock(14)
}


[new scheduled]:[UpdateClock(14)]
[After]:{	UpdateClock(14)
}


[Planbase]:{	UpdateClock(14)
}


[new scheduled]:[UpdateClock(14)]
[After]:{	UpdateClock(14)
}


[Planbase]:{	UpdateClock(14)
}


[new scheduled]:[UpdateClock(14)]
[After]:{	UpdateClock(14)
}


[Planbase]:


[new scheduled]:[]
[After]:


[Planbase]:


[new scheduled]:[]
[After]:


[Planbase]:


[new scheduled]:[]
[After]:


org notification: Time [clock=15, time=2015-05-30 16:17:39.276]
object notification: Time [clock=15, time=2015-05-30 16:17:39.276]
object notification: Time [clock=15, time=2015-05-30 16:17:39.276]
object notification: Time [clock=15, time=2015-05-30 16:17:39.276]
[Planbase]:


[new scheduled]:[]
[After]:


[Planbase]:


[new scheduled]:[]
[Planbase]:


[new scheduled]:[]
[After]:


[After]:


Event processed UpdateClock(15)
Event processed UpdateClock(15)
Event processed UpdateClock(15)
[Planbase]:{	UpdateClock(15)
}


[new scheduled]:[UpdateClock(15)]
[After]:{	UpdateClock(15)
}


[Planbase]:{	UpdateClock(15)
}


[new scheduled]:[UpdateClock(15)]
[After]:{	UpdateClock(15)
}


[Planbase]:{	UpdateClock(15)
}


[new scheduled]:[UpdateClock(15)]
[After]:{	UpdateClock(15)
}


[Planbase]:


[new scheduled]:[]
[After]:


[Planbase]:


[new scheduled]:[]
[After]:


[Planbase]:


[new scheduled]:[]
[After]:


object notification: Time [clock=16, time=2015-05-30 16:17:49.279]
object notification: Time [clock=16, time=2015-05-30 16:17:49.279]
object notification: Time [clock=16, time=2015-05-30 16:17:49.279]
org notification: Time [clock=16, time=2015-05-30 16:17:49.279]
[Planbase]:


[new scheduled]:[]
[After]:


[Planbase]:


[new scheduled]:[]
[After]:


[Planbase]:


[new scheduled]:[]
[After]:


Event processed UpdateClock(16)
Event processed UpdateClock(16)
Event processed UpdateClock(16)
[Planbase]:{	UpdateClock(16)
}


[new scheduled]:[UpdateClock(16)]
[After]:{	UpdateClock(16)
}


[Planbase]:{	UpdateClock(16)
}


[new scheduled]:[UpdateClock(16)]
[After]:{	UpdateClock(16)
}


[Planbase]:{	UpdateClock(16)
}


[new scheduled]:[UpdateClock(16)]
[After]:{	UpdateClock(16)
}


[Planbase]:


[new scheduled]:[]
[After]:


[Planbase]:


[new scheduled]:[]
[After]:


[Planbase]:


[new scheduled]:[]
[After]:


org notification: Time [clock=17, time=2015-05-30 16:17:59.282]
object notification: Time [clock=17, time=2015-05-30 16:17:59.282]
object notification: Time [clock=17, time=2015-05-30 16:17:59.282]
object notification: Time [clock=17, time=2015-05-30 16:17:59.282]
[Planbase]:


[new scheduled]:[]
[After]:


[Planbase]:


[new scheduled]:[]
[Planbase]:


[new scheduled]:[]
[After]:


[After]:


Event processed UpdateClock(17)
Event processed UpdateClock(17)
Event processed UpdateClock(17)
[Planbase]:{	UpdateClock(17)
}


[new scheduled]:[UpdateClock(17)]
[After]:{	UpdateClock(17)
}


[Planbase]:{	UpdateClock(17)
}


[new scheduled]:[UpdateClock(17)]
[After]:{	UpdateClock(17)
}


[Planbase]:{	UpdateClock(17)
}


[new scheduled]:[UpdateClock(17)]
[After]:{	UpdateClock(17)
}


[Planbase]:


[new scheduled]:[]
[After]:


[Planbase]:


[new scheduled]:[]
[After]:


[Planbase]:


[new scheduled]:[]
[After]:


org notification: Time [clock=18, time=2015-05-30 16:18:09.286]
object notification: Time [clock=18, time=2015-05-30 16:18:09.286]
object notification: Time [clock=18, time=2015-05-30 16:18:09.286]
object notification: Time [clock=18, time=2015-05-30 16:18:09.286]
[Planbase]:


[new scheduled]:[]
[After]:


[Planbase]:


[new scheduled]:[]
[After]:


[Planbase]:


[new scheduled]:[]
[After]:


Event processed UpdateClock(18)
Event processed UpdateClock(18)
Event processed UpdateClock(18)
[Planbase]:{	UpdateClock(18)
}


[new scheduled]:[UpdateClock(18)]
[After]:{	UpdateClock(18)
}


[Planbase]:{	UpdateClock(18)
}


[new scheduled]:[UpdateClock(18)]
[After]:{	UpdateClock(18)
}


[Planbase]:{	UpdateClock(18)
}


[new scheduled]:[UpdateClock(18)]
[After]:{	UpdateClock(18)
}


[Planbase]:


[new scheduled]:[]
[After]:


[Planbase]:


[new scheduled]:[]
[After]:


[Planbase]:


[new scheduled]:[]
[After]:


object notification: Time [clock=19, time=2015-05-30 16:18:19.29]
object notification: Time [clock=19, time=2015-05-30 16:18:19.29]
org notification: Time [clock=19, time=2015-05-30 16:18:19.29]
object notification: Time [clock=19, time=2015-05-30 16:18:19.29]
[Planbase]:


[new scheduled]:[]
[After]:


[Planbase]:


[new scheduled]:[]
[After]:


[Planbase]:


[new scheduled]:[]
[After]:


Event processed UpdateClock(19)
Event processed UpdateClock(19)
Event processed UpdateClock(19)
[Planbase]:{	UpdateClock(19)
}


[new scheduled]:[UpdateClock(19)]
[After]:{	UpdateClock(19)
}


[Planbase]:{	UpdateClock(19)
}


[new scheduled]:[UpdateClock(19)]
[After]:{	UpdateClock(19)
}


[Planbase]:{	UpdateClock(19)
}


[new scheduled]:[UpdateClock(19)]
[After]:{	UpdateClock(19)
}


[Planbase]:


[new scheduled]:[]
[After]:


[Planbase]:


[new scheduled]:[]
[After]:


[Planbase]:


[new scheduled]:[]
[After]:


object notification: Time [clock=20, time=2015-05-30 16:18:29.292]
object notification: Time [clock=20, time=2015-05-30 16:18:29.292]
object notification: Time [clock=20, time=2015-05-30 16:18:29.292]
org notification: Time [clock=20, time=2015-05-30 16:18:29.292]
[Planbase]:


[new scheduled]:[]
[After]:


[Planbase]:


[new scheduled]:[]
[After]:


[Planbase]:


[new scheduled]:[]
[After]:


Event processed UpdateClock(20)
Event processed UpdateClock(20)
Event processed UpdateClock(20)
[Planbase]:{	UpdateClock(20)
}


[new scheduled]:[UpdateClock(20)]
[After]:{	UpdateClock(20)
}


[Planbase]:{	UpdateClock(20)
}


[new scheduled]:[UpdateClock(20)]
[After]:{	UpdateClock(20)
}


[Planbase]:{	UpdateClock(20)
}


[new scheduled]:[UpdateClock(20)]
[After]:{	UpdateClock(20)
}


[Planbase]:


[new scheduled]:[]
[After]:


[Planbase]:


[new scheduled]:[]
[After]:


[Planbase]:


[new scheduled]:[]
[After]:


object notification: Time [clock=21, time=2015-05-30 16:18:39.294]
org notification: Time [clock=21, time=2015-05-30 16:18:39.294]
object notification: Time [clock=21, time=2015-05-30 16:18:39.294]
object notification: Time [clock=21, time=2015-05-30 16:18:39.294]
[Planbase]:


[new scheduled]:[]
[After]:


[Planbase]:


[new scheduled]:[]
[After]:


[Planbase]:


[new scheduled]:[]
[After]:


Event processed UpdateClock(21)
Event processed UpdateClock(21)
[Planbase]:{	UpdateClock(21)
}


[new scheduled]:[UpdateClock(21)]
[After]:{	UpdateClock(21)
}


Event processed UpdateClock(21)
[Planbase]:{	UpdateClock(21)
}


[new scheduled]:[UpdateClock(21)]
[After]:{	UpdateClock(21)
}


[Planbase]:{	UpdateClock(21)
}


[new scheduled]:[UpdateClock(21)]
[After]:{	UpdateClock(21)
}


[Planbase]:


[new scheduled]:[]
[After]:


[Planbase]:


[new scheduled]:[]
[After]:


[Planbase]:


[new scheduled]:[]
[After]:


object notification: Time [clock=22, time=2015-05-30 16:18:49.296]
object notification: Time [clock=22, time=2015-05-30 16:18:49.296]
object notification: Time [clock=22, time=2015-05-30 16:18:49.296]
org notification: Time [clock=22, time=2015-05-30 16:18:49.296]
[Planbase]:


[new scheduled]:[]
[After]:


[Planbase]:


[new scheduled]:[]
[After]:


[Planbase]:


[new scheduled]:[]
[After]:


Event processed UpdateClock(22)
Event processed UpdateClock(22)
Event processed UpdateClock(22)
[Planbase]:{	UpdateClock(22)
}


[new scheduled]:[UpdateClock(22)]
[After]:{	UpdateClock(22)
}


[Planbase]:{	UpdateClock(22)
}


[new scheduled]:[UpdateClock(22)]
[After]:{	UpdateClock(22)
}


[Planbase]:{	UpdateClock(22)
}


[new scheduled]:[UpdateClock(22)]
[After]:{	UpdateClock(22)
}


[Planbase]:


[new scheduled]:[]
[After]:


[Planbase]:


[new scheduled]:[]
[After]:


[Planbase]:


[new scheduled]:[]
[After]:


object notification: Time [clock=23, time=2015-05-30 16:18:59.3]
object notification: Time [clock=23, time=2015-05-30 16:18:59.3]
object notification: Time [clock=23, time=2015-05-30 16:18:59.3]
org notification: Time [clock=23, time=2015-05-30 16:18:59.3]
[Planbase]:


[new scheduled]:[]
[After]:


[Planbase]:


[new scheduled]:[]
[After]:


[Planbase]:


[new scheduled]:[]
[After]:


Event processed UpdateClock(23)
Event processed UpdateClock(23)
Event processed UpdateClock(23)
[Planbase]:{	UpdateClock(23)
}


[new scheduled]:[UpdateClock(23)]
[After]:{	UpdateClock(23)
}


[Planbase]:{	UpdateClock(23)
}


[new scheduled]:[UpdateClock(23)]
[After]:{	UpdateClock(23)
}


[Planbase]:{	UpdateClock(23)
}


[new scheduled]:[UpdateClock(23)]
[After]:{	UpdateClock(23)
}


[Planbase]:


[new scheduled]:[]
[After]:


[Planbase]:


[new scheduled]:[]
[After]:


[Planbase]:


[new scheduled]:[]
[After]:


org notification: Time [clock=24, time=2015-05-30 16:19:09.302]
object notification: Time [clock=24, time=2015-05-30 16:19:09.302]
object notification: Time [clock=24, time=2015-05-30 16:19:09.302]
object notification: Time [clock=24, time=2015-05-30 16:19:09.302]
[Planbase]:


[new scheduled]:[]
[After]:


[Planbase]:


[new scheduled]:[]
[After]:


[Planbase]:


[new scheduled]:[]
[After]:


Event processed UpdateClock(24)
Event processed UpdateClock(24)
Event processed UpdateClock(24)
[Planbase]:{	UpdateClock(24)
}


[new scheduled]:[UpdateClock(24)]
[After]:{	UpdateClock(24)
}


[Planbase]:{	UpdateClock(24)
}


[new scheduled]:[UpdateClock(24)]
[After]:{	UpdateClock(24)
}


[Planbase]:{	UpdateClock(24)
}


[new scheduled]:[UpdateClock(24)]
[After]:{	UpdateClock(24)
}


[Planbase]:


[new scheduled]:[]
[After]:


[Planbase]:


[new scheduled]:[]
[After]:


[Planbase]:


[new scheduled]:[]
[After]:


org notification: Time [clock=25, time=2015-05-30 16:19:19.306]
object notification: Time [clock=25, time=2015-05-30 16:19:19.306]
object notification: Time [clock=25, time=2015-05-30 16:19:19.306]
object notification: Time [clock=25, time=2015-05-30 16:19:19.306]
[Planbase]:


[new scheduled]:[]
[After]:


[Planbase]:


[new scheduled]:[]
[After]:


[Planbase]:


[new scheduled]:[]
[After]:


Event processed UpdateClock(25)
Event processed UpdateClock(25)
Event processed UpdateClock(25)
[Planbase]:{	UpdateClock(25)
}


[new scheduled]:[UpdateClock(25)]
[After]:{	UpdateClock(25)
}


[Planbase]:{	UpdateClock(25)
}


[new scheduled]:[UpdateClock(25)]
[After]:{	UpdateClock(25)
}


[Planbase]:{	UpdateClock(25)
}


[new scheduled]:[UpdateClock(25)]
[After]:{	UpdateClock(25)
}


[Planbase]:


[new scheduled]:[]
[After]:


[Planbase]:


[new scheduled]:[]
[After]:


[Planbase]:


[new scheduled]:[]
[After]:


object notification: Time [clock=26, time=2015-05-30 16:19:29.309]
org notification: Time [clock=26, time=2015-05-30 16:19:29.309]
object notification: Time [clock=26, time=2015-05-30 16:19:29.309]
object notification: Time [clock=26, time=2015-05-30 16:19:29.309]
[Planbase]:


[new scheduled]:[]
[After]:


[Planbase]:


[new scheduled]:[]
[After]:


[Planbase]:


[new scheduled]:[]
[After]:


Event processed UpdateClock(26)
Event processed UpdateClock(26)
Event processed UpdateClock(26)
[Planbase]:{	UpdateClock(26)
}


[new scheduled]:[UpdateClock(26)]
[After]:{	UpdateClock(26)
}


[Planbase]:{	UpdateClock(26)
}


[new scheduled]:[UpdateClock(26)]
[After]:{	UpdateClock(26)
}


[Planbase]:{	UpdateClock(26)
}


[new scheduled]:[UpdateClock(26)]
[After]:{	UpdateClock(26)
}


[Planbase]:


[new scheduled]:[]
[After]:


[Planbase]:


[new scheduled]:[]
[After]:


[Planbase]:


[new scheduled]:[]
[After]:


object notification: Time [clock=27, time=2015-05-30 16:19:39.313]
object notification: Time [clock=27, time=2015-05-30 16:19:39.313]
object notification: Time [clock=27, time=2015-05-30 16:19:39.313]
org notification: Time [clock=27, time=2015-05-30 16:19:39.313]
[Planbase]:


[new scheduled]:[]
[After]:


[Planbase]:


[new scheduled]:[]
[After]:


[Planbase]:


[new scheduled]:[]
[After]:


Event processed UpdateClock(27)
Event processed UpdateClock(27)
Event processed UpdateClock(27)
[Planbase]:{	UpdateClock(27)
}


[new scheduled]:[UpdateClock(27)]
[After]:{	UpdateClock(27)
}


[Planbase]:{	UpdateClock(27)
}


[new scheduled]:[UpdateClock(27)]
[After]:{	UpdateClock(27)
}


[Planbase]:{	UpdateClock(27)
}


[new scheduled]:[UpdateClock(27)]
[After]:{	UpdateClock(27)
}


[Planbase]:


[new scheduled]:[]
[After]:


[Planbase]:


[new scheduled]:[]
[After]:


[Planbase]:


[new scheduled]:[]
[After]:


