2015-05-02 10:51:51,693 CONFIG [com.gigaspaces.logger] - Log file: /Users/dxd/git/ct3/logs/2015-05-02~10.51-gigaspaces-service-192.168.1.101-21269.log
-------------------------last log tuples start--------------------------------
Position [subject=a30, id=null, cell=Cell [x=-1, y=-1], time=2015-05-02 10:40:29.006, clock=2]
Time [clock=3, time=null]
Time [clock=2, time=null]
Position [subject=a20, id=null, cell=Cell [x=-1, y=-1], time=2015-05-02 10:40:28.857, clock=2]
Position [subject=a10, id=null, cell=Cell [x=-1, y=-1], time=2015-05-02 10:40:28.995, clock=2]
Position [subject=a40, id=null, cell=Cell [x=-1, y=-1], time=2015-05-02 10:40:28.997, clock=2]
Time [clock=4, time=null]
Time [clock=1, time=null]
-------------------------last log tuples end----------------------------------
[CTAH] started agent 10
[CTAH] Added a new agent to the game by the name of 10.
[ENV] added agent a10
[CTAH] started agent 30
[CTAH] Added a new agent to the game by the name of 30.
[ENV] added agent a30
[CTAH] started agent 40
[CTAH] Added a new agent to the game by the name of 40.
[ENV] added agent a40
org notification: Time [clock=1, time=null]
object notification: Time [clock=1, time=null]
org notified sent time(1).
object notification: Time [clock=1, time=null]
object notification: Time [clock=1, time=null]
Event sent to object      a30 clock(1)
Event sent to object      a40 clock(1)
Event sent to object      a10 clock(1)
object notification: Time [clock=2, time=null]
Event sent to object      a30 clock(2)
org notification: Time [clock=2, time=null]
org notified sent time(2).
object notification: Time [clock=2, time=null]
Event sent to object      a10 clock(2)
object notification: Time [clock=2, time=null]
Event sent to object      a40 clock(2)
#########################Game started
#########################Game started
#########################Game started
object notification: Time [clock=3, time=null]
object notification: Time [clock=3, time=null]
Event sent to object      a10 clock(3)
Event sent to object      a30 clock(3)
object notification: Time [clock=3, time=null]
Event sent to object      a40 clock(3)
org notification: Time [clock=3, time=null]
org notified sent time(3).
setPhases in ClientGameStatus, the current phase is 
setPhases in ClientGameStatus, the current phase is 
setPhases in ClientGameStatus, the current phase is 
setPhases in ClientGameStatus, the current phase is Norm Phase
setPhases in ClientGameStatus, the current phase is Norm Phase
setPhases in ClientGameStatus, the current phase is Norm Phase
object notification: Tile [id=null, cell=Cell [x=0, y=0], subject=green, time=2015-05-02 10:52:23.574, clock=0]
org notification: Tile [id=null, cell=Cell [x=0, y=0], subject=green, time=2015-05-02 10:52:23.574, clock=0]
org notified sent tile(cell(0,0),green,0).
object notification: Tile [id=null, cell=Cell [x=0, y=0], subject=green, time=2015-05-02 10:52:23.574, clock=0]
object notification: Tile [id=null, cell=Cell [x=0, y=0], subject=green, time=2015-05-02 10:52:23.574, clock=0]
org notification: Tile [id=null, cell=Cell [x=0, y=1], subject=green, time=2015-05-02 10:52:23.617, clock=0]
org notified sent tile(cell(0,1),green,0).
object notification: Tile [id=null, cell=Cell [x=0, y=1], subject=green, time=2015-05-02 10:52:23.617, clock=0]
org notification: Tile [id=null, cell=Cell [x=0, y=2], subject=green, time=2015-05-02 10:52:23.62, clock=0]
object notification: Tile [id=null, cell=Cell [x=0, y=1], subject=green, time=2015-05-02 10:52:23.617, clock=0]
org notified sent tile(cell(0,2),green,0).
object notification: Tile [id=null, cell=Cell [x=0, y=2], subject=green, time=2015-05-02 10:52:23.62, clock=0]
object notification: Tile [id=null, cell=Cell [x=0, y=1], subject=green, time=2015-05-02 10:52:23.617, clock=0]
object notification: Tile [id=null, cell=Cell [x=0, y=2], subject=green, time=2015-05-02 10:52:23.62, clock=0]
object notification: Tile [id=null, cell=Cell [x=0, y=2], subject=green, time=2015-05-02 10:52:23.62, clock=0]
org notification: Tile [id=null, cell=Cell [x=0, y=3], subject=green, time=2015-05-02 10:52:23.625, clock=0]
org notified sent tile(cell(0,3),green,0).
object notification: Tile [id=null, cell=Cell [x=0, y=3], subject=green, time=2015-05-02 10:52:23.625, clock=0]
object notification: Tile [id=null, cell=Cell [x=0, y=3], subject=green, time=2015-05-02 10:52:23.625, clock=0]
org notification: Tile [id=null, cell=Cell [x=0, y=4], subject=green, time=2015-05-02 10:52:23.631, clock=0]
org notified sent tile(cell(0,4),green,0).
object notification: Tile [id=null, cell=Cell [x=0, y=3], subject=green, time=2015-05-02 10:52:23.625, clock=0]
object notification: Tile [id=null, cell=Cell [x=0, y=4], subject=green, time=2015-05-02 10:52:23.631, clock=0]
object notification: Tile [id=null, cell=Cell [x=0, y=4], subject=green, time=2015-05-02 10:52:23.631, clock=0]
object notification: Tile [id=null, cell=Cell [x=0, y=4], subject=green, time=2015-05-02 10:52:23.631, clock=0]
org notification: Tile [id=null, cell=Cell [x=1, y=0], subject=green, time=2015-05-02 10:52:23.635, clock=0]
org notified sent tile(cell(1,0),green,0).
object notification: Tile [id=null, cell=Cell [x=1, y=0], subject=green, time=2015-05-02 10:52:23.635, clock=0]
object notification: Tile [id=null, cell=Cell [x=1, y=0], subject=green, time=2015-05-02 10:52:23.635, clock=0]
#########################Game Initialized
#########################Game Initialized
#########################Game Initialized
AGENT Thread-13: current phase name: Norm Phase
AGENT Thread-11: current phase name: Norm Phase
AGENT Thread-15: current phase name: Norm Phase
we have 1 goals
we have 1 goals
we have 1 goals
we have GoalWeight: 100  DistWeight: -10  ChipWeight: 5  CommWeight: 0 scoring
we have GoalWeight: 100  DistWeight: -10  ChipWeight: 5  CommWeight: 0 scoring
we have GoalWeight: 100  DistWeight: -10  ChipWeight: 5  CommWeight: 0 scoring
org notification: Tile [id=null, cell=Cell [x=1, y=1], subject=green, time=2015-05-02 10:52:23.639, clock=0]
org notified sent tile(cell(1,1),green,0).
object notification: Tile [id=null, cell=Cell [x=1, y=1], subject=green, time=2015-05-02 10:52:23.639, clock=0]
object notification: Tile [id=null, cell=Cell [x=1, y=0], subject=green, time=2015-05-02 10:52:23.635, clock=0]
Event processed UpdateClock(1)
Event processed UpdateClock(1)
Event processed UpdateClock(2)
Event processed UpdateClock(2)
Event processed UpdateClock(1)
Event processed @ctenv(functionToList(message(game_initialized)),LIST,0); if B(LIST=[actionresult([TYPE,ID])]) then if B(TYPE=proposal) then {ReceivedMessage(TYPE, ID, open); adopta(received(TYPE, ID, closed) : Infinite, priority 1)} else if B(LIST=[actionresult([TYPE,ID,RESPONSE])]) then if B(TYPE=response) then ReceivedMessage(RESPONSE, ID) else if B(LIST=[actionresult([TYPE])]) then ReceivedEvent(TYPE) else if B(LIST=[actionresult([TYPE,AGENT,ID,RESPONSE])]) then if B(TYPE=proposal) then ReceivedProposal(AGENT, ID, RESPONSE)
Event processed UpdateClock(2)
Event processed @ctenv(functionToList(message(game_initialized)),LIST,0); if B(LIST=[actionresult([TYPE,ID])]) then if B(TYPE=proposal) then {ReceivedMessage(TYPE, ID, open); adopta(received(TYPE, ID, closed) : Infinite, priority 1)} else if B(LIST=[actionresult([TYPE,ID,RESPONSE])]) then if B(TYPE=response) then ReceivedMessage(RESPONSE, ID) else if B(LIST=[actionresult([TYPE])]) then ReceivedEvent(TYPE) else if B(LIST=[actionresult([TYPE,AGENT,ID,RESPONSE])]) then if B(TYPE=proposal) then ReceivedProposal(AGENT, ID, RESPONSE)
Event processed UpdateClock(3)
Event processed @ctenv(functionToList(message(game_initialized)),LIST,0); if B(LIST=[actionresult([TYPE,ID])]) then if B(TYPE=proposal) then {ReceivedMessage(TYPE, ID, open); adopta(received(TYPE, ID, closed) : Infinite, priority 1)} else if B(LIST=[actionresult([TYPE,ID,RESPONSE])]) then if B(TYPE=response) then ReceivedMessage(RESPONSE, ID) else if B(LIST=[actionresult([TYPE])]) then ReceivedEvent(TYPE) else if B(LIST=[actionresult([TYPE,AGENT,ID,RESPONSE])]) then if B(TYPE=proposal) then ReceivedProposal(AGENT, ID, RESPONSE)
Event processed UpdateClock(3)
Event processed UpdateClock(3)
[CTAH] Array of Terms: [Lapapl.data.Term;@5c5fba1c
[CTAH] The created APLList : [game_initialized]
[CTAH] Array of Terms: [Lapapl.data.Term;@5beb18de
[CTAH] The created APLList : [game_initialized]
[CTAH] Array of Terms: [Lapapl.data.Term;@daba308
[CTAH] The created APLList : [game_initialized]
setPhases in ClientGameStatus, the current phase is Communication Phase
setPhases in ClientGameStatus, the current phase is Communication Phase
setPhases in ClientGameStatus, the current phase is Communication Phase
Event processed @ctenv(functionToList(message(phasechange)),LIST,0); if B(LIST=[actionresult([TYPE,ID])]) then if B(TYPE=proposal) then {ReceivedMessage(TYPE, ID, open); adopta(received(TYPE, ID, closed) : Infinite, priority 1)} else if B(LIST=[actionresult([TYPE,ID,RESPONSE])]) then if B(TYPE=response) then ReceivedMessage(RESPONSE, ID) else if B(LIST=[actionresult([TYPE])]) then ReceivedEvent(TYPE) else if B(LIST=[actionresult([TYPE,AGENT,ID,RESPONSE])]) then if B(TYPE=proposal) then ReceivedProposal(AGENT, ID, RESPONSE)
Event processed @ctenv(functionToList(message(phasechange)),LIST,0); if B(LIST=[actionresult([TYPE,ID])]) then if B(TYPE=proposal) then {ReceivedMessage(TYPE, ID, open); adopta(received(TYPE, ID, closed) : Infinite, priority 1)} else if B(LIST=[actionresult([TYPE,ID,RESPONSE])]) then if B(TYPE=response) then ReceivedMessage(RESPONSE, ID) else if B(LIST=[actionresult([TYPE])]) then ReceivedEvent(TYPE) else if B(LIST=[actionresult([TYPE,AGENT,ID,RESPONSE])]) then if B(TYPE=proposal) then ReceivedProposal(AGENT, ID, RESPONSE)
Event processed @ctenv(functionToList(message(phasechange)),LIST,0); if B(LIST=[actionresult([TYPE,ID])]) then if B(TYPE=proposal) then {ReceivedMessage(TYPE, ID, open); adopta(received(TYPE, ID, closed) : Infinite, priority 1)} else if B(LIST=[actionresult([TYPE,ID,RESPONSE])]) then if B(TYPE=response) then ReceivedMessage(RESPONSE, ID) else if B(LIST=[actionresult([TYPE])]) then ReceivedEvent(TYPE) else if B(LIST=[actionresult([TYPE,AGENT,ID,RESPONSE])]) then if B(TYPE=proposal) then ReceivedProposal(AGENT, ID, RESPONSE)
[CTAH] Array of Terms: [Lapapl.data.Term;@2903ccd9
[CTAH] The created APLList : [phasechange]
[CTAH] Array of Terms: [Lapapl.data.Term;@4f002a9d
[CTAH] The created APLList : [phasechange]
[CTAH] Array of Terms: [Lapapl.data.Term;@655d6184
[CTAH] The created APLList : [phasechange]
org notification: Tile [id=null, cell=Cell [x=1, y=2], subject=green, time=2015-05-02 10:52:23.641, clock=0]
org notified sent tile(cell(1,2),green,0).
object notification: Tile [id=null, cell=Cell [x=1, y=1], subject=green, time=2015-05-02 10:52:23.639, clock=0]
object notification: Tile [id=null, cell=Cell [x=1, y=2], subject=green, time=2015-05-02 10:52:23.641, clock=0]
object notification: Tile [id=null, cell=Cell [x=1, y=2], subject=green, time=2015-05-02 10:52:23.641, clock=0]
org notification: Tile [id=null, cell=Cell [x=1, y=3], subject=green, time=2015-05-02 10:52:23.645, clock=0]
org notified sent tile(cell(1,3),green,0).
object notification: Tile [id=null, cell=Cell [x=1, y=3], subject=green, time=2015-05-02 10:52:23.645, clock=0]
object notification: Tile [id=null, cell=Cell [x=1, y=1], subject=green, time=2015-05-02 10:52:23.639, clock=0]
org notification: Tile [id=null, cell=Cell [x=1, y=4], subject=green, time=2015-05-02 10:52:23.647, clock=0]
org notified sent tile(cell(1,4),green,0).
object notification: Tile [id=null, cell=Cell [x=1, y=3], subject=green, time=2015-05-02 10:52:23.645, clock=0]
object notification: Tile [id=null, cell=Cell [x=1, y=2], subject=green, time=2015-05-02 10:52:23.641, clock=0]
object notification: Tile [id=null, cell=Cell [x=1, y=4], subject=green, time=2015-05-02 10:52:23.647, clock=0]
object notification: Tile [id=null, cell=Cell [x=1, y=4], subject=green, time=2015-05-02 10:52:23.647, clock=0]
object notification: Tile [id=null, cell=Cell [x=1, y=3], subject=green, time=2015-05-02 10:52:23.645, clock=0]
org notification: Tile [id=null, cell=Cell [x=2, y=0], subject=green, time=2015-05-02 10:52:23.65, clock=0]
org notified sent tile(cell(2,0),green,0).
object notification: Tile [id=null, cell=Cell [x=2, y=0], subject=green, time=2015-05-02 10:52:23.65, clock=0]
object notification: Tile [id=null, cell=Cell [x=2, y=0], subject=green, time=2015-05-02 10:52:23.65, clock=0]
object notification: Tile [id=null, cell=Cell [x=2, y=1], subject=green, time=2015-05-02 10:52:23.653, clock=0]
object notification: Tile [id=null, cell=Cell [x=2, y=1], subject=green, time=2015-05-02 10:52:23.653, clock=0]
object notification: Tile [id=null, cell=Cell [x=2, y=2], subject=green, time=2015-05-02 10:52:23.655, clock=0]
object notification: Tile [id=null, cell=Cell [x=2, y=2], subject=green, time=2015-05-02 10:52:23.655, clock=0]
object notification: Tile [id=null, cell=Cell [x=2, y=3], subject=green, time=2015-05-02 10:52:23.657, clock=0]
object notification: Tile [id=null, cell=Cell [x=2, y=3], subject=green, time=2015-05-02 10:52:23.657, clock=0]
object notification: Tile [id=null, cell=Cell [x=2, y=4], subject=green, time=2015-05-02 10:52:23.658, clock=0]
object notification: Tile [id=null, cell=Cell [x=2, y=4], subject=green, time=2015-05-02 10:52:23.658, clock=0]
object notification: Tile [id=null, cell=Cell [x=3, y=0], subject=green, time=2015-05-02 10:52:23.66, clock=0]
object notification: Tile [id=null, cell=Cell [x=3, y=0], subject=green, time=2015-05-02 10:52:23.66, clock=0]
object notification: Tile [id=null, cell=Cell [x=3, y=1], subject=green, time=2015-05-02 10:52:23.662, clock=0]
object notification: Tile [id=null, cell=Cell [x=3, y=1], subject=green, time=2015-05-02 10:52:23.662, clock=0]
object notification: Tile [id=null, cell=Cell [x=3, y=2], subject=green, time=2015-05-02 10:52:23.663, clock=0]
object notification: Tile [id=null, cell=Cell [x=3, y=2], subject=green, time=2015-05-02 10:52:23.663, clock=0]
object notification: Tile [id=null, cell=Cell [x=3, y=3], subject=green, time=2015-05-02 10:52:23.664, clock=0]
object notification: Tile [id=null, cell=Cell [x=3, y=3], subject=green, time=2015-05-02 10:52:23.664, clock=0]
object notification: Tile [id=null, cell=Cell [x=3, y=4], subject=green, time=2015-05-02 10:52:23.666, clock=0]
object notification: Tile [id=null, cell=Cell [x=3, y=4], subject=green, time=2015-05-02 10:52:23.666, clock=0]
object notification: Tile [id=null, cell=Cell [x=4, y=0], subject=green, time=2015-05-02 10:52:23.667, clock=0]
object notification: Tile [id=null, cell=Cell [x=4, y=0], subject=green, time=2015-05-02 10:52:23.667, clock=0]
object notification: Tile [id=null, cell=Cell [x=4, y=1], subject=green, time=2015-05-02 10:52:23.668, clock=0]
object notification: Tile [id=null, cell=Cell [x=4, y=1], subject=green, time=2015-05-02 10:52:23.668, clock=0]
object notification: Tile [id=null, cell=Cell [x=4, y=2], subject=green, time=2015-05-02 10:52:23.67, clock=0]
object notification: Tile [id=null, cell=Cell [x=4, y=2], subject=green, time=2015-05-02 10:52:23.67, clock=0]
object notification: Tile [id=null, cell=Cell [x=4, y=3], subject=green, time=2015-05-02 10:52:23.672, clock=0]
object notification: Tile [id=null, cell=Cell [x=4, y=3], subject=green, time=2015-05-02 10:52:23.672, clock=0]
object notification: Tile [id=null, cell=Cell [x=4, y=4], subject=green, time=2015-05-02 10:52:23.674, clock=0]
object notification: Tile [id=null, cell=Cell [x=4, y=4], subject=green, time=2015-05-02 10:52:23.674, clock=0]
object notification: Time [clock=4, time=null]
Event sent to object      a10 clock(4)
object notification: Time [clock=5, time=null]
Event sent to object      a10 clock(5)
object notification: Time [clock=4, time=null]
Event sent to object      a40 clock(4)
org notification: Time [clock=4, time=null]
org notified sent time(4).
object notification: Time [clock=6, time=null]
object notification: Time [clock=5, time=null]
Event sent to object      a40 clock(5)
org notification: Time [clock=5, time=null]
org notified sent time(5).
Event sent to object      a10 clock(6)
org notification: Time [clock=6, time=null]
org notified sent time(6).
object notification: Time [clock=6, time=null]
Event sent to object      a40 clock(6)
object notification: Tile [id=null, cell=Cell [x=1, y=4], subject=green, time=2015-05-02 10:52:23.647, clock=0]
object notification: Tile [id=null, cell=Cell [x=2, y=0], subject=green, time=2015-05-02 10:52:23.65, clock=0]
object notification: Tile [id=null, cell=Cell [x=2, y=1], subject=green, time=2015-05-02 10:52:23.653, clock=0]
object notification: Tile [id=null, cell=Cell [x=2, y=2], subject=green, time=2015-05-02 10:52:23.655, clock=0]
object notification: Tile [id=null, cell=Cell [x=2, y=3], subject=green, time=2015-05-02 10:52:23.657, clock=0]
object notification: Tile [id=null, cell=Cell [x=2, y=4], subject=green, time=2015-05-02 10:52:23.658, clock=0]
object notification: Time [clock=4, time=null]
Event sent to object      a30 clock(4)
object notification: Tile [id=null, cell=Cell [x=3, y=0], subject=green, time=2015-05-02 10:52:23.66, clock=0]
object notification: Tile [id=null, cell=Cell [x=3, y=1], subject=green, time=2015-05-02 10:52:23.662, clock=0]
object notification: Tile [id=null, cell=Cell [x=3, y=2], subject=green, time=2015-05-02 10:52:23.663, clock=0]
object notification: Time [clock=5, time=null]
Event sent to object      a30 clock(5)
object notification: Time [clock=6, time=null]
Event sent to object      a30 clock(6)
org notification: Tile [id=null, cell=Cell [x=2, y=1], subject=green, time=2015-05-02 10:52:23.653, clock=0]
org notified sent tile(cell(2,1),green,0).
org notification: Tile [id=null, cell=Cell [x=2, y=2], subject=green, time=2015-05-02 10:52:23.655, clock=0]
org notified sent tile(cell(2,2),green,0).
org notification: Tile [id=null, cell=Cell [x=2, y=3], subject=green, time=2015-05-02 10:52:23.657, clock=0]
org notified sent tile(cell(2,3),green,0).
object notification: Tile [id=null, cell=Cell [x=3, y=3], subject=green, time=2015-05-02 10:52:23.664, clock=0]
object notification: Tile [id=null, cell=Cell [x=3, y=4], subject=green, time=2015-05-02 10:52:23.666, clock=0]
object notification: Tile [id=null, cell=Cell [x=4, y=0], subject=green, time=2015-05-02 10:52:23.667, clock=0]
object notification: Tile [id=null, cell=Cell [x=4, y=1], subject=green, time=2015-05-02 10:52:23.668, clock=0]
object notification: Tile [id=null, cell=Cell [x=4, y=2], subject=green, time=2015-05-02 10:52:23.67, clock=0]
org notification: Tile [id=null, cell=Cell [x=2, y=4], subject=green, time=2015-05-02 10:52:23.658, clock=0]
org notified sent tile(cell(2,4),green,0).
org notification: Tile [id=null, cell=Cell [x=3, y=0], subject=green, time=2015-05-02 10:52:23.66, clock=0]
org notified sent tile(cell(3,0),green,0).
object notification: Tile [id=null, cell=Cell [x=4, y=3], subject=green, time=2015-05-02 10:52:23.672, clock=0]
object notification: Tile [id=null, cell=Cell [x=4, y=4], subject=green, time=2015-05-02 10:52:23.674, clock=0]
org notification: Goal [id=null, cell=Cell [x=2, y=2], agent=null, time=2015-05-02 10:52:23.719, clock=0]
org notified sent goal(cell(2,2),null,0).
object notification: Position [subject=a10, id=null, cell=Cell [x=-1, y=-1], time=2015-05-02 10:52:57.746, clock=4]
Event sent to object      a10 position(-1, -1, 4)
Organization notifies object (write): Obligation [subject=a10, obligation=[surround(2, 2)], sanction=[reduce(g, 500)], deadline=7, time=2015-05-02 10:52:57.766, clock=6]
object notification: Position [subject=a40, id=null, cell=Cell [x=-1, y=-1], time=2015-05-02 10:52:57.754, clock=4]
Event sent to object      a40 position(-1, -1, 4)
org notification: Position [subject=a30, id=null, cell=Cell [x=-1, y=-1], time=2015-05-02 10:52:57.733, clock=4]
org notified sent position(a30,cell(-1,-1),4).
object notification: Position [subject=a30, id=null, cell=Cell [x=-1, y=-1], time=2015-05-02 10:52:57.733, clock=4]
Event sent to object      a30 position(-1, -1, 4)
org notification: Tile [id=null, cell=Cell [x=3, y=1], subject=green, time=2015-05-02 10:52:23.662, clock=0]
org notified sent tile(cell(3,1),green,0).
object notification: Obligation [subject=a10, obligation=[surround(2, 2)], sanction=[reduce(g, 500)], deadline=7, time=2015-05-02 10:52:57.766, clock=6]
Event sent to object      a10 obligation([surround(2, 2)], 7, [reduce(g, 500)])
org notification: Tile [id=null, cell=Cell [x=3, y=2], subject=green, time=2015-05-02 10:52:23.663, clock=0]
org notified sent tile(cell(3,2),green,0).
org notification: Position [subject=a10, id=null, cell=Cell [x=-1, y=-1], time=2015-05-02 10:52:57.746, clock=4]
org notified sent position(a10,cell(-1,-1),4).
org notification: Tile [id=null, cell=Cell [x=3, y=3], subject=green, time=2015-05-02 10:52:23.664, clock=0]
org notified sent tile(cell(3,3),green,0).
org notification: Tile [id=null, cell=Cell [x=3, y=4], subject=green, time=2015-05-02 10:52:23.666, clock=0]
org notified sent tile(cell(3,4),green,0).
org notification: Tile [id=null, cell=Cell [x=4, y=0], subject=green, time=2015-05-02 10:52:23.667, clock=0]
org notified sent tile(cell(4,0),green,0).
org notification: Position [subject=a20, id=null, cell=Cell [x=-1, y=-1], time=2015-05-02 10:52:57.75, clock=4]
org notified sent position(a20,cell(-1,-1),4).
org notification: Tile [id=null, cell=Cell [x=4, y=1], subject=green, time=2015-05-02 10:52:23.668, clock=0]
org notified sent tile(cell(4,1),green,0).
org notification: Tile [id=null, cell=Cell [x=4, y=2], subject=green, time=2015-05-02 10:52:23.67, clock=0]
org notified sent tile(cell(4,2),green,0).
org notification: Tile [id=null, cell=Cell [x=4, y=3], subject=green, time=2015-05-02 10:52:23.672, clock=0]
org notified sent tile(cell(4,3),green,0).
org notification: Tile [id=null, cell=Cell [x=4, y=4], subject=green, time=2015-05-02 10:52:23.674, clock=0]
org notified sent tile(cell(4,4),green,0).
org notification: Position [subject=a40, id=null, cell=Cell [x=-1, y=-1], time=2015-05-02 10:52:57.754, clock=4]
org notified sent position(a40,cell(-1,-1),4).
Event processed UpdateClock(4)
Event processed UpdateClock(5)
Event processed UpdateClock(6)
Event processed UpdatePosition(-1, -1)
Event processed UpdateClock(4)
Event processed UpdateClock(5)
Event processed UpdateClock(6)
Event processed UpdateClock(4)
Event processed UpdatePosition(-1, -1)
Event processed UpdateClock(5)
Event processed UpdateClock(6)
Event processed adoptObligation(surround(2, 2), 7, reduce(g, 500))
Event processed UpdatePosition(-1, -1)
agent writes: SetGoal [id=null, agent=a10, cell=Cell [x=2, y=1], goal=Cell [x=2, y=2], clock=6, time=2015-05-02 10:52:58.44]
org notification: SetGoal [id=null, agent=a10, cell=Cell [x=2, y=1], goal=Cell [x=2, y=2], clock=6, time=2015-05-02 10:52:58.44]
org notified sent setGoal(a10,2,1,2,2,6).
Organization notifies object (write): Obligation [subject=a10, obligation=[at(2, 1, agent)], sanction=[reduce(a10, 500)], deadline=7, time=2015-05-02 10:52:58.453, clock=6]
object notification: Obligation [subject=a10, obligation=[at(2, 1, agent)], sanction=[reduce(a10, 500)], deadline=7, time=2015-05-02 10:52:58.453, clock=6]
Event sent to object      a10 obligation([at(2, 1, agent)], 7, [reduce(a10, 500)])
Event processed adoptObligation(at(2, 1, agent), 7, reduce(a10, 500))
agent writes: SetGoal [id=null, agent=a20, cell=Cell [x=1, y=2], goal=Cell [x=2, y=2], clock=6, time=2015-05-02 10:52:58.549]
org notification: SetGoal [id=null, agent=a20, cell=Cell [x=1, y=2], goal=Cell [x=2, y=2], clock=6, time=2015-05-02 10:52:58.549]
org notified sent setGoal(a20,1,2,2,2,6).
Organization notifies object (write): Obligation [subject=a20, obligation=[at(1, 2, agent)], sanction=[reduce(a20, 500)], deadline=7, time=2015-05-02 10:52:58.554, clock=6]
agent writes: SetGoal [id=null, agent=a30, cell=Cell [x=3, y=2], goal=Cell [x=2, y=2], clock=6, time=2015-05-02 10:52:58.634]
org notification: SetGoal [id=null, agent=a30, cell=Cell [x=3, y=2], goal=Cell [x=2, y=2], clock=6, time=2015-05-02 10:52:58.634]
org notified sent setGoal(a30,3,2,2,2,6).
Organization notifies object (write): Obligation [subject=a30, obligation=[at(3, 2, agent)], sanction=[reduce(a30, 500)], deadline=7, time=2015-05-02 10:52:58.639, clock=6]
object notification: Obligation [subject=a30, obligation=[at(3, 2, agent)], sanction=[reduce(a30, 500)], deadline=7, time=2015-05-02 10:52:58.639, clock=6]
Event sent to object      a30 obligation([at(3, 2, agent)], 7, [reduce(a30, 500)])
agent writes: SetGoal [id=null, agent=a40, cell=Cell [x=2, y=3], goal=Cell [x=2, y=2], clock=6, time=2015-05-02 10:52:58.746]
Event processed adoptObligation(at(3, 2, agent), 7, reduce(a30, 500))
org notification: SetGoal [id=null, agent=a40, cell=Cell [x=2, y=3], goal=Cell [x=2, y=2], clock=6, time=2015-05-02 10:52:58.746]
org notified sent setGoal(a40,2,3,2,2,6).
Organization notifies object (write): Obligation [subject=a40, obligation=[at(2, 3, agent)], sanction=[reduce(a40, 500)], deadline=7, time=2015-05-02 10:52:58.751, clock=6]
object notification: Obligation [subject=a40, obligation=[at(2, 3, agent)], sanction=[reduce(a40, 500)], deadline=7, time=2015-05-02 10:52:58.751, clock=6]
Event sent to object      a40 obligation([at(2, 3, agent)], 7, [reduce(a40, 500)])
Event processed adoptObligation(at(2, 3, agent), 7, reduce(a40, 500))
agent writes: Color [id=null, color=green, agent=a10, type=yes, time=2015-05-02 10:52:58.886, clock=6]
org notification: Color [id=null, color=green, agent=a10, type=yes, time=2015-05-02 10:52:58.886, clock=6]
org notified sent color(a10,green,yes,6).
agent writes: Color [id=null, color=green, agent=a20, type=yes, time=2015-05-02 10:52:59.051, clock=6]
org notification: Color [id=null, color=green, agent=a20, type=yes, time=2015-05-02 10:52:59.051, clock=6]
org notified sent color(a20,green,yes,6).
agent writes: Color [id=null, color=green, agent=a30, type=yes, time=2015-05-02 10:52:59.192, clock=6]
org notification: Color [id=null, color=green, agent=a30, type=yes, time=2015-05-02 10:52:59.192, clock=6]
org notified sent color(a30,green,yes,6).
agent writes: Color [id=null, color=green, agent=a40, type=yes, time=2015-05-02 10:52:59.349, clock=6]
agent writes: Color [id=null, color=green, agent=a10, type=no, time=2015-05-02 10:52:59.465, clock=6]
agent writes: Color [id=null, color=green, agent=a20, type=no, time=2015-05-02 10:52:59.552, clock=6]
org notification: Color [id=null, color=green, agent=a40, type=yes, time=2015-05-02 10:52:59.349, clock=6]
org notified sent color(a40,green,yes,6).
org notification: Color [id=null, color=green, agent=a10, type=no, time=2015-05-02 10:52:59.465, clock=6]
org notified sent color(a10,green,no,6).
org notification: Color [id=null, color=green, agent=a20, type=no, time=2015-05-02 10:52:59.552, clock=6]
org notified sent color(a20,green,no,6).
agent writes: Color [id=null, color=green, agent=a30, type=no, time=2015-05-02 10:52:59.649, clock=6]
org notification: Color [id=null, color=green, agent=a30, type=no, time=2015-05-02 10:52:59.649, clock=6]
org notified sent color(a30,green,no,6).
agent writes: Color [id=null, color=green, agent=a40, type=no, time=2015-05-02 10:52:59.722, clock=6]
org notification: Color [id=null, color=green, agent=a40, type=no, time=2015-05-02 10:52:59.722, clock=6]
org notified sent color(a40,green,no,6).
object notification: Time [clock=7, time=null]
Event sent to object      a10 clock(7)
org notification: Time [clock=7, time=null]
org notified sent time(7).
object notification: Time [clock=7, time=null]
Event sent to object      a40 clock(7)
object notification: Time [clock=7, time=null]
Event sent to object      a30 clock(7)
Event processed UpdateClock(7)
Event processed UpdateClock(7)
Event processed UpdateClock(7)
setPhases in ClientGameStatus, the current phase is Movement Phase
setPhases in ClientGameStatus, the current phase is Movement Phase
setPhases in ClientGameStatus, the current phase is Movement Phase
Event processed @ctenv(functionToList(message(phasechange)),LIST,0); if B(LIST=[actionresult([TYPE,ID])]) then if B(TYPE=proposal) then {ReceivedMessage(TYPE, ID, open); adopta(received(TYPE, ID, closed) : Infinite, priority 1)} else if B(LIST=[actionresult([TYPE,ID,RESPONSE])]) then if B(TYPE=response) then ReceivedMessage(RESPONSE, ID) else if B(LIST=[actionresult([TYPE])]) then ReceivedEvent(TYPE) else if B(LIST=[actionresult([TYPE,AGENT,ID,RESPONSE])]) then if B(TYPE=proposal) then ReceivedProposal(AGENT, ID, RESPONSE)
Event processed @ctenv(functionToList(message(phasechange)),LIST,0); if B(LIST=[actionresult([TYPE,ID])]) then if B(TYPE=proposal) then {ReceivedMessage(TYPE, ID, open); adopta(received(TYPE, ID, closed) : Infinite, priority 1)} else if B(LIST=[actionresult([TYPE,ID,RESPONSE])]) then if B(TYPE=response) then ReceivedMessage(RESPONSE, ID) else if B(LIST=[actionresult([TYPE])]) then ReceivedEvent(TYPE) else if B(LIST=[actionresult([TYPE,AGENT,ID,RESPONSE])]) then if B(TYPE=proposal) then ReceivedProposal(AGENT, ID, RESPONSE)
Event processed @ctenv(functionToList(message(phasechange)),LIST,0); if B(LIST=[actionresult([TYPE,ID])]) then if B(TYPE=proposal) then {ReceivedMessage(TYPE, ID, open); adopta(received(TYPE, ID, closed) : Infinite, priority 1)} else if B(LIST=[actionresult([TYPE,ID,RESPONSE])]) then if B(TYPE=response) then ReceivedMessage(RESPONSE, ID) else if B(LIST=[actionresult([TYPE])]) then ReceivedEvent(TYPE) else if B(LIST=[actionresult([TYPE,AGENT,ID,RESPONSE])]) then if B(TYPE=proposal) then ReceivedProposal(AGENT, ID, RESPONSE)
[CTAH] Array of Terms: [Lapapl.data.Term;@950bde8
[CTAH] The created APLList : [phasechange]
[CTAH] Array of Terms: [Lapapl.data.Term;@4cdc1165
[CTAH] The created APLList : [phasechange]
[CTAH] Array of Terms: [Lapapl.data.Term;@23eb5a67
[CTAH] The created APLList : [phasechange]
org notification: Time [clock=8, time=null]
org notified sent time(8).
object notification: Time [clock=8, time=null]
Event sent to object      a30 clock(8)
object notification: Time [clock=8, time=null]
Event sent to object      a40 clock(8)
object notification: Time [clock=8, time=null]
Event sent to object      a10 clock(8)
Event processed UpdateClock(8)
Event processed UpdateClock(8)
Event processed UpdateClock(8)
object notification: Time [clock=9, time=null]
org notification: Time [clock=9, time=null]
object notification: Time [clock=9, time=null]
object notification: Time [clock=9, time=null]
Event sent to object      a10 clock(9)
Event sent to object      a30 clock(9)
Event sent to object      a40 clock(9)
org notified sent time(9).
Event processed UpdateClock(9)
Event processed UpdateClock(9)
Event processed UpdateClock(9)
setPhases in ClientGameStatus, the current phase is Feedback Phase
setPhases in ClientGameStatus, the current phase is Feedback Phase
setPhases in ClientGameStatus, the current phase is Feedback Phase
Event processed @ctenv(functionToList(message(phasechange)),LIST,0); if B(LIST=[actionresult([TYPE,ID])]) then if B(TYPE=proposal) then {ReceivedMessage(TYPE, ID, open); adopta(received(TYPE, ID, closed) : Infinite, priority 1)} else if B(LIST=[actionresult([TYPE,ID,RESPONSE])]) then if B(TYPE=response) then ReceivedMessage(RESPONSE, ID) else if B(LIST=[actionresult([TYPE])]) then ReceivedEvent(TYPE) else if B(LIST=[actionresult([TYPE,AGENT,ID,RESPONSE])]) then if B(TYPE=proposal) then ReceivedProposal(AGENT, ID, RESPONSE)
Event processed @ctenv(functionToList(message(phasechange)),LIST,0); if B(LIST=[actionresult([TYPE,ID])]) then if B(TYPE=proposal) then {ReceivedMessage(TYPE, ID, open); adopta(received(TYPE, ID, closed) : Infinite, priority 1)} else if B(LIST=[actionresult([TYPE,ID,RESPONSE])]) then if B(TYPE=response) then ReceivedMessage(RESPONSE, ID) else if B(LIST=[actionresult([TYPE])]) then ReceivedEvent(TYPE) else if B(LIST=[actionresult([TYPE,AGENT,ID,RESPONSE])]) then if B(TYPE=proposal) then ReceivedProposal(AGENT, ID, RESPONSE)
Event processed @ctenv(functionToList(message(phasechange)),LIST,0); if B(LIST=[actionresult([TYPE,ID])]) then if B(TYPE=proposal) then {ReceivedMessage(TYPE, ID, open); adopta(received(TYPE, ID, closed) : Infinite, priority 1)} else if B(LIST=[actionresult([TYPE,ID,RESPONSE])]) then if B(TYPE=response) then ReceivedMessage(RESPONSE, ID) else if B(LIST=[actionresult([TYPE])]) then ReceivedEvent(TYPE) else if B(LIST=[actionresult([TYPE,AGENT,ID,RESPONSE])]) then if B(TYPE=proposal) then ReceivedProposal(AGENT, ID, RESPONSE)
[CTAH] Array of Terms: [Lapapl.data.Term;@1f2225e8
[CTAH] The created APLList : [phasechange]
[CTAH] Array of Terms: [Lapapl.data.Term;@51867a4a
[CTAH] The created APLList : [phasechange]
[CTAH] Array of Terms: [Lapapl.data.Term;@455ecca9
[CTAH] The created APLList : [phasechange]
setPhases in ClientGameStatus, the current phase is Norm Phase
setPhases in ClientGameStatus, the current phase is Norm Phase
setPhases in ClientGameStatus, the current phase is Norm Phase
object notification: Tile [id=null, cell=Cell [x=0, y=0], subject=green, time=2015-05-02 10:53:24.564, clock=9]
object notification: Tile [id=null, cell=Cell [x=0, y=0], subject=green, time=2015-05-02 10:53:24.564, clock=9]
org notification: Tile [id=null, cell=Cell [x=0, y=0], subject=green, time=2015-05-02 10:53:24.564, clock=9]
org notified sent tile(cell(0,0),green,9).
object notification: Tile [id=null, cell=Cell [x=0, y=0], subject=green, time=2015-05-02 10:53:24.564, clock=9]
org notification: Tile [id=null, cell=Cell [x=0, y=1], subject=green, time=2015-05-02 10:53:24.567, clock=9]
org notified sent tile(cell(0,1),green,9).
object notification: Tile [id=null, cell=Cell [x=0, y=1], subject=green, time=2015-05-02 10:53:24.567, clock=9]
object notification: Tile [id=null, cell=Cell [x=0, y=1], subject=green, time=2015-05-02 10:53:24.567, clock=9]
object notification: Tile [id=null, cell=Cell [x=0, y=1], subject=green, time=2015-05-02 10:53:24.567, clock=9]
org notification: Tile [id=null, cell=Cell [x=0, y=2], subject=green, time=2015-05-02 10:53:24.573, clock=9]
org notified sent tile(cell(0,2),green,9).
object notification: Tile [id=null, cell=Cell [x=0, y=2], subject=green, time=2015-05-02 10:53:24.573, clock=9]
object notification: Tile [id=null, cell=Cell [x=0, y=2], subject=green, time=2015-05-02 10:53:24.573, clock=9]
object notification: Tile [id=null, cell=Cell [x=0, y=2], subject=green, time=2015-05-02 10:53:24.573, clock=9]
org notification: Tile [id=null, cell=Cell [x=0, y=3], subject=green, time=2015-05-02 10:53:24.576, clock=9]
org notified sent tile(cell(0,3),green,9).
object notification: Tile [id=null, cell=Cell [x=0, y=3], subject=green, time=2015-05-02 10:53:24.576, clock=9]
object notification: Tile [id=null, cell=Cell [x=0, y=3], subject=green, time=2015-05-02 10:53:24.576, clock=9]
object notification: Tile [id=null, cell=Cell [x=0, y=3], subject=green, time=2015-05-02 10:53:24.576, clock=9]
object notification: Tile [id=null, cell=Cell [x=0, y=4], subject=green, time=2015-05-02 10:53:24.581, clock=9]
org notification: Tile [id=null, cell=Cell [x=0, y=4], subject=green, time=2015-05-02 10:53:24.581, clock=9]
org notified sent tile(cell(0,4),green,9).
object notification: Tile [id=null, cell=Cell [x=0, y=4], subject=green, time=2015-05-02 10:53:24.581, clock=9]
object notification: Tile [id=null, cell=Cell [x=0, y=4], subject=green, time=2015-05-02 10:53:24.581, clock=9]
object notification: Tile [id=null, cell=Cell [x=1, y=0], subject=green, time=2015-05-02 10:53:24.585, clock=9]
object notification: Tile [id=null, cell=Cell [x=1, y=0], subject=green, time=2015-05-02 10:53:24.585, clock=9]
object notification: Tile [id=null, cell=Cell [x=1, y=1], subject=green, time=2015-05-02 10:53:24.588, clock=9]
object notification: Tile [id=null, cell=Cell [x=1, y=0], subject=green, time=2015-05-02 10:53:24.585, clock=9]
org notification: Tile [id=null, cell=Cell [x=1, y=0], subject=green, time=2015-05-02 10:53:24.585, clock=9]
org notified sent tile(cell(1,0),green,9).
object notification: Tile [id=null, cell=Cell [x=1, y=1], subject=green, time=2015-05-02 10:53:24.588, clock=9]
object notification: Tile [id=null, cell=Cell [x=1, y=1], subject=green, time=2015-05-02 10:53:24.588, clock=9]
object notification: Tile [id=null, cell=Cell [x=1, y=2], subject=green, time=2015-05-02 10:53:24.591, clock=9]
object notification: Tile [id=null, cell=Cell [x=1, y=2], subject=green, time=2015-05-02 10:53:24.591, clock=9]
object notification: Tile [id=null, cell=Cell [x=1, y=2], subject=green, time=2015-05-02 10:53:24.591, clock=9]
org notification: Tile [id=null, cell=Cell [x=1, y=1], subject=green, time=2015-05-02 10:53:24.588, clock=9]
org notified sent tile(cell(1,1),green,9).
object notification: Tile [id=null, cell=Cell [x=1, y=3], subject=green, time=2015-05-02 10:53:24.593, clock=9]
object notification: Tile [id=null, cell=Cell [x=1, y=3], subject=green, time=2015-05-02 10:53:24.593, clock=9]
object notification: Tile [id=null, cell=Cell [x=1, y=3], subject=green, time=2015-05-02 10:53:24.593, clock=9]
org notification: Tile [id=null, cell=Cell [x=1, y=2], subject=green, time=2015-05-02 10:53:24.591, clock=9]
org notified sent tile(cell(1,2),green,9).
object notification: Tile [id=null, cell=Cell [x=1, y=4], subject=green, time=2015-05-02 10:53:24.597, clock=9]
object notification: Tile [id=null, cell=Cell [x=1, y=4], subject=green, time=2015-05-02 10:53:24.597, clock=9]
object notification: Tile [id=null, cell=Cell [x=1, y=4], subject=green, time=2015-05-02 10:53:24.597, clock=9]
org notification: Tile [id=null, cell=Cell [x=1, y=3], subject=green, time=2015-05-02 10:53:24.593, clock=9]
org notified sent tile(cell(1,3),green,9).
org notification: Tile [id=null, cell=Cell [x=1, y=4], subject=green, time=2015-05-02 10:53:24.597, clock=9]
org notified sent tile(cell(1,4),green,9).
object notification: Tile [id=null, cell=Cell [x=2, y=0], subject=green, time=2015-05-02 10:53:24.599, clock=9]
org notification: Tile [id=null, cell=Cell [x=2, y=0], subject=green, time=2015-05-02 10:53:24.599, clock=9]
org notified sent tile(cell(2,0),green,9).
object notification: Tile [id=null, cell=Cell [x=2, y=0], subject=green, time=2015-05-02 10:53:24.599, clock=9]
object notification: Tile [id=null, cell=Cell [x=2, y=0], subject=green, time=2015-05-02 10:53:24.599, clock=9]
object notification: Tile [id=null, cell=Cell [x=2, y=1], subject=green, time=2015-05-02 10:53:24.602, clock=9]
org notification: Tile [id=null, cell=Cell [x=2, y=1], subject=green, time=2015-05-02 10:53:24.602, clock=9]
org notified sent tile(cell(2,1),green,9).
object notification: Tile [id=null, cell=Cell [x=2, y=1], subject=green, time=2015-05-02 10:53:24.602, clock=9]
object notification: Tile [id=null, cell=Cell [x=2, y=1], subject=green, time=2015-05-02 10:53:24.602, clock=9]
object notification: Tile [id=null, cell=Cell [x=2, y=2], subject=green, time=2015-05-02 10:53:24.606, clock=9]
org notification: Tile [id=null, cell=Cell [x=2, y=2], subject=green, time=2015-05-02 10:53:24.606, clock=9]
object notification: Tile [id=null, cell=Cell [x=2, y=2], subject=green, time=2015-05-02 10:53:24.606, clock=9]
org notified sent tile(cell(2,2),green,9).
object notification: Tile [id=null, cell=Cell [x=2, y=2], subject=green, time=2015-05-02 10:53:24.606, clock=9]
org notification: Tile [id=null, cell=Cell [x=2, y=3], subject=green, time=2015-05-02 10:53:24.609, clock=9]
org notified sent tile(cell(2,3),green,9).
object notification: Tile [id=null, cell=Cell [x=2, y=3], subject=green, time=2015-05-02 10:53:24.609, clock=9]
object notification: Tile [id=null, cell=Cell [x=2, y=3], subject=green, time=2015-05-02 10:53:24.609, clock=9]
object notification: Tile [id=null, cell=Cell [x=2, y=3], subject=green, time=2015-05-02 10:53:24.609, clock=9]
org notification: Tile [id=null, cell=Cell [x=2, y=4], subject=green, time=2015-05-02 10:53:24.612, clock=9]
org notified sent tile(cell(2,4),green,9).
object notification: Tile [id=null, cell=Cell [x=2, y=4], subject=green, time=2015-05-02 10:53:24.612, clock=9]
object notification: Tile [id=null, cell=Cell [x=2, y=4], subject=green, time=2015-05-02 10:53:24.612, clock=9]
object notification: Tile [id=null, cell=Cell [x=2, y=4], subject=green, time=2015-05-02 10:53:24.612, clock=9]
org notification: Tile [id=null, cell=Cell [x=3, y=0], subject=green, time=2015-05-02 10:53:24.617, clock=9]
org notified sent tile(cell(3,0),green,9).
object notification: Tile [id=null, cell=Cell [x=3, y=0], subject=green, time=2015-05-02 10:53:24.617, clock=9]
object notification: Tile [id=null, cell=Cell [x=3, y=0], subject=green, time=2015-05-02 10:53:24.617, clock=9]
object notification: Tile [id=null, cell=Cell [x=3, y=0], subject=green, time=2015-05-02 10:53:24.617, clock=9]
org notification: Tile [id=null, cell=Cell [x=3, y=1], subject=green, time=2015-05-02 10:53:24.621, clock=9]
org notified sent tile(cell(3,1),green,9).
object notification: Tile [id=null, cell=Cell [x=3, y=1], subject=green, time=2015-05-02 10:53:24.621, clock=9]
object notification: Tile [id=null, cell=Cell [x=3, y=1], subject=green, time=2015-05-02 10:53:24.621, clock=9]
object notification: Tile [id=null, cell=Cell [x=3, y=1], subject=green, time=2015-05-02 10:53:24.621, clock=9]
org notification: Tile [id=null, cell=Cell [x=3, y=2], subject=green, time=2015-05-02 10:53:24.628, clock=9]
org notified sent tile(cell(3,2),green,9).
object notification: Tile [id=null, cell=Cell [x=3, y=2], subject=green, time=2015-05-02 10:53:24.628, clock=9]
object notification: Tile [id=null, cell=Cell [x=3, y=2], subject=green, time=2015-05-02 10:53:24.628, clock=9]
object notification: Tile [id=null, cell=Cell [x=3, y=2], subject=green, time=2015-05-02 10:53:24.628, clock=9]
org notification: Tile [id=null, cell=Cell [x=3, y=3], subject=green, time=2015-05-02 10:53:24.632, clock=9]
org notified sent tile(cell(3,3),green,9).
object notification: Tile [id=null, cell=Cell [x=3, y=3], subject=green, time=2015-05-02 10:53:24.632, clock=9]
object notification: Tile [id=null, cell=Cell [x=3, y=3], subject=green, time=2015-05-02 10:53:24.632, clock=9]
object notification: Tile [id=null, cell=Cell [x=3, y=3], subject=green, time=2015-05-02 10:53:24.632, clock=9]
org notification: Tile [id=null, cell=Cell [x=3, y=4], subject=green, time=2015-05-02 10:53:24.636, clock=9]
org notified sent tile(cell(3,4),green,9).
object notification: Tile [id=null, cell=Cell [x=3, y=4], subject=green, time=2015-05-02 10:53:24.636, clock=9]
object notification: Tile [id=null, cell=Cell [x=3, y=4], subject=green, time=2015-05-02 10:53:24.636, clock=9]
object notification: Tile [id=null, cell=Cell [x=3, y=4], subject=green, time=2015-05-02 10:53:24.636, clock=9]
org notification: Tile [id=null, cell=Cell [x=4, y=0], subject=green, time=2015-05-02 10:53:24.638, clock=9]
org notified sent tile(cell(4,0),green,9).
object notification: Tile [id=null, cell=Cell [x=4, y=0], subject=green, time=2015-05-02 10:53:24.638, clock=9]
object notification: Tile [id=null, cell=Cell [x=4, y=0], subject=green, time=2015-05-02 10:53:24.638, clock=9]
object notification: Tile [id=null, cell=Cell [x=4, y=0], subject=green, time=2015-05-02 10:53:24.638, clock=9]
object notification: Tile [id=null, cell=Cell [x=4, y=1], subject=green, time=2015-05-02 10:53:24.642, clock=9]
org notification: Tile [id=null, cell=Cell [x=4, y=1], subject=green, time=2015-05-02 10:53:24.642, clock=9]
org notified sent tile(cell(4,1),green,9).
object notification: Tile [id=null, cell=Cell [x=4, y=1], subject=green, time=2015-05-02 10:53:24.642, clock=9]
object notification: Tile [id=null, cell=Cell [x=4, y=1], subject=green, time=2015-05-02 10:53:24.642, clock=9]
org notification: Tile [id=null, cell=Cell [x=4, y=2], subject=green, time=2015-05-02 10:53:24.646, clock=9]
org notified sent tile(cell(4,2),green,9).
object notification: Tile [id=null, cell=Cell [x=4, y=2], subject=green, time=2015-05-02 10:53:24.646, clock=9]
object notification: Tile [id=null, cell=Cell [x=4, y=2], subject=green, time=2015-05-02 10:53:24.646, clock=9]
object notification: Tile [id=null, cell=Cell [x=4, y=2], subject=green, time=2015-05-02 10:53:24.646, clock=9]
org notification: Tile [id=null, cell=Cell [x=4, y=3], subject=green, time=2015-05-02 10:53:24.65, clock=9]
object notification: Tile [id=null, cell=Cell [x=4, y=3], subject=green, time=2015-05-02 10:53:24.65, clock=9]
org notified sent tile(cell(4,3),green,9).
object notification: Tile [id=null, cell=Cell [x=4, y=3], subject=green, time=2015-05-02 10:53:24.65, clock=9]
object notification: Tile [id=null, cell=Cell [x=4, y=3], subject=green, time=2015-05-02 10:53:24.65, clock=9]
object notification: Tile [id=null, cell=Cell [x=4, y=4], subject=green, time=2015-05-02 10:53:24.653, clock=9]
org notification: Tile [id=null, cell=Cell [x=4, y=4], subject=green, time=2015-05-02 10:53:24.653, clock=9]
org notified sent tile(cell(4,4),green,9).
object notification: Tile [id=null, cell=Cell [x=4, y=4], subject=green, time=2015-05-02 10:53:24.653, clock=9]
object notification: Tile [id=null, cell=Cell [x=4, y=4], subject=green, time=2015-05-02 10:53:24.653, clock=9]
org notification: Goal [id=null, cell=Cell [x=2, y=2], agent=null, time=2015-05-02 10:53:24.661, clock=9]
org notified sent goal(cell(2,2),null,9).
Organization notifies object (write): Obligation [subject=a10, obligation=[surround(2, 2)], sanction=[reduce(g, 500)], deadline=10, time=2015-05-02 10:53:24.669, clock=9]
Organization notifies object (write): Obligation [subject=a10, obligation=[at(2, 1, agent)], sanction=[reduce(a10, 500)], deadline=10, time=2015-05-02 10:53:24.675, clock=9]
object notification: Obligation [subject=a10, obligation=[surround(2, 2)], sanction=[reduce(g, 500)], deadline=10, time=2015-05-02 10:53:24.669, clock=9]
Event sent to object      a10 obligation([surround(2, 2)], 10, [reduce(g, 500)])
Organization notifies object (write): Obligation [subject=a20, obligation=[at(1, 2, agent)], sanction=[reduce(a20, 500)], deadline=10, time=2015-05-02 10:53:24.679, clock=9]
object notification: Obligation [subject=a10, obligation=[at(2, 1, agent)], sanction=[reduce(a10, 500)], deadline=10, time=2015-05-02 10:53:24.675, clock=9]
Event sent to object      a10 obligation([at(2, 1, agent)], 10, [reduce(a10, 500)])
Organization notifies object (write): Obligation [subject=a30, obligation=[at(3, 2, agent)], sanction=[reduce(a30, 500)], deadline=10, time=2015-05-02 10:53:24.682, clock=9]
Organization notifies object (write): Obligation [subject=a40, obligation=[at(2, 3, agent)], sanction=[reduce(a40, 500)], deadline=10, time=2015-05-02 10:53:24.685, clock=9]
object notification: Obligation [subject=a30, obligation=[at(3, 2, agent)], sanction=[reduce(a30, 500)], deadline=10, time=2015-05-02 10:53:24.682, clock=9]
Event sent to object      a30 obligation([at(3, 2, agent)], 10, [reduce(a30, 500)])
object notification: Obligation [subject=a40, obligation=[at(2, 3, agent)], sanction=[reduce(a40, 500)], deadline=10, time=2015-05-02 10:53:24.685, clock=9]
Event sent to object      a40 obligation([at(2, 3, agent)], 10, [reduce(a40, 500)])
Event processed @ctenv(functionToList(message(phasechange)),LIST,0); if B(LIST=[actionresult([TYPE,ID])]) then if B(TYPE=proposal) then {ReceivedMessage(TYPE, ID, open); adopta(received(TYPE, ID, closed) : Infinite, priority 1)} else if B(LIST=[actionresult([TYPE,ID,RESPONSE])]) then if B(TYPE=response) then ReceivedMessage(RESPONSE, ID) else if B(LIST=[actionresult([TYPE])]) then ReceivedEvent(TYPE) else if B(LIST=[actionresult([TYPE,AGENT,ID,RESPONSE])]) then if B(TYPE=proposal) then ReceivedProposal(AGENT, ID, RESPONSE)
Event processed adoptObligation(surround(2, 2), 10, reduce(g, 500))
Event processed adoptObligation(at(2, 1, agent), 10, reduce(a10, 500))
Event processed @ctenv(functionToList(message(phasechange)),LIST,0); if B(LIST=[actionresult([TYPE,ID])]) then if B(TYPE=proposal) then {ReceivedMessage(TYPE, ID, open); adopta(received(TYPE, ID, closed) : Infinite, priority 1)} else if B(LIST=[actionresult([TYPE,ID,RESPONSE])]) then if B(TYPE=response) then ReceivedMessage(RESPONSE, ID) else if B(LIST=[actionresult([TYPE])]) then ReceivedEvent(TYPE) else if B(LIST=[actionresult([TYPE,AGENT,ID,RESPONSE])]) then if B(TYPE=proposal) then ReceivedProposal(AGENT, ID, RESPONSE)
Event processed adoptObligation(at(2, 3, agent), 10, reduce(a40, 500))
Event processed @ctenv(functionToList(message(phasechange)),LIST,0); if B(LIST=[actionresult([TYPE,ID])]) then if B(TYPE=proposal) then {ReceivedMessage(TYPE, ID, open); adopta(received(TYPE, ID, closed) : Infinite, priority 1)} else if B(LIST=[actionresult([TYPE,ID,RESPONSE])]) then if B(TYPE=response) then ReceivedMessage(RESPONSE, ID) else if B(LIST=[actionresult([TYPE])]) then ReceivedEvent(TYPE) else if B(LIST=[actionresult([TYPE,AGENT,ID,RESPONSE])]) then if B(TYPE=proposal) then ReceivedProposal(AGENT, ID, RESPONSE)
Event processed adoptObligation(at(3, 2, agent), 10, reduce(a30, 500))
[CTAH] Array of Terms: [Lapapl.data.Term;@544216e
[CTAH] The created APLList : [phasechange]
[CTAH] Array of Terms: [Lapapl.data.Term;@33458cc
[CTAH] The created APLList : [phasechange]
[CTAH] Array of Terms: [Lapapl.data.Term;@50778ddb
[CTAH] The created APLList : [phasechange]
agent writes: SetGoal [id=null, agent=a10, cell=Cell [x=2, y=1], goal=Cell [x=2, y=2], clock=9, time=2015-05-02 10:53:25.442]
org notification: SetGoal [id=null, agent=a10, cell=Cell [x=2, y=1], goal=Cell [x=2, y=2], clock=9, time=2015-05-02 10:53:25.442]
org notified sent setGoal(a10,2,1,2,2,9).
agent writes: SetGoal [id=null, agent=a20, cell=Cell [x=1, y=2], goal=Cell [x=2, y=2], clock=9, time=2015-05-02 10:53:25.585]
org notification: SetGoal [id=null, agent=a20, cell=Cell [x=1, y=2], goal=Cell [x=2, y=2], clock=9, time=2015-05-02 10:53:25.585]
org notified sent setGoal(a20,1,2,2,2,9).
agent writes: SetGoal [id=null, agent=a30, cell=Cell [x=3, y=2], goal=Cell [x=2, y=2], clock=9, time=2015-05-02 10:53:25.723]
org notification: SetGoal [id=null, agent=a30, cell=Cell [x=3, y=2], goal=Cell [x=2, y=2], clock=9, time=2015-05-02 10:53:25.723]
org notified sent setGoal(a30,3,2,2,2,9).
agent writes: SetGoal [id=null, agent=a40, cell=Cell [x=2, y=3], goal=Cell [x=2, y=2], clock=9, time=2015-05-02 10:53:25.856]
org notification: SetGoal [id=null, agent=a40, cell=Cell [x=2, y=3], goal=Cell [x=2, y=2], clock=9, time=2015-05-02 10:53:25.856]
org notified sent setGoal(a40,2,3,2,2,9).
agent writes: Color [id=null, color=green, agent=a10, type=yes, time=2015-05-02 10:53:26.001, clock=9]
org notification: Color [id=null, color=green, agent=a10, type=yes, time=2015-05-02 10:53:26.001, clock=9]
org notified sent color(a10,green,yes,9).
agent writes: Color [id=null, color=green, agent=a20, type=yes, time=2015-05-02 10:53:26.148, clock=9]
agent writes: Color [id=null, color=green, agent=a30, type=yes, time=2015-05-02 10:53:26.286, clock=9]
agent writes: Color [id=null, color=green, agent=a40, type=yes, time=2015-05-02 10:53:26.428, clock=9]
agent writes: Color [id=null, color=green, agent=a10, type=no, time=2015-05-02 10:53:26.575, clock=9]
agent writes: Color [id=null, color=green, agent=a20, type=no, time=2015-05-02 10:53:26.713, clock=9]
agent writes: Color [id=null, color=green, agent=a30, type=no, time=2015-05-02 10:53:26.868, clock=9]
agent writes: Color [id=null, color=green, agent=a40, type=no, time=2015-05-02 10:53:27.04, clock=9]
org notification: Color [id=null, color=green, agent=a20, type=yes, time=2015-05-02 10:53:26.148, clock=9]
org notified sent color(a20,green,yes,9).
org notification: Color [id=null, color=green, agent=a30, type=yes, time=2015-05-02 10:53:26.286, clock=9]
org notified sent color(a30,green,yes,9).
org notification: Color [id=null, color=green, agent=a40, type=yes, time=2015-05-02 10:53:26.428, clock=9]
org notified sent color(a40,green,yes,9).
org notification: Color [id=null, color=green, agent=a10, type=no, time=2015-05-02 10:53:26.575, clock=9]
org notified sent color(a10,green,no,9).
org notification: Color [id=null, color=green, agent=a20, type=no, time=2015-05-02 10:53:26.713, clock=9]
org notified sent color(a20,green,no,9).
org notification: Color [id=null, color=green, agent=a30, type=no, time=2015-05-02 10:53:26.868, clock=9]
org notified sent color(a30,green,no,9).
org notification: Color [id=null, color=green, agent=a40, type=no, time=2015-05-02 10:53:27.04, clock=9]
org notified sent color(a40,green,no,9).
object notification: Time [clock=10, time=null]
Event sent to object      a30 clock(10)
object notification: Time [clock=10, time=null]
Event sent to object      a10 clock(10)
object notification: Time [clock=10, time=null]
Event sent to object      a40 clock(10)
org notification: Time [clock=10, time=null]
org notified sent time(10).
Event processed UpdateClock(10)
Event processed UpdateClock(10)
Event processed UpdateClock(10)
object notification: Time [clock=11, time=null]
object notification: Time [clock=11, time=null]
Event sent to object      a30 clock(11)
Event sent to object      a10 clock(11)
object notification: Time [clock=11, time=null]
Event sent to object      a40 clock(11)
org notification: Time [clock=11, time=null]
org notified sent time(11).
Event processed UpdateClock(11)
Event processed UpdateClock(11)
Event processed UpdateClock(11)
setPhases in ClientGameStatus, the current phase is Communication Phase
setPhases in ClientGameStatus, the current phase is Communication Phase
setPhases in ClientGameStatus, the current phase is Communication Phase
Event processed @ctenv(functionToList(message(phasechange)),LIST,0); if B(LIST=[actionresult([TYPE,ID])]) then if B(TYPE=proposal) then {ReceivedMessage(TYPE, ID, open); adopta(received(TYPE, ID, closed) : Infinite, priority 1)} else if B(LIST=[actionresult([TYPE,ID,RESPONSE])]) then if B(TYPE=response) then ReceivedMessage(RESPONSE, ID) else if B(LIST=[actionresult([TYPE])]) then ReceivedEvent(TYPE) else if B(LIST=[actionresult([TYPE,AGENT,ID,RESPONSE])]) then if B(TYPE=proposal) then ReceivedProposal(AGENT, ID, RESPONSE)
Event processed @ctenv(functionToList(message(phasechange)),LIST,0); if B(LIST=[actionresult([TYPE,ID])]) then if B(TYPE=proposal) then {ReceivedMessage(TYPE, ID, open); adopta(received(TYPE, ID, closed) : Infinite, priority 1)} else if B(LIST=[actionresult([TYPE,ID,RESPONSE])]) then if B(TYPE=response) then ReceivedMessage(RESPONSE, ID) else if B(LIST=[actionresult([TYPE])]) then ReceivedEvent(TYPE) else if B(LIST=[actionresult([TYPE,AGENT,ID,RESPONSE])]) then if B(TYPE=proposal) then ReceivedProposal(AGENT, ID, RESPONSE)
Event processed @ctenv(functionToList(message(phasechange)),LIST,0); if B(LIST=[actionresult([TYPE,ID])]) then if B(TYPE=proposal) then {ReceivedMessage(TYPE, ID, open); adopta(received(TYPE, ID, closed) : Infinite, priority 1)} else if B(LIST=[actionresult([TYPE,ID,RESPONSE])]) then if B(TYPE=response) then ReceivedMessage(RESPONSE, ID) else if B(LIST=[actionresult([TYPE])]) then ReceivedEvent(TYPE) else if B(LIST=[actionresult([TYPE,AGENT,ID,RESPONSE])]) then if B(TYPE=proposal) then ReceivedProposal(AGENT, ID, RESPONSE)
[CTAH] Array of Terms: [Lapapl.data.Term;@792a4d51
[CTAH] The created APLList : [phasechange]
[CTAH] Array of Terms: [Lapapl.data.Term;@dd8eac2
[CTAH] The created APLList : [phasechange]
[CTAH] Array of Terms: [Lapapl.data.Term;@3ddd74a9
[CTAH] The created APLList : [phasechange]
object notification: Time [clock=12, time=null]
org notification: Time [clock=12, time=null]
Event sent to object      a10 clock(12)
org notified sent time(12).
object notification: Time [clock=12, time=null]
Event sent to object      a30 clock(12)
object notification: Time [clock=12, time=null]
Event sent to object      a40 clock(12)
Event processed UpdateClock(12)
Event processed UpdateClock(12)
Event processed UpdateClock(12)
org notification: Time [clock=13, time=null]
org notified sent time(13).
object notification: Time [clock=13, time=null]
object notification: Time [clock=13, time=null]
Event sent to object      a30 clock(13)
Event sent to object      a10 clock(13)
object notification: Time [clock=13, time=null]
Event sent to object      a40 clock(13)
Event processed UpdateClock(13)
Event processed UpdateClock(13)
Event processed UpdateClock(13)
setPhases in ClientGameStatus, the current phase is Movement Phase
setPhases in ClientGameStatus, the current phase is Movement Phase
setPhases in ClientGameStatus, the current phase is Movement Phase
Event processed @ctenv(functionToList(message(phasechange)),LIST,0); if B(LIST=[actionresult([TYPE,ID])]) then if B(TYPE=proposal) then {ReceivedMessage(TYPE, ID, open); adopta(received(TYPE, ID, closed) : Infinite, priority 1)} else if B(LIST=[actionresult([TYPE,ID,RESPONSE])]) then if B(TYPE=response) then ReceivedMessage(RESPONSE, ID) else if B(LIST=[actionresult([TYPE])]) then ReceivedEvent(TYPE) else if B(LIST=[actionresult([TYPE,AGENT,ID,RESPONSE])]) then if B(TYPE=proposal) then ReceivedProposal(AGENT, ID, RESPONSE)
Event processed @ctenv(functionToList(message(phasechange)),LIST,0); if B(LIST=[actionresult([TYPE,ID])]) then if B(TYPE=proposal) then {ReceivedMessage(TYPE, ID, open); adopta(received(TYPE, ID, closed) : Infinite, priority 1)} else if B(LIST=[actionresult([TYPE,ID,RESPONSE])]) then if B(TYPE=response) then ReceivedMessage(RESPONSE, ID) else if B(LIST=[actionresult([TYPE])]) then ReceivedEvent(TYPE) else if B(LIST=[actionresult([TYPE,AGENT,ID,RESPONSE])]) then if B(TYPE=proposal) then ReceivedProposal(AGENT, ID, RESPONSE)
[CTAH] Array of Terms: [Lapapl.data.Term;@5f4d8e6e
[CTAH] The created APLList : [phasechange]
[CTAH] Array of Terms: [Lapapl.data.Term;@4d0350b6
[CTAH] The created APLList : [phasechange]
Event processed @ctenv(functionToList(message(phasechange)),LIST,0); if B(LIST=[actionresult([TYPE,ID])]) then if B(TYPE=proposal) then {ReceivedMessage(TYPE, ID, open); adopta(received(TYPE, ID, closed) : Infinite, priority 1)} else if B(LIST=[actionresult([TYPE,ID,RESPONSE])]) then if B(TYPE=response) then ReceivedMessage(RESPONSE, ID) else if B(LIST=[actionresult([TYPE])]) then ReceivedEvent(TYPE) else if B(LIST=[actionresult([TYPE,AGENT,ID,RESPONSE])]) then if B(TYPE=proposal) then ReceivedProposal(AGENT, ID, RESPONSE)
[CTAH] Array of Terms: [Lapapl.data.Term;@405765fe
[CTAH] The created APLList : [phasechange]
object notification: Time [clock=14, time=null]
Event sent to object      a10 clock(14)
object notification: Time [clock=14, time=null]
Event sent to object      a30 clock(14)
object notification: Time [clock=14, time=null]
Event sent to object      a40 clock(14)
org notification: Time [clock=14, time=null]
org notified sent time(14).
Event processed UpdateClock(14)
Event processed UpdateClock(14)
Event processed UpdateClock(14)
object notification: Time [clock=15, time=null]
object notification: Time [clock=15, time=null]
org notification: Time [clock=15, time=null]
org notified sent time(15).
Event sent to object      a30 clock(15)
Event sent to object      a40 clock(15)
object notification: Time [clock=15, time=null]
Event sent to object      a10 clock(15)
Event processed UpdateClock(15)
Event processed UpdateClock(15)
Event processed UpdateClock(15)
setPhases in ClientGameStatus, the current phase is Feedback Phase
setPhases in ClientGameStatus, the current phase is Feedback Phase
setPhases in ClientGameStatus, the current phase is Feedback Phase
Event processed @ctenv(functionToList(message(phasechange)),LIST,0); if B(LIST=[actionresult([TYPE,ID])]) then if B(TYPE=proposal) then {ReceivedMessage(TYPE, ID, open); adopta(received(TYPE, ID, closed) : Infinite, priority 1)} else if B(LIST=[actionresult([TYPE,ID,RESPONSE])]) then if B(TYPE=response) then ReceivedMessage(RESPONSE, ID) else if B(LIST=[actionresult([TYPE])]) then ReceivedEvent(TYPE) else if B(LIST=[actionresult([TYPE,AGENT,ID,RESPONSE])]) then if B(TYPE=proposal) then ReceivedProposal(AGENT, ID, RESPONSE)
Event processed @ctenv(functionToList(message(phasechange)),LIST,0); if B(LIST=[actionresult([TYPE,ID])]) then if B(TYPE=proposal) then {ReceivedMessage(TYPE, ID, open); adopta(received(TYPE, ID, closed) : Infinite, priority 1)} else if B(LIST=[actionresult([TYPE,ID,RESPONSE])]) then if B(TYPE=response) then ReceivedMessage(RESPONSE, ID) else if B(LIST=[actionresult([TYPE])]) then ReceivedEvent(TYPE) else if B(LIST=[actionresult([TYPE,AGENT,ID,RESPONSE])]) then if B(TYPE=proposal) then ReceivedProposal(AGENT, ID, RESPONSE)
Event processed @ctenv(functionToList(message(phasechange)),LIST,0); if B(LIST=[actionresult([TYPE,ID])]) then if B(TYPE=proposal) then {ReceivedMessage(TYPE, ID, open); adopta(received(TYPE, ID, closed) : Infinite, priority 1)} else if B(LIST=[actionresult([TYPE,ID,RESPONSE])]) then if B(TYPE=response) then ReceivedMessage(RESPONSE, ID) else if B(LIST=[actionresult([TYPE])]) then ReceivedEvent(TYPE) else if B(LIST=[actionresult([TYPE,AGENT,ID,RESPONSE])]) then if B(TYPE=proposal) then ReceivedProposal(AGENT, ID, RESPONSE)
[CTAH] Array of Terms: [Lapapl.data.Term;@e7fd4d4
[CTAH] The created APLList : [phasechange]
[CTAH] Array of Terms: [Lapapl.data.Term;@3673d105
[CTAH] The created APLList : [phasechange]
[CTAH] Array of Terms: [Lapapl.data.Term;@282f8950
[CTAH] The created APLList : [phasechange]
setPhases in ClientGameStatus, the current phase is Norm Phase
setPhases in ClientGameStatus, the current phase is Norm Phase
setPhases in ClientGameStatus, the current phase is Norm Phase
org notification: Tile [id=null, cell=Cell [x=0, y=0], subject=green, time=2015-05-02 10:54:25.604, clock=15]
org notified sent tile(cell(0,0),green,15).
object notification: Tile [id=null, cell=Cell [x=0, y=0], subject=green, time=2015-05-02 10:54:25.604, clock=15]
object notification: Tile [id=null, cell=Cell [x=0, y=0], subject=green, time=2015-05-02 10:54:25.604, clock=15]
object notification: Tile [id=null, cell=Cell [x=0, y=0], subject=green, time=2015-05-02 10:54:25.604, clock=15]
org notification: Tile [id=null, cell=Cell [x=0, y=1], subject=green, time=2015-05-02 10:54:25.607, clock=15]
org notified sent tile(cell(0,1),green,15).
object notification: Tile [id=null, cell=Cell [x=0, y=1], subject=green, time=2015-05-02 10:54:25.607, clock=15]
object notification: Tile [id=null, cell=Cell [x=0, y=1], subject=green, time=2015-05-02 10:54:25.607, clock=15]
object notification: Tile [id=null, cell=Cell [x=0, y=1], subject=green, time=2015-05-02 10:54:25.607, clock=15]
org notification: Tile [id=null, cell=Cell [x=0, y=2], subject=green, time=2015-05-02 10:54:25.612, clock=15]
org notified sent tile(cell(0,2),green,15).
object notification: Tile [id=null, cell=Cell [x=0, y=2], subject=green, time=2015-05-02 10:54:25.612, clock=15]
object notification: Tile [id=null, cell=Cell [x=0, y=2], subject=green, time=2015-05-02 10:54:25.612, clock=15]
object notification: Tile [id=null, cell=Cell [x=0, y=2], subject=green, time=2015-05-02 10:54:25.612, clock=15]
object notification: Tile [id=null, cell=Cell [x=0, y=3], subject=green, time=2015-05-02 10:54:25.618, clock=15]
object notification: Tile [id=null, cell=Cell [x=0, y=3], subject=green, time=2015-05-02 10:54:25.618, clock=15]
object notification: Tile [id=null, cell=Cell [x=0, y=3], subject=green, time=2015-05-02 10:54:25.618, clock=15]
org notification: Tile [id=null, cell=Cell [x=0, y=3], subject=green, time=2015-05-02 10:54:25.618, clock=15]
org notified sent tile(cell(0,3),green,15).
object notification: Tile [id=null, cell=Cell [x=0, y=4], subject=green, time=2015-05-02 10:54:25.621, clock=15]
object notification: Tile [id=null, cell=Cell [x=0, y=4], subject=green, time=2015-05-02 10:54:25.621, clock=15]
object notification: Tile [id=null, cell=Cell [x=0, y=4], subject=green, time=2015-05-02 10:54:25.621, clock=15]
object notification: Tile [id=null, cell=Cell [x=1, y=0], subject=green, time=2015-05-02 10:54:25.626, clock=15]
object notification: Tile [id=null, cell=Cell [x=1, y=0], subject=green, time=2015-05-02 10:54:25.626, clock=15]
object notification: Tile [id=null, cell=Cell [x=1, y=0], subject=green, time=2015-05-02 10:54:25.626, clock=15]
object notification: Tile [id=null, cell=Cell [x=1, y=1], subject=green, time=2015-05-02 10:54:25.632, clock=15]
object notification: Tile [id=null, cell=Cell [x=1, y=1], subject=green, time=2015-05-02 10:54:25.632, clock=15]
object notification: Tile [id=null, cell=Cell [x=1, y=1], subject=green, time=2015-05-02 10:54:25.632, clock=15]
object notification: Tile [id=null, cell=Cell [x=1, y=2], subject=green, time=2015-05-02 10:54:25.636, clock=15]
object notification: Tile [id=null, cell=Cell [x=1, y=2], subject=green, time=2015-05-02 10:54:25.636, clock=15]
object notification: Tile [id=null, cell=Cell [x=1, y=2], subject=green, time=2015-05-02 10:54:25.636, clock=15]
object notification: Tile [id=null, cell=Cell [x=1, y=3], subject=green, time=2015-05-02 10:54:25.64, clock=15]
object notification: Tile [id=null, cell=Cell [x=1, y=3], subject=green, time=2015-05-02 10:54:25.64, clock=15]
object notification: Tile [id=null, cell=Cell [x=1, y=3], subject=green, time=2015-05-02 10:54:25.64, clock=15]
org notification: Tile [id=null, cell=Cell [x=0, y=4], subject=green, time=2015-05-02 10:54:25.621, clock=15]
org notified sent tile(cell(0,4),green,15).
object notification: Tile [id=null, cell=Cell [x=1, y=4], subject=green, time=2015-05-02 10:54:25.643, clock=15]
object notification: Tile [id=null, cell=Cell [x=1, y=4], subject=green, time=2015-05-02 10:54:25.643, clock=15]
object notification: Tile [id=null, cell=Cell [x=1, y=4], subject=green, time=2015-05-02 10:54:25.643, clock=15]
object notification: Tile [id=null, cell=Cell [x=2, y=0], subject=green, time=2015-05-02 10:54:25.646, clock=15]
object notification: Tile [id=null, cell=Cell [x=2, y=0], subject=green, time=2015-05-02 10:54:25.646, clock=15]
object notification: Tile [id=null, cell=Cell [x=2, y=0], subject=green, time=2015-05-02 10:54:25.646, clock=15]
object notification: Tile [id=null, cell=Cell [x=2, y=1], subject=green, time=2015-05-02 10:54:25.651, clock=15]
object notification: Tile [id=null, cell=Cell [x=2, y=1], subject=green, time=2015-05-02 10:54:25.651, clock=15]
object notification: Tile [id=null, cell=Cell [x=2, y=1], subject=green, time=2015-05-02 10:54:25.651, clock=15]
object notification: Tile [id=null, cell=Cell [x=2, y=2], subject=green, time=2015-05-02 10:54:25.654, clock=15]
object notification: Tile [id=null, cell=Cell [x=2, y=2], subject=green, time=2015-05-02 10:54:25.654, clock=15]
object notification: Tile [id=null, cell=Cell [x=2, y=2], subject=green, time=2015-05-02 10:54:25.654, clock=15]
object notification: Tile [id=null, cell=Cell [x=2, y=3], subject=green, time=2015-05-02 10:54:25.656, clock=15]
object notification: Tile [id=null, cell=Cell [x=2, y=3], subject=green, time=2015-05-02 10:54:25.656, clock=15]
object notification: Tile [id=null, cell=Cell [x=2, y=3], subject=green, time=2015-05-02 10:54:25.656, clock=15]
object notification: Tile [id=null, cell=Cell [x=2, y=4], subject=green, time=2015-05-02 10:54:25.663, clock=15]
object notification: Tile [id=null, cell=Cell [x=2, y=4], subject=green, time=2015-05-02 10:54:25.663, clock=15]
object notification: Tile [id=null, cell=Cell [x=2, y=4], subject=green, time=2015-05-02 10:54:25.663, clock=15]
object notification: Tile [id=null, cell=Cell [x=3, y=0], subject=green, time=2015-05-02 10:54:25.667, clock=15]
object notification: Tile [id=null, cell=Cell [x=3, y=0], subject=green, time=2015-05-02 10:54:25.667, clock=15]
object notification: Tile [id=null, cell=Cell [x=3, y=0], subject=green, time=2015-05-02 10:54:25.667, clock=15]
org notification: Tile [id=null, cell=Cell [x=1, y=0], subject=green, time=2015-05-02 10:54:25.626, clock=15]
org notified sent tile(cell(1,0),green,15).
object notification: Tile [id=null, cell=Cell [x=3, y=1], subject=green, time=2015-05-02 10:54:25.67, clock=15]
object notification: Tile [id=null, cell=Cell [x=3, y=1], subject=green, time=2015-05-02 10:54:25.67, clock=15]
object notification: Tile [id=null, cell=Cell [x=3, y=1], subject=green, time=2015-05-02 10:54:25.67, clock=15]
object notification: Tile [id=null, cell=Cell [x=3, y=2], subject=green, time=2015-05-02 10:54:25.673, clock=15]
object notification: Tile [id=null, cell=Cell [x=3, y=2], subject=green, time=2015-05-02 10:54:25.673, clock=15]
object notification: Tile [id=null, cell=Cell [x=3, y=2], subject=green, time=2015-05-02 10:54:25.673, clock=15]
object notification: Tile [id=null, cell=Cell [x=3, y=3], subject=green, time=2015-05-02 10:54:25.675, clock=15]
object notification: Tile [id=null, cell=Cell [x=3, y=3], subject=green, time=2015-05-02 10:54:25.675, clock=15]
object notification: Tile [id=null, cell=Cell [x=3, y=3], subject=green, time=2015-05-02 10:54:25.675, clock=15]
object notification: Tile [id=null, cell=Cell [x=3, y=4], subject=green, time=2015-05-02 10:54:25.679, clock=15]
object notification: Tile [id=null, cell=Cell [x=3, y=4], subject=green, time=2015-05-02 10:54:25.679, clock=15]
object notification: Tile [id=null, cell=Cell [x=3, y=4], subject=green, time=2015-05-02 10:54:25.679, clock=15]
object notification: Tile [id=null, cell=Cell [x=4, y=0], subject=green, time=2015-05-02 10:54:25.682, clock=15]
object notification: Tile [id=null, cell=Cell [x=4, y=0], subject=green, time=2015-05-02 10:54:25.682, clock=15]
object notification: Tile [id=null, cell=Cell [x=4, y=0], subject=green, time=2015-05-02 10:54:25.682, clock=15]
org notification: Tile [id=null, cell=Cell [x=1, y=1], subject=green, time=2015-05-02 10:54:25.632, clock=15]
org notified sent tile(cell(1,1),green,15).
object notification: Tile [id=null, cell=Cell [x=4, y=1], subject=green, time=2015-05-02 10:54:25.685, clock=15]
object notification: Tile [id=null, cell=Cell [x=4, y=1], subject=green, time=2015-05-02 10:54:25.685, clock=15]
object notification: Tile [id=null, cell=Cell [x=4, y=1], subject=green, time=2015-05-02 10:54:25.685, clock=15]
object notification: Tile [id=null, cell=Cell [x=4, y=2], subject=green, time=2015-05-02 10:54:25.689, clock=15]
org notification: Tile [id=null, cell=Cell [x=1, y=2], subject=green, time=2015-05-02 10:54:25.636, clock=15]
org notified sent tile(cell(1,2),green,15).
object notification: Tile [id=null, cell=Cell [x=4, y=2], subject=green, time=2015-05-02 10:54:25.689, clock=15]
object notification: Tile [id=null, cell=Cell [x=4, y=2], subject=green, time=2015-05-02 10:54:25.689, clock=15]
object notification: Tile [id=null, cell=Cell [x=4, y=3], subject=green, time=2015-05-02 10:54:25.692, clock=15]
object notification: Tile [id=null, cell=Cell [x=4, y=3], subject=green, time=2015-05-02 10:54:25.692, clock=15]
object notification: Tile [id=null, cell=Cell [x=4, y=3], subject=green, time=2015-05-02 10:54:25.692, clock=15]
org notification: Tile [id=null, cell=Cell [x=1, y=3], subject=green, time=2015-05-02 10:54:25.64, clock=15]
org notified sent tile(cell(1,3),green,15).
org notification: Tile [id=null, cell=Cell [x=1, y=4], subject=green, time=2015-05-02 10:54:25.643, clock=15]
org notified sent tile(cell(1,4),green,15).
object notification: Tile [id=null, cell=Cell [x=4, y=4], subject=green, time=2015-05-02 10:54:25.696, clock=15]
object notification: Tile [id=null, cell=Cell [x=4, y=4], subject=green, time=2015-05-02 10:54:25.696, clock=15]
org notification: Goal [id=null, cell=Cell [x=2, y=2], agent=null, time=2015-05-02 10:54:25.706, clock=15]
org notified sent goal(cell(2,2),null,15).
object notification: Tile [id=null, cell=Cell [x=4, y=4], subject=green, time=2015-05-02 10:54:25.696, clock=15]
org notification: Tile [id=null, cell=Cell [x=2, y=0], subject=green, time=2015-05-02 10:54:25.646, clock=15]
org notified sent tile(cell(2,0),green,15).
Organization notifies object (write): Obligation [subject=a10, obligation=[surround(2, 2)], sanction=[reduce(g, 500)], deadline=16, time=2015-05-02 10:54:25.723, clock=15]
Organization notifies object (write): Obligation [subject=a10, obligation=[at(2, 1, agent)], sanction=[reduce(a10, 500)], deadline=16, time=2015-05-02 10:54:25.725, clock=15]
object notification: Obligation [subject=a10, obligation=[surround(2, 2)], sanction=[reduce(g, 500)], deadline=16, time=2015-05-02 10:54:25.723, clock=15]
Event sent to object      a10 obligation([surround(2, 2)], 16, [reduce(g, 500)])
Event processed @ctenv(functionToList(message(phasechange)),LIST,0); if B(LIST=[actionresult([TYPE,ID])]) then if B(TYPE=proposal) then {ReceivedMessage(TYPE, ID, open); adopta(received(TYPE, ID, closed) : Infinite, priority 1)} else if B(LIST=[actionresult([TYPE,ID,RESPONSE])]) then if B(TYPE=response) then ReceivedMessage(RESPONSE, ID) else if B(LIST=[actionresult([TYPE])]) then ReceivedEvent(TYPE) else if B(LIST=[actionresult([TYPE,AGENT,ID,RESPONSE])]) then if B(TYPE=proposal) then ReceivedProposal(AGENT, ID, RESPONSE)
Organization notifies object (write): Obligation [subject=a20, obligation=[at(1, 2, agent)], sanction=[reduce(a20, 500)], deadline=16, time=2015-05-02 10:54:25.727, clock=15]
Event processed adoptObligation(surround(2, 2), 16, reduce(g, 500))
object notification: Obligation [subject=a10, obligation=[at(2, 1, agent)], sanction=[reduce(a10, 500)], deadline=16, time=2015-05-02 10:54:25.725, clock=15]
Event sent to object      a10 obligation([at(2, 1, agent)], 16, [reduce(a10, 500)])
Organization notifies object (write): Obligation [subject=a30, obligation=[at(3, 2, agent)], sanction=[reduce(a30, 500)], deadline=16, time=2015-05-02 10:54:25.73, clock=15]
Organization notifies object (write): Obligation [subject=a40, obligation=[at(2, 3, agent)], sanction=[reduce(a40, 500)], deadline=16, time=2015-05-02 10:54:25.732, clock=15]
object notification: Obligation [subject=a30, obligation=[at(3, 2, agent)], sanction=[reduce(a30, 500)], deadline=16, time=2015-05-02 10:54:25.73, clock=15]
Event sent to object      a30 obligation([at(3, 2, agent)], 16, [reduce(a30, 500)])
Event processed @ctenv(functionToList(message(phasechange)),LIST,0); if B(LIST=[actionresult([TYPE,ID])]) then if B(TYPE=proposal) then {ReceivedMessage(TYPE, ID, open); adopta(received(TYPE, ID, closed) : Infinite, priority 1)} else if B(LIST=[actionresult([TYPE,ID,RESPONSE])]) then if B(TYPE=response) then ReceivedMessage(RESPONSE, ID) else if B(LIST=[actionresult([TYPE])]) then ReceivedEvent(TYPE) else if B(LIST=[actionresult([TYPE,AGENT,ID,RESPONSE])]) then if B(TYPE=proposal) then ReceivedProposal(AGENT, ID, RESPONSE)
object notification: Obligation [subject=a40, obligation=[at(2, 3, agent)], sanction=[reduce(a40, 500)], deadline=16, time=2015-05-02 10:54:25.732, clock=15]
Event sent to object      a40 obligation([at(2, 3, agent)], 16, [reduce(a40, 500)])
Event processed adoptObligation(at(3, 2, agent), 16, reduce(a30, 500))
org notification: Tile [id=null, cell=Cell [x=2, y=1], subject=green, time=2015-05-02 10:54:25.651, clock=15]
org notified sent tile(cell(2,1),green,15).
org notification: Tile [id=null, cell=Cell [x=2, y=2], subject=green, time=2015-05-02 10:54:25.654, clock=15]
org notified sent tile(cell(2,2),green,15).
org notification: Tile [id=null, cell=Cell [x=2, y=3], subject=green, time=2015-05-02 10:54:25.656, clock=15]
org notified sent tile(cell(2,3),green,15).
org notification: Tile [id=null, cell=Cell [x=2, y=4], subject=green, time=2015-05-02 10:54:25.663, clock=15]
org notified sent tile(cell(2,4),green,15).
org notification: Tile [id=null, cell=Cell [x=3, y=0], subject=green, time=2015-05-02 10:54:25.667, clock=15]
org notified sent tile(cell(3,0),green,15).
org notification: Tile [id=null, cell=Cell [x=3, y=1], subject=green, time=2015-05-02 10:54:25.67, clock=15]
org notified sent tile(cell(3,1),green,15).
Event processed @ctenv(functionToList(message(phasechange)),LIST,0); if B(LIST=[actionresult([TYPE,ID])]) then if B(TYPE=proposal) then {ReceivedMessage(TYPE, ID, open); adopta(received(TYPE, ID, closed) : Infinite, priority 1)} else if B(LIST=[actionresult([TYPE,ID,RESPONSE])]) then if B(TYPE=response) then ReceivedMessage(RESPONSE, ID) else if B(LIST=[actionresult([TYPE])]) then ReceivedEvent(TYPE) else if B(LIST=[actionresult([TYPE,AGENT,ID,RESPONSE])]) then if B(TYPE=proposal) then ReceivedProposal(AGENT, ID, RESPONSE)
Event processed adoptObligation(at(2, 3, agent), 16, reduce(a40, 500))
org notification: Tile [id=null, cell=Cell [x=3, y=2], subject=green, time=2015-05-02 10:54:25.673, clock=15]
org notified sent tile(cell(3,2),green,15).
org notification: Tile [id=null, cell=Cell [x=3, y=3], subject=green, time=2015-05-02 10:54:25.675, clock=15]
org notified sent tile(cell(3,3),green,15).
org notification: Tile [id=null, cell=Cell [x=3, y=4], subject=green, time=2015-05-02 10:54:25.679, clock=15]
org notified sent tile(cell(3,4),green,15).
org notification: Tile [id=null, cell=Cell [x=4, y=0], subject=green, time=2015-05-02 10:54:25.682, clock=15]
org notified sent tile(cell(4,0),green,15).
org notification: Tile [id=null, cell=Cell [x=4, y=1], subject=green, time=2015-05-02 10:54:25.685, clock=15]
org notified sent tile(cell(4,1),green,15).
org notification: Tile [id=null, cell=Cell [x=4, y=2], subject=green, time=2015-05-02 10:54:25.689, clock=15]
org notified sent tile(cell(4,2),green,15).
org notification: Tile [id=null, cell=Cell [x=4, y=3], subject=green, time=2015-05-02 10:54:25.692, clock=15]
org notified sent tile(cell(4,3),green,15).
org notification: Tile [id=null, cell=Cell [x=4, y=4], subject=green, time=2015-05-02 10:54:25.696, clock=15]
org notified sent tile(cell(4,4),green,15).
[CTAH] Array of Terms: [Lapapl.data.Term;@430bb98c
[CTAH] The created APLList : [phasechange]
[CTAH] Array of Terms: [Lapapl.data.Term;@7e4c55c
[CTAH] The created APLList : [phasechange]
[CTAH] Array of Terms: [Lapapl.data.Term;@4c543217
[CTAH] The created APLList : [phasechange]
Event processed adoptObligation(at(2, 1, agent), 16, reduce(a10, 500))
agent writes: SetGoal [id=null, agent=a10, cell=Cell [x=2, y=1], goal=Cell [x=2, y=2], clock=15, time=2015-05-02 10:54:26.308]
org notification: SetGoal [id=null, agent=a10, cell=Cell [x=2, y=1], goal=Cell [x=2, y=2], clock=15, time=2015-05-02 10:54:26.308]
org notified sent setGoal(a10,2,1,2,2,15).
agent writes: SetGoal [id=null, agent=a20, cell=Cell [x=1, y=2], goal=Cell [x=2, y=2], clock=15, time=2015-05-02 10:54:26.414]
org notification: SetGoal [id=null, agent=a20, cell=Cell [x=1, y=2], goal=Cell [x=2, y=2], clock=15, time=2015-05-02 10:54:26.414]
org notified sent setGoal(a20,1,2,2,2,15).
agent writes: SetGoal [id=null, agent=a30, cell=Cell [x=3, y=2], goal=Cell [x=2, y=2], clock=15, time=2015-05-02 10:54:26.526]
org notification: SetGoal [id=null, agent=a30, cell=Cell [x=3, y=2], goal=Cell [x=2, y=2], clock=15, time=2015-05-02 10:54:26.526]
org notified sent setGoal(a30,3,2,2,2,15).
agent writes: SetGoal [id=null, agent=a40, cell=Cell [x=2, y=3], goal=Cell [x=2, y=2], clock=15, time=2015-05-02 10:54:26.628]
org notification: SetGoal [id=null, agent=a40, cell=Cell [x=2, y=3], goal=Cell [x=2, y=2], clock=15, time=2015-05-02 10:54:26.628]
org notified sent setGoal(a40,2,3,2,2,15).
agent writes: Color [id=null, color=green, agent=a10, type=yes, time=2015-05-02 10:54:26.76, clock=15]
org notification: Color [id=null, color=green, agent=a10, type=yes, time=2015-05-02 10:54:26.76, clock=15]
org notified sent color(a10,green,yes,15).
agent writes: Color [id=null, color=green, agent=a20, type=yes, time=2015-05-02 10:54:26.895, clock=15]
org notification: Color [id=null, color=green, agent=a20, type=yes, time=2015-05-02 10:54:26.895, clock=15]
org notified sent color(a20,green,yes,15).
agent writes: Color [id=null, color=green, agent=a30, type=yes, time=2015-05-02 10:54:27.031, clock=15]
org notification: Color [id=null, color=green, agent=a30, type=yes, time=2015-05-02 10:54:27.031, clock=15]
org notified sent color(a30,green,yes,15).
agent writes: Color [id=null, color=green, agent=a40, type=yes, time=2015-05-02 10:54:27.143, clock=15]
org notification: Color [id=null, color=green, agent=a40, type=yes, time=2015-05-02 10:54:27.143, clock=15]
org notified sent color(a40,green,yes,15).
agent writes: Color [id=null, color=green, agent=a10, type=no, time=2015-05-02 10:54:27.252, clock=15]
org notification: Color [id=null, color=green, agent=a10, type=no, time=2015-05-02 10:54:27.252, clock=15]
org notified sent color(a10,green,no,15).
agent writes: Color [id=null, color=green, agent=a20, type=no, time=2015-05-02 10:54:27.356, clock=15]
org notification: Color [id=null, color=green, agent=a20, type=no, time=2015-05-02 10:54:27.356, clock=15]
org notified sent color(a20,green,no,15).
agent writes: Color [id=null, color=green, agent=a30, type=no, time=2015-05-02 10:54:27.46, clock=15]
org notification: Color [id=null, color=green, agent=a30, type=no, time=2015-05-02 10:54:27.46, clock=15]
org notified sent color(a30,green,no,15).
agent writes: Color [id=null, color=green, agent=a40, type=no, time=2015-05-02 10:54:27.565, clock=15]
org notification: Color [id=null, color=green, agent=a40, type=no, time=2015-05-02 10:54:27.565, clock=15]
org notified sent color(a40,green,no,15).
object notification: Time [clock=16, time=null]
object notification: Time [clock=16, time=null]
Event sent to object      a10 clock(16)
Event sent to object      a30 clock(16)
org notification: Time [clock=16, time=null]
org notified sent time(16).
object notification: Time [clock=16, time=null]
Event sent to object      a40 clock(16)
Event processed UpdateClock(16)
Event processed UpdateClock(16)
Event processed UpdateClock(16)
object notification: Time [clock=17, time=null]
Event sent to object      a10 clock(17)
object notification: Time [clock=17, time=null]
Event sent to object      a30 clock(17)
org notification: Time [clock=17, time=null]
org notified sent time(17).
object notification: Time [clock=17, time=null]
Event sent to object      a40 clock(17)
Event processed UpdateClock(17)
Event processed UpdateClock(17)
Event processed UpdateClock(17)
setPhases in ClientGameStatus, the current phase is Communication Phase
setPhases in ClientGameStatus, the current phase is Communication Phase
setPhases in ClientGameStatus, the current phase is Communication Phase
Event processed @ctenv(functionToList(message(phasechange)),LIST,0); if B(LIST=[actionresult([TYPE,ID])]) then if B(TYPE=proposal) then {ReceivedMessage(TYPE, ID, open); adopta(received(TYPE, ID, closed) : Infinite, priority 1)} else if B(LIST=[actionresult([TYPE,ID,RESPONSE])]) then if B(TYPE=response) then ReceivedMessage(RESPONSE, ID) else if B(LIST=[actionresult([TYPE])]) then ReceivedEvent(TYPE) else if B(LIST=[actionresult([TYPE,AGENT,ID,RESPONSE])]) then if B(TYPE=proposal) then ReceivedProposal(AGENT, ID, RESPONSE)
Event processed @ctenv(functionToList(message(phasechange)),LIST,0); if B(LIST=[actionresult([TYPE,ID])]) then if B(TYPE=proposal) then {ReceivedMessage(TYPE, ID, open); adopta(received(TYPE, ID, closed) : Infinite, priority 1)} else if B(LIST=[actionresult([TYPE,ID,RESPONSE])]) then if B(TYPE=response) then ReceivedMessage(RESPONSE, ID) else if B(LIST=[actionresult([TYPE])]) then ReceivedEvent(TYPE) else if B(LIST=[actionresult([TYPE,AGENT,ID,RESPONSE])]) then if B(TYPE=proposal) then ReceivedProposal(AGENT, ID, RESPONSE)
Event processed @ctenv(functionToList(message(phasechange)),LIST,0); if B(LIST=[actionresult([TYPE,ID])]) then if B(TYPE=proposal) then {ReceivedMessage(TYPE, ID, open); adopta(received(TYPE, ID, closed) : Infinite, priority 1)} else if B(LIST=[actionresult([TYPE,ID,RESPONSE])]) then if B(TYPE=response) then ReceivedMessage(RESPONSE, ID) else if B(LIST=[actionresult([TYPE])]) then ReceivedEvent(TYPE) else if B(LIST=[actionresult([TYPE,AGENT,ID,RESPONSE])]) then if B(TYPE=proposal) then ReceivedProposal(AGENT, ID, RESPONSE)
[CTAH] Array of Terms: [Lapapl.data.Term;@3bac34a7
[CTAH] The created APLList : [phasechange]
[CTAH] Array of Terms: [Lapapl.data.Term;@7a74cda5
[CTAH] The created APLList : [phasechange]
[CTAH] Array of Terms: [Lapapl.data.Term;@741763b0
[CTAH] The created APLList : [phasechange]
object notification: Time [clock=18, time=null]
object notification: Time [clock=18, time=null]
Event sent to object      a10 clock(18)
object notification: Time [clock=18, time=null]
Event sent to object      a40 clock(18)
Event sent to object      a30 clock(18)
org notification: Time [clock=18, time=null]
org notified sent time(18).
Event processed UpdateClock(18)
Event processed UpdateClock(18)
Event processed UpdateClock(18)
object notification: Time [clock=19, time=null]
Event sent to object      a30 clock(19)
object notification: Time [clock=19, time=null]
object notification: Time [clock=19, time=null]
Event sent to object      a10 clock(19)
Event sent to object      a40 clock(19)
org notification: Time [clock=19, time=null]
org notified sent time(19).
Event processed UpdateClock(19)
Event processed UpdateClock(19)
Event processed UpdateClock(19)
setPhases in ClientGameStatus, the current phase is Movement Phase
setPhases in ClientGameStatus, the current phase is Movement Phase
setPhases in ClientGameStatus, the current phase is Movement Phase
Event processed @ctenv(functionToList(message(phasechange)),LIST,0); if B(LIST=[actionresult([TYPE,ID])]) then if B(TYPE=proposal) then {ReceivedMessage(TYPE, ID, open); adopta(received(TYPE, ID, closed) : Infinite, priority 1)} else if B(LIST=[actionresult([TYPE,ID,RESPONSE])]) then if B(TYPE=response) then ReceivedMessage(RESPONSE, ID) else if B(LIST=[actionresult([TYPE])]) then ReceivedEvent(TYPE) else if B(LIST=[actionresult([TYPE,AGENT,ID,RESPONSE])]) then if B(TYPE=proposal) then ReceivedProposal(AGENT, ID, RESPONSE)
Event processed @ctenv(functionToList(message(phasechange)),LIST,0); if B(LIST=[actionresult([TYPE,ID])]) then if B(TYPE=proposal) then {ReceivedMessage(TYPE, ID, open); adopta(received(TYPE, ID, closed) : Infinite, priority 1)} else if B(LIST=[actionresult([TYPE,ID,RESPONSE])]) then if B(TYPE=response) then ReceivedMessage(RESPONSE, ID) else if B(LIST=[actionresult([TYPE])]) then ReceivedEvent(TYPE) else if B(LIST=[actionresult([TYPE,AGENT,ID,RESPONSE])]) then if B(TYPE=proposal) then ReceivedProposal(AGENT, ID, RESPONSE)
Event processed @ctenv(functionToList(message(phasechange)),LIST,0); if B(LIST=[actionresult([TYPE,ID])]) then if B(TYPE=proposal) then {ReceivedMessage(TYPE, ID, open); adopta(received(TYPE, ID, closed) : Infinite, priority 1)} else if B(LIST=[actionresult([TYPE,ID,RESPONSE])]) then if B(TYPE=response) then ReceivedMessage(RESPONSE, ID) else if B(LIST=[actionresult([TYPE])]) then ReceivedEvent(TYPE) else if B(LIST=[actionresult([TYPE,AGENT,ID,RESPONSE])]) then if B(TYPE=proposal) then ReceivedProposal(AGENT, ID, RESPONSE)
[CTAH] Array of Terms: [Lapapl.data.Term;@2af46f76
[CTAH] The created APLList : [phasechange]
[CTAH] Array of Terms: [Lapapl.data.Term;@579d8aaf
[CTAH] The created APLList : [phasechange]
[CTAH] Array of Terms: [Lapapl.data.Term;@51a90313
[CTAH] The created APLList : [phasechange]
object notification: Time [clock=20, time=null]
object notification: Time [clock=20, time=null]
Event sent to object      a30 clock(20)
object notification: Time [clock=20, time=null]
Event sent to object      a40 clock(20)
Event sent to object      a10 clock(20)
org notification: Time [clock=20, time=null]
org notified sent time(20).
Event processed UpdateClock(20)
Event processed UpdateClock(20)
Event processed UpdateClock(20)
object notification: Time [clock=21, time=null]
object notification: Time [clock=21, time=null]
Event sent to object      a10 clock(21)
Event sent to object      a30 clock(21)
object notification: Time [clock=21, time=null]
Event sent to object      a40 clock(21)
org notification: Time [clock=21, time=null]
org notified sent time(21).
Event processed UpdateClock(21)
Event processed UpdateClock(21)
Event processed UpdateClock(21)
setPhases in ClientGameStatus, the current phase is Feedback Phase
setPhases in ClientGameStatus, the current phase is Feedback Phase
setPhases in ClientGameStatus, the current phase is Feedback Phase
Event processed @ctenv(functionToList(message(phasechange)),LIST,0); if B(LIST=[actionresult([TYPE,ID])]) then if B(TYPE=proposal) then {ReceivedMessage(TYPE, ID, open); adopta(received(TYPE, ID, closed) : Infinite, priority 1)} else if B(LIST=[actionresult([TYPE,ID,RESPONSE])]) then if B(TYPE=response) then ReceivedMessage(RESPONSE, ID) else if B(LIST=[actionresult([TYPE])]) then ReceivedEvent(TYPE) else if B(LIST=[actionresult([TYPE,AGENT,ID,RESPONSE])]) then if B(TYPE=proposal) then ReceivedProposal(AGENT, ID, RESPONSE)
[CTAH] Array of Terms: [Lapapl.data.Term;@3eea4072
[CTAH] The created APLList : [phasechange]
Event processed @ctenv(functionToList(message(phasechange)),LIST,0); if B(LIST=[actionresult([TYPE,ID])]) then if B(TYPE=proposal) then {ReceivedMessage(TYPE, ID, open); adopta(received(TYPE, ID, closed) : Infinite, priority 1)} else if B(LIST=[actionresult([TYPE,ID,RESPONSE])]) then if B(TYPE=response) then ReceivedMessage(RESPONSE, ID) else if B(LIST=[actionresult([TYPE])]) then ReceivedEvent(TYPE) else if B(LIST=[actionresult([TYPE,AGENT,ID,RESPONSE])]) then if B(TYPE=proposal) then ReceivedProposal(AGENT, ID, RESPONSE)
Event processed @ctenv(functionToList(message(phasechange)),LIST,0); if B(LIST=[actionresult([TYPE,ID])]) then if B(TYPE=proposal) then {ReceivedMessage(TYPE, ID, open); adopta(received(TYPE, ID, closed) : Infinite, priority 1)} else if B(LIST=[actionresult([TYPE,ID,RESPONSE])]) then if B(TYPE=response) then ReceivedMessage(RESPONSE, ID) else if B(LIST=[actionresult([TYPE])]) then ReceivedEvent(TYPE) else if B(LIST=[actionresult([TYPE,AGENT,ID,RESPONSE])]) then if B(TYPE=proposal) then ReceivedProposal(AGENT, ID, RESPONSE)
[CTAH] Array of Terms: [Lapapl.data.Term;@39023f25
[CTAH] The created APLList : [phasechange]
[CTAH] Array of Terms: [Lapapl.data.Term;@3c1b4a7c
[CTAH] The created APLList : [phasechange]
(((((((((((((((((Game ended)))))))))))
Game ended 
My PlayerStatus is: Game Player...
PerGameId: 2.
PIN: 30.
Pos: (R:-1,C:-1).
Chips: { chips  }.
Score: -60.
Team: -1.

(((((((((((((((((Game ended)))))))))))
(((((((((((((((((Game ended)))))))))))
Game ended 
Game ended 
My PlayerStatus is: Game Player...
PerGameId: 0.
PIN: 10.
Pos: (R:-1,C:-1).
Chips: { chips  }.
Score: -60.
Team: -1.

My PlayerStatus is: Game Player...
PerGameId: 3.
PIN: 40.
Pos: (R:-1,C:-1).
Chips: { chips  }.
Score: -60.
Team: -1.

Event processed @ctenv(functionToList(message(game_ended)),LIST,0); if B(LIST=[actionresult([TYPE,ID])]) then if B(TYPE=proposal) then {ReceivedMessage(TYPE, ID, open); adopta(received(TYPE, ID, closed) : Infinite, priority 1)} else if B(LIST=[actionresult([TYPE,ID,RESPONSE])]) then if B(TYPE=response) then ReceivedMessage(RESPONSE, ID) else if B(LIST=[actionresult([TYPE])]) then ReceivedEvent(TYPE) else if B(LIST=[actionresult([TYPE,AGENT,ID,RESPONSE])]) then if B(TYPE=proposal) then ReceivedProposal(AGENT, ID, RESPONSE)
Event processed @ctenv(functionToList(message(game_ended)),LIST,0); if B(LIST=[actionresult([TYPE,ID])]) then if B(TYPE=proposal) then {ReceivedMessage(TYPE, ID, open); adopta(received(TYPE, ID, closed) : Infinite, priority 1)} else if B(LIST=[actionresult([TYPE,ID,RESPONSE])]) then if B(TYPE=response) then ReceivedMessage(RESPONSE, ID) else if B(LIST=[actionresult([TYPE])]) then ReceivedEvent(TYPE) else if B(LIST=[actionresult([TYPE,AGENT,ID,RESPONSE])]) then if B(TYPE=proposal) then ReceivedProposal(AGENT, ID, RESPONSE)
Event processed @ctenv(functionToList(message(game_ended)),LIST,0); if B(LIST=[actionresult([TYPE,ID])]) then if B(TYPE=proposal) then {ReceivedMessage(TYPE, ID, open); adopta(received(TYPE, ID, closed) : Infinite, priority 1)} else if B(LIST=[actionresult([TYPE,ID,RESPONSE])]) then if B(TYPE=response) then ReceivedMessage(RESPONSE, ID) else if B(LIST=[actionresult([TYPE])]) then ReceivedEvent(TYPE) else if B(LIST=[actionresult([TYPE,AGENT,ID,RESPONSE])]) then if B(TYPE=proposal) then ReceivedProposal(AGENT, ID, RESPONSE)
[CTAH] Array of Terms: [Lapapl.data.Term;@548b1336
[CTAH] The created APLList : [game_ended]
[CTAH] Array of Terms: [Lapapl.data.Term;@1f737c64
[CTAH] The created APLList : [game_ended]
[CTAH] Array of Terms: [Lapapl.data.Term;@dce30ef
[CTAH] The created APLList : [game_ended]
object notification: Time [clock=22, time=null]
object notification: Time [clock=22, time=null]
Event sent to object      a10 clock(22)
Event sent to object      a30 clock(22)
object notification: Time [clock=22, time=null]
Event sent to object      a40 clock(22)
org notification: Time [clock=22, time=null]
org notified sent time(22).
Event processed UpdateClock(22)
Event processed UpdateClock(22)
Event processed UpdateClock(22)
object notification: Time [clock=23, time=null]
Event sent to object      a30 clock(23)
org notification: Time [clock=23, time=null]
org notified sent time(23).
object notification: Time [clock=23, time=null]
Event sent to object      a10 clock(23)
object notification: Time [clock=23, time=null]
Event sent to object      a40 clock(23)
Event processed UpdateClock(23)
Event processed UpdateClock(23)
Event processed UpdateClock(23)
object notification: Time [clock=24, time=null]
Event sent to object      a10 clock(24)
object notification: Time [clock=24, time=null]
Event sent to object      a40 clock(24)
org notification: Time [clock=24, time=null]
org notified sent time(24).
object notification: Time [clock=24, time=null]
Event sent to object      a30 clock(24)
Event processed UpdateClock(24)
Event processed UpdateClock(24)
Event processed UpdateClock(24)
object notification: Time [clock=25, time=null]
object notification: Time [clock=25, time=null]
Event sent to object      a30 clock(25)
Event sent to object      a10 clock(25)
object notification: Time [clock=25, time=null]
Event sent to object      a40 clock(25)
org notification: Time [clock=25, time=null]
org notified sent time(25).
Event processed UpdateClock(25)
Event processed UpdateClock(25)
Event processed UpdateClock(25)
object notification: Time [clock=26, time=null]
Event sent to object      a30 clock(26)
org notification: Time [clock=26, time=null]
org notified sent time(26).
object notification: Time [clock=26, time=null]
Event sent to object      a10 clock(26)
object notification: Time [clock=26, time=null]
Event sent to object      a40 clock(26)
Event processed UpdateClock(26)
Event processed UpdateClock(26)
Event processed UpdateClock(26)
object notification: Time [clock=27, time=null]
Event sent to object      a10 clock(27)
object notification: Time [clock=27, time=null]
Event sent to object      a40 clock(27)
object notification: Time [clock=27, time=null]
Event sent to object      a30 clock(27)
org notification: Time [clock=27, time=null]
org notified sent time(27).
Event processed UpdateClock(27)
Event processed UpdateClock(27)
Event processed UpdateClock(27)
object notification: Time [clock=28, time=null]
Event sent to object      a10 clock(28)
org notification: Time [clock=28, time=null]
object notification: Time [clock=28, time=null]
Event sent to object      a30 clock(28)
object notification: Time [clock=28, time=null]
org notified sent time(28).
Event sent to object      a40 clock(28)
Event processed UpdateClock(28)
Event processed UpdateClock(28)
Event processed UpdateClock(28)
object notification: Time [clock=29, time=null]
object notification: Time [clock=29, time=null]
Event sent to object      a30 clock(29)
Event sent to object      a10 clock(29)
org notification: Time [clock=29, time=null]
org notified sent time(29).
object notification: Time [clock=29, time=null]
Event sent to object      a40 clock(29)
Event processed UpdateClock(29)
Event processed UpdateClock(29)
Event processed UpdateClock(29)
object notification: Time [clock=30, time=null]
org notification: Time [clock=30, time=null]
org notified sent time(30).
object notification: Time [clock=30, time=null]
Event sent to object      a40 clock(30)
Event sent to object      a30 clock(30)
object notification: Time [clock=30, time=null]
Event sent to object      a10 clock(30)
Event processed UpdateClock(30)
Event processed UpdateClock(30)
Event processed UpdateClock(30)
object notification: Time [clock=31, time=null]
Event sent to object      a10 clock(31)
org notification: Time [clock=31, time=null]
org notified sent time(31).
object notification: Time [clock=31, time=null]
Event sent to object      a40 clock(31)
object notification: Time [clock=31, time=null]
Event sent to object      a30 clock(31)
Event processed UpdateClock(31)
Event processed UpdateClock(31)
Event processed UpdateClock(31)
