2015-04-18 18:56:40,480 CONFIG [com.gigaspaces.logger] - Log file: /Users/dxd/gigaspaces-xap-premium-9.5.1-ga/logs/2015-04-18~18.56-gigaspaces-service-192.168.0.2-37053.log
-------------------------last log tuples start--------------------------------
-------------------------last log tuples end----------------------------------
[CTAH] started agent 10
[CTAH] Added a new agent to the game by the name of 10.
[ENV] added agent a10
[CTAH] started agent 30
[CTAH] Added a new agent to the game by the name of 30.
[ENV] added agent a30
[CTAH] started agent 40
[CTAH] Added a new agent to the game by the name of 40.
[ENV] added agent a40
object notification: Time [clock=1, time=null]
org notification: Time [clock=1, time=null]
org notified sent time(1).
object notification: Time [clock=1, time=null]
object notification: Time [clock=1, time=null]
Organization notifies object (write): Prohibition [subject=a10, prohibition=[at(15, 15, a10, _)], sanction=[reduce(a10, 300)], clock=1, time=2015-04-18 18:57:14.86]
Event sent to object      a30 clock(1)
Event sent to object      a10 clock(1)
Event sent to object      a40 clock(1)
Organization notifies object (write): Prohibition [subject=a10, prohibition=[at(15, 16, a10, _)], sanction=[reduce(a10, 300)], clock=1, time=2015-04-18 18:57:14.869]
Organization notifies object (write): Prohibition [subject=a10, prohibition=[at(16, 15, a10, _)], sanction=[reduce(a10, 300)], clock=1, time=2015-04-18 18:57:14.872]
object notification: Prohibition [subject=a10, prohibition=[at(15, 15, a10, _)], sanction=[reduce(a10, 300)], clock=1, time=2015-04-18 18:57:14.86]
Event sent to object      a10 prohibition([at(15, 15, a10, _)], [reduce(a10, 300)])
Organization notifies object (write): Prohibition [subject=a10, prohibition=[at(16, 16, a10, _)], sanction=[reduce(a10, 300)], clock=1, time=2015-04-18 18:57:14.879]
object notification: Prohibition [subject=a10, prohibition=[at(15, 16, a10, _)], sanction=[reduce(a10, 300)], clock=1, time=2015-04-18 18:57:14.869]
Event sent to object      a10 prohibition([at(15, 16, a10, _)], [reduce(a10, 300)])
object notification: Prohibition [subject=a10, prohibition=[at(16, 15, a10, _)], sanction=[reduce(a10, 300)], clock=1, time=2015-04-18 18:57:14.872]
Event sent to object      a10 prohibition([at(16, 15, a10, _)], [reduce(a10, 300)])
Organization notifies object (write): Prohibition [subject=a20, prohibition=[at(15, 15, a20, _)], sanction=[reduce(a20, 300)], clock=1, time=2015-04-18 18:57:14.882]
object notification: Prohibition [subject=a10, prohibition=[at(16, 16, a10, _)], sanction=[reduce(a10, 300)], clock=1, time=2015-04-18 18:57:14.879]
Event sent to object      a10 prohibition([at(16, 16, a10, _)], [reduce(a10, 300)])
Organization notifies object (write): Prohibition [subject=a20, prohibition=[at(15, 16, a20, _)], sanction=[reduce(a20, 300)], clock=1, time=2015-04-18 18:57:14.885]
Organization notifies object (write): Prohibition [subject=a20, prohibition=[at(16, 15, a20, _)], sanction=[reduce(a20, 300)], clock=1, time=2015-04-18 18:57:14.888]
Organization notifies object (write): Prohibition [subject=a20, prohibition=[at(16, 16, a20, _)], sanction=[reduce(a20, 300)], clock=1, time=2015-04-18 18:57:14.891]
Organization notifies object (write): Prohibition [subject=ra1, prohibition=[at(15, 15, ra1, _)], sanction=[reduce(ra1, 300)], clock=1, time=2015-04-18 18:57:14.893]
Organization notifies object (write): Prohibition [subject=ra1, prohibition=[at(15, 16, ra1, _)], sanction=[reduce(ra1, 300)], clock=1, time=2015-04-18 18:57:14.895]
Organization notifies object (write): Prohibition [subject=ra1, prohibition=[at(16, 15, ra1, _)], sanction=[reduce(ra1, 300)], clock=1, time=2015-04-18 18:57:14.898]
Organization notifies object (write): Prohibition [subject=ra1, prohibition=[at(16, 16, ra1, _)], sanction=[reduce(ra1, 300)], clock=1, time=2015-04-18 18:57:14.902]
object notification: Time [clock=2, time=null]
org notification: Time [clock=2, time=null]
org notified sent time(2).
object notification: Time [clock=2, time=null]
Event sent to object      a10 clock(2)
object notification: Time [clock=2, time=null]
Event sent to object      a30 clock(2)
Event sent to object      a40 clock(2)
object notification: Time [clock=3, time=null]
org notification: Time [clock=3, time=null]
object notification: Time [clock=3, time=null]
object notification: Time [clock=3, time=null]
Event sent to object      a40 clock(3)
Event sent to object      a10 clock(3)
org notified sent time(3).
Event sent to object      a30 clock(3)
object notification: Time [clock=4, time=null]
object notification: Time [clock=4, time=null]
Event sent to object      a10 clock(4)
org notification: Time [clock=4, time=null]
Event sent to object      a40 clock(4)
org notified sent time(4).
object notification: Time [clock=4, time=null]
Event sent to object      a30 clock(4)
object notification: Time [clock=5, time=null]
Event sent to object      a10 clock(5)
object notification: Time [clock=5, time=null]
object notification: Time [clock=5, time=null]
org notification: Time [clock=5, time=null]
org notified sent time(5).
Event sent to object      a40 clock(5)
Event sent to object      a30 clock(5)
object notification: Time [clock=6, time=null]
org notification: Time [clock=6, time=null]
object notification: Time [clock=6, time=null]
org notified sent time(6).
Event sent to object      a40 clock(6)
object notification: Time [clock=6, time=null]
Event sent to object      a10 clock(6)
Event sent to object      a30 clock(6)
object notification: Time [clock=7, time=null]
org notification: Time [clock=7, time=null]
object notification: Time [clock=7, time=null]
Event sent to object      a40 clock(7)
org notified sent time(7).
Event sent to object      a10 clock(7)
object notification: Time [clock=7, time=null]
Event sent to object      a30 clock(7)
object notification: Time [clock=8, time=null]
org notification: Time [clock=8, time=null]
org notified sent time(8).
object notification: Time [clock=8, time=null]
Event sent to object      a30 clock(8)
Event sent to object      a10 clock(8)
object notification: Time [clock=8, time=null]
Event sent to object      a40 clock(8)
object notification: Time [clock=9, time=null]
Event sent to object      a10 clock(9)
org notification: Time [clock=9, time=null]
org notified sent time(9).
object notification: Time [clock=9, time=null]
Event sent to object      a30 clock(9)
object notification: Time [clock=9, time=null]
Event sent to object      a40 clock(9)
object notification: Time [clock=10, time=null]
object notification: Time [clock=10, time=null]
object notification: Time [clock=10, time=null]
Event sent to object      a40 clock(10)
Event sent to object      a10 clock(10)
org notification: Time [clock=10, time=null]
org notified sent time(10).
Event sent to object      a30 clock(10)
org notification: Time [clock=11, time=null]
org notified sent time(11).
object notification: Time [clock=11, time=null]
Event sent to object      a30 clock(11)
object notification: Time [clock=11, time=null]
object notification: Time [clock=11, time=null]
Event sent to object      a10 clock(11)
Event sent to object      a40 clock(11)
object notification: Time [clock=12, time=null]
org notification: Time [clock=12, time=null]
org notified sent time(12).
object notification: Time [clock=12, time=null]
Event sent to object      a10 clock(12)
object notification: Time [clock=12, time=null]
Event sent to object      a40 clock(12)
Event sent to object      a30 clock(12)
object notification: Time [clock=13, time=null]
object notification: Time [clock=13, time=null]
Event sent to object      a10 clock(13)
Event sent to object      a40 clock(13)
object notification: Time [clock=13, time=null]
org notification: Time [clock=13, time=null]
org notified sent time(13).
Event sent to object      a30 clock(13)
object notification: Time [clock=14, time=null]
org notification: Time [clock=14, time=null]
org notified sent time(14).
object notification: Time [clock=14, time=null]
Event sent to object      a40 clock(14)
object notification: Time [clock=14, time=null]
Event sent to object      a10 clock(14)
Event sent to object      a30 clock(14)
object notification: Time [clock=15, time=null]
org notification: Time [clock=15, time=null]
org notified sent time(15).
Event sent to object      a10 clock(15)
object notification: Time [clock=15, time=null]
object notification: Time [clock=15, time=null]
Event sent to object      a30 clock(15)
Event sent to object      a40 clock(15)
org notification: Time [clock=16, time=null]
org notified sent time(16).
object notification: Time [clock=16, time=null]
object notification: Time [clock=16, time=null]
object notification: Time [clock=16, time=null]
Event sent to object      a40 clock(16)
Event sent to object      a10 clock(16)
Event sent to object      a30 clock(16)
object notification: Time [clock=17, time=null]
org notification: Time [clock=17, time=null]
object notification: Time [clock=17, time=null]
object notification: Time [clock=17, time=null]
Event sent to object      a30 clock(17)
Event sent to object      a40 clock(17)
Event sent to object      a10 clock(17)
org notified sent time(17).
org notification: Time [clock=16, time=null]
object notification: Time [clock=16, time=null]
object notification: Time [clock=16, time=null]
object notification: Time [clock=16, time=null]
Event sent to object      a40 clock(16)
org notified sent time(16).
Event sent to object      a30 clock(16)
Event sent to object      a10 clock(16)
object notification: Prohibition [subject=a10, prohibition=[at(16, 15, a10, _)], sanction=[reduce(a10, 300)], clock=1, time=2015-04-18 18:57:14.872]
Event sent to object      a10 prohibition([at(16, 15, a10, _)], [reduce(a10, 300)])
object notification: Time [clock=15, time=null]
object notification: Time [clock=15, time=null]
Event sent to object      a10 clock(15)
Event sent to object      a30 clock(15)
org notification: Time [clock=15, time=null]
org notified sent time(15).
object notification: Time [clock=15, time=null]
Event sent to object      a40 clock(15)
object notification: Prohibition [subject=a10, prohibition=[at(15, 16, a10, _)], sanction=[reduce(a10, 300)], clock=1, time=2015-04-18 18:57:14.869]
Event sent to object      a10 prohibition([at(15, 16, a10, _)], [reduce(a10, 300)])
object notification: Time [clock=9, time=null]
object notification: Time [clock=9, time=null]
org notification: Time [clock=9, time=null]
Event sent to object      a10 clock(9)
Event sent to object      a30 clock(9)
org notified sent time(9).
object notification: Time [clock=9, time=null]
Event sent to object      a40 clock(9)
org notification: Time [clock=13, time=null]
org notified sent time(13).
object notification: Time [clock=13, time=null]
object notification: Time [clock=13, time=null]
object notification: Time [clock=13, time=null]
Event sent to object      a30 clock(13)
Event sent to object      a10 clock(13)
Event sent to object      a40 clock(13)
object notification: Time [clock=5, time=null]
object notification: Time [clock=5, time=null]
org notification: Time [clock=5, time=null]
org notified sent time(5).
Event sent to object      a30 clock(5)
Event sent to object      a10 clock(5)
object notification: Time [clock=5, time=null]
Event sent to object      a40 clock(5)
org notification: Time [clock=6, time=null]
org notified sent time(6).
object notification: Time [clock=6, time=null]
object notification: Time [clock=6, time=null]
Event sent to object      a30 clock(6)
Event sent to object      a10 clock(6)
object notification: Time [clock=6, time=null]
Event sent to object      a40 clock(6)
object notification: Time [clock=7, time=null]
org notification: Time [clock=7, time=null]
org notified sent time(7).
Event sent to object      a40 clock(7)
object notification: Time [clock=7, time=null]
Event sent to object      a10 clock(7)
object notification: Time [clock=7, time=null]
Event sent to object      a30 clock(7)
org notification: Time [clock=11, time=null]
org notified sent time(11).
object notification: Time [clock=11, time=null]
object notification: Time [clock=11, time=null]
Event sent to object      a30 clock(11)
Event sent to object      a40 clock(11)
object notification: Time [clock=11, time=null]
Event sent to object      a10 clock(11)
org notification: Time [clock=10, time=null]
org notified sent time(10).
object notification: Time [clock=10, time=null]
Event sent to object      a30 clock(10)
object notification: Time [clock=10, time=null]
Event sent to object      a10 clock(10)
object notification: Time [clock=10, time=null]
Event sent to object      a40 clock(10)
object notification: Time [clock=4, time=null]
object notification: Time [clock=4, time=null]
Event sent to object      a30 clock(4)
object notification: Time [clock=4, time=null]
org notification: Time [clock=4, time=null]
Event sent to object      a10 clock(4)
Event sent to object      a40 clock(4)
org notified sent time(4).
object notification: Time [clock=1, time=null]
org notification: Time [clock=1, time=null]
org notified sent time(1).
object notification: Time [clock=1, time=null]
Event sent to object      a10 clock(1)
Event sent to object      a30 clock(1)
object notification: Time [clock=1, time=null]
Event sent to object      a40 clock(1)
org notification: Time [clock=12, time=null]
org notified sent time(12).
object notification: Time [clock=12, time=null]
object notification: Time [clock=12, time=null]
Event sent to object      a30 clock(12)
Event sent to object      a10 clock(12)
object notification: Time [clock=12, time=null]
Event sent to object      a40 clock(12)
object notification: Prohibition [subject=a10, prohibition=[at(16, 16, a10, _)], sanction=[reduce(a10, 300)], clock=1, time=2015-04-18 18:57:14.879]
Event sent to object      a10 prohibition([at(16, 16, a10, _)], [reduce(a10, 300)])
object notification: Time [clock=3, time=null]
org notification: Time [clock=3, time=null]
org notified sent time(3).
object notification: Time [clock=3, time=null]
object notification: Time [clock=3, time=null]
Event sent to object      a40 clock(3)
Event sent to object      a10 clock(3)
Event sent to object      a30 clock(3)
org notification: Time [clock=14, time=null]
org notified sent time(14).
object notification: Time [clock=14, time=null]
Event sent to object      a40 clock(14)
object notification: Time [clock=14, time=null]
Event sent to object      a30 clock(14)
object notification: Time [clock=14, time=null]
Event sent to object      a10 clock(14)
org notification: Time [clock=2, time=null]
org notified sent time(2).
object notification: Time [clock=2, time=null]
Event sent to object      a40 clock(2)
object notification: Time [clock=2, time=null]
Event sent to object      a30 clock(2)
object notification: Time [clock=2, time=null]
Event sent to object      a10 clock(2)
object notification: Prohibition [subject=a10, prohibition=[at(15, 15, a10, _)], sanction=[reduce(a10, 300)], clock=1, time=2015-04-18 18:57:14.86]
Event sent to object      a10 prohibition([at(15, 15, a10, _)], [reduce(a10, 300)])
object notification: Time [clock=8, time=null]
object notification: Time [clock=8, time=null]
Event sent to object      a30 clock(8)
Event sent to object      a40 clock(8)
org notification: Time [clock=8, time=null]
org notified sent time(8).
object notification: Time [clock=8, time=null]
Event sent to object      a10 clock(8)
object notification: Time [clock=17, time=null]
org notification: Time [clock=17, time=null]
org notified sent time(17).
Event sent to object      a30 clock(17)
object notification: Time [clock=17, time=null]
Event sent to object      a40 clock(17)
object notification: Time [clock=17, time=null]
Event sent to object      a10 clock(17)
object notification: Time [clock=18, time=null]
Event sent to object      a10 clock(18)
object notification: Time [clock=18, time=null]
Event sent to object      a40 clock(18)
org notification: Time [clock=18, time=null]
org notified sent time(18).
object notification: Time [clock=18, time=null]
Event sent to object      a30 clock(18)
object notification: Prohibition [subject=a10, prohibition=[at(15, 15, a10, _)], sanction=[reduce(a10, 300)], clock=0, time=2015-04-18 19:00:04.92]
Event sent to object      a10 prohibition([at(15, 15, a10, _)], [reduce(a10, 300)])
object notification: Prohibition [subject=a10, prohibition=[at(15, 16, a10, _)], sanction=[reduce(a10, 300)], clock=0, time=2015-04-18 19:00:05.049]
Event sent to object      a10 prohibition([at(15, 16, a10, _)], [reduce(a10, 300)])
object notification: Prohibition [subject=a10, prohibition=[at(16, 15, a10, _)], sanction=[reduce(a10, 300)], clock=0, time=2015-04-18 19:00:05.053]
Event sent to object      a10 prohibition([at(16, 15, a10, _)], [reduce(a10, 300)])
object notification: Prohibition [subject=a10, prohibition=[at(16, 16, a10, _)], sanction=[reduce(a10, 300)], clock=0, time=2015-04-18 19:00:05.057]
Event sent to object      a10 prohibition([at(16, 16, a10, _)], [reduce(a10, 300)])
object notification: Time [clock=1, time=null]
org notification: Time [clock=1, time=null]
org notified sent time(1).
Event sent to object      a10 clock(1)
object notification: Time [clock=1, time=null]
Event sent to object      a30 clock(1)
object notification: Time [clock=1, time=null]
Event sent to object      a40 clock(1)
object notification: Time [clock=19, time=null]
Event sent to object      a10 clock(19)
org notification: Time [clock=19, time=null]
org notified sent time(19).
object notification: Time [clock=19, time=null]
object notification: Time [clock=19, time=null]
Event sent to object      a40 clock(19)
Event sent to object      a30 clock(19)
object notification: Time [clock=2, time=null]
Event sent to object      a10 clock(2)
object notification: Time [clock=2, time=null]
Event sent to object      a40 clock(2)
org notification: Time [clock=2, time=null]
org notified sent time(2).
object notification: Time [clock=2, time=null]
Event sent to object      a30 clock(2)
object notification: Time [clock=20, time=null]
object notification: Time [clock=20, time=null]
Event sent to object      a10 clock(20)
org notification: Time [clock=20, time=null]
org notified sent time(20).
Event sent to object      a40 clock(20)
object notification: Time [clock=20, time=null]
Event sent to object      a30 clock(20)
object notification: Time [clock=3, time=null]
object notification: Time [clock=3, time=null]
Event sent to object      a10 clock(3)
object notification: Time [clock=3, time=null]
Event sent to object      a30 clock(3)
Event sent to object      a40 clock(3)
org notification: Time [clock=3, time=null]
org notified sent time(3).
object notification: Time [clock=21, time=null]
Event sent to object      a10 clock(21)
org notification: Time [clock=21, time=null]
org notified sent time(21).
object notification: Time [clock=21, time=null]
Event sent to object      a30 clock(21)
object notification: Time [clock=21, time=null]
Event sent to object      a40 clock(21)
object notification: Time [clock=4, time=null]
object notification: Time [clock=4, time=null]
Event sent to object      a40 clock(4)
org notification: Time [clock=4, time=null]
org notified sent time(4).
object notification: Time [clock=4, time=null]
Event sent to object      a30 clock(4)
Event sent to object      a10 clock(4)
object notification: Time [clock=22, time=null]
Event sent to object      a10 clock(22)
object notification: Time [clock=22, time=null]
object notification: Time [clock=22, time=null]
Event sent to object      a30 clock(22)
org notification: Time [clock=22, time=null]
org notified sent time(22).
Event sent to object      a40 clock(22)
object notification: Time [clock=5, time=null]
Event sent to object      a10 clock(5)
object notification: Time [clock=5, time=null]
org notification: Time [clock=5, time=null]
org notified sent time(5).
Event sent to object      a40 clock(5)
object notification: Time [clock=5, time=null]
Event sent to object      a30 clock(5)
object notification: Time [clock=23, time=null]
org notification: Time [clock=23, time=null]
org notified sent time(23).
Event sent to object      a10 clock(23)
object notification: Time [clock=23, time=null]
Event sent to object      a40 clock(23)
object notification: Time [clock=23, time=null]
Event sent to object      a30 clock(23)
object notification: Time [clock=6, time=null]
Event sent to object      a10 clock(6)
org notification: Time [clock=6, time=null]
org notified sent time(6).
object notification: Time [clock=6, time=null]
Event sent to object      a40 clock(6)
object notification: Time [clock=6, time=null]
Event sent to object      a30 clock(6)
object notification: Time [clock=24, time=null]
object notification: Time [clock=24, time=null]
Event sent to object      a10 clock(24)
Event sent to object      a40 clock(24)
object notification: Time [clock=24, time=null]
Event sent to object      a30 clock(24)
org notification: Time [clock=24, time=null]
org notified sent time(24).
object notification: Time [clock=7, time=null]
org notification: Time [clock=7, time=null]
org notified sent time(7).
object notification: Time [clock=7, time=null]
object notification: Time [clock=7, time=null]
Event sent to object      a30 clock(7)
Event sent to object      a40 clock(7)
Event sent to object      a10 clock(7)
object notification: Time [clock=25, time=null]
Event sent to object      a10 clock(25)
org notification: Time [clock=25, time=null]
org notified sent time(25).
object notification: Time [clock=25, time=null]
object notification: Time [clock=25, time=null]
Event sent to object      a40 clock(25)
Event sent to object      a30 clock(25)
object notification: Time [clock=8, time=null]
Event sent to object      a40 clock(8)
object notification: Time [clock=8, time=null]
Event sent to object      a30 clock(8)
org notification: Time [clock=8, time=null]
org notified sent time(8).
object notification: Time [clock=8, time=null]
Event sent to object      a10 clock(8)
object notification: Time [clock=26, time=null]
Event sent to object      a10 clock(26)
object notification: Time [clock=26, time=null]
org notification: Time [clock=26, time=null]
org notified sent time(26).
object notification: Time [clock=26, time=null]
Event sent to object      a40 clock(26)
Event sent to object      a30 clock(26)
object notification: Time [clock=9, time=null]
Event sent to object      a10 clock(9)
org notification: Time [clock=9, time=null]
org notified sent time(9).
object notification: Time [clock=9, time=null]
Event sent to object      a30 clock(9)
object notification: Time [clock=9, time=null]
Event sent to object      a40 clock(9)
object notification: Time [clock=27, time=null]
Event sent to object      a30 clock(27)
object notification: Time [clock=27, time=null]
Event sent to object      a10 clock(27)
object notification: Time [clock=27, time=null]
Event sent to object      a40 clock(27)
org notification: Time [clock=27, time=null]
org notified sent time(27).
object notification: Time [clock=10, time=null]
org notification: Time [clock=10, time=null]
org notified sent time(10).
object notification: Time [clock=10, time=null]
Event sent to object      a10 clock(10)
object notification: Time [clock=10, time=null]
Event sent to object      a30 clock(10)
Event sent to object      a40 clock(10)
object notification: Time [clock=28, time=null]
object notification: Time [clock=28, time=null]
object notification: Time [clock=28, time=null]
Event sent to object      a40 clock(28)
Event sent to object      a30 clock(28)
org notification: Time [clock=28, time=null]
org notified sent time(28).
Event sent to object      a10 clock(28)
object notification: Time [clock=11, time=null]
Event sent to object      a10 clock(11)
object notification: Time [clock=11, time=null]
Event sent to object      a40 clock(11)
object notification: Time [clock=11, time=null]
org notification: Time [clock=11, time=null]
org notified sent time(11).
Event sent to object      a30 clock(11)
object notification: Time [clock=29, time=null]
object notification: Time [clock=29, time=null]
Event sent to object      a40 clock(29)
Event sent to object      a10 clock(29)
object notification: Time [clock=29, time=null]
Event sent to object      a30 clock(29)
org notification: Time [clock=29, time=null]
org notified sent time(29).
object notification: Time [clock=12, time=null]
object notification: Time [clock=12, time=null]
Event sent to object      a10 clock(12)
object notification: Time [clock=12, time=null]
Event sent to object      a30 clock(12)
Event sent to object      a40 clock(12)
org notification: Time [clock=12, time=null]
org notified sent time(12).
object notification: Time [clock=30, time=null]
object notification: Time [clock=30, time=null]
Event sent to object      a40 clock(30)
org notification: Time [clock=30, time=null]
org notified sent time(30).
object notification: Time [clock=30, time=null]
Event sent to object      a30 clock(30)
Event sent to object      a10 clock(30)
object notification: Time [clock=13, time=null]
object notification: Time [clock=13, time=null]
org notification: Time [clock=13, time=null]
org notified sent time(13).
object notification: Time [clock=13, time=null]
Event sent to object      a10 clock(13)
Event sent to object      a30 clock(13)
Event sent to object      a40 clock(13)
object notification: Time [clock=31, time=null]
Event sent to object      a40 clock(31)
object notification: Time [clock=31, time=null]
org notification: Time [clock=31, time=null]
org notified sent time(31).
Event sent to object      a30 clock(31)
object notification: Time [clock=31, time=null]
Event sent to object      a10 clock(31)
object notification: Time [clock=14, time=null]
org notification: Time [clock=14, time=null]
org notified sent time(14).
object notification: Time [clock=14, time=null]
object notification: Time [clock=14, time=null]
Event sent to object      a30 clock(14)
Event sent to object      a40 clock(14)
Event sent to object      a10 clock(14)
object notification: Time [clock=32, time=null]
Event sent to object      a10 clock(32)
org notification: Time [clock=32, time=null]
org notified sent time(32).
object notification: Time [clock=32, time=null]
object notification: Time [clock=32, time=null]
Event sent to object      a40 clock(32)
Event sent to object      a30 clock(32)
object notification: Time [clock=15, time=null]
object notification: Time [clock=15, time=null]
Event sent to object      a40 clock(15)
Event sent to object      a10 clock(15)
org notification: Time [clock=15, time=null]
org notified sent time(15).
object notification: Time [clock=15, time=null]
Event sent to object      a30 clock(15)
object notification: Time [clock=33, time=null]
object notification: Time [clock=33, time=null]
Event sent to object      a10 clock(33)
Event sent to object      a40 clock(33)
object notification: Time [clock=33, time=null]
org notification: Time [clock=33, time=null]
org notified sent time(33).
Event sent to object      a30 clock(33)
object notification: Time [clock=16, time=null]
object notification: Time [clock=16, time=null]
Event sent to object      a10 clock(16)
org notification: Time [clock=16, time=null]
object notification: Time [clock=16, time=null]
org notified sent time(16).
Event sent to object      a30 clock(16)
Event sent to object      a40 clock(16)
object notification: Time [clock=34, time=null]
Event sent to object      a10 clock(34)
object notification: Time [clock=34, time=null]
object notification: Time [clock=34, time=null]
Event sent to object      a40 clock(34)
Event sent to object      a30 clock(34)
org notification: Time [clock=34, time=null]
org notified sent time(34).
object notification: Time [clock=17, time=null]
Event sent to object      a40 clock(17)
object notification: Time [clock=17, time=null]
Event sent to object      a10 clock(17)
object notification: Time [clock=17, time=null]
Event sent to object      a30 clock(17)
org notification: Time [clock=17, time=null]
org notified sent time(17).
object notification: Time [clock=35, time=null]
object notification: Time [clock=35, time=null]
Event sent to object      a30 clock(35)
Event sent to object      a40 clock(35)
org notification: Time [clock=35, time=null]
org notified sent time(35).
object notification: Time [clock=35, time=null]
Event sent to object      a10 clock(35)
object notification: Time [clock=18, time=null]
Event sent to object      a10 clock(18)
object notification: Time [clock=18, time=null]
object notification: Time [clock=18, time=null]
Event sent to object      a40 clock(18)
org notification: Time [clock=18, time=null]
org notified sent time(18).
Event sent to object      a30 clock(18)
object notification: Time [clock=36, time=null]
org notification: Time [clock=36, time=null]
org notified sent time(36).
object notification: Time [clock=36, time=null]
Event sent to object      a40 clock(36)
Event sent to object      a10 clock(36)
object notification: Time [clock=36, time=null]
Event sent to object      a30 clock(36)
object notification: Time [clock=19, time=null]
object notification: Time [clock=19, time=null]
org notification: Time [clock=19, time=null]
org notified sent time(19).
object notification: Time [clock=19, time=null]
Event sent to object      a30 clock(19)
Event sent to object      a40 clock(19)
Event sent to object      a10 clock(19)
object notification: Time [clock=37, time=null]
object notification: Time [clock=37, time=null]
Event sent to object      a40 clock(37)
org notification: Time [clock=37, time=null]
org notified sent time(37).
object notification: Time [clock=37, time=null]
Event sent to object      a30 clock(37)
Event sent to object      a10 clock(37)
org notification: Time [clock=20, time=null]
org notified sent time(20).
object notification: Time [clock=20, time=null]
object notification: Time [clock=20, time=null]
Event sent to object      a40 clock(20)
object notification: Time [clock=20, time=null]
Event sent to object      a10 clock(20)
Event sent to object      a30 clock(20)
object notification: Time [clock=38, time=null]
Event sent to object      a10 clock(38)
object notification: Time [clock=38, time=null]
org notification: Time [clock=38, time=null]
org notified sent time(38).
Event sent to object      a30 clock(38)
object notification: Time [clock=38, time=null]
Event sent to object      a40 clock(38)
object notification: Time [clock=21, time=null]
object notification: Time [clock=21, time=null]
Event sent to object      a30 clock(21)
object notification: Time [clock=21, time=null]
Event sent to object      a10 clock(21)
org notification: Time [clock=21, time=null]
org notified sent time(21).
Event sent to object      a40 clock(21)
object notification: Time [clock=39, time=null]
Event sent to object      a10 clock(39)
object notification: Time [clock=39, time=null]
Event sent to object      a40 clock(39)
object notification: Time [clock=39, time=null]
Event sent to object      a30 clock(39)
org notification: Time [clock=39, time=null]
org notified sent time(39).
object notification: Time [clock=22, time=null]
object notification: Time [clock=22, time=null]
Event sent to object      a10 clock(22)
object notification: Time [clock=22, time=null]
org notification: Time [clock=22, time=null]
org notified sent time(22).
Event sent to object      a30 clock(22)
Event sent to object      a40 clock(22)
object notification: Time [clock=40, time=null]
Event sent to object      a30 clock(40)
object notification: Time [clock=40, time=null]
object notification: Time [clock=40, time=null]
org notification: Time [clock=40, time=null]
Event sent to object      a10 clock(40)
Event sent to object      a40 clock(40)
org notified sent time(40).
object notification: Time [clock=23, time=null]
Event sent to object      a40 clock(23)
object notification: Time [clock=23, time=null]
org notification: Time [clock=23, time=null]
org notified sent time(23).
object notification: Time [clock=23, time=null]
Event sent to object      a30 clock(23)
Event sent to object      a10 clock(23)
object notification: Time [clock=41, time=null]
Event sent to object      a40 clock(41)
org notification: Time [clock=41, time=null]
org notified sent time(41).
object notification: Time [clock=41, time=null]
Event sent to object      a30 clock(41)
object notification: Time [clock=41, time=null]
Event sent to object      a10 clock(41)
object notification: Time [clock=24, time=null]
Event sent to object      a10 clock(24)
org notification: Time [clock=24, time=null]
org notified sent time(24).
object notification: Time [clock=24, time=null]
Event sent to object      a30 clock(24)
object notification: Time [clock=24, time=null]
Event sent to object      a40 clock(24)
object notification: Time [clock=42, time=null]
Event sent to object      a10 clock(42)
object notification: Time [clock=42, time=null]
org notification: Time [clock=42, time=null]
org notified sent time(42).
Event sent to object      a40 clock(42)
object notification: Time [clock=42, time=null]
Event sent to object      a30 clock(42)
org notification: Time [clock=25, time=null]
org notified sent time(25).
object notification: Time [clock=25, time=null]
Event sent to object      a10 clock(25)
object notification: Time [clock=25, time=null]
Event sent to object      a30 clock(25)
object notification: Time [clock=25, time=null]
Event sent to object      a40 clock(25)
object notification: Time [clock=43, time=null]
object notification: Time [clock=43, time=null]
Event sent to object      a40 clock(43)
Event sent to object      a10 clock(43)
object notification: Time [clock=43, time=null]
Event sent to object      a30 clock(43)
org notification: Time [clock=43, time=null]
org notified sent time(43).
object notification: Time [clock=26, time=null]
Event sent to object      a10 clock(26)
object notification: Time [clock=26, time=null]
Event sent to object      a40 clock(26)
object notification: Time [clock=26, time=null]
Event sent to object      a30 clock(26)
org notification: Time [clock=26, time=null]
org notified sent time(26).
object notification: Time [clock=44, time=null]
Event sent to object      a10 clock(44)
object notification: Time [clock=44, time=null]
org notification: Time [clock=44, time=null]
org notified sent time(44).
object notification: Time [clock=44, time=null]
Event sent to object      a40 clock(44)
Event sent to object      a30 clock(44)
object notification: Time [clock=27, time=null]
Event sent to object      a30 clock(27)
object notification: Time [clock=27, time=null]
Event sent to object      a10 clock(27)
object notification: Time [clock=27, time=null]
Event sent to object      a40 clock(27)
org notification: Time [clock=27, time=null]
org notified sent time(27).
org notification: Time [clock=45, time=null]
org notified sent time(45).
object notification: Time [clock=45, time=null]
object notification: Time [clock=45, time=null]
Event sent to object      a40 clock(45)
object notification: Time [clock=45, time=null]
Event sent to object      a30 clock(45)
Event sent to object      a10 clock(45)
object notification: Time [clock=28, time=null]
Event sent to object      a10 clock(28)
object notification: Time [clock=28, time=null]
Event sent to object      a30 clock(28)
org notification: Time [clock=28, time=null]
org notified sent time(28).
object notification: Time [clock=28, time=null]
Event sent to object      a40 clock(28)
object notification: Time [clock=46, time=null]
Event sent to object      a10 clock(46)
object notification: Time [clock=46, time=null]
Event sent to object      a40 clock(46)
org notification: Time [clock=46, time=null]
org notified sent time(46).
object notification: Time [clock=46, time=null]
Event sent to object      a30 clock(46)
object notification: Time [clock=29, time=null]
Event sent to object      a10 clock(29)
object notification: Time [clock=29, time=null]
Event sent to object      a30 clock(29)
object notification: Time [clock=29, time=null]
Event sent to object      a40 clock(29)
org notification: Time [clock=29, time=null]
org notified sent time(29).
object notification: Time [clock=47, time=null]
Event sent to object      a10 clock(47)
object notification: Time [clock=47, time=null]
Event sent to object      a40 clock(47)
org notification: Time [clock=47, time=null]
org notified sent time(47).
object notification: Time [clock=47, time=null]
Event sent to object      a30 clock(47)
object notification: Time [clock=30, time=null]
Event sent to object      a40 clock(30)
org notification: Time [clock=30, time=null]
org notified sent time(30).
object notification: Time [clock=30, time=null]
Event sent to object      a10 clock(30)
object notification: Time [clock=30, time=null]
Event sent to object      a30 clock(30)
org notification: Time [clock=48, time=null]
org notified sent time(48).
object notification: Time [clock=48, time=null]
Event sent to object      a10 clock(48)
object notification: Time [clock=48, time=null]
Event sent to object      a40 clock(48)
object notification: Time [clock=48, time=null]
Event sent to object      a30 clock(48)
object notification: Time [clock=31, time=null]
object notification: Time [clock=31, time=null]
Event sent to object      a10 clock(31)
Event sent to object      a30 clock(31)
org notification: Time [clock=31, time=null]
org notified sent time(31).
object notification: Time [clock=31, time=null]
Event sent to object      a40 clock(31)
object notification: Time [clock=49, time=null]
Event sent to object      a10 clock(49)
object notification: Time [clock=49, time=null]
Event sent to object      a40 clock(49)
object notification: Time [clock=49, time=null]
Event sent to object      a30 clock(49)
org notification: Time [clock=49, time=null]
org notified sent time(49).
org notification: Time [clock=32, time=null]
org notified sent time(32).
object notification: Time [clock=32, time=null]
object notification: Time [clock=32, time=null]
Event sent to object      a40 clock(32)
object notification: Time [clock=32, time=null]
Event sent to object      a30 clock(32)
Event sent to object      a10 clock(32)
object notification: Time [clock=50, time=null]
Event sent to object      a10 clock(50)
object notification: Time [clock=50, time=null]
object notification: Time [clock=50, time=null]
Event sent to object      a40 clock(50)
Event sent to object      a30 clock(50)
org notification: Time [clock=50, time=null]
org notified sent time(50).
org notification: Time [clock=33, time=null]
object notification: Time [clock=33, time=null]
object notification: Time [clock=33, time=null]
object notification: Time [clock=33, time=null]
Event sent to object      a40 clock(33)
org notified sent time(33).
Event sent to object      a10 clock(33)
Event sent to object      a30 clock(33)
object notification: Time [clock=51, time=null]
Event sent to object      a10 clock(51)
object notification: Time [clock=51, time=null]
Event sent to object      a30 clock(51)
object notification: Time [clock=51, time=null]
Event sent to object      a40 clock(51)
org notification: Time [clock=51, time=null]
org notified sent time(51).
object notification: Time [clock=34, time=null]
Event sent to object      a10 clock(34)
object notification: Time [clock=34, time=null]
object notification: Time [clock=34, time=null]
Event sent to object      a40 clock(34)
Event sent to object      a30 clock(34)
org notification: Time [clock=34, time=null]
org notified sent time(34).
org notification: Time [clock=52, time=null]
org notified sent time(52).
object notification: Time [clock=52, time=null]
Event sent to object      a30 clock(52)
object notification: Time [clock=52, time=null]
Event sent to object      a10 clock(52)
object notification: Time [clock=52, time=null]
Event sent to object      a40 clock(52)
object notification: Time [clock=35, time=null]
object notification: Time [clock=35, time=null]
Event sent to object      a30 clock(35)
Event sent to object      a40 clock(35)
object notification: Time [clock=35, time=null]
Event sent to object      a10 clock(35)
org notification: Time [clock=35, time=null]
org notified sent time(35).
object notification: Time [clock=53, time=null]
org notification: Time [clock=53, time=null]
org notified sent time(53).
object notification: Time [clock=53, time=null]
Event sent to object      a40 clock(53)
object notification: Time [clock=53, time=null]
Event sent to object      a30 clock(53)
Event sent to object      a10 clock(53)
org notification: Time [clock=36, time=null]
org notified sent time(36).
object notification: Time [clock=36, time=null]
Event sent to object      a40 clock(36)
object notification: Time [clock=36, time=null]
Event sent to object      a30 clock(36)
object notification: Time [clock=36, time=null]
Event sent to object      a10 clock(36)
object notification: Time [clock=54, time=null]
Event sent to object      a10 clock(54)
object notification: Time [clock=54, time=null]
org notification: Time [clock=54, time=null]
org notified sent time(54).
object notification: Time [clock=54, time=null]
Event sent to object      a30 clock(54)
Event sent to object      a40 clock(54)
object notification: Time [clock=37, time=null]
org notification: Time [clock=37, time=null]
org notified sent time(37).
object notification: Time [clock=37, time=null]
object notification: Time [clock=37, time=null]
Event sent to object      a30 clock(37)
Event sent to object      a40 clock(37)
Event sent to object      a10 clock(37)
org notification: Time [clock=55, time=null]
org notified sent time(55).
object notification: Time [clock=55, time=null]
Event sent to object      a30 clock(55)
object notification: Time [clock=55, time=null]
Event sent to object      a10 clock(55)
object notification: Time [clock=55, time=null]
Event sent to object      a40 clock(55)
object notification: Time [clock=38, time=null]
Event sent to object      a10 clock(38)
object notification: Time [clock=38, time=null]
Event sent to object      a30 clock(38)
org notification: Time [clock=38, time=null]
org notified sent time(38).
object notification: Time [clock=38, time=null]
Event sent to object      a40 clock(38)
object notification: Time [clock=56, time=null]
Event sent to object      a10 clock(56)
org notification: Time [clock=56, time=null]
org notified sent time(56).
object notification: Time [clock=56, time=null]
Event sent to object      a40 clock(56)
object notification: Time [clock=56, time=null]
Event sent to object      a30 clock(56)
object notification: Time [clock=39, time=null]
Event sent to object      a10 clock(39)
object notification: Time [clock=39, time=null]
Event sent to object      a30 clock(39)
object notification: Time [clock=39, time=null]
Event sent to object      a40 clock(39)
org notification: Time [clock=39, time=null]
org notified sent time(39).
object notification: Time [clock=57, time=null]
Event sent to object      a10 clock(57)
object notification: Time [clock=57, time=null]
Event sent to object      a40 clock(57)
org notification: Time [clock=57, time=null]
org notified sent time(57).
object notification: Time [clock=57, time=null]
Event sent to object      a30 clock(57)
object notification: Time [clock=40, time=null]
org notification: Time [clock=40, time=null]
org notified sent time(40).
object notification: Time [clock=40, time=null]
Event sent to object      a10 clock(40)
object notification: Time [clock=40, time=null]
Event sent to object      a30 clock(40)
Event sent to object      a40 clock(40)
object notification: Time [clock=58, time=null]
Event sent to object      a10 clock(58)
object notification: Time [clock=58, time=null]
org notification: Time [clock=58, time=null]
Event sent to object      a40 clock(58)
object notification: Time [clock=58, time=null]
Event sent to object      a30 clock(58)
org notified sent time(58).
object notification: Time [clock=41, time=null]
Event sent to object      a10 clock(41)
object notification: Time [clock=41, time=null]
Event sent to object      a40 clock(41)
org notification: Time [clock=41, time=null]
org notified sent time(41).
object notification: Time [clock=41, time=null]
Event sent to object      a30 clock(41)
object notification: Time [clock=59, time=null]
Event sent to object      a10 clock(59)
org notification: Time [clock=59, time=null]
org notified sent time(59).
object notification: Time [clock=59, time=null]
Event sent to object      a30 clock(59)
object notification: Time [clock=59, time=null]
Event sent to object      a40 clock(59)
object notification: Time [clock=42, time=null]
object notification: Time [clock=42, time=null]
Event sent to object      a10 clock(42)
Event sent to object      a30 clock(42)
org notification: Time [clock=42, time=null]
org notified sent time(42).
object notification: Time [clock=42, time=null]
Event sent to object      a40 clock(42)
object notification: Time [clock=60, time=null]
org notification: Time [clock=60, time=null]
org notified sent time(60).
object notification: Time [clock=60, time=null]
Event sent to object      a10 clock(60)
Event sent to object      a30 clock(60)
object notification: Time [clock=60, time=null]
Event sent to object      a40 clock(60)
object notification: Time [clock=43, time=null]
org notification: Time [clock=43, time=null]
org notified sent time(43).
object notification: Time [clock=43, time=null]
object notification: Time [clock=43, time=null]
Event sent to object      a10 clock(43)
Event sent to object      a30 clock(43)
Event sent to object      a40 clock(43)
object notification: Time [clock=61, time=null]
object notification: Time [clock=61, time=null]
Event sent to object      a10 clock(61)
object notification: Time [clock=61, time=null]
Event sent to object      a30 clock(61)
org notification: Time [clock=61, time=null]
org notified sent time(61).
Event sent to object      a40 clock(61)
object notification: Time [clock=62, time=null]
org notification: Time [clock=62, time=null]
org notified sent time(62).
object notification: Time [clock=62, time=null]
Event sent to object      a10 clock(62)
object notification: Time [clock=62, time=null]
Event sent to object      a30 clock(62)
Event sent to object      a40 clock(62)
