2015-05-23 14:58:53,906 CONFIG [com.gigaspaces.logger] - Log file: /Users/dxd/git/ct3/logs/2015-05-23~14.58-gigaspaces-service-192.168.1.102-12283.log
-------------------------last log tuples start--------------------------------
Group [name=g, ra=a20, clock=0, time=2015-05-23 14:30:55.514]
Prohibition [subject=a30, prohibition=[rejectRequests(a30)], sanction=[reduce(a30, 500)], clock=6, time=2015-05-23 14:31:26.353]
SetGoal [id=null, agent=a40, cell=Cell [x=4, y=3], goal=Cell [x=3, y=3], sanction=100, clock=10, time=2015-05-23 14:32:03.6]
Prohibition [subject=a30, prohibition=[moveTooFast(a30)], sanction=[reduce(a30, 300)], clock=6, time=2015-05-23 14:31:26.373]
Position [subject=a20, id=null, cell=Cell [x=3, y=5], time=2015-05-23 14:33:36.202, clock=19]
Prohibition [subject=a40, prohibition=[rejectRequests(a40)], sanction=[reduce(a40, 500)], clock=6, time=2015-05-23 14:31:26.356]
Tile [id=null, cell=Cell [x=6, y=0], subject=blue, time=2015-05-23 14:30:55.255, clock=0]
Position [subject=a20, id=null, cell=Cell [x=3, y=4], time=2015-05-23 14:33:46.375, clock=19]
Time [clock=12, time=2015-05-23 14:32:18.197]
Tile [id=null, cell=Cell [x=6, y=1], subject=brown, time=2015-05-23 14:30:55.256, clock=0]
Time [clock=5, time=2015-05-23 14:31:08.184]
Proposal [id=6616, agent=a20, agent2=a40, clock=18, time=2015-05-23 14:33:21.954]
Tile [id=null, cell=Cell [x=4, y=2], subject=yellow, time=2015-05-23 14:30:55.242, clock=0]
Obligation [subject=a20, obligation=[surround(3, 3)], sanction=[reduce(g, 500)], deadline=36, time=2015-05-23 14:31:26.429, clock=6]
Position [subject=a20, id=null, cell=Cell [x=1, y=5], time=2015-05-23 14:33:33.13, clock=19]
SetGoal [id=null, agent=a20, cell=Cell [x=3, y=4], goal=Cell [x=3, y=3], sanction=100, clock=9, time=2015-05-23 14:31:54.053]
Position [subject=a20, id=null, cell=Cell [x=2, y=5], time=2015-05-23 14:33:34.18, clock=19]
Proposal [id=539, agent=a20, agent2=a30, clock=18, time=2015-05-23 14:33:27.807]
Prohibition [subject=a20, prohibition=[rejectRequests(a20)], sanction=[reduce(a20, 500)], clock=6, time=2015-05-23 14:31:26.35]
Tile [id=null, cell=Cell [x=1, y=2], subject=white, time=2015-05-23 14:30:55.206, clock=0]
Proposal [id=9993, agent=a20, agent2=a10, clock=17, time=2015-05-23 14:33:13.626]
Position [subject=a20, id=null, cell=Cell [x=1, y=6], time=2015-05-23 14:33:31.145, clock=19]
Goal [id=null, cell=Cell [x=3, y=3], agent=null, time=2015-05-23 14:30:55.308, clock=0]
SetGoal [id=null, agent=a30, cell=Cell [x=2, y=3], goal=Cell [x=3, y=3], sanction=100, clock=11, time=2015-05-23 14:32:08.923]
Time [clock=21, time=2015-05-23 14:33:48.221]
Obligation [subject=a40, obligation=[at(4, 3, a40)], sanction=[reduce(a40, 500)], deadline=36, time=2015-05-23 14:32:03.608, clock=10]
Time [clock=9, time=2015-05-23 14:31:48.191]
Tile [id=null, cell=Cell [x=5, y=0], subject=yellow, time=2015-05-23 14:30:55.249, clock=0]
Time [clock=25, time=2015-05-23 14:34:28.231]
SetGoal [id=null, agent=a10, cell=Cell [x=3, y=2], goal=Cell [x=3, y=3], sanction=100, clock=10, time=2015-05-23 14:31:58.682]
Tile [id=null, cell=Cell [x=6, y=5], subject=brown, time=2015-05-23 14:30:55.26, clock=0]
Response [id=4399, response=accepted, clock=19, time=2015-05-23 14:33:44.994]
Time [clock=17, time=2015-05-23 14:33:08.209]
Time [clock=4, time=2015-05-23 14:30:58.182]
Prohibition [subject=a40, prohibition=[moveTooFast(a40)], sanction=[reduce(a40, 300)], clock=6, time=2015-05-23 14:31:26.379]
Time [clock=19, time=2015-05-23 14:33:28.214]
Time [clock=6, time=2015-05-23 14:31:18.185]
Time [clock=20, time=2015-05-23 14:33:38.219]
Time [clock=14, time=2015-05-23 14:32:38.202]
Time [clock=10, time=2015-05-23 14:31:58.193]
Proposal [id=4399, agent=a20, agent2=a40, clock=19, time=2015-05-23 14:33:44.897]
Prohibition [subject=a10, prohibition=[moveTooFast(a10)], sanction=[reduce(a10, 300)], clock=6, time=2015-05-23 14:31:26.364]
Prohibition [subject=a20, prohibition=[moveTooFast(a20)], sanction=[reduce(a20, 300)], clock=6, time=2015-05-23 14:31:26.368]
Time [clock=1, time=2015-05-23 14:30:28.158]
Prohibition [subject=a10, prohibition=[rejectRequests(a10)], sanction=[reduce(a10, 500)], clock=6, time=2015-05-23 14:31:26.342]
Time [clock=23, time=2015-05-23 14:34:08.225]
Obligation [subject=a20, obligation=[at(3, 4, a20)], sanction=[reduce(a20, 500)], deadline=35, time=2015-05-23 14:31:54.069, clock=9]
Time [clock=24, time=2015-05-23 14:34:18.23]
Obligation [subject=a10, obligation=[at(3, 2, a10)], sanction=[reduce(a10, 500)], deadline=36, time=2015-05-23 14:31:58.689, clock=10]
Obligation [subject=a30, obligation=[at(2, 3, a30)], sanction=[reduce(a30, 500)], deadline=37, time=2015-05-23 14:32:08.929, clock=11]
Time [clock=13, time=2015-05-23 14:32:28.199]
Response [id=9993, response=accepted, clock=17, time=2015-05-23 14:33:13.662]
Time [clock=18, time=2015-05-23 14:33:18.212]
Time [clock=11, time=2015-05-23 14:32:08.195]
Time [clock=15, time=2015-05-23 14:32:48.206]
Time [clock=3, time=2015-05-23 14:30:48.18]
Time [clock=22, time=2015-05-23 14:33:58.223]
Tile [id=null, cell=Cell [x=4, y=0], subject=brown, time=2015-05-23 14:30:55.239, clock=0]
Points [subject=a20, time=2015-05-23 14:33:33.155, clock=19, value=700, id=null]
Response [id=6616, response=accepted, clock=18, time=2015-05-23 14:33:21.964]
Time [clock=7, time=2015-05-23 14:31:28.187]
Time [clock=8, time=2015-05-23 14:31:38.189]
Time [clock=16, time=2015-05-23 14:32:58.207]
Response [id=539, response=accepted, clock=19, time=2015-05-23 14:33:28.47]
Time [clock=2, time=2015-05-23 14:30:38.177]
Tile [id=null, cell=Cell [x=1, y=0], subject=brown, time=2015-05-23 14:30:55.195, clock=0]
Tile [id=null, cell=Cell [x=5, y=2], subject=brown, time=2015-05-23 14:30:55.251, clock=0]
Tile [id=null, cell=Cell [x=5, y=1], subject=white, time=2015-05-23 14:30:55.25, clock=0]
Tile [id=null, cell=Cell [x=2, y=2], subject=brown, time=2015-05-23 14:30:55.221, clock=0]
Tile [id=null, cell=Cell [x=3, y=0], subject=white, time=2015-05-23 14:30:55.23, clock=0]
Tile [id=null, cell=Cell [x=2, y=1], subject=white, time=2015-05-23 14:30:55.219, clock=0]
Tile [id=null, cell=Cell [x=4, y=6], subject=brown, time=2015-05-23 14:30:55.248, clock=0]
Tile [id=null, cell=Cell [x=2, y=0], subject=white, time=2015-05-23 14:30:55.217, clock=0]
Tile [id=null, cell=Cell [x=4, y=5], subject=yellow, time=2015-05-23 14:30:55.246, clock=0]
Tile [id=null, cell=Cell [x=0, y=0], subject=brown, time=2015-05-23 14:30:55.085, clock=0]
Tile [id=null, cell=Cell [x=3, y=5], subject=yellow, time=2015-05-23 14:30:55.237, clock=0]
Tile [id=null, cell=Cell [x=6, y=6], subject=white, time=2015-05-23 14:30:55.261, clock=0]
Tile [id=null, cell=Cell [x=5, y=6], subject=white, time=2015-05-23 14:30:55.254, clock=0]
Tile [id=null, cell=Cell [x=5, y=3], subject=yellow, time=2015-05-23 14:30:55.252, clock=0]
Tile [id=null, cell=Cell [x=3, y=1], subject=yellow, time=2015-05-23 14:30:55.231, clock=0]
Tile [id=null, cell=Cell [x=0, y=1], subject=brown, time=2015-05-23 14:30:55.182, clock=0]
Tile [id=null, cell=Cell [x=6, y=2], subject=white, time=2015-05-23 14:30:55.257, clock=0]
Tile [id=null, cell=Cell [x=6, y=4], subject=white, time=2015-05-23 14:30:55.259, clock=0]
Tile [id=null, cell=Cell [x=3, y=2], subject=blue, time=2015-05-23 14:30:55.233, clock=0]
Tile [id=null, cell=Cell [x=0, y=5], subject=blue, time=2015-05-23 14:30:55.189, clock=0]
Tile [id=null, cell=Cell [x=5, y=4], subject=blue, time=2015-05-23 14:30:55.252, clock=0]
Tile [id=null, cell=Cell [x=0, y=2], subject=white, time=2015-05-23 14:30:55.184, clock=0]
Tile [id=null, cell=Cell [x=4, y=3], subject=blue, time=2015-05-23 14:30:55.243, clock=0]
Tile [id=null, cell=Cell [x=4, y=4], subject=brown, time=2015-05-23 14:30:55.245, clock=0]
Tile [id=null, cell=Cell [x=2, y=6], subject=brown, time=2015-05-23 14:30:55.228, clock=0]
Tile [id=null, cell=Cell [x=5, y=5], subject=brown, time=2015-05-23 14:30:55.253, clock=0]
Tile [id=null, cell=Cell [x=4, y=1], subject=blue, time=2015-05-23 14:30:55.241, clock=0]
Tile [id=null, cell=Cell [x=6, y=3], subject=brown, time=2015-05-23 14:30:55.258, clock=0]
Tile [id=null, cell=Cell [x=3, y=6], subject=white, time=2015-05-23 14:30:55.238, clock=0]
Tile [id=null, cell=Cell [x=2, y=3], subject=blue, time=2015-05-23 14:30:55.223, clock=0]
Tile [id=null, cell=Cell [x=1, y=1], subject=yellow, time=2015-05-23 14:30:55.199, clock=0]
Tile [id=null, cell=Cell [x=3, y=3], subject=blue, time=2015-05-23 14:30:55.234, clock=0]
Tile [id=null, cell=Cell [x=3, y=4], subject=yellow, time=2015-05-23 14:30:55.236, clock=0]
Tile [id=null, cell=Cell [x=2, y=4], subject=white, time=2015-05-23 14:30:55.224, clock=0]
Tile [id=null, cell=Cell [x=0, y=6], subject=brown, time=2015-05-23 14:30:55.192, clock=0]
Tile [id=null, cell=Cell [x=1, y=4], subject=blue, time=2015-05-23 14:30:55.211, clock=0]
Tile [id=null, cell=Cell [x=2, y=5], subject=brown, time=2015-05-23 14:30:55.226, clock=0]
Tile [id=null, cell=Cell [x=0, y=3], subject=yellow, time=2015-05-23 14:30:55.185, clock=0]
Tile [id=null, cell=Cell [x=1, y=5], subject=brown, time=2015-05-23 14:30:55.213, clock=0]
Tile [id=null, cell=Cell [x=0, y=4], subject=brown, time=2015-05-23 14:30:55.187, clock=0]
Tile [id=null, cell=Cell [x=1, y=6], subject=yellow, time=2015-05-23 14:30:55.215, clock=0]
Tile [id=null, cell=Cell [x=1, y=3], subject=white, time=2015-05-23 14:30:55.208, clock=0]
-------------------------last log tuples end----------------------------------
