2015-05-24 09:08:19,140 CONFIG [com.gigaspaces.logger] - Log file: /Users/dxd/gigaspaces-xap-premium-9.5.1-ga/logs/2015-05-24~09.08-gigaspaces-service-192.168.1.100-14206.log
-------------------------last log tuples start--------------------------------
SetGoal [id=null, agent=a10, cell=Cell [x=3, y=2], goal=Cell [x=3, y=3], sanction=100, clock=7, time=2015-05-24 09:06:12.655]
Obligation [subject=a40, obligation=[color(white, a40)], sanction=[reduce(a40, 100)], deadline=27, time=2015-05-24 09:06:52.222, clock=11]
Prohibition [subject=a30, prohibition=[color(blue, a30)], sanction=[reduce(a30, 200)], clock=12, time=2015-05-24 09:07:11.628]
Goal [id=null, cell=Cell [x=3, y=3], agent=null, time=2015-05-24 09:05:13.27, clock=0]
Group [name=g, ra=a10, clock=0, time=2015-05-24 09:05:13.345]
Proposal [id=5773, agent=a40, agent2=a20, clock=15, time=2015-05-24 09:07:39.547]
Time [clock=11, time=2015-05-24 09:06:51.755]
Proposal [id=817, agent=a10, agent2=a20, clock=16, time=2015-05-24 09:07:47.318]
Tile [id=null, cell=Cell [x=5, y=1], subject=white, time=2015-05-24 09:05:13.214, clock=0]
Time [clock=19, time=2015-05-24 09:08:11.852]
SetGoal [id=null, agent=a20, cell=Cell [x=2, y=3], goal=Cell [x=3, y=3], sanction=100, clock=7, time=2015-05-24 09:06:12.806]
SetGoal [id=null, agent=a40, cell=Cell [x=3, y=4], goal=Cell [x=3, y=3], sanction=100, clock=7, time=2015-05-24 09:06:13.173]
Tile [id=null, cell=Cell [x=6, y=4], subject=white, time=2015-05-24 09:05:13.231, clock=0]
Color [id=null, color=blue, agent=a20, type=no, sanction=200, time=2015-05-24 09:06:14.164, clock=7]
Time [clock=10, time=2015-05-24 09:06:41.752]
Time [clock=17, time=2015-05-24 09:07:51.848]
Time [clock=1, time=2015-05-24 09:05:11.654]
Obligation [subject=a30, obligation=[at(4, 3, a30)], sanction=[reduce(a30, 100)], deadline=33, time=2015-05-24 09:06:43.866, clock=10]
Time [clock=12, time=2015-05-24 09:07:01.757]
Time [clock=4, time=2015-05-24 09:05:41.736]
Time [clock=2, time=2015-05-24 09:05:21.731]
Color [id=null, color=white, agent=a20, type=yes, sanction=100, time=2015-05-24 09:06:13.488, clock=7]
Obligation [subject=a30, obligation=[color(white, a30)], sanction=[reduce(a30, 100)], deadline=27, time=2015-05-24 09:06:47.867, clock=10]
Color [id=null, color=white, agent=a10, type=yes, sanction=100, time=2015-05-24 09:06:13.333, clock=7]
Time [clock=13, time=2015-05-24 09:07:11.758]
Time [clock=8, time=2015-05-24 09:06:21.746]
Time [clock=5, time=2015-05-24 09:05:51.738]
Time [clock=14, time=2015-05-24 09:07:21.763]
Time [clock=9, time=2015-05-24 09:06:31.749]
Time [clock=16, time=2015-05-24 09:07:41.768]
Time [clock=7, time=2015-05-24 09:06:11.743]
Color [id=null, color=white, agent=a30, type=yes, sanction=100, time=2015-05-24 09:06:13.659, clock=7]
Proposal [id=6524, agent=a10, agent2=a20, clock=15, time=2015-05-24 09:07:35.767]
Time [clock=6, time=2015-05-24 09:06:01.74]
SetGoal [id=null, agent=a30, cell=Cell [x=4, y=3], goal=Cell [x=3, y=3], sanction=100, clock=7, time=2015-05-24 09:06:12.996]
Obligation [subject=a20, obligation=[color(white, a20)], sanction=[reduce(a20, 100)], deadline=27, time=2015-05-24 09:06:47.863, clock=10]
Prohibition [subject=a30, prohibition=[moveTooFast(a30)], sanction=[reduce(a30, 300)], clock=4, time=2015-05-24 09:05:48.532]
Color [id=null, color=blue, agent=a10, type=no, sanction=200, time=2015-05-24 09:06:14.006, clock=7]
Time [clock=18, time=2015-05-24 09:08:01.85]
Time [clock=3, time=2015-05-24 09:05:31.733]
Obligation [subject=a10, obligation=[at(3, 2, a10)], sanction=[reduce(a10, 100)], deadline=33, time=2015-05-24 09:06:12.67, clock=7]
Prohibition [subject=a40, prohibition=[moveTooFast(a40)], sanction=[reduce(a40, 300)], clock=4, time=2015-05-24 09:05:48.535]
Obligation [subject=a40, obligation=[at(3, 4, a40)], sanction=[reduce(a40, 100)], deadline=33, time=2015-05-24 09:06:46.355, clock=10]
Time [clock=15, time=2015-05-24 09:07:31.765]
Tile [id=null, cell=Cell [x=5, y=3], subject=yellow, time=2015-05-24 09:05:13.218, clock=0]
Prohibition [subject=a20, prohibition=[color(blue, a20)], sanction=[reduce(a20, 200)], clock=11, time=2015-05-24 09:06:54.235]
Prohibition [subject=a20, prohibition=[moveTooFast(a20)], sanction=[reduce(a20, 300)], clock=4, time=2015-05-24 09:05:48.529]
Tile [id=null, cell=Cell [x=5, y=4], subject=blue, time=2015-05-24 09:05:13.219, clock=0]
Tile [id=null, cell=Cell [x=5, y=5], subject=brown, time=2015-05-24 09:05:13.221, clock=0]
Tile [id=null, cell=Cell [x=5, y=6], subject=white, time=2015-05-24 09:05:13.223, clock=0]
Prohibition [subject=a40, prohibition=[color(blue, a40)], sanction=[reduce(a40, 200)], clock=13, time=2015-05-24 09:07:12.135]
Tile [id=null, cell=Cell [x=3, y=0], subject=white, time=2015-05-24 09:05:13.188, clock=0]
Color [id=null, color=white, agent=a40, type=yes, sanction=100, time=2015-05-24 09:06:13.844, clock=7]
Tile [id=null, cell=Cell [x=6, y=1], subject=brown, time=2015-05-24 09:05:13.226, clock=0]
Tile [id=null, cell=Cell [x=6, y=2], subject=white, time=2015-05-24 09:05:13.228, clock=0]
Prohibition [subject=a30, prohibition=[rejectRequests(a30)], sanction=[reduce(a30, 500)], clock=4, time=2015-05-24 09:05:48.516]
Tile [id=null, cell=Cell [x=6, y=5], subject=brown, time=2015-05-24 09:05:13.233, clock=0]
Color [id=null, color=blue, agent=a30, type=no, sanction=200, time=2015-05-24 09:06:14.296, clock=7]
Prohibition [subject=a10, prohibition=[rejectRequests(a10)], sanction=[reduce(a10, 500)], clock=4, time=2015-05-24 09:05:48.499]
Tile [id=null, cell=Cell [x=3, y=4], subject=yellow, time=2015-05-24 09:05:13.194, clock=0]
Color [id=null, color=blue, agent=a40, type=no, sanction=200, time=2015-05-24 09:06:14.446, clock=7]
Prohibition [subject=a40, prohibition=[rejectRequests(a40)], sanction=[reduce(a40, 500)], clock=4, time=2015-05-24 09:05:48.521]
Tile [id=null, cell=Cell [x=3, y=6], subject=white, time=2015-05-24 09:05:13.198, clock=0]
Tile [id=null, cell=Cell [x=3, y=5], subject=yellow, time=2015-05-24 09:05:13.196, clock=0]
Tile [id=null, cell=Cell [x=4, y=0], subject=brown, time=2015-05-24 09:05:13.2, clock=0]
Proposal [id=625, agent=a30, agent2=a20, clock=18, time=2015-05-24 09:08:03.001]
Prohibition [subject=a20, prohibition=[rejectRequests(a20)], sanction=[reduce(a20, 500)], clock=4, time=2015-05-24 09:05:48.513]
Tile [id=null, cell=Cell [x=4, y=2], subject=yellow, time=2015-05-24 09:05:13.203, clock=0]
Tile [id=null, cell=Cell [x=4, y=1], subject=blue, time=2015-05-24 09:05:13.201, clock=0]
Prohibition [subject=a10, prohibition=[moveTooFast(a10)], sanction=[reduce(a10, 300)], clock=4, time=2015-05-24 09:05:48.524]
Prohibition [subject=a10, prohibition=[color(blue, a10)], sanction=[reduce(a10, 200)], clock=11, time=2015-05-24 09:06:52.226]
Proposal [id=3763, agent=a10, agent2=a20, clock=18, time=2015-05-24 09:08:07.283]
Tile [id=null, cell=Cell [x=2, y=5], subject=brown, time=2015-05-24 09:05:13.183, clock=0]
Obligation [subject=a10, obligation=[color(white, a10)], sanction=[reduce(a10, 100)], deadline=27, time=2015-05-24 09:06:46.481, clock=10]
Obligation [subject=a10, obligation=[surround(3, 3)], sanction=[reduce(g, 100)], deadline=32, time=2015-05-24 09:05:48.545, clock=4]
Tile [id=null, cell=Cell [x=1, y=4], subject=blue, time=2015-05-24 09:05:13.166, clock=0]
Obligation [subject=a20, obligation=[at(2, 3, a20)], sanction=[reduce(a20, 100)], deadline=33, time=2015-05-24 09:06:43.862, clock=10]
Tile [id=null, cell=Cell [x=4, y=5], subject=yellow, time=2015-05-24 09:05:13.208, clock=0]
Tile [id=null, cell=Cell [x=4, y=6], subject=brown, time=2015-05-24 09:05:13.21, clock=0]
Tile [id=null, cell=Cell [x=6, y=0], subject=blue, time=2015-05-24 09:05:13.224, clock=0]
Tile [id=null, cell=Cell [x=2, y=2], subject=brown, time=2015-05-24 09:05:13.177, clock=0]
Tile [id=null, cell=Cell [x=5, y=2], subject=brown, time=2015-05-24 09:05:13.216, clock=0]
Tile [id=null, cell=Cell [x=3, y=2], subject=blue, time=2015-05-24 09:05:13.191, clock=0]
Tile [id=null, cell=Cell [x=1, y=1], subject=yellow, time=2015-05-24 09:05:13.159, clock=0]
Tile [id=null, cell=Cell [x=1, y=6], subject=yellow, time=2015-05-24 09:05:13.171, clock=0]
Tile [id=null, cell=Cell [x=1, y=5], subject=brown, time=2015-05-24 09:05:13.167, clock=0]
Tile [id=null, cell=Cell [x=5, y=0], subject=yellow, time=2015-05-24 09:05:13.213, clock=0]
Tile [id=null, cell=Cell [x=0, y=1], subject=brown, time=2015-05-24 09:05:13.127, clock=0]
Tile [id=null, cell=Cell [x=2, y=1], subject=white, time=2015-05-24 09:05:13.174, clock=0]
Tile [id=null, cell=Cell [x=6, y=3], subject=brown, time=2015-05-24 09:05:13.23, clock=0]
Tile [id=null, cell=Cell [x=0, y=4], subject=brown, time=2015-05-24 09:05:13.143, clock=0]
Tile [id=null, cell=Cell [x=3, y=3], subject=blue, time=2015-05-24 09:05:13.193, clock=0]
Tile [id=null, cell=Cell [x=6, y=6], subject=white, time=2015-05-24 09:05:13.235, clock=0]
Tile [id=null, cell=Cell [x=1, y=0], subject=brown, time=2015-05-24 09:05:13.155, clock=0]
Tile [id=null, cell=Cell [x=1, y=3], subject=white, time=2015-05-24 09:05:13.163, clock=0]
Proposal [id=7219, agent=a10, agent2=a20, clock=14, time=2015-05-24 09:07:28.517]
Tile [id=null, cell=Cell [x=4, y=4], subject=brown, time=2015-05-24 09:05:13.207, clock=0]
Tile [id=null, cell=Cell [x=4, y=3], subject=blue, time=2015-05-24 09:05:13.205, clock=0]
Tile [id=null, cell=Cell [x=1, y=2], subject=white, time=2015-05-24 09:05:13.161, clock=0]
Tile [id=null, cell=Cell [x=2, y=4], subject=white, time=2015-05-24 09:05:13.182, clock=0]
Tile [id=null, cell=Cell [x=2, y=0], subject=white, time=2015-05-24 09:05:13.173, clock=0]
Tile [id=null, cell=Cell [x=0, y=0], subject=brown, time=2015-05-24 09:05:13.092, clock=0]
Tile [id=null, cell=Cell [x=2, y=6], subject=brown, time=2015-05-24 09:05:13.185, clock=0]
Tile [id=null, cell=Cell [x=2, y=3], subject=blue, time=2015-05-24 09:05:13.179, clock=0]
Tile [id=null, cell=Cell [x=0, y=3], subject=yellow, time=2015-05-24 09:05:13.14, clock=0]
Tile [id=null, cell=Cell [x=3, y=1], subject=yellow, time=2015-05-24 09:05:13.189, clock=0]
Tile [id=null, cell=Cell [x=0, y=2], subject=white, time=2015-05-24 09:05:13.129, clock=0]
Tile [id=null, cell=Cell [x=0, y=5], subject=blue, time=2015-05-24 09:05:13.148, clock=0]
Tile [id=null, cell=Cell [x=0, y=6], subject=brown, time=2015-05-24 09:05:13.15, clock=0]
Proposal [id=8249, agent=a30, agent2=a20, clock=15, time=2015-05-24 09:07:39.26]
Proposal [id=5388, agent=a10, agent2=a20, clock=17, time=2015-05-24 09:07:57.57]
Proposal [id=6329, agent=a40, agent2=a20, clock=18, time=2015-05-24 09:08:04.064]
-------------------------last log tuples end----------------------------------
[CTAH] started agent 10
[CTAH] Added a new agent to the game by the name of 10.
[ENV] added agent a10
[CTAH] started agent 30
[CTAH] Added a new agent to the game by the name of 30.
[ENV] added agent a30
[CTAH] started agent 40
[CTAH] Added a new agent to the game by the name of 40.
[ENV] added agent a40
org notification: Time [clock=1, time=2015-05-24 09:08:30.31]
org notified sent time(1).
object notification: Time [clock=1, time=2015-05-24 09:08:30.31]
object notification: Time [clock=1, time=2015-05-24 09:08:30.31]
object notification: Time [clock=1, time=2015-05-24 09:08:30.31]
Event sent to agent      a30 clock(1)
Event sent to agent      a40 clock(1)
Event sent to agent      a10 clock(1)
Event processed UpdateClock(1)
Event processed UpdateClock(1)
Event processed UpdateClock(1)
org notification: Time [clock=2, time=2015-05-24 09:08:40.397]
org notified sent time(2).
object notification: Time [clock=2, time=2015-05-24 09:08:40.397]
Event sent to agent      a40 clock(2)
object notification: Time [clock=2, time=2015-05-24 09:08:40.397]
Event sent to agent      a30 clock(2)
object notification: Time [clock=2, time=2015-05-24 09:08:40.397]
Event sent to agent      a10 clock(2)
Event processed UpdateClock(2)
Event processed UpdateClock(2)
Event processed UpdateClock(2)
org notification: Time [clock=3, time=2015-05-24 09:08:50.405]
org notified sent time(3).
object notification: Time [clock=3, time=2015-05-24 09:08:50.405]
Event sent to agent      a30 clock(3)
object notification: Time [clock=3, time=2015-05-24 09:08:50.405]
Event sent to agent      a10 clock(3)
object notification: Time [clock=3, time=2015-05-24 09:08:50.405]
Event sent to agent      a40 clock(3)
Event processed UpdateClock(3)
Event processed UpdateClock(3)
Event processed UpdateClock(3)
object notification: Time [clock=4, time=2015-05-24 09:09:00.41]
Event sent to agent      a30 clock(4)
object notification: Time [clock=4, time=2015-05-24 09:09:00.41]
object notification: Time [clock=4, time=2015-05-24 09:09:00.41]
Event sent to agent      a40 clock(4)
Event sent to agent      a10 clock(4)
org notification: Time [clock=4, time=2015-05-24 09:09:00.41]
org notified sent time(4).
Event processed UpdateClock(4)
Event processed UpdateClock(4)
Event processed UpdateClock(4)
object notification: Time [clock=5, time=2015-05-24 09:09:10.413]
object notification: Time [clock=5, time=2015-05-24 09:09:10.413]
Event sent to agent      a40 clock(5)
Event sent to agent      a10 clock(5)
org notification: Time [clock=5, time=2015-05-24 09:09:10.413]
org notified sent time(5).
object notification: Time [clock=5, time=2015-05-24 09:09:10.413]
Event sent to agent      a30 clock(5)
Event processed UpdateClock(5)
Event processed UpdateClock(5)
Event processed UpdateClock(5)
org notification: Time [clock=6, time=2015-05-24 09:09:20.415]
org notified sent time(6).
object notification: Time [clock=6, time=2015-05-24 09:09:20.415]
Event sent to agent      a30 clock(6)
object notification: Time [clock=6, time=2015-05-24 09:09:20.415]
Event sent to agent      a10 clock(6)
object notification: Time [clock=6, time=2015-05-24 09:09:20.415]
Event sent to agent      a40 clock(6)
Event processed UpdateClock(6)
Event processed UpdateClock(6)
Event processed UpdateClock(6)
object notification: Time [clock=7, time=2015-05-24 09:09:30.418]
Event sent to agent      a30 clock(7)
object notification: Time [clock=7, time=2015-05-24 09:09:30.418]
object notification: Time [clock=7, time=2015-05-24 09:09:30.418]
Event sent to agent      a10 clock(7)
Event sent to agent      a40 clock(7)
org notification: Time [clock=7, time=2015-05-24 09:09:30.418]
org notified sent time(7).
Event processed UpdateClock(7)
Event processed UpdateClock(7)
Event processed UpdateClock(7)
org notification: Time [clock=8, time=2015-05-24 09:09:40.42]
org notified sent time(8).
object notification: Time [clock=8, time=2015-05-24 09:09:40.42]
Event sent to agent      a40 clock(8)
object notification: Time [clock=8, time=2015-05-24 09:09:40.42]
Event sent to agent      a30 clock(8)
object notification: Time [clock=8, time=2015-05-24 09:09:40.42]
Event sent to agent      a10 clock(8)
