2015-05-24 09:41:35,284 CONFIG [com.gigaspaces.logger] - Log file: /Users/dxd/git/ct3/logs/2015-05-24~09.41-gigaspaces-service-192.168.1.100-14488.log
-------------------------last log tuples start--------------------------------
Proposal [id=9266, agent=a40, agent2=a10, clock=34, time=2015-05-24 09:30:47.939]
Group [name=g, ra=a10, clock=0, time=2015-05-24 09:25:09.626]
Color [id=null, color=blue, agent=a20, type=no, sanction=200, time=2015-05-24 09:25:46.282, clock=5]
Prohibition [subject=a40, prohibition=[rejectRequests(a40)], sanction=[reduce(a40, 500)], clock=4, time=2015-05-24 09:25:40.732]
Position [subject=a40, id=null, cell=Cell [x=5, y=3], time=2015-05-24 09:30:37.853, clock=33]
Proposal [id=318, agent=a30, agent2=a10, clock=16, time=2015-05-24 09:28:06.675]
Response [id=6003, response=accepted, clock=17, time=2015-05-24 09:28:23.907]
Prohibition [subject=a10, prohibition=[color(blue, a10)], sanction=[reduce(a10, 200)], clock=10, time=2015-05-24 09:26:38.608]
Obligation [subject=a30, obligation=[color(white, a30)], sanction=[reduce(a30, 100)], deadline=24, time=2015-05-24 09:26:14.261, clock=7]
Proposal [id=8443, agent=a10, agent2=a40, clock=15, time=2015-05-24 09:27:34.707]
Time [clock=9, time=2015-05-24 09:26:26.194]
Time [clock=31, time=2015-05-24 09:30:09.983]
Position [subject=a30, id=null, cell=Cell [x=6, y=4], time=2015-05-24 09:28:16.1, clock=17]
Obligation [subject=a40, obligation=[at(3, 4, a40)], sanction=[reduce(a40, 100)], deadline=30, time=2015-05-24 09:25:55.328, clock=5]
Position [subject=a30, id=null, cell=Cell [x=6, y=4], time=2015-05-24 09:28:15.944, clock=17]
Color [id=null, color=white, agent=a40, type=yes, sanction=100, time=2015-05-24 09:25:46.289, clock=5]
Proposal [id=6481, agent=a40, agent2=a20, clock=16, time=2015-05-24 09:27:54.735]
Goal [id=null, cell=Cell [x=3, y=3], agent=null, time=2015-05-24 09:25:09.569, clock=0]
Time [clock=10, time=2015-05-24 09:26:36.195]
Position [subject=a30, id=null, cell=Cell [x=6, y=5], time=2015-05-24 09:27:43.067, clock=16]
Tile [id=null, cell=Cell [x=5, y=4], subject=blue, time=2015-05-24 09:25:09.527, clock=0]
Time [clock=32, time=2015-05-24 09:30:21.145]
Position [subject=a40, id=null, cell=Cell [x=6, y=1], time=2015-05-24 09:27:54.702, clock=16]
Prohibition [subject=a40, prohibition=[moveTooFast(a40)], sanction=[reduce(a40, 300)], clock=4, time=2015-05-24 09:25:40.762]
Response [id=4503, response=accepted, clock=33, time=2015-05-24 09:30:36.889]
Time [clock=22, time=2015-05-24 09:28:36.639]
Position [subject=a10, id=null, cell=Cell [x=1, y=1], time=2015-05-24 09:30:37.298, clock=33]
Proposal [id=5674, agent=a30, agent2=a20, clock=34, time=2015-05-24 09:30:50.324]
Tile [id=null, cell=Cell [x=4, y=2], subject=yellow, time=2015-05-24 09:25:09.509, clock=0]
Prohibition [subject=a40, prohibition=[color(blue, a40)], sanction=[reduce(a40, 200)], clock=10, time=2015-05-24 09:26:45.339]
Position [subject=a40, id=null, cell=Cell [x=6, y=2], time=2015-05-24 09:28:02.338, clock=16]
Position [subject=a40, id=null, cell=Cell [x=6, y=3], time=2015-05-24 09:28:10.265, clock=17]
Prohibition [subject=a30, prohibition=[rejectRequests(a30)], sanction=[reduce(a30, 500)], clock=4, time=2015-05-24 09:25:40.726]
Color [id=null, color=blue, agent=a10, type=no, sanction=200, time=2015-05-24 09:25:46.104, clock=4]
Proposal [id=131, agent=a10, agent2=a20, clock=17, time=2015-05-24 09:28:19.843]
Time [clock=13, time=2015-05-24 09:27:06.209]
Position [subject=a10, id=null, cell=Cell [x=0, y=1], time=2015-05-24 09:28:12.187, clock=17]
SetGoal [id=null, agent=a40, cell=Cell [x=3, y=4], goal=Cell [x=3, y=3], sanction=100, clock=4, time=2015-05-24 09:25:45.207]
SetGoal [id=null, agent=a30, cell=Cell [x=4, y=3], goal=Cell [x=3, y=3], sanction=100, clock=4, time=2015-05-24 09:25:44.412]
Time [clock=23, time=2015-05-24 09:28:46.659]
Time [clock=24, time=2015-05-24 09:28:57.213]
Position [subject=a30, id=null, cell=Cell [x=5, y=4], time=2015-05-24 09:30:34.765, clock=33]
Time [clock=3, time=2015-05-24 09:25:26.178]
Response [id=3252, response=accepted, clock=16, time=2015-05-24 09:28:00.537]
Time [clock=20, time=2015-05-24 09:28:16.261]
SetGoal [id=null, agent=a30, cell=Cell [x=4, y=3], goal=Cell [x=3, y=3], sanction=100, clock=4, time=2015-05-24 09:25:45.393]
Time [clock=25, time=2015-05-24 09:29:07.621]
Time [clock=5, time=2015-05-24 09:25:46.183]
Color [id=null, color=blue, agent=a10, type=no, sanction=200, time=2015-05-24 09:25:45.738, clock=4]
Time [clock=11, time=2015-05-24 09:26:46.197]
Prohibition [subject=a30, prohibition=[color(blue, a30)], sanction=[reduce(a30, 200)], clock=10, time=2015-05-24 09:26:45.275]
Prohibition [subject=a20, prohibition=[color(blue, a20)], sanction=[reduce(a20, 200)], clock=10, time=2015-05-24 09:26:45.181]
Time [clock=12, time=2015-05-24 09:26:56.205]
Tile [id=null, cell=Cell [x=3, y=4], subject=yellow, time=2015-05-24 09:25:09.497, clock=0]
Time [clock=27, time=2015-05-24 09:29:28.054]
Proposal [id=838, agent=a40, agent2=a20, clock=15, time=2015-05-24 09:27:26.284]
Prohibition [subject=a10, prohibition=[moveTooFast(a10)], sanction=[reduce(a10, 300)], clock=4, time=2015-05-24 09:25:40.745]
Obligation [subject=a10, obligation=[surround(3, 3)], sanction=[reduce(g, 100)], deadline=33, time=2015-05-24 09:25:40.896, clock=4]
Proposal [id=4503, agent=a10, agent2=a40, clock=33, time=2015-05-24 09:30:36.871]
Response [id=8443, response=accepted, clock=15, time=2015-05-24 09:27:34.717]
Response [id=7642, response=accepted, clock=16, time=2015-05-24 09:28:04.828]
Time [clock=14, time=2015-05-24 09:27:16.211]
Time [clock=21, time=2015-05-24 09:28:26.267]
Time [clock=18, time=2015-05-24 09:27:56.255]
Time [clock=16, time=2015-05-24 09:27:36.22]
Prohibition [subject=a20, prohibition=[moveTooFast(a20)], sanction=[reduce(a20, 300)], clock=4, time=2015-05-24 09:25:40.754]
Obligation [subject=a20, obligation=[at(2, 3, a20)], sanction=[reduce(a20, 100)], deadline=30, time=2015-05-24 09:25:42.869, clock=4]
Time [clock=4, time=2015-05-24 09:25:36.18]
Time [clock=28, time=2015-05-24 09:29:38.234]
Time [clock=1, time=2015-05-24 09:25:06.16]
Response [id=838, response=accepted, clock=15, time=2015-05-24 09:27:32.108]
SetGoal [id=null, agent=a40, cell=Cell [x=3, y=4], goal=Cell [x=3, y=3], sanction=100, clock=4, time=2015-05-24 09:25:44.201]
Time [clock=34, time=2015-05-24 09:30:42.606]
Time [clock=33, time=2015-05-24 09:30:31.973]
Time [clock=6, time=2015-05-24 09:25:56.189]
Response [id=131, response=accepted, clock=17, time=2015-05-24 09:28:23.493]
Time [clock=2, time=2015-05-24 09:25:16.175]
Obligation [subject=a20, obligation=[color(white, a20)], sanction=[reduce(a20, 100)], deadline=24, time=2015-05-24 09:26:14.245, clock=7]
SetGoal [id=null, agent=a20, cell=Cell [x=2, y=3], goal=Cell [x=3, y=3], sanction=100, clock=4, time=2015-05-24 09:25:45.017]
Tile [id=null, cell=Cell [x=5, y=1], subject=white, time=2015-05-24 09:25:09.523, clock=0]
Proposal [id=4905, agent=a30, agent2=a20, clock=15, time=2015-05-24 09:27:32.675]
Time [clock=29, time=2015-05-24 09:29:48.253]
Proposal [id=3252, agent=a10, agent2=a20, clock=16, time=2015-05-24 09:27:57.073]
Obligation [subject=a10, obligation=[at(3, 2, a10)], sanction=[reduce(a10, 100)], deadline=30, time=2015-05-24 09:25:42.687, clock=4]
Time [clock=17, time=2015-05-24 09:27:46.254]
Obligation [subject=a40, obligation=[color(white, a40)], sanction=[reduce(a40, 100)], deadline=24, time=2015-05-24 09:26:24.21, clock=8]
Time [clock=15, time=2015-05-24 09:27:26.214]
SetGoal [id=null, agent=a10, cell=Cell [x=3, y=2], goal=Cell [x=3, y=3], sanction=100, clock=4, time=2015-05-24 09:25:44.595]
Time [clock=26, time=2015-05-24 09:29:17.731]
Prohibition [subject=a30, prohibition=[moveTooFast(a30)], sanction=[reduce(a30, 300)], clock=4, time=2015-05-24 09:25:40.759]
Time [clock=8, time=2015-05-24 09:26:16.192]
Color [id=null, color=white, agent=a30, type=yes, sanction=100, time=2015-05-24 09:25:45.754, clock=4]
Time [clock=19, time=2015-05-24 09:28:06.258]
Proposal [id=6003, agent=a40, agent2=a20, clock=17, time=2015-05-24 09:28:22.874]
Time [clock=30, time=2015-05-24 09:29:59.372]
Time [clock=7, time=2015-05-24 09:26:06.19]
Color [id=null, color=blue, agent=a20, type=no, sanction=200, time=2015-05-24 09:25:46.472, clock=5]
SetGoal [id=null, agent=a10, cell=Cell [x=3, y=2], goal=Cell [x=3, y=3], sanction=100, clock=4, time=2015-05-24 09:25:44.204]
Proposal [id=9012, agent=a40, agent2=a10, clock=16, time=2015-05-24 09:28:02.14]
Tile [id=null, cell=Cell [x=5, y=6], subject=white, time=2015-05-24 09:25:09.53, clock=0]
Tile [id=null, cell=Cell [x=5, y=5], subject=brown, time=2015-05-24 09:25:09.529, clock=0]
Tile [id=null, cell=Cell [x=4, y=0], subject=brown, time=2015-05-24 09:25:09.505, clock=0]
Tile [id=null, cell=Cell [x=1, y=4], subject=blue, time=2015-05-24 09:25:09.413, clock=0]
Proposal [id=16, agent=a40, agent2=a10, clock=16, time=2015-05-24 09:27:42.743]
Obligation [subject=a10, obligation=[color(white, a10)], sanction=[reduce(a10, 100)], deadline=24, time=2015-05-24 09:26:14.047, clock=7]
Tile [id=null, cell=Cell [x=6, y=1], subject=brown, time=2015-05-24 09:25:09.533, clock=0]
Tile [id=null, cell=Cell [x=6, y=6], subject=white, time=2015-05-24 09:25:09.541, clock=0]
Tile [id=null, cell=Cell [x=4, y=6], subject=brown, time=2015-05-24 09:25:09.52, clock=0]
Obligation [subject=a30, obligation=[at(4, 3, a30)], sanction=[reduce(a30, 100)], deadline=30, time=2015-05-24 09:25:43.038, clock=4]
Response [id=6481, response=accepted, clock=16, time=2015-05-24 09:28:00.167]
Prohibition [subject=a10, prohibition=[rejectRequests(a10)], sanction=[reduce(a10, 500)], clock=4, time=2015-05-24 09:25:40.715]
Tile [id=null, cell=Cell [x=1, y=6], subject=yellow, time=2015-05-24 09:25:09.42, clock=0]
Tile [id=null, cell=Cell [x=1, y=5], subject=brown, time=2015-05-24 09:25:09.418, clock=0]
Response [id=9012, response=accepted, clock=16, time=2015-05-24 09:28:02.173]
Proposal [id=7642, agent=a30, agent2=a10, clock=16, time=2015-05-24 09:28:04.803]
Tile [id=null, cell=Cell [x=3, y=0], subject=white, time=2015-05-24 09:25:09.488, clock=0]
Color [id=null, color=white, agent=a10, type=yes, sanction=100, time=2015-05-24 09:25:45.757, clock=4]
Tile [id=null, cell=Cell [x=3, y=1], subject=yellow, time=2015-05-24 09:25:09.49, clock=0]
Points [subject=a40, time=2015-05-24 09:28:47.69, clock=18, value=700, id=null]
Prohibition [subject=a20, prohibition=[rejectRequests(a20)], sanction=[reduce(a20, 500)], clock=4, time=2015-05-24 09:25:40.724]
Tile [id=null, cell=Cell [x=3, y=2], subject=blue, time=2015-05-24 09:25:09.492, clock=0]
Color [id=null, color=blue, agent=a30, type=no, sanction=200, time=2015-05-24 09:25:46.1, clock=4]
Points [subject=a10, time=2015-05-24 09:29:21.601, clock=25, value=900, id=null]
Response [id=9266, response=accepted, clock=34, time=2015-05-24 09:30:47.969]
Response [id=16, response=accepted, clock=16, time=2015-05-24 09:27:42.77]
Points [subject=a20, time=2015-05-24 09:30:42.619, clock=34, value=875, id=null]
Tile [id=null, cell=Cell [x=6, y=3], subject=brown, time=2015-05-24 09:25:09.536, clock=0]
Tile [id=null, cell=Cell [x=4, y=3], subject=blue, time=2015-05-24 09:25:09.512, clock=0]
Tile [id=null, cell=Cell [x=3, y=6], subject=white, time=2015-05-24 09:25:09.503, clock=0]
Tile [id=null, cell=Cell [x=3, y=5], subject=yellow, time=2015-05-24 09:25:09.5, clock=0]
Tile [id=null, cell=Cell [x=1, y=0], subject=brown, time=2015-05-24 09:25:09.397, clock=0]
Points [subject=a30, time=2015-05-24 09:29:09.757, clock=19, value=700, id=null]
Points [subject=a30, time=2015-05-24 09:30:42.621, clock=34, value=475, id=null]
Tile [id=null, cell=Cell [x=2, y=6], subject=brown, time=2015-05-24 09:25:09.483, clock=0]
Tile [id=null, cell=Cell [x=4, y=1], subject=blue, time=2015-05-24 09:25:09.508, clock=0]
Response [id=5674, response=accepted, clock=34, time=2015-05-24 09:37:47.814]
Tile [id=null, cell=Cell [x=6, y=2], subject=white, time=2015-05-24 09:25:09.535, clock=0]
Tile [id=null, cell=Cell [x=4, y=4], subject=brown, time=2015-05-24 09:25:09.514, clock=0]
Tile [id=null, cell=Cell [x=5, y=3], subject=yellow, time=2015-05-24 09:25:09.526, clock=0]
Tile [id=null, cell=Cell [x=2, y=2], subject=brown, time=2015-05-24 09:25:09.449, clock=0]
Points [subject=a10, time=2015-05-24 09:30:42.618, clock=34, value=875, id=null]
Tile [id=null, cell=Cell [x=6, y=0], subject=blue, time=2015-05-24 09:25:09.532, clock=0]
SetGoal [id=null, agent=a10, cell=Cell [x=3, y=2], goal=Cell [x=3, y=3], sanction=100, clock=4, time=2015-05-24 09:25:44.8]
Tile [id=null, cell=Cell [x=0, y=1], subject=brown, time=2015-05-24 09:25:09.358, clock=0]
Tile [id=null, cell=Cell [x=6, y=4], subject=white, time=2015-05-24 09:25:09.538, clock=0]
Points [subject=a20, time=2015-05-24 09:29:21.603, clock=25, value=900, id=null]
Color [id=null, color=blue, agent=a20, type=no, sanction=200, time=2015-05-24 09:25:46.101, clock=4]
Tile [id=null, cell=Cell [x=2, y=3], subject=blue, time=2015-05-24 09:25:09.477, clock=0]
Points [subject=a30, time=2015-05-24 09:30:35.179, clock=33, value=500, id=null]
Tile [id=null, cell=Cell [x=2, y=4], subject=white, time=2015-05-24 09:25:09.479, clock=0]
SetGoal [id=null, agent=a40, cell=Cell [x=3, y=4], goal=Cell [x=3, y=3], sanction=100, clock=4, time=2015-05-24 09:25:43.536]
Response [id=318, response=accepted, clock=16, time=2015-05-24 09:28:06.691]
Tile [id=null, cell=Cell [x=0, y=3], subject=yellow, time=2015-05-24 09:25:09.367, clock=0]
Color [id=null, color=blue, agent=a10, type=no, sanction=200, time=2015-05-24 09:25:45.553, clock=4]
Response [id=4905, response=accepted, clock=16, time=2015-05-24 09:27:36.261]
Tile [id=null, cell=Cell [x=5, y=0], subject=yellow, time=2015-05-24 09:25:09.521, clock=0]
Color [id=null, color=blue, agent=a40, type=no, sanction=200, time=2015-05-24 09:25:46.956, clock=5]
Tile [id=null, cell=Cell [x=1, y=1], subject=yellow, time=2015-05-24 09:25:09.405, clock=0]
Color [id=null, color=blue, agent=a30, type=no, sanction=200, time=2015-05-24 09:25:46.652, clock=5]
Tile [id=null, cell=Cell [x=4, y=5], subject=yellow, time=2015-05-24 09:25:09.517, clock=0]
Color [id=null, color=blue, agent=a10, type=no, sanction=200, time=2015-05-24 09:25:46.473, clock=5]
Tile [id=null, cell=Cell [x=2, y=1], subject=white, time=2015-05-24 09:25:09.425, clock=0]
Color [id=null, color=blue, agent=a20, type=no, sanction=200, time=2015-05-24 09:25:45.736, clock=4]
Tile [id=null, cell=Cell [x=0, y=2], subject=white, time=2015-05-24 09:25:09.363, clock=0]
Color [id=null, color=blue, agent=a30, type=no, sanction=200, time=2015-05-24 09:25:46.281, clock=5]
Points [subject=a40, time=2015-05-24 09:30:42.626, clock=34, value=675, id=null]
Tile [id=null, cell=Cell [x=2, y=0], subject=white, time=2015-05-24 09:25:09.422, clock=0]
Tile [id=null, cell=Cell [x=0, y=6], subject=brown, time=2015-05-24 09:25:09.394, clock=0]
SetGoal [id=null, agent=a20, cell=Cell [x=2, y=3], goal=Cell [x=3, y=3], sanction=100, clock=4, time=2015-05-24 09:25:43.538]
Color [id=null, color=blue, agent=a20, type=no, sanction=200, time=2015-05-24 09:25:46.653, clock=5]
Color [id=null, color=blue, agent=a40, type=no, sanction=200, time=2015-05-24 09:25:45.384, clock=4]
Tile [id=null, cell=Cell [x=2, y=5], subject=brown, time=2015-05-24 09:25:09.481, clock=0]
Tile [id=null, cell=Cell [x=1, y=3], subject=white, time=2015-05-24 09:25:09.411, clock=0]
Tile [id=null, cell=Cell [x=1, y=2], subject=white, time=2015-05-24 09:25:09.408, clock=0]
SetGoal [id=null, agent=a30, cell=Cell [x=4, y=3], goal=Cell [x=3, y=3], sanction=100, clock=4, time=2015-05-24 09:25:44.595]
Tile [id=null, cell=Cell [x=0, y=0], subject=brown, time=2015-05-24 09:25:09.325, clock=0]
Color [id=null, color=blue, agent=a30, type=no, sanction=200, time=2015-05-24 09:25:46.471, clock=5]
Color [id=null, color=white, agent=a20, type=yes, sanction=100, time=2015-05-24 09:25:45.937, clock=4]
Tile [id=null, cell=Cell [x=6, y=5], subject=brown, time=2015-05-24 09:25:09.54, clock=0]
Tile [id=null, cell=Cell [x=3, y=3], subject=blue, time=2015-05-24 09:25:09.494, clock=0]
Tile [id=null, cell=Cell [x=0, y=5], subject=blue, time=2015-05-24 09:25:09.39, clock=0]
Color [id=null, color=blue, agent=a40, type=no, sanction=200, time=2015-05-24 09:25:46.281, clock=5]
Tile [id=null, cell=Cell [x=5, y=2], subject=brown, time=2015-05-24 09:25:09.524, clock=0]
Tile [id=null, cell=Cell [x=0, y=4], subject=brown, time=2015-05-24 09:25:09.387, clock=0]
Color [id=null, color=blue, agent=a30, type=no, sanction=200, time=2015-05-24 09:25:45.551, clock=4]
Color [id=null, color=blue, agent=a30, type=no, sanction=200, time=2015-05-24 09:25:45.932, clock=4]
Color [id=null, color=white, agent=a10, type=yes, sanction=100, time=2015-05-24 09:25:45.559, clock=4]
Color [id=null, color=white, agent=a40, type=yes, sanction=100, time=2015-05-24 09:25:45.387, clock=4]
Color [id=null, color=white, agent=a30, type=yes, sanction=100, time=2015-05-24 09:25:45.388, clock=4]
Color [id=null, color=white, agent=a20, type=yes, sanction=100, time=2015-05-24 09:25:45.207, clock=4]
Color [id=null, color=blue, agent=a30, type=no, sanction=200, time=2015-05-24 09:25:45.384, clock=4]
Color [id=null, color=blue, agent=a10, type=no, sanction=200, time=2015-05-24 09:25:44.986, clock=4]
Color [id=null, color=white, agent=a30, type=yes, sanction=100, time=2015-05-24 09:25:45.203, clock=4]
SetGoal [id=null, agent=a30, cell=Cell [x=4, y=3], goal=Cell [x=3, y=3], sanction=100, clock=4, time=2015-05-24 09:25:45.211]
Color [id=null, color=white, agent=a20, type=yes, sanction=100, time=2015-05-24 09:25:45.757, clock=4]
Color [id=null, color=white, agent=a10, type=yes, sanction=100, time=2015-05-24 09:25:44.409, clock=4]
Color [id=null, color=blue, agent=a40, type=no, sanction=200, time=2015-05-24 09:25:46.471, clock=5]
Color [id=null, color=white, agent=a30, type=yes, sanction=100, time=2015-05-24 09:25:46.109, clock=4]
Color [id=null, color=white, agent=a20, type=yes, sanction=100, time=2015-05-24 09:25:45.557, clock=4]
Color [id=null, color=blue, agent=a30, type=no, sanction=200, time=2015-05-24 09:25:45.197, clock=4]
Color [id=null, color=blue, agent=a10, type=no, sanction=200, time=2015-05-24 09:25:44.036, clock=4]
Color [id=null, color=blue, agent=a40, type=no, sanction=200, time=2015-05-24 09:25:46.652, clock=5]
Color [id=null, color=white, agent=a40, type=yes, sanction=100, time=2015-05-24 09:25:44.989, clock=4]
Color [id=null, color=white, agent=a40, type=yes, sanction=100, time=2015-05-24 09:25:45.935, clock=4]
Color [id=null, color=white, agent=a10, type=yes, sanction=100, time=2015-05-24 09:25:45.207, clock=4]
Color [id=null, color=white, agent=a40, type=yes, sanction=100, time=2015-05-24 09:25:44.789, clock=4]
Color [id=null, color=blue, agent=a20, type=no, sanction=200, time=2015-05-24 09:25:45.198, clock=4]
Color [id=null, color=blue, agent=a40, type=no, sanction=200, time=2015-05-24 09:25:45.932, clock=4]
Color [id=null, color=blue, agent=a20, type=no, sanction=200, time=2015-05-24 09:25:45.933, clock=4]
Color [id=null, color=blue, agent=a30, type=no, sanction=200, time=2015-05-24 09:25:46.817, clock=5]
Color [id=null, color=blue, agent=a20, type=no, sanction=200, time=2015-05-24 09:25:44.402, clock=4]
Color [id=null, color=white, agent=a30, type=yes, sanction=100, time=2015-05-24 09:25:45.936, clock=4]
Color [id=null, color=white, agent=a40, type=yes, sanction=100, time=2015-05-24 09:25:44.405, clock=4]
Color [id=null, color=blue, agent=a40, type=no, sanction=200, time=2015-05-24 09:25:46.1, clock=4]
Color [id=null, color=blue, agent=a10, type=no, sanction=200, time=2015-05-24 09:25:45.201, clock=4]
Color [id=null, color=white, agent=a40, type=yes, sanction=100, time=2015-05-24 09:25:46.106, clock=4]
Color [id=null, color=white, agent=a40, type=yes, sanction=100, time=2015-05-24 09:25:45.554, clock=4]
Color [id=null, color=white, agent=a40, type=yes, sanction=100, time=2015-05-24 09:25:45.202, clock=4]
Color [id=null, color=blue, agent=a20, type=no, sanction=200, time=2015-05-24 09:25:45.384, clock=4]
Color [id=null, color=blue, agent=a40, type=no, sanction=200, time=2015-05-24 09:25:46.817, clock=5]
Color [id=null, color=blue, agent=a30, type=no, sanction=200, time=2015-05-24 09:25:44.981, clock=4]
Color [id=null, color=blue, agent=a10, type=no, sanction=200, time=2015-05-24 09:25:46.284, clock=5]
Color [id=null, color=blue, agent=a20, type=no, sanction=200, time=2015-05-24 09:25:44.786, clock=4]
Color [id=null, color=white, agent=a30, type=yes, sanction=100, time=2015-05-24 09:25:44.791, clock=4]
Color [id=null, color=white, agent=a10, type=yes, sanction=100, time=2015-05-24 09:25:43.377, clock=4]
Color [id=null, color=white, agent=a30, type=yes, sanction=100, time=2015-05-24 09:25:43.696, clock=4]
Color [id=null, color=blue, agent=a10, type=no, sanction=200, time=2015-05-24 09:25:44.403, clock=4]
Color [id=null, color=white, agent=a30, type=yes, sanction=100, time=2015-05-24 09:25:44.589, clock=4]
Color [id=null, color=blue, agent=a40, type=no, sanction=200, time=2015-05-24 09:25:44.585, clock=4]
Color [id=null, color=blue, agent=a30, type=no, sanction=200, time=2015-05-24 09:25:45.731, clock=4]
Color [id=null, color=blue, agent=a10, type=no, sanction=200, time=2015-05-24 09:25:45.935, clock=4]
Color [id=null, color=blue, agent=a40, type=no, sanction=200, time=2015-05-24 09:25:45.729, clock=4]
Color [id=null, color=white, agent=a40, type=yes, sanction=100, time=2015-05-24 09:25:45.748, clock=4]
Color [id=null, color=blue, agent=a20, type=no, sanction=200, time=2015-05-24 09:25:45.552, clock=4]
Color [id=null, color=blue, agent=a40, type=no, sanction=200, time=2015-05-24 09:25:45.551, clock=4]
Color [id=null, color=blue, agent=a40, type=no, sanction=200, time=2015-05-24 09:25:45.197, clock=4]
SetGoal [id=null, agent=a10, cell=Cell [x=3, y=2], goal=Cell [x=3, y=3], sanction=100, clock=4, time=2015-05-24 09:25:44.414]
Color [id=null, color=blue, agent=a20, type=no, sanction=200, time=2015-05-24 09:25:44.984, clock=4]
Color [id=null, color=blue, agent=a30, type=no, sanction=200, time=2015-05-24 09:25:44.402, clock=4]
Color [id=null, color=white, agent=a30, type=yes, sanction=100, time=2015-05-24 09:25:44.99, clock=4]
SetGoal [id=null, agent=a20, cell=Cell [x=2, y=3], goal=Cell [x=3, y=3], sanction=100, clock=4, time=2015-05-24 09:25:43.026]
Color [id=null, color=white, agent=a30, type=yes, sanction=100, time=2015-05-24 09:25:45.556, clock=4]
Color [id=null, color=white, agent=a10, type=yes, sanction=100, time=2015-05-24 09:25:44.995, clock=4]
Color [id=null, color=blue, agent=a10, type=no, sanction=200, time=2015-05-24 09:25:44.787, clock=4]
Color [id=null, color=white, agent=a20, type=yes, sanction=100, time=2015-05-24 09:25:44.591, clock=4]
Color [id=null, color=blue, agent=a10, type=no, sanction=200, time=2015-05-24 09:25:45.387, clock=4]
Color [id=null, color=white, agent=a20, type=yes, sanction=100, time=2015-05-24 09:25:45.389, clock=4]
Color [id=null, color=white, agent=a10, type=yes, sanction=100, time=2015-05-24 09:25:44.592, clock=4]
Color [id=null, color=white, agent=a30, type=yes, sanction=100, time=2015-05-24 09:25:43.843, clock=4]
Color [id=null, color=blue, agent=a30, type=no, sanction=200, time=2015-05-24 09:25:44.782, clock=4]
Color [id=null, color=white, agent=a20, type=yes, sanction=100, time=2015-05-24 09:25:44.791, clock=4]
Color [id=null, color=white, agent=a10, type=yes, sanction=100, time=2015-05-24 09:25:45.39, clock=4]
SetGoal [id=null, agent=a20, cell=Cell [x=2, y=3], goal=Cell [x=3, y=3], sanction=100, clock=4, time=2015-05-24 09:25:44.798]
Color [id=null, color=white, agent=a20, type=yes, sanction=100, time=2015-05-24 09:25:44.407, clock=4]
Color [id=null, color=white, agent=a10, type=yes, sanction=100, time=2015-05-24 09:25:44.199, clock=4]
Color [id=null, color=white, agent=a40, type=yes, sanction=100, time=2015-05-24 09:25:44.195, clock=4]
Color [id=null, color=blue, agent=a40, type=no, sanction=200, time=2015-05-24 09:25:44.779, clock=4]
Color [id=null, color=white, agent=a30, type=yes, sanction=100, time=2015-05-24 09:25:44.198, clock=4]
Color [id=null, color=white, agent=a10, type=yes, sanction=100, time=2015-05-24 09:25:44.792, clock=4]
Color [id=null, color=white, agent=a40, type=yes, sanction=100, time=2015-05-24 09:25:44.588, clock=4]
Color [id=null, color=blue, agent=a30, type=no, sanction=200, time=2015-05-24 09:25:44.585, clock=4]
Color [id=null, color=white, agent=a10, type=yes, sanction=100, time=2015-05-24 09:25:44.04, clock=4]
Color [id=null, color=white, agent=a40, type=yes, sanction=100, time=2015-05-24 09:25:43.843, clock=4]
Color [id=null, color=white, agent=a20, type=yes, sanction=100, time=2015-05-24 09:25:44.993, clock=4]
Color [id=null, color=white, agent=a20, type=yes, sanction=100, time=2015-05-24 09:25:44.198, clock=4]
Color [id=null, color=blue, agent=a10, type=no, sanction=200, time=2015-05-24 09:25:44.588, clock=4]
Color [id=null, color=white, agent=a20, type=yes, sanction=100, time=2015-05-24 09:25:44.039, clock=4]
Color [id=null, color=white, agent=a30, type=yes, sanction=100, time=2015-05-24 09:25:44.037, clock=4]
Color [id=null, color=blue, agent=a40, type=no, sanction=200, time=2015-05-24 09:25:44.979, clock=4]
Color [id=null, color=white, agent=a20, type=yes, sanction=100, time=2015-05-24 09:25:43.535, clock=4]
Color [id=null, color=blue, agent=a10, type=no, sanction=200, time=2015-05-24 09:25:44.194, clock=4]
Color [id=null, color=white, agent=a40, type=yes, sanction=100, time=2015-05-24 09:25:44.036, clock=4]
Color [id=null, color=blue, agent=a20, type=no, sanction=200, time=2015-05-24 09:25:44.194, clock=4]
Color [id=null, color=blue, agent=a20, type=no, sanction=200, time=2015-05-24 09:25:44.586, clock=4]
Color [id=null, color=white, agent=a10, type=yes, sanction=100, time=2015-05-24 09:25:43.696, clock=4]
Color [id=null, color=white, agent=a30, type=yes, sanction=100, time=2015-05-24 09:25:44.406, clock=4]
Color [id=null, color=white, agent=a20, type=yes, sanction=100, time=2015-05-24 09:25:43.696, clock=4]
Color [id=null, color=white, agent=a10, type=yes, sanction=100, time=2015-05-24 09:25:43.535, clock=4]
Color [id=null, color=white, agent=a20, type=yes, sanction=100, time=2015-05-24 09:25:43.844, clock=4]
Color [id=null, color=white, agent=a10, type=yes, sanction=100, time=2015-05-24 09:25:43.846, clock=4]
SetGoal [id=null, agent=a30, cell=Cell [x=4, y=3], goal=Cell [x=3, y=3], sanction=100, clock=4, time=2015-05-24 09:25:45.007]
SetGoal [id=null, agent=a20, cell=Cell [x=2, y=3], goal=Cell [x=3, y=3], sanction=100, clock=4, time=2015-05-24 09:25:44.595]
SetGoal [id=null, agent=a20, cell=Cell [x=2, y=3], goal=Cell [x=3, y=3], sanction=100, clock=4, time=2015-05-24 09:25:44.203]
SetGoal [id=null, agent=a40, cell=Cell [x=3, y=4], goal=Cell [x=3, y=3], sanction=100, clock=4, time=2015-05-24 09:25:45.005]
SetGoal [id=null, agent=a10, cell=Cell [x=3, y=2], goal=Cell [x=3, y=3], sanction=100, clock=4, time=2015-05-24 09:25:45.016]
SetGoal [id=null, agent=a40, cell=Cell [x=3, y=4], goal=Cell [x=3, y=3], sanction=100, clock=4, time=2015-05-24 09:25:44.041]
SetGoal [id=null, agent=a10, cell=Cell [x=3, y=2], goal=Cell [x=3, y=3], sanction=100, clock=4, time=2015-05-24 09:25:44.044]
SetGoal [id=null, agent=a30, cell=Cell [x=4, y=3], goal=Cell [x=3, y=3], sanction=100, clock=4, time=2015-05-24 09:25:44.797]
SetGoal [id=null, agent=a30, cell=Cell [x=4, y=3], goal=Cell [x=3, y=3], sanction=100, clock=4, time=2015-05-24 09:25:43.849]
SetGoal [id=null, agent=a10, cell=Cell [x=3, y=2], goal=Cell [x=3, y=3], sanction=100, clock=4, time=2015-05-24 09:25:43.197]
SetGoal [id=null, agent=a30, cell=Cell [x=4, y=3], goal=Cell [x=3, y=3], sanction=100, clock=4, time=2015-05-24 09:25:43.7]
SetGoal [id=null, agent=a20, cell=Cell [x=2, y=3], goal=Cell [x=3, y=3], sanction=100, clock=4, time=2015-05-24 09:25:43.85]
SetGoal [id=null, agent=a40, cell=Cell [x=3, y=4], goal=Cell [x=3, y=3], sanction=100, clock=4, time=2015-05-24 09:25:43.378]
SetGoal [id=null, agent=a20, cell=Cell [x=2, y=3], goal=Cell [x=3, y=3], sanction=100, clock=4, time=2015-05-24 09:25:44.413]
SetGoal [id=null, agent=a10, cell=Cell [x=3, y=2], goal=Cell [x=3, y=3], sanction=100, clock=4, time=2015-05-24 09:25:43.851]
SetGoal [id=null, agent=a20, cell=Cell [x=2, y=3], goal=Cell [x=3, y=3], sanction=100, clock=4, time=2015-05-24 09:25:44.044]
SetGoal [id=null, agent=a20, cell=Cell [x=2, y=3], goal=Cell [x=3, y=3], sanction=100, clock=4, time=2015-05-24 09:25:43.7]
SetGoal [id=null, agent=a40, cell=Cell [x=3, y=4], goal=Cell [x=3, y=3], sanction=100, clock=4, time=2015-05-24 09:25:45.559]
SetGoal [id=null, agent=a40, cell=Cell [x=3, y=4], goal=Cell [x=3, y=3], sanction=100, clock=4, time=2015-05-24 09:25:44.795]
SetGoal [id=null, agent=a40, cell=Cell [x=3, y=4], goal=Cell [x=3, y=3], sanction=100, clock=4, time=2015-05-24 09:25:44.593]
SetGoal [id=null, agent=a30, cell=Cell [x=4, y=3], goal=Cell [x=3, y=3], sanction=100, clock=4, time=2015-05-24 09:25:43.538]
SetGoal [id=null, agent=a30, cell=Cell [x=4, y=3], goal=Cell [x=3, y=3], sanction=100, clock=4, time=2015-05-24 09:25:43.026]
SetGoal [id=null, agent=a20, cell=Cell [x=2, y=3], goal=Cell [x=3, y=3], sanction=100, clock=4, time=2015-05-24 09:25:42.863]
SetGoal [id=null, agent=a10, cell=Cell [x=3, y=2], goal=Cell [x=3, y=3], sanction=100, clock=4, time=2015-05-24 09:25:42.864]
SetGoal [id=null, agent=a40, cell=Cell [x=3, y=4], goal=Cell [x=3, y=3], sanction=100, clock=4, time=2015-05-24 09:25:45.392]
SetGoal [id=null, agent=a10, cell=Cell [x=3, y=2], goal=Cell [x=3, y=3], sanction=100, clock=4, time=2015-05-24 09:25:43.029]
SetGoal [id=null, agent=a10, cell=Cell [x=3, y=2], goal=Cell [x=3, y=3], sanction=100, clock=4, time=2015-05-24 09:25:43.701]
SetGoal [id=null, agent=a10, cell=Cell [x=3, y=2], goal=Cell [x=3, y=3], sanction=100, clock=4, time=2015-05-24 09:25:43.384]
SetGoal [id=null, agent=a30, cell=Cell [x=4, y=3], goal=Cell [x=3, y=3], sanction=100, clock=4, time=2015-05-24 09:25:44.043]
SetGoal [id=null, agent=a20, cell=Cell [x=2, y=3], goal=Cell [x=3, y=3], sanction=100, clock=4, time=2015-05-24 09:25:43.192]
SetGoal [id=null, agent=a10, cell=Cell [x=3, y=2], goal=Cell [x=3, y=3], sanction=100, clock=4, time=2015-05-24 09:25:43.54]
SetGoal [id=null, agent=a40, cell=Cell [x=3, y=4], goal=Cell [x=3, y=3], sanction=100, clock=4, time=2015-05-24 09:25:44.411]
SetGoal [id=null, agent=a40, cell=Cell [x=3, y=4], goal=Cell [x=3, y=3], sanction=100, clock=4, time=2015-05-24 09:25:43.846]
SetGoal [id=null, agent=a20, cell=Cell [x=2, y=3], goal=Cell [x=3, y=3], sanction=100, clock=4, time=2015-05-24 09:25:43.381]
SetGoal [id=null, agent=a20, cell=Cell [x=2, y=3], goal=Cell [x=3, y=3], sanction=100, clock=4, time=2015-05-24 09:25:45.211]
SetGoal [id=null, agent=a10, cell=Cell [x=3, y=2], goal=Cell [x=3, y=3], sanction=100, clock=4, time=2015-05-24 09:25:42.67]
SetGoal [id=null, agent=a30, cell=Cell [x=4, y=3], goal=Cell [x=3, y=3], sanction=100, clock=4, time=2015-05-24 09:25:44.203]
SetGoal [id=null, agent=a30, cell=Cell [x=4, y=3], goal=Cell [x=3, y=3], sanction=100, clock=4, time=2015-05-24 09:25:43.192]
SetGoal [id=null, agent=a30, cell=Cell [x=4, y=3], goal=Cell [x=3, y=3], sanction=100, clock=4, time=2015-05-24 09:25:43.378]
SetGoal [id=null, agent=a40, cell=Cell [x=3, y=4], goal=Cell [x=3, y=3], sanction=100, clock=4, time=2015-05-24 09:25:43.697]
SetGoal [id=null, agent=a40, cell=Cell [x=3, y=4], goal=Cell [x=3, y=3], sanction=100, clock=4, time=2015-05-24 09:25:43.192]
-------------------------last log tuples end----------------------------------
[CTAH] started agent 10
[CTAH] Added a new agent to the game by the name of 10.
[ENV] added agent a10
[CTAH] started agent 30
[CTAH] Added a new agent to the game by the name of 30.
[ENV] added agent a30
[CTAH] started agent 40
[CTAH] Added a new agent to the game by the name of 40.
[ENV] added agent a40
