2015-05-24 11:22:12,153 CONFIG [com.gigaspaces.logger] - Log file: /Users/dxd/gigaspaces-xap-premium-9.5.1-ga/logs/2015-05-24~11.22-gigaspaces-service-192.168.1.100-15267.log
-------------------------last log tuples start--------------------------------
-------------------------last log tuples end----------------------------------
[CTAH] started agent 10
[CTAH] Added a new agent to the game by the name of 10.
[ENV] added agent a10
[CTAH] started agent 30
[CTAH] Added a new agent to the game by the name of 30.
[ENV] added agent a30
[CTAH] started agent 40
[CTAH] Added a new agent to the game by the name of 40.
[ENV] added agent a40
object notification: Time [clock=1, time=2015-05-24 11:22:22.981]
object notification: Time [clock=1, time=2015-05-24 11:22:22.981]
org notification: Time [clock=1, time=2015-05-24 11:22:22.981]
org notified sent time(1).
Event sent to agent      a30 clock(1)
Event sent to agent      a40 clock(1)
object notification: Time [clock=1, time=2015-05-24 11:22:22.981]
Event sent to agent      a10 clock(1)
#########################Game started
#########################Game started
#########################Game started
setPhases in ClientGameStatus, the current phase is 
setPhases in ClientGameStatus, the current phase is Norm Phase
setPhases in ClientGameStatus, the current phase is 
setPhases in ClientGameStatus, the current phase is 
setPhases in ClientGameStatus, the current phase is Norm Phase
setPhases in ClientGameStatus, the current phase is Norm Phase
object notification: Tile [id=null, cell=Cell [x=0, y=0], subject=brown, time=2015-05-24 11:22:25.031, clock=0]
Event sent to agent      a30 tile(brown, 0, 0, 0)
#########################Game Initialized
AGENT Thread-13: current phase name: Norm Phase
we have 1 goals
we have GoalWeight: 100  DistWeight: -10  ChipWeight: 5  CommWeight: 0 scoring
#########################Game Initialized
AGENT Thread-11: current phase name: Norm Phase
we have 1 goals
we have GoalWeight: 100  DistWeight: -10  ChipWeight: 5  CommWeight: 0 scoring
#########################Game Initialized
AGENT Thread-15: current phase name: Norm Phase
we have 1 goals
we have GoalWeight: 100  DistWeight: -10  ChipWeight: 5  CommWeight: 0 scoring
object notification: Tile [id=null, cell=Cell [x=0, y=1], subject=brown, time=2015-05-24 11:22:25.059, clock=0]
Event sent to agent      a30 tile(brown, 0, 1, 0)
object notification: Tile [id=null, cell=Cell [x=0, y=2], subject=white, time=2015-05-24 11:22:25.061, clock=0]
Event sent to agent      a30 tile(white, 0, 2, 0)
org notification: Tile [id=null, cell=Cell [x=0, y=0], subject=brown, time=2015-05-24 11:22:25.031, clock=0]
org notified sent tile(cell(0,0),brown,0).
object notification: Tile [id=null, cell=Cell [x=0, y=0], subject=brown, time=2015-05-24 11:22:25.031, clock=0]
Event sent to agent      a40 tile(brown, 0, 0, 0)
object notification: Tile [id=null, cell=Cell [x=0, y=0], subject=brown, time=2015-05-24 11:22:25.031, clock=0]
Event sent to agent      a10 tile(brown, 0, 0, 0)
object notification: Tile [id=null, cell=Cell [x=0, y=1], subject=brown, time=2015-05-24 11:22:25.059, clock=0]
Event sent to agent      a40 tile(brown, 0, 1, 0)
object notification: Tile [id=null, cell=Cell [x=0, y=2], subject=white, time=2015-05-24 11:22:25.061, clock=0]
Event sent to agent      a40 tile(white, 0, 2, 0)
object notification: Tile [id=null, cell=Cell [x=0, y=1], subject=brown, time=2015-05-24 11:22:25.059, clock=0]
Event sent to agent      a10 tile(brown, 0, 1, 0)
object notification: Tile [id=null, cell=Cell [x=0, y=2], subject=white, time=2015-05-24 11:22:25.061, clock=0]
Event sent to agent      a10 tile(white, 0, 2, 0)
object notification: Tile [id=null, cell=Cell [x=0, y=3], subject=yellow, time=2015-05-24 11:22:25.062, clock=0]
Event sent to agent      a40 tile(yellow, 0, 3, 0)
org notification: Tile [id=null, cell=Cell [x=0, y=1], subject=brown, time=2015-05-24 11:22:25.059, clock=0]
org notified sent tile(cell(0,1),brown,0).
org notification: Tile [id=null, cell=Cell [x=0, y=2], subject=white, time=2015-05-24 11:22:25.061, clock=0]
org notified sent tile(cell(0,2),white,0).
org notification: Tile [id=null, cell=Cell [x=0, y=3], subject=yellow, time=2015-05-24 11:22:25.062, clock=0]
org notified sent tile(cell(0,3),yellow,0).
object notification: Tile [id=null, cell=Cell [x=0, y=3], subject=yellow, time=2015-05-24 11:22:25.062, clock=0]
object notification: Tile [id=null, cell=Cell [x=0, y=3], subject=yellow, time=2015-05-24 11:22:25.062, clock=0]
Event sent to agent      a30 tile(yellow, 0, 3, 0)
Event sent to agent      a10 tile(yellow, 0, 3, 0)
object notification: Tile [id=null, cell=Cell [x=0, y=4], subject=brown, time=2015-05-24 11:22:25.063, clock=0]
org notification: Tile [id=null, cell=Cell [x=0, y=4], subject=brown, time=2015-05-24 11:22:25.063, clock=0]
org notified sent tile(cell(0,4),brown,0).
object notification: Tile [id=null, cell=Cell [x=0, y=4], subject=brown, time=2015-05-24 11:22:25.063, clock=0]
Event sent to agent      a30 tile(brown, 0, 4, 0)
Event sent to agent      a40 tile(brown, 0, 4, 0)
object notification: Tile [id=null, cell=Cell [x=0, y=4], subject=brown, time=2015-05-24 11:22:25.063, clock=0]
Event sent to agent      a10 tile(brown, 0, 4, 0)
object notification: Tile [id=null, cell=Cell [x=0, y=5], subject=blue, time=2015-05-24 11:22:25.064, clock=0]
object notification: Tile [id=null, cell=Cell [x=0, y=5], subject=blue, time=2015-05-24 11:22:25.064, clock=0]
Event sent to agent      a30 tile(blue, 0, 5, 0)
Event sent to agent      a10 tile(blue, 0, 5, 0)
org notification: Tile [id=null, cell=Cell [x=0, y=5], subject=blue, time=2015-05-24 11:22:25.064, clock=0]
org notified sent tile(cell(0,5),blue,0).
object notification: Tile [id=null, cell=Cell [x=0, y=6], subject=brown, time=2015-05-24 11:22:25.065, clock=0]
Event sent to agent      a10 tile(brown, 0, 6, 0)
object notification: Tile [id=null, cell=Cell [x=0, y=6], subject=brown, time=2015-05-24 11:22:25.065, clock=0]
Event sent to agent      a30 tile(brown, 0, 6, 0)
object notification: Tile [id=null, cell=Cell [x=0, y=5], subject=blue, time=2015-05-24 11:22:25.064, clock=0]
Event sent to agent      a40 tile(blue, 0, 5, 0)
object notification: Tile [id=null, cell=Cell [x=0, y=6], subject=brown, time=2015-05-24 11:22:25.065, clock=0]
Event sent to agent      a40 tile(brown, 0, 6, 0)
object notification: Tile [id=null, cell=Cell [x=1, y=0], subject=brown, time=2015-05-24 11:22:25.066, clock=0]
Event sent to agent      a40 tile(brown, 1, 0, 0)
object notification: Tile [id=null, cell=Cell [x=1, y=0], subject=brown, time=2015-05-24 11:22:25.066, clock=0]
Event sent to agent      a30 tile(brown, 1, 0, 0)
object notification: Tile [id=null, cell=Cell [x=1, y=0], subject=brown, time=2015-05-24 11:22:25.066, clock=0]
Event sent to agent      a10 tile(brown, 1, 0, 0)
org notification: Tile [id=null, cell=Cell [x=0, y=6], subject=brown, time=2015-05-24 11:22:25.065, clock=0]
org notified sent tile(cell(0,6),brown,0).
org notification: Tile [id=null, cell=Cell [x=1, y=0], subject=brown, time=2015-05-24 11:22:25.066, clock=0]
org notified sent tile(cell(1,0),brown,0).
object notification: Tile [id=null, cell=Cell [x=1, y=1], subject=yellow, time=2015-05-24 11:22:25.067, clock=0]
Event sent to agent      a40 tile(yellow, 1, 1, 0)
object notification: Tile [id=null, cell=Cell [x=1, y=1], subject=yellow, time=2015-05-24 11:22:25.067, clock=0]
Event sent to agent      a30 tile(yellow, 1, 1, 0)
org notification: Tile [id=null, cell=Cell [x=1, y=1], subject=yellow, time=2015-05-24 11:22:25.067, clock=0]
org notified sent tile(cell(1,1),yellow,0).
object notification: Tile [id=null, cell=Cell [x=1, y=2], subject=white, time=2015-05-24 11:22:25.068, clock=0]
object notification: Tile [id=null, cell=Cell [x=1, y=1], subject=yellow, time=2015-05-24 11:22:25.067, clock=0]
Event sent to agent      a40 tile(white, 1, 2, 0)
Event sent to agent      a10 tile(yellow, 1, 1, 0)
object notification: Tile [id=null, cell=Cell [x=1, y=2], subject=white, time=2015-05-24 11:22:25.068, clock=0]
Event sent to agent      a10 tile(white, 1, 2, 0)
object notification: Tile [id=null, cell=Cell [x=1, y=2], subject=white, time=2015-05-24 11:22:25.068, clock=0]
Event sent to agent      a30 tile(white, 1, 2, 0)
object notification: Tile [id=null, cell=Cell [x=1, y=3], subject=white, time=2015-05-24 11:22:25.069, clock=0]
Event sent to agent      a40 tile(white, 1, 3, 0)
object notification: Tile [id=null, cell=Cell [x=1, y=3], subject=white, time=2015-05-24 11:22:25.069, clock=0]
Event sent to agent      a30 tile(white, 1, 3, 0)
object notification: Tile [id=null, cell=Cell [x=1, y=3], subject=white, time=2015-05-24 11:22:25.069, clock=0]
Event sent to agent      a10 tile(white, 1, 3, 0)
object notification: Tile [id=null, cell=Cell [x=1, y=4], subject=blue, time=2015-05-24 11:22:25.07, clock=0]
Event sent to agent      a10 tile(blue, 1, 4, 0)
object notification: Tile [id=null, cell=Cell [x=1, y=4], subject=blue, time=2015-05-24 11:22:25.07, clock=0]
Event sent to agent      a30 tile(blue, 1, 4, 0)
object notification: Tile [id=null, cell=Cell [x=1, y=4], subject=blue, time=2015-05-24 11:22:25.07, clock=0]
Event sent to agent      a40 tile(blue, 1, 4, 0)
org notification: Tile [id=null, cell=Cell [x=1, y=2], subject=white, time=2015-05-24 11:22:25.068, clock=0]
org notified sent tile(cell(1,2),white,0).
object notification: Tile [id=null, cell=Cell [x=1, y=5], subject=brown, time=2015-05-24 11:22:25.071, clock=0]
Event sent to agent      a10 tile(brown, 1, 5, 0)
object notification: Tile [id=null, cell=Cell [x=1, y=5], subject=brown, time=2015-05-24 11:22:25.071, clock=0]
Event sent to agent      a30 tile(brown, 1, 5, 0)
object notification: Tile [id=null, cell=Cell [x=1, y=6], subject=yellow, time=2015-05-24 11:22:25.072, clock=0]
Event sent to agent      a30 tile(yellow, 1, 6, 0)
object notification: Tile [id=null, cell=Cell [x=1, y=6], subject=yellow, time=2015-05-24 11:22:25.072, clock=0]
Event sent to agent      a10 tile(yellow, 1, 6, 0)
object notification: Tile [id=null, cell=Cell [x=1, y=5], subject=brown, time=2015-05-24 11:22:25.071, clock=0]
Event sent to agent      a40 tile(brown, 1, 5, 0)
org notification: Tile [id=null, cell=Cell [x=1, y=3], subject=white, time=2015-05-24 11:22:25.069, clock=0]
org notified sent tile(cell(1,3),white,0).
object notification: Tile [id=null, cell=Cell [x=2, y=0], subject=white, time=2015-05-24 11:22:25.073, clock=0]
object notification: Tile [id=null, cell=Cell [x=2, y=0], subject=white, time=2015-05-24 11:22:25.073, clock=0]
Event sent to agent      a10 tile(white, 2, 0, 0)
Event sent to agent      a30 tile(white, 2, 0, 0)
object notification: Tile [id=null, cell=Cell [x=2, y=1], subject=white, time=2015-05-24 11:22:25.074, clock=0]
Event sent to agent      a30 tile(white, 2, 1, 0)
object notification: Tile [id=null, cell=Cell [x=2, y=1], subject=white, time=2015-05-24 11:22:25.074, clock=0]
Event sent to agent      a10 tile(white, 2, 1, 0)
object notification: Tile [id=null, cell=Cell [x=2, y=2], subject=brown, time=2015-05-24 11:22:25.076, clock=0]
object notification: Tile [id=null, cell=Cell [x=2, y=2], subject=brown, time=2015-05-24 11:22:25.076, clock=0]
Event sent to agent      a10 tile(brown, 2, 2, 0)
Event sent to agent      a30 tile(brown, 2, 2, 0)
org notification: Tile [id=null, cell=Cell [x=1, y=4], subject=blue, time=2015-05-24 11:22:25.07, clock=0]
org notified sent tile(cell(1,4),blue,0).
object notification: Tile [id=null, cell=Cell [x=2, y=3], subject=blue, time=2015-05-24 11:22:25.076, clock=0]
Event sent to agent      a10 tile(blue, 2, 3, 0)
object notification: Tile [id=null, cell=Cell [x=2, y=3], subject=blue, time=2015-05-24 11:22:25.076, clock=0]
Event sent to agent      a30 tile(blue, 2, 3, 0)
org notification: Tile [id=null, cell=Cell [x=1, y=5], subject=brown, time=2015-05-24 11:22:25.071, clock=0]
org notified sent tile(cell(1,5),brown,0).
object notification: Tile [id=null, cell=Cell [x=2, y=4], subject=white, time=2015-05-24 11:22:25.077, clock=0]
Event sent to agent      a30 tile(white, 2, 4, 0)
object notification: Tile [id=null, cell=Cell [x=2, y=4], subject=white, time=2015-05-24 11:22:25.077, clock=0]
Event sent to agent      a10 tile(white, 2, 4, 0)
object notification: Tile [id=null, cell=Cell [x=2, y=5], subject=brown, time=2015-05-24 11:22:25.078, clock=0]
Event sent to agent      a30 tile(brown, 2, 5, 0)
object notification: Tile [id=null, cell=Cell [x=2, y=5], subject=brown, time=2015-05-24 11:22:25.078, clock=0]
Event sent to agent      a10 tile(brown, 2, 5, 0)
org notification: Tile [id=null, cell=Cell [x=1, y=6], subject=yellow, time=2015-05-24 11:22:25.072, clock=0]
org notified sent tile(cell(1,6),yellow,0).
object notification: Tile [id=null, cell=Cell [x=2, y=6], subject=brown, time=2015-05-24 11:22:25.079, clock=0]
Event sent to agent      a10 tile(brown, 2, 6, 0)
org notification: Tile [id=null, cell=Cell [x=2, y=0], subject=white, time=2015-05-24 11:22:25.073, clock=0]
org notified sent tile(cell(2,0),white,0).
object notification: Tile [id=null, cell=Cell [x=2, y=6], subject=brown, time=2015-05-24 11:22:25.079, clock=0]
Event sent to agent      a30 tile(brown, 2, 6, 0)
org notification: Tile [id=null, cell=Cell [x=2, y=1], subject=white, time=2015-05-24 11:22:25.074, clock=0]
org notified sent tile(cell(2,1),white,0).
object notification: Tile [id=null, cell=Cell [x=3, y=0], subject=white, time=2015-05-24 11:22:25.08, clock=0]
Event sent to agent      a30 tile(white, 3, 0, 0)
object notification: Tile [id=null, cell=Cell [x=3, y=0], subject=white, time=2015-05-24 11:22:25.08, clock=0]
org notification: Tile [id=null, cell=Cell [x=2, y=2], subject=brown, time=2015-05-24 11:22:25.076, clock=0]
org notified sent tile(cell(2,2),brown,0).
Event sent to agent      a10 tile(white, 3, 0, 0)
object notification: Tile [id=null, cell=Cell [x=3, y=1], subject=yellow, time=2015-05-24 11:22:25.082, clock=0]
Event sent to agent      a30 tile(yellow, 3, 1, 0)
object notification: Tile [id=null, cell=Cell [x=3, y=2], subject=blue, time=2015-05-24 11:22:25.083, clock=0]
Event sent to agent      a30 tile(blue, 3, 2, 0)
object notification: Tile [id=null, cell=Cell [x=3, y=1], subject=yellow, time=2015-05-24 11:22:25.082, clock=0]
Event sent to agent      a10 tile(yellow, 3, 1, 0)
object notification: Tile [id=null, cell=Cell [x=1, y=6], subject=yellow, time=2015-05-24 11:22:25.072, clock=0]
object notification: Tile [id=null, cell=Cell [x=3, y=2], subject=blue, time=2015-05-24 11:22:25.083, clock=0]
Event sent to agent      a10 tile(blue, 3, 2, 0)
Event sent to agent      a40 tile(yellow, 1, 6, 0)
object notification: Tile [id=null, cell=Cell [x=3, y=3], subject=blue, time=2015-05-24 11:22:25.084, clock=0]
Event sent to agent      a10 tile(blue, 3, 3, 0)
object notification: Tile [id=null, cell=Cell [x=2, y=0], subject=white, time=2015-05-24 11:22:25.073, clock=0]
Event sent to agent      a40 tile(white, 2, 0, 0)
object notification: Tile [id=null, cell=Cell [x=3, y=4], subject=yellow, time=2015-05-24 11:22:25.085, clock=0]
object notification: Tile [id=null, cell=Cell [x=2, y=1], subject=white, time=2015-05-24 11:22:25.074, clock=0]
Event sent to agent      a10 tile(yellow, 3, 4, 0)
Event sent to agent      a40 tile(white, 2, 1, 0)
object notification: Tile [id=null, cell=Cell [x=2, y=2], subject=brown, time=2015-05-24 11:22:25.076, clock=0]
Event sent to agent      a40 tile(brown, 2, 2, 0)
object notification: Tile [id=null, cell=Cell [x=2, y=3], subject=blue, time=2015-05-24 11:22:25.076, clock=0]
Event sent to agent      a40 tile(blue, 2, 3, 0)
object notification: Tile [id=null, cell=Cell [x=3, y=5], subject=yellow, time=2015-05-24 11:22:25.086, clock=0]
Event sent to agent      a10 tile(yellow, 3, 5, 0)
object notification: Tile [id=null, cell=Cell [x=3, y=6], subject=white, time=2015-05-24 11:22:25.087, clock=0]
Event sent to agent      a10 tile(white, 3, 6, 0)
object notification: Tile [id=null, cell=Cell [x=2, y=4], subject=white, time=2015-05-24 11:22:25.077, clock=0]
Event sent to agent      a40 tile(white, 2, 4, 0)
object notification: Tile [id=null, cell=Cell [x=2, y=5], subject=brown, time=2015-05-24 11:22:25.078, clock=0]
Event sent to agent      a40 tile(brown, 2, 5, 0)
object notification: Tile [id=null, cell=Cell [x=4, y=0], subject=brown, time=2015-05-24 11:22:25.088, clock=0]
Event sent to agent      a10 tile(brown, 4, 0, 0)
object notification: Tile [id=null, cell=Cell [x=3, y=3], subject=blue, time=2015-05-24 11:22:25.084, clock=0]
Event sent to agent      a30 tile(blue, 3, 3, 0)
object notification: Tile [id=null, cell=Cell [x=3, y=4], subject=yellow, time=2015-05-24 11:22:25.085, clock=0]
Event sent to agent      a30 tile(yellow, 3, 4, 0)
object notification: Tile [id=null, cell=Cell [x=3, y=5], subject=yellow, time=2015-05-24 11:22:25.086, clock=0]
Event sent to agent      a30 tile(yellow, 3, 5, 0)
object notification: Tile [id=null, cell=Cell [x=3, y=6], subject=white, time=2015-05-24 11:22:25.087, clock=0]
Event sent to agent      a30 tile(white, 3, 6, 0)
object notification: Tile [id=null, cell=Cell [x=4, y=1], subject=blue, time=2015-05-24 11:22:25.089, clock=0]
Event sent to agent      a10 tile(blue, 4, 1, 0)
object notification: Time [clock=2, time=2015-05-24 11:22:33.011]
Event sent to agent      a30 clock(2)
object notification: Tile [id=null, cell=Cell [x=4, y=2], subject=yellow, time=2015-05-24 11:22:25.09, clock=0]
Event sent to agent      a10 tile(yellow, 4, 2, 0)
object notification: Tile [id=null, cell=Cell [x=4, y=0], subject=brown, time=2015-05-24 11:22:25.088, clock=0]
Event sent to agent      a30 tile(brown, 4, 0, 0)
object notification: Tile [id=null, cell=Cell [x=4, y=1], subject=blue, time=2015-05-24 11:22:25.089, clock=0]
Event sent to agent      a30 tile(blue, 4, 1, 0)
object notification: Tile [id=null, cell=Cell [x=4, y=2], subject=yellow, time=2015-05-24 11:22:25.09, clock=0]
Event sent to agent      a30 tile(yellow, 4, 2, 0)
object notification: Tile [id=null, cell=Cell [x=4, y=3], subject=blue, time=2015-05-24 11:22:25.091, clock=0]
Event sent to agent      a30 tile(blue, 4, 3, 0)
object notification: Tile [id=null, cell=Cell [x=4, y=4], subject=brown, time=2015-05-24 11:22:25.092, clock=0]
Event sent to agent      a30 tile(brown, 4, 4, 0)
object notification: Tile [id=null, cell=Cell [x=4, y=5], subject=yellow, time=2015-05-24 11:22:25.093, clock=0]
Event sent to agent      a30 tile(yellow, 4, 5, 0)
object notification: Tile [id=null, cell=Cell [x=4, y=6], subject=brown, time=2015-05-24 11:22:25.094, clock=0]
Event sent to agent      a30 tile(brown, 4, 6, 0)
object notification: Tile [id=null, cell=Cell [x=5, y=0], subject=yellow, time=2015-05-24 11:22:25.095, clock=0]
Event sent to agent      a30 tile(yellow, 5, 0, 0)
object notification: Time [clock=2, time=2015-05-24 11:22:33.011]
Event sent to agent      a10 clock(2)
object notification: Tile [id=null, cell=Cell [x=4, y=3], subject=blue, time=2015-05-24 11:22:25.091, clock=0]
Event sent to agent      a10 tile(blue, 4, 3, 0)
object notification: Tile [id=null, cell=Cell [x=5, y=1], subject=white, time=2015-05-24 11:22:25.096, clock=0]
Event sent to agent      a30 tile(white, 5, 1, 0)
object notification: Time [clock=2, time=2015-05-24 11:22:33.011]
Event sent to agent      a40 clock(2)
object notification: Tile [id=null, cell=Cell [x=4, y=4], subject=brown, time=2015-05-24 11:22:25.092, clock=0]
Event sent to agent      a10 tile(brown, 4, 4, 0)
object notification: Tile [id=null, cell=Cell [x=4, y=5], subject=yellow, time=2015-05-24 11:22:25.093, clock=0]
Event sent to agent      a10 tile(yellow, 4, 5, 0)
object notification: Tile [id=null, cell=Cell [x=5, y=2], subject=brown, time=2015-05-24 11:22:25.097, clock=0]
Event sent to agent      a30 tile(brown, 5, 2, 0)
object notification: Tile [id=null, cell=Cell [x=4, y=6], subject=brown, time=2015-05-24 11:22:25.094, clock=0]
Event sent to agent      a10 tile(brown, 4, 6, 0)
object notification: Tile [id=null, cell=Cell [x=5, y=3], subject=yellow, time=2015-05-24 11:22:25.098, clock=0]
Event sent to agent      a30 tile(yellow, 5, 3, 0)
object notification: Tile [id=null, cell=Cell [x=5, y=0], subject=yellow, time=2015-05-24 11:22:25.095, clock=0]
Event sent to agent      a10 tile(yellow, 5, 0, 0)
org notification: Goal [id=null, cell=Cell [x=3, y=3], agent=null, time=2015-05-24 11:22:25.138, clock=0]
org notified sent goal(cell(3,3),null,0).
object notification: Tile [id=null, cell=Cell [x=5, y=4], subject=blue, time=2015-05-24 11:22:25.099, clock=0]
Event sent to agent      a30 tile(blue, 5, 4, 0)
object notification: Tile [id=null, cell=Cell [x=5, y=5], subject=brown, time=2015-05-24 11:22:25.1, clock=0]
org notification: Group [name=g, ra=a10, clock=0, time=2015-05-24 11:22:25.185]
org notified sent group(g,a10,0).
object notification: Tile [id=null, cell=Cell [x=5, y=1], subject=white, time=2015-05-24 11:22:25.096, clock=0]
Event sent to agent      a10 tile(white, 5, 1, 0)
Event sent to agent      a30 tile(brown, 5, 5, 0)
object notification: Tile [id=null, cell=Cell [x=5, y=6], subject=white, time=2015-05-24 11:22:25.101, clock=0]
Event sent to agent      a30 tile(white, 5, 6, 0)
org notification: Time [clock=2, time=2015-05-24 11:22:33.011]
org notified sent time(2).
object notification: Tile [id=null, cell=Cell [x=6, y=0], subject=blue, time=2015-05-24 11:22:25.102, clock=0]
Event sent to agent      a30 tile(blue, 6, 0, 0)
object notification: Tile [id=null, cell=Cell [x=2, y=6], subject=brown, time=2015-05-24 11:22:25.079, clock=0]
Event sent to agent      a40 tile(brown, 2, 6, 0)
object notification: Tile [id=null, cell=Cell [x=3, y=0], subject=white, time=2015-05-24 11:22:25.08, clock=0]
Event sent to agent      a40 tile(white, 3, 0, 0)
object notification: Tile [id=null, cell=Cell [x=3, y=1], subject=yellow, time=2015-05-24 11:22:25.082, clock=0]
Event sent to agent      a40 tile(yellow, 3, 1, 0)
object notification: Tile [id=null, cell=Cell [x=3, y=2], subject=blue, time=2015-05-24 11:22:25.083, clock=0]
Event sent to agent      a40 tile(blue, 3, 2, 0)
object notification: Tile [id=null, cell=Cell [x=3, y=3], subject=blue, time=2015-05-24 11:22:25.084, clock=0]
Event sent to agent      a40 tile(blue, 3, 3, 0)
object notification: Tile [id=null, cell=Cell [x=3, y=4], subject=yellow, time=2015-05-24 11:22:25.085, clock=0]
Event sent to agent      a40 tile(yellow, 3, 4, 0)
object notification: Tile [id=null, cell=Cell [x=3, y=5], subject=yellow, time=2015-05-24 11:22:25.086, clock=0]
Event sent to agent      a40 tile(yellow, 3, 5, 0)
object notification: Tile [id=null, cell=Cell [x=3, y=6], subject=white, time=2015-05-24 11:22:25.087, clock=0]
Event sent to agent      a40 tile(white, 3, 6, 0)
object notification: Tile [id=null, cell=Cell [x=6, y=1], subject=brown, time=2015-05-24 11:22:25.103, clock=0]
object notification: Tile [id=null, cell=Cell [x=4, y=0], subject=brown, time=2015-05-24 11:22:25.088, clock=0]
Event sent to agent      a30 tile(brown, 6, 1, 0)
Event sent to agent      a40 tile(brown, 4, 0, 0)
object notification: Tile [id=null, cell=Cell [x=4, y=1], subject=blue, time=2015-05-24 11:22:25.089, clock=0]
Event sent to agent      a40 tile(blue, 4, 1, 0)
object notification: Tile [id=null, cell=Cell [x=4, y=2], subject=yellow, time=2015-05-24 11:22:25.09, clock=0]
Event sent to agent      a40 tile(yellow, 4, 2, 0)
object notification: Tile [id=null, cell=Cell [x=6, y=2], subject=white, time=2015-05-24 11:22:25.104, clock=0]
Event sent to agent      a30 tile(white, 6, 2, 0)
object notification: Tile [id=null, cell=Cell [x=4, y=3], subject=blue, time=2015-05-24 11:22:25.091, clock=0]
Event sent to agent      a40 tile(blue, 4, 3, 0)
object notification: Tile [id=null, cell=Cell [x=4, y=4], subject=brown, time=2015-05-24 11:22:25.092, clock=0]
Event sent to agent      a40 tile(brown, 4, 4, 0)
object notification: Tile [id=null, cell=Cell [x=4, y=5], subject=yellow, time=2015-05-24 11:22:25.093, clock=0]
Event sent to agent      a40 tile(yellow, 4, 5, 0)
object notification: Tile [id=null, cell=Cell [x=4, y=6], subject=brown, time=2015-05-24 11:22:25.094, clock=0]
object notification: Tile [id=null, cell=Cell [x=6, y=3], subject=brown, time=2015-05-24 11:22:25.105, clock=0]
Event sent to agent      a40 tile(brown, 4, 6, 0)
Event sent to agent      a30 tile(brown, 6, 3, 0)
object notification: Tile [id=null, cell=Cell [x=5, y=0], subject=yellow, time=2015-05-24 11:22:25.095, clock=0]
Event sent to agent      a40 tile(yellow, 5, 0, 0)
object notification: Tile [id=null, cell=Cell [x=5, y=1], subject=white, time=2015-05-24 11:22:25.096, clock=0]
object notification: Tile [id=null, cell=Cell [x=6, y=4], subject=white, time=2015-05-24 11:22:25.106, clock=0]
Event sent to agent      a40 tile(white, 5, 1, 0)
Event sent to agent      a30 tile(white, 6, 4, 0)
object notification: Tile [id=null, cell=Cell [x=5, y=2], subject=brown, time=2015-05-24 11:22:25.097, clock=0]
Organization notifies object (write): Obligation [subject=a10, obligation=[surround(3, 3)], sanction=[reduce(g, 100)], deadline=32, time=2015-05-24 11:23:02.153, clock=4]
Event sent to agent      a40 tile(brown, 5, 2, 0)
object notification: Tile [id=null, cell=Cell [x=5, y=3], subject=yellow, time=2015-05-24 11:22:25.098, clock=0]
Event sent to agent      a40 tile(yellow, 5, 3, 0)
object notification: Tile [id=null, cell=Cell [x=6, y=5], subject=brown, time=2015-05-24 11:22:25.107, clock=0]
Event sent to agent      a30 tile(brown, 6, 5, 0)
object notification: Tile [id=null, cell=Cell [x=5, y=4], subject=blue, time=2015-05-24 11:22:25.099, clock=0]
Event sent to agent      a40 tile(blue, 5, 4, 0)
object notification: Tile [id=null, cell=Cell [x=5, y=2], subject=brown, time=2015-05-24 11:22:25.097, clock=0]
object notification: Tile [id=null, cell=Cell [x=5, y=5], subject=brown, time=2015-05-24 11:22:25.1, clock=0]
Event sent to agent      a10 tile(brown, 5, 2, 0)
Event sent to agent      a40 tile(brown, 5, 5, 0)
object notification: Tile [id=null, cell=Cell [x=6, y=6], subject=white, time=2015-05-24 11:22:25.108, clock=0]
object notification: Tile [id=null, cell=Cell [x=5, y=6], subject=white, time=2015-05-24 11:22:25.101, clock=0]
Event sent to agent      a30 tile(white, 6, 6, 0)
Event sent to agent      a40 tile(white, 5, 6, 0)
object notification: Tile [id=null, cell=Cell [x=6, y=0], subject=blue, time=2015-05-24 11:22:25.102, clock=0]
Event sent to agent      a40 tile(blue, 6, 0, 0)
object notification: Tile [id=null, cell=Cell [x=6, y=1], subject=brown, time=2015-05-24 11:22:25.103, clock=0]
Event sent to agent      a40 tile(brown, 6, 1, 0)
object notification: Tile [id=null, cell=Cell [x=6, y=2], subject=white, time=2015-05-24 11:22:25.104, clock=0]
Event sent to agent      a40 tile(white, 6, 2, 0)
object notification: Tile [id=null, cell=Cell [x=6, y=3], subject=brown, time=2015-05-24 11:22:25.105, clock=0]
object notification: Tile [id=null, cell=Cell [x=5, y=3], subject=yellow, time=2015-05-24 11:22:25.098, clock=0]
Event sent to agent      a10 tile(yellow, 5, 3, 0)
object notification: Tile [id=null, cell=Cell [x=5, y=4], subject=blue, time=2015-05-24 11:22:25.099, clock=0]
Event sent to agent      a10 tile(blue, 5, 4, 0)
Event sent to agent      a40 tile(brown, 6, 3, 0)
object notification: Tile [id=null, cell=Cell [x=6, y=4], subject=white, time=2015-05-24 11:22:25.106, clock=0]
Event sent to agent      a40 tile(white, 6, 4, 0)
object notification: Tile [id=null, cell=Cell [x=6, y=5], subject=brown, time=2015-05-24 11:22:25.107, clock=0]
Event sent to agent      a40 tile(brown, 6, 5, 0)
object notification: Tile [id=null, cell=Cell [x=6, y=6], subject=white, time=2015-05-24 11:22:25.108, clock=0]
Event sent to agent      a40 tile(white, 6, 6, 0)
object notification: Tile [id=null, cell=Cell [x=5, y=5], subject=brown, time=2015-05-24 11:22:25.1, clock=0]
Event sent to agent      a10 tile(brown, 5, 5, 0)
object notification: Tile [id=null, cell=Cell [x=5, y=6], subject=white, time=2015-05-24 11:22:25.101, clock=0]
Event sent to agent      a10 tile(white, 5, 6, 0)
object notification: Tile [id=null, cell=Cell [x=6, y=0], subject=blue, time=2015-05-24 11:22:25.102, clock=0]
Event sent to agent      a10 tile(blue, 6, 0, 0)
object notification: Tile [id=null, cell=Cell [x=6, y=1], subject=brown, time=2015-05-24 11:22:25.103, clock=0]
Event sent to agent      a10 tile(brown, 6, 1, 0)
object notification: Tile [id=null, cell=Cell [x=6, y=2], subject=white, time=2015-05-24 11:22:25.104, clock=0]
Event sent to agent      a10 tile(white, 6, 2, 0)
object notification: Tile [id=null, cell=Cell [x=6, y=3], subject=brown, time=2015-05-24 11:22:25.105, clock=0]
Event sent to agent      a10 tile(brown, 6, 3, 0)
object notification: Tile [id=null, cell=Cell [x=6, y=4], subject=white, time=2015-05-24 11:22:25.106, clock=0]
Event sent to agent      a10 tile(white, 6, 4, 0)
object notification: Tile [id=null, cell=Cell [x=6, y=5], subject=brown, time=2015-05-24 11:22:25.107, clock=0]
Event sent to agent      a10 tile(brown, 6, 5, 0)
object notification: Tile [id=null, cell=Cell [x=6, y=6], subject=white, time=2015-05-24 11:22:25.108, clock=0]
Event sent to agent      a10 tile(white, 6, 6, 0)
org notification: Tile [id=null, cell=Cell [x=2, y=3], subject=blue, time=2015-05-24 11:22:25.076, clock=0]
org notified sent tile(cell(2,3),blue,0).
org notification: Tile [id=null, cell=Cell [x=2, y=4], subject=white, time=2015-05-24 11:22:25.077, clock=0]
org notified sent tile(cell(2,4),white,0).
org notification: Tile [id=null, cell=Cell [x=2, y=5], subject=brown, time=2015-05-24 11:22:25.078, clock=0]
org notified sent tile(cell(2,5),brown,0).
org notification: Tile [id=null, cell=Cell [x=2, y=6], subject=brown, time=2015-05-24 11:22:25.079, clock=0]
org notified sent tile(cell(2,6),brown,0).
org notification: Tile [id=null, cell=Cell [x=3, y=0], subject=white, time=2015-05-24 11:22:25.08, clock=0]
org notified sent tile(cell(3,0),white,0).
org notification: Tile [id=null, cell=Cell [x=3, y=1], subject=yellow, time=2015-05-24 11:22:25.082, clock=0]
org notified sent tile(cell(3,1),yellow,0).
org notification: Tile [id=null, cell=Cell [x=3, y=2], subject=blue, time=2015-05-24 11:22:25.083, clock=0]
org notified sent tile(cell(3,2),blue,0).
org notification: Tile [id=null, cell=Cell [x=3, y=3], subject=blue, time=2015-05-24 11:22:25.084, clock=0]
org notified sent tile(cell(3,3),blue,0).
org notification: Tile [id=null, cell=Cell [x=3, y=4], subject=yellow, time=2015-05-24 11:22:25.085, clock=0]
org notified sent tile(cell(3,4),yellow,0).
org notification: Tile [id=null, cell=Cell [x=3, y=5], subject=yellow, time=2015-05-24 11:22:25.086, clock=0]
org notified sent tile(cell(3,5),yellow,0).
org notification: Tile [id=null, cell=Cell [x=3, y=6], subject=white, time=2015-05-24 11:22:25.087, clock=0]
org notified sent tile(cell(3,6),white,0).
org notification: Tile [id=null, cell=Cell [x=4, y=0], subject=brown, time=2015-05-24 11:22:25.088, clock=0]
org notified sent tile(cell(4,0),brown,0).
org notification: Tile [id=null, cell=Cell [x=4, y=1], subject=blue, time=2015-05-24 11:22:25.089, clock=0]
org notified sent tile(cell(4,1),blue,0).
org notification: Tile [id=null, cell=Cell [x=4, y=2], subject=yellow, time=2015-05-24 11:22:25.09, clock=0]
org notified sent tile(cell(4,2),yellow,0).
org notification: Tile [id=null, cell=Cell [x=4, y=3], subject=blue, time=2015-05-24 11:22:25.091, clock=0]
org notified sent tile(cell(4,3),blue,0).
org notification: Tile [id=null, cell=Cell [x=4, y=4], subject=brown, time=2015-05-24 11:22:25.092, clock=0]
org notified sent tile(cell(4,4),brown,0).
org notification: Tile [id=null, cell=Cell [x=4, y=5], subject=yellow, time=2015-05-24 11:22:25.093, clock=0]
org notified sent tile(cell(4,5),yellow,0).
org notification: Tile [id=null, cell=Cell [x=4, y=6], subject=brown, time=2015-05-24 11:22:25.094, clock=0]
org notified sent tile(cell(4,6),brown,0).
org notification: Tile [id=null, cell=Cell [x=5, y=0], subject=yellow, time=2015-05-24 11:22:25.095, clock=0]
org notified sent tile(cell(5,0),yellow,0).
org notification: Tile [id=null, cell=Cell [x=5, y=1], subject=white, time=2015-05-24 11:22:25.096, clock=0]
org notified sent tile(cell(5,1),white,0).
org notification: Tile [id=null, cell=Cell [x=5, y=2], subject=brown, time=2015-05-24 11:22:25.097, clock=0]
org notified sent tile(cell(5,2),brown,0).
org notification: Tile [id=null, cell=Cell [x=5, y=3], subject=yellow, time=2015-05-24 11:22:25.098, clock=0]
org notified sent tile(cell(5,3),yellow,0).
org notification: Tile [id=null, cell=Cell [x=5, y=4], subject=blue, time=2015-05-24 11:22:25.099, clock=0]
org notified sent tile(cell(5,4),blue,0).
org notification: Tile [id=null, cell=Cell [x=5, y=5], subject=brown, time=2015-05-24 11:22:25.1, clock=0]
org notified sent tile(cell(5,5),brown,0).
org notification: Tile [id=null, cell=Cell [x=5, y=6], subject=white, time=2015-05-24 11:22:25.101, clock=0]
org notified sent tile(cell(5,6),white,0).
org notification: Tile [id=null, cell=Cell [x=6, y=0], subject=blue, time=2015-05-24 11:22:25.102, clock=0]
org notified sent tile(cell(6,0),blue,0).
org notification: Tile [id=null, cell=Cell [x=6, y=1], subject=brown, time=2015-05-24 11:22:25.103, clock=0]
org notified sent tile(cell(6,1),brown,0).
org notification: Tile [id=null, cell=Cell [x=6, y=2], subject=white, time=2015-05-24 11:22:25.104, clock=0]
org notified sent tile(cell(6,2),white,0).
org notification: Tile [id=null, cell=Cell [x=6, y=3], subject=brown, time=2015-05-24 11:22:25.105, clock=0]
org notified sent tile(cell(6,3),brown,0).
org notification: Tile [id=null, cell=Cell [x=6, y=4], subject=white, time=2015-05-24 11:22:25.106, clock=0]
org notified sent tile(cell(6,4),white,0).
org notification: Tile [id=null, cell=Cell [x=6, y=5], subject=brown, time=2015-05-24 11:22:25.107, clock=0]
org notified sent tile(cell(6,5),brown,0).
org notification: Tile [id=null, cell=Cell [x=6, y=6], subject=white, time=2015-05-24 11:22:25.108, clock=0]
org notified sent tile(cell(6,6),white,0).
object notification: Time [clock=3, time=2015-05-24 11:22:43.013]
Event sent to agent      a10 clock(3)
org notification: Time [clock=3, time=2015-05-24 11:22:43.013]
org notified sent time(3).
object notification: Time [clock=3, time=2015-05-24 11:22:43.013]
object notification: Time [clock=3, time=2015-05-24 11:22:43.013]
Event sent to agent      a30 clock(3)
Event sent to agent      a40 clock(3)
object notification: Time [clock=4, time=2015-05-24 11:22:53.016]
Event sent to agent      a40 clock(4)
object notification: Time [clock=4, time=2015-05-24 11:22:53.016]
Event sent to agent      a10 clock(4)
object notification: Time [clock=4, time=2015-05-24 11:22:53.016]
Event sent to agent      a30 clock(4)
org notification: Time [clock=4, time=2015-05-24 11:22:53.016]
org notified sent time(4).
object notification: Time [clock=5, time=2015-05-24 11:23:03.02]
Event sent to agent      a30 clock(5)
object notification: Time [clock=5, time=2015-05-24 11:23:03.02]
Event sent to agent      a10 clock(5)
object notification: Time [clock=5, time=2015-05-24 11:23:03.02]
org notification: Time [clock=5, time=2015-05-24 11:23:03.02]
Event sent to agent      a40 clock(5)
object notification: Obligation [subject=a10, obligation=[surround(3, 3)], sanction=[reduce(g, 100)], deadline=32, time=2015-05-24 11:23:02.153, clock=4]
org notified sent time(5).
Event sent to agent      a10 obligation([surround(3, 3)], 32, [reduce(g, 100)])
object notification: Time [clock=6, time=2015-05-24 11:23:13.022]
object notification: Time [clock=6, time=2015-05-24 11:23:13.022]
org notification: Time [clock=6, time=2015-05-24 11:23:13.022]
Event sent to agent      a30 clock(6)
object notification: Time [clock=6, time=2015-05-24 11:23:13.022]
Event sent to agent      a10 clock(6)
org notified sent time(6).
Event sent to agent      a40 clock(6)
object notification: Time [clock=7, time=2015-05-24 11:23:23.025]
object notification: Time [clock=7, time=2015-05-24 11:23:23.025]
Event sent to agent      a30 clock(7)
Event sent to agent      a40 clock(7)
org notification: Time [clock=7, time=2015-05-24 11:23:23.025]
org notified sent time(7).
object notification: Time [clock=7, time=2015-05-24 11:23:23.025]
Event sent to agent      a10 clock(7)
org notification: Time [clock=8, time=2015-05-24 11:23:33.029]
org notified sent time(8).
object notification: Time [clock=8, time=2015-05-24 11:23:33.029]
Event sent to agent      a10 clock(8)
object notification: Time [clock=8, time=2015-05-24 11:23:33.029]
Event sent to agent      a30 clock(8)
object notification: Time [clock=8, time=2015-05-24 11:23:33.029]
Event sent to agent      a40 clock(8)
object notification: Time [clock=9, time=2015-05-24 11:23:43.031]
Event sent to agent      a30 clock(9)
object notification: Time [clock=9, time=2015-05-24 11:23:43.031]
org notification: Time [clock=9, time=2015-05-24 11:23:43.031]
org notified sent time(9).
object notification: Time [clock=9, time=2015-05-24 11:23:43.031]
Event sent to agent      a10 clock(9)
Event sent to agent      a40 clock(9)
object notification: Time [clock=10, time=2015-05-24 11:23:53.034]
org notification: Time [clock=10, time=2015-05-24 11:23:53.034]
org notified sent time(10).
object notification: Time [clock=10, time=2015-05-24 11:23:53.034]
Event sent to agent      a10 clock(10)
Event sent to agent      a40 clock(10)
object notification: Time [clock=10, time=2015-05-24 11:23:53.034]
Event sent to agent      a30 clock(10)
object notification: Time [clock=11, time=2015-05-24 11:24:03.037]
Event sent to agent      a30 clock(11)
object notification: Time [clock=11, time=2015-05-24 11:24:03.037]
Event sent to agent      a10 clock(11)
org notification: Time [clock=11, time=2015-05-24 11:24:03.037]
org notified sent time(11).
object notification: Time [clock=11, time=2015-05-24 11:24:03.037]
Event sent to agent      a40 clock(11)
object notification: Time [clock=12, time=2015-05-24 11:24:13.04]
object notification: Time [clock=12, time=2015-05-24 11:24:13.04]
Event sent to agent      a10 clock(12)
Event sent to agent      a30 clock(12)
org notification: Time [clock=12, time=2015-05-24 11:24:13.04]
org notified sent time(12).
object notification: Time [clock=12, time=2015-05-24 11:24:13.04]
Event sent to agent      a40 clock(12)
object notification: Time [clock=13, time=2015-05-24 11:24:23.042]
org notification: Time [clock=13, time=2015-05-24 11:24:23.042]
org notified sent time(13).
object notification: Time [clock=13, time=2015-05-24 11:24:23.042]
Event sent to agent      a10 clock(13)
Event sent to agent      a40 clock(13)
object notification: Time [clock=13, time=2015-05-24 11:24:23.042]
Event sent to agent      a30 clock(13)
setPhases in ClientGameStatus, the current phase is Communication Phase
setPhases in ClientGameStatus, the current phase is Communication Phase
setPhases in ClientGameStatus, the current phase is Communication Phase
object notification: Time [clock=14, time=2015-05-24 11:24:33.045]
Event sent to agent      a10 clock(14)
object notification: Time [clock=14, time=2015-05-24 11:24:33.045]
org notification: Time [clock=14, time=2015-05-24 11:24:33.045]
org notified sent time(14).
Event sent to agent      a30 clock(14)
object notification: Time [clock=14, time=2015-05-24 11:24:33.045]
Event sent to agent      a40 clock(14)
object notification: Time [clock=15, time=2015-05-24 11:24:43.049]
Event sent to agent      a30 clock(15)
object notification: Time [clock=15, time=2015-05-24 11:24:43.049]
Event sent to agent      a10 clock(15)
org notification: Time [clock=15, time=2015-05-24 11:24:43.049]
org notified sent time(15).
object notification: Time [clock=15, time=2015-05-24 11:24:43.049]
Event sent to agent      a40 clock(15)
object notification: Obligation [subject=a10, obligation=[surround(3, 3)], sanction=[reduce(g, 100)], deadline=32, time=2015-05-24 11:23:02.153, clock=4]
Event sent to agent      a10 obligation([surround(3, 3)], 32, [reduce(g, 100)])
org notification: Group [name=g, ra=a10, clock=0, time=2015-05-24 11:22:25.185]
org notified sent group(g,a10,0).
org notification: Goal [id=null, cell=Cell [x=3, y=3], agent=null, time=2015-05-24 11:22:25.138, clock=0]
org notified sent goal(cell(3,3),null,0).
org notification: Time [clock=13, time=2015-05-24 11:24:23.042]
org notified sent time(13).
object notification: Time [clock=13, time=2015-05-24 11:24:23.042]
object notification: Time [clock=13, time=2015-05-24 11:24:23.042]
Event sent to agent      a10 clock(13)
Event sent to agent      a40 clock(13)
object notification: Time [clock=13, time=2015-05-24 11:24:23.042]
Event sent to agent      a30 clock(13)
org notification: Time [clock=8, time=2015-05-24 11:23:33.029]
org notified sent time(8).
object notification: Time [clock=8, time=2015-05-24 11:23:33.029]
Event sent to agent      a10 clock(8)
object notification: Time [clock=8, time=2015-05-24 11:23:33.029]
Event sent to agent      a30 clock(8)
object notification: Time [clock=8, time=2015-05-24 11:23:33.029]
Event sent to agent      a40 clock(8)
org notification: Time [clock=4, time=2015-05-24 11:22:53.016]
org notified sent time(4).
object notification: Time [clock=4, time=2015-05-24 11:22:53.016]
Event sent to agent      a10 clock(4)
object notification: Time [clock=4, time=2015-05-24 11:22:53.016]
Event sent to agent      a40 clock(4)
object notification: Time [clock=4, time=2015-05-24 11:22:53.016]
Event sent to agent      a30 clock(4)
org notification: Time [clock=14, time=2015-05-24 11:24:33.045]
org notified sent time(14).
object notification: Time [clock=14, time=2015-05-24 11:24:33.045]
Event sent to agent      a40 clock(14)
object notification: Time [clock=14, time=2015-05-24 11:24:33.045]
Event sent to agent      a30 clock(14)
object notification: Time [clock=14, time=2015-05-24 11:24:33.045]
Event sent to agent      a10 clock(14)
org notification: Time [clock=6, time=2015-05-24 11:23:13.022]
org notified sent time(6).
object notification: Time [clock=6, time=2015-05-24 11:23:13.022]
Event sent to agent      a40 clock(6)
object notification: Time [clock=6, time=2015-05-24 11:23:13.022]
Event sent to agent      a10 clock(6)
object notification: Time [clock=6, time=2015-05-24 11:23:13.022]
Event sent to agent      a30 clock(6)
org notification: Time [clock=10, time=2015-05-24 11:23:53.034]
org notified sent time(10).
object notification: Time [clock=10, time=2015-05-24 11:23:53.034]
Event sent to agent      a40 clock(10)
object notification: Time [clock=10, time=2015-05-24 11:23:53.034]
Event sent to agent      a10 clock(10)
object notification: Time [clock=10, time=2015-05-24 11:23:53.034]
Event sent to agent      a30 clock(10)
object notification: Time [clock=1, time=2015-05-24 11:22:22.981]
object notification: Time [clock=1, time=2015-05-24 11:22:22.981]
Event sent to agent      a40 clock(1)
org notification: Time [clock=1, time=2015-05-24 11:22:22.981]
object notification: Time [clock=1, time=2015-05-24 11:22:22.981]
Event sent to agent      a10 clock(1)
org notified sent time(1).
Event sent to agent      a30 clock(1)
object notification: Time [clock=7, time=2015-05-24 11:23:23.025]
Event sent to agent      a30 clock(7)
org notification: Time [clock=7, time=2015-05-24 11:23:23.025]
org notified sent time(7).
object notification: Time [clock=7, time=2015-05-24 11:23:23.025]
object notification: Time [clock=7, time=2015-05-24 11:23:23.025]
Event sent to agent      a10 clock(7)
Event sent to agent      a40 clock(7)
object notification: Time [clock=3, time=2015-05-24 11:22:43.013]
Event sent to agent      a10 clock(3)
org notification: Time [clock=3, time=2015-05-24 11:22:43.013]
org notified sent time(3).
object notification: Time [clock=3, time=2015-05-24 11:22:43.013]
Event sent to agent      a40 clock(3)
object notification: Time [clock=3, time=2015-05-24 11:22:43.013]
Event sent to agent      a30 clock(3)
object notification: Time [clock=12, time=2015-05-24 11:24:13.04]
object notification: Time [clock=12, time=2015-05-24 11:24:13.04]
Event sent to agent      a30 clock(12)
org notification: Time [clock=12, time=2015-05-24 11:24:13.04]
Event sent to agent      a10 clock(12)
object notification: Time [clock=12, time=2015-05-24 11:24:13.04]
org notified sent time(12).
Event sent to agent      a40 clock(12)
object notification: Time [clock=5, time=2015-05-24 11:23:03.02]
object notification: Time [clock=5, time=2015-05-24 11:23:03.02]
Event sent to agent      a10 clock(5)
Event sent to agent      a30 clock(5)
org notification: Time [clock=5, time=2015-05-24 11:23:03.02]
org notified sent time(5).
object notification: Time [clock=5, time=2015-05-24 11:23:03.02]
Event sent to agent      a40 clock(5)
org notification: Time [clock=15, time=2015-05-24 11:24:43.049]
org notified sent time(15).
object notification: Time [clock=15, time=2015-05-24 11:24:43.049]
object notification: Time [clock=15, time=2015-05-24 11:24:43.049]
Event sent to agent      a10 clock(15)
Event sent to agent      a40 clock(15)
object notification: Time [clock=15, time=2015-05-24 11:24:43.049]
Event sent to agent      a30 clock(15)
org notification: Time [clock=9, time=2015-05-24 11:23:43.031]
org notified sent time(9).
object notification: Time [clock=9, time=2015-05-24 11:23:43.031]
Event sent to agent      a10 clock(9)
object notification: Time [clock=9, time=2015-05-24 11:23:43.031]
Event sent to agent      a30 clock(9)
object notification: Time [clock=9, time=2015-05-24 11:23:43.031]
Event sent to agent      a40 clock(9)
object notification: Time [clock=2, time=2015-05-24 11:22:33.011]
object notification: Time [clock=2, time=2015-05-24 11:22:33.011]
Event sent to agent      a40 clock(2)
Event sent to agent      a30 clock(2)
org notification: Time [clock=2, time=2015-05-24 11:22:33.011]
org notified sent time(2).
object notification: Time [clock=2, time=2015-05-24 11:22:33.011]
Event sent to agent      a10 clock(2)
object notification: Time [clock=11, time=2015-05-24 11:24:03.037]
org notification: Time [clock=11, time=2015-05-24 11:24:03.037]
org notified sent time(11).
Event sent to agent      a30 clock(11)
object notification: Time [clock=11, time=2015-05-24 11:24:03.037]
Event sent to agent      a40 clock(11)
object notification: Time [clock=11, time=2015-05-24 11:24:03.037]
Event sent to agent      a10 clock(11)
org notification: Tile [id=null, cell=Cell [x=6, y=2], subject=white, time=2015-05-24 11:22:25.104, clock=0]
org notified sent tile(cell(6,2),white,0).
object notification: Tile [id=null, cell=Cell [x=6, y=2], subject=white, time=2015-05-24 11:22:25.104, clock=0]
Event sent to agent      a40 tile(white, 6, 2, 0)
object notification: Tile [id=null, cell=Cell [x=6, y=2], subject=white, time=2015-05-24 11:22:25.104, clock=0]
object notification: Tile [id=null, cell=Cell [x=6, y=2], subject=white, time=2015-05-24 11:22:25.104, clock=0]
Event sent to agent      a10 tile(white, 6, 2, 0)
Event sent to agent      a30 tile(white, 6, 2, 0)
object notification: Tile [id=null, cell=Cell [x=6, y=1], subject=brown, time=2015-05-24 11:22:25.103, clock=0]
org notification: Tile [id=null, cell=Cell [x=6, y=1], subject=brown, time=2015-05-24 11:22:25.103, clock=0]
org notified sent tile(cell(6,1),brown,0).
Event sent to agent      a10 tile(brown, 6, 1, 0)
object notification: Tile [id=null, cell=Cell [x=6, y=1], subject=brown, time=2015-05-24 11:22:25.103, clock=0]
Event sent to agent      a40 tile(brown, 6, 1, 0)
object notification: Tile [id=null, cell=Cell [x=6, y=1], subject=brown, time=2015-05-24 11:22:25.103, clock=0]
Event sent to agent      a30 tile(brown, 6, 1, 0)
object notification: Tile [id=null, cell=Cell [x=5, y=6], subject=white, time=2015-05-24 11:22:25.101, clock=0]
object notification: Tile [id=null, cell=Cell [x=5, y=6], subject=white, time=2015-05-24 11:22:25.101, clock=0]
Event sent to agent      a10 tile(white, 5, 6, 0)
Event sent to agent      a40 tile(white, 5, 6, 0)
org notification: Tile [id=null, cell=Cell [x=5, y=6], subject=white, time=2015-05-24 11:22:25.101, clock=0]
org notified sent tile(cell(5,6),white,0).
object notification: Tile [id=null, cell=Cell [x=5, y=6], subject=white, time=2015-05-24 11:22:25.101, clock=0]
Event sent to agent      a30 tile(white, 5, 6, 0)
object notification: Tile [id=null, cell=Cell [x=4, y=0], subject=brown, time=2015-05-24 11:22:25.088, clock=0]
Event sent to agent      a40 tile(brown, 4, 0, 0)
object notification: Tile [id=null, cell=Cell [x=4, y=0], subject=brown, time=2015-05-24 11:22:25.088, clock=0]
object notification: Tile [id=null, cell=Cell [x=4, y=0], subject=brown, time=2015-05-24 11:22:25.088, clock=0]
Event sent to agent      a30 tile(brown, 4, 0, 0)
org notification: Tile [id=null, cell=Cell [x=4, y=0], subject=brown, time=2015-05-24 11:22:25.088, clock=0]
Event sent to agent      a10 tile(brown, 4, 0, 0)
org notified sent tile(cell(4,0),brown,0).
object notification: Tile [id=null, cell=Cell [x=5, y=2], subject=brown, time=2015-05-24 11:22:25.097, clock=0]
object notification: Tile [id=null, cell=Cell [x=5, y=2], subject=brown, time=2015-05-24 11:22:25.097, clock=0]
Event sent to agent      a10 tile(brown, 5, 2, 0)
Event sent to agent      a30 tile(brown, 5, 2, 0)
object notification: Tile [id=null, cell=Cell [x=5, y=2], subject=brown, time=2015-05-24 11:22:25.097, clock=0]
org notification: Tile [id=null, cell=Cell [x=5, y=2], subject=brown, time=2015-05-24 11:22:25.097, clock=0]
Event sent to agent      a40 tile(brown, 5, 2, 0)
org notified sent tile(cell(5,2),brown,0).
object notification: Tile [id=null, cell=Cell [x=2, y=2], subject=brown, time=2015-05-24 11:22:25.076, clock=0]
object notification: Tile [id=null, cell=Cell [x=2, y=2], subject=brown, time=2015-05-24 11:22:25.076, clock=0]
Event sent to agent      a40 tile(brown, 2, 2, 0)
Event sent to agent      a30 tile(brown, 2, 2, 0)
object notification: Tile [id=null, cell=Cell [x=2, y=2], subject=brown, time=2015-05-24 11:22:25.076, clock=0]
Event sent to agent      a10 tile(brown, 2, 2, 0)
org notification: Tile [id=null, cell=Cell [x=2, y=2], subject=brown, time=2015-05-24 11:22:25.076, clock=0]
org notified sent tile(cell(2,2),brown,0).
object notification: Tile [id=null, cell=Cell [x=6, y=5], subject=brown, time=2015-05-24 11:22:25.107, clock=0]
object notification: Tile [id=null, cell=Cell [x=6, y=5], subject=brown, time=2015-05-24 11:22:25.107, clock=0]
Event sent to agent      a10 tile(brown, 6, 5, 0)
Event sent to agent      a30 tile(brown, 6, 5, 0)
object notification: Tile [id=null, cell=Cell [x=6, y=5], subject=brown, time=2015-05-24 11:22:25.107, clock=0]
Event sent to agent      a40 tile(brown, 6, 5, 0)
org notification: Tile [id=null, cell=Cell [x=6, y=5], subject=brown, time=2015-05-24 11:22:25.107, clock=0]
org notified sent tile(cell(6,5),brown,0).
object notification: Tile [id=null, cell=Cell [x=5, y=1], subject=white, time=2015-05-24 11:22:25.096, clock=0]
Event sent to agent      a40 tile(white, 5, 1, 0)
object notification: Tile [id=null, cell=Cell [x=5, y=1], subject=white, time=2015-05-24 11:22:25.096, clock=0]
Event sent to agent      a30 tile(white, 5, 1, 0)
object notification: Tile [id=null, cell=Cell [x=5, y=1], subject=white, time=2015-05-24 11:22:25.096, clock=0]
Event sent to agent      a10 tile(white, 5, 1, 0)
object notification: Tile [id=null, cell=Cell [x=6, y=3], subject=brown, time=2015-05-24 11:22:25.105, clock=0]
object notification: Tile [id=null, cell=Cell [x=6, y=3], subject=brown, time=2015-05-24 11:22:25.105, clock=0]
Event sent to agent      a40 tile(brown, 6, 3, 0)
Event sent to agent      a10 tile(brown, 6, 3, 0)
object notification: Tile [id=null, cell=Cell [x=6, y=3], subject=brown, time=2015-05-24 11:22:25.105, clock=0]
Event sent to agent      a30 tile(brown, 6, 3, 0)
org notification: Tile [id=null, cell=Cell [x=5, y=1], subject=white, time=2015-05-24 11:22:25.096, clock=0]
org notified sent tile(cell(5,1),white,0).
org notification: Tile [id=null, cell=Cell [x=6, y=3], subject=brown, time=2015-05-24 11:22:25.105, clock=0]
org notified sent tile(cell(6,3),brown,0).
object notification: Tile [id=null, cell=Cell [x=4, y=3], subject=blue, time=2015-05-24 11:22:25.091, clock=0]
Event sent to agent      a30 tile(blue, 4, 3, 0)
org notification: Tile [id=null, cell=Cell [x=4, y=3], subject=blue, time=2015-05-24 11:22:25.091, clock=0]
org notified sent tile(cell(4,3),blue,0).
object notification: Tile [id=null, cell=Cell [x=4, y=3], subject=blue, time=2015-05-24 11:22:25.091, clock=0]
Event sent to agent      a10 tile(blue, 4, 3, 0)
object notification: Tile [id=null, cell=Cell [x=4, y=3], subject=blue, time=2015-05-24 11:22:25.091, clock=0]
Event sent to agent      a40 tile(blue, 4, 3, 0)
object notification: Tile [id=null, cell=Cell [x=6, y=0], subject=blue, time=2015-05-24 11:22:25.102, clock=0]
object notification: Tile [id=null, cell=Cell [x=6, y=0], subject=blue, time=2015-05-24 11:22:25.102, clock=0]
object notification: Tile [id=null, cell=Cell [x=6, y=0], subject=blue, time=2015-05-24 11:22:25.102, clock=0]
Event sent to agent      a10 tile(blue, 6, 0, 0)
Event sent to agent      a30 tile(blue, 6, 0, 0)
Event sent to agent      a40 tile(blue, 6, 0, 0)
org notification: Tile [id=null, cell=Cell [x=6, y=0], subject=blue, time=2015-05-24 11:22:25.102, clock=0]
org notified sent tile(cell(6,0),blue,0).
object notification: Tile [id=null, cell=Cell [x=2, y=1], subject=white, time=2015-05-24 11:22:25.074, clock=0]
Event sent to agent      a40 tile(white, 2, 1, 0)
object notification: Tile [id=null, cell=Cell [x=2, y=1], subject=white, time=2015-05-24 11:22:25.074, clock=0]
Event sent to agent      a10 tile(white, 2, 1, 0)
org notification: Tile [id=null, cell=Cell [x=2, y=1], subject=white, time=2015-05-24 11:22:25.074, clock=0]
org notified sent tile(cell(2,1),white,0).
object notification: Tile [id=null, cell=Cell [x=2, y=1], subject=white, time=2015-05-24 11:22:25.074, clock=0]
Event sent to agent      a30 tile(white, 2, 1, 0)
object notification: Tile [id=null, cell=Cell [x=3, y=1], subject=yellow, time=2015-05-24 11:22:25.082, clock=0]
Event sent to agent      a10 tile(yellow, 3, 1, 0)
org notification: Tile [id=null, cell=Cell [x=3, y=1], subject=yellow, time=2015-05-24 11:22:25.082, clock=0]
org notified sent tile(cell(3,1),yellow,0).
object notification: Tile [id=null, cell=Cell [x=3, y=1], subject=yellow, time=2015-05-24 11:22:25.082, clock=0]
Event sent to agent      a40 tile(yellow, 3, 1, 0)
object notification: Tile [id=null, cell=Cell [x=3, y=1], subject=yellow, time=2015-05-24 11:22:25.082, clock=0]
Event sent to agent      a30 tile(yellow, 3, 1, 0)
org notification: Tile [id=null, cell=Cell [x=4, y=2], subject=yellow, time=2015-05-24 11:22:25.09, clock=0]
org notified sent tile(cell(4,2),yellow,0).
object notification: Tile [id=null, cell=Cell [x=4, y=2], subject=yellow, time=2015-05-24 11:22:25.09, clock=0]
object notification: Tile [id=null, cell=Cell [x=4, y=2], subject=yellow, time=2015-05-24 11:22:25.09, clock=0]
Event sent to agent      a30 tile(yellow, 4, 2, 0)
Event sent to agent      a40 tile(yellow, 4, 2, 0)
object notification: Tile [id=null, cell=Cell [x=4, y=2], subject=yellow, time=2015-05-24 11:22:25.09, clock=0]
Event sent to agent      a10 tile(yellow, 4, 2, 0)
object notification: Tile [id=null, cell=Cell [x=6, y=4], subject=white, time=2015-05-24 11:22:25.106, clock=0]
object notification: Tile [id=null, cell=Cell [x=6, y=4], subject=white, time=2015-05-24 11:22:25.106, clock=0]
Event sent to agent      a40 tile(white, 6, 4, 0)
org notification: Tile [id=null, cell=Cell [x=6, y=4], subject=white, time=2015-05-24 11:22:25.106, clock=0]
org notified sent tile(cell(6,4),white,0).
Event sent to agent      a10 tile(white, 6, 4, 0)
object notification: Tile [id=null, cell=Cell [x=6, y=4], subject=white, time=2015-05-24 11:22:25.106, clock=0]
Event sent to agent      a30 tile(white, 6, 4, 0)
object notification: Tile [id=null, cell=Cell [x=2, y=5], subject=brown, time=2015-05-24 11:22:25.078, clock=0]
Event sent to agent      a10 tile(brown, 2, 5, 0)
object notification: Tile [id=null, cell=Cell [x=2, y=5], subject=brown, time=2015-05-24 11:22:25.078, clock=0]
org notification: Tile [id=null, cell=Cell [x=2, y=5], subject=brown, time=2015-05-24 11:22:25.078, clock=0]
org notified sent tile(cell(2,5),brown,0).
object notification: Tile [id=null, cell=Cell [x=2, y=5], subject=brown, time=2015-05-24 11:22:25.078, clock=0]
Event sent to agent      a40 tile(brown, 2, 5, 0)
Event sent to agent      a30 tile(brown, 2, 5, 0)
org notification: Tile [id=null, cell=Cell [x=6, y=6], subject=white, time=2015-05-24 11:22:25.108, clock=0]
org notified sent tile(cell(6,6),white,0).
object notification: Tile [id=null, cell=Cell [x=6, y=6], subject=white, time=2015-05-24 11:22:25.108, clock=0]
Event sent to agent      a30 tile(white, 6, 6, 0)
object notification: Tile [id=null, cell=Cell [x=6, y=6], subject=white, time=2015-05-24 11:22:25.108, clock=0]
Event sent to agent      a40 tile(white, 6, 6, 0)
object notification: Tile [id=null, cell=Cell [x=6, y=6], subject=white, time=2015-05-24 11:22:25.108, clock=0]
Event sent to agent      a10 tile(white, 6, 6, 0)
object notification: Tile [id=null, cell=Cell [x=5, y=0], subject=yellow, time=2015-05-24 11:22:25.095, clock=0]
Event sent to agent      a40 tile(yellow, 5, 0, 0)
object notification: Tile [id=null, cell=Cell [x=5, y=0], subject=yellow, time=2015-05-24 11:22:25.095, clock=0]
org notification: Tile [id=null, cell=Cell [x=5, y=0], subject=yellow, time=2015-05-24 11:22:25.095, clock=0]
org notified sent tile(cell(5,0),yellow,0).
Event sent to agent      a10 tile(yellow, 5, 0, 0)
object notification: Tile [id=null, cell=Cell [x=5, y=0], subject=yellow, time=2015-05-24 11:22:25.095, clock=0]
Event sent to agent      a30 tile(yellow, 5, 0, 0)
object notification: Tile [id=null, cell=Cell [x=2, y=3], subject=blue, time=2015-05-24 11:22:25.076, clock=0]
Event sent to agent      a30 tile(blue, 2, 3, 0)
object notification: Tile [id=null, cell=Cell [x=2, y=3], subject=blue, time=2015-05-24 11:22:25.076, clock=0]
object notification: Tile [id=null, cell=Cell [x=2, y=3], subject=blue, time=2015-05-24 11:22:25.076, clock=0]
Event sent to agent      a10 tile(blue, 2, 3, 0)
Event sent to agent      a40 tile(blue, 2, 3, 0)
org notification: Tile [id=null, cell=Cell [x=2, y=3], subject=blue, time=2015-05-24 11:22:25.076, clock=0]
org notified sent tile(cell(2,3),blue,0).
object notification: Tile [id=null, cell=Cell [x=3, y=4], subject=yellow, time=2015-05-24 11:22:25.085, clock=0]
object notification: Tile [id=null, cell=Cell [x=3, y=4], subject=yellow, time=2015-05-24 11:22:25.085, clock=0]
Event sent to agent      a40 tile(yellow, 3, 4, 0)
org notification: Tile [id=null, cell=Cell [x=3, y=4], subject=yellow, time=2015-05-24 11:22:25.085, clock=0]
object notification: Tile [id=null, cell=Cell [x=3, y=4], subject=yellow, time=2015-05-24 11:22:25.085, clock=0]
Event sent to agent      a10 tile(yellow, 3, 4, 0)
org notified sent tile(cell(3,4),yellow,0).
Event sent to agent      a30 tile(yellow, 3, 4, 0)
object notification: Tile [id=null, cell=Cell [x=3, y=5], subject=yellow, time=2015-05-24 11:22:25.086, clock=0]
Event sent to agent      a10 tile(yellow, 3, 5, 0)
org notification: Tile [id=null, cell=Cell [x=3, y=5], subject=yellow, time=2015-05-24 11:22:25.086, clock=0]
org notified sent tile(cell(3,5),yellow,0).
object notification: Tile [id=null, cell=Cell [x=3, y=5], subject=yellow, time=2015-05-24 11:22:25.086, clock=0]
Event sent to agent      a40 tile(yellow, 3, 5, 0)
object notification: Tile [id=null, cell=Cell [x=3, y=5], subject=yellow, time=2015-05-24 11:22:25.086, clock=0]
Event sent to agent      a30 tile(yellow, 3, 5, 0)
object notification: Tile [id=null, cell=Cell [x=3, y=3], subject=blue, time=2015-05-24 11:22:25.084, clock=0]
Event sent to agent      a10 tile(blue, 3, 3, 0)
org notification: Tile [id=null, cell=Cell [x=3, y=3], subject=blue, time=2015-05-24 11:22:25.084, clock=0]
object notification: Tile [id=null, cell=Cell [x=3, y=3], subject=blue, time=2015-05-24 11:22:25.084, clock=0]
Event sent to agent      a40 tile(blue, 3, 3, 0)
object notification: Tile [id=null, cell=Cell [x=3, y=3], subject=blue, time=2015-05-24 11:22:25.084, clock=0]
Event sent to agent      a30 tile(blue, 3, 3, 0)
org notified sent tile(cell(3,3),blue,0).
object notification: Tile [id=null, cell=Cell [x=3, y=2], subject=blue, time=2015-05-24 11:22:25.083, clock=0]
Event sent to agent      a10 tile(blue, 3, 2, 0)
org notification: Tile [id=null, cell=Cell [x=3, y=2], subject=blue, time=2015-05-24 11:22:25.083, clock=0]
object notification: Tile [id=null, cell=Cell [x=3, y=2], subject=blue, time=2015-05-24 11:22:25.083, clock=0]
Event sent to agent      a30 tile(blue, 3, 2, 0)
org notified sent tile(cell(3,2),blue,0).
object notification: Tile [id=null, cell=Cell [x=3, y=2], subject=blue, time=2015-05-24 11:22:25.083, clock=0]
Event sent to agent      a40 tile(blue, 3, 2, 0)
object notification: Tile [id=null, cell=Cell [x=4, y=5], subject=yellow, time=2015-05-24 11:22:25.093, clock=0]
object notification: Tile [id=null, cell=Cell [x=4, y=5], subject=yellow, time=2015-05-24 11:22:25.093, clock=0]
object notification: Tile [id=null, cell=Cell [x=4, y=5], subject=yellow, time=2015-05-24 11:22:25.093, clock=0]
Event sent to agent      a30 tile(yellow, 4, 5, 0)
org notification: Tile [id=null, cell=Cell [x=4, y=5], subject=yellow, time=2015-05-24 11:22:25.093, clock=0]
Event sent to agent      a10 tile(yellow, 4, 5, 0)
Event sent to agent      a40 tile(yellow, 4, 5, 0)
org notified sent tile(cell(4,5),yellow,0).
object notification: Tile [id=null, cell=Cell [x=2, y=4], subject=white, time=2015-05-24 11:22:25.077, clock=0]
Event sent to agent      a30 tile(white, 2, 4, 0)
object notification: Tile [id=null, cell=Cell [x=2, y=4], subject=white, time=2015-05-24 11:22:25.077, clock=0]
Event sent to agent      a40 tile(white, 2, 4, 0)
org notification: Tile [id=null, cell=Cell [x=2, y=4], subject=white, time=2015-05-24 11:22:25.077, clock=0]
org notified sent tile(cell(2,4),white,0).
object notification: Tile [id=null, cell=Cell [x=2, y=4], subject=white, time=2015-05-24 11:22:25.077, clock=0]
Event sent to agent      a10 tile(white, 2, 4, 0)
object notification: Tile [id=null, cell=Cell [x=5, y=4], subject=blue, time=2015-05-24 11:22:25.099, clock=0]
org notification: Tile [id=null, cell=Cell [x=5, y=4], subject=blue, time=2015-05-24 11:22:25.099, clock=0]
org notified sent tile(cell(5,4),blue,0).
object notification: Tile [id=null, cell=Cell [x=5, y=4], subject=blue, time=2015-05-24 11:22:25.099, clock=0]
Event sent to agent      a40 tile(blue, 5, 4, 0)
object notification: Tile [id=null, cell=Cell [x=5, y=4], subject=blue, time=2015-05-24 11:22:25.099, clock=0]
Event sent to agent      a10 tile(blue, 5, 4, 0)
Event sent to agent      a30 tile(blue, 5, 4, 0)
object notification: Tile [id=null, cell=Cell [x=4, y=4], subject=brown, time=2015-05-24 11:22:25.092, clock=0]
object notification: Tile [id=null, cell=Cell [x=4, y=4], subject=brown, time=2015-05-24 11:22:25.092, clock=0]
org notification: Tile [id=null, cell=Cell [x=4, y=4], subject=brown, time=2015-05-24 11:22:25.092, clock=0]
org notified sent tile(cell(4,4),brown,0).
Event sent to agent      a30 tile(brown, 4, 4, 0)
object notification: Tile [id=null, cell=Cell [x=4, y=4], subject=brown, time=2015-05-24 11:22:25.092, clock=0]
Event sent to agent      a10 tile(brown, 4, 4, 0)
Event sent to agent      a40 tile(brown, 4, 4, 0)
object notification: Tile [id=null, cell=Cell [x=1, y=6], subject=yellow, time=2015-05-24 11:22:25.072, clock=0]
object notification: Tile [id=null, cell=Cell [x=1, y=6], subject=yellow, time=2015-05-24 11:22:25.072, clock=0]
Event sent to agent      a10 tile(yellow, 1, 6, 0)
Event sent to agent      a30 tile(yellow, 1, 6, 0)
org notification: Tile [id=null, cell=Cell [x=1, y=6], subject=yellow, time=2015-05-24 11:22:25.072, clock=0]
org notified sent tile(cell(1,6),yellow,0).
object notification: Tile [id=null, cell=Cell [x=1, y=6], subject=yellow, time=2015-05-24 11:22:25.072, clock=0]
Event sent to agent      a40 tile(yellow, 1, 6, 0)
object notification: Tile [id=null, cell=Cell [x=5, y=5], subject=brown, time=2015-05-24 11:22:25.1, clock=0]
Event sent to agent      a10 tile(brown, 5, 5, 0)
org notification: Tile [id=null, cell=Cell [x=5, y=5], subject=brown, time=2015-05-24 11:22:25.1, clock=0]
org notified sent tile(cell(5,5),brown,0).
object notification: Tile [id=null, cell=Cell [x=5, y=5], subject=brown, time=2015-05-24 11:22:25.1, clock=0]
Event sent to agent      a40 tile(brown, 5, 5, 0)
object notification: Tile [id=null, cell=Cell [x=5, y=5], subject=brown, time=2015-05-24 11:22:25.1, clock=0]
Event sent to agent      a30 tile(brown, 5, 5, 0)
object notification: Tile [id=null, cell=Cell [x=3, y=6], subject=white, time=2015-05-24 11:22:25.087, clock=0]
object notification: Tile [id=null, cell=Cell [x=3, y=6], subject=white, time=2015-05-24 11:22:25.087, clock=0]
Event sent to agent      a30 tile(white, 3, 6, 0)
Event sent to agent      a10 tile(white, 3, 6, 0)
object notification: Tile [id=null, cell=Cell [x=3, y=6], subject=white, time=2015-05-24 11:22:25.087, clock=0]
Event sent to agent      a40 tile(white, 3, 6, 0)
org notification: Tile [id=null, cell=Cell [x=3, y=6], subject=white, time=2015-05-24 11:22:25.087, clock=0]
org notified sent tile(cell(3,6),white,0).
object notification: Tile [id=null, cell=Cell [x=2, y=6], subject=brown, time=2015-05-24 11:22:25.079, clock=0]
Event sent to agent      a40 tile(brown, 2, 6, 0)
object notification: Tile [id=null, cell=Cell [x=2, y=6], subject=brown, time=2015-05-24 11:22:25.079, clock=0]
Event sent to agent      a30 tile(brown, 2, 6, 0)
object notification: Tile [id=null, cell=Cell [x=2, y=6], subject=brown, time=2015-05-24 11:22:25.079, clock=0]
Event sent to agent      a10 tile(brown, 2, 6, 0)
org notification: Tile [id=null, cell=Cell [x=2, y=6], subject=brown, time=2015-05-24 11:22:25.079, clock=0]
org notified sent tile(cell(2,6),brown,0).
object notification: Tile [id=null, cell=Cell [x=3, y=0], subject=white, time=2015-05-24 11:22:25.08, clock=0]
object notification: Tile [id=null, cell=Cell [x=3, y=0], subject=white, time=2015-05-24 11:22:25.08, clock=0]
Event sent to agent      a40 tile(white, 3, 0, 0)
Event sent to agent      a10 tile(white, 3, 0, 0)
object notification: Tile [id=null, cell=Cell [x=3, y=0], subject=white, time=2015-05-24 11:22:25.08, clock=0]
Event sent to agent      a30 tile(white, 3, 0, 0)
org notification: Tile [id=null, cell=Cell [x=3, y=0], subject=white, time=2015-05-24 11:22:25.08, clock=0]
org notified sent tile(cell(3,0),white,0).
object notification: Tile [id=null, cell=Cell [x=0, y=4], subject=brown, time=2015-05-24 11:22:25.063, clock=0]
object notification: Tile [id=null, cell=Cell [x=0, y=4], subject=brown, time=2015-05-24 11:22:25.063, clock=0]
Event sent to agent      a40 tile(brown, 0, 4, 0)
Event sent to agent      a10 tile(brown, 0, 4, 0)
org notification: Tile [id=null, cell=Cell [x=0, y=4], subject=brown, time=2015-05-24 11:22:25.063, clock=0]
org notified sent tile(cell(0,4),brown,0).
object notification: Tile [id=null, cell=Cell [x=0, y=4], subject=brown, time=2015-05-24 11:22:25.063, clock=0]
Event sent to agent      a30 tile(brown, 0, 4, 0)
object notification: Tile [id=null, cell=Cell [x=1, y=5], subject=brown, time=2015-05-24 11:22:25.071, clock=0]
object notification: Tile [id=null, cell=Cell [x=1, y=5], subject=brown, time=2015-05-24 11:22:25.071, clock=0]
Event sent to agent      a40 tile(brown, 1, 5, 0)
Event sent to agent      a10 tile(brown, 1, 5, 0)
object notification: Tile [id=null, cell=Cell [x=1, y=5], subject=brown, time=2015-05-24 11:22:25.071, clock=0]
org notification: Tile [id=null, cell=Cell [x=1, y=5], subject=brown, time=2015-05-24 11:22:25.071, clock=0]
org notified sent tile(cell(1,5),brown,0).
Event sent to agent      a30 tile(brown, 1, 5, 0)
object notification: Tile [id=null, cell=Cell [x=4, y=1], subject=blue, time=2015-05-24 11:22:25.089, clock=0]
object notification: Tile [id=null, cell=Cell [x=4, y=1], subject=blue, time=2015-05-24 11:22:25.089, clock=0]
object notification: Tile [id=null, cell=Cell [x=4, y=1], subject=blue, time=2015-05-24 11:22:25.089, clock=0]
Event sent to agent      a40 tile(blue, 4, 1, 0)
Event sent to agent      a10 tile(blue, 4, 1, 0)
Event sent to agent      a30 tile(blue, 4, 1, 0)
org notification: Tile [id=null, cell=Cell [x=4, y=1], subject=blue, time=2015-05-24 11:22:25.089, clock=0]
org notified sent tile(cell(4,1),blue,0).
object notification: Tile [id=null, cell=Cell [x=1, y=4], subject=blue, time=2015-05-24 11:22:25.07, clock=0]
object notification: Tile [id=null, cell=Cell [x=1, y=4], subject=blue, time=2015-05-24 11:22:25.07, clock=0]
Event sent to agent      a40 tile(blue, 1, 4, 0)
Event sent to agent      a30 tile(blue, 1, 4, 0)
object notification: Tile [id=null, cell=Cell [x=1, y=4], subject=blue, time=2015-05-24 11:22:25.07, clock=0]
Event sent to agent      a10 tile(blue, 1, 4, 0)
org notification: Tile [id=null, cell=Cell [x=1, y=4], subject=blue, time=2015-05-24 11:22:25.07, clock=0]
org notified sent tile(cell(1,4),blue,0).
object notification: Tile [id=null, cell=Cell [x=4, y=6], subject=brown, time=2015-05-24 11:22:25.094, clock=0]
object notification: Tile [id=null, cell=Cell [x=4, y=6], subject=brown, time=2015-05-24 11:22:25.094, clock=0]
object notification: Tile [id=null, cell=Cell [x=4, y=6], subject=brown, time=2015-05-24 11:22:25.094, clock=0]
Event sent to agent      a40 tile(brown, 4, 6, 0)
Event sent to agent      a10 tile(brown, 4, 6, 0)
org notification: Tile [id=null, cell=Cell [x=4, y=6], subject=brown, time=2015-05-24 11:22:25.094, clock=0]
org notified sent tile(cell(4,6),brown,0).
Event sent to agent      a30 tile(brown, 4, 6, 0)
object notification: Tile [id=null, cell=Cell [x=0, y=3], subject=yellow, time=2015-05-24 11:22:25.062, clock=0]
object notification: Tile [id=null, cell=Cell [x=0, y=3], subject=yellow, time=2015-05-24 11:22:25.062, clock=0]
Event sent to agent      a30 tile(yellow, 0, 3, 0)
Event sent to agent      a10 tile(yellow, 0, 3, 0)
object notification: Tile [id=null, cell=Cell [x=0, y=3], subject=yellow, time=2015-05-24 11:22:25.062, clock=0]
org notification: Tile [id=null, cell=Cell [x=0, y=3], subject=yellow, time=2015-05-24 11:22:25.062, clock=0]
org notified sent tile(cell(0,3),yellow,0).
Event sent to agent      a40 tile(yellow, 0, 3, 0)
object notification: Tile [id=null, cell=Cell [x=1, y=3], subject=white, time=2015-05-24 11:22:25.069, clock=0]
object notification: Tile [id=null, cell=Cell [x=1, y=3], subject=white, time=2015-05-24 11:22:25.069, clock=0]
Event sent to agent      a40 tile(white, 1, 3, 0)
Event sent to agent      a30 tile(white, 1, 3, 0)
object notification: Tile [id=null, cell=Cell [x=1, y=3], subject=white, time=2015-05-24 11:22:25.069, clock=0]
org notification: Tile [id=null, cell=Cell [x=1, y=3], subject=white, time=2015-05-24 11:22:25.069, clock=0]
org notified sent tile(cell(1,3),white,0).
Event sent to agent      a10 tile(white, 1, 3, 0)
object notification: Tile [id=null, cell=Cell [x=1, y=2], subject=white, time=2015-05-24 11:22:25.068, clock=0]
object notification: Tile [id=null, cell=Cell [x=1, y=2], subject=white, time=2015-05-24 11:22:25.068, clock=0]
object notification: Tile [id=null, cell=Cell [x=1, y=2], subject=white, time=2015-05-24 11:22:25.068, clock=0]
Event sent to agent      a10 tile(white, 1, 2, 0)
Event sent to agent      a40 tile(white, 1, 2, 0)
org notification: Tile [id=null, cell=Cell [x=1, y=2], subject=white, time=2015-05-24 11:22:25.068, clock=0]
org notified sent tile(cell(1,2),white,0).
Event sent to agent      a30 tile(white, 1, 2, 0)
object notification: Tile [id=null, cell=Cell [x=0, y=5], subject=blue, time=2015-05-24 11:22:25.064, clock=0]
object notification: Tile [id=null, cell=Cell [x=0, y=5], subject=blue, time=2015-05-24 11:22:25.064, clock=0]
object notification: Tile [id=null, cell=Cell [x=0, y=5], subject=blue, time=2015-05-24 11:22:25.064, clock=0]
Event sent to agent      a10 tile(blue, 0, 5, 0)
Event sent to agent      a40 tile(blue, 0, 5, 0)
Event sent to agent      a30 tile(blue, 0, 5, 0)
org notification: Tile [id=null, cell=Cell [x=0, y=5], subject=blue, time=2015-05-24 11:22:25.064, clock=0]
org notified sent tile(cell(0,5),blue,0).
object notification: Tile [id=null, cell=Cell [x=1, y=0], subject=brown, time=2015-05-24 11:22:25.066, clock=0]
Event sent to agent      a10 tile(brown, 1, 0, 0)
object notification: Tile [id=null, cell=Cell [x=1, y=0], subject=brown, time=2015-05-24 11:22:25.066, clock=0]
Event sent to agent      a30 tile(brown, 1, 0, 0)
object notification: Tile [id=null, cell=Cell [x=0, y=2], subject=white, time=2015-05-24 11:22:25.061, clock=0]
object notification: Tile [id=null, cell=Cell [x=0, y=2], subject=white, time=2015-05-24 11:22:25.061, clock=0]
Event sent to agent      a10 tile(white, 0, 2, 0)
org notification: Tile [id=null, cell=Cell [x=1, y=0], subject=brown, time=2015-05-24 11:22:25.066, clock=0]
Event sent to agent      a30 tile(white, 0, 2, 0)
org notified sent tile(cell(1,0),brown,0).
object notification: Tile [id=null, cell=Cell [x=1, y=0], subject=brown, time=2015-05-24 11:22:25.066, clock=0]
Event sent to agent      a40 tile(brown, 1, 0, 0)
object notification: Tile [id=null, cell=Cell [x=0, y=2], subject=white, time=2015-05-24 11:22:25.061, clock=0]
Event sent to agent      a40 tile(white, 0, 2, 0)
object notification: Tile [id=null, cell=Cell [x=0, y=0], subject=brown, time=2015-05-24 11:22:25.031, clock=0]
object notification: Tile [id=null, cell=Cell [x=0, y=0], subject=brown, time=2015-05-24 11:22:25.031, clock=0]
object notification: Tile [id=null, cell=Cell [x=0, y=0], subject=brown, time=2015-05-24 11:22:25.031, clock=0]
Event sent to agent      a30 tile(brown, 0, 0, 0)
Event sent to agent      a10 tile(brown, 0, 0, 0)
Event sent to agent      a40 tile(brown, 0, 0, 0)
org notification: Tile [id=null, cell=Cell [x=0, y=2], subject=white, time=2015-05-24 11:22:25.061, clock=0]
org notified sent tile(cell(0,2),white,0).
object notification: Tile [id=null, cell=Cell [x=5, y=3], subject=yellow, time=2015-05-24 11:22:25.098, clock=0]
object notification: Tile [id=null, cell=Cell [x=5, y=3], subject=yellow, time=2015-05-24 11:22:25.098, clock=0]
Event sent to agent      a10 tile(yellow, 5, 3, 0)
Event sent to agent      a40 tile(yellow, 5, 3, 0)
object notification: Tile [id=null, cell=Cell [x=5, y=3], subject=yellow, time=2015-05-24 11:22:25.098, clock=0]
Event sent to agent      a30 tile(yellow, 5, 3, 0)
org notification: Tile [id=null, cell=Cell [x=0, y=0], subject=brown, time=2015-05-24 11:22:25.031, clock=0]
org notified sent tile(cell(0,0),brown,0).
object notification: Tile [id=null, cell=Cell [x=0, y=1], subject=brown, time=2015-05-24 11:22:25.059, clock=0]
Event sent to agent      a30 tile(brown, 0, 1, 0)
object notification: Tile [id=null, cell=Cell [x=0, y=1], subject=brown, time=2015-05-24 11:22:25.059, clock=0]
Event sent to agent      a10 tile(brown, 0, 1, 0)
object notification: Tile [id=null, cell=Cell [x=0, y=1], subject=brown, time=2015-05-24 11:22:25.059, clock=0]
Event sent to agent      a40 tile(brown, 0, 1, 0)
org notification: Tile [id=null, cell=Cell [x=5, y=3], subject=yellow, time=2015-05-24 11:22:25.098, clock=0]
org notified sent tile(cell(5,3),yellow,0).
object notification: Tile [id=null, cell=Cell [x=0, y=6], subject=brown, time=2015-05-24 11:22:25.065, clock=0]
object notification: Tile [id=null, cell=Cell [x=0, y=6], subject=brown, time=2015-05-24 11:22:25.065, clock=0]
Event sent to agent      a40 tile(brown, 0, 6, 0)
Event sent to agent      a10 tile(brown, 0, 6, 0)
object notification: Tile [id=null, cell=Cell [x=0, y=6], subject=brown, time=2015-05-24 11:22:25.065, clock=0]
object notification: Tile [id=null, cell=Cell [x=2, y=0], subject=white, time=2015-05-24 11:22:25.073, clock=0]
object notification: Tile [id=null, cell=Cell [x=2, y=0], subject=white, time=2015-05-24 11:22:25.073, clock=0]
Event sent to agent      a10 tile(white, 2, 0, 0)
Event sent to agent      a40 tile(white, 2, 0, 0)
Event sent to agent      a30 tile(brown, 0, 6, 0)
object notification: Tile [id=null, cell=Cell [x=2, y=0], subject=white, time=2015-05-24 11:22:25.073, clock=0]
Event sent to agent      a30 tile(white, 2, 0, 0)
object notification: Tile [id=null, cell=Cell [x=1, y=1], subject=yellow, time=2015-05-24 11:22:25.067, clock=0]
org notification: Tile [id=null, cell=Cell [x=0, y=1], subject=brown, time=2015-05-24 11:22:25.059, clock=0]
org notified sent tile(cell(0,1),brown,0).
Event sent to agent      a30 tile(yellow, 1, 1, 0)
object notification: Tile [id=null, cell=Cell [x=1, y=1], subject=yellow, time=2015-05-24 11:22:25.067, clock=0]
Event sent to agent      a10 tile(yellow, 1, 1, 0)
object notification: Tile [id=null, cell=Cell [x=1, y=1], subject=yellow, time=2015-05-24 11:22:25.067, clock=0]
Event sent to agent      a40 tile(yellow, 1, 1, 0)
org notification: Tile [id=null, cell=Cell [x=0, y=6], subject=brown, time=2015-05-24 11:22:25.065, clock=0]
org notified sent tile(cell(0,6),brown,0).
org notification: Tile [id=null, cell=Cell [x=2, y=0], subject=white, time=2015-05-24 11:22:25.073, clock=0]
org notified sent tile(cell(2,0),white,0).
org notification: Tile [id=null, cell=Cell [x=1, y=1], subject=yellow, time=2015-05-24 11:22:25.067, clock=0]
org notified sent tile(cell(1,1),yellow,0).
object notification: Time [clock=16, time=2015-05-24 11:24:53.056]
Event sent to agent      a10 clock(16)
object notification: Time [clock=16, time=2015-05-24 11:24:53.056]
Event sent to agent      a30 clock(16)
object notification: Time [clock=16, time=2015-05-24 11:24:53.056]
Event sent to agent      a40 clock(16)
org notification: Time [clock=16, time=2015-05-24 11:24:53.056]
org notified sent time(16).
org notification: Time [clock=1, time=2015-05-24 11:24:56.76]
org notified sent time(1).
object notification: Time [clock=1, time=2015-05-24 11:24:56.76]
Event sent to agent      a40 clock(1)
object notification: Time [clock=1, time=2015-05-24 11:24:56.76]
Event sent to agent      a30 clock(1)
object notification: Time [clock=1, time=2015-05-24 11:24:56.76]
Event sent to agent      a10 clock(1)
object notification: Time [clock=17, time=2015-05-24 11:25:03.058]
Event sent to agent      a30 clock(17)
object notification: Time [clock=17, time=2015-05-24 11:25:03.058]
org notification: Time [clock=17, time=2015-05-24 11:25:03.058]
org notified sent time(17).
object notification: Time [clock=17, time=2015-05-24 11:25:03.058]
Event sent to agent      a10 clock(17)
Event sent to agent      a40 clock(17)
