2015-05-03 12:49:04,716 CONFIG [com.gigaspaces.logger] - Log file: /Users/dxd/git/ct3/logs/2015-05-03~12.49-gigaspaces-service-192.168.1.104-23766.log
-------------------------last log tuples start--------------------------------
Time [clock=2, time=2015-05-03 12:48:51.421]
Time [clock=1, time=2015-05-03 12:48:41.398]
-------------------------last log tuples end----------------------------------
[CTAH] started agent 10
[CTAH] Added a new agent to the game by the name of 10.
[ENV] added agent a10
[CTAH] started agent 30
[CTAH] Added a new agent to the game by the name of 30.
[ENV] added agent a30
[CTAH] started agent 40
[CTAH] Added a new agent to the game by the name of 40.
[ENV] added agent a40
object notification: Time [clock=1, time=2015-05-03 12:49:15.583]
object notification: Time [clock=1, time=2015-05-03 12:49:15.583]
object notification: Time [clock=1, time=2015-05-03 12:49:15.583]
org notification: Time [clock=1, time=2015-05-03 12:49:15.583]
org notified sent time(1).
Event sent to object      a40 clock(1)
Event sent to object      a30 clock(1)
Event sent to object      a10 clock(1)
Event processed UpdateClock(1)
Event processed UpdateClock(1)
Event processed UpdateClock(1)
object notification: Time [clock=2, time=2015-05-03 12:49:25.606]
object notification: Time [clock=2, time=2015-05-03 12:49:25.606]
Event sent to object      a30 clock(2)
Event sent to object      a40 clock(2)
object notification: Time [clock=2, time=2015-05-03 12:49:25.606]
org notification: Time [clock=2, time=2015-05-03 12:49:25.606]
org notified sent time(2).
Event sent to object      a10 clock(2)
Event processed UpdateClock(2)
Event processed UpdateClock(2)
Event processed UpdateClock(2)
#########################Game started
#########################Game started
#########################Game started
Event processed @ctenv(functionToList(message(game_initialized)),LIST,0); if B(LIST=[actionresult([TYPE,ID])]) then if B(TYPE=proposal) then {ReceivedMessage(TYPE, ID, open); adopta(received(TYPE, ID, closed) : Infinite, priority 1)} else if B(LIST=[actionresult([TYPE,ID,RESPONSE])]) then if B(TYPE=response) then ReceivedMessage(RESPONSE, ID) else if B(LIST=[actionresult([TYPE])]) then ReceivedEvent(TYPE) else if B(LIST=[actionresult([TYPE,AGENT,ID,RESPONSE])]) then if B(TYPE=proposal) then ReceivedProposal(AGENT, ID, RESPONSE)
Event processed @ctenv(functionToList(message(game_initialized)),LIST,0); if B(LIST=[actionresult([TYPE,ID])]) then if B(TYPE=proposal) then {ReceivedMessage(TYPE, ID, open); adopta(received(TYPE, ID, closed) : Infinite, priority 1)} else if B(LIST=[actionresult([TYPE,ID,RESPONSE])]) then if B(TYPE=response) then ReceivedMessage(RESPONSE, ID) else if B(LIST=[actionresult([TYPE])]) then ReceivedEvent(TYPE) else if B(LIST=[actionresult([TYPE,AGENT,ID,RESPONSE])]) then if B(TYPE=proposal) then ReceivedProposal(AGENT, ID, RESPONSE)
Event processed @ctenv(functionToList(message(game_initialized)),LIST,0); if B(LIST=[actionresult([TYPE,ID])]) then if B(TYPE=proposal) then {ReceivedMessage(TYPE, ID, open); adopta(received(TYPE, ID, closed) : Infinite, priority 1)} else if B(LIST=[actionresult([TYPE,ID,RESPONSE])]) then if B(TYPE=response) then ReceivedMessage(RESPONSE, ID) else if B(LIST=[actionresult([TYPE])]) then ReceivedEvent(TYPE) else if B(LIST=[actionresult([TYPE,AGENT,ID,RESPONSE])]) then if B(TYPE=proposal) then ReceivedProposal(AGENT, ID, RESPONSE)
[CTAH] Array of Terms: [Lapapl.data.Term;@26ba4eb8
[CTAH] The created APLList : [game_initialized]
[CTAH] Array of Terms: [Lapapl.data.Term;@28ec5359
[CTAH] The created APLList : [game_initialized]
[CTAH] Array of Terms: [Lapapl.data.Term;@409319ef
[CTAH] The created APLList : [game_initialized]
setPhases in ClientGameStatus, the current phase is 
setPhases in ClientGameStatus, the current phase is 
setPhases in ClientGameStatus, the current phase is 
setPhases in ClientGameStatus, the current phase is Norm Phase
setPhases in ClientGameStatus, the current phase is Norm Phase
setPhases in ClientGameStatus, the current phase is Norm Phase
object notification: Tile [id=null, cell=Cell [x=0, y=0], subject=green, time=2015-05-03 12:49:29.803, clock=0]
object notification: Tile [id=null, cell=Cell [x=0, y=0], subject=green, time=2015-05-03 12:49:29.803, clock=0]
object notification: Tile [id=null, cell=Cell [x=0, y=0], subject=green, time=2015-05-03 12:49:29.803, clock=0]
object notification: Tile [id=null, cell=Cell [x=0, y=1], subject=green, time=2015-05-03 12:49:29.87, clock=0]
org notification: Tile [id=null, cell=Cell [x=0, y=0], subject=green, time=2015-05-03 12:49:29.803, clock=0]
org notified sent tile(cell(0,0),green,0).
object notification: Tile [id=null, cell=Cell [x=0, y=1], subject=green, time=2015-05-03 12:49:29.87, clock=0]
object notification: Tile [id=null, cell=Cell [x=0, y=2], subject=green, time=2015-05-03 12:49:29.873, clock=0]
object notification: Tile [id=null, cell=Cell [x=0, y=3], subject=green, time=2015-05-03 12:49:29.879, clock=0]
org notification: Tile [id=null, cell=Cell [x=0, y=1], subject=green, time=2015-05-03 12:49:29.87, clock=0]
org notified sent tile(cell(0,1),green,0).
object notification: Tile [id=null, cell=Cell [x=0, y=1], subject=green, time=2015-05-03 12:49:29.87, clock=0]
object notification: Tile [id=null, cell=Cell [x=0, y=2], subject=green, time=2015-05-03 12:49:29.873, clock=0]
org notification: Tile [id=null, cell=Cell [x=0, y=2], subject=green, time=2015-05-03 12:49:29.873, clock=0]
org notified sent tile(cell(0,2),green,0).
object notification: Tile [id=null, cell=Cell [x=0, y=2], subject=green, time=2015-05-03 12:49:29.873, clock=0]
object notification: Tile [id=null, cell=Cell [x=0, y=3], subject=green, time=2015-05-03 12:49:29.879, clock=0]
org notification: Tile [id=null, cell=Cell [x=0, y=3], subject=green, time=2015-05-03 12:49:29.879, clock=0]
org notified sent tile(cell(0,3),green,0).
object notification: Tile [id=null, cell=Cell [x=0, y=3], subject=green, time=2015-05-03 12:49:29.879, clock=0]
org notification: Tile [id=null, cell=Cell [x=0, y=4], subject=green, time=2015-05-03 12:49:29.884, clock=0]
org notified sent tile(cell(0,4),green,0).
object notification: Tile [id=null, cell=Cell [x=0, y=4], subject=green, time=2015-05-03 12:49:29.884, clock=0]
org notification: Tile [id=null, cell=Cell [x=1, y=0], subject=green, time=2015-05-03 12:49:29.911, clock=0]
org notified sent tile(cell(1,0),green,0).
object notification: Tile [id=null, cell=Cell [x=0, y=4], subject=green, time=2015-05-03 12:49:29.884, clock=0]
object notification: Tile [id=null, cell=Cell [x=0, y=4], subject=green, time=2015-05-03 12:49:29.884, clock=0]
object notification: Tile [id=null, cell=Cell [x=1, y=0], subject=green, time=2015-05-03 12:49:29.911, clock=0]
object notification: Tile [id=null, cell=Cell [x=1, y=0], subject=green, time=2015-05-03 12:49:29.911, clock=0]
object notification: Tile [id=null, cell=Cell [x=1, y=1], subject=green, time=2015-05-03 12:49:29.919, clock=0]
org notification: Tile [id=null, cell=Cell [x=1, y=1], subject=green, time=2015-05-03 12:49:29.919, clock=0]
org notified sent tile(cell(1,1),green,0).
object notification: Tile [id=null, cell=Cell [x=1, y=1], subject=green, time=2015-05-03 12:49:29.919, clock=0]
object notification: Tile [id=null, cell=Cell [x=1, y=2], subject=green, time=2015-05-03 12:49:29.922, clock=0]
object notification: Tile [id=null, cell=Cell [x=1, y=3], subject=green, time=2015-05-03 12:49:29.928, clock=0]
object notification: Tile [id=null, cell=Cell [x=1, y=2], subject=green, time=2015-05-03 12:49:29.922, clock=0]
org notification: Tile [id=null, cell=Cell [x=1, y=2], subject=green, time=2015-05-03 12:49:29.922, clock=0]
org notified sent tile(cell(1,2),green,0).
object notification: Tile [id=null, cell=Cell [x=1, y=3], subject=green, time=2015-05-03 12:49:29.928, clock=0]
org notification: Tile [id=null, cell=Cell [x=1, y=3], subject=green, time=2015-05-03 12:49:29.928, clock=0]
org notified sent tile(cell(1,3),green,0).
object notification: Tile [id=null, cell=Cell [x=1, y=4], subject=green, time=2015-05-03 12:49:29.931, clock=0]
org notification: Tile [id=null, cell=Cell [x=1, y=4], subject=green, time=2015-05-03 12:49:29.931, clock=0]
org notified sent tile(cell(1,4),green,0).
object notification: Tile [id=null, cell=Cell [x=2, y=0], subject=green, time=2015-05-03 12:49:29.938, clock=0]
org notification: Tile [id=null, cell=Cell [x=2, y=0], subject=green, time=2015-05-03 12:49:29.938, clock=0]
org notified sent tile(cell(2,0),green,0).
object notification: Tile [id=null, cell=Cell [x=1, y=4], subject=green, time=2015-05-03 12:49:29.931, clock=0]
org notification: Tile [id=null, cell=Cell [x=2, y=1], subject=green, time=2015-05-03 12:49:29.942, clock=0]
org notified sent tile(cell(2,1),green,0).
object notification: Tile [id=null, cell=Cell [x=1, y=0], subject=green, time=2015-05-03 12:49:29.911, clock=0]
object notification: Tile [id=null, cell=Cell [x=1, y=1], subject=green, time=2015-05-03 12:49:29.919, clock=0]
object notification: Tile [id=null, cell=Cell [x=2, y=0], subject=green, time=2015-05-03 12:49:29.938, clock=0]
object notification: Tile [id=null, cell=Cell [x=1, y=2], subject=green, time=2015-05-03 12:49:29.922, clock=0]
object notification: Tile [id=null, cell=Cell [x=2, y=1], subject=green, time=2015-05-03 12:49:29.942, clock=0]
org notification: Tile [id=null, cell=Cell [x=2, y=2], subject=green, time=2015-05-03 12:49:29.944, clock=0]
org notified sent tile(cell(2,2),green,0).
object notification: Tile [id=null, cell=Cell [x=2, y=2], subject=green, time=2015-05-03 12:49:29.944, clock=0]
object notification: Tile [id=null, cell=Cell [x=1, y=3], subject=green, time=2015-05-03 12:49:29.928, clock=0]
object notification: Tile [id=null, cell=Cell [x=2, y=3], subject=green, time=2015-05-03 12:49:29.947, clock=0]
org notification: Tile [id=null, cell=Cell [x=2, y=3], subject=green, time=2015-05-03 12:49:29.947, clock=0]
org notified sent tile(cell(2,3),green,0).
object notification: Tile [id=null, cell=Cell [x=2, y=1], subject=green, time=2015-05-03 12:49:29.942, clock=0]
object notification: Tile [id=null, cell=Cell [x=1, y=4], subject=green, time=2015-05-03 12:49:29.931, clock=0]
org notification: Tile [id=null, cell=Cell [x=2, y=4], subject=green, time=2015-05-03 12:49:29.963, clock=0]
org notified sent tile(cell(2,4),green,0).
#########################Game Initialized
#########################Game Initialized
AGENT Thread-11: current phase name: Norm Phase
AGENT Thread-13: current phase name: Norm Phase
we have 1 goals
we have 1 goals
we have GoalWeight: 100  DistWeight: -10  ChipWeight: 5  CommWeight: 0 scoring
#########################Game Initialized
AGENT Thread-15: current phase name: Norm Phase
we have GoalWeight: 100  DistWeight: -10  ChipWeight: 5  CommWeight: 0 scoring
we have 1 goals
we have GoalWeight: 100  DistWeight: -10  ChipWeight: 5  CommWeight: 0 scoring
object notification: Tile [id=null, cell=Cell [x=2, y=0], subject=green, time=2015-05-03 12:49:29.938, clock=0]
object notification: Tile [id=null, cell=Cell [x=2, y=4], subject=green, time=2015-05-03 12:49:29.963, clock=0]
object notification: Tile [id=null, cell=Cell [x=2, y=1], subject=green, time=2015-05-03 12:49:29.942, clock=0]
org notification: Tile [id=null, cell=Cell [x=3, y=0], subject=green, time=2015-05-03 12:49:29.965, clock=0]
org notified sent tile(cell(3,0),green,0).
object notification: Tile [id=null, cell=Cell [x=2, y=2], subject=green, time=2015-05-03 12:49:29.944, clock=0]
setPhases in ClientGameStatus, the current phase is Communication Phase
setPhases in ClientGameStatus, the current phase is Communication Phase
setPhases in ClientGameStatus, the current phase is Communication Phase
Event processed @ctenv(functionToList(message(phasechange)),LIST,0); if B(LIST=[actionresult([TYPE,ID])]) then if B(TYPE=proposal) then {ReceivedMessage(TYPE, ID, open); adopta(received(TYPE, ID, closed) : Infinite, priority 1)} else if B(LIST=[actionresult([TYPE,ID,RESPONSE])]) then if B(TYPE=response) then ReceivedMessage(RESPONSE, ID) else if B(LIST=[actionresult([TYPE])]) then ReceivedEvent(TYPE) else if B(LIST=[actionresult([TYPE,AGENT,ID,RESPONSE])]) then if B(TYPE=proposal) then ReceivedProposal(AGENT, ID, RESPONSE)
Event processed @ctenv(functionToList(message(phasechange)),LIST,0); if B(LIST=[actionresult([TYPE,ID])]) then if B(TYPE=proposal) then {ReceivedMessage(TYPE, ID, open); adopta(received(TYPE, ID, closed) : Infinite, priority 1)} else if B(LIST=[actionresult([TYPE,ID,RESPONSE])]) then if B(TYPE=response) then ReceivedMessage(RESPONSE, ID) else if B(LIST=[actionresult([TYPE])]) then ReceivedEvent(TYPE) else if B(LIST=[actionresult([TYPE,AGENT,ID,RESPONSE])]) then if B(TYPE=proposal) then ReceivedProposal(AGENT, ID, RESPONSE)
Event processed @ctenv(functionToList(message(phasechange)),LIST,0); if B(LIST=[actionresult([TYPE,ID])]) then if B(TYPE=proposal) then {ReceivedMessage(TYPE, ID, open); adopta(received(TYPE, ID, closed) : Infinite, priority 1)} else if B(LIST=[actionresult([TYPE,ID,RESPONSE])]) then if B(TYPE=response) then ReceivedMessage(RESPONSE, ID) else if B(LIST=[actionresult([TYPE])]) then ReceivedEvent(TYPE) else if B(LIST=[actionresult([TYPE,AGENT,ID,RESPONSE])]) then if B(TYPE=proposal) then ReceivedProposal(AGENT, ID, RESPONSE)
[CTAH] Array of Terms: [Lapapl.data.Term;@5154eaf3
[CTAH] The created APLList : [phasechange]
[CTAH] Array of Terms: [Lapapl.data.Term;@68b8a20
[CTAH] The created APLList : [phasechange]
[CTAH] Array of Terms: [Lapapl.data.Term;@270e8506
[CTAH] The created APLList : [phasechange]
object notification: Tile [id=null, cell=Cell [x=3, y=0], subject=green, time=2015-05-03 12:49:29.965, clock=0]
org notification: Tile [id=null, cell=Cell [x=3, y=1], subject=green, time=2015-05-03 12:49:29.971, clock=0]
org notified sent tile(cell(3,1),green,0).
object notification: Tile [id=null, cell=Cell [x=2, y=3], subject=green, time=2015-05-03 12:49:29.947, clock=0]
object notification: Tile [id=null, cell=Cell [x=3, y=1], subject=green, time=2015-05-03 12:49:29.971, clock=0]
object notification: Tile [id=null, cell=Cell [x=2, y=4], subject=green, time=2015-05-03 12:49:29.963, clock=0]
object notification: Tile [id=null, cell=Cell [x=2, y=2], subject=green, time=2015-05-03 12:49:29.944, clock=0]
object notification: Tile [id=null, cell=Cell [x=3, y=0], subject=green, time=2015-05-03 12:49:29.965, clock=0]
object notification: Tile [id=null, cell=Cell [x=3, y=2], subject=green, time=2015-05-03 12:49:29.973, clock=0]
object notification: Tile [id=null, cell=Cell [x=3, y=1], subject=green, time=2015-05-03 12:49:29.971, clock=0]
object notification: Tile [id=null, cell=Cell [x=2, y=3], subject=green, time=2015-05-03 12:49:29.947, clock=0]
object notification: Tile [id=null, cell=Cell [x=3, y=2], subject=green, time=2015-05-03 12:49:29.973, clock=0]
object notification: Tile [id=null, cell=Cell [x=3, y=3], subject=green, time=2015-05-03 12:49:29.976, clock=0]
object notification: Tile [id=null, cell=Cell [x=3, y=3], subject=green, time=2015-05-03 12:49:29.976, clock=0]
object notification: Tile [id=null, cell=Cell [x=3, y=4], subject=green, time=2015-05-03 12:49:29.99, clock=0]
object notification: Tile [id=null, cell=Cell [x=4, y=0], subject=green, time=2015-05-03 12:49:29.994, clock=0]
object notification: Tile [id=null, cell=Cell [x=4, y=1], subject=green, time=2015-05-03 12:49:30.001, clock=0]
object notification: Tile [id=null, cell=Cell [x=4, y=2], subject=green, time=2015-05-03 12:49:30.007, clock=0]
object notification: Tile [id=null, cell=Cell [x=4, y=3], subject=green, time=2015-05-03 12:49:30.011, clock=0]
object notification: Tile [id=null, cell=Cell [x=2, y=4], subject=green, time=2015-05-03 12:49:29.963, clock=0]
object notification: Tile [id=null, cell=Cell [x=3, y=0], subject=green, time=2015-05-03 12:49:29.965, clock=0]
object notification: Tile [id=null, cell=Cell [x=3, y=1], subject=green, time=2015-05-03 12:49:29.971, clock=0]
object notification: Tile [id=null, cell=Cell [x=3, y=2], subject=green, time=2015-05-03 12:49:29.973, clock=0]
object notification: Tile [id=null, cell=Cell [x=3, y=3], subject=green, time=2015-05-03 12:49:29.976, clock=0]
object notification: Tile [id=null, cell=Cell [x=3, y=4], subject=green, time=2015-05-03 12:49:29.99, clock=0]
object notification: Tile [id=null, cell=Cell [x=4, y=0], subject=green, time=2015-05-03 12:49:29.994, clock=0]
object notification: Tile [id=null, cell=Cell [x=4, y=1], subject=green, time=2015-05-03 12:49:30.001, clock=0]
object notification: Tile [id=null, cell=Cell [x=4, y=2], subject=green, time=2015-05-03 12:49:30.007, clock=0]
object notification: Tile [id=null, cell=Cell [x=4, y=3], subject=green, time=2015-05-03 12:49:30.011, clock=0]
object notification: Tile [id=null, cell=Cell [x=4, y=4], subject=green, time=2015-05-03 12:49:30.014, clock=0]
object notification: Tile [id=null, cell=Cell [x=3, y=4], subject=green, time=2015-05-03 12:49:29.99, clock=0]
org notification: Tile [id=null, cell=Cell [x=3, y=2], subject=green, time=2015-05-03 12:49:29.973, clock=0]
org notified sent tile(cell(3,2),green,0).
object notification: Tile [id=null, cell=Cell [x=4, y=0], subject=green, time=2015-05-03 12:49:29.994, clock=0]
object notification: Tile [id=null, cell=Cell [x=4, y=1], subject=green, time=2015-05-03 12:49:30.001, clock=0]
object notification: Tile [id=null, cell=Cell [x=4, y=2], subject=green, time=2015-05-03 12:49:30.007, clock=0]
object notification: Tile [id=null, cell=Cell [x=4, y=3], subject=green, time=2015-05-03 12:49:30.011, clock=0]
object notification: Tile [id=null, cell=Cell [x=4, y=4], subject=green, time=2015-05-03 12:49:30.014, clock=0]
org notification: Tile [id=null, cell=Cell [x=3, y=3], subject=green, time=2015-05-03 12:49:29.976, clock=0]
org notified sent tile(cell(3,3),green,0).
object notification: Tile [id=null, cell=Cell [x=4, y=4], subject=green, time=2015-05-03 12:49:30.014, clock=0]
object notification: Time [clock=3, time=2015-05-03 12:49:35.608]
Event sent to object      a30 clock(3)
org notification: Goal [id=null, cell=Cell [x=2, y=2], agent=null, time=2015-05-03 12:49:30.066, clock=0]
org notified sent goal(cell(2,2),null,0).
Organization notifies object (write): Obligation [subject=a10, obligation=[surround(2, 2)], sanction=[reduce(g, 500)], deadline=3, time=2015-05-03 12:50:01.163, clock=5]
object notification: Time [clock=3, time=2015-05-03 12:49:35.608]
object notification: Time [clock=3, time=2015-05-03 12:49:35.608]
Event sent to object      a10 clock(3)
org notification: Time [clock=3, time=2015-05-03 12:49:35.608]
org notified sent time(3).
Event sent to object      a40 clock(3)
object notification: Time [clock=4, time=2015-05-03 12:49:45.612]
Event sent to object      a10 clock(4)
object notification: Time [clock=4, time=2015-05-03 12:49:45.612]
Event sent to object      a30 clock(4)
object notification: Time [clock=5, time=2015-05-03 12:49:55.615]
Event sent to object      a30 clock(5)
org notification: Tile [id=null, cell=Cell [x=3, y=4], subject=green, time=2015-05-03 12:49:29.99, clock=0]
org notified sent tile(cell(3,4),green,0).
object notification: Time [clock=5, time=2015-05-03 12:49:55.615]
Event sent to object      a10 clock(5)
object notification: Obligation [subject=a10, obligation=[surround(2, 2)], sanction=[reduce(g, 500)], deadline=3, time=2015-05-03 12:50:01.163, clock=5]
object notification: Time [clock=4, time=2015-05-03 12:49:45.612]
Event sent to object      a40 clock(4)
Event sent to object      a10 obligation([surround(2, 2)], 3, [reduce(g, 500)])
object notification: Time [clock=5, time=2015-05-03 12:49:55.615]
Event sent to object      a40 clock(5)
org notification: Tile [id=null, cell=Cell [x=4, y=0], subject=green, time=2015-05-03 12:49:29.994, clock=0]
org notified sent tile(cell(4,0),green,0).
org notification: Time [clock=4, time=2015-05-03 12:49:45.612]
org notified sent time(4).
object notification: Position [subject=a30, id=null, cell=Cell [x=4, y=0], time=2015-05-03 12:50:01.189, clock=3]
Event sent to object      a30 position(4, 4, 3)
org notification: Position [subject=a30, id=null, cell=Cell [x=4, y=0], time=2015-05-03 12:50:01.189, clock=3]
org notified sent position(a30,cell(4,0),3).
org notification: Tile [id=null, cell=Cell [x=4, y=1], subject=green, time=2015-05-03 12:49:30.001, clock=0]
org notified sent tile(cell(4,1),green,0).
org notification: Position [subject=a10, id=null, cell=Cell [x=0, y=0], time=2015-05-03 12:50:01.25, clock=3]
org notified sent position(a10,cell(0,0),3).
org notification: Chip [id=null, agent=a30, time=2015-05-03 12:50:01.216, color=green, clock=3, number=7]
org notified sent chip(a30,green,7,3).
object notification: Chip [id=null, agent=a30, time=2015-05-03 12:50:01.216, color=green, clock=3, number=7]
Event sent to object      a30 chip(a30, green, 7, 3)
object notification: Position [subject=a40, id=null, cell=Cell [x=4, y=4], time=2015-05-03 12:50:01.264, clock=3]
Event sent to object      a40 position(4, 4, 3)
object notification: Chip [id=null, agent=a40, time=2015-05-03 12:50:01.269, color=green, clock=3, number=7]
Event sent to object      a40 chip(a40, green, 7, 3)
object notification: Position [subject=a10, id=null, cell=Cell [x=0, y=0], time=2015-05-03 12:50:01.25, clock=3]
Event sent to object      a10 position(0, 0, 3)
object notification: Chip [id=null, agent=a10, time=2015-05-03 12:50:01.255, color=green, clock=3, number=7]
Event sent to object      a10 chip(a10, green, 7, 3)
org notification: Time [clock=5, time=2015-05-03 12:49:55.615]
org notified sent time(5).
org notification: Chip [id=null, agent=a10, time=2015-05-03 12:50:01.255, color=green, clock=3, number=7]
org notified sent chip(a10,green,7,3).
org notification: Position [subject=a20, id=null, cell=Cell [x=0, y=4], time=2015-05-03 12:50:01.258, clock=3]
org notified sent position(a20,cell(0,4),3).
org notification: Tile [id=null, cell=Cell [x=4, y=2], subject=green, time=2015-05-03 12:49:30.007, clock=0]
org notified sent tile(cell(4,2),green,0).
org notification: Position [subject=a40, id=null, cell=Cell [x=4, y=4], time=2015-05-03 12:50:01.264, clock=3]
org notified sent position(a40,cell(4,4),3).
org notification: Chip [id=null, agent=a20, time=2015-05-03 12:50:01.261, color=green, clock=3, number=7]
org notified sent chip(a20,green,7,3).
org notification: Chip [id=null, agent=a40, time=2015-05-03 12:50:01.269, color=green, clock=3, number=7]
org notified sent chip(a40,green,7,3).
Event processed UpdateClock(3)
Event processed UpdateClock(4)
Event processed UpdateClock(5)
Event processed UpdatePosition(4, 4)
Event processed @ctenv(functionToList(chip(a30, green, 7, 3)),LIST,0); if B(LIST=[actionresult([TYPE,ID])]) then if B(TYPE=proposal) then {ReceivedMessage(TYPE, ID, open); adopta(received(TYPE, ID, closed) : Infinite, priority 1)} else if B(LIST=[actionresult([TYPE,ID,RESPONSE])]) then if B(TYPE=response) then ReceivedMessage(RESPONSE, ID) else if B(LIST=[actionresult([TYPE])]) then ReceivedEvent(TYPE) else if B(LIST=[actionresult([TYPE,AGENT,ID,RESPONSE])]) then if B(TYPE=proposal) then ReceivedProposal(AGENT, ID, RESPONSE)
org notification: Tile [id=null, cell=Cell [x=4, y=3], subject=green, time=2015-05-03 12:49:30.011, clock=0]
org notified sent tile(cell(4,3),green,0).
org notification: Tile [id=null, cell=Cell [x=4, y=4], subject=green, time=2015-05-03 12:49:30.014, clock=0]
org notified sent tile(cell(4,4),green,0).
[CTAH] Array of Terms: [Lapapl.data.Term;@71f20640
[CTAH] The created APLList : [a30,green,7,3]
Event processed UpdateClock(3)
Event processed UpdateClock(4)
Event processed UpdateClock(5)
Event processed UpdatePosition(4, 4)
Event processed @ctenv(functionToList(chip(a40, green, 7, 3)),LIST,0); if B(LIST=[actionresult([TYPE,ID])]) then if B(TYPE=proposal) then {ReceivedMessage(TYPE, ID, open); adopta(received(TYPE, ID, closed) : Infinite, priority 1)} else if B(LIST=[actionresult([TYPE,ID,RESPONSE])]) then if B(TYPE=response) then ReceivedMessage(RESPONSE, ID) else if B(LIST=[actionresult([TYPE])]) then ReceivedEvent(TYPE) else if B(LIST=[actionresult([TYPE,AGENT,ID,RESPONSE])]) then if B(TYPE=proposal) then ReceivedProposal(AGENT, ID, RESPONSE)
Event processed UpdateClock(3)
Event processed UpdateClock(4)
Event processed UpdateClock(5)
Event processed adoptObligation(surround(2, 2), 3, reduce(g, 500))
Event processed UpdatePosition(0, 0)
Event processed @ctenv(functionToList(chip(a10, green, 7, 3)),LIST,0); if B(LIST=[actionresult([TYPE,ID])]) then if B(TYPE=proposal) then {ReceivedMessage(TYPE, ID, open); adopta(received(TYPE, ID, closed) : Infinite, priority 1)} else if B(LIST=[actionresult([TYPE,ID,RESPONSE])]) then if B(TYPE=response) then ReceivedMessage(RESPONSE, ID) else if B(LIST=[actionresult([TYPE])]) then ReceivedEvent(TYPE) else if B(LIST=[actionresult([TYPE,AGENT,ID,RESPONSE])]) then if B(TYPE=proposal) then ReceivedProposal(AGENT, ID, RESPONSE)
[CTAH] Array of Terms: [Lapapl.data.Term;@469657c4
[CTAH] The created APLList : [a40,green,7,3]
[CTAH] Array of Terms: [Lapapl.data.Term;@16d96b45
[CTAH] The created APLList : [a10,green,7,3]
agent writes: SetGoal [id=null, agent=a10, cell=Cell [x=2, y=1], goal=Cell [x=2, y=2], clock=5, time=2015-05-03 12:50:02.32]
org notification: SetGoal [id=null, agent=a10, cell=Cell [x=2, y=1], goal=Cell [x=2, y=2], clock=5, time=2015-05-03 12:50:02.32]
org notified sent setGoal(a10,2,1,2,2,5).
Organization notifies object (write): Obligation [subject=a10, obligation=[at(2, 1, a10)], sanction=[reduce(a10, 500)], deadline=10, time=2015-05-03 12:50:02.337, clock=5]
object notification: Obligation [subject=a10, obligation=[at(2, 1, a10)], sanction=[reduce(a10, 500)], deadline=10, time=2015-05-03 12:50:02.337, clock=5]
Event sent to object      a10 obligation([at(2, 1, a10)], 10, [reduce(a10, 500)])
Event processed adoptObligation(at(2, 1, a10), 10, reduce(a10, 500))
agent writes: SetGoal [id=null, agent=a20, cell=Cell [x=1, y=2], goal=Cell [x=2, y=2], clock=5, time=2015-05-03 12:50:02.442]
org notification: SetGoal [id=null, agent=a20, cell=Cell [x=1, y=2], goal=Cell [x=2, y=2], clock=5, time=2015-05-03 12:50:02.442]
org notified sent setGoal(a20,1,2,2,2,5).
Organization notifies object (write): Obligation [subject=a20, obligation=[at(1, 2, a20)], sanction=[reduce(a20, 500)], deadline=10, time=2015-05-03 12:50:02.447, clock=5]
agent writes: SetGoal [id=null, agent=a30, cell=Cell [x=3, y=2], goal=Cell [x=2, y=2], clock=5, time=2015-05-03 12:50:02.528]
org notification: SetGoal [id=null, agent=a30, cell=Cell [x=3, y=2], goal=Cell [x=2, y=2], clock=5, time=2015-05-03 12:50:02.528]
org notified sent setGoal(a30,3,2,2,2,5).
Organization notifies object (write): Obligation [subject=a30, obligation=[at(3, 2, a30)], sanction=[reduce(a30, 500)], deadline=10, time=2015-05-03 12:50:02.532, clock=5]
object notification: Obligation [subject=a30, obligation=[at(3, 2, a30)], sanction=[reduce(a30, 500)], deadline=10, time=2015-05-03 12:50:02.532, clock=5]
Event sent to object      a30 obligation([at(3, 2, a30)], 10, [reduce(a30, 500)])
agent writes: SetGoal [id=null, agent=a40, cell=Cell [x=2, y=3], goal=Cell [x=2, y=2], clock=5, time=2015-05-03 12:50:02.617]
org notification: SetGoal [id=null, agent=a40, cell=Cell [x=2, y=3], goal=Cell [x=2, y=2], clock=5, time=2015-05-03 12:50:02.617]
org notified sent setGoal(a40,2,3,2,2,5).
Organization notifies object (write): Obligation [subject=a40, obligation=[at(2, 3, a40)], sanction=[reduce(a40, 500)], deadline=10, time=2015-05-03 12:50:02.621, clock=5]
Event processed adoptObligation(at(3, 2, a30), 10, reduce(a30, 500))
object notification: Obligation [subject=a40, obligation=[at(2, 3, a40)], sanction=[reduce(a40, 500)], deadline=10, time=2015-05-03 12:50:02.621, clock=5]
Event sent to object      a40 obligation([at(2, 3, a40)], 10, [reduce(a40, 500)])
agent writes: Color [id=null, color=green, agent=a10, type=yes, time=2015-05-03 12:50:02.727, clock=5]
Event processed adoptObligation(at(2, 3, a40), 10, reduce(a40, 500))
org notification: Color [id=null, color=green, agent=a10, type=yes, time=2015-05-03 12:50:02.727, clock=5]
org notified sent color(a10,green,yes,5).
agent writes: Color [id=null, color=green, agent=a20, type=yes, time=2015-05-03 12:50:02.85, clock=5]
org notification: Color [id=null, color=green, agent=a20, type=yes, time=2015-05-03 12:50:02.85, clock=5]
org notified sent color(a20,green,yes,5).
agent writes: Color [id=null, color=green, agent=a30, type=yes, time=2015-05-03 12:50:02.978, clock=5]
org notification: Color [id=null, color=green, agent=a30, type=yes, time=2015-05-03 12:50:02.978, clock=5]
org notified sent color(a30,green,yes,5).
agent writes: Color [id=null, color=green, agent=a40, type=yes, time=2015-05-03 12:50:03.079, clock=5]
org notification: Color [id=null, color=green, agent=a40, type=yes, time=2015-05-03 12:50:03.079, clock=5]
org notified sent color(a40,green,yes,5).
agent writes: Color [id=null, color=green, agent=a10, type=no, time=2015-05-03 12:50:03.162, clock=5]
org notification: Color [id=null, color=green, agent=a10, type=no, time=2015-05-03 12:50:03.162, clock=5]
org notified sent color(a10,green,no,5).
agent writes: Color [id=null, color=green, agent=a20, type=no, time=2015-05-03 12:50:03.225, clock=5]
org notification: Color [id=null, color=green, agent=a20, type=no, time=2015-05-03 12:50:03.225, clock=5]
org notified sent color(a20,green,no,5).
agent writes: Color [id=null, color=green, agent=a30, type=no, time=2015-05-03 12:50:03.288, clock=5]
org notification: Color [id=null, color=green, agent=a30, type=no, time=2015-05-03 12:50:03.288, clock=5]
org notified sent color(a30,green,no,5).
agent writes: Color [id=null, color=green, agent=a40, type=no, time=2015-05-03 12:50:03.352, clock=5]
org notification: Color [id=null, color=green, agent=a40, type=no, time=2015-05-03 12:50:03.352, clock=5]
org notified sent color(a40,green,no,5).
org notification: Time [clock=6, time=2015-05-03 12:50:05.617]
org notified sent time(6).
object notification: Time [clock=6, time=2015-05-03 12:50:05.617]
Event sent to object      a40 clock(6)
object notification: Time [clock=6, time=2015-05-03 12:50:05.617]
Event sent to object      a30 clock(6)
object notification: Time [clock=6, time=2015-05-03 12:50:05.617]
Event sent to object      a10 clock(6)
Event processed UpdateClock(6)
Event processed UpdateClock(6)
Event processed UpdateClock(6)
setPhases in ClientGameStatus, the current phase is Movement Phase
setPhases in ClientGameStatus, the current phase is Movement Phase
setPhases in ClientGameStatus, the current phase is Movement Phase
Event processed @ctenv(functionToList(message(phasechange)),LIST,0); if B(LIST=[actionresult([TYPE,ID])]) then if B(TYPE=proposal) then {ReceivedMessage(TYPE, ID, open); adopta(received(TYPE, ID, closed) : Infinite, priority 1)} else if B(LIST=[actionresult([TYPE,ID,RESPONSE])]) then if B(TYPE=response) then ReceivedMessage(RESPONSE, ID) else if B(LIST=[actionresult([TYPE])]) then ReceivedEvent(TYPE) else if B(LIST=[actionresult([TYPE,AGENT,ID,RESPONSE])]) then if B(TYPE=proposal) then ReceivedProposal(AGENT, ID, RESPONSE)
Event processed @ctenv(functionToList(message(phasechange)),LIST,0); if B(LIST=[actionresult([TYPE,ID])]) then if B(TYPE=proposal) then {ReceivedMessage(TYPE, ID, open); adopta(received(TYPE, ID, closed) : Infinite, priority 1)} else if B(LIST=[actionresult([TYPE,ID,RESPONSE])]) then if B(TYPE=response) then ReceivedMessage(RESPONSE, ID) else if B(LIST=[actionresult([TYPE])]) then ReceivedEvent(TYPE) else if B(LIST=[actionresult([TYPE,AGENT,ID,RESPONSE])]) then if B(TYPE=proposal) then ReceivedProposal(AGENT, ID, RESPONSE)
Event processed @ctenv(functionToList(message(phasechange)),LIST,0); if B(LIST=[actionresult([TYPE,ID])]) then if B(TYPE=proposal) then {ReceivedMessage(TYPE, ID, open); adopta(received(TYPE, ID, closed) : Infinite, priority 1)} else if B(LIST=[actionresult([TYPE,ID,RESPONSE])]) then if B(TYPE=response) then ReceivedMessage(RESPONSE, ID) else if B(LIST=[actionresult([TYPE])]) then ReceivedEvent(TYPE) else if B(LIST=[actionresult([TYPE,AGENT,ID,RESPONSE])]) then if B(TYPE=proposal) then ReceivedProposal(AGENT, ID, RESPONSE)
[CTAH] Array of Terms: [Lapapl.data.Term;@1578361e
[CTAH] The created APLList : [phasechange]
[CTAH] Array of Terms: [Lapapl.data.Term;@f0ade81
[CTAH] The created APLList : [phasechange]
[CTAH] Array of Terms: [Lapapl.data.Term;@13cea978
[CTAH] The created APLList : [phasechange]
a30[CTAH] going to: (R:4,C:1)
[CTAH] moveStepToGoal returns: false
a40[CTAH] going to: (R:3,C:4)
[CTAH] moveStepToGoal returns: false
a10[CTAH] going to: (R:1,C:0)
[CTAH] moveStepToGoal returns: false
a30[CTAH] going to: (R:3,C:1)
[CTAH] moveStepToGoal returns: false
a40[CTAH] going to: (R:3,C:3)
[CTAH] moveStepToGoal returns: [3,3]
a10[CTAH] going to: (R:1,C:1)
[CTAH] moveStepToGoal returns: [1,1]
a30[CTAH] going to: (R:3,C:2)
[CTAH] moveStepToGoal returns: false
a40[CTAH] going to: (R:2,C:3)
[CTAH] moveStepToGoal returns: false
a10[CTAH] going to: (R:2,C:1)
[CTAH] moveStepToGoal returns: false
object notification: Time [clock=7, time=2015-05-03 12:50:15.62]
Event sent to object      a10 clock(7)
org notification: Time [clock=7, time=2015-05-03 12:50:15.62]
org notified sent time(7).
object notification: Time [clock=7, time=2015-05-03 12:50:15.62]
Event sent to object      a40 clock(7)
object notification: Time [clock=7, time=2015-05-03 12:50:15.62]
Event sent to object      a30 clock(7)
object notification: Position [subject=a30, id=null, cell=Cell [x=3, y=2], time=2015-05-03 12:50:15.623, clock=7]
Event sent to object      a30 position(3, 3, 7)
org notification: Position [subject=a30, id=null, cell=Cell [x=3, y=2], time=2015-05-03 12:50:15.623, clock=7]
org notified sent position(a30,cell(3,2),7).
org notification: Chip [id=null, agent=a30, time=2015-05-03 12:50:15.631, color=green, clock=7, number=4]
org notified sent chip(a30,green,4,7).
object notification: Chip [id=null, agent=a30, time=2015-05-03 12:50:15.631, color=green, clock=7, number=4]
Event sent to object      a30 chip(a30, green, 4, 7)
object notification: Position [subject=a10, id=null, cell=Cell [x=2, y=1], time=2015-05-03 12:50:15.636, clock=7]
Event sent to object      a10 position(2, 2, 7)
Event processed UpdateClock(7)
Event processed UpdatePosition(3, 3)
Event processed @ctenv(functionToList(chip(a30, green, 4, 7)),LIST,0); if B(LIST=[actionresult([TYPE,ID])]) then if B(TYPE=proposal) then {ReceivedMessage(TYPE, ID, open); adopta(received(TYPE, ID, closed) : Infinite, priority 1)} else if B(LIST=[actionresult([TYPE,ID,RESPONSE])]) then if B(TYPE=response) then ReceivedMessage(RESPONSE, ID) else if B(LIST=[actionresult([TYPE])]) then ReceivedEvent(TYPE) else if B(LIST=[actionresult([TYPE,AGENT,ID,RESPONSE])]) then if B(TYPE=proposal) then ReceivedProposal(AGENT, ID, RESPONSE)
Event processed UpdateClock(7)
Event processed UpdatePosition(2, 2)
Event processed UpdateClock(7)
[CTAH] Array of Terms: [Lapapl.data.Term;@3b8bbd7e
[CTAH] The created APLList : [a30,green,4,7]
org notification: Chip [id=null, agent=a10, time=2015-05-03 12:50:15.643, color=green, clock=7, number=4]
org notified sent chip(a10,green,4,7).
org notification: Position [subject=a10, id=null, cell=Cell [x=2, y=1], time=2015-05-03 12:50:15.636, clock=7]
org notified sent position(a10,cell(2,1),7).
object notification: Chip [id=null, agent=a10, time=2015-05-03 12:50:15.643, color=green, clock=7, number=4]
Event sent to object      a10 chip(a10, green, 4, 7)
Event processed @ctenv(functionToList(chip(a10, green, 4, 7)),LIST,0); if B(LIST=[actionresult([TYPE,ID])]) then if B(TYPE=proposal) then {ReceivedMessage(TYPE, ID, open); adopta(received(TYPE, ID, closed) : Infinite, priority 1)} else if B(LIST=[actionresult([TYPE,ID,RESPONSE])]) then if B(TYPE=response) then ReceivedMessage(RESPONSE, ID) else if B(LIST=[actionresult([TYPE])]) then ReceivedEvent(TYPE) else if B(LIST=[actionresult([TYPE,AGENT,ID,RESPONSE])]) then if B(TYPE=proposal) then ReceivedProposal(AGENT, ID, RESPONSE)
[CTAH] Array of Terms: [Lapapl.data.Term;@2006f6e2
[CTAH] The created APLList : [a10,green,4,7]
setPhases in ClientGameStatus, the current phase is Feedback Phase
setPhases in ClientGameStatus, the current phase is Feedback Phase
setPhases in ClientGameStatus, the current phase is Feedback Phase
Event processed @ctenv(functionToList(message(phasechange)),LIST,0); if B(LIST=[actionresult([TYPE,ID])]) then if B(TYPE=proposal) then {ReceivedMessage(TYPE, ID, open); adopta(received(TYPE, ID, closed) : Infinite, priority 1)} else if B(LIST=[actionresult([TYPE,ID,RESPONSE])]) then if B(TYPE=response) then ReceivedMessage(RESPONSE, ID) else if B(LIST=[actionresult([TYPE])]) then ReceivedEvent(TYPE) else if B(LIST=[actionresult([TYPE,AGENT,ID,RESPONSE])]) then if B(TYPE=proposal) then ReceivedProposal(AGENT, ID, RESPONSE)
Event processed @ctenv(functionToList(message(phasechange)),LIST,0); if B(LIST=[actionresult([TYPE,ID])]) then if B(TYPE=proposal) then {ReceivedMessage(TYPE, ID, open); adopta(received(TYPE, ID, closed) : Infinite, priority 1)} else if B(LIST=[actionresult([TYPE,ID,RESPONSE])]) then if B(TYPE=response) then ReceivedMessage(RESPONSE, ID) else if B(LIST=[actionresult([TYPE])]) then ReceivedEvent(TYPE) else if B(LIST=[actionresult([TYPE,AGENT,ID,RESPONSE])]) then if B(TYPE=proposal) then ReceivedProposal(AGENT, ID, RESPONSE)
Event processed @ctenv(functionToList(message(phasechange)),LIST,0); if B(LIST=[actionresult([TYPE,ID])]) then if B(TYPE=proposal) then {ReceivedMessage(TYPE, ID, open); adopta(received(TYPE, ID, closed) : Infinite, priority 1)} else if B(LIST=[actionresult([TYPE,ID,RESPONSE])]) then if B(TYPE=response) then ReceivedMessage(RESPONSE, ID) else if B(LIST=[actionresult([TYPE])]) then ReceivedEvent(TYPE) else if B(LIST=[actionresult([TYPE,AGENT,ID,RESPONSE])]) then if B(TYPE=proposal) then ReceivedProposal(AGENT, ID, RESPONSE)
[CTAH] Array of Terms: [Lapapl.data.Term;@e13ce76
[CTAH] The created APLList : [phasechange]
[CTAH] Array of Terms: [Lapapl.data.Term;@463bea31
[CTAH] The created APLList : [phasechange]
[CTAH] Array of Terms: [Lapapl.data.Term;@1fb7e797
[CTAH] The created APLList : [phasechange]
(((((((((((((((((Game ended)))))))))))
Game ended 
My PlayerStatus is: Game Player...
PerGameId: 3.
PIN: 40.
Pos: (R:2,C:3).
Chips: { chips  'green':4 }.
Score: 10.
Team: -1.

(((((((((((((((((Game ended)))))))))))
Game ended 
My PlayerStatus is: Game Player...
PerGameId: 0.
PIN: 10.
Pos: (R:2,C:1).
Chips: { chips  'green':4 }.
Score: 10.
Team: -1.

(((((((((((((((((Game ended)))))))))))
Game ended 
My PlayerStatus is: Game Player...
PerGameId: 2.
PIN: 30.
Pos: (R:3,C:2).
Chips: { chips  'green':4 }.
Score: 10.
Team: -1.

Event processed @ctenv(functionToList(message(game_ended)),LIST,0); if B(LIST=[actionresult([TYPE,ID])]) then if B(TYPE=proposal) then {ReceivedMessage(TYPE, ID, open); adopta(received(TYPE, ID, closed) : Infinite, priority 1)} else if B(LIST=[actionresult([TYPE,ID,RESPONSE])]) then if B(TYPE=response) then ReceivedMessage(RESPONSE, ID) else if B(LIST=[actionresult([TYPE])]) then ReceivedEvent(TYPE) else if B(LIST=[actionresult([TYPE,AGENT,ID,RESPONSE])]) then if B(TYPE=proposal) then ReceivedProposal(AGENT, ID, RESPONSE)
Event processed @ctenv(functionToList(message(game_ended)),LIST,0); if B(LIST=[actionresult([TYPE,ID])]) then if B(TYPE=proposal) then {ReceivedMessage(TYPE, ID, open); adopta(received(TYPE, ID, closed) : Infinite, priority 1)} else if B(LIST=[actionresult([TYPE,ID,RESPONSE])]) then if B(TYPE=response) then ReceivedMessage(RESPONSE, ID) else if B(LIST=[actionresult([TYPE])]) then ReceivedEvent(TYPE) else if B(LIST=[actionresult([TYPE,AGENT,ID,RESPONSE])]) then if B(TYPE=proposal) then ReceivedProposal(AGENT, ID, RESPONSE)
Event processed @ctenv(functionToList(message(game_ended)),LIST,0); if B(LIST=[actionresult([TYPE,ID])]) then if B(TYPE=proposal) then {ReceivedMessage(TYPE, ID, open); adopta(received(TYPE, ID, closed) : Infinite, priority 1)} else if B(LIST=[actionresult([TYPE,ID,RESPONSE])]) then if B(TYPE=response) then ReceivedMessage(RESPONSE, ID) else if B(LIST=[actionresult([TYPE])]) then ReceivedEvent(TYPE) else if B(LIST=[actionresult([TYPE,AGENT,ID,RESPONSE])]) then if B(TYPE=proposal) then ReceivedProposal(AGENT, ID, RESPONSE)
[CTAH] Array of Terms: [Lapapl.data.Term;@11513c36
[CTAH] The created APLList : [game_ended]
[CTAH] Array of Terms: [Lapapl.data.Term;@79cd3761
[CTAH] The created APLList : [game_ended]
[CTAH] Array of Terms: [Lapapl.data.Term;@361c5860
[CTAH] The created APLList : [game_ended]
org notification: Chip [id=null, agent=a40, time=2015-05-03 12:50:15.646, color=green, clock=7, number=4]
org notified sent chip(a40,green,4,7).
object notification: Time [clock=8, time=2015-05-03 12:50:25.622]
Event sent to object      a40 clock(8)
org notification: Time [clock=8, time=2015-05-03 12:50:25.622]
org notified sent time(8).
org notification: Position [subject=a40, id=null, cell=Cell [x=2, y=3], time=2015-05-03 12:50:15.645, clock=7]
org notified sent position(a40,cell(2,3),7).
object notification: Time [clock=8, time=2015-05-03 12:50:25.622]
object notification: Time [clock=8, time=2015-05-03 12:50:25.622]
Event sent to object      a10 clock(8)
object notification: Chip [id=null, agent=a40, time=2015-05-03 12:50:15.646, color=green, clock=7, number=4]
Event sent to object      a40 chip(a40, green, 4, 7)
Event sent to object      a30 clock(8)
object notification: Position [subject=a40, id=null, cell=Cell [x=2, y=3], time=2015-05-03 12:50:15.645, clock=7]
Event sent to object      a40 position(2, 2, 7)
Event processed UpdateClock(8)
Event processed UpdateClock(8)
Event processed UpdateClock(8)
Event processed @ctenv(functionToList(chip(a40, green, 4, 7)),LIST,0); if B(LIST=[actionresult([TYPE,ID])]) then if B(TYPE=proposal) then {ReceivedMessage(TYPE, ID, open); adopta(received(TYPE, ID, closed) : Infinite, priority 1)} else if B(LIST=[actionresult([TYPE,ID,RESPONSE])]) then if B(TYPE=response) then ReceivedMessage(RESPONSE, ID) else if B(LIST=[actionresult([TYPE])]) then ReceivedEvent(TYPE) else if B(LIST=[actionresult([TYPE,AGENT,ID,RESPONSE])]) then if B(TYPE=proposal) then ReceivedProposal(AGENT, ID, RESPONSE)
Event processed UpdatePosition(2, 2)
[CTAH] Array of Terms: [Lapapl.data.Term;@615cd9c1
[CTAH] The created APLList : [a40,green,4,7]
object notification: Time [clock=9, time=2015-05-03 12:50:35.625]
Event sent to object      a10 clock(9)
object notification: Time [clock=9, time=2015-05-03 12:50:35.625]
org notification: Time [clock=9, time=2015-05-03 12:50:35.625]
org notified sent time(9).
object notification: Time [clock=9, time=2015-05-03 12:50:35.625]
Event sent to object      a30 clock(9)
Event sent to object      a40 clock(9)
Event processed UpdateClock(9)
Event processed UpdateClock(9)
Event processed UpdateClock(9)
object notification: Time [clock=10, time=2015-05-03 12:50:45.627]
Event sent to object      a10 clock(10)
object notification: Time [clock=10, time=2015-05-03 12:50:45.627]
object notification: Time [clock=10, time=2015-05-03 12:50:45.627]
Event sent to object      a40 clock(10)
Event sent to object      a30 clock(10)
org notification: Time [clock=10, time=2015-05-03 12:50:45.627]
org notified sent time(10).
Event processed UpdateClock(10)
Event processed UpdateClock(10)
Event processed UpdateClock(10)
org notification: Time [clock=11, time=2015-05-03 12:50:55.63]
org notified sent time(11).
object notification: Time [clock=11, time=2015-05-03 12:50:55.63]
object notification: Time [clock=11, time=2015-05-03 12:50:55.63]
object notification: Time [clock=11, time=2015-05-03 12:50:55.63]
Event sent to object      a30 clock(11)
Event sent to object      a40 clock(11)
Event sent to object      a10 clock(11)
Event processed UpdateClock(11)
Event processed UpdateClock(11)
Event processed UpdateClock(11)
object notification: Time [clock=12, time=2015-05-03 12:51:05.632]
object notification: Time [clock=12, time=2015-05-03 12:51:05.632]
Event sent to object      a10 clock(12)
Event sent to object      a30 clock(12)
org notification: Time [clock=12, time=2015-05-03 12:51:05.632]
org notified sent time(12).
object notification: Time [clock=12, time=2015-05-03 12:51:05.632]
Event sent to object      a40 clock(12)
Event processed UpdateClock(12)
Event processed UpdateClock(12)
Event processed UpdateClock(12)
org notification: Time [clock=13, time=2015-05-03 12:51:15.635]
object notification: Time [clock=13, time=2015-05-03 12:51:15.635]
object notification: Time [clock=13, time=2015-05-03 12:51:15.635]
org notified sent time(13).
Event sent to object      a40 clock(13)
Event sent to object      a10 clock(13)
object notification: Time [clock=13, time=2015-05-03 12:51:15.635]
Event sent to object      a30 clock(13)
Event processed UpdateClock(13)
Event processed UpdateClock(13)
Event processed UpdateClock(13)
org notification: Time [clock=14, time=2015-05-03 12:51:25.637]
org notified sent time(14).
object notification: Time [clock=14, time=2015-05-03 12:51:25.637]
object notification: Time [clock=14, time=2015-05-03 12:51:25.637]
Event sent to object      a10 clock(14)
object notification: Time [clock=14, time=2015-05-03 12:51:25.637]
Event sent to object      a40 clock(14)
Event sent to object      a30 clock(14)
Event processed UpdateClock(14)
Event processed UpdateClock(14)
Event processed UpdateClock(14)
object notification: Time [clock=15, time=2015-05-03 12:51:35.639]
object notification: Time [clock=15, time=2015-05-03 12:51:35.639]
org notification: Time [clock=15, time=2015-05-03 12:51:35.639]
org notified sent time(15).
Event sent to object      a10 clock(15)
Event sent to object      a30 clock(15)
object notification: Time [clock=15, time=2015-05-03 12:51:35.639]
Event sent to object      a40 clock(15)
