2015-04-19 13:02:31,408 CONFIG [com.gigaspaces.logger] - Log file: /Users/dxd/git/ct3/logs/2015-04-19~13.02-gigaspaces-service-192.168.0.2-39182.log
-------------------------last log tuples start--------------------------------
Prohibition [subject=ra1, prohibition=[at(15, 15, ra1, _)], sanction=[reduce(ra1, 300)], clock=2, time=2015-04-19 13:00:14.801]
Time [clock=14, time=null]
Prohibition [subject=a10, prohibition=[at(15, 15, a10, _)], sanction=[reduce(a10, 300)], clock=2, time=2015-04-19 13:00:14.782]
Time [clock=15, time=null]
Time [clock=7, time=null]
Prohibition [subject=a10, prohibition=[at(16, 16, a10, _)], sanction=[reduce(a10, 300)], clock=2, time=2015-04-19 13:00:14.792]
Time [clock=12, time=null]
Prohibition [subject=ra1, prohibition=[at(16, 16, ra1, _)], sanction=[reduce(ra1, 300)], clock=2, time=2015-04-19 13:00:14.807]
Prohibition [subject=a10, prohibition=[at(16, 15, a10, _)], sanction=[reduce(a10, 300)], clock=2, time=2015-04-19 13:00:14.789]
Time [clock=6, time=null]
Prohibition [subject=a20, prohibition=[at(15, 16, a20, _)], sanction=[reduce(a20, 300)], clock=2, time=2015-04-19 13:00:14.796]
Time [clock=11, time=null]
Time [clock=10, time=null]
Prohibition [subject=a20, prohibition=[at(16, 15, a20, _)], sanction=[reduce(a20, 300)], clock=2, time=2015-04-19 13:00:14.798]
Prohibition [subject=ra1, prohibition=[at(16, 15, ra1, _)], sanction=[reduce(ra1, 300)], clock=2, time=2015-04-19 13:00:14.805]
Time [clock=4, time=null]
Prohibition [subject=a20, prohibition=[at(16, 16, a20, _)], sanction=[reduce(a20, 300)], clock=2, time=2015-04-19 13:00:14.799]
Time [clock=1, time=null]
Prohibition [subject=a20, prohibition=[at(15, 15, a20, _)], sanction=[reduce(a20, 300)], clock=2, time=2015-04-19 13:00:14.794]
Prohibition [subject=a10, prohibition=[at(15, 16, a10, _)], sanction=[reduce(a10, 300)], clock=2, time=2015-04-19 13:00:14.785]
Time [clock=8, time=null]
Prohibition [subject=ra1, prohibition=[at(15, 16, ra1, _)], sanction=[reduce(ra1, 300)], clock=2, time=2015-04-19 13:00:14.803]
Time [clock=3, time=null]
Time [clock=13, time=null]
Time [clock=5, time=null]
Time [clock=9, time=null]
Time [clock=2, time=null]
-------------------------last log tuples end----------------------------------
[CTAH] started agent 10
[CTAH] Added a new agent to the game by the name of 10.
[ENV] added agent a10
[CTAH] started agent 30
[CTAH] Added a new agent to the game by the name of 30.
[ENV] added agent a30
[CTAH] started agent 40
[CTAH] Added a new agent to the game by the name of 40.
[ENV] added agent a40
org notification: Time [clock=1, time=null]
org notified sent time(1).
object notification: Time [clock=1, time=null]
object notification: Time [clock=1, time=null]
Organization notifies object (write): Prohibition [subject=a10, prohibition=[at(15, 15, a10, _)], sanction=[reduce(a10, 300)], clock=1, time=2015-04-19 13:02:42.536]
object notification: Time [clock=1, time=null]
Event sent to object      a30 clock(1)
Event sent to object      a40 clock(1)
Event sent to object      a10 clock(1)
Organization notifies object (write): Prohibition [subject=a10, prohibition=[at(15, 16, a10, _)], sanction=[reduce(a10, 300)], clock=1, time=2015-04-19 13:02:42.542]
Organization notifies object (write): Prohibition [subject=a10, prohibition=[at(16, 15, a10, _)], sanction=[reduce(a10, 300)], clock=1, time=2015-04-19 13:02:42.544]
object notification: Prohibition [subject=a10, prohibition=[at(15, 15, a10, _)], sanction=[reduce(a10, 300)], clock=1, time=2015-04-19 13:02:42.536]
Event sent to object      a10 prohibition([at(15, 15, a10, _)], [reduce(a10, 300)])
object notification: Prohibition [subject=a10, prohibition=[at(15, 16, a10, _)], sanction=[reduce(a10, 300)], clock=1, time=2015-04-19 13:02:42.542]
Event sent to object      a10 prohibition([at(15, 16, a10, _)], [reduce(a10, 300)])
Organization notifies object (write): Prohibition [subject=a10, prohibition=[at(16, 16, a10, _)], sanction=[reduce(a10, 300)], clock=1, time=2015-04-19 13:02:42.546]
object notification: Prohibition [subject=a10, prohibition=[at(16, 15, a10, _)], sanction=[reduce(a10, 300)], clock=1, time=2015-04-19 13:02:42.544]
Event sent to object      a10 prohibition([at(16, 15, a10, _)], [reduce(a10, 300)])
Organization notifies object (write): Prohibition [subject=a20, prohibition=[at(15, 15, a20, _)], sanction=[reduce(a20, 300)], clock=1, time=2015-04-19 13:02:42.548]
object notification: Prohibition [subject=a10, prohibition=[at(16, 16, a10, _)], sanction=[reduce(a10, 300)], clock=1, time=2015-04-19 13:02:42.546]
Event sent to object      a10 prohibition([at(16, 16, a10, _)], [reduce(a10, 300)])
Organization notifies object (write): Prohibition [subject=a20, prohibition=[at(15, 16, a20, _)], sanction=[reduce(a20, 300)], clock=1, time=2015-04-19 13:02:42.55]
Organization notifies object (write): Prohibition [subject=a20, prohibition=[at(16, 15, a20, _)], sanction=[reduce(a20, 300)], clock=1, time=2015-04-19 13:02:42.553]
Organization notifies object (write): Prohibition [subject=a20, prohibition=[at(16, 16, a20, _)], sanction=[reduce(a20, 300)], clock=1, time=2015-04-19 13:02:42.555]
Organization notifies object (write): Prohibition [subject=ra1, prohibition=[at(15, 15, ra1, _)], sanction=[reduce(ra1, 300)], clock=1, time=2015-04-19 13:02:42.556]
Organization notifies object (write): Prohibition [subject=ra1, prohibition=[at(15, 16, ra1, _)], sanction=[reduce(ra1, 300)], clock=1, time=2015-04-19 13:02:42.559]
Organization notifies object (write): Prohibition [subject=ra1, prohibition=[at(16, 15, ra1, _)], sanction=[reduce(ra1, 300)], clock=1, time=2015-04-19 13:02:42.561]
Organization notifies object (write): Prohibition [subject=ra1, prohibition=[at(16, 16, ra1, _)], sanction=[reduce(ra1, 300)], clock=1, time=2015-04-19 13:02:42.563]
#########################Game started
#########################Game started
#########################Game started
setPhases in ClientGameStatus, the current phase is 
setPhases in ClientGameStatus, the current phase is 
setPhases in ClientGameStatus, the current phase is 
setPhases in ClientGameStatus, the current phase is Communication Phase
setPhases in ClientGameStatus, the current phase is Communication Phase
setPhases in ClientGameStatus, the current phase is Communication Phase
org notification: Tile [id=null, cell=Cell [x=0, y=0], subject=green, time=2015-04-19 13:02:46.845, clock=0]
org notified sent tile(cell(0,0),green,0).
object notification: Tile [id=null, cell=Cell [x=0, y=0], subject=green, time=2015-04-19 13:02:46.845, clock=0]
object notification: Tile [id=null, cell=Cell [x=0, y=0], subject=green, time=2015-04-19 13:02:46.845, clock=0]
object notification: Tile [id=null, cell=Cell [x=0, y=0], subject=green, time=2015-04-19 13:02:46.845, clock=0]
object notification: Tile [id=null, cell=Cell [x=0, y=1], subject=green, time=2015-04-19 13:02:46.95, clock=0]
object notification: Tile [id=null, cell=Cell [x=0, y=1], subject=green, time=2015-04-19 13:02:46.95, clock=0]
object notification: Tile [id=null, cell=Cell [x=0, y=1], subject=green, time=2015-04-19 13:02:46.95, clock=0]
org notification: Tile [id=null, cell=Cell [x=0, y=1], subject=green, time=2015-04-19 13:02:46.95, clock=0]
org notified sent tile(cell(0,1),green,0).
object notification: Tile [id=null, cell=Cell [x=0, y=2], subject=red, time=2015-04-19 13:02:46.955, clock=0]
object notification: Tile [id=null, cell=Cell [x=0, y=2], subject=red, time=2015-04-19 13:02:46.955, clock=0]
org notification: Tile [id=null, cell=Cell [x=0, y=2], subject=red, time=2015-04-19 13:02:46.955, clock=0]
org notified sent tile(cell(0,2),red,0).
object notification: Tile [id=null, cell=Cell [x=0, y=2], subject=red, time=2015-04-19 13:02:46.955, clock=0]
object notification: Tile [id=null, cell=Cell [x=0, y=3], subject=orange, time=2015-04-19 13:02:46.961, clock=0]
object notification: Tile [id=null, cell=Cell [x=0, y=3], subject=orange, time=2015-04-19 13:02:46.961, clock=0]
org notification: Tile [id=null, cell=Cell [x=0, y=3], subject=orange, time=2015-04-19 13:02:46.961, clock=0]
object notification: Tile [id=null, cell=Cell [x=0, y=3], subject=orange, time=2015-04-19 13:02:46.961, clock=0]
org notified sent tile(cell(0,3),orange,0).
object notification: Tile [id=null, cell=Cell [x=0, y=4], subject=green, time=2015-04-19 13:02:47.004, clock=0]
object notification: Tile [id=null, cell=Cell [x=0, y=4], subject=green, time=2015-04-19 13:02:47.004, clock=0]
org notification: Tile [id=null, cell=Cell [x=0, y=4], subject=green, time=2015-04-19 13:02:47.004, clock=0]
org notified sent tile(cell(0,4),green,0).
object notification: Tile [id=null, cell=Cell [x=0, y=4], subject=green, time=2015-04-19 13:02:47.004, clock=0]
object notification: Tile [id=null, cell=Cell [x=1, y=0], subject=green, time=2015-04-19 13:02:47.015, clock=0]
object notification: Tile [id=null, cell=Cell [x=1, y=0], subject=green, time=2015-04-19 13:02:47.015, clock=0]
org notification: Tile [id=null, cell=Cell [x=1, y=0], subject=green, time=2015-04-19 13:02:47.015, clock=0]
org notified sent tile(cell(1,0),green,0).
object notification: Tile [id=null, cell=Cell [x=1, y=0], subject=green, time=2015-04-19 13:02:47.015, clock=0]
object notification: Tile [id=null, cell=Cell [x=1, y=1], subject=orange, time=2015-04-19 13:02:47.023, clock=0]
object notification: Tile [id=null, cell=Cell [x=1, y=1], subject=orange, time=2015-04-19 13:02:47.023, clock=0]
org notification: Tile [id=null, cell=Cell [x=1, y=1], subject=orange, time=2015-04-19 13:02:47.023, clock=0]
org notified sent tile(cell(1,1),orange,0).
object notification: Tile [id=null, cell=Cell [x=1, y=1], subject=orange, time=2015-04-19 13:02:47.023, clock=0]
object notification: Tile [id=null, cell=Cell [x=1, y=2], subject=red, time=2015-04-19 13:02:47.03, clock=0]
object notification: Tile [id=null, cell=Cell [x=1, y=2], subject=red, time=2015-04-19 13:02:47.03, clock=0]
org notification: Tile [id=null, cell=Cell [x=1, y=2], subject=red, time=2015-04-19 13:02:47.03, clock=0]
org notified sent tile(cell(1,2),red,0).
object notification: Tile [id=null, cell=Cell [x=1, y=2], subject=red, time=2015-04-19 13:02:47.03, clock=0]
object notification: Tile [id=null, cell=Cell [x=1, y=3], subject=red, time=2015-04-19 13:02:47.038, clock=0]
org notification: Tile [id=null, cell=Cell [x=1, y=3], subject=red, time=2015-04-19 13:02:47.038, clock=0]
object notification: Tile [id=null, cell=Cell [x=1, y=3], subject=red, time=2015-04-19 13:02:47.038, clock=0]
org notified sent tile(cell(1,3),red,0).
object notification: Tile [id=null, cell=Cell [x=1, y=3], subject=red, time=2015-04-19 13:02:47.038, clock=0]
object notification: Tile [id=null, cell=Cell [x=1, y=4], subject=purple, time=2015-04-19 13:02:47.049, clock=0]
object notification: Tile [id=null, cell=Cell [x=1, y=4], subject=purple, time=2015-04-19 13:02:47.049, clock=0]
org notification: Tile [id=null, cell=Cell [x=1, y=4], subject=purple, time=2015-04-19 13:02:47.049, clock=0]
org notified sent tile(cell(1,4),purple,0).
object notification: Tile [id=null, cell=Cell [x=1, y=4], subject=purple, time=2015-04-19 13:02:47.049, clock=0]
object notification: Tile [id=null, cell=Cell [x=2, y=0], subject=red, time=2015-04-19 13:02:47.09, clock=0]
org notification: Tile [id=null, cell=Cell [x=2, y=0], subject=red, time=2015-04-19 13:02:47.09, clock=0]
org notified sent tile(cell(2,0),red,0).
object notification: Tile [id=null, cell=Cell [x=2, y=0], subject=red, time=2015-04-19 13:02:47.09, clock=0]
object notification: Tile [id=null, cell=Cell [x=2, y=0], subject=red, time=2015-04-19 13:02:47.09, clock=0]
object notification: Tile [id=null, cell=Cell [x=2, y=1], subject=red, time=2015-04-19 13:02:47.095, clock=0]
object notification: Tile [id=null, cell=Cell [x=2, y=1], subject=red, time=2015-04-19 13:02:47.095, clock=0]
object notification: Tile [id=null, cell=Cell [x=2, y=1], subject=red, time=2015-04-19 13:02:47.095, clock=0]
org notification: Tile [id=null, cell=Cell [x=2, y=1], subject=red, time=2015-04-19 13:02:47.095, clock=0]
org notified sent tile(cell(2,1),red,0).
object notification: Tile [id=null, cell=Cell [x=2, y=2], subject=green, time=2015-04-19 13:02:47.109, clock=0]
object notification: Tile [id=null, cell=Cell [x=2, y=2], subject=green, time=2015-04-19 13:02:47.109, clock=0]
org notification: Tile [id=null, cell=Cell [x=2, y=2], subject=green, time=2015-04-19 13:02:47.109, clock=0]
org notified sent tile(cell(2,2),green,0).
object notification: Tile [id=null, cell=Cell [x=2, y=2], subject=green, time=2015-04-19 13:02:47.109, clock=0]
object notification: Tile [id=null, cell=Cell [x=2, y=3], subject=purple, time=2015-04-19 13:02:47.122, clock=0]
org notification: Tile [id=null, cell=Cell [x=2, y=3], subject=purple, time=2015-04-19 13:02:47.122, clock=0]
org notified sent tile(cell(2,3),purple,0).
object notification: Tile [id=null, cell=Cell [x=2, y=3], subject=purple, time=2015-04-19 13:02:47.122, clock=0]
object notification: Tile [id=null, cell=Cell [x=2, y=3], subject=purple, time=2015-04-19 13:02:47.122, clock=0]
object notification: Tile [id=null, cell=Cell [x=2, y=4], subject=red, time=2015-04-19 13:02:47.13, clock=0]
object notification: Tile [id=null, cell=Cell [x=2, y=4], subject=red, time=2015-04-19 13:02:47.13, clock=0]
#########################Game Initialized
#########################Game Initialized
AGENT Thread-16: current phase name: Communication Phase
we have 1 goals
we have GoalWeight: 100  DistWeight: -10  ChipWeight: 5  CommWeight: 0 scoring
AGENT Thread-12: current phase name: Communication Phase
#########################Game Initialized
AGENT Thread-14: current phase name: Communication Phase
we have 1 goals
we have GoalWeight: 100  DistWeight: -10  ChipWeight: 5  CommWeight: 0 scoring
we have 1 goals
we have GoalWeight: 100  DistWeight: -10  ChipWeight: 5  CommWeight: 0 scoring
CT Client thread still alive
CT Client thread still alive
setPhases in ClientGameStatus, the current phase is Movement Phase
setPhases in ClientGameStatus, the current phase is Movement Phase
setPhases in ClientGameStatus, the current phase is Movement Phase
setPhases in ClientGameStatus, the current phase is Communication Phase
setPhases in ClientGameStatus, the current phase is Communication Phase
setPhases in ClientGameStatus, the current phase is Communication Phase
object notification: Tile [id=null, cell=Cell [x=2, y=4], subject=red, time=2015-04-19 13:02:47.13, clock=0]
object notification: Tile [id=null, cell=Cell [x=3, y=0], subject=red, time=2015-04-19 13:02:47.134, clock=0]
org notification: Tile [id=null, cell=Cell [x=2, y=4], subject=red, time=2015-04-19 13:02:47.13, clock=0]
org notified sent tile(cell(2,4),red,0).
object notification: Tile [id=null, cell=Cell [x=3, y=0], subject=red, time=2015-04-19 13:02:47.134, clock=0]
object notification: Tile [id=null, cell=Cell [x=3, y=1], subject=orange, time=2015-04-19 13:02:47.139, clock=0]
object notification: Tile [id=null, cell=Cell [x=3, y=1], subject=orange, time=2015-04-19 13:02:47.139, clock=0]
object notification: Tile [id=null, cell=Cell [x=3, y=2], subject=purple, time=2015-04-19 13:02:47.145, clock=0]
object notification: Tile [id=null, cell=Cell [x=3, y=3], subject=purple, time=2015-04-19 13:02:47.147, clock=0]
object notification: Tile [id=null, cell=Cell [x=3, y=4], subject=orange, time=2015-04-19 13:02:47.153, clock=0]
object notification: Tile [id=null, cell=Cell [x=4, y=0], subject=green, time=2015-04-19 13:02:47.157, clock=0]
object notification: Time [clock=2, time=null]
object notification: Time [clock=2, time=null]
Event sent to object      a30 clock(2)
Event sent to object      a10 clock(2)
object notification: Time [clock=2, time=null]
Event sent to object      a40 clock(2)
object notification: Tile [id=null, cell=Cell [x=4, y=1], subject=purple, time=2015-04-19 13:02:47.161, clock=0]
object notification: Tile [id=null, cell=Cell [x=3, y=0], subject=red, time=2015-04-19 13:02:47.134, clock=0]
object notification: Tile [id=null, cell=Cell [x=4, y=2], subject=orange, time=2015-04-19 13:02:47.163, clock=0]
object notification: Tile [id=null, cell=Cell [x=3, y=1], subject=orange, time=2015-04-19 13:02:47.139, clock=0]
object notification: Tile [id=null, cell=Cell [x=4, y=3], subject=purple, time=2015-04-19 13:02:47.165, clock=0]
object notification: Tile [id=null, cell=Cell [x=3, y=2], subject=purple, time=2015-04-19 13:02:47.145, clock=0]
object notification: Tile [id=null, cell=Cell [x=4, y=4], subject=green, time=2015-04-19 13:02:47.169, clock=0]
object notification: Time [clock=3, time=null]
Event sent to object      a10 clock(3)
object notification: Time [clock=4, time=null]
Event sent to object      a10 clock(4)
object notification: Time [clock=3, time=null]
org notification: Tile [id=null, cell=Cell [x=3, y=0], subject=red, time=2015-04-19 13:02:47.134, clock=0]
org notified sent tile(cell(3,0),red,0).
Event sent to object      a30 clock(3)
object notification: Time [clock=4, time=null]
Event sent to object      a30 clock(4)
org notification: Tile [id=null, cell=Cell [x=3, y=1], subject=orange, time=2015-04-19 13:02:47.139, clock=0]
org notified sent tile(cell(3,1),orange,0).
org notification: Goal [id=null, cell=Cell [x=3, y=0], time=2015-04-19 13:02:47.199, clock=0]
org notified sent goal(cell(3,0),0).
object notification: Time [clock=3, time=null]
Event sent to object      a40 clock(3)
object notification: Tile [id=null, cell=Cell [x=3, y=2], subject=purple, time=2015-04-19 13:02:47.145, clock=0]
object notification: Time [clock=4, time=null]
object notification: Tile [id=null, cell=Cell [x=3, y=3], subject=purple, time=2015-04-19 13:02:47.147, clock=0]
object notification: Tile [id=null, cell=Cell [x=3, y=4], subject=orange, time=2015-04-19 13:02:47.153, clock=0]
object notification: Tile [id=null, cell=Cell [x=4, y=0], subject=green, time=2015-04-19 13:02:47.157, clock=0]
object notification: Tile [id=null, cell=Cell [x=4, y=1], subject=purple, time=2015-04-19 13:02:47.161, clock=0]
org notification: Time [clock=2, time=null]
org notified sent time(2).
object notification: Tile [id=null, cell=Cell [x=4, y=2], subject=orange, time=2015-04-19 13:02:47.163, clock=0]
object notification: Tile [id=null, cell=Cell [x=4, y=3], subject=purple, time=2015-04-19 13:02:47.165, clock=0]
object notification: Tile [id=null, cell=Cell [x=3, y=3], subject=purple, time=2015-04-19 13:02:47.147, clock=0]
object notification: Tile [id=null, cell=Cell [x=4, y=4], subject=green, time=2015-04-19 13:02:47.169, clock=0]
object notification: Tile [id=null, cell=Cell [x=3, y=4], subject=orange, time=2015-04-19 13:02:47.153, clock=0]
object notification: Tile [id=null, cell=Cell [x=4, y=0], subject=green, time=2015-04-19 13:02:47.157, clock=0]
org notification: Tile [id=null, cell=Cell [x=3, y=2], subject=purple, time=2015-04-19 13:02:47.145, clock=0]
org notified sent tile(cell(3,2),purple,0).
Event sent to object      a40 clock(4)
object notification: Tile [id=null, cell=Cell [x=4, y=1], subject=purple, time=2015-04-19 13:02:47.161, clock=0]
object notification: Tile [id=null, cell=Cell [x=4, y=2], subject=orange, time=2015-04-19 13:02:47.163, clock=0]
object notification: Tile [id=null, cell=Cell [x=4, y=3], subject=purple, time=2015-04-19 13:02:47.165, clock=0]
object notification: Tile [id=null, cell=Cell [x=4, y=4], subject=green, time=2015-04-19 13:02:47.169, clock=0]
org notification: Time [clock=3, time=null]
org notified sent time(3).
Organization notifies object (write): Obligation [subject=ra1, obligation=[surround(3, 0)], sanction=[reduce(g, 1000)], deadline=12, time=2015-04-19 13:03:18.417, clock=4]
org notification: Position [subject=a40, id=null, cell=Cell [x=2, y=0], time=2015-04-19 13:03:18.41, clock=2]
org notified sent position(a40,cell(2,0),2).
Organization notifies object (write): Obligation [subject=a10, obligation=[west(3, 0, a10)], sanction=[reduce(a10, 1000)], deadline=12, time=2015-04-19 13:03:18.426, clock=4]
Organization notifies object (write): Obligation [subject=a20, obligation=[east(3, 0, a20)], sanction=[reduce(a20, 1000)], deadline=12, time=2015-04-19 13:03:18.429, clock=4]
object notification: Obligation [subject=a10, obligation=[west(3, 0, a10)], sanction=[reduce(a10, 1000)], deadline=12, time=2015-04-19 13:03:18.426, clock=4]
Event sent to object      a10 obligation([west(3, 0, a10)], 12, [reduce(a10, 1000)])
object notification: Chip [id=null, agent=a40, time=2015-04-19 13:03:18.42, color=orange, clock=2, number=1]
Event sent to object      a40 reading(1, a40, 2)
org notification: Chip [id=null, agent=a40, time=2015-04-19 13:03:18.42, color=orange, clock=2, number=1]
org notified sent chip(a40,orange,1,2).
org notification: Position [subject=a10, id=null, cell=Cell [x=3, y=0], time=2015-04-19 13:03:18.436, clock=2]
org notified sent position(a10,cell(3,0),2).
org notification: Time [clock=4, time=null]
org notified sent time(4).
object notification: Chip [id=null, agent=a40, time=2015-04-19 13:03:18.429, color=red, clock=2, number=0]
Event sent to object      a40 reading(0, a40, 2)
object notification: Chip [id=null, agent=a40, time=2015-04-19 13:03:18.431, color=purple, clock=2, number=3]
Event sent to object      a40 reading(3, a40, 2)
object notification: Chip [id=null, agent=a40, time=2015-04-19 13:03:18.434, color=green, clock=2, number=1]
Event sent to object      a40 reading(1, a40, 2)
org notification: Tile [id=null, cell=Cell [x=3, y=3], subject=purple, time=2015-04-19 13:02:47.147, clock=0]
org notified sent tile(cell(3,3),purple,0).
object notification: Chip [id=null, agent=a10, time=2015-04-19 13:03:18.44, color=orange, clock=2, number=1]
Event sent to object      a10 reading(1, a10, 2)
object notification: Chip [id=null, agent=a10, time=2015-04-19 13:03:18.442, color=red, clock=2, number=2]
Event sent to object      a10 reading(2, a10, 2)
org notification: Tile [id=null, cell=Cell [x=3, y=4], subject=orange, time=2015-04-19 13:02:47.153, clock=0]
org notified sent tile(cell(3,4),orange,0).
object notification: Chip [id=null, agent=a10, time=2015-04-19 13:03:18.444, color=purple, clock=2, number=0]
Event sent to object      a10 reading(0, a10, 2)
object notification: Chip [id=null, agent=a10, time=2015-04-19 13:03:18.446, color=green, clock=2, number=2]
Event sent to object      a10 reading(2, a10, 2)
object notification: Chip [id=null, agent=a30, time=2015-04-19 13:03:18.45, color=orange, clock=2, number=0]
Event sent to object      a30 reading(0, a30, 2)
object notification: Chip [id=null, agent=a30, time=2015-04-19 13:03:18.454, color=red, clock=2, number=0]
Event sent to object      a30 reading(0, a30, 2)
object notification: Chip [id=null, agent=a30, time=2015-04-19 13:03:18.455, color=purple, clock=2, number=2]
Event sent to object      a30 reading(2, a30, 2)
object notification: Chip [id=null, agent=a30, time=2015-04-19 13:03:18.459, color=green, clock=2, number=2]
Event sent to object      a30 reading(2, a30, 2)
org notification: Position [subject=a30, id=null, cell=Cell [x=3, y=0], time=2015-04-19 13:03:18.448, clock=2]
org notified sent position(a30,cell(3,0),2).
org notification: Chip [id=null, agent=a40, time=2015-04-19 13:03:18.429, color=red, clock=2, number=0]
org notified sent chip(a40,red,0,2).
org notification: Position [subject=a20, id=null, cell=Cell [x=3, y=0], time=2015-04-19 13:03:18.463, clock=2]
org notified sent position(a20,cell(3,0),2).
org notification: Tile [id=null, cell=Cell [x=4, y=0], subject=green, time=2015-04-19 13:02:47.157, clock=0]
org notified sent tile(cell(4,0),green,0).
org notification: Chip [id=null, agent=a40, time=2015-04-19 13:03:18.431, color=purple, clock=2, number=3]
org notified sent chip(a40,purple,3,2).
org notification: Tile [id=null, cell=Cell [x=4, y=1], subject=purple, time=2015-04-19 13:02:47.161, clock=0]
org notified sent tile(cell(4,1),purple,0).
org notification: Chip [id=null, agent=a40, time=2015-04-19 13:03:18.434, color=green, clock=2, number=1]
org notified sent chip(a40,green,1,2).
org notification: Chip [id=null, agent=a10, time=2015-04-19 13:03:18.44, color=orange, clock=2, number=1]
org notified sent chip(a10,orange,1,2).
org notification: Chip [id=null, agent=a10, time=2015-04-19 13:03:18.442, color=red, clock=2, number=2]
org notified sent chip(a10,red,2,2).
org notification: Chip [id=null, agent=a10, time=2015-04-19 13:03:18.444, color=purple, clock=2, number=0]
org notified sent chip(a10,purple,0,2).
org notification: Tile [id=null, cell=Cell [x=4, y=2], subject=orange, time=2015-04-19 13:02:47.163, clock=0]
org notified sent tile(cell(4,2),orange,0).
org notification: Tile [id=null, cell=Cell [x=4, y=3], subject=purple, time=2015-04-19 13:02:47.165, clock=0]
org notified sent tile(cell(4,3),purple,0).
org notification: Tile [id=null, cell=Cell [x=4, y=4], subject=green, time=2015-04-19 13:02:47.169, clock=0]
org notified sent tile(cell(4,4),green,0).
org notification: Chip [id=null, agent=a10, time=2015-04-19 13:03:18.446, color=green, clock=2, number=2]
org notified sent chip(a10,green,2,2).
org notification: Chip [id=null, agent=a30, time=2015-04-19 13:03:18.45, color=orange, clock=2, number=0]
org notified sent chip(a30,orange,0,2).
org notification: Chip [id=null, agent=a30, time=2015-04-19 13:03:18.454, color=red, clock=2, number=0]
org notified sent chip(a30,red,0,2).
org notification: Chip [id=null, agent=a30, time=2015-04-19 13:03:18.455, color=purple, clock=2, number=2]
org notified sent chip(a30,purple,2,2).
org notification: Chip [id=null, agent=a30, time=2015-04-19 13:03:18.459, color=green, clock=2, number=2]
org notified sent chip(a30,green,2,2).
org notification: Chip [id=null, agent=a20, time=2015-04-19 13:03:18.468, color=orange, clock=2, number=1]
org notified sent chip(a20,orange,1,2).
org notification: Chip [id=null, agent=a20, time=2015-04-19 13:03:18.471, color=red, clock=2, number=1]
org notified sent chip(a20,red,1,2).
org notification: Chip [id=null, agent=a20, time=2015-04-19 13:03:18.472, color=purple, clock=2, number=1]
org notified sent chip(a20,purple,1,2).
org notification: Chip [id=null, agent=a20, time=2015-04-19 13:03:18.474, color=green, clock=2, number=2]
org notified sent chip(a20,green,2,2).
org notification: Time [clock=5, time=null]
org notified sent time(5).
object notification: Time [clock=5, time=null]
object notification: Time [clock=5, time=null]
Event sent to object      a40 clock(5)
object notification: Time [clock=5, time=null]
Event sent to object      a10 clock(5)
Event sent to object      a30 clock(5)
