2015-05-24 18:10:08,301 CONFIG [com.gigaspaces.logger] - Log file: /Users/dxd/gigaspaces-xap-premium-9.5.1-ga/logs/2015-05-24~18.10-gigaspaces-service-192.168.1.100-17125.log
-------------------------last log tuples start--------------------------------
Time [clock=25, time=2015-05-24 18:09:37.171]
Time [clock=17, time=2015-05-24 18:08:17.148]
Time [clock=5, time=2015-05-24 18:06:17.112]
Time [clock=27, time=2015-05-24 18:09:57.176]
Time [clock=9, time=2015-05-24 18:06:57.124]
Time [clock=19, time=2015-05-24 18:08:37.153]
Time [clock=21, time=2015-05-24 18:08:57.16]
Time [clock=7, time=2015-05-24 18:06:37.118]
Time [clock=8, time=2015-05-24 18:06:47.121]
Time [clock=18, time=2015-05-24 18:08:27.151]
Time [clock=3, time=2015-05-24 18:05:57.106]
Time [clock=10, time=2015-05-24 18:07:07.127]
Time [clock=12, time=2015-05-24 18:07:27.133]
Time [clock=24, time=2015-05-24 18:09:27.165]
Time [clock=16, time=2015-05-24 18:08:07.142]
Time [clock=23, time=2015-05-24 18:09:17.163]
Time [clock=13, time=2015-05-24 18:07:37.135]
Time [clock=2, time=2015-05-24 18:05:47.103]
Time [clock=20, time=2015-05-24 18:08:47.156]
Time [clock=15, time=2015-05-24 18:07:57.14]
Time [clock=14, time=2015-05-24 18:07:47.138]
Time [clock=6, time=2015-05-24 18:06:27.115]
Time [clock=22, time=2015-05-24 18:09:07.161]
Time [clock=4, time=2015-05-24 18:06:07.109]
Time [clock=26, time=2015-05-24 18:09:47.173]
Time [clock=11, time=2015-05-24 18:07:17.13]
Time [clock=1, time=2015-05-24 18:05:37.085]
-------------------------last log tuples end----------------------------------
org notification: Time [clock=1, time=2015-05-24 18:10:19.252]
org notified sent time(1).
org notification: Time [clock=2, time=2015-05-24 18:10:29.269]
org notified sent time(2).
org notification: Time [clock=3, time=2015-05-24 18:10:39.272]
org notified sent time(3).
org notification: Time [clock=4, time=2015-05-24 18:10:49.275]
org notified sent time(4).
org notification: Time [clock=5, time=2015-05-24 18:10:59.278]
org notified sent time(5).
