2015-04-19 12:12:02,698 CONFIG [com.gigaspaces.logger] - Log file: /Users/dxd/git/ct3/logs/2015-04-19~12.12-gigaspaces-service-192.168.0.2-38739.log
-------------------------last log tuples start--------------------------------
Prohibition [subject=ra1, prohibition=[at(16, 16, ra1, _)], sanction=[reduce(ra1, 300)], clock=1, time=2015-04-19 12:11:08.274]
Prohibition [subject=ra1, prohibition=[at(15, 16, ra1, _)], sanction=[reduce(ra1, 300)], clock=1, time=2015-04-19 12:11:08.269]
Time [clock=3, time=null]
Time [clock=4, time=null]
Time [clock=5, time=null]
Time [clock=1, time=null]
Time [clock=2, time=null]
Prohibition [subject=a10, prohibition=[at(16, 16, a10, _)], sanction=[reduce(a10, 300)], clock=1, time=2015-04-19 12:11:08.255]
Prohibition [subject=a10, prohibition=[at(15, 16, a10, _)], sanction=[reduce(a10, 300)], clock=1, time=2015-04-19 12:11:08.25]
Prohibition [subject=a20, prohibition=[at(15, 15, a20, _)], sanction=[reduce(a20, 300)], clock=1, time=2015-04-19 12:11:08.258]
Prohibition [subject=ra1, prohibition=[at(15, 15, ra1, _)], sanction=[reduce(ra1, 300)], clock=1, time=2015-04-19 12:11:08.267]
Prohibition [subject=a20, prohibition=[at(15, 16, a20, _)], sanction=[reduce(a20, 300)], clock=1, time=2015-04-19 12:11:08.261]
Prohibition [subject=a10, prohibition=[at(16, 15, a10, _)], sanction=[reduce(a10, 300)], clock=1, time=2015-04-19 12:11:08.253]
Prohibition [subject=a20, prohibition=[at(16, 15, a20, _)], sanction=[reduce(a20, 300)], clock=1, time=2015-04-19 12:11:08.263]
Prohibition [subject=a20, prohibition=[at(16, 16, a20, _)], sanction=[reduce(a20, 300)], clock=1, time=2015-04-19 12:11:08.265]
Prohibition [subject=ra1, prohibition=[at(16, 15, ra1, _)], sanction=[reduce(ra1, 300)], clock=1, time=2015-04-19 12:11:08.272]
Prohibition [subject=a10, prohibition=[at(15, 15, a10, _)], sanction=[reduce(a10, 300)], clock=1, time=2015-04-19 12:11:08.246]
-------------------------last log tuples end----------------------------------
[CTAH] started agent 10
[CTAH] Added a new agent to the game by the name of 10.
[ENV] added agent a10
[CTAH] started agent 30
[CTAH] Added a new agent to the game by the name of 30.
[ENV] added agent a30
#########################Game started
#########################Game started
#########################Game started
#########################Game started
setPhases in ClientGameStatus, the current phase is 
setPhases in ClientGameStatus, the current phase is 
setPhases in ClientGameStatus, the current phase is 
setPhases in ClientGameStatus, the current phase is 
setPhases in ClientGameStatus, the current phase is Communication Phase
setPhases in ClientGameStatus, the current phase is Communication Phase
#########################Game Initialized
AGENT Thread-11: current phase name: Communication Phase
we have 1 goals
we have GoalWeight: 100  DistWeight: -10  ChipWeight: 5  CommWeight: 0 scoring
#########################Game Initialized
AGENT Thread-11: current phase name: Communication Phase
we have 1 goals
we have GoalWeight: 100  DistWeight: -10  ChipWeight: 5  CommWeight: 0 scoring
#########################Game Initialized
AGENT Thread-13: current phase name: Communication Phase
we have 1 goals
we have GoalWeight: 100  DistWeight: -10  ChipWeight: 5  CommWeight: 0 scoring
#########################Game Initialized
AGENT Thread-13: current phase name: Communication Phase
we have 1 goals
we have GoalWeight: 100  DistWeight: -10  ChipWeight: 5  CommWeight: 0 scoring
object notification: Time [clock=1, time=null]
org notification: Time [clock=1, time=null]
org notified sent time(1).
Event sent to object      a30 clock(1)
object notification: Time [clock=1, time=null]
Event sent to object      a10 clock(1)
Organization notifies object (write): Prohibition [subject=a10, prohibition=[at(15, 15, a10, _)], sanction=[reduce(a10, 300)], clock=1, time=2015-04-19 12:12:14.313]
Organization notifies object (write): Prohibition [subject=a10, prohibition=[at(15, 16, a10, _)], sanction=[reduce(a10, 300)], clock=1, time=2015-04-19 12:12:14.317]
Organization notifies object (write): Prohibition [subject=a10, prohibition=[at(16, 15, a10, _)], sanction=[reduce(a10, 300)], clock=1, time=2015-04-19 12:12:14.32]
object notification: Prohibition [subject=a10, prohibition=[at(15, 15, a10, _)], sanction=[reduce(a10, 300)], clock=1, time=2015-04-19 12:12:14.313]
Event sent to object      a10 prohibition([at(15, 15, a10, _)], [reduce(a10, 300)])
object notification: Prohibition [subject=a10, prohibition=[at(15, 16, a10, _)], sanction=[reduce(a10, 300)], clock=1, time=2015-04-19 12:12:14.317]
Event sent to object      a10 prohibition([at(15, 16, a10, _)], [reduce(a10, 300)])
object notification: Prohibition [subject=a10, prohibition=[at(16, 15, a10, _)], sanction=[reduce(a10, 300)], clock=1, time=2015-04-19 12:12:14.32]
Organization notifies object (write): Prohibition [subject=a10, prohibition=[at(16, 16, a10, _)], sanction=[reduce(a10, 300)], clock=1, time=2015-04-19 12:12:14.322]
Event sent to object      a10 prohibition([at(16, 15, a10, _)], [reduce(a10, 300)])
Organization notifies object (write): Prohibition [subject=a20, prohibition=[at(15, 15, a20, _)], sanction=[reduce(a20, 300)], clock=1, time=2015-04-19 12:12:14.325]
object notification: Prohibition [subject=a10, prohibition=[at(16, 16, a10, _)], sanction=[reduce(a10, 300)], clock=1, time=2015-04-19 12:12:14.322]
Event sent to object      a10 prohibition([at(16, 16, a10, _)], [reduce(a10, 300)])
Organization notifies object (write): Prohibition [subject=a20, prohibition=[at(15, 16, a20, _)], sanction=[reduce(a20, 300)], clock=1, time=2015-04-19 12:12:14.327]
Organization notifies object (write): Prohibition [subject=a20, prohibition=[at(16, 15, a20, _)], sanction=[reduce(a20, 300)], clock=1, time=2015-04-19 12:12:14.33]
Organization notifies object (write): Prohibition [subject=a20, prohibition=[at(16, 16, a20, _)], sanction=[reduce(a20, 300)], clock=1, time=2015-04-19 12:12:14.332]
Organization notifies object (write): Prohibition [subject=ra1, prohibition=[at(15, 15, ra1, _)], sanction=[reduce(ra1, 300)], clock=1, time=2015-04-19 12:12:14.334]
Organization notifies object (write): Prohibition [subject=ra1, prohibition=[at(15, 16, ra1, _)], sanction=[reduce(ra1, 300)], clock=1, time=2015-04-19 12:12:14.337]
Organization notifies object (write): Prohibition [subject=ra1, prohibition=[at(16, 15, ra1, _)], sanction=[reduce(ra1, 300)], clock=1, time=2015-04-19 12:12:14.339]
Organization notifies object (write): Prohibition [subject=ra1, prohibition=[at(16, 16, ra1, _)], sanction=[reduce(ra1, 300)], clock=1, time=2015-04-19 12:12:14.341]
object notification: Time [clock=2, time=null]
object notification: Time [clock=2, time=null]
Event sent to object      a10 clock(2)
Event sent to object      a30 clock(2)
org notification: Time [clock=2, time=null]
org notified sent time(2).
Received a class edu.harvard.eecs.airg.coloredtrails.shared.discourse.ScoringMessage
[MSG] Message is of type: ScoringMessage
[MSG] Message is for: 0
[MSG] i'm: 0
Received a class edu.harvard.eecs.airg.coloredtrails.shared.discourse.ScoringMessage
[MSG] Message is of type: ScoringMessage
[MSG] Message is for: 2
[MSG] i'm: 2
setPhases in ClientGameStatus, the current phase is Feedback Phase
setPhases in ClientGameStatus, the current phase is Feedback Phase
Received a class edu.harvard.eecs.airg.coloredtrails.shared.discourse.ScoringMessage
[MSG] Message is of type: ScoringMessage
[MSG] Message is for: 0
[MSG] i'm: 0
Received a class edu.harvard.eecs.airg.coloredtrails.shared.discourse.ScoringMessage
[MSG] Message is of type: ScoringMessage
[MSG] Message is for: 2
[MSG] i'm: 2
setPhases in ClientGameStatus, the current phase is Communication Phase
setPhases in ClientGameStatus, the current phase is Communication Phase
object notification: Time [clock=3, time=null]
org notification: Time [clock=3, time=null]
object notification: Time [clock=3, time=null]
Event sent to object      a30 clock(3)
Event sent to object      a10 clock(3)
org notified sent time(3).
org notification: Time [clock=4, time=null]
org notified sent time(4).
object notification: Time [clock=4, time=null]
Event sent to object      a10 clock(4)
object notification: Time [clock=4, time=null]
Event sent to object      a30 clock(4)
Received a class edu.harvard.eecs.airg.coloredtrails.shared.discourse.ScoringMessage
[MSG] Message is of type: ScoringMessage
[MSG] Message is for: 0
[MSG] i'm: 0
Received a class edu.harvard.eecs.airg.coloredtrails.shared.discourse.ScoringMessage
[MSG] Message is of type: ScoringMessage
[MSG] Message is for: 2
[MSG] i'm: 2
setPhases in ClientGameStatus, the current phase is Feedback Phase
setPhases in ClientGameStatus, the current phase is Feedback Phase
Received a class edu.harvard.eecs.airg.coloredtrails.shared.discourse.ScoringMessage
[MSG] Message is of type: ScoringMessage
[MSG] Message is for: 0
[MSG] i'm: 0
Received a class edu.harvard.eecs.airg.coloredtrails.shared.discourse.ScoringMessage
[MSG] Message is of type: ScoringMessage
[MSG] Message is for: 2
[MSG] i'm: 2
org notification: Time [clock=5, time=null]
org notified sent time(5).
object notification: Time [clock=5, time=null]
object notification: Time [clock=5, time=null]
Event sent to object      a10 clock(5)
Event sent to object      a30 clock(5)
setPhases in ClientGameStatus, the current phase is Communication Phase
setPhases in ClientGameStatus, the current phase is Communication Phase
object notification: Time [clock=6, time=null]
org notification: Time [clock=6, time=null]
object notification: Time [clock=6, time=null]
org notified sent time(6).
Event sent to object      a30 clock(6)
Event sent to object      a10 clock(6)
object notification: Time [clock=7, time=null]
org notification: Time [clock=7, time=null]
org notified sent time(7).
object notification: Time [clock=7, time=null]
Event sent to object      a10 clock(7)
Event sent to object      a30 clock(7)
Received a class edu.harvard.eecs.airg.coloredtrails.shared.discourse.ScoringMessage
[MSG] Message is of type: ScoringMessage
[MSG] Message is for: 0
[MSG] i'm: 0
Received a class edu.harvard.eecs.airg.coloredtrails.shared.discourse.ScoringMessage
[MSG] Message is of type: ScoringMessage
[MSG] Message is for: 2
[MSG] i'm: 2
setPhases in ClientGameStatus, the current phase is Feedback Phase
setPhases in ClientGameStatus, the current phase is Feedback Phase
Received a class edu.harvard.eecs.airg.coloredtrails.shared.discourse.ScoringMessage
[MSG] Message is of type: ScoringMessage
[MSG] Message is for: 0
[MSG] i'm: 0
Received a class edu.harvard.eecs.airg.coloredtrails.shared.discourse.ScoringMessage
[MSG] Message is of type: ScoringMessage
[MSG] Message is for: 2
[MSG] i'm: 2
setPhases in ClientGameStatus, the current phase is Communication Phase
setPhases in ClientGameStatus, the current phase is Communication Phase
org notification: Time [clock=8, time=null]
org notified sent time(8).
object notification: Time [clock=8, time=null]
object notification: Time [clock=8, time=null]
Event sent to object      a10 clock(8)
Event sent to object      a30 clock(8)
org notification: Time [clock=9, time=null]
object notification: Time [clock=9, time=null]
object notification: Time [clock=9, time=null]
org notified sent time(9).
Event sent to object      a30 clock(9)
Event sent to object      a10 clock(9)
Received a class edu.harvard.eecs.airg.coloredtrails.shared.discourse.ScoringMessage
[MSG] Message is of type: ScoringMessage
[MSG] Message is for: 0
[MSG] i'm: 0
Received a class edu.harvard.eecs.airg.coloredtrails.shared.discourse.ScoringMessage
[MSG] Message is of type: ScoringMessage
[MSG] Message is for: 2
[MSG] i'm: 2
setPhases in ClientGameStatus, the current phase is Feedback Phase
setPhases in ClientGameStatus, the current phase is Feedback Phase
Received a class edu.harvard.eecs.airg.coloredtrails.shared.discourse.ScoringMessage
[MSG] Message is of type: ScoringMessage
[MSG] Message is for: 0
[MSG] i'm: 0
Received a class edu.harvard.eecs.airg.coloredtrails.shared.discourse.ScoringMessage
[MSG] Message is of type: ScoringMessage
[MSG] Message is for: 2
[MSG] i'm: 2
setPhases in ClientGameStatus, the current phase is Communication Phase
setPhases in ClientGameStatus, the current phase is Communication Phase
org notification: Time [clock=10, time=null]
object notification: Time [clock=10, time=null]
object notification: Time [clock=10, time=null]
org notified sent time(10).
Event sent to object      a10 clock(10)
Event sent to object      a30 clock(10)
object notification: Time [clock=11, time=null]
org notification: Time [clock=11, time=null]
org notified sent time(11).
Event sent to object      a10 clock(11)
object notification: Time [clock=11, time=null]
Event sent to object      a30 clock(11)
Received a class edu.harvard.eecs.airg.coloredtrails.shared.discourse.ScoringMessage
[MSG] Message is of type: ScoringMessage
[MSG] Message is for: 0
[MSG] i'm: 0
Received a class edu.harvard.eecs.airg.coloredtrails.shared.discourse.ScoringMessage
[MSG] Message is of type: ScoringMessage
[MSG] Message is for: 2
[MSG] i'm: 2
setPhases in ClientGameStatus, the current phase is Feedback Phase
setPhases in ClientGameStatus, the current phase is Feedback Phase
Received a class edu.harvard.eecs.airg.coloredtrails.shared.discourse.ScoringMessage
[MSG] Message is of type: ScoringMessage
[MSG] Message is for: 0
[MSG] i'm: 0
Received a class edu.harvard.eecs.airg.coloredtrails.shared.discourse.ScoringMessage
[MSG] Message is of type: ScoringMessage
[MSG] Message is for: 2
[MSG] i'm: 2
setPhases in ClientGameStatus, the current phase is Communication Phase
setPhases in ClientGameStatus, the current phase is Communication Phase
object notification: Time [clock=12, time=null]
object notification: Time [clock=12, time=null]
org notification: Time [clock=12, time=null]
org notified sent time(12).
Event sent to object      a10 clock(12)
Event sent to object      a30 clock(12)
object notification: Time [clock=13, time=null]
org notification: Time [clock=13, time=null]
org notified sent time(13).
Event sent to object      a10 clock(13)
object notification: Time [clock=13, time=null]
Event sent to object      a30 clock(13)
Received a class edu.harvard.eecs.airg.coloredtrails.shared.discourse.ScoringMessage
[MSG] Message is of type: ScoringMessage
[MSG] Message is for: 0
[MSG] i'm: 0
Received a class edu.harvard.eecs.airg.coloredtrails.shared.discourse.ScoringMessage
[MSG] Message is of type: ScoringMessage
[MSG] Message is for: 2
[MSG] i'm: 2
setPhases in ClientGameStatus, the current phase is Feedback Phase
setPhases in ClientGameStatus, the current phase is Feedback Phase
Received a class edu.harvard.eecs.airg.coloredtrails.shared.discourse.ScoringMessage
[MSG] Message is of type: ScoringMessage
[MSG] Message is for: 0
[MSG] i'm: 0
Received a class edu.harvard.eecs.airg.coloredtrails.shared.discourse.ScoringMessage
[MSG] Message is of type: ScoringMessage
[MSG] Message is for: 2
[MSG] i'm: 2
setPhases in ClientGameStatus, the current phase is Communication Phase
setPhases in ClientGameStatus, the current phase is Communication Phase
object notification: Time [clock=14, time=null]
object notification: Time [clock=14, time=null]
org notification: Time [clock=14, time=null]
org notified sent time(14).
Event sent to object      a10 clock(14)
Event sent to object      a30 clock(14)
org notification: Time [clock=15, time=null]
object notification: Time [clock=15, time=null]
object notification: Time [clock=15, time=null]
org notified sent time(15).
Event sent to object      a10 clock(15)
Event sent to object      a30 clock(15)
Received a class edu.harvard.eecs.airg.coloredtrails.shared.discourse.ScoringMessage
[MSG] Message is of type: ScoringMessage
[MSG] Message is for: 0
[MSG] i'm: 0
Received a class edu.harvard.eecs.airg.coloredtrails.shared.discourse.ScoringMessage
[MSG] Message is of type: ScoringMessage
[MSG] Message is for: 2
[MSG] i'm: 2
setPhases in ClientGameStatus, the current phase is Feedback Phase
setPhases in ClientGameStatus, the current phase is Feedback Phase
Received a class edu.harvard.eecs.airg.coloredtrails.shared.discourse.ScoringMessage
[MSG] Message is of type: ScoringMessage
[MSG] Message is for: 0
[MSG] i'm: 0
Received a class edu.harvard.eecs.airg.coloredtrails.shared.discourse.ScoringMessage
[MSG] Message is of type: ScoringMessage
[MSG] Message is for: 2
[MSG] i'm: 2
setPhases in ClientGameStatus, the current phase is Communication Phase
setPhases in ClientGameStatus, the current phase is Communication Phase
object notification: Time [clock=16, time=null]
object notification: Time [clock=16, time=null]
org notification: Time [clock=16, time=null]
org notified sent time(16).
Event sent to object      a10 clock(16)
Event sent to object      a30 clock(16)
object notification: Time [clock=17, time=null]
object notification: Time [clock=17, time=null]
Event sent to object      a10 clock(17)
Event sent to object      a30 clock(17)
org notification: Time [clock=17, time=null]
org notified sent time(17).
Received a class edu.harvard.eecs.airg.coloredtrails.shared.discourse.ScoringMessage
[MSG] Message is of type: ScoringMessage
[MSG] Message is for: 0
[MSG] i'm: 0
setPhases in ClientGameStatus, the current phase is Feedback Phase
Received a class edu.harvard.eecs.airg.coloredtrails.shared.discourse.ScoringMessage
[MSG] Message is of type: ScoringMessage
[MSG] Message is for: 2
[MSG] i'm: 2
setPhases in ClientGameStatus, the current phase is Feedback Phase
Received a class edu.harvard.eecs.airg.coloredtrails.shared.discourse.ScoringMessage
[MSG] Message is of type: ScoringMessage
[MSG] Message is for: 0
[MSG] i'm: 0
Received a class edu.harvard.eecs.airg.coloredtrails.shared.discourse.ScoringMessage
[MSG] Message is of type: ScoringMessage
[MSG] Message is for: 2
[MSG] i'm: 2
setPhases in ClientGameStatus, the current phase is Communication Phase
setPhases in ClientGameStatus, the current phase is Communication Phase
object notification: Time [clock=18, time=null]
org notification: Time [clock=18, time=null]
org notified sent time(18).
object notification: Time [clock=18, time=null]
Event sent to object      a10 clock(18)
Event sent to object      a30 clock(18)
object notification: Time [clock=19, time=null]
org notification: Time [clock=19, time=null]
org notified sent time(19).
object notification: Time [clock=19, time=null]
Event sent to object      a30 clock(19)
Event sent to object      a10 clock(19)
Received a class edu.harvard.eecs.airg.coloredtrails.shared.discourse.ScoringMessage
[MSG] Message is of type: ScoringMessage
[MSG] Message is for: 0
[MSG] i'm: 0
Received a class edu.harvard.eecs.airg.coloredtrails.shared.discourse.ScoringMessage
[MSG] Message is of type: ScoringMessage
[MSG] Message is for: 2
[MSG] i'm: 2
setPhases in ClientGameStatus, the current phase is Feedback Phase
setPhases in ClientGameStatus, the current phase is Feedback Phase
Received a class edu.harvard.eecs.airg.coloredtrails.shared.discourse.ScoringMessage
[MSG] Message is of type: ScoringMessage
[MSG] Message is for: 0
[MSG] i'm: 0
Received a class edu.harvard.eecs.airg.coloredtrails.shared.discourse.ScoringMessage
[MSG] Message is of type: ScoringMessage
[MSG] Message is for: 2
[MSG] i'm: 2
setPhases in ClientGameStatus, the current phase is Communication Phase
setPhases in ClientGameStatus, the current phase is Communication Phase
object notification: Time [clock=20, time=null]
object notification: Time [clock=20, time=null]
org notification: Time [clock=20, time=null]
org notified sent time(20).
Event sent to object      a30 clock(20)
Event sent to object      a10 clock(20)
object notification: Time [clock=21, time=null]
object notification: Time [clock=21, time=null]
org notification: Time [clock=21, time=null]
Event sent to object      a10 clock(21)
Event sent to object      a30 clock(21)
org notified sent time(21).
Received a class edu.harvard.eecs.airg.coloredtrails.shared.discourse.ScoringMessage
[MSG] Message is of type: ScoringMessage
[MSG] Message is for: 0
[MSG] i'm: 0
Received a class edu.harvard.eecs.airg.coloredtrails.shared.discourse.ScoringMessage
[MSG] Message is of type: ScoringMessage
[MSG] Message is for: 2
[MSG] i'm: 2
setPhases in ClientGameStatus, the current phase is Feedback Phase
setPhases in ClientGameStatus, the current phase is Feedback Phase
Received a class edu.harvard.eecs.airg.coloredtrails.shared.discourse.ScoringMessage
[MSG] Message is of type: ScoringMessage
[MSG] Message is for: 0
[MSG] i'm: 0
Received a class edu.harvard.eecs.airg.coloredtrails.shared.discourse.ScoringMessage
[MSG] Message is of type: ScoringMessage
[MSG] Message is for: 2
[MSG] i'm: 2
setPhases in ClientGameStatus, the current phase is Communication Phase
setPhases in ClientGameStatus, the current phase is Communication Phase
object notification: Time [clock=22, time=null]
object notification: Time [clock=22, time=null]
Event sent to object      a10 clock(22)
Event sent to object      a30 clock(22)
org notification: Time [clock=22, time=null]
org notified sent time(22).
org notification: Time [clock=23, time=null]
object notification: Time [clock=23, time=null]
object notification: Time [clock=23, time=null]
org notified sent time(23).
Event sent to object      a30 clock(23)
Event sent to object      a10 clock(23)
Received a class edu.harvard.eecs.airg.coloredtrails.shared.discourse.ScoringMessage
[MSG] Message is of type: ScoringMessage
[MSG] Message is for: 0
[MSG] i'm: 0
Received a class edu.harvard.eecs.airg.coloredtrails.shared.discourse.ScoringMessage
[MSG] Message is of type: ScoringMessage
[MSG] Message is for: 2
[MSG] i'm: 2
setPhases in ClientGameStatus, the current phase is Feedback Phase
setPhases in ClientGameStatus, the current phase is Feedback Phase
Received a class edu.harvard.eecs.airg.coloredtrails.shared.discourse.ScoringMessage
[MSG] Message is of type: ScoringMessage
[MSG] Message is for: 0
[MSG] i'm: 0
Received a class edu.harvard.eecs.airg.coloredtrails.shared.discourse.ScoringMessage
[MSG] Message is of type: ScoringMessage
[MSG] Message is for: 2
[MSG] i'm: 2
setPhases in ClientGameStatus, the current phase is Communication Phase
setPhases in ClientGameStatus, the current phase is Communication Phase
object notification: Time [clock=24, time=null]
object notification: Time [clock=24, time=null]
org notification: Time [clock=24, time=null]
org notified sent time(24).
Event sent to object      a10 clock(24)
Event sent to object      a30 clock(24)
object notification: Time [clock=25, time=null]
object notification: Time [clock=25, time=null]
org notification: Time [clock=25, time=null]
org notified sent time(25).
Event sent to object      a10 clock(25)
Event sent to object      a30 clock(25)
Received a class edu.harvard.eecs.airg.coloredtrails.shared.discourse.ScoringMessage
[MSG] Message is of type: ScoringMessage
[MSG] Message is for: 0
[MSG] i'm: 0
Received a class edu.harvard.eecs.airg.coloredtrails.shared.discourse.ScoringMessage
[MSG] Message is of type: ScoringMessage
[MSG] Message is for: 2
[MSG] i'm: 2
setPhases in ClientGameStatus, the current phase is Feedback Phase
setPhases in ClientGameStatus, the current phase is Feedback Phase
Received a class edu.harvard.eecs.airg.coloredtrails.shared.discourse.ScoringMessage
[MSG] Message is of type: ScoringMessage
[MSG] Message is for: 0
[MSG] i'm: 0
Received a class edu.harvard.eecs.airg.coloredtrails.shared.discourse.ScoringMessage
[MSG] Message is of type: ScoringMessage
[MSG] Message is for: 2
[MSG] i'm: 2
object notification: Time [clock=26, time=null]
Event sent to object      a10 clock(26)
org notification: Time [clock=26, time=null]
org notified sent time(26).
object notification: Time [clock=26, time=null]
Event sent to object      a30 clock(26)
setPhases in ClientGameStatus, the current phase is Communication Phase
setPhases in ClientGameStatus, the current phase is Communication Phase
object notification: Time [clock=27, time=null]
org notification: Time [clock=27, time=null]
object notification: Time [clock=27, time=null]
org notified sent time(27).
Event sent to object      a30 clock(27)
Event sent to object      a10 clock(27)
object notification: Time [clock=28, time=null]
object notification: Time [clock=28, time=null]
org notification: Time [clock=28, time=null]
org notified sent time(28).
Event sent to object      a10 clock(28)
Event sent to object      a30 clock(28)
Received a class edu.harvard.eecs.airg.coloredtrails.shared.discourse.ScoringMessage
[MSG] Message is of type: ScoringMessage
[MSG] Message is for: 0
[MSG] i'm: 0
Received a class edu.harvard.eecs.airg.coloredtrails.shared.discourse.ScoringMessage
[MSG] Message is of type: ScoringMessage
[MSG] Message is for: 2
[MSG] i'm: 2
setPhases in ClientGameStatus, the current phase is Feedback Phase
setPhases in ClientGameStatus, the current phase is Feedback Phase
Received a class edu.harvard.eecs.airg.coloredtrails.shared.discourse.ScoringMessage
[MSG] Message is of type: ScoringMessage
[MSG] Message is for: 0
[MSG] i'm: 0
Received a class edu.harvard.eecs.airg.coloredtrails.shared.discourse.ScoringMessage
[MSG] Message is of type: ScoringMessage
[MSG] Message is for: 2
[MSG] i'm: 2
setPhases in ClientGameStatus, the current phase is Communication Phase
setPhases in ClientGameStatus, the current phase is Communication Phase
org notification: Time [clock=29, time=null]
object notification: Time [clock=29, time=null]
object notification: Time [clock=29, time=null]
org notified sent time(29).
Event sent to object      a10 clock(29)
Event sent to object      a30 clock(29)
org notification: Time [clock=30, time=null]
org notified sent time(30).
object notification: Time [clock=30, time=null]
object notification: Time [clock=30, time=null]
Event sent to object      a10 clock(30)
Event sent to object      a30 clock(30)
Received a class edu.harvard.eecs.airg.coloredtrails.shared.discourse.ScoringMessage
[MSG] Message is of type: ScoringMessage
[MSG] Message is for: 0
[MSG] i'm: 0
Received a class edu.harvard.eecs.airg.coloredtrails.shared.discourse.ScoringMessage
[MSG] Message is of type: ScoringMessage
[MSG] Message is for: 2
[MSG] i'm: 2
setPhases in ClientGameStatus, the current phase is Feedback Phase
setPhases in ClientGameStatus, the current phase is Feedback Phase
Received a class edu.harvard.eecs.airg.coloredtrails.shared.discourse.ScoringMessage
[MSG] Message is of type: ScoringMessage
[MSG] Message is for: 0
[MSG] i'm: 0
Received a class edu.harvard.eecs.airg.coloredtrails.shared.discourse.ScoringMessage
[MSG] Message is of type: ScoringMessage
[MSG] Message is for: 2
[MSG] i'm: 2
setPhases in ClientGameStatus, the current phase is Communication Phase
setPhases in ClientGameStatus, the current phase is Communication Phase
object notification: Time [clock=31, time=null]
object notification: Time [clock=31, time=null]
org notification: Time [clock=31, time=null]
org notified sent time(31).
Event sent to object      a30 clock(31)
Event sent to object      a10 clock(31)
org notification: Time [clock=32, time=null]
org notified sent time(32).
object notification: Time [clock=32, time=null]
object notification: Time [clock=32, time=null]
Event sent to object      a30 clock(32)
Event sent to object      a10 clock(32)
Received a class edu.harvard.eecs.airg.coloredtrails.shared.discourse.ScoringMessage
[MSG] Message is of type: ScoringMessage
[MSG] Message is for: 0
[MSG] i'm: 0
Received a class edu.harvard.eecs.airg.coloredtrails.shared.discourse.ScoringMessage
[MSG] Message is of type: ScoringMessage
[MSG] Message is for: 2
[MSG] i'm: 2
setPhases in ClientGameStatus, the current phase is Feedback Phase
setPhases in ClientGameStatus, the current phase is Feedback Phase
Received a class edu.harvard.eecs.airg.coloredtrails.shared.discourse.ScoringMessage
[MSG] Message is of type: ScoringMessage
[MSG] Message is for: 0
[MSG] i'm: 0
Received a class edu.harvard.eecs.airg.coloredtrails.shared.discourse.ScoringMessage
[MSG] Message is of type: ScoringMessage
[MSG] Message is for: 2
[MSG] i'm: 2
setPhases in ClientGameStatus, the current phase is Communication Phase
setPhases in ClientGameStatus, the current phase is Communication Phase
org notification: Time [clock=33, time=null]
object notification: Time [clock=33, time=null]
object notification: Time [clock=33, time=null]
org notified sent time(33).
Event sent to object      a10 clock(33)
Event sent to object      a30 clock(33)
object notification: Time [clock=34, time=null]
object notification: Time [clock=34, time=null]
org notification: Time [clock=34, time=null]
org notified sent time(34).
Event sent to object      a10 clock(34)
Event sent to object      a30 clock(34)
Received a class edu.harvard.eecs.airg.coloredtrails.shared.discourse.ScoringMessage
[MSG] Message is of type: ScoringMessage
[MSG] Message is for: 0
[MSG] i'm: 0
Received a class edu.harvard.eecs.airg.coloredtrails.shared.discourse.ScoringMessage
[MSG] Message is of type: ScoringMessage
[MSG] Message is for: 2
[MSG] i'm: 2
setPhases in ClientGameStatus, the current phase is Feedback Phase
setPhases in ClientGameStatus, the current phase is Feedback Phase
Received a class edu.harvard.eecs.airg.coloredtrails.shared.discourse.ScoringMessage
[MSG] Message is of type: ScoringMessage
[MSG] Message is for: 0
[MSG] i'm: 0
Received a class edu.harvard.eecs.airg.coloredtrails.shared.discourse.ScoringMessage
[MSG] Message is of type: ScoringMessage
[MSG] Message is for: 2
[MSG] i'm: 2
setPhases in ClientGameStatus, the current phase is Communication Phase
setPhases in ClientGameStatus, the current phase is Communication Phase
object notification: Time [clock=35, time=null]
object notification: Time [clock=35, time=null]
org notification: Time [clock=35, time=null]
org notified sent time(35).
Event sent to object      a30 clock(35)
Event sent to object      a10 clock(35)
org notification: Time [clock=36, time=null]
object notification: Time [clock=36, time=null]
object notification: Time [clock=36, time=null]
org notified sent time(36).
Event sent to object      a30 clock(36)
Event sent to object      a10 clock(36)
Received a class edu.harvard.eecs.airg.coloredtrails.shared.discourse.ScoringMessage
[MSG] Message is of type: ScoringMessage
[MSG] Message is for: 0
[MSG] i'm: 0
Received a class edu.harvard.eecs.airg.coloredtrails.shared.discourse.ScoringMessage
[MSG] Message is of type: ScoringMessage
[MSG] Message is for: 2
[MSG] i'm: 2
setPhases in ClientGameStatus, the current phase is Feedback Phase
setPhases in ClientGameStatus, the current phase is Feedback Phase
Received a class edu.harvard.eecs.airg.coloredtrails.shared.discourse.ScoringMessage
[MSG] Message is of type: ScoringMessage
[MSG] Message is for: 0
[MSG] i'm: 0
Received a class edu.harvard.eecs.airg.coloredtrails.shared.discourse.ScoringMessage
[MSG] Message is of type: ScoringMessage
[MSG] Message is for: 2
[MSG] i'm: 2
setPhases in ClientGameStatus, the current phase is Communication Phase
setPhases in ClientGameStatus, the current phase is Communication Phase
object notification: Time [clock=37, time=null]
object notification: Time [clock=37, time=null]
org notification: Time [clock=37, time=null]
org notified sent time(37).
Event sent to object      a30 clock(37)
Event sent to object      a10 clock(37)
object notification: Time [clock=38, time=null]
org notification: Time [clock=38, time=null]
org notified sent time(38).
object notification: Time [clock=38, time=null]
Event sent to object      a10 clock(38)
Event sent to object      a30 clock(38)
Received a class edu.harvard.eecs.airg.coloredtrails.shared.discourse.ScoringMessage
[MSG] Message is of type: ScoringMessage
[MSG] Message is for: 0
[MSG] i'm: 0
Received a class edu.harvard.eecs.airg.coloredtrails.shared.discourse.ScoringMessage
[MSG] Message is of type: ScoringMessage
[MSG] Message is for: 2
[MSG] i'm: 2
setPhases in ClientGameStatus, the current phase is Feedback Phase
setPhases in ClientGameStatus, the current phase is Feedback Phase
Received a class edu.harvard.eecs.airg.coloredtrails.shared.discourse.ScoringMessage
[MSG] Message is of type: ScoringMessage
[MSG] Message is for: 0
[MSG] i'm: 0
Received a class edu.harvard.eecs.airg.coloredtrails.shared.discourse.ScoringMessage
[MSG] Message is of type: ScoringMessage
[MSG] Message is for: 2
[MSG] i'm: 2
setPhases in ClientGameStatus, the current phase is Communication Phase
setPhases in ClientGameStatus, the current phase is Communication Phase
object notification: Time [clock=39, time=null]
object notification: Time [clock=39, time=null]
org notification: Time [clock=39, time=null]
org notified sent time(39).
Event sent to object      a10 clock(39)
Event sent to object      a30 clock(39)
object notification: Time [clock=40, time=null]
object notification: Time [clock=40, time=null]
org notification: Time [clock=40, time=null]
org notified sent time(40).
Event sent to object      a10 clock(40)
Event sent to object      a30 clock(40)
Received a class edu.harvard.eecs.airg.coloredtrails.shared.discourse.ScoringMessage
[MSG] Message is of type: ScoringMessage
[MSG] Message is for: 0
[MSG] i'm: 0
setPhases in ClientGameStatus, the current phase is Feedback Phase
Received a class edu.harvard.eecs.airg.coloredtrails.shared.discourse.ScoringMessage
[MSG] Message is of type: ScoringMessage
[MSG] Message is for: 2
[MSG] i'm: 2
setPhases in ClientGameStatus, the current phase is Feedback Phase
Received a class edu.harvard.eecs.airg.coloredtrails.shared.discourse.ScoringMessage
[MSG] Message is of type: ScoringMessage
[MSG] Message is for: 0
[MSG] i'm: 0
Received a class edu.harvard.eecs.airg.coloredtrails.shared.discourse.ScoringMessage
[MSG] Message is of type: ScoringMessage
[MSG] Message is for: 2
[MSG] i'm: 2
setPhases in ClientGameStatus, the current phase is Communication Phase
setPhases in ClientGameStatus, the current phase is Communication Phase
object notification: Time [clock=41, time=null]
org notification: Time [clock=41, time=null]
org notified sent time(41).
Event sent to object      a30 clock(41)
object notification: Time [clock=41, time=null]
Event sent to object      a10 clock(41)
object notification: Time [clock=42, time=null]
object notification: Time [clock=42, time=null]
org notification: Time [clock=42, time=null]
org notified sent time(42).
Event sent to object      a30 clock(42)
Event sent to object      a10 clock(42)
Received a class edu.harvard.eecs.airg.coloredtrails.shared.discourse.ScoringMessage
[MSG] Message is of type: ScoringMessage
[MSG] Message is for: 0
[MSG] i'm: 0
Received a class edu.harvard.eecs.airg.coloredtrails.shared.discourse.ScoringMessage
[MSG] Message is of type: ScoringMessage
[MSG] Message is for: 2
[MSG] i'm: 2
setPhases in ClientGameStatus, the current phase is Feedback Phase
setPhases in ClientGameStatus, the current phase is Feedback Phase
Received a class edu.harvard.eecs.airg.coloredtrails.shared.discourse.ScoringMessage
[MSG] Message is of type: ScoringMessage
[MSG] Message is for: 0
[MSG] i'm: 0
Received a class edu.harvard.eecs.airg.coloredtrails.shared.discourse.ScoringMessage
[MSG] Message is of type: ScoringMessage
[MSG] Message is for: 2
[MSG] i'm: 2
setPhases in ClientGameStatus, the current phase is Communication Phase
setPhases in ClientGameStatus, the current phase is Communication Phase
org notification: Time [clock=43, time=null]
object notification: Time [clock=43, time=null]
object notification: Time [clock=43, time=null]
org notified sent time(43).
Event sent to object      a30 clock(43)
Event sent to object      a10 clock(43)
object notification: Time [clock=44, time=null]
object notification: Time [clock=44, time=null]
org notification: Time [clock=44, time=null]
org notified sent time(44).
Event sent to object      a30 clock(44)
Event sent to object      a10 clock(44)
Received a class edu.harvard.eecs.airg.coloredtrails.shared.discourse.ScoringMessage
[MSG] Message is of type: ScoringMessage
[MSG] Message is for: 0
[MSG] i'm: 0
Received a class edu.harvard.eecs.airg.coloredtrails.shared.discourse.ScoringMessage
[MSG] Message is of type: ScoringMessage
[MSG] Message is for: 2
[MSG] i'm: 2
setPhases in ClientGameStatus, the current phase is Feedback Phase
setPhases in ClientGameStatus, the current phase is Feedback Phase
Received a class edu.harvard.eecs.airg.coloredtrails.shared.discourse.ScoringMessage
[MSG] Message is of type: ScoringMessage
[MSG] Message is for: 0
[MSG] i'm: 0
Received a class edu.harvard.eecs.airg.coloredtrails.shared.discourse.ScoringMessage
[MSG] Message is of type: ScoringMessage
[MSG] Message is for: 2
[MSG] i'm: 2
setPhases in ClientGameStatus, the current phase is Communication Phase
setPhases in ClientGameStatus, the current phase is Communication Phase
object notification: Time [clock=45, time=null]
object notification: Time [clock=45, time=null]
org notification: Time [clock=45, time=null]
Event sent to object      a30 clock(45)
Event sent to object      a10 clock(45)
org notified sent time(45).
object notification: Time [clock=46, time=null]
object notification: Time [clock=46, time=null]
org notification: Time [clock=46, time=null]
org notified sent time(46).
Event sent to object      a30 clock(46)
Event sent to object      a10 clock(46)
Received a class edu.harvard.eecs.airg.coloredtrails.shared.discourse.ScoringMessage
[MSG] Message is of type: ScoringMessage
[MSG] Message is for: 0
[MSG] i'm: 0
Received a class edu.harvard.eecs.airg.coloredtrails.shared.discourse.ScoringMessage
[MSG] Message is of type: ScoringMessage
[MSG] Message is for: 2
[MSG] i'm: 2
setPhases in ClientGameStatus, the current phase is Feedback Phase
setPhases in ClientGameStatus, the current phase is Feedback Phase
object notification: Time [clock=47, time=null]
org notification: Time [clock=47, time=null]
org notified sent time(47).
object notification: Time [clock=47, time=null]
Event sent to object      a10 clock(47)
Event sent to object      a30 clock(47)
Received a class edu.harvard.eecs.airg.coloredtrails.shared.discourse.ScoringMessage
[MSG] Message is of type: ScoringMessage
[MSG] Message is for: 0
[MSG] i'm: 0
Received a class edu.harvard.eecs.airg.coloredtrails.shared.discourse.ScoringMessage
[MSG] Message is of type: ScoringMessage
[MSG] Message is for: 2
[MSG] i'm: 2
setPhases in ClientGameStatus, the current phase is Communication Phase
setPhases in ClientGameStatus, the current phase is Communication Phase
org notification: Time [clock=48, time=null]
object notification: Time [clock=48, time=null]
object notification: Time [clock=48, time=null]
org notified sent time(48).
Event sent to object      a10 clock(48)
Event sent to object      a30 clock(48)
object notification: Time [clock=49, time=null]
object notification: Time [clock=49, time=null]
org notification: Time [clock=49, time=null]
org notified sent time(49).
Event sent to object      a30 clock(49)
Event sent to object      a10 clock(49)
Received a class edu.harvard.eecs.airg.coloredtrails.shared.discourse.ScoringMessage
[MSG] Message is of type: ScoringMessage
[MSG] Message is for: 0
[MSG] i'm: 0
setPhases in ClientGameStatus, the current phase is Feedback Phase
Received a class edu.harvard.eecs.airg.coloredtrails.shared.discourse.ScoringMessage
[MSG] Message is of type: ScoringMessage
[MSG] Message is for: 2
[MSG] i'm: 2
setPhases in ClientGameStatus, the current phase is Feedback Phase
Received a class edu.harvard.eecs.airg.coloredtrails.shared.discourse.ScoringMessage
[MSG] Message is of type: ScoringMessage
[MSG] Message is for: 0
[MSG] i'm: 0
Received a class edu.harvard.eecs.airg.coloredtrails.shared.discourse.ScoringMessage
[MSG] Message is of type: ScoringMessage
[MSG] Message is for: 2
[MSG] i'm: 2
setPhases in ClientGameStatus, the current phase is Communication Phase
setPhases in ClientGameStatus, the current phase is Communication Phase
org notification: Time [clock=50, time=null]
object notification: Time [clock=50, time=null]
object notification: Time [clock=50, time=null]
org notified sent time(50).
Event sent to object      a10 clock(50)
Event sent to object      a30 clock(50)
object notification: Time [clock=51, time=null]
object notification: Time [clock=51, time=null]
org notification: Time [clock=51, time=null]
org notified sent time(51).
Event sent to object      a30 clock(51)
Event sent to object      a10 clock(51)
Received a class edu.harvard.eecs.airg.coloredtrails.shared.discourse.ScoringMessage
[MSG] Message is of type: ScoringMessage
[MSG] Message is for: 0
[MSG] i'm: 0
Received a class edu.harvard.eecs.airg.coloredtrails.shared.discourse.ScoringMessage
[MSG] Message is of type: ScoringMessage
[MSG] Message is for: 2
[MSG] i'm: 2
setPhases in ClientGameStatus, the current phase is Feedback Phase
setPhases in ClientGameStatus, the current phase is Feedback Phase
Received a class edu.harvard.eecs.airg.coloredtrails.shared.discourse.ScoringMessage
[MSG] Message is of type: ScoringMessage
[MSG] Message is for: 0
[MSG] i'm: 0
Received a class edu.harvard.eecs.airg.coloredtrails.shared.discourse.ScoringMessage
[MSG] Message is of type: ScoringMessage
[MSG] Message is for: 2
[MSG] i'm: 2
setPhases in ClientGameStatus, the current phase is Communication Phase
setPhases in ClientGameStatus, the current phase is Communication Phase
object notification: Time [clock=52, time=null]
object notification: Time [clock=52, time=null]
org notification: Time [clock=52, time=null]
Event sent to object      a10 clock(52)
Event sent to object      a30 clock(52)
org notified sent time(52).
object notification: Time [clock=53, time=null]
object notification: Time [clock=53, time=null]
org notification: Time [clock=53, time=null]
org notified sent time(53).
Event sent to object      a10 clock(53)
Event sent to object      a30 clock(53)
Received a class edu.harvard.eecs.airg.coloredtrails.shared.discourse.ScoringMessage
[MSG] Message is of type: ScoringMessage
[MSG] Message is for: 0
[MSG] i'm: 0
Received a class edu.harvard.eecs.airg.coloredtrails.shared.discourse.ScoringMessage
[MSG] Message is of type: ScoringMessage
[MSG] Message is for: 2
[MSG] i'm: 2
setPhases in ClientGameStatus, the current phase is Feedback Phase
setPhases in ClientGameStatus, the current phase is Feedback Phase
Received a class edu.harvard.eecs.airg.coloredtrails.shared.discourse.ScoringMessage
[MSG] Message is of type: ScoringMessage
[MSG] Message is for: 0
[MSG] i'm: 0
Received a class edu.harvard.eecs.airg.coloredtrails.shared.discourse.ScoringMessage
[MSG] Message is of type: ScoringMessage
[MSG] Message is for: 2
[MSG] i'm: 2
setPhases in ClientGameStatus, the current phase is Communication Phase
setPhases in ClientGameStatus, the current phase is Communication Phase
object notification: Time [clock=54, time=null]
org notification: Time [clock=54, time=null]
org notified sent time(54).
Event sent to object      a30 clock(54)
object notification: Time [clock=54, time=null]
Event sent to object      a10 clock(54)
org notification: Time [clock=55, time=null]
org notified sent time(55).
object notification: Time [clock=55, time=null]
object notification: Time [clock=55, time=null]
Event sent to object      a30 clock(55)
Event sent to object      a10 clock(55)
Received a class edu.harvard.eecs.airg.coloredtrails.shared.discourse.ScoringMessage
[MSG] Message is of type: ScoringMessage
[MSG] Message is for: 0
[MSG] i'm: 0
Received a class edu.harvard.eecs.airg.coloredtrails.shared.discourse.ScoringMessage
[MSG] Message is of type: ScoringMessage
[MSG] Message is for: 2
[MSG] i'm: 2
setPhases in ClientGameStatus, the current phase is Feedback Phase
setPhases in ClientGameStatus, the current phase is Feedback Phase
Received a class edu.harvard.eecs.airg.coloredtrails.shared.discourse.ScoringMessage
[MSG] Message is of type: ScoringMessage
[MSG] Message is for: 0
[MSG] i'm: 0
Received a class edu.harvard.eecs.airg.coloredtrails.shared.discourse.ScoringMessage
[MSG] Message is of type: ScoringMessage
[MSG] Message is for: 2
[MSG] i'm: 2
setPhases in ClientGameStatus, the current phase is Communication Phase
setPhases in ClientGameStatus, the current phase is Communication Phase
object notification: Time [clock=56, time=null]
org notification: Time [clock=56, time=null]
object notification: Time [clock=56, time=null]
org notified sent time(56).
Event sent to object      a10 clock(56)
Event sent to object      a30 clock(56)
org notification: Time [clock=57, time=null]
object notification: Time [clock=57, time=null]
object notification: Time [clock=57, time=null]
org notified sent time(57).
Event sent to object      a30 clock(57)
Event sent to object      a10 clock(57)
Received a class edu.harvard.eecs.airg.coloredtrails.shared.discourse.ScoringMessage
[MSG] Message is of type: ScoringMessage
[MSG] Message is for: 0
[MSG] i'm: 0
setPhases in ClientGameStatus, the current phase is Feedback Phase
Received a class edu.harvard.eecs.airg.coloredtrails.shared.discourse.ScoringMessage
[MSG] Message is of type: ScoringMessage
[MSG] Message is for: 2
[MSG] i'm: 2
setPhases in ClientGameStatus, the current phase is Feedback Phase
Received a class edu.harvard.eecs.airg.coloredtrails.shared.discourse.ScoringMessage
[MSG] Message is of type: ScoringMessage
[MSG] Message is for: 0
[MSG] i'm: 0
Received a class edu.harvard.eecs.airg.coloredtrails.shared.discourse.ScoringMessage
[MSG] Message is of type: ScoringMessage
[MSG] Message is for: 2
[MSG] i'm: 2
setPhases in ClientGameStatus, the current phase is Communication Phase
setPhases in ClientGameStatus, the current phase is Communication Phase
object notification: Time [clock=58, time=null]
object notification: Time [clock=58, time=null]
Event sent to object      a10 clock(58)
Event sent to object      a30 clock(58)
org notification: Time [clock=58, time=null]
org notified sent time(58).
org notification: Time [clock=59, time=null]
object notification: Time [clock=59, time=null]
object notification: Time [clock=59, time=null]
Event sent to object      a30 clock(59)
org notified sent time(59).
Event sent to object      a10 clock(59)
Received a class edu.harvard.eecs.airg.coloredtrails.shared.discourse.ScoringMessage
[MSG] Message is of type: ScoringMessage
[MSG] Message is for: 0
[MSG] i'm: 0
Received a class edu.harvard.eecs.airg.coloredtrails.shared.discourse.ScoringMessage
[MSG] Message is of type: ScoringMessage
[MSG] Message is for: 2
[MSG] i'm: 2
setPhases in ClientGameStatus, the current phase is Feedback Phase
setPhases in ClientGameStatus, the current phase is Feedback Phase
Received a class edu.harvard.eecs.airg.coloredtrails.shared.discourse.ScoringMessage
[MSG] Message is of type: ScoringMessage
[MSG] Message is for: 0
[MSG] i'm: 0
Received a class edu.harvard.eecs.airg.coloredtrails.shared.discourse.ScoringMessage
[MSG] Message is of type: ScoringMessage
[MSG] Message is for: 2
[MSG] i'm: 2
setPhases in ClientGameStatus, the current phase is Communication Phase
setPhases in ClientGameStatus, the current phase is Communication Phase
org notification: Time [clock=60, time=null]
org notified sent time(60).
object notification: Time [clock=60, time=null]
object notification: Time [clock=60, time=null]
Event sent to object      a10 clock(60)
Event sent to object      a30 clock(60)
org notification: Time [clock=61, time=null]
org notified sent time(61).
object notification: Time [clock=61, time=null]
object notification: Time [clock=61, time=null]
Event sent to object      a30 clock(61)
Event sent to object      a10 clock(61)
Received a class edu.harvard.eecs.airg.coloredtrails.shared.discourse.ScoringMessage
[MSG] Message is of type: ScoringMessage
[MSG] Message is for: 0
[MSG] i'm: 0
setPhases in ClientGameStatus, the current phase is Feedback Phase
Received a class edu.harvard.eecs.airg.coloredtrails.shared.discourse.ScoringMessage
[MSG] Message is of type: ScoringMessage
[MSG] Message is for: 2
[MSG] i'm: 2
setPhases in ClientGameStatus, the current phase is Feedback Phase
Received a class edu.harvard.eecs.airg.coloredtrails.shared.discourse.ScoringMessage
[MSG] Message is of type: ScoringMessage
[MSG] Message is for: 0
[MSG] i'm: 0
Received a class edu.harvard.eecs.airg.coloredtrails.shared.discourse.ScoringMessage
[MSG] Message is of type: ScoringMessage
[MSG] Message is for: 2
[MSG] i'm: 2
setPhases in ClientGameStatus, the current phase is Communication Phase
setPhases in ClientGameStatus, the current phase is Communication Phase
org notification: Time [clock=62, time=null]
org notified sent time(62).
object notification: Time [clock=62, time=null]
object notification: Time [clock=62, time=null]
Event sent to object      a10 clock(62)
Event sent to object      a30 clock(62)
object notification: Time [clock=63, time=null]
org notification: Time [clock=63, time=null]
org notified sent time(63).
Event sent to object      a10 clock(63)
object notification: Time [clock=63, time=null]
Event sent to object      a30 clock(63)
Received a class edu.harvard.eecs.airg.coloredtrails.shared.discourse.ScoringMessage
[MSG] Message is of type: ScoringMessage
[MSG] Message is for: 0
[MSG] i'm: 0
Received a class edu.harvard.eecs.airg.coloredtrails.shared.discourse.ScoringMessage
[MSG] Message is of type: ScoringMessage
[MSG] Message is for: 2
[MSG] i'm: 2
setPhases in ClientGameStatus, the current phase is Feedback Phase
setPhases in ClientGameStatus, the current phase is Feedback Phase
Received a class edu.harvard.eecs.airg.coloredtrails.shared.discourse.ScoringMessage
[MSG] Message is of type: ScoringMessage
[MSG] Message is for: 0
[MSG] i'm: 0
Received a class edu.harvard.eecs.airg.coloredtrails.shared.discourse.ScoringMessage
[MSG] Message is of type: ScoringMessage
[MSG] Message is for: 2
[MSG] i'm: 2
setPhases in ClientGameStatus, the current phase is Communication Phase
setPhases in ClientGameStatus, the current phase is Communication Phase
object notification: Time [clock=64, time=null]
Event sent to object      a10 clock(64)
object notification: Time [clock=64, time=null]
org notification: Time [clock=64, time=null]
org notified sent time(64).
Event sent to object      a30 clock(64)
object notification: Time [clock=65, time=null]
org notification: Time [clock=65, time=null]
org notified sent time(65).
object notification: Time [clock=65, time=null]
Event sent to object      a10 clock(65)
Event sent to object      a30 clock(65)
Received a class edu.harvard.eecs.airg.coloredtrails.shared.discourse.ScoringMessage
[MSG] Message is of type: ScoringMessage
[MSG] Message is for: 0
[MSG] i'm: 0
Received a class edu.harvard.eecs.airg.coloredtrails.shared.discourse.ScoringMessage
[MSG] Message is of type: ScoringMessage
[MSG] Message is for: 2
[MSG] i'm: 2
setPhases in ClientGameStatus, the current phase is Feedback Phase
setPhases in ClientGameStatus, the current phase is Feedback Phase
Received a class edu.harvard.eecs.airg.coloredtrails.shared.discourse.ScoringMessage
[MSG] Message is of type: ScoringMessage
[MSG] Message is for: 0
[MSG] i'm: 0
Received a class edu.harvard.eecs.airg.coloredtrails.shared.discourse.ScoringMessage
[MSG] Message is of type: ScoringMessage
[MSG] Message is for: 2
[MSG] i'm: 2
setPhases in ClientGameStatus, the current phase is Communication Phase
setPhases in ClientGameStatus, the current phase is Communication Phase
org notification: Time [clock=66, time=null]
org notified sent time(66).
object notification: Time [clock=66, time=null]
object notification: Time [clock=66, time=null]
Event sent to object      a10 clock(66)
Event sent to object      a30 clock(66)
org notification: Time [clock=67, time=null]
org notified sent time(67).
object notification: Time [clock=67, time=null]
object notification: Time [clock=67, time=null]
Event sent to object      a10 clock(67)
Event sent to object      a30 clock(67)
object notification: Time [clock=68, time=null]
org notification: Time [clock=68, time=null]
org notified sent time(68).
Event sent to object      a30 clock(68)
object notification: Time [clock=68, time=null]
Event sent to object      a10 clock(68)
Received a class edu.harvard.eecs.airg.coloredtrails.shared.discourse.ScoringMessage
[MSG] Message is of type: ScoringMessage
[MSG] Message is for: 0
[MSG] i'm: 0
Received a class edu.harvard.eecs.airg.coloredtrails.shared.discourse.ScoringMessage
[MSG] Message is of type: ScoringMessage
[MSG] Message is for: 2
[MSG] i'm: 2
setPhases in ClientGameStatus, the current phase is Feedback Phase
setPhases in ClientGameStatus, the current phase is Feedback Phase
Received a class edu.harvard.eecs.airg.coloredtrails.shared.discourse.ScoringMessage
[MSG] Message is of type: ScoringMessage
[MSG] Message is for: 0
[MSG] i'm: 0
Received a class edu.harvard.eecs.airg.coloredtrails.shared.discourse.ScoringMessage
[MSG] Message is of type: ScoringMessage
[MSG] Message is for: 2
[MSG] i'm: 2
setPhases in ClientGameStatus, the current phase is Communication Phase
setPhases in ClientGameStatus, the current phase is Communication Phase
object notification: Time [clock=69, time=null]
object notification: Time [clock=69, time=null]
org notification: Time [clock=69, time=null]
org notified sent time(69).
Event sent to object      a10 clock(69)
Event sent to object      a30 clock(69)
org notification: Time [clock=70, time=null]
org notified sent time(70).
object notification: Time [clock=70, time=null]
Event sent to object      a10 clock(70)
object notification: Time [clock=70, time=null]
Event sent to object      a30 clock(70)
Received a class edu.harvard.eecs.airg.coloredtrails.shared.discourse.ScoringMessage
[MSG] Message is of type: ScoringMessage
[MSG] Message is for: 0
[MSG] i'm: 0
Received a class edu.harvard.eecs.airg.coloredtrails.shared.discourse.ScoringMessage
[MSG] Message is of type: ScoringMessage
[MSG] Message is for: 2
[MSG] i'm: 2
setPhases in ClientGameStatus, the current phase is Feedback Phase
setPhases in ClientGameStatus, the current phase is Feedback Phase
Received a class edu.harvard.eecs.airg.coloredtrails.shared.discourse.ScoringMessage
[MSG] Message is of type: ScoringMessage
[MSG] Message is for: 0
[MSG] i'm: 0
Received a class edu.harvard.eecs.airg.coloredtrails.shared.discourse.ScoringMessage
[MSG] Message is of type: ScoringMessage
[MSG] Message is for: 2
[MSG] i'm: 2
setPhases in ClientGameStatus, the current phase is Communication Phase
setPhases in ClientGameStatus, the current phase is Communication Phase
object notification: Time [clock=71, time=null]
org notification: Time [clock=71, time=null]
org notified sent time(71).
object notification: Time [clock=71, time=null]
Event sent to object      a30 clock(71)
Event sent to object      a10 clock(71)
org notification: Time [clock=72, time=null]
org notified sent time(72).
object notification: Time [clock=72, time=null]
object notification: Time [clock=72, time=null]
Event sent to object      a30 clock(72)
Event sent to object      a10 clock(72)
Received a class edu.harvard.eecs.airg.coloredtrails.shared.discourse.ScoringMessage
[MSG] Message is of type: ScoringMessage
[MSG] Message is for: 0
[MSG] i'm: 0
Received a class edu.harvard.eecs.airg.coloredtrails.shared.discourse.ScoringMessage
[MSG] Message is of type: ScoringMessage
[MSG] Message is for: 2
[MSG] i'm: 2
setPhases in ClientGameStatus, the current phase is Feedback Phase
setPhases in ClientGameStatus, the current phase is Feedback Phase
Received a class edu.harvard.eecs.airg.coloredtrails.shared.discourse.ScoringMessage
[MSG] Message is of type: ScoringMessage
[MSG] Message is for: 0
[MSG] i'm: 0
Received a class edu.harvard.eecs.airg.coloredtrails.shared.discourse.ScoringMessage
[MSG] Message is of type: ScoringMessage
[MSG] Message is for: 2
[MSG] i'm: 2
setPhases in ClientGameStatus, the current phase is Communication Phase
setPhases in ClientGameStatus, the current phase is Communication Phase
object notification: Time [clock=73, time=null]
object notification: Time [clock=73, time=null]
org notification: Time [clock=73, time=null]
org notified sent time(73).
Event sent to object      a30 clock(73)
Event sent to object      a10 clock(73)
org notification: Time [clock=74, time=null]
object notification: Time [clock=74, time=null]
object notification: Time [clock=74, time=null]
org notified sent time(74).
Event sent to object      a30 clock(74)
Event sent to object      a10 clock(74)
Received a class edu.harvard.eecs.airg.coloredtrails.shared.discourse.ScoringMessage
[MSG] Message is of type: ScoringMessage
[MSG] Message is for: 0
[MSG] i'm: 0
Received a class edu.harvard.eecs.airg.coloredtrails.shared.discourse.ScoringMessage
[MSG] Message is of type: ScoringMessage
[MSG] Message is for: 2
[MSG] i'm: 2
setPhases in ClientGameStatus, the current phase is Feedback Phase
setPhases in ClientGameStatus, the current phase is Feedback Phase
Received a class edu.harvard.eecs.airg.coloredtrails.shared.discourse.ScoringMessage
[MSG] Message is of type: ScoringMessage
[MSG] Message is for: 0
[MSG] i'm: 0
Received a class edu.harvard.eecs.airg.coloredtrails.shared.discourse.ScoringMessage
[MSG] Message is of type: ScoringMessage
[MSG] Message is for: 2
[MSG] i'm: 2
setPhases in ClientGameStatus, the current phase is Communication Phase
setPhases in ClientGameStatus, the current phase is Communication Phase
object notification: Time [clock=75, time=null]
object notification: Time [clock=75, time=null]
org notification: Time [clock=75, time=null]
org notified sent time(75).
Event sent to object      a30 clock(75)
Event sent to object      a10 clock(75)
object notification: Time [clock=76, time=null]
org notification: Time [clock=76, time=null]
org notified sent time(76).
object notification: Time [clock=76, time=null]
Event sent to object      a30 clock(76)
Event sent to object      a10 clock(76)
Received a class edu.harvard.eecs.airg.coloredtrails.shared.discourse.ScoringMessage
[MSG] Message is of type: ScoringMessage
[MSG] Message is for: 0
[MSG] i'm: 0
Received a class edu.harvard.eecs.airg.coloredtrails.shared.discourse.ScoringMessage
[MSG] Message is of type: ScoringMessage
[MSG] Message is for: 2
[MSG] i'm: 2
setPhases in ClientGameStatus, the current phase is Feedback Phase
setPhases in ClientGameStatus, the current phase is Feedback Phase
Received a class edu.harvard.eecs.airg.coloredtrails.shared.discourse.ScoringMessage
[MSG] Message is of type: ScoringMessage
[MSG] Message is for: 0
[MSG] i'm: 0
Received a class edu.harvard.eecs.airg.coloredtrails.shared.discourse.ScoringMessage
[MSG] Message is of type: ScoringMessage
[MSG] Message is for: 2
[MSG] i'm: 2
setPhases in ClientGameStatus, the current phase is Communication Phase
setPhases in ClientGameStatus, the current phase is Communication Phase
org notification: Time [clock=77, time=null]
object notification: Time [clock=77, time=null]
object notification: Time [clock=77, time=null]
org notified sent time(77).
Event sent to object      a10 clock(77)
Event sent to object      a30 clock(77)
org notification: Time [clock=78, time=null]
object notification: Time [clock=78, time=null]
object notification: Time [clock=78, time=null]
Event sent to object      a10 clock(78)
org notified sent time(78).
Event sent to object      a30 clock(78)
Received a class edu.harvard.eecs.airg.coloredtrails.shared.discourse.ScoringMessage
[MSG] Message is of type: ScoringMessage
[MSG] Message is for: 0
[MSG] i'm: 0
Received a class edu.harvard.eecs.airg.coloredtrails.shared.discourse.ScoringMessage
[MSG] Message is of type: ScoringMessage
[MSG] Message is for: 2
[MSG] i'm: 2
setPhases in ClientGameStatus, the current phase is Feedback Phase
setPhases in ClientGameStatus, the current phase is Feedback Phase
Received a class edu.harvard.eecs.airg.coloredtrails.shared.discourse.ScoringMessage
[MSG] Message is of type: ScoringMessage
[MSG] Message is for: 0
[MSG] i'm: 0
Received a class edu.harvard.eecs.airg.coloredtrails.shared.discourse.ScoringMessage
[MSG] Message is of type: ScoringMessage
[MSG] Message is for: 2
[MSG] i'm: 2
setPhases in ClientGameStatus, the current phase is Communication Phase
setPhases in ClientGameStatus, the current phase is Communication Phase
object notification: Time [clock=79, time=null]
object notification: Time [clock=79, time=null]
org notification: Time [clock=79, time=null]
org notified sent time(79).
Event sent to object      a30 clock(79)
Event sent to object      a10 clock(79)
org notification: Time [clock=80, time=null]
org notified sent time(80).
object notification: Time [clock=80, time=null]
object notification: Time [clock=80, time=null]
Event sent to object      a10 clock(80)
Event sent to object      a30 clock(80)
Received a class edu.harvard.eecs.airg.coloredtrails.shared.discourse.ScoringMessage
[MSG] Message is of type: ScoringMessage
[MSG] Message is for: 0
[MSG] i'm: 0
Received a class edu.harvard.eecs.airg.coloredtrails.shared.discourse.ScoringMessage
[MSG] Message is of type: ScoringMessage
[MSG] Message is for: 2
[MSG] i'm: 2
setPhases in ClientGameStatus, the current phase is Feedback Phase
setPhases in ClientGameStatus, the current phase is Feedback Phase
Received a class edu.harvard.eecs.airg.coloredtrails.shared.discourse.ScoringMessage
[MSG] Message is of type: ScoringMessage
[MSG] Message is for: 0
[MSG] i'm: 0
Received a class edu.harvard.eecs.airg.coloredtrails.shared.discourse.ScoringMessage
[MSG] Message is of type: ScoringMessage
[MSG] Message is for: 2
[MSG] i'm: 2
setPhases in ClientGameStatus, the current phase is Communication Phase
setPhases in ClientGameStatus, the current phase is Communication Phase
object notification: Time [clock=81, time=null]
org notification: Time [clock=81, time=null]
object notification: Time [clock=81, time=null]
Event sent to object      a10 clock(81)
org notified sent time(81).
Event sent to object      a30 clock(81)
org notification: Time [clock=82, time=null]
object notification: Time [clock=82, time=null]
object notification: Time [clock=82, time=null]
org notified sent time(82).
Event sent to object      a30 clock(82)
Event sent to object      a10 clock(82)
Received a class edu.harvard.eecs.airg.coloredtrails.shared.discourse.ScoringMessage
[MSG] Message is of type: ScoringMessage
[MSG] Message is for: 0
[MSG] i'm: 0
Received a class edu.harvard.eecs.airg.coloredtrails.shared.discourse.ScoringMessage
[MSG] Message is of type: ScoringMessage
[MSG] Message is for: 2
[MSG] i'm: 2
setPhases in ClientGameStatus, the current phase is Feedback Phase
setPhases in ClientGameStatus, the current phase is Feedback Phase
Received a class edu.harvard.eecs.airg.coloredtrails.shared.discourse.ScoringMessage
[MSG] Message is of type: ScoringMessage
[MSG] Message is for: 0
[MSG] i'm: 0
Received a class edu.harvard.eecs.airg.coloredtrails.shared.discourse.ScoringMessage
[MSG] Message is of type: ScoringMessage
[MSG] Message is for: 2
[MSG] i'm: 2
setPhases in ClientGameStatus, the current phase is Communication Phase
setPhases in ClientGameStatus, the current phase is Communication Phase
object notification: Time [clock=83, time=null]
object notification: Time [clock=83, time=null]
org notification: Time [clock=83, time=null]
org notified sent time(83).
Event sent to object      a10 clock(83)
Event sent to object      a30 clock(83)
org notification: Time [clock=84, time=null]
object notification: Time [clock=84, time=null]
object notification: Time [clock=84, time=null]
org notified sent time(84).
Event sent to object      a30 clock(84)
Event sent to object      a10 clock(84)
Received a class edu.harvard.eecs.airg.coloredtrails.shared.discourse.ScoringMessage
[MSG] Message is of type: ScoringMessage
[MSG] Message is for: 0
[MSG] i'm: 0
Received a class edu.harvard.eecs.airg.coloredtrails.shared.discourse.ScoringMessage
[MSG] Message is of type: ScoringMessage
[MSG] Message is for: 2
[MSG] i'm: 2
setPhases in ClientGameStatus, the current phase is Feedback Phase
setPhases in ClientGameStatus, the current phase is Feedback Phase
Received a class edu.harvard.eecs.airg.coloredtrails.shared.discourse.ScoringMessage
[MSG] Message is of type: ScoringMessage
[MSG] Message is for: 0
[MSG] i'm: 0
Received a class edu.harvard.eecs.airg.coloredtrails.shared.discourse.ScoringMessage
[MSG] Message is of type: ScoringMessage
[MSG] Message is for: 2
[MSG] i'm: 2
setPhases in ClientGameStatus, the current phase is Communication Phase
setPhases in ClientGameStatus, the current phase is Communication Phase
object notification: Time [clock=85, time=null]
org notification: Time [clock=85, time=null]
object notification: Time [clock=85, time=null]
org notified sent time(85).
Event sent to object      a10 clock(85)
Event sent to object      a30 clock(85)
object notification: Time [clock=86, time=null]
object notification: Time [clock=86, time=null]
org notification: Time [clock=86, time=null]
org notified sent time(86).
Event sent to object      a30 clock(86)
Event sent to object      a10 clock(86)
Received a class edu.harvard.eecs.airg.coloredtrails.shared.discourse.ScoringMessage
[MSG] Message is of type: ScoringMessage
[MSG] Message is for: 0
[MSG] i'm: 0
Received a class edu.harvard.eecs.airg.coloredtrails.shared.discourse.ScoringMessage
[MSG] Message is of type: ScoringMessage
[MSG] Message is for: 2
[MSG] i'm: 2
setPhases in ClientGameStatus, the current phase is Feedback Phase
setPhases in ClientGameStatus, the current phase is Feedback Phase
Received a class edu.harvard.eecs.airg.coloredtrails.shared.discourse.ScoringMessage
[MSG] Message is of type: ScoringMessage
[MSG] Message is for: 0
[MSG] i'm: 0
Received a class edu.harvard.eecs.airg.coloredtrails.shared.discourse.ScoringMessage
[MSG] Message is of type: ScoringMessage
[MSG] Message is for: 2
[MSG] i'm: 2
setPhases in ClientGameStatus, the current phase is Communication Phase
setPhases in ClientGameStatus, the current phase is Communication Phase
org notification: Time [clock=87, time=null]
object notification: Time [clock=87, time=null]
object notification: Time [clock=87, time=null]
org notified sent time(87).
Event sent to object      a10 clock(87)
Event sent to object      a30 clock(87)
object notification: Time [clock=88, time=null]
object notification: Time [clock=88, time=null]
org notification: Time [clock=88, time=null]
org notified sent time(88).
Event sent to object      a30 clock(88)
Event sent to object      a10 clock(88)
object notification: Time [clock=89, time=null]
Event sent to object      a10 clock(89)
object notification: Time [clock=89, time=null]
org notification: Time [clock=89, time=null]
org notified sent time(89).
Event sent to object      a30 clock(89)
Received a class edu.harvard.eecs.airg.coloredtrails.shared.discourse.ScoringMessage
[MSG] Message is of type: ScoringMessage
[MSG] Message is for: 0
[MSG] i'm: 0
Received a class edu.harvard.eecs.airg.coloredtrails.shared.discourse.ScoringMessage
[MSG] Message is of type: ScoringMessage
[MSG] Message is for: 2
[MSG] i'm: 2
setPhases in ClientGameStatus, the current phase is Feedback Phase
setPhases in ClientGameStatus, the current phase is Feedback Phase
Received a class edu.harvard.eecs.airg.coloredtrails.shared.discourse.ScoringMessage
[MSG] Message is of type: ScoringMessage
[MSG] Message is for: 0
[MSG] i'm: 0
Received a class edu.harvard.eecs.airg.coloredtrails.shared.discourse.ScoringMessage
[MSG] Message is of type: ScoringMessage
[MSG] Message is for: 2
[MSG] i'm: 2
setPhases in ClientGameStatus, the current phase is Communication Phase
setPhases in ClientGameStatus, the current phase is Communication Phase
object notification: Time [clock=90, time=null]
object notification: Time [clock=90, time=null]
org notification: Time [clock=90, time=null]
org notified sent time(90).
Event sent to object      a30 clock(90)
Event sent to object      a10 clock(90)
object notification: Time [clock=91, time=null]
object notification: Time [clock=91, time=null]
org notification: Time [clock=91, time=null]
org notified sent time(91).
Event sent to object      a30 clock(91)
Event sent to object      a10 clock(91)
Received a class edu.harvard.eecs.airg.coloredtrails.shared.discourse.ScoringMessage
[MSG] Message is of type: ScoringMessage
[MSG] Message is for: 0
[MSG] i'm: 0
Received a class edu.harvard.eecs.airg.coloredtrails.shared.discourse.ScoringMessage
[MSG] Message is of type: ScoringMessage
[MSG] Message is for: 2
[MSG] i'm: 2
setPhases in ClientGameStatus, the current phase is Feedback Phase
setPhases in ClientGameStatus, the current phase is Feedback Phase
Received a class edu.harvard.eecs.airg.coloredtrails.shared.discourse.ScoringMessage
[MSG] Message is of type: ScoringMessage
[MSG] Message is for: 0
[MSG] i'm: 0
Received a class edu.harvard.eecs.airg.coloredtrails.shared.discourse.ScoringMessage
[MSG] Message is of type: ScoringMessage
[MSG] Message is for: 2
[MSG] i'm: 2
setPhases in ClientGameStatus, the current phase is Communication Phase
setPhases in ClientGameStatus, the current phase is Communication Phase
object notification: Time [clock=92, time=null]
object notification: Time [clock=92, time=null]
org notification: Time [clock=92, time=null]
org notified sent time(92).
Event sent to object      a30 clock(92)
Event sent to object      a10 clock(92)
org notification: Time [clock=93, time=null]
object notification: Time [clock=93, time=null]
object notification: Time [clock=93, time=null]
org notified sent time(93).
Event sent to object      a10 clock(93)
Event sent to object      a30 clock(93)
Received a class edu.harvard.eecs.airg.coloredtrails.shared.discourse.ScoringMessage
[MSG] Message is of type: ScoringMessage
[MSG] Message is for: 0
[MSG] i'm: 0
Received a class edu.harvard.eecs.airg.coloredtrails.shared.discourse.ScoringMessage
[MSG] Message is of type: ScoringMessage
[MSG] Message is for: 2
[MSG] i'm: 2
setPhases in ClientGameStatus, the current phase is Feedback Phase
setPhases in ClientGameStatus, the current phase is Feedback Phase
Received a class edu.harvard.eecs.airg.coloredtrails.shared.discourse.ScoringMessage
[MSG] Message is of type: ScoringMessage
[MSG] Message is for: 0
[MSG] i'm: 0
Received a class edu.harvard.eecs.airg.coloredtrails.shared.discourse.ScoringMessage
[MSG] Message is of type: ScoringMessage
[MSG] Message is for: 2
[MSG] i'm: 2
setPhases in ClientGameStatus, the current phase is Communication Phase
setPhases in ClientGameStatus, the current phase is Communication Phase
object notification: Time [clock=94, time=null]
object notification: Time [clock=94, time=null]
org notification: Time [clock=94, time=null]
org notified sent time(94).
Event sent to object      a10 clock(94)
Event sent to object      a30 clock(94)
org notification: Time [clock=95, time=null]
object notification: Time [clock=95, time=null]
object notification: Time [clock=95, time=null]
Event sent to object      a30 clock(95)
Event sent to object      a10 clock(95)
org notified sent time(95).
Received a class edu.harvard.eecs.airg.coloredtrails.shared.discourse.ScoringMessage
[MSG] Message is of type: ScoringMessage
[MSG] Message is for: 0
[MSG] i'm: 0
Received a class edu.harvard.eecs.airg.coloredtrails.shared.discourse.ScoringMessage
[MSG] Message is of type: ScoringMessage
[MSG] Message is for: 2
[MSG] i'm: 2
setPhases in ClientGameStatus, the current phase is Feedback Phase
setPhases in ClientGameStatus, the current phase is Feedback Phase
Received a class edu.harvard.eecs.airg.coloredtrails.shared.discourse.ScoringMessage
[MSG] Message is of type: ScoringMessage
[MSG] Message is for: 0
[MSG] i'm: 0
Received a class edu.harvard.eecs.airg.coloredtrails.shared.discourse.ScoringMessage
[MSG] Message is of type: ScoringMessage
[MSG] Message is for: 2
[MSG] i'm: 2
setPhases in ClientGameStatus, the current phase is Communication Phase
setPhases in ClientGameStatus, the current phase is Communication Phase
object notification: Time [clock=96, time=null]
object notification: Time [clock=96, time=null]
org notification: Time [clock=96, time=null]
org notified sent time(96).
Event sent to object      a10 clock(96)
Event sent to object      a30 clock(96)
object notification: Time [clock=97, time=null]
org notification: Time [clock=97, time=null]
object notification: Time [clock=97, time=null]
org notified sent time(97).
Event sent to object      a10 clock(97)
Event sent to object      a30 clock(97)
Received a class edu.harvard.eecs.airg.coloredtrails.shared.discourse.ScoringMessage
[MSG] Message is of type: ScoringMessage
[MSG] Message is for: 0
[MSG] i'm: 0
Received a class edu.harvard.eecs.airg.coloredtrails.shared.discourse.ScoringMessage
[MSG] Message is of type: ScoringMessage
[MSG] Message is for: 2
[MSG] i'm: 2
setPhases in ClientGameStatus, the current phase is Feedback Phase
setPhases in ClientGameStatus, the current phase is Feedback Phase
Received a class edu.harvard.eecs.airg.coloredtrails.shared.discourse.ScoringMessage
[MSG] Message is of type: ScoringMessage
[MSG] Message is for: 0
[MSG] i'm: 0
Received a class edu.harvard.eecs.airg.coloredtrails.shared.discourse.ScoringMessage
[MSG] Message is of type: ScoringMessage
[MSG] Message is for: 2
[MSG] i'm: 2
setPhases in ClientGameStatus, the current phase is Communication Phase
setPhases in ClientGameStatus, the current phase is Communication Phase
org notification: Time [clock=98, time=null]
object notification: Time [clock=98, time=null]
object notification: Time [clock=98, time=null]
org notified sent time(98).
Event sent to object      a30 clock(98)
Event sent to object      a10 clock(98)
org notification: Time [clock=99, time=null]
object notification: Time [clock=99, time=null]
object notification: Time [clock=99, time=null]
org notified sent time(99).
Event sent to object      a10 clock(99)
Event sent to object      a30 clock(99)
Received a class edu.harvard.eecs.airg.coloredtrails.shared.discourse.ScoringMessage
[MSG] Message is of type: ScoringMessage
[MSG] Message is for: 0
[MSG] i'm: 0
Received a class edu.harvard.eecs.airg.coloredtrails.shared.discourse.ScoringMessage
[MSG] Message is of type: ScoringMessage
[MSG] Message is for: 2
[MSG] i'm: 2
setPhases in ClientGameStatus, the current phase is Feedback Phase
setPhases in ClientGameStatus, the current phase is Feedback Phase
Received a class edu.harvard.eecs.airg.coloredtrails.shared.discourse.ScoringMessage
[MSG] Message is of type: ScoringMessage
[MSG] Message is for: 0
[MSG] i'm: 0
Received a class edu.harvard.eecs.airg.coloredtrails.shared.discourse.ScoringMessage
[MSG] Message is of type: ScoringMessage
[MSG] Message is for: 2
[MSG] i'm: 2
setPhases in ClientGameStatus, the current phase is Communication Phase
setPhases in ClientGameStatus, the current phase is Communication Phase
object notification: Time [clock=100, time=null]
org notification: Time [clock=100, time=null]
org notified sent time(100).
object notification: Time [clock=100, time=null]
Event sent to object      a10 clock(100)
Event sent to object      a30 clock(100)
org notification: Time [clock=101, time=null]
object notification: Time [clock=101, time=null]
object notification: Time [clock=101, time=null]
org notified sent time(101).
Event sent to object      a10 clock(101)
Event sent to object      a30 clock(101)
Received a class edu.harvard.eecs.airg.coloredtrails.shared.discourse.ScoringMessage
[MSG] Message is of type: ScoringMessage
[MSG] Message is for: 0
[MSG] i'm: 0
Received a class edu.harvard.eecs.airg.coloredtrails.shared.discourse.ScoringMessage
[MSG] Message is of type: ScoringMessage
[MSG] Message is for: 2
[MSG] i'm: 2
setPhases in ClientGameStatus, the current phase is Feedback Phase
setPhases in ClientGameStatus, the current phase is Feedback Phase
Received a class edu.harvard.eecs.airg.coloredtrails.shared.discourse.ScoringMessage
[MSG] Message is of type: ScoringMessage
[MSG] Message is for: 0
[MSG] i'm: 0
Received a class edu.harvard.eecs.airg.coloredtrails.shared.discourse.ScoringMessage
[MSG] Message is of type: ScoringMessage
[MSG] Message is for: 2
[MSG] i'm: 2
setPhases in ClientGameStatus, the current phase is Communication Phase
setPhases in ClientGameStatus, the current phase is Communication Phase
object notification: Time [clock=102, time=null]
org notification: Time [clock=102, time=null]
org notified sent time(102).
object notification: Time [clock=102, time=null]
Event sent to object      a10 clock(102)
Event sent to object      a30 clock(102)
org notification: Time [clock=103, time=null]
object notification: Time [clock=103, time=null]
object notification: Time [clock=103, time=null]
org notified sent time(103).
Event sent to object      a30 clock(103)
Event sent to object      a10 clock(103)
Received a class edu.harvard.eecs.airg.coloredtrails.shared.discourse.ScoringMessage
[MSG] Message is of type: ScoringMessage
[MSG] Message is for: 0
[MSG] i'm: 0
Received a class edu.harvard.eecs.airg.coloredtrails.shared.discourse.ScoringMessage
[MSG] Message is of type: ScoringMessage
[MSG] Message is for: 2
[MSG] i'm: 2
setPhases in ClientGameStatus, the current phase is Feedback Phase
setPhases in ClientGameStatus, the current phase is Feedback Phase
Received a class edu.harvard.eecs.airg.coloredtrails.shared.discourse.ScoringMessage
[MSG] Message is of type: ScoringMessage
[MSG] Message is for: 0
[MSG] i'm: 0
Received a class edu.harvard.eecs.airg.coloredtrails.shared.discourse.ScoringMessage
[MSG] Message is of type: ScoringMessage
[MSG] Message is for: 2
[MSG] i'm: 2
setPhases in ClientGameStatus, the current phase is Communication Phase
setPhases in ClientGameStatus, the current phase is Communication Phase
org notification: Time [clock=104, time=null]
object notification: Time [clock=104, time=null]
object notification: Time [clock=104, time=null]
org notified sent time(104).
Event sent to object      a30 clock(104)
Event sent to object      a10 clock(104)
object notification: Time [clock=105, time=null]
org notification: Time [clock=105, time=null]
object notification: Time [clock=105, time=null]
Event sent to object      a30 clock(105)
org notified sent time(105).
Event sent to object      a10 clock(105)
Received a class edu.harvard.eecs.airg.coloredtrails.shared.discourse.ScoringMessage
[MSG] Message is of type: ScoringMessage
[MSG] Message is for: 0
[MSG] i'm: 0
Received a class edu.harvard.eecs.airg.coloredtrails.shared.discourse.ScoringMessage
[MSG] Message is of type: ScoringMessage
[MSG] Message is for: 2
[MSG] i'm: 2
setPhases in ClientGameStatus, the current phase is Feedback Phase
setPhases in ClientGameStatus, the current phase is Feedback Phase
Received a class edu.harvard.eecs.airg.coloredtrails.shared.discourse.ScoringMessage
[MSG] Message is of type: ScoringMessage
[MSG] Message is for: 0
[MSG] i'm: 0
Received a class edu.harvard.eecs.airg.coloredtrails.shared.discourse.ScoringMessage
[MSG] Message is of type: ScoringMessage
[MSG] Message is for: 2
[MSG] i'm: 2
setPhases in ClientGameStatus, the current phase is Communication Phase
setPhases in ClientGameStatus, the current phase is Communication Phase
org notification: Time [clock=106, time=null]
org notified sent time(106).
object notification: Time [clock=106, time=null]
object notification: Time [clock=106, time=null]
Event sent to object      a10 clock(106)
Event sent to object      a30 clock(106)
object notification: Time [clock=107, time=null]
object notification: Time [clock=107, time=null]
org notification: Time [clock=107, time=null]
org notified sent time(107).
Event sent to object      a10 clock(107)
Event sent to object      a30 clock(107)
Received a class edu.harvard.eecs.airg.coloredtrails.shared.discourse.ScoringMessage
[MSG] Message is of type: ScoringMessage
[MSG] Message is for: 0
[MSG] i'm: 0
Received a class edu.harvard.eecs.airg.coloredtrails.shared.discourse.ScoringMessage
[MSG] Message is of type: ScoringMessage
[MSG] Message is for: 2
[MSG] i'm: 2
setPhases in ClientGameStatus, the current phase is Feedback Phase
setPhases in ClientGameStatus, the current phase is Feedback Phase
Received a class edu.harvard.eecs.airg.coloredtrails.shared.discourse.ScoringMessage
[MSG] Message is of type: ScoringMessage
[MSG] Message is for: 0
[MSG] i'm: 0
Received a class edu.harvard.eecs.airg.coloredtrails.shared.discourse.ScoringMessage
[MSG] Message is of type: ScoringMessage
[MSG] Message is for: 2
[MSG] i'm: 2
object notification: Time [clock=108, time=null]
object notification: Time [clock=108, time=null]
org notification: Time [clock=108, time=null]
org notified sent time(108).
Event sent to object      a10 clock(108)
Event sent to object      a30 clock(108)
setPhases in ClientGameStatus, the current phase is Communication Phase
setPhases in ClientGameStatus, the current phase is Communication Phase
object notification: Time [clock=109, time=null]
object notification: Time [clock=109, time=null]
org notification: Time [clock=109, time=null]
org notified sent time(109).
Event sent to object      a30 clock(109)
Event sent to object      a10 clock(109)
object notification: Time [clock=110, time=null]
org notification: Time [clock=110, time=null]
object notification: Time [clock=110, time=null]
Event sent to object      a10 clock(110)
org notified sent time(110).
Event sent to object      a30 clock(110)
Received a class edu.harvard.eecs.airg.coloredtrails.shared.discourse.ScoringMessage
[MSG] Message is of type: ScoringMessage
[MSG] Message is for: 0
[MSG] i'm: 0
Received a class edu.harvard.eecs.airg.coloredtrails.shared.discourse.ScoringMessage
[MSG] Message is of type: ScoringMessage
[MSG] Message is for: 2
[MSG] i'm: 2
setPhases in ClientGameStatus, the current phase is Feedback Phase
setPhases in ClientGameStatus, the current phase is Feedback Phase
Received a class edu.harvard.eecs.airg.coloredtrails.shared.discourse.ScoringMessage
[MSG] Message is of type: ScoringMessage
[MSG] Message is for: 0
[MSG] i'm: 0
Received a class edu.harvard.eecs.airg.coloredtrails.shared.discourse.ScoringMessage
[MSG] Message is of type: ScoringMessage
[MSG] Message is for: 2
[MSG] i'm: 2
setPhases in ClientGameStatus, the current phase is Communication Phase
setPhases in ClientGameStatus, the current phase is Communication Phase
org notification: Time [clock=111, time=null]
object notification: Time [clock=111, time=null]
object notification: Time [clock=111, time=null]
Event sent to object      a30 clock(111)
org notified sent time(111).
Event sent to object      a10 clock(111)
org notification: Time [clock=112, time=null]
org notified sent time(112).
object notification: Time [clock=112, time=null]
object notification: Time [clock=112, time=null]
Event sent to object      a10 clock(112)
Event sent to object      a30 clock(112)
Received a class edu.harvard.eecs.airg.coloredtrails.shared.discourse.ScoringMessage
[MSG] Message is of type: ScoringMessage
[MSG] Message is for: 0
[MSG] i'm: 0
Received a class edu.harvard.eecs.airg.coloredtrails.shared.discourse.ScoringMessage
[MSG] Message is of type: ScoringMessage
[MSG] Message is for: 2
[MSG] i'm: 2
setPhases in ClientGameStatus, the current phase is Feedback Phase
setPhases in ClientGameStatus, the current phase is Feedback Phase
Received a class edu.harvard.eecs.airg.coloredtrails.shared.discourse.ScoringMessage
[MSG] Message is of type: ScoringMessage
[MSG] Message is for: 0
[MSG] i'm: 0
Received a class edu.harvard.eecs.airg.coloredtrails.shared.discourse.ScoringMessage
[MSG] Message is of type: ScoringMessage
[MSG] Message is for: 2
[MSG] i'm: 2
setPhases in ClientGameStatus, the current phase is Communication Phase
setPhases in ClientGameStatus, the current phase is Communication Phase
object notification: Time [clock=113, time=null]
object notification: Time [clock=113, time=null]
org notification: Time [clock=113, time=null]
org notified sent time(113).
Event sent to object      a30 clock(113)
Event sent to object      a10 clock(113)
object notification: Time [clock=114, time=null]
Event sent to object      a10 clock(114)
org notification: Time [clock=114, time=null]
object notification: Time [clock=114, time=null]
Event sent to object      a30 clock(114)
org notified sent time(114).
Received a class edu.harvard.eecs.airg.coloredtrails.shared.discourse.ScoringMessage
[MSG] Message is of type: ScoringMessage
[MSG] Message is for: 0
[MSG] i'm: 0
setPhases in ClientGameStatus, the current phase is Feedback Phase
Received a class edu.harvard.eecs.airg.coloredtrails.shared.discourse.ScoringMessage
[MSG] Message is of type: ScoringMessage
[MSG] Message is for: 2
[MSG] i'm: 2
setPhases in ClientGameStatus, the current phase is Feedback Phase
Received a class edu.harvard.eecs.airg.coloredtrails.shared.discourse.ScoringMessage
[MSG] Message is of type: ScoringMessage
[MSG] Message is for: 0
[MSG] i'm: 0
Received a class edu.harvard.eecs.airg.coloredtrails.shared.discourse.ScoringMessage
[MSG] Message is of type: ScoringMessage
[MSG] Message is for: 2
[MSG] i'm: 2
setPhases in ClientGameStatus, the current phase is Communication Phase
setPhases in ClientGameStatus, the current phase is Communication Phase
