2015-05-24 10:55:30,191 CONFIG [com.gigaspaces.logger] - Log file: /Users/dxd/git/ct3/logs/2015-05-24~10.55-gigaspaces-service-192.168.1.100-14984.log
-------------------------last log tuples start--------------------------------
Time [clock=11, time=2015-05-24 10:51:22.154]
Obligation [subject=a20, obligation=[color(white, a20)], sanction=[reduce(a20, 100)], deadline=22, time=2015-05-24 10:49:55.385, clock=2]
Color [id=null, color=white, agent=a20, type=yes, sanction=100, time=2015-05-24 10:49:55.383, clock=2]
Obligation [subject=a10, obligation=[color(white, a10)], sanction=[reduce(a10, 100)], deadline=22, time=2015-05-24 10:49:55.22, clock=2]
Goal [id=null, cell=Cell [x=3, y=3], agent=null, time=2015-05-24 10:49:48.492, clock=0]
Tile [id=null, cell=Cell [x=6, y=5], subject=brown, time=2015-05-24 10:49:48.456, clock=0]
Obligation [subject=a20, obligation=[at(2, 3, a20)], sanction=[reduce(a20, 100)], deadline=28, time=2015-05-24 10:49:54.854, clock=2]
Time [clock=16, time=2015-05-24 10:52:12.165]
Tile [id=null, cell=Cell [x=4, y=2], subject=yellow, time=2015-05-24 10:49:48.407, clock=0]
Group [name=g, ra=a10, clock=0, time=2015-05-24 10:49:48.621]
Color [id=null, color=blue, agent=a20, type=no, sanction=200, time=2015-05-24 10:49:55.882, clock=2]
Time [clock=10, time=2015-05-24 10:51:12.153]
Tile [id=null, cell=Cell [x=6, y=6], subject=white, time=2015-05-24 10:49:48.459, clock=0]
Time [clock=2, time=2015-05-24 10:49:52.137]
Response [id=1989, response=accepted, clock=16, time=2015-05-24 10:52:20.531]
Position [subject=a10, id=null, cell=Cell [x=0, y=1], time=2015-05-24 10:52:20.936, clock=16]
Position [subject=a40, id=null, cell=Cell [x=6, y=1], time=2015-05-24 10:52:39.567, clock=18]
SetGoal [id=null, agent=a20, cell=Cell [x=2, y=3], goal=Cell [x=3, y=3], sanction=100, clock=2, time=2015-05-24 10:49:54.852]
Time [clock=8, time=2015-05-24 10:50:52.149]
Time [clock=1, time=2015-05-24 10:49:42.121]
Time [clock=12, time=2015-05-24 10:51:32.157]
Time [clock=13, time=2015-05-24 10:51:42.159]
Time [clock=5, time=2015-05-24 10:50:22.144]
Time [clock=4, time=2015-05-24 10:50:12.141]
Color [id=null, color=white, agent=a40, type=yes, sanction=100, time=2015-05-24 10:49:55.644, clock=2]
Time [clock=17, time=2015-05-24 10:52:22.167]
Time [clock=15, time=2015-05-24 10:52:02.163]
Color [id=null, color=white, agent=a10, type=yes, sanction=100, time=2015-05-24 10:49:55.214, clock=2]
Time [clock=14, time=2015-05-24 10:51:52.16]
Time [clock=3, time=2015-05-24 10:50:02.139]
Time [clock=9, time=2015-05-24 10:51:02.151]
Response [id=4834, response=accepted, clock=16, time=2015-05-24 10:52:20.644]
Time [clock=18, time=2015-05-24 10:52:32.169]
Time [clock=7, time=2015-05-24 10:50:42.147]
Response [id=123, response=accepted, clock=15, time=2015-05-24 10:52:12.037]
Time [clock=6, time=2015-05-24 10:50:32.146]
SetGoal [id=null, agent=a10, cell=Cell [x=3, y=2], goal=Cell [x=3, y=3], sanction=100, clock=2, time=2015-05-24 10:49:54.734]
Tile [id=null, cell=Cell [x=4, y=0], subject=brown, time=2015-05-24 10:49:48.397, clock=0]
Proposal [id=7244, agent=a40, agent2=a20, clock=15, time=2015-05-24 10:52:02.362]
Color [id=null, color=white, agent=a30, type=yes, sanction=100, time=2015-05-24 10:49:55.528, clock=2]
Color [id=null, color=blue, agent=a10, type=no, sanction=200, time=2015-05-24 10:49:55.779, clock=2]
Obligation [subject=a40, obligation=[at(3, 4, a40)], sanction=[reduce(a40, 100)], deadline=28, time=2015-05-24 10:49:55.103, clock=2]
Tile [id=null, cell=Cell [x=3, y=4], subject=yellow, time=2015-05-24 10:49:48.383, clock=0]
Tile [id=null, cell=Cell [x=4, y=3], subject=blue, time=2015-05-24 10:49:48.413, clock=0]
Tile [id=null, cell=Cell [x=3, y=6], subject=white, time=2015-05-24 10:49:48.391, clock=0]
Tile [id=null, cell=Cell [x=3, y=1], subject=yellow, time=2015-05-24 10:49:48.369, clock=0]
Prohibition [subject=a20, prohibition=[color(blue, a20)], sanction=[reduce(a20, 200)], clock=2, time=2015-05-24 10:49:55.884]
Color [id=null, color=blue, agent=a40, type=no, sanction=200, time=2015-05-24 10:49:56.137, clock=2]
Tile [id=null, cell=Cell [x=6, y=2], subject=white, time=2015-05-24 10:49:48.45, clock=0]
Color [id=null, color=blue, agent=a30, type=no, sanction=200, time=2015-05-24 10:49:55.992, clock=2]
Tile [id=null, cell=Cell [x=3, y=3], subject=blue, time=2015-05-24 10:49:48.38, clock=0]
Tile [id=null, cell=Cell [x=6, y=0], subject=blue, time=2015-05-24 10:49:48.446, clock=0]
SetGoal [id=null, agent=a40, cell=Cell [x=3, y=4], goal=Cell [x=3, y=3], sanction=100, clock=2, time=2015-05-24 10:49:55.1]
Tile [id=null, cell=Cell [x=6, y=1], subject=brown, time=2015-05-24 10:49:48.448, clock=0]
Tile [id=null, cell=Cell [x=5, y=1], subject=white, time=2015-05-24 10:49:48.434, clock=0]
SetGoal [id=null, agent=a30, cell=Cell [x=4, y=3], goal=Cell [x=3, y=3], sanction=100, clock=2, time=2015-05-24 10:49:54.973]
Tile [id=null, cell=Cell [x=6, y=3], subject=brown, time=2015-05-24 10:49:48.452, clock=0]
Response [id=7244, response=accepted, clock=15, time=2015-05-24 10:52:07.581]
Prohibition [subject=a30, prohibition=[moveTooFast(a30)], sanction=[reduce(a30, 300)], clock=1, time=2015-05-24 10:49:48.674]
Tile [id=null, cell=Cell [x=5, y=6], subject=white, time=2015-05-24 10:49:48.444, clock=0]
Obligation [subject=a30, obligation=[color(white, a30)], sanction=[reduce(a30, 100)], deadline=22, time=2015-05-24 10:49:55.532, clock=2]
Prohibition [subject=a40, prohibition=[moveTooFast(a40)], sanction=[reduce(a40, 300)], clock=1, time=2015-05-24 10:49:48.677]
Tile [id=null, cell=Cell [x=2, y=5], subject=brown, time=2015-05-24 10:49:48.359, clock=0]
Tile [id=null, cell=Cell [x=4, y=1], subject=blue, time=2015-05-24 10:49:48.403, clock=0]
Tile [id=null, cell=Cell [x=5, y=0], subject=yellow, time=2015-05-24 10:49:48.431, clock=0]
Tile [id=null, cell=Cell [x=3, y=5], subject=yellow, time=2015-05-24 10:49:48.387, clock=0]
Tile [id=null, cell=Cell [x=3, y=2], subject=blue, time=2015-05-24 10:49:48.373, clock=0]
Tile [id=null, cell=Cell [x=3, y=0], subject=white, time=2015-05-24 10:49:48.363, clock=0]
Tile [id=null, cell=Cell [x=1, y=6], subject=yellow, time=2015-05-24 10:49:48.34, clock=0]
Prohibition [subject=a40, prohibition=[rejectRequests(a40)], sanction=[reduce(a40, 500)], clock=1, time=2015-05-24 10:49:48.666]
Prohibition [subject=a10, prohibition=[color(blue, a10)], sanction=[reduce(a10, 200)], clock=2, time=2015-05-24 10:49:55.782]
Prohibition [subject=a30, prohibition=[color(blue, a30)], sanction=[reduce(a30, 200)], clock=2, time=2015-05-24 10:49:55.995]
Prohibition [subject=a10, prohibition=[rejectRequests(a10)], sanction=[reduce(a10, 500)], clock=1, time=2015-05-24 10:49:48.657]
Tile [id=null, cell=Cell [x=1, y=1], subject=yellow, time=2015-05-24 10:49:48.324, clock=0]
Tile [id=null, cell=Cell [x=1, y=0], subject=brown, time=2015-05-24 10:49:48.318, clock=0]
Tile [id=null, cell=Cell [x=5, y=5], subject=brown, time=2015-05-24 10:49:48.442, clock=0]
Prohibition [subject=a20, prohibition=[rejectRequests(a20)], sanction=[reduce(a20, 500)], clock=1, time=2015-05-24 10:49:48.661]
Tile [id=null, cell=Cell [x=0, y=3], subject=yellow, time=2015-05-24 10:49:48.308, clock=0]
Proposal [id=4834, agent=a40, agent2=a30, clock=16, time=2015-05-24 10:52:20.621]
Proposal [id=1989, agent=a30, agent2=a20, clock=15, time=2015-05-24 10:52:11.953]
Tile [id=null, cell=Cell [x=6, y=4], subject=white, time=2015-05-24 10:49:48.454, clock=0]
Prohibition [subject=a40, prohibition=[color(blue, a40)], sanction=[reduce(a40, 200)], clock=2, time=2015-05-24 10:49:56.157]
Prohibition [subject=a10, prohibition=[moveTooFast(a10)], sanction=[reduce(a10, 300)], clock=1, time=2015-05-24 10:49:48.668]
Prohibition [subject=a30, prohibition=[rejectRequests(a30)], sanction=[reduce(a30, 500)], clock=1, time=2015-05-24 10:49:48.664]
Prohibition [subject=a20, prohibition=[moveTooFast(a20)], sanction=[reduce(a20, 300)], clock=1, time=2015-05-24 10:49:48.671]
Obligation [subject=a10, obligation=[surround(3, 3)], sanction=[reduce(g, 100)], deadline=31, time=2015-05-24 10:49:48.653, clock=1]
Tile [id=null, cell=Cell [x=1, y=5], subject=brown, time=2015-05-24 10:49:48.337, clock=0]
Tile [id=null, cell=Cell [x=4, y=6], subject=brown, time=2015-05-24 10:49:48.428, clock=0]
Obligation [subject=a40, obligation=[color(white, a40)], sanction=[reduce(a40, 100)], deadline=22, time=2015-05-24 10:49:55.648, clock=2]
Tile [id=null, cell=Cell [x=2, y=6], subject=brown, time=2015-05-24 10:49:48.361, clock=0]
Tile [id=null, cell=Cell [x=2, y=0], subject=white, time=2015-05-24 10:49:48.345, clock=0]
Tile [id=null, cell=Cell [x=2, y=1], subject=white, time=2015-05-24 10:49:48.347, clock=0]
Tile [id=null, cell=Cell [x=0, y=2], subject=white, time=2015-05-24 10:49:48.306, clock=0]
Obligation [subject=a10, obligation=[at(3, 2, a10)], sanction=[reduce(a10, 100)], deadline=28, time=2015-05-24 10:49:54.743, clock=2]
Tile [id=null, cell=Cell [x=5, y=2], subject=brown, time=2015-05-24 10:49:48.436, clock=0]
Tile [id=null, cell=Cell [x=0, y=1], subject=brown, time=2015-05-24 10:49:48.304, clock=0]
Obligation [subject=a30, obligation=[at(4, 3, a30)], sanction=[reduce(a30, 100)], deadline=28, time=2015-05-24 10:49:54.976, clock=2]
Proposal [id=824, agent=a30, agent2=a20, clock=17, time=2015-05-24 10:52:31.88]
Tile [id=null, cell=Cell [x=5, y=4], subject=blue, time=2015-05-24 10:49:48.44, clock=0]
Tile [id=null, cell=Cell [x=0, y=0], subject=brown, time=2015-05-24 10:49:48.271, clock=0]
Tile [id=null, cell=Cell [x=4, y=4], subject=brown, time=2015-05-24 10:49:48.42, clock=0]
Tile [id=null, cell=Cell [x=0, y=4], subject=brown, time=2015-05-24 10:49:48.31, clock=0]
Proposal [id=123, agent=a10, agent2=a40, clock=15, time=2015-05-24 10:52:12.028]
Tile [id=null, cell=Cell [x=5, y=3], subject=yellow, time=2015-05-24 10:49:48.438, clock=0]
Tile [id=null, cell=Cell [x=2, y=4], subject=white, time=2015-05-24 10:49:48.356, clock=0]
Tile [id=null, cell=Cell [x=4, y=5], subject=yellow, time=2015-05-24 10:49:48.425, clock=0]
Tile [id=null, cell=Cell [x=2, y=3], subject=blue, time=2015-05-24 10:49:48.354, clock=0]
Tile [id=null, cell=Cell [x=1, y=2], subject=white, time=2015-05-24 10:49:48.327, clock=0]
Tile [id=null, cell=Cell [x=0, y=6], subject=brown, time=2015-05-24 10:49:48.316, clock=0]
Tile [id=null, cell=Cell [x=2, y=2], subject=brown, time=2015-05-24 10:49:48.352, clock=0]
Tile [id=null, cell=Cell [x=1, y=4], subject=blue, time=2015-05-24 10:49:48.333, clock=0]
Tile [id=null, cell=Cell [x=1, y=3], subject=white, time=2015-05-24 10:49:48.33, clock=0]
Tile [id=null, cell=Cell [x=0, y=5], subject=blue, time=2015-05-24 10:49:48.312, clock=0]
-------------------------last log tuples end----------------------------------
[CTAH] started agent 10
[CTAH] Added a new agent to the game by the name of 10.
[ENV] added agent a10
[CTAH] started agent 30
[CTAH] Added a new agent to the game by the name of 30.
[ENV] added agent a30
[CTAH] started agent 40
[CTAH] Added a new agent to the game by the name of 40.
[ENV] added agent a40
object notification: Time [clock=1, time=2015-05-24 10:55:41.527]
Event sent to agent      a30 clock(1)
org notification: Time [clock=1, time=2015-05-24 10:55:41.527]
org notified sent time(1).
object notification: Time [clock=1, time=2015-05-24 10:55:41.527]
Event sent to agent      a40 clock(1)
object notification: Time [clock=1, time=2015-05-24 10:55:41.527]
Event sent to agent      a10 clock(1)
object notification: Time [clock=2, time=2015-05-24 10:55:51.543]
object notification: Time [clock=2, time=2015-05-24 10:55:51.543]
object notification: Time [clock=2, time=2015-05-24 10:55:51.543]
Event sent to agent      a30 clock(2)
Event sent to agent      a40 clock(2)
Event sent to agent      a10 clock(2)
org notification: Time [clock=2, time=2015-05-24 10:55:51.543]
org notified sent time(2).
