2015-08-13 13:28:34,478 CONFIG [com.gigaspaces.logger] - Log file: /Users/dxd/gigaspaces-xap-premium-9.5.1-ga/logs/2015-08-13~13.28-gigaspaces-service-10.154.155.239-1623.log
-------------------------last log tuples start--------------------------------
Goal [id=null, cell=Cell [x=3, y=3], agent=null, time=2015-08-13 12:58:18.749, clock=0]
Goal [id=null, cell=Cell [x=3, y=3], agent=null, time=2015-08-13 12:58:18.731, clock=0]
Response [id=3886, response=accepted, clock=32, time=2015-08-13 13:01:07.528]
Prohibition [subject=a40, prohibition=[color(white, a40)], sanction=[reduce(a40, 500)], clock=0, time=2015-08-13 12:58:26.864]
Time [clock=41, time=2015-08-13 13:01:51.369]
Obligation [subject=a10, obligation=[at(3, 4, a10)], sanction=[reduce(a10, 600)], deadline=16, time=2015-08-13 12:58:26.464, clock=0]
Time [clock=29, time=2015-08-13 13:00:51.347]
Time [clock=43, time=2015-08-13 13:02:01.371]
Proposal [id=3886, agent=a30, agent2=a40, clock=30, time=2015-08-13 13:00:54.0]
Prohibition [subject=a30, prohibition=[color(white, a30)], sanction=[reduce(a30, 500)], clock=0, time=2015-08-13 12:58:26.753]
Tile [id=null, cell=Cell [x=1, y=5], subject=brown, time=2015-08-13 12:58:18.561, clock=0]
Color [id=null, color=white, agent=a30, type=no, sanction=500, time=2015-08-13 12:58:26.75, clock=0]
Prohibition [subject=a20, prohibition=[color(white, a20)], sanction=[reduce(a20, 500)], clock=0, time=2015-08-13 12:58:26.674]
Tile [id=null, cell=Cell [x=3, y=2], subject=white, time=2015-08-13 12:58:18.536, clock=0]
Time [clock=45, time=2015-08-13 13:02:11.378]
SetGoal [id=null, agent=a40, cell=Cell [x=3, y=2], goal=Cell [x=3, y=3], sanction=100, clock=0, time=2015-08-13 12:58:26.008]
Obligation [subject=a20, obligation=[at(4, 3, a20)], sanction=[reduce(a20, 600)], deadline=16, time=2015-08-13 12:58:26.277, clock=0]
Time [clock=14, time=2015-08-13 12:59:31.503]
Time [clock=28, time=2015-08-13 13:00:41.533]
Time [clock=47, time=2015-08-13 13:02:21.38]
Color [id=null, color=white, agent=a40, type=no, sanction=500, time=2015-08-13 12:58:26.859, clock=0]
Prohibition [subject=a20, prohibition=[restrictPlayer(a20)], sanction=[reduce(a20, 300)], clock=0, time=2015-08-13 12:58:21.481]
Group [name=g, ra=a20, type=raaa, clock=0, time=2015-08-13 12:58:21.304]
Time [clock=48, time=2015-08-13 13:02:21.565]
Color [id=null, color=white, agent=a10, type=no, sanction=500, time=2015-08-13 12:58:26.583, clock=0]
Time [clock=22, time=2015-08-13 13:00:11.519]
Time [clock=21, time=2015-08-13 13:00:11.335]
Obligation [subject=a30, obligation=[at(2, 3, a30)], sanction=[reduce(a30, 600)], deadline=16, time=2015-08-13 12:58:26.136, clock=0]
Tile [id=null, cell=Cell [x=1, y=2], subject=white, time=2015-08-13 12:58:18.449, clock=0]
Time [clock=30, time=2015-08-13 13:00:51.538]
Time [clock=31, time=2015-08-13 13:01:01.35]
SetGoal [id=null, agent=a30, cell=Cell [x=2, y=3], goal=Cell [x=3, y=3], sanction=100, clock=0, time=2015-08-13 12:58:26.131]
Color [id=null, color=white, agent=a20, type=no, sanction=500, time=2015-08-13 12:58:26.671, clock=0]
Obligation [subject=a20, obligation=[makeMove(0, 5, a20)], sanction=[reduce(a20, 200)], deadline=15, time=2015-08-13 12:58:21.359, clock=0]
SetGoal [id=null, agent=a20, cell=Cell [x=4, y=3], goal=Cell [x=3, y=3], sanction=100, clock=0, time=2015-08-13 12:58:26.273]
Position [subject=a10, id=null, cell=Cell [x=1, y=3], time=2015-08-13 13:00:55.669, clock=30]
Obligation [subject=a40, obligation=[respondToRequest(3886)], sanction=[reduce(a40, 200)], deadline=33, time=2015-08-13 13:00:54.027, clock=30]
Prohibition [subject=a10, prohibition=[color(white, a10)], sanction=[reduce(a10, 500)], clock=0, time=2015-08-13 12:58:26.593]
Group [name=g, ra=a20, type=raaa, clock=0, time=2015-08-13 12:58:21.291]
Obligation [subject=a40, obligation=[at(3, 2, a40)], sanction=[reduce(a40, 600)], deadline=16, time=2015-08-13 12:58:26.017, clock=0]
Position [subject=a40, id=null, cell=Cell [x=5, y=2], time=2015-08-13 13:00:54.337, clock=30]
Position [subject=a10, id=null, cell=Cell [x=0, y=3], time=2015-08-13 13:00:52.498, clock=30]
Time [clock=42, time=2015-08-13 13:01:51.558]
Position [subject=a30, id=null, cell=Cell [x=1, y=5], time=2015-08-13 13:01:37.758, clock=38]
SetGoal [id=null, agent=a10, cell=Cell [x=3, y=4], goal=Cell [x=3, y=3], sanction=100, clock=0, time=2015-08-13 12:58:26.46]
Obligation [subject=a10, obligation=[makeMove(0, 0, a10)], sanction=[reduce(a10, 200)], deadline=15, time=2015-08-13 12:58:21.356, clock=0]
Time [clock=33, time=2015-08-13 13:01:11.353]
Position [subject=a40, id=null, cell=Cell [x=3, y=3], time=2015-08-13 13:01:21.944, clock=36]
Time [clock=13, time=2015-08-13 12:59:31.327]
Time [clock=46, time=2015-08-13 13:02:11.563]
Tile [id=null, cell=Cell [x=2, y=2], subject=white, time=2015-08-13 12:58:18.57, clock=0]
Time [clock=36, time=2015-08-13 13:01:21.549]
Obligation [subject=a20, obligation=[surround(3, 3)], sanction=[reduce(g, 700)], deadline=20, time=2015-08-13 12:58:21.313, clock=0]
Time [clock=10, time=2015-08-13 12:59:11.5]
Tile [id=null, cell=Cell [x=4, y=3], subject=brown, time=2015-08-13 12:58:18.603, clock=0]
Time [clock=38, time=2015-08-13 13:01:31.552]
Obligation [subject=a30, obligation=[makeMove(5, 5, a30)], sanction=[reduce(a30, 200)], deadline=15, time=2015-08-13 12:58:21.373, clock=0]
Position [subject=a10, id=null, cell=Cell [x=0, y=0], time=2015-08-13 12:58:18.969, clock=0]
Obligation [subject=a40, obligation=[makeMove(5, 0, a40)], sanction=[reduce(a40, 200)], deadline=15, time=2015-08-13 12:58:21.456, clock=0]
Position [subject=a10, id=null, cell=Cell [x=3, y=4], time=2015-08-13 13:00:59.73, clock=30]
Points [subject=a40, time=2015-08-13 13:01:29.405, clock=36, value=125, id=null]
Tile [id=null, cell=Cell [x=5, y=4], subject=blue, time=2015-08-13 12:58:18.67, clock=0]
Points [subject=a10, time=2015-08-13 13:00:59.748, clock=30, value=125, id=null]
Points [subject=a10, time=2015-08-13 12:59:41.515, clock=16, value=800, id=null]
Points [subject=a30, time=2015-08-13 12:59:41.531, clock=16, value=800, id=null]
Points [subject=a20, time=2015-08-13 12:59:41.527, clock=16, value=800, id=null]
Points [subject=a40, time=2015-08-13 13:00:11.345, clock=21, value=625, id=null]
Points [subject=a40, time=2015-08-13 12:59:41.535, clock=16, value=800, id=null]
Tile [id=null, cell=Cell [x=4, y=5], subject=yellow, time=2015-08-13 12:58:18.609, clock=0]
Position [subject=a20, id=null, cell=Cell [x=3, y=3], time=2015-08-13 13:01:05.81, clock=32]
Points [subject=a10, time=2015-08-13 13:00:11.37, clock=21, value=625, id=null]
Tile [id=null, cell=Cell [x=5, y=4], subject=blue, time=2015-08-13 12:58:18.622, clock=0]
Position [subject=a30, id=null, cell=Cell [x=0, y=5], time=2015-08-13 13:01:50.444, clock=40]
Points [subject=a20, time=2015-08-13 13:00:11.352, clock=21, value=625, id=null]
Time [clock=44, time=2015-08-13 13:02:01.561]
Position [subject=a20, id=null, cell=Cell [x=2, y=3], time=2015-08-13 13:00:59.578, clock=30]
Time [clock=40, time=2015-08-13 13:01:41.555]
Points [subject=a30, time=2015-08-13 13:00:11.349, clock=21, value=625, id=null]
Time [clock=20, time=2015-08-13 13:00:01.517]
Position [subject=a20, id=null, cell=Cell [x=4, y=3], time=2015-08-13 13:01:14.189, clock=34]
Time [clock=32, time=2015-08-13 13:01:01.541]
Tile [id=null, cell=Cell [x=4, y=4], subject=white, time=2015-08-13 12:58:18.65, clock=0]
Time [clock=1, time=2015-08-13 12:58:31.312]
Time [clock=39, time=2015-08-13 13:01:41.364]
Position [subject=a30, id=null, cell=Cell [x=2, y=5], time=2015-08-13 13:01:14.572, clock=34]
Position [subject=a40, id=null, cell=Cell [x=4, y=3], time=2015-08-13 13:01:15.788, clock=34]
Position [subject=a10, id=null, cell=Cell [x=0, y=2], time=2015-08-13 13:00:49.311, clock=28]
Tile [id=null, cell=Cell [x=3, y=1], subject=white, time=2015-08-13 12:58:18.509, clock=0]
Position [subject=a40, id=null, cell=Cell [x=3, y=2], time=2015-08-13 13:01:29.386, clock=36]
Position [subject=a30, id=null, cell=Cell [x=2, y=5], time=2015-08-13 13:01:22.923, clock=36]
Time [clock=37, time=2015-08-13 13:01:31.361]
Position [subject=a30, id=null, cell=Cell [x=1, y=5], time=2015-08-13 13:01:32.334, clock=38]
Time [clock=25, time=2015-08-13 13:00:31.341]
Position [subject=a10, id=null, cell=Cell [x=3, y=3], time=2015-08-13 13:00:58.389, clock=30]
Time [clock=5, time=2015-08-13 12:58:51.318]
Position [subject=a20, id=null, cell=Cell [x=0, y=3], time=2015-08-13 13:00:45.319, clock=28]
Time [clock=8, time=2015-08-13 12:59:01.498]
Position [subject=a30, id=null, cell=Cell [x=4, y=5], time=2015-08-13 13:00:36.946, clock=26]
Tile [id=null, cell=Cell [x=2, y=1], subject=white, time=2015-08-13 12:58:18.568, clock=0]
Position [subject=a30, id=null, cell=Cell [x=0, y=4], time=2015-08-13 13:01:57.794, clock=42]
Tile [id=null, cell=Cell [x=1, y=3], subject=brown, time=2015-08-13 12:58:18.442, clock=0]
Position [subject=a40, id=null, cell=Cell [x=5, y=1], time=2015-08-13 13:00:45.079, clock=28]
Tile [id=null, cell=Cell [x=0, y=4], subject=brown, time=2015-08-13 12:58:18.413, clock=0]
Position [subject=a20, id=null, cell=Cell [x=0, y=5], time=2015-08-13 12:58:19.215, clock=0]
Position [subject=a10, id=null, cell=Cell [x=2, y=3], time=2015-08-13 13:00:56.965, clock=30]
Position [subject=a30, id=null, cell=Cell [x=3, y=5], time=2015-08-13 13:00:47.009, clock=28]
Time [clock=7, time=2015-08-13 12:59:01.319]
Time [clock=27, time=2015-08-13 13:00:41.344]
Time [clock=17, time=2015-08-13 12:59:51.331]
Position [subject=a10, id=null, cell=Cell [x=0, y=0], time=2015-08-13 12:58:18.961, clock=0]
Position [subject=a30, id=null, cell=Cell [x=0, y=5], time=2015-08-13 13:01:43.168, clock=40]
Position [subject=a40, id=null, cell=Cell [x=5, y=0], time=2015-08-13 12:58:19.449, clock=0]
Position [subject=a10, id=null, cell=Cell [x=0, y=1], time=2015-08-13 13:00:48.404, clock=28]
Time [clock=6, time=2015-08-13 12:58:51.496]
Position [subject=a30, id=null, cell=Cell [x=3, y=5], time=2015-08-13 13:01:07.922, clock=32]
Time [clock=11, time=2015-08-13 12:59:21.324]
Position [subject=a30, id=null, cell=Cell [x=4, y=5], time=2015-08-13 13:00:42.816, clock=28]
Position [subject=a40, id=null, cell=Cell [x=5, y=0], time=2015-08-13 12:58:19.424, clock=0]
Time [clock=26, time=2015-08-13 13:00:31.525]
Position [subject=a30, id=null, cell=Cell [x=5, y=5], time=2015-08-13 12:58:19.409, clock=0]
Position [subject=a20, id=null, cell=Cell [x=0, y=4], time=2015-08-13 13:00:36.05, clock=26]
Position [subject=a20, id=null, cell=Cell [x=1, y=3], time=2015-08-13 13:00:52.326, clock=30]
Position [subject=a30, id=null, cell=Cell [x=0, y=4], time=2015-08-13 13:02:03.245, clock=44]
Time [clock=12, time=2015-08-13 12:59:21.502]
Tile [id=null, cell=Cell [x=4, y=1], subject=white, time=2015-08-13 12:58:18.637, clock=0]
Position [subject=a40, id=null, cell=Cell [x=5, y=3], time=2015-08-13 13:01:07.795, clock=32]
Position [subject=a30, id=null, cell=Cell [x=5, y=5], time=2015-08-13 12:58:19.317, clock=0]
Position [subject=a20, id=null, cell=Cell [x=0, y=5], time=2015-08-13 12:58:19.2, clock=0]
Time [clock=16, time=2015-08-13 12:59:41.507]
Time [clock=24, time=2015-08-13 13:00:21.522]
Time [clock=18, time=2015-08-13 12:59:51.512]
Time [clock=9, time=2015-08-13 12:59:11.321]
Time [clock=2, time=2015-08-13 12:58:31.488]
Time [clock=19, time=2015-08-13 13:00:01.333]
Tile [id=null, cell=Cell [x=2, y=4], subject=white, time=2015-08-13 12:58:18.575, clock=0]
Time [clock=4, time=2015-08-13 12:58:41.491]
Time [clock=23, time=2015-08-13 13:00:21.337]
Time [clock=34, time=2015-08-13 13:01:11.544]
Time [clock=3, time=2015-08-13 12:58:41.316]
Time [clock=35, time=2015-08-13 13:01:21.356]
Time [clock=15, time=2015-08-13 12:59:41.33]
Tile [id=null, cell=Cell [x=5, y=2], subject=brown, time=2015-08-13 12:58:18.616, clock=0]
Tile [id=null, cell=Cell [x=5, y=1], subject=brown, time=2015-08-13 12:58:18.613, clock=0]
Tile [id=null, cell=Cell [x=4, y=5], subject=yellow, time=2015-08-13 12:58:18.655, clock=0]
Tile [id=null, cell=Cell [x=5, y=3], subject=yellow, time=2015-08-13 12:58:18.667, clock=0]
Tile [id=null, cell=Cell [x=5, y=1], subject=brown, time=2015-08-13 12:58:18.662, clock=0]
Tile [id=null, cell=Cell [x=5, y=2], subject=brown, time=2015-08-13 12:58:18.665, clock=0]
Tile [id=null, cell=Cell [x=5, y=0], subject=yellow, time=2015-08-13 12:58:18.658, clock=0]
Tile [id=null, cell=Cell [x=4, y=0], subject=brown, time=2015-08-13 12:58:18.594, clock=0]
Tile [id=null, cell=Cell [x=5, y=5], subject=brown, time=2015-08-13 12:58:18.673, clock=0]
Tile [id=null, cell=Cell [x=4, y=2], subject=white, time=2015-08-13 12:58:18.6, clock=0]
Tile [id=null, cell=Cell [x=3, y=4], subject=white, time=2015-08-13 12:58:18.545, clock=0]
Tile [id=null, cell=Cell [x=5, y=3], subject=yellow, time=2015-08-13 12:58:18.619, clock=0]
Tile [id=null, cell=Cell [x=3, y=5], subject=yellow, time=2015-08-13 12:58:18.55, clock=0]
Tile [id=null, cell=Cell [x=5, y=0], subject=yellow, time=2015-08-13 12:58:18.611, clock=0]
Tile [id=null, cell=Cell [x=3, y=0], subject=white, time=2015-08-13 12:58:18.58, clock=0]
Tile [id=null, cell=Cell [x=2, y=5], subject=brown, time=2015-08-13 12:58:18.577, clock=0]
Tile [id=null, cell=Cell [x=4, y=4], subject=white, time=2015-08-13 12:58:18.606, clock=0]
Tile [id=null, cell=Cell [x=0, y=3], subject=yellow, time=2015-08-13 12:58:18.409, clock=0]
Tile [id=null, cell=Cell [x=4, y=3], subject=brown, time=2015-08-13 12:58:18.647, clock=0]
Tile [id=null, cell=Cell [x=3, y=0], subject=white, time=2015-08-13 12:58:18.502, clock=0]
Tile [id=null, cell=Cell [x=4, y=2], subject=white, time=2015-08-13 12:58:18.642, clock=0]
Tile [id=null, cell=Cell [x=5, y=5], subject=brown, time=2015-08-13 12:58:18.625, clock=0]
Tile [id=null, cell=Cell [x=2, y=2], subject=white, time=2015-08-13 12:58:18.477, clock=0]
Tile [id=null, cell=Cell [x=2, y=3], subject=brown, time=2015-08-13 12:58:18.48, clock=0]
Tile [id=null, cell=Cell [x=3, y=3], subject=brown, time=2015-08-13 12:58:18.541, clock=0]
Tile [id=null, cell=Cell [x=3, y=1], subject=white, time=2015-08-13 12:58:18.582, clock=0]
Tile [id=null, cell=Cell [x=1, y=5], subject=brown, time=2015-08-13 12:58:18.454, clock=0]
Tile [id=null, cell=Cell [x=0, y=3], subject=yellow, time=2015-08-13 12:58:18.401, clock=0]
Tile [id=null, cell=Cell [x=0, y=2], subject=brown, time=2015-08-13 12:58:18.386, clock=0]
Tile [id=null, cell=Cell [x=2, y=4], subject=white, time=2015-08-13 12:58:18.487, clock=0]
Tile [id=null, cell=Cell [x=0, y=5], subject=blue, time=2015-08-13 12:58:18.417, clock=0]
Tile [id=null, cell=Cell [x=2, y=0], subject=white, time=2015-08-13 12:58:18.462, clock=0]
Tile [id=null, cell=Cell [x=0, y=0], subject=brown, time=2015-08-13 12:58:18.343, clock=0]
Tile [id=null, cell=Cell [x=0, y=5], subject=blue, time=2015-08-13 12:58:18.421, clock=0]
Tile [id=null, cell=Cell [x=2, y=1], subject=white, time=2015-08-13 12:58:18.472, clock=0]
Tile [id=null, cell=Cell [x=3, y=3], subject=brown, time=2015-08-13 12:58:18.587, clock=0]
Tile [id=null, cell=Cell [x=1, y=4], subject=white, time=2015-08-13 12:58:18.449, clock=0]
Tile [id=null, cell=Cell [x=2, y=0], subject=white, time=2015-08-13 12:58:18.565, clock=0]
Tile [id=null, cell=Cell [x=0, y=0], subject=brown, time=2015-08-13 12:58:18.253, clock=0]
Tile [id=null, cell=Cell [x=1, y=3], subject=brown, time=2015-08-13 12:58:18.55, clock=0]
Tile [id=null, cell=Cell [x=3, y=4], subject=white, time=2015-08-13 12:58:18.589, clock=0]
Tile [id=null, cell=Cell [x=1, y=1], subject=white, time=2015-08-13 12:58:18.441, clock=0]
Tile [id=null, cell=Cell [x=1, y=2], subject=white, time=2015-08-13 12:58:18.426, clock=0]
Tile [id=null, cell=Cell [x=1, y=4], subject=white, time=2015-08-13 12:58:18.557, clock=0]
Tile [id=null, cell=Cell [x=2, y=5], subject=brown, time=2015-08-13 12:58:18.496, clock=0]
Tile [id=null, cell=Cell [x=3, y=5], subject=yellow, time=2015-08-13 12:58:18.592, clock=0]
Tile [id=null, cell=Cell [x=0, y=2], subject=brown, time=2015-08-13 12:58:18.397, clock=0]
Tile [id=null, cell=Cell [x=2, y=3], subject=brown, time=2015-08-13 12:58:18.573, clock=0]
Tile [id=null, cell=Cell [x=3, y=2], subject=white, time=2015-08-13 12:58:18.585, clock=0]
Tile [id=null, cell=Cell [x=1, y=0], subject=brown, time=2015-08-13 12:58:18.421, clock=0]
Tile [id=null, cell=Cell [x=4, y=1], subject=white, time=2015-08-13 12:58:18.597, clock=0]
Tile [id=null, cell=Cell [x=1, y=0], subject=brown, time=2015-08-13 12:58:18.425, clock=0]
Tile [id=null, cell=Cell [x=0, y=4], subject=brown, time=2015-08-13 12:58:18.418, clock=0]
Tile [id=null, cell=Cell [x=4, y=0], subject=brown, time=2015-08-13 12:58:18.557, clock=0]
Tile [id=null, cell=Cell [x=1, y=1], subject=white, time=2015-08-13 12:58:18.424, clock=0]
Tile [id=null, cell=Cell [x=0, y=1], subject=brown, time=2015-08-13 12:58:18.381, clock=0]
Tile [id=null, cell=Cell [x=0, y=1], subject=brown, time=2015-08-13 12:58:18.381, clock=0]
-------------------------last log tuples end----------------------------------
[CTAH] started agent 20
[CTAH] Added a new agent to the game by the name of 20.
[ENV] added agent a20
[CTAH] started agent 30
[CTAH] Added a new agent to the game by the name of 30.
[ENV] added agent a30
[CTAH] started agent 40
[CTAH] Added a new agent to the game by the name of 40.
[ENV] added agent a40
