2015-08-13 12:51:30,453 CONFIG [com.gigaspaces.logger] - Log file: /Users/dxd/gigaspaces-xap-premium-9.5.1-ga/logs/2015-08-13~12.51-gigaspaces-service-10.154.155.239-1312.log
-------------------------last log tuples start--------------------------------
Prohibition [subject=a40, prohibition=[color(white, a40)], sanction=[reduce(a40, 500)], clock=8, time=2015-08-13 12:47:42.786]
Color [id=null, color=white, agent=a30, type=no, sanction=500, time=2015-08-13 12:47:05.539, clock=4]
Position [subject=a10, id=null, cell=Cell [x=0, y=2], time=2015-08-13 12:48:04.995, clock=10]
Prohibition [subject=a20, prohibition=[color(white, a20)], sanction=[reduce(a20, 500)], clock=8, time=2015-08-13 12:47:42.774]
Color [id=null, color=white, agent=a10, type=no, sanction=500, time=2015-08-13 12:47:05.433, clock=4]
Time [clock=27, time=2015-08-13 12:50:47.914]
Group [name=g, ra=a20, type=raaa, clock=0, time=2015-08-13 12:45:49.4]
Time [clock=23, time=2015-08-13 12:50:07.887]
Prohibition [subject=a20, prohibition=[restrictPlayer(a20)], sanction=[reduce(a20, 300)], clock=0, time=2015-08-13 12:46:17.868]
Color [id=null, color=white, agent=a20, type=no, sanction=500, time=2015-08-13 12:47:05.488, clock=4]
Tile [id=null, cell=Cell [x=0, y=4], subject=brown, time=2015-08-13 12:45:46.495, clock=0]
Time [clock=10, time=2015-08-13 12:47:57.819]
SetGoal [id=null, agent=a10, cell=Cell [x=3, y=4], goal=Cell [x=3, y=3], sanction=100, clock=4, time=2015-08-13 12:47:05.386]
Prohibition [subject=a10, prohibition=[color(white, a10)], sanction=[reduce(a10, 500)], clock=8, time=2015-08-13 12:47:42.72]
Position [subject=a10, id=null, cell=Cell [x=0, y=1], time=2015-08-13 12:48:04.147, clock=10]
Tile [id=null, cell=Cell [x=3, y=4], subject=white, time=2015-08-13 12:45:46.58, clock=0]
Color [id=null, color=white, agent=a40, type=no, sanction=500, time=2015-08-13 12:47:05.585, clock=4]
Time [clock=15, time=2015-08-13 12:48:47.858]
Position [subject=a10, id=null, cell=Cell [x=3, y=3], time=2015-08-13 12:48:08.478, clock=11]
Goal [id=null, cell=Cell [x=3, y=3], agent=null, time=2015-08-13 12:45:46.623, clock=0]
Position [subject=a10, id=null, cell=Cell [x=3, y=4], time=2015-08-13 12:48:09.51, clock=11]
SetGoal [id=null, agent=a30, cell=Cell [x=2, y=3], goal=Cell [x=3, y=3], sanction=100, clock=4, time=2015-08-13 12:47:05.265]
Time [clock=11, time=2015-08-13 12:48:07.823]
Tile [id=null, cell=Cell [x=1, y=3], subject=brown, time=2015-08-13 12:45:46.542, clock=0]
Obligation [subject=a40, obligation=[at(3, 2, a40)], sanction=[reduce(a40, 600)], deadline=20, time=2015-08-13 12:47:21.785, clock=6]
Position [subject=a10, id=null, cell=Cell [x=2, y=3], time=2015-08-13 12:48:07.526, clock=10]
SetGoal [id=null, agent=a40, cell=Cell [x=3, y=2], goal=Cell [x=3, y=3], sanction=100, clock=4, time=2015-08-13 12:47:05.163]
Time [clock=5, time=2015-08-13 12:47:07.805]
Time [clock=20, time=2015-08-13 12:49:37.875]
SetGoal [id=null, agent=a20, cell=Cell [x=4, y=3], goal=Cell [x=3, y=3], sanction=100, clock=4, time=2015-08-13 12:47:05.334]
Prohibition [subject=a30, prohibition=[color(white, a30)], sanction=[reduce(a30, 500)], clock=8, time=2015-08-13 12:47:42.779]
Position [subject=a10, id=null, cell=Cell [x=0, y=0], time=2015-08-13 12:45:46.698, clock=0]
Time [clock=14, time=2015-08-13 12:48:37.855]
Position [subject=a30, id=null, cell=Cell [x=5, y=5], time=2015-08-13 12:45:46.856, clock=0]
Obligation [subject=a40, obligation=[makeMove(5, 0, a40)], sanction=[reduce(a40, 200)], deadline=15, time=2015-08-13 12:46:17.926, clock=0]
Tile [id=null, cell=Cell [x=2, y=2], subject=white, time=2015-08-13 12:45:46.566, clock=0]
Time [clock=13, time=2015-08-13 12:48:27.851]
Position [subject=a10, id=null, cell=Cell [x=1, y=3], time=2015-08-13 12:48:06.744, clock=10]
Position [subject=a40, id=null, cell=Cell [x=5, y=0], time=2015-08-13 12:45:47.068, clock=0]
Position [subject=a20, id=null, cell=Cell [x=0, y=5], time=2015-08-13 12:45:46.795, clock=0]
Obligation [subject=a20, obligation=[surround(3, 3)], sanction=[reduce(g, 700)], deadline=20, time=2015-08-13 12:46:17.782, clock=0]
Obligation [subject=a10, obligation=[at(3, 4, a10)], sanction=[reduce(a10, 600)], deadline=20, time=2015-08-13 12:47:42.706, clock=8]
Obligation [subject=a20, obligation=[makeMove(0, 5, a20)], sanction=[reduce(a20, 200)], deadline=15, time=2015-08-13 12:46:17.892, clock=0]
Tile [id=null, cell=Cell [x=4, y=5], subject=yellow, time=2015-08-13 12:45:46.59, clock=0]
Obligation [subject=a20, obligation=[at(4, 3, a20)], sanction=[reduce(a20, 600)], deadline=20, time=2015-08-13 12:47:21.985, clock=6]
Position [subject=a10, id=null, cell=Cell [x=0, y=3], time=2015-08-13 12:48:05.916, clock=10]
Obligation [subject=a30, obligation=[makeMove(5, 5, a30)], sanction=[reduce(a30, 200)], deadline=15, time=2015-08-13 12:46:17.909, clock=0]
Obligation [subject=a10, obligation=[makeMove(0, 0, a10)], sanction=[reduce(a10, 200)], deadline=15, time=2015-08-13 12:46:17.865, clock=0]
Time [clock=24, time=2015-08-13 12:50:17.903]
Time [clock=8, time=2015-08-13 12:47:37.812]
Time [clock=3, time=2015-08-13 12:46:47.796]
Obligation [subject=a30, obligation=[at(2, 3, a30)], sanction=[reduce(a30, 600)], deadline=20, time=2015-08-13 12:47:21.895, clock=6]
Points [subject=a10, time=2015-08-13 12:48:09.535, clock=11, value=500, id=null]
Points [subject=a30, time=2015-08-13 12:49:47.949, clock=21, value=566, id=null]
Time [clock=21, time=2015-08-13 12:49:47.879]
Time [clock=26, time=2015-08-13 12:50:37.908]
Time [clock=9, time=2015-08-13 12:47:47.814]
Points [subject=a30, time=2015-08-13 12:48:57.888, clock=16, value=800, id=null]
Points [subject=a40, time=2015-08-13 12:49:47.942, clock=21, value=566, id=null]
Points [subject=a40, time=2015-08-13 12:48:57.908, clock=16, value=800, id=null]
Points [subject=a20, time=2015-08-13 12:48:57.885, clock=16, value=800, id=null]
Points [subject=a20, time=2015-08-13 12:49:47.973, clock=21, value=566, id=null]
Time [clock=22, time=2015-08-13 12:49:57.884]
Time [clock=28, time=2015-08-13 12:50:57.918]
Time [clock=1, time=2015-08-13 12:46:27.784]
Time [clock=6, time=2015-08-13 12:47:17.806]
Time [clock=25, time=2015-08-13 12:50:27.905]
Time [clock=16, time=2015-08-13 12:48:57.862]
Time [clock=4, time=2015-08-13 12:46:57.801]
Time [clock=2, time=2015-08-13 12:46:37.792]
Time [clock=19, time=2015-08-13 12:49:27.872]
Time [clock=7, time=2015-08-13 12:47:27.81]
Time [clock=12, time=2015-08-13 12:48:17.848]
Time [clock=18, time=2015-08-13 12:49:17.868]
Time [clock=17, time=2015-08-13 12:49:07.865]
Tile [id=null, cell=Cell [x=5, y=0], subject=yellow, time=2015-08-13 12:45:46.591, clock=0]
Tile [id=null, cell=Cell [x=5, y=1], subject=brown, time=2015-08-13 12:45:46.593, clock=0]
Tile [id=null, cell=Cell [x=5, y=2], subject=brown, time=2015-08-13 12:45:46.595, clock=0]
Tile [id=null, cell=Cell [x=5, y=3], subject=yellow, time=2015-08-13 12:45:46.596, clock=0]
Tile [id=null, cell=Cell [x=5, y=4], subject=blue, time=2015-08-13 12:45:46.598, clock=0]
Tile [id=null, cell=Cell [x=5, y=5], subject=brown, time=2015-08-13 12:45:46.599, clock=0]
Tile [id=null, cell=Cell [x=3, y=5], subject=yellow, time=2015-08-13 12:45:46.581, clock=0]
Tile [id=null, cell=Cell [x=3, y=2], subject=white, time=2015-08-13 12:45:46.577, clock=0]
Tile [id=null, cell=Cell [x=0, y=1], subject=brown, time=2015-08-13 12:45:46.474, clock=0]
Tile [id=null, cell=Cell [x=2, y=0], subject=white, time=2015-08-13 12:45:46.563, clock=0]
Tile [id=null, cell=Cell [x=1, y=5], subject=brown, time=2015-08-13 12:45:46.561, clock=0]
Tile [id=null, cell=Cell [x=0, y=2], subject=brown, time=2015-08-13 12:45:46.477, clock=0]
Tile [id=null, cell=Cell [x=3, y=3], subject=brown, time=2015-08-13 12:45:46.578, clock=0]
Tile [id=null, cell=Cell [x=2, y=1], subject=white, time=2015-08-13 12:45:46.565, clock=0]
Tile [id=null, cell=Cell [x=0, y=0], subject=brown, time=2015-08-13 12:45:46.416, clock=0]
Tile [id=null, cell=Cell [x=0, y=3], subject=yellow, time=2015-08-13 12:45:46.486, clock=0]
Tile [id=null, cell=Cell [x=4, y=4], subject=white, time=2015-08-13 12:45:46.588, clock=0]
Tile [id=null, cell=Cell [x=0, y=5], subject=blue, time=2015-08-13 12:45:46.498, clock=0]
Tile [id=null, cell=Cell [x=1, y=0], subject=brown, time=2015-08-13 12:45:46.502, clock=0]
Tile [id=null, cell=Cell [x=1, y=1], subject=white, time=2015-08-13 12:45:46.509, clock=0]
Tile [id=null, cell=Cell [x=3, y=1], subject=white, time=2015-08-13 12:45:46.575, clock=0]
Tile [id=null, cell=Cell [x=4, y=2], subject=white, time=2015-08-13 12:45:46.586, clock=0]
Tile [id=null, cell=Cell [x=1, y=4], subject=white, time=2015-08-13 12:45:46.546, clock=0]
Tile [id=null, cell=Cell [x=4, y=1], subject=white, time=2015-08-13 12:45:46.584, clock=0]
Tile [id=null, cell=Cell [x=1, y=2], subject=white, time=2015-08-13 12:45:46.537, clock=0]
Tile [id=null, cell=Cell [x=4, y=0], subject=brown, time=2015-08-13 12:45:46.583, clock=0]
Tile [id=null, cell=Cell [x=2, y=3], subject=brown, time=2015-08-13 12:45:46.568, clock=0]
Tile [id=null, cell=Cell [x=4, y=3], subject=brown, time=2015-08-13 12:45:46.587, clock=0]
Tile [id=null, cell=Cell [x=2, y=5], subject=brown, time=2015-08-13 12:45:46.572, clock=0]
Tile [id=null, cell=Cell [x=2, y=4], subject=white, time=2015-08-13 12:45:46.571, clock=0]
Tile [id=null, cell=Cell [x=3, y=0], subject=white, time=2015-08-13 12:45:46.574, clock=0]
-------------------------last log tuples end----------------------------------
[CTAH] started agent 20
[CTAH] Added a new agent to the game by the name of 20.
[ENV] added agent a20
[CTAH] started agent 30
[CTAH] Added a new agent to the game by the name of 30.
[ENV] added agent a30
[CTAH] started agent 40
[CTAH] Added a new agent to the game by the name of 40.
[ENV] added agent a40
#########################Game started
#########################Game started
#########################Game started
Event processed @ctenv(functionToList(message(game_initialized)),LIST,0); if B(LIST=[actionresult([TYPE,ID,RESPONSE])]) then if B(TYPE=response) then ReceivedResponse(RESPONSE, ID) else if B(LIST=[actionresult([TYPE])]) then ReceivedEvent(TYPE) else if B(LIST=[actionresult([TYPE,AGENT,ID,RESPONSE])]) then if B(TYPE=proposal) then ReceivedProposal(AGENT, ID, RESPONSE)
Event processed @ctenv(functionToList(message(game_initialized)),LIST,0); if B(LIST=[actionresult([TYPE,ID,RESPONSE])]) then if B(TYPE=response) then ReceivedResponse(RESPONSE, ID) else if B(LIST=[actionresult([TYPE])]) then ReceivedEvent(TYPE) else if B(LIST=[actionresult([TYPE,AGENT,ID,RESPONSE])]) then if B(TYPE=proposal) then ReceivedProposal(AGENT, ID, RESPONSE)
[CTAH] Array of Terms: [Lapapl.data.Term;@530f4c5e
[CTAH] The created APLList : [game_initialized]
Event processed @ctenv(functionToList(message(game_initialized)),LIST,0); if B(LIST=[actionresult([TYPE,ID,RESPONSE])]) then if B(TYPE=response) then ReceivedResponse(RESPONSE, ID) else if B(LIST=[actionresult([TYPE])]) then ReceivedEvent(TYPE) else if B(LIST=[actionresult([TYPE,AGENT,ID,RESPONSE])]) then if B(TYPE=proposal) then ReceivedProposal(AGENT, ID, RESPONSE)
[CTAH] Array of Terms: [Lapapl.data.Term;@6ee76fcc
[CTAH] The created APLList : [game_initialized]
[CTAH] Array of Terms: [Lapapl.data.Term;@649f9e5e
[CTAH] The created APLList : [game_initialized]
setPhases in ClientGameStatus, the current phase is 
setPhases in ClientGameStatus, the current phase is 
setPhases in ClientGameStatus, the current phase is 
setPhases in ClientGameStatus, the current phase is Setup Phase
setPhases in ClientGameStatus, the current phase is Setup Phase
setPhases in ClientGameStatus, the current phase is Setup Phase
org notification: Tile [id=null, cell=Cell [x=0, y=0], subject=brown, time=2015-08-13 12:51:42.744, clock=0]
object notification: Tile [id=null, cell=Cell [x=0, y=0], subject=brown, time=2015-08-13 12:51:42.744, clock=0]
object notification: Tile [id=null, cell=Cell [x=0, y=0], subject=brown, time=2015-08-13 12:51:42.744, clock=0]
object notification: Tile [id=null, cell=Cell [x=0, y=0], subject=brown, time=2015-08-13 12:51:42.744, clock=0]
object notification: Tile [id=null, cell=Cell [x=0, y=1], subject=brown, time=2015-08-13 12:51:42.805, clock=0]
object notification: Tile [id=null, cell=Cell [x=0, y=1], subject=brown, time=2015-08-13 12:51:42.805, clock=0]
object notification: Tile [id=null, cell=Cell [x=0, y=2], subject=brown, time=2015-08-13 12:51:42.817, clock=0]
object notification: Tile [id=null, cell=Cell [x=0, y=3], subject=yellow, time=2015-08-13 12:51:42.823, clock=0]
object notification: Tile [id=null, cell=Cell [x=0, y=1], subject=brown, time=2015-08-13 12:51:42.805, clock=0]
object notification: Tile [id=null, cell=Cell [x=0, y=2], subject=brown, time=2015-08-13 12:51:42.817, clock=0]
object notification: Tile [id=null, cell=Cell [x=0, y=2], subject=brown, time=2015-08-13 12:51:42.817, clock=0]
object notification: Tile [id=null, cell=Cell [x=0, y=3], subject=yellow, time=2015-08-13 12:51:42.823, clock=0]
object notification: Tile [id=null, cell=Cell [x=0, y=3], subject=yellow, time=2015-08-13 12:51:42.823, clock=0]
object notification: Tile [id=null, cell=Cell [x=0, y=4], subject=brown, time=2015-08-13 12:51:42.826, clock=0]
object notification: Tile [id=null, cell=Cell [x=0, y=5], subject=blue, time=2015-08-13 12:51:42.829, clock=0]
object notification: Tile [id=null, cell=Cell [x=0, y=4], subject=brown, time=2015-08-13 12:51:42.826, clock=0]
org notification: Tile [id=null, cell=Cell [x=0, y=1], subject=brown, time=2015-08-13 12:51:42.805, clock=0]
object notification: Tile [id=null, cell=Cell [x=1, y=0], subject=brown, time=2015-08-13 12:51:42.836, clock=0]
object notification: Tile [id=null, cell=Cell [x=0, y=5], subject=blue, time=2015-08-13 12:51:42.829, clock=0]
object notification: Tile [id=null, cell=Cell [x=1, y=0], subject=brown, time=2015-08-13 12:51:42.836, clock=0]
object notification: Tile [id=null, cell=Cell [x=1, y=1], subject=white, time=2015-08-13 12:51:42.839, clock=0]
object notification: Tile [id=null, cell=Cell [x=1, y=1], subject=white, time=2015-08-13 12:51:42.839, clock=0]
object notification: Tile [id=null, cell=Cell [x=0, y=4], subject=brown, time=2015-08-13 12:51:42.826, clock=0]
object notification: Tile [id=null, cell=Cell [x=1, y=2], subject=white, time=2015-08-13 12:51:42.848, clock=0]
object notification: Tile [id=null, cell=Cell [x=0, y=5], subject=blue, time=2015-08-13 12:51:42.829, clock=0]
object notification: Tile [id=null, cell=Cell [x=1, y=3], subject=brown, time=2015-08-13 12:51:42.852, clock=0]
object notification: Tile [id=null, cell=Cell [x=1, y=0], subject=brown, time=2015-08-13 12:51:42.836, clock=0]
object notification: Tile [id=null, cell=Cell [x=1, y=1], subject=white, time=2015-08-13 12:51:42.839, clock=0]
org notification: Tile [id=null, cell=Cell [x=0, y=2], subject=brown, time=2015-08-13 12:51:42.817, clock=0]
object notification: Tile [id=null, cell=Cell [x=1, y=2], subject=white, time=2015-08-13 12:51:42.848, clock=0]
object notification: Tile [id=null, cell=Cell [x=1, y=2], subject=white, time=2015-08-13 12:51:42.848, clock=0]
object notification: Tile [id=null, cell=Cell [x=1, y=3], subject=brown, time=2015-08-13 12:51:42.852, clock=0]
object notification: Tile [id=null, cell=Cell [x=1, y=3], subject=brown, time=2015-08-13 12:51:42.852, clock=0]
org notification: Tile [id=null, cell=Cell [x=0, y=3], subject=yellow, time=2015-08-13 12:51:42.823, clock=0]
object notification: Tile [id=null, cell=Cell [x=1, y=4], subject=white, time=2015-08-13 12:51:42.864, clock=0]
object notification: Tile [id=null, cell=Cell [x=1, y=4], subject=white, time=2015-08-13 12:51:42.864, clock=0]
object notification: Tile [id=null, cell=Cell [x=1, y=4], subject=white, time=2015-08-13 12:51:42.864, clock=0]
object notification: Tile [id=null, cell=Cell [x=1, y=5], subject=brown, time=2015-08-13 12:51:42.875, clock=0]
org notification: Tile [id=null, cell=Cell [x=0, y=4], subject=brown, time=2015-08-13 12:51:42.826, clock=0]
object notification: Tile [id=null, cell=Cell [x=1, y=5], subject=brown, time=2015-08-13 12:51:42.875, clock=0]
object notification: Tile [id=null, cell=Cell [x=1, y=5], subject=brown, time=2015-08-13 12:51:42.875, clock=0]
org notification: Tile [id=null, cell=Cell [x=0, y=5], subject=blue, time=2015-08-13 12:51:42.829, clock=0]
object notification: Tile [id=null, cell=Cell [x=2, y=0], subject=white, time=2015-08-13 12:51:42.882, clock=0]
object notification: Tile [id=null, cell=Cell [x=2, y=0], subject=white, time=2015-08-13 12:51:42.882, clock=0]
object notification: Tile [id=null, cell=Cell [x=2, y=0], subject=white, time=2015-08-13 12:51:42.882, clock=0]
object notification: Tile [id=null, cell=Cell [x=2, y=1], subject=white, time=2015-08-13 12:51:42.886, clock=0]
object notification: Tile [id=null, cell=Cell [x=2, y=1], subject=white, time=2015-08-13 12:51:42.886, clock=0]
object notification: Tile [id=null, cell=Cell [x=2, y=2], subject=white, time=2015-08-13 12:51:42.892, clock=0]
object notification: Tile [id=null, cell=Cell [x=2, y=1], subject=white, time=2015-08-13 12:51:42.886, clock=0]
object notification: Tile [id=null, cell=Cell [x=2, y=2], subject=white, time=2015-08-13 12:51:42.892, clock=0]
object notification: Tile [id=null, cell=Cell [x=2, y=2], subject=white, time=2015-08-13 12:51:42.892, clock=0]
org notification: Tile [id=null, cell=Cell [x=1, y=0], subject=brown, time=2015-08-13 12:51:42.836, clock=0]
org notification: Tile [id=null, cell=Cell [x=1, y=1], subject=white, time=2015-08-13 12:51:42.839, clock=0]
Event processed UpdateTile(brown, 0, 0)
Event processed UpdateTile(brown, 0, 1)
object notification: Tile [id=null, cell=Cell [x=2, y=3], subject=brown, time=2015-08-13 12:51:42.906, clock=0]
object notification: Tile [id=null, cell=Cell [x=2, y=3], subject=brown, time=2015-08-13 12:51:42.906, clock=0]
Event processed UpdateTile(brown, 0, 2)
Event processed UpdateTile(yellow, 0, 3)
object notification: Tile [id=null, cell=Cell [x=2, y=3], subject=brown, time=2015-08-13 12:51:42.906, clock=0]
object notification: Tile [id=null, cell=Cell [x=2, y=4], subject=white, time=2015-08-13 12:51:42.913, clock=0]
object notification: Tile [id=null, cell=Cell [x=2, y=4], subject=white, time=2015-08-13 12:51:42.913, clock=0]
object notification: Tile [id=null, cell=Cell [x=2, y=4], subject=white, time=2015-08-13 12:51:42.913, clock=0]
Event processed UpdateTile(brown, 0, 4)
object notification: Tile [id=null, cell=Cell [x=2, y=5], subject=brown, time=2015-08-13 12:51:42.921, clock=0]
object notification: Tile [id=null, cell=Cell [x=2, y=5], subject=brown, time=2015-08-13 12:51:42.921, clock=0]
object notification: Tile [id=null, cell=Cell [x=2, y=5], subject=brown, time=2015-08-13 12:51:42.921, clock=0]
Event processed UpdateTile(blue, 0, 5)
org notification: Tile [id=null, cell=Cell [x=1, y=2], subject=white, time=2015-08-13 12:51:42.848, clock=0]
Event processed UpdateTile(brown, 1, 0)
Event processed UpdateTile(white, 1, 1)
org notification: Tile [id=null, cell=Cell [x=1, y=3], subject=brown, time=2015-08-13 12:51:42.852, clock=0]
Event processed UpdateTile(white, 1, 2)
Event processed UpdateTile(brown, 1, 3)
Event processed UpdateTile(white, 1, 4)
Event processed UpdateTile(brown, 1, 5)
Event processed UpdateTile(white, 2, 0)
org notification: Tile [id=null, cell=Cell [x=1, y=4], subject=white, time=2015-08-13 12:51:42.864, clock=0]
Event processed UpdateTile(white, 2, 1)
Event processed UpdateTile(white, 2, 2)
Event processed UpdateTile(brown, 2, 3)
Event processed UpdateTile(white, 2, 4)
org notification: Tile [id=null, cell=Cell [x=1, y=5], subject=brown, time=2015-08-13 12:51:42.875, clock=0]
org notification: Tile [id=null, cell=Cell [x=2, y=0], subject=white, time=2015-08-13 12:51:42.882, clock=0]
Event processed UpdateTile(brown, 2, 5)
org notification: Tile [id=null, cell=Cell [x=2, y=1], subject=white, time=2015-08-13 12:51:42.886, clock=0]
org notification: Tile [id=null, cell=Cell [x=2, y=2], subject=white, time=2015-08-13 12:51:42.892, clock=0]
org notification: Tile [id=null, cell=Cell [x=2, y=3], subject=brown, time=2015-08-13 12:51:42.906, clock=0]
object notification: Tile [id=null, cell=Cell [x=3, y=0], subject=white, time=2015-08-13 12:51:42.929, clock=0]
object notification: Tile [id=null, cell=Cell [x=3, y=0], subject=white, time=2015-08-13 12:51:42.929, clock=0]
object notification: Tile [id=null, cell=Cell [x=3, y=0], subject=white, time=2015-08-13 12:51:42.929, clock=0]
object notification: Tile [id=null, cell=Cell [x=3, y=1], subject=white, time=2015-08-13 12:51:42.999, clock=0]
object notification: Tile [id=null, cell=Cell [x=3, y=1], subject=white, time=2015-08-13 12:51:42.999, clock=0]
object notification: Tile [id=null, cell=Cell [x=3, y=1], subject=white, time=2015-08-13 12:51:42.999, clock=0]
org notification: Tile [id=null, cell=Cell [x=2, y=4], subject=white, time=2015-08-13 12:51:42.913, clock=0]
org notification: Tile [id=null, cell=Cell [x=2, y=5], subject=brown, time=2015-08-13 12:51:42.921, clock=0]
object notification: Tile [id=null, cell=Cell [x=3, y=2], subject=white, time=2015-08-13 12:51:43.005, clock=0]
object notification: Tile [id=null, cell=Cell [x=3, y=2], subject=white, time=2015-08-13 12:51:43.005, clock=0]
object notification: Tile [id=null, cell=Cell [x=3, y=2], subject=white, time=2015-08-13 12:51:43.005, clock=0]
org notification: Tile [id=null, cell=Cell [x=3, y=0], subject=white, time=2015-08-13 12:51:42.929, clock=0]
org notification: Tile [id=null, cell=Cell [x=3, y=1], subject=white, time=2015-08-13 12:51:42.999, clock=0]
object notification: Tile [id=null, cell=Cell [x=3, y=3], subject=brown, time=2015-08-13 12:51:43.014, clock=0]
object notification: Tile [id=null, cell=Cell [x=3, y=3], subject=brown, time=2015-08-13 12:51:43.014, clock=0]
object notification: Tile [id=null, cell=Cell [x=3, y=3], subject=brown, time=2015-08-13 12:51:43.014, clock=0]
org notification: Tile [id=null, cell=Cell [x=3, y=2], subject=white, time=2015-08-13 12:51:43.005, clock=0]
org notification: Tile [id=null, cell=Cell [x=3, y=3], subject=brown, time=2015-08-13 12:51:43.014, clock=0]
object notification: Tile [id=null, cell=Cell [x=3, y=4], subject=white, time=2015-08-13 12:51:43.022, clock=0]
org notification: Tile [id=null, cell=Cell [x=3, y=4], subject=white, time=2015-08-13 12:51:43.022, clock=0]
object notification: Tile [id=null, cell=Cell [x=3, y=4], subject=white, time=2015-08-13 12:51:43.022, clock=0]
object notification: Tile [id=null, cell=Cell [x=3, y=4], subject=white, time=2015-08-13 12:51:43.022, clock=0]
object notification: Tile [id=null, cell=Cell [x=3, y=5], subject=yellow, time=2015-08-13 12:51:43.028, clock=0]
object notification: Tile [id=null, cell=Cell [x=3, y=5], subject=yellow, time=2015-08-13 12:51:43.028, clock=0]
object notification: Tile [id=null, cell=Cell [x=3, y=5], subject=yellow, time=2015-08-13 12:51:43.028, clock=0]
org notification: Tile [id=null, cell=Cell [x=3, y=5], subject=yellow, time=2015-08-13 12:51:43.028, clock=0]
object notification: Tile [id=null, cell=Cell [x=4, y=0], subject=brown, time=2015-08-13 12:51:43.032, clock=0]
object notification: Tile [id=null, cell=Cell [x=4, y=0], subject=brown, time=2015-08-13 12:51:43.032, clock=0]
org notification: Tile [id=null, cell=Cell [x=4, y=0], subject=brown, time=2015-08-13 12:51:43.032, clock=0]
object notification: Tile [id=null, cell=Cell [x=4, y=0], subject=brown, time=2015-08-13 12:51:43.032, clock=0]
object notification: Tile [id=null, cell=Cell [x=4, y=1], subject=white, time=2015-08-13 12:51:43.038, clock=0]
object notification: Tile [id=null, cell=Cell [x=4, y=1], subject=white, time=2015-08-13 12:51:43.038, clock=0]
org notification: Tile [id=null, cell=Cell [x=4, y=1], subject=white, time=2015-08-13 12:51:43.038, clock=0]
object notification: Tile [id=null, cell=Cell [x=4, y=1], subject=white, time=2015-08-13 12:51:43.038, clock=0]
object notification: Tile [id=null, cell=Cell [x=4, y=2], subject=white, time=2015-08-13 12:51:43.048, clock=0]
object notification: Tile [id=null, cell=Cell [x=4, y=2], subject=white, time=2015-08-13 12:51:43.048, clock=0]
org notification: Tile [id=null, cell=Cell [x=4, y=2], subject=white, time=2015-08-13 12:51:43.048, clock=0]
object notification: Tile [id=null, cell=Cell [x=4, y=2], subject=white, time=2015-08-13 12:51:43.048, clock=0]
object notification: Tile [id=null, cell=Cell [x=4, y=3], subject=brown, time=2015-08-13 12:51:43.052, clock=0]
object notification: Tile [id=null, cell=Cell [x=4, y=3], subject=brown, time=2015-08-13 12:51:43.052, clock=0]
object notification: Tile [id=null, cell=Cell [x=4, y=3], subject=brown, time=2015-08-13 12:51:43.052, clock=0]
org notification: Tile [id=null, cell=Cell [x=4, y=3], subject=brown, time=2015-08-13 12:51:43.052, clock=0]
object notification: Tile [id=null, cell=Cell [x=4, y=4], subject=white, time=2015-08-13 12:51:43.058, clock=0]
object notification: Tile [id=null, cell=Cell [x=4, y=4], subject=white, time=2015-08-13 12:51:43.058, clock=0]
object notification: Tile [id=null, cell=Cell [x=4, y=5], subject=yellow, time=2015-08-13 12:51:43.063, clock=0]
object notification: Tile [id=null, cell=Cell [x=4, y=5], subject=yellow, time=2015-08-13 12:51:43.063, clock=0]
object notification: Tile [id=null, cell=Cell [x=5, y=0], subject=yellow, time=2015-08-13 12:51:43.067, clock=0]
object notification: Tile [id=null, cell=Cell [x=5, y=0], subject=yellow, time=2015-08-13 12:51:43.067, clock=0]
object notification: Tile [id=null, cell=Cell [x=5, y=1], subject=brown, time=2015-08-13 12:51:43.073, clock=0]
object notification: Tile [id=null, cell=Cell [x=5, y=1], subject=brown, time=2015-08-13 12:51:43.073, clock=0]
org notification: Tile [id=null, cell=Cell [x=4, y=4], subject=white, time=2015-08-13 12:51:43.058, clock=0]
object notification: Tile [id=null, cell=Cell [x=5, y=2], subject=brown, time=2015-08-13 12:51:43.077, clock=0]
object notification: Tile [id=null, cell=Cell [x=5, y=3], subject=yellow, time=2015-08-13 12:51:43.08, clock=0]
object notification: Tile [id=null, cell=Cell [x=5, y=2], subject=brown, time=2015-08-13 12:51:43.077, clock=0]
object notification: Tile [id=null, cell=Cell [x=5, y=4], subject=blue, time=2015-08-13 12:51:43.084, clock=0]
object notification: Tile [id=null, cell=Cell [x=5, y=3], subject=yellow, time=2015-08-13 12:51:43.08, clock=0]
object notification: Tile [id=null, cell=Cell [x=5, y=5], subject=brown, time=2015-08-13 12:51:43.087, clock=0]
object notification: Tile [id=null, cell=Cell [x=5, y=4], subject=blue, time=2015-08-13 12:51:43.084, clock=0]
object notification: Tile [id=null, cell=Cell [x=5, y=5], subject=brown, time=2015-08-13 12:51:43.087, clock=0]
org notification: Tile [id=null, cell=Cell [x=4, y=5], subject=yellow, time=2015-08-13 12:51:43.063, clock=0]
org notification: Tile [id=null, cell=Cell [x=5, y=0], subject=yellow, time=2015-08-13 12:51:43.067, clock=0]
object notification: Tile [id=null, cell=Cell [x=4, y=4], subject=white, time=2015-08-13 12:51:43.058, clock=0]
object notification: Tile [id=null, cell=Cell [x=4, y=5], subject=yellow, time=2015-08-13 12:51:43.063, clock=0]
object notification: Tile [id=null, cell=Cell [x=5, y=0], subject=yellow, time=2015-08-13 12:51:43.067, clock=0]
object notification: Tile [id=null, cell=Cell [x=5, y=1], subject=brown, time=2015-08-13 12:51:43.073, clock=0]
object notification: Tile [id=null, cell=Cell [x=5, y=2], subject=brown, time=2015-08-13 12:51:43.077, clock=0]
org notification: Tile [id=null, cell=Cell [x=5, y=1], subject=brown, time=2015-08-13 12:51:43.073, clock=0]
org notification: Tile [id=null, cell=Cell [x=5, y=2], subject=brown, time=2015-08-13 12:51:43.077, clock=0]
org notification: Tile [id=null, cell=Cell [x=5, y=3], subject=yellow, time=2015-08-13 12:51:43.08, clock=0]
org notification: Tile [id=null, cell=Cell [x=5, y=4], subject=blue, time=2015-08-13 12:51:43.084, clock=0]
object notification: Tile [id=null, cell=Cell [x=5, y=3], subject=yellow, time=2015-08-13 12:51:43.08, clock=0]
object notification: Tile [id=null, cell=Cell [x=5, y=4], subject=blue, time=2015-08-13 12:51:43.084, clock=0]
object notification: Tile [id=null, cell=Cell [x=5, y=5], subject=brown, time=2015-08-13 12:51:43.087, clock=0]
org notification: Tile [id=null, cell=Cell [x=5, y=5], subject=brown, time=2015-08-13 12:51:43.087, clock=0]
org notification: Goal [id=null, cell=Cell [x=3, y=3], agent=null, time=2015-08-13 12:51:43.162, clock=0]
Event processed UpdateTile(brown, 0, 0)
Event processed UpdateTile(brown, 0, 1)
Event processed UpdateTile(brown, 0, 2)
Event processed UpdateTile(yellow, 0, 3)
Event processed UpdateTile(brown, 0, 4)
Event processed UpdateTile(blue, 0, 5)
Event processed UpdateTile(brown, 1, 0)
Event processed UpdateTile(white, 1, 1)
Event processed UpdateTile(white, 1, 2)
Event processed UpdateTile(brown, 1, 3)
Event processed UpdateTile(white, 1, 4)
Event processed UpdateTile(brown, 1, 5)
Event processed UpdateTile(white, 2, 0)
Event processed UpdateTile(white, 2, 1)
Event processed UpdateTile(white, 2, 2)
Event processed UpdateTile(brown, 2, 3)
Event processed UpdateTile(white, 2, 4)
Event processed UpdateTile(brown, 2, 5)
Event processed UpdateTile(white, 3, 0)
Event processed UpdateTile(white, 3, 1)
Event processed UpdateTile(white, 3, 2)
Event processed UpdateTile(brown, 3, 3)
Event processed UpdateTile(white, 3, 4)
Event processed UpdateTile(yellow, 3, 5)
Event processed UpdateTile(brown, 4, 0)
Event processed UpdateTile(white, 4, 1)
Event processed UpdateTile(white, 4, 2)
Event processed UpdateTile(brown, 4, 3)
Event processed UpdateTile(brown, 0, 0)
Event processed UpdateTile(white, 4, 4)
Event processed UpdateTile(brown, 0, 1)
Event processed UpdateTile(brown, 0, 2)
Event processed UpdateTile(yellow, 4, 5)
Event processed UpdateTile(yellow, 0, 3)
Event processed UpdateTile(yellow, 5, 0)
Event processed UpdateTile(brown, 0, 4)
Event processed UpdateTile(brown, 5, 1)
Event processed UpdateTile(brown, 5, 2)
Event processed UpdateTile(blue, 0, 5)
Event processed UpdateTile(yellow, 5, 3)
Event processed UpdateTile(brown, 1, 0)
Event processed UpdateTile(blue, 5, 4)
Event processed UpdateTile(brown, 5, 5)
Event processed UpdateTile(white, 1, 1)
Event processed UpdateTile(white, 1, 2)
Event processed UpdateTile(brown, 1, 3)
Event processed UpdateTile(white, 1, 4)
Event processed UpdateTile(brown, 1, 5)
Event processed UpdateTile(white, 2, 0)
org notification: Position [subject=a10, id=null, cell=Cell [x=0, y=0], time=2015-08-13 12:51:43.292, clock=0]
Event processed UpdateTile(white, 2, 1)
Event processed UpdateTile(white, 2, 2)
Event processed UpdateTile(brown, 2, 3)
Event processed UpdateTile(white, 2, 4)
Event processed UpdateTile(brown, 2, 5)
Event processed UpdateTile(white, 3, 0)
Event processed UpdateTile(white, 3, 1)
Event processed UpdateTile(white, 3, 2)
Event processed UpdateTile(brown, 3, 3)
Event processed UpdateTile(white, 3, 4)
Event processed UpdateTile(yellow, 3, 5)
Event processed UpdateTile(brown, 4, 0)
Event processed UpdateTile(white, 4, 1)
Event processed UpdateTile(white, 4, 2)
Event processed UpdateTile(brown, 4, 3)
Event processed UpdateTile(white, 3, 0)
Event processed UpdateTile(white, 4, 4)
Event processed UpdateTile(white, 3, 1)
Event processed UpdateTile(yellow, 4, 5)
Event processed UpdateTile(white, 3, 2)
Event processed UpdateTile(yellow, 5, 0)
Event processed UpdateTile(brown, 3, 3)
Event processed UpdateTile(brown, 5, 1)
Event processed UpdateTile(white, 3, 4)
Event processed UpdateTile(brown, 5, 2)
Event processed UpdateTile(yellow, 3, 5)
Event processed UpdateTile(brown, 4, 0)
Event processed UpdateTile(yellow, 5, 3)
Event processed UpdateTile(white, 4, 1)
Event processed UpdateTile(blue, 5, 4)
Event processed UpdateTile(white, 4, 2)
Event processed UpdateTile(brown, 5, 5)
Event processed UpdateTile(brown, 4, 3)
Event processed UpdateTile(white, 4, 4)
Event processed UpdateTile(yellow, 4, 5)
Event processed UpdateTile(yellow, 5, 0)
Event processed UpdateTile(brown, 5, 1)
Event processed UpdateTile(brown, 5, 2)
Event processed UpdateTile(yellow, 5, 3)
Event processed UpdateTile(blue, 5, 4)
Event processed UpdateTile(brown, 5, 5)
org notification: Position [subject=a20, id=null, cell=Cell [x=0, y=5], time=2015-08-13 12:51:43.479, clock=0]
object notification: Position [subject=a20, id=null, cell=Cell [x=0, y=5], time=2015-08-13 12:51:43.479, clock=0]
org notification: Position [subject=a30, id=null, cell=Cell [x=5, y=5], time=2015-08-13 12:51:43.611, clock=0]
object notification: Position [subject=a30, id=null, cell=Cell [x=5, y=5], time=2015-08-13 12:51:43.611, clock=0]
org notification: Position [subject=a40, id=null, cell=Cell [x=5, y=0], time=2015-08-13 12:51:43.701, clock=0]
object notification: Position [subject=a40, id=null, cell=Cell [x=5, y=0], time=2015-08-13 12:51:43.701, clock=0]
#########################Game Initialized
AGENT Thread-11: current phase name: Setup Phase
#########################Game Initialized
AGENT Thread-13: current phase name: Setup Phase
we have 0 goals
we have 0 goals
we have GoalWeight: 100  DistWeight: -10  ChipWeight: 5  CommWeight: 0 scoring
we have GoalWeight: 100  DistWeight: -10  ChipWeight: 5  CommWeight: 0 scoring
#########################Game Initialized
AGENT Thread-15: current phase name: Setup Phase
we have 0 goals
we have GoalWeight: 100  DistWeight: -10  ChipWeight: 5  CommWeight: 0 scoring
Event processed UpdatePosition(0, 5, 0)
Event processed UpdatePosition(5, 5, 0)
Event processed UpdatePosition(5, 0, 0)
[CTAH] Agentposition: [0,5]
[CTAH] Agentposition: [5,0]
[CTAH] Agentposition: [5,5]
setPhases in ClientGameStatus, the current phase is Norm Phase
setPhases in ClientGameStatus, the current phase is Norm Phase
setPhases in ClientGameStatus, the current phase is Norm Phase
org notification: Group [name=g, ra=a20, type=raaa, clock=0, time=2015-08-13 12:51:45.731]
object notification: Obligation [subject=a20, obligation=[surround(3, 3)], sanction=[reduce(g, 700)], deadline=20, time=2015-08-13 12:51:45.744, clock=0]
object notification: Obligation [subject=a20, obligation=[makeMove(0, 5, a20)], sanction=[reduce(a20, 200)], deadline=15, time=2015-08-13 12:51:45.782, clock=0]
object notification: Obligation [subject=a30, obligation=[makeMove(5, 5, a30)], sanction=[reduce(a30, 200)], deadline=15, time=2015-08-13 12:51:45.788, clock=0]
object notification: Obligation [subject=a40, obligation=[makeMove(5, 0, a40)], sanction=[reduce(a40, 200)], deadline=15, time=2015-08-13 12:51:45.795, clock=0]
object notification: Prohibition [subject=a20, prohibition=[restrictPlayer(a20)], sanction=[reduce(a20, 300)], clock=0, time=2015-08-13 12:51:45.807]
Event processed adoptObligation(surround(3, 3), 20, reduce(g, 700))
Event processed adoptObligation(makeMove(0, 5, a20), 15, reduce(a20, 200))
Event processed adoptProhibition(restrictPlayer(a20), reduce(a20, 300))
Event processed adoptObligation(makeMove(5, 5, a30), 15, reduce(a30, 200))
Event processed adoptObligation(makeMove(5, 0, a40), 15, reduce(a40, 200))
obligation to be adopted: makeMove(5, 0, 200) : 13 Aug 2015 12:08:26 GMT, priority 10
obligation to be adopted: surround(3, 3, 700) : 13 Aug 2015 12:08:26 GMT, priority 10
obligation to be adopted: makeMove(0, 5, 200) : 13 Aug 2015 12:08:26 GMT, priority 10
obligation to be adopted: makeMove(5, 5, 200) : 13 Aug 2015 12:08:26 GMT, priority 10
agent writes: SetGoal [id=null, agent=a40, cell=Cell [x=3, y=2], goal=Cell [x=3, y=3], sanction=100, clock=0, time=2015-08-13 12:51:46.598]
org notification: SetGoal [id=null, agent=a40, cell=Cell [x=3, y=2], goal=Cell [x=3, y=3], sanction=100, clock=0, time=2015-08-13 12:51:46.598]
object notification: Obligation [subject=a40, obligation=[at(3, 2, a40)], sanction=[reduce(a40, 600)], deadline=16, time=2015-08-13 12:51:46.607, clock=0]
Event processed adoptObligation(at(3, 2, a40), 16, reduce(a40, 600))
agent writes: SetGoal [id=null, agent=a30, cell=Cell [x=2, y=3], goal=Cell [x=3, y=3], sanction=100, clock=0, time=2015-08-13 12:51:46.712]
org notification: SetGoal [id=null, agent=a30, cell=Cell [x=2, y=3], goal=Cell [x=3, y=3], sanction=100, clock=0, time=2015-08-13 12:51:46.712]
object notification: Obligation [subject=a30, obligation=[at(2, 3, a30)], sanction=[reduce(a30, 600)], deadline=16, time=2015-08-13 12:51:46.717, clock=0]
agent writes: SetGoal [id=null, agent=a20, cell=Cell [x=4, y=3], goal=Cell [x=3, y=3], sanction=100, clock=0, time=2015-08-13 12:51:46.814]
org notification: SetGoal [id=null, agent=a20, cell=Cell [x=4, y=3], goal=Cell [x=3, y=3], sanction=100, clock=0, time=2015-08-13 12:51:46.814]
object notification: Obligation [subject=a20, obligation=[at(4, 3, a20)], sanction=[reduce(a20, 600)], deadline=16, time=2015-08-13 12:51:46.818, clock=0]
Event processed adoptObligation(at(2, 3, a30), 16, reduce(a30, 600))
obligation to be adopted: at(3, 2, 600) : 13 Aug 2015 12:08:26 GMT, priority 10
Event processed adoptObligation(at(4, 3, a20), 16, reduce(a20, 600))
agent writes: SetGoal [id=null, agent=a10, cell=Cell [x=3, y=4], goal=Cell [x=3, y=3], sanction=100, clock=0, time=2015-08-13 12:51:46.947]
org notification: SetGoal [id=null, agent=a10, cell=Cell [x=3, y=4], goal=Cell [x=3, y=3], sanction=100, clock=0, time=2015-08-13 12:51:46.947]
obligation to be adopted: at(2, 3, 600) : 13 Aug 2015 12:08:26 GMT, priority 10
agent writes: Color [id=null, color=white, agent=a10, type=no, sanction=500, time=2015-08-13 12:51:47.09, clock=0]
obligation to be adopted: at(4, 3, 600) : 13 Aug 2015 12:08:26 GMT, priority 10
org notification: Color [id=null, color=white, agent=a10, type=no, sanction=500, time=2015-08-13 12:51:47.09, clock=0]
agent writes: Color [id=null, color=white, agent=a20, type=no, sanction=500, time=2015-08-13 12:51:47.204, clock=0]
org notification: Color [id=null, color=white, agent=a20, type=no, sanction=500, time=2015-08-13 12:51:47.204, clock=0]
object notification: Prohibition [subject=a20, prohibition=[color(white, a20)], sanction=[reduce(a20, 500)], clock=0, time=2015-08-13 12:51:47.208]
Event processed adoptProhibition(color(white, a20), reduce(a20, 500))
agent writes: Color [id=null, color=white, agent=a30, type=no, sanction=500, time=2015-08-13 12:51:47.291, clock=0]
org notification: Color [id=null, color=white, agent=a30, type=no, sanction=500, time=2015-08-13 12:51:47.291, clock=0]
object notification: Prohibition [subject=a30, prohibition=[color(white, a30)], sanction=[reduce(a30, 500)], clock=0, time=2015-08-13 12:51:47.295]
agent writes: Color [id=null, color=white, agent=a40, type=no, sanction=500, time=2015-08-13 12:51:47.379, clock=0]
org notification: Color [id=null, color=white, agent=a40, type=no, sanction=500, time=2015-08-13 12:51:47.379, clock=0]
Event processed adoptProhibition(color(white, a30), reduce(a30, 500))
object notification: Prohibition [subject=a40, prohibition=[color(white, a40)], sanction=[reduce(a40, 500)], clock=0, time=2015-08-13 12:51:47.382]
Event processed adoptProhibition(color(white, a40), reduce(a40, 500))
org notification: Time [clock=1, time=2015-08-13 12:51:55.744]
object notification: Time [clock=1, time=2015-08-13 12:51:55.744]
object notification: Time [clock=1, time=2015-08-13 12:51:55.744]
object notification: Time [clock=1, time=2015-08-13 12:51:55.744]
Event processed UpdateClock(1)
Event processed UpdateClock(1)
Event processed UpdateClock(1)
org notification: Time [clock=2, time=2015-08-13 12:52:05.747]
object notification: Time [clock=2, time=2015-08-13 12:52:05.747]
object notification: Time [clock=2, time=2015-08-13 12:52:05.747]
object notification: Time [clock=2, time=2015-08-13 12:52:05.747]
Event processed UpdateClock(2)
Event processed UpdateClock(2)
Event processed UpdateClock(2)
org notification: Time [clock=3, time=2015-08-13 12:52:15.751]
object notification: Time [clock=3, time=2015-08-13 12:52:15.751]
object notification: Time [clock=3, time=2015-08-13 12:52:15.751]
object notification: Time [clock=3, time=2015-08-13 12:52:15.751]
Event processed UpdateClock(3)
Event processed UpdateClock(3)
Event processed UpdateClock(3)
org notification: Time [clock=4, time=2015-08-13 12:52:25.753]
object notification: Time [clock=4, time=2015-08-13 12:52:25.753]
object notification: Time [clock=4, time=2015-08-13 12:52:25.753]
object notification: Time [clock=4, time=2015-08-13 12:52:25.753]
Event processed UpdateClock(4)
Event processed UpdateClock(4)
Event processed UpdateClock(4)
object notification: Time [clock=5, time=2015-08-13 12:52:35.755]
org notification: Time [clock=5, time=2015-08-13 12:52:35.755]
object notification: Time [clock=5, time=2015-08-13 12:52:35.755]
object notification: Time [clock=5, time=2015-08-13 12:52:35.755]
Event processed UpdateClock(5)
Event processed UpdateClock(5)
Event processed UpdateClock(5)
org notification: Time [clock=6, time=2015-08-13 12:52:45.757]
object notification: Time [clock=6, time=2015-08-13 12:52:45.757]
object notification: Time [clock=6, time=2015-08-13 12:52:45.757]
object notification: Time [clock=6, time=2015-08-13 12:52:45.757]
Event processed UpdateClock(6)
Event processed UpdateClock(6)
Event processed UpdateClock(6)
org notification: Time [clock=7, time=2015-08-13 12:52:55.758]
object notification: Time [clock=7, time=2015-08-13 12:52:55.758]
object notification: Time [clock=7, time=2015-08-13 12:52:55.758]
object notification: Time [clock=7, time=2015-08-13 12:52:55.758]
Event processed UpdateClock(7)
Event processed UpdateClock(7)
Event processed UpdateClock(7)
org notification: Time [clock=8, time=2015-08-13 12:53:05.761]
object notification: Time [clock=8, time=2015-08-13 12:53:05.761]
object notification: Time [clock=8, time=2015-08-13 12:53:05.761]
object notification: Time [clock=8, time=2015-08-13 12:53:05.761]
Event processed UpdateClock(8)
Event processed UpdateClock(8)
Event processed UpdateClock(8)
org notification: Time [clock=9, time=2015-08-13 12:53:15.762]
object notification: Time [clock=9, time=2015-08-13 12:53:15.762]
object notification: Time [clock=9, time=2015-08-13 12:53:15.762]
object notification: Time [clock=9, time=2015-08-13 12:53:15.762]
Event processed UpdateClock(9)
Event processed UpdateClock(9)
Event processed UpdateClock(9)
object notification: Time [clock=10, time=2015-08-13 12:53:25.765]
object notification: Time [clock=10, time=2015-08-13 12:53:25.765]
org notification: Time [clock=10, time=2015-08-13 12:53:25.765]
object notification: Time [clock=10, time=2015-08-13 12:53:25.765]
Event processed UpdateClock(10)
Event processed UpdateClock(10)
Event processed UpdateClock(10)
org notification: Time [clock=11, time=2015-08-13 12:53:35.767]
object notification: Time [clock=11, time=2015-08-13 12:53:35.767]
object notification: Time [clock=11, time=2015-08-13 12:53:35.767]
object notification: Time [clock=11, time=2015-08-13 12:53:35.767]
Event processed UpdateClock(11)
Event processed UpdateClock(11)
Event processed UpdateClock(11)
org notification: Time [clock=12, time=2015-08-13 12:53:45.769]
object notification: Time [clock=12, time=2015-08-13 12:53:45.769]
object notification: Time [clock=12, time=2015-08-13 12:53:45.769]
object notification: Time [clock=12, time=2015-08-13 12:53:45.769]
setPhases in ClientGameStatus, the current phase is Movement Phase
setPhases in ClientGameStatus, the current phase is Movement Phase
setPhases in ClientGameStatus, the current phase is Movement Phase
Event processed UpdateClock(12)
Event processed UpdateClock(12)
Event processed UpdateClock(12)
Event processed @ctenv(functionToList(message(phasechange)),LIST,0); if B(LIST=[actionresult([TYPE,ID,RESPONSE])]) then if B(TYPE=response) then ReceivedResponse(RESPONSE, ID) else if B(LIST=[actionresult([TYPE])]) then ReceivedEvent(TYPE) else if B(LIST=[actionresult([TYPE,AGENT,ID,RESPONSE])]) then if B(TYPE=proposal) then ReceivedProposal(AGENT, ID, RESPONSE)
[CTAH] Array of Terms: [Lapapl.data.Term;@7c0d09c2
[CTAH] The created APLList : [phasechange]
Event processed @ctenv(functionToList(message(phasechange)),LIST,0); if B(LIST=[actionresult([TYPE,ID,RESPONSE])]) then if B(TYPE=response) then ReceivedResponse(RESPONSE, ID) else if B(LIST=[actionresult([TYPE])]) then ReceivedEvent(TYPE) else if B(LIST=[actionresult([TYPE,AGENT,ID,RESPONSE])]) then if B(TYPE=proposal) then ReceivedProposal(AGENT, ID, RESPONSE)
[CTAH] Array of Terms: [Lapapl.data.Term;@27df47f3
[CTAH] The created APLList : [phasechange]
Event processed @ctenv(functionToList(message(phasechange)),LIST,0); if B(LIST=[actionresult([TYPE,ID,RESPONSE])]) then if B(TYPE=response) then ReceivedResponse(RESPONSE, ID) else if B(LIST=[actionresult([TYPE])]) then ReceivedEvent(TYPE) else if B(LIST=[actionresult([TYPE,AGENT,ID,RESPONSE])]) then if B(TYPE=proposal) then ReceivedProposal(AGENT, ID, RESPONSE)
[CTAH] Array of Terms: [Lapapl.data.Term;@6612faa0
[CTAH] The created APLList : [phasechange]
a30[CTAH] going goal: 2,3 color: white
a20[CTAH] going goal: 4,3 color: white
a40[CTAH] going goal: 3,2 color: white
a20[CTAH] paths: 1000
a20[CTAH] going goal: 4,3 color: white
a30[CTAH] paths: 1000
a30[CTAH] going goal: 2,3 color: white
org notification: Time [clock=13, time=2015-08-13 12:53:55.773]
object notification: Time [clock=13, time=2015-08-13 12:53:55.773]
object notification: Time [clock=13, time=2015-08-13 12:53:55.773]
object notification: Time [clock=13, time=2015-08-13 12:53:55.773]
a20[CTAH] paths: 1000
Event processed UpdateClock(13)
a20[CTAH] going goal: 4,3 color: white
a40[CTAH] paths: 1000
a40[CTAH] going goal: 3,2 color: white
a30[CTAH] paths: 1000
Event processed UpdateClock(13)
a30[CTAH] going goal: 2,3 color: white
a20[CTAH] paths: 1000
a20[CTAH] going goal: 4,3 color: white
a30[CTAH] paths: 1000
a30[CTAH] going goal: 2,3 color: white
org notification: Time [clock=14, time=2015-08-13 12:54:05.78]
object notification: Time [clock=14, time=2015-08-13 12:54:05.78]
object notification: Time [clock=14, time=2015-08-13 12:54:05.78]
object notification: Time [clock=14, time=2015-08-13 12:54:05.78]
a20[CTAH] paths: 1000
Event processed UpdateClock(14)
a20[CTAH] going goal: 4,3 color: white
a40[CTAH] paths: 1000
Event processed UpdateClock(13)
Event processed UpdateClock(14)
a40[CTAH] going goal: 3,2 color: white
a30[CTAH] paths: 1000
Event processed UpdateClock(14)
a30[CTAH] going goal: 2,3 color: white
a20[CTAH] paths: 1000
a20[CTAH] going goal: 4,3 color: white
org notification: Time [clock=15, time=2015-08-13 12:54:15.783]
object notification: Time [clock=15, time=2015-08-13 12:54:15.783]
object notification: Time [clock=15, time=2015-08-13 12:54:15.783]
object notification: Time [clock=15, time=2015-08-13 12:54:15.783]
a20[CTAH] paths: 1000
a30[CTAH] paths: 1000
a30[CTAH] going goal: 2,3 color: white
Event processed UpdateClock(15)
a20[CTAH] going goal: 4,3 color: white
a40[CTAH] paths: 1000
a40[CTAH] going goal: 3,2 color: white
a20[CTAH] paths: 1000
a20[CTAH] going goal: 4,3 color: white
a30[CTAH] paths: 1000
Event processed UpdateClock(15)
a30[CTAH] going goal: 2,3 color: white
a20[CTAH] paths: 1000
a20[CTAH] going goal: 4,3 color: white
object notification: Time [clock=16, time=2015-08-13 12:54:25.787]
org notification: Time [clock=16, time=2015-08-13 12:54:25.787]
object notification: Time [clock=16, time=2015-08-13 12:54:25.787]
object notification: Time [clock=16, time=2015-08-13 12:54:25.787]
object notification: Points [subject=a20, time=2015-08-13 12:54:25.812, clock=16, value=800, id=null]
object notification: Points [subject=a30, time=2015-08-13 12:54:25.819, clock=16, value=800, id=null]
object notification: Points [subject=a40, time=2015-08-13 12:54:25.836, clock=16, value=800, id=null]
a40[CTAH] paths: 1000
Event processed UpdateClock(15)
Event processed UpdateClock(16)
Event processed UpdatePoints(800)
a40[CTAH] going goal: 3,2 color: white
a30[CTAH] paths: 1000
a30[CTAH] going goal: 2,3 color: white
a20[CTAH] paths: 1000
a20[CTAH] going goal: 4,3 color: white
a30[CTAH] paths: 1000
Event processed UpdateClock(16)
Event processed UpdatePoints(800)
a30[CTAH] going goal: 2,3 color: white
a20[CTAH] paths: 1000
Event processed UpdateClock(16)
Event processed UpdatePoints(800)
a20[CTAH] going goal: 4,3 color: white
a40[CTAH] paths: 1000
a40[CTAH] going goal: 3,2 color: white
org notification: Time [clock=17, time=2015-08-13 12:54:35.791]
object notification: Time [clock=17, time=2015-08-13 12:54:35.791]
object notification: Time [clock=17, time=2015-08-13 12:54:35.791]
object notification: Time [clock=17, time=2015-08-13 12:54:35.791]
a30[CTAH] paths: 1000
a30[CTAH] going goal: 2,3 color: white
a20[CTAH] paths: 1000
a20[CTAH] going goal: 4,3 color: white
