2015-05-21 18:39:50,314 CONFIG [com.gigaspaces.logger] - Log file: /Users/dxd/git/ct3/logs/2015-05-21~18.39-gigaspaces-service-192.168.1.103-4238.log
-------------------------last log tuples start--------------------------------
Prohibition [subject=a40, prohibition=[rejectRequests(a40)], sanction=[reduce(a40, 500)], clock=3, time=2015-05-21 18:39:09.612]
Time [clock=6, time=2015-05-21 18:39:38.675]
Prohibition [subject=a10, prohibition=[rejectRequests(a10)], sanction=[reduce(a10, 500)], clock=3, time=2015-05-21 18:39:09.593]
Time [clock=1, time=2015-05-21 18:38:48.596]
Prohibition [subject=a20, prohibition=[rejectRequests(a20)], sanction=[reduce(a20, 500)], clock=3, time=2015-05-21 18:39:09.6]
Prohibition [subject=a20, prohibition=[moveTooFast(a20)], sanction=[reduce(a20, 300)], clock=3, time=2015-05-21 18:39:09.616]
Prohibition [subject=a40, prohibition=[moveTooFast(a40)], sanction=[reduce(a40, 300)], clock=3, time=2015-05-21 18:39:09.622]
Time [clock=4, time=2015-05-21 18:39:18.672]
Time [clock=2, time=2015-05-21 18:38:58.666]
Time [clock=5, time=2015-05-21 18:39:28.674]
Time [clock=3, time=2015-05-21 18:39:08.669]
Prohibition [subject=a30, prohibition=[rejectRequests(a30)], sanction=[reduce(a30, 500)], clock=3, time=2015-05-21 18:39:09.607]
Prohibition [subject=a30, prohibition=[moveTooFast(a30)], sanction=[reduce(a30, 300)], clock=3, time=2015-05-21 18:39:09.619]
Prohibition [subject=a10, prohibition=[moveTooFast(a10)], sanction=[reduce(a10, 300)], clock=3, time=2015-05-21 18:39:09.614]
-------------------------last log tuples end----------------------------------
[CTAH] started agent 10
[CTAH] Added a new agent to the game by the name of 10.
[ENV] added agent a10
[CTAH] started agent 30
[CTAH] Added a new agent to the game by the name of 30.
[ENV] added agent a30
[CTAH] started agent 40
[CTAH] Added a new agent to the game by the name of 40.
[ENV] added agent a40
#########################Game started
#########################Game started
#########################Game started
setPhases in ClientGameStatus, the current phase is 
setPhases in ClientGameStatus, the current phase is 
setPhases in ClientGameStatus, the current phase is 
setPhases in ClientGameStatus, the current phase is Norm Phase
setPhases in ClientGameStatus, the current phase is Norm Phase
setPhases in ClientGameStatus, the current phase is Norm Phase
object notification: Tile [id=null, cell=Cell [x=0, y=0], subject=brown, time=2015-05-21 18:40:01.245, clock=0]
Event sent to agent      a30 tile(brown, 0, 0, 0)
object notification: Tile [id=null, cell=Cell [x=0, y=0], subject=brown, time=2015-05-21 18:40:01.245, clock=0]
Event sent to agent      a40 tile(brown, 0, 0, 0)
org notification: Tile [id=null, cell=Cell [x=0, y=0], subject=brown, time=2015-05-21 18:40:01.245, clock=0]
org notified sent tile(cell(0,0),brown,0).
object notification: Tile [id=null, cell=Cell [x=0, y=0], subject=brown, time=2015-05-21 18:40:01.245, clock=0]
Event sent to agent      a10 tile(brown, 0, 0, 0)
Organization notifies object (write): Prohibition [subject=a10, prohibition=[rejectRequests(a10)], sanction=[reduce(a10, 500)], clock=0, time=2015-05-21 18:40:01.28]
object notification: Tile [id=null, cell=Cell [x=0, y=1], subject=brown, time=2015-05-21 18:40:01.275, clock=0]
Event sent to agent      a10 tile(brown, 0, 1, 0)
object notification: Tile [id=null, cell=Cell [x=0, y=2], subject=white, time=2015-05-21 18:40:01.277, clock=0]
Event sent to agent      a10 tile(white, 0, 2, 0)
object notification: Tile [id=null, cell=Cell [x=0, y=3], subject=yellow, time=2015-05-21 18:40:01.281, clock=0]
Event sent to agent      a10 tile(yellow, 0, 3, 0)
object notification: Tile [id=null, cell=Cell [x=0, y=4], subject=brown, time=2015-05-21 18:40:01.283, clock=0]
Event sent to agent      a10 tile(brown, 0, 4, 0)
object notification: Tile [id=null, cell=Cell [x=0, y=1], subject=brown, time=2015-05-21 18:40:01.275, clock=0]
Event sent to agent      a40 tile(brown, 0, 1, 0)
object notification: Tile [id=null, cell=Cell [x=0, y=2], subject=white, time=2015-05-21 18:40:01.277, clock=0]
Event sent to agent      a40 tile(white, 0, 2, 0)
object notification: Tile [id=null, cell=Cell [x=1, y=0], subject=brown, time=2015-05-21 18:40:01.285, clock=0]
Event sent to agent      a10 tile(brown, 1, 0, 0)
object notification: Tile [id=null, cell=Cell [x=0, y=1], subject=brown, time=2015-05-21 18:40:01.275, clock=0]
Event sent to agent      a30 tile(brown, 0, 1, 0)
object notification: Tile [id=null, cell=Cell [x=0, y=2], subject=white, time=2015-05-21 18:40:01.277, clock=0]
object notification: Tile [id=null, cell=Cell [x=0, y=3], subject=yellow, time=2015-05-21 18:40:01.281, clock=0]
Event sent to agent      a30 tile(white, 0, 2, 0)
Event sent to agent      a40 tile(yellow, 0, 3, 0)
object notification: Tile [id=null, cell=Cell [x=0, y=3], subject=yellow, time=2015-05-21 18:40:01.281, clock=0]
Event sent to agent      a30 tile(yellow, 0, 3, 0)
Organization notifies object (write): Prohibition [subject=a20, prohibition=[rejectRequests(a20)], sanction=[reduce(a20, 500)], clock=0, time=2015-05-21 18:40:01.3]
object notification: Tile [id=null, cell=Cell [x=0, y=4], subject=brown, time=2015-05-21 18:40:01.283, clock=0]
Event sent to agent      a40 tile(brown, 0, 4, 0)
object notification: Tile [id=null, cell=Cell [x=0, y=4], subject=brown, time=2015-05-21 18:40:01.283, clock=0]
Event sent to agent      a30 tile(brown, 0, 4, 0)
object notification: Tile [id=null, cell=Cell [x=1, y=0], subject=brown, time=2015-05-21 18:40:01.285, clock=0]
Event sent to agent      a40 tile(brown, 1, 0, 0)
object notification: Tile [id=null, cell=Cell [x=1, y=0], subject=brown, time=2015-05-21 18:40:01.285, clock=0]
Event sent to agent      a30 tile(brown, 1, 0, 0)
Organization notifies object (write): Prohibition [subject=a30, prohibition=[rejectRequests(a30)], sanction=[reduce(a30, 500)], clock=0, time=2015-05-21 18:40:01.305]
object notification: Prohibition [subject=a10, prohibition=[rejectRequests(a10)], sanction=[reduce(a10, 500)], clock=0, time=2015-05-21 18:40:01.28]
Event sent to agent      a10 prohibition([rejectRequests(a10)], [reduce(a10, 500)])
object notification: Tile [id=null, cell=Cell [x=1, y=1], subject=yellow, time=2015-05-21 18:40:01.287, clock=0]
Event sent to agent      a40 tile(yellow, 1, 1, 0)
Organization notifies object (write): Prohibition [subject=a40, prohibition=[rejectRequests(a40)], sanction=[reduce(a40, 500)], clock=0, time=2015-05-21 18:40:01.312]
object notification: Tile [id=null, cell=Cell [x=1, y=1], subject=yellow, time=2015-05-21 18:40:01.287, clock=0]
object notification: Tile [id=null, cell=Cell [x=1, y=1], subject=yellow, time=2015-05-21 18:40:01.287, clock=0]
Event sent to agent      a10 tile(yellow, 1, 1, 0)
Event sent to agent      a30 tile(yellow, 1, 1, 0)
object notification: Tile [id=null, cell=Cell [x=1, y=2], subject=white, time=2015-05-21 18:40:01.29, clock=0]
Event sent to agent      a40 tile(white, 1, 2, 0)
Organization notifies object (write): Prohibition [subject=a10, prohibition=[moveTooFast(a10)], sanction=[reduce(a10, 300)], clock=1, time=2015-05-21 18:40:01.319]
object notification: Tile [id=null, cell=Cell [x=1, y=2], subject=white, time=2015-05-21 18:40:01.29, clock=0]
Event sent to agent      a30 tile(white, 1, 2, 0)
object notification: Tile [id=null, cell=Cell [x=1, y=2], subject=white, time=2015-05-21 18:40:01.29, clock=0]
Event sent to agent      a10 tile(white, 1, 2, 0)
Organization notifies object (write): Prohibition [subject=a20, prohibition=[moveTooFast(a20)], sanction=[reduce(a20, 300)], clock=1, time=2015-05-21 18:40:01.325]
Organization notifies object (write): Prohibition [subject=a30, prohibition=[moveTooFast(a30)], sanction=[reduce(a30, 300)], clock=1, time=2015-05-21 18:40:01.333]
Organization notifies object (write): Prohibition [subject=a40, prohibition=[moveTooFast(a40)], sanction=[reduce(a40, 300)], clock=1, time=2015-05-21 18:40:01.344]
object notification: Tile [id=null, cell=Cell [x=1, y=3], subject=white, time=2015-05-21 18:40:01.304, clock=0]
object notification: Tile [id=null, cell=Cell [x=1, y=3], subject=white, time=2015-05-21 18:40:01.304, clock=0]
Event sent to agent      a40 tile(white, 1, 3, 0)
Event sent to agent      a30 tile(white, 1, 3, 0)
object notification: Tile [id=null, cell=Cell [x=1, y=3], subject=white, time=2015-05-21 18:40:01.304, clock=0]
Event sent to agent      a10 tile(white, 1, 3, 0)
object notification: Tile [id=null, cell=Cell [x=1, y=4], subject=blue, time=2015-05-21 18:40:01.312, clock=0]
Event sent to agent      a40 tile(blue, 1, 4, 0)
object notification: Prohibition [subject=a30, prohibition=[rejectRequests(a30)], sanction=[reduce(a30, 500)], clock=0, time=2015-05-21 18:40:01.305]
Event sent to agent      a30 prohibition([rejectRequests(a30)], [reduce(a30, 500)])
object notification: Tile [id=null, cell=Cell [x=1, y=4], subject=blue, time=2015-05-21 18:40:01.312, clock=0]
Event sent to agent      a30 tile(blue, 1, 4, 0)
object notification: Tile [id=null, cell=Cell [x=1, y=4], subject=blue, time=2015-05-21 18:40:01.312, clock=0]
Event sent to agent      a10 tile(blue, 1, 4, 0)
object notification: Prohibition [subject=a40, prohibition=[rejectRequests(a40)], sanction=[reduce(a40, 500)], clock=0, time=2015-05-21 18:40:01.312]
Event sent to agent      a40 prohibition([rejectRequests(a40)], [reduce(a40, 500)])
org notification: Tile [id=null, cell=Cell [x=0, y=1], subject=brown, time=2015-05-21 18:40:01.275, clock=0]
org notified sent tile(cell(0,1),brown,0).
org notification: Tile [id=null, cell=Cell [x=0, y=2], subject=white, time=2015-05-21 18:40:01.277, clock=0]
org notified sent tile(cell(0,2),white,0).
org notification: Tile [id=null, cell=Cell [x=0, y=3], subject=yellow, time=2015-05-21 18:40:01.281, clock=0]
org notified sent tile(cell(0,3),yellow,0).
org notification: Tile [id=null, cell=Cell [x=0, y=4], subject=brown, time=2015-05-21 18:40:01.283, clock=0]
org notified sent tile(cell(0,4),brown,0).
org notification: Tile [id=null, cell=Cell [x=1, y=0], subject=brown, time=2015-05-21 18:40:01.285, clock=0]
org notified sent tile(cell(1,0),brown,0).
org notification: Tile [id=null, cell=Cell [x=1, y=1], subject=yellow, time=2015-05-21 18:40:01.287, clock=0]
org notified sent tile(cell(1,1),yellow,0).
org notification: Tile [id=null, cell=Cell [x=1, y=2], subject=white, time=2015-05-21 18:40:01.29, clock=0]
org notified sent tile(cell(1,2),white,0).
org notification: Tile [id=null, cell=Cell [x=1, y=3], subject=white, time=2015-05-21 18:40:01.304, clock=0]
org notified sent tile(cell(1,3),white,0).
#########################Game Initialized
AGENT Thread-14: current phase name: Norm Phase
we have 1 goals
we have GoalWeight: 100  DistWeight: -10  ChipWeight: 5  CommWeight: 0 scoring
#########################Game Initialized
AGENT Thread-12: current phase name: Norm Phase
we have 1 goals
we have GoalWeight: 100  DistWeight: -10  ChipWeight: 5  CommWeight: 0 scoring
#########################Game Initialized
AGENT Thread-16: current phase name: Norm Phase
we have 1 goals
we have GoalWeight: 100  DistWeight: -10  ChipWeight: 5  CommWeight: 0 scoring
org notification: Tile [id=null, cell=Cell [x=1, y=4], subject=blue, time=2015-05-21 18:40:01.312, clock=0]
org notified sent tile(cell(1,4),blue,0).
Event processed @ctenv(functionToList(message(game_initialized)),LIST,0); if B(LIST=[actionresult([TYPE,ID])]) then if B(TYPE=proposal) then {ReceivedMessage(TYPE, ID, open); adopta(received(TYPE, ID, closed) : Infinite, priority 1)} else if B(LIST=[actionresult([TYPE,ID,RESPONSE])]) then if B(TYPE=response) then ReceivedMessage(RESPONSE, ID) else if B(LIST=[actionresult([TYPE])]) then ReceivedEvent(TYPE) else if B(LIST=[actionresult([TYPE,AGENT,ID,RESPONSE])]) then if B(TYPE=proposal) then ReceivedProposal(AGENT, ID, RESPONSE)
Event processed UpdateTile(brown, 0, 0)
Event processed @ctenv(functionToList(message(game_initialized)),LIST,0); if B(LIST=[actionresult([TYPE,ID])]) then if B(TYPE=proposal) then {ReceivedMessage(TYPE, ID, open); adopta(received(TYPE, ID, closed) : Infinite, priority 1)} else if B(LIST=[actionresult([TYPE,ID,RESPONSE])]) then if B(TYPE=response) then ReceivedMessage(RESPONSE, ID) else if B(LIST=[actionresult([TYPE])]) then ReceivedEvent(TYPE) else if B(LIST=[actionresult([TYPE,AGENT,ID,RESPONSE])]) then if B(TYPE=proposal) then ReceivedProposal(AGENT, ID, RESPONSE)
Event processed @ctenv(functionToList(message(game_initialized)),LIST,0); if B(LIST=[actionresult([TYPE,ID])]) then if B(TYPE=proposal) then {ReceivedMessage(TYPE, ID, open); adopta(received(TYPE, ID, closed) : Infinite, priority 1)} else if B(LIST=[actionresult([TYPE,ID,RESPONSE])]) then if B(TYPE=response) then ReceivedMessage(RESPONSE, ID) else if B(LIST=[actionresult([TYPE])]) then ReceivedEvent(TYPE) else if B(LIST=[actionresult([TYPE,AGENT,ID,RESPONSE])]) then if B(TYPE=proposal) then ReceivedProposal(AGENT, ID, RESPONSE)
Event processed UpdateTile(brown, 0, 0)
Event processed UpdateTile(brown, 0, 1)
Event processed UpdateTile(white, 0, 2)
Event processed UpdateTile(brown, 0, 1)
Event processed UpdateTile(yellow, 0, 3)
Event processed UpdateTile(white, 0, 2)
Event processed UpdateTile(brown, 0, 0)
Event processed UpdateTile(yellow, 0, 3)
Event processed UpdateTile(brown, 0, 4)
Event processed UpdateTile(brown, 0, 4)
Event processed UpdateTile(brown, 1, 0)
Event processed UpdateTile(brown, 1, 0)
Event processed UpdateTile(yellow, 1, 1)
Event processed adoptProhibition(rejectRequests(a10), reduce(a10, 500))
Event processed UpdateTile(brown, 0, 1)
Event processed UpdateTile(white, 1, 2)
Event processed UpdateTile(yellow, 1, 1)
Event processed UpdateTile(white, 0, 2)
Event processed UpdateTile(white, 1, 3)
Event processed UpdateTile(yellow, 0, 3)
Event processed UpdateTile(blue, 1, 4)
Event processed adoptProhibition(rejectRequests(a40), reduce(a40, 500))
Event processed UpdateTile(brown, 0, 4)
Event processed UpdateTile(brown, 1, 0)
Event processed UpdateTile(yellow, 1, 1)
Event processed UpdateTile(white, 1, 2)
Event processed UpdateTile(white, 1, 2)
Event processed UpdateTile(white, 1, 3)
Event processed UpdateTile(white, 1, 3)
Event processed adoptProhibition(rejectRequests(a30), reduce(a30, 500))
Event processed UpdateTile(blue, 1, 4)
Event processed UpdateTile(blue, 1, 4)
[CTAH] Array of Terms: [Lapapl.data.Term;@1162bd90
[CTAH] The created APLList : [game_initialized]
[CTAH] Array of Terms: [Lapapl.data.Term;@4da84fae
[CTAH] The created APLList : [game_initialized]
[CTAH] Array of Terms: [Lapapl.data.Term;@3b9c5ce6
[CTAH] The created APLList : [game_initialized]
org notification: Tile [id=null, cell=Cell [x=2, y=0], subject=white, time=2015-05-21 18:40:01.317, clock=0]
org notified sent tile(cell(2,0),white,0).
object notification: Prohibition [subject=a10, prohibition=[moveTooFast(a10)], sanction=[reduce(a10, 300)], clock=1, time=2015-05-21 18:40:01.319]
object notification: Tile [id=null, cell=Cell [x=2, y=0], subject=white, time=2015-05-21 18:40:01.317, clock=0]
Event sent to agent      a10 prohibition([moveTooFast(a10)], [reduce(a10, 300)])
Event sent to agent      a40 tile(white, 2, 0, 0)
object notification: Tile [id=null, cell=Cell [x=2, y=0], subject=white, time=2015-05-21 18:40:01.317, clock=0]
Event sent to agent      a30 tile(white, 2, 0, 0)
object notification: Tile [id=null, cell=Cell [x=2, y=0], subject=white, time=2015-05-21 18:40:01.317, clock=0]
Event sent to agent      a10 tile(white, 2, 0, 0)
Event processed adoptProhibition(moveTooFast(a10), reduce(a10, 300))
Event processed UpdateTile(white, 2, 0)
Event processed UpdateTile(white, 2, 0)
Event processed UpdateTile(white, 2, 0)
object notification: Tile [id=null, cell=Cell [x=2, y=1], subject=white, time=2015-05-21 18:40:01.328, clock=0]
Event sent to agent      a10 tile(white, 2, 1, 0)
object notification: Tile [id=null, cell=Cell [x=2, y=1], subject=white, time=2015-05-21 18:40:01.328, clock=0]
Event sent to agent      a30 tile(white, 2, 1, 0)
object notification: Tile [id=null, cell=Cell [x=2, y=2], subject=brown, time=2015-05-21 18:40:01.333, clock=0]
Event sent to agent      a10 tile(brown, 2, 2, 0)
org notification: Time [clock=1, time=2015-05-21 18:40:01.314]
org notified sent time(1).
object notification: Tile [id=null, cell=Cell [x=2, y=2], subject=brown, time=2015-05-21 18:40:01.333, clock=0]
Event sent to agent      a30 tile(brown, 2, 2, 0)
org notification: Tile [id=null, cell=Cell [x=2, y=1], subject=white, time=2015-05-21 18:40:01.328, clock=0]
org notified sent tile(cell(2,1),white,0).
object notification: Time [clock=1, time=2015-05-21 18:40:01.314]
Event sent to agent      a10 clock(1)
object notification: Tile [id=null, cell=Cell [x=2, y=1], subject=white, time=2015-05-21 18:40:01.328, clock=0]
Event processed UpdateTile(white, 2, 1)
Event sent to agent      a40 tile(white, 2, 1, 0)
Event processed UpdateTile(brown, 2, 2)
Event processed UpdateClock(1)
Event processed UpdateTile(white, 2, 1)
object notification: Tile [id=null, cell=Cell [x=2, y=2], subject=brown, time=2015-05-21 18:40:01.333, clock=0]
object notification: Time [clock=1, time=2015-05-21 18:40:01.314]
Event sent to agent      a30 clock(1)
Event sent to agent      a40 tile(brown, 2, 2, 0)
object notification: Tile [id=null, cell=Cell [x=2, y=3], subject=blue, time=2015-05-21 18:40:01.342, clock=0]
Event sent to agent      a30 tile(blue, 2, 3, 0)
org notification: Tile [id=null, cell=Cell [x=2, y=2], subject=brown, time=2015-05-21 18:40:01.333, clock=0]
org notified sent tile(cell(2,2),brown,0).
object notification: Tile [id=null, cell=Cell [x=2, y=3], subject=blue, time=2015-05-21 18:40:01.342, clock=0]
Event sent to agent      a40 tile(blue, 2, 3, 0)
org notification: Tile [id=null, cell=Cell [x=2, y=3], subject=blue, time=2015-05-21 18:40:01.342, clock=0]
org notified sent tile(cell(2,3),blue,0).
Event processed UpdateTile(brown, 2, 2)
Event processed UpdateClock(1)
Event processed UpdateTile(blue, 2, 3)
Event processed UpdateTile(white, 2, 1)
object notification: Prohibition [subject=a30, prohibition=[moveTooFast(a30)], sanction=[reduce(a30, 300)], clock=1, time=2015-05-21 18:40:01.333]
Event sent to agent      a30 prohibition([moveTooFast(a30)], [reduce(a30, 300)])
Event processed UpdateTile(brown, 2, 2)
Event processed UpdateTile(blue, 2, 3)
object notification: Time [clock=1, time=2015-05-21 18:40:01.314]
Event sent to agent      a40 clock(1)
Event processed adoptProhibition(moveTooFast(a30), reduce(a30, 300))
Event processed UpdateClock(1)
object notification: Tile [id=null, cell=Cell [x=2, y=3], subject=blue, time=2015-05-21 18:40:01.342, clock=0]
Event sent to agent      a10 tile(blue, 2, 3, 0)
Event processed UpdateTile(blue, 2, 3)
org notification: Tile [id=null, cell=Cell [x=2, y=4], subject=white, time=2015-05-21 18:40:01.346, clock=0]
org notified sent tile(cell(2,4),white,0).
object notification: Prohibition [subject=a40, prohibition=[moveTooFast(a40)], sanction=[reduce(a40, 300)], clock=1, time=2015-05-21 18:40:01.344]
Event sent to agent      a40 prohibition([moveTooFast(a40)], [reduce(a40, 300)])
object notification: Tile [id=null, cell=Cell [x=2, y=4], subject=white, time=2015-05-21 18:40:01.346, clock=0]
Event sent to agent      a40 tile(white, 2, 4, 0)
object notification: Tile [id=null, cell=Cell [x=2, y=4], subject=white, time=2015-05-21 18:40:01.346, clock=0]
Event sent to agent      a30 tile(white, 2, 4, 0)
object notification: Tile [id=null, cell=Cell [x=2, y=4], subject=white, time=2015-05-21 18:40:01.346, clock=0]
Event sent to agent      a10 tile(white, 2, 4, 0)
Event processed UpdateTile(white, 2, 4)
Event processed UpdateTile(white, 2, 4)
Event processed adoptProhibition(moveTooFast(a40), reduce(a40, 300))
Event processed UpdateTile(white, 2, 4)
object notification: Tile [id=null, cell=Cell [x=3, y=0], subject=white, time=2015-05-21 18:40:01.348, clock=0]
org notification: Tile [id=null, cell=Cell [x=3, y=0], subject=white, time=2015-05-21 18:40:01.348, clock=0]
object notification: Tile [id=null, cell=Cell [x=3, y=0], subject=white, time=2015-05-21 18:40:01.348, clock=0]
org notified sent tile(cell(3,0),white,0).
Event sent to agent      a30 tile(white, 3, 0, 0)
Event sent to agent      a40 tile(white, 3, 0, 0)
Event processed UpdateTile(white, 3, 0)
Event processed UpdateTile(white, 3, 0)
object notification: Tile [id=null, cell=Cell [x=3, y=0], subject=white, time=2015-05-21 18:40:01.348, clock=0]
Event sent to agent      a10 tile(white, 3, 0, 0)
org notification: Tile [id=null, cell=Cell [x=3, y=1], subject=yellow, time=2015-05-21 18:40:01.354, clock=0]
org notified sent tile(cell(3,1),yellow,0).
object notification: Tile [id=null, cell=Cell [x=3, y=1], subject=yellow, time=2015-05-21 18:40:01.354, clock=0]
object notification: Tile [id=null, cell=Cell [x=3, y=1], subject=yellow, time=2015-05-21 18:40:01.354, clock=0]
Event sent to agent      a40 tile(yellow, 3, 1, 0)
Event sent to agent      a30 tile(yellow, 3, 1, 0)
object notification: Tile [id=null, cell=Cell [x=3, y=1], subject=yellow, time=2015-05-21 18:40:01.354, clock=0]
Event sent to agent      a10 tile(yellow, 3, 1, 0)
object notification: Tile [id=null, cell=Cell [x=3, y=2], subject=blue, time=2015-05-21 18:40:01.359, clock=0]
Event sent to agent      a30 tile(blue, 3, 2, 0)
object notification: Tile [id=null, cell=Cell [x=3, y=2], subject=blue, time=2015-05-21 18:40:01.359, clock=0]
Event sent to agent      a10 tile(blue, 3, 2, 0)
object notification: Tile [id=null, cell=Cell [x=3, y=2], subject=blue, time=2015-05-21 18:40:01.359, clock=0]
Event sent to agent      a40 tile(blue, 3, 2, 0)
org notification: Tile [id=null, cell=Cell [x=3, y=2], subject=blue, time=2015-05-21 18:40:01.359, clock=0]
org notified sent tile(cell(3,2),blue,0).
object notification: Tile [id=null, cell=Cell [x=3, y=3], subject=blue, time=2015-05-21 18:40:01.362, clock=0]
Event sent to agent      a30 tile(blue, 3, 3, 0)
object notification: Tile [id=null, cell=Cell [x=3, y=3], subject=blue, time=2015-05-21 18:40:01.362, clock=0]
Event sent to agent      a10 tile(blue, 3, 3, 0)
object notification: Tile [id=null, cell=Cell [x=3, y=3], subject=blue, time=2015-05-21 18:40:01.362, clock=0]
Event sent to agent      a40 tile(blue, 3, 3, 0)
Event processed UpdateTile(yellow, 3, 1)
Event processed UpdateTile(blue, 3, 2)
Event processed UpdateTile(blue, 3, 3)
object notification: Tile [id=null, cell=Cell [x=3, y=4], subject=yellow, time=2015-05-21 18:40:01.367, clock=0]
Event sent to agent      a40 tile(yellow, 3, 4, 0)
Event processed UpdateTile(white, 3, 0)
object notification: Tile [id=null, cell=Cell [x=3, y=4], subject=yellow, time=2015-05-21 18:40:01.367, clock=0]
Event sent to agent      a30 tile(yellow, 3, 4, 0)
object notification: Tile [id=null, cell=Cell [x=3, y=4], subject=yellow, time=2015-05-21 18:40:01.367, clock=0]
Event sent to agent      a10 tile(yellow, 3, 4, 0)
Event processed UpdateTile(yellow, 3, 1)
Event processed UpdateTile(blue, 3, 2)
org notification: Tile [id=null, cell=Cell [x=3, y=3], subject=blue, time=2015-05-21 18:40:01.362, clock=0]
org notified sent tile(cell(3,3),blue,0).
Event processed UpdateTile(blue, 3, 3)
Event processed UpdateTile(yellow, 3, 4)
object notification: Tile [id=null, cell=Cell [x=4, y=0], subject=brown, time=2015-05-21 18:40:01.369, clock=0]
Event sent to agent      a40 tile(brown, 4, 0, 0)
Event processed UpdateTile(yellow, 3, 1)
Event processed UpdateTile(blue, 3, 2)
Event processed UpdateTile(blue, 3, 3)
Event processed UpdateTile(yellow, 3, 4)
object notification: Tile [id=null, cell=Cell [x=4, y=1], subject=blue, time=2015-05-21 18:40:01.371, clock=0]
Event sent to agent      a40 tile(blue, 4, 1, 0)
Event processed UpdateTile(brown, 4, 0)
Event processed UpdateTile(blue, 4, 1)
object notification: Tile [id=null, cell=Cell [x=4, y=2], subject=yellow, time=2015-05-21 18:40:01.373, clock=0]
Event sent to agent      a40 tile(yellow, 4, 2, 0)
object notification: Tile [id=null, cell=Cell [x=4, y=3], subject=blue, time=2015-05-21 18:40:01.375, clock=0]
Event sent to agent      a40 tile(blue, 4, 3, 0)
object notification: Tile [id=null, cell=Cell [x=4, y=0], subject=brown, time=2015-05-21 18:40:01.369, clock=0]
Event sent to agent      a10 tile(brown, 4, 0, 0)
object notification: Tile [id=null, cell=Cell [x=4, y=4], subject=brown, time=2015-05-21 18:40:01.377, clock=0]
Event sent to agent      a40 tile(brown, 4, 4, 0)
object notification: Time [clock=2, time=2015-05-21 18:40:11.34]
Event sent to agent      a30 clock(2)
org notification: Goal [id=null, cell=Cell [x=2, y=2], agent=null, time=2015-05-21 18:40:01.401, clock=0]
org notified sent goal(cell(2,2),null,0).
Organization notifies object (write): Obligation [subject=a10, obligation=[surround(2, 2)], sanction=[reduce(g, 500)], deadline=21, time=2015-05-21 18:40:32.534, clock=4]
object notification: Time [clock=2, time=2015-05-21 18:40:11.34]
Event sent to agent      a10 clock(2)
object notification: Tile [id=null, cell=Cell [x=4, y=0], subject=brown, time=2015-05-21 18:40:01.369, clock=0]
Event sent to agent      a30 tile(brown, 4, 0, 0)
object notification: Tile [id=null, cell=Cell [x=4, y=1], subject=blue, time=2015-05-21 18:40:01.371, clock=0]
Event sent to agent      a30 tile(blue, 4, 1, 0)
object notification: Tile [id=null, cell=Cell [x=4, y=2], subject=yellow, time=2015-05-21 18:40:01.373, clock=0]
Event sent to agent      a30 tile(yellow, 4, 2, 0)
object notification: Tile [id=null, cell=Cell [x=4, y=3], subject=blue, time=2015-05-21 18:40:01.375, clock=0]
Event sent to agent      a30 tile(blue, 4, 3, 0)
object notification: Tile [id=null, cell=Cell [x=4, y=4], subject=brown, time=2015-05-21 18:40:01.377, clock=0]
Event sent to agent      a30 tile(brown, 4, 4, 0)
object notification: Tile [id=null, cell=Cell [x=4, y=1], subject=blue, time=2015-05-21 18:40:01.371, clock=0]
Event sent to agent      a10 tile(blue, 4, 1, 0)
object notification: Tile [id=null, cell=Cell [x=4, y=2], subject=yellow, time=2015-05-21 18:40:01.373, clock=0]
Event sent to agent      a10 tile(yellow, 4, 2, 0)
org notification: Tile [id=null, cell=Cell [x=3, y=4], subject=yellow, time=2015-05-21 18:40:01.367, clock=0]
org notified sent tile(cell(3,4),yellow,0).
object notification: Tile [id=null, cell=Cell [x=4, y=3], subject=blue, time=2015-05-21 18:40:01.375, clock=0]
Event sent to agent      a10 tile(blue, 4, 3, 0)
object notification: Tile [id=null, cell=Cell [x=4, y=4], subject=brown, time=2015-05-21 18:40:01.377, clock=0]
Event sent to agent      a10 tile(brown, 4, 4, 0)
org notification: Tile [id=null, cell=Cell [x=4, y=0], subject=brown, time=2015-05-21 18:40:01.369, clock=0]
org notified sent tile(cell(4,0),brown,0).
object notification: Time [clock=3, time=2015-05-21 18:40:21.343]
Event sent to agent      a10 clock(3)
object notification: Time [clock=4, time=2015-05-21 18:40:31.344]
Event sent to agent      a10 clock(4)
org notification: Time [clock=2, time=2015-05-21 18:40:11.34]
org notified sent time(2).
object notification: Obligation [subject=a10, obligation=[surround(2, 2)], sanction=[reduce(g, 500)], deadline=21, time=2015-05-21 18:40:32.534, clock=4]
Event sent to agent      a10 obligation([surround(2, 2)], 21, [reduce(g, 500)])
org notification: Time [clock=3, time=2015-05-21 18:40:21.343]
org notified sent time(3).
org notification: Position [subject=a20, id=null, cell=Cell [x=0, y=4], time=2015-05-21 18:40:05.844, clock=1]
org notified sent position(a20,cell(0,4),1).
object notification: Position [subject=a10, id=null, cell=Cell [x=0, y=0], time=2015-05-21 18:40:05.874, clock=1]
Event sent to agent      a10 position(0, 0, 1)
org notification: Tile [id=null, cell=Cell [x=4, y=1], subject=blue, time=2015-05-21 18:40:01.371, clock=0]
org notified sent tile(cell(4,1),blue,0).
object notification: Time [clock=2, time=2015-05-21 18:40:11.34]
object notification: Time [clock=3, time=2015-05-21 18:40:21.343]
Event sent to agent      a40 clock(2)
Event sent to agent      a30 clock(3)
object notification: Time [clock=3, time=2015-05-21 18:40:21.343]
Event sent to agent      a40 clock(3)
object notification: Time [clock=4, time=2015-05-21 18:40:31.344]
Event sent to agent      a30 clock(4)
object notification: Time [clock=4, time=2015-05-21 18:40:31.344]
Event sent to agent      a40 clock(4)
org notification: Time [clock=4, time=2015-05-21 18:40:31.344]
org notified sent time(4).
Error while procession organization notification
Error while procession organization notification
java.lang.NullPointerException
	at aplprolog.prolog.Prolog.toString(Prolog.java:509)
	at oopl.GUI.PrologState.handleEvent(PrologState.java:226)
	at oopl.DistributedOOPL.handleEvent(DistributedOOPL.java:60)
	at ctMW.EnvCT.notifyOrg(EnvCT.java:682)
	at ctMW.OrgHandler.notify(OrgHandler.java:31)
	at com.j_spaces.core.client.NotifyDelegator.notify(NotifyDelegator.java:142)
	at com.gigaspaces.events.fifo.BlockedOrderedQueue$NotifyFifoTask.dequeueAndTrigger(BlockedOrderedQueue.java:319)
	at com.gigaspaces.events.fifo.BlockedOrderedQueue$NotifyFifoTask.run(BlockedOrderedQueue.java:290)
	at com.gigaspaces.internal.utils.concurrent.RunnableContextClassLoaderDecorator.run(RunnableContextClassLoaderDecorator.java:40)
	at java.util.concurrent.ThreadPoolExecutor$Worker.runTask(ThreadPoolExecutor.java:895)
	at java.util.concurrent.ThreadPoolExecutor$Worker.run(ThreadPoolExecutor.java:918)
	at java.lang.Thread.run(Thread.java:695)
java.lang.ArrayIndexOutOfBoundsException: 8
	at aplprolog.datastructures.PrimIntKeyHashMap.firstKey(PrimIntKeyHashMap.java:233)
	at aplprolog.prolog.Prolog.toString(Prolog.java:506)
	at oopl.GUI.PrologState.handleEvent(PrologState.java:226)
	at oopl.DistributedOOPL.handleEvent(DistributedOOPL.java:60)
	at ctMW.EnvCT.notifyOrg(EnvCT.java:682)
	at ctMW.OrgHandler.notify(OrgHandler.java:31)
	at com.j_spaces.core.client.NotifyDelegator.notify(NotifyDelegator.java:142)
	at com.gigaspaces.events.fifo.BlockedOrderedQueue$NotifyFifoTask.dequeueAndTrigger(BlockedOrderedQueue.java:319)
	at com.gigaspaces.events.fifo.BlockedOrderedQueue$NotifyFifoTask.run(BlockedOrderedQueue.java:290)
	at com.gigaspaces.internal.utils.concurrent.RunnableContextClassLoaderDecorator.run(RunnableContextClassLoaderDecorator.java:40)
	at java.util.concurrent.ThreadPoolExecutor$Worker.runTask(ThreadPoolExecutor.java:895)
	at java.util.concurrent.ThreadPoolExecutor$Worker.run(ThreadPoolExecutor.java:918)
	at java.lang.Thread.run(Thread.java:695)
object notification: Position [subject=a40, id=null, cell=Cell [x=4, y=0], time=2015-05-21 18:40:05.87, clock=1]
org notification: Position [subject=a40, id=null, cell=Cell [x=4, y=0], time=2015-05-21 18:40:05.87, clock=1]
org notified sent position(a40,cell(4,0),1).
Event sent to agent      a40 position(4, 0, 1)
object notification: Position [subject=a30, id=null, cell=Cell [x=4, y=4], time=2015-05-21 18:40:05.872, clock=1]
Event sent to agent      a30 position(4, 4, 1)
org notification: Position [subject=a30, id=null, cell=Cell [x=4, y=4], time=2015-05-21 18:40:05.872, clock=1]
org notified sent position(a30,cell(4,4),1).
org notification: Tile [id=null, cell=Cell [x=4, y=2], subject=yellow, time=2015-05-21 18:40:01.373, clock=0]
org notified sent tile(cell(4,2),yellow,0).
org notification: Tile [id=null, cell=Cell [x=4, y=3], subject=blue, time=2015-05-21 18:40:01.375, clock=0]
org notified sent tile(cell(4,3),blue,0).
org notification: Position [subject=a10, id=null, cell=Cell [x=0, y=0], time=2015-05-21 18:40:05.874, clock=1]
org notified sent position(a10,cell(0,0),1).
Event processed UpdateTile(brown, 4, 0)
Event processed UpdateClock(2)
Event processed UpdateTile(blue, 4, 1)
Event processed UpdateTile(yellow, 4, 2)
Event processed UpdateTile(blue, 4, 3)
Event processed UpdateTile(brown, 4, 4)
Event processed UpdateClock(3)
Event processed UpdateClock(4)
Event processed adoptObligation(surround(2, 2), 21, reduce(g, 500))
Event processed UpdatePosition(0, 0, 1)
org notification: Tile [id=null, cell=Cell [x=4, y=4], subject=brown, time=2015-05-21 18:40:01.377, clock=0]
org notified sent tile(cell(4,4),brown,0).
Event processed UpdateTile(yellow, 3, 4)
Event processed UpdateClock(2)
Event processed UpdateTile(brown, 4, 0)
Event processed UpdateTile(blue, 4, 1)
Event processed UpdateTile(yellow, 4, 2)
Event processed UpdateTile(blue, 4, 3)
Event processed UpdateTile(brown, 4, 4)
Event processed UpdateClock(3)
Event processed UpdateClock(4)
Event processed UpdatePosition(4, 4, 1)
Event processed UpdateTile(yellow, 4, 2)
Event processed UpdateTile(blue, 4, 3)
Event processed UpdateTile(brown, 4, 4)
Event processed UpdateClock(2)
Event processed UpdateClock(3)
Event processed UpdateClock(4)
Event processed UpdatePosition(4, 0, 1)
agent writes: SetGoal [id=null, agent=a10, cell=Cell [x=2, y=1], goal=Cell [x=2, y=2], sanction=100, clock=4, time=2015-05-21 18:40:33.929]
org notification: SetGoal [id=null, agent=a10, cell=Cell [x=2, y=1], goal=Cell [x=2, y=2], sanction=100, clock=4, time=2015-05-21 18:40:33.929]
org notified sent setGoal(a10,2,1,2,2,100,4).
Organization notifies object (write): Obligation [subject=a10, obligation=[at(2, 1, a10)], sanction=[reduce(a10, 500)], deadline=20, time=2015-05-21 18:40:33.951, clock=4]
object notification: Obligation [subject=a10, obligation=[at(2, 1, a10)], sanction=[reduce(a10, 500)], deadline=20, time=2015-05-21 18:40:33.951, clock=4]
Event sent to agent      a10 obligation([at(2, 1, a10)], 20, [reduce(a10, 500)])
Event processed adoptObligation(at(2, 1, a10), 20, reduce(a10, 500))
agent writes: SetGoal [id=null, agent=a20, cell=Cell [x=1, y=2], goal=Cell [x=2, y=2], sanction=100, clock=4, time=2015-05-21 18:40:34.104]
org notification: SetGoal [id=null, agent=a20, cell=Cell [x=1, y=2], goal=Cell [x=2, y=2], sanction=100, clock=4, time=2015-05-21 18:40:34.104]
org notified sent setGoal(a20,1,2,2,2,100,4).
Organization notifies object (write): Obligation [subject=a20, obligation=[at(1, 2, a20)], sanction=[reduce(a20, 500)], deadline=20, time=2015-05-21 18:40:34.107, clock=4]
agent writes: SetGoal [id=null, agent=a30, cell=Cell [x=3, y=2], goal=Cell [x=2, y=2], sanction=100, clock=4, time=2015-05-21 18:40:34.246]
org notification: SetGoal [id=null, agent=a30, cell=Cell [x=3, y=2], goal=Cell [x=2, y=2], sanction=100, clock=4, time=2015-05-21 18:40:34.246]
org notified sent setGoal(a30,3,2,2,2,100,4).
Organization notifies object (write): Obligation [subject=a30, obligation=[at(3, 2, a30)], sanction=[reduce(a30, 500)], deadline=20, time=2015-05-21 18:40:34.249, clock=4]
object notification: Obligation [subject=a30, obligation=[at(3, 2, a30)], sanction=[reduce(a30, 500)], deadline=20, time=2015-05-21 18:40:34.249, clock=4]
Event sent to agent      a30 obligation([at(3, 2, a30)], 20, [reduce(a30, 500)])
Event processed adoptObligation(at(3, 2, a30), 20, reduce(a30, 500))
agent writes: SetGoal [id=null, agent=a40, cell=Cell [x=2, y=3], goal=Cell [x=2, y=2], sanction=100, clock=4, time=2015-05-21 18:40:34.397]
org notification: SetGoal [id=null, agent=a40, cell=Cell [x=2, y=3], goal=Cell [x=2, y=2], sanction=100, clock=4, time=2015-05-21 18:40:34.397]
org notified sent setGoal(a40,2,3,2,2,100,4).
Organization notifies object (write): Obligation [subject=a40, obligation=[at(2, 3, a40)], sanction=[reduce(a40, 500)], deadline=20, time=2015-05-21 18:40:34.401, clock=4]
object notification: Obligation [subject=a40, obligation=[at(2, 3, a40)], sanction=[reduce(a40, 500)], deadline=20, time=2015-05-21 18:40:34.401, clock=4]
Event sent to agent      a40 obligation([at(2, 3, a40)], 20, [reduce(a40, 500)])
Event processed adoptObligation(at(2, 3, a40), 20, reduce(a40, 500))
agent writes: Color [id=null, color=white, agent=a10, type=yes, sanction=100, time=2015-05-21 18:40:34.571, clock=4]
org notification: Color [id=null, color=white, agent=a10, type=yes, sanction=100, time=2015-05-21 18:40:34.571, clock=4]
org notified sent color(a10,white,yes,100,4).
Organization notifies object (write): Obligation [subject=a10, obligation=[color(white, a10)], sanction=[reduce(a10, 100)], deadline=24, time=2015-05-21 18:40:34.582, clock=4]
object notification: Obligation [subject=a10, obligation=[color(white, a10)], sanction=[reduce(a10, 100)], deadline=24, time=2015-05-21 18:40:34.582, clock=4]
Event sent to agent      a10 obligation([color(white, a10)], 24, [reduce(a10, 100)])
Event processed adoptObligation(color(white, a10), 24, reduce(a10, 100))
agent writes: Color [id=null, color=white, agent=a20, type=yes, sanction=100, time=2015-05-21 18:40:34.717, clock=4]
org notification: Color [id=null, color=white, agent=a20, type=yes, sanction=100, time=2015-05-21 18:40:34.717, clock=4]
org notified sent color(a20,white,yes,100,4).
Organization notifies object (write): Obligation [subject=a20, obligation=[color(white, a20)], sanction=[reduce(a20, 100)], deadline=24, time=2015-05-21 18:40:34.72, clock=4]
agent writes: Color [id=null, color=white, agent=a30, type=yes, sanction=100, time=2015-05-21 18:40:34.872, clock=4]
org notification: Color [id=null, color=white, agent=a30, type=yes, sanction=100, time=2015-05-21 18:40:34.872, clock=4]
org notified sent color(a30,white,yes,100,4).
Organization notifies object (write): Obligation [subject=a30, obligation=[color(white, a30)], sanction=[reduce(a30, 100)], deadline=24, time=2015-05-21 18:40:34.875, clock=4]
object notification: Obligation [subject=a30, obligation=[color(white, a30)], sanction=[reduce(a30, 100)], deadline=24, time=2015-05-21 18:40:34.875, clock=4]
Event sent to agent      a30 obligation([color(white, a30)], 24, [reduce(a30, 100)])
Event processed adoptObligation(color(white, a30), 24, reduce(a30, 100))
agent writes: Color [id=null, color=white, agent=a40, type=yes, sanction=100, time=2015-05-21 18:40:35.024, clock=4]
org notification: Color [id=null, color=white, agent=a40, type=yes, sanction=100, time=2015-05-21 18:40:35.024, clock=4]
org notified sent color(a40,white,yes,100,4).
Organization notifies object (write): Obligation [subject=a40, obligation=[color(white, a40)], sanction=[reduce(a40, 100)], deadline=24, time=2015-05-21 18:40:35.027, clock=4]
object notification: Obligation [subject=a40, obligation=[color(white, a40)], sanction=[reduce(a40, 100)], deadline=24, time=2015-05-21 18:40:35.027, clock=4]
Event sent to agent      a40 obligation([color(white, a40)], 24, [reduce(a40, 100)])
Event processed adoptObligation(color(white, a40), 24, reduce(a40, 100))
agent writes: Color [id=null, color=blue, agent=a10, type=no, sanction=100, time=2015-05-21 18:40:35.173, clock=4]
org notification: Color [id=null, color=blue, agent=a10, type=no, sanction=100, time=2015-05-21 18:40:35.173, clock=4]
org notified sent color(a10,blue,no,100,4).
Organization notifies object (write): Prohibition [subject=a10, prohibition=[color(blue, a10)], sanction=[reduce(a10, 100)], clock=4, time=2015-05-21 18:40:35.175]
object notification: Prohibition [subject=a10, prohibition=[color(blue, a10)], sanction=[reduce(a10, 100)], clock=4, time=2015-05-21 18:40:35.175]
Event sent to agent      a10 prohibition([color(blue, a10)], [reduce(a10, 100)])
Event processed adoptProhibition(color(blue, a10), reduce(a10, 100))
agent writes: Color [id=null, color=blue, agent=a20, type=no, sanction=100, time=2015-05-21 18:40:35.327, clock=4]
org notification: Color [id=null, color=blue, agent=a20, type=no, sanction=100, time=2015-05-21 18:40:35.327, clock=4]
org notified sent color(a20,blue,no,100,4).
Organization notifies object (write): Prohibition [subject=a20, prohibition=[color(blue, a20)], sanction=[reduce(a20, 100)], clock=4, time=2015-05-21 18:40:35.331]
agent writes: Color [id=null, color=blue, agent=a30, type=no, sanction=100, time=2015-05-21 18:40:35.475, clock=4]
org notification: Color [id=null, color=blue, agent=a30, type=no, sanction=100, time=2015-05-21 18:40:35.475, clock=4]
org notified sent color(a30,blue,no,100,4).
Organization notifies object (write): Prohibition [subject=a30, prohibition=[color(blue, a30)], sanction=[reduce(a30, 100)], clock=4, time=2015-05-21 18:40:35.477]
object notification: Prohibition [subject=a30, prohibition=[color(blue, a30)], sanction=[reduce(a30, 100)], clock=4, time=2015-05-21 18:40:35.477]
Event sent to agent      a30 prohibition([color(blue, a30)], [reduce(a30, 100)])
Event processed adoptProhibition(color(blue, a30), reduce(a30, 100))
agent writes: Color [id=null, color=blue, agent=a40, type=no, sanction=100, time=2015-05-21 18:40:35.625, clock=4]
org notification: Color [id=null, color=blue, agent=a40, type=no, sanction=100, time=2015-05-21 18:40:35.625, clock=4]
org notified sent color(a40,blue,no,100,4).
Organization notifies object (write): Prohibition [subject=a40, prohibition=[color(blue, a40)], sanction=[reduce(a40, 100)], clock=4, time=2015-05-21 18:40:35.628]
object notification: Prohibition [subject=a40, prohibition=[color(blue, a40)], sanction=[reduce(a40, 100)], clock=4, time=2015-05-21 18:40:35.628]
Event sent to agent      a40 prohibition([color(blue, a40)], [reduce(a40, 100)])
Event processed adoptProhibition(color(blue, a40), reduce(a40, 100))
object notification: Time [clock=5, time=2015-05-21 18:40:41.35]
Event sent to agent      a30 clock(5)
org notification: Time [clock=5, time=2015-05-21 18:40:41.35]
org notified sent time(5).
object notification: Time [clock=5, time=2015-05-21 18:40:41.35]
Event sent to agent      a10 clock(5)
object notification: Time [clock=5, time=2015-05-21 18:40:41.35]
Event sent to agent      a40 clock(5)
Event processed UpdateClock(5)
Event processed UpdateClock(5)
Event processed UpdateClock(5)
org notification: Time [clock=6, time=2015-05-21 18:40:51.353]
object notification: Time [clock=6, time=2015-05-21 18:40:51.353]
Event sent to agent      a30 clock(6)
object notification: Time [clock=6, time=2015-05-21 18:40:51.353]
org notified sent time(6).
Event sent to agent      a10 clock(6)
object notification: Time [clock=6, time=2015-05-21 18:40:51.353]
Event sent to agent      a40 clock(6)
Event processed UpdateClock(6)
Event processed UpdateClock(6)
Event processed UpdateClock(6)
setPhases in ClientGameStatus, the current phase is Communication Phase
setPhases in ClientGameStatus, the current phase is Communication Phase
setPhases in ClientGameStatus, the current phase is Communication Phase
Event processed @ctenv(functionToList(message(phasechange)),LIST,0); if B(LIST=[actionresult([TYPE,ID])]) then if B(TYPE=proposal) then {ReceivedMessage(TYPE, ID, open); adopta(received(TYPE, ID, closed) : Infinite, priority 1)} else if B(LIST=[actionresult([TYPE,ID,RESPONSE])]) then if B(TYPE=response) then ReceivedMessage(RESPONSE, ID) else if B(LIST=[actionresult([TYPE])]) then ReceivedEvent(TYPE) else if B(LIST=[actionresult([TYPE,AGENT,ID,RESPONSE])]) then if B(TYPE=proposal) then ReceivedProposal(AGENT, ID, RESPONSE)
Event processed @ctenv(functionToList(message(phasechange)),LIST,0); if B(LIST=[actionresult([TYPE,ID])]) then if B(TYPE=proposal) then {ReceivedMessage(TYPE, ID, open); adopta(received(TYPE, ID, closed) : Infinite, priority 1)} else if B(LIST=[actionresult([TYPE,ID,RESPONSE])]) then if B(TYPE=response) then ReceivedMessage(RESPONSE, ID) else if B(LIST=[actionresult([TYPE])]) then ReceivedEvent(TYPE) else if B(LIST=[actionresult([TYPE,AGENT,ID,RESPONSE])]) then if B(TYPE=proposal) then ReceivedProposal(AGENT, ID, RESPONSE)
object notification: Time [clock=7, time=2015-05-21 18:41:01.354]
Event sent to agent      a30 clock(7)
org notification: Time [clock=7, time=2015-05-21 18:41:01.354]
object notification: Time [clock=7, time=2015-05-21 18:41:01.354]
Event sent to agent      a10 clock(7)
object notification: Time [clock=7, time=2015-05-21 18:41:01.354]
Event sent to agent      a40 clock(7)
org notified sent time(7).
Event processed @ctenv(functionToList(message(phasechange)),LIST,0); if B(LIST=[actionresult([TYPE,ID])]) then if B(TYPE=proposal) then {ReceivedMessage(TYPE, ID, open); adopta(received(TYPE, ID, closed) : Infinite, priority 1)} else if B(LIST=[actionresult([TYPE,ID,RESPONSE])]) then if B(TYPE=response) then ReceivedMessage(RESPONSE, ID) else if B(LIST=[actionresult([TYPE])]) then ReceivedEvent(TYPE) else if B(LIST=[actionresult([TYPE,AGENT,ID,RESPONSE])]) then if B(TYPE=proposal) then ReceivedProposal(AGENT, ID, RESPONSE)
Event processed UpdateClock(7)
[CTAH] Array of Terms: [Lapapl.data.Term;@16299d8c
[CTAH] The created APLList : [phasechange]
[CTAH] Array of Terms: [Lapapl.data.Term;@25477fde
[CTAH] The created APLList : [phasechange]
[CTAH] Array of Terms: [Lapapl.data.Term;@75929aeb
[CTAH] The created APLList : [phasechange]
Event processed UpdateClock(7)
Event processed UpdateClock(7)
a10[CTAH] going goal: 0,2 color: white
a40[CTAH] going goal: 0,2 color: white
a30[CTAH] going goal: 0,2 color: white
a40[CTAH] going goal: 0,2 color: white
a30[CTAH] going goal: 0,2 color: white
a10[CTAH] going goal: 0,2 color: white
a40[CTAH] going goal: 0,2 color: white
a30[CTAH] going goal: 0,2 color: white
a10[CTAH] going goal: 0,2 color: white
a40[CTAH] going goal: 0,2 color: white
a30[CTAH] going goal: 0,2 color: white
a10[CTAH] going goal: 0,2 color: white
a30[CTAH] going goal: 0,2 color: white
a40[CTAH] going goal: 0,2 color: white
a10[CTAH] going goal: 0,2 color: white
a30[CTAH] going goal: 0,2 color: white
a40[CTAH] going goal: 0,2 color: white
a10[CTAH] going goal: 0,2 color: white
a30[CTAH] going goal: 0,2 color: white
a40[CTAH] going goal: 0,2 color: white
a10[CTAH] going goal: 0,2 color: white
object notification: Time [clock=8, time=2015-05-21 18:41:11.364]
Event sent to agent      a30 clock(8)
org notification: Time [clock=8, time=2015-05-21 18:41:11.364]
org notified sent time(8).
object notification: Time [clock=8, time=2015-05-21 18:41:11.364]
Event sent to agent      a10 clock(8)
object notification: Time [clock=8, time=2015-05-21 18:41:11.364]
Event sent to agent      a40 clock(8)
a30[CTAH] going goal: 0,2 color: white
a40[CTAH] going goal: 0,2 color: white
a10[CTAH] going goal: 0,2 color: white
Event processed UpdateClock(8)
a30[CTAH] going goal: 0,2 color: white
Event processed UpdateClock(8)
a40[CTAH] going goal: 0,2 color: white
Event processed UpdateClock(8)
a10[CTAH] going goal: 0,2 color: white
a30[CTAH] going goal: 0,2 color: white
a40[CTAH] going goal: 0,2 color: white
a10[CTAH] going goal: 0,2 color: white
a30[CTAH] going goal: 0,2 color: white
a40[CTAH] going goal: 0,2 color: white
a10[CTAH] going goal: 0,2 color: white
a30[CTAH] going goal: 0,2 color: white
a40[CTAH] going goal: 0,2 color: white
a10[CTAH] going goal: 0,2 color: white
a30[CTAH] going goal: 0,2 color: white
a40[CTAH] going goal: 0,2 color: white
a10[CTAH] going goal: 0,2 color: white
a30[CTAH] going goal: 0,2 color: white
a40[CTAH] going goal: 0,2 color: white
a10[CTAH] going goal: 0,2 color: white
a30[CTAH] going goal: 0,2 color: white
a40[CTAH] going goal: 0,2 color: white
object notification: Time [clock=9, time=2015-05-21 18:41:21.368]
Event sent to agent      a10 clock(9)
object notification: Time [clock=9, time=2015-05-21 18:41:21.368]
Event sent to agent      a30 clock(9)
object notification: Time [clock=9, time=2015-05-21 18:41:21.368]
Event sent to agent      a40 clock(9)
org notification: Time [clock=9, time=2015-05-21 18:41:21.368]
org notified sent time(9).
Event processed UpdateClock(9)
a10[CTAH] going goal: 0,2 color: white
a30[CTAH] going goal: 0,2 color: white
a40[CTAH] going goal: 0,2 color: white
Event processed UpdateClock(9)
a30[CTAH] going goal: 0,2 color: white
a10[CTAH] going goal: 0,2 color: white
Event processed UpdateClock(9)
a40[CTAH] going goal: 0,2 color: white
a30[CTAH] going goal: 0,2 color: white
a40[CTAH] going goal: 0,2 color: white
a10[CTAH] going goal: 0,2 color: white
Received a class edu.harvard.eecs.airg.coloredtrails.shared.discourse.BasicProposalDiscourseMessage
[MSG] Message is of type: basicproposal
[MSG] Message is for: 3
[MSG] i'm: 3
Received a proposal creating event
org notification: Proposal [id=9769, agent=a20, agent2=a40, clock=9, time=2015-05-21 18:41:25.445]
org notified sent proposal(9769,a20,a40,9).
org notification: Response [id=9769, response=accepted, clock=9, time=2015-05-21 18:41:25.478]
org notified sent response(9769,accepted,9).
a30[CTAH] going goal: 0,2 color: white
Event processed @ctenv(functionToList(proposal(proposal, 1, 9769, accept)),LIST,0); if B(LIST=[actionresult([TYPE,ID])]) then if B(TYPE=proposal) then {ReceivedMessage(TYPE, ID, open); adopta(received(TYPE, ID, closed) : Infinite, priority 1)} else if B(LIST=[actionresult([TYPE,ID,RESPONSE])]) then if B(TYPE=response) then ReceivedMessage(RESPONSE, ID) else if B(LIST=[actionresult([TYPE])]) then ReceivedEvent(TYPE) else if B(LIST=[actionresult([TYPE,AGENT,ID,RESPONSE])]) then if B(TYPE=proposal) then ReceivedProposal(AGENT, ID, RESPONSE)
[CTAH] Array of Terms: [Lapapl.data.Term;@74f89a2c
[CTAH] The created APLList : [proposal,1,9769,accept]
a40[CTAH] going goal: 0,2 color: white
a10[CTAH] going goal: 0,2 color: white
a30[CTAH] going goal: 0,2 color: white
a40[CTAH] going goal: 0,2 color: white
a10[CTAH] going goal: 0,2 color: white
a30[CTAH] going goal: 0,2 color: white
a40[CTAH] going goal: 0,2 color: white
a10[CTAH] going goal: 0,2 color: white
a30[CTAH] going goal: 0,2 color: white
a40[CTAH] going goal: 0,2 color: white
a10[CTAH] going goal: 0,2 color: white
Received a class edu.harvard.eecs.airg.coloredtrails.shared.discourse.BasicProposalDiscourseMessage
[MSG] Message is of type: basicproposal
[MSG] Message is for: 0
[MSG] i'm: 0
Received a proposal creating event
org notification: Response [id=3118, response=accepted, clock=9, time=2015-05-21 18:41:30.171]
org notified sent response(3118,accepted,9).
org notification: Proposal [id=3118, agent=a20, agent2=a10, clock=9, time=2015-05-21 18:41:30.163]
org notified sent proposal(3118,a20,a10,9).
a30[CTAH] going goal: 0,2 color: white
a40[CTAH] going goal: 0,2 color: white
a10[CTAH] going goal: 0,2 color: white
object notification: Time [clock=10, time=2015-05-21 18:41:31.371]
Event sent to agent      a30 clock(10)
object notification: Time [clock=10, time=2015-05-21 18:41:31.371]
Event sent to agent      a40 clock(10)
org notification: Time [clock=10, time=2015-05-21 18:41:31.371]
org notified sent time(10).
object notification: Time [clock=10, time=2015-05-21 18:41:31.371]
Event sent to agent      a10 clock(10)
a30[CTAH] going goal: 0,2 color: white
a40[CTAH] going goal: 0,2 color: white
Event processed @ctenv(functionToList(proposal(proposal, 1, 3118, accept)),LIST,0); if B(LIST=[actionresult([TYPE,ID])]) then if B(TYPE=proposal) then {ReceivedMessage(TYPE, ID, open); adopta(received(TYPE, ID, closed) : Infinite, priority 1)} else if B(LIST=[actionresult([TYPE,ID,RESPONSE])]) then if B(TYPE=response) then ReceivedMessage(RESPONSE, ID) else if B(LIST=[actionresult([TYPE])]) then ReceivedEvent(TYPE) else if B(LIST=[actionresult([TYPE,AGENT,ID,RESPONSE])]) then if B(TYPE=proposal) then ReceivedProposal(AGENT, ID, RESPONSE)
Event processed UpdateClock(10)
[CTAH] Array of Terms: [Lapapl.data.Term;@5e66102a
[CTAH] The created APLList : [proposal,1,3118,accept]
a10[CTAH] going goal: 0,2 color: white
Event processed UpdateClock(10)
a30[CTAH] going goal: 0,2 color: white
Event processed UpdateClock(10)
a40[CTAH] going goal: 0,2 color: white
a10[CTAH] going goal: 0,2 color: white
a30[CTAH] going goal: 0,2 color: white
a40[CTAH] going goal: 0,2 color: white
a10[CTAH] going goal: 0,2 color: white
a30[CTAH] going goal: 0,2 color: white
a40[CTAH] going goal: 0,2 color: white
a10[CTAH] going goal: 0,2 color: white
a30[CTAH] going goal: 0,2 color: white
a40[CTAH] going goal: 0,2 color: white
a30[CTAH] going goal: 0,2 color: white
a10[CTAH] going goal: 0,2 color: white
a40[CTAH] going goal: 0,2 color: white
a30[CTAH] going goal: 0,2 color: white
a10[CTAH] going goal: 0,2 color: white
a40[CTAH] going goal: 0,2 color: white
a30[CTAH] going goal: 0,2 color: white
a10[CTAH] going goal: 0,2 color: white
a40[CTAH] going goal: 0,2 color: white
org notification: Time [clock=11, time=2015-05-21 18:41:41.375]
org notified sent time(11).
object notification: Time [clock=11, time=2015-05-21 18:41:41.375]
Event sent to agent      a10 clock(11)
object notification: Time [clock=11, time=2015-05-21 18:41:41.375]
Event sent to agent      a30 clock(11)
object notification: Time [clock=11, time=2015-05-21 18:41:41.375]
Event sent to agent      a40 clock(11)
org notification: Position [subject=a20, id=null, cell=Cell [x=1, y=2], time=2015-05-21 18:41:41.395, clock=11]
org notified sent position(a20,cell(1,2),11).
a30[CTAH] going goal: 0,2 color: white
a40[CTAH] going goal: 0,2 color: white
a10[CTAH] going goal: 0,2 color: white
Event processed UpdateClock(11)
a30[CTAH] going goal: 0,2 color: white
Event processed UpdateClock(11)
a40[CTAH] going goal: 0,2 color: white
Event processed UpdateClock(11)
a10[CTAH] going goal: 0,2 color: white
a30[CTAH] going goal: 0,2 color: white
a10[CTAH] going goal: 0,2 color: white
a40[CTAH] going goal: 0,2 color: white
a30[CTAH] going goal: 0,2 color: white
a40[CTAH] going goal: 0,2 color: white
a10[CTAH] going goal: 0,2 color: white
a30[CTAH] going goal: 0,2 color: white
a40[CTAH] going goal: 0,2 color: white
a10[CTAH] going goal: 0,2 color: white
a30[CTAH] going goal: 0,2 color: white
a40[CTAH] going goal: 0,2 color: white
a10[CTAH] going goal: 0,2 color: white
a30[CTAH] going goal: 0,2 color: white
a40[CTAH] going goal: 0,2 color: white
a10[CTAH] going goal: 0,2 color: white
a30[CTAH] going goal: 0,2 color: white
org notification: Time [clock=12, time=2015-05-21 18:41:51.379]
org notified sent time(12).
object notification: Time [clock=12, time=2015-05-21 18:41:51.379]
object notification: Time [clock=12, time=2015-05-21 18:41:51.379]
Event sent to agent      a10 clock(12)
Event sent to agent      a40 clock(12)
object notification: Time [clock=12, time=2015-05-21 18:41:51.379]
Event sent to agent      a30 clock(12)
Event processed UpdateClock(12)
a40[CTAH] going goal: 0,2 color: white
Event processed UpdateClock(12)
a10[CTAH] going goal: 0,2 color: white
a30[CTAH] going goal: 0,2 color: white
a40[CTAH] going goal: 0,2 color: white
a10[CTAH] going goal: 0,2 color: white
Event processed UpdateClock(12)
a30[CTAH] going goal: 0,2 color: white
a40[CTAH] going goal: 0,2 color: white
a10[CTAH] going goal: 0,2 color: white
a30[CTAH] going goal: 0,2 color: white
a40[CTAH] going goal: 0,2 color: white
a10[CTAH] going goal: 0,2 color: white
a30[CTAH] going goal: 0,2 color: white
a40[CTAH] going goal: 0,2 color: white
a30[CTAH] going goal: 0,2 color: white
a10[CTAH] going goal: 0,2 color: white
a40[CTAH] going goal: 0,2 color: white
a30[CTAH] going goal: 0,2 color: white
a10[CTAH] going goal: 0,2 color: white
a40[CTAH] going goal: 0,2 color: white
a30[CTAH] going goal: 0,2 color: white
a10[CTAH] going goal: 0,2 color: white
a40[CTAH] going goal: 0,2 color: white
a30[CTAH] going goal: 0,2 color: white
setPhases in ClientGameStatus, the current phase is Movement Phase
setPhases in ClientGameStatus, the current phase is Movement Phase
setPhases in ClientGameStatus, the current phase is Movement Phase
object notification: Time [clock=13, time=2015-05-21 18:42:01.383]
Event sent to agent      a40 clock(13)
object notification: Time [clock=13, time=2015-05-21 18:42:01.383]
Event sent to agent      a10 clock(13)
org notification: Time [clock=13, time=2015-05-21 18:42:01.383]
org notified sent time(13).
object notification: Time [clock=13, time=2015-05-21 18:42:01.383]
Event sent to agent      a30 clock(13)
a10[CTAH] going goal: 0,2 color: white
Event processed @ctenv(functionToList(message(phasechange)),LIST,0); if B(LIST=[actionresult([TYPE,ID])]) then if B(TYPE=proposal) then {ReceivedMessage(TYPE, ID, open); adopta(received(TYPE, ID, closed) : Infinite, priority 1)} else if B(LIST=[actionresult([TYPE,ID,RESPONSE])]) then if B(TYPE=response) then ReceivedMessage(RESPONSE, ID) else if B(LIST=[actionresult([TYPE])]) then ReceivedEvent(TYPE) else if B(LIST=[actionresult([TYPE,AGENT,ID,RESPONSE])]) then if B(TYPE=proposal) then ReceivedProposal(AGENT, ID, RESPONSE)
Event processed UpdateClock(13)
[CTAH] Array of Terms: [Lapapl.data.Term;@5315d711
[CTAH] The created APLList : [phasechange]
a40[CTAH] going goal: 0,2 color: white
a30[CTAH] going goal: 0,2 color: white
Event processed @ctenv(functionToList(message(phasechange)),LIST,0); if B(LIST=[actionresult([TYPE,ID])]) then if B(TYPE=proposal) then {ReceivedMessage(TYPE, ID, open); adopta(received(TYPE, ID, closed) : Infinite, priority 1)} else if B(LIST=[actionresult([TYPE,ID,RESPONSE])]) then if B(TYPE=response) then ReceivedMessage(RESPONSE, ID) else if B(LIST=[actionresult([TYPE])]) then ReceivedEvent(TYPE) else if B(LIST=[actionresult([TYPE,AGENT,ID,RESPONSE])]) then if B(TYPE=proposal) then ReceivedProposal(AGENT, ID, RESPONSE)
Event processed UpdateClock(13)
[CTAH] Array of Terms: [Lapapl.data.Term;@7634bb81
[CTAH] The created APLList : [phasechange]
a10[CTAH] going goal: 0,2 color: white
a40[CTAH] going goal: 0,2 color: white
Event processed @ctenv(functionToList(message(phasechange)),LIST,0); if B(LIST=[actionresult([TYPE,ID])]) then if B(TYPE=proposal) then {ReceivedMessage(TYPE, ID, open); adopta(received(TYPE, ID, closed) : Infinite, priority 1)} else if B(LIST=[actionresult([TYPE,ID,RESPONSE])]) then if B(TYPE=response) then ReceivedMessage(RESPONSE, ID) else if B(LIST=[actionresult([TYPE])]) then ReceivedEvent(TYPE) else if B(LIST=[actionresult([TYPE,AGENT,ID,RESPONSE])]) then if B(TYPE=proposal) then ReceivedProposal(AGENT, ID, RESPONSE)
Event processed UpdateClock(13)
[CTAH] Array of Terms: [Lapapl.data.Term;@67e3999f
[CTAH] The created APLList : [phasechange]
a30[CTAH] going goal: 0,2 color: white
a10[CTAH] going goal: 0,2 color: white
a40[CTAH] going goal: 0,2 color: white
a30[CTAH] going goal: 0,2 color: white
a10[CTAH] going goal: 0,2 color: white
a40[CTAH] going goal: 0,2 color: white
a30[CTAH] going goal: 0,2 color: white
a10[CTAH] going goal: 0,2 color: white
a40[CTAH] going goal: 0,2 color: white
a30[CTAH] going goal: 0,2 color: white
a10[CTAH] going goal: 0,2 color: white
a40[CTAH] going goal: 0,2 color: white
a30[CTAH] going goal: 0,2 color: white
a10[CTAH] going goal: 0,2 color: white
a30[CTAH] going goal: 0,2 color: white
a40[CTAH] going goal: 0,2 color: white
a10[CTAH] going goal: 0,2 color: white
a30[CTAH] going goal: 0,2 color: white
a40[CTAH] going goal: 0,2 color: white
a10[CTAH] going goal: 0,2 color: white
a30[CTAH] going goal: 0,2 color: white
a40[CTAH] going goal: 0,2 color: white
object notification: Time [clock=14, time=2015-05-21 18:42:11.386]
Event sent to agent      a30 clock(14)
org notification: Time [clock=14, time=2015-05-21 18:42:11.386]
org notified sent time(14).
object notification: Time [clock=14, time=2015-05-21 18:42:11.386]
Event sent to agent      a10 clock(14)
object notification: Time [clock=14, time=2015-05-21 18:42:11.386]
Event sent to agent      a40 clock(14)
Event processed UpdateClock(14)
Event processed UpdateClock(14)
a30[CTAH] going goal: 0,2 color: white
a10[CTAH] going goal: 0,2 color: white
a40[CTAH] going goal: 0,2 color: white
a10[CTAH] going goal: 0,2 color: white
a30[CTAH] going goal: 0,2 color: white
Event processed UpdateClock(14)
a40[CTAH] going goal: 0,2 color: white
a30[CTAH] going goal: 0,2 color: white
a10[CTAH] going goal: 0,2 color: white
a40[CTAH] going goal: 0,2 color: white
a30[CTAH] going goal: 0,2 color: white
a10[CTAH] going goal: 0,2 color: white
a40[CTAH] going goal: 0,2 color: white
a30[CTAH] going goal: 0,2 color: white
a10[CTAH] going goal: 0,2 color: white
a40[CTAH] going goal: 0,2 color: white
a30[CTAH] going goal: 0,2 color: white
a10[CTAH] going goal: 0,2 color: white
a40[CTAH] going goal: 0,2 color: white
a30[CTAH] going goal: 0,2 color: white
a10[CTAH] going goal: 0,2 color: white
a40[CTAH] going goal: 0,2 color: white
a30[CTAH] going goal: 0,2 color: white
a10[CTAH] going goal: 0,2 color: white
a40[CTAH] going goal: 0,2 color: white
object notification: Time [clock=15, time=2015-05-21 18:42:21.396]
Event sent to agent      a40 clock(15)
org notification: Time [clock=15, time=2015-05-21 18:42:21.396]
org notified sent time(15).
object notification: Time [clock=15, time=2015-05-21 18:42:21.396]
Event sent to agent      a10 clock(15)
object notification: Time [clock=15, time=2015-05-21 18:42:21.396]
Event sent to agent      a30 clock(15)
Event processed UpdateClock(15)
a30[CTAH] going goal: 0,2 color: white
Event processed UpdateClock(15)
a10[CTAH] going goal: 0,2 color: white
a40[CTAH] going goal: 0,2 color: white
a30[CTAH] going goal: 0,2 color: white
a10[CTAH] going goal: 0,2 color: white
Event processed UpdateClock(15)
a40[CTAH] going goal: 0,2 color: white
a30[CTAH] going goal: 0,2 color: white
a10[CTAH] going goal: 0,2 color: white
a40[CTAH] going goal: 0,2 color: white
a30[CTAH] going goal: 0,2 color: white
a10[CTAH] going goal: 0,2 color: white
a40[CTAH] going goal: 0,2 color: white
a30[CTAH] going goal: 0,2 color: white
a10[CTAH] going goal: 0,2 color: white
a40[CTAH] going goal: 0,2 color: white
a30[CTAH] going goal: 0,2 color: white
a10[CTAH] going goal: 0,2 color: white
a40[CTAH] going goal: 0,2 color: white
a30[CTAH] going goal: 0,2 color: white
a10[CTAH] going goal: 0,2 color: white
a40[CTAH] going goal: 0,2 color: white
a30[CTAH] going goal: 0,2 color: white
a40[CTAH] going goal: 0,2 color: white
a10[CTAH] going goal: 0,2 color: white
a30[CTAH] going goal: 0,2 color: white
object notification: Time [clock=16, time=2015-05-21 18:42:31.426]
Event sent to agent      a30 clock(16)
org notification: Time [clock=16, time=2015-05-21 18:42:31.426]
object notification: Time [clock=16, time=2015-05-21 18:42:31.426]
Event sent to agent      a10 clock(16)
org notified sent time(16).
object notification: Time [clock=16, time=2015-05-21 18:42:31.426]
Event sent to agent      a40 clock(16)
a30[CTAH] going goal: 0,2 color: white
a40[CTAH] going goal: 0,2 color: white
Event processed UpdateClock(16)
a10[CTAH] going goal: 0,2 color: white
Event processed UpdateClock(16)
Event processed UpdateClock(16)
a30[CTAH] going goal: 0,2 color: white
a40[CTAH] going goal: 0,2 color: white
a10[CTAH] going goal: 0,2 color: white
a30[CTAH] going goal: 0,2 color: white
a40[CTAH] going goal: 0,2 color: white
a10[CTAH] going goal: 0,2 color: white
a30[CTAH] going goal: 0,2 color: white
a40[CTAH] going goal: 0,2 color: white
a10[CTAH] going goal: 0,2 color: white
a30[CTAH] going goal: 0,2 color: white
a40[CTAH] going goal: 0,2 color: white
a10[CTAH] going goal: 0,2 color: white
a10[CTAH] going goal: 0,2 color: white
a30[CTAH] going goal: 0,2 color: white
a40[CTAH] going goal: 0,2 color: white
a10[CTAH] going goal: 0,2 color: white
a30[CTAH] going goal: 0,2 color: white
a40[CTAH] going goal: 0,2 color: white
a10[CTAH] going goal: 0,2 color: white
object notification: Time [clock=17, time=2015-05-21 18:42:41.428]
Event sent to agent      a30 clock(17)
org notification: Time [clock=17, time=2015-05-21 18:42:41.428]
org notified sent time(17).
object notification: Time [clock=17, time=2015-05-21 18:42:41.428]
Event sent to agent      a10 clock(17)
object notification: Time [clock=17, time=2015-05-21 18:42:41.428]
Event sent to agent      a40 clock(17)
Event processed UpdateClock(17)
Event processed UpdateClock(17)
a30[CTAH] going goal: 0,2 color: white
a40[CTAH] going goal: 0,2 color: white
Event processed UpdateClock(17)
a10[CTAH] going goal: 0,2 color: white
a30[CTAH] going goal: 0,2 color: white
a40[CTAH] going goal: 0,2 color: white
a10[CTAH] going goal: 0,2 color: white
a30[CTAH] going goal: 0,2 color: white
a40[CTAH] going goal: 0,2 color: white
a10[CTAH] going goal: 0,2 color: white
a30[CTAH] going goal: 0,2 color: white
a40[CTAH] going goal: 0,2 color: white
a10[CTAH] going goal: 0,2 color: white
a30[CTAH] going goal: 0,2 color: white
a40[CTAH] going goal: 0,2 color: white
a10[CTAH] going goal: 0,2 color: white
a30[CTAH] going goal: 0,2 color: white
a40[CTAH] going goal: 0,2 color: white
a10[CTAH] going goal: 0,2 color: white
a30[CTAH] going goal: 0,2 color: white
a40[CTAH] going goal: 0,2 color: white
a10[CTAH] going goal: 0,2 color: white
object notification: Time [clock=18, time=2015-05-21 18:42:51.437]
Event sent to agent      a30 clock(18)
org notification: Time [clock=18, time=2015-05-21 18:42:51.437]
org notified sent time(18).
object notification: Time [clock=18, time=2015-05-21 18:42:51.437]
Event sent to agent      a40 clock(18)
object notification: Time [clock=18, time=2015-05-21 18:42:51.437]
Event sent to agent      a10 clock(18)
a30[CTAH] going goal: 0,2 color: white
a40[CTAH] going goal: 0,2 color: white
a10[CTAH] going goal: 0,2 color: white
Event processed UpdateClock(18)
Event processed UpdateClock(18)
a40[CTAH] going goal: 0,2 color: white
a30[CTAH] going goal: 0,2 color: white
Event processed UpdateClock(18)
a10[CTAH] going goal: 0,2 color: white
a40[CTAH] going goal: 0,2 color: white
a30[CTAH] going goal: 0,2 color: white
a10[CTAH] going goal: 0,2 color: white
a30[CTAH] going goal: 0,2 color: white
a40[CTAH] going goal: 0,2 color: white
a10[CTAH] going goal: 0,2 color: white
a30[CTAH] going goal: 0,2 color: white
a40[CTAH] going goal: 0,2 color: white
a10[CTAH] going goal: 0,2 color: white
a30[CTAH] going goal: 0,2 color: white
a40[CTAH] going goal: 0,2 color: white
a10[CTAH] going goal: 0,2 color: white
a30[CTAH] going goal: 0,2 color: white
a40[CTAH] going goal: 0,2 color: white
a10[CTAH] going goal: 0,2 color: white
object notification: Time [clock=19, time=2015-05-21 18:43:01.439]
Event sent to agent      a30 clock(19)
object notification: Time [clock=19, time=2015-05-21 18:43:01.439]
Event sent to agent      a40 clock(19)
org notification: Time [clock=19, time=2015-05-21 18:43:01.439]
org notified sent time(19).
object notification: Time [clock=19, time=2015-05-21 18:43:01.439]
Event sent to agent      a10 clock(19)
Event processed UpdateClock(19)
a30[CTAH] going goal: 0,2 color: white
Event processed UpdateClock(19)
a40[CTAH] going goal: 0,2 color: white
Event processed UpdateClock(19)
a10[CTAH] going goal: 0,2 color: white
a30[CTAH] going goal: 0,2 color: white
a40[CTAH] going goal: 0,2 color: white
a10[CTAH] going goal: 0,2 color: white
a30[CTAH] going goal: 0,2 color: white
a40[CTAH] going goal: 0,2 color: white
a10[CTAH] going goal: 0,2 color: white
a30[CTAH] going goal: 0,2 color: white
a40[CTAH] going goal: 0,2 color: white
a10[CTAH] going goal: 0,2 color: white
a30[CTAH] going goal: 0,2 color: white
a40[CTAH] going goal: 0,2 color: white
a10[CTAH] going goal: 0,2 color: white
a30[CTAH] going goal: 0,2 color: white
a40[CTAH] going goal: 0,2 color: white
a10[CTAH] going goal: 0,2 color: white
a30[CTAH] going goal: 0,2 color: white
a40[CTAH] going goal: 0,2 color: white
object notification: Time [clock=20, time=2015-05-21 18:43:11.442]
Event sent to agent      a30 clock(20)
org notification: Time [clock=20, time=2015-05-21 18:43:11.442]
org notified sent time(20).
object notification: Time [clock=20, time=2015-05-21 18:43:11.442]
Event sent to agent      a10 clock(20)
object notification: Time [clock=20, time=2015-05-21 18:43:11.442]
Event sent to agent      a40 clock(20)
Event processed UpdateClock(20)
a10[CTAH] going goal: 0,2 color: white
a30[CTAH] going goal: 0,2 color: white
a40[CTAH] going goal: 0,2 color: white
a10[CTAH] going goal: 0,2 color: white
Event processed UpdateClock(20)
a30[CTAH] going goal: 0,2 color: white
Event processed UpdateClock(20)
a40[CTAH] going goal: 0,2 color: white
a10[CTAH] going goal: 0,2 color: white
a30[CTAH] going goal: 0,2 color: white
a40[CTAH] going goal: 0,2 color: white
a10[CTAH] going goal: 0,2 color: white
a30[CTAH] going goal: 0,2 color: white
a40[CTAH] going goal: 0,2 color: white
a10[CTAH] going goal: 0,2 color: white
a30[CTAH] going goal: 0,2 color: white
a40[CTAH] going goal: 0,2 color: white
a10[CTAH] going goal: 0,2 color: white
a30[CTAH] going goal: 0,2 color: white
a40[CTAH] going goal: 0,2 color: white
a10[CTAH] going goal: 0,2 color: white
a30[CTAH] going goal: 0,2 color: white
object notification: Time [clock=21, time=2015-05-21 18:43:21.455]
Event sent to agent      a40 clock(21)
org notification: Time [clock=21, time=2015-05-21 18:43:21.455]
org notified sent time(21).
object notification: Time [clock=21, time=2015-05-21 18:43:21.455]
Event sent to agent      a30 clock(21)
object notification: Time [clock=21, time=2015-05-21 18:43:21.455]
Event sent to agent      a10 clock(21)
a40[CTAH] going goal: 0,2 color: white
a10[CTAH] going goal: 0,2 color: white
Event processed UpdateClock(21)
a30[CTAH] going goal: 0,2 color: white
Event processed UpdateClock(21)
a40[CTAH] going goal: 0,2 color: white
Event processed UpdateClock(21)
a10[CTAH] going goal: 0,2 color: white
a30[CTAH] going goal: 0,2 color: white
a40[CTAH] going goal: 0,2 color: white
a10[CTAH] going goal: 0,2 color: white
a30[CTAH] going goal: 0,2 color: white
a40[CTAH] going goal: 0,2 color: white
a10[CTAH] going goal: 0,2 color: white
a30[CTAH] going goal: 0,2 color: white
a40[CTAH] going goal: 0,2 color: white
a10[CTAH] going goal: 0,2 color: white
a30[CTAH] going goal: 0,2 color: white
a40[CTAH] going goal: 0,2 color: white
a30[CTAH] going goal: 0,2 color: white
a10[CTAH] going goal: 0,2 color: white
a40[CTAH] going goal: 0,2 color: white
object notification: Time [clock=22, time=2015-05-21 18:43:31.49]
Event sent to agent      a40 clock(22)
object notification: Time [clock=22, time=2015-05-21 18:43:31.49]
Event sent to agent      a30 clock(22)
org notification: Time [clock=22, time=2015-05-21 18:43:31.49]
org notified sent time(22).
Organization writes: Points [subject=a10, time=2015-05-21 18:43:31.514, clock=22, value=833, id=null]
object notification: Time [clock=22, time=2015-05-21 18:43:31.49]
Event sent to agent      a10 clock(22)
Organization writes: Points [subject=a30, time=2015-05-21 18:43:31.536, clock=22, value=833, id=null]
Organization writes: Points [subject=a40, time=2015-05-21 18:43:31.546, clock=22, value=833, id=null]
object notification: Points [subject=a10, time=2015-05-21 18:43:31.514, clock=22, value=833, id=null]
Event sent to agent      a10 points(833)
object notification: Points [subject=a30, time=2015-05-21 18:43:31.536, clock=22, value=833, id=null]
Event sent to agent      a30 points(833)
object notification: Points [subject=a40, time=2015-05-21 18:43:31.546, clock=22, value=833, id=null]
Event sent to agent      a40 points(833)
Event processed UpdateClock(22)
Event processed UpdatePoints(833)
Event processed UpdateClock(22)
Event processed UpdatePoints(833)
a30[CTAH] going goal: 0,2 color: white
a10[CTAH] going goal: 0,2 color: white
a40[CTAH] going goal: 0,2 color: white
a30[CTAH] going goal: 0,2 color: white
a40[CTAH] going goal: 0,2 color: white
Event processed UpdateClock(22)
Event processed UpdatePoints(833)
a10[CTAH] going goal: 0,2 color: white
a30[CTAH] going goal: 0,2 color: white
a40[CTAH] going goal: 0,2 color: white
a10[CTAH] going goal: 0,2 color: white
a30[CTAH] going goal: 0,2 color: white
a40[CTAH] going goal: 0,2 color: white
a10[CTAH] going goal: 0,2 color: white
a30[CTAH] going goal: 0,2 color: white
a40[CTAH] going goal: 0,2 color: white
a10[CTAH] going goal: 0,2 color: white
a30[CTAH] going goal: 0,2 color: white
a40[CTAH] going goal: 0,2 color: white
a10[CTAH] going goal: 0,2 color: white
a30[CTAH] going goal: 0,2 color: white
a40[CTAH] going goal: 0,2 color: white
a10[CTAH] going goal: 0,2 color: white
a30[CTAH] going goal: 0,2 color: white
a40[CTAH] going goal: 0,2 color: white
object notification: Time [clock=23, time=2015-05-21 18:43:41.492]
org notification: Time [clock=23, time=2015-05-21 18:43:41.492]
org notified sent time(23).
Event sent to agent      a30 clock(23)
object notification: Time [clock=23, time=2015-05-21 18:43:41.492]
Event sent to agent      a40 clock(23)
object notification: Time [clock=23, time=2015-05-21 18:43:41.492]
Event sent to agent      a10 clock(23)
Event processed UpdateClock(23)
a10[CTAH] going goal: 0,2 color: white
Event processed UpdateClock(23)
a30[CTAH] going goal: 0,2 color: white
Event processed UpdateClock(23)
a40[CTAH] going goal: 0,2 color: white
a10[CTAH] going goal: 0,2 color: white
a30[CTAH] going goal: 0,2 color: white
a40[CTAH] going goal: 0,2 color: white
a10[CTAH] going goal: 0,2 color: white
a30[CTAH] going goal: 0,2 color: white
a40[CTAH] going goal: 0,2 color: white
a10[CTAH] going goal: 0,2 color: white
a30[CTAH] going goal: 0,2 color: white
a40[CTAH] going goal: 0,2 color: white
a10[CTAH] going goal: 0,2 color: white
a30[CTAH] going goal: 0,2 color: white
a40[CTAH] going goal: 0,2 color: white
a10[CTAH] going goal: 0,2 color: white
a30[CTAH] going goal: 0,2 color: white
a40[CTAH] going goal: 0,2 color: white
a10[CTAH] going goal: 0,2 color: white
a30[CTAH] going goal: 0,2 color: white
a40[CTAH] going goal: 0,2 color: white
a10[CTAH] going goal: 0,2 color: white
a30[CTAH] going goal: 0,2 color: white
a40[CTAH] going goal: 0,2 color: white
org notification: Time [clock=24, time=2015-05-21 18:43:51.495]
org notified sent time(24).
object notification: Time [clock=24, time=2015-05-21 18:43:51.495]
Event sent to agent      a10 clock(24)
object notification: Time [clock=24, time=2015-05-21 18:43:51.495]
Event sent to agent      a30 clock(24)
object notification: Time [clock=24, time=2015-05-21 18:43:51.495]
Event sent to agent      a40 clock(24)
Event processed UpdateClock(24)
Event processed UpdateClock(24)
a10[CTAH] going goal: 0,2 color: white
a30[CTAH] going goal: 0,2 color: white
Event processed UpdateClock(24)
a40[CTAH] going goal: 0,2 color: white
a30[CTAH] going goal: 0,2 color: white
a10[CTAH] going goal: 0,2 color: white
a40[CTAH] going goal: 0,2 color: white
a30[CTAH] going goal: 0,2 color: white
a10[CTAH] going goal: 0,2 color: white
a40[CTAH] going goal: 0,2 color: white
a30[CTAH] going goal: 0,2 color: white
a10[CTAH] going goal: 0,2 color: white
a40[CTAH] going goal: 0,2 color: white
a30[CTAH] going goal: 0,2 color: white
a10[CTAH] going goal: 0,2 color: white
a40[CTAH] going goal: 0,2 color: white
a30[CTAH] going goal: 0,2 color: white
a40[CTAH] going goal: 0,2 color: white
a10[CTAH] going goal: 0,2 color: white
a30[CTAH] going goal: 0,2 color: white
a40[CTAH] going goal: 0,2 color: white
a10[CTAH] going goal: 0,2 color: white
a30[CTAH] going goal: 0,2 color: white
a40[CTAH] going goal: 0,2 color: white
a10[CTAH] going goal: 0,2 color: white
a30[CTAH] going goal: 0,2 color: white
setPhases in ClientGameStatus, the current phase is Feedback Phase
setPhases in ClientGameStatus, the current phase is Feedback Phase
setPhases in ClientGameStatus, the current phase is Feedback Phase
org notification: Time [clock=25, time=2015-05-21 18:44:01.527]
org notified sent time(25).
object notification: Time [clock=25, time=2015-05-21 18:44:01.527]
Event sent to agent      a10 clock(25)
object notification: Time [clock=25, time=2015-05-21 18:44:01.527]
Event sent to agent      a30 clock(25)
object notification: Time [clock=25, time=2015-05-21 18:44:01.527]
Event sent to agent      a40 clock(25)
Organization writes: Points [subject=a10, time=2015-05-21 18:44:01.582, clock=25, value=733, id=null]
Organization writes: Points [subject=a30, time=2015-05-21 18:44:01.593, clock=25, value=733, id=null]
object notification: Points [subject=a10, time=2015-05-21 18:44:01.582, clock=25, value=733, id=null]
Event sent to agent      a10 points(733)
object notification: Points [subject=a30, time=2015-05-21 18:44:01.593, clock=25, value=733, id=null]
Event sent to agent      a30 points(733)
Organization writes: Points [subject=a40, time=2015-05-21 18:44:01.636, clock=25, value=733, id=null]
object notification: Points [subject=a40, time=2015-05-21 18:44:01.636, clock=25, value=733, id=null]
Event sent to agent      a40 points(733)
Event processed @ctenv(functionToList(message(phasechange)),LIST,0); if B(LIST=[actionresult([TYPE,ID])]) then if B(TYPE=proposal) then {ReceivedMessage(TYPE, ID, open); adopta(received(TYPE, ID, closed) : Infinite, priority 1)} else if B(LIST=[actionresult([TYPE,ID,RESPONSE])]) then if B(TYPE=response) then ReceivedMessage(RESPONSE, ID) else if B(LIST=[actionresult([TYPE])]) then ReceivedEvent(TYPE) else if B(LIST=[actionresult([TYPE,AGENT,ID,RESPONSE])]) then if B(TYPE=proposal) then ReceivedProposal(AGENT, ID, RESPONSE)
Event processed UpdateClock(25)
Event processed UpdatePoints(733)
[CTAH] Array of Terms: [Lapapl.data.Term;@27602e6b
[CTAH] The created APLList : [phasechange]
a40[CTAH] going goal: 0,2 color: white
Event processed @ctenv(functionToList(message(phasechange)),LIST,0); if B(LIST=[actionresult([TYPE,ID])]) then if B(TYPE=proposal) then {ReceivedMessage(TYPE, ID, open); adopta(received(TYPE, ID, closed) : Infinite, priority 1)} else if B(LIST=[actionresult([TYPE,ID,RESPONSE])]) then if B(TYPE=response) then ReceivedMessage(RESPONSE, ID) else if B(LIST=[actionresult([TYPE])]) then ReceivedEvent(TYPE) else if B(LIST=[actionresult([TYPE,AGENT,ID,RESPONSE])]) then if B(TYPE=proposal) then ReceivedProposal(AGENT, ID, RESPONSE)
Event processed UpdateClock(25)
Event processed UpdatePoints(733)
[CTAH] Array of Terms: [Lapapl.data.Term;@753d21ec
[CTAH] The created APLList : [phasechange]
a10[CTAH] going goal: 0,2 color: white
a30[CTAH] going goal: 0,2 color: white
(((((((((((((((((Game ended)))))))))))
Game ended 
My PlayerStatus is: Game Player...
PerGameId: 2.
PIN: 30.
Pos: (R:4,C:4).
Chips: { chips  'blue':9 'white':0 'brown':0 'yellow':0 }.
Score: 733.
Team: -1.

(((((((((((((((((Game ended)))))))))))
Game ended 
My PlayerStatus is: Game Player...
PerGameId: 0.
PIN: 10.
Pos: (R:0,C:0).
Chips: { chips  'blue':0 'white':7 'brown':0 'yellow':0 }.
Score: 733.
Team: -1.

(((((((((((((((((Game ended)))))))))))
Game ended 
My PlayerStatus is: Game Player...
PerGameId: 3.
PIN: 40.
Pos: (R:4,C:0).
Chips: { chips  'blue':0 'white':0 'brown':0 'yellow':8 }.
Score: 733.
Team: -1.

a40[CTAH] going goal: 0,2 color: white
a10[CTAH] going goal: 0,2 color: white
Event processed @ctenv(functionToList(message(phasechange)),LIST,0); if B(LIST=[actionresult([TYPE,ID])]) then if B(TYPE=proposal) then {ReceivedMessage(TYPE, ID, open); adopta(received(TYPE, ID, closed) : Infinite, priority 1)} else if B(LIST=[actionresult([TYPE,ID,RESPONSE])]) then if B(TYPE=response) then ReceivedMessage(RESPONSE, ID) else if B(LIST=[actionresult([TYPE])]) then ReceivedEvent(TYPE) else if B(LIST=[actionresult([TYPE,AGENT,ID,RESPONSE])]) then if B(TYPE=proposal) then ReceivedProposal(AGENT, ID, RESPONSE)
Event processed UpdateClock(25)
Event processed UpdatePoints(733)
Event processed @ctenv(functionToList(message(game_ended)),LIST,0); if B(LIST=[actionresult([TYPE,ID])]) then if B(TYPE=proposal) then {ReceivedMessage(TYPE, ID, open); adopta(received(TYPE, ID, closed) : Infinite, priority 1)} else if B(LIST=[actionresult([TYPE,ID,RESPONSE])]) then if B(TYPE=response) then ReceivedMessage(RESPONSE, ID) else if B(LIST=[actionresult([TYPE])]) then ReceivedEvent(TYPE) else if B(LIST=[actionresult([TYPE,AGENT,ID,RESPONSE])]) then if B(TYPE=proposal) then ReceivedProposal(AGENT, ID, RESPONSE)
[CTAH] Array of Terms: [Lapapl.data.Term;@1500caa5
[CTAH] The created APLList : [phasechange]
[CTAH] Array of Terms: [Lapapl.data.Term;@3360b5e4
[CTAH] The created APLList : [game_ended]
a30[CTAH] going goal: 0,2 color: white
Event processed @ctenv(functionToList(message(game_ended)),LIST,0); if B(LIST=[actionresult([TYPE,ID])]) then if B(TYPE=proposal) then {ReceivedMessage(TYPE, ID, open); adopta(received(TYPE, ID, closed) : Infinite, priority 1)} else if B(LIST=[actionresult([TYPE,ID,RESPONSE])]) then if B(TYPE=response) then ReceivedMessage(RESPONSE, ID) else if B(LIST=[actionresult([TYPE])]) then ReceivedEvent(TYPE) else if B(LIST=[actionresult([TYPE,AGENT,ID,RESPONSE])]) then if B(TYPE=proposal) then ReceivedProposal(AGENT, ID, RESPONSE)
[CTAH] Array of Terms: [Lapapl.data.Term;@53bca76e
[CTAH] The created APLList : [game_ended]
a40[CTAH] going goal: 0,2 color: white
Event processed @ctenv(functionToList(message(game_ended)),LIST,0); if B(LIST=[actionresult([TYPE,ID])]) then if B(TYPE=proposal) then {ReceivedMessage(TYPE, ID, open); adopta(received(TYPE, ID, closed) : Infinite, priority 1)} else if B(LIST=[actionresult([TYPE,ID,RESPONSE])]) then if B(TYPE=response) then ReceivedMessage(RESPONSE, ID) else if B(LIST=[actionresult([TYPE])]) then ReceivedEvent(TYPE) else if B(LIST=[actionresult([TYPE,AGENT,ID,RESPONSE])]) then if B(TYPE=proposal) then ReceivedProposal(AGENT, ID, RESPONSE)
[CTAH] Array of Terms: [Lapapl.data.Term;@12c96d17
[CTAH] The created APLList : [game_ended]
a10[CTAH] going goal: 0,2 color: white
a30[CTAH] going goal: 0,2 color: white
a40[CTAH] going goal: 0,2 color: white
a10[CTAH] going goal: 0,2 color: white
a30[CTAH] going goal: 0,2 color: white
a40[CTAH] going goal: 0,2 color: white
a10[CTAH] going goal: 0,2 color: white
a30[CTAH] going goal: 0,2 color: white
a40[CTAH] going goal: 0,2 color: white
a10[CTAH] going goal: 0,2 color: white
a30[CTAH] going goal: 0,2 color: white
a40[CTAH] going goal: 0,2 color: white
a10[CTAH] going goal: 0,2 color: white
a30[CTAH] going goal: 0,2 color: white
a40[CTAH] going goal: 0,2 color: white
a10[CTAH] going goal: 0,2 color: white
a30[CTAH] going goal: 0,2 color: white
a40[CTAH] going goal: 0,2 color: white
a10[CTAH] going goal: 0,2 color: white
object notification: Time [clock=26, time=2015-05-21 18:44:11.575]
Event sent to agent      a30 clock(26)
object notification: Time [clock=26, time=2015-05-21 18:44:11.575]
Event sent to agent      a10 clock(26)
object notification: Time [clock=26, time=2015-05-21 18:44:11.575]
Event sent to agent      a40 clock(26)
org notification: Time [clock=26, time=2015-05-21 18:44:11.575]
org notified sent time(26).
a30[CTAH] going goal: 0,2 color: white
a40[CTAH] going goal: 0,2 color: white
a10[CTAH] going goal: 0,2 color: white
Event processed UpdateClock(26)
a30[CTAH] going goal: 0,2 color: white
Event processed UpdateClock(26)
a40[CTAH] going goal: 0,2 color: white
Event processed UpdateClock(26)
a10[CTAH] going goal: 0,2 color: white
a30[CTAH] going goal: 0,2 color: white
a40[CTAH] going goal: 0,2 color: white
a10[CTAH] going goal: 0,2 color: white
a30[CTAH] going goal: 0,2 color: white
a40[CTAH] going goal: 0,2 color: white
a10[CTAH] going goal: 0,2 color: white
a30[CTAH] going goal: 0,2 color: white
a40[CTAH] going goal: 0,2 color: white
a10[CTAH] going goal: 0,2 color: white
a30[CTAH] going goal: 0,2 color: white
a40[CTAH] going goal: 0,2 color: white
a30[CTAH] going goal: 0,2 color: white
a10[CTAH] going goal: 0,2 color: white
a40[CTAH] going goal: 0,2 color: white
a30[CTAH] going goal: 0,2 color: white
a10[CTAH] going goal: 0,2 color: white
a40[CTAH] going goal: 0,2 color: white
a30[CTAH] going goal: 0,2 color: white
a10[CTAH] going goal: 0,2 color: white
object notification: Time [clock=27, time=2015-05-21 18:44:21.578]
Event sent to agent      a30 clock(27)
org notification: Time [clock=27, time=2015-05-21 18:44:21.578]
org notified sent time(27).
object notification: Time [clock=27, time=2015-05-21 18:44:21.578]
Event sent to agent      a10 clock(27)
object notification: Time [clock=27, time=2015-05-21 18:44:21.578]
Event sent to agent      a40 clock(27)
a40[CTAH] going goal: 0,2 color: white
Event processed UpdateClock(27)
a30[CTAH] going goal: 0,2 color: white
a10[CTAH] going goal: 0,2 color: white
Event processed UpdateClock(27)
a40[CTAH] going goal: 0,2 color: white
a30[CTAH] going goal: 0,2 color: white
Event processed UpdateClock(27)
a10[CTAH] going goal: 0,2 color: white
a40[CTAH] going goal: 0,2 color: white
a30[CTAH] going goal: 0,2 color: white
a10[CTAH] going goal: 0,2 color: white
a40[CTAH] going goal: 0,2 color: white
a30[CTAH] going goal: 0,2 color: white
a10[CTAH] going goal: 0,2 color: white
a40[CTAH] going goal: 0,2 color: white
a30[CTAH] going goal: 0,2 color: white
a10[CTAH] going goal: 0,2 color: white
a40[CTAH] going goal: 0,2 color: white
a30[CTAH] going goal: 0,2 color: white
a10[CTAH] going goal: 0,2 color: white
a40[CTAH] going goal: 0,2 color: white
a30[CTAH] going goal: 0,2 color: white
a10[CTAH] going goal: 0,2 color: white
a40[CTAH] going goal: 0,2 color: white
a30[CTAH] going goal: 0,2 color: white
object notification: Time [clock=28, time=2015-05-21 18:44:31.581]
Event sent to agent      a30 clock(28)
org notification: Time [clock=28, time=2015-05-21 18:44:31.581]
org notified sent time(28).
object notification: Time [clock=28, time=2015-05-21 18:44:31.581]
Event sent to agent      a10 clock(28)
object notification: Time [clock=28, time=2015-05-21 18:44:31.581]
Event sent to agent      a40 clock(28)
Event processed UpdateClock(28)
a10[CTAH] going goal: 0,2 color: white
a40[CTAH] going goal: 0,2 color: white
Event processed UpdateClock(28)
a30[CTAH] going goal: 0,2 color: white
a10[CTAH] going goal: 0,2 color: white
Event processed UpdateClock(28)
a40[CTAH] going goal: 0,2 color: white
a30[CTAH] going goal: 0,2 color: white
a10[CTAH] going goal: 0,2 color: white
a40[CTAH] going goal: 0,2 color: white
a30[CTAH] going goal: 0,2 color: white
a10[CTAH] going goal: 0,2 color: white
a40[CTAH] going goal: 0,2 color: white
a30[CTAH] going goal: 0,2 color: white
a10[CTAH] going goal: 0,2 color: white
a40[CTAH] going goal: 0,2 color: white
a30[CTAH] going goal: 0,2 color: white
a10[CTAH] going goal: 0,2 color: white
a30[CTAH] going goal: 0,2 color: white
a40[CTAH] going goal: 0,2 color: white
a10[CTAH] going goal: 0,2 color: white
a40[CTAH] going goal: 0,2 color: white
a30[CTAH] going goal: 0,2 color: white
a10[CTAH] going goal: 0,2 color: white
a30[CTAH] going goal: 0,2 color: white
a40[CTAH] going goal: 0,2 color: white
object notification: Time [clock=29, time=2015-05-21 18:44:41.595]
Event sent to agent      a30 clock(29)
org notification: Time [clock=29, time=2015-05-21 18:44:41.595]
org notified sent time(29).
object notification: Time [clock=29, time=2015-05-21 18:44:41.595]
object notification: Time [clock=29, time=2015-05-21 18:44:41.595]
Event sent to agent      a10 clock(29)
Event sent to agent      a40 clock(29)
Event processed UpdateClock(29)
a30[CTAH] going goal: 0,2 color: white
Event processed UpdateClock(29)
a40[CTAH] going goal: 0,2 color: white
a10[CTAH] going goal: 0,2 color: white
a30[CTAH] going goal: 0,2 color: white
Event processed UpdateClock(29)
a40[CTAH] going goal: 0,2 color: white
a10[CTAH] going goal: 0,2 color: white
a30[CTAH] going goal: 0,2 color: white
a40[CTAH] going goal: 0,2 color: white
a10[CTAH] going goal: 0,2 color: white
a30[CTAH] going goal: 0,2 color: white
a40[CTAH] going goal: 0,2 color: white
a10[CTAH] going goal: 0,2 color: white
a30[CTAH] going goal: 0,2 color: white
a40[CTAH] going goal: 0,2 color: white
a10[CTAH] going goal: 0,2 color: white
a30[CTAH] going goal: 0,2 color: white
a40[CTAH] going goal: 0,2 color: white
a10[CTAH] going goal: 0,2 color: white
a30[CTAH] going goal: 0,2 color: white
a40[CTAH] going goal: 0,2 color: white
a10[CTAH] going goal: 0,2 color: white
a30[CTAH] going goal: 0,2 color: white
a40[CTAH] going goal: 0,2 color: white
object notification: Time [clock=30, time=2015-05-21 18:44:51.597]
Event sent to agent      a30 clock(30)
org notification: Time [clock=30, time=2015-05-21 18:44:51.597]
org notified sent time(30).
object notification: Time [clock=30, time=2015-05-21 18:44:51.597]
Event sent to agent      a10 clock(30)
object notification: Time [clock=30, time=2015-05-21 18:44:51.597]
Event sent to agent      a40 clock(30)
a10[CTAH] going goal: 0,2 color: white
Event processed UpdateClock(30)
a30[CTAH] going goal: 0,2 color: white
a40[CTAH] going goal: 0,2 color: white
Event processed UpdateClock(30)
a10[CTAH] going goal: 0,2 color: white
a30[CTAH] going goal: 0,2 color: white
Event processed UpdateClock(30)
a40[CTAH] going goal: 0,2 color: white
a10[CTAH] going goal: 0,2 color: white
a30[CTAH] going goal: 0,2 color: white
a40[CTAH] going goal: 0,2 color: white
a10[CTAH] going goal: 0,2 color: white
a30[CTAH] going goal: 0,2 color: white
a40[CTAH] going goal: 0,2 color: white
a10[CTAH] going goal: 0,2 color: white
a30[CTAH] going goal: 0,2 color: white
a40[CTAH] going goal: 0,2 color: white
a10[CTAH] going goal: 0,2 color: white
a30[CTAH] going goal: 0,2 color: white
a40[CTAH] going goal: 0,2 color: white
a10[CTAH] going goal: 0,2 color: white
a30[CTAH] going goal: 0,2 color: white
a40[CTAH] going goal: 0,2 color: white
a10[CTAH] going goal: 0,2 color: white
a30[CTAH] going goal: 0,2 color: white
a40[CTAH] going goal: 0,2 color: white
object notification: Time [clock=31, time=2015-05-21 18:45:01.603]
Event sent to agent      a30 clock(31)
org notification: Time [clock=31, time=2015-05-21 18:45:01.603]
org notified sent time(31).
object notification: Time [clock=31, time=2015-05-21 18:45:01.603]
Event sent to agent      a10 clock(31)
object notification: Time [clock=31, time=2015-05-21 18:45:01.603]
Event sent to agent      a40 clock(31)
a10[CTAH] going goal: 0,2 color: white
Event processed UpdateClock(31)
a30[CTAH] going goal: 0,2 color: white
a40[CTAH] going goal: 0,2 color: white
Event processed UpdateClock(31)
a10[CTAH] going goal: 0,2 color: white
a30[CTAH] going goal: 0,2 color: white
Event processed UpdateClock(31)
a40[CTAH] going goal: 0,2 color: white
a10[CTAH] going goal: 0,2 color: white
a30[CTAH] going goal: 0,2 color: white
a40[CTAH] going goal: 0,2 color: white
a30[CTAH] going goal: 0,2 color: white
a10[CTAH] going goal: 0,2 color: white
a40[CTAH] going goal: 0,2 color: white
a30[CTAH] going goal: 0,2 color: white
a10[CTAH] going goal: 0,2 color: white
a40[CTAH] going goal: 0,2 color: white
a30[CTAH] going goal: 0,2 color: white
a10[CTAH] going goal: 0,2 color: white
a40[CTAH] going goal: 0,2 color: white
a30[CTAH] going goal: 0,2 color: white
a10[CTAH] going goal: 0,2 color: white
a40[CTAH] going goal: 0,2 color: white
a30[CTAH] going goal: 0,2 color: white
a10[CTAH] going goal: 0,2 color: white
a40[CTAH] going goal: 0,2 color: white
object notification: Time [clock=32, time=2015-05-21 18:45:11.609]
Event sent to agent      a30 clock(32)
object notification: Time [clock=32, time=2015-05-21 18:45:11.609]
Event sent to agent      a40 clock(32)
org notification: Time [clock=32, time=2015-05-21 18:45:11.609]
org notified sent time(32).
object notification: Time [clock=32, time=2015-05-21 18:45:11.609]
Event sent to agent      a10 clock(32)
Event processed UpdateClock(32)
a30[CTAH] going goal: 0,2 color: white
a10[CTAH] going goal: 0,2 color: white
a40[CTAH] going goal: 0,2 color: white
a30[CTAH] going goal: 0,2 color: white
Event processed UpdateClock(32)
a10[CTAH] going goal: 0,2 color: white
Event processed UpdateClock(32)
a40[CTAH] going goal: 0,2 color: white
a30[CTAH] going goal: 0,2 color: white
a40[CTAH] going goal: 0,2 color: white
a10[CTAH] going goal: 0,2 color: white
a30[CTAH] going goal: 0,2 color: white
a40[CTAH] going goal: 0,2 color: white
a10[CTAH] going goal: 0,2 color: white
a30[CTAH] going goal: 0,2 color: white
a40[CTAH] going goal: 0,2 color: white
a10[CTAH] going goal: 0,2 color: white
a30[CTAH] going goal: 0,2 color: white
a40[CTAH] going goal: 0,2 color: white
a10[CTAH] going goal: 0,2 color: white
a30[CTAH] going goal: 0,2 color: white
a40[CTAH] going goal: 0,2 color: white
a10[CTAH] going goal: 0,2 color: white
a30[CTAH] going goal: 0,2 color: white
a40[CTAH] going goal: 0,2 color: white
a10[CTAH] going goal: 0,2 color: white
object notification: Time [clock=33, time=2015-05-21 18:45:21.621]
Event sent to agent      a40 clock(33)
org notification: Time [clock=33, time=2015-05-21 18:45:21.621]
org notified sent time(33).
object notification: Time [clock=33, time=2015-05-21 18:45:21.621]
Event sent to agent      a10 clock(33)
object notification: Time [clock=33, time=2015-05-21 18:45:21.621]
Event sent to agent      a30 clock(33)
Event processed UpdateClock(33)
a30[CTAH] going goal: 0,2 color: white
a40[CTAH] going goal: 0,2 color: white
a10[CTAH] going goal: 0,2 color: white
a30[CTAH] going goal: 0,2 color: white
Event processed UpdateClock(33)
a40[CTAH] going goal: 0,2 color: white
Event processed UpdateClock(33)
a10[CTAH] going goal: 0,2 color: white
a30[CTAH] going goal: 0,2 color: white
a40[CTAH] going goal: 0,2 color: white
a10[CTAH] going goal: 0,2 color: white
a30[CTAH] going goal: 0,2 color: white
a40[CTAH] going goal: 0,2 color: white
a10[CTAH] going goal: 0,2 color: white
a30[CTAH] going goal: 0,2 color: white
a40[CTAH] going goal: 0,2 color: white
a10[CTAH] going goal: 0,2 color: white
a30[CTAH] going goal: 0,2 color: white
a40[CTAH] going goal: 0,2 color: white
a10[CTAH] going goal: 0,2 color: white
a30[CTAH] going goal: 0,2 color: white
a40[CTAH] going goal: 0,2 color: white
a10[CTAH] going goal: 0,2 color: white
a30[CTAH] going goal: 0,2 color: white
a40[CTAH] going goal: 0,2 color: white
a10[CTAH] going goal: 0,2 color: white
a30[CTAH] going goal: 0,2 color: white
object notification: Time [clock=34, time=2015-05-21 18:45:31.639]
object notification: Time [clock=34, time=2015-05-21 18:45:31.639]
Event sent to agent      a30 clock(34)
Event sent to agent      a40 clock(34)
object notification: Time [clock=34, time=2015-05-21 18:45:31.639]
Event sent to agent      a10 clock(34)
org notification: Time [clock=34, time=2015-05-21 18:45:31.639]
org notified sent time(34).
a40[CTAH] going goal: 0,2 color: white
a10[CTAH] going goal: 0,2 color: white
a30[CTAH] going goal: 0,2 color: white
Event processed UpdateClock(34)
a40[CTAH] going goal: 0,2 color: white
Event processed UpdateClock(34)
Event processed UpdateClock(34)
a10[CTAH] going goal: 0,2 color: white
a30[CTAH] going goal: 0,2 color: white
a40[CTAH] going goal: 0,2 color: white
a30[CTAH] going goal: 0,2 color: white
a10[CTAH] going goal: 0,2 color: white
a40[CTAH] going goal: 0,2 color: white
a30[CTAH] going goal: 0,2 color: white
a10[CTAH] going goal: 0,2 color: white
a40[CTAH] going goal: 0,2 color: white
a30[CTAH] going goal: 0,2 color: white
a10[CTAH] going goal: 0,2 color: white
a40[CTAH] going goal: 0,2 color: white
a30[CTAH] going goal: 0,2 color: white
a10[CTAH] going goal: 0,2 color: white
a40[CTAH] going goal: 0,2 color: white
a30[CTAH] going goal: 0,2 color: white
a10[CTAH] going goal: 0,2 color: white
a40[CTAH] going goal: 0,2 color: white
a30[CTAH] going goal: 0,2 color: white
a10[CTAH] going goal: 0,2 color: white
a40[CTAH] going goal: 0,2 color: white
object notification: Time [clock=35, time=2015-05-21 18:45:41.642]
Event sent to agent      a40 clock(35)
org notification: Time [clock=35, time=2015-05-21 18:45:41.642]
org notified sent time(35).
object notification: Time [clock=35, time=2015-05-21 18:45:41.642]
Event sent to agent      a10 clock(35)
object notification: Time [clock=35, time=2015-05-21 18:45:41.642]
Event sent to agent      a30 clock(35)
a30[CTAH] going goal: 0,2 color: white
a10[CTAH] going goal: 0,2 color: white
Event processed UpdateClock(35)
a40[CTAH] going goal: 0,2 color: white
Event processed UpdateClock(35)
a30[CTAH] going goal: 0,2 color: white
a40[CTAH] going goal: 0,2 color: white
Event processed UpdateClock(35)
a10[CTAH] going goal: 0,2 color: white
a30[CTAH] going goal: 0,2 color: white
a40[CTAH] going goal: 0,2 color: white
a10[CTAH] going goal: 0,2 color: white
a30[CTAH] going goal: 0,2 color: white
a40[CTAH] going goal: 0,2 color: white
a10[CTAH] going goal: 0,2 color: white
a30[CTAH] going goal: 0,2 color: white
a40[CTAH] going goal: 0,2 color: white
a10[CTAH] going goal: 0,2 color: white
a30[CTAH] going goal: 0,2 color: white
a40[CTAH] going goal: 0,2 color: white
a10[CTAH] going goal: 0,2 color: white
a30[CTAH] going goal: 0,2 color: white
a40[CTAH] going goal: 0,2 color: white
a10[CTAH] going goal: 0,2 color: white
a30[CTAH] going goal: 0,2 color: white
a40[CTAH] going goal: 0,2 color: white
object notification: Time [clock=36, time=2015-05-21 18:45:51.644]
Event sent to agent      a30 clock(36)
org notification: Time [clock=36, time=2015-05-21 18:45:51.644]
org notified sent time(36).
object notification: Time [clock=36, time=2015-05-21 18:45:51.644]
Event sent to agent      a40 clock(36)
object notification: Time [clock=36, time=2015-05-21 18:45:51.644]
Event sent to agent      a10 clock(36)
Event processed UpdateClock(36)
a10[CTAH] going goal: 0,2 color: white
a30[CTAH] going goal: 0,2 color: white
Event processed UpdateClock(36)
a40[CTAH] going goal: 0,2 color: white
a10[CTAH] going goal: 0,2 color: white
Event processed UpdateClock(36)
a30[CTAH] going goal: 0,2 color: white
a40[CTAH] going goal: 0,2 color: white
a10[CTAH] going goal: 0,2 color: white
a30[CTAH] going goal: 0,2 color: white
a40[CTAH] going goal: 0,2 color: white
a10[CTAH] going goal: 0,2 color: white
a30[CTAH] going goal: 0,2 color: white
a40[CTAH] going goal: 0,2 color: white
a10[CTAH] going goal: 0,2 color: white
a30[CTAH] going goal: 0,2 color: white
a40[CTAH] going goal: 0,2 color: white
a30[CTAH] going goal: 0,2 color: white
a10[CTAH] going goal: 0,2 color: white
a40[CTAH] going goal: 0,2 color: white
a30[CTAH] going goal: 0,2 color: white
a10[CTAH] going goal: 0,2 color: white
a40[CTAH] going goal: 0,2 color: white
object notification: Time [clock=37, time=2015-05-21 18:46:01.649]
Event sent to agent      a30 clock(37)
org notification: Time [clock=37, time=2015-05-21 18:46:01.649]
org notified sent time(37).
object notification: Time [clock=37, time=2015-05-21 18:46:01.649]
Event sent to agent      a10 clock(37)
object notification: Time [clock=37, time=2015-05-21 18:46:01.649]
Event sent to agent      a40 clock(37)
Event processed UpdateClock(37)
a30[CTAH] going goal: 0,2 color: white
a10[CTAH] going goal: 0,2 color: white
a40[CTAH] going goal: 0,2 color: white
