2015-05-07 10:47:31,468 CONFIG [com.gigaspaces.logger] - Log file: /Users/dxd/git/ct3/logs/2015-05-07~10.47-gigaspaces-service-192.168.1.104-33634.log
-------------------------last log tuples start--------------------------------
Position [subject=a40, id=null, cell=Cell [x=3, y=2], time=2015-05-07 10:42:55.638, clock=10]
Chip [id=null, agent=a30, time=2015-05-07 10:42:55.623, color=orange, clock=10, number=0]
SetGoal [id=null, agent=a30, cell=Cell [x=2, y=3], goal=Cell [x=2, y=2], clock=0, time=2015-05-07 10:41:36.844]
SetGoal [id=null, agent=a10, cell=Cell [x=2, y=1], goal=Cell [x=2, y=2], clock=3, time=2015-05-07 10:41:53.012]
SetGoal [id=null, agent=a40, cell=Cell [x=3, y=2], goal=Cell [x=2, y=2], clock=2, time=2015-05-07 10:41:45.151]
Obligation [subject=a40, obligation=[at(3, 2, a40)], sanction=[reduce(a40, 500)], deadline=8, time=2015-05-07 10:41:46.939, clock=3]
Chip [id=null, agent=a20, time=2015-05-07 10:42:55.679, color=purple, clock=10, number=1]
Obligation [subject=a30, obligation=[at(2, 3, a30)], sanction=[reduce(a30, 500)], deadline=8, time=2015-05-07 10:41:45.112, clock=2]
Chip [id=null, agent=a20, time=2015-05-07 10:42:55.676, color=red, clock=10, number=1]
Position [subject=a10, id=null, cell=Cell [x=2, y=1], time=2015-05-07 10:42:55.609, clock=10]
Goal [id=null, cell=Cell [x=2, y=2], agent=null, time=2015-05-07 10:41:28.203, clock=0]
Position [subject=a30, id=null, cell=Cell [x=4, y=4], time=2015-05-07 10:41:45.144, clock=2]
Position [subject=a20, id=null, cell=Cell [x=1, y=2], time=2015-05-07 10:42:55.656, clock=10]
Obligation [subject=a10, obligation=[at(2, 1, a10)], sanction=[reduce(a10, 500)], deadline=9, time=2015-05-07 10:41:53.015, clock=3]
Obligation [subject=a20, obligation=[surround(2, 2)], sanction=[reduce(g, 500)], deadline=12, time=2015-05-07 10:41:45.108, clock=2]
Position [subject=a20, id=null, cell=Cell [x=0, y=4], time=2015-05-07 10:41:45.173, clock=2]
Position [subject=a10, id=null, cell=Cell [x=0, y=0], time=2015-05-07 10:41:45.065, clock=2]
Position [subject=a40, id=null, cell=Cell [x=4, y=0], time=2015-05-07 10:41:45.161, clock=2]
Position [subject=a30, id=null, cell=Cell [x=2, y=3], time=2015-05-07 10:42:55.621, clock=10]
Chip [id=null, agent=a10, time=2015-05-07 10:42:55.615, color=red, clock=10, number=2]
Chip [id=null, agent=a40, time=2015-05-07 10:42:55.653, color=green, clock=10, number=2]
Chip [id=null, agent=a20, time=2015-05-07 10:42:55.666, color=orange, clock=10, number=1]
Chip [id=null, agent=a10, time=2015-05-07 10:42:55.617, color=purple, clock=10, number=3]
Chip [id=null, agent=a20, time=2015-05-07 10:41:45.18, color=green, clock=2, number=2]
Chip [id=null, agent=a40, time=2015-05-07 10:41:45.166, color=red, clock=2, number=3]
Chip [id=null, agent=a40, time=2015-05-07 10:41:45.165, color=orange, clock=2, number=2]
Chip [id=null, agent=a30, time=2015-05-07 10:42:55.629, color=red, clock=10, number=1]
Chip [id=null, agent=a40, time=2015-05-07 10:42:55.646, color=red, clock=10, number=3]
Chip [id=null, agent=a30, time=2015-05-07 10:42:55.636, color=green, clock=10, number=2]
Chip [id=null, agent=a10, time=2015-05-07 10:41:45.078, color=orange, clock=2, number=3]
Chip [id=null, agent=a30, time=2015-05-07 10:41:45.146, color=orange, clock=2, number=1]
Chip [id=null, agent=a30, time=2015-05-07 10:41:45.155, color=red, clock=2, number=1]
Chip [id=null, agent=a30, time=2015-05-07 10:41:45.157, color=purple, clock=2, number=3]
Chip [id=null, agent=a30, time=2015-05-07 10:42:55.633, color=purple, clock=10, number=1]
Time [clock=9, time=2015-05-07 10:42:45.603]
Chip [id=null, agent=a10, time=2015-05-07 10:42:55.619, color=green, clock=10, number=2]
Chip [id=null, agent=a40, time=2015-05-07 10:42:55.65, color=purple, clock=10, number=1]
Chip [id=null, agent=a20, time=2015-05-07 10:42:55.681, color=green, clock=10, number=2]
Chip [id=null, agent=a10, time=2015-05-07 10:41:45.134, color=purple, clock=2, number=3]
Chip [id=null, agent=a20, time=2015-05-07 10:41:45.175, color=orange, clock=2, number=2]
Chip [id=null, agent=a20, time=2015-05-07 10:41:45.176, color=red, clock=2, number=3]
Tile [id=null, cell=Cell [x=4, y=0], subject=green, time=2015-05-07 10:41:28.179, clock=0]
Chip [id=null, agent=a20, time=2015-05-07 10:41:45.178, color=purple, clock=2, number=1]
Chip [id=null, agent=a10, time=2015-05-07 10:42:55.612, color=orange, clock=10, number=2]
Chip [id=null, agent=a40, time=2015-05-07 10:41:45.169, color=purple, clock=2, number=3]
Time [clock=16, time=2015-05-07 10:43:55.618]
Chip [id=null, agent=a30, time=2015-05-07 10:41:45.159, color=green, clock=2, number=2]
Chip [id=null, agent=a40, time=2015-05-07 10:41:45.171, color=green, clock=2, number=2]
Chip [id=null, agent=a10, time=2015-05-07 10:41:45.118, color=red, clock=2, number=3]
Chip [id=null, agent=a40, time=2015-05-07 10:42:55.64, color=orange, clock=10, number=1]
Chip [id=null, agent=a10, time=2015-05-07 10:41:45.136, color=green, clock=2, number=3]
Time [clock=14, time=2015-05-07 10:43:35.614]
Time [clock=12, time=2015-05-07 10:43:15.609]
Time [clock=13, time=2015-05-07 10:43:25.612]
Time [clock=15, time=2015-05-07 10:43:45.616]
Time [clock=6, time=2015-05-07 10:42:15.595]
Time [clock=7, time=2015-05-07 10:42:25.598]
Time [clock=5, time=2015-05-07 10:42:05.593]
Time [clock=8, time=2015-05-07 10:42:35.6]
Tile [id=null, cell=Cell [x=4, y=4], subject=green, time=2015-05-07 10:41:28.184, clock=0]
Tile [id=null, cell=Cell [x=1, y=2], subject=red, time=2015-05-07 10:41:28.16, clock=0]
Time [clock=4, time=2015-05-07 10:41:55.591]
Time [clock=10, time=2015-05-07 10:42:55.607]
Time [clock=11, time=2015-05-07 10:43:05.608]
Time [clock=1, time=2015-05-07 10:41:25.47]
Time [clock=2, time=2015-05-07 10:41:35.586]
Tile [id=null, cell=Cell [x=3, y=4], subject=orange, time=2015-05-07 10:41:28.178, clock=0]
Time [clock=3, time=2015-05-07 10:41:45.588]
Tile [id=null, cell=Cell [x=1, y=4], subject=purple, time=2015-05-07 10:41:28.162, clock=0]
Tile [id=null, cell=Cell [x=4, y=2], subject=orange, time=2015-05-07 10:41:28.182, clock=0]
Tile [id=null, cell=Cell [x=2, y=1], subject=red, time=2015-05-07 10:41:28.165, clock=0]
Tile [id=null, cell=Cell [x=3, y=3], subject=purple, time=2015-05-07 10:41:28.177, clock=0]
Tile [id=null, cell=Cell [x=2, y=3], subject=purple, time=2015-05-07 10:41:28.168, clock=0]
Tile [id=null, cell=Cell [x=2, y=4], subject=red, time=2015-05-07 10:41:28.17, clock=0]
Tile [id=null, cell=Cell [x=3, y=0], subject=red, time=2015-05-07 10:41:28.171, clock=0]
Tile [id=null, cell=Cell [x=3, y=1], subject=orange, time=2015-05-07 10:41:28.174, clock=0]
Tile [id=null, cell=Cell [x=3, y=2], subject=purple, time=2015-05-07 10:41:28.175, clock=0]
Tile [id=null, cell=Cell [x=2, y=2], subject=green, time=2015-05-07 10:41:28.167, clock=0]
Tile [id=null, cell=Cell [x=1, y=1], subject=orange, time=2015-05-07 10:41:28.158, clock=0]
Tile [id=null, cell=Cell [x=1, y=3], subject=red, time=2015-05-07 10:41:28.161, clock=0]
Tile [id=null, cell=Cell [x=4, y=1], subject=purple, time=2015-05-07 10:41:28.18, clock=0]
Tile [id=null, cell=Cell [x=2, y=0], subject=red, time=2015-05-07 10:41:28.164, clock=0]
Tile [id=null, cell=Cell [x=4, y=3], subject=purple, time=2015-05-07 10:41:28.183, clock=0]
Tile [id=null, cell=Cell [x=0, y=0], subject=green, time=2015-05-07 10:41:28.125, clock=0]
Tile [id=null, cell=Cell [x=1, y=0], subject=green, time=2015-05-07 10:41:28.156, clock=0]
Tile [id=null, cell=Cell [x=0, y=2], subject=red, time=2015-05-07 10:41:28.152, clock=0]
Tile [id=null, cell=Cell [x=0, y=1], subject=green, time=2015-05-07 10:41:28.15, clock=0]
Tile [id=null, cell=Cell [x=0, y=4], subject=green, time=2015-05-07 10:41:28.155, clock=0]
Tile [id=null, cell=Cell [x=0, y=3], subject=orange, time=2015-05-07 10:41:28.153, clock=0]
-------------------------last log tuples end----------------------------------
[CTAH] started agent 10
[CTAH] Added a new agent to the game by the name of 10.
[ENV] added agent a10
[CTAH] started agent 30
[CTAH] Added a new agent to the game by the name of 30.
[ENV] added agent a30
[CTAH] started agent 40
[CTAH] Added a new agent to the game by the name of 40.
[ENV] added agent a40
#########################Game started
#########################Game started
#########################Game started
setPhases in ClientGameStatus, the current phase is 
setPhases in ClientGameStatus, the current phase is 
setPhases in ClientGameStatus, the current phase is 
setPhases in ClientGameStatus, the current phase is Norm Phase
setPhases in ClientGameStatus, the current phase is Norm Phase
setPhases in ClientGameStatus, the current phase is Norm Phase
#########################Game Initialized
AGENT Thread-16: current phase name: Norm Phase
we have 1 goals
#########################Game Initialized
AGENT Thread-14: current phase name: Norm Phase
we have GoalWeight: 100  DistWeight: -10  ChipWeight: 5  CommWeight: 0 scoring
we have 1 goals
we have GoalWeight: 100  DistWeight: -10  ChipWeight: 5  CommWeight: 0 scoring
#########################Game Initialized
AGENT Thread-12: current phase name: Norm Phase
we have 1 goals
we have GoalWeight: 100  DistWeight: -10  ChipWeight: 5  CommWeight: 0 scoring
org notification: Tile [id=null, cell=Cell [x=0, y=0], subject=green, time=2015-05-07 10:47:39.95, clock=0]
org notified sent tile(cell(0,0),green,0).
object notification: Tile [id=null, cell=Cell [x=0, y=0], subject=green, time=2015-05-07 10:47:39.95, clock=0]
org notification: Tile [id=null, cell=Cell [x=0, y=1], subject=green, time=2015-05-07 10:47:40.105, clock=0]
org notified sent tile(cell(0,1),green,0).
object notification: Tile [id=null, cell=Cell [x=0, y=0], subject=green, time=2015-05-07 10:47:39.95, clock=0]
object notification: Tile [id=null, cell=Cell [x=0, y=1], subject=green, time=2015-05-07 10:47:40.105, clock=0]
object notification: Tile [id=null, cell=Cell [x=0, y=2], subject=red, time=2015-05-07 10:47:40.106, clock=0]
object notification: Tile [id=null, cell=Cell [x=0, y=0], subject=green, time=2015-05-07 10:47:39.95, clock=0]
org notification: Tile [id=null, cell=Cell [x=0, y=2], subject=red, time=2015-05-07 10:47:40.106, clock=0]
org notified sent tile(cell(0,2),red,0).
object notification: Tile [id=null, cell=Cell [x=0, y=1], subject=green, time=2015-05-07 10:47:40.105, clock=0]
object notification: Tile [id=null, cell=Cell [x=0, y=3], subject=orange, time=2015-05-07 10:47:40.108, clock=0]
object notification: Tile [id=null, cell=Cell [x=0, y=4], subject=green, time=2015-05-07 10:47:40.11, clock=0]
object notification: Tile [id=null, cell=Cell [x=1, y=0], subject=green, time=2015-05-07 10:47:40.111, clock=0]
object notification: Tile [id=null, cell=Cell [x=1, y=1], subject=orange, time=2015-05-07 10:47:40.113, clock=0]
object notification: Tile [id=null, cell=Cell [x=1, y=2], subject=red, time=2015-05-07 10:47:40.114, clock=0]
object notification: Tile [id=null, cell=Cell [x=0, y=1], subject=green, time=2015-05-07 10:47:40.105, clock=0]
object notification: Tile [id=null, cell=Cell [x=1, y=3], subject=red, time=2015-05-07 10:47:40.116, clock=0]
object notification: Tile [id=null, cell=Cell [x=0, y=2], subject=red, time=2015-05-07 10:47:40.106, clock=0]
object notification: Tile [id=null, cell=Cell [x=0, y=3], subject=orange, time=2015-05-07 10:47:40.108, clock=0]
object notification: Tile [id=null, cell=Cell [x=0, y=4], subject=green, time=2015-05-07 10:47:40.11, clock=0]
object notification: Tile [id=null, cell=Cell [x=1, y=0], subject=green, time=2015-05-07 10:47:40.111, clock=0]
object notification: Tile [id=null, cell=Cell [x=1, y=1], subject=orange, time=2015-05-07 10:47:40.113, clock=0]
object notification: Tile [id=null, cell=Cell [x=1, y=2], subject=red, time=2015-05-07 10:47:40.114, clock=0]
object notification: Tile [id=null, cell=Cell [x=0, y=2], subject=red, time=2015-05-07 10:47:40.106, clock=0]
object notification: Tile [id=null, cell=Cell [x=0, y=3], subject=orange, time=2015-05-07 10:47:40.108, clock=0]
object notification: Tile [id=null, cell=Cell [x=0, y=4], subject=green, time=2015-05-07 10:47:40.11, clock=0]
object notification: Tile [id=null, cell=Cell [x=1, y=0], subject=green, time=2015-05-07 10:47:40.111, clock=0]
object notification: Tile [id=null, cell=Cell [x=1, y=1], subject=orange, time=2015-05-07 10:47:40.113, clock=0]
object notification: Tile [id=null, cell=Cell [x=1, y=2], subject=red, time=2015-05-07 10:47:40.114, clock=0]
object notification: Tile [id=null, cell=Cell [x=1, y=3], subject=red, time=2015-05-07 10:47:40.116, clock=0]
object notification: Tile [id=null, cell=Cell [x=1, y=4], subject=purple, time=2015-05-07 10:47:40.117, clock=0]
object notification: Tile [id=null, cell=Cell [x=1, y=4], subject=purple, time=2015-05-07 10:47:40.117, clock=0]
object notification: Tile [id=null, cell=Cell [x=1, y=3], subject=red, time=2015-05-07 10:47:40.116, clock=0]
object notification: Tile [id=null, cell=Cell [x=2, y=0], subject=red, time=2015-05-07 10:47:40.119, clock=0]
object notification: Time [clock=1, time=2015-05-07 10:47:43.071]
object notification: Tile [id=null, cell=Cell [x=2, y=0], subject=red, time=2015-05-07 10:47:40.119, clock=0]
object notification: Tile [id=null, cell=Cell [x=1, y=4], subject=purple, time=2015-05-07 10:47:40.117, clock=0]
object notification: Tile [id=null, cell=Cell [x=2, y=1], subject=red, time=2015-05-07 10:47:40.121, clock=0]
object notification: Tile [id=null, cell=Cell [x=2, y=1], subject=red, time=2015-05-07 10:47:40.121, clock=0]
object notification: Tile [id=null, cell=Cell [x=2, y=2], subject=green, time=2015-05-07 10:47:40.122, clock=0]
object notification: Tile [id=null, cell=Cell [x=2, y=2], subject=green, time=2015-05-07 10:47:40.122, clock=0]
object notification: Tile [id=null, cell=Cell [x=2, y=0], subject=red, time=2015-05-07 10:47:40.119, clock=0]
object notification: Tile [id=null, cell=Cell [x=2, y=3], subject=purple, time=2015-05-07 10:47:40.124, clock=0]
object notification: Tile [id=null, cell=Cell [x=2, y=4], subject=red, time=2015-05-07 10:47:40.125, clock=0]
object notification: Tile [id=null, cell=Cell [x=3, y=0], subject=red, time=2015-05-07 10:47:40.127, clock=0]
object notification: Tile [id=null, cell=Cell [x=3, y=1], subject=orange, time=2015-05-07 10:47:40.13, clock=0]
object notification: Tile [id=null, cell=Cell [x=3, y=2], subject=purple, time=2015-05-07 10:47:40.131, clock=0]
object notification: Tile [id=null, cell=Cell [x=3, y=3], subject=purple, time=2015-05-07 10:47:40.133, clock=0]
object notification: Tile [id=null, cell=Cell [x=3, y=4], subject=orange, time=2015-05-07 10:47:40.134, clock=0]
object notification: Tile [id=null, cell=Cell [x=4, y=0], subject=green, time=2015-05-07 10:47:40.136, clock=0]
object notification: Tile [id=null, cell=Cell [x=4, y=1], subject=purple, time=2015-05-07 10:47:40.138, clock=0]
object notification: Tile [id=null, cell=Cell [x=2, y=1], subject=red, time=2015-05-07 10:47:40.121, clock=0]
object notification: Tile [id=null, cell=Cell [x=2, y=3], subject=purple, time=2015-05-07 10:47:40.124, clock=0]
object notification: Tile [id=null, cell=Cell [x=2, y=4], subject=red, time=2015-05-07 10:47:40.125, clock=0]
object notification: Tile [id=null, cell=Cell [x=3, y=0], subject=red, time=2015-05-07 10:47:40.127, clock=0]
object notification: Tile [id=null, cell=Cell [x=3, y=1], subject=orange, time=2015-05-07 10:47:40.13, clock=0]
object notification: Tile [id=null, cell=Cell [x=3, y=2], subject=purple, time=2015-05-07 10:47:40.131, clock=0]
object notification: Tile [id=null, cell=Cell [x=3, y=3], subject=purple, time=2015-05-07 10:47:40.133, clock=0]
object notification: Time [clock=1, time=2015-05-07 10:47:43.071]
object notification: Tile [id=null, cell=Cell [x=2, y=2], subject=green, time=2015-05-07 10:47:40.122, clock=0]
org notification: Goal [id=null, cell=Cell [x=2, y=2], agent=null, time=2015-05-07 10:47:40.172, clock=0]
org notified sent goal(cell(2,2),null,0).
org notification: Tile [id=null, cell=Cell [x=0, y=3], subject=orange, time=2015-05-07 10:47:40.108, clock=0]
org notified sent tile(cell(0,3),orange,0).
Event sent to object      a10 clock(1)
Organization notifies object (write): Obligation [subject=a20, obligation=[surround(2, 2)], sanction=[reduce(g, 500)], deadline=10, time=2015-05-07 10:47:43.799, clock=1]
object notification: Tile [id=null, cell=Cell [x=2, y=3], subject=purple, time=2015-05-07 10:47:40.124, clock=0]
org notification: Time [clock=1, time=2015-05-07 10:47:43.071]
org notified sent time(1).
object notification: Time [clock=1, time=2015-05-07 10:47:43.071]
object notification: Tile [id=null, cell=Cell [x=2, y=4], subject=red, time=2015-05-07 10:47:40.125, clock=0]
object notification: Tile [id=null, cell=Cell [x=4, y=2], subject=orange, time=2015-05-07 10:47:40.14, clock=0]
object notification: Tile [id=null, cell=Cell [x=4, y=3], subject=purple, time=2015-05-07 10:47:40.141, clock=0]
Event sent to object      a30 clock(1)
object notification: Tile [id=null, cell=Cell [x=4, y=4], subject=green, time=2015-05-07 10:47:40.142, clock=0]
Event sent to object      a40 clock(1)
object notification: Tile [id=null, cell=Cell [x=3, y=0], subject=red, time=2015-05-07 10:47:40.127, clock=0]
object notification: Tile [id=null, cell=Cell [x=3, y=1], subject=orange, time=2015-05-07 10:47:40.13, clock=0]
object notification: Position [subject=a40, id=null, cell=Cell [x=4, y=0], time=2015-05-07 10:47:43.766, clock=1]
object notification: Tile [id=null, cell=Cell [x=3, y=2], subject=purple, time=2015-05-07 10:47:40.131, clock=0]
Event sent to object      a40 position(4, 4, 1)
object notification: Tile [id=null, cell=Cell [x=3, y=3], subject=purple, time=2015-05-07 10:47:40.133, clock=0]
object notification: Tile [id=null, cell=Cell [x=3, y=4], subject=orange, time=2015-05-07 10:47:40.134, clock=0]
object notification: Tile [id=null, cell=Cell [x=4, y=0], subject=green, time=2015-05-07 10:47:40.136, clock=0]
object notification: Tile [id=null, cell=Cell [x=4, y=1], subject=purple, time=2015-05-07 10:47:40.138, clock=0]
object notification: Tile [id=null, cell=Cell [x=4, y=2], subject=orange, time=2015-05-07 10:47:40.14, clock=0]
object notification: Tile [id=null, cell=Cell [x=4, y=3], subject=purple, time=2015-05-07 10:47:40.141, clock=0]
object notification: Tile [id=null, cell=Cell [x=4, y=4], subject=green, time=2015-05-07 10:47:40.142, clock=0]
org notification: Position [subject=a40, id=null, cell=Cell [x=4, y=0], time=2015-05-07 10:47:43.766, clock=1]
org notified sent position(a40,cell(4,0),1).
object notification: Chip [id=null, agent=a40, time=2015-05-07 10:47:43.805, color=orange, clock=1, number=2]
Event sent to object      a40 chip(a40, orange, 2, 1)
org notification: Tile [id=null, cell=Cell [x=0, y=4], subject=green, time=2015-05-07 10:47:40.11, clock=0]
org notified sent tile(cell(0,4),green,0).
org notification: Chip [id=null, agent=a40, time=2015-05-07 10:47:43.805, color=orange, clock=1, number=2]
org notified sent chip(a40,orange,2,1).
object notification: Chip [id=null, agent=a40, time=2015-05-07 10:47:43.821, color=red, clock=1, number=3]
Event sent to object      a40 chip(a40, red, 3, 1)
object notification: Tile [id=null, cell=Cell [x=3, y=4], subject=orange, time=2015-05-07 10:47:40.134, clock=0]
object notification: Tile [id=null, cell=Cell [x=4, y=0], subject=green, time=2015-05-07 10:47:40.136, clock=0]
object notification: Tile [id=null, cell=Cell [x=4, y=1], subject=purple, time=2015-05-07 10:47:40.138, clock=0]
object notification: Tile [id=null, cell=Cell [x=4, y=2], subject=orange, time=2015-05-07 10:47:40.14, clock=0]
object notification: Tile [id=null, cell=Cell [x=4, y=3], subject=purple, time=2015-05-07 10:47:40.141, clock=0]
object notification: Tile [id=null, cell=Cell [x=4, y=4], subject=green, time=2015-05-07 10:47:40.142, clock=0]
object notification: Chip [id=null, agent=a40, time=2015-05-07 10:47:43.827, color=purple, clock=1, number=3]
Event sent to object      a40 chip(a40, purple, 3, 1)
org notification: Chip [id=null, agent=a40, time=2015-05-07 10:47:43.821, color=red, clock=1, number=3]
org notified sent chip(a40,red,3,1).
object notification: Chip [id=null, agent=a40, time=2015-05-07 10:47:43.829, color=green, clock=1, number=2]
Event sent to object      a40 chip(a40, green, 2, 1)
org notification: Tile [id=null, cell=Cell [x=1, y=0], subject=green, time=2015-05-07 10:47:40.111, clock=0]
org notified sent tile(cell(1,0),green,0).
org notification: Position [subject=a10, id=null, cell=Cell [x=0, y=0], time=2015-05-07 10:47:43.836, clock=1]
org notified sent position(a10,cell(0,0),1).
object notification: Position [subject=a10, id=null, cell=Cell [x=0, y=0], time=2015-05-07 10:47:43.836, clock=1]
Event sent to object      a10 position(0, 0, 1)
object notification: Chip [id=null, agent=a10, time=2015-05-07 10:47:43.839, color=orange, clock=1, number=3]
Event sent to object      a10 chip(a10, orange, 3, 1)
object notification: Chip [id=null, agent=a10, time=2015-05-07 10:47:43.844, color=red, clock=1, number=3]
Event sent to object      a10 chip(a10, red, 3, 1)
org notification: Tile [id=null, cell=Cell [x=1, y=1], subject=orange, time=2015-05-07 10:47:40.113, clock=0]
org notified sent tile(cell(1,1),orange,0).
org notification: Tile [id=null, cell=Cell [x=1, y=2], subject=red, time=2015-05-07 10:47:40.114, clock=0]
org notified sent tile(cell(1,2),red,0).
org notification: Tile [id=null, cell=Cell [x=1, y=3], subject=red, time=2015-05-07 10:47:40.116, clock=0]
org notified sent tile(cell(1,3),red,0).
org notification: Tile [id=null, cell=Cell [x=1, y=4], subject=purple, time=2015-05-07 10:47:40.117, clock=0]
org notified sent tile(cell(1,4),purple,0).
org notification: Chip [id=null, agent=a40, time=2015-05-07 10:47:43.827, color=purple, clock=1, number=3]
object notification: Chip [id=null, agent=a10, time=2015-05-07 10:47:43.847, color=purple, clock=1, number=3]
Event sent to object      a10 chip(a10, purple, 3, 1)
org notified sent chip(a40,purple,3,1).
org notification: Tile [id=null, cell=Cell [x=2, y=0], subject=red, time=2015-05-07 10:47:40.119, clock=0]
org notified sent tile(cell(2,0),red,0).
object notification: Chip [id=null, agent=a10, time=2015-05-07 10:47:43.867, color=green, clock=1, number=3]
Event sent to object      a10 chip(a10, green, 3, 1)
org notification: Chip [id=null, agent=a40, time=2015-05-07 10:47:43.829, color=green, clock=1, number=2]
org notified sent chip(a40,green,2,1).
org notification: Tile [id=null, cell=Cell [x=2, y=1], subject=red, time=2015-05-07 10:47:40.121, clock=0]
org notified sent tile(cell(2,1),red,0).
org notification: Position [subject=a20, id=null, cell=Cell [x=0, y=4], time=2015-05-07 10:47:43.87, clock=1]
org notified sent position(a20,cell(0,4),1).
org notification: Tile [id=null, cell=Cell [x=2, y=2], subject=green, time=2015-05-07 10:47:40.122, clock=0]
org notified sent tile(cell(2,2),green,0).
org notification: Tile [id=null, cell=Cell [x=2, y=3], subject=purple, time=2015-05-07 10:47:40.124, clock=0]
org notified sent tile(cell(2,3),purple,0).
org notification: Tile [id=null, cell=Cell [x=2, y=4], subject=red, time=2015-05-07 10:47:40.125, clock=0]
org notified sent tile(cell(2,4),red,0).
org notification: Tile [id=null, cell=Cell [x=3, y=0], subject=red, time=2015-05-07 10:47:40.127, clock=0]
org notified sent tile(cell(3,0),red,0).
org notification: Tile [id=null, cell=Cell [x=3, y=1], subject=orange, time=2015-05-07 10:47:40.13, clock=0]
org notified sent tile(cell(3,1),orange,0).
object notification: Position [subject=a30, id=null, cell=Cell [x=4, y=4], time=2015-05-07 10:47:43.896, clock=1]
Event sent to object      a30 position(4, 4, 1)
object notification: Chip [id=null, agent=a30, time=2015-05-07 10:47:43.902, color=orange, clock=1, number=1]
Event sent to object      a30 chip(a30, orange, 1, 1)
object notification: Chip [id=null, agent=a30, time=2015-05-07 10:47:43.907, color=red, clock=1, number=1]
Event sent to object      a30 chip(a30, red, 1, 1)
object notification: Chip [id=null, agent=a30, time=2015-05-07 10:47:43.912, color=purple, clock=1, number=3]
Event sent to object      a30 chip(a30, purple, 3, 1)
object notification: Chip [id=null, agent=a30, time=2015-05-07 10:47:43.915, color=green, clock=1, number=2]
Event sent to object      a30 chip(a30, green, 2, 1)
org notification: Tile [id=null, cell=Cell [x=3, y=2], subject=purple, time=2015-05-07 10:47:40.131, clock=0]
org notified sent tile(cell(3,2),purple,0).
org notification: Chip [id=null, agent=a10, time=2015-05-07 10:47:43.839, color=orange, clock=1, number=3]
org notified sent chip(a10,orange,3,1).
org notification: Tile [id=null, cell=Cell [x=3, y=3], subject=purple, time=2015-05-07 10:47:40.133, clock=0]
org notified sent tile(cell(3,3),purple,0).
org notification: Position [subject=a30, id=null, cell=Cell [x=4, y=4], time=2015-05-07 10:47:43.896, clock=1]
org notified sent position(a30,cell(4,4),1).
org notification: Tile [id=null, cell=Cell [x=3, y=4], subject=orange, time=2015-05-07 10:47:40.134, clock=0]
org notified sent tile(cell(3,4),orange,0).
org notification: Chip [id=null, agent=a10, time=2015-05-07 10:47:43.844, color=red, clock=1, number=3]
org notified sent chip(a10,red,3,1).
org notification: Tile [id=null, cell=Cell [x=4, y=0], subject=green, time=2015-05-07 10:47:40.136, clock=0]
org notified sent tile(cell(4,0),green,0).
org notification: Tile [id=null, cell=Cell [x=4, y=1], subject=purple, time=2015-05-07 10:47:40.138, clock=0]
org notified sent tile(cell(4,1),purple,0).
org notification: Chip [id=null, agent=a10, time=2015-05-07 10:47:43.847, color=purple, clock=1, number=3]
org notified sent chip(a10,purple,3,1).
org notification: Tile [id=null, cell=Cell [x=4, y=2], subject=orange, time=2015-05-07 10:47:40.14, clock=0]
org notified sent tile(cell(4,2),orange,0).
org notification: Chip [id=null, agent=a10, time=2015-05-07 10:47:43.867, color=green, clock=1, number=3]
org notified sent chip(a10,green,3,1).
org notification: Tile [id=null, cell=Cell [x=4, y=3], subject=purple, time=2015-05-07 10:47:40.141, clock=0]
org notified sent tile(cell(4,3),purple,0).
org notification: Chip [id=null, agent=a20, time=2015-05-07 10:47:43.882, color=orange, clock=1, number=2]
org notified sent chip(a20,orange,2,1).
org notification: Tile [id=null, cell=Cell [x=4, y=4], subject=green, time=2015-05-07 10:47:40.142, clock=0]
org notified sent tile(cell(4,4),green,0).
org notification: Chip [id=null, agent=a20, time=2015-05-07 10:47:43.886, color=red, clock=1, number=3]
org notified sent chip(a20,red,3,1).
org notification: Chip [id=null, agent=a20, time=2015-05-07 10:47:43.89, color=purple, clock=1, number=1]
org notified sent chip(a20,purple,1,1).
org notification: Chip [id=null, agent=a20, time=2015-05-07 10:47:43.893, color=green, clock=1, number=2]
org notified sent chip(a20,green,2,1).
org notification: Chip [id=null, agent=a30, time=2015-05-07 10:47:43.902, color=orange, clock=1, number=1]
org notified sent chip(a30,orange,1,1).
org notification: Chip [id=null, agent=a30, time=2015-05-07 10:47:43.907, color=red, clock=1, number=1]
org notified sent chip(a30,red,1,1).
org notification: Chip [id=null, agent=a30, time=2015-05-07 10:47:43.912, color=purple, clock=1, number=3]
org notified sent chip(a30,purple,3,1).
org notification: Chip [id=null, agent=a30, time=2015-05-07 10:47:43.915, color=green, clock=1, number=2]
org notified sent chip(a30,green,2,1).
Event processed @ctenv(functionToList(message(game_initialized)),LIST,0); if B(LIST=[actionresult([TYPE,ID])]) then if B(TYPE=proposal) then {ReceivedMessage(TYPE, ID, open); adopta(received(TYPE, ID, closed) : Infinite, priority 1)} else if B(LIST=[actionresult([TYPE,ID,RESPONSE])]) then if B(TYPE=response) then ReceivedMessage(RESPONSE, ID) else if B(LIST=[actionresult([TYPE])]) then ReceivedEvent(TYPE) else if B(LIST=[actionresult([TYPE,AGENT,ID,RESPONSE])]) then if B(TYPE=proposal) then ReceivedProposal(AGENT, ID, RESPONSE)
Event processed @ctenv(functionToList(message(game_initialized)),LIST,0); if B(LIST=[actionresult([TYPE,ID])]) then if B(TYPE=proposal) then {ReceivedMessage(TYPE, ID, open); adopta(received(TYPE, ID, closed) : Infinite, priority 1)} else if B(LIST=[actionresult([TYPE,ID,RESPONSE])]) then if B(TYPE=response) then ReceivedMessage(RESPONSE, ID) else if B(LIST=[actionresult([TYPE])]) then ReceivedEvent(TYPE) else if B(LIST=[actionresult([TYPE,AGENT,ID,RESPONSE])]) then if B(TYPE=proposal) then ReceivedProposal(AGENT, ID, RESPONSE)
Event processed UpdateClock(1)
Event processed UpdateClock(1)
Event processed UpdatePosition(0, 0)
Event processed @ctenv(functionToList(message(game_initialized)),LIST,0); if B(LIST=[actionresult([TYPE,ID])]) then if B(TYPE=proposal) then {ReceivedMessage(TYPE, ID, open); adopta(received(TYPE, ID, closed) : Infinite, priority 1)} else if B(LIST=[actionresult([TYPE,ID,RESPONSE])]) then if B(TYPE=response) then ReceivedMessage(RESPONSE, ID) else if B(LIST=[actionresult([TYPE])]) then ReceivedEvent(TYPE) else if B(LIST=[actionresult([TYPE,AGENT,ID,RESPONSE])]) then if B(TYPE=proposal) then ReceivedProposal(AGENT, ID, RESPONSE)
Event processed UpdateClock(1)
Event processed UpdatePosition(4, 4)
Event processed @ctenv(functionToList(chip(a10, orange, 3, 1)),LIST,0); if B(LIST=[actionresult([TYPE,ID])]) then if B(TYPE=proposal) then {ReceivedMessage(TYPE, ID, open); adopta(received(TYPE, ID, closed) : Infinite, priority 1)} else if B(LIST=[actionresult([TYPE,ID,RESPONSE])]) then if B(TYPE=response) then ReceivedMessage(RESPONSE, ID) else if B(LIST=[actionresult([TYPE])]) then ReceivedEvent(TYPE) else if B(LIST=[actionresult([TYPE,AGENT,ID,RESPONSE])]) then if B(TYPE=proposal) then ReceivedProposal(AGENT, ID, RESPONSE)
Event processed @ctenv(functionToList(chip(a30, orange, 1, 1)),LIST,0); if B(LIST=[actionresult([TYPE,ID])]) then if B(TYPE=proposal) then {ReceivedMessage(TYPE, ID, open); adopta(received(TYPE, ID, closed) : Infinite, priority 1)} else if B(LIST=[actionresult([TYPE,ID,RESPONSE])]) then if B(TYPE=response) then ReceivedMessage(RESPONSE, ID) else if B(LIST=[actionresult([TYPE])]) then ReceivedEvent(TYPE) else if B(LIST=[actionresult([TYPE,AGENT,ID,RESPONSE])]) then if B(TYPE=proposal) then ReceivedProposal(AGENT, ID, RESPONSE)
Event processed UpdatePosition(4, 4)
Event processed @ctenv(functionToList(chip(a10, red, 3, 1)),LIST,0); if B(LIST=[actionresult([TYPE,ID])]) then if B(TYPE=proposal) then {ReceivedMessage(TYPE, ID, open); adopta(received(TYPE, ID, closed) : Infinite, priority 1)} else if B(LIST=[actionresult([TYPE,ID,RESPONSE])]) then if B(TYPE=response) then ReceivedMessage(RESPONSE, ID) else if B(LIST=[actionresult([TYPE])]) then ReceivedEvent(TYPE) else if B(LIST=[actionresult([TYPE,AGENT,ID,RESPONSE])]) then if B(TYPE=proposal) then ReceivedProposal(AGENT, ID, RESPONSE)
Event processed @ctenv(functionToList(chip(a40, orange, 2, 1)),LIST,0); if B(LIST=[actionresult([TYPE,ID])]) then if B(TYPE=proposal) then {ReceivedMessage(TYPE, ID, open); adopta(received(TYPE, ID, closed) : Infinite, priority 1)} else if B(LIST=[actionresult([TYPE,ID,RESPONSE])]) then if B(TYPE=response) then ReceivedMessage(RESPONSE, ID) else if B(LIST=[actionresult([TYPE])]) then ReceivedEvent(TYPE) else if B(LIST=[actionresult([TYPE,AGENT,ID,RESPONSE])]) then if B(TYPE=proposal) then ReceivedProposal(AGENT, ID, RESPONSE)
Event processed @ctenv(functionToList(chip(a30, red, 1, 1)),LIST,0); if B(LIST=[actionresult([TYPE,ID])]) then if B(TYPE=proposal) then {ReceivedMessage(TYPE, ID, open); adopta(received(TYPE, ID, closed) : Infinite, priority 1)} else if B(LIST=[actionresult([TYPE,ID,RESPONSE])]) then if B(TYPE=response) then ReceivedMessage(RESPONSE, ID) else if B(LIST=[actionresult([TYPE])]) then ReceivedEvent(TYPE) else if B(LIST=[actionresult([TYPE,AGENT,ID,RESPONSE])]) then if B(TYPE=proposal) then ReceivedProposal(AGENT, ID, RESPONSE)
Event processed @ctenv(functionToList(chip(a10, purple, 3, 1)),LIST,0); if B(LIST=[actionresult([TYPE,ID])]) then if B(TYPE=proposal) then {ReceivedMessage(TYPE, ID, open); adopta(received(TYPE, ID, closed) : Infinite, priority 1)} else if B(LIST=[actionresult([TYPE,ID,RESPONSE])]) then if B(TYPE=response) then ReceivedMessage(RESPONSE, ID) else if B(LIST=[actionresult([TYPE])]) then ReceivedEvent(TYPE) else if B(LIST=[actionresult([TYPE,AGENT,ID,RESPONSE])]) then if B(TYPE=proposal) then ReceivedProposal(AGENT, ID, RESPONSE)
Event processed @ctenv(functionToList(chip(a40, red, 3, 1)),LIST,0); if B(LIST=[actionresult([TYPE,ID])]) then if B(TYPE=proposal) then {ReceivedMessage(TYPE, ID, open); adopta(received(TYPE, ID, closed) : Infinite, priority 1)} else if B(LIST=[actionresult([TYPE,ID,RESPONSE])]) then if B(TYPE=response) then ReceivedMessage(RESPONSE, ID) else if B(LIST=[actionresult([TYPE])]) then ReceivedEvent(TYPE) else if B(LIST=[actionresult([TYPE,AGENT,ID,RESPONSE])]) then if B(TYPE=proposal) then ReceivedProposal(AGENT, ID, RESPONSE)
Event processed @ctenv(functionToList(chip(a10, green, 3, 1)),LIST,0); if B(LIST=[actionresult([TYPE,ID])]) then if B(TYPE=proposal) then {ReceivedMessage(TYPE, ID, open); adopta(received(TYPE, ID, closed) : Infinite, priority 1)} else if B(LIST=[actionresult([TYPE,ID,RESPONSE])]) then if B(TYPE=response) then ReceivedMessage(RESPONSE, ID) else if B(LIST=[actionresult([TYPE])]) then ReceivedEvent(TYPE) else if B(LIST=[actionresult([TYPE,AGENT,ID,RESPONSE])]) then if B(TYPE=proposal) then ReceivedProposal(AGENT, ID, RESPONSE)
Event processed @ctenv(functionToList(chip(a40, purple, 3, 1)),LIST,0); if B(LIST=[actionresult([TYPE,ID])]) then if B(TYPE=proposal) then {ReceivedMessage(TYPE, ID, open); adopta(received(TYPE, ID, closed) : Infinite, priority 1)} else if B(LIST=[actionresult([TYPE,ID,RESPONSE])]) then if B(TYPE=response) then ReceivedMessage(RESPONSE, ID) else if B(LIST=[actionresult([TYPE])]) then ReceivedEvent(TYPE) else if B(LIST=[actionresult([TYPE,AGENT,ID,RESPONSE])]) then if B(TYPE=proposal) then ReceivedProposal(AGENT, ID, RESPONSE)
Event processed @ctenv(functionToList(chip(a30, purple, 3, 1)),LIST,0); if B(LIST=[actionresult([TYPE,ID])]) then if B(TYPE=proposal) then {ReceivedMessage(TYPE, ID, open); adopta(received(TYPE, ID, closed) : Infinite, priority 1)} else if B(LIST=[actionresult([TYPE,ID,RESPONSE])]) then if B(TYPE=response) then ReceivedMessage(RESPONSE, ID) else if B(LIST=[actionresult([TYPE])]) then ReceivedEvent(TYPE) else if B(LIST=[actionresult([TYPE,AGENT,ID,RESPONSE])]) then if B(TYPE=proposal) then ReceivedProposal(AGENT, ID, RESPONSE)
Event processed @ctenv(functionToList(chip(a40, green, 2, 1)),LIST,0); if B(LIST=[actionresult([TYPE,ID])]) then if B(TYPE=proposal) then {ReceivedMessage(TYPE, ID, open); adopta(received(TYPE, ID, closed) : Infinite, priority 1)} else if B(LIST=[actionresult([TYPE,ID,RESPONSE])]) then if B(TYPE=response) then ReceivedMessage(RESPONSE, ID) else if B(LIST=[actionresult([TYPE])]) then ReceivedEvent(TYPE) else if B(LIST=[actionresult([TYPE,AGENT,ID,RESPONSE])]) then if B(TYPE=proposal) then ReceivedProposal(AGENT, ID, RESPONSE)
Event processed @ctenv(functionToList(chip(a30, green, 2, 1)),LIST,0); if B(LIST=[actionresult([TYPE,ID])]) then if B(TYPE=proposal) then {ReceivedMessage(TYPE, ID, open); adopta(received(TYPE, ID, closed) : Infinite, priority 1)} else if B(LIST=[actionresult([TYPE,ID,RESPONSE])]) then if B(TYPE=response) then ReceivedMessage(RESPONSE, ID) else if B(LIST=[actionresult([TYPE])]) then ReceivedEvent(TYPE) else if B(LIST=[actionresult([TYPE,AGENT,ID,RESPONSE])]) then if B(TYPE=proposal) then ReceivedProposal(AGENT, ID, RESPONSE)
[CTAH] Array of Terms: [Lapapl.data.Term;@57df9c23
[CTAH] Array of Terms: [Lapapl.data.Term;@23b2f0c7
[CTAH] Array of Terms: [Lapapl.data.Term;@1983eae7
[CTAH] Array of Terms: [Lapapl.data.Term;@409a6317
[CTAH] The created APLList : [a10,red,3,1]
[CTAH] The created APLList : [a10,green,3,1]
[CTAH] Array of Terms: [Lapapl.data.Term;@38ddab20
[CTAH] The created APLList : [a10,orange,3,1]
[CTAH] The created APLList : [game_initialized]
[CTAH] The created APLList : [a10,purple,3,1]
[CTAH] Array of Terms: [Lapapl.data.Term;@dc30dfa
[CTAH] The created APLList : [game_initialized]
[CTAH] Array of Terms: [Lapapl.data.Term;@ca9f25
[CTAH] The created APLList : [a40,orange,2,1]
[CTAH] Array of Terms: [Lapapl.data.Term;@9293709
[CTAH] The created APLList : [a40,red,3,1]
[CTAH] Array of Terms: [Lapapl.data.Term;@70dc3491
[CTAH] The created APLList : [a40,purple,3,1]
[CTAH] Array of Terms: [Lapapl.data.Term;@8ff557a
[CTAH] The created APLList : [a40,green,2,1]
[CTAH] Array of Terms: [Lapapl.data.Term;@9ff5160
[CTAH] Array of Terms: [Lapapl.data.Term;@59377ac0
[CTAH] The created APLList : [game_initialized]
[CTAH] The created APLList : [a30,orange,1,1]
[CTAH] Array of Terms: [Lapapl.data.Term;@6929ae9b
[CTAH] The created APLList : [a30,red,1,1]
[CTAH] Array of Terms: [Lapapl.data.Term;@65e84ff1
[CTAH] The created APLList : [a30,purple,3,1]
[CTAH] Array of Terms: [Lapapl.data.Term;@76d88b7b
[CTAH] The created APLList : [a30,green,2,1]
object notification: Time [clock=2, time=2015-05-07 10:47:53.241]
object notification: Time [clock=2, time=2015-05-07 10:47:53.241]
org notification: Time [clock=2, time=2015-05-07 10:47:53.241]
org notified sent time(2).
object notification: Time [clock=2, time=2015-05-07 10:47:53.241]
Event sent to object      a40 clock(2)
Event sent to object      a10 clock(2)
Event sent to object      a30 clock(2)
Event processed UpdateClock(2)
Event processed UpdateClock(2)
Event processed UpdateClock(2)
object notification: Time [clock=3, time=2015-05-07 10:48:03.243]
object notification: Time [clock=3, time=2015-05-07 10:48:03.243]
Event sent to object      a10 clock(3)
Event sent to object      a30 clock(3)
org notification: Time [clock=3, time=2015-05-07 10:48:03.243]
org notified sent time(3).
object notification: Time [clock=3, time=2015-05-07 10:48:03.243]
Event sent to object      a40 clock(3)
Event processed UpdateClock(3)
Event processed UpdateClock(3)
Event processed UpdateClock(3)
object notification: Time [clock=4, time=2015-05-07 10:48:13.246]
org notification: Time [clock=4, time=2015-05-07 10:48:13.246]
object notification: Time [clock=4, time=2015-05-07 10:48:13.246]
Event sent to object      a30 clock(4)
org notified sent time(4).
Event sent to object      a10 clock(4)
object notification: Time [clock=4, time=2015-05-07 10:48:13.246]
Event sent to object      a40 clock(4)
Event processed UpdateClock(4)
Event processed UpdateClock(4)
Event processed UpdateClock(4)
object notification: Time [clock=5, time=2015-05-07 10:48:23.249]
object notification: Time [clock=5, time=2015-05-07 10:48:23.249]
object notification: Time [clock=5, time=2015-05-07 10:48:23.249]
Event sent to object      a10 clock(5)
Event sent to object      a40 clock(5)
Event sent to object      a30 clock(5)
org notification: Time [clock=5, time=2015-05-07 10:48:23.249]
org notified sent time(5).
Event processed UpdateClock(5)
Event processed UpdateClock(5)
Event processed UpdateClock(5)
object notification: Time [clock=6, time=2015-05-07 10:48:33.252]
object notification: Time [clock=6, time=2015-05-07 10:48:33.252]
org notification: Time [clock=6, time=2015-05-07 10:48:33.252]
Event sent to object      a40 clock(6)
Event sent to object      a10 clock(6)
org notified sent time(6).
object notification: Time [clock=6, time=2015-05-07 10:48:33.252]
Event sent to object      a30 clock(6)
Event processed UpdateClock(6)
Event processed UpdateClock(6)
Event processed UpdateClock(6)
setPhases in ClientGameStatus, the current phase is Communication Phase
setPhases in ClientGameStatus, the current phase is Communication Phase
setPhases in ClientGameStatus, the current phase is Communication Phase
Event processed @ctenv(functionToList(message(phasechange)),LIST,0); if B(LIST=[actionresult([TYPE,ID])]) then if B(TYPE=proposal) then {ReceivedMessage(TYPE, ID, open); adopta(received(TYPE, ID, closed) : Infinite, priority 1)} else if B(LIST=[actionresult([TYPE,ID,RESPONSE])]) then if B(TYPE=response) then ReceivedMessage(RESPONSE, ID) else if B(LIST=[actionresult([TYPE])]) then ReceivedEvent(TYPE) else if B(LIST=[actionresult([TYPE,AGENT,ID,RESPONSE])]) then if B(TYPE=proposal) then ReceivedProposal(AGENT, ID, RESPONSE)
[CTAH] Array of Terms: [Lapapl.data.Term;@619dcdad
[CTAH] The created APLList : [phasechange]
Event processed @ctenv(functionToList(message(phasechange)),LIST,0); if B(LIST=[actionresult([TYPE,ID])]) then if B(TYPE=proposal) then {ReceivedMessage(TYPE, ID, open); adopta(received(TYPE, ID, closed) : Infinite, priority 1)} else if B(LIST=[actionresult([TYPE,ID,RESPONSE])]) then if B(TYPE=response) then ReceivedMessage(RESPONSE, ID) else if B(LIST=[actionresult([TYPE])]) then ReceivedEvent(TYPE) else if B(LIST=[actionresult([TYPE,AGENT,ID,RESPONSE])]) then if B(TYPE=proposal) then ReceivedProposal(AGENT, ID, RESPONSE)
[CTAH] Array of Terms: [Lapapl.data.Term;@c0335aa
[CTAH] The created APLList : [phasechange]
Event processed @ctenv(functionToList(message(phasechange)),LIST,0); if B(LIST=[actionresult([TYPE,ID])]) then if B(TYPE=proposal) then {ReceivedMessage(TYPE, ID, open); adopta(received(TYPE, ID, closed) : Infinite, priority 1)} else if B(LIST=[actionresult([TYPE,ID,RESPONSE])]) then if B(TYPE=response) then ReceivedMessage(RESPONSE, ID) else if B(LIST=[actionresult([TYPE])]) then ReceivedEvent(TYPE) else if B(LIST=[actionresult([TYPE,AGENT,ID,RESPONSE])]) then if B(TYPE=proposal) then ReceivedProposal(AGENT, ID, RESPONSE)
[CTAH] Array of Terms: [Lapapl.data.Term;@65a7a525
[CTAH] The created APLList : [phasechange]
object notification: Time [clock=7, time=2015-05-07 10:48:43.255]
object notification: Time [clock=7, time=2015-05-07 10:48:43.255]
Event sent to object      a10 clock(7)
org notification: Time [clock=7, time=2015-05-07 10:48:43.255]
object notification: Time [clock=7, time=2015-05-07 10:48:43.255]
Event sent to object      a40 clock(7)
org notified sent time(7).
Event sent to object      a30 clock(7)
Event processed UpdateClock(7)
Event processed UpdateClock(7)
Event processed UpdateClock(7)
org notification: Time [clock=8, time=2015-05-07 10:48:53.259]
org notified sent time(8).
object notification: Time [clock=8, time=2015-05-07 10:48:53.259]
object notification: Time [clock=8, time=2015-05-07 10:48:53.259]
object notification: Time [clock=8, time=2015-05-07 10:48:53.259]
Event sent to object      a10 clock(8)
Event sent to object      a40 clock(8)
Event sent to object      a30 clock(8)
Event processed UpdateClock(8)
Event processed UpdateClock(8)
Event processed UpdateClock(8)
setPhases in ClientGameStatus, the current phase is Movement Phase
setPhases in ClientGameStatus, the current phase is Movement Phase
setPhases in ClientGameStatus, the current phase is Movement Phase
Event processed @ctenv(functionToList(message(phasechange)),LIST,0); if B(LIST=[actionresult([TYPE,ID])]) then if B(TYPE=proposal) then {ReceivedMessage(TYPE, ID, open); adopta(received(TYPE, ID, closed) : Infinite, priority 1)} else if B(LIST=[actionresult([TYPE,ID,RESPONSE])]) then if B(TYPE=response) then ReceivedMessage(RESPONSE, ID) else if B(LIST=[actionresult([TYPE])]) then ReceivedEvent(TYPE) else if B(LIST=[actionresult([TYPE,AGENT,ID,RESPONSE])]) then if B(TYPE=proposal) then ReceivedProposal(AGENT, ID, RESPONSE)
Event processed @ctenv(functionToList(message(phasechange)),LIST,0); if B(LIST=[actionresult([TYPE,ID])]) then if B(TYPE=proposal) then {ReceivedMessage(TYPE, ID, open); adopta(received(TYPE, ID, closed) : Infinite, priority 1)} else if B(LIST=[actionresult([TYPE,ID,RESPONSE])]) then if B(TYPE=response) then ReceivedMessage(RESPONSE, ID) else if B(LIST=[actionresult([TYPE])]) then ReceivedEvent(TYPE) else if B(LIST=[actionresult([TYPE,AGENT,ID,RESPONSE])]) then if B(TYPE=proposal) then ReceivedProposal(AGENT, ID, RESPONSE)
Event processed @ctenv(functionToList(message(phasechange)),LIST,0); if B(LIST=[actionresult([TYPE,ID])]) then if B(TYPE=proposal) then {ReceivedMessage(TYPE, ID, open); adopta(received(TYPE, ID, closed) : Infinite, priority 1)} else if B(LIST=[actionresult([TYPE,ID,RESPONSE])]) then if B(TYPE=response) then ReceivedMessage(RESPONSE, ID) else if B(LIST=[actionresult([TYPE])]) then ReceivedEvent(TYPE) else if B(LIST=[actionresult([TYPE,AGENT,ID,RESPONSE])]) then if B(TYPE=proposal) then ReceivedProposal(AGENT, ID, RESPONSE)
[CTAH] Array of Terms: [Lapapl.data.Term;@68c46ab0
[CTAH] The created APLList : [phasechange]
[CTAH] Array of Terms: [Lapapl.data.Term;@53d5cac4
[CTAH] The created APLList : [phasechange]
[CTAH] Array of Terms: [Lapapl.data.Term;@64a176c9
[CTAH] The created APLList : [phasechange]
org notification: Time [clock=9, time=2015-05-07 10:49:03.262]
org notified sent time(9).
object notification: Time [clock=9, time=2015-05-07 10:49:03.262]
object notification: Time [clock=9, time=2015-05-07 10:49:03.262]
object notification: Time [clock=9, time=2015-05-07 10:49:03.262]
Event sent to object      a10 clock(9)
Event sent to object      a40 clock(9)
Event sent to object      a30 clock(9)
Event processed UpdateClock(9)
Event processed UpdateClock(9)
Event processed UpdateClock(9)
object notification: Time [clock=10, time=2015-05-07 10:49:13.265]
object notification: Time [clock=10, time=2015-05-07 10:49:13.265]
Event sent to object      a10 clock(10)
Event sent to object      a40 clock(10)
object notification: Time [clock=10, time=2015-05-07 10:49:13.265]
Event sent to object      a30 clock(10)
org notification: Time [clock=10, time=2015-05-07 10:49:13.265]
org notified sent time(10).
Event processed UpdateClock(10)
Event processed UpdateClock(10)
Event processed UpdateClock(10)
setPhases in ClientGameStatus, the current phase is Feedback Phase
setPhases in ClientGameStatus, the current phase is Feedback Phase
setPhases in ClientGameStatus, the current phase is Feedback Phase
Event processed @ctenv(functionToList(message(phasechange)),LIST,0); if B(LIST=[actionresult([TYPE,ID])]) then if B(TYPE=proposal) then {ReceivedMessage(TYPE, ID, open); adopta(received(TYPE, ID, closed) : Infinite, priority 1)} else if B(LIST=[actionresult([TYPE,ID,RESPONSE])]) then if B(TYPE=response) then ReceivedMessage(RESPONSE, ID) else if B(LIST=[actionresult([TYPE])]) then ReceivedEvent(TYPE) else if B(LIST=[actionresult([TYPE,AGENT,ID,RESPONSE])]) then if B(TYPE=proposal) then ReceivedProposal(AGENT, ID, RESPONSE)
Event processed @ctenv(functionToList(message(phasechange)),LIST,0); if B(LIST=[actionresult([TYPE,ID])]) then if B(TYPE=proposal) then {ReceivedMessage(TYPE, ID, open); adopta(received(TYPE, ID, closed) : Infinite, priority 1)} else if B(LIST=[actionresult([TYPE,ID,RESPONSE])]) then if B(TYPE=response) then ReceivedMessage(RESPONSE, ID) else if B(LIST=[actionresult([TYPE])]) then ReceivedEvent(TYPE) else if B(LIST=[actionresult([TYPE,AGENT,ID,RESPONSE])]) then if B(TYPE=proposal) then ReceivedProposal(AGENT, ID, RESPONSE)
Event processed @ctenv(functionToList(message(phasechange)),LIST,0); if B(LIST=[actionresult([TYPE,ID])]) then if B(TYPE=proposal) then {ReceivedMessage(TYPE, ID, open); adopta(received(TYPE, ID, closed) : Infinite, priority 1)} else if B(LIST=[actionresult([TYPE,ID,RESPONSE])]) then if B(TYPE=response) then ReceivedMessage(RESPONSE, ID) else if B(LIST=[actionresult([TYPE])]) then ReceivedEvent(TYPE) else if B(LIST=[actionresult([TYPE,AGENT,ID,RESPONSE])]) then if B(TYPE=proposal) then ReceivedProposal(AGENT, ID, RESPONSE)
[CTAH] Array of Terms: [Lapapl.data.Term;@52746573
[CTAH] The created APLList : [phasechange]
[CTAH] Array of Terms: [Lapapl.data.Term;@210aaf84
[CTAH] The created APLList : [phasechange]
[CTAH] Array of Terms: [Lapapl.data.Term;@55813ee4
[CTAH] The created APLList : [phasechange]
(((((((((((((((((Game ended)))))))))))
Game ended 
My PlayerStatus is: Game Player...
PerGameId: 3.
PIN: 40.
Pos: (R:4,C:0).
Chips: { chips  'orange':2 'red':3 'purple':3 'green':2 }.
Score: 10.
Team: -1.

(((((((((((((((((Game ended)))))))))))
Game ended 
My PlayerStatus is: Game Player...
PerGameId: 0.
PIN: 10.
Pos: (R:0,C:0).
Chips: { chips  'orange':3 'red':3 'purple':3 'green':3 }.
Score: 20.
Team: -1.

(((((((((((((((((Game ended)))))))))))
Game ended 
My PlayerStatus is: Game Player...
PerGameId: 2.
PIN: 30.
Pos: (R:4,C:4).
Chips: { chips  'orange':1 'red':1 'purple':3 'green':2 }.
Score: -5.
Team: -1.

Event processed @ctenv(functionToList(message(game_ended)),LIST,0); if B(LIST=[actionresult([TYPE,ID])]) then if B(TYPE=proposal) then {ReceivedMessage(TYPE, ID, open); adopta(received(TYPE, ID, closed) : Infinite, priority 1)} else if B(LIST=[actionresult([TYPE,ID,RESPONSE])]) then if B(TYPE=response) then ReceivedMessage(RESPONSE, ID) else if B(LIST=[actionresult([TYPE])]) then ReceivedEvent(TYPE) else if B(LIST=[actionresult([TYPE,AGENT,ID,RESPONSE])]) then if B(TYPE=proposal) then ReceivedProposal(AGENT, ID, RESPONSE)
Event processed @ctenv(functionToList(message(game_ended)),LIST,0); if B(LIST=[actionresult([TYPE,ID])]) then if B(TYPE=proposal) then {ReceivedMessage(TYPE, ID, open); adopta(received(TYPE, ID, closed) : Infinite, priority 1)} else if B(LIST=[actionresult([TYPE,ID,RESPONSE])]) then if B(TYPE=response) then ReceivedMessage(RESPONSE, ID) else if B(LIST=[actionresult([TYPE])]) then ReceivedEvent(TYPE) else if B(LIST=[actionresult([TYPE,AGENT,ID,RESPONSE])]) then if B(TYPE=proposal) then ReceivedProposal(AGENT, ID, RESPONSE)
[CTAH] Array of Terms: [Lapapl.data.Term;@5d060948
[CTAH] The created APLList : [game_ended]
Event processed @ctenv(functionToList(message(game_ended)),LIST,0); if B(LIST=[actionresult([TYPE,ID])]) then if B(TYPE=proposal) then {ReceivedMessage(TYPE, ID, open); adopta(received(TYPE, ID, closed) : Infinite, priority 1)} else if B(LIST=[actionresult([TYPE,ID,RESPONSE])]) then if B(TYPE=response) then ReceivedMessage(RESPONSE, ID) else if B(LIST=[actionresult([TYPE])]) then ReceivedEvent(TYPE) else if B(LIST=[actionresult([TYPE,AGENT,ID,RESPONSE])]) then if B(TYPE=proposal) then ReceivedProposal(AGENT, ID, RESPONSE)
[CTAH] Array of Terms: [Lapapl.data.Term;@ff32798
[CTAH] The created APLList : [game_ended]
[CTAH] Array of Terms: [Lapapl.data.Term;@39a4eb85
[CTAH] The created APLList : [game_ended]
object notification: Time [clock=11, time=2015-05-07 10:49:23.266]
Event sent to object      a10 clock(11)
object notification: Time [clock=11, time=2015-05-07 10:49:23.266]
Event sent to object      a40 clock(11)
org notification: Time [clock=11, time=2015-05-07 10:49:23.266]
org notified sent time(11).
object notification: Time [clock=11, time=2015-05-07 10:49:23.266]
Event sent to object      a30 clock(11)
Event processed UpdateClock(11)
Event processed UpdateClock(11)
Event processed UpdateClock(11)
object notification: Time [clock=12, time=2015-05-07 10:49:33.269]
org notification: Time [clock=12, time=2015-05-07 10:49:33.269]
org notified sent time(12).
Event sent to object      a30 clock(12)
object notification: Time [clock=12, time=2015-05-07 10:49:33.269]
Event sent to object      a10 clock(12)
object notification: Time [clock=12, time=2015-05-07 10:49:33.269]
Event sent to object      a40 clock(12)
Event processed UpdateClock(12)
Event processed UpdateClock(12)
Event processed UpdateClock(12)
object notification: Time [clock=13, time=2015-05-07 10:49:43.273]
org notification: Time [clock=13, time=2015-05-07 10:49:43.273]
org notified sent time(13).
Event sent to object      a30 clock(13)
object notification: Time [clock=13, time=2015-05-07 10:49:43.273]
Event sent to object      a40 clock(13)
object notification: Time [clock=13, time=2015-05-07 10:49:43.273]
Event sent to object      a10 clock(13)
Event processed UpdateClock(13)
Event processed UpdateClock(13)
Event processed UpdateClock(13)
object notification: Time [clock=14, time=2015-05-07 10:49:53.275]
org notification: Time [clock=14, time=2015-05-07 10:49:53.275]
org notified sent time(14).
object notification: Time [clock=14, time=2015-05-07 10:49:53.275]
Event sent to object      a40 clock(14)
object notification: Time [clock=14, time=2015-05-07 10:49:53.275]
Event sent to object      a10 clock(14)
Event sent to object      a30 clock(14)
Event processed UpdateClock(14)
Event processed UpdateClock(14)
Event processed UpdateClock(14)
object notification: Time [clock=15, time=2015-05-07 10:50:03.278]
Event sent to object      a10 clock(15)
object notification: Time [clock=15, time=2015-05-07 10:50:03.278]
Event sent to object      a30 clock(15)
org notification: Time [clock=15, time=2015-05-07 10:50:03.278]
org notified sent time(15).
object notification: Time [clock=15, time=2015-05-07 10:50:03.278]
Event sent to object      a40 clock(15)
Event processed UpdateClock(15)
Event processed UpdateClock(15)
Event processed UpdateClock(15)
object notification: Time [clock=16, time=2015-05-07 10:50:13.283]
Event sent to object      a30 clock(16)
object notification: Time [clock=16, time=2015-05-07 10:50:13.283]
Event sent to object      a40 clock(16)
org notification: Time [clock=16, time=2015-05-07 10:50:13.283]
org notified sent time(16).
object notification: Time [clock=16, time=2015-05-07 10:50:13.283]
Event sent to object      a10 clock(16)
Event processed UpdateClock(16)
Event processed UpdateClock(16)
Event processed UpdateClock(16)
object notification: Time [clock=17, time=2015-05-07 10:50:23.288]
object notification: Time [clock=17, time=2015-05-07 10:50:23.288]
Event sent to object      a10 clock(17)
org notification: Time [clock=17, time=2015-05-07 10:50:23.288]
org notified sent time(17).
object notification: Time [clock=17, time=2015-05-07 10:50:23.288]
Event sent to object      a30 clock(17)
Event sent to object      a40 clock(17)
Event processed UpdateClock(17)
Event processed UpdateClock(17)
Event processed UpdateClock(17)
org notification: Time [clock=18, time=2015-05-07 10:50:33.29]
org notified sent time(18).
object notification: Time [clock=18, time=2015-05-07 10:50:33.29]
Event sent to object      a30 clock(18)
object notification: Time [clock=18, time=2015-05-07 10:50:33.29]
Event sent to object      a40 clock(18)
object notification: Time [clock=18, time=2015-05-07 10:50:33.29]
Event sent to object      a10 clock(18)
Event processed UpdateClock(18)
Event processed UpdateClock(18)
Event processed UpdateClock(18)
org notification: Time [clock=19, time=2015-05-07 10:50:43.294]
org notified sent time(19).
object notification: Time [clock=19, time=2015-05-07 10:50:43.294]
Event sent to object      a40 clock(19)
object notification: Time [clock=19, time=2015-05-07 10:50:43.294]
Event sent to object      a30 clock(19)
object notification: Time [clock=19, time=2015-05-07 10:50:43.294]
Event sent to object      a10 clock(19)
Event processed UpdateClock(19)
Event processed UpdateClock(19)
Event processed UpdateClock(19)
object notification: Time [clock=20, time=2015-05-07 10:50:53.296]
org notification: Time [clock=20, time=2015-05-07 10:50:53.296]
org notified sent time(20).
object notification: Time [clock=20, time=2015-05-07 10:50:53.296]
Event sent to object      a10 clock(20)
Event sent to object      a30 clock(20)
object notification: Time [clock=20, time=2015-05-07 10:50:53.296]
Event sent to object      a40 clock(20)
Event processed UpdateClock(20)
Event processed UpdateClock(20)
Event processed UpdateClock(20)
object notification: Time [clock=21, time=2015-05-07 10:51:03.3]
org notification: Time [clock=21, time=2015-05-07 10:51:03.3]
org notified sent time(21).
object notification: Time [clock=21, time=2015-05-07 10:51:03.3]
Event sent to object      a40 clock(21)
object notification: Time [clock=21, time=2015-05-07 10:51:03.3]
Event sent to object      a10 clock(21)
Event sent to object      a30 clock(21)
Event processed UpdateClock(21)
Event processed UpdateClock(21)
Event processed UpdateClock(21)
object notification: Time [clock=22, time=2015-05-07 10:51:13.303]
object notification: Time [clock=22, time=2015-05-07 10:51:13.303]
Event sent to object      a10 clock(22)
Event sent to object      a30 clock(22)
object notification: Time [clock=22, time=2015-05-07 10:51:13.303]
org notification: Time [clock=22, time=2015-05-07 10:51:13.303]
org notified sent time(22).
Event sent to object      a40 clock(22)
Event processed UpdateClock(22)
Event processed UpdateClock(22)
Event processed UpdateClock(22)
