2015-06-11 15:12:26,074 CONFIG [com.gigaspaces.logger] - Log file: /Users/dxd/gigaspaces-xap-premium-9.5.1-ga/logs/2015-06-11~15.12-gigaspaces-service-10.154.152.106-7164.log
-------------------------last log tuples start--------------------------------
Obligation [subject=a40, obligation=[at(4, 1, a40)], sanction=[reduce(a40, 600)], deadline=16, time=2015-06-11 15:07:55.703, clock=0]
Position [subject=a30, id=null, cell=Cell [x=0, y=0], time=2015-06-11 15:07:43.19, clock=0]
SetGoal [id=null, agent=a30, cell=Cell [x=3, y=2], goal=Cell [x=4, y=2], sanction=100, clock=1, time=2015-06-11 15:07:55.798]
GroupObl [id=null, obligation=acceptRequests, sanction=200, clock=1, time=2015-06-11 15:07:56.545]
Goal [id=null, cell=Cell [x=4, y=2], agent=null, time=2015-06-11 15:07:42.935, clock=0]
SetGoal [id=null, agent=a20, cell=Cell [x=5, y=2], goal=Cell [x=4, y=2], sanction=100, clock=1, time=2015-06-11 15:07:55.889]
Time [clock=21, time=2015-06-11 15:11:15.803]
Obligation [subject=a30, obligation=[respondToRequest(4548)], sanction=[reduce(a30, 200)], deadline=18, time=2015-06-11 15:10:23.957, clock=15]
Time [clock=3, time=2015-06-11 15:08:15.758]
Position [subject=a40, id=null, cell=Cell [x=4, y=1], time=2015-06-11 15:09:39.302, clock=11]
Time [clock=18, time=2015-06-11 15:10:45.797]
Color [id=null, color=yellow, agent=a20, type=no, sanction=100, time=2015-06-11 15:07:56.341, clock=1]
Prohibition [subject=a20, prohibition=[moveTooFast(a20)], sanction=[reduce(a20, 100)], clock=0, time=2015-06-11 15:07:45.826]
Time [clock=11, time=2015-06-11 15:09:35.778]
Proposal [id=6767, agent=a40, agent2=a10, clock=15, time=2015-06-11 15:10:17.528]
Obligation [subject=a20, obligation=[respondToRequest(2787)], sanction=[reduce(a20, 200)], deadline=15, time=2015-06-11 15:09:51.441, clock=12]
Tile [id=null, cell=Cell [x=5, y=0], subject=blue, time=2015-06-11 15:07:42.865, clock=0]
Time [clock=6, time=2015-06-11 15:08:45.766]
SetGoal [id=null, agent=a40, cell=Cell [x=4, y=1], goal=Cell [x=4, y=2], sanction=100, clock=0, time=2015-06-11 15:07:55.694]
Time [clock=14, time=2015-06-11 15:10:05.784]
Time [clock=19, time=2015-06-11 15:10:55.799]
Group [name=g, ra=a10, type=raaa, clock=0, time=2015-06-11 15:07:45.733]
Prohibition [subject=a40, prohibition=[color(yellow, a40)], sanction=[reduce(a40, 100)], clock=1, time=2015-06-11 15:07:56.477]
Position [subject=a30, id=null, cell=Cell [x=2, y=1], time=2015-06-11 15:09:30.883, clock=10]
Position [subject=a10, id=null, cell=Cell [x=4, y=1], time=2015-06-11 15:09:32.451, clock=10]
Time [clock=16, time=2015-06-11 15:10:25.791]
Proposal [id=5699, agent=a40, agent2=a20, clock=12, time=2015-06-11 15:09:52.997]
Prohibition [subject=a10, prohibition=[color(blue, a10)], sanction=[reduce(a10, 100)], clock=1, time=2015-06-11 15:07:56.312]
Prohibition [subject=a30, prohibition=[color(brown, a30)], sanction=[reduce(a30, 100)], clock=1, time=2015-06-11 15:07:56.396]
Position [subject=a20, id=null, cell=Cell [x=5, y=2], time=2015-06-11 15:09:28.179, clock=10]
SetGoal [id=null, agent=a10, cell=Cell [x=4, y=3], goal=Cell [x=4, y=2], sanction=100, clock=1, time=2015-06-11 15:07:55.999]
Time [clock=10, time=2015-06-11 15:09:25.776]
Color [id=null, color=yellow, agent=a40, type=no, sanction=100, time=2015-06-11 15:07:56.473, clock=1]
Time [clock=5, time=2015-06-11 15:08:35.763]
Position [subject=a30, id=null, cell=Cell [x=0, y=1], time=2015-06-11 15:09:29.768, clock=10]
Obligation [subject=a10, obligation=[makeMove(4, 0, a10)], sanction=[reduce(a10, 200)], deadline=15, time=2015-06-11 15:07:45.768, clock=0]
Color [id=null, color=blue, agent=a10, type=no, sanction=100, time=2015-06-11 15:07:56.277, clock=1]
Prohibition [subject=a20, prohibition=[color(yellow, a20)], sanction=[reduce(a20, 100)], clock=1, time=2015-06-11 15:07:56.345]
Response [id=8228, response=accepted, clock=15, time=2015-06-11 15:10:21.122]
Time [clock=12, time=2015-06-11 15:09:45.78]
Color [id=null, color=brown, agent=a30, type=no, sanction=100, time=2015-06-11 15:07:56.393, clock=1]
Time [clock=15, time=2015-06-11 15:10:15.786]
Prohibition [subject=a30, prohibition=[moveTooFast(a30)], sanction=[reduce(a30, 100)], clock=0, time=2015-06-11 15:07:45.827]
Obligation [subject=a40, obligation=[acceptRequests(a40)], sanction=[reduce(a40, 200)], deadline=16, time=2015-06-11 15:07:56.567, clock=1]
Position [subject=a30, id=null, cell=Cell [x=3, y=2], time=2015-06-11 15:09:42.796, clock=11]
Prohibition [subject=a10, prohibition=[restrictPlayer(a10)], sanction=[reduce(a10, 300)], clock=0, time=2015-06-11 15:07:45.78]
Tile [id=null, cell=Cell [x=5, y=1], subject=blue, time=2015-06-11 15:07:42.868, clock=0]
Prohibition [subject=a40, prohibition=[moveTooFast(a40)], sanction=[reduce(a40, 100)], clock=0, time=2015-06-11 15:07:45.843]
Time [clock=17, time=2015-06-11 15:10:35.794]
Obligation [subject=a10, obligation=[acceptRequests(a10)], sanction=[reduce(a10, 200)], deadline=16, time=2015-06-11 15:07:56.557, clock=1]
Obligation [subject=a20, obligation=[respondToRequest(5517)], sanction=[reduce(a20, 200)], deadline=16, time=2015-06-11 15:09:59.053, clock=13]
Obligation [subject=a10, obligation=[surround(4, 2)], sanction=[reduce(g, 700)], deadline=20, time=2015-06-11 15:07:45.754, clock=0]
Tile [id=null, cell=Cell [x=4, y=4], subject=blue, time=2015-06-11 15:07:42.858, clock=0]
Prohibition [subject=a10, prohibition=[moveTooFast(a10)], sanction=[reduce(a10, 100)], clock=0, time=2015-06-11 15:07:45.806]
Time [clock=8, time=2015-06-11 15:09:05.771]
Position [subject=a30, id=null, cell=Cell [x=1, y=1], time=2015-06-11 15:09:30.306, clock=10]
Time [clock=13, time=2015-06-11 15:09:55.782]
Tile [id=null, cell=Cell [x=4, y=2], subject=white, time=2015-06-11 15:07:42.853, clock=0]
Position [subject=a30, id=null, cell=Cell [x=2, y=2], time=2015-06-11 15:09:31.51, clock=10]
Obligation [subject=a10, obligation=[respondToRequest(8228)], sanction=[reduce(a10, 200)], deadline=18, time=2015-06-11 15:10:17.351, clock=15]
Position [subject=a10, id=null, cell=Cell [x=4, y=0], time=2015-06-11 15:07:43.005, clock=0]
Proposal [id=4548, agent=a40, agent2=a30, clock=15, time=2015-06-11 15:10:23.949]
Obligation [subject=a30, obligation=[respondToRequest(5854)], sanction=[reduce(a30, 200)], deadline=18, time=2015-06-11 15:10:24.08, clock=15]
Position [subject=a40, id=null, cell=Cell [x=3, y=1], time=2015-06-11 15:09:27.998, clock=10]
Time [clock=7, time=2015-06-11 15:08:55.768]
Obligation [subject=a20, obligation=[makeMove(5, 3, a20)], sanction=[reduce(a20, 200)], deadline=15, time=2015-06-11 15:07:45.77, clock=0]
Obligation [subject=a10, obligation=[at(4, 3, a10)], sanction=[reduce(a10, 600)], deadline=17, time=2015-06-11 15:07:56.002, clock=1]
Time [clock=4, time=2015-06-11 15:08:25.76]
Tile [id=null, cell=Cell [x=2, y=1], subject=white, time=2015-06-11 15:07:42.81, clock=0]
Obligation [subject=a20, obligation=[respondToRequest(8340)], sanction=[reduce(a20, 200)], deadline=13, time=2015-06-11 15:09:31.917, clock=10]
Position [subject=a40, id=null, cell=Cell [x=2, y=1], time=2015-06-11 15:07:43.235, clock=0]
Obligation [subject=a30, obligation=[acceptRequests(a30)], sanction=[reduce(a30, 200)], deadline=16, time=2015-06-11 15:07:56.56, clock=1]
Obligation [subject=a10, obligation=[respondToRequest(6767)], sanction=[reduce(a10, 200)], deadline=18, time=2015-06-11 15:10:17.531, clock=15]
Time [clock=23, time=2015-06-11 15:11:35.807]
Obligation [subject=a30, obligation=[at(3, 2, a30)], sanction=[reduce(a30, 600)], deadline=17, time=2015-06-11 15:07:55.802, clock=1]
Obligation [subject=a20, obligation=[respondToRequest(1240)], sanction=[reduce(a20, 200)], deadline=16, time=2015-06-11 15:09:58.593, clock=13]
Response [id=4548, response=accepted, clock=15, time=2015-06-11 15:10:25.574]
Obligation [subject=a20, obligation=[respondToRequest(5699)], sanction=[reduce(a20, 200)], deadline=15, time=2015-06-11 15:09:53.001, clock=12]
Response [id=6767, response=accepted, clock=15, time=2015-06-11 15:10:23.266]
Response [id=2787, response=accepted, clock=15, time=2015-06-11 15:10:21.373]
Obligation [subject=a20, obligation=[at(5, 2, a20)], sanction=[reduce(a20, 600)], deadline=17, time=2015-06-11 15:07:55.914, clock=1]
Obligation [subject=a30, obligation=[makeMove(0, 0, a30)], sanction=[reduce(a30, 200)], deadline=15, time=2015-06-11 15:07:45.772, clock=0]
Position [subject=a10, id=null, cell=Cell [x=4, y=2], time=2015-06-11 15:09:40.419, clock=11]
Obligation [subject=a20, obligation=[acceptRequests(a20)], sanction=[reduce(a20, 200)], deadline=16, time=2015-06-11 15:07:56.558, clock=1]
Obligation [subject=a40, obligation=[makeMove(2, 1, a40)], sanction=[reduce(a40, 200)], deadline=15, time=2015-06-11 15:07:45.775, clock=0]
Position [subject=a10, id=null, cell=Cell [x=4, y=3], time=2015-06-11 15:09:48.194, clock=12]
Points [subject=a30, time=2015-06-11 15:09:29.78, clock=10, value=900, id=null]
Proposal [id=8340, agent=a30, agent2=a20, clock=10, time=2015-06-11 15:09:31.906]
Points [subject=a30, time=2015-06-11 15:09:30.334, clock=10, value=800, id=null]
Position [subject=a20, id=null, cell=Cell [x=5, y=3], time=2015-06-11 15:07:43.073, clock=0]
Time [clock=22, time=2015-06-11 15:11:25.805]
Time [clock=2, time=2015-06-11 15:08:05.756]
Points [subject=a10, time=2015-06-11 15:09:48.206, clock=12, value=900, id=null]
Time [clock=20, time=2015-06-11 15:11:05.801]
Time [clock=9, time=2015-06-11 15:09:15.774]
Time [clock=1, time=2015-06-11 15:07:55.753]
Tile [id=null, cell=Cell [x=5, y=3], subject=blue, time=2015-06-11 15:07:42.873, clock=0]
Tile [id=null, cell=Cell [x=2, y=3], subject=blue, time=2015-06-11 15:07:42.82, clock=0]
Proposal [id=5517, agent=a40, agent2=a20, clock=13, time=2015-06-11 15:09:59.049]
Tile [id=null, cell=Cell [x=3, y=4], subject=brown, time=2015-06-11 15:07:42.845, clock=0]
Tile [id=null, cell=Cell [x=2, y=5], subject=brown, time=2015-06-11 15:07:42.827, clock=0]
Tile [id=null, cell=Cell [x=1, y=2], subject=yellow, time=2015-06-11 15:07:42.798, clock=0]
Tile [id=null, cell=Cell [x=3, y=3], subject=yellow, time=2015-06-11 15:07:42.841, clock=0]
Tile [id=null, cell=Cell [x=0, y=2], subject=blue, time=2015-06-11 15:07:42.78, clock=0]
Tile [id=null, cell=Cell [x=2, y=2], subject=brown, time=2015-06-11 15:07:42.814, clock=0]
Tile [id=null, cell=Cell [x=4, y=1], subject=white, time=2015-06-11 15:07:42.851, clock=0]
Tile [id=null, cell=Cell [x=1, y=5], subject=white, time=2015-06-11 15:07:42.805, clock=0]
Tile [id=null, cell=Cell [x=1, y=4], subject=white, time=2015-06-11 15:07:42.802, clock=0]
Tile [id=null, cell=Cell [x=3, y=0], subject=white, time=2015-06-11 15:07:42.833, clock=0]
Tile [id=null, cell=Cell [x=5, y=2], subject=blue, time=2015-06-11 15:07:42.871, clock=0]
Tile [id=null, cell=Cell [x=4, y=3], subject=blue, time=2015-06-11 15:07:42.855, clock=0]
Tile [id=null, cell=Cell [x=4, y=0], subject=brown, time=2015-06-11 15:07:42.849, clock=0]
Tile [id=null, cell=Cell [x=3, y=1], subject=brown, time=2015-06-11 15:07:42.835, clock=0]
Tile [id=null, cell=Cell [x=3, y=2], subject=yellow, time=2015-06-11 15:07:42.838, clock=0]
Tile [id=null, cell=Cell [x=3, y=5], subject=brown, time=2015-06-11 15:07:42.847, clock=0]
Tile [id=null, cell=Cell [x=2, y=0], subject=brown, time=2015-06-11 15:07:42.807, clock=0]
Proposal [id=5854, agent=a40, agent2=a30, clock=15, time=2015-06-11 15:10:24.077]
Tile [id=null, cell=Cell [x=0, y=5], subject=yellow, time=2015-06-11 15:07:42.789, clock=0]
Response [id=5699, response=accepted, clock=15, time=2015-06-11 15:10:20.659]
Tile [id=null, cell=Cell [x=5, y=4], subject=white, time=2015-06-11 15:07:42.876, clock=0]
Tile [id=null, cell=Cell [x=0, y=4], subject=brown, time=2015-06-11 15:07:42.787, clock=0]
Tile [id=null, cell=Cell [x=4, y=5], subject=blue, time=2015-06-11 15:07:42.861, clock=0]
Tile [id=null, cell=Cell [x=2, y=4], subject=white, time=2015-06-11 15:07:42.824, clock=0]
Tile [id=null, cell=Cell [x=0, y=3], subject=brown, time=2015-06-11 15:07:42.782, clock=0]
Tile [id=null, cell=Cell [x=1, y=1], subject=yellow, time=2015-06-11 15:07:42.794, clock=0]
Tile [id=null, cell=Cell [x=1, y=3], subject=blue, time=2015-06-11 15:07:42.8, clock=0]
Tile [id=null, cell=Cell [x=5, y=5], subject=white, time=2015-06-11 15:07:42.878, clock=0]
Tile [id=null, cell=Cell [x=1, y=0], subject=yellow, time=2015-06-11 15:07:42.791, clock=0]
Tile [id=null, cell=Cell [x=0, y=1], subject=brown, time=2015-06-11 15:07:42.778, clock=0]
Tile [id=null, cell=Cell [x=0, y=0], subject=blue, time=2015-06-11 15:07:42.742, clock=0]
Proposal [id=8228, agent=a40, agent2=a10, clock=15, time=2015-06-11 15:10:17.346]
Proposal [id=1240, agent=a40, agent2=a20, clock=13, time=2015-06-11 15:09:58.588]
Proposal [id=2787, agent=a40, agent2=a20, clock=12, time=2015-06-11 15:09:51.434]
Response [id=5517, response=accepted, clock=15, time=2015-06-11 15:10:16.932]
Response [id=5854, response=accepted, clock=15, time=2015-06-11 15:10:25.702]
Response [id=1240, response=accepted, clock=14, time=2015-06-11 15:10:10.767]
Response [id=8340, response=accepted, clock=11, time=2015-06-11 15:09:42.553]
-------------------------last log tuples end----------------------------------
[CTAH] started agent 10
[CTAH] Added a new agent to the game by the name of 10.
[ENV] added agent a10
[CTAH] started agent 30
[CTAH] Added a new agent to the game by the name of 30.
[ENV] added agent a30
