2015-05-21 15:12:17,452 CONFIG [com.gigaspaces.logger] - Log file: /Users/dxd/git/ct3/logs/2015-05-21~15.12-gigaspaces-service-192.168.1.103-2569.log
-------------------------last log tuples start--------------------------------
Time [clock=5, time=2015-05-21 15:12:08.272]
Prohibition [subject=a40, prohibition=[rejectRequests(a40)], sanction=[reduce(a40, 500)], clock=0, time=2015-05-21 15:12:08.299]
Prohibition [subject=a30, prohibition=[rejectRequests(a30)], sanction=[reduce(a30, 500)], clock=0, time=2015-05-21 15:12:08.296]
Prohibition [subject=a20, prohibition=[rejectRequests(a20)], sanction=[reduce(a20, 500)], clock=0, time=2015-05-21 15:12:08.294]
Prohibition [subject=a10, prohibition=[moveTooFast(a10)], sanction=[reduce(a10, 300)], clock=0, time=2015-05-21 15:12:08.305]
Prohibition [subject=a20, prohibition=[moveTooFast(a20)], sanction=[reduce(a20, 300)], clock=0, time=2015-05-21 15:12:08.31]
Prohibition [subject=a30, prohibition=[moveTooFast(a30)], sanction=[reduce(a30, 300)], clock=0, time=2015-05-21 15:12:08.313]
Prohibition [subject=a40, prohibition=[moveTooFast(a40)], sanction=[reduce(a40, 300)], clock=0, time=2015-05-21 15:12:08.315]
Prohibition [subject=a10, prohibition=[rejectRequests(a10)], sanction=[reduce(a10, 500)], clock=0, time=2015-05-21 15:12:08.292]
-------------------------last log tuples end----------------------------------
[CTAH] started agent 10
[CTAH] Added a new agent to the game by the name of 10.
[ENV] added agent a10
[CTAH] started agent 30
[CTAH] Added a new agent to the game by the name of 30.
[ENV] added agent a30
[CTAH] started agent 40
[CTAH] Added a new agent to the game by the name of 40.
[ENV] added agent a40
#########################Game started
#########################Game started
#########################Game started
setPhases in ClientGameStatus, the current phase is 
setPhases in ClientGameStatus, the current phase is 
setPhases in ClientGameStatus, the current phase is 
setPhases in ClientGameStatus, the current phase is Norm Phase
setPhases in ClientGameStatus, the current phase is Norm Phase
setPhases in ClientGameStatus, the current phase is Norm Phase
org notification: Tile [id=null, cell=Cell [x=0, y=0], subject=brown, time=2015-05-21 15:12:24.751, clock=0]
org notified sent tile(cell(0,0),brown,0).
object notification: Tile [id=null, cell=Cell [x=0, y=0], subject=brown, time=2015-05-21 15:12:24.751, clock=0]
Organization notifies object (write): Prohibition [subject=a10, prohibition=[rejectRequests(a10)], sanction=[reduce(a10, 500)], clock=0, time=2015-05-21 15:12:24.784]
object notification: Tile [id=null, cell=Cell [x=0, y=0], subject=brown, time=2015-05-21 15:12:24.751, clock=0]
Event sent to agent      a40 tile(brown, 0, 0, 0)
Event sent to agent      a30 tile(brown, 0, 0, 0)
object notification: Tile [id=null, cell=Cell [x=0, y=0], subject=brown, time=2015-05-21 15:12:24.751, clock=0]
Event sent to agent      a10 tile(brown, 0, 0, 0)
object notification: Tile [id=null, cell=Cell [x=0, y=1], subject=brown, time=2015-05-21 15:12:24.785, clock=0]
Event sent to agent      a40 tile(brown, 0, 1, 0)
object notification: Tile [id=null, cell=Cell [x=0, y=2], subject=white, time=2015-05-21 15:12:24.787, clock=0]
Event sent to agent      a40 tile(white, 0, 2, 0)
object notification: Tile [id=null, cell=Cell [x=0, y=3], subject=yellow, time=2015-05-21 15:12:24.789, clock=0]
Event sent to agent      a40 tile(yellow, 0, 3, 0)
object notification: Prohibition [subject=a10, prohibition=[rejectRequests(a10)], sanction=[reduce(a10, 500)], clock=0, time=2015-05-21 15:12:24.784]
Event sent to agent      a10 prohibition([rejectRequests(a10)]], [reduce(a10, 500)])
Organization notifies object (write): Prohibition [subject=a20, prohibition=[rejectRequests(a20)], sanction=[reduce(a20, 500)], clock=0, time=2015-05-21 15:12:24.804]
object notification: Tile [id=null, cell=Cell [x=0, y=1], subject=brown, time=2015-05-21 15:12:24.785, clock=0]
Event sent to agent      a10 tile(brown, 0, 1, 0)
object notification: Tile [id=null, cell=Cell [x=0, y=4], subject=brown, time=2015-05-21 15:12:24.792, clock=0]
Event sent to agent      a40 tile(brown, 0, 4, 0)
object notification: Tile [id=null, cell=Cell [x=0, y=2], subject=white, time=2015-05-21 15:12:24.787, clock=0]
Event sent to agent      a10 tile(white, 0, 2, 0)
object notification: Tile [id=null, cell=Cell [x=0, y=1], subject=brown, time=2015-05-21 15:12:24.785, clock=0]
Event sent to agent      a30 tile(brown, 0, 1, 0)
object notification: Tile [id=null, cell=Cell [x=0, y=2], subject=white, time=2015-05-21 15:12:24.787, clock=0]
Event sent to agent      a30 tile(white, 0, 2, 0)
object notification: Tile [id=null, cell=Cell [x=0, y=3], subject=yellow, time=2015-05-21 15:12:24.789, clock=0]
Event sent to agent      a30 tile(yellow, 0, 3, 0)
object notification: Tile [id=null, cell=Cell [x=0, y=3], subject=yellow, time=2015-05-21 15:12:24.789, clock=0]
object notification: Tile [id=null, cell=Cell [x=0, y=4], subject=brown, time=2015-05-21 15:12:24.792, clock=0]
Event sent to agent      a10 tile(yellow, 0, 3, 0)
Event sent to agent      a30 tile(brown, 0, 4, 0)
object notification: Tile [id=null, cell=Cell [x=1, y=0], subject=brown, time=2015-05-21 15:12:24.795, clock=0]
Event sent to agent      a30 tile(brown, 1, 0, 0)
Organization notifies object (write): Prohibition [subject=a30, prohibition=[rejectRequests(a30)], sanction=[reduce(a30, 500)], clock=0, time=2015-05-21 15:12:24.811]
object notification: Tile [id=null, cell=Cell [x=0, y=4], subject=brown, time=2015-05-21 15:12:24.792, clock=0]
Event sent to agent      a10 tile(brown, 0, 4, 0)
object notification: Tile [id=null, cell=Cell [x=1, y=1], subject=yellow, time=2015-05-21 15:12:24.799, clock=0]
Event sent to agent      a30 tile(yellow, 1, 1, 0)
object notification: Tile [id=null, cell=Cell [x=1, y=0], subject=brown, time=2015-05-21 15:12:24.795, clock=0]
Event sent to agent      a10 tile(brown, 1, 0, 0)
object notification: Tile [id=null, cell=Cell [x=1, y=0], subject=brown, time=2015-05-21 15:12:24.795, clock=0]
Event sent to agent      a40 tile(brown, 1, 0, 0)
object notification: Tile [id=null, cell=Cell [x=1, y=1], subject=yellow, time=2015-05-21 15:12:24.799, clock=0]
Event sent to agent      a10 tile(yellow, 1, 1, 0)
object notification: Tile [id=null, cell=Cell [x=1, y=1], subject=yellow, time=2015-05-21 15:12:24.799, clock=0]
Event sent to agent      a40 tile(yellow, 1, 1, 0)
Organization notifies object (write): Prohibition [subject=a40, prohibition=[rejectRequests(a40)], sanction=[reduce(a40, 500)], clock=0, time=2015-05-21 15:12:24.819]
object notification: Tile [id=null, cell=Cell [x=1, y=2], subject=white, time=2015-05-21 15:12:24.803, clock=0]
Event sent to agent      a30 tile(white, 1, 2, 0)
Organization notifies object (write): Prohibition [subject=a10, prohibition=[moveTooFast(a10)], sanction=[reduce(a10, 300)], clock=0, time=2015-05-21 15:12:24.822]
Organization notifies object (write): Prohibition [subject=a20, prohibition=[moveTooFast(a20)], sanction=[reduce(a20, 300)], clock=0, time=2015-05-21 15:12:24.824]
Organization notifies object (write): Prohibition [subject=a30, prohibition=[moveTooFast(a30)], sanction=[reduce(a30, 300)], clock=0, time=2015-05-21 15:12:24.826]
Organization notifies object (write): Prohibition [subject=a40, prohibition=[moveTooFast(a40)], sanction=[reduce(a40, 300)], clock=0, time=2015-05-21 15:12:24.828]
org notification: Tile [id=null, cell=Cell [x=0, y=1], subject=brown, time=2015-05-21 15:12:24.785, clock=0]
org notified sent tile(cell(0,1),brown,0).
org notification: Tile [id=null, cell=Cell [x=0, y=2], subject=white, time=2015-05-21 15:12:24.787, clock=0]
org notified sent tile(cell(0,2),white,0).
org notification: Tile [id=null, cell=Cell [x=0, y=3], subject=yellow, time=2015-05-21 15:12:24.789, clock=0]
org notified sent tile(cell(0,3),yellow,0).
org notification: Tile [id=null, cell=Cell [x=0, y=4], subject=brown, time=2015-05-21 15:12:24.792, clock=0]
org notified sent tile(cell(0,4),brown,0).
org notification: Tile [id=null, cell=Cell [x=1, y=0], subject=brown, time=2015-05-21 15:12:24.795, clock=0]
org notified sent tile(cell(1,0),brown,0).
org notification: Tile [id=null, cell=Cell [x=1, y=1], subject=yellow, time=2015-05-21 15:12:24.799, clock=0]
org notified sent tile(cell(1,1),yellow,0).
#########################Game Initialized
AGENT Thread-14: current phase name: Norm Phase
we have 1 goals
we have GoalWeight: 100  DistWeight: -10  ChipWeight: 5  CommWeight: 0 scoring
#########################Game Initialized
AGENT Thread-12: current phase name: Norm Phase
we have 1 goals
we have GoalWeight: 100  DistWeight: -10  ChipWeight: 5  CommWeight: 0 scoring
#########################Game Initialized
AGENT Thread-16: current phase name: Norm Phase
we have 1 goals
we have GoalWeight: 100  DistWeight: -10  ChipWeight: 5  CommWeight: 0 scoring
Event processed @ctenv(functionToList(message(game_initialized)),LIST,0); if B(LIST=[actionresult([TYPE,ID])]) then if B(TYPE=proposal) then {ReceivedMessage(TYPE, ID, open); adopta(received(TYPE, ID, closed) : Infinite, priority 1)} else if B(LIST=[actionresult([TYPE,ID,RESPONSE])]) then if B(TYPE=response) then ReceivedMessage(RESPONSE, ID) else if B(LIST=[actionresult([TYPE])]) then ReceivedEvent(TYPE) else if B(LIST=[actionresult([TYPE,AGENT,ID,RESPONSE])]) then if B(TYPE=proposal) then ReceivedProposal(AGENT, ID, RESPONSE)
Event processed @ctenv(functionToList(message(game_initialized)),LIST,0); if B(LIST=[actionresult([TYPE,ID])]) then if B(TYPE=proposal) then {ReceivedMessage(TYPE, ID, open); adopta(received(TYPE, ID, closed) : Infinite, priority 1)} else if B(LIST=[actionresult([TYPE,ID,RESPONSE])]) then if B(TYPE=response) then ReceivedMessage(RESPONSE, ID) else if B(LIST=[actionresult([TYPE])]) then ReceivedEvent(TYPE) else if B(LIST=[actionresult([TYPE,AGENT,ID,RESPONSE])]) then if B(TYPE=proposal) then ReceivedProposal(AGENT, ID, RESPONSE)
Event processed UpdateTile(brown, 0, 0)
Event processed @ctenv(functionToList(message(game_initialized)),LIST,0); if B(LIST=[actionresult([TYPE,ID])]) then if B(TYPE=proposal) then {ReceivedMessage(TYPE, ID, open); adopta(received(TYPE, ID, closed) : Infinite, priority 1)} else if B(LIST=[actionresult([TYPE,ID,RESPONSE])]) then if B(TYPE=response) then ReceivedMessage(RESPONSE, ID) else if B(LIST=[actionresult([TYPE])]) then ReceivedEvent(TYPE) else if B(LIST=[actionresult([TYPE,AGENT,ID,RESPONSE])]) then if B(TYPE=proposal) then ReceivedProposal(AGENT, ID, RESPONSE)
Event processed UpdateTile(brown, 0, 0)
Event processed UpdateTile(brown, 0, 1)
Event processed UpdateTile(brown, 0, 1)
Event processed UpdateTile(white, 0, 2)
Event processed UpdateTile(brown, 0, 0)
Event processed UpdateTile(yellow, 0, 3)
Event processed UpdateTile(white, 0, 2)
Event processed adoptProhibition(rejectRequests(a10)], reduce(a10, 500))
Event processed UpdateTile(yellow, 0, 3)
Event processed UpdateTile(brown, 0, 4)
Event processed UpdateTile(brown, 0, 4)
Event processed UpdateTile(brown, 0, 1)
Event processed UpdateTile(brown, 1, 0)
Event processed UpdateTile(brown, 1, 0)
Event processed UpdateTile(yellow, 1, 1)
Event processed UpdateTile(yellow, 1, 1)
Event processed UpdateTile(white, 1, 2)
Event processed UpdateTile(white, 0, 2)
Event processed UpdateTile(yellow, 0, 3)
Event processed UpdateTile(brown, 0, 4)
Event processed UpdateTile(brown, 1, 0)
Event processed UpdateTile(yellow, 1, 1)
[CTAH] Array of Terms: [Lapapl.data.Term;@4acfed14
[CTAH] The created APLList : [game_initialized]
[CTAH] Array of Terms: [Lapapl.data.Term;@35bf8de1
[CTAH] The created APLList : [game_initialized]
[CTAH] Array of Terms: [Lapapl.data.Term;@a8e13ab
[CTAH] The created APLList : [game_initialized]
object notification: Tile [id=null, cell=Cell [x=1, y=2], subject=white, time=2015-05-21 15:12:24.803, clock=0]
Event sent to agent      a10 tile(white, 1, 2, 0)
org notification: Tile [id=null, cell=Cell [x=1, y=2], subject=white, time=2015-05-21 15:12:24.803, clock=0]
org notified sent tile(cell(1,2),white,0).
object notification: Tile [id=null, cell=Cell [x=1, y=2], subject=white, time=2015-05-21 15:12:24.803, clock=0]
Event sent to agent      a40 tile(white, 1, 2, 0)
object notification: Tile [id=null, cell=Cell [x=1, y=3], subject=white, time=2015-05-21 15:12:24.806, clock=0]
Event sent to agent      a30 tile(white, 1, 3, 0)
object notification: Tile [id=null, cell=Cell [x=1, y=3], subject=white, time=2015-05-21 15:12:24.806, clock=0]
Event sent to agent      a10 tile(white, 1, 3, 0)
Event processed UpdateTile(white, 1, 3)
Event processed UpdateTile(white, 1, 2)
Event processed UpdateTile(white, 1, 3)
Event processed UpdateTile(white, 1, 2)
object notification: Tile [id=null, cell=Cell [x=1, y=4], subject=blue, time=2015-05-21 15:12:24.81, clock=0]
org notification: Tile [id=null, cell=Cell [x=1, y=3], subject=white, time=2015-05-21 15:12:24.806, clock=0]
org notified sent tile(cell(1,3),white,0).
Event sent to agent      a30 tile(blue, 1, 4, 0)
object notification: Tile [id=null, cell=Cell [x=1, y=3], subject=white, time=2015-05-21 15:12:24.806, clock=0]
Event sent to agent      a40 tile(white, 1, 3, 0)
object notification: Tile [id=null, cell=Cell [x=1, y=4], subject=blue, time=2015-05-21 15:12:24.81, clock=0]
Event sent to agent      a10 tile(blue, 1, 4, 0)
Event processed UpdateTile(blue, 1, 4)
Event processed UpdateTile(white, 1, 3)
Event processed UpdateTile(blue, 1, 4)
object notification: Tile [id=null, cell=Cell [x=1, y=4], subject=blue, time=2015-05-21 15:12:24.81, clock=0]
org notification: Tile [id=null, cell=Cell [x=1, y=4], subject=blue, time=2015-05-21 15:12:24.81, clock=0]
org notified sent tile(cell(1,4),blue,0).
Event sent to agent      a40 tile(blue, 1, 4, 0)
Event processed UpdateTile(blue, 1, 4)
object notification: Tile [id=null, cell=Cell [x=2, y=0], subject=white, time=2015-05-21 15:12:24.813, clock=0]
object notification: Tile [id=null, cell=Cell [x=2, y=0], subject=white, time=2015-05-21 15:12:24.813, clock=0]
Event sent to agent      a10 tile(white, 2, 0, 0)
Event sent to agent      a30 tile(white, 2, 0, 0)
object notification: Tile [id=null, cell=Cell [x=2, y=0], subject=white, time=2015-05-21 15:12:24.813, clock=0]
Event sent to agent      a40 tile(white, 2, 0, 0)
object notification: Prohibition [subject=a30, prohibition=[rejectRequests(a30)], sanction=[reduce(a30, 500)], clock=0, time=2015-05-21 15:12:24.811]
org notification: Tile [id=null, cell=Cell [x=2, y=0], subject=white, time=2015-05-21 15:12:24.813, clock=0]
org notified sent tile(cell(2,0),white,0).
Event sent to agent      a30 prohibition([rejectRequests(a30)]], [reduce(a30, 500)])
Event processed UpdateTile(white, 2, 0)
Event processed UpdateTile(white, 2, 0)
Event processed adoptProhibition(rejectRequests(a30)], reduce(a30, 500))
Event processed UpdateTile(white, 2, 0)
object notification: Tile [id=null, cell=Cell [x=2, y=1], subject=white, time=2015-05-21 15:12:24.817, clock=0]
Event sent to agent      a30 tile(white, 2, 1, 0)
Event processed UpdateTile(white, 2, 1)
object notification: Tile [id=null, cell=Cell [x=2, y=1], subject=white, time=2015-05-21 15:12:24.817, clock=0]
Event sent to agent      a10 tile(white, 2, 1, 0)
Event processed UpdateTile(white, 2, 1)
org notification: Tile [id=null, cell=Cell [x=2, y=1], subject=white, time=2015-05-21 15:12:24.817, clock=0]
org notified sent tile(cell(2,1),white,0).
object notification: Tile [id=null, cell=Cell [x=2, y=2], subject=brown, time=2015-05-21 15:12:24.821, clock=0]
Event sent to agent      a30 tile(brown, 2, 2, 0)
object notification: Prohibition [subject=a30, prohibition=[moveTooFast(a30)], sanction=[reduce(a30, 300)], clock=0, time=2015-05-21 15:12:24.826]
Event sent to agent      a30 prohibition([moveTooFast(a30)]], [reduce(a30, 300)])
object notification: Prohibition [subject=a10, prohibition=[moveTooFast(a10)], sanction=[reduce(a10, 300)], clock=0, time=2015-05-21 15:12:24.822]
Event sent to agent      a10 prohibition([moveTooFast(a10)]], [reduce(a10, 300)])
object notification: Tile [id=null, cell=Cell [x=2, y=1], subject=white, time=2015-05-21 15:12:24.817, clock=0]
Event sent to agent      a40 tile(white, 2, 1, 0)
org notification: Tile [id=null, cell=Cell [x=2, y=2], subject=brown, time=2015-05-21 15:12:24.821, clock=0]
org notified sent tile(cell(2,2),brown,0).
Event processed adoptProhibition(moveTooFast(a10)], reduce(a10, 300))
object notification: Prohibition [subject=a40, prohibition=[rejectRequests(a40)], sanction=[reduce(a40, 500)], clock=0, time=2015-05-21 15:12:24.819]
Event sent to agent      a40 prohibition([rejectRequests(a40)]], [reduce(a40, 500)])
Event processed UpdateTile(brown, 2, 2)
Event processed adoptProhibition(moveTooFast(a30)], reduce(a30, 300))
org notification: Time [clock=1, time=2015-05-21 15:12:29.392]
org notified sent time(1).
object notification: Tile [id=null, cell=Cell [x=2, y=3], subject=blue, time=2015-05-21 15:12:24.823, clock=0]
Event sent to agent      a30 tile(blue, 2, 3, 0)
object notification: Tile [id=null, cell=Cell [x=2, y=4], subject=white, time=2015-05-21 15:12:24.824, clock=0]
Event sent to agent      a30 tile(white, 2, 4, 0)
object notification: Tile [id=null, cell=Cell [x=3, y=0], subject=white, time=2015-05-21 15:12:24.826, clock=0]
Event sent to agent      a30 tile(white, 3, 0, 0)
object notification: Prohibition [subject=a40, prohibition=[moveTooFast(a40)], sanction=[reduce(a40, 300)], clock=0, time=2015-05-21 15:12:24.828]
Event sent to agent      a40 prohibition([moveTooFast(a40)]], [reduce(a40, 300)])
object notification: Tile [id=null, cell=Cell [x=3, y=1], subject=yellow, time=2015-05-21 15:12:24.828, clock=0]
Event sent to agent      a30 tile(yellow, 3, 1, 0)
object notification: Tile [id=null, cell=Cell [x=3, y=2], subject=blue, time=2015-05-21 15:12:24.83, clock=0]
Event sent to agent      a30 tile(blue, 3, 2, 0)
object notification: Tile [id=null, cell=Cell [x=2, y=2], subject=brown, time=2015-05-21 15:12:24.821, clock=0]
Event sent to agent      a10 tile(brown, 2, 2, 0)
object notification: Tile [id=null, cell=Cell [x=3, y=3], subject=blue, time=2015-05-21 15:12:24.832, clock=0]
Event sent to agent      a30 tile(blue, 3, 3, 0)
object notification: Tile [id=null, cell=Cell [x=2, y=3], subject=blue, time=2015-05-21 15:12:24.823, clock=0]
Event sent to agent      a10 tile(blue, 2, 3, 0)
object notification: Tile [id=null, cell=Cell [x=3, y=4], subject=yellow, time=2015-05-21 15:12:24.833, clock=0]
Event sent to agent      a30 tile(yellow, 3, 4, 0)
object notification: Tile [id=null, cell=Cell [x=2, y=4], subject=white, time=2015-05-21 15:12:24.824, clock=0]
Event sent to agent      a10 tile(white, 2, 4, 0)
object notification: Tile [id=null, cell=Cell [x=4, y=0], subject=brown, time=2015-05-21 15:12:24.835, clock=0]
Event sent to agent      a30 tile(brown, 4, 0, 0)
object notification: Tile [id=null, cell=Cell [x=3, y=0], subject=white, time=2015-05-21 15:12:24.826, clock=0]
Event sent to agent      a10 tile(white, 3, 0, 0)
object notification: Tile [id=null, cell=Cell [x=3, y=1], subject=yellow, time=2015-05-21 15:12:24.828, clock=0]
Event sent to agent      a10 tile(yellow, 3, 1, 0)
object notification: Tile [id=null, cell=Cell [x=4, y=1], subject=blue, time=2015-05-21 15:12:24.836, clock=0]
Event sent to agent      a30 tile(blue, 4, 1, 0)
object notification: Tile [id=null, cell=Cell [x=4, y=2], subject=yellow, time=2015-05-21 15:12:24.838, clock=0]
object notification: Tile [id=null, cell=Cell [x=3, y=2], subject=blue, time=2015-05-21 15:12:24.83, clock=0]
Event sent to agent      a10 tile(blue, 3, 2, 0)
Event sent to agent      a30 tile(yellow, 4, 2, 0)
object notification: Tile [id=null, cell=Cell [x=4, y=3], subject=blue, time=2015-05-21 15:12:24.84, clock=0]
object notification: Tile [id=null, cell=Cell [x=3, y=3], subject=blue, time=2015-05-21 15:12:24.832, clock=0]
Event sent to agent      a30 tile(blue, 4, 3, 0)
Event sent to agent      a10 tile(blue, 3, 3, 0)
object notification: Tile [id=null, cell=Cell [x=3, y=4], subject=yellow, time=2015-05-21 15:12:24.833, clock=0]
object notification: Tile [id=null, cell=Cell [x=4, y=4], subject=brown, time=2015-05-21 15:12:24.842, clock=0]
Event sent to agent      a10 tile(yellow, 3, 4, 0)
Event sent to agent      a30 tile(brown, 4, 4, 0)
object notification: Position [subject=a10, id=null, cell=Cell [x=0, y=0], time=2015-05-21 15:12:56.088, clock=1]
Event sent to agent      a10 position(0, 0, 1)
object notification: Tile [id=null, cell=Cell [x=4, y=0], subject=brown, time=2015-05-21 15:12:24.835, clock=0]
Event sent to agent      a10 tile(brown, 4, 0, 0)
object notification: Position [subject=a40, id=null, cell=Cell [x=4, y=0], time=2015-05-21 15:12:56.094, clock=1]
Event sent to agent      a40 position(4, 0, 1)
object notification: Tile [id=null, cell=Cell [x=4, y=1], subject=blue, time=2015-05-21 15:12:24.836, clock=0]
Event sent to agent      a10 tile(blue, 4, 1, 0)
object notification: Time [clock=1, time=2015-05-21 15:12:29.392]
Event sent to agent      a10 clock(1)
org notification: Tile [id=null, cell=Cell [x=2, y=3], subject=blue, time=2015-05-21 15:12:24.823, clock=0]
org notified sent tile(cell(2,3),blue,0).
org notification: Goal [id=null, cell=Cell [x=2, y=2], agent=null, time=2015-05-21 15:12:24.874, clock=0]
org notified sent goal(cell(2,2),null,0).
object notification: Time [clock=2, time=2015-05-21 15:12:39.401]
Event sent to agent      a10 clock(2)
Organization notifies object (write): Obligation [subject=a10, obligation=[surround(2, 2)], sanction=[reduce(g, 500)], deadline=21, time=2015-05-21 15:12:56.187, clock=3]
org notification: Tile [id=null, cell=Cell [x=2, y=4], subject=white, time=2015-05-21 15:12:24.824, clock=0]
org notified sent tile(cell(2,4),white,0).
object notification: Tile [id=null, cell=Cell [x=4, y=2], subject=yellow, time=2015-05-21 15:12:24.838, clock=0]
Event sent to agent      a10 tile(yellow, 4, 2, 0)
object notification: Tile [id=null, cell=Cell [x=4, y=3], subject=blue, time=2015-05-21 15:12:24.84, clock=0]
Event sent to agent      a10 tile(blue, 4, 3, 0)
object notification: Tile [id=null, cell=Cell [x=4, y=4], subject=brown, time=2015-05-21 15:12:24.842, clock=0]
Event sent to agent      a10 tile(brown, 4, 4, 0)
object notification: Time [clock=3, time=2015-05-21 15:12:49.405]
Event sent to agent      a10 clock(3)
object notification: Time [clock=1, time=2015-05-21 15:12:29.392]
Event sent to agent      a30 clock(1)
object notification: Time [clock=2, time=2015-05-21 15:12:39.401]
Event sent to agent      a30 clock(2)
object notification: Time [clock=3, time=2015-05-21 15:12:49.405]
Event sent to agent      a30 clock(3)
org notification: Time [clock=2, time=2015-05-21 15:12:39.401]
org notified sent time(2).
object notification: Position [subject=a30, id=null, cell=Cell [x=4, y=4], time=2015-05-21 15:12:56.071, clock=1]
Event sent to agent      a30 position(4, 4, 1)
object notification: Time [clock=1, time=2015-05-21 15:12:29.392]
Event sent to agent      a40 clock(1)
org notification: Position [subject=a30, id=null, cell=Cell [x=4, y=4], time=2015-05-21 15:12:56.071, clock=1]
org notified sent position(a30,cell(4,4),1).
object notification: Time [clock=2, time=2015-05-21 15:12:39.401]
Event sent to agent      a40 clock(2)
object notification: Tile [id=null, cell=Cell [x=2, y=2], subject=brown, time=2015-05-21 15:12:24.821, clock=0]
Event sent to agent      a40 tile(brown, 2, 2, 0)
object notification: Tile [id=null, cell=Cell [x=2, y=3], subject=blue, time=2015-05-21 15:12:24.823, clock=0]
Event sent to agent      a40 tile(blue, 2, 3, 0)
object notification: Tile [id=null, cell=Cell [x=2, y=4], subject=white, time=2015-05-21 15:12:24.824, clock=0]
Event sent to agent      a40 tile(white, 2, 4, 0)
object notification: Tile [id=null, cell=Cell [x=3, y=0], subject=white, time=2015-05-21 15:12:24.826, clock=0]
Event sent to agent      a40 tile(white, 3, 0, 0)
object notification: Tile [id=null, cell=Cell [x=3, y=1], subject=yellow, time=2015-05-21 15:12:24.828, clock=0]
Event sent to agent      a40 tile(yellow, 3, 1, 0)
object notification: Tile [id=null, cell=Cell [x=3, y=2], subject=blue, time=2015-05-21 15:12:24.83, clock=0]
Event sent to agent      a40 tile(blue, 3, 2, 0)
object notification: Time [clock=3, time=2015-05-21 15:12:49.405]
Event sent to agent      a40 clock(3)
object notification: Tile [id=null, cell=Cell [x=3, y=3], subject=blue, time=2015-05-21 15:12:24.832, clock=0]
Event sent to agent      a40 tile(blue, 3, 3, 0)
object notification: Tile [id=null, cell=Cell [x=3, y=4], subject=yellow, time=2015-05-21 15:12:24.833, clock=0]
Event sent to agent      a40 tile(yellow, 3, 4, 0)
object notification: Tile [id=null, cell=Cell [x=4, y=0], subject=brown, time=2015-05-21 15:12:24.835, clock=0]
Event sent to agent      a40 tile(brown, 4, 0, 0)
object notification: Tile [id=null, cell=Cell [x=4, y=1], subject=blue, time=2015-05-21 15:12:24.836, clock=0]
Event sent to agent      a40 tile(blue, 4, 1, 0)
object notification: Tile [id=null, cell=Cell [x=4, y=2], subject=yellow, time=2015-05-21 15:12:24.838, clock=0]
Event sent to agent      a40 tile(yellow, 4, 2, 0)
object notification: Tile [id=null, cell=Cell [x=4, y=3], subject=blue, time=2015-05-21 15:12:24.84, clock=0]
Event sent to agent      a40 tile(blue, 4, 3, 0)
object notification: Tile [id=null, cell=Cell [x=4, y=4], subject=brown, time=2015-05-21 15:12:24.842, clock=0]
Event sent to agent      a40 tile(brown, 4, 4, 0)
Event processed UpdateTile(brown, 2, 2)
Event processed UpdateTile(blue, 2, 3)
Event processed UpdateTile(white, 2, 4)
Event processed UpdateTile(white, 3, 0)
org notification: Position [subject=a20, id=null, cell=Cell [x=0, y=4], time=2015-05-21 15:12:56.084, clock=1]
org notified sent position(a20,cell(0,4),1).
Event processed UpdateTile(yellow, 3, 1)
Event processed UpdateTile(blue, 3, 2)
Event processed UpdateTile(blue, 3, 3)
org notification: Time [clock=3, time=2015-05-21 15:12:49.405]
org notified sent time(3).
Event processed UpdateTile(yellow, 3, 4)
Event processed UpdatePosition(0, 0, 1)
Event processed UpdateTile(brown, 4, 0)
org notification: Tile [id=null, cell=Cell [x=3, y=0], subject=white, time=2015-05-21 15:12:24.826, clock=0]
org notified sent tile(cell(3,0),white,0).
object notification: Obligation [subject=a10, obligation=[surround(2, 2)], sanction=[reduce(g, 500)], deadline=21, time=2015-05-21 15:12:56.187, clock=3]
Event processed UpdateTile(blue, 4, 1)
Event sent to agent      a10 obligation([surround(2, 2)], 21, [reduce(g, 500)])
Event processed UpdateClock(1)
Event processed UpdateClock(2)
Event processed UpdateTile(yellow, 4, 2)
org notification: Tile [id=null, cell=Cell [x=3, y=1], subject=yellow, time=2015-05-21 15:12:24.828, clock=0]
org notified sent tile(cell(3,1),yellow,0).
Event processed UpdateTile(blue, 4, 3)
Event processed UpdateTile(brown, 4, 4)
Event processed UpdateClock(3)
Event processed adoptObligation(surround(2, 2), 21, reduce(g, 500))
org notification: Position [subject=a10, id=null, cell=Cell [x=0, y=0], time=2015-05-21 15:12:56.088, clock=1]
org notified sent position(a10,cell(0,0),1).
org notification: Position [subject=a40, id=null, cell=Cell [x=4, y=0], time=2015-05-21 15:12:56.094, clock=1]
org notified sent position(a40,cell(4,0),1).
org notification: Tile [id=null, cell=Cell [x=3, y=2], subject=blue, time=2015-05-21 15:12:24.83, clock=0]
org notified sent tile(cell(3,2),blue,0).
org notification: Tile [id=null, cell=Cell [x=3, y=3], subject=blue, time=2015-05-21 15:12:24.832, clock=0]
org notified sent tile(cell(3,3),blue,0).
org notification: Tile [id=null, cell=Cell [x=3, y=4], subject=yellow, time=2015-05-21 15:12:24.833, clock=0]
org notified sent tile(cell(3,4),yellow,0).
org notification: Tile [id=null, cell=Cell [x=4, y=0], subject=brown, time=2015-05-21 15:12:24.835, clock=0]
org notified sent tile(cell(4,0),brown,0).
org notification: Tile [id=null, cell=Cell [x=4, y=1], subject=blue, time=2015-05-21 15:12:24.836, clock=0]
org notified sent tile(cell(4,1),blue,0).
org notification: Tile [id=null, cell=Cell [x=4, y=2], subject=yellow, time=2015-05-21 15:12:24.838, clock=0]
org notified sent tile(cell(4,2),yellow,0).
org notification: Tile [id=null, cell=Cell [x=4, y=3], subject=blue, time=2015-05-21 15:12:24.84, clock=0]
org notified sent tile(cell(4,3),blue,0).
org notification: Tile [id=null, cell=Cell [x=4, y=4], subject=brown, time=2015-05-21 15:12:24.842, clock=0]
org notified sent tile(cell(4,4),brown,0).
Event processed UpdateTile(blue, 2, 3)
Event processed UpdateTile(white, 2, 4)
Event processed UpdateTile(white, 3, 0)
Event processed UpdateTile(yellow, 3, 1)
Event processed UpdateTile(blue, 3, 2)
Event processed UpdateTile(blue, 3, 3)
Event processed UpdateTile(yellow, 3, 4)
Event processed UpdateTile(brown, 4, 0)
Event processed UpdateTile(blue, 4, 1)
Event processed UpdateTile(yellow, 4, 2)
Event processed UpdateTile(blue, 4, 3)
Event processed UpdateTile(brown, 4, 4)
Event processed UpdateClock(1)
Event processed UpdateClock(2)
Event processed UpdateClock(3)
Event processed UpdatePosition(4, 4, 1)
Event processed UpdateTile(white, 2, 1)
Event processed adoptProhibition(rejectRequests(a40)], reduce(a40, 500))
Event processed adoptProhibition(moveTooFast(a40)], reduce(a40, 300))
Event processed UpdatePosition(4, 0, 1)
Event processed UpdateClock(1)
Event processed UpdateClock(2)
Event processed UpdateTile(brown, 2, 2)
Event processed UpdateTile(blue, 2, 3)
Event processed UpdateTile(white, 2, 4)
Event processed UpdateTile(white, 3, 0)
Event processed UpdateTile(yellow, 3, 1)
Event processed UpdateTile(blue, 3, 2)
Event processed UpdateClock(3)
Event processed UpdateTile(blue, 3, 3)
Event processed UpdateTile(yellow, 3, 4)
Event processed UpdateTile(brown, 4, 0)
Event processed UpdateTile(blue, 4, 1)
Event processed UpdateTile(yellow, 4, 2)
Event processed UpdateTile(blue, 4, 3)
Event processed UpdateTile(brown, 4, 4)
agent writes: SetGoal [id=null, agent=a10, cell=Cell [x=2, y=1], goal=Cell [x=2, y=2], sanction=100, clock=3, time=2015-05-21 15:12:56.653]
org notification: SetGoal [id=null, agent=a10, cell=Cell [x=2, y=1], goal=Cell [x=2, y=2], sanction=100, clock=3, time=2015-05-21 15:12:56.653]
org notified sent setGoal(a10,2,1,2,2,100,3).
Organization notifies object (write): Obligation [subject=a10, obligation=[at(2, 1, a10)], sanction=[reduce(a10, 500)], deadline=19, time=2015-05-21 15:12:56.668, clock=3]
object notification: Obligation [subject=a10, obligation=[at(2, 1, a10)], sanction=[reduce(a10, 500)], deadline=19, time=2015-05-21 15:12:56.668, clock=3]
Event sent to agent      a10 obligation([at(2, 1, a10)], 19, [reduce(a10, 500)])
Event processed adoptObligation(at(2, 1, a10), 19, reduce(a10, 500))
agent writes: SetGoal [id=null, agent=a20, cell=Cell [x=1, y=2], goal=Cell [x=2, y=2], sanction=100, clock=3, time=2015-05-21 15:12:56.741]
agent writes: SetGoal [id=null, agent=a30, cell=Cell [x=3, y=2], goal=Cell [x=2, y=2], sanction=100, clock=3, time=2015-05-21 15:12:56.818]
agent writes: SetGoal [id=null, agent=a40, cell=Cell [x=2, y=3], goal=Cell [x=2, y=2], sanction=100, clock=3, time=2015-05-21 15:12:56.892]
agent writes: Color [id=null, color=white, agent=a10, type=yes, sanction=1000, time=2015-05-21 15:12:56.957, clock=3]
agent writes: Color [id=null, color=white, agent=a20, type=yes, sanction=1000, time=2015-05-21 15:12:57.029, clock=3]
agent writes: Color [id=null, color=white, agent=a30, type=yes, sanction=1000, time=2015-05-21 15:12:57.098, clock=3]
agent writes: Color [id=null, color=white, agent=a40, type=yes, sanction=1000, time=2015-05-21 15:12:57.168, clock=3]
agent writes: Color [id=null, color=blue, agent=a10, type=no, sanction=1000, time=2015-05-21 15:12:57.234, clock=3]
agent writes: Color [id=null, color=blue, agent=a20, type=no, sanction=1000, time=2015-05-21 15:12:57.299, clock=3]
agent writes: Color [id=null, color=blue, agent=a30, type=no, sanction=1000, time=2015-05-21 15:12:57.367, clock=3]
agent writes: Color [id=null, color=blue, agent=a40, type=no, sanction=1000, time=2015-05-21 15:12:57.445, clock=3]
org notification: SetGoal [id=null, agent=a20, cell=Cell [x=1, y=2], goal=Cell [x=2, y=2], sanction=100, clock=3, time=2015-05-21 15:12:56.741]
org notified sent setGoal(a20,1,2,2,2,100,3).
Organization notifies object (write): Obligation [subject=a20, obligation=[at(1, 2, a20)], sanction=[reduce(a20, 500)], deadline=19, time=2015-05-21 15:12:57.67, clock=3]
org notification: SetGoal [id=null, agent=a30, cell=Cell [x=3, y=2], goal=Cell [x=2, y=2], sanction=100, clock=3, time=2015-05-21 15:12:56.818]
org notified sent setGoal(a30,3,2,2,2,100,3).
Organization notifies object (write): Obligation [subject=a30, obligation=[at(3, 2, a30)], sanction=[reduce(a30, 500)], deadline=19, time=2015-05-21 15:12:57.675, clock=3]
org notification: SetGoal [id=null, agent=a40, cell=Cell [x=2, y=3], goal=Cell [x=2, y=2], sanction=100, clock=3, time=2015-05-21 15:12:56.892]
org notified sent setGoal(a40,2,3,2,2,100,3).
Organization notifies object (write): Obligation [subject=a40, obligation=[at(2, 3, a40)], sanction=[reduce(a40, 500)], deadline=19, time=2015-05-21 15:12:57.679, clock=3]
org notification: Color [id=null, color=white, agent=a10, type=yes, sanction=1000, time=2015-05-21 15:12:56.957, clock=3]
org notified sent color(a10,white,yes,1000,3).
Organization notifies object (write): Obligation [subject=a10, obligation=[color(white, a10)], sanction=[reduce(a10, 1000)], deadline=23, time=2015-05-21 15:12:57.899, clock=3]
org notification: Color [id=null, color=white, agent=a20, type=yes, sanction=1000, time=2015-05-21 15:12:57.029, clock=3]
org notified sent color(a20,white,yes,1000,3).
Organization notifies object (write): Obligation [subject=a20, obligation=[color(white, a20)], sanction=[reduce(a20, 1000)], deadline=23, time=2015-05-21 15:13:00.054, clock=4]
org notification: Color [id=null, color=white, agent=a30, type=yes, sanction=1000, time=2015-05-21 15:12:57.098, clock=3]
org notified sent color(a30,white,yes,1000,3).
Organization notifies object (write): Obligation [subject=a30, obligation=[color(white, a30)], sanction=[reduce(a30, 1000)], deadline=23, time=2015-05-21 15:13:00.065, clock=4]
org notification: Color [id=null, color=white, agent=a40, type=yes, sanction=1000, time=2015-05-21 15:12:57.168, clock=3]
org notified sent color(a40,white,yes,1000,3).
Organization notifies object (write): Obligation [subject=a40, obligation=[color(white, a40)], sanction=[reduce(a40, 1000)], deadline=23, time=2015-05-21 15:13:00.086, clock=4]
org notification: Color [id=null, color=blue, agent=a10, type=no, sanction=1000, time=2015-05-21 15:12:57.234, clock=3]
org notified sent color(a10,blue,no,1000,3).
Organization notifies object (write): Prohibition [subject=a10, prohibition=[color(blue, a10)], sanction=[reduce(a10, 1000)], clock=4, time=2015-05-21 15:13:00.091]
org notification: Color [id=null, color=blue, agent=a20, type=no, sanction=1000, time=2015-05-21 15:12:57.299, clock=3]
org notified sent color(a20,blue,no,1000,3).
Organization notifies object (write): Prohibition [subject=a20, prohibition=[color(blue, a20)], sanction=[reduce(a20, 1000)], clock=4, time=2015-05-21 15:13:06.135]
org notification: Color [id=null, color=blue, agent=a30, type=no, sanction=1000, time=2015-05-21 15:12:57.367, clock=3]
org notified sent color(a30,blue,no,1000,3).
object notification: Obligation [subject=a30, obligation=[at(3, 2, a30)], sanction=[reduce(a30, 500)], deadline=19, time=2015-05-21 15:12:57.675, clock=3]
Event sent to agent      a30 obligation([at(3, 2, a30)], 19, [reduce(a30, 500)])
Organization notifies object (write): Prohibition [subject=a30, prohibition=[color(blue, a30)], sanction=[reduce(a30, 1000)], clock=4, time=2015-05-21 15:13:06.149]
org notification: Color [id=null, color=blue, agent=a40, type=no, sanction=1000, time=2015-05-21 15:12:57.445, clock=3]
org notified sent color(a40,blue,no,1000,3).
Organization notifies object (write): Prohibition [subject=a40, prohibition=[color(blue, a40)], sanction=[reduce(a40, 1000)], clock=4, time=2015-05-21 15:13:06.156]
Event processed adoptObligation(at(3, 2, a30), 19, reduce(a30, 500))
object notification: Obligation [subject=a10, obligation=[color(white, a10)], sanction=[reduce(a10, 1000)], deadline=23, time=2015-05-21 15:12:57.899, clock=3]
object notification: Obligation [subject=a40, obligation=[at(2, 3, a40)], sanction=[reduce(a40, 500)], deadline=19, time=2015-05-21 15:12:57.679, clock=3]
Event sent to agent      a10 obligation([color(white, a10)], 23, [reduce(a10, 1000)])
Event sent to agent      a40 obligation([at(2, 3, a40)], 19, [reduce(a40, 500)])
Event processed adoptObligation(color(white, a10), 23, reduce(a10, 1000))
Event processed adoptObligation(at(2, 3, a40), 19, reduce(a40, 500))
object notification: Time [clock=4, time=2015-05-21 15:12:59.407]
Event sent to agent      a10 clock(4)
object notification: Time [clock=4, time=2015-05-21 15:12:59.407]
Event sent to agent      a30 clock(4)
org notification: Time [clock=4, time=2015-05-21 15:12:59.407]
org notified sent time(4).
object notification: Time [clock=4, time=2015-05-21 15:12:59.407]
Event sent to agent      a40 clock(4)
object notification: Obligation [subject=a30, obligation=[color(white, a30)], sanction=[reduce(a30, 1000)], deadline=23, time=2015-05-21 15:13:00.065, clock=4]
Event sent to agent      a30 obligation([color(white, a30)], 23, [reduce(a30, 1000)])
Event processed UpdateClock(4)
Event processed UpdateClock(4)
Event processed UpdateClock(4)
Event processed adoptObligation(color(white, a30), 23, reduce(a30, 1000))
org notification: Time [clock=5, time=2015-05-21 15:13:09.41]
org notified sent time(5).
object notification: Prohibition [subject=a30, prohibition=[color(blue, a30)], sanction=[reduce(a30, 1000)], clock=4, time=2015-05-21 15:13:06.149]
Event sent to agent      a30 prohibition([color(blue, a30)], [reduce(a30, 1000)])
object notification: Prohibition [subject=a10, prohibition=[color(blue, a10)], sanction=[reduce(a10, 1000)], clock=4, time=2015-05-21 15:13:00.091]
Event sent to agent      a10 prohibition([color(blue, a10)], [reduce(a10, 1000)])
object notification: Time [clock=5, time=2015-05-21 15:13:09.41]
Event sent to agent      a10 clock(5)
object notification: Prohibition [subject=a40, prohibition=[color(blue, a40)], sanction=[reduce(a40, 1000)], clock=4, time=2015-05-21 15:13:06.156]
Event sent to agent      a40 prohibition([color(blue, a40)], [reduce(a40, 1000)])
object notification: Obligation [subject=a40, obligation=[color(white, a40)], sanction=[reduce(a40, 1000)], deadline=23, time=2015-05-21 15:13:00.086, clock=4]
Event sent to agent      a40 obligation([color(white, a40)], 23, [reduce(a40, 1000)])
object notification: Time [clock=5, time=2015-05-21 15:13:09.41]
Event sent to agent      a40 clock(5)
object notification: Time [clock=5, time=2015-05-21 15:13:09.41]
Event sent to agent      a30 clock(5)
Event processed adoptProhibition(color(blue, a40), reduce(a40, 1000))
Event processed adoptObligation(color(white, a40), 23, reduce(a40, 1000))
Event processed UpdateClock(5)
Event processed adoptProhibition(color(blue, a10), reduce(a10, 1000))
Event processed UpdateClock(5)
Event processed adoptProhibition(color(blue, a30), reduce(a30, 1000))
Event processed UpdateClock(5)
org notification: Time [clock=6, time=2015-05-21 15:13:19.412]
org notified sent time(6).
object notification: Time [clock=6, time=2015-05-21 15:13:19.412]
Event sent to agent      a10 clock(6)
object notification: Time [clock=6, time=2015-05-21 15:13:19.412]
Event sent to agent      a40 clock(6)
object notification: Time [clock=6, time=2015-05-21 15:13:19.412]
Event sent to agent      a30 clock(6)
Event processed UpdateClock(6)
Event processed UpdateClock(6)
Event processed UpdateClock(6)
setPhases in ClientGameStatus, the current phase is Communication Phase
setPhases in ClientGameStatus, the current phase is Communication Phase
setPhases in ClientGameStatus, the current phase is Communication Phase
Event processed @ctenv(functionToList(message(phasechange)),LIST,0); if B(LIST=[actionresult([TYPE,ID])]) then if B(TYPE=proposal) then {ReceivedMessage(TYPE, ID, open); adopta(received(TYPE, ID, closed) : Infinite, priority 1)} else if B(LIST=[actionresult([TYPE,ID,RESPONSE])]) then if B(TYPE=response) then ReceivedMessage(RESPONSE, ID) else if B(LIST=[actionresult([TYPE])]) then ReceivedEvent(TYPE) else if B(LIST=[actionresult([TYPE,AGENT,ID,RESPONSE])]) then if B(TYPE=proposal) then ReceivedProposal(AGENT, ID, RESPONSE)
Event processed @ctenv(functionToList(message(phasechange)),LIST,0); if B(LIST=[actionresult([TYPE,ID])]) then if B(TYPE=proposal) then {ReceivedMessage(TYPE, ID, open); adopta(received(TYPE, ID, closed) : Infinite, priority 1)} else if B(LIST=[actionresult([TYPE,ID,RESPONSE])]) then if B(TYPE=response) then ReceivedMessage(RESPONSE, ID) else if B(LIST=[actionresult([TYPE])]) then ReceivedEvent(TYPE) else if B(LIST=[actionresult([TYPE,AGENT,ID,RESPONSE])]) then if B(TYPE=proposal) then ReceivedProposal(AGENT, ID, RESPONSE)
[CTAH] Array of Terms: [Lapapl.data.Term;@7855c84f
[CTAH] The created APLList : [phasechange]
[CTAH] Array of Terms: [Lapapl.data.Term;@e21618b
[CTAH] The created APLList : [phasechange]
Event processed @ctenv(functionToList(message(phasechange)),LIST,0); if B(LIST=[actionresult([TYPE,ID])]) then if B(TYPE=proposal) then {ReceivedMessage(TYPE, ID, open); adopta(received(TYPE, ID, closed) : Infinite, priority 1)} else if B(LIST=[actionresult([TYPE,ID,RESPONSE])]) then if B(TYPE=response) then ReceivedMessage(RESPONSE, ID) else if B(LIST=[actionresult([TYPE])]) then ReceivedEvent(TYPE) else if B(LIST=[actionresult([TYPE,AGENT,ID,RESPONSE])]) then if B(TYPE=proposal) then ReceivedProposal(AGENT, ID, RESPONSE)
[CTAH] Array of Terms: [Lapapl.data.Term;@58f570f8
[CTAH] The created APLList : [phasechange]
a30[CTAH] going to: (R:4,C:3)
[CTAH] moveStepToGoal returns: [4,4]
Need to wait 19 more seconds
Need to wait 9 more seconds
a30[CTAH] going to: (R:3,C:3)
[CTAH] moveStepToGoal returns: [4,3]
a30[CTAH] going to: (R:3,C:2)
[CTAH] moveStepToGoal returns: [3,3]
org notification: Time [clock=7, time=2015-05-21 15:13:29.414]
org notified sent time(7).
object notification: Time [clock=7, time=2015-05-21 15:13:29.414]
Event sent to agent      a30 clock(7)
object notification: Time [clock=7, time=2015-05-21 15:13:29.414]
Event sent to agent      a10 clock(7)
object notification: Time [clock=7, time=2015-05-21 15:13:29.414]
Event sent to agent      a40 clock(7)
org notification: Position [subject=a30, id=null, cell=Cell [x=3, y=2], time=2015-05-21 15:13:29.422, clock=7]
org notified sent position(a30,cell(3,2),7).
object notification: Position [subject=a30, id=null, cell=Cell [x=3, y=2], time=2015-05-21 15:13:29.422, clock=7]
Event sent to agent      a30 position(3, 2, 7)
Organization writes: Points [subject=a30, time=2015-05-21 15:13:29.428, clock=7, value=0, id=null]
object notification: Points [subject=a30, time=2015-05-21 15:13:29.428, clock=7, value=0, id=null]
Event sent to agent      a30 points(0)
Event processed UpdateClock(7)
Event processed UpdatePosition(3, 2, 7)
Event processed UpdatePoints(0)
Event processed UpdateClock(7)
org notification: Proposal [id=-1, agent=a10, agent2=a20, clock=7, time=2015-05-21 15:13:34.691]
org notified sent proposal(-1,a10,a20,7).
org notification: Proposal [id=3324, agent=a20, agent2=a40, clock=7, time=2015-05-21 15:13:36.546]
org notified sent proposal(3324,a20,a40,7).
Received a class edu.harvard.eecs.airg.coloredtrails.shared.discourse.BasicProposalDiscourseMessage
[MSG] Message is of type: basicproposal
[MSG] Message is for: 3
[MSG] i'm: 3
Received a proposal creating event
org notification: Response [id=3324, response=accepted, clock=7, time=2015-05-21 15:13:36.6]
org notified sent response(3324,accepted,7).
org notification: Time [clock=8, time=2015-05-21 15:13:39.416]
org notified sent time(8).
object notification: Time [clock=8, time=2015-05-21 15:13:39.416]
Event sent to agent      a10 clock(8)
object notification: Time [clock=8, time=2015-05-21 15:13:39.416]
Event sent to agent      a40 clock(8)
object notification: Time [clock=8, time=2015-05-21 15:13:39.416]
Event sent to agent      a30 clock(8)
Event processed UpdateClock(8)
Event processed UpdateClock(8)
Received a class edu.harvard.eecs.airg.coloredtrails.shared.discourse.BasicProposalDiscussionDiscourseMessage
[MSG] Message is of type: basicproposaldiscussion
[MSG] Message is for: 0
[MSG] i'm: 0
org notification: Response [id=-1, response=accepted, clock=8, time=2015-05-21 15:13:43.179]
org notified sent response(-1,accepted,8).
Received a class edu.harvard.eecs.airg.coloredtrails.shared.discourse.BasicProposalDiscourseMessage
[MSG] Message is of type: basicproposal
[MSG] Message is for: 0
[MSG] i'm: 0
org notification: Proposal [id=-1, agent=a40, agent2=a10, clock=8, time=2015-05-21 15:13:44.643]
org notified sent proposal(-1,a40,a10,8).
Received a proposal creating event
Received a class edu.harvard.eecs.airg.coloredtrails.shared.discourse.BasicProposalDiscussionDiscourseMessage
[MSG] Message is of type: basicproposaldiscussion
[MSG] Message is for: 3
[MSG] i'm: 3
Event processed UpdateClock(7)
Event processed @ctenv(functionToList(proposal(proposal, 1, 3324, accept)),LIST,0); if B(LIST=[actionresult([TYPE,ID])]) then if B(TYPE=proposal) then {ReceivedMessage(TYPE, ID, open); adopta(received(TYPE, ID, closed) : Infinite, priority 1)} else if B(LIST=[actionresult([TYPE,ID,RESPONSE])]) then if B(TYPE=response) then ReceivedMessage(RESPONSE, ID) else if B(LIST=[actionresult([TYPE])]) then ReceivedEvent(TYPE) else if B(LIST=[actionresult([TYPE,AGENT,ID,RESPONSE])]) then if B(TYPE=proposal) then ReceivedProposal(AGENT, ID, RESPONSE)
Event processed UpdateClock(8)
org notification: Response [id=-1, response=accepted, clock=8, time=2015-05-21 15:13:44.68]
org notified sent response(-1,accepted,8).
[CTAH] Array of Terms: [Lapapl.data.Term;@280fb110
[CTAH] The created APLList : [proposal,1,3324,accept]
Event processed @ctenv(functionToList(proposal(proposal, 3, -1, accept)),LIST,0); if B(LIST=[actionresult([TYPE,ID])]) then if B(TYPE=proposal) then {ReceivedMessage(TYPE, ID, open); adopta(received(TYPE, ID, closed) : Infinite, priority 1)} else if B(LIST=[actionresult([TYPE,ID,RESPONSE])]) then if B(TYPE=response) then ReceivedMessage(RESPONSE, ID) else if B(LIST=[actionresult([TYPE])]) then ReceivedEvent(TYPE) else if B(LIST=[actionresult([TYPE,AGENT,ID,RESPONSE])]) then if B(TYPE=proposal) then ReceivedProposal(AGENT, ID, RESPONSE)
[CTAH] Array of Terms: [Lapapl.data.Term;@7cd93ef7
[CTAH] The created APLList : [proposal,3,-1,accept]
org notification: Time [clock=9, time=2015-05-21 15:13:49.422]
org notified sent time(9).
object notification: Time [clock=9, time=2015-05-21 15:13:49.422]
Event sent to agent      a30 clock(9)
object notification: Time [clock=9, time=2015-05-21 15:13:49.422]
Event sent to agent      a10 clock(9)
object notification: Time [clock=9, time=2015-05-21 15:13:49.422]
Event sent to agent      a40 clock(9)
Event processed UpdateClock(9)
Event processed UpdateClock(9)
Event processed UpdateClock(9)
org notification: Time [clock=10, time=2015-05-21 15:13:59.432]
org notified sent time(10).
object notification: Time [clock=10, time=2015-05-21 15:13:59.432]
object notification: Time [clock=10, time=2015-05-21 15:13:59.432]
Event sent to agent      a40 clock(10)
Event sent to agent      a30 clock(10)
object notification: Time [clock=10, time=2015-05-21 15:13:59.432]
Event sent to agent      a10 clock(10)
Event processed UpdateClock(10)
Event processed UpdateClock(10)
Event processed UpdateClock(10)
org notification: Time [clock=11, time=2015-05-21 15:14:09.435]
org notified sent time(11).
object notification: Time [clock=11, time=2015-05-21 15:14:09.435]
Event sent to agent      a10 clock(11)
object notification: Time [clock=11, time=2015-05-21 15:14:09.435]
Event sent to agent      a40 clock(11)
object notification: Time [clock=11, time=2015-05-21 15:14:09.435]
Event sent to agent      a30 clock(11)
Event processed UpdateClock(11)
Event processed UpdateClock(11)
Event processed UpdateClock(11)
Received a class edu.harvard.eecs.airg.coloredtrails.shared.discourse.BasicProposalDiscourseMessage
[MSG] Message is of type: basicproposal
[MSG] Message is for: 3
[MSG] i'm: 3
Received a proposal creating event
org notification: Proposal [id=2647, agent=a20, agent2=a40, clock=11, time=2015-05-21 15:14:12.661]
org notified sent proposal(2647,a20,a40,11).
org notification: Response [id=2647, response=accepted, clock=11, time=2015-05-21 15:14:12.67]
org notified sent response(2647,accepted,11).
Event processed @ctenv(functionToList(proposal(proposal, 1, 2647, accept)),LIST,0); if B(LIST=[actionresult([TYPE,ID])]) then if B(TYPE=proposal) then {ReceivedMessage(TYPE, ID, open); adopta(received(TYPE, ID, closed) : Infinite, priority 1)} else if B(LIST=[actionresult([TYPE,ID,RESPONSE])]) then if B(TYPE=response) then ReceivedMessage(RESPONSE, ID) else if B(LIST=[actionresult([TYPE])]) then ReceivedEvent(TYPE) else if B(LIST=[actionresult([TYPE,AGENT,ID,RESPONSE])]) then if B(TYPE=proposal) then ReceivedProposal(AGENT, ID, RESPONSE)
[CTAH] Array of Terms: [Lapapl.data.Term;@6814b07b
[CTAH] The created APLList : [proposal,1,2647,accept]
org notification: Time [clock=12, time=2015-05-21 15:14:19.438]
org notified sent time(12).
object notification: Time [clock=12, time=2015-05-21 15:14:19.438]
Event sent to agent      a40 clock(12)
object notification: Time [clock=12, time=2015-05-21 15:14:19.438]
Event sent to agent      a30 clock(12)
object notification: Time [clock=12, time=2015-05-21 15:14:19.438]
Event sent to agent      a10 clock(12)
Event processed UpdateClock(12)
Event processed UpdateClock(12)
Event processed UpdateClock(12)
Received a class edu.harvard.eecs.airg.coloredtrails.shared.discourse.BasicProposalDiscourseMessage
[MSG] Message is of type: basicproposal
[MSG] Message is for: 0
[MSG] i'm: 0
org notification: Proposal [id=9328, agent=a20, agent2=a10, clock=12, time=2015-05-21 15:14:21.07]
org notified sent proposal(9328,a20,a10,12).
Received a proposal creating event
org notification: Response [id=9328, response=accepted, clock=12, time=2015-05-21 15:14:21.099]
org notified sent response(9328,accepted,12).
Event processed @ctenv(functionToList(proposal(proposal, 1, 9328, accept)),LIST,0); if B(LIST=[actionresult([TYPE,ID])]) then if B(TYPE=proposal) then {ReceivedMessage(TYPE, ID, open); adopta(received(TYPE, ID, closed) : Infinite, priority 1)} else if B(LIST=[actionresult([TYPE,ID,RESPONSE])]) then if B(TYPE=response) then ReceivedMessage(RESPONSE, ID) else if B(LIST=[actionresult([TYPE])]) then ReceivedEvent(TYPE) else if B(LIST=[actionresult([TYPE,AGENT,ID,RESPONSE])]) then if B(TYPE=proposal) then ReceivedProposal(AGENT, ID, RESPONSE)
[CTAH] Array of Terms: [Lapapl.data.Term;@619607c9
[CTAH] The created APLList : [proposal,1,9328,accept]
setPhases in ClientGameStatus, the current phase is Movement Phase
setPhases in ClientGameStatus, the current phase is Movement Phase
setPhases in ClientGameStatus, the current phase is Movement Phase
Event processed @ctenv(functionToList(message(phasechange)),LIST,0); if B(LIST=[actionresult([TYPE,ID])]) then if B(TYPE=proposal) then {ReceivedMessage(TYPE, ID, open); adopta(received(TYPE, ID, closed) : Infinite, priority 1)} else if B(LIST=[actionresult([TYPE,ID,RESPONSE])]) then if B(TYPE=response) then ReceivedMessage(RESPONSE, ID) else if B(LIST=[actionresult([TYPE])]) then ReceivedEvent(TYPE) else if B(LIST=[actionresult([TYPE,AGENT,ID,RESPONSE])]) then if B(TYPE=proposal) then ReceivedProposal(AGENT, ID, RESPONSE)
Event processed @ctenv(functionToList(message(phasechange)),LIST,0); if B(LIST=[actionresult([TYPE,ID])]) then if B(TYPE=proposal) then {ReceivedMessage(TYPE, ID, open); adopta(received(TYPE, ID, closed) : Infinite, priority 1)} else if B(LIST=[actionresult([TYPE,ID,RESPONSE])]) then if B(TYPE=response) then ReceivedMessage(RESPONSE, ID) else if B(LIST=[actionresult([TYPE])]) then ReceivedEvent(TYPE) else if B(LIST=[actionresult([TYPE,AGENT,ID,RESPONSE])]) then if B(TYPE=proposal) then ReceivedProposal(AGENT, ID, RESPONSE)
Event processed @ctenv(functionToList(message(phasechange)),LIST,0); if B(LIST=[actionresult([TYPE,ID])]) then if B(TYPE=proposal) then {ReceivedMessage(TYPE, ID, open); adopta(received(TYPE, ID, closed) : Infinite, priority 1)} else if B(LIST=[actionresult([TYPE,ID,RESPONSE])]) then if B(TYPE=response) then ReceivedMessage(RESPONSE, ID) else if B(LIST=[actionresult([TYPE])]) then ReceivedEvent(TYPE) else if B(LIST=[actionresult([TYPE,AGENT,ID,RESPONSE])]) then if B(TYPE=proposal) then ReceivedProposal(AGENT, ID, RESPONSE)
[CTAH] Array of Terms: [Lapapl.data.Term;@615316b5
[CTAH] The created APLList : [phasechange]
[CTAH] Array of Terms: [Lapapl.data.Term;@5a671341
[CTAH] The created APLList : [phasechange]
[CTAH] Array of Terms: [Lapapl.data.Term;@23679296
[CTAH] The created APLList : [phasechange]
org notification: Time [clock=13, time=2015-05-21 15:14:29.44]
org notified sent time(13).
object notification: Time [clock=13, time=2015-05-21 15:14:29.44]
Event sent to agent      a40 clock(13)
object notification: Time [clock=13, time=2015-05-21 15:14:29.44]
Event sent to agent      a30 clock(13)
object notification: Time [clock=13, time=2015-05-21 15:14:29.44]
Event sent to agent      a10 clock(13)
Event processed UpdateClock(13)
Event processed UpdateClock(13)
Event processed UpdateClock(13)
Received a class edu.harvard.eecs.airg.coloredtrails.shared.discourse.BasicProposalDiscourseMessage
[MSG] Message is of type: basicproposal
[MSG] Message is for: 3
[MSG] i'm: 3
Received a proposal creating event
org notification: Proposal [id=2371, agent=a20, agent2=a40, clock=13, time=2015-05-21 15:14:34.287]
org notified sent proposal(2371,a20,a40,13).
org notification: Response [id=2371, response=accepted, clock=13, time=2015-05-21 15:14:34.295]
org notified sent response(2371,accepted,13).
Event processed @ctenv(functionToList(proposal(proposal, 1, 2371, accept)),LIST,0); if B(LIST=[actionresult([TYPE,ID])]) then if B(TYPE=proposal) then {ReceivedMessage(TYPE, ID, open); adopta(received(TYPE, ID, closed) : Infinite, priority 1)} else if B(LIST=[actionresult([TYPE,ID,RESPONSE])]) then if B(TYPE=response) then ReceivedMessage(RESPONSE, ID) else if B(LIST=[actionresult([TYPE])]) then ReceivedEvent(TYPE) else if B(LIST=[actionresult([TYPE,AGENT,ID,RESPONSE])]) then if B(TYPE=proposal) then ReceivedProposal(AGENT, ID, RESPONSE)
[CTAH] Array of Terms: [Lapapl.data.Term;@1777616
[CTAH] The created APLList : [proposal,1,2371,accept]
object notification: Time [clock=14, time=2015-05-21 15:14:39.444]
Event sent to agent      a40 clock(14)
object notification: Time [clock=14, time=2015-05-21 15:14:39.444]
Event sent to agent      a30 clock(14)
object notification: Time [clock=14, time=2015-05-21 15:14:39.444]
Event sent to agent      a10 clock(14)
org notification: Time [clock=14, time=2015-05-21 15:14:39.444]
org notified sent time(14).
org notification: Position [subject=a20, id=null, cell=Cell [x=1, y=3], time=2015-05-21 15:14:39.451, clock=14]
org notified sent position(a20,cell(1,3),14).
Event processed UpdateClock(14)
Event processed UpdateClock(14)
Event processed UpdateClock(14)
org notification: Time [clock=15, time=2015-05-21 15:14:49.447]
org notified sent time(15).
object notification: Time [clock=15, time=2015-05-21 15:14:49.447]
Event sent to agent      a10 clock(15)
object notification: Time [clock=15, time=2015-05-21 15:14:49.447]
Event sent to agent      a40 clock(15)
object notification: Time [clock=15, time=2015-05-21 15:14:49.447]
Event sent to agent      a30 clock(15)
Event processed UpdateClock(15)
org notification: Position [subject=a20, id=null, cell=Cell [x=1, y=2], time=2015-05-21 15:14:49.458, clock=15]
org notified sent position(a20,cell(1,2),15).
Event processed UpdateClock(15)
Event processed UpdateClock(15)
org notification: Time [clock=16, time=2015-05-21 15:14:59.45]
org notified sent time(16).
object notification: Time [clock=16, time=2015-05-21 15:14:59.45]
Event sent to agent      a10 clock(16)
object notification: Time [clock=16, time=2015-05-21 15:14:59.45]
Event sent to agent      a40 clock(16)
object notification: Time [clock=16, time=2015-05-21 15:14:59.45]
Event sent to agent      a30 clock(16)
Event processed UpdateClock(16)
Event processed UpdateClock(16)
Event processed UpdateClock(16)
org notification: Time [clock=17, time=2015-05-21 15:15:09.455]
org notified sent time(17).
object notification: Time [clock=17, time=2015-05-21 15:15:09.455]
Event sent to agent      a40 clock(17)
object notification: Time [clock=17, time=2015-05-21 15:15:09.455]
object notification: Time [clock=17, time=2015-05-21 15:15:09.455]
Event sent to agent      a10 clock(17)
Event sent to agent      a30 clock(17)
Event processed UpdateClock(17)
Event processed UpdateClock(17)
Event processed UpdateClock(17)
object notification: Time [clock=18, time=2015-05-21 15:15:19.458]
Event sent to agent      a10 clock(18)
org notification: Time [clock=18, time=2015-05-21 15:15:19.458]
org notified sent time(18).
object notification: Time [clock=18, time=2015-05-21 15:15:19.458]
Event sent to agent      a30 clock(18)
object notification: Time [clock=18, time=2015-05-21 15:15:19.458]
Event sent to agent      a40 clock(18)
Event processed UpdateClock(18)
Event processed UpdateClock(18)
Event processed UpdateClock(18)
org notification: Time [clock=19, time=2015-05-21 15:15:29.46]
org notified sent time(19).
object notification: Time [clock=19, time=2015-05-21 15:15:29.46]
Event sent to agent      a40 clock(19)
object notification: Time [clock=19, time=2015-05-21 15:15:29.46]
Event sent to agent      a30 clock(19)
object notification: Time [clock=19, time=2015-05-21 15:15:29.46]
Event sent to agent      a10 clock(19)
Event processed UpdateClock(19)
Event processed UpdateClock(19)
Event processed UpdateClock(19)
org notification: Time [clock=20, time=2015-05-21 15:15:39.465]
org notified sent time(20).
object notification: Time [clock=20, time=2015-05-21 15:15:39.465]
Event sent to agent      a10 clock(20)
object notification: Time [clock=20, time=2015-05-21 15:15:39.465]
Event sent to agent      a40 clock(20)
object notification: Time [clock=20, time=2015-05-21 15:15:39.465]
Event sent to agent      a30 clock(20)
Event processed UpdateClock(20)
Event processed UpdateClock(20)
Event processed UpdateClock(20)
object notification: Time [clock=21, time=2015-05-21 15:15:49.466]
org notification: Time [clock=21, time=2015-05-21 15:15:49.466]
org notified sent time(21).
Event sent to agent      a10 clock(21)
object notification: Time [clock=21, time=2015-05-21 15:15:49.466]
Event sent to agent      a40 clock(21)
object notification: Time [clock=21, time=2015-05-21 15:15:49.466]
Event sent to agent      a30 clock(21)
Event processed UpdateClock(21)
Event processed UpdateClock(21)
Event processed UpdateClock(21)
object notification: Time [clock=22, time=2015-05-21 15:15:59.469]
org notification: Time [clock=22, time=2015-05-21 15:15:59.469]
org notified sent time(22).
Event sent to agent      a10 clock(22)
object notification: Time [clock=22, time=2015-05-21 15:15:59.469]
Event sent to agent      a30 clock(22)
object notification: Time [clock=22, time=2015-05-21 15:15:59.469]
Event sent to agent      a40 clock(22)
Organization writes: Points [subject=a10, time=2015-05-21 15:15:59.481, clock=22, value=750, id=null]
Organization writes: Points [subject=a40, time=2015-05-21 15:15:59.484, clock=22, value=750, id=null]
object notification: Points [subject=a10, time=2015-05-21 15:15:59.481, clock=22, value=750, id=null]
Event sent to agent      a10 points(750)
object notification: Points [subject=a40, time=2015-05-21 15:15:59.484, clock=22, value=750, id=null]
Event sent to agent      a40 points(750)
Event processed UpdateClock(22)
Event processed UpdatePoints(750)
Event processed UpdateClock(22)
Event processed UpdatePoints(750)
Event processed UpdateClock(22)
object notification: Time [clock=23, time=2015-05-21 15:16:09.474]
Event sent to agent      a40 clock(23)
object notification: Time [clock=23, time=2015-05-21 15:16:09.474]
object notification: Time [clock=23, time=2015-05-21 15:16:09.474]
Event sent to agent      a10 clock(23)
Event sent to agent      a30 clock(23)
org notification: Time [clock=23, time=2015-05-21 15:16:09.474]
org notified sent time(23).
Event processed UpdateClock(23)
Event processed UpdateClock(23)
Event processed UpdateClock(23)
org notification: Time [clock=24, time=2015-05-21 15:16:19.476]
org notified sent time(24).
object notification: Time [clock=24, time=2015-05-21 15:16:19.476]
Event sent to agent      a10 clock(24)
object notification: Time [clock=24, time=2015-05-21 15:16:19.476]
Event sent to agent      a40 clock(24)
object notification: Time [clock=24, time=2015-05-21 15:16:19.476]
Event sent to agent      a30 clock(24)
Organization writes: Points [subject=a10, time=2015-05-21 15:16:19.491, clock=24, value=-250, id=null]
Organization writes: Points [subject=a30, time=2015-05-21 15:16:19.495, clock=24, value=-1000, id=null]
object notification: Points [subject=a10, time=2015-05-21 15:16:19.491, clock=24, value=-250, id=null]
Event sent to agent      a10 points(-250)
Organization writes: Points [subject=a40, time=2015-05-21 15:16:19.496, clock=24, value=-250, id=null]
object notification: Points [subject=a30, time=2015-05-21 15:16:19.495, clock=24, value=-1000, id=null]
Event sent to agent      a30 points(-1000)
object notification: Points [subject=a40, time=2015-05-21 15:16:19.496, clock=24, value=-250, id=null]
Event sent to agent      a40 points(-250)
setPhases in ClientGameStatus, the current phase is Feedback Phase
setPhases in ClientGameStatus, the current phase is Feedback Phase
setPhases in ClientGameStatus, the current phase is Feedback Phase
(((((((((((((((((Game ended)))))))))))
(((((((((((((((((Game ended)))))))))))
Game ended 
Game ended 
My PlayerStatus is: Game Player...
PerGameId: 3.
PIN: 40.
Pos: (R:4,C:0).
Chips: { chips  'blue':0 'white':0 'brown':0 'yellow':8 }.
Score: 1000.
Team: -1.

My PlayerStatus is: Game Player...
PerGameId: 2.
PIN: 30.
Pos: (R:3,C:2).
Chips: { chips  'blue':6 'white':0 'brown':0 'yellow':0 }.
Score: 1000.
Team: -1.

(((((((((((((((((Game ended)))))))))))
Game ended 
My PlayerStatus is: Game Player...
PerGameId: 0.
PIN: 10.
Pos: (R:0,C:0).
Chips: { chips  'blue':0 'white':7 'brown':1 'yellow':0 }.
Score: 1000.
Team: -1.

org notification: Time [clock=25, time=2015-05-21 15:16:29.481]
org notified sent time(25).
object notification: Time [clock=25, time=2015-05-21 15:16:29.481]
Event sent to agent      a40 clock(25)
object notification: Time [clock=25, time=2015-05-21 15:16:29.481]
object notification: Time [clock=25, time=2015-05-21 15:16:29.481]
Event sent to agent      a10 clock(25)
Event sent to agent      a30 clock(25)
org notification: Time [clock=26, time=2015-05-21 15:16:39.484]
object notification: Time [clock=26, time=2015-05-21 15:16:39.484]
object notification: Time [clock=26, time=2015-05-21 15:16:39.484]
object notification: Time [clock=26, time=2015-05-21 15:16:39.484]
org notified sent time(26).
Event sent to agent      a30 clock(26)
Event sent to agent      a10 clock(26)
Event sent to agent      a40 clock(26)
object notification: Time [clock=27, time=2015-05-21 15:16:49.488]
org notification: Time [clock=27, time=2015-05-21 15:16:49.488]
org notified sent time(27).
object notification: Time [clock=27, time=2015-05-21 15:16:49.488]
Event sent to agent      a10 clock(27)
Event sent to agent      a30 clock(27)
object notification: Time [clock=27, time=2015-05-21 15:16:49.488]
Event sent to agent      a40 clock(27)
org notification: Time [clock=28, time=2015-05-21 15:16:59.492]
org notified sent time(28).
object notification: Time [clock=28, time=2015-05-21 15:16:59.492]
object notification: Time [clock=28, time=2015-05-21 15:16:59.492]
Event sent to agent      a40 clock(28)
object notification: Time [clock=28, time=2015-05-21 15:16:59.492]
Event sent to agent      a10 clock(28)
Event sent to agent      a30 clock(28)
org notification: Time [clock=29, time=2015-05-21 15:17:09.495]
object notification: Time [clock=29, time=2015-05-21 15:17:09.495]
object notification: Time [clock=29, time=2015-05-21 15:17:09.495]
object notification: Time [clock=29, time=2015-05-21 15:17:09.495]
org notified sent time(29).
Event sent to agent      a10 clock(29)
Event sent to agent      a40 clock(29)
Event sent to agent      a30 clock(29)
object notification: Time [clock=30, time=2015-05-21 15:17:19.499]
Event sent to agent      a40 clock(30)
org notification: Time [clock=30, time=2015-05-21 15:17:19.499]
org notified sent time(30).
object notification: Time [clock=30, time=2015-05-21 15:17:19.499]
Event sent to agent      a10 clock(30)
object notification: Time [clock=30, time=2015-05-21 15:17:19.499]
Event sent to agent      a30 clock(30)
object notification: Time [clock=31, time=2015-05-21 15:17:29.502]
org notification: Time [clock=31, time=2015-05-21 15:17:29.502]
org notified sent time(31).
Event sent to agent      a10 clock(31)
object notification: Time [clock=31, time=2015-05-21 15:17:29.502]
object notification: Time [clock=31, time=2015-05-21 15:17:29.502]
Event sent to agent      a40 clock(31)
Event sent to agent      a30 clock(31)
object notification: Time [clock=32, time=2015-05-21 15:17:39.506]
object notification: Time [clock=32, time=2015-05-21 15:17:39.506]
Event sent to agent      a40 clock(32)
Event sent to agent      a10 clock(32)
object notification: Time [clock=32, time=2015-05-21 15:17:39.506]
org notification: Time [clock=32, time=2015-05-21 15:17:39.506]
org notified sent time(32).
Event sent to agent      a30 clock(32)
org notification: Time [clock=33, time=2015-05-21 15:17:49.509]
org notified sent time(33).
object notification: Time [clock=33, time=2015-05-21 15:17:49.509]
object notification: Time [clock=33, time=2015-05-21 15:17:49.509]
object notification: Time [clock=33, time=2015-05-21 15:17:49.509]
Event sent to agent      a40 clock(33)
Event sent to agent      a10 clock(33)
Event sent to agent      a30 clock(33)
org notification: Time [clock=34, time=2015-05-21 15:17:59.512]
org notified sent time(34).
object notification: Time [clock=34, time=2015-05-21 15:17:59.512]
Event sent to agent      a40 clock(34)
object notification: Time [clock=34, time=2015-05-21 15:17:59.512]
Event sent to agent      a10 clock(34)
object notification: Time [clock=34, time=2015-05-21 15:17:59.512]
Event sent to agent      a30 clock(34)
object notification: Time [clock=35, time=2015-05-21 15:18:09.515]
org notification: Time [clock=35, time=2015-05-21 15:18:09.515]
org notified sent time(35).
Event sent to agent      a40 clock(35)
object notification: Time [clock=35, time=2015-05-21 15:18:09.515]
Event sent to agent      a10 clock(35)
object notification: Time [clock=35, time=2015-05-21 15:18:09.515]
Event sent to agent      a30 clock(35)
org notification: Time [clock=36, time=2015-05-21 15:18:19.519]
org notified sent time(36).
object notification: Time [clock=36, time=2015-05-21 15:18:19.519]
object notification: Time [clock=36, time=2015-05-21 15:18:19.519]
object notification: Time [clock=36, time=2015-05-21 15:18:19.519]
Event sent to agent      a10 clock(36)
Event sent to agent      a40 clock(36)
Event sent to agent      a30 clock(36)
org notification: Time [clock=37, time=2015-05-21 15:18:29.522]
org notified sent time(37).
object notification: Time [clock=37, time=2015-05-21 15:18:29.522]
Event sent to agent      a10 clock(37)
object notification: Time [clock=37, time=2015-05-21 15:18:29.522]
Event sent to agent      a40 clock(37)
object notification: Time [clock=37, time=2015-05-21 15:18:29.522]
Event sent to agent      a30 clock(37)
object notification: Time [clock=38, time=2015-05-21 15:18:39.525]
org notification: Time [clock=38, time=2015-05-21 15:18:39.525]
object notification: Time [clock=38, time=2015-05-21 15:18:39.525]
Event sent to agent      a30 clock(38)
Event sent to agent      a40 clock(38)
org notified sent time(38).
object notification: Time [clock=38, time=2015-05-21 15:18:39.525]
Event sent to agent      a10 clock(38)
object notification: Time [clock=39, time=2015-05-21 15:18:49.529]
Event sent to agent      a40 clock(39)
object notification: Time [clock=39, time=2015-05-21 15:18:49.529]
org notification: Time [clock=39, time=2015-05-21 15:18:49.529]
org notified sent time(39).
object notification: Time [clock=39, time=2015-05-21 15:18:49.529]
Event sent to agent      a10 clock(39)
Event sent to agent      a30 clock(39)
org notification: Time [clock=40, time=2015-05-21 15:18:59.531]
org notified sent time(40).
object notification: Time [clock=40, time=2015-05-21 15:18:59.531]
object notification: Time [clock=40, time=2015-05-21 15:18:59.531]
Event sent to agent      a10 clock(40)
object notification: Time [clock=40, time=2015-05-21 15:18:59.531]
Event sent to agent      a30 clock(40)
Event sent to agent      a40 clock(40)
object notification: Time [clock=41, time=2015-05-21 15:19:09.535]
org notification: Time [clock=41, time=2015-05-21 15:19:09.535]
org notified sent time(41).
object notification: Time [clock=41, time=2015-05-21 15:19:09.535]
Event sent to agent      a40 clock(41)
object notification: Time [clock=41, time=2015-05-21 15:19:09.535]
Event sent to agent      a10 clock(41)
Event sent to agent      a30 clock(41)
org notification: Time [clock=42, time=2015-05-21 15:19:19.539]
org notified sent time(42).
object notification: Time [clock=42, time=2015-05-21 15:19:19.539]
Event sent to agent      a10 clock(42)
object notification: Time [clock=42, time=2015-05-21 15:19:19.539]
Event sent to agent      a40 clock(42)
object notification: Time [clock=42, time=2015-05-21 15:19:19.539]
Event sent to agent      a30 clock(42)
object notification: Time [clock=43, time=2015-05-21 15:19:29.542]
org notification: Time [clock=43, time=2015-05-21 15:19:29.542]
org notified sent time(43).
object notification: Time [clock=43, time=2015-05-21 15:19:29.542]
object notification: Time [clock=43, time=2015-05-21 15:19:29.542]
Event sent to agent      a30 clock(43)
Event sent to agent      a40 clock(43)
Event sent to agent      a10 clock(43)
org notification: Time [clock=44, time=2015-05-21 15:19:39.546]
org notified sent time(44).
object notification: Time [clock=44, time=2015-05-21 15:19:39.546]
Event sent to agent      a40 clock(44)
object notification: Time [clock=44, time=2015-05-21 15:19:39.546]
object notification: Time [clock=44, time=2015-05-21 15:19:39.546]
Event sent to agent      a10 clock(44)
Event sent to agent      a30 clock(44)
object notification: Time [clock=45, time=2015-05-21 15:19:49.55]
object notification: Time [clock=45, time=2015-05-21 15:19:49.55]
Event sent to agent      a30 clock(45)
Event sent to agent      a40 clock(45)
org notification: Time [clock=45, time=2015-05-21 15:19:49.55]
org notified sent time(45).
object notification: Time [clock=45, time=2015-05-21 15:19:49.55]
Event sent to agent      a10 clock(45)
org notification: Time [clock=46, time=2015-05-21 15:19:59.553]
org notified sent time(46).
object notification: Time [clock=46, time=2015-05-21 15:19:59.553]
Event sent to agent      a10 clock(46)
object notification: Time [clock=46, time=2015-05-21 15:19:59.553]
Event sent to agent      a40 clock(46)
object notification: Time [clock=46, time=2015-05-21 15:19:59.553]
Event sent to agent      a30 clock(46)
