-------------------------last log tuples start--------------------------------
Prohibition [subject=a30, prohibition=[at(16, 16, a30, _)], sanction=[reduce(a30, 300)], clock=1, time=2015-04-23 09:05:06.307]
object notification: Prohibition [subject=a30, prohibition=[at(16, 16, a30, _)], sanction=[reduce(a30, 300)], clock=1, time=2015-04-23 09:05:06.307]
Event sent to object      a30 prohibition([at(16, 16, a30, _)], [reduce(a30, 300)])
Prohibition [subject=ra1, prohibition=[at(15, 15, ra1, _)], sanction=[reduce(ra1, 300)], clock=1, time=2015-04-23 09:05:06.326]
Prohibition [subject=a40, prohibition=[at(15, 16, a40, _)], sanction=[reduce(a40, 300)], clock=1, time=2015-04-23 09:05:06.317]
object notification: Prohibition [subject=a40, prohibition=[at(15, 16, a40, _)], sanction=[reduce(a40, 300)], clock=1, time=2015-04-23 09:05:06.317]
Event sent to object      a40 prohibition([at(15, 16, a40, _)], [reduce(a40, 300)])
Prohibition [subject=a40, prohibition=[at(16, 15, a40, _)], sanction=[reduce(a40, 300)], clock=1, time=2015-04-23 09:05:06.32]
object notification: Prohibition [subject=a40, prohibition=[at(16, 15, a40, _)], sanction=[reduce(a40, 300)], clock=1, time=2015-04-23 09:05:06.32]
Event sent to object      a40 prohibition([at(16, 15, a40, _)], [reduce(a40, 300)])
Obligation [subject=a30, obligation=[at(3, 2, a30)], sanction=[reduce(a30, 500)], deadline=17, time=2015-04-23 09:06:11.305, clock=7]
object notification: Obligation [subject=a30, obligation=[at(3, 2, a30)], sanction=[reduce(a30, 500)], deadline=17, time=2015-04-23 09:06:11.305, clock=7]
Event sent to object      a30 obligation([at(3, 2, a30)], 17, [reduce(a30, 500)])
Prohibition [subject=a10, prohibition=[at(16, 16, a10, _)], sanction=[reduce(a10, 300)], clock=1, time=2015-04-23 09:05:06.288]
object notification: Prohibition [subject=a10, prohibition=[at(16, 16, a10, _)], sanction=[reduce(a10, 300)], clock=1, time=2015-04-23 09:05:06.288]
Event sent to object      a10 prohibition([at(16, 16, a10, _)], [reduce(a10, 300)])
Time [clock=11, time=null]
object notification: Time [clock=11, time=null]
Event sent to object      a30 clock(11)
object notification: Time [clock=11, time=null]
Event sent to object      a10 clock(11)
object notification: Time [clock=11, time=null]
Event sent to object      a40 clock(11)
Time [clock=7, time=null]
object notification: Time [clock=7, time=null]
object notification: Time [clock=7, time=null]
Event sent to object      a40 clock(7)
Event sent to object      a10 clock(7)
object notification: Time [clock=7, time=null]
Event sent to object      a30 clock(7)
Time [clock=13, time=null]
object notification: Time [clock=13, time=null]
Event sent to object      a40 clock(13)
object notification: Time [clock=13, time=null]
Event sent to object      a10 clock(13)
object notification: Time [clock=13, time=null]
Event sent to object      a30 clock(13)
Time [clock=5, time=null]
object notification: Time [clock=5, time=null]
Event sent to object      a40 clock(5)
object notification: Time [clock=5, time=null]
Event sent to object      a30 clock(5)
object notification: Time [clock=5, time=null]
Event sent to object      a10 clock(5)
Goal [id=null, cell=Cell [x=2, y=2], agent=null, time=2015-04-23 09:05:30.292, clock=0]
Position [subject=a10, id=null, cell=Cell [x=0, y=0], time=2015-04-23 09:08:06.32, clock=19]
object notification: Position [subject=a10, id=null, cell=Cell [x=0, y=0], time=2015-04-23 09:08:06.32, clock=19]
Event sent to object      a10 position(0, 0, 19)
Position [subject=a30, id=null, cell=Cell [x=4, y=0], time=2015-04-23 09:08:06.321, clock=19]
object notification: Position [subject=a30, id=null, cell=Cell [x=4, y=0], time=2015-04-23 09:08:06.321, clock=19]
Event sent to object      a30 position(4, 4, 19)
Obligation [subject=a30, obligation=[at(3, 2, a30)], sanction=[reduce(a30, 500)], deadline=13, time=2015-04-23 09:05:30.328, clock=3]
object notification: Obligation [subject=a30, obligation=[at(3, 2, a30)], sanction=[reduce(a30, 500)], deadline=13, time=2015-04-23 09:05:30.328, clock=3]
Event sent to object      a30 obligation([at(3, 2, a30)], 13, [reduce(a30, 500)])
Position [subject=a30, id=null, cell=Cell [x=4, y=0], time=2015-04-23 09:05:36.309, clock=4]
object notification: Position [subject=a30, id=null, cell=Cell [x=4, y=0], time=2015-04-23 09:05:36.309, clock=4]
Event sent to object      a30 position(4, 4, 4)
Obligation [subject=a20, obligation=[at(1, 2, a20)], sanction=[reduce(a20, 500)], deadline=13, time=2015-04-23 09:05:30.324, clock=3]
Prohibition [subject=a20, prohibition=[at(16, 15, a20, _)], sanction=[reduce(a20, 300)], clock=1, time=2015-04-23 09:05:06.294]
Obligation [subject=a10, obligation=[at(2, 1, a10)], sanction=[reduce(a10, 500)], deadline=13, time=2015-04-23 09:05:30.321, clock=3]
object notification: Obligation [subject=a10, obligation=[at(2, 1, a10)], sanction=[reduce(a10, 500)], deadline=13, time=2015-04-23 09:05:30.321, clock=3]
Event sent to object      a10 obligation([at(2, 1, a10)], 13, [reduce(a10, 500)])
Obligation [subject=a20, obligation=[at(1, 2, a20)], sanction=[reduce(a20, 500)], deadline=21, time=2015-04-23 09:06:52.316, clock=11]
Goal [id=null, cell=Cell [x=2, y=2], agent=null, time=2015-04-23 09:08:00.561, clock=0]
Obligation [subject=a30, obligation=[at(3, 2, a30)], sanction=[reduce(a30, 500)], deadline=21, time=2015-04-23 09:06:52.319, clock=11]
object notification: Obligation [subject=a30, obligation=[at(3, 2, a30)], sanction=[reduce(a30, 500)], deadline=21, time=2015-04-23 09:06:52.319, clock=11]
Event sent to object      a30 obligation([at(3, 2, a30)], 21, [reduce(a30, 500)])
Position [subject=a20, id=null, cell=Cell [x=0, y=4], time=2015-04-23 09:08:06.313, clock=19]
Time [clock=15, time=null]
object notification: Time [clock=15, time=null]
Event sent to object      a30 clock(15)
object notification: Time [clock=15, time=null]
Event sent to object      a40 clock(15)
object notification: Time [clock=15, time=null]
Event sent to object      a10 clock(15)
Time [clock=3, time=null]
object notification: Time [clock=3, time=null]
Event sent to object      a40 clock(3)
Time [clock=17, time=null]
object notification: Time [clock=3, time=null]
Event sent to object      a30 clock(3)
object notification: Time [clock=3, time=null]
Event sent to object      a10 clock(3)
object notification: Time [clock=17, time=null]
Event sent to object      a40 clock(17)
object notification: Time [clock=17, time=null]
Event sent to object      a30 clock(17)
object notification: Time [clock=17, time=null]
Event sent to object      a10 clock(17)
Prohibition [subject=a10, prohibition=[at(15, 16, a10, _)], sanction=[reduce(a10, 300)], clock=1, time=2015-04-23 09:05:06.28]
object notification: Prohibition [subject=a10, prohibition=[at(15, 16, a10, _)], sanction=[reduce(a10, 300)], clock=1, time=2015-04-23 09:05:06.28]
Event sent to object      a10 prohibition([at(15, 16, a10, _)], [reduce(a10, 300)])
Prohibition [subject=ra1, prohibition=[at(16, 15, ra1, _)], sanction=[reduce(ra1, 300)], clock=1, time=2015-04-23 09:05:06.335]
Prohibition [subject=a30, prohibition=[at(15, 16, a30, _)], sanction=[reduce(a30, 300)], clock=1, time=2015-04-23 09:05:06.301]
object notification: Prohibition [subject=a30, prohibition=[at(15, 16, a30, _)], sanction=[reduce(a30, 300)], clock=1, time=2015-04-23 09:05:06.301]
Event sent to object      a30 prohibition([at(15, 16, a30, _)], [reduce(a30, 300)])
Prohibition [subject=a40, prohibition=[color(yellow, a40)], sanction=[reduce(a40, 300)], clock=1, time=2015-04-23 09:05:06.268]
object notification: Prohibition [subject=a40, prohibition=[color(yellow, a40)], sanction=[reduce(a40, 300)], clock=1, time=2015-04-23 09:05:06.268]
Event sent to object      a40 prohibition([color(yellow, a40)], [reduce(a40, 300)])
Prohibition [subject=a20, prohibition=[at(16, 16, a20, _)], sanction=[reduce(a20, 300)], clock=1, time=2015-04-23 09:05:06.296]
Prohibition [subject=a40, prohibition=[at(15, 15, a40, _)], sanction=[reduce(a40, 300)], clock=1, time=2015-04-23 09:05:06.311]
object notification: Prohibition [subject=a40, prohibition=[at(15, 15, a40, _)], sanction=[reduce(a40, 300)], clock=1, time=2015-04-23 09:05:06.311]
Event sent to object      a40 prohibition([at(15, 15, a40, _)], [reduce(a40, 300)])
Prohibition [subject=a20, prohibition=[at(15, 16, a20, _)], sanction=[reduce(a20, 300)], clock=1, time=2015-04-23 09:05:06.292]
Goal [id=null, cell=Cell [x=2, y=2], agent=null, time=2015-04-23 09:06:11.277, clock=7]
Prohibition [subject=a20, prohibition=[at(15, 15, a20, _)], sanction=[reduce(a20, 300)], clock=1, time=2015-04-23 09:05:06.29]
Goal [id=null, cell=Cell [x=2, y=2], agent=null, time=2015-04-23 09:06:52.292, clock=11]
Time [clock=1, time=null]
object notification: Time [clock=1, time=null]
Event sent to object      a10 clock(1)
object notification: Time [clock=1, time=null]
Event sent to object      a30 clock(1)
object notification: Time [clock=1, time=null]
Event sent to object      a40 clock(1)
Position [subject=a40, id=null, cell=Cell [x=4, y=4], time=2015-04-23 09:08:06.332, clock=19]
object notification: Position [subject=a40, id=null, cell=Cell [x=4, y=4], time=2015-04-23 09:08:06.332, clock=19]
Event sent to object      a40 position(4, 4, 19)
Prohibition [subject=a40, prohibition=[at(16, 16, a40, _)], sanction=[reduce(a40, 300)], clock=1, time=2015-04-23 09:05:06.323]
object notification: Prohibition [subject=a40, prohibition=[at(16, 16, a40, _)], sanction=[reduce(a40, 300)], clock=1, time=2015-04-23 09:05:06.323]
Event sent to object      a40 prohibition([at(16, 16, a40, _)], [reduce(a40, 300)])
Time [clock=19, time=null]
object notification: Time [clock=19, time=null]
Event sent to object      a10 clock(19)
object notification: Time [clock=19, time=null]
Event sent to object      a30 clock(19)
object notification: Time [clock=19, time=null]
Event sent to object      a40 clock(19)
object notification: Obligation [subject=a40, obligation=[at(2, 3, a40)], sanction=[reduce(a40, 500)], deadline=17, time=2015-04-23 09:06:11.309, clock=7]
Event sent to object      a40 obligation([at(2, 3, a40)], 17, [reduce(a40, 500)])
Obligation [subject=a40, obligation=[at(2, 3, a40)], sanction=[reduce(a40, 500)], deadline=17, time=2015-04-23 09:06:11.309, clock=7]
Goal [id=null, cell=Cell [x=2, y=2], agent=null, time=2015-04-23 09:08:00.433, clock=0]
object notification: Position [subject=a30, id=null, cell=Cell [x=4, y=0], time=2015-04-23 09:08:06.339, clock=19]
Event sent to object      a30 position(4, 4, 19)
Position [subject=a30, id=null, cell=Cell [x=4, y=0], time=2015-04-23 09:08:06.339, clock=19]
object notification: Time [clock=10, time=null]
Event sent to object      a10 clock(10)
object notification: Time [clock=10, time=null]
Event sent to object      a30 clock(10)
object notification: Time [clock=10, time=null]
Event sent to object      a40 clock(10)
Time [clock=10, time=null]
object notification: Prohibition [subject=a10, prohibition=[at(16, 15, a10, _)], sanction=[reduce(a10, 300)], clock=1, time=2015-04-23 09:05:06.285]
Event sent to object      a10 prohibition([at(16, 15, a10, _)], [reduce(a10, 300)])
Prohibition [subject=a10, prohibition=[at(16, 15, a10, _)], sanction=[reduce(a10, 300)], clock=1, time=2015-04-23 09:05:06.285]
object notification: Time [clock=12, time=null]
Event sent to object      a30 clock(12)
object notification: Time [clock=12, time=null]
Event sent to object      a10 clock(12)
object notification: Time [clock=12, time=null]
Event sent to object      a40 clock(12)
Time [clock=12, time=null]
object notification: Position [subject=a30, id=null, cell=Cell [x=4, y=1], time=2015-04-23 09:07:16.302, clock=14]
Event sent to object      a30 position(4, 4, 14)
Position [subject=a30, id=null, cell=Cell [x=4, y=1], time=2015-04-23 09:07:16.302, clock=14]
Prohibition [subject=ra1, prohibition=[at(15, 16, ra1, _)], sanction=[reduce(ra1, 300)], clock=1, time=2015-04-23 09:05:06.332]
object notification: Position [subject=a30, id=null, cell=Cell [x=4, y=1], time=2015-04-23 09:08:14.335, clock=12]
Event sent to object      a30 position(4, 4, 12)
Prohibition [subject=a20, prohibition=[color(blue, a20)], sanction=[reduce(a20, 300)], clock=1, time=2015-04-23 09:05:06.263]
object notification: Position [subject=a40, id=null, cell=Cell [x=4, y=4], time=2015-04-23 09:08:06.369, clock=19]
Event sent to object      a40 position(4, 4, 19)
Position [subject=a40, id=null, cell=Cell [x=4, y=4], time=2015-04-23 09:08:06.369, clock=19]
Prohibition [subject=a30, prohibition=[at(15, 15, a30, _)], sanction=[reduce(a30, 300)], clock=1, time=2015-04-23 09:05:06.299]
object notification: Prohibition [subject=a30, prohibition=[at(15, 15, a30, _)], sanction=[reduce(a30, 300)], clock=1, time=2015-04-23 09:05:06.299]
Event sent to object      a30 prohibition([at(15, 15, a30, _)], [reduce(a30, 300)])
object notification: Position [subject=a30, id=null, cell=Cell [x=4, y=1], time=2015-04-23 09:08:14.335, clock=12]
Event sent to object      a30 position(4, 4, 12)
Position [subject=a30, id=null, cell=Cell [x=4, y=1], time=2015-04-23 09:08:14.335, clock=12]
Prohibition [subject=a30, prohibition=[at(16, 15, a30, _)], sanction=[reduce(a30, 300)], clock=1, time=2015-04-23 09:05:06.304]
object notification: Prohibition [subject=a30, prohibition=[at(16, 15, a30, _)], sanction=[reduce(a30, 300)], clock=1, time=2015-04-23 09:05:06.304]
Event sent to object      a30 prohibition([at(16, 15, a30, _)], [reduce(a30, 300)])
Obligation [subject=ra1, obligation=[surround(2, 2)], sanction=[reduce(g, 500)], deadline=21, time=2015-04-23 09:06:52.297, clock=11]
Prohibition [subject=a10, prohibition=[at(15, 15, a10, _)], sanction=[reduce(a10, 300)], clock=1, time=2015-04-23 09:05:06.277]
object notification: Prohibition [subject=a10, prohibition=[at(15, 15, a10, _)], sanction=[reduce(a10, 300)], clock=1, time=2015-04-23 09:05:06.277]
Event sent to object      a10 prohibition([at(15, 15, a10, _)], [reduce(a10, 300)])
Obligation [subject=a20, obligation=[at(1, 2, a20)], sanction=[reduce(a20, 500)], deadline=17, time=2015-04-23 09:06:11.301, clock=7]
Obligation [subject=ra1, obligation=[surround(2, 2)], sanction=[reduce(g, 500)], deadline=13, time=2015-04-23 09:05:30.318, clock=3]
object notification: Time [clock=18, time=null]
Event sent to object      a30 clock(18)
object notification: Time [clock=18, time=null]
Event sent to object      a40 clock(18)
object notification: Time [clock=18, time=null]
Event sent to object      a10 clock(18)
Time [clock=18, time=null]
object notification: Position [subject=a10, id=null, cell=Cell [x=1, y=0], time=2015-04-23 09:06:36.288, clock=10]
Event sent to object      a10 position(1, 1, 10)
Position [subject=a10, id=null, cell=Cell [x=1, y=0], time=2015-04-23 09:06:36.288, clock=10]
object notification: Prohibition [subject=a10, prohibition=[color(red, a10)], sanction=[reduce(a10, 300)], clock=1, time=2015-04-23 09:05:06.26]
Event sent to object      a10 prohibition([color(red, a10)], [reduce(a10, 300)])
object notification: Position [subject=a10, id=null, cell=Cell [x=1, y=0], time=2015-04-23 09:08:14.37, clock=18]
Event sent to object      a10 position(1, 1, 18)
Prohibition [subject=a10, prohibition=[color(red, a10)], sanction=[reduce(a10, 300)], clock=1, time=2015-04-23 09:05:06.26]
object notification: Time [clock=8, time=null]
object notification: Time [clock=8, time=null]
Event sent to object      a30 clock(8)
Event sent to object      a10 clock(8)
object notification: Time [clock=8, time=null]
Event sent to object      a40 clock(8)
Time [clock=8, time=null]
Prohibition [subject=ra1, prohibition=[at(16, 16, ra1, _)], sanction=[reduce(ra1, 300)], clock=1, time=2015-04-23 09:05:06.337]
object notification: Prohibition [subject=a30, prohibition=[color(green, a30)], sanction=[reduce(a30, 300)], clock=1, time=2015-04-23 09:05:06.266]
Event sent to object      a30 prohibition([color(green, a30)], [reduce(a30, 300)])
Prohibition [subject=a30, prohibition=[color(green, a30)], sanction=[reduce(a30, 300)], clock=1, time=2015-04-23 09:05:06.266]
object notification: Time [clock=14, time=null]
Event sent to object      a30 clock(14)
object notification: Time [clock=14, time=null]
Event sent to object      a40 clock(14)
object notification: Time [clock=14, time=null]
Time [clock=14, time=null]
Event sent to object      a10 clock(14)
object notification: Position [subject=a40, id=null, cell=Cell [x=4, y=4], time=2015-04-23 09:06:56.294, clock=12]
Event sent to object      a40 position(4, 4, 12)
Position [subject=a40, id=null, cell=Cell [x=4, y=4], time=2015-04-23 09:06:56.294, clock=12]
object notification: Obligation [subject=a10, obligation=[at(2, 1, a10)], sanction=[reduce(a10, 500)], deadline=21, time=2015-04-23 09:06:52.313, clock=11]
Event sent to object      a10 obligation([at(2, 1, a10)], 21, [reduce(a10, 500)])
Obligation [subject=a10, obligation=[at(2, 1, a10)], sanction=[reduce(a10, 500)], deadline=21, time=2015-04-23 09:06:52.313, clock=11]
object notification: Obligation [subject=a40, obligation=[at(2, 3, a40)], sanction=[reduce(a40, 500)], deadline=21, time=2015-04-23 09:06:52.322, clock=11]
Event sent to object      a40 obligation([at(2, 3, a40)], 21, [reduce(a40, 500)])
Obligation [subject=a40, obligation=[at(2, 3, a40)], sanction=[reduce(a40, 500)], deadline=21, time=2015-04-23 09:06:52.322, clock=11]
object notification: Time [clock=4, time=null]
Event sent to object      a30 clock(4)
object notification: Time [clock=4, time=null]
Event sent to object      a10 clock(4)
object notification: Time [clock=4, time=null]
Event sent to object      a40 clock(4)
Time [clock=4, time=null]
object notification: Obligation [subject=a40, obligation=[at(2, 3, a40)], sanction=[reduce(a40, 500)], deadline=13, time=2015-04-23 09:05:30.331, clock=3]
Obligation [subject=a40, obligation=[at(2, 3, a40)], sanction=[reduce(a40, 500)], deadline=13, time=2015-04-23 09:05:30.331, clock=3]
Event sent to object      a40 obligation([at(2, 3, a40)], 13, [reduce(a40, 500)])
object notification: Time [clock=16, time=null]
Event sent to object      a10 clock(16)
object notification: Time [clock=16, time=null]
Event sent to object      a30 clock(16)
object notification: Time [clock=16, time=null]
Event sent to object      a40 clock(16)
Time [clock=16, time=null]
object notification: Time [clock=6, time=null]
Event sent to object      a10 clock(6)
object notification: Time [clock=6, time=null]
Event sent to object      a40 clock(6)
object notification: Time [clock=6, time=null]
Event sent to object      a30 clock(6)
Time [clock=6, time=null]
object notification: Time [clock=9, time=null]
Event sent to object      a10 clock(9)
object notification: Time [clock=9, time=null]
Event sent to object      a30 clock(9)
object notification: Time [clock=9, time=null]
Event sent to object      a40 clock(9)
Time [clock=9, time=null]
Obligation [subject=ra1, obligation=[surround(2, 2)], sanction=[reduce(g, 500)], deadline=17, time=2015-04-23 09:06:11.285, clock=7]
object notification: Time [clock=2, time=null]
Event sent to object      a30 clock(2)
object notification: Time [clock=2, time=null]
Event sent to object      a10 clock(2)
object notification: Time [clock=2, time=null]
Event sent to object      a40 clock(2)
Time [clock=2, time=null]
object notification: Obligation [subject=a10, obligation=[at(2, 1, a10)], sanction=[reduce(a10, 500)], deadline=17, time=2015-04-23 09:06:11.298, clock=7]
Obligation [subject=a10, obligation=[at(2, 1, a10)], sanction=[reduce(a10, 500)], deadline=17, time=2015-04-23 09:06:11.298, clock=7]
Event sent to object      a10 obligation([at(2, 1, a10)], 17, [reduce(a10, 500)])
object notification: Position [subject=a30, id=null, cell=Cell [x=3, y=1], time=2015-04-23 09:06:36.296, clock=10]
Event sent to object      a30 position(3, 3, 10)
Position [subject=a30, id=null, cell=Cell [x=3, y=1], time=2015-04-23 09:06:36.296, clock=10]
object notification: Position [subject=a40, id=null, cell=Cell [x=4, y=4], time=2015-04-23 09:05:36.306, clock=4]
Event sent to object      a40 position(4, 4, 4)
object notification: Position [subject=a30, id=null, cell=Cell [x=3, y=1], time=2015-04-23 09:08:14.439, clock=2]
Event sent to object      a30 position(3, 3, 2)
Position [subject=a40, id=null, cell=Cell [x=4, y=4], time=2015-04-23 09:05:36.306, clock=4]
object notification: Position [subject=a30, id=null, cell=Cell [x=3, y=1], time=2015-04-23 09:08:14.439, clock=2]
Position [subject=a30, id=null, cell=Cell [x=3, y=1], time=2015-04-23 09:08:14.439, clock=2]
Event sent to object      a30 position(3, 3, 2)
object notification: Position [subject=a30, id=null, cell=Cell [x=4, y=0], time=2015-04-23 09:06:56.3, clock=12]
Event sent to object      a30 position(4, 4, 12)
Position [subject=a30, id=null, cell=Cell [x=4, y=0], time=2015-04-23 09:06:56.3, clock=12]
object notification: Position [subject=a30, id=null, cell=Cell [x=4, y=0], time=2015-04-23 09:06:16.296, clock=8]
Event sent to object      a30 position(4, 4, 8)
Position [subject=a30, id=null, cell=Cell [x=4, y=0], time=2015-04-23 09:06:16.296, clock=8]
object notification: Position [subject=a40, id=null, cell=Cell [x=3, y=4], time=2015-04-23 09:07:16.299, clock=14]
Event sent to object      a40 position(3, 3, 14)
Position [subject=a40, id=null, cell=Cell [x=3, y=4], time=2015-04-23 09:07:16.299, clock=14]
object notification: Position [subject=a10, id=null, cell=Cell [x=0, y=0], time=2015-04-23 09:08:06.358, clock=19]
Event sent to object      a10 position(0, 0, 19)
Position [subject=a10, id=null, cell=Cell [x=0, y=0], time=2015-04-23 09:08:06.358, clock=19]
object notification: Position [subject=a40, id=null, cell=Cell [x=3, y=4], time=2015-04-23 09:08:14.465, clock=2]
Event sent to object      a40 position(3, 3, 2)
Position [subject=a20, id=null, cell=Cell [x=0, y=4], time=2015-04-23 09:08:06.312, clock=19]
object notification: Position [subject=a10, id=null, cell=Cell [x=1, y=0], time=2015-04-23 09:08:14.37, clock=18]
Event sent to object      a10 position(1, 1, 18)
Position [subject=a10, id=null, cell=Cell [x=1, y=0], time=2015-04-23 09:08:14.37, clock=18]
object notification: Position [subject=a10, id=null, cell=Cell [x=0, y=0], time=2015-04-23 09:08:14.481, clock=2]
Event sent to object      a10 position(0, 0, 2)
object notification: Position [subject=a10, id=null, cell=Cell [x=0, y=0], time=2015-04-23 09:08:06.327, clock=19]
Event sent to object      a10 position(0, 0, 19)
object notification: Position [subject=a10, id=null, cell=Cell [x=1, y=0], time=2015-04-23 09:08:14.489, clock=2]
Event sent to object      a10 position(1, 1, 2)
Position [subject=a10, id=null, cell=Cell [x=0, y=0], time=2015-04-23 09:08:06.327, clock=19]
object notification: Position [subject=a10, id=null, cell=Cell [x=1, y=0], time=2015-04-23 09:08:14.489, clock=2]
Event sent to object      a10 position(1, 1, 2)
object notification: Position [subject=a10, id=null, cell=Cell [x=0, y=0], time=2015-04-23 09:08:14.5, clock=2]
Event sent to object      a10 position(0, 0, 2)
Position [subject=a10, id=null, cell=Cell [x=1, y=0], time=2015-04-23 09:08:14.489, clock=2]
object notification: Position [subject=a10, id=null, cell=Cell [x=0, y=0], time=2015-04-23 09:06:56.291, clock=12]
Event sent to object      a10 position(0, 0, 12)
object notification: Position [subject=a10, id=null, cell=Cell [x=1, y=0], time=2015-04-23 09:08:14.51, clock=2]
Event sent to object      a10 position(1, 1, 2)
Position [subject=a10, id=null, cell=Cell [x=0, y=0], time=2015-04-23 09:06:56.291, clock=12]
object notification: Position [subject=a40, id=null, cell=Cell [x=4, y=4], time=2015-04-23 09:08:06.324, clock=19]
Event sent to object      a40 position(4, 4, 19)
Position [subject=a40, id=null, cell=Cell [x=4, y=4], time=2015-04-23 09:08:06.324, clock=19]
object notification: Position [subject=a10, id=null, cell=Cell [x=1, y=0], time=2015-04-23 09:05:56.28, clock=6]
Event sent to object      a10 position(1, 1, 6)
object notification: Position [subject=a40, id=null, cell=Cell [x=4, y=4], time=2015-04-23 09:08:14.521, clock=2]
Event sent to object      a40 position(4, 4, 2)
Position [subject=a10, id=null, cell=Cell [x=1, y=0], time=2015-04-23 09:05:56.28, clock=6]
object notification: Position [subject=a30, id=null, cell=Cell [x=4, y=0], time=2015-04-23 09:08:06.315, clock=19]
Event sent to object      a30 position(4, 4, 19)
Position [subject=a30, id=null, cell=Cell [x=4, y=0], time=2015-04-23 09:08:06.315, clock=19]
object notification: Position [subject=a10, id=null, cell=Cell [x=0, y=0], time=2015-04-23 09:05:36.291, clock=4]
Event sent to object      a10 position(0, 0, 4)
Position [subject=a10, id=null, cell=Cell [x=0, y=0], time=2015-04-23 09:05:36.291, clock=4]
object notification: Position [subject=a10, id=null, cell=Cell [x=0, y=0], time=2015-04-23 09:06:16.284, clock=8]
Event sent to object      a10 position(0, 0, 8)
Position [subject=a10, id=null, cell=Cell [x=0, y=0], time=2015-04-23 09:06:16.284, clock=8]
object notification: Position [subject=a40, id=null, cell=Cell [x=4, y=4], time=2015-04-23 09:08:14.521, clock=2]
Event sent to object      a40 position(4, 4, 2)
Position [subject=a40, id=null, cell=Cell [x=4, y=4], time=2015-04-23 09:08:14.521, clock=2]
object notification: Position [subject=a40, id=null, cell=Cell [x=3, y=4], time=2015-04-23 09:06:36.291, clock=10]
Event sent to object      a40 position(3, 3, 10)
Position [subject=a40, id=null, cell=Cell [x=3, y=4], time=2015-04-23 09:06:36.291, clock=10]
object notification: Position [subject=a10, id=null, cell=Cell [x=0, y=0], time=2015-04-23 09:08:14.5, clock=2]
Event sent to object      a10 position(0, 0, 2)
object notification: Position [subject=a40, id=null, cell=Cell [x=3, y=4], time=2015-04-23 09:08:14.553, clock=2]
Event sent to object      a40 position(3, 3, 2)
Position [subject=a10, id=null, cell=Cell [x=0, y=0], time=2015-04-23 09:08:14.5, clock=2]
object notification: Position [subject=a40, id=null, cell=Cell [x=3, y=4], time=2015-04-23 09:05:56.282, clock=6]
Event sent to object      a40 position(3, 3, 6)
Position [subject=a40, id=null, cell=Cell [x=3, y=4], time=2015-04-23 09:05:56.282, clock=6]
object notification: Position [subject=a10, id=null, cell=Cell [x=0, y=0], time=2015-04-23 09:08:14.481, clock=2]
Event sent to object      a10 position(0, 0, 2)
Position [subject=a10, id=null, cell=Cell [x=0, y=0], time=2015-04-23 09:08:14.481, clock=2]
object notification: Position [subject=a40, id=null, cell=Cell [x=3, y=4], time=2015-04-23 09:08:14.465, clock=2]
Event sent to object      a40 position(3, 3, 2)
Position [subject=a40, id=null, cell=Cell [x=3, y=4], time=2015-04-23 09:08:14.465, clock=2]
object notification: Position [subject=a10, id=null, cell=Cell [x=1, y=0], time=2015-04-23 09:08:14.51, clock=2]
Event sent to object      a10 position(1, 1, 2)
Position [subject=a10, id=null, cell=Cell [x=1, y=0], time=2015-04-23 09:08:14.51, clock=2]
Position [subject=a20, id=null, cell=Cell [x=0, y=4], time=2015-04-23 09:05:36.299, clock=4]
object notification: Position [subject=a10, id=null, cell=Cell [x=1, y=0], time=2015-04-23 09:07:16.296, clock=14]
Event sent to object      a10 position(1, 1, 14)
Position [subject=a10, id=null, cell=Cell [x=1, y=0], time=2015-04-23 09:07:16.296, clock=14]
object notification: Position [subject=a40, id=null, cell=Cell [x=4, y=4], time=2015-04-23 09:06:16.287, clock=8]
Event sent to object      a40 position(4, 4, 8)
Position [subject=a40, id=null, cell=Cell [x=4, y=4], time=2015-04-23 09:06:16.287, clock=8]
object notification: Position [subject=a40, id=null, cell=Cell [x=3, y=4], time=2015-04-23 09:08:14.553, clock=2]
Event sent to object      a40 position(3, 3, 2)
Position [subject=a40, id=null, cell=Cell [x=3, y=4], time=2015-04-23 09:08:14.553, clock=2]
object notification: Position [subject=a40, id=null, cell=Cell [x=4, y=4], time=2015-04-23 09:08:14.594, clock=2]
Event sent to object      a40 position(4, 4, 2)
object notification: Position [subject=a40, id=null, cell=Cell [x=4, y=4], time=2015-04-23 09:08:14.594, clock=2]
Event sent to object      a40 position(4, 4, 2)
Position [subject=a40, id=null, cell=Cell [x=4, y=4], time=2015-04-23 09:08:14.594, clock=2]
object notification: Position [subject=a40, id=null, cell=Cell [x=3, y=4], time=2015-04-23 09:08:14.601, clock=2]
Event sent to object      a40 position(3, 3, 2)
object notification: Position [subject=a40, id=null, cell=Cell [x=3, y=4], time=2015-04-23 09:08:14.601, clock=2]
Event sent to object      a40 position(3, 3, 2)
Position [subject=a40, id=null, cell=Cell [x=3, y=4], time=2015-04-23 09:08:14.601, clock=2]
object notification: Position [subject=a30, id=null, cell=Cell [x=4, y=1], time=2015-04-23 09:05:56.287, clock=6]
Event sent to object      a30 position(4, 4, 6)
Position [subject=a30, id=null, cell=Cell [x=4, y=1], time=2015-04-23 09:05:56.287, clock=6]
-------------------------last log tuples end----------------------------------
object notification: Position [subject=a30, id=null, cell=Cell [x=4, y=1], time=2015-04-23 09:08:14.616, clock=2]
Event sent to object      a30 position(4, 4, 2)
[CTAH] started agent 10
[CTAH] Added a new agent to the game by the name of 10.
[ENV] added agent a10
[CTAH] started agent 30
[CTAH] Added a new agent to the game by the name of 30.
[ENV] added agent a30
[CTAH] started agent 40
[CTAH] Added a new agent to the game by the name of 40.
[ENV] added agent a40
object notification: Time [clock=20, time=null]
Event sent to object      a40 clock(20)
object notification: Time [clock=20, time=null]
Event sent to object      a30 clock(20)
object notification: Time [clock=20, time=null]
Event sent to object      a10 clock(20)
org notification: Time [clock=20, time=null]
org notified sent time(20).
Organization notifies object (write): Prohibition [subject=a10, prohibition=[color(red, a10)], sanction=[reduce(a10, 300)], clock=0, time=2015-04-23 09:08:16.318]
object notification: Time [clock=20, time=null]
Event sent to object      a40 clock(20)
Organization notifies object (write): Prohibition [subject=a20, prohibition=[color(blue, a20)], sanction=[reduce(a20, 300)], clock=0, time=2015-04-23 09:08:16.324]
object notification: Time [clock=20, time=null]
object notification: Time [clock=20, time=null]
Event sent to object      a10 clock(20)
Organization notifies object (write): Prohibition [subject=a30, prohibition=[color(green, a30)], sanction=[reduce(a30, 300)], clock=0, time=2015-04-23 09:08:16.328]
Event sent to object      a30 clock(20)
object notification: Prohibition [subject=a10, prohibition=[color(red, a10)], sanction=[reduce(a10, 300)], clock=0, time=2015-04-23 09:08:16.318]
Event sent to object      a10 prohibition([color(red, a10)], [reduce(a10, 300)])
Organization notifies object (write): Prohibition [subject=a40, prohibition=[color(yellow, a40)], sanction=[reduce(a40, 300)], clock=0, time=2015-04-23 09:08:16.33]
object notification: Prohibition [subject=a10, prohibition=[color(red, a10)], sanction=[reduce(a10, 300)], clock=0, time=2015-04-23 09:08:16.318]
Event sent to object      a10 prohibition([color(red, a10)], [reduce(a10, 300)])
object notification: Prohibition [subject=a30, prohibition=[color(green, a30)], sanction=[reduce(a30, 300)], clock=0, time=2015-04-23 09:08:16.328]
Event sent to object      a30 prohibition([color(green, a30)], [reduce(a30, 300)])
Organization notifies object (write): Prohibition [subject=a10, prohibition=[at(15, 15, a10, _)], sanction=[reduce(a10, 300)], clock=0, time=2015-04-23 09:08:16.336]
object notification: Prohibition [subject=a10, prohibition=[at(15, 15, a10, _)], sanction=[reduce(a10, 300)], clock=0, time=2015-04-23 09:08:16.336]
Event sent to object      a10 prohibition([at(15, 15, a10, _)], [reduce(a10, 300)])
object notification: Prohibition [subject=a40, prohibition=[color(yellow, a40)], sanction=[reduce(a40, 300)], clock=0, time=2015-04-23 09:08:16.33]
object notification: Prohibition [subject=a10, prohibition=[at(15, 15, a10, _)], sanction=[reduce(a10, 300)], clock=0, time=2015-04-23 09:08:16.336]
Event sent to object      a40 prohibition([color(yellow, a40)], [reduce(a40, 300)])
Event sent to object      a10 prohibition([at(15, 15, a10, _)], [reduce(a10, 300)])
Organization notifies object (write): Prohibition [subject=a10, prohibition=[at(15, 16, a10, _)], sanction=[reduce(a10, 300)], clock=0, time=2015-04-23 09:08:16.343]
object notification: Prohibition [subject=a30, prohibition=[color(green, a30)], sanction=[reduce(a30, 300)], clock=0, time=2015-04-23 09:08:16.328]
Event sent to object      a30 prohibition([color(green, a30)], [reduce(a30, 300)])
object notification: Prohibition [subject=a40, prohibition=[color(yellow, a40)], sanction=[reduce(a40, 300)], clock=0, time=2015-04-23 09:08:16.33]
Event sent to object      a40 prohibition([color(yellow, a40)], [reduce(a40, 300)])
Organization notifies object (write): Prohibition [subject=a10, prohibition=[at(16, 15, a10, _)], sanction=[reduce(a10, 300)], clock=0, time=2015-04-23 09:08:16.347]
object notification: Prohibition [subject=a10, prohibition=[at(15, 16, a10, _)], sanction=[reduce(a10, 300)], clock=0, time=2015-04-23 09:08:16.343]
object notification: Prohibition [subject=a10, prohibition=[at(15, 16, a10, _)], sanction=[reduce(a10, 300)], clock=0, time=2015-04-23 09:08:16.343]
Event sent to object      a10 prohibition([at(15, 16, a10, _)], [reduce(a10, 300)])
Event sent to object      a10 prohibition([at(15, 16, a10, _)], [reduce(a10, 300)])
Organization notifies object (write): Prohibition [subject=a10, prohibition=[at(16, 16, a10, _)], sanction=[reduce(a10, 300)], clock=0, time=2015-04-23 09:08:16.349]
object notification: Prohibition [subject=a10, prohibition=[at(16, 15, a10, _)], sanction=[reduce(a10, 300)], clock=0, time=2015-04-23 09:08:16.347]
object notification: Prohibition [subject=a10, prohibition=[at(16, 15, a10, _)], sanction=[reduce(a10, 300)], clock=0, time=2015-04-23 09:08:16.347]
Event sent to object      a10 prohibition([at(16, 15, a10, _)], [reduce(a10, 300)])
Event sent to object      a10 prohibition([at(16, 15, a10, _)], [reduce(a10, 300)])
Organization notifies object (write): Prohibition [subject=a20, prohibition=[at(15, 15, a20, _)], sanction=[reduce(a20, 300)], clock=0, time=2015-04-23 09:08:16.351]
object notification: Prohibition [subject=a10, prohibition=[at(16, 16, a10, _)], sanction=[reduce(a10, 300)], clock=0, time=2015-04-23 09:08:16.349]
object notification: Prohibition [subject=a10, prohibition=[at(16, 16, a10, _)], sanction=[reduce(a10, 300)], clock=0, time=2015-04-23 09:08:16.349]
Event sent to object      a10 prohibition([at(16, 16, a10, _)], [reduce(a10, 300)])
Event sent to object      a10 prohibition([at(16, 16, a10, _)], [reduce(a10, 300)])
Organization notifies object (write): Prohibition [subject=a20, prohibition=[at(15, 16, a20, _)], sanction=[reduce(a20, 300)], clock=0, time=2015-04-23 09:08:16.356]
Organization notifies object (write): Prohibition [subject=a20, prohibition=[at(16, 15, a20, _)], sanction=[reduce(a20, 300)], clock=0, time=2015-04-23 09:08:16.358]
Organization notifies object (write): Prohibition [subject=a20, prohibition=[at(16, 16, a20, _)], sanction=[reduce(a20, 300)], clock=0, time=2015-04-23 09:08:16.359]
Organization notifies object (write): Prohibition [subject=a30, prohibition=[at(15, 15, a30, _)], sanction=[reduce(a30, 300)], clock=0, time=2015-04-23 09:08:16.36]
Organization notifies object (write): Prohibition [subject=a30, prohibition=[at(15, 16, a30, _)], sanction=[reduce(a30, 300)], clock=0, time=2015-04-23 09:08:16.362]
object notification: Prohibition [subject=a30, prohibition=[at(15, 15, a30, _)], sanction=[reduce(a30, 300)], clock=0, time=2015-04-23 09:08:16.36]
object notification: Prohibition [subject=a30, prohibition=[at(15, 15, a30, _)], sanction=[reduce(a30, 300)], clock=0, time=2015-04-23 09:08:16.36]
Event sent to object      a30 prohibition([at(15, 15, a30, _)], [reduce(a30, 300)])
Event sent to object      a30 prohibition([at(15, 15, a30, _)], [reduce(a30, 300)])
Organization notifies object (write): Prohibition [subject=a30, prohibition=[at(16, 15, a30, _)], sanction=[reduce(a30, 300)], clock=0, time=2015-04-23 09:08:16.364]
object notification: Prohibition [subject=a30, prohibition=[at(15, 16, a30, _)], sanction=[reduce(a30, 300)], clock=0, time=2015-04-23 09:08:16.362]
object notification: Prohibition [subject=a30, prohibition=[at(15, 16, a30, _)], sanction=[reduce(a30, 300)], clock=0, time=2015-04-23 09:08:16.362]
Event sent to object      a30 prohibition([at(15, 16, a30, _)], [reduce(a30, 300)])
Event sent to object      a30 prohibition([at(15, 16, a30, _)], [reduce(a30, 300)])
Organization notifies object (write): Prohibition [subject=a30, prohibition=[at(16, 16, a30, _)], sanction=[reduce(a30, 300)], clock=0, time=2015-04-23 09:08:16.367]
object notification: Prohibition [subject=a30, prohibition=[at(16, 15, a30, _)], sanction=[reduce(a30, 300)], clock=0, time=2015-04-23 09:08:16.364]
object notification: Prohibition [subject=a30, prohibition=[at(16, 15, a30, _)], sanction=[reduce(a30, 300)], clock=0, time=2015-04-23 09:08:16.364]
Event sent to object      a30 prohibition([at(16, 15, a30, _)], [reduce(a30, 300)])
Event sent to object      a30 prohibition([at(16, 15, a30, _)], [reduce(a30, 300)])
Organization notifies object (write): Prohibition [subject=a40, prohibition=[at(15, 15, a40, _)], sanction=[reduce(a40, 300)], clock=0, time=2015-04-23 09:08:16.369]
object notification: Prohibition [subject=a30, prohibition=[at(16, 16, a30, _)], sanction=[reduce(a30, 300)], clock=0, time=2015-04-23 09:08:16.367]
Event sent to object      a30 prohibition([at(16, 16, a30, _)], [reduce(a30, 300)])
object notification: Prohibition [subject=a30, prohibition=[at(16, 16, a30, _)], sanction=[reduce(a30, 300)], clock=0, time=2015-04-23 09:08:16.367]
Event sent to object      a30 prohibition([at(16, 16, a30, _)], [reduce(a30, 300)])
Organization notifies object (write): Prohibition [subject=a40, prohibition=[at(15, 16, a40, _)], sanction=[reduce(a40, 300)], clock=0, time=2015-04-23 09:08:16.371]
object notification: Prohibition [subject=a40, prohibition=[at(15, 15, a40, _)], sanction=[reduce(a40, 300)], clock=0, time=2015-04-23 09:08:16.369]
object notification: Prohibition [subject=a40, prohibition=[at(15, 15, a40, _)], sanction=[reduce(a40, 300)], clock=0, time=2015-04-23 09:08:16.369]
Event sent to object      a40 prohibition([at(15, 15, a40, _)], [reduce(a40, 300)])
Event sent to object      a40 prohibition([at(15, 15, a40, _)], [reduce(a40, 300)])
Organization notifies object (write): Prohibition [subject=a40, prohibition=[at(16, 15, a40, _)], sanction=[reduce(a40, 300)], clock=0, time=2015-04-23 09:08:16.374]
object notification: Prohibition [subject=a40, prohibition=[at(15, 16, a40, _)], sanction=[reduce(a40, 300)], clock=0, time=2015-04-23 09:08:16.371]
object notification: Prohibition [subject=a40, prohibition=[at(15, 16, a40, _)], sanction=[reduce(a40, 300)], clock=0, time=2015-04-23 09:08:16.371]
Event sent to object      a40 prohibition([at(15, 16, a40, _)], [reduce(a40, 300)])
Event sent to object      a40 prohibition([at(15, 16, a40, _)], [reduce(a40, 300)])
Organization notifies object (write): Prohibition [subject=a40, prohibition=[at(16, 16, a40, _)], sanction=[reduce(a40, 300)], clock=0, time=2015-04-23 09:08:16.376]
object notification: Prohibition [subject=a40, prohibition=[at(16, 15, a40, _)], sanction=[reduce(a40, 300)], clock=0, time=2015-04-23 09:08:16.374]
object notification: Prohibition [subject=a40, prohibition=[at(16, 15, a40, _)], sanction=[reduce(a40, 300)], clock=0, time=2015-04-23 09:08:16.374]
Event sent to object      a40 prohibition([at(16, 15, a40, _)], [reduce(a40, 300)])
Event sent to object      a40 prohibition([at(16, 15, a40, _)], [reduce(a40, 300)])
Organization notifies object (write): Prohibition [subject=ra1, prohibition=[at(15, 15, ra1, _)], sanction=[reduce(ra1, 300)], clock=0, time=2015-04-23 09:08:16.379]
object notification: Prohibition [subject=a40, prohibition=[at(16, 16, a40, _)], sanction=[reduce(a40, 300)], clock=0, time=2015-04-23 09:08:16.376]
Event sent to object      a40 prohibition([at(16, 16, a40, _)], [reduce(a40, 300)])
object notification: Prohibition [subject=a40, prohibition=[at(16, 16, a40, _)], sanction=[reduce(a40, 300)], clock=0, time=2015-04-23 09:08:16.376]
Event sent to object      a40 prohibition([at(16, 16, a40, _)], [reduce(a40, 300)])
Organization notifies object (write): Prohibition [subject=ra1, prohibition=[at(15, 16, ra1, _)], sanction=[reduce(ra1, 300)], clock=0, time=2015-04-23 09:08:16.381]
Organization notifies object (write): Prohibition [subject=ra1, prohibition=[at(16, 15, ra1, _)], sanction=[reduce(ra1, 300)], clock=0, time=2015-04-23 09:08:16.382]
Organization notifies object (write): Prohibition [subject=ra1, prohibition=[at(16, 16, ra1, _)], sanction=[reduce(ra1, 300)], clock=0, time=2015-04-23 09:08:16.383]
Event processed UpdateClock(20)
Event processed adoptProhibition(color(green, a30), reduce(a30, 300))
Event processed adoptProhibition(at(15, 15, a30, _), reduce(a30, 300))
Event processed UpdateClock(20)
Event processed adoptProhibition(color(red, a10), reduce(a10, 300))
Event processed adoptProhibition(at(15, 16, a30, _), reduce(a30, 300))
Event processed adoptProhibition(at(15, 15, a10, _), reduce(a10, 300))
Event processed adoptProhibition(at(16, 15, a30, _), reduce(a30, 300))
Event processed adoptProhibition(at(15, 16, a10, _), reduce(a10, 300))
Event processed adoptProhibition(at(16, 16, a30, _), reduce(a30, 300))
Event processed adoptProhibition(at(16, 15, a10, _), reduce(a10, 300))
Event processed adoptProhibition(at(16, 16, a10, _), reduce(a10, 300))
Event processed UpdateClock(20)
Event processed adoptProhibition(color(yellow, a40), reduce(a40, 300))
Event processed adoptProhibition(at(15, 15, a40, _), reduce(a40, 300))
Event processed adoptProhibition(at(15, 16, a40, _), reduce(a40, 300))
Event processed adoptProhibition(at(16, 15, a40, _), reduce(a40, 300))
Event processed adoptProhibition(at(16, 16, a40, _), reduce(a40, 300))
setPhases in ClientGameStatus, the current phase is Movement Phase
setPhases in ClientGameStatus, the current phase is Movement Phase
setPhases in ClientGameStatus, the current phase is Movement Phase
object notification: Time [clock=1, time=null]
Event sent to object      a40 clock(1)
object notification: Time [clock=1, time=null]
Event sent to object      a40 clock(1)
org notification: Time [clock=1, time=null]
org notified sent time(1).
object notification: Time [clock=1, time=null]
Event sent to object      a10 clock(1)
object notification: Time [clock=1, time=null]
object notification: Time [clock=1, time=null]
Event sent to object      a10 clock(1)
Event sent to object      a30 clock(1)
object notification: Time [clock=1, time=null]
Event sent to object      a30 clock(1)
Event processed UpdateClock(1)
Event processed UpdateClock(1)
Event processed UpdateClock(1)
object notification: Time [clock=21, time=null]
Event sent to object      a40 clock(21)
org notification: Time [clock=21, time=null]
org notified sent time(21).
object notification: Time [clock=21, time=null]
Event sent to object      a30 clock(21)
object notification: Time [clock=21, time=null]
Event sent to object      a30 clock(21)
object notification: Time [clock=21, time=null]
object notification: Time [clock=21, time=null]
Event sent to object      a10 clock(21)
object notification: Time [clock=21, time=null]
Event sent to object      a40 clock(21)
Event sent to object      a10 clock(21)
Event processed UpdateClock(21)
Event processed UpdateClock(21)
Event processed UpdateClock(21)
object notification: Time [clock=2, time=null]
object notification: Time [clock=2, time=null]
Event sent to object      a40 clock(2)
Event sent to object      a40 clock(2)
object notification: Time [clock=2, time=null]
Event sent to object      a30 clock(2)
object notification: Time [clock=2, time=null]
object notification: Time [clock=2, time=null]
Event sent to object      a30 clock(2)
Event sent to object      a10 clock(2)
object notification: Time [clock=2, time=null]
Event sent to object      a10 clock(2)
org notification: Time [clock=2, time=null]
org notified sent time(2).
Event processed UpdateClock(2)
Event processed UpdateClock(2)
Event processed UpdateClock(2)
object notification: Time [clock=22, time=null]
object notification: Time [clock=22, time=null]
object notification: Time [clock=22, time=null]
Event sent to object      a40 clock(22)
Event sent to object      a10 clock(22)
Event sent to object      a10 clock(22)
object notification: Time [clock=22, time=null]
Event sent to object      a40 clock(22)
object notification: Time [clock=22, time=null]
Event sent to object      a30 clock(22)
org notification: Time [clock=22, time=null]
org notified sent time(22).
object notification: Time [clock=22, time=null]
Event sent to object      a30 clock(22)
Event processed UpdateClock(22)
Event processed UpdateClock(22)
Event processed UpdateClock(22)
setPhases in ClientGameStatus, the current phase is Feedback Phase
setPhases in ClientGameStatus, the current phase is Feedback Phase
setPhases in ClientGameStatus, the current phase is Feedback Phase
setPhases in ClientGameStatus, the current phase is Communication Phase
setPhases in ClientGameStatus, the current phase is Communication Phase
setPhases in ClientGameStatus, the current phase is Communication Phase
org notification: Goal [id=null, cell=Cell [x=2, y=2], agent=null, time=2015-04-23 09:08:41.376, clock=22]
org notified sent goal(cell(2,2),null,22).
Organization notifies object (write): Obligation [subject=ra1, obligation=[surround(2, 2)], sanction=[reduce(g, 500)], deadline=32, time=2015-04-23 09:08:41.451, clock=2]
Organization notifies object (write): Obligation [subject=a10, obligation=[at(2, 1, a10)], sanction=[reduce(a10, 500)], deadline=32, time=2015-04-23 09:08:41.476, clock=2]
Organization notifies object (write): Obligation [subject=a20, obligation=[at(1, 2, a20)], sanction=[reduce(a20, 500)], deadline=32, time=2015-04-23 09:08:41.48, clock=2]
object notification: Obligation [subject=a10, obligation=[at(2, 1, a10)], sanction=[reduce(a10, 500)], deadline=32, time=2015-04-23 09:08:41.476, clock=2]
Event sent to object      a10 obligation([at(2, 1, a10)], 32, [reduce(a10, 500)])
Organization notifies object (write): Obligation [subject=a30, obligation=[at(3, 2, a30)], sanction=[reduce(a30, 500)], deadline=32, time=2015-04-23 09:08:41.483, clock=2]
Organization notifies object (write): Obligation [subject=a40, obligation=[at(2, 3, a40)], sanction=[reduce(a40, 500)], deadline=32, time=2015-04-23 09:08:41.486, clock=2]
object notification: Obligation [subject=a30, obligation=[at(3, 2, a30)], sanction=[reduce(a30, 500)], deadline=32, time=2015-04-23 09:08:41.483, clock=2]
Event sent to object      a30 obligation([at(3, 2, a30)], 32, [reduce(a30, 500)])
object notification: Obligation [subject=a40, obligation=[at(2, 3, a40)], sanction=[reduce(a40, 500)], deadline=32, time=2015-04-23 09:08:41.486, clock=2]
Event sent to object      a40 obligation([at(2, 3, a40)], 32, [reduce(a40, 500)])
org notification: Goal [id=null, cell=Cell [x=2, y=2], agent=null, time=2015-04-23 09:08:41.443, clock=22]
org notified sent goal(cell(2,2),null,22).
object notification: Obligation [subject=a10, obligation=[at(2, 1, a10)], sanction=[reduce(a10, 500)], deadline=32, time=2015-04-23 09:08:41.476, clock=2]
object notification: Obligation [subject=a30, obligation=[at(3, 2, a30)], sanction=[reduce(a30, 500)], deadline=32, time=2015-04-23 09:08:41.483, clock=2]
object notification: Obligation [subject=a40, obligation=[at(2, 3, a40)], sanction=[reduce(a40, 500)], deadline=32, time=2015-04-23 09:08:41.486, clock=2]
Event sent to object      a30 obligation([at(3, 2, a30)], 32, [reduce(a30, 500)])
Event sent to object      a10 obligation([at(2, 1, a10)], 32, [reduce(a10, 500)])
Event sent to object      a40 obligation([at(2, 3, a40)], 32, [reduce(a40, 500)])
Event processed adoptObligation(at(2, 3, a40), 32, reduce(a40, 500))
Event processed adoptObligation(at(3, 2, a30), 32, reduce(a30, 500))
Event processed adoptObligation(at(2, 1, a10), 32, reduce(a10, 500))
object notification: Time [clock=3, time=null]
object notification: Time [clock=3, time=null]
Event sent to object      a40 clock(3)
object notification: Time [clock=3, time=null]
object notification: Time [clock=3, time=null]
Event sent to object      a10 clock(3)
Event sent to object      a40 clock(3)
org notification: Time [clock=3, time=null]
org notified sent time(3).
object notification: Time [clock=3, time=null]
Event sent to object      a30 clock(3)
Event sent to object      a30 clock(3)
object notification: Time [clock=3, time=null]
Event sent to object      a10 clock(3)
Event processed UpdateClock(3)
Event processed UpdateClock(3)
Event processed UpdateClock(3)
object notification: Time [clock=23, time=null]
object notification: Time [clock=23, time=null]
Event sent to object      a40 clock(23)
object notification: Time [clock=23, time=null]
org notification: Time [clock=23, time=null]
org notified sent time(23).
Event sent to object      a10 clock(23)
Event sent to object      a30 clock(23)
object notification: Time [clock=23, time=null]
Event sent to object      a40 clock(23)
object notification: Time [clock=23, time=null]
object notification: Time [clock=23, time=null]
Event sent to object      a30 clock(23)
Event sent to object      a10 clock(23)
Event processed UpdateClock(23)
Event processed UpdateClock(23)
Event processed UpdateClock(23)
object notification: Time [clock=4, time=null]
object notification: Time [clock=4, time=null]
object notification: Time [clock=4, time=null]
Event sent to object      a30 clock(4)
Event sent to object      a40 clock(4)
object notification: Time [clock=4, time=null]
Event sent to object      a30 clock(4)
object notification: Time [clock=4, time=null]
Event sent to object      a40 clock(4)
Event sent to object      a10 clock(4)
object notification: Time [clock=4, time=null]
org notification: Time [clock=4, time=null]
org notified sent time(4).
Event sent to object      a10 clock(4)
Event processed UpdateClock(4)
Event processed UpdateClock(4)
Event processed UpdateClock(4)
object notification: Time [clock=24, time=null]
Event sent to object      a40 clock(24)
object notification: Time [clock=24, time=null]
Event sent to object      a40 clock(24)
object notification: Time [clock=24, time=null]
Event sent to object      a10 clock(24)
org notification: Time [clock=24, time=null]
object notification: Time [clock=24, time=null]
object notification: Time [clock=24, time=null]
Event sent to object      a30 clock(24)
org notified sent time(24).
object notification: Time [clock=24, time=null]
Event sent to object      a30 clock(24)
Event sent to object      a10 clock(24)
Event processed UpdateClock(24)
Event processed UpdateClock(24)
Event processed UpdateClock(24)
setPhases in ClientGameStatus, the current phase is Movement Phase
setPhases in ClientGameStatus, the current phase is Movement Phase
setPhases in ClientGameStatus, the current phase is Movement Phase
object notification: Time [clock=5, time=null]
Event sent to object      a30 clock(5)
object notification: Time [clock=5, time=null]
Event sent to object      a30 clock(5)
object notification: Time [clock=5, time=null]
object notification: Time [clock=5, time=null]
Event sent to object      a10 clock(5)
Event sent to object      a40 clock(5)
object notification: Time [clock=5, time=null]
org notification: Time [clock=5, time=null]
Event sent to object      a10 clock(5)
object notification: Time [clock=5, time=null]
org notified sent time(5).
Event sent to object      a40 clock(5)
Event processed UpdateClock(5)
Event processed UpdateClock(5)
Event processed UpdateClock(5)
object notification: Time [clock=25, time=null]
Event sent to object      a40 clock(25)
object notification: Time [clock=25, time=null]
object notification: Time [clock=25, time=null]
Event sent to object      a30 clock(25)
Event sent to object      a30 clock(25)
object notification: Time [clock=25, time=null]
Event sent to object      a40 clock(25)
object notification: Time [clock=25, time=null]
Event sent to object      a10 clock(25)
org notification: Time [clock=25, time=null]
org notified sent time(25).
object notification: Time [clock=25, time=null]
Event sent to object      a10 clock(25)
Event processed UpdateClock(25)
Event processed UpdateClock(25)
Event processed UpdateClock(25)
object notification: Time [clock=6, time=null]
Event sent to object      a30 clock(6)
org notification: Time [clock=6, time=null]
org notified sent time(6).
object notification: Time [clock=6, time=null]
Event sent to object      a40 clock(6)
object notification: Time [clock=6, time=null]
object notification: Time [clock=6, time=null]
Event sent to object      a10 clock(6)
Event sent to object      a40 clock(6)
object notification: Time [clock=6, time=null]
Event sent to object      a10 clock(6)
object notification: Time [clock=6, time=null]
Event sent to object      a30 clock(6)
Event processed UpdateClock(6)
Event processed UpdateClock(6)
Event processed UpdateClock(6)
object notification: Time [clock=26, time=null]
object notification: Time [clock=26, time=null]
object notification: Time [clock=26, time=null]
object notification: Time [clock=26, time=null]
Event sent to object      a30 clock(26)
Event sent to object      a40 clock(26)
object notification: Time [clock=26, time=null]
org notification: Time [clock=26, time=null]
org notified sent time(26).
Event sent to object      a10 clock(26)
object notification: Time [clock=26, time=null]
Event sent to object      a40 clock(26)
Event sent to object      a30 clock(26)
Event sent to object      a10 clock(26)
Event processed UpdateClock(26)
Event processed UpdateClock(26)
Event processed UpdateClock(26)
setPhases in ClientGameStatus, the current phase is Feedback Phase
setPhases in ClientGameStatus, the current phase is Feedback Phase
setPhases in ClientGameStatus, the current phase is Feedback Phase
setPhases in ClientGameStatus, the current phase is Communication Phase
setPhases in ClientGameStatus, the current phase is Communication Phase
setPhases in ClientGameStatus, the current phase is Communication Phase
org notification: Goal [id=null, cell=Cell [x=2, y=2], agent=null, time=2015-04-23 09:09:22.409, clock=26]
org notified sent goal(cell(2,2),null,26).
Organization notifies object (write): Obligation [subject=ra1, obligation=[surround(2, 2)], sanction=[reduce(g, 500)], deadline=36, time=2015-04-23 09:09:22.621, clock=6]
Organization notifies object (write): Obligation [subject=a10, obligation=[at(2, 1, a10)], sanction=[reduce(a10, 500)], deadline=36, time=2015-04-23 09:09:22.643, clock=6]
Organization notifies object (write): Obligation [subject=a20, obligation=[at(1, 2, a20)], sanction=[reduce(a20, 500)], deadline=36, time=2015-04-23 09:09:22.645, clock=6]
object notification: Obligation [subject=a10, obligation=[at(2, 1, a10)], sanction=[reduce(a10, 500)], deadline=36, time=2015-04-23 09:09:22.643, clock=6]
object notification: Obligation [subject=a10, obligation=[at(2, 1, a10)], sanction=[reduce(a10, 500)], deadline=36, time=2015-04-23 09:09:22.643, clock=6]
Event sent to object      a10 obligation([at(2, 1, a10)], 36, [reduce(a10, 500)])
Event sent to object      a10 obligation([at(2, 1, a10)], 36, [reduce(a10, 500)])
Organization notifies object (write): Obligation [subject=a30, obligation=[at(3, 2, a30)], sanction=[reduce(a30, 500)], deadline=36, time=2015-04-23 09:09:22.648, clock=6]
Organization notifies object (write): Obligation [subject=a40, obligation=[at(2, 3, a40)], sanction=[reduce(a40, 500)], deadline=36, time=2015-04-23 09:09:22.65, clock=6]
object notification: Obligation [subject=a30, obligation=[at(3, 2, a30)], sanction=[reduce(a30, 500)], deadline=36, time=2015-04-23 09:09:22.648, clock=6]
object notification: Obligation [subject=a30, obligation=[at(3, 2, a30)], sanction=[reduce(a30, 500)], deadline=36, time=2015-04-23 09:09:22.648, clock=6]
Event sent to object      a30 obligation([at(3, 2, a30)], 36, [reduce(a30, 500)])
Event sent to object      a30 obligation([at(3, 2, a30)], 36, [reduce(a30, 500)])
object notification: Obligation [subject=a40, obligation=[at(2, 3, a40)], sanction=[reduce(a40, 500)], deadline=36, time=2015-04-23 09:09:22.65, clock=6]
object notification: Obligation [subject=a40, obligation=[at(2, 3, a40)], sanction=[reduce(a40, 500)], deadline=36, time=2015-04-23 09:09:22.65, clock=6]
Event sent to object      a40 obligation([at(2, 3, a40)], 36, [reduce(a40, 500)])
Event sent to object      a40 obligation([at(2, 3, a40)], 36, [reduce(a40, 500)])
org notification: Goal [id=null, cell=Cell [x=2, y=2], agent=null, time=2015-04-23 09:09:22.452, clock=26]
org notified sent goal(cell(2,2),null,26).
Event processed adoptObligation(at(2, 3, a40), 36, reduce(a40, 500))
Event processed adoptObligation(at(2, 1, a10), 36, reduce(a10, 500))
Event processed adoptObligation(at(3, 2, a30), 36, reduce(a30, 500))
object notification: Time [clock=7, time=null]
Event sent to object      a30 clock(7)
object notification: Time [clock=7, time=null]
Event sent to object      a30 clock(7)
object notification: Time [clock=7, time=null]
Event sent to object      a40 clock(7)
object notification: Time [clock=7, time=null]
Event sent to object      a40 clock(7)
org notification: Time [clock=7, time=null]
org notified sent time(7).
object notification: Time [clock=7, time=null]
Event sent to object      a10 clock(7)
object notification: Time [clock=7, time=null]
Event sent to object      a10 clock(7)
Event processed UpdateClock(7)
Event processed UpdateClock(7)
Event processed UpdateClock(7)
object notification: Time [clock=27, time=null]
object notification: Time [clock=27, time=null]
Event sent to object      a30 clock(27)
Event sent to object      a10 clock(27)
org notification: Time [clock=27, time=null]
object notification: Time [clock=27, time=null]
object notification: Time [clock=27, time=null]
org notified sent time(27).
object notification: Time [clock=27, time=null]
object notification: Time [clock=27, time=null]
Event sent to object      a40 clock(27)
Event sent to object      a40 clock(27)
Event sent to object      a30 clock(27)
Event sent to object      a10 clock(27)
Event processed UpdateClock(27)
Event processed UpdateClock(27)
Event processed UpdateClock(27)
object notification: Time [clock=8, time=null]
object notification: Time [clock=8, time=null]
object notification: Time [clock=8, time=null]
Event sent to object      a30 clock(8)
Event sent to object      a10 clock(8)
org notification: Time [clock=8, time=null]
object notification: Time [clock=8, time=null]
object notification: Time [clock=8, time=null]
org notified sent time(8).
object notification: Time [clock=8, time=null]
Event sent to object      a30 clock(8)
Event sent to object      a10 clock(8)
Event sent to object      a40 clock(8)
Event sent to object      a40 clock(8)
Event processed UpdateClock(8)
object notification: Time [clock=28, time=null]
Event sent to object      a40 clock(28)
object notification: Time [clock=28, time=null]
object notification: Time [clock=28, time=null]
Event sent to object      a30 clock(28)
Event sent to object      a30 clock(28)
object notification: Time [clock=28, time=null]
org notification: Time [clock=28, time=null]
org notified sent time(28).
object notification: Time [clock=28, time=null]
Event sent to object      a10 clock(28)
object notification: Time [clock=28, time=null]
Event sent to object      a40 clock(28)
Event sent to object      a10 clock(28)
Event processed UpdateClock(8)
Event processed UpdateClock(28)
Event processed UpdateClock(8)
Event processed UpdateClock(28)
Event processed UpdateClock(28)
setPhases in ClientGameStatus, the current phase is Movement Phase
setPhases in ClientGameStatus, the current phase is Movement Phase
setPhases in ClientGameStatus, the current phase is Movement Phase
object notification: Time [clock=9, time=null]
Event sent to object      a40 clock(9)
object notification: Time [clock=9, time=null]
Event sent to object      a40 clock(9)
object notification: Time [clock=9, time=null]
Event sent to object      a30 clock(9)
org notification: Time [clock=9, time=null]
org notified sent time(9).
object notification: Time [clock=9, time=null]
Event sent to object      a30 clock(9)
object notification: Time [clock=9, time=null]
object notification: Time [clock=9, time=null]
Event sent to object      a10 clock(9)
Event sent to object      a10 clock(9)
Event processed UpdateClock(9)
Event processed UpdateClock(9)
Event processed UpdateClock(9)
object notification: Time [clock=29, time=null]
Event sent to object      a40 clock(29)
org notification: Time [clock=29, time=null]
org notified sent time(29).
object notification: Time [clock=29, time=null]
Event sent to object      a30 clock(29)
object notification: Time [clock=29, time=null]
Event sent to object      a30 clock(29)
object notification: Time [clock=29, time=null]
Event sent to object      a10 clock(29)
object notification: Time [clock=29, time=null]
Event sent to object      a10 clock(29)
object notification: Time [clock=29, time=null]
Event sent to object      a40 clock(29)
Event processed UpdateClock(29)
Event processed UpdateClock(29)
Event processed UpdateClock(29)
object notification: Time [clock=10, time=null]
object notification: Time [clock=10, time=null]
object notification: Time [clock=10, time=null]
org notification: Time [clock=10, time=null]
org notified sent time(10).
object notification: Time [clock=10, time=null]
object notification: Time [clock=10, time=null]
Event sent to object      a10 clock(10)
Event sent to object      a30 clock(10)
Event sent to object      a30 clock(10)
Event sent to object      a40 clock(10)
object notification: Time [clock=10, time=null]
Event sent to object      a40 clock(10)
Event sent to object      a10 clock(10)
Event processed UpdateClock(10)
object notification: Time [clock=30, time=null]
object notification: Time [clock=30, time=null]
Event sent to object      a30 clock(30)
object notification: Time [clock=30, time=null]
org notification: Time [clock=30, time=null]
org notified sent time(30).
Event sent to object      a30 clock(30)
object notification: Time [clock=30, time=null]
Event sent to object      a10 clock(30)
Event sent to object      a10 clock(30)
object notification: Time [clock=30, time=null]
object notification: Time [clock=30, time=null]
Event sent to object      a40 clock(30)
Event sent to object      a40 clock(30)
Event processed UpdateClock(10)
Event processed UpdateClock(30)
Event processed UpdateClock(10)
Event processed UpdateClock(30)
Event processed UpdateClock(30)
setPhases in ClientGameStatus, the current phase is Feedback Phase
setPhases in ClientGameStatus, the current phase is Feedback Phase
setPhases in ClientGameStatus, the current phase is Feedback Phase
(((((((((((((((((Game ended)))))))))))
Game ended 
My PlayerStatus is: Game Player...
PerGameId: 2.
PIN: 30.
Pos: (R:4,C:0).
Chips: { chips  'orange':1 'red':1 'purple':3 'green':7 }.
Score: 20.
Team: -1.

(((((((((((((((((Game ended)))))))))))
Game ended 
My PlayerStatus is: Game Player...
PerGameId: 3.
PIN: 40.
Pos: (R:4,C:4).
Chips: { chips  'orange':2 'red':3 'purple':1 'green':7 }.
Score: 25.
Team: -1.

(((((((((((((((((Game ended)))))))))))
Game ended 
My PlayerStatus is: Game Player...
PerGameId: 2.
PIN: 30.
Pos: (R:4,C:0).
Chips: { chips  'orange':1 'red':1 'purple':3 'green':7 }.
Score: 20.
Team: -1.

(((((((((((((((((Game ended)))))))))))
Game ended 
My PlayerStatus is: Game Player...
PerGameId: 0.
PIN: 10.
Pos: (R:0,C:0).
Chips: { chips  'orange':4 'red':4 'purple':4 'green':7 }.
Score: 55.
Team: -1.

(((((((((((((((((Game ended)))))))))))
Game ended 
My PlayerStatus is: Game Player...
PerGameId: 3.
PIN: 40.
Pos: (R:4,C:4).
Chips: { chips  'orange':2 'red':3 'purple':1 'green':7 }.
Score: 25.
Team: -1.

(((((((((((((((((Game ended)))))))))))
Game ended 
My PlayerStatus is: Game Player...
PerGameId: 0.
PIN: 10.
Pos: (R:0,C:0).
Chips: { chips  'orange':4 'red':4 'purple':4 'green':7 }.
Score: 55.
Team: -1.

object notification: Time [clock=11, time=null]
Event sent to object      a40 clock(11)
object notification: Time [clock=11, time=null]
Event sent to object      a40 clock(11)
org notification: Time [clock=11, time=null]
org notified sent time(11).
object notification: Time [clock=11, time=null]
Event sent to object      a30 clock(11)
object notification: Time [clock=11, time=null]
Event sent to object      a30 clock(11)
object notification: Time [clock=11, time=null]
Event sent to object      a10 clock(11)
object notification: Time [clock=11, time=null]
Event sent to object      a10 clock(11)
Event processed UpdateClock(11)
object notification: Time [clock=31, time=null]
Event sent to object      a40 clock(31)
org notification: Time [clock=31, time=null]
org notified sent time(31).
object notification: Time [clock=31, time=null]
Event sent to object      a30 clock(31)
object notification: Time [clock=31, time=null]
Event sent to object      a30 clock(31)
object notification: Time [clock=31, time=null]
Event sent to object      a10 clock(31)
object notification: Time [clock=31, time=null]
Event sent to object      a10 clock(31)
object notification: Time [clock=31, time=null]
Event sent to object      a40 clock(31)
Event processed UpdateClock(11)
Event processed UpdateClock(31)
Event processed UpdateClock(11)
Event processed UpdateClock(31)
Event processed UpdateClock(31)
org notification: Time [clock=12, time=null]
org notified sent time(12).
object notification: Time [clock=12, time=null]
Event sent to object      a40 clock(12)
object notification: Time [clock=12, time=null]
object notification: Time [clock=12, time=null]
Event sent to object      a10 clock(12)
object notification: Time [clock=12, time=null]
object notification: Time [clock=12, time=null]
Event sent to object      a30 clock(12)
Event sent to object      a30 clock(12)
object notification: Time [clock=12, time=null]
Event sent to object      a40 clock(12)
Event sent to object      a10 clock(12)
Event processed UpdateClock(12)
Event processed UpdateClock(12)
object notification: Time [clock=32, time=null]
Event sent to object      a10 clock(32)
org notification: Time [clock=32, time=null]
org notified sent time(32).
object notification: Time [clock=32, time=null]
Event sent to object      a30 clock(32)
object notification: Time [clock=32, time=null]
Event sent to object      a30 clock(32)
object notification: Time [clock=32, time=null]
Event sent to object      a10 clock(32)
object notification: Time [clock=32, time=null]
Event sent to object      a40 clock(32)
object notification: Time [clock=32, time=null]
Event sent to object      a40 clock(32)
Event processed UpdateClock(12)
Event processed UpdateClock(32)
Event processed UpdateClock(32)
Event processed UpdateClock(32)
object notification: Time [clock=13, time=null]
Event sent to object      a40 clock(13)
object notification: Time [clock=13, time=null]
Event sent to object      a40 clock(13)
org notification: Time [clock=13, time=null]
org notified sent time(13).
object notification: Time [clock=13, time=null]
Event sent to object      a30 clock(13)
object notification: Time [clock=13, time=null]
Event sent to object      a30 clock(13)
object notification: Time [clock=13, time=null]
Event sent to object      a10 clock(13)
object notification: Time [clock=13, time=null]
Event sent to object      a10 clock(13)
Event processed UpdateClock(13)
object notification: Time [clock=33, time=null]
Event sent to object      a40 clock(33)
object notification: Time [clock=33, time=null]
org notification: Time [clock=33, time=null]
org notified sent time(33).
Event sent to object      a40 clock(33)
object notification: Time [clock=33, time=null]
Event sent to object      a30 clock(33)
object notification: Time [clock=33, time=null]
Event sent to object      a30 clock(33)
object notification: Time [clock=33, time=null]
Event sent to object      a10 clock(33)
object notification: Time [clock=33, time=null]
Event sent to object      a10 clock(33)
Event processed UpdateClock(13)
Event processed UpdateClock(33)
Event processed UpdateClock(13)
Event processed UpdateClock(33)
Event processed UpdateClock(33)
object notification: Time [clock=14, time=null]
Event sent to object      a10 clock(14)
object notification: Time [clock=14, time=null]
Event sent to object      a40 clock(14)
object notification: Time [clock=14, time=null]
object notification: Time [clock=14, time=null]
Event sent to object      a40 clock(14)
Event sent to object      a30 clock(14)
object notification: Time [clock=14, time=null]
object notification: Time [clock=14, time=null]
Event sent to object      a30 clock(14)
Event sent to object      a10 clock(14)
Event processed UpdateClock(14)
object notification: Time [clock=34, time=null]
object notification: Time [clock=34, time=null]
Event sent to object      a40 clock(34)
Event sent to object      a40 clock(34)
object notification: Time [clock=34, time=null]
Event sent to object      a30 clock(34)
object notification: Time [clock=34, time=null]
Event sent to object      a30 clock(34)
object notification: Time [clock=34, time=null]
object notification: Time [clock=34, time=null]
Event sent to object      a10 clock(34)
Event sent to object      a10 clock(34)
Event processed UpdateClock(14)
Event processed UpdateClock(34)
Event processed UpdateClock(14)
Event processed UpdateClock(34)
Event processed UpdateClock(34)
object notification: Time [clock=15, time=null]
object notification: Time [clock=15, time=null]
object notification: Time [clock=15, time=null]
Event sent to object      a30 clock(15)
object notification: Time [clock=15, time=null]
Event sent to object      a10 clock(15)
Event sent to object      a40 clock(15)
object notification: Time [clock=15, time=null]
object notification: Time [clock=15, time=null]
Event sent to object      a30 clock(15)
Event sent to object      a40 clock(15)
Event sent to object      a10 clock(15)
Event processed UpdateClock(15)
object notification: Time [clock=35, time=null]
Event sent to object      a40 clock(35)
object notification: Time [clock=35, time=null]
object notification: Time [clock=35, time=null]
Event sent to object      a30 clock(35)
object notification: Time [clock=35, time=null]
object notification: Time [clock=35, time=null]
Event sent to object      a10 clock(35)
Event sent to object      a40 clock(35)
Event sent to object      a30 clock(35)
object notification: Time [clock=35, time=null]
Event sent to object      a10 clock(35)
Event processed UpdateClock(15)
Event processed UpdateClock(35)
Event processed UpdateClock(15)
Event processed UpdateClock(35)
Event processed UpdateClock(35)
object notification: Time [clock=16, time=null]
object notification: Time [clock=16, time=null]
object notification: Time [clock=16, time=null]
Event sent to object      a10 clock(16)
object notification: Time [clock=16, time=null]
object notification: Time [clock=16, time=null]
Event sent to object      a40 clock(16)
object notification: Time [clock=16, time=null]
Event sent to object      a30 clock(16)
Event sent to object      a10 clock(16)
Event sent to object      a30 clock(16)
Event sent to object      a40 clock(16)
Event processed UpdateClock(16)
object notification: Time [clock=36, time=null]
object notification: Time [clock=36, time=null]
Event sent to object      a30 clock(36)
object notification: Time [clock=36, time=null]
Event sent to object      a30 clock(36)
Event sent to object      a40 clock(36)
object notification: Time [clock=36, time=null]
object notification: Time [clock=36, time=null]
Event sent to object      a10 clock(36)
Event sent to object      a10 clock(36)
object notification: Time [clock=36, time=null]
Event sent to object      a40 clock(36)
Event processed UpdateClock(16)
Event processed UpdateClock(36)
Event processed UpdateClock(16)
Event processed UpdateClock(36)
Event processed UpdateClock(36)
