2015-06-11 10:56:10,482 CONFIG [com.gigaspaces.logger] - Log file: /Users/dxd/gigaspaces-xap-premium-9.5.1-ga/logs/2015-06-11~10.56-gigaspaces-service-10.154.152.106-4680.log
-------------------------last log tuples start--------------------------------
-------------------------last log tuples end----------------------------------
[CTAH] started agent 10
[CTAH] Added a new agent to the game by the name of 10.
[ENV] added agent a10
[CTAH] started agent 30
[CTAH] Added a new agent to the game by the name of 30.
[ENV] added agent a30
#########################Game started
#########################Game started
setPhases in ClientGameStatus, the current phase is 
setPhases in ClientGameStatus, the current phase is 
setPhases in ClientGameStatus, the current phase is Setup Phase
setPhases in ClientGameStatus, the current phase is Setup Phase
object notification: Tile [id=null, cell=Cell [x=0, y=0], subject=white, time=2015-06-11 10:56:42.429, clock=0]
object notification: Tile [id=null, cell=Cell [x=0, y=0], subject=white, time=2015-06-11 10:56:42.429, clock=0]
org notification: Tile [id=null, cell=Cell [x=0, y=0], subject=white, time=2015-06-11 10:56:42.429, clock=0]
object notification: Tile [id=null, cell=Cell [x=0, y=1], subject=blue, time=2015-06-11 10:56:42.509, clock=0]
object notification: Tile [id=null, cell=Cell [x=0, y=1], subject=blue, time=2015-06-11 10:56:42.509, clock=0]
object notification: Tile [id=null, cell=Cell [x=0, y=2], subject=yellow, time=2015-06-11 10:56:42.511, clock=0]
object notification: Tile [id=null, cell=Cell [x=0, y=2], subject=yellow, time=2015-06-11 10:56:42.511, clock=0]
object notification: Tile [id=null, cell=Cell [x=0, y=3], subject=blue, time=2015-06-11 10:56:42.513, clock=0]
object notification: Tile [id=null, cell=Cell [x=0, y=4], subject=brown, time=2015-06-11 10:56:42.515, clock=0]
object notification: Tile [id=null, cell=Cell [x=0, y=5], subject=blue, time=2015-06-11 10:56:42.519, clock=0]
org notification: Tile [id=null, cell=Cell [x=0, y=1], subject=blue, time=2015-06-11 10:56:42.509, clock=0]
object notification: Tile [id=null, cell=Cell [x=1, y=0], subject=yellow, time=2015-06-11 10:56:42.521, clock=0]
object notification: Tile [id=null, cell=Cell [x=0, y=3], subject=blue, time=2015-06-11 10:56:42.513, clock=0]
object notification: Tile [id=null, cell=Cell [x=1, y=1], subject=brown, time=2015-06-11 10:56:42.523, clock=0]
object notification: Tile [id=null, cell=Cell [x=0, y=4], subject=brown, time=2015-06-11 10:56:42.515, clock=0]
object notification: Tile [id=null, cell=Cell [x=0, y=5], subject=blue, time=2015-06-11 10:56:42.519, clock=0]
object notification: Tile [id=null, cell=Cell [x=1, y=2], subject=yellow, time=2015-06-11 10:56:42.531, clock=0]
object notification: Tile [id=null, cell=Cell [x=1, y=0], subject=yellow, time=2015-06-11 10:56:42.521, clock=0]
object notification: Tile [id=null, cell=Cell [x=1, y=3], subject=white, time=2015-06-11 10:56:42.535, clock=0]
object notification: Tile [id=null, cell=Cell [x=1, y=1], subject=brown, time=2015-06-11 10:56:42.523, clock=0]
org notification: Tile [id=null, cell=Cell [x=0, y=2], subject=yellow, time=2015-06-11 10:56:42.511, clock=0]
object notification: Tile [id=null, cell=Cell [x=1, y=2], subject=yellow, time=2015-06-11 10:56:42.531, clock=0]
object notification: Tile [id=null, cell=Cell [x=1, y=3], subject=white, time=2015-06-11 10:56:42.535, clock=0]
object notification: Tile [id=null, cell=Cell [x=1, y=4], subject=yellow, time=2015-06-11 10:56:42.538, clock=0]
org notification: Tile [id=null, cell=Cell [x=0, y=3], subject=blue, time=2015-06-11 10:56:42.513, clock=0]
org notification: Tile [id=null, cell=Cell [x=0, y=4], subject=brown, time=2015-06-11 10:56:42.515, clock=0]
object notification: Tile [id=null, cell=Cell [x=1, y=4], subject=yellow, time=2015-06-11 10:56:42.538, clock=0]
object notification: Tile [id=null, cell=Cell [x=1, y=5], subject=white, time=2015-06-11 10:56:42.54, clock=0]
org notification: Tile [id=null, cell=Cell [x=0, y=5], subject=blue, time=2015-06-11 10:56:42.519, clock=0]
object notification: Tile [id=null, cell=Cell [x=2, y=0], subject=blue, time=2015-06-11 10:56:42.541, clock=0]
org notification: Tile [id=null, cell=Cell [x=1, y=0], subject=yellow, time=2015-06-11 10:56:42.521, clock=0]
object notification: Tile [id=null, cell=Cell [x=2, y=1], subject=white, time=2015-06-11 10:56:42.543, clock=0]
org notification: Tile [id=null, cell=Cell [x=1, y=1], subject=brown, time=2015-06-11 10:56:42.523, clock=0]
org notification: Tile [id=null, cell=Cell [x=1, y=2], subject=yellow, time=2015-06-11 10:56:42.531, clock=0]
object notification: Tile [id=null, cell=Cell [x=1, y=5], subject=white, time=2015-06-11 10:56:42.54, clock=0]
object notification: Tile [id=null, cell=Cell [x=2, y=0], subject=blue, time=2015-06-11 10:56:42.541, clock=0]
object notification: Tile [id=null, cell=Cell [x=2, y=1], subject=white, time=2015-06-11 10:56:42.543, clock=0]
object notification: Tile [id=null, cell=Cell [x=2, y=2], subject=white, time=2015-06-11 10:56:42.546, clock=0]
object notification: Tile [id=null, cell=Cell [x=2, y=3], subject=yellow, time=2015-06-11 10:56:42.552, clock=0]
object notification: Tile [id=null, cell=Cell [x=2, y=2], subject=white, time=2015-06-11 10:56:42.546, clock=0]
object notification: Tile [id=null, cell=Cell [x=2, y=4], subject=yellow, time=2015-06-11 10:56:42.555, clock=0]
object notification: Tile [id=null, cell=Cell [x=2, y=3], subject=yellow, time=2015-06-11 10:56:42.552, clock=0]
object notification: Tile [id=null, cell=Cell [x=2, y=4], subject=yellow, time=2015-06-11 10:56:42.555, clock=0]
object notification: Tile [id=null, cell=Cell [x=2, y=5], subject=brown, time=2015-06-11 10:56:42.558, clock=0]
org notification: Tile [id=null, cell=Cell [x=1, y=3], subject=white, time=2015-06-11 10:56:42.535, clock=0]
object notification: Tile [id=null, cell=Cell [x=3, y=0], subject=brown, time=2015-06-11 10:56:42.56, clock=0]
object notification: Tile [id=null, cell=Cell [x=3, y=1], subject=yellow, time=2015-06-11 10:56:42.561, clock=0]
object notification: Tile [id=null, cell=Cell [x=3, y=2], subject=yellow, time=2015-06-11 10:56:42.563, clock=0]
org notification: Tile [id=null, cell=Cell [x=1, y=4], subject=yellow, time=2015-06-11 10:56:42.538, clock=0]
object notification: Tile [id=null, cell=Cell [x=3, y=3], subject=blue, time=2015-06-11 10:56:42.565, clock=0]
object notification: Tile [id=null, cell=Cell [x=3, y=4], subject=blue, time=2015-06-11 10:56:42.566, clock=0]
object notification: Tile [id=null, cell=Cell [x=3, y=5], subject=white, time=2015-06-11 10:56:42.568, clock=0]
object notification: Tile [id=null, cell=Cell [x=2, y=5], subject=brown, time=2015-06-11 10:56:42.558, clock=0]
object notification: Tile [id=null, cell=Cell [x=4, y=0], subject=blue, time=2015-06-11 10:56:42.57, clock=0]
object notification: Tile [id=null, cell=Cell [x=4, y=1], subject=yellow, time=2015-06-11 10:56:42.577, clock=0]
object notification: Tile [id=null, cell=Cell [x=4, y=2], subject=blue, time=2015-06-11 10:56:42.579, clock=0]
object notification: Tile [id=null, cell=Cell [x=4, y=3], subject=blue, time=2015-06-11 10:56:42.581, clock=0]
object notification: Tile [id=null, cell=Cell [x=4, y=4], subject=brown, time=2015-06-11 10:56:42.583, clock=0]
org notification: Tile [id=null, cell=Cell [x=1, y=5], subject=white, time=2015-06-11 10:56:42.54, clock=0]
org notification: Tile [id=null, cell=Cell [x=2, y=0], subject=blue, time=2015-06-11 10:56:42.541, clock=0]
org notification: Tile [id=null, cell=Cell [x=2, y=1], subject=white, time=2015-06-11 10:56:42.543, clock=0]
org notification: Tile [id=null, cell=Cell [x=2, y=2], subject=white, time=2015-06-11 10:56:42.546, clock=0]
org notification: Tile [id=null, cell=Cell [x=2, y=3], subject=yellow, time=2015-06-11 10:56:42.552, clock=0]
org notification: Tile [id=null, cell=Cell [x=2, y=4], subject=yellow, time=2015-06-11 10:56:42.555, clock=0]
org notification: Tile [id=null, cell=Cell [x=2, y=5], subject=brown, time=2015-06-11 10:56:42.558, clock=0]
org notification: Tile [id=null, cell=Cell [x=3, y=0], subject=brown, time=2015-06-11 10:56:42.56, clock=0]
org notification: Tile [id=null, cell=Cell [x=3, y=1], subject=yellow, time=2015-06-11 10:56:42.561, clock=0]
org notification: Tile [id=null, cell=Cell [x=3, y=2], subject=yellow, time=2015-06-11 10:56:42.563, clock=0]
org notification: Tile [id=null, cell=Cell [x=3, y=3], subject=blue, time=2015-06-11 10:56:42.565, clock=0]
org notification: Tile [id=null, cell=Cell [x=3, y=4], subject=blue, time=2015-06-11 10:56:42.566, clock=0]
org notification: Tile [id=null, cell=Cell [x=3, y=5], subject=white, time=2015-06-11 10:56:42.568, clock=0]
org notification: Tile [id=null, cell=Cell [x=4, y=0], subject=blue, time=2015-06-11 10:56:42.57, clock=0]
org notification: Tile [id=null, cell=Cell [x=4, y=1], subject=yellow, time=2015-06-11 10:56:42.577, clock=0]
org notification: Tile [id=null, cell=Cell [x=4, y=2], subject=blue, time=2015-06-11 10:56:42.579, clock=0]
#########################Game Initialized
AGENT Thread-12: current phase name: Setup Phase
we have 0 goals
we have GoalWeight: 100  DistWeight: -10  ChipWeight: 5  CommWeight: 0 scoring
#########################Game Initialized
AGENT Thread-10: current phase name: Setup Phase
we have 0 goals
we have GoalWeight: 100  DistWeight: -10  ChipWeight: 5  CommWeight: 0 scoring
setPhases in ClientGameStatus, the current phase is Norm Phase
setPhases in ClientGameStatus, the current phase is Norm Phase
