2015-07-02 10:13:00,436 CONFIG [com.gigaspaces.logger] - Log file: /Users/dxd/gigaspaces-xap-premium-9.5.1-ga/logs/2015-07-02~10.13-gigaspaces-service-192.168.1.102-17961.log
-------------------------last log tuples start--------------------------------
-------------------------last log tuples end----------------------------------
[CTAH] started agent 10
[CTAH] Added a new agent to the game by the name of 10.
[ENV] added agent a10
[CTAH] started agent 30
[CTAH] Added a new agent to the game by the name of 30.
[ENV] added agent a30
[CTAH] started agent 40
[CTAH] Added a new agent to the game by the name of 40.
[ENV] added agent a40
#########################Game started
#########################Game started
#########################Game started
#########################Game started
#########################Game started
#########################Game started
setPhases in ClientGameStatus, the current phase is 
setPhases in ClientGameStatus, the current phase is 
setPhases in ClientGameStatus, the current phase is 
setPhases in ClientGameStatus, the current phase is 
setPhases in ClientGameStatus, the current phase is 
setPhases in ClientGameStatus, the current phase is Setup Phase
setPhases in ClientGameStatus, the current phase is Setup Phase
setPhases in ClientGameStatus, the current phase is Setup Phase
setPhases in ClientGameStatus, the current phase is Setup Phase
org notification: Tile [id=null, cell=Cell [x=0, y=0], subject=brown, time=2015-07-02 10:13:44.422, clock=0]
object notification: Tile [id=null, cell=Cell [x=0, y=0], subject=brown, time=2015-07-02 10:13:44.422, clock=0]
object notification: Tile [id=null, cell=Cell [x=0, y=0], subject=brown, time=2015-07-02 10:13:44.422, clock=0]
object notification: Tile [id=null, cell=Cell [x=0, y=0], subject=brown, time=2015-07-02 10:13:44.422, clock=0]
object notification: Tile [id=null, cell=Cell [x=0, y=0], subject=brown, time=2015-07-02 10:13:44.422, clock=0]
object notification: Tile [id=null, cell=Cell [x=0, y=0], subject=brown, time=2015-07-02 10:13:44.422, clock=0]
object notification: Tile [id=null, cell=Cell [x=0, y=0], subject=brown, time=2015-07-02 10:13:44.422, clock=0]
org notification: Tile [id=null, cell=Cell [x=0, y=0], subject=brown, time=2015-07-02 10:13:44.422, clock=0]
object notification: Tile [id=null, cell=Cell [x=0, y=1], subject=brown, time=2015-07-02 10:13:44.946, clock=0]
org notification: Tile [id=null, cell=Cell [x=0, y=1], subject=brown, time=2015-07-02 10:13:44.946, clock=0]
object notification: Tile [id=null, cell=Cell [x=0, y=1], subject=brown, time=2015-07-02 10:13:44.946, clock=0]
object notification: Tile [id=null, cell=Cell [x=0, y=1], subject=brown, time=2015-07-02 10:13:44.946, clock=0]
org notification: Tile [id=null, cell=Cell [x=0, y=1], subject=brown, time=2015-07-02 10:13:44.946, clock=0]
object notification: Tile [id=null, cell=Cell [x=0, y=2], subject=white, time=2015-07-02 10:13:44.95, clock=0]
#########################Game Initialized
AGENT Thread-15: current phase name: Setup Phase
we have 0 goals
we have GoalWeight: 100  DistWeight: -10  ChipWeight: 5  CommWeight: 0 scoring
#########################Game Initialized
AGENT Thread-11: current phase name: Setup Phase
we have 0 goals
we have GoalWeight: 100  DistWeight: -10  ChipWeight: 5  CommWeight: 0 scoring
#########################Game Initialized
AGENT Thread-13: current phase name: Setup Phase
we have 0 goals
we have GoalWeight: 100  DistWeight: -10  ChipWeight: 5  CommWeight: 0 scoring
#########################Game Initialized
#########################Game Initialized
AGENT Thread-11: current phase name: Setup Phase
AGENT Thread-15: current phase name: Setup Phase
we have 0 goals
we have GoalWeight: 100  DistWeight: -10  ChipWeight: 5  CommWeight: 0 scoring
we have 0 goals
we have GoalWeight: 100  DistWeight: -10  ChipWeight: 5  CommWeight: 0 scoring
#########################Game Initialized
AGENT Thread-13: current phase name: Setup Phase
we have 0 goals
we have GoalWeight: 100  DistWeight: -10  ChipWeight: 5  CommWeight: 0 scoring
setPhases in ClientGameStatus, the current phase is Norm Phase
setPhases in ClientGameStatus, the current phase is Norm Phase
setPhases in ClientGameStatus, the current phase is Norm Phase
object notification: Tile [id=null, cell=Cell [x=0, y=2], subject=white, time=2015-07-02 10:13:44.951, clock=0]
object notification: Tile [id=null, cell=Cell [x=0, y=1], subject=brown, time=2015-07-02 10:13:44.946, clock=0]
object notification: Tile [id=null, cell=Cell [x=0, y=1], subject=brown, time=2015-07-02 10:13:44.946, clock=0]
org notification: Tile [id=null, cell=Cell [x=0, y=2], subject=white, time=2015-07-02 10:13:44.95, clock=0]
object notification: Tile [id=null, cell=Cell [x=0, y=1], subject=brown, time=2015-07-02 10:13:44.946, clock=0]
object notification: Tile [id=null, cell=Cell [x=0, y=2], subject=white, time=2015-07-02 10:13:44.95, clock=0]
object notification: Tile [id=null, cell=Cell [x=0, y=2], subject=white, time=2015-07-02 10:13:44.951, clock=0]
object notification: Tile [id=null, cell=Cell [x=0, y=3], subject=yellow, time=2015-07-02 10:13:44.958, clock=0]
object notification: Tile [id=null, cell=Cell [x=0, y=3], subject=yellow, time=2015-07-02 10:13:44.959, clock=0]
object notification: Tile [id=null, cell=Cell [x=0, y=4], subject=brown, time=2015-07-02 10:13:44.96, clock=0]
object notification: Tile [id=null, cell=Cell [x=0, y=4], subject=brown, time=2015-07-02 10:13:44.962, clock=0]
object notification: Tile [id=null, cell=Cell [x=0, y=5], subject=blue, time=2015-07-02 10:13:44.963, clock=0]
object notification: Tile [id=null, cell=Cell [x=0, y=5], subject=blue, time=2015-07-02 10:13:44.965, clock=0]
object notification: Tile [id=null, cell=Cell [x=1, y=0], subject=brown, time=2015-07-02 10:13:44.973, clock=0]
object notification: Tile [id=null, cell=Cell [x=1, y=0], subject=brown, time=2015-07-02 10:13:44.974, clock=0]
object notification: Tile [id=null, cell=Cell [x=1, y=1], subject=yellow, time=2015-07-02 10:13:44.978, clock=0]
object notification: Tile [id=null, cell=Cell [x=1, y=2], subject=white, time=2015-07-02 10:13:44.98, clock=0]
object notification: Tile [id=null, cell=Cell [x=1, y=1], subject=yellow, time=2015-07-02 10:13:44.98, clock=0]
object notification: Tile [id=null, cell=Cell [x=0, y=2], subject=white, time=2015-07-02 10:13:44.95, clock=0]
object notification: Tile [id=null, cell=Cell [x=0, y=2], subject=white, time=2015-07-02 10:13:44.951, clock=0]
object notification: Tile [id=null, cell=Cell [x=0, y=3], subject=yellow, time=2015-07-02 10:13:44.958, clock=0]
object notification: Tile [id=null, cell=Cell [x=1, y=2], subject=white, time=2015-07-02 10:13:44.984, clock=0]
object notification: Tile [id=null, cell=Cell [x=1, y=3], subject=white, time=2015-07-02 10:13:44.984, clock=0]
object notification: Tile [id=null, cell=Cell [x=0, y=3], subject=yellow, time=2015-07-02 10:13:44.958, clock=0]
object notification: Tile [id=null, cell=Cell [x=1, y=3], subject=white, time=2015-07-02 10:13:44.986, clock=0]
object notification: Tile [id=null, cell=Cell [x=0, y=3], subject=yellow, time=2015-07-02 10:13:44.959, clock=0]
object notification: Tile [id=null, cell=Cell [x=1, y=4], subject=blue, time=2015-07-02 10:13:44.986, clock=0]
object notification: Tile [id=null, cell=Cell [x=0, y=4], subject=brown, time=2015-07-02 10:13:44.96, clock=0]
object notification: Tile [id=null, cell=Cell [x=1, y=5], subject=brown, time=2015-07-02 10:13:44.989, clock=0]
object notification: Tile [id=null, cell=Cell [x=1, y=4], subject=blue, time=2015-07-02 10:13:44.989, clock=0]
org notification: Tile [id=null, cell=Cell [x=0, y=2], subject=white, time=2015-07-02 10:13:44.951, clock=0]
org notification: Goal [id=null, cell=Cell [x=3, y=3], agent=null, time=2015-07-02 10:13:45.11, clock=0]
object notification: Position [subject=a10, id=null, cell=Cell [x=0, y=0], time=2015-07-02 10:13:45.154, clock=0]
object notification: Tile [id=null, cell=Cell [x=0, y=3], subject=yellow, time=2015-07-02 10:13:44.959, clock=0]
org notification: Tile [id=null, cell=Cell [x=0, y=3], subject=yellow, time=2015-07-02 10:13:44.958, clock=0]
object notification: Tile [id=null, cell=Cell [x=0, y=4], subject=brown, time=2015-07-02 10:13:44.96, clock=0]
object notification: Tile [id=null, cell=Cell [x=0, y=4], subject=brown, time=2015-07-02 10:13:44.962, clock=0]
object notification: Tile [id=null, cell=Cell [x=0, y=4], subject=brown, time=2015-07-02 10:13:44.962, clock=0]
object notification: Tile [id=null, cell=Cell [x=0, y=5], subject=blue, time=2015-07-02 10:13:44.963, clock=0]
object notification: Tile [id=null, cell=Cell [x=0, y=5], subject=blue, time=2015-07-02 10:13:44.965, clock=0]
object notification: Tile [id=null, cell=Cell [x=0, y=5], subject=blue, time=2015-07-02 10:13:44.963, clock=0]
org notification: Goal [id=null, cell=Cell [x=3, y=3], agent=null, time=2015-07-02 10:13:45.11, clock=0]
object notification: Tile [id=null, cell=Cell [x=1, y=0], subject=brown, time=2015-07-02 10:13:44.973, clock=0]
object notification: Tile [id=null, cell=Cell [x=0, y=5], subject=blue, time=2015-07-02 10:13:44.965, clock=0]
object notification: Tile [id=null, cell=Cell [x=1, y=0], subject=brown, time=2015-07-02 10:13:44.974, clock=0]
object notification: Tile [id=null, cell=Cell [x=1, y=1], subject=yellow, time=2015-07-02 10:13:44.978, clock=0]
object notification: Tile [id=null, cell=Cell [x=1, y=2], subject=white, time=2015-07-02 10:13:44.98, clock=0]
object notification: Tile [id=null, cell=Cell [x=1, y=1], subject=yellow, time=2015-07-02 10:13:44.98, clock=0]
object notification: Tile [id=null, cell=Cell [x=1, y=2], subject=white, time=2015-07-02 10:13:44.984, clock=0]
object notification: Tile [id=null, cell=Cell [x=1, y=3], subject=white, time=2015-07-02 10:13:44.984, clock=0]
object notification: Tile [id=null, cell=Cell [x=1, y=3], subject=white, time=2015-07-02 10:13:44.986, clock=0]
object notification: Tile [id=null, cell=Cell [x=1, y=4], subject=blue, time=2015-07-02 10:13:44.986, clock=0]
object notification: Tile [id=null, cell=Cell [x=1, y=0], subject=brown, time=2015-07-02 10:13:44.973, clock=0]
object notification: Tile [id=null, cell=Cell [x=2, y=0], subject=white, time=2015-07-02 10:13:44.991, clock=0]
object notification: Tile [id=null, cell=Cell [x=1, y=5], subject=brown, time=2015-07-02 10:13:44.991, clock=0]
object notification: Tile [id=null, cell=Cell [x=1, y=5], subject=brown, time=2015-07-02 10:13:44.989, clock=0]
object notification: Tile [id=null, cell=Cell [x=1, y=0], subject=brown, time=2015-07-02 10:13:44.974, clock=0]
object notification: Tile [id=null, cell=Cell [x=1, y=1], subject=yellow, time=2015-07-02 10:13:44.978, clock=0]
object notification: Tile [id=null, cell=Cell [x=2, y=1], subject=white, time=2015-07-02 10:13:44.993, clock=0]
object notification: Tile [id=null, cell=Cell [x=1, y=4], subject=blue, time=2015-07-02 10:13:44.989, clock=0]
org notification: Tile [id=null, cell=Cell [x=0, y=3], subject=yellow, time=2015-07-02 10:13:44.959, clock=0]
object notification: Tile [id=null, cell=Cell [x=2, y=0], subject=white, time=2015-07-02 10:13:44.994, clock=0]
object notification: Tile [id=null, cell=Cell [x=1, y=2], subject=white, time=2015-07-02 10:13:44.98, clock=0]
object notification: Tile [id=null, cell=Cell [x=2, y=2], subject=brown, time=2015-07-02 10:13:44.995, clock=0]
object notification: Tile [id=null, cell=Cell [x=1, y=1], subject=yellow, time=2015-07-02 10:13:44.98, clock=0]
object notification: Tile [id=null, cell=Cell [x=2, y=1], subject=white, time=2015-07-02 10:13:44.996, clock=0]
org notification: Tile [id=null, cell=Cell [x=0, y=4], subject=brown, time=2015-07-02 10:13:44.96, clock=0]
object notification: Tile [id=null, cell=Cell [x=2, y=0], subject=white, time=2015-07-02 10:13:44.991, clock=0]
object notification: Tile [id=null, cell=Cell [x=2, y=2], subject=brown, time=2015-07-02 10:13:44.998, clock=0]
object notification: Tile [id=null, cell=Cell [x=1, y=5], subject=brown, time=2015-07-02 10:13:44.991, clock=0]
object notification: Tile [id=null, cell=Cell [x=2, y=3], subject=blue, time=2015-07-02 10:13:44.998, clock=0]
object notification: Tile [id=null, cell=Cell [x=2, y=1], subject=white, time=2015-07-02 10:13:44.993, clock=0]
object notification: Tile [id=null, cell=Cell [x=1, y=2], subject=white, time=2015-07-02 10:13:44.984, clock=0]
object notification: Tile [id=null, cell=Cell [x=2, y=3], subject=blue, time=2015-07-02 10:13:45.001, clock=0]
object notification: Position [subject=a10, id=null, cell=Cell [x=0, y=0], time=2015-07-02 10:13:45.234, clock=0]
org notification: Tile [id=null, cell=Cell [x=0, y=4], subject=brown, time=2015-07-02 10:13:44.962, clock=0]
object notification: Tile [id=null, cell=Cell [x=2, y=4], subject=white, time=2015-07-02 10:13:45.001, clock=0]
object notification: Tile [id=null, cell=Cell [x=1, y=3], subject=white, time=2015-07-02 10:13:44.984, clock=0]
object notification: Tile [id=null, cell=Cell [x=2, y=0], subject=white, time=2015-07-02 10:13:44.994, clock=0]
object notification: Tile [id=null, cell=Cell [x=2, y=2], subject=brown, time=2015-07-02 10:13:44.995, clock=0]
object notification: Tile [id=null, cell=Cell [x=2, y=4], subject=white, time=2015-07-02 10:13:45.003, clock=0]
object notification: Tile [id=null, cell=Cell [x=2, y=1], subject=white, time=2015-07-02 10:13:44.996, clock=0]
object notification: Tile [id=null, cell=Cell [x=1, y=3], subject=white, time=2015-07-02 10:13:44.986, clock=0]
object notification: Tile [id=null, cell=Cell [x=2, y=2], subject=brown, time=2015-07-02 10:13:44.998, clock=0]
org notification: Tile [id=null, cell=Cell [x=0, y=5], subject=blue, time=2015-07-02 10:13:44.963, clock=0]
object notification: Tile [id=null, cell=Cell [x=2, y=5], subject=brown, time=2015-07-02 10:13:45.003, clock=0]
object notification: Tile [id=null, cell=Cell [x=1, y=4], subject=blue, time=2015-07-02 10:13:44.986, clock=0]
object notification: Tile [id=null, cell=Cell [x=2, y=3], subject=blue, time=2015-07-02 10:13:44.998, clock=0]
object notification: Tile [id=null, cell=Cell [x=3, y=0], subject=white, time=2015-07-02 10:13:45.005, clock=0]
org notification: Tile [id=null, cell=Cell [x=0, y=5], subject=blue, time=2015-07-02 10:13:44.965, clock=0]
org notification: Position [subject=a10, id=null, cell=Cell [x=0, y=0], time=2015-07-02 10:13:45.154, clock=0]
object notification: Tile [id=null, cell=Cell [x=2, y=5], subject=brown, time=2015-07-02 10:13:45.005, clock=0]
org notification: Tile [id=null, cell=Cell [x=1, y=0], subject=brown, time=2015-07-02 10:13:44.973, clock=0]
object notification: Tile [id=null, cell=Cell [x=3, y=0], subject=white, time=2015-07-02 10:13:45.007, clock=0]
org notification: Position [subject=a10, id=null, cell=Cell [x=0, y=0], time=2015-07-02 10:13:45.234, clock=0]
object notification: Tile [id=null, cell=Cell [x=1, y=5], subject=brown, time=2015-07-02 10:13:44.989, clock=0]
object notification: Tile [id=null, cell=Cell [x=1, y=4], subject=blue, time=2015-07-02 10:13:44.989, clock=0]
object notification: Tile [id=null, cell=Cell [x=2, y=3], subject=blue, time=2015-07-02 10:13:45.001, clock=0]
org notification: Tile [id=null, cell=Cell [x=1, y=0], subject=brown, time=2015-07-02 10:13:44.974, clock=0]
object notification: Tile [id=null, cell=Cell [x=3, y=1], subject=yellow, time=2015-07-02 10:13:45.007, clock=0]
object notification: Tile [id=null, cell=Cell [x=3, y=1], subject=yellow, time=2015-07-02 10:13:45.009, clock=0]
object notification: Tile [id=null, cell=Cell [x=2, y=0], subject=white, time=2015-07-02 10:13:44.991, clock=0]
object notification: Tile [id=null, cell=Cell [x=1, y=5], subject=brown, time=2015-07-02 10:13:44.991, clock=0]
object notification: Tile [id=null, cell=Cell [x=2, y=1], subject=white, time=2015-07-02 10:13:44.993, clock=0]
org notification: Tile [id=null, cell=Cell [x=1, y=1], subject=yellow, time=2015-07-02 10:13:44.978, clock=0]
object notification: Tile [id=null, cell=Cell [x=2, y=0], subject=white, time=2015-07-02 10:13:44.994, clock=0]
object notification: Tile [id=null, cell=Cell [x=3, y=2], subject=blue, time=2015-07-02 10:13:45.009, clock=0]
org notification: Tile [id=null, cell=Cell [x=1, y=2], subject=white, time=2015-07-02 10:13:44.98, clock=0]
org notification: Tile [id=null, cell=Cell [x=1, y=1], subject=yellow, time=2015-07-02 10:13:44.98, clock=0]
object notification: Tile [id=null, cell=Cell [x=3, y=2], subject=blue, time=2015-07-02 10:13:45.011, clock=0]
object notification: Tile [id=null, cell=Cell [x=3, y=3], subject=blue, time=2015-07-02 10:13:45.011, clock=0]
object notification: Tile [id=null, cell=Cell [x=3, y=3], subject=blue, time=2015-07-02 10:13:45.014, clock=0]
object notification: Tile [id=null, cell=Cell [x=3, y=4], subject=yellow, time=2015-07-02 10:13:45.014, clock=0]
object notification: Tile [id=null, cell=Cell [x=3, y=5], subject=yellow, time=2015-07-02 10:13:45.015, clock=0]
object notification: Tile [id=null, cell=Cell [x=3, y=4], subject=yellow, time=2015-07-02 10:13:45.015, clock=0]
object notification: Tile [id=null, cell=Cell [x=3, y=5], subject=yellow, time=2015-07-02 10:13:45.018, clock=0]
object notification: Tile [id=null, cell=Cell [x=4, y=0], subject=brown, time=2015-07-02 10:13:45.018, clock=0]
object notification: Tile [id=null, cell=Cell [x=4, y=0], subject=brown, time=2015-07-02 10:13:45.02, clock=0]
object notification: Tile [id=null, cell=Cell [x=2, y=4], subject=white, time=2015-07-02 10:13:45.001, clock=0]
object notification: Position [subject=a30, id=null, cell=Cell [x=6, y=6], time=2015-07-02 10:13:45.496, clock=0]
object notification: Tile [id=null, cell=Cell [x=2, y=2], subject=brown, time=2015-07-02 10:13:44.995, clock=0]
object notification: Position [subject=a30, id=null, cell=Cell [x=6, y=6], time=2015-07-02 10:13:45.516, clock=0]
org notification: Tile [id=null, cell=Cell [x=1, y=2], subject=white, time=2015-07-02 10:13:44.984, clock=0]
object notification: Tile [id=null, cell=Cell [x=2, y=1], subject=white, time=2015-07-02 10:13:44.996, clock=0]
object notification: Tile [id=null, cell=Cell [x=2, y=2], subject=brown, time=2015-07-02 10:13:44.998, clock=0]
object notification: Tile [id=null, cell=Cell [x=4, y=1], subject=blue, time=2015-07-02 10:13:45.021, clock=0]
object notification: Tile [id=null, cell=Cell [x=2, y=4], subject=white, time=2015-07-02 10:13:45.003, clock=0]
object notification: Tile [id=null, cell=Cell [x=4, y=1], subject=blue, time=2015-07-02 10:13:45.023, clock=0]
object notification: Tile [id=null, cell=Cell [x=2, y=5], subject=brown, time=2015-07-02 10:13:45.003, clock=0]
object notification: Tile [id=null, cell=Cell [x=2, y=3], subject=blue, time=2015-07-02 10:13:44.998, clock=0]
object notification: Tile [id=null, cell=Cell [x=4, y=2], subject=yellow, time=2015-07-02 10:13:45.023, clock=0]
object notification: Tile [id=null, cell=Cell [x=2, y=3], subject=blue, time=2015-07-02 10:13:45.001, clock=0]
object notification: Tile [id=null, cell=Cell [x=4, y=2], subject=yellow, time=2015-07-02 10:13:45.025, clock=0]
object notification: Tile [id=null, cell=Cell [x=4, y=3], subject=blue, time=2015-07-02 10:13:45.025, clock=0]
object notification: Tile [id=null, cell=Cell [x=4, y=4], subject=brown, time=2015-07-02 10:13:45.028, clock=0]
object notification: Tile [id=null, cell=Cell [x=4, y=3], subject=blue, time=2015-07-02 10:13:45.028, clock=0]
object notification: Tile [id=null, cell=Cell [x=4, y=5], subject=yellow, time=2015-07-02 10:13:45.03, clock=0]
org notification: Tile [id=null, cell=Cell [x=1, y=3], subject=white, time=2015-07-02 10:13:44.984, clock=0]
object notification: Tile [id=null, cell=Cell [x=4, y=4], subject=brown, time=2015-07-02 10:13:45.03, clock=0]
object notification: Tile [id=null, cell=Cell [x=4, y=5], subject=yellow, time=2015-07-02 10:13:45.033, clock=0]
object notification: Tile [id=null, cell=Cell [x=5, y=0], subject=yellow, time=2015-07-02 10:13:45.033, clock=0]
object notification: Tile [id=null, cell=Cell [x=5, y=0], subject=yellow, time=2015-07-02 10:13:45.035, clock=0]
object notification: Tile [id=null, cell=Cell [x=5, y=1], subject=white, time=2015-07-02 10:13:45.035, clock=0]
object notification: Tile [id=null, cell=Cell [x=5, y=1], subject=white, time=2015-07-02 10:13:45.037, clock=0]
object notification: Tile [id=null, cell=Cell [x=5, y=2], subject=brown, time=2015-07-02 10:13:45.037, clock=0]
object notification: Tile [id=null, cell=Cell [x=5, y=3], subject=yellow, time=2015-07-02 10:13:45.039, clock=0]
object notification: Tile [id=null, cell=Cell [x=3, y=0], subject=white, time=2015-07-02 10:13:45.005, clock=0]
object notification: Tile [id=null, cell=Cell [x=2, y=4], subject=white, time=2015-07-02 10:13:45.001, clock=0]
org notification: Tile [id=null, cell=Cell [x=1, y=3], subject=white, time=2015-07-02 10:13:44.986, clock=0]
object notification: Tile [id=null, cell=Cell [x=5, y=2], subject=brown, time=2015-07-02 10:13:45.039, clock=0]
object notification: Tile [id=null, cell=Cell [x=2, y=4], subject=white, time=2015-07-02 10:13:45.003, clock=0]
object notification: Tile [id=null, cell=Cell [x=5, y=4], subject=blue, time=2015-07-02 10:13:45.042, clock=0]
object notification: Tile [id=null, cell=Cell [x=5, y=3], subject=yellow, time=2015-07-02 10:13:45.043, clock=0]
object notification: Tile [id=null, cell=Cell [x=5, y=4], subject=blue, time=2015-07-02 10:13:45.045, clock=0]
object notification: Tile [id=null, cell=Cell [x=5, y=5], subject=brown, time=2015-07-02 10:13:45.045, clock=0]
object notification: Tile [id=null, cell=Cell [x=5, y=5], subject=brown, time=2015-07-02 10:13:45.048, clock=0]
object notification: Tile [id=null, cell=Cell [x=2, y=5], subject=brown, time=2015-07-02 10:13:45.005, clock=0]
object notification: Tile [id=null, cell=Cell [x=3, y=1], subject=yellow, time=2015-07-02 10:13:45.007, clock=0]
object notification: Tile [id=null, cell=Cell [x=2, y=5], subject=brown, time=2015-07-02 10:13:45.003, clock=0]
object notification: Tile [id=null, cell=Cell [x=3, y=0], subject=white, time=2015-07-02 10:13:45.005, clock=0]
org notification: Tile [id=null, cell=Cell [x=1, y=4], subject=blue, time=2015-07-02 10:13:44.986, clock=0]
object notification: Tile [id=null, cell=Cell [x=3, y=0], subject=white, time=2015-07-02 10:13:45.007, clock=0]
object notification: Tile [id=null, cell=Cell [x=2, y=5], subject=brown, time=2015-07-02 10:13:45.005, clock=0]
object notification: Tile [id=null, cell=Cell [x=3, y=1], subject=yellow, time=2015-07-02 10:13:45.009, clock=0]
object notification: Tile [id=null, cell=Cell [x=3, y=2], subject=blue, time=2015-07-02 10:13:45.009, clock=0]
object notification: Tile [id=null, cell=Cell [x=3, y=1], subject=yellow, time=2015-07-02 10:13:45.007, clock=0]
object notification: Tile [id=null, cell=Cell [x=3, y=2], subject=blue, time=2015-07-02 10:13:45.011, clock=0]
org notification: Tile [id=null, cell=Cell [x=1, y=5], subject=brown, time=2015-07-02 10:13:44.989, clock=0]
object notification: Tile [id=null, cell=Cell [x=3, y=0], subject=white, time=2015-07-02 10:13:45.007, clock=0]
object notification: Tile [id=null, cell=Cell [x=3, y=3], subject=blue, time=2015-07-02 10:13:45.011, clock=0]
object notification: Tile [id=null, cell=Cell [x=3, y=3], subject=blue, time=2015-07-02 10:13:45.014, clock=0]
object notification: Tile [id=null, cell=Cell [x=3, y=1], subject=yellow, time=2015-07-02 10:13:45.009, clock=0]
object notification: Tile [id=null, cell=Cell [x=3, y=4], subject=yellow, time=2015-07-02 10:13:45.014, clock=0]
object notification: Tile [id=null, cell=Cell [x=3, y=2], subject=blue, time=2015-07-02 10:13:45.009, clock=0]
object notification: Tile [id=null, cell=Cell [x=3, y=5], subject=yellow, time=2015-07-02 10:13:45.015, clock=0]
object notification: Tile [id=null, cell=Cell [x=3, y=2], subject=blue, time=2015-07-02 10:13:45.011, clock=0]
object notification: Tile [id=null, cell=Cell [x=3, y=3], subject=blue, time=2015-07-02 10:13:45.011, clock=0]
object notification: Tile [id=null, cell=Cell [x=3, y=4], subject=yellow, time=2015-07-02 10:13:45.015, clock=0]
object notification: Tile [id=null, cell=Cell [x=3, y=5], subject=yellow, time=2015-07-02 10:13:45.018, clock=0]
object notification: Tile [id=null, cell=Cell [x=3, y=4], subject=yellow, time=2015-07-02 10:13:45.014, clock=0]
object notification: Tile [id=null, cell=Cell [x=3, y=3], subject=blue, time=2015-07-02 10:13:45.014, clock=0]
object notification: Tile [id=null, cell=Cell [x=4, y=0], subject=brown, time=2015-07-02 10:13:45.018, clock=0]
object notification: Tile [id=null, cell=Cell [x=3, y=5], subject=yellow, time=2015-07-02 10:13:45.015, clock=0]
object notification: Tile [id=null, cell=Cell [x=4, y=0], subject=brown, time=2015-07-02 10:13:45.02, clock=0]
object notification: Tile [id=null, cell=Cell [x=3, y=4], subject=yellow, time=2015-07-02 10:13:45.015, clock=0]
object notification: Tile [id=null, cell=Cell [x=4, y=1], subject=blue, time=2015-07-02 10:13:45.021, clock=0]
org notification: Tile [id=null, cell=Cell [x=1, y=4], subject=blue, time=2015-07-02 10:13:44.989, clock=0]
object notification: Tile [id=null, cell=Cell [x=4, y=1], subject=blue, time=2015-07-02 10:13:45.023, clock=0]
object notification: Tile [id=null, cell=Cell [x=3, y=5], subject=yellow, time=2015-07-02 10:13:45.018, clock=0]
object notification: Tile [id=null, cell=Cell [x=4, y=2], subject=yellow, time=2015-07-02 10:13:45.023, clock=0]
object notification: Tile [id=null, cell=Cell [x=4, y=0], subject=brown, time=2015-07-02 10:13:45.018, clock=0]
object notification: Tile [id=null, cell=Cell [x=4, y=2], subject=yellow, time=2015-07-02 10:13:45.025, clock=0]
object notification: Tile [id=null, cell=Cell [x=4, y=0], subject=brown, time=2015-07-02 10:13:45.02, clock=0]
object notification: Tile [id=null, cell=Cell [x=4, y=1], subject=blue, time=2015-07-02 10:13:45.021, clock=0]
object notification: Tile [id=null, cell=Cell [x=4, y=3], subject=blue, time=2015-07-02 10:13:45.025, clock=0]
object notification: Tile [id=null, cell=Cell [x=4, y=2], subject=yellow, time=2015-07-02 10:13:45.023, clock=0]
object notification: Tile [id=null, cell=Cell [x=4, y=4], subject=brown, time=2015-07-02 10:13:45.028, clock=0]
object notification: Tile [id=null, cell=Cell [x=4, y=3], subject=blue, time=2015-07-02 10:13:45.028, clock=0]
object notification: Tile [id=null, cell=Cell [x=4, y=1], subject=blue, time=2015-07-02 10:13:45.023, clock=0]
org notification: Tile [id=null, cell=Cell [x=2, y=0], subject=white, time=2015-07-02 10:13:44.991, clock=0]
object notification: Tile [id=null, cell=Cell [x=4, y=5], subject=yellow, time=2015-07-02 10:13:45.03, clock=0]
object notification: Tile [id=null, cell=Cell [x=4, y=4], subject=brown, time=2015-07-02 10:13:45.03, clock=0]
object notification: Tile [id=null, cell=Cell [x=4, y=3], subject=blue, time=2015-07-02 10:13:45.025, clock=0]
object notification: Tile [id=null, cell=Cell [x=4, y=5], subject=yellow, time=2015-07-02 10:13:45.033, clock=0]
object notification: Tile [id=null, cell=Cell [x=5, y=0], subject=yellow, time=2015-07-02 10:13:45.033, clock=0]
object notification: Tile [id=null, cell=Cell [x=4, y=2], subject=yellow, time=2015-07-02 10:13:45.025, clock=0]
object notification: Tile [id=null, cell=Cell [x=5, y=0], subject=yellow, time=2015-07-02 10:13:45.035, clock=0]
object notification: Tile [id=null, cell=Cell [x=5, y=1], subject=white, time=2015-07-02 10:13:45.035, clock=0]
org notification: Tile [id=null, cell=Cell [x=1, y=5], subject=brown, time=2015-07-02 10:13:44.991, clock=0]
object notification: Tile [id=null, cell=Cell [x=4, y=4], subject=brown, time=2015-07-02 10:13:45.028, clock=0]
object notification: Tile [id=null, cell=Cell [x=4, y=3], subject=blue, time=2015-07-02 10:13:45.028, clock=0]
object notification: Tile [id=null, cell=Cell [x=5, y=1], subject=white, time=2015-07-02 10:13:45.037, clock=0]
object notification: Tile [id=null, cell=Cell [x=4, y=5], subject=yellow, time=2015-07-02 10:13:45.03, clock=0]
object notification: Tile [id=null, cell=Cell [x=4, y=4], subject=brown, time=2015-07-02 10:13:45.03, clock=0]
object notification: Tile [id=null, cell=Cell [x=5, y=2], subject=brown, time=2015-07-02 10:13:45.037, clock=0]
object notification: Tile [id=null, cell=Cell [x=4, y=5], subject=yellow, time=2015-07-02 10:13:45.033, clock=0]
object notification: Tile [id=null, cell=Cell [x=5, y=3], subject=yellow, time=2015-07-02 10:13:45.039, clock=0]
object notification: Tile [id=null, cell=Cell [x=5, y=0], subject=yellow, time=2015-07-02 10:13:45.033, clock=0]
object notification: Tile [id=null, cell=Cell [x=5, y=2], subject=brown, time=2015-07-02 10:13:45.039, clock=0]
object notification: Tile [id=null, cell=Cell [x=5, y=0], subject=yellow, time=2015-07-02 10:13:45.035, clock=0]
org notification: Tile [id=null, cell=Cell [x=2, y=1], subject=white, time=2015-07-02 10:13:44.993, clock=0]
object notification: Tile [id=null, cell=Cell [x=5, y=1], subject=white, time=2015-07-02 10:13:45.035, clock=0]
object notification: Tile [id=null, cell=Cell [x=5, y=4], subject=blue, time=2015-07-02 10:13:45.042, clock=0]
object notification: Tile [id=null, cell=Cell [x=5, y=3], subject=yellow, time=2015-07-02 10:13:45.043, clock=0]
object notification: Tile [id=null, cell=Cell [x=5, y=1], subject=white, time=2015-07-02 10:13:45.037, clock=0]
object notification: Tile [id=null, cell=Cell [x=5, y=4], subject=blue, time=2015-07-02 10:13:45.045, clock=0]
object notification: Tile [id=null, cell=Cell [x=5, y=2], subject=brown, time=2015-07-02 10:13:45.037, clock=0]
object notification: Tile [id=null, cell=Cell [x=5, y=3], subject=yellow, time=2015-07-02 10:13:45.039, clock=0]
object notification: Tile [id=null, cell=Cell [x=5, y=2], subject=brown, time=2015-07-02 10:13:45.039, clock=0]
object notification: Tile [id=null, cell=Cell [x=5, y=5], subject=brown, time=2015-07-02 10:13:45.045, clock=0]
object notification: Tile [id=null, cell=Cell [x=5, y=3], subject=yellow, time=2015-07-02 10:13:45.043, clock=0]
org notification: Tile [id=null, cell=Cell [x=2, y=0], subject=white, time=2015-07-02 10:13:44.994, clock=0]
object notification: Tile [id=null, cell=Cell [x=5, y=4], subject=blue, time=2015-07-02 10:13:45.042, clock=0]
object notification: Tile [id=null, cell=Cell [x=5, y=5], subject=brown, time=2015-07-02 10:13:45.045, clock=0]
object notification: Tile [id=null, cell=Cell [x=5, y=4], subject=blue, time=2015-07-02 10:13:45.045, clock=0]
object notification: Tile [id=null, cell=Cell [x=5, y=5], subject=brown, time=2015-07-02 10:13:45.048, clock=0]
org notification: Tile [id=null, cell=Cell [x=2, y=2], subject=brown, time=2015-07-02 10:13:44.995, clock=0]
org notification: Position [subject=a20, id=null, cell=Cell [x=0, y=6], time=2015-07-02 10:13:45.39, clock=0]
object notification: Tile [id=null, cell=Cell [x=5, y=5], subject=brown, time=2015-07-02 10:13:45.048, clock=0]
org notification: Tile [id=null, cell=Cell [x=2, y=1], subject=white, time=2015-07-02 10:13:44.996, clock=0]
org notification: Position [subject=a20, id=null, cell=Cell [x=0, y=6], time=2015-07-02 10:13:45.408, clock=0]
org notification: Tile [id=null, cell=Cell [x=2, y=2], subject=brown, time=2015-07-02 10:13:44.998, clock=0]
org notification: Position [subject=a30, id=null, cell=Cell [x=6, y=6], time=2015-07-02 10:13:45.496, clock=0]
org notification: Tile [id=null, cell=Cell [x=2, y=3], subject=blue, time=2015-07-02 10:13:44.998, clock=0]
org notification: Tile [id=null, cell=Cell [x=2, y=4], subject=white, time=2015-07-02 10:13:45.001, clock=0]
org notification: Tile [id=null, cell=Cell [x=2, y=3], subject=blue, time=2015-07-02 10:13:45.001, clock=0]
org notification: Tile [id=null, cell=Cell [x=2, y=4], subject=white, time=2015-07-02 10:13:45.003, clock=0]
org notification: Tile [id=null, cell=Cell [x=2, y=5], subject=brown, time=2015-07-02 10:13:45.003, clock=0]
org notification: Tile [id=null, cell=Cell [x=2, y=5], subject=brown, time=2015-07-02 10:13:45.005, clock=0]
org notification: Tile [id=null, cell=Cell [x=3, y=0], subject=white, time=2015-07-02 10:13:45.005, clock=0]
org notification: Tile [id=null, cell=Cell [x=3, y=1], subject=yellow, time=2015-07-02 10:13:45.007, clock=0]
org notification: Tile [id=null, cell=Cell [x=3, y=0], subject=white, time=2015-07-02 10:13:45.007, clock=0]
org notification: Tile [id=null, cell=Cell [x=3, y=2], subject=blue, time=2015-07-02 10:13:45.009, clock=0]
org notification: Tile [id=null, cell=Cell [x=3, y=1], subject=yellow, time=2015-07-02 10:13:45.009, clock=0]
org notification: Tile [id=null, cell=Cell [x=3, y=2], subject=blue, time=2015-07-02 10:13:45.011, clock=0]
org notification: Tile [id=null, cell=Cell [x=3, y=3], subject=blue, time=2015-07-02 10:13:45.011, clock=0]
org notification: Tile [id=null, cell=Cell [x=3, y=4], subject=yellow, time=2015-07-02 10:13:45.014, clock=0]
org notification: Tile [id=null, cell=Cell [x=3, y=3], subject=blue, time=2015-07-02 10:13:45.014, clock=0]
org notification: Tile [id=null, cell=Cell [x=3, y=5], subject=yellow, time=2015-07-02 10:13:45.015, clock=0]
org notification: Tile [id=null, cell=Cell [x=3, y=4], subject=yellow, time=2015-07-02 10:13:45.015, clock=0]
org notification: Tile [id=null, cell=Cell [x=3, y=5], subject=yellow, time=2015-07-02 10:13:45.018, clock=0]
org notification: Tile [id=null, cell=Cell [x=4, y=0], subject=brown, time=2015-07-02 10:13:45.018, clock=0]
org notification: Tile [id=null, cell=Cell [x=4, y=0], subject=brown, time=2015-07-02 10:13:45.02, clock=0]
org notification: Tile [id=null, cell=Cell [x=4, y=1], subject=blue, time=2015-07-02 10:13:45.021, clock=0]
org notification: Tile [id=null, cell=Cell [x=4, y=2], subject=yellow, time=2015-07-02 10:13:45.023, clock=0]
org notification: Tile [id=null, cell=Cell [x=4, y=1], subject=blue, time=2015-07-02 10:13:45.023, clock=0]
org notification: Tile [id=null, cell=Cell [x=4, y=3], subject=blue, time=2015-07-02 10:13:45.025, clock=0]
org notification: Tile [id=null, cell=Cell [x=4, y=2], subject=yellow, time=2015-07-02 10:13:45.025, clock=0]
org notification: Tile [id=null, cell=Cell [x=4, y=4], subject=brown, time=2015-07-02 10:13:45.028, clock=0]
org notification: Tile [id=null, cell=Cell [x=4, y=3], subject=blue, time=2015-07-02 10:13:45.028, clock=0]
org notification: Tile [id=null, cell=Cell [x=4, y=5], subject=yellow, time=2015-07-02 10:13:45.03, clock=0]
org notification: Tile [id=null, cell=Cell [x=4, y=4], subject=brown, time=2015-07-02 10:13:45.03, clock=0]
org notification: Tile [id=null, cell=Cell [x=4, y=5], subject=yellow, time=2015-07-02 10:13:45.033, clock=0]
org notification: Tile [id=null, cell=Cell [x=5, y=0], subject=yellow, time=2015-07-02 10:13:45.033, clock=0]
org notification: Tile [id=null, cell=Cell [x=5, y=0], subject=yellow, time=2015-07-02 10:13:45.035, clock=0]
org notification: Tile [id=null, cell=Cell [x=5, y=1], subject=white, time=2015-07-02 10:13:45.035, clock=0]
org notification: Tile [id=null, cell=Cell [x=5, y=2], subject=brown, time=2015-07-02 10:13:45.037, clock=0]
org notification: Tile [id=null, cell=Cell [x=5, y=1], subject=white, time=2015-07-02 10:13:45.037, clock=0]
org notification: Tile [id=null, cell=Cell [x=5, y=3], subject=yellow, time=2015-07-02 10:13:45.039, clock=0]
org notification: Tile [id=null, cell=Cell [x=5, y=2], subject=brown, time=2015-07-02 10:13:45.039, clock=0]
org notification: Tile [id=null, cell=Cell [x=5, y=3], subject=yellow, time=2015-07-02 10:13:45.043, clock=0]
org notification: Tile [id=null, cell=Cell [x=5, y=4], subject=blue, time=2015-07-02 10:13:45.042, clock=0]
org notification: Tile [id=null, cell=Cell [x=5, y=5], subject=brown, time=2015-07-02 10:13:45.045, clock=0]
org notification: Tile [id=null, cell=Cell [x=5, y=4], subject=blue, time=2015-07-02 10:13:45.045, clock=0]
org notification: Tile [id=null, cell=Cell [x=5, y=5], subject=brown, time=2015-07-02 10:13:45.048, clock=0]
org notification: Position [subject=a30, id=null, cell=Cell [x=6, y=6], time=2015-07-02 10:13:45.516, clock=0]
object notification: Position [subject=a40, id=null, cell=Cell [x=6, y=0], time=2015-07-02 10:13:45.546, clock=0]
object notification: Position [subject=a40, id=null, cell=Cell [x=6, y=0], time=2015-07-02 10:13:45.62, clock=0]
org notification: Position [subject=a40, id=null, cell=Cell [x=6, y=0], time=2015-07-02 10:13:45.546, clock=0]
org notification: Position [subject=a40, id=null, cell=Cell [x=6, y=0], time=2015-07-02 10:13:45.62, clock=0]
org notification: Group [name=g, ra=a20, type=raaa, clock=0, time=2015-07-02 10:13:47.217]
object notification: Obligation [subject=a10, obligation=[makeMove(0, 0, a10)], sanction=[reduce(a10, 200)], deadline=15, time=2015-07-02 10:14:47.171, clock=0]
object notification: Obligation [subject=a40, obligation=[makeMove(6, 0, a40)], sanction=[reduce(a40, 200)], deadline=15, time=2015-07-02 10:14:47.18, clock=0]
object notification: Obligation [subject=a30, obligation=[makeMove(6, 6, a30)], sanction=[reduce(a30, 200)], deadline=15, time=2015-07-02 10:14:47.176, clock=0]
object notification: Prohibition [subject=a10, prohibition=[moveTooFast(a10)], sanction=[reduce(a10, 100)], clock=0, time=2015-07-02 10:14:47.2]
object notification: Prohibition [subject=a30, prohibition=[moveTooFast(a30)], sanction=[reduce(a30, 100)], clock=0, time=2015-07-02 10:14:47.208]
org notification: Group [name=g, ra=a20, type=raaa, clock=0, time=2015-07-02 10:13:47.232]
object notification: Prohibition [subject=a40, prohibition=[moveTooFast(a40)], sanction=[reduce(a40, 100)], clock=0, time=2015-07-02 10:14:47.211]
object notification: Points [subject=a10, time=2015-07-02 10:14:47.221, clock=0, value=900, id=null]
Event processed @ctenv(functionToList(message(game_initialized)),LIST,0); if B(LIST=[actionresult([TYPE,ID,RESPONSE])]) then if B(TYPE=response) then ReceivedResponse(RESPONSE, ID) else if B(LIST=[actionresult([TYPE])]) then ReceivedEvent(TYPE) else if B(LIST=[actionresult([TYPE,AGENT,ID,RESPONSE])]) then if B(TYPE=proposal) then ReceivedProposal(AGENT, ID, RESPONSE)
Event processed @ctenv(functionToList(message(game_initialized)),LIST,0); if B(LIST=[actionresult([TYPE,ID,RESPONSE])]) then if B(TYPE=response) then ReceivedResponse(RESPONSE, ID) else if B(LIST=[actionresult([TYPE])]) then ReceivedEvent(TYPE) else if B(LIST=[actionresult([TYPE,AGENT,ID,RESPONSE])]) then if B(TYPE=proposal) then ReceivedProposal(AGENT, ID, RESPONSE)
Event processed @ctenv(functionToList(message(game_initialized)),LIST,0); if B(LIST=[actionresult([TYPE,ID,RESPONSE])]) then if B(TYPE=response) then ReceivedResponse(RESPONSE, ID) else if B(LIST=[actionresult([TYPE])]) then ReceivedEvent(TYPE) else if B(LIST=[actionresult([TYPE,AGENT,ID,RESPONSE])]) then if B(TYPE=proposal) then ReceivedProposal(AGENT, ID, RESPONSE)
Event processed @ctenv(functionToList(message(game_initialized)),LIST,0); if B(LIST=[actionresult([TYPE,ID,RESPONSE])]) then if B(TYPE=response) then ReceivedResponse(RESPONSE, ID) else if B(LIST=[actionresult([TYPE])]) then ReceivedEvent(TYPE) else if B(LIST=[actionresult([TYPE,AGENT,ID,RESPONSE])]) then if B(TYPE=proposal) then ReceivedProposal(AGENT, ID, RESPONSE)
Event processed @ctenv(functionToList(message(game_initialized)),LIST,0); if B(LIST=[actionresult([TYPE,ID,RESPONSE])]) then if B(TYPE=response) then ReceivedResponse(RESPONSE, ID) else if B(LIST=[actionresult([TYPE])]) then ReceivedEvent(TYPE) else if B(LIST=[actionresult([TYPE,AGENT,ID,RESPONSE])]) then if B(TYPE=proposal) then ReceivedProposal(AGENT, ID, RESPONSE)
Event processed @ctenv(functionToList(message(game_initialized)),LIST,0); if B(LIST=[actionresult([TYPE,ID,RESPONSE])]) then if B(TYPE=response) then ReceivedResponse(RESPONSE, ID) else if B(LIST=[actionresult([TYPE])]) then ReceivedEvent(TYPE) else if B(LIST=[actionresult([TYPE,AGENT,ID,RESPONSE])]) then if B(TYPE=proposal) then ReceivedProposal(AGENT, ID, RESPONSE)
Event processed UpdateTile(brown, 0, 0)
Event processed UpdateTile(brown, 0, 0)
Event processed UpdateTile(brown, 0, 0)
Event processed UpdateTile(brown, 0, 0)
Event processed UpdateTile(brown, 0, 0)
Event processed UpdateTile(brown, 0, 0)
Event processed UpdateTile(brown, 0, 1)
Event processed UpdateTile(brown, 0, 1)
Event processed UpdateTile(brown, 0, 1)
Event processed UpdateTile(brown, 0, 1)
Event processed UpdateTile(brown, 0, 1)
Event processed UpdateTile(white, 0, 2)
Event processed UpdateTile(brown, 0, 1)
Event processed UpdateTile(white, 0, 2)
Event processed UpdateTile(white, 0, 2)
Event processed UpdateTile(white, 0, 2)
Event processed UpdateTile(white, 0, 2)
Event processed UpdateTile(white, 0, 2)
Event processed UpdateTile(yellow, 0, 3)
Event processed UpdateTile(yellow, 0, 3)
Event processed UpdateTile(yellow, 0, 3)
Event processed UpdatePosition(0, 0, 0)
Event processed UpdateTile(yellow, 0, 3)
Event processed UpdateTile(yellow, 0, 3)
Event processed UpdateTile(brown, 0, 4)
Event processed UpdateTile(yellow, 0, 3)
Event processed UpdateTile(brown, 0, 4)
Event processed UpdateTile(brown, 0, 4)
Event processed UpdateTile(brown, 0, 4)
Event processed UpdateTile(brown, 0, 4)
Event processed UpdateTile(brown, 0, 4)
Event processed UpdateTile(blue, 0, 5)
Event processed UpdateTile(blue, 0, 5)
Event processed UpdateTile(blue, 0, 5)
Event processed UpdateTile(blue, 0, 5)
Event processed UpdateTile(blue, 0, 5)
Event processed UpdateTile(blue, 0, 5)
Event processed UpdateTile(brown, 1, 0)
Event processed UpdateTile(brown, 1, 0)
Event processed UpdateTile(brown, 1, 0)
Event processed UpdateTile(brown, 1, 0)
Event processed UpdateTile(brown, 1, 0)
Event processed UpdateTile(yellow, 1, 1)
Event processed UpdateTile(yellow, 1, 1)
Event processed UpdateTile(white, 1, 2)
Event processed UpdateTile(brown, 1, 0)
Event processed UpdateTile(white, 1, 2)
Event processed UpdateTile(yellow, 1, 1)
Event processed UpdateTile(yellow, 1, 1)
Event processed UpdateTile(white, 1, 2)
Event processed UpdateTile(yellow, 1, 1)
Event processed UpdateTile(white, 1, 2)
Event processed UpdateTile(white, 1, 2)
Event processed UpdateTile(white, 1, 3)
Event processed UpdateTile(yellow, 1, 1)
Event processed UpdateTile(white, 1, 3)
Event processed UpdateTile(white, 1, 2)
Event processed UpdateTile(blue, 1, 4)
Event processed UpdateTile(white, 1, 3)
Event processed UpdateTile(white, 1, 3)
Event processed UpdateTile(white, 1, 3)
Event processed UpdateTile(white, 1, 3)
Event processed UpdateTile(blue, 1, 4)
Event processed UpdateTile(blue, 1, 4)
Event processed UpdateTile(brown, 1, 5)
Event processed UpdateTile(brown, 1, 5)
Event processed UpdateTile(blue, 1, 4)
Event processed UpdateTile(blue, 1, 4)
Event processed UpdateTile(brown, 1, 5)
Event processed UpdateTile(white, 2, 0)
Event processed UpdateTile(white, 2, 0)
Event processed UpdateTile(brown, 1, 5)
Event processed UpdateTile(white, 2, 1)
Event processed UpdateTile(blue, 1, 4)
Event processed UpdatePosition(0, 0, 0)
Event processed UpdateTile(white, 2, 0)
Event processed UpdateTile(white, 2, 0)
Event processed UpdateTile(brown, 1, 5)
Event processed UpdateTile(brown, 2, 2)
Event processed UpdateTile(white, 2, 1)
Event processed UpdateTile(white, 2, 1)
Event processed UpdateTile(white, 2, 0)
Event processed UpdateTile(brown, 2, 2)
Event processed UpdateTile(brown, 2, 2)
Event processed UpdateTile(blue, 2, 3)
Event processed UpdateTile(white, 2, 1)
Event processed UpdateTile(brown, 1, 5)
Event processed UpdateTile(blue, 2, 3)
Event processed UpdateTile(brown, 2, 2)
Event processed UpdateTile(white, 2, 1)
Event processed UpdateTile(white, 2, 4)
Event processed UpdateTile(blue, 2, 3)
Event processed UpdateTile(white, 2, 0)
Event processed UpdateTile(blue, 2, 3)
Event processed UpdatePosition(6, 6, 0)
Event processed UpdateTile(brown, 2, 2)
Event processed UpdateTile(white, 2, 4)
Event processed UpdatePosition(6, 6, 0)
Event processed UpdateTile(brown, 2, 5)
Event processed UpdateTile(white, 2, 1)
Event processed UpdateTile(white, 3, 0)
Event processed UpdateTile(brown, 2, 5)
Event processed UpdateTile(brown, 2, 2)
Event processed UpdateTile(yellow, 3, 1)
Event processed UpdateTile(blue, 2, 3)
Event processed UpdateTile(white, 3, 0)
Event processed UpdateTile(blue, 2, 3)
Event processed UpdateTile(yellow, 3, 1)
Event processed UpdateTile(white, 2, 4)
Event processed UpdateTile(blue, 3, 2)
Event processed UpdateTile(white, 2, 4)
Event processed UpdateTile(blue, 3, 2)
Event processed UpdateTile(white, 2, 4)
Event processed UpdateTile(brown, 2, 5)
Event processed UpdateTile(blue, 3, 3)
Event processed UpdateTile(white, 3, 0)
Event processed UpdateTile(brown, 2, 5)
Event processed UpdateTile(yellow, 3, 1)
Event processed UpdateTile(blue, 3, 3)
Event processed UpdateTile(white, 3, 0)
Event processed UpdateTile(yellow, 3, 4)
Event processed UpdateTile(yellow, 3, 1)
Event processed UpdateTile(yellow, 3, 5)
Event processed UpdateTile(yellow, 3, 4)
Event processed UpdateTile(white, 2, 4)
Event processed UpdateTile(yellow, 3, 5)
Event processed UpdateTile(blue, 3, 2)
Event processed UpdateTile(brown, 4, 0)
Event processed UpdateTile(blue, 3, 2)
Event processed UpdateTile(blue, 3, 3)
Event processed UpdateTile(brown, 4, 0)
Event processed UpdateTile(yellow, 3, 4)
Event processed UpdateTile(blue, 4, 1)
Event processed UpdateTile(blue, 4, 1)
Event processed UpdateTile(brown, 2, 5)
Event processed UpdateTile(yellow, 4, 2)
Event processed UpdateTile(white, 3, 0)
Event processed UpdateTile(yellow, 4, 2)
Event processed UpdateTile(brown, 2, 5)
Event processed UpdateTile(blue, 4, 3)
Event processed UpdateTile(white, 3, 0)
Event processed UpdateTile(brown, 4, 4)
Event processed UpdateTile(yellow, 3, 1)
Event processed UpdateTile(blue, 4, 3)
Event processed UpdateTile(blue, 3, 3)
Event processed UpdateTile(yellow, 4, 5)
Event processed UpdateTile(yellow, 3, 5)
Event processed UpdateTile(brown, 4, 4)
Event processed UpdateTile(yellow, 3, 4)
Event processed UpdateTile(yellow, 4, 5)
Event processed UpdateTile(yellow, 3, 5)
Event processed UpdateTile(yellow, 5, 0)
Event processed UpdateTile(brown, 4, 0)
Event processed UpdateTile(yellow, 5, 0)
Event processed UpdateTile(brown, 4, 0)
Event processed UpdateTile(white, 5, 1)
Event processed UpdateTile(yellow, 3, 1)
Event processed UpdateTile(white, 5, 1)
Event processed UpdateTile(blue, 3, 2)
Event processed UpdateTile(brown, 5, 2)
Event processed UpdateTile(blue, 3, 2)
Event processed UpdateTile(blue, 3, 3)
Event processed UpdateTile(yellow, 5, 3)
Event processed UpdateTile(blue, 3, 3)
Event processed UpdateTile(brown, 5, 2)
Event processed UpdateTile(yellow, 3, 4)
Event processed UpdateTile(blue, 5, 4)
Event processed UpdateTile(yellow, 3, 5)
Event processed UpdateTile(yellow, 5, 3)
Event processed UpdateTile(yellow, 3, 4)
Event processed UpdateTile(blue, 5, 4)
Event processed UpdateTile(yellow, 3, 5)
Event processed UpdateTile(brown, 5, 5)
Event processed UpdateTile(brown, 4, 0)
Event processed UpdateTile(brown, 4, 0)
Event processed UpdateTile(brown, 5, 5)
Event processed UpdateTile(blue, 4, 1)
Event processed adoptObligation(makeMove(0, 0, a10), 15, reduce(a10, 200))
Event processed UpdateTile(blue, 4, 1)
Event processed adoptProhibition(moveTooFast(a10), reduce(a10, 100))
Event processed UpdateTile(blue, 4, 1)
Event processed UpdatePoints(900)
Event processed UpdateTile(yellow, 4, 2)
Event processed UpdateTile(yellow, 4, 2)
Event processed UpdateTile(yellow, 4, 2)
Event processed UpdateTile(blue, 4, 1)
Event processed UpdateTile(blue, 4, 3)
Event processed UpdateTile(blue, 4, 3)
Event processed UpdateTile(brown, 4, 4)
Event processed UpdateTile(yellow, 4, 2)
Event processed UpdateTile(blue, 4, 3)
Event processed UpdateTile(yellow, 4, 5)
Event processed UpdateTile(brown, 4, 4)
Event processed UpdateTile(brown, 4, 4)
Event processed UpdateTile(blue, 4, 3)
Event processed UpdateTile(yellow, 4, 5)
Event processed UpdateTile(brown, 4, 4)
Event processed UpdateTile(yellow, 4, 5)
Event processed UpdateTile(yellow, 5, 0)
Event processed UpdateTile(yellow, 5, 0)
Event processed UpdateTile(white, 5, 1)
Event processed UpdateTile(yellow, 4, 5)
Event processed UpdateTile(white, 5, 1)
Event processed UpdateTile(yellow, 5, 0)
Event processed UpdateTile(brown, 5, 2)
Event processed UpdateTile(yellow, 5, 3)
Event processed UpdateTile(brown, 5, 2)
Event processed UpdateTile(yellow, 5, 0)
Event processed UpdateTile(blue, 5, 4)
Event processed UpdateTile(white, 5, 1)
Event processed UpdateTile(white, 5, 1)
Event processed UpdateTile(brown, 5, 2)
Event processed UpdateTile(yellow, 5, 3)
Event processed UpdateTile(brown, 5, 2)
Event processed UpdateTile(yellow, 5, 3)
Event processed UpdateTile(blue, 5, 4)
Event processed UpdateTile(yellow, 5, 3)
Event processed UpdateTile(brown, 5, 5)
Event processed UpdateTile(blue, 5, 4)
Event processed UpdateTile(blue, 5, 4)
Event processed UpdateTile(brown, 5, 5)
Event processed UpdateTile(brown, 5, 5)
Event processed UpdatePosition(6, 0, 0)
Event processed UpdateTile(brown, 5, 5)
Event processed UpdatePosition(6, 0, 0)
Event processed adoptObligation(makeMove(6, 0, a40), 15, reduce(a40, 200))
Event processed adoptProhibition(moveTooFast(a40), reduce(a40, 100))
Event processed adoptObligation(makeMove(6, 6, a30), 15, reduce(a30, 200))
Event processed adoptProhibition(moveTooFast(a30), reduce(a30, 100))
[CTAH] Array of Terms: [Lapapl.data.Term;@6f8adce0
[CTAH] The created APLList : [game_initialized]
[CTAH] Array of Terms: [Lapapl.data.Term;@1183eeb0
[CTAH] The created APLList : [game_initialized]
[CTAH] Array of Terms: [Lapapl.data.Term;@36eb1ba3
[CTAH] The created APLList : [game_initialized]
[CTAH] Array of Terms: [Lapapl.data.Term;@5638680
[CTAH] The created APLList : [game_initialized]
[CTAH] Array of Terms: [Lapapl.data.Term;@7b3abf3d
[CTAH] The created APLList : [game_initialized]
[CTAH] Array of Terms: [Lapapl.data.Term;@731cf7d7
[CTAH] The created APLList : [game_initialized]
obligation to be adopted: makeMove(0, 0, 200) : 2 Jul 2015 09:31:41 GMT, priority 10
obligation to be adopted: makeMove(6, 0, 200) : 2 Jul 2015 09:31:41 GMT, priority 10
obligation to be adopted: makeMove(6, 6, 200) : 2 Jul 2015 09:31:41 GMT, priority 10
[CTAH] Agentposition: [0,0]
[CTAH] Agentposition: [0,6]
[CTAH] Agentposition: [6,6]
object notification: Points [subject=a30, time=2015-07-02 10:14:47.25, clock=0, value=900, id=null]
org notification: Time [clock=1, time=2015-07-02 10:14:57.13]
object notification: Points [subject=a40, time=2015-07-02 10:14:47.254, clock=0, value=900, id=null]
object notification: Time [clock=1, time=2015-07-02 10:14:57.13]
Event processed UpdatePoints(900)
Event processed UpdateClock(1)
Event processed UpdatePoints(900)
object notification: Time [clock=1, time=2015-07-02 10:14:57.13]
Event processed UpdateClock(1)
object notification: Time [clock=1, time=2015-07-02 10:14:57.13]
Event processed UpdateClock(1)
object notification: Time [clock=2, time=2015-07-02 10:14:57.271]
Event processed UpdateClock(2)
setPhases in ClientGameStatus, the current phase is Movement Phase
setPhases in ClientGameStatus, the current phase is Movement Phase
setPhases in ClientGameStatus, the current phase is Movement Phase
Event processed @ctenv(functionToList(message(phasechange)),LIST,0); if B(LIST=[actionresult([TYPE,ID,RESPONSE])]) then if B(TYPE=response) then ReceivedResponse(RESPONSE, ID) else if B(LIST=[actionresult([TYPE])]) then ReceivedEvent(TYPE) else if B(LIST=[actionresult([TYPE,AGENT,ID,RESPONSE])]) then if B(TYPE=proposal) then ReceivedProposal(AGENT, ID, RESPONSE)
Event processed @ctenv(functionToList(message(phasechange)),LIST,0); if B(LIST=[actionresult([TYPE,ID,RESPONSE])]) then if B(TYPE=response) then ReceivedResponse(RESPONSE, ID) else if B(LIST=[actionresult([TYPE])]) then ReceivedEvent(TYPE) else if B(LIST=[actionresult([TYPE,AGENT,ID,RESPONSE])]) then if B(TYPE=proposal) then ReceivedProposal(AGENT, ID, RESPONSE)
Event processed @ctenv(functionToList(message(phasechange)),LIST,0); if B(LIST=[actionresult([TYPE,ID,RESPONSE])]) then if B(TYPE=response) then ReceivedResponse(RESPONSE, ID) else if B(LIST=[actionresult([TYPE])]) then ReceivedEvent(TYPE) else if B(LIST=[actionresult([TYPE,AGENT,ID,RESPONSE])]) then if B(TYPE=proposal) then ReceivedProposal(AGENT, ID, RESPONSE)
[CTAH] Array of Terms: [Lapapl.data.Term;@1195a679
[CTAH] The created APLList : [phasechange]
[CTAH] Array of Terms: [Lapapl.data.Term;@51827002
[CTAH] The created APLList : [phasechange]
[CTAH] Array of Terms: [Lapapl.data.Term;@a7ab0f7
[CTAH] The created APLList : [phasechange]
org notification: Time [clock=2, time=2015-07-02 10:14:57.271]
object notification: Time [clock=2, time=2015-07-02 10:14:57.271]
Event processed UpdateClock(2)
object notification: Time [clock=2, time=2015-07-02 10:14:57.271]
Event processed UpdateClock(2)
object notification: Time [clock=3, time=2015-07-02 10:15:07.135]
object notification: Time [clock=3, time=2015-07-02 10:15:07.135]
org notification: Time [clock=3, time=2015-07-02 10:15:07.135]
object notification: Time [clock=3, time=2015-07-02 10:15:07.135]
object notification: Time [clock=4, time=2015-07-02 10:15:07.274]
org notification: Time [clock=4, time=2015-07-02 10:15:07.274]
Event processed UpdateClock(3)
Event processed UpdateClock(4)
Event processed UpdateClock(3)
Event processed UpdateClock(3)
object notification: Time [clock=4, time=2015-07-02 10:15:07.274]
Event processed UpdateClock(4)
object notification: Time [clock=4, time=2015-07-02 10:15:07.274]
org notification: Time [clock=5, time=2015-07-02 10:15:17.138]
object notification: Time [clock=5, time=2015-07-02 10:15:17.138]
Event processed UpdateClock(4)
Event processed UpdateClock(5)
object notification: Time [clock=5, time=2015-07-02 10:15:17.138]
object notification: Time [clock=5, time=2015-07-02 10:15:17.138]
object notification: Time [clock=6, time=2015-07-02 10:15:17.276]
Event processed UpdateClock(5)
Event processed UpdateClock(6)
Event processed UpdateClock(5)
object notification: Time [clock=6, time=2015-07-02 10:15:17.276]
org notification: Time [clock=6, time=2015-07-02 10:15:17.276]
object notification: Time [clock=6, time=2015-07-02 10:15:17.276]
object notification: Time [clock=7, time=2015-07-02 10:15:27.142]
object notification: Time [clock=7, time=2015-07-02 10:15:27.142]
object notification: Time [clock=7, time=2015-07-02 10:15:27.142]
object notification: Time [clock=8, time=2015-07-02 10:15:27.279]
object notification: Time [clock=8, time=2015-07-02 10:15:27.279]
object notification: Time [clock=8, time=2015-07-02 10:15:27.279]
org notification: Time [clock=7, time=2015-07-02 10:15:27.142]
object notification: Time [clock=9, time=2015-07-02 10:15:37.145]
object notification: Time [clock=9, time=2015-07-02 10:15:37.145]
object notification: Time [clock=9, time=2015-07-02 10:15:37.145]
object notification: Time [clock=10, time=2015-07-02 10:15:37.283]
object notification: Time [clock=10, time=2015-07-02 10:15:37.283]
object notification: Time [clock=10, time=2015-07-02 10:15:37.283]
org notification: Time [clock=8, time=2015-07-02 10:15:27.279]
org notification: Time [clock=9, time=2015-07-02 10:15:37.145]
org notification: Time [clock=10, time=2015-07-02 10:15:37.283]
object notification: Time [clock=11, time=2015-07-02 10:15:47.148]
object notification: Time [clock=11, time=2015-07-02 10:15:47.148]
object notification: Time [clock=11, time=2015-07-02 10:15:47.148]
object notification: Time [clock=12, time=2015-07-02 10:15:47.287]
org notification: Time [clock=11, time=2015-07-02 10:15:47.148]
object notification: Time [clock=12, time=2015-07-02 10:15:47.287]
org notification: Time [clock=12, time=2015-07-02 10:15:47.287]
object notification: Time [clock=12, time=2015-07-02 10:15:47.287]
Event processed UpdateClock(7)
Event processed UpdateClock(8)
Event processed UpdateClock(9)
Event processed UpdateClock(10)
Event processed UpdateClock(11)
Event processed UpdateClock(12)
Event processed UpdateClock(6)
Event processed UpdateClock(7)
Event processed UpdateClock(8)
Event processed UpdateClock(9)
Event processed UpdateClock(10)
Event processed UpdateClock(11)
Event processed UpdateClock(12)
Event processed UpdateClock(6)
Event processed UpdateClock(7)
Event processed UpdateClock(8)
Event processed UpdateClock(9)
Event processed UpdateClock(10)
Event processed UpdateClock(11)
Event processed UpdateClock(12)
org notification: Time [clock=13, time=2015-07-02 10:15:57.152]
object notification: Time [clock=13, time=2015-07-02 10:15:57.152]
object notification: Time [clock=13, time=2015-07-02 10:15:57.152]
object notification: Time [clock=13, time=2015-07-02 10:15:57.152]
Event processed UpdateClock(13)
Event processed UpdateClock(13)
Event processed UpdateClock(13)
object notification: Time [clock=14, time=2015-07-02 10:15:57.29]
org notification: Time [clock=14, time=2015-07-02 10:15:57.29]
object notification: Time [clock=14, time=2015-07-02 10:15:57.29]
object notification: Time [clock=14, time=2015-07-02 10:15:57.29]
Event processed UpdateClock(14)
Event processed UpdateClock(14)
Event processed UpdateClock(14)
object notification: Time [clock=15, time=2015-07-02 10:16:07.157]
object notification: Time [clock=15, time=2015-07-02 10:16:07.157]
org notification: Time [clock=15, time=2015-07-02 10:16:07.157]
object notification: Time [clock=15, time=2015-07-02 10:16:07.157]
Event processed UpdateClock(15)
Event processed UpdateClock(15)
Event processed UpdateClock(15)
object notification: Time [clock=16, time=2015-07-02 10:16:07.293]
object notification: Time [clock=16, time=2015-07-02 10:16:07.293]
org notification: Time [clock=16, time=2015-07-02 10:16:07.293]
object notification: Time [clock=16, time=2015-07-02 10:16:07.293]
object notification: Points [subject=a10, time=2015-07-02 10:16:07.307, clock=16, value=700, id=null]
object notification: Points [subject=a30, time=2015-07-02 10:16:07.315, clock=16, value=700, id=null]
Event processed UpdateClock(16)
Event processed UpdatePoints(700)
Event processed UpdateClock(16)
Event processed UpdateClock(16)
Event processed UpdatePoints(700)
object notification: Points [subject=a40, time=2015-07-02 10:16:07.331, clock=16, value=700, id=null]
Event processed UpdatePoints(700)
org notification: Time [clock=17, time=2015-07-02 10:16:17.16]
object notification: Time [clock=17, time=2015-07-02 10:16:17.16]
object notification: Time [clock=17, time=2015-07-02 10:16:17.16]
object notification: Time [clock=17, time=2015-07-02 10:16:17.16]
Event processed UpdateClock(17)
Event processed UpdateClock(17)
Event processed UpdateClock(17)
object notification: Time [clock=18, time=2015-07-02 10:16:17.296]
object notification: Time [clock=18, time=2015-07-02 10:16:17.296]
object notification: Time [clock=18, time=2015-07-02 10:16:17.296]
org notification: Time [clock=18, time=2015-07-02 10:16:17.296]
Event processed UpdateClock(18)
Event processed UpdateClock(18)
Event processed UpdateClock(18)
