2015-06-11 14:54:40,167 CONFIG [com.gigaspaces.logger] - Log file: /Users/dxd/gigaspaces-xap-premium-9.5.1-ga/logs/2015-06-11~14.54-gigaspaces-service-10.154.152.106-6876.log
-------------------------last log tuples start--------------------------------
Obligation [subject=a10, obligation=[respondToRequest(937)], sanction=[reduce(a10, 200)], deadline=16, time=2015-06-11 14:00:25.8, clock=13]
Goal [id=null, cell=Cell [x=3, y=2], agent=null, time=2015-06-11 13:58:08.421, clock=0]
Response [id=3099, response=accepted, clock=10, time=2015-06-11 14:00:00.052]
Obligation [subject=a10, obligation=[at(4, 2, a10)], sanction=[reduce(a10, 600)], deadline=22, time=2015-06-11 13:59:15.75, clock=6]
SetGoal [id=null, agent=a20, cell=Cell [x=2, y=2], goal=Cell [x=3, y=2], sanction=100, clock=3, time=2015-06-11 13:58:45.85]
Tile [id=null, cell=Cell [x=5, y=3], subject=yellow, time=2015-06-11 13:58:08.367, clock=0]
Tile [id=null, cell=Cell [x=3, y=2], subject=brown, time=2015-06-11 13:58:08.342, clock=0]
Response [id=5166, response=accepted, clock=12, time=2015-06-11 14:00:16.507]
SetGoal [id=null, agent=a10, cell=Cell [x=4, y=2], goal=Cell [x=3, y=2], sanction=100, clock=6, time=2015-06-11 13:59:15.747]
Time [clock=19, time=2015-06-11 14:01:21.338]
Proposal [id=5166, agent=a20, agent2=a10, clock=12, time=2015-06-11 14:00:14.724]
Position [subject=a40, id=null, cell=Cell [x=3, y=3], time=2015-06-11 14:00:32.257, clock=14]
Group [name=g, ra=a20, type=raaa, clock=0, time=2015-06-11 13:58:11.267]
Time [clock=16, time=2015-06-11 14:00:51.329]
Position [subject=a20, id=null, cell=Cell [x=1, y=3], time=2015-06-11 14:00:05.373, clock=11]
Time [clock=20, time=2015-06-11 14:01:31.341]
Time [clock=21, time=2015-06-11 14:01:41.345]
Position [subject=a40, id=null, cell=Cell [x=2, y=5], time=2015-06-11 14:00:02.642, clock=11]
Prohibition [subject=a20, prohibition=[moveTooFast(a20)], sanction=[reduce(a20, 100)], clock=0, time=2015-06-11 13:58:11.315]
Obligation [subject=a20, obligation=[at(2, 2, a20)], sanction=[reduce(a20, 600)], deadline=19, time=2015-06-11 13:58:45.861, clock=3]
Prohibition [subject=a10, prohibition=[moveTooFast(a10)], sanction=[reduce(a10, 100)], clock=0, time=2015-06-11 13:58:11.313]
SetGoal [id=null, agent=a30, cell=Cell [x=3, y=1], goal=Cell [x=3, y=2], sanction=100, clock=5, time=2015-06-11 13:59:06.93]
Time [clock=14, time=2015-06-11 14:00:31.322]
SetGoal [id=null, agent=a40, cell=Cell [x=3, y=3], goal=Cell [x=3, y=2], sanction=100, clock=4, time=2015-06-11 13:58:58.361]
Time [clock=11, time=2015-06-11 14:00:01.312]
Position [subject=a30, id=null, cell=Cell [x=3, y=0], time=2015-06-11 14:00:00.954, clock=10]
Response [id=937, response=accepted, clock=13, time=2015-06-11 14:00:27.569]
Proposal [id=3099, agent=a30, agent2=a40, clock=10, time=2015-06-11 13:59:55.119]
Obligation [subject=a10, obligation=[respondToRequest(5166)], sanction=[reduce(a10, 200)], deadline=15, time=2015-06-11 14:00:14.728, clock=12]
Time [clock=24, time=2015-06-11 14:02:11.355]
Position [subject=a10, id=null, cell=Cell [x=4, y=3], time=2015-06-11 13:59:57.463, clock=10]
Proposal [id=937, agent=a20, agent2=a10, clock=13, time=2015-06-11 14:00:25.797]
Position [subject=a40, id=null, cell=Cell [x=0, y=5], time=2015-06-11 13:58:08.823, clock=0]
Prohibition [subject=a20, prohibition=[restrictPlayer(a20)], sanction=[reduce(a20, 300)], clock=0, time=2015-06-11 13:58:11.303]
Position [subject=a40, id=null, cell=Cell [x=3, y=5], time=2015-06-11 14:00:12.81, clock=12]
Tile [id=null, cell=Cell [x=4, y=1], subject=white, time=2015-06-11 13:58:08.351, clock=0]
Obligation [subject=a10, obligation=[makeMove(4, 4, a10)], sanction=[reduce(a10, 200)], deadline=15, time=2015-06-11 13:58:11.293, clock=0]
Prohibition [subject=a40, prohibition=[moveTooFast(a40)], sanction=[reduce(a40, 100)], clock=0, time=2015-06-11 13:58:11.33]
Position [subject=a20, id=null, cell=Cell [x=1, y=2], time=2015-06-11 14:00:32.094, clock=14]
Tile [id=null, cell=Cell [x=4, y=3], subject=blue, time=2015-06-11 13:58:08.356, clock=0]
Prohibition [subject=a30, prohibition=[moveTooFast(a30)], sanction=[reduce(a30, 100)], clock=0, time=2015-06-11 13:58:11.318]
Obligation [subject=a40, obligation=[respondToRequest(3099)], sanction=[reduce(a40, 200)], deadline=13, time=2015-06-11 13:59:55.25, clock=10]
Position [subject=a20, id=null, cell=Cell [x=2, y=2], time=2015-06-11 14:00:44.694, clock=15]
Obligation [subject=a40, obligation=[makeMove(0, 5, a40)], sanction=[reduce(a40, 200)], deadline=15, time=2015-06-11 13:58:11.301, clock=0]
Obligation [subject=a40, obligation=[at(3, 3, a40)], sanction=[reduce(a40, 600)], deadline=20, time=2015-06-11 13:58:58.364, clock=4]
Time [clock=12, time=2015-06-11 14:00:11.315]
Obligation [subject=a30, obligation=[at(3, 1, a30)], sanction=[reduce(a30, 600)], deadline=21, time=2015-06-11 13:59:06.933, clock=5]
Obligation [subject=a30, obligation=[makeMove(5, 0, a30)], sanction=[reduce(a30, 200)], deadline=15, time=2015-06-11 13:58:11.297, clock=0]
Obligation [subject=a20, obligation=[surround(3, 2)], sanction=[reduce(g, 700)], deadline=20, time=2015-06-11 13:58:11.28, clock=0]
Position [subject=a30, id=null, cell=Cell [x=5, y=0], time=2015-06-11 13:58:08.762, clock=0]
Tile [id=null, cell=Cell [x=4, y=4], subject=blue, time=2015-06-11 13:58:08.357, clock=0]
Position [subject=a40, id=null, cell=Cell [x=3, y=4], time=2015-06-11 14:00:22.385, clock=13]
Obligation [subject=a20, obligation=[makeMove(1, 4, a20)], sanction=[reduce(a20, 200)], deadline=15, time=2015-06-11 13:58:11.295, clock=0]
Points [subject=a30, time=2015-06-11 14:00:00.971, clock=10, value=900, id=null]
Time [clock=10, time=2015-06-11 13:59:51.309]
Time [clock=29, time=2015-06-11 14:03:01.373]
Position [subject=a20, id=null, cell=Cell [x=1, y=4], time=2015-06-11 13:58:08.645, clock=0]
Position [subject=a10, id=null, cell=Cell [x=4, y=4], time=2015-06-11 13:58:08.498, clock=0]
Position [subject=a40, id=null, cell=Cell [x=1, y=5], time=2015-06-11 13:59:52.896, clock=10]
Position [subject=a10, id=null, cell=Cell [x=4, y=2], time=2015-06-11 14:00:05.533, clock=11]
Time [clock=22, time=2015-06-11 14:01:51.348]
Position [subject=a30, id=null, cell=Cell [x=3, y=1], time=2015-06-11 14:00:02.03, clock=11]
Position [subject=a30, id=null, cell=Cell [x=4, y=0], time=2015-06-11 14:00:00.241, clock=10]
Time [clock=23, time=2015-06-11 14:02:01.352]
Time [clock=4, time=2015-06-11 13:58:51.287]
Time [clock=1, time=2015-06-11 13:58:21.279]
Time [clock=2, time=2015-06-11 13:58:31.282]
Time [clock=3, time=2015-06-11 13:58:41.285]
Time [clock=25, time=2015-06-11 14:02:21.359]
Time [clock=5, time=2015-06-11 13:59:01.291]
Time [clock=27, time=2015-06-11 14:02:41.366]
Time [clock=15, time=2015-06-11 14:00:41.326]
Time [clock=28, time=2015-06-11 14:02:51.37]
Time [clock=9, time=2015-06-11 13:59:41.305]
Time [clock=6, time=2015-06-11 13:59:11.295]
Time [clock=26, time=2015-06-11 14:02:31.363]
Time [clock=17, time=2015-06-11 14:01:01.331]
Time [clock=8, time=2015-06-11 13:59:31.301]
Time [clock=7, time=2015-06-11 13:59:21.299]
Time [clock=18, time=2015-06-11 14:01:11.335]
Time [clock=13, time=2015-06-11 14:00:21.318]
Tile [id=null, cell=Cell [x=3, y=1], subject=brown, time=2015-06-11 13:58:08.34, clock=0]
Tile [id=null, cell=Cell [x=3, y=3], subject=blue, time=2015-06-11 13:58:08.344, clock=0]
Tile [id=null, cell=Cell [x=3, y=0], subject=white, time=2015-06-11 13:58:08.339, clock=0]
Tile [id=null, cell=Cell [x=2, y=3], subject=yellow, time=2015-06-11 13:58:08.333, clock=0]
Tile [id=null, cell=Cell [x=1, y=2], subject=white, time=2015-06-11 13:58:08.318, clock=0]
Tile [id=null, cell=Cell [x=1, y=4], subject=blue, time=2015-06-11 13:58:08.324, clock=0]
Tile [id=null, cell=Cell [x=2, y=1], subject=white, time=2015-06-11 13:58:08.329, clock=0]
Tile [id=null, cell=Cell [x=0, y=4], subject=brown, time=2015-06-11 13:58:08.308, clock=0]
Tile [id=null, cell=Cell [x=5, y=1], subject=brown, time=2015-06-11 13:58:08.363, clock=0]
Tile [id=null, cell=Cell [x=3, y=4], subject=white, time=2015-06-11 13:58:08.345, clock=0]
Tile [id=null, cell=Cell [x=5, y=2], subject=blue, time=2015-06-11 13:58:08.365, clock=0]
Tile [id=null, cell=Cell [x=5, y=0], subject=yellow, time=2015-06-11 13:58:08.361, clock=0]
Tile [id=null, cell=Cell [x=0, y=1], subject=yellow, time=2015-06-11 13:58:08.301, clock=0]
Tile [id=null, cell=Cell [x=2, y=2], subject=yellow, time=2015-06-11 13:58:08.331, clock=0]
Tile [id=null, cell=Cell [x=4, y=2], subject=brown, time=2015-06-11 13:58:08.354, clock=0]
Tile [id=null, cell=Cell [x=4, y=0], subject=blue, time=2015-06-11 13:58:08.349, clock=0]
Tile [id=null, cell=Cell [x=2, y=0], subject=white, time=2015-06-11 13:58:08.327, clock=0]
Tile [id=null, cell=Cell [x=1, y=0], subject=blue, time=2015-06-11 13:58:08.312, clock=0]
Tile [id=null, cell=Cell [x=0, y=3], subject=yellow, time=2015-06-11 13:58:08.305, clock=0]
Tile [id=null, cell=Cell [x=0, y=2], subject=yellow, time=2015-06-11 13:58:08.303, clock=0]
Tile [id=null, cell=Cell [x=5, y=5], subject=brown, time=2015-06-11 13:58:08.371, clock=0]
Tile [id=null, cell=Cell [x=4, y=5], subject=white, time=2015-06-11 13:58:08.359, clock=0]
Tile [id=null, cell=Cell [x=0, y=0], subject=yellow, time=2015-06-11 13:58:08.271, clock=0]
Tile [id=null, cell=Cell [x=3, y=5], subject=white, time=2015-06-11 13:58:08.347, clock=0]
Tile [id=null, cell=Cell [x=2, y=5], subject=brown, time=2015-06-11 13:58:08.337, clock=0]
Tile [id=null, cell=Cell [x=1, y=5], subject=yellow, time=2015-06-11 13:58:08.326, clock=0]
Tile [id=null, cell=Cell [x=0, y=5], subject=yellow, time=2015-06-11 13:58:08.31, clock=0]
Tile [id=null, cell=Cell [x=5, y=4], subject=blue, time=2015-06-11 13:58:08.369, clock=0]
Tile [id=null, cell=Cell [x=1, y=3], subject=brown, time=2015-06-11 13:58:08.322, clock=0]
Tile [id=null, cell=Cell [x=2, y=4], subject=yellow, time=2015-06-11 13:58:08.335, clock=0]
Tile [id=null, cell=Cell [x=1, y=1], subject=white, time=2015-06-11 13:58:08.315, clock=0]
-------------------------last log tuples end----------------------------------
[CTAH] started agent 10
[CTAH] Added a new agent to the game by the name of 10.
[ENV] added agent a10
[CTAH] started agent 30
[CTAH] Added a new agent to the game by the name of 30.
[ENV] added agent a30
