2015-05-21 18:38:35,754 CONFIG [com.gigaspaces.logger] - Log file: /Users/dxd/git/ct3/logs/2015-05-21~18.38-gigaspaces-service-192.168.1.103-4158.log
-------------------------last log tuples start--------------------------------
Time [clock=33, time=2015-05-21 18:10:12.913]
Response [id=4167, response=accepted, clock=7, time=2015-05-21 18:05:59.893]
Time [clock=20, time=2015-05-21 18:08:02.86]
Response [id=4096, response=accepted, clock=9, time=2015-05-21 18:06:15.685]
Goal [id=null, cell=Cell [x=2, y=2], agent=null, time=2015-05-21 18:04:51.418, clock=0]
Proposal [id=4096, agent=a20, agent2=a40, clock=9, time=2015-05-21 18:06:15.663]
Proposal [id=4167, agent=a20, agent2=a10, clock=7, time=2015-05-21 18:05:59.851]
Position [subject=a30, id=null, cell=Cell [x=4, y=4], time=2015-05-21 18:05:16.588, clock=1]
Color [id=null, color=white, agent=a20, type=yes, sanction=100, time=2015-05-21 18:05:19.249, clock=3]
Color [id=null, color=white, agent=a30, type=yes, sanction=100, time=2015-05-21 18:05:19.367, clock=3]
Time [clock=5, time=2015-05-21 18:05:32.754]
Time [clock=22, time=2015-05-21 18:08:22.872]
Tile [id=null, cell=Cell [x=4, y=0], subject=brown, time=2015-05-21 18:04:51.394, clock=0]
Position [subject=a20, id=null, cell=Cell [x=0, y=4], time=2015-05-21 18:05:16.591, clock=1]
Position [subject=a40, id=null, cell=Cell [x=4, y=0], time=2015-05-21 18:05:16.571, clock=1]
Time [clock=32, time=2015-05-21 18:10:02.911]
Tile [id=null, cell=Cell [x=4, y=4], subject=brown, time=2015-05-21 18:04:51.399, clock=0]
Time [clock=31, time=2015-05-21 18:09:52.907]
Prohibition [subject=a10, prohibition=[rejectRequests(a10)], sanction=[reduce(a10, 500)], clock=3, time=2015-05-21 18:05:16.529]
Obligation [subject=a40, obligation=[color(white, a40)], sanction=[reduce(a40, 100)], deadline=23, time=2015-05-21 18:05:19.488, clock=3]
Time [clock=37, time=2015-05-21 18:10:52.925]
Color [id=null, color=white, agent=a10, type=yes, sanction=100, time=2015-05-21 18:05:19.148, clock=3]
Tile [id=null, cell=Cell [x=0, y=4], subject=brown, time=2015-05-21 18:04:51.37, clock=0]
Time [clock=36, time=2015-05-21 18:10:42.923]
Color [id=null, color=blue, agent=a20, type=no, sanction=100, time=2015-05-21 18:05:19.728, clock=3]
Time [clock=34, time=2015-05-21 18:10:22.916]
Color [id=null, color=blue, agent=a30, type=no, sanction=100, time=2015-05-21 18:05:19.843, clock=3]
Color [id=null, color=blue, agent=a10, type=no, sanction=100, time=2015-05-21 18:05:19.597, clock=3]
SetGoal [id=null, agent=a30, cell=Cell [x=3, y=2], goal=Cell [x=2, y=2], sanction=100, clock=3, time=2015-05-21 18:05:18.911]
Position [subject=a20, id=null, cell=Cell [x=1, y=2], time=2015-05-21 18:06:22.793, clock=10]
Color [id=null, color=blue, agent=a40, type=no, sanction=100, time=2015-05-21 18:05:19.975, clock=3]
Obligation [subject=a40, obligation=[at(2, 3, a40)], sanction=[reduce(a40, 500)], deadline=19, time=2015-05-21 18:05:19.019, clock=3]
Time [clock=19, time=2015-05-21 18:07:52.858]
Tile [id=null, cell=Cell [x=2, y=2], subject=brown, time=2015-05-21 18:04:51.381, clock=0]
Prohibition [subject=a20, prohibition=[rejectRequests(a20)], sanction=[reduce(a20, 500)], clock=3, time=2015-05-21 18:05:16.533]
Tile [id=null, cell=Cell [x=1, y=1], subject=yellow, time=2015-05-21 18:04:51.372, clock=0]
Position [subject=a10, id=null, cell=Cell [x=0, y=0], time=2015-05-21 18:05:16.586, clock=1]
Time [clock=29, time=2015-05-21 18:09:32.894]
Prohibition [subject=a10, prohibition=[color(blue, a10)], sanction=[reduce(a10, 100)], clock=3, time=2015-05-21 18:05:20.52]
Color [id=null, color=white, agent=a40, type=yes, sanction=100, time=2015-05-21 18:05:19.484, clock=3]
Obligation [subject=a10, obligation=[surround(2, 2)], sanction=[reduce(g, 500)], deadline=21, time=2015-05-21 18:05:16.683, clock=3]
Time [clock=6, time=2015-05-21 18:05:42.756]
Time [clock=3, time=2015-05-21 18:05:12.749]
Time [clock=23, time=2015-05-21 18:08:32.877]
Time [clock=9, time=2015-05-21 18:06:12.765]
Prohibition [subject=a20, prohibition=[moveTooFast(a20)], sanction=[reduce(a20, 300)], clock=3, time=2015-05-21 18:05:16.563]
Time [clock=17, time=2015-05-21 18:07:32.843]
SetGoal [id=null, agent=a10, cell=Cell [x=2, y=1], goal=Cell [x=2, y=2], sanction=100, clock=3, time=2015-05-21 18:05:18.617]
Obligation [subject=a30, obligation=[at(3, 2, a30)], sanction=[reduce(a30, 500)], deadline=19, time=2015-05-21 18:05:18.915, clock=3]
SetGoal [id=null, agent=a40, cell=Cell [x=2, y=3], goal=Cell [x=2, y=2], sanction=100, clock=3, time=2015-05-21 18:05:19.013]
Time [clock=35, time=2015-05-21 18:10:32.918]
SetGoal [id=null, agent=a20, cell=Cell [x=1, y=2], goal=Cell [x=2, y=2], sanction=100, clock=3, time=2015-05-21 18:05:18.802]
Time [clock=12, time=2015-05-21 18:06:42.801]
Time [clock=30, time=2015-05-21 18:09:42.904]
Time [clock=28, time=2015-05-21 18:09:22.892]
Prohibition [subject=a10, prohibition=[moveTooFast(a10)], sanction=[reduce(a10, 300)], clock=3, time=2015-05-21 18:05:16.548]
Tile [id=null, cell=Cell [x=1, y=2], subject=white, time=2015-05-21 18:04:51.374, clock=0]
Time [clock=14, time=2015-05-21 18:07:02.834]
Time [clock=8, time=2015-05-21 18:06:02.761]
Time [clock=11, time=2015-05-21 18:06:32.77]
Prohibition [subject=a40, prohibition=[moveTooFast(a40)], sanction=[reduce(a40, 300)], clock=3, time=2015-05-21 18:05:16.611]
Prohibition [subject=a30, prohibition=[rejectRequests(a30)], sanction=[reduce(a30, 500)], clock=3, time=2015-05-21 18:05:16.535]
Prohibition [subject=a30, prohibition=[moveTooFast(a30)], sanction=[reduce(a30, 300)], clock=3, time=2015-05-21 18:05:16.6]
Obligation [subject=a10, obligation=[color(white, a10)], sanction=[reduce(a10, 100)], deadline=23, time=2015-05-21 18:05:19.156, clock=3]
Time [clock=2, time=2015-05-21 18:05:02.746]
Time [clock=15, time=2015-05-21 18:07:12.837]
Time [clock=27, time=2015-05-21 18:09:12.89]
Prohibition [subject=a30, prohibition=[color(blue, a30)], sanction=[reduce(a30, 100)], clock=3, time=2015-05-21 18:05:20.537]
Prohibition [subject=a20, prohibition=[color(blue, a20)], sanction=[reduce(a20, 100)], clock=3, time=2015-05-21 18:05:20.525]
Prohibition [subject=a40, prohibition=[rejectRequests(a40)], sanction=[reduce(a40, 500)], clock=3, time=2015-05-21 18:05:16.545]
Time [clock=24, time=2015-05-21 18:08:42.879]
Obligation [subject=a20, obligation=[color(white, a20)], sanction=[reduce(a20, 100)], deadline=23, time=2015-05-21 18:05:19.252, clock=3]
Time [clock=18, time=2015-05-21 18:07:42.855]
Time [clock=13, time=2015-05-21 18:06:52.828]
Prohibition [subject=a40, prohibition=[color(blue, a40)], sanction=[reduce(a40, 100)], clock=3, time=2015-05-21 18:05:20.543]
Time [clock=21, time=2015-05-21 18:08:12.862]
Obligation [subject=a30, obligation=[color(white, a30)], sanction=[reduce(a30, 100)], deadline=23, time=2015-05-21 18:05:19.371, clock=3]
Time [clock=10, time=2015-05-21 18:06:22.766]
Obligation [subject=a20, obligation=[at(1, 2, a20)], sanction=[reduce(a20, 500)], deadline=19, time=2015-05-21 18:05:18.805, clock=3]
Time [clock=7, time=2015-05-21 18:05:52.758]
Time [clock=25, time=2015-05-21 18:08:52.882]
Time [clock=4, time=2015-05-21 18:05:22.751]
Time [clock=1, time=2015-05-21 18:04:52.734]
Time [clock=16, time=2015-05-21 18:07:22.841]
Time [clock=26, time=2015-05-21 18:09:02.888]
Tile [id=null, cell=Cell [x=1, y=3], subject=white, time=2015-05-21 18:04:51.375, clock=0]
Tile [id=null, cell=Cell [x=1, y=4], subject=blue, time=2015-05-21 18:04:51.377, clock=0]
Tile [id=null, cell=Cell [x=2, y=0], subject=white, time=2015-05-21 18:04:51.378, clock=0]
Obligation [subject=a10, obligation=[at(2, 1, a10)], sanction=[reduce(a10, 500)], deadline=19, time=2015-05-21 18:05:18.634, clock=3]
Points [subject=a10, time=2015-05-21 18:08:42.893, clock=24, value=733, id=null]
Tile [id=null, cell=Cell [x=2, y=1], subject=white, time=2015-05-21 18:04:51.38, clock=0]
Tile [id=null, cell=Cell [x=3, y=1], subject=yellow, time=2015-05-21 18:04:51.389, clock=0]
Points [subject=a10, time=2015-05-21 18:08:22.896, clock=22, value=833, id=null]
Tile [id=null, cell=Cell [x=0, y=3], subject=yellow, time=2015-05-21 18:04:51.368, clock=0]
Tile [id=null, cell=Cell [x=1, y=0], subject=brown, time=2015-05-21 18:04:51.371, clock=0]
Tile [id=null, cell=Cell [x=4, y=3], subject=blue, time=2015-05-21 18:04:51.398, clock=0]
Tile [id=null, cell=Cell [x=4, y=2], subject=yellow, time=2015-05-21 18:04:51.397, clock=0]
Points [subject=a40, time=2015-05-21 18:08:42.899, clock=24, value=733, id=null]
Points [subject=a30, time=2015-05-21 18:08:22.899, clock=22, value=833, id=null]
Tile [id=null, cell=Cell [x=3, y=2], subject=blue, time=2015-05-21 18:04:51.39, clock=0]
Points [subject=a30, time=2015-05-21 18:08:42.897, clock=24, value=733, id=null]
Points [subject=a40, time=2015-05-21 18:08:22.902, clock=22, value=833, id=null]
Tile [id=null, cell=Cell [x=2, y=4], subject=white, time=2015-05-21 18:04:51.384, clock=0]
Tile [id=null, cell=Cell [x=3, y=4], subject=yellow, time=2015-05-21 18:04:51.393, clock=0]
Tile [id=null, cell=Cell [x=3, y=3], subject=blue, time=2015-05-21 18:04:51.391, clock=0]
Tile [id=null, cell=Cell [x=0, y=1], subject=brown, time=2015-05-21 18:04:51.365, clock=0]
Tile [id=null, cell=Cell [x=2, y=3], subject=blue, time=2015-05-21 18:04:51.383, clock=0]
Tile [id=null, cell=Cell [x=4, y=1], subject=blue, time=2015-05-21 18:04:51.395, clock=0]
Tile [id=null, cell=Cell [x=3, y=0], subject=white, time=2015-05-21 18:04:51.386, clock=0]
Tile [id=null, cell=Cell [x=0, y=2], subject=white, time=2015-05-21 18:04:51.367, clock=0]
Tile [id=null, cell=Cell [x=0, y=0], subject=brown, time=2015-05-21 18:04:51.329, clock=0]
-------------------------last log tuples end----------------------------------
[CTAH] started agent 10
[CTAH] Added a new agent to the game by the name of 10.
[ENV] added agent a10
[CTAH] started agent 30
[CTAH] Added a new agent to the game by the name of 30.
[ENV] added agent a30
[CTAH] started agent 40
[CTAH] Added a new agent to the game by the name of 40.
[ENV] added agent a40
object notification: Time [clock=1, time=2015-05-21 18:38:48.596]
org notification: Time [clock=1, time=2015-05-21 18:38:48.596]
org notified sent time(1).
Organization notifies object (write): Prohibition [subject=a10, prohibition=[rejectRequests(a10)], sanction=[reduce(a10, 500)], clock=3, time=2015-05-21 18:39:09.593]
object notification: Time [clock=1, time=2015-05-21 18:38:48.596]
object notification: Time [clock=1, time=2015-05-21 18:38:48.596]
Organization notifies object (write): Prohibition [subject=a20, prohibition=[rejectRequests(a20)], sanction=[reduce(a20, 500)], clock=3, time=2015-05-21 18:39:09.6]
Organization notifies object (write): Prohibition [subject=a30, prohibition=[rejectRequests(a30)], sanction=[reduce(a30, 500)], clock=3, time=2015-05-21 18:39:09.607]
object notification: Prohibition [subject=a10, prohibition=[rejectRequests(a10)], sanction=[reduce(a10, 500)], clock=3, time=2015-05-21 18:39:09.593]
Organization notifies object (write): Prohibition [subject=a40, prohibition=[rejectRequests(a40)], sanction=[reduce(a40, 500)], clock=3, time=2015-05-21 18:39:09.612]
Organization notifies object (write): Prohibition [subject=a10, prohibition=[moveTooFast(a10)], sanction=[reduce(a10, 300)], clock=3, time=2015-05-21 18:39:09.614]
Organization notifies object (write): Prohibition [subject=a20, prohibition=[moveTooFast(a20)], sanction=[reduce(a20, 300)], clock=3, time=2015-05-21 18:39:09.616]
Organization notifies object (write): Prohibition [subject=a30, prohibition=[moveTooFast(a30)], sanction=[reduce(a30, 300)], clock=3, time=2015-05-21 18:39:09.619]
Organization notifies object (write): Prohibition [subject=a40, prohibition=[moveTooFast(a40)], sanction=[reduce(a40, 300)], clock=3, time=2015-05-21 18:39:09.622]
Event sent to agent      a10 clock(1)
object notification: Time [clock=2, time=2015-05-21 18:38:58.666]
Event sent to agent      a10 clock(2)
object notification: Time [clock=3, time=2015-05-21 18:39:08.669]
Event sent to agent      a10 clock(3)
Event sent to agent      a40 clock(1)
object notification: Time [clock=2, time=2015-05-21 18:38:58.666]
Event sent to agent      a40 clock(2)
object notification: Time [clock=3, time=2015-05-21 18:39:08.669]
Event sent to agent      a40 clock(3)
Event sent to agent      a30 clock(1)
object notification: Time [clock=2, time=2015-05-21 18:38:58.666]
Event sent to agent      a30 clock(2)
object notification: Time [clock=3, time=2015-05-21 18:39:08.669]
Event sent to agent      a30 clock(3)
Event processed UpdateClock(1)
Event processed UpdateClock(2)
Event processed UpdateClock(3)
Event sent to agent      a10 prohibition([rejectRequests(a10)], [reduce(a10, 500)])
org notification: Time [clock=2, time=2015-05-21 18:38:58.666]
org notified sent time(2).
org notification: Time [clock=3, time=2015-05-21 18:39:08.669]
org notified sent time(3).
Event processed UpdateClock(1)
Event processed UpdateClock(2)
Event processed UpdateClock(3)
Event processed adoptProhibition(rejectRequests(a10), reduce(a10, 500))
Event processed UpdateClock(1)
Event processed UpdateClock(2)
Event processed UpdateClock(3)
object notification: Prohibition [subject=a10, prohibition=[moveTooFast(a10)], sanction=[reduce(a10, 300)], clock=3, time=2015-05-21 18:39:09.614]
object notification: Prohibition [subject=a30, prohibition=[rejectRequests(a30)], sanction=[reduce(a30, 500)], clock=3, time=2015-05-21 18:39:09.607]
Event sent to agent      a10 prohibition([moveTooFast(a10)], [reduce(a10, 300)])
Event sent to agent      a30 prohibition([rejectRequests(a30)], [reduce(a30, 500)])
object notification: Prohibition [subject=a40, prohibition=[rejectRequests(a40)], sanction=[reduce(a40, 500)], clock=3, time=2015-05-21 18:39:09.612]
Event sent to agent      a40 prohibition([rejectRequests(a40)], [reduce(a40, 500)])
Event processed adoptProhibition(rejectRequests(a30), reduce(a30, 500))
Event processed adoptProhibition(rejectRequests(a40), reduce(a40, 500))
object notification: Prohibition [subject=a30, prohibition=[moveTooFast(a30)], sanction=[reduce(a30, 300)], clock=3, time=2015-05-21 18:39:09.619]
Event sent to agent      a30 prohibition([moveTooFast(a30)], [reduce(a30, 300)])
Event processed adoptProhibition(moveTooFast(a10), reduce(a10, 300))
Event processed adoptProhibition(moveTooFast(a30), reduce(a30, 300))
org notification: Time [clock=4, time=2015-05-21 18:39:18.672]
org notified sent time(4).
object notification: Time [clock=4, time=2015-05-21 18:39:18.672]
Event sent to agent      a30 clock(4)
object notification: Time [clock=4, time=2015-05-21 18:39:18.672]
Event sent to agent      a40 clock(4)
object notification: Prohibition [subject=a40, prohibition=[moveTooFast(a40)], sanction=[reduce(a40, 300)], clock=3, time=2015-05-21 18:39:09.622]
Event sent to agent      a40 prohibition([moveTooFast(a40)], [reduce(a40, 300)])
object notification: Time [clock=5, time=2015-05-21 18:39:28.674]
Event sent to agent      a40 clock(5)
object notification: Time [clock=5, time=2015-05-21 18:39:28.674]
Event sent to agent      a30 clock(5)
object notification: Time [clock=4, time=2015-05-21 18:39:18.672]
Event sent to agent      a10 clock(4)
object notification: Time [clock=5, time=2015-05-21 18:39:28.674]
Event sent to agent      a10 clock(5)
org notification: Time [clock=5, time=2015-05-21 18:39:28.674]
org notified sent time(5).
Event processed UpdateClock(4)
Event processed UpdateClock(5)
Event processed UpdateClock(4)
Event processed UpdateClock(5)
Event processed UpdateClock(4)
Event processed adoptProhibition(moveTooFast(a40), reduce(a40, 300))
Event processed UpdateClock(5)
org notification: Time [clock=6, time=2015-05-21 18:39:38.675]
org notified sent time(6).
object notification: Time [clock=6, time=2015-05-21 18:39:38.675]
object notification: Time [clock=6, time=2015-05-21 18:39:38.675]
Event sent to agent      a40 clock(6)
Event sent to agent      a30 clock(6)
object notification: Time [clock=6, time=2015-05-21 18:39:38.675]
Event sent to agent      a10 clock(6)
Event processed UpdateClock(6)
Event processed UpdateClock(6)
Event processed UpdateClock(6)
