2015-04-28 11:38:54,201 CONFIG [com.gigaspaces.logger] - Log file: /Users/dxd/gigaspaces-xap-premium-9.5.1-ga/logs/2015-04-28~11.38-gigaspaces-service-128.243.23.149-9054.log
-------------------------last log tuples start--------------------------------
Prohibition [subject=a10, prohibition=[at(3, 3, a10)], sanction=[reduce(a10, 50)], clock=1, time=2015-04-28 11:36:15.855]
Time [clock=13, time=null]
Obligation [subject=ra1, obligation=[surround(1, 1)], sanction=[reduce(g, 500)], deadline=2, time=2015-04-28 11:36:15.859, clock=1]
Obligation [subject=a40, obligation=[at(1, 2, a40)], sanction=[reduce(a40, 500)], deadline=2, time=2015-04-28 11:36:15.873, clock=1]
Time [clock=16, time=null]
Time [clock=10, time=null]
Time [clock=8, time=null]
Time [clock=9, time=null]
Time [clock=11, time=null]
Time [clock=5, time=null]
Time [clock=1, time=null]
Obligation [subject=a30, obligation=[at(2, 1, a30)], sanction=[reduce(a30, 500)], deadline=2, time=2015-04-28 11:36:15.87, clock=1]
Time [clock=12, time=null]
Time [clock=2, time=null]
Time [clock=3, time=null]
Time [clock=14, time=null]
Obligation [subject=a20, obligation=[at(0, 1, a20)], sanction=[reduce(a20, 500)], deadline=2, time=2015-04-28 11:36:15.866, clock=1]
Time [clock=4, time=null]
Time [clock=6, time=null]
Time [clock=7, time=null]
Time [clock=15, time=null]
Obligation [subject=a10, obligation=[at(1, 0, a10)], sanction=[reduce(a10, 500)], deadline=2, time=2015-04-28 11:36:15.863, clock=1]
Points [subject=a20, time=2015-04-28 11:36:35.876, clock=3, value=500, id=null]
Points [subject=a10, time=2015-04-28 11:36:15.895, clock=1, value=950, id=null]
Points [subject=a40, time=2015-04-28 11:36:35.882, clock=3, value=500, id=null]
Points [subject=a30, time=2015-04-28 11:36:35.879, clock=3, value=500, id=null]
Points [subject=a10, time=2015-04-28 11:36:35.873, clock=3, value=500, id=null]
-------------------------last log tuples end----------------------------------
[CTAH] started agent 10
[CTAH] Added a new agent to the game by the name of 10.
[ENV] added agent a10
[CTAH] started agent 30
[CTAH] Added a new agent to the game by the name of 30.
[ENV] added agent a30
[CTAH] started agent 40
[CTAH] Added a new agent to the game by the name of 40.
[ENV] added agent a40
object notification: Time [clock=1, time=null]
org notification: Time [clock=1, time=null]
object notification: Time [clock=1, time=null]
org notified sent time(1).
object notification: Time [clock=1, time=null]
Organization notifies object (write): Prohibition [subject=a10, prohibition=[at(3, 3, a10)], sanction=[reduce(a10, 50)], clock=1, time=2015-04-28 11:39:05.22]
Event sent to object      a30 clock(1)
Event sent to object      a10 clock(1)
Event sent to object      a40 clock(1)
object notification: Prohibition [subject=a10, prohibition=[at(3, 3, a10)], sanction=[reduce(a10, 50)], clock=1, time=2015-04-28 11:39:05.22]
Event sent to object      a10 prohibition([at(3, 3, a10)], [reduce(a10, 50)])
Organization notifies object (write): Obligation [subject=ra1, obligation=[surround(1, 1)], sanction=[reduce(g, 500)], deadline=2, time=2015-04-28 11:39:05.242, clock=1]
Organization notifies object (write): Obligation [subject=a10, obligation=[at(1, 0, a10)], sanction=[reduce(a10, 500)], deadline=2, time=2015-04-28 11:39:05.246, clock=1]
Organization notifies object (write): Obligation [subject=a20, obligation=[at(0, 1, a20)], sanction=[reduce(a20, 500)], deadline=2, time=2015-04-28 11:39:05.25, clock=1]
Organization notifies object (write): Obligation [subject=a30, obligation=[at(2, 1, a30)], sanction=[reduce(a30, 500)], deadline=2, time=2015-04-28 11:39:05.254, clock=1]
Organization notifies object (write): Obligation [subject=a40, obligation=[at(1, 2, a40)], sanction=[reduce(a40, 500)], deadline=2, time=2015-04-28 11:39:05.258, clock=1]
object notification: Obligation [subject=a10, obligation=[at(1, 0, a10)], sanction=[reduce(a10, 500)], deadline=2, time=2015-04-28 11:39:05.246, clock=1]
Event sent to object      a10 obligation([at(1, 0, a10)], 2, [reduce(a10, 500)])
object notification: Obligation [subject=a30, obligation=[at(2, 1, a30)], sanction=[reduce(a30, 500)], deadline=2, time=2015-04-28 11:39:05.254, clock=1]
Event sent to object      a30 obligation([at(2, 1, a30)], 2, [reduce(a30, 500)])
object notification: Obligation [subject=a40, obligation=[at(1, 2, a40)], sanction=[reduce(a40, 500)], deadline=2, time=2015-04-28 11:39:05.258, clock=1]
Event sent to object      a40 obligation([at(1, 2, a40)], 2, [reduce(a40, 500)])
Organization writes: Points [subject=a10, time=2015-04-28 11:39:05.289, clock=1, value=950, id=null]
object notification: Points [subject=a10, time=2015-04-28 11:39:05.289, clock=1, value=950, id=null]
Event sent to object      a10 points(950)
Event processed UpdateClock(1)
Event processed adoptProhibition(at(3, 3, a10), reduce(a10, 50))
Event processed UpdateClock(1)
Event processed adoptObligation(at(1, 0, a10), 2, reduce(a10, 500))
Event processed UpdatePoints(950)
Event processed adoptObligation(at(1, 2, a40), 2, reduce(a40, 500))
Event processed UpdateClock(1)
Event processed adoptObligation(at(2, 1, a30), 2, reduce(a30, 500))
object notification: Time [clock=2, time=null]
object notification: Time [clock=2, time=null]
Event sent to object      a30 clock(2)
org notification: Time [clock=2, time=null]
org notified sent time(2).
Event sent to object      a40 clock(2)
object notification: Time [clock=2, time=null]
Event sent to object      a10 clock(2)
Event processed UpdateClock(2)
Event processed UpdateClock(2)
Event processed UpdateClock(2)
org notification: Time [clock=3, time=null]
org notified sent time(3).
object notification: Time [clock=3, time=null]
Event sent to object      a30 clock(3)
object notification: Time [clock=3, time=null]
Event sent to object      a40 clock(3)
object notification: Time [clock=3, time=null]
Event sent to object      a10 clock(3)
Organization writes: Points [subject=a10, time=2015-04-28 11:39:25.273, clock=3, value=500, id=null]
object notification: Points [subject=a10, time=2015-04-28 11:39:25.273, clock=3, value=500, id=null]
Event sent to object      a10 points(500)
Organization writes: Points [subject=a20, time=2015-04-28 11:39:25.279, clock=3, value=500, id=null]
Organization writes: Points [subject=a30, time=2015-04-28 11:39:25.282, clock=3, value=500, id=null]
Organization writes: Points [subject=a40, time=2015-04-28 11:39:25.286, clock=3, value=500, id=null]
object notification: Points [subject=a30, time=2015-04-28 11:39:25.282, clock=3, value=500, id=null]
Event sent to object      a30 points(500)
object notification: Points [subject=a40, time=2015-04-28 11:39:25.286, clock=3, value=500, id=null]
Event sent to object      a40 points(500)
Event processed UpdateClock(3)
Event processed UpdatePoints(500)
Event processed UpdateClock(3)
Event processed UpdatePoints(500)
Event processed UpdateClock(3)
Event processed UpdatePoints(500)
object notification: Time [clock=4, time=null]
object notification: Time [clock=4, time=null]
object notification: Time [clock=4, time=null]
Event sent to object      a30 clock(4)
Event sent to object      a40 clock(4)
Event sent to object      a10 clock(4)
org notification: Time [clock=4, time=null]
org notified sent time(4).
Event processed UpdateClock(4)
Event processed UpdateClock(4)
Event processed UpdateClock(4)
object notification: Time [clock=5, time=null]
object notification: Time [clock=5, time=null]
Event sent to object      a10 clock(5)
Event sent to object      a40 clock(5)
org notification: Time [clock=5, time=null]
org notified sent time(5).
object notification: Time [clock=5, time=null]
Event sent to object      a30 clock(5)
Event processed UpdateClock(5)
Event processed UpdateClock(5)
Event processed UpdateClock(5)
object notification: Time [clock=6, time=null]
object notification: Time [clock=6, time=null]
Event sent to object      a10 clock(6)
org notification: Time [clock=6, time=null]
org notified sent time(6).
Event sent to object      a30 clock(6)
object notification: Time [clock=6, time=null]
Event sent to object      a40 clock(6)
Event processed UpdateClock(6)
Event processed UpdateClock(6)
Event processed UpdateClock(6)
object notification: Time [clock=7, time=null]
object notification: Time [clock=7, time=null]
Event sent to object      a40 clock(7)
Event sent to object      a10 clock(7)
object notification: Time [clock=7, time=null]
Event sent to object      a30 clock(7)
org notification: Time [clock=7, time=null]
org notified sent time(7).
Event processed UpdateClock(7)
Event processed UpdateClock(7)
Event processed UpdateClock(7)
object notification: Time [clock=8, time=null]
object notification: Time [clock=8, time=null]
Event sent to object      a30 clock(8)
Event sent to object      a40 clock(8)
object notification: Time [clock=8, time=null]
Event sent to object      a10 clock(8)
org notification: Time [clock=8, time=null]
org notified sent time(8).
Event processed UpdateClock(8)
Event processed UpdateClock(8)
Event processed UpdateClock(8)
object notification: Time [clock=9, time=null]
Event sent to object      a10 clock(9)
org notification: Time [clock=9, time=null]
org notified sent time(9).
object notification: Time [clock=9, time=null]
Event sent to object      a40 clock(9)
object notification: Time [clock=9, time=null]
Event sent to object      a30 clock(9)
Event processed UpdateClock(9)
Event processed UpdateClock(9)
Event processed UpdateClock(9)
object notification: Time [clock=10, time=null]
object notification: Time [clock=10, time=null]
Event sent to object      a10 clock(10)
Event sent to object      a40 clock(10)
object notification: Time [clock=10, time=null]
Event sent to object      a30 clock(10)
org notification: Time [clock=10, time=null]
org notified sent time(10).
Event processed UpdateClock(10)
Event processed UpdateClock(10)
Event processed UpdateClock(10)
