2015-04-28 13:48:28,680 CONFIG [com.gigaspaces.logger] - Log file: /Users/dxd/gigaspaces-xap-premium-9.5.1-ga/logs/2015-04-28~13.48-gigaspaces-service-128.243.23.149-9545.log
-------------------------last log tuples start--------------------------------
Time [clock=1, time=null]
-------------------------last log tuples end----------------------------------
[CTAH] started agent 10
[CTAH] Added a new agent to the game by the name of 10.
[ENV] added agent a10
[CTAH] started agent 30
[CTAH] Added a new agent to the game by the name of 30.
[ENV] added agent a30
[CTAH] started agent 40
[CTAH] Added a new agent to the game by the name of 40.
[ENV] added agent a40
object notification: Time [clock=1, time=null]
object notification: Time [clock=1, time=null]
org notification: Time [clock=1, time=null]
org notified sent time(1).
Event sent to object      a10 clock(1)
Event sent to object      a40 clock(1)
Organization notifies object (write): Prohibition [subject=a10, prohibition=[at(3, 3, a10)], sanction=[reduce(a10, 50)], clock=1, time=2015-04-28 13:48:39.497]
object notification: Time [clock=1, time=null]
Event sent to object      a30 clock(1)
Organization notifies object (write): Obligation [subject=g, obligation=[surround(1, 1)], sanction=[reduce(g, 500)], deadline=2, time=2015-04-28 13:48:39.506, clock=1]
object notification: Prohibition [subject=a10, prohibition=[at(3, 3, a10)], sanction=[reduce(a10, 50)], clock=1, time=2015-04-28 13:48:39.497]
Event sent to object      a10 prohibition([at(3, 3, a10)], [reduce(a10, 50)])
Event processed UpdateClock(1)
Organization notifies object (write): Obligation [subject=a10, obligation=[at(1, 0, a10)], sanction=[reduce(a10, 500)], deadline=2, time=2015-04-28 13:48:39.52, clock=1]
Organization notifies object (write): Obligation [subject=a20, obligation=[at(0, 1, a20)], sanction=[reduce(a20, 500)], deadline=2, time=2015-04-28 13:48:39.524, clock=1]
Organization notifies object (write): Obligation [subject=a30, obligation=[at(2, 1, a30)], sanction=[reduce(a30, 500)], deadline=2, time=2015-04-28 13:48:39.535, clock=1]
object notification: Obligation [subject=a10, obligation=[at(1, 0, a10)], sanction=[reduce(a10, 500)], deadline=2, time=2015-04-28 13:48:39.52, clock=1]
Event sent to object      a10 obligation([at(1, 0, a10)], 2, [reduce(a10, 500)])
Event processed UpdateClock(1)
Organization notifies object (write): Obligation [subject=a40, obligation=[at(1, 2, a40)], sanction=[reduce(a40, 500)], deadline=2, time=2015-04-28 13:48:39.544, clock=1]
Event processed adoptProhibition(at(3, 3, a10), reduce(a10, 50))
Event processed adoptObligation(at(1, 0, a10), 2, reduce(a10, 500))
object notification: Obligation [subject=a30, obligation=[at(2, 1, a30)], sanction=[reduce(a30, 500)], deadline=2, time=2015-04-28 13:48:39.535, clock=1]
Event sent to object      a30 obligation([at(2, 1, a30)], 2, [reduce(a30, 500)])
object notification: Obligation [subject=a40, obligation=[at(1, 2, a40)], sanction=[reduce(a40, 500)], deadline=2, time=2015-04-28 13:48:39.544, clock=1]
Event sent to object      a40 obligation([at(1, 2, a40)], 2, [reduce(a40, 500)])
Organization writes: Points [subject=a10, time=2015-04-28 13:48:39.588, clock=1, value=950, id=null]
object notification: Points [subject=a10, time=2015-04-28 13:48:39.588, clock=1, value=950, id=null]
Event sent to object      a10 points(950)
Event processed UpdateClock(1)
Event processed adoptObligation(at(2, 1, a30), 2, reduce(a30, 500))
Event processed UpdatePoints(950)
Event processed adoptObligation(at(1, 2, a40), 2, reduce(a40, 500))
org notification: Time [clock=2, time=null]
org notified sent time(2).
object notification: Time [clock=2, time=null]
Event sent to object      a40 clock(2)
object notification: Time [clock=2, time=null]
Event sent to object      a10 clock(2)
object notification: Time [clock=2, time=null]
Event sent to object      a30 clock(2)
Event processed UpdateClock(2)
Event processed UpdateClock(2)
Event processed UpdateClock(2)
object notification: Time [clock=3, time=null]
Event sent to object      a40 clock(3)
object notification: Time [clock=3, time=null]
object notification: Time [clock=3, time=null]
Event sent to object      a10 clock(3)
Event sent to object      a30 clock(3)
org notification: Time [clock=3, time=null]
org notified sent time(3).
Organization writes: Points [subject=a10, time=2015-04-28 13:48:59.528, clock=3, value=500, id=null]
Organization writes: Points [subject=a20, time=2015-04-28 13:48:59.531, clock=3, value=500, id=null]
object notification: Points [subject=a10, time=2015-04-28 13:48:59.528, clock=3, value=500, id=null]
Event sent to object      a10 points(500)
Organization writes: Points [subject=a30, time=2015-04-28 13:48:59.534, clock=3, value=500, id=null]
Organization writes: Points [subject=a40, time=2015-04-28 13:48:59.536, clock=3, value=500, id=null]
object notification: Points [subject=a30, time=2015-04-28 13:48:59.534, clock=3, value=500, id=null]
Event sent to object      a30 points(500)
object notification: Points [subject=a40, time=2015-04-28 13:48:59.536, clock=3, value=500, id=null]
Event sent to object      a40 points(500)
Event processed UpdateClock(3)
Event processed UpdatePoints(500)
Event processed UpdateClock(3)
Event processed UpdatePoints(500)
Event processed UpdateClock(3)
Event processed UpdatePoints(500)
