2015-05-12 16:40:10,323 CONFIG [com.gigaspaces.logger] - Log file: /Users/dxd/git/ct3/logs/2015-05-12~16.40-gigaspaces-service-128.243.23.149-46930.log
-------------------------last log tuples start--------------------------------
Color [id=null, color=green, agent=a10, type=no, time=2015-05-12 16:03:55.991, clock=1]
Color [id=null, color=green, agent=a40, type=yes, time=2015-05-12 16:03:55.76, clock=1]
SetGoal [id=null, agent=a10, cell=Cell [x=2, y=1], goal=Cell [x=2, y=2], clock=1, time=2015-05-12 16:03:53.913]
Color [id=null, color=green, agent=a20, type=no, time=2015-05-12 16:03:56.229, clock=1]
Obligation [subject=a10, obligation=[at(2, 1, a10)], sanction=[reduce(a10, 500)], deadline=7, time=2015-05-12 16:03:53.924, clock=1]
Position [subject=a40, id=null, cell=Cell [x=-1, y=-1], time=2015-05-12 16:03:49.009, clock=1]
Color [id=null, color=green, agent=a30, type=no, time=2015-05-12 16:03:56.447, clock=1]
Goal [id=null, cell=Cell [x=2, y=2], agent=null, time=2015-05-12 16:03:49.275, clock=1]
Color [id=null, color=green, agent=a30, type=yes, time=2015-05-12 16:03:55.549, clock=1]
SetGoal [id=null, agent=a40, cell=Cell [x=2, y=3], goal=Cell [x=2, y=2], clock=1, time=2015-05-12 16:03:54.882]
Position [subject=a10, id=null, cell=Cell [x=0, y=0], time=2015-05-12 16:03:58.975, clock=2]
Obligation [subject=a40, obligation=[at(2, 3, a40)], sanction=[reduce(a40, 500)], deadline=7, time=2015-05-12 16:03:54.887, clock=1]
Chip [id=null, agent=a40, time=2015-05-12 16:03:59.003, color=green, clock=2, number=2]
Tile [id=null, cell=Cell [x=3, y=1], subject=orange, time=2015-05-12 16:03:49.129, clock=1]
Color [id=null, color=green, agent=a40, type=no, time=2015-05-12 16:03:56.68, clock=1]
SetGoal [id=null, agent=a20, cell=Cell [x=1, y=2], goal=Cell [x=2, y=2], clock=1, time=2015-05-12 16:03:54.31]
Position [subject=a30, id=null, cell=Cell [x=4, y=4], time=2015-05-12 16:03:58.92, clock=2]
Chip [id=null, agent=a30, time=2015-05-12 16:03:58.961, color=purple, clock=2, number=3]
Color [id=null, color=green, agent=a20, type=yes, time=2015-05-12 16:03:55.35, clock=1]
Color [id=null, color=green, agent=a10, type=yes, time=2015-05-12 16:03:55.188, clock=1]
SetGoal [id=null, agent=a30, cell=Cell [x=3, y=2], goal=Cell [x=2, y=2], clock=1, time=2015-05-12 16:03:54.574]
Prohibition [subject=a30, prohibition=[at(4, 4, a30)], sanction=[reduce(a30, 50)], clock=1, time=2015-05-12 16:03:56.453]
Chip [id=null, agent=a10, time=2015-05-12 16:03:58.981, color=orange, clock=2, number=3]
Prohibition [subject=a40, prohibition=[at(4, 4, a40)], sanction=[reduce(a40, 50)], clock=1, time=2015-05-12 16:03:56.686]
Prohibition [subject=a20, prohibition=[at(4, 4, a20)], sanction=[reduce(a20, 50)], clock=1, time=2015-05-12 16:03:56.234]
Prohibition [subject=a10, prohibition=[at(4, 4, a10)], sanction=[reduce(a10, 50)], clock=1, time=2015-05-12 16:03:55.995]
Obligation [subject=a10, obligation=[surround(2, 2)], sanction=[reduce(g, 500)], deadline=11, time=2015-05-12 16:03:49.294, clock=1]
Time [clock=77, time=2015-05-12 16:16:37.591]
Chip [id=null, agent=a20, time=2015-05-12 16:03:58.913, color=purple, clock=2, number=1]
Obligation [subject=a40, obligation=[at(4, 4, a40)], sanction=[reduce(a40, 50)], deadline=3, time=2015-05-12 16:03:55.765, clock=1]
Chip [id=null, agent=a30, time=2015-05-12 16:03:58.971, color=green, clock=2, number=2]
Obligation [subject=a30, obligation=[at(4, 4, a30)], sanction=[reduce(a30, 50)], deadline=3, time=2015-05-12 16:03:55.555, clock=1]
Position [subject=a10, id=null, cell=Cell [x=-1, y=-1], time=2015-05-12 16:03:49.0, clock=1]
Obligation [subject=a30, obligation=[at(3, 2, a30)], sanction=[reduce(a30, 500)], deadline=7, time=2015-05-12 16:03:54.58, clock=1]
Obligation [subject=a20, obligation=[at(1, 2, a20)], sanction=[reduce(a20, 500)], deadline=7, time=2015-05-12 16:03:54.329, clock=1]
Chip [id=null, agent=a10, time=2015-05-12 16:03:58.988, color=purple, clock=2, number=3]
Position [subject=a40, id=null, cell=Cell [x=4, y=0], time=2015-05-12 16:03:58.992, clock=2]
Position [subject=a30, id=null, cell=Cell [x=-1, y=-1], time=2015-05-12 16:03:48.997, clock=1]
Obligation [subject=a20, obligation=[at(4, 4, a20)], sanction=[reduce(a20, 50)], deadline=3, time=2015-05-12 16:03:55.355, clock=1]
Chip [id=null, agent=a20, time=2015-05-12 16:03:58.895, color=orange, clock=2, number=2]
Time [clock=76, time=2015-05-12 16:16:27.394]
Obligation [subject=a10, obligation=[at(4, 4, a10)], sanction=[reduce(a10, 50)], deadline=3, time=2015-05-12 16:03:55.202, clock=1]
Time [clock=72, time=2015-05-12 16:15:46.452]
Position [subject=a20, id=null, cell=Cell [x=-1, y=-1], time=2015-05-12 16:03:48.96, clock=1]
Time [clock=80, time=2015-05-12 16:17:08.2]
Points [subject=a30, time=2015-05-12 16:03:58.929, clock=2, value=950, id=null]
Position [subject=a20, id=null, cell=Cell [x=0, y=4], time=2015-05-12 16:03:58.891, clock=2]
Chip [id=null, agent=a20, time=2015-05-12 16:03:58.91, color=red, clock=2, number=3]
Chip [id=null, agent=a10, time=2015-05-12 16:03:58.99, color=green, clock=2, number=3]
Chip [id=null, agent=a30, time=2015-05-12 16:03:58.933, color=red, clock=2, number=1]
Chip [id=null, agent=a30, time=2015-05-12 16:03:58.925, color=orange, clock=2, number=1]
Time [clock=74, time=2015-05-12 16:16:06.701]
Chip [id=null, agent=a40, time=2015-05-12 16:03:58.997, color=red, clock=2, number=3]
Chip [id=null, agent=a20, time=2015-05-12 16:03:58.915, color=green, clock=2, number=2]
Tile [id=null, cell=Cell [x=2, y=4], subject=red, time=2015-05-12 16:03:49.041, clock=1]
Time [clock=75, time=2015-05-12 16:16:16.86]
Chip [id=null, agent=a10, time=2015-05-12 16:03:58.984, color=red, clock=2, number=3]
Chip [id=null, agent=a40, time=2015-05-12 16:03:59.001, color=purple, clock=2, number=3]
Chip [id=null, agent=a40, time=2015-05-12 16:03:58.995, color=orange, clock=2, number=2]
Time [clock=85, time=2015-05-12 16:17:59.118]
Time [clock=29, time=2015-05-12 16:08:28.991]
Time [clock=78, time=2015-05-12 16:16:47.768]
Time [clock=86, time=2015-05-12 16:18:09.715]
Time [clock=79, time=2015-05-12 16:16:57.996]
Time [clock=81, time=2015-05-12 16:17:18.391]
Time [clock=82, time=2015-05-12 16:17:28.62]
Time [clock=52, time=2015-05-12 16:12:21.415]
Time [clock=84, time=2015-05-12 16:17:48.916]
Time [clock=22, time=2015-05-12 16:07:18.971]
Tile [id=null, cell=Cell [x=3, y=3], subject=purple, time=2015-05-12 16:03:49.14, clock=1]
Time [clock=65, time=2015-05-12 16:14:34.75]
Time [clock=87, time=2015-05-12 16:18:20.013]
Time [clock=70, time=2015-05-12 16:15:25.929]
Time [clock=68, time=2015-05-12 16:15:05.559]
Time [clock=90, time=2015-05-12 16:18:50.618]
Time [clock=54, time=2015-05-12 16:12:41.978]
Time [clock=33, time=2015-05-12 16:09:08.999]
Tile [id=null, cell=Cell [x=3, y=4], subject=orange, time=2015-05-12 16:03:49.143, clock=1]
Time [clock=60, time=2015-05-12 16:13:43.362]
Time [clock=38, time=2015-05-12 16:09:59.043]
Time [clock=53, time=2015-05-12 16:12:31.778]
Time [clock=12, time=2015-05-12 16:05:38.934]
Time [clock=71, time=2015-05-12 16:15:36.068]
Time [clock=56, time=2015-05-12 16:13:02.766]
Time [clock=48, time=2015-05-12 16:11:40.46]
Time [clock=37, time=2015-05-12 16:09:49.04]
Time [clock=10, time=2015-05-12 16:05:18.929]
Time [clock=63, time=2015-05-12 16:14:14.24]
Time [clock=89, time=2015-05-12 16:18:40.37]
Time [clock=62, time=2015-05-12 16:14:04.237]
Time [clock=57, time=2015-05-12 16:13:13.242]
Time [clock=40, time=2015-05-12 16:10:19.049]
Time [clock=2, time=2015-05-12 16:03:58.885]
Tile [id=null, cell=Cell [x=1, y=3], subject=red, time=2015-05-12 16:03:49.024, clock=1]
Time [clock=69, time=2015-05-12 16:15:15.749]
Time [clock=88, time=2015-05-12 16:18:30.022]
Time [clock=61, time=2015-05-12 16:13:53.671]
Time [clock=27, time=2015-05-12 16:08:08.986]
Time [clock=67, time=2015-05-12 16:14:55.308]
Time [clock=55, time=2015-05-12 16:12:52.505]
Time [clock=66, time=2015-05-12 16:14:45.02]
Time [clock=73, time=2015-05-12 16:15:56.455]
Time [clock=35, time=2015-05-12 16:09:29.017]
Time [clock=83, time=2015-05-12 16:17:38.764]
Time [clock=64, time=2015-05-12 16:14:24.469]
Time [clock=19, time=2015-05-12 16:06:48.961]
Time [clock=42, time=2015-05-12 16:10:39.395]
Tile [id=null, cell=Cell [x=4, y=4], subject=green, time=2015-05-12 16:03:49.167, clock=1]
Time [clock=58, time=2015-05-12 16:13:23.245]
Time [clock=59, time=2015-05-12 16:13:33.28]
Time [clock=39, time=2015-05-12 16:10:09.047]
Time [clock=51, time=2015-05-12 16:12:11.034]
Time [clock=43, time=2015-05-12 16:10:49.401]
Time [clock=18, time=2015-05-12 16:06:38.959]
Time [clock=41, time=2015-05-12 16:10:29.389]
Time [clock=44, time=2015-05-12 16:10:59.404]
Time [clock=24, time=2015-05-12 16:07:38.978]
Time [clock=49, time=2015-05-12 16:11:50.615]
Time [clock=45, time=2015-05-12 16:11:09.736]
Time [clock=6, time=2015-05-12 16:04:38.893]
Time [clock=20, time=2015-05-12 16:06:58.963]
Time [clock=1, time=2015-05-12 16:03:48.855]
Time [clock=30, time=2015-05-12 16:08:38.994]
Time [clock=7, time=2015-05-12 16:04:48.897]
Time [clock=46, time=2015-05-12 16:11:19.866]
Time [clock=32, time=2015-05-12 16:08:58.997]
Tile [id=null, cell=Cell [x=0, y=4], subject=green, time=2015-05-12 16:03:49.007, clock=1]
Time [clock=50, time=2015-05-12 16:12:00.714]
Time [clock=28, time=2015-05-12 16:08:18.988]
Time [clock=9, time=2015-05-12 16:05:08.925]
Time [clock=14, time=2015-05-12 16:05:58.941]
Time [clock=3, time=2015-05-12 16:04:08.887]
Time [clock=23, time=2015-05-12 16:07:28.973]
Tile [id=null, cell=Cell [x=4, y=3], subject=purple, time=2015-05-12 16:03:49.162, clock=1]
Tile [id=null, cell=Cell [x=2, y=2], subject=green, time=2015-05-12 16:03:49.036, clock=1]
Time [clock=34, time=2015-05-12 16:09:19.001]
Time [clock=25, time=2015-05-12 16:07:48.982]
Time [clock=11, time=2015-05-12 16:05:28.931]
Time [clock=16, time=2015-05-12 16:06:18.954]
Time [clock=13, time=2015-05-12 16:05:48.937]
Time [clock=4, time=2015-05-12 16:04:18.889]
Tile [id=null, cell=Cell [x=1, y=4], subject=purple, time=2015-05-12 16:03:49.026, clock=1]
Time [clock=36, time=2015-05-12 16:09:39.02]
Time [clock=47, time=2015-05-12 16:11:30.371]
Time [clock=21, time=2015-05-12 16:07:08.968]
Time [clock=15, time=2015-05-12 16:06:08.943]
Time [clock=8, time=2015-05-12 16:04:58.917]
Time [clock=31, time=2015-05-12 16:08:48.996]
Time [clock=17, time=2015-05-12 16:06:28.957]
Tile [id=null, cell=Cell [x=1, y=0], subject=green, time=2015-05-12 16:03:49.015, clock=1]
Time [clock=26, time=2015-05-12 16:07:58.984]
Time [clock=5, time=2015-05-12 16:04:28.891]
Tile [id=null, cell=Cell [x=4, y=1], subject=purple, time=2015-05-12 16:03:49.153, clock=1]
Tile [id=null, cell=Cell [x=2, y=3], subject=purple, time=2015-05-12 16:03:49.039, clock=1]
Tile [id=null, cell=Cell [x=4, y=0], subject=green, time=2015-05-12 16:03:49.147, clock=1]
Tile [id=null, cell=Cell [x=2, y=0], subject=red, time=2015-05-12 16:03:49.029, clock=1]
Tile [id=null, cell=Cell [x=1, y=2], subject=red, time=2015-05-12 16:03:49.02, clock=1]
Tile [id=null, cell=Cell [x=2, y=1], subject=red, time=2015-05-12 16:03:49.033, clock=1]
Tile [id=null, cell=Cell [x=0, y=2], subject=red, time=2015-05-12 16:03:48.998, clock=1]
Tile [id=null, cell=Cell [x=4, y=2], subject=orange, time=2015-05-12 16:03:49.156, clock=1]
Tile [id=null, cell=Cell [x=0, y=1], subject=green, time=2015-05-12 16:03:48.996, clock=1]
Tile [id=null, cell=Cell [x=1, y=1], subject=orange, time=2015-05-12 16:03:49.018, clock=1]
Tile [id=null, cell=Cell [x=3, y=2], subject=purple, time=2015-05-12 16:03:49.135, clock=1]
Tile [id=null, cell=Cell [x=3, y=0], subject=red, time=2015-05-12 16:03:49.116, clock=1]
Tile [id=null, cell=Cell [x=0, y=3], subject=orange, time=2015-05-12 16:03:49.003, clock=1]
Tile [id=null, cell=Cell [x=0, y=0], subject=green, time=2015-05-12 16:03:48.877, clock=0]
-------------------------last log tuples end----------------------------------
[CTAH] started agent 10
[CTAH] Added a new agent to the game by the name of 10.
[ENV] added agent a10
[CTAH] started agent 30
[CTAH] Added a new agent to the game by the name of 30.
[ENV] added agent a30
[CTAH] started agent 40
[CTAH] Added a new agent to the game by the name of 40.
[ENV] added agent a40
object notification: Time [clock=1, time=2015-05-12 16:40:22.064]
object notification: Time [clock=1, time=2015-05-12 16:40:22.064]
Event sent to object      a40 clock(1)
object notification: Time [clock=2, time=2015-05-12 16:40:32.218]
Event sent to object      a40 clock(2)
object notification: Time [clock=3, time=2015-05-12 16:40:42.221]
Event sent to object      a40 clock(3)
object notification: Tile [id=null, cell=Cell [x=0, y=0], subject=green, time=2015-05-12 16:40:22.964, clock=0]
object notification: Time [clock=1, time=2015-05-12 16:40:22.064]
Event sent to object      a10 clock(1)
object notification: Time [clock=2, time=2015-05-12 16:40:32.218]
Event sent to object      a10 clock(2)
object notification: Time [clock=3, time=2015-05-12 16:40:42.221]
Event sent to object      a10 clock(3)
object notification: Tile [id=null, cell=Cell [x=0, y=0], subject=green, time=2015-05-12 16:40:22.964, clock=0]
object notification: Tile [id=null, cell=Cell [x=0, y=0], subject=green, time=2015-05-12 16:40:22.964, clock=0]
org notification: Tile [id=null, cell=Cell [x=0, y=0], subject=green, time=2015-05-12 16:40:22.964, clock=0]
Event processed UpdateClock(1)
org notified sent tile(cell(0,0),green,0).
org notification: Goal [id=null, cell=Cell [x=2, y=2], agent=null, time=2015-05-12 16:40:23.149, clock=0]
org notified sent goal(cell(2,2),null,0).
Event sent to object      a30 clock(1)
object notification: Time [clock=2, time=2015-05-12 16:40:32.218]
Event sent to object      a30 clock(2)
object notification: Time [clock=3, time=2015-05-12 16:40:42.221]
Event sent to object      a30 clock(3)
aplprolog.Parsing.ParseException: Encountered " "." ". "" at line 1, column 23.
Was expecting one of:
    ")" ...
    "," ...
    
aplprolog.Parsing.ParseException: Encountered " "." ". "" at line 1, column 23.
Was expecting one of:
    <INTEGER_LITERAL> ...
    <FLOATING_POINT_LITERAL> ...
    <CHARACTER_LITERAL> ...
    <STD_IDENTIFIER> ...
    <VAR_IDENTIFIER> ...
    "(" ...
    "[" ...
    ";" ...
    "," ...
    "!" ...
    "-" ...
    "->" ...
    "\\+" ...
    "|" ...
    "-" ...
    <STD_IDENTIFIER> ...
    <CHARACTER_LITERAL> ...
    "->" ...
    ";" ...
    "|" ...
    "\\+" ...
    <INTEGER_LITERAL> ...
    <FLOATING_POINT_LITERAL> ...
    <VAR_IDENTIFIER> ...
    "!" ...
    "(" ...
    "[" ...
    
org notification: Time [clock=1, time=2015-05-12 16:40:22.064]
org notified sent time(1).
Error while procession organization notification
java.lang.NullPointerException
	at oopl.DistributedOOPL.handleEvent(DistributedOOPL.java:49)
	at ctMW.EnvCT.notifyOrg(EnvCT.java:682)
	at ctMW.OrgHandler.notify(OrgHandler.java:31)
	at com.j_spaces.core.client.NotifyDelegator.notify(NotifyDelegator.java:142)
	at com.gigaspaces.events.fifo.BlockedOrderedQueue$NotifyFifoTask.dequeueAndTrigger(BlockedOrderedQueue.java:319)
	at com.gigaspaces.events.fifo.BlockedOrderedQueue$NotifyFifoTask.run(BlockedOrderedQueue.java:290)
	at com.gigaspaces.internal.utils.concurrent.RunnableContextClassLoaderDecorator.run(RunnableContextClassLoaderDecorator.java:40)
	at java.util.concurrent.ThreadPoolExecutor$Worker.runTask(ThreadPoolExecutor.java:895)
	at java.util.concurrent.ThreadPoolExecutor$Worker.run(ThreadPoolExecutor.java:918)
	at java.lang.Thread.run(Thread.java:695)
org notification: Tile [id=null, cell=Cell [x=0, y=1], subject=green, time=2015-05-12 16:40:23.084, clock=0]
org notified sent tile(cell(0,1),green,0).
Error while procession organization notification
java.lang.NullPointerException
	at oopl.DistributedOOPL.handleEvent(DistributedOOPL.java:49)
	at ctMW.EnvCT.notifyOrg(EnvCT.java:682)
	at ctMW.OrgHandler.notify(OrgHandler.java:31)
	at com.j_spaces.core.client.NotifyDelegator.notify(NotifyDelegator.java:142)
	at com.gigaspaces.events.fifo.BlockedOrderedQueue$NotifyFifoTask.dequeueAndTrigger(BlockedOrderedQueue.java:319)
	at com.gigaspaces.events.fifo.BlockedOrderedQueue$NotifyFifoTask.run(BlockedOrderedQueue.java:290)
	at com.gigaspaces.internal.utils.concurrent.RunnableContextClassLoaderDecorator.run(RunnableContextClassLoaderDecorator.java:40)
	at java.util.concurrent.ThreadPoolExecutor$Worker.runTask(ThreadPoolExecutor.java:895)
	at java.util.concurrent.ThreadPoolExecutor$Worker.run(ThreadPoolExecutor.java:918)
	at java.lang.Thread.run(Thread.java:695)
Organization notifies object (write): Prohibition [subject=a10, prohibition=[rejectRequests(a10)], sanction=[reduce(a10, 500)], clock=3, time=2015-05-12 16:40:45.839]
object notification: Tile [id=null, cell=Cell [x=0, y=1], subject=green, time=2015-05-12 16:40:23.084, clock=0]
object notification: Tile [id=null, cell=Cell [x=0, y=2], subject=red, time=2015-05-12 16:40:23.086, clock=0]
object notification: Tile [id=null, cell=Cell [x=0, y=3], subject=orange, time=2015-05-12 16:40:23.088, clock=0]
object notification: Tile [id=null, cell=Cell [x=0, y=4], subject=green, time=2015-05-12 16:40:23.09, clock=0]
object notification: Tile [id=null, cell=Cell [x=1, y=0], subject=green, time=2015-05-12 16:40:23.092, clock=0]
object notification: Tile [id=null, cell=Cell [x=1, y=1], subject=orange, time=2015-05-12 16:40:23.093, clock=0]
object notification: Tile [id=null, cell=Cell [x=1, y=2], subject=red, time=2015-05-12 16:40:23.095, clock=0]
object notification: Tile [id=null, cell=Cell [x=1, y=3], subject=red, time=2015-05-12 16:40:23.096, clock=0]
object notification: Tile [id=null, cell=Cell [x=1, y=4], subject=purple, time=2015-05-12 16:40:23.098, clock=0]
object notification: Tile [id=null, cell=Cell [x=2, y=0], subject=red, time=2015-05-12 16:40:23.099, clock=0]
object notification: Tile [id=null, cell=Cell [x=2, y=1], subject=red, time=2015-05-12 16:40:23.101, clock=0]
object notification: Tile [id=null, cell=Cell [x=2, y=2], subject=green, time=2015-05-12 16:40:23.102, clock=0]
object notification: Tile [id=null, cell=Cell [x=2, y=3], subject=purple, time=2015-05-12 16:40:23.103, clock=0]
object notification: Tile [id=null, cell=Cell [x=2, y=4], subject=red, time=2015-05-12 16:40:23.104, clock=0]
object notification: Tile [id=null, cell=Cell [x=0, y=1], subject=green, time=2015-05-12 16:40:23.084, clock=0]
object notification: Tile [id=null, cell=Cell [x=0, y=2], subject=red, time=2015-05-12 16:40:23.086, clock=0]
object notification: Tile [id=null, cell=Cell [x=0, y=1], subject=green, time=2015-05-12 16:40:23.084, clock=0]
Event processed UpdateClock(1)
object notification: Tile [id=null, cell=Cell [x=0, y=2], subject=red, time=2015-05-12 16:40:23.086, clock=0]
object notification: Tile [id=null, cell=Cell [x=0, y=3], subject=orange, time=2015-05-12 16:40:23.088, clock=0]
object notification: Tile [id=null, cell=Cell [x=0, y=4], subject=green, time=2015-05-12 16:40:23.09, clock=0]
Event processed UpdateClock(2)
Event processed UpdateClock(3)
Event processed UpdateClock(1)
object notification: Tile [id=null, cell=Cell [x=1, y=0], subject=green, time=2015-05-12 16:40:23.092, clock=0]
object notification: Tile [id=null, cell=Cell [x=1, y=1], subject=orange, time=2015-05-12 16:40:23.093, clock=0]
object notification: Tile [id=null, cell=Cell [x=1, y=2], subject=red, time=2015-05-12 16:40:23.095, clock=0]
object notification: Tile [id=null, cell=Cell [x=1, y=3], subject=red, time=2015-05-12 16:40:23.096, clock=0]
object notification: Tile [id=null, cell=Cell [x=1, y=4], subject=purple, time=2015-05-12 16:40:23.098, clock=0]
object notification: Tile [id=null, cell=Cell [x=2, y=0], subject=red, time=2015-05-12 16:40:23.099, clock=0]
object notification: Tile [id=null, cell=Cell [x=2, y=1], subject=red, time=2015-05-12 16:40:23.101, clock=0]
object notification: Tile [id=null, cell=Cell [x=2, y=2], subject=green, time=2015-05-12 16:40:23.102, clock=0]
object notification: Tile [id=null, cell=Cell [x=2, y=3], subject=purple, time=2015-05-12 16:40:23.103, clock=0]
object notification: Tile [id=null, cell=Cell [x=2, y=4], subject=red, time=2015-05-12 16:40:23.104, clock=0]
object notification: Tile [id=null, cell=Cell [x=3, y=0], subject=red, time=2015-05-12 16:40:23.105, clock=0]
object notification: Tile [id=null, cell=Cell [x=3, y=1], subject=orange, time=2015-05-12 16:40:23.107, clock=0]
object notification: Tile [id=null, cell=Cell [x=3, y=2], subject=purple, time=2015-05-12 16:40:23.108, clock=0]
object notification: Tile [id=null, cell=Cell [x=3, y=3], subject=purple, time=2015-05-12 16:40:23.109, clock=0]
object notification: Tile [id=null, cell=Cell [x=3, y=4], subject=orange, time=2015-05-12 16:40:23.11, clock=0]
object notification: Tile [id=null, cell=Cell [x=4, y=0], subject=green, time=2015-05-12 16:40:23.111, clock=0]
object notification: Tile [id=null, cell=Cell [x=4, y=1], subject=purple, time=2015-05-12 16:40:23.112, clock=0]
object notification: Tile [id=null, cell=Cell [x=4, y=2], subject=orange, time=2015-05-12 16:40:23.114, clock=0]
object notification: Tile [id=null, cell=Cell [x=4, y=3], subject=purple, time=2015-05-12 16:40:23.117, clock=0]
object notification: Tile [id=null, cell=Cell [x=4, y=4], subject=green, time=2015-05-12 16:40:23.118, clock=0]
object notification: Tile [id=null, cell=Cell [x=0, y=3], subject=orange, time=2015-05-12 16:40:23.088, clock=0]
object notification: Tile [id=null, cell=Cell [x=0, y=4], subject=green, time=2015-05-12 16:40:23.09, clock=0]
Event processed UpdateClock(2)
Event processed UpdateClock(3)
object notification: Tile [id=null, cell=Cell [x=3, y=0], subject=red, time=2015-05-12 16:40:23.105, clock=0]
object notification: Tile [id=null, cell=Cell [x=1, y=0], subject=green, time=2015-05-12 16:40:23.092, clock=0]
object notification: Tile [id=null, cell=Cell [x=1, y=1], subject=orange, time=2015-05-12 16:40:23.093, clock=0]
object notification: Tile [id=null, cell=Cell [x=1, y=2], subject=red, time=2015-05-12 16:40:23.095, clock=0]
object notification: Tile [id=null, cell=Cell [x=1, y=3], subject=red, time=2015-05-12 16:40:23.096, clock=0]
object notification: Tile [id=null, cell=Cell [x=1, y=4], subject=purple, time=2015-05-12 16:40:23.098, clock=0]
object notification: Tile [id=null, cell=Cell [x=2, y=0], subject=red, time=2015-05-12 16:40:23.099, clock=0]
object notification: Tile [id=null, cell=Cell [x=2, y=1], subject=red, time=2015-05-12 16:40:23.101, clock=0]
object notification: Tile [id=null, cell=Cell [x=2, y=2], subject=green, time=2015-05-12 16:40:23.102, clock=0]
object notification: Tile [id=null, cell=Cell [x=2, y=3], subject=purple, time=2015-05-12 16:40:23.103, clock=0]
object notification: Tile [id=null, cell=Cell [x=2, y=4], subject=red, time=2015-05-12 16:40:23.104, clock=0]
object notification: Tile [id=null, cell=Cell [x=3, y=0], subject=red, time=2015-05-12 16:40:23.105, clock=0]
object notification: Tile [id=null, cell=Cell [x=3, y=1], subject=orange, time=2015-05-12 16:40:23.107, clock=0]
object notification: Tile [id=null, cell=Cell [x=3, y=2], subject=purple, time=2015-05-12 16:40:23.108, clock=0]
object notification: Tile [id=null, cell=Cell [x=3, y=3], subject=purple, time=2015-05-12 16:40:23.109, clock=0]
object notification: Tile [id=null, cell=Cell [x=3, y=4], subject=orange, time=2015-05-12 16:40:23.11, clock=0]
object notification: Tile [id=null, cell=Cell [x=4, y=0], subject=green, time=2015-05-12 16:40:23.111, clock=0]
object notification: Tile [id=null, cell=Cell [x=4, y=1], subject=purple, time=2015-05-12 16:40:23.112, clock=0]
object notification: Tile [id=null, cell=Cell [x=4, y=2], subject=orange, time=2015-05-12 16:40:23.114, clock=0]
object notification: Tile [id=null, cell=Cell [x=4, y=3], subject=purple, time=2015-05-12 16:40:23.117, clock=0]
object notification: Tile [id=null, cell=Cell [x=4, y=4], subject=green, time=2015-05-12 16:40:23.118, clock=0]
object notification: Tile [id=null, cell=Cell [x=3, y=1], subject=orange, time=2015-05-12 16:40:23.107, clock=0]
object notification: Tile [id=null, cell=Cell [x=3, y=2], subject=purple, time=2015-05-12 16:40:23.108, clock=0]
object notification: Tile [id=null, cell=Cell [x=3, y=3], subject=purple, time=2015-05-12 16:40:23.109, clock=0]
object notification: Tile [id=null, cell=Cell [x=3, y=4], subject=orange, time=2015-05-12 16:40:23.11, clock=0]
object notification: Tile [id=null, cell=Cell [x=4, y=0], subject=green, time=2015-05-12 16:40:23.111, clock=0]
object notification: Tile [id=null, cell=Cell [x=4, y=1], subject=purple, time=2015-05-12 16:40:23.112, clock=0]
object notification: Tile [id=null, cell=Cell [x=4, y=2], subject=orange, time=2015-05-12 16:40:23.114, clock=0]
object notification: Tile [id=null, cell=Cell [x=4, y=3], subject=purple, time=2015-05-12 16:40:23.117, clock=0]
object notification: Tile [id=null, cell=Cell [x=4, y=4], subject=green, time=2015-05-12 16:40:23.118, clock=0]
Organization notifies object (write): Prohibition [subject=a20, prohibition=[rejectRequests(a20)], sanction=[reduce(a20, 500)], clock=3, time=2015-05-12 16:40:45.893]
Organization notifies object (write): Prohibition [subject=a30, prohibition=[rejectRequests(a30)], sanction=[reduce(a30, 500)], clock=3, time=2015-05-12 16:40:45.897]
Organization notifies object (write): Prohibition [subject=a40, prohibition=[rejectRequests(a40)], sanction=[reduce(a40, 500)], clock=3, time=2015-05-12 16:40:45.899]
org notification: Time [clock=2, time=2015-05-12 16:40:32.218]
org notified sent time(2).
org notification: Tile [id=null, cell=Cell [x=0, y=2], subject=red, time=2015-05-12 16:40:23.086, clock=0]
org notified sent tile(cell(0,2),red,0).
org notification: Position [subject=a20, id=null, cell=Cell [x=0, y=4], time=2015-05-12 16:40:45.845, clock=2]
org notified sent position(a20,cell(0,4),2).
org notification: Time [clock=3, time=2015-05-12 16:40:42.221]
org notified sent time(3).
object notification: Prohibition [subject=a40, prohibition=[rejectRequests(a40)], sanction=[reduce(a40, 500)], clock=3, time=2015-05-12 16:40:45.899]
object notification: Prohibition [subject=a30, prohibition=[rejectRequests(a30)], sanction=[reduce(a30, 500)], clock=3, time=2015-05-12 16:40:45.897]
object notification: Position [subject=a10, id=null, cell=Cell [x=0, y=0], time=2015-05-12 16:40:45.932, clock=2]
Event sent to object      a30 prohibition([rejectRequests(a30)]], [reduce(a30, 500)])
object notification: Prohibition [subject=a10, prohibition=[rejectRequests(a10)], sanction=[reduce(a10, 500)], clock=3, time=2015-05-12 16:40:45.839]
org notification: Position [subject=a10, id=null, cell=Cell [x=0, y=0], time=2015-05-12 16:40:45.932, clock=2]
org notified sent position(a10,cell(0,0),2).
object notification: Position [subject=a40, id=null, cell=Cell [x=4, y=0], time=2015-05-12 16:40:45.944, clock=2]
object notification: Chip [id=null, agent=a10, time=2015-05-12 16:40:45.935, color=orange, clock=2, number=3]
org notification: Chip [id=null, agent=a20, time=2015-05-12 16:40:45.855, color=orange, clock=2, number=2]
org notified sent chip(a20,orange,2,2).
org notification: Position [subject=a40, id=null, cell=Cell [x=4, y=0], time=2015-05-12 16:40:45.944, clock=2]
org notified sent position(a40,cell(4,0),2).
Event sent to object      a40 prohibition([rejectRequests(a40)]], [reduce(a40, 500)])
Event sent to object      a10 chip(a10, orange, 3, 2)
Event sent to object      a40 position(4, 4, 2)
Event sent to object      a10 position(0, 0, 2)
object notification: Chip [id=null, agent=a10, time=2015-05-12 16:40:45.938, color=red, clock=2, number=3]
Event sent to object      a10 prohibition([rejectRequests(a10)]], [reduce(a10, 500)])
Event sent to object      a10 chip(a10, red, 3, 2)
object notification: Chip [id=null, agent=a10, time=2015-05-12 16:40:45.94, color=purple, clock=2, number=3]
Event sent to object      a10 chip(a10, purple, 3, 2)
object notification: Chip [id=null, agent=a10, time=2015-05-12 16:40:45.942, color=green, clock=2, number=3]
Event sent to object      a10 chip(a10, green, 3, 2)
object notification: Chip [id=null, agent=a40, time=2015-05-12 16:40:45.947, color=orange, clock=2, number=2]
object notification: Chip [id=null, agent=a30, time=2015-05-12 16:40:45.969, color=orange, clock=2, number=1]
Event sent to object      a40 chip(a40, orange, 2, 2)
object notification: Position [subject=a30, id=null, cell=Cell [x=4, y=4], time=2015-05-12 16:40:45.963, clock=2]
object notification: Chip [id=null, agent=a40, time=2015-05-12 16:40:45.949, color=red, clock=2, number=3]
Event sent to object      a40 chip(a40, red, 3, 2)
object notification: Chip [id=null, agent=a40, time=2015-05-12 16:40:45.956, color=purple, clock=2, number=3]
Event sent to object      a40 chip(a40, purple, 3, 2)
Event sent to object      a30 chip(a30, orange, 1, 2)
object notification: Chip [id=null, agent=a30, time=2015-05-12 16:40:45.973, color=red, clock=2, number=1]
Event sent to object      a30 position(4, 4, 2)
Event sent to object      a30 chip(a30, red, 1, 2)
object notification: Chip [id=null, agent=a30, time=2015-05-12 16:40:45.975, color=purple, clock=2, number=3]
Event sent to object      a30 chip(a30, purple, 3, 2)
object notification: Chip [id=null, agent=a30, time=2015-05-12 16:40:45.977, color=green, clock=2, number=2]
Event sent to object      a30 chip(a30, green, 2, 2)
object notification: Chip [id=null, agent=a40, time=2015-05-12 16:40:45.96, color=green, clock=2, number=2]
org notification: Tile [id=null, cell=Cell [x=0, y=3], subject=orange, time=2015-05-12 16:40:23.088, clock=0]
org notified sent tile(cell(0,3),orange,0).
Event sent to object      a40 chip(a40, green, 2, 2)
org notification: Position [subject=a30, id=null, cell=Cell [x=4, y=4], time=2015-05-12 16:40:45.963, clock=2]
org notified sent position(a30,cell(4,4),2).
org notification: Chip [id=null, agent=a20, time=2015-05-12 16:40:45.912, color=red, clock=2, number=3]
org notified sent chip(a20,red,3,2).
org notification: Chip [id=null, agent=a20, time=2015-05-12 16:40:45.924, color=purple, clock=2, number=1]
org notified sent chip(a20,purple,1,2).
org notification: Tile [id=null, cell=Cell [x=0, y=4], subject=green, time=2015-05-12 16:40:23.09, clock=0]
org notified sent tile(cell(0,4),green,0).
org notification: Chip [id=null, agent=a20, time=2015-05-12 16:40:45.93, color=green, clock=2, number=2]
org notified sent chip(a20,green,2,2).
org notification: Tile [id=null, cell=Cell [x=1, y=0], subject=green, time=2015-05-12 16:40:23.092, clock=0]
org notified sent tile(cell(1,0),green,0).
Event processed UpdateClock(2)
Event processed UpdateClock(3)
Event processed adoptProhibition(rejectRequests(a30)], reduce(a30, 500))
Event processed @ctenv(functionToList(chip(a30, orange, 1, 2)),LIST,0); if B(LIST=[actionresult([TYPE,ID])]) then if B(TYPE=proposal) then {ReceivedMessage(TYPE, ID, open); adopta(received(TYPE, ID, closed) : Infinite, priority 1)} else if B(LIST=[actionresult([TYPE,ID,RESPONSE])]) then if B(TYPE=response) then ReceivedMessage(RESPONSE, ID) else if B(LIST=[actionresult([TYPE])]) then ReceivedEvent(TYPE) else if B(LIST=[actionresult([TYPE,AGENT,ID,RESPONSE])]) then if B(TYPE=proposal) then ReceivedProposal(AGENT, ID, RESPONSE)
org notification: Tile [id=null, cell=Cell [x=1, y=1], subject=orange, time=2015-05-12 16:40:23.093, clock=0]
org notified sent tile(cell(1,1),orange,0).
Event processed UpdatePosition(4, 4)
Event processed @ctenv(functionToList(chip(a30, red, 1, 2)),LIST,0); if B(LIST=[actionresult([TYPE,ID])]) then if B(TYPE=proposal) then {ReceivedMessage(TYPE, ID, open); adopta(received(TYPE, ID, closed) : Infinite, priority 1)} else if B(LIST=[actionresult([TYPE,ID,RESPONSE])]) then if B(TYPE=response) then ReceivedMessage(RESPONSE, ID) else if B(LIST=[actionresult([TYPE])]) then ReceivedEvent(TYPE) else if B(LIST=[actionresult([TYPE,AGENT,ID,RESPONSE])]) then if B(TYPE=proposal) then ReceivedProposal(AGENT, ID, RESPONSE)
Event processed @ctenv(functionToList(chip(a30, purple, 3, 2)),LIST,0); if B(LIST=[actionresult([TYPE,ID])]) then if B(TYPE=proposal) then {ReceivedMessage(TYPE, ID, open); adopta(received(TYPE, ID, closed) : Infinite, priority 1)} else if B(LIST=[actionresult([TYPE,ID,RESPONSE])]) then if B(TYPE=response) then ReceivedMessage(RESPONSE, ID) else if B(LIST=[actionresult([TYPE])]) then ReceivedEvent(TYPE) else if B(LIST=[actionresult([TYPE,AGENT,ID,RESPONSE])]) then if B(TYPE=proposal) then ReceivedProposal(AGENT, ID, RESPONSE)
org notification: Chip [id=null, agent=a10, time=2015-05-12 16:40:45.935, color=orange, clock=2, number=3]
org notified sent chip(a10,orange,3,2).
Event processed @ctenv(functionToList(chip(a30, green, 2, 2)),LIST,0); if B(LIST=[actionresult([TYPE,ID])]) then if B(TYPE=proposal) then {ReceivedMessage(TYPE, ID, open); adopta(received(TYPE, ID, closed) : Infinite, priority 1)} else if B(LIST=[actionresult([TYPE,ID,RESPONSE])]) then if B(TYPE=response) then ReceivedMessage(RESPONSE, ID) else if B(LIST=[actionresult([TYPE])]) then ReceivedEvent(TYPE) else if B(LIST=[actionresult([TYPE,AGENT,ID,RESPONSE])]) then if B(TYPE=proposal) then ReceivedProposal(AGENT, ID, RESPONSE)
org notification: Chip [id=null, agent=a10, time=2015-05-12 16:40:45.938, color=red, clock=2, number=3]
org notified sent chip(a10,red,3,2).
org notification: Tile [id=null, cell=Cell [x=1, y=2], subject=red, time=2015-05-12 16:40:23.095, clock=0]
org notified sent tile(cell(1,2),red,0).
org notification: Chip [id=null, agent=a10, time=2015-05-12 16:40:45.94, color=purple, clock=2, number=3]
org notified sent chip(a10,purple,3,2).
org notification: Tile [id=null, cell=Cell [x=1, y=3], subject=red, time=2015-05-12 16:40:23.096, clock=0]
org notified sent tile(cell(1,3),red,0).
Event processed adoptProhibition(rejectRequests(a40)], reduce(a40, 500))
Event processed UpdatePosition(4, 4)
Event processed @ctenv(functionToList(chip(a40, orange, 2, 2)),LIST,0); if B(LIST=[actionresult([TYPE,ID])]) then if B(TYPE=proposal) then {ReceivedMessage(TYPE, ID, open); adopta(received(TYPE, ID, closed) : Infinite, priority 1)} else if B(LIST=[actionresult([TYPE,ID,RESPONSE])]) then if B(TYPE=response) then ReceivedMessage(RESPONSE, ID) else if B(LIST=[actionresult([TYPE])]) then ReceivedEvent(TYPE) else if B(LIST=[actionresult([TYPE,AGENT,ID,RESPONSE])]) then if B(TYPE=proposal) then ReceivedProposal(AGENT, ID, RESPONSE)
org notification: Chip [id=null, agent=a10, time=2015-05-12 16:40:45.942, color=green, clock=2, number=3]
org notified sent chip(a10,green,3,2).
Event processed @ctenv(functionToList(chip(a40, red, 3, 2)),LIST,0); if B(LIST=[actionresult([TYPE,ID])]) then if B(TYPE=proposal) then {ReceivedMessage(TYPE, ID, open); adopta(received(TYPE, ID, closed) : Infinite, priority 1)} else if B(LIST=[actionresult([TYPE,ID,RESPONSE])]) then if B(TYPE=response) then ReceivedMessage(RESPONSE, ID) else if B(LIST=[actionresult([TYPE])]) then ReceivedEvent(TYPE) else if B(LIST=[actionresult([TYPE,AGENT,ID,RESPONSE])]) then if B(TYPE=proposal) then ReceivedProposal(AGENT, ID, RESPONSE)
Event processed @ctenv(functionToList(chip(a40, purple, 3, 2)),LIST,0); if B(LIST=[actionresult([TYPE,ID])]) then if B(TYPE=proposal) then {ReceivedMessage(TYPE, ID, open); adopta(received(TYPE, ID, closed) : Infinite, priority 1)} else if B(LIST=[actionresult([TYPE,ID,RESPONSE])]) then if B(TYPE=response) then ReceivedMessage(RESPONSE, ID) else if B(LIST=[actionresult([TYPE])]) then ReceivedEvent(TYPE) else if B(LIST=[actionresult([TYPE,AGENT,ID,RESPONSE])]) then if B(TYPE=proposal) then ReceivedProposal(AGENT, ID, RESPONSE)
org notification: Tile [id=null, cell=Cell [x=1, y=4], subject=purple, time=2015-05-12 16:40:23.098, clock=0]
org notification: Chip [id=null, agent=a40, time=2015-05-12 16:40:45.947, color=orange, clock=2, number=2]
org notified sent chip(a40,orange,2,2).
org notified sent tile(cell(1,4),purple,0).
Error while procession organization notification
java.lang.ArrayIndexOutOfBoundsException: -1
	at aplprolog.Parsing.IntPrologTokenManager.jjMoveNfa_0(IntPrologTokenManager.java:534)
	at aplprolog.Parsing.IntPrologTokenManager.jjMoveStringLiteralDfa0_0(IntPrologTokenManager.java:131)
	at aplprolog.Parsing.IntPrologTokenManager.getNextToken(IntPrologTokenManager.java:1042)
	at aplprolog.Parsing.IntProlog.jj_scan_token(IntProlog.java:1294)
	at aplprolog.Parsing.IntProlog.jj_3R_16(IntProlog.java:734)
	at aplprolog.Parsing.IntProlog.jj_3R_6(IntProlog.java:786)
	at aplprolog.Parsing.IntProlog.jj_3R_5(IntProlog.java:810)
	at aplprolog.Parsing.IntProlog.jj_3_2(IntProlog.java:1150)
	at aplprolog.Parsing.IntProlog.jj_2_2(IntProlog.java:723)
	at aplprolog.Parsing.IntProlog.Argument(IntProlog.java:381)
	at aplprolog.Parsing.IntProlog.Arguments(IntProlog.java:372)
	at aplprolog.Parsing.IntProlog.PosLiteral(IntProlog.java:317)
	at aplprolog.Parsing.IntProlog.Rule(IntProlog.java:250)
	at aplprolog.Parsing.IntProlog.parseFact(IntProlog.java:80)
	at ctMW.EnvCT.notifyOrg(EnvCT.java:682)
	at ctMW.OrgHandler.notify(OrgHandler.java:31)
	at com.j_spaces.core.client.NotifyDelegator.notify(NotifyDelegator.java:142)
	at com.gigaspaces.events.fifo.BlockedOrderedQueue$NotifyFifoTask.dequeueAndTrigger(BlockedOrderedQueue.java:319)
	at com.gigaspaces.events.fifo.BlockedOrderedQueue$NotifyFifoTask.run(BlockedOrderedQueue.java:290)
	at com.gigaspaces.internal.utils.concurrent.RunnableContextClassLoaderDecorator.run(RunnableContextClassLoaderDecorator.java:40)
	at java.util.concurrent.ThreadPoolExecutor$Worker.runTask(ThreadPoolExecutor.java:895)
	at java.util.concurrent.ThreadPoolExecutor$Worker.run(ThreadPoolExecutor.java:918)
	at java.lang.Thread.run(Thread.java:695)
Event processed @ctenv(functionToList(chip(a40, green, 2, 2)),LIST,0); if B(LIST=[actionresult([TYPE,ID])]) then if B(TYPE=proposal) then {ReceivedMessage(TYPE, ID, open); adopta(received(TYPE, ID, closed) : Infinite, priority 1)} else if B(LIST=[actionresult([TYPE,ID,RESPONSE])]) then if B(TYPE=response) then ReceivedMessage(RESPONSE, ID) else if B(LIST=[actionresult([TYPE])]) then ReceivedEvent(TYPE) else if B(LIST=[actionresult([TYPE,AGENT,ID,RESPONSE])]) then if B(TYPE=proposal) then ReceivedProposal(AGENT, ID, RESPONSE)
org notification: Chip [id=null, agent=a40, time=2015-05-12 16:40:45.949, color=red, clock=2, number=3]
org notified sent chip(a40,red,3,2).
org notification: Tile [id=null, cell=Cell [x=2, y=0], subject=red, time=2015-05-12 16:40:23.099, clock=0]
org notified sent tile(cell(2,0),red,0).
org notification: Chip [id=null, agent=a40, time=2015-05-12 16:40:45.956, color=purple, clock=2, number=3]
org notified sent chip(a40,purple,3,2).
Event processed UpdatePosition(0, 0)
org notification: Tile [id=null, cell=Cell [x=2, y=1], subject=red, time=2015-05-12 16:40:23.101, clock=0]
org notified sent tile(cell(2,1),red,0).
Event processed @ctenv(functionToList(chip(a10, orange, 3, 2)),LIST,0); if B(LIST=[actionresult([TYPE,ID])]) then if B(TYPE=proposal) then {ReceivedMessage(TYPE, ID, open); adopta(received(TYPE, ID, closed) : Infinite, priority 1)} else if B(LIST=[actionresult([TYPE,ID,RESPONSE])]) then if B(TYPE=response) then ReceivedMessage(RESPONSE, ID) else if B(LIST=[actionresult([TYPE])]) then ReceivedEvent(TYPE) else if B(LIST=[actionresult([TYPE,AGENT,ID,RESPONSE])]) then if B(TYPE=proposal) then ReceivedProposal(AGENT, ID, RESPONSE)
Event processed adoptProhibition(rejectRequests(a10)], reduce(a10, 500))
org notification: Chip [id=null, agent=a40, time=2015-05-12 16:40:45.96, color=green, clock=2, number=2]
org notified sent chip(a40,green,2,2).
Event processed @ctenv(functionToList(chip(a10, red, 3, 2)),LIST,0); if B(LIST=[actionresult([TYPE,ID])]) then if B(TYPE=proposal) then {ReceivedMessage(TYPE, ID, open); adopta(received(TYPE, ID, closed) : Infinite, priority 1)} else if B(LIST=[actionresult([TYPE,ID,RESPONSE])]) then if B(TYPE=response) then ReceivedMessage(RESPONSE, ID) else if B(LIST=[actionresult([TYPE])]) then ReceivedEvent(TYPE) else if B(LIST=[actionresult([TYPE,AGENT,ID,RESPONSE])]) then if B(TYPE=proposal) then ReceivedProposal(AGENT, ID, RESPONSE)
org notification: Tile [id=null, cell=Cell [x=2, y=2], subject=green, time=2015-05-12 16:40:23.102, clock=0]
org notified sent tile(cell(2,2),green,0).
Event processed @ctenv(functionToList(chip(a10, purple, 3, 2)),LIST,0); if B(LIST=[actionresult([TYPE,ID])]) then if B(TYPE=proposal) then {ReceivedMessage(TYPE, ID, open); adopta(received(TYPE, ID, closed) : Infinite, priority 1)} else if B(LIST=[actionresult([TYPE,ID,RESPONSE])]) then if B(TYPE=response) then ReceivedMessage(RESPONSE, ID) else if B(LIST=[actionresult([TYPE])]) then ReceivedEvent(TYPE) else if B(LIST=[actionresult([TYPE,AGENT,ID,RESPONSE])]) then if B(TYPE=proposal) then ReceivedProposal(AGENT, ID, RESPONSE)
Event processed @ctenv(functionToList(chip(a10, green, 3, 2)),LIST,0); if B(LIST=[actionresult([TYPE,ID])]) then if B(TYPE=proposal) then {ReceivedMessage(TYPE, ID, open); adopta(received(TYPE, ID, closed) : Infinite, priority 1)} else if B(LIST=[actionresult([TYPE,ID,RESPONSE])]) then if B(TYPE=response) then ReceivedMessage(RESPONSE, ID) else if B(LIST=[actionresult([TYPE])]) then ReceivedEvent(TYPE) else if B(LIST=[actionresult([TYPE,AGENT,ID,RESPONSE])]) then if B(TYPE=proposal) then ReceivedProposal(AGENT, ID, RESPONSE)
org notification: Chip [id=null, agent=a30, time=2015-05-12 16:40:45.969, color=orange, clock=2, number=1]
org notified sent chip(a30,orange,1,2).
org notification: Tile [id=null, cell=Cell [x=2, y=3], subject=purple, time=2015-05-12 16:40:23.103, clock=0]
org notified sent tile(cell(2,3),purple,0).
org notification: Chip [id=null, agent=a30, time=2015-05-12 16:40:45.973, color=red, clock=2, number=1]
org notified sent chip(a30,red,1,2).
org notification: Tile [id=null, cell=Cell [x=2, y=4], subject=red, time=2015-05-12 16:40:23.104, clock=0]
org notified sent tile(cell(2,4),red,0).
[CTAH] Array of Terms: [Lapapl.data.Term;@7bcf4cbf
[CTAH] The created APLList : [a30,orange,1,2]
org notification: Chip [id=null, agent=a30, time=2015-05-12 16:40:45.975, color=purple, clock=2, number=3]
org notified sent chip(a30,purple,3,2).
[CTAH] Array of Terms: [Lapapl.data.Term;@66b7cf19
[CTAH] The created APLList : [a30,red,1,2]
[CTAH] Array of Terms: [Lapapl.data.Term;@7308cb04
[CTAH] The created APLList : [a30,purple,3,2]
org notification: Tile [id=null, cell=Cell [x=3, y=0], subject=red, time=2015-05-12 16:40:23.105, clock=0]
org notified sent tile(cell(3,0),red,0).
org notification: Chip [id=null, agent=a30, time=2015-05-12 16:40:45.977, color=green, clock=2, number=2]
org notified sent chip(a30,green,2,2).
org notification: Tile [id=null, cell=Cell [x=3, y=1], subject=orange, time=2015-05-12 16:40:23.107, clock=0]
org notified sent tile(cell(3,1),orange,0).
[CTAH] Array of Terms: [Lapapl.data.Term;@5b3087bf
[CTAH] The created APLList : [a30,green,2,2]
org notification: Tile [id=null, cell=Cell [x=3, y=2], subject=purple, time=2015-05-12 16:40:23.108, clock=0]
org notified sent tile(cell(3,2),purple,0).
org notification: Tile [id=null, cell=Cell [x=3, y=3], subject=purple, time=2015-05-12 16:40:23.109, clock=0]
org notified sent tile(cell(3,3),purple,0).
org notification: Tile [id=null, cell=Cell [x=3, y=4], subject=orange, time=2015-05-12 16:40:23.11, clock=0]
org notified sent tile(cell(3,4),orange,0).
org notification: Tile [id=null, cell=Cell [x=4, y=0], subject=green, time=2015-05-12 16:40:23.111, clock=0]
org notified sent tile(cell(4,0),green,0).
org notification: Tile [id=null, cell=Cell [x=4, y=1], subject=purple, time=2015-05-12 16:40:23.112, clock=0]
org notified sent tile(cell(4,1),purple,0).
org notification: Tile [id=null, cell=Cell [x=4, y=2], subject=orange, time=2015-05-12 16:40:23.114, clock=0]
org notified sent tile(cell(4,2),orange,0).
org notification: Tile [id=null, cell=Cell [x=4, y=3], subject=purple, time=2015-05-12 16:40:23.117, clock=0]
org notified sent tile(cell(4,3),purple,0).
org notification: Tile [id=null, cell=Cell [x=4, y=4], subject=green, time=2015-05-12 16:40:23.118, clock=0]
org notified sent tile(cell(4,4),green,0).
[CTAH] Array of Terms: [Lapapl.data.Term;@19273cb9
[CTAH] The created APLList : [a40,orange,2,2]
[CTAH] Array of Terms: [Lapapl.data.Term;@34ef2a9a
[CTAH] The created APLList : [a40,red,3,2]
[CTAH] Array of Terms: [Lapapl.data.Term;@6b6fe9e7
[CTAH] The created APLList : [a40,purple,3,2]
[CTAH] Array of Terms: [Lapapl.data.Term;@4955648
[CTAH] The created APLList : [a40,green,2,2]
[CTAH] Array of Terms: [Lapapl.data.Term;@1e66a224
[CTAH] The created APLList : [a10,orange,3,2]
[CTAH] Array of Terms: [Lapapl.data.Term;@771c674a
[CTAH] The created APLList : [a10,red,3,2]
[CTAH] Array of Terms: [Lapapl.data.Term;@7c5f7ea5
[CTAH] The created APLList : [a10,purple,3,2]
[CTAH] Array of Terms: [Lapapl.data.Term;@6173c26d
[CTAH] The created APLList : [a10,green,3,2]
org notification: Time [clock=4, time=2015-05-12 16:40:52.277]
org notified sent time(4).
object notification: Time [clock=4, time=2015-05-12 16:40:52.277]
Event sent to object      a40 clock(4)
object notification: Time [clock=4, time=2015-05-12 16:40:52.277]
Event sent to object      a30 clock(4)
object notification: Time [clock=4, time=2015-05-12 16:40:52.277]
Event sent to object      a10 clock(4)
Event processed UpdateClock(4)
Event processed UpdateClock(4)
Event processed UpdateClock(4)
object notification: Time [clock=5, time=2015-05-12 16:41:02.278]
Event sent to object      a10 clock(5)
object notification: Time [clock=5, time=2015-05-12 16:41:02.278]
org notification: Time [clock=5, time=2015-05-12 16:41:02.278]
org notified sent time(5).
object notification: Time [clock=5, time=2015-05-12 16:41:02.278]
Event sent to object      a40 clock(5)
Event sent to object      a30 clock(5)
Event processed UpdateClock(5)
Event processed UpdateClock(5)
Event processed UpdateClock(5)
object notification: Time [clock=6, time=2015-05-12 16:41:12.285]
Event sent to object      a40 clock(6)
org notification: Time [clock=6, time=2015-05-12 16:41:12.285]
org notified sent time(6).
object notification: Time [clock=6, time=2015-05-12 16:41:12.285]
Event sent to object      a10 clock(6)
object notification: Time [clock=6, time=2015-05-12 16:41:12.285]
Event sent to object      a30 clock(6)
Event processed UpdateClock(6)
Event processed UpdateClock(6)
Event processed UpdateClock(6)
object notification: Time [clock=7, time=2015-05-12 16:41:22.289]
org notification: Time [clock=7, time=2015-05-12 16:41:22.289]
org notified sent time(7).
object notification: Time [clock=7, time=2015-05-12 16:41:22.289]
Event sent to object      a30 clock(7)
object notification: Time [clock=7, time=2015-05-12 16:41:22.289]
Event sent to object      a40 clock(7)
Event sent to object      a10 clock(7)
Event processed UpdateClock(7)
Event processed UpdateClock(7)
Event processed UpdateClock(7)
object notification: Time [clock=8, time=2015-05-12 16:41:32.299]
Event sent to object      a40 clock(8)
org notification: Time [clock=8, time=2015-05-12 16:41:32.299]
org notified sent time(8).
object notification: Time [clock=8, time=2015-05-12 16:41:32.299]
Event sent to object      a10 clock(8)
object notification: Time [clock=8, time=2015-05-12 16:41:32.299]
Event sent to object      a30 clock(8)
Event processed UpdateClock(8)
Event processed UpdateClock(8)
Event processed UpdateClock(8)
object notification: Time [clock=9, time=2015-05-12 16:41:42.302]
Event sent to object      a40 clock(9)
org notification: Time [clock=9, time=2015-05-12 16:41:42.302]
org notified sent time(9).
object notification: Time [clock=9, time=2015-05-12 16:41:42.302]
Event sent to object      a10 clock(9)
object notification: Time [clock=9, time=2015-05-12 16:41:42.302]
Event sent to object      a30 clock(9)
Event processed UpdateClock(9)
Event processed UpdateClock(9)
Event processed UpdateClock(9)
object notification: Time [clock=10, time=2015-05-12 16:41:52.306]
Event sent to object      a40 clock(10)
org notification: Time [clock=10, time=2015-05-12 16:41:52.306]
org notified sent time(10).
object notification: Time [clock=10, time=2015-05-12 16:41:52.306]
object notification: Time [clock=10, time=2015-05-12 16:41:52.306]
Event sent to object      a30 clock(10)
Event sent to object      a10 clock(10)
Event processed UpdateClock(10)
Event processed UpdateClock(10)
Event processed UpdateClock(10)
org notification: Time [clock=11, time=2015-05-12 16:42:02.308]
org notified sent time(11).
object notification: Time [clock=11, time=2015-05-12 16:42:02.308]
object notification: Time [clock=11, time=2015-05-12 16:42:02.308]
Event sent to object      a30 clock(11)
Event sent to object      a40 clock(11)
object notification: Time [clock=11, time=2015-05-12 16:42:02.308]
Event sent to object      a10 clock(11)
Event processed UpdateClock(11)
Event processed UpdateClock(11)
Event processed UpdateClock(11)
object notification: Time [clock=12, time=2015-05-12 16:42:12.31]
org notification: Time [clock=12, time=2015-05-12 16:42:12.31]
org notified sent time(12).
Event sent to object      a30 clock(12)
object notification: Time [clock=12, time=2015-05-12 16:42:12.31]
Event sent to object      a10 clock(12)
object notification: Time [clock=12, time=2015-05-12 16:42:12.31]
Event sent to object      a40 clock(12)
Event processed UpdateClock(12)
Event processed UpdateClock(12)
Event processed UpdateClock(12)
object notification: Time [clock=13, time=2015-05-12 16:42:22.314]
Event sent to object      a40 clock(13)
object notification: Time [clock=13, time=2015-05-12 16:42:22.314]
org notification: Time [clock=13, time=2015-05-12 16:42:22.314]
org notified sent time(13).
Event sent to object      a10 clock(13)
object notification: Time [clock=13, time=2015-05-12 16:42:22.314]
Event sent to object      a30 clock(13)
Event processed UpdateClock(13)
Event processed UpdateClock(13)
Event processed UpdateClock(13)
object notification: Time [clock=14, time=2015-05-12 16:42:32.316]
object notification: Time [clock=14, time=2015-05-12 16:42:32.316]
Event sent to object      a30 clock(14)
Event sent to object      a10 clock(14)
org notification: Time [clock=14, time=2015-05-12 16:42:32.316]
org notified sent time(14).
object notification: Time [clock=14, time=2015-05-12 16:42:32.316]
Event sent to object      a40 clock(14)
Event processed UpdateClock(14)
Event processed UpdateClock(14)
Event processed UpdateClock(14)
object notification: Time [clock=15, time=2015-05-12 16:42:42.319]
Event sent to object      a40 clock(15)
object notification: Time [clock=15, time=2015-05-12 16:42:42.319]
org notification: Time [clock=15, time=2015-05-12 16:42:42.319]
Event sent to object      a10 clock(15)
object notification: Time [clock=15, time=2015-05-12 16:42:42.319]
org notified sent time(15).
Event sent to object      a30 clock(15)
Event processed UpdateClock(15)
Event processed UpdateClock(15)
Event processed UpdateClock(15)
object notification: Time [clock=16, time=2015-05-12 16:42:52.323]
Event sent to object      a30 clock(16)
object notification: Time [clock=16, time=2015-05-12 16:42:52.323]
org notification: Time [clock=16, time=2015-05-12 16:42:52.323]
org notified sent time(16).
object notification: Time [clock=16, time=2015-05-12 16:42:52.323]
Event sent to object      a40 clock(16)
Event sent to object      a10 clock(16)
Event processed UpdateClock(16)
Event processed UpdateClock(16)
Event processed UpdateClock(16)
object notification: Time [clock=17, time=2015-05-12 16:43:02.325]
object notification: Time [clock=17, time=2015-05-12 16:43:02.325]
Event sent to object      a10 clock(17)
Event sent to object      a40 clock(17)
org notification: Time [clock=17, time=2015-05-12 16:43:02.325]
org notified sent time(17).
object notification: Time [clock=17, time=2015-05-12 16:43:02.325]
Event sent to object      a30 clock(17)
Event processed UpdateClock(17)
Event processed UpdateClock(17)
Event processed UpdateClock(17)
object notification: Time [clock=18, time=2015-05-12 16:43:12.331]
org notification: Time [clock=18, time=2015-05-12 16:43:12.331]
org notified sent time(18).
object notification: Time [clock=18, time=2015-05-12 16:43:12.331]
Event sent to object      a10 clock(18)
object notification: Time [clock=18, time=2015-05-12 16:43:12.331]
Event sent to object      a40 clock(18)
Event sent to object      a30 clock(18)
Event processed UpdateClock(18)
Event processed UpdateClock(18)
Event processed UpdateClock(18)
org notification: Time [clock=19, time=2015-05-12 16:43:22.333]
org notified sent time(19).
object notification: Time [clock=19, time=2015-05-12 16:43:22.333]
Event sent to object      a30 clock(19)
object notification: Time [clock=19, time=2015-05-12 16:43:22.333]
Event sent to object      a40 clock(19)
object notification: Time [clock=19, time=2015-05-12 16:43:22.333]
Event sent to object      a10 clock(19)
Event processed UpdateClock(19)
Event processed UpdateClock(19)
Event processed UpdateClock(19)
object notification: Time [clock=20, time=2015-05-12 16:43:32.335]
Event sent to object      a40 clock(20)
object notification: Time [clock=20, time=2015-05-12 16:43:32.335]
org notification: Time [clock=20, time=2015-05-12 16:43:32.335]
org notified sent time(20).
Event sent to object      a30 clock(20)
object notification: Time [clock=20, time=2015-05-12 16:43:32.335]
Event sent to object      a10 clock(20)
Event processed UpdateClock(20)
Event processed UpdateClock(20)
Event processed UpdateClock(20)
object notification: Time [clock=21, time=2015-05-12 16:43:42.338]
Event sent to object      a40 clock(21)
object notification: Time [clock=21, time=2015-05-12 16:43:42.338]
org notification: Time [clock=21, time=2015-05-12 16:43:42.338]
org notified sent time(21).
Event sent to object      a30 clock(21)
object notification: Time [clock=21, time=2015-05-12 16:43:42.338]
Event sent to object      a10 clock(21)
Event processed UpdateClock(21)
Event processed UpdateClock(21)
Event processed UpdateClock(21)
object notification: Time [clock=22, time=2015-05-12 16:43:52.34]
Event sent to object      a30 clock(22)
object notification: Time [clock=22, time=2015-05-12 16:43:52.34]
Event sent to object      a10 clock(22)
object notification: Time [clock=22, time=2015-05-12 16:43:52.34]
org notification: Time [clock=22, time=2015-05-12 16:43:52.34]
Event sent to object      a40 clock(22)
org notified sent time(22).
Event processed UpdateClock(22)
Event processed UpdateClock(22)
Event processed UpdateClock(22)
object notification: Time [clock=23, time=2015-05-12 16:44:02.343]
Event sent to object      a40 clock(23)
org notification: Time [clock=23, time=2015-05-12 16:44:02.343]
org notified sent time(23).
object notification: Time [clock=23, time=2015-05-12 16:44:02.343]
Event sent to object      a10 clock(23)
object notification: Time [clock=23, time=2015-05-12 16:44:02.343]
Event sent to object      a30 clock(23)
Event processed UpdateClock(23)
Event processed UpdateClock(23)
Event processed UpdateClock(23)
object notification: Time [clock=24, time=2015-05-12 16:44:12.345]
Event sent to object      a30 clock(24)
object notification: Time [clock=24, time=2015-05-12 16:44:12.345]
Event sent to object      a40 clock(24)
object notification: Time [clock=24, time=2015-05-12 16:44:12.345]
Event sent to object      a10 clock(24)
org notification: Time [clock=24, time=2015-05-12 16:44:12.345]
org notified sent time(24).
Event processed UpdateClock(24)
Event processed UpdateClock(24)
Event processed UpdateClock(24)
object notification: Time [clock=25, time=2015-05-12 16:44:22.347]
Event sent to object      a40 clock(25)
org notification: Time [clock=25, time=2015-05-12 16:44:22.347]
org notified sent time(25).
object notification: Time [clock=25, time=2015-05-12 16:44:22.347]
Event sent to object      a30 clock(25)
object notification: Time [clock=25, time=2015-05-12 16:44:22.347]
Event sent to object      a10 clock(25)
Event processed UpdateClock(25)
Event processed UpdateClock(25)
Event processed UpdateClock(25)
CT Client thread still alive
CT Client thread still alive
CT Client thread still alive
object notification: Time [clock=26, time=2015-05-12 16:44:32.35]
Event sent to object      a30 clock(26)
object notification: Time [clock=26, time=2015-05-12 16:44:32.35]
object notification: Time [clock=26, time=2015-05-12 16:44:32.35]
Event sent to object      a10 clock(26)
Event sent to object      a40 clock(26)
org notification: Time [clock=26, time=2015-05-12 16:44:32.35]
org notified sent time(26).
Event processed UpdateClock(26)
Event processed UpdateClock(26)
Event processed UpdateClock(26)
org notification: Time [clock=27, time=2015-05-12 16:44:42.352]
org notified sent time(27).
object notification: Time [clock=27, time=2015-05-12 16:44:42.352]
object notification: Time [clock=27, time=2015-05-12 16:44:42.352]
Event sent to object      a40 clock(27)
Event sent to object      a10 clock(27)
object notification: Time [clock=27, time=2015-05-12 16:44:42.352]
Event sent to object      a30 clock(27)
Event processed UpdateClock(27)
Event processed UpdateClock(27)
Event processed UpdateClock(27)
