2015-05-12 15:58:39,068 CONFIG [com.gigaspaces.logger] - Log file: /Users/dxd/git/ct3/logs/2015-05-12~15.58-gigaspaces-service-128.243.23.149-46535.log
-------------------------last log tuples start--------------------------------
Goal [id=null, cell=Cell [x=2, y=2], agent=null, time=2015-05-12 13:56:54.632, clock=0]
Chip [id=null, agent=a40, time=2015-05-12 13:57:25.829, color=green, clock=3, number=2]
Position [subject=a30, id=null, cell=Cell [x=4, y=4], time=2015-05-12 13:57:25.757, clock=3]
Position [subject=a20, id=null, cell=Cell [x=0, y=4], time=2015-05-12 13:57:25.715, clock=3]
Color [id=null, color=green, agent=a20, type=yes, time=2015-05-12 13:57:28.215, clock=6]
Chip [id=null, agent=a30, time=2015-05-12 13:57:25.759, color=orange, clock=3, number=1]
Time [clock=9, time=2015-05-12 13:57:57.294]
Color [id=null, color=green, agent=a30, type=yes, time=2015-05-12 13:57:28.405, clock=6]
Tile [id=null, cell=Cell [x=4, y=3], subject=purple, time=2015-05-12 13:56:54.611, clock=0]
Color [id=null, color=green, agent=a40, type=no, time=2015-05-12 13:57:29.286, clock=6]
Position [subject=a40, id=null, cell=Cell [x=4, y=0], time=2015-05-12 13:57:25.81, clock=3]
Chip [id=null, agent=a30, time=2015-05-12 13:57:25.778, color=red, clock=3, number=1]
Position [subject=a10, id=null, cell=Cell [x=0, y=0], time=2015-05-12 13:57:25.788, clock=3]
Chip [id=null, agent=a40, time=2015-05-12 13:57:25.818, color=orange, clock=3, number=2]
Color [id=null, color=green, agent=a30, type=no, time=2015-05-12 13:57:29.136, clock=6]
Color [id=null, color=green, agent=a10, type=yes, time=2015-05-12 13:57:28.013, clock=6]
Time [clock=7, time=2015-05-12 13:57:37.289]
Chip [id=null, agent=a10, time=2015-05-12 13:57:25.798, color=red, clock=3, number=3]
Chip [id=null, agent=a10, time=2015-05-12 13:57:25.794, color=orange, clock=3, number=3]
Chip [id=null, agent=a30, time=2015-05-12 13:57:25.782, color=purple, clock=3, number=3]
SetGoal [id=null, agent=a20, cell=Cell [x=1, y=2], goal=Cell [x=2, y=2], clock=6, time=2015-05-12 13:57:27.347]
Color [id=null, color=green, agent=a20, type=no, time=2015-05-12 13:57:28.985, clock=6]
Chip [id=null, agent=a40, time=2015-05-12 13:57:25.826, color=purple, clock=3, number=3]
SetGoal [id=null, agent=a30, cell=Cell [x=3, y=2], goal=Cell [x=2, y=2], clock=6, time=2015-05-12 13:57:27.656]
Prohibition [subject=a30, prohibition=[at(4, 4, a30)], sanction=[reduce(a30, 50)], clock=6, time=2015-05-12 13:57:29.141]
Chip [id=null, agent=a10, time=2015-05-12 13:57:25.806, color=green, clock=3, number=3]
Chip [id=null, agent=a20, time=2015-05-12 13:57:25.733, color=orange, clock=3, number=2]
Tile [id=null, cell=Cell [x=1, y=3], subject=red, time=2015-05-12 13:56:54.551, clock=0]
Chip [id=null, agent=a40, time=2015-05-12 13:57:25.821, color=red, clock=3, number=3]
Color [id=null, color=green, agent=a40, type=yes, time=2015-05-12 13:57:28.68, clock=6]
Obligation [subject=a40, obligation=[at(2, 3, a40)], sanction=[reduce(a40, 500)], deadline=12, time=2015-05-12 13:57:27.859, clock=6]
Color [id=null, color=green, agent=a10, type=no, time=2015-05-12 13:57:28.834, clock=6]
SetGoal [id=null, agent=a40, cell=Cell [x=2, y=3], goal=Cell [x=2, y=2], clock=6, time=2015-05-12 13:57:27.854]
Time [clock=8, time=2015-05-12 13:57:47.292]
Obligation [subject=a30, obligation=[at(3, 2, a30)], sanction=[reduce(a30, 500)], deadline=12, time=2015-05-12 13:57:27.662, clock=6]
SetGoal [id=null, agent=a10, cell=Cell [x=2, y=1], goal=Cell [x=2, y=2], clock=5, time=2015-05-12 13:57:27.11]
Prohibition [subject=a40, prohibition=[at(4, 4, a40)], sanction=[reduce(a40, 50)], clock=8, time=2015-05-12 13:57:52.68]
Prohibition [subject=a10, prohibition=[at(4, 4, a10)], sanction=[reduce(a10, 50)], clock=6, time=2015-05-12 13:57:28.838]
Prohibition [subject=a20, prohibition=[at(4, 4, a20)], sanction=[reduce(a20, 50)], clock=6, time=2015-05-12 13:57:28.99]
Obligation [subject=a30, obligation=[at(4, 4, a30)], sanction=[reduce(a30, 50)], deadline=8, time=2015-05-12 13:57:28.41, clock=6]
Obligation [subject=a20, obligation=[at(4, 4, a20)], sanction=[reduce(a20, 50)], deadline=8, time=2015-05-12 13:57:28.221, clock=6]
Obligation [subject=a40, obligation=[at(4, 4, a40)], sanction=[reduce(a40, 50)], deadline=8, time=2015-05-12 13:57:28.686, clock=6]
Chip [id=null, agent=a10, time=2015-05-12 13:57:25.803, color=purple, clock=3, number=3]
Obligation [subject=a10, obligation=[at(2, 1, a10)], sanction=[reduce(a10, 500)], deadline=11, time=2015-05-12 13:57:27.129, clock=5]
Tile [id=null, cell=Cell [x=3, y=1], subject=orange, time=2015-05-12 13:56:54.599, clock=0]
Obligation [subject=a10, obligation=[at(4, 4, a10)], sanction=[reduce(a10, 50)], deadline=8, time=2015-05-12 13:57:28.037, clock=6]
Obligation [subject=a20, obligation=[at(1, 2, a20)], sanction=[reduce(a20, 500)], deadline=12, time=2015-05-12 13:57:27.353, clock=6]
Chip [id=null, agent=a20, time=2015-05-12 13:57:25.754, color=green, clock=3, number=2]
Obligation [subject=a10, obligation=[surround(2, 2)], sanction=[reduce(g, 500)], deadline=15, time=2015-05-12 13:57:25.748, clock=5]
Points [subject=a10, time=2015-05-12 13:57:57.306, clock=9, value=950, id=null]
Chip [id=null, agent=a30, time=2015-05-12 13:57:25.785, color=green, clock=3, number=2]
Points [subject=a20, time=2015-05-12 13:57:57.308, clock=9, value=950, id=null]
Chip [id=null, agent=a20, time=2015-05-12 13:57:25.749, color=red, clock=3, number=3]
Points [subject=a40, time=2015-05-12 13:57:57.311, clock=9, value=950, id=null]
Chip [id=null, agent=a20, time=2015-05-12 13:57:25.751, color=purple, clock=3, number=1]
Points [subject=a30, time=2015-05-12 13:57:29.148, clock=6, value=950, id=null]
Time [clock=4, time=2015-05-12 13:57:07.282]
Time [clock=2, time=2015-05-12 13:56:47.276]
Time [clock=1, time=2015-05-12 13:56:37.246]
Time [clock=6, time=2015-05-12 13:57:27.286]
Time [clock=5, time=2015-05-12 13:57:17.285]
Time [clock=3, time=2015-05-12 13:56:57.279]
Tile [id=null, cell=Cell [x=3, y=2], subject=purple, time=2015-05-12 13:56:54.601, clock=0]
Tile [id=null, cell=Cell [x=3, y=3], subject=purple, time=2015-05-12 13:56:54.602, clock=0]
Tile [id=null, cell=Cell [x=3, y=4], subject=orange, time=2015-05-12 13:56:54.604, clock=0]
Tile [id=null, cell=Cell [x=4, y=0], subject=green, time=2015-05-12 13:56:54.606, clock=0]
Tile [id=null, cell=Cell [x=4, y=1], subject=purple, time=2015-05-12 13:56:54.607, clock=0]
Tile [id=null, cell=Cell [x=4, y=2], subject=orange, time=2015-05-12 13:56:54.609, clock=0]
Tile [id=null, cell=Cell [x=0, y=2], subject=red, time=2015-05-12 13:56:54.521, clock=0]
Tile [id=null, cell=Cell [x=4, y=4], subject=green, time=2015-05-12 13:56:54.612, clock=0]
Tile [id=null, cell=Cell [x=0, y=4], subject=green, time=2015-05-12 13:56:54.535, clock=0]
Tile [id=null, cell=Cell [x=1, y=0], subject=green, time=2015-05-12 13:56:54.539, clock=0]
Tile [id=null, cell=Cell [x=1, y=1], subject=orange, time=2015-05-12 13:56:54.543, clock=0]
Tile [id=null, cell=Cell [x=1, y=2], subject=red, time=2015-05-12 13:56:54.548, clock=0]
Tile [id=null, cell=Cell [x=0, y=0], subject=green, time=2015-05-12 13:56:54.489, clock=0]
Tile [id=null, cell=Cell [x=1, y=4], subject=purple, time=2015-05-12 13:56:54.555, clock=0]
Tile [id=null, cell=Cell [x=2, y=0], subject=red, time=2015-05-12 13:56:54.558, clock=0]
Tile [id=null, cell=Cell [x=2, y=1], subject=red, time=2015-05-12 13:56:54.566, clock=0]
Tile [id=null, cell=Cell [x=2, y=2], subject=green, time=2015-05-12 13:56:54.572, clock=0]
Tile [id=null, cell=Cell [x=2, y=3], subject=purple, time=2015-05-12 13:56:54.581, clock=0]
Tile [id=null, cell=Cell [x=2, y=4], subject=red, time=2015-05-12 13:56:54.59, clock=0]
Tile [id=null, cell=Cell [x=3, y=0], subject=red, time=2015-05-12 13:56:54.593, clock=0]
Tile [id=null, cell=Cell [x=0, y=1], subject=green, time=2015-05-12 13:56:54.519, clock=0]
Tile [id=null, cell=Cell [x=0, y=3], subject=orange, time=2015-05-12 13:56:54.531, clock=0]
-------------------------last log tuples end----------------------------------
[CTAH] started agent 10
[CTAH] Added a new agent to the game by the name of 10.
[ENV] added agent a10
[CTAH] started agent 30
[CTAH] Added a new agent to the game by the name of 30.
[ENV] added agent a30
[CTAH] started agent 40
[CTAH] Added a new agent to the game by the name of 40.
[ENV] added agent a40
object notification: Time [clock=1, time=2015-05-12 15:58:50.412]
org notification: Time [clock=1, time=2015-05-12 15:58:50.412]
org notified sent time(1).
object notification: Tile [id=null, cell=Cell [x=0, y=0], subject=green, time=2015-05-12 15:58:54.311, clock=0]
org notification: Time [clock=2, time=2015-05-12 15:59:00.502]
org notified sent time(2).
object notification: Tile [id=null, cell=Cell [x=0, y=0], subject=green, time=2015-05-12 15:58:54.311, clock=0]
Event sent to object      a40 clock(1)
object notification: Time [clock=2, time=2015-05-12 15:59:00.502]
Event sent to object      a40 clock(2)
org notification: Time [clock=3, time=2015-05-12 15:59:10.51]
org notified sent time(3).
object notification: Position [subject=a10, id=null, cell=Cell [x=0, y=0], time=2015-05-12 15:59:10.552, clock=2]
Event sent to object      a10 position(0, 0, 2)
object notification: Time [clock=3, time=2015-05-12 15:59:10.51]
Event sent to object      a40 clock(3)
object notification: Tile [id=null, cell=Cell [x=0, y=1], subject=green, time=2015-05-12 15:58:54.452, clock=0]
object notification: Tile [id=null, cell=Cell [x=0, y=1], subject=green, time=2015-05-12 15:58:54.452, clock=0]
object notification: Tile [id=null, cell=Cell [x=0, y=2], subject=red, time=2015-05-12 15:58:54.46, clock=0]
object notification: Tile [id=null, cell=Cell [x=0, y=2], subject=red, time=2015-05-12 15:58:54.46, clock=0]
object notification: Tile [id=null, cell=Cell [x=0, y=3], subject=orange, time=2015-05-12 15:58:54.462, clock=0]
object notification: Time [clock=1, time=2015-05-12 15:58:50.412]
object notification: Tile [id=null, cell=Cell [x=0, y=3], subject=orange, time=2015-05-12 15:58:54.462, clock=0]
object notification: Tile [id=null, cell=Cell [x=0, y=0], subject=green, time=2015-05-12 15:58:54.311, clock=0]
object notification: Tile [id=null, cell=Cell [x=0, y=4], subject=green, time=2015-05-12 15:58:54.464, clock=0]
org notification: Tile [id=null, cell=Cell [x=0, y=0], subject=green, time=2015-05-12 15:58:54.311, clock=0]
org notified sent tile(cell(0,0),green,0).
object notification: Tile [id=null, cell=Cell [x=0, y=1], subject=green, time=2015-05-12 15:58:54.452, clock=0]
object notification: Tile [id=null, cell=Cell [x=1, y=0], subject=green, time=2015-05-12 15:58:54.466, clock=0]
object notification: Tile [id=null, cell=Cell [x=0, y=2], subject=red, time=2015-05-12 15:58:54.46, clock=0]
object notification: Tile [id=null, cell=Cell [x=1, y=1], subject=orange, time=2015-05-12 15:58:54.468, clock=0]
object notification: Tile [id=null, cell=Cell [x=0, y=3], subject=orange, time=2015-05-12 15:58:54.462, clock=0]
object notification: Tile [id=null, cell=Cell [x=1, y=2], subject=red, time=2015-05-12 15:58:54.471, clock=0]
object notification: Tile [id=null, cell=Cell [x=1, y=3], subject=red, time=2015-05-12 15:58:54.473, clock=0]
object notification: Tile [id=null, cell=Cell [x=1, y=4], subject=purple, time=2015-05-12 15:58:54.475, clock=0]
object notification: Tile [id=null, cell=Cell [x=2, y=0], subject=red, time=2015-05-12 15:58:54.476, clock=0]
org notification: Tile [id=null, cell=Cell [x=0, y=1], subject=green, time=2015-05-12 15:58:54.452, clock=0]
org notified sent tile(cell(0,1),green,0).
Event sent to object      a30 clock(1)
object notification: Tile [id=null, cell=Cell [x=0, y=4], subject=green, time=2015-05-12 15:58:54.464, clock=0]
object notification: Tile [id=null, cell=Cell [x=1, y=0], subject=green, time=2015-05-12 15:58:54.466, clock=0]
object notification: Tile [id=null, cell=Cell [x=1, y=1], subject=orange, time=2015-05-12 15:58:54.468, clock=0]
object notification: Tile [id=null, cell=Cell [x=1, y=2], subject=red, time=2015-05-12 15:58:54.471, clock=0]
org notification: Goal [id=null, cell=Cell [x=2, y=2], agent=null, time=2015-05-12 15:58:54.586, clock=0]
org notified sent goal(cell(2,2),null,0).
org notification: Position [subject=a10, id=null, cell=Cell [x=0, y=0], time=2015-05-12 15:59:10.552, clock=2]
org notified sent position(a10,cell(0,0),2).
object notification: Time [clock=2, time=2015-05-12 15:59:00.502]
Organization notifies object (write): Obligation [subject=a10, obligation=[surround(2, 2)], sanction=[reduce(g, 500)], deadline=13, time=2015-05-12 15:59:10.603, clock=3]
Event sent to object      a30 clock(2)
object notification: Time [clock=1, time=2015-05-12 15:58:50.412]
Event sent to object      a10 clock(1)
object notification: Tile [id=null, cell=Cell [x=2, y=1], subject=red, time=2015-05-12 15:58:54.478, clock=0]
object notification: Time [clock=2, time=2015-05-12 15:59:00.502]
object notification: Tile [id=null, cell=Cell [x=1, y=3], subject=red, time=2015-05-12 15:58:54.473, clock=0]
Event sent to object      a10 clock(2)
object notification: Time [clock=3, time=2015-05-12 15:59:10.51]
Event sent to object      a10 clock(3)
object notification: Tile [id=null, cell=Cell [x=2, y=2], subject=green, time=2015-05-12 15:58:54.482, clock=0]
object notification: Tile [id=null, cell=Cell [x=2, y=3], subject=purple, time=2015-05-12 15:58:54.484, clock=0]
object notification: Obligation [subject=a10, obligation=[surround(2, 2)], sanction=[reduce(g, 500)], deadline=13, time=2015-05-12 15:59:10.603, clock=3]
org notification: Position [subject=a40, id=null, cell=Cell [x=4, y=0], time=2015-05-12 15:59:10.607, clock=2]
org notified sent position(a40,cell(4,0),2).
Event sent to object      a10 obligation([surround(2, 2)], 13, [reduce(g, 500)])
org notification: Tile [id=null, cell=Cell [x=0, y=2], subject=red, time=2015-05-12 15:58:54.46, clock=0]
org notified sent tile(cell(0,2),red,0).
org notification: Tile [id=null, cell=Cell [x=0, y=3], subject=orange, time=2015-05-12 15:58:54.462, clock=0]
org notified sent tile(cell(0,3),orange,0).
object notification: Tile [id=null, cell=Cell [x=1, y=4], subject=purple, time=2015-05-12 15:58:54.475, clock=0]
org notification: Chip [id=null, agent=a10, time=2015-05-12 15:59:10.572, color=orange, clock=2, number=3]
org notified sent chip(a10,orange,3,2).
org notification: Tile [id=null, cell=Cell [x=0, y=4], subject=green, time=2015-05-12 15:58:54.464, clock=0]
org notified sent tile(cell(0,4),green,0).
object notification: Tile [id=null, cell=Cell [x=0, y=4], subject=green, time=2015-05-12 15:58:54.464, clock=0]
object notification: Tile [id=null, cell=Cell [x=1, y=0], subject=green, time=2015-05-12 15:58:54.466, clock=0]
object notification: Tile [id=null, cell=Cell [x=1, y=1], subject=orange, time=2015-05-12 15:58:54.468, clock=0]
object notification: Tile [id=null, cell=Cell [x=1, y=2], subject=red, time=2015-05-12 15:58:54.471, clock=0]
object notification: Tile [id=null, cell=Cell [x=1, y=3], subject=red, time=2015-05-12 15:58:54.473, clock=0]
object notification: Tile [id=null, cell=Cell [x=1, y=4], subject=purple, time=2015-05-12 15:58:54.475, clock=0]
object notification: Tile [id=null, cell=Cell [x=2, y=0], subject=red, time=2015-05-12 15:58:54.476, clock=0]
object notification: Tile [id=null, cell=Cell [x=2, y=0], subject=red, time=2015-05-12 15:58:54.476, clock=0]
object notification: Tile [id=null, cell=Cell [x=2, y=1], subject=red, time=2015-05-12 15:58:54.478, clock=0]
object notification: Tile [id=null, cell=Cell [x=2, y=2], subject=green, time=2015-05-12 15:58:54.482, clock=0]
org notification: Tile [id=null, cell=Cell [x=1, y=0], subject=green, time=2015-05-12 15:58:54.466, clock=0]
org notified sent tile(cell(1,0),green,0).
object notification: Tile [id=null, cell=Cell [x=2, y=3], subject=purple, time=2015-05-12 15:58:54.484, clock=0]
object notification: Tile [id=null, cell=Cell [x=2, y=4], subject=red, time=2015-05-12 15:58:54.486, clock=0]
object notification: Tile [id=null, cell=Cell [x=3, y=0], subject=red, time=2015-05-12 15:58:54.488, clock=0]
object notification: Tile [id=null, cell=Cell [x=3, y=1], subject=orange, time=2015-05-12 15:58:54.491, clock=0]
object notification: Tile [id=null, cell=Cell [x=3, y=2], subject=purple, time=2015-05-12 15:58:54.493, clock=0]
object notification: Tile [id=null, cell=Cell [x=3, y=3], subject=purple, time=2015-05-12 15:58:54.496, clock=0]
object notification: Tile [id=null, cell=Cell [x=3, y=4], subject=orange, time=2015-05-12 15:58:54.498, clock=0]
object notification: Tile [id=null, cell=Cell [x=4, y=0], subject=green, time=2015-05-12 15:58:54.5, clock=0]
object notification: Tile [id=null, cell=Cell [x=4, y=1], subject=purple, time=2015-05-12 15:58:54.502, clock=0]
object notification: Tile [id=null, cell=Cell [x=4, y=2], subject=orange, time=2015-05-12 15:58:54.504, clock=0]
object notification: Tile [id=null, cell=Cell [x=4, y=3], subject=purple, time=2015-05-12 15:58:54.507, clock=0]
object notification: Tile [id=null, cell=Cell [x=4, y=4], subject=green, time=2015-05-12 15:58:54.509, clock=0]
org notification: Tile [id=null, cell=Cell [x=1, y=1], subject=orange, time=2015-05-12 15:58:54.468, clock=0]
org notified sent tile(cell(1,1),orange,0).
object notification: Time [clock=3, time=2015-05-12 15:59:10.51]
org notification: Chip [id=null, agent=a10, time=2015-05-12 15:59:10.598, color=red, clock=2, number=3]
org notified sent chip(a10,red,3,2).
org notification: Chip [id=null, agent=a10, time=2015-05-12 15:59:10.603, color=purple, clock=2, number=3]
org notified sent chip(a10,purple,3,2).
object notification: Tile [id=null, cell=Cell [x=2, y=4], subject=red, time=2015-05-12 15:58:54.486, clock=0]
object notification: Tile [id=null, cell=Cell [x=2, y=1], subject=red, time=2015-05-12 15:58:54.478, clock=0]
Event sent to object      a30 clock(3)
org notification: Position [subject=a20, id=null, cell=Cell [x=0, y=4], time=2015-05-12 15:59:10.627, clock=2]
org notified sent position(a20,cell(0,4),2).
object notification: Tile [id=null, cell=Cell [x=2, y=2], subject=green, time=2015-05-12 15:58:54.482, clock=0]
object notification: Tile [id=null, cell=Cell [x=3, y=0], subject=red, time=2015-05-12 15:58:54.488, clock=0]
object notification: Chip [id=null, agent=a40, time=2015-05-12 15:59:10.616, color=orange, clock=2, number=2]
Event sent to object      a40 chip(a40, orange, 2, 2)
object notification: Position [subject=a40, id=null, cell=Cell [x=4, y=0], time=2015-05-12 15:59:10.607, clock=2]
Event sent to object      a40 position(4, 4, 2)
object notification: Tile [id=null, cell=Cell [x=2, y=3], subject=purple, time=2015-05-12 15:58:54.484, clock=0]
object notification: Tile [id=null, cell=Cell [x=2, y=4], subject=red, time=2015-05-12 15:58:54.486, clock=0]
object notification: Tile [id=null, cell=Cell [x=3, y=1], subject=orange, time=2015-05-12 15:58:54.491, clock=0]
object notification: Tile [id=null, cell=Cell [x=3, y=0], subject=red, time=2015-05-12 15:58:54.488, clock=0]
org notification: Chip [id=null, agent=a10, time=2015-05-12 15:59:10.605, color=green, clock=2, number=3]
org notified sent chip(a10,green,3,2).
object notification: Tile [id=null, cell=Cell [x=3, y=2], subject=purple, time=2015-05-12 15:58:54.493, clock=0]
object notification: Chip [id=null, agent=a30, time=2015-05-12 15:59:10.657, color=orange, clock=2, number=1]
Event sent to object      a30 chip(a30, orange, 1, 2)
object notification: Tile [id=null, cell=Cell [x=3, y=3], subject=purple, time=2015-05-12 15:58:54.496, clock=0]
object notification: Tile [id=null, cell=Cell [x=3, y=1], subject=orange, time=2015-05-12 15:58:54.491, clock=0]
object notification: Chip [id=null, agent=a40, time=2015-05-12 15:59:10.618, color=red, clock=2, number=3]
Event sent to object      a40 chip(a40, red, 3, 2)
object notification: Chip [id=null, agent=a40, time=2015-05-12 15:59:10.622, color=purple, clock=2, number=3]
object notification: Position [subject=a30, id=null, cell=Cell [x=4, y=4], time=2015-05-12 15:59:10.646, clock=2]
Event sent to object      a30 position(4, 4, 2)
org notification: Position [subject=a30, id=null, cell=Cell [x=4, y=4], time=2015-05-12 15:59:10.646, clock=2]
org notified sent position(a30,cell(4,4),2).
object notification: Tile [id=null, cell=Cell [x=3, y=4], subject=orange, time=2015-05-12 15:58:54.498, clock=0]
object notification: Chip [id=null, agent=a30, time=2015-05-12 15:59:10.666, color=red, clock=2, number=1]
Event sent to object      a30 chip(a30, red, 1, 2)
object notification: Tile [id=null, cell=Cell [x=4, y=0], subject=green, time=2015-05-12 15:58:54.5, clock=0]
object notification: Tile [id=null, cell=Cell [x=4, y=1], subject=purple, time=2015-05-12 15:58:54.502, clock=0]
object notification: Chip [id=null, agent=a30, time=2015-05-12 15:59:10.67, color=purple, clock=2, number=3]
Event sent to object      a30 chip(a30, purple, 3, 2)
object notification: Chip [id=null, agent=a30, time=2015-05-12 15:59:10.674, color=green, clock=2, number=2]
Event sent to object      a30 chip(a30, green, 2, 2)
object notification: Tile [id=null, cell=Cell [x=4, y=2], subject=orange, time=2015-05-12 15:58:54.504, clock=0]
object notification: Chip [id=null, agent=a10, time=2015-05-12 15:59:10.572, color=orange, clock=2, number=3]
object notification: Tile [id=null, cell=Cell [x=3, y=2], subject=purple, time=2015-05-12 15:58:54.493, clock=0]
object notification: Tile [id=null, cell=Cell [x=3, y=3], subject=purple, time=2015-05-12 15:58:54.496, clock=0]
object notification: Tile [id=null, cell=Cell [x=3, y=4], subject=orange, time=2015-05-12 15:58:54.498, clock=0]
object notification: Tile [id=null, cell=Cell [x=4, y=0], subject=green, time=2015-05-12 15:58:54.5, clock=0]
Event sent to object      a40 chip(a40, purple, 3, 2)
object notification: Chip [id=null, agent=a40, time=2015-05-12 15:59:10.623, color=green, clock=2, number=2]
Event sent to object      a40 chip(a40, green, 2, 2)
object notification: Tile [id=null, cell=Cell [x=4, y=1], subject=purple, time=2015-05-12 15:58:54.502, clock=0]
Event sent to object      a10 chip(a10, orange, 3, 2)
object notification: Chip [id=null, agent=a10, time=2015-05-12 15:59:10.598, color=red, clock=2, number=3]
Event sent to object      a10 chip(a10, red, 3, 2)
object notification: Chip [id=null, agent=a10, time=2015-05-12 15:59:10.603, color=purple, clock=2, number=3]
Event sent to object      a10 chip(a10, purple, 3, 2)
object notification: Tile [id=null, cell=Cell [x=4, y=3], subject=purple, time=2015-05-12 15:58:54.507, clock=0]
object notification: Tile [id=null, cell=Cell [x=4, y=4], subject=green, time=2015-05-12 15:58:54.509, clock=0]
object notification: Tile [id=null, cell=Cell [x=4, y=2], subject=orange, time=2015-05-12 15:58:54.504, clock=0]
object notification: Tile [id=null, cell=Cell [x=4, y=3], subject=purple, time=2015-05-12 15:58:54.507, clock=0]
object notification: Tile [id=null, cell=Cell [x=4, y=4], subject=green, time=2015-05-12 15:58:54.509, clock=0]
org notification: Chip [id=null, agent=a40, time=2015-05-12 15:59:10.616, color=orange, clock=2, number=2]
org notified sent chip(a40,orange,2,2).
object notification: Chip [id=null, agent=a10, time=2015-05-12 15:59:10.605, color=green, clock=2, number=3]
Event sent to object      a10 chip(a10, green, 3, 2)
aplprolog.Parsing.ParseException: Encountered "<EOF>" at line 1, column 21.
Was expecting one of:
    <INTEGER_LITERAL> ...
    <FLOATING_POINT_LITERAL> ...
    <CHARACTER_LITERAL> ...
    <STD_IDENTIFIER> ...
    <VAR_IDENTIFIER> ...
    "(" ...
    "[" ...
    ";" ...
    "!" ...
    "-" ...
    "->" ...
    "\\+" ...
    "|" ...
    "-" ...
    <STD_IDENTIFIER> ...
    <CHARACTER_LITERAL> ...
    "->" ...
    ";" ...
    "|" ...
    "\\+" ...
    <INTEGER_LITERAL> ...
    <FLOATING_POINT_LITERAL> ...
    <VAR_IDENTIFIER> ...
    "!" ...
    "(" ...
    "[" ...
    
Error while procession organization notification
java.lang.NullPointerException
	at oopl.DistributedOOPL.handleEvent(DistributedOOPL.java:49)
	at ctMW.EnvCT.notifyOrg(EnvCT.java:682)
	at ctMW.OrgHandler.notify(OrgHandler.java:31)
	at com.j_spaces.core.client.NotifyDelegator.notify(NotifyDelegator.java:142)
	at com.gigaspaces.events.fifo.BlockedOrderedQueue$NotifyFifoTask.dequeueAndTrigger(BlockedOrderedQueue.java:319)
	at com.gigaspaces.events.fifo.BlockedOrderedQueue$NotifyFifoTask.run(BlockedOrderedQueue.java:290)
	at com.gigaspaces.internal.utils.concurrent.RunnableContextClassLoaderDecorator.run(RunnableContextClassLoaderDecorator.java:40)
	at java.util.concurrent.ThreadPoolExecutor$Worker.runTask(ThreadPoolExecutor.java:895)
	at java.util.concurrent.ThreadPoolExecutor$Worker.run(ThreadPoolExecutor.java:918)
	at java.lang.Thread.run(Thread.java:695)
org notification: Tile [id=null, cell=Cell [x=1, y=2], subject=red, time=2015-05-12 15:58:54.471, clock=0]
org notified sent tile(cell(1,2),red,0).
org notification: Chip [id=null, agent=a40, time=2015-05-12 15:59:10.618, color=red, clock=2, number=3]
org notified sent chip(a40,red,3,2).
org notification: Chip [id=null, agent=a40, time=2015-05-12 15:59:10.622, color=purple, clock=2, number=3]
org notified sent chip(a40,purple,3,2).
org notification: Chip [id=null, agent=a40, time=2015-05-12 15:59:10.623, color=green, clock=2, number=2]
org notified sent chip(a40,green,2,2).
org notification: Tile [id=null, cell=Cell [x=1, y=3], subject=red, time=2015-05-12 15:58:54.473, clock=0]
org notified sent tile(cell(1,3),red,0).
org notification: Chip [id=null, agent=a20, time=2015-05-12 15:59:10.63, color=orange, clock=2, number=2]
org notified sent chip(a20,orange,2,2).
org notification: Tile [id=null, cell=Cell [x=1, y=4], subject=purple, time=2015-05-12 15:58:54.475, clock=0]
org notified sent tile(cell(1,4),purple,0).
org notification: Chip [id=null, agent=a20, time=2015-05-12 15:59:10.632, color=red, clock=2, number=3]
org notified sent chip(a20,red,3,2).
org notification: Chip [id=null, agent=a20, time=2015-05-12 15:59:10.635, color=purple, clock=2, number=1]
org notified sent chip(a20,purple,1,2).
org notification: Tile [id=null, cell=Cell [x=2, y=0], subject=red, time=2015-05-12 15:58:54.476, clock=0]
org notified sent tile(cell(2,0),red,0).
org notification: Chip [id=null, agent=a20, time=2015-05-12 15:59:10.644, color=green, clock=2, number=2]
org notified sent chip(a20,green,2,2).
org notification: Tile [id=null, cell=Cell [x=2, y=1], subject=red, time=2015-05-12 15:58:54.478, clock=0]
org notified sent tile(cell(2,1),red,0).
org notification: Chip [id=null, agent=a30, time=2015-05-12 15:59:10.657, color=orange, clock=2, number=1]
org notified sent chip(a30,orange,1,2).
org notification: Tile [id=null, cell=Cell [x=2, y=2], subject=green, time=2015-05-12 15:58:54.482, clock=0]
org notified sent tile(cell(2,2),green,0).
org notification: Chip [id=null, agent=a30, time=2015-05-12 15:59:10.666, color=red, clock=2, number=1]
org notified sent chip(a30,red,1,2).
org notification: Chip [id=null, agent=a30, time=2015-05-12 15:59:10.67, color=purple, clock=2, number=3]
org notified sent chip(a30,purple,3,2).
Event processed UpdateClock(1)
org notification: Chip [id=null, agent=a30, time=2015-05-12 15:59:10.674, color=green, clock=2, number=2]
org notified sent chip(a30,green,2,2).
Event processed UpdateClock(2)
Event processed UpdateClock(3)
Event processed @ctenv(functionToList(chip(a30, orange, 1, 2)),LIST,0); if B(LIST=[actionresult([TYPE,ID])]) then if B(TYPE=proposal) then {ReceivedMessage(TYPE, ID, open); adopta(received(TYPE, ID, closed) : Infinite, priority 1)} else if B(LIST=[actionresult([TYPE,ID,RESPONSE])]) then if B(TYPE=response) then ReceivedMessage(RESPONSE, ID) else if B(LIST=[actionresult([TYPE])]) then ReceivedEvent(TYPE) else if B(LIST=[actionresult([TYPE,AGENT,ID,RESPONSE])]) then if B(TYPE=proposal) then ReceivedProposal(AGENT, ID, RESPONSE)
org notification: Tile [id=null, cell=Cell [x=2, y=3], subject=purple, time=2015-05-12 15:58:54.484, clock=0]
org notified sent tile(cell(2,3),purple,0).
Event processed UpdatePosition(4, 4)
org notification: Tile [id=null, cell=Cell [x=2, y=4], subject=red, time=2015-05-12 15:58:54.486, clock=0]
org notified sent tile(cell(2,4),red,0).
Event processed @ctenv(functionToList(chip(a30, red, 1, 2)),LIST,0); if B(LIST=[actionresult([TYPE,ID])]) then if B(TYPE=proposal) then {ReceivedMessage(TYPE, ID, open); adopta(received(TYPE, ID, closed) : Infinite, priority 1)} else if B(LIST=[actionresult([TYPE,ID,RESPONSE])]) then if B(TYPE=response) then ReceivedMessage(RESPONSE, ID) else if B(LIST=[actionresult([TYPE])]) then ReceivedEvent(TYPE) else if B(LIST=[actionresult([TYPE,AGENT,ID,RESPONSE])]) then if B(TYPE=proposal) then ReceivedProposal(AGENT, ID, RESPONSE)
org notification: Tile [id=null, cell=Cell [x=3, y=0], subject=red, time=2015-05-12 15:58:54.488, clock=0]
org notified sent tile(cell(3,0),red,0).
Event processed @ctenv(functionToList(chip(a30, purple, 3, 2)),LIST,0); if B(LIST=[actionresult([TYPE,ID])]) then if B(TYPE=proposal) then {ReceivedMessage(TYPE, ID, open); adopta(received(TYPE, ID, closed) : Infinite, priority 1)} else if B(LIST=[actionresult([TYPE,ID,RESPONSE])]) then if B(TYPE=response) then ReceivedMessage(RESPONSE, ID) else if B(LIST=[actionresult([TYPE])]) then ReceivedEvent(TYPE) else if B(LIST=[actionresult([TYPE,AGENT,ID,RESPONSE])]) then if B(TYPE=proposal) then ReceivedProposal(AGENT, ID, RESPONSE)
Event processed @ctenv(functionToList(chip(a30, green, 2, 2)),LIST,0); if B(LIST=[actionresult([TYPE,ID])]) then if B(TYPE=proposal) then {ReceivedMessage(TYPE, ID, open); adopta(received(TYPE, ID, closed) : Infinite, priority 1)} else if B(LIST=[actionresult([TYPE,ID,RESPONSE])]) then if B(TYPE=response) then ReceivedMessage(RESPONSE, ID) else if B(LIST=[actionresult([TYPE])]) then ReceivedEvent(TYPE) else if B(LIST=[actionresult([TYPE,AGENT,ID,RESPONSE])]) then if B(TYPE=proposal) then ReceivedProposal(AGENT, ID, RESPONSE)
org notification: Tile [id=null, cell=Cell [x=3, y=1], subject=orange, time=2015-05-12 15:58:54.491, clock=0]
org notified sent tile(cell(3,1),orange,0).
org notification: Tile [id=null, cell=Cell [x=3, y=2], subject=purple, time=2015-05-12 15:58:54.493, clock=0]
org notified sent tile(cell(3,2),purple,0).
org notification: Tile [id=null, cell=Cell [x=3, y=3], subject=purple, time=2015-05-12 15:58:54.496, clock=0]
org notified sent tile(cell(3,3),purple,0).
org notification: Tile [id=null, cell=Cell [x=3, y=4], subject=orange, time=2015-05-12 15:58:54.498, clock=0]
org notified sent tile(cell(3,4),orange,0).
org notification: Tile [id=null, cell=Cell [x=4, y=0], subject=green, time=2015-05-12 15:58:54.5, clock=0]
org notified sent tile(cell(4,0),green,0).
org notification: Tile [id=null, cell=Cell [x=4, y=1], subject=purple, time=2015-05-12 15:58:54.502, clock=0]
org notified sent tile(cell(4,1),purple,0).
Event processed UpdateClock(1)
Event processed UpdateClock(2)
Event processed UpdateClock(3)
org notification: Tile [id=null, cell=Cell [x=4, y=2], subject=orange, time=2015-05-12 15:58:54.504, clock=0]
org notified sent tile(cell(4,2),orange,0).
Event processed @ctenv(functionToList(chip(a40, orange, 2, 2)),LIST,0); if B(LIST=[actionresult([TYPE,ID])]) then if B(TYPE=proposal) then {ReceivedMessage(TYPE, ID, open); adopta(received(TYPE, ID, closed) : Infinite, priority 1)} else if B(LIST=[actionresult([TYPE,ID,RESPONSE])]) then if B(TYPE=response) then ReceivedMessage(RESPONSE, ID) else if B(LIST=[actionresult([TYPE])]) then ReceivedEvent(TYPE) else if B(LIST=[actionresult([TYPE,AGENT,ID,RESPONSE])]) then if B(TYPE=proposal) then ReceivedProposal(AGENT, ID, RESPONSE)
org notification: Tile [id=null, cell=Cell [x=4, y=3], subject=purple, time=2015-05-12 15:58:54.507, clock=0]
org notified sent tile(cell(4,3),purple,0).
Event processed UpdatePosition(4, 4)
org notification: Tile [id=null, cell=Cell [x=4, y=4], subject=green, time=2015-05-12 15:58:54.509, clock=0]
org notified sent tile(cell(4,4),green,0).
Event processed @ctenv(functionToList(chip(a40, red, 3, 2)),LIST,0); if B(LIST=[actionresult([TYPE,ID])]) then if B(TYPE=proposal) then {ReceivedMessage(TYPE, ID, open); adopta(received(TYPE, ID, closed) : Infinite, priority 1)} else if B(LIST=[actionresult([TYPE,ID,RESPONSE])]) then if B(TYPE=response) then ReceivedMessage(RESPONSE, ID) else if B(LIST=[actionresult([TYPE])]) then ReceivedEvent(TYPE) else if B(LIST=[actionresult([TYPE,AGENT,ID,RESPONSE])]) then if B(TYPE=proposal) then ReceivedProposal(AGENT, ID, RESPONSE)
Event processed @ctenv(functionToList(chip(a40, purple, 3, 2)),LIST,0); if B(LIST=[actionresult([TYPE,ID])]) then if B(TYPE=proposal) then {ReceivedMessage(TYPE, ID, open); adopta(received(TYPE, ID, closed) : Infinite, priority 1)} else if B(LIST=[actionresult([TYPE,ID,RESPONSE])]) then if B(TYPE=response) then ReceivedMessage(RESPONSE, ID) else if B(LIST=[actionresult([TYPE])]) then ReceivedEvent(TYPE) else if B(LIST=[actionresult([TYPE,AGENT,ID,RESPONSE])]) then if B(TYPE=proposal) then ReceivedProposal(AGENT, ID, RESPONSE)
Event processed @ctenv(functionToList(chip(a40, green, 2, 2)),LIST,0); if B(LIST=[actionresult([TYPE,ID])]) then if B(TYPE=proposal) then {ReceivedMessage(TYPE, ID, open); adopta(received(TYPE, ID, closed) : Infinite, priority 1)} else if B(LIST=[actionresult([TYPE,ID,RESPONSE])]) then if B(TYPE=response) then ReceivedMessage(RESPONSE, ID) else if B(LIST=[actionresult([TYPE])]) then ReceivedEvent(TYPE) else if B(LIST=[actionresult([TYPE,AGENT,ID,RESPONSE])]) then if B(TYPE=proposal) then ReceivedProposal(AGENT, ID, RESPONSE)
Event processed UpdatePosition(0, 0)
Event processed UpdateClock(1)
Event processed UpdateClock(2)
Event processed UpdateClock(3)
[CTAH] Array of Terms: [Lapapl.data.Term;@2e4f6033
[CTAH] The created APLList : [a30,orange,1,2]
[CTAH] Array of Terms: [Lapapl.data.Term;@5d34cc05
[CTAH] The created APLList : [a30,red,1,2]
[CTAH] Array of Terms: [Lapapl.data.Term;@25446dc3
[CTAH] The created APLList : [a30,purple,3,2]
Event processed adoptObligation(surround(2, 2), 13, reduce(g, 500))
Event processed @ctenv(functionToList(chip(a10, orange, 3, 2)),LIST,0); if B(LIST=[actionresult([TYPE,ID])]) then if B(TYPE=proposal) then {ReceivedMessage(TYPE, ID, open); adopta(received(TYPE, ID, closed) : Infinite, priority 1)} else if B(LIST=[actionresult([TYPE,ID,RESPONSE])]) then if B(TYPE=response) then ReceivedMessage(RESPONSE, ID) else if B(LIST=[actionresult([TYPE])]) then ReceivedEvent(TYPE) else if B(LIST=[actionresult([TYPE,AGENT,ID,RESPONSE])]) then if B(TYPE=proposal) then ReceivedProposal(AGENT, ID, RESPONSE)
[CTAH] Array of Terms: [Lapapl.data.Term;@3963f5f5
[CTAH] The created APLList : [a30,green,2,2]
Event processed @ctenv(functionToList(chip(a10, red, 3, 2)),LIST,0); if B(LIST=[actionresult([TYPE,ID])]) then if B(TYPE=proposal) then {ReceivedMessage(TYPE, ID, open); adopta(received(TYPE, ID, closed) : Infinite, priority 1)} else if B(LIST=[actionresult([TYPE,ID,RESPONSE])]) then if B(TYPE=response) then ReceivedMessage(RESPONSE, ID) else if B(LIST=[actionresult([TYPE])]) then ReceivedEvent(TYPE) else if B(LIST=[actionresult([TYPE,AGENT,ID,RESPONSE])]) then if B(TYPE=proposal) then ReceivedProposal(AGENT, ID, RESPONSE)
Event processed @ctenv(functionToList(chip(a10, purple, 3, 2)),LIST,0); if B(LIST=[actionresult([TYPE,ID])]) then if B(TYPE=proposal) then {ReceivedMessage(TYPE, ID, open); adopta(received(TYPE, ID, closed) : Infinite, priority 1)} else if B(LIST=[actionresult([TYPE,ID,RESPONSE])]) then if B(TYPE=response) then ReceivedMessage(RESPONSE, ID) else if B(LIST=[actionresult([TYPE])]) then ReceivedEvent(TYPE) else if B(LIST=[actionresult([TYPE,AGENT,ID,RESPONSE])]) then if B(TYPE=proposal) then ReceivedProposal(AGENT, ID, RESPONSE)
Event processed @ctenv(functionToList(chip(a10, green, 3, 2)),LIST,0); if B(LIST=[actionresult([TYPE,ID])]) then if B(TYPE=proposal) then {ReceivedMessage(TYPE, ID, open); adopta(received(TYPE, ID, closed) : Infinite, priority 1)} else if B(LIST=[actionresult([TYPE,ID,RESPONSE])]) then if B(TYPE=response) then ReceivedMessage(RESPONSE, ID) else if B(LIST=[actionresult([TYPE])]) then ReceivedEvent(TYPE) else if B(LIST=[actionresult([TYPE,AGENT,ID,RESPONSE])]) then if B(TYPE=proposal) then ReceivedProposal(AGENT, ID, RESPONSE)
[CTAH] Array of Terms: [Lapapl.data.Term;@aa80d36
[CTAH] The created APLList : [a40,orange,2,2]
[CTAH] Array of Terms: [Lapapl.data.Term;@1efb59b1
[CTAH] The created APLList : [a40,red,3,2]
[CTAH] Array of Terms: [Lapapl.data.Term;@6fcbba0c
[CTAH] The created APLList : [a40,purple,3,2]
[CTAH] Array of Terms: [Lapapl.data.Term;@59e786fa
[CTAH] The created APLList : [a40,green,2,2]
[CTAH] Array of Terms: [Lapapl.data.Term;@7d0024e9
[CTAH] The created APLList : [a10,orange,3,2]
[CTAH] Array of Terms: [Lapapl.data.Term;@2eee5031
[CTAH] The created APLList : [a10,red,3,2]
[CTAH] Array of Terms: [Lapapl.data.Term;@1fd2d909
[CTAH] The created APLList : [a10,purple,3,2]
[CTAH] Array of Terms: [Lapapl.data.Term;@4106d1d3
[CTAH] The created APLList : [a10,green,3,2]
agent writes: SetGoal [id=null, agent=a10, cell=Cell [x=2, y=1], goal=Cell [x=2, y=2], clock=3, time=2015-05-12 15:59:12.037]
org notification: SetGoal [id=null, agent=a10, cell=Cell [x=2, y=1], goal=Cell [x=2, y=2], clock=3, time=2015-05-12 15:59:12.037]
org notified sent setGoal(a10,2,1,2,2,3).
Organization notifies object (write): Obligation [subject=a10, obligation=[at(2, 1, a10)], sanction=[reduce(a10, 500)], deadline=9, time=2015-05-12 15:59:12.045, clock=3]
object notification: Obligation [subject=a10, obligation=[at(2, 1, a10)], sanction=[reduce(a10, 500)], deadline=9, time=2015-05-12 15:59:12.045, clock=3]
Event sent to object      a10 obligation([at(2, 1, a10)], 9, [reduce(a10, 500)])
Event processed adoptObligation(at(2, 1, a10), 9, reduce(a10, 500))
agent writes: SetGoal [id=null, agent=a20, cell=Cell [x=1, y=2], goal=Cell [x=2, y=2], clock=3, time=2015-05-12 15:59:12.24]
org notification: SetGoal [id=null, agent=a20, cell=Cell [x=1, y=2], goal=Cell [x=2, y=2], clock=3, time=2015-05-12 15:59:12.24]
org notified sent setGoal(a20,1,2,2,2,3).
Organization notifies object (write): Obligation [subject=a20, obligation=[at(1, 2, a20)], sanction=[reduce(a20, 500)], deadline=9, time=2015-05-12 15:59:12.244, clock=3]
agent writes: SetGoal [id=null, agent=a30, cell=Cell [x=3, y=2], goal=Cell [x=2, y=2], clock=3, time=2015-05-12 15:59:12.45]
org notification: SetGoal [id=null, agent=a30, cell=Cell [x=3, y=2], goal=Cell [x=2, y=2], clock=3, time=2015-05-12 15:59:12.45]
org notified sent setGoal(a30,3,2,2,2,3).
Organization notifies object (write): Obligation [subject=a30, obligation=[at(3, 2, a30)], sanction=[reduce(a30, 500)], deadline=9, time=2015-05-12 15:59:12.454, clock=3]
object notification: Obligation [subject=a30, obligation=[at(3, 2, a30)], sanction=[reduce(a30, 500)], deadline=9, time=2015-05-12 15:59:12.454, clock=3]
Event sent to object      a30 obligation([at(3, 2, a30)], 9, [reduce(a30, 500)])
Event processed adoptObligation(at(3, 2, a30), 9, reduce(a30, 500))
agent writes: SetGoal [id=null, agent=a40, cell=Cell [x=2, y=3], goal=Cell [x=2, y=2], clock=3, time=2015-05-12 15:59:12.697]
org notification: SetGoal [id=null, agent=a40, cell=Cell [x=2, y=3], goal=Cell [x=2, y=2], clock=3, time=2015-05-12 15:59:12.697]
org notified sent setGoal(a40,2,3,2,2,3).
Organization notifies object (write): Obligation [subject=a40, obligation=[at(2, 3, a40)], sanction=[reduce(a40, 500)], deadline=9, time=2015-05-12 15:59:12.701, clock=3]
object notification: Obligation [subject=a40, obligation=[at(2, 3, a40)], sanction=[reduce(a40, 500)], deadline=9, time=2015-05-12 15:59:12.701, clock=3]
Event sent to object      a40 obligation([at(2, 3, a40)], 9, [reduce(a40, 500)])
Event processed adoptObligation(at(2, 3, a40), 9, reduce(a40, 500))
agent writes: Color [id=null, color=green, agent=a10, type=yes, time=2015-05-12 15:59:12.906, clock=3]
org notification: Color [id=null, color=green, agent=a10, type=yes, time=2015-05-12 15:59:12.906, clock=3]
org notified sent color(a10,green,yes,3).
Organization notifies object (write): Obligation [subject=a10, obligation=[at(4, 4, a10)], sanction=[reduce(a10, 50)], deadline=5, time=2015-05-12 15:59:12.914, clock=3]
object notification: Obligation [subject=a10, obligation=[at(4, 4, a10)], sanction=[reduce(a10, 50)], deadline=5, time=2015-05-12 15:59:12.914, clock=3]
Event sent to object      a10 obligation([at(4, 4, a10)], 5, [reduce(a10, 50)])
Event processed adoptObligation(at(4, 4, a10), 5, reduce(a10, 50))
agent writes: Color [id=null, color=green, agent=a20, type=yes, time=2015-05-12 15:59:13.064, clock=3]
org notification: Color [id=null, color=green, agent=a20, type=yes, time=2015-05-12 15:59:13.064, clock=3]
org notified sent color(a20,green,yes,3).
Organization notifies object (write): Obligation [subject=a20, obligation=[at(4, 4, a20)], sanction=[reduce(a20, 50)], deadline=5, time=2015-05-12 15:59:13.069, clock=3]
agent writes: Color [id=null, color=green, agent=a30, type=yes, time=2015-05-12 15:59:13.22, clock=3]
org notification: Color [id=null, color=green, agent=a30, type=yes, time=2015-05-12 15:59:13.22, clock=3]
org notified sent color(a30,green,yes,3).
Organization notifies object (write): Obligation [subject=a30, obligation=[at(4, 4, a30)], sanction=[reduce(a30, 50)], deadline=5, time=2015-05-12 15:59:13.224, clock=3]
object notification: Obligation [subject=a30, obligation=[at(4, 4, a30)], sanction=[reduce(a30, 50)], deadline=5, time=2015-05-12 15:59:13.224, clock=3]
Event sent to object      a30 obligation([at(4, 4, a30)], 5, [reduce(a30, 50)])
Event processed adoptObligation(at(4, 4, a30), 5, reduce(a30, 50))
agent writes: Color [id=null, color=green, agent=a40, type=yes, time=2015-05-12 15:59:13.36, clock=3]
org notification: Color [id=null, color=green, agent=a40, type=yes, time=2015-05-12 15:59:13.36, clock=3]
org notified sent color(a40,green,yes,3).
Organization notifies object (write): Obligation [subject=a40, obligation=[at(4, 4, a40)], sanction=[reduce(a40, 50)], deadline=5, time=2015-05-12 15:59:13.364, clock=3]
object notification: Obligation [subject=a40, obligation=[at(4, 4, a40)], sanction=[reduce(a40, 50)], deadline=5, time=2015-05-12 15:59:13.364, clock=3]
Event sent to object      a40 obligation([at(4, 4, a40)], 5, [reduce(a40, 50)])
Event processed adoptObligation(at(4, 4, a40), 5, reduce(a40, 50))
agent writes: Color [id=null, color=green, agent=a10, type=no, time=2015-05-12 15:59:13.723, clock=3]
org notification: Color [id=null, color=green, agent=a10, type=no, time=2015-05-12 15:59:13.723, clock=3]
org notified sent color(a10,green,no,3).
Organization notifies object (write): Prohibition [subject=a10, prohibition=[at(4, 4, a10)], sanction=[reduce(a10, 50)], clock=3, time=2015-05-12 15:59:13.726]
object notification: Prohibition [subject=a10, prohibition=[at(4, 4, a10)], sanction=[reduce(a10, 50)], clock=3, time=2015-05-12 15:59:13.726]
Event sent to object      a10 prohibition([at(4, 4, a10)], [reduce(a10, 50)])
Event processed adoptProhibition(at(4, 4, a10), reduce(a10, 50))
agent writes: Color [id=null, color=green, agent=a20, type=no, time=2015-05-12 15:59:13.879, clock=3]
org notification: Color [id=null, color=green, agent=a20, type=no, time=2015-05-12 15:59:13.879, clock=3]
org notified sent color(a20,green,no,3).
Organization notifies object (write): Prohibition [subject=a20, prohibition=[at(4, 4, a20)], sanction=[reduce(a20, 50)], clock=3, time=2015-05-12 15:59:13.892]
agent writes: Color [id=null, color=green, agent=a30, type=no, time=2015-05-12 15:59:14.076, clock=3]
org notification: Color [id=null, color=green, agent=a30, type=no, time=2015-05-12 15:59:14.076, clock=3]
org notified sent color(a30,green,no,3).
Organization notifies object (write): Prohibition [subject=a30, prohibition=[at(4, 4, a30)], sanction=[reduce(a30, 50)], clock=3, time=2015-05-12 15:59:14.081]
Organization writes: Points [subject=a30, time=2015-05-12 15:59:14.086, clock=3, value=950, id=null]
object notification: Prohibition [subject=a30, prohibition=[at(4, 4, a30)], sanction=[reduce(a30, 50)], clock=3, time=2015-05-12 15:59:14.081]
Event sent to object      a30 prohibition([at(4, 4, a30)], [reduce(a30, 50)])
object notification: Points [subject=a30, time=2015-05-12 15:59:14.086, clock=3, value=950, id=null]
Event sent to object      a30 points(950)
Event processed adoptProhibition(at(4, 4, a30), reduce(a30, 50))
Event processed UpdatePoints(950)
agent writes: Color [id=null, color=green, agent=a40, type=no, time=2015-05-12 15:59:14.218, clock=3]
org notification: Color [id=null, color=green, agent=a40, type=no, time=2015-05-12 15:59:14.218, clock=3]
org notified sent color(a40,green,no,3).
Organization notifies object (write): Prohibition [subject=a40, prohibition=[at(4, 4, a40)], sanction=[reduce(a40, 50)], clock=3, time=2015-05-12 15:59:14.222]
object notification: Prohibition [subject=a40, prohibition=[at(4, 4, a40)], sanction=[reduce(a40, 50)], clock=3, time=2015-05-12 15:59:14.222]
Event sent to object      a40 prohibition([at(4, 4, a40)], [reduce(a40, 50)])
Event processed adoptProhibition(at(4, 4, a40), reduce(a40, 50))
object notification: Time [clock=4, time=2015-05-12 15:59:20.555]
Event sent to object      a30 clock(4)
org notification: Time [clock=4, time=2015-05-12 15:59:20.555]
org notified sent time(4).
object notification: Time [clock=4, time=2015-05-12 15:59:20.555]
Event sent to object      a40 clock(4)
object notification: Time [clock=4, time=2015-05-12 15:59:20.555]
Event sent to object      a10 clock(4)
Event processed UpdateClock(4)
Event processed UpdateClock(4)
Event processed UpdateClock(4)
object notification: Time [clock=5, time=2015-05-12 15:59:30.561]
object notification: Time [clock=5, time=2015-05-12 15:59:30.561]
object notification: Time [clock=5, time=2015-05-12 15:59:30.561]
Event sent to object      a30 clock(5)
Event sent to object      a10 clock(5)
org notification: Time [clock=5, time=2015-05-12 15:59:30.561]
org notified sent time(5).
Event sent to object      a40 clock(5)
Event processed UpdateClock(5)
Event processed UpdateClock(5)
Event processed UpdateClock(5)
object notification: Time [clock=6, time=2015-05-12 15:59:40.563]
org notification: Time [clock=6, time=2015-05-12 15:59:40.563]
org notified sent time(6).
Event sent to object      a40 clock(6)
object notification: Time [clock=6, time=2015-05-12 15:59:40.563]
Event sent to object      a30 clock(6)
object notification: Time [clock=6, time=2015-05-12 15:59:40.563]
Event sent to object      a10 clock(6)
Event processed UpdateClock(6)
Event processed UpdateClock(6)
Event processed UpdateClock(6)
org notification: Time [clock=7, time=2015-05-12 15:59:50.564]
org notified sent time(7).
object notification: Time [clock=7, time=2015-05-12 15:59:50.564]
Event sent to object      a10 clock(7)
object notification: Time [clock=7, time=2015-05-12 15:59:50.564]
Event sent to object      a30 clock(7)
object notification: Time [clock=7, time=2015-05-12 15:59:50.564]
Event sent to object      a40 clock(7)
Event processed UpdateClock(7)
Event processed UpdateClock(7)
Event processed UpdateClock(7)
org notification: Time [clock=8, time=2015-05-12 16:00:00.568]
org notified sent time(8).
object notification: Time [clock=8, time=2015-05-12 16:00:00.568]
object notification: Time [clock=8, time=2015-05-12 16:00:00.568]
Event sent to object      a40 clock(8)
Event sent to object      a10 clock(8)
object notification: Time [clock=8, time=2015-05-12 16:00:00.568]
Event sent to object      a30 clock(8)
Event processed UpdateClock(8)
Event processed UpdateClock(8)
Event processed UpdateClock(8)
org notification: Time [clock=9, time=2015-05-12 16:00:10.569]
org notified sent time(9).
object notification: Time [clock=9, time=2015-05-12 16:00:10.569]
Event sent to object      a40 clock(9)
object notification: Time [clock=9, time=2015-05-12 16:00:10.569]
Event sent to object      a10 clock(9)
object notification: Time [clock=9, time=2015-05-12 16:00:10.569]
Event sent to object      a30 clock(9)
Event processed UpdateClock(9)
Event processed UpdateClock(9)
Event processed UpdateClock(9)
object notification: Time [clock=10, time=2015-05-12 16:00:20.572]
object notification: Time [clock=10, time=2015-05-12 16:00:20.572]
Event sent to object      a30 clock(10)
Event sent to object      a10 clock(10)
org notification: Time [clock=10, time=2015-05-12 16:00:20.572]
org notified sent time(10).
object notification: Time [clock=10, time=2015-05-12 16:00:20.572]
Event sent to object      a40 clock(10)
Event processed UpdateClock(10)
Event processed UpdateClock(10)
Event processed UpdateClock(10)
object notification: Time [clock=11, time=2015-05-12 16:00:30.574]
Event sent to object      a40 clock(11)
object notification: Time [clock=11, time=2015-05-12 16:00:30.574]
Event sent to object      a10 clock(11)
org notification: Time [clock=11, time=2015-05-12 16:00:30.574]
org notified sent time(11).
object notification: Time [clock=11, time=2015-05-12 16:00:30.574]
Event sent to object      a30 clock(11)
Event processed UpdateClock(11)
Event processed UpdateClock(11)
Event processed UpdateClock(11)
object notification: Time [clock=12, time=2015-05-12 16:00:40.577]
Event sent to object      a40 clock(12)
org notification: Time [clock=12, time=2015-05-12 16:00:40.577]
object notification: Time [clock=12, time=2015-05-12 16:00:40.577]
object notification: Time [clock=12, time=2015-05-12 16:00:40.577]
Event sent to object      a10 clock(12)
org notified sent time(12).
Event sent to object      a30 clock(12)
Event processed UpdateClock(12)
Event processed UpdateClock(12)
Event processed UpdateClock(12)
org notification: Time [clock=13, time=2015-05-12 16:00:50.584]
org notified sent time(13).
object notification: Time [clock=13, time=2015-05-12 16:00:50.584]
Event sent to object      a10 clock(13)
object notification: Time [clock=13, time=2015-05-12 16:00:50.584]
Event sent to object      a40 clock(13)
object notification: Time [clock=13, time=2015-05-12 16:00:50.584]
Event sent to object      a30 clock(13)
Event processed UpdateClock(13)
Event processed UpdateClock(13)
Event processed UpdateClock(13)
org notification: Time [clock=14, time=2015-05-12 16:01:00.587]
org notified sent time(14).
object notification: Time [clock=14, time=2015-05-12 16:01:00.587]
Event sent to object      a30 clock(14)
object notification: Time [clock=14, time=2015-05-12 16:01:00.587]
Event sent to object      a10 clock(14)
object notification: Time [clock=14, time=2015-05-12 16:01:00.587]
Event sent to object      a40 clock(14)
Event processed UpdateClock(14)
Event processed UpdateClock(14)
Event processed UpdateClock(14)
org notification: Time [clock=15, time=2015-05-12 16:01:10.592]
org notified sent time(15).
object notification: Time [clock=15, time=2015-05-12 16:01:10.592]
Event sent to object      a30 clock(15)
object notification: Time [clock=15, time=2015-05-12 16:01:10.592]
Event sent to object      a40 clock(15)
object notification: Time [clock=15, time=2015-05-12 16:01:10.592]
Event sent to object      a10 clock(15)
Event processed UpdateClock(15)
Event processed UpdateClock(15)
Event processed UpdateClock(15)
org notification: Time [clock=16, time=2015-05-12 16:01:20.594]
object notification: Time [clock=16, time=2015-05-12 16:01:20.594]
object notification: Time [clock=16, time=2015-05-12 16:01:20.594]
Event sent to object      a10 clock(16)
org notified sent time(16).
object notification: Time [clock=16, time=2015-05-12 16:01:20.594]
Event sent to object      a40 clock(16)
Event sent to object      a30 clock(16)
Event processed UpdateClock(16)
Event processed UpdateClock(16)
Event processed UpdateClock(16)
org notification: Time [clock=17, time=2015-05-12 16:01:30.626]
org notified sent time(17).
object notification: Time [clock=17, time=2015-05-12 16:01:30.626]
Event sent to object      a10 clock(17)
object notification: Time [clock=17, time=2015-05-12 16:01:30.626]
Event sent to object      a40 clock(17)
object notification: Time [clock=17, time=2015-05-12 16:01:30.626]
Event sent to object      a30 clock(17)
Event processed UpdateClock(17)
Event processed UpdateClock(17)
Event processed UpdateClock(17)
org notification: Time [clock=18, time=2015-05-12 16:01:40.644]
org notified sent time(18).
object notification: Time [clock=18, time=2015-05-12 16:01:40.644]
Event sent to object      a40 clock(18)
object notification: Time [clock=18, time=2015-05-12 16:01:40.644]
Event sent to object      a10 clock(18)
object notification: Time [clock=18, time=2015-05-12 16:01:40.644]
Event sent to object      a30 clock(18)
Event processed UpdateClock(18)
Event processed UpdateClock(18)
Event processed UpdateClock(18)
org notification: Time [clock=19, time=2015-05-12 16:01:50.647]
org notified sent time(19).
object notification: Time [clock=19, time=2015-05-12 16:01:50.647]
Event sent to object      a40 clock(19)
object notification: Time [clock=19, time=2015-05-12 16:01:50.647]
Event sent to object      a30 clock(19)
object notification: Time [clock=19, time=2015-05-12 16:01:50.647]
Event sent to object      a10 clock(19)
Event processed UpdateClock(19)
Event processed UpdateClock(19)
Event processed UpdateClock(19)
org notification: Time [clock=20, time=2015-05-12 16:02:00.649]
org notified sent time(20).
object notification: Time [clock=20, time=2015-05-12 16:02:00.649]
Event sent to object      a30 clock(20)
object notification: Time [clock=20, time=2015-05-12 16:02:00.649]
Event sent to object      a40 clock(20)
object notification: Time [clock=20, time=2015-05-12 16:02:00.649]
Event sent to object      a10 clock(20)
Event processed UpdateClock(20)
Event processed UpdateClock(20)
Event processed UpdateClock(20)
