2015-06-09 15:09:40,745 CONFIG [com.gigaspaces.logger] - Log file: /Users/dxd/git/ct3/logs/2015-06-09~15.09-gigaspaces-service-10.154.154.93-81281.log
-------------------------last log tuples start--------------------------------
Obligation [subject=a20, obligation=[at(2, 2, a20)], sanction=[reduce(a20, 700)], deadline=18, time=2015-06-09 15:09:21.96, clock=2]
Time [clock=7, time=2015-06-09 15:09:22.511]
Obligation [subject=a40, obligation=[at(4, 4, a40)], sanction=[reduce(a40, 700)], deadline=25, time=2015-06-09 15:09:23.841, clock=9]
Prohibition [subject=a30, prohibition=[moveTooFast(a30)], sanction=[reduce(a30, 300)], clock=0, time=2015-06-09 15:09:11.511]
Time [clock=6, time=2015-06-09 15:09:22.506]
Obligation [subject=a20, obligation=[makeMove(0, 4, a20)], sanction=[reduce(a20, 300)], deadline=15, time=2015-06-09 15:09:11.463, clock=0]
Time [clock=2, time=2015-06-09 15:09:21.568]
Group [name=g, ra=a10, type=ra, clock=0, time=2015-06-09 15:09:12.432]
Prohibition [subject=a20, prohibition=[moveTooFast(a20)], sanction=[reduce(a20, 300)], clock=0, time=2015-06-09 15:09:11.504]
SetGoal [id=null, agent=a20, cell=Cell [x=3, y=3], goal=Cell [x=3, y=2], sanction=100, clock=9, time=2015-06-09 15:09:23.461]
SetGoal [id=null, agent=a20, cell=Cell [x=2, y=2], goal=Cell [x=3, y=2], sanction=100, clock=2, time=2015-06-09 15:09:21.954]
Time [clock=3, time=2015-06-09 15:09:22.444]
Position [subject=a10, id=null, cell=Cell [x=2, y=3], time=2015-06-09 15:09:03.901, clock=0]
Time [clock=9, time=2015-06-09 15:09:22.549]
SetGoal [id=null, agent=a10, cell=Cell [x=4, y=2], goal=Cell [x=3, y=2], sanction=100, clock=9, time=2015-06-09 15:09:23.304]
Tile [id=null, cell=Cell [x=5, y=4], subject=yellow, time=2015-06-09 15:09:02.986, clock=0]
SetGoal [id=null, agent=a10, cell=Cell [x=3, y=1], goal=Cell [x=3, y=2], sanction=100, clock=2, time=2015-06-09 15:09:21.777]
Time [clock=5, time=2015-06-09 15:09:22.501]
Time [clock=8, time=2015-06-09 15:09:22.529]
Time [clock=1, time=2015-06-09 15:09:21.435]
SetGoal [id=null, agent=a10, cell=Cell [x=4, y=3], goal=Cell [x=3, y=2], sanction=100, clock=9, time=2015-06-09 15:09:24.347]
Group [name=g, ra=a10, type=ra, clock=0, time=2015-06-09 15:09:12.476]
Goal [id=null, cell=Cell [x=4, y=4], agent=null, time=2015-06-09 15:09:02.893, clock=0]
Obligation [subject=a20, obligation=[at(3, 4, a20)], sanction=[reduce(a20, 700)], deadline=25, time=2015-06-09 15:09:24.519, clock=9]
SetGoal [id=null, agent=a30, cell=Cell [x=5, y=4], goal=Cell [x=3, y=2], sanction=100, clock=9, time=2015-06-09 15:09:24.752]
Obligation [subject=a10, obligation=[surround(3, 2)], sanction=[reduce(g, 700)], deadline=20, time=2015-06-09 15:09:11.452, clock=0]
SetGoal [id=null, agent=a20, cell=Cell [x=3, y=4], goal=Cell [x=3, y=2], sanction=100, clock=9, time=2015-06-09 15:09:24.516]
SetGoal [id=null, agent=a30, cell=Cell [x=5, y=3], goal=Cell [x=3, y=2], sanction=100, clock=9, time=2015-06-09 15:09:23.636]
Group [name=g, ra=a10, type=ra, clock=0, time=2015-06-09 15:09:12.448]
Prohibition [subject=a10, prohibition=[moveTooFast(a10)], sanction=[reduce(a10, 300)], clock=0, time=2015-06-09 15:09:11.485]
SetGoal [id=null, agent=a30, cell=Cell [x=4, y=2], goal=Cell [x=3, y=2], sanction=100, clock=2, time=2015-06-09 15:09:22.154]
SetGoal [id=null, agent=a40, cell=Cell [x=4, y=4], goal=Cell [x=3, y=2], sanction=100, clock=9, time=2015-06-09 15:09:23.839]
SetGoal [id=null, agent=a40, cell=Cell [x=4, y=5], goal=Cell [x=3, y=2], sanction=100, clock=9, time=2015-06-09 15:09:24.992]
Position [subject=a30, id=null, cell=Cell [x=0, y=2], time=2015-06-09 15:09:04.701, clock=0]
SetGoal [id=null, agent=a40, cell=Cell [x=3, y=3], goal=Cell [x=3, y=2], sanction=100, clock=2, time=2015-06-09 15:09:22.355]
Prohibition [subject=a40, prohibition=[moveTooFast(a40)], sanction=[reduce(a40, 300)], clock=0, time=2015-06-09 15:09:11.518]
Position [subject=a30, id=null, cell=Cell [x=1, y=3], time=2015-06-09 15:09:05.256, clock=0]
Tile [id=null, cell=Cell [x=5, y=5], subject=white, time=2015-06-09 15:09:03.024, clock=0]
Group [name=g, ra=a10, type=ra, clock=0, time=2015-06-09 15:09:12.461]
Obligation [subject=a30, obligation=[makeMove(1, 3, a30)], sanction=[reduce(a30, 300)], deadline=15, time=2015-06-09 15:09:11.468, clock=0]
Obligation [subject=a40, obligation=[at(3, 3, a40)], sanction=[reduce(a40, 700)], deadline=18, time=2015-06-09 15:09:22.358, clock=2]
Obligation [subject=a10, obligation=[at(3, 1, a10)], sanction=[reduce(a10, 700)], deadline=18, time=2015-06-09 15:09:21.784, clock=2]
Position [subject=a40, id=null, cell=Cell [x=5, y=2], time=2015-06-09 15:09:05.268, clock=0]
Obligation [subject=a30, obligation=[at(5, 3, a30)], sanction=[reduce(a30, 700)], deadline=25, time=2015-06-09 15:09:23.64, clock=9]
Group [name=g, ra=a10, type=ra, clock=0, time=2015-06-09 15:09:12.441]
Obligation [subject=a10, obligation=[at(4, 2, a10)], sanction=[reduce(a10, 700)], deadline=25, time=2015-06-09 15:09:23.307, clock=9]
Obligation [subject=a30, obligation=[at(4, 2, a30)], sanction=[reduce(a30, 700)], deadline=18, time=2015-06-09 15:09:22.157, clock=2]
Obligation [subject=a30, obligation=[at(5, 4, a30)], sanction=[reduce(a30, 700)], deadline=25, time=2015-06-09 15:09:24.754, clock=9]
Position [subject=a20, id=null, cell=Cell [x=0, y=4], time=2015-06-09 15:09:04.691, clock=0]
Position [subject=a40, id=null, cell=Cell [x=2, y=0], time=2015-06-09 15:09:05.279, clock=0]
Obligation [subject=a10, obligation=[surround(4, 3)], sanction=[reduce(g, 700)], deadline=20, time=2015-06-09 15:09:11.449, clock=0]
Group [name=g, ra=a10, type=ra, clock=0, time=2015-06-09 15:09:11.42]
Obligation [subject=a20, obligation=[at(3, 3, a20)], sanction=[reduce(a20, 700)], deadline=25, time=2015-06-09 15:09:23.464, clock=9]
Goal [id=null, cell=Cell [x=4, y=3], agent=null, time=2015-06-09 15:09:02.729, clock=0]
Position [subject=a40, id=null, cell=Cell [x=2, y=4], time=2015-06-09 15:09:04.664, clock=0]
Group [name=g, ra=a10, type=ra, clock=0, time=2015-06-09 15:09:12.454]
Obligation [subject=a40, obligation=[at(4, 5, a40)], sanction=[reduce(a40, 700)], deadline=25, time=2015-06-09 15:09:24.994, clock=9]
Time [clock=4, time=2015-06-09 15:09:22.48]
Obligation [subject=a10, obligation=[makeMove(2, 3, a10)], sanction=[reduce(a10, 300)], deadline=15, time=2015-06-09 15:09:11.455, clock=0]
Position [subject=a20, id=null, cell=Cell [x=4, y=4], time=2015-06-09 15:09:04.668, clock=0]
Group [name=g, ra=a10, type=ra, clock=0, time=2015-06-09 15:09:12.424]
Obligation [subject=a40, obligation=[makeMove(4, 2, a40)], sanction=[reduce(a40, 300)], deadline=15, time=2015-06-09 15:09:11.481, clock=0]
Tile [id=null, cell=Cell [x=4, y=2], subject=blue, time=2015-06-09 15:09:02.963, clock=0]
Group [name=g, ra=a10, type=ra, clock=0, time=2015-06-09 15:09:11.43]
Obligation [subject=a10, obligation=[surround(4, 4)], sanction=[reduce(g, 700)], deadline=20, time=2015-06-09 15:09:11.436, clock=0]
Obligation [subject=a10, obligation=[at(4, 3, a10)], sanction=[reduce(a10, 700)], deadline=25, time=2015-06-09 15:09:24.35, clock=9]
Points [subject=a30, time=2015-06-09 15:09:11.533, clock=0, value=700, id=null]
Points [subject=a10, time=2015-06-09 15:09:11.529, clock=0, value=700, id=null]
Points [subject=a20, time=2015-06-09 15:09:11.531, clock=0, value=700, id=null]
Tile [id=null, cell=Cell [x=5, y=4], subject=blue, time=2015-06-09 15:09:03.094, clock=0]
Position [subject=a10, id=null, cell=Cell [x=1, y=5], time=2015-06-09 15:09:03.89, clock=0]
Position [subject=a40, id=null, cell=Cell [x=0, y=4], time=2015-06-09 15:09:04.708, clock=0]
Points [subject=a40, time=2015-06-09 15:09:11.542, clock=0, value=700, id=null]
Position [subject=a20, id=null, cell=Cell [x=0, y=4], time=2015-06-09 15:09:03.179, clock=0]
Tile [id=null, cell=Cell [x=5, y=2], subject=blue, time=2015-06-09 15:09:02.984, clock=0]
Goal [id=null, cell=Cell [x=3, y=2], agent=null, time=2015-06-09 15:09:03.201, clock=0]
Position [subject=a30, id=null, cell=Cell [x=0, y=0], time=2015-06-09 15:09:04.709, clock=0]
Position [subject=a10, id=null, cell=Cell [x=0, y=5], time=2015-06-09 15:09:03.896, clock=0]
Tile [id=null, cell=Cell [x=3, y=0], subject=white, time=2015-06-09 15:09:02.931, clock=0]
Position [subject=a20, id=null, cell=Cell [x=5, y=0], time=2015-06-09 15:09:04.663, clock=0]
Position [subject=a20, id=null, cell=Cell [x=3, y=4], time=2015-06-09 15:09:04.663, clock=0]
Position [subject=a20, id=null, cell=Cell [x=5, y=5], time=2015-06-09 15:09:03.887, clock=0]
Tile [id=null, cell=Cell [x=5, y=4], subject=yellow, time=2015-06-09 15:09:02.982, clock=0]
Tile [id=null, cell=Cell [x=5, y=1], subject=yellow, time=2015-06-09 15:09:02.981, clock=0]
Position [subject=a10, id=null, cell=Cell [x=3, y=1], time=2015-06-09 15:09:02.741, clock=0]
Position [subject=a40, id=null, cell=Cell [x=0, y=3], time=2015-06-09 15:09:02.501, clock=0]
Tile [id=null, cell=Cell [x=5, y=5], subject=brown, time=2015-06-09 15:09:02.984, clock=0]
Position [subject=a10, id=null, cell=Cell [x=3, y=4], time=2015-06-09 15:09:02.905, clock=0]
Position [subject=a40, id=null, cell=Cell [x=2, y=5], time=2015-06-09 15:09:02.344, clock=0]
Position [subject=a10, id=null, cell=Cell [x=0, y=0], time=2015-06-09 15:09:03.896, clock=0]
Position [subject=a40, id=null, cell=Cell [x=4, y=2], time=2015-06-09 15:09:05.284, clock=0]
Position [subject=a30, id=null, cell=Cell [x=3, y=4], time=2015-06-09 15:09:02.29, clock=0]
Tile [id=null, cell=Cell [x=5, y=0], subject=white, time=2015-06-09 15:09:02.978, clock=0]
Position [subject=a10, id=null, cell=Cell [x=5, y=3], time=2015-06-09 15:09:02.96, clock=0]
Position [subject=a10, id=null, cell=Cell [x=5, y=4], time=2015-06-09 15:09:01.97, clock=0]
Position [subject=a30, id=null, cell=Cell [x=5, y=2], time=2015-06-09 15:09:05.251, clock=0]
Goal [id=null, cell=Cell [x=4, y=4], agent=null, time=2015-06-09 15:09:01.772, clock=0]
Position [subject=a30, id=null, cell=Cell [x=5, y=4], time=2015-06-09 15:09:03.209, clock=0]
Position [subject=a30, id=null, cell=Cell [x=0, y=3], time=2015-06-09 15:09:04.665, clock=0]
Tile [id=null, cell=Cell [x=5, y=3], subject=yellow, time=2015-06-09 15:09:02.986, clock=0]
Tile [id=null, cell=Cell [x=4, y=5], subject=brown, time=2015-06-09 15:09:02.957, clock=0]
Position [subject=a40, id=null, cell=Cell [x=2, y=4], time=2015-06-09 15:09:03.9, clock=0]
Position [subject=a20, id=null, cell=Cell [x=3, y=3], time=2015-06-09 15:09:02.198, clock=0]
Position [subject=a30, id=null, cell=Cell [x=4, y=1], time=2015-06-09 15:09:03.897, clock=0]
Position [subject=a20, id=null, cell=Cell [x=1, y=2], time=2015-06-09 15:09:02.939, clock=0]
Tile [id=null, cell=Cell [x=2, y=3], subject=blue, time=2015-06-09 15:09:02.926, clock=0]
Position [subject=a30, id=null, cell=Cell [x=5, y=4], time=2015-06-09 15:09:02.311, clock=0]
Position [subject=a10, id=null, cell=Cell [x=1, y=5], time=2015-06-09 15:09:01.89, clock=0]
Position [subject=a20, id=null, cell=Cell [x=5, y=3], time=2015-06-09 15:09:02.189, clock=0]
Tile [id=null, cell=Cell [x=4, y=5], subject=blue, time=2015-06-09 15:09:02.976, clock=0]
Tile [id=null, cell=Cell [x=5, y=3], subject=yellow, time=2015-06-09 15:09:02.984, clock=0]
Goal [id=null, cell=Cell [x=3, y=2], agent=null, time=2015-06-09 15:09:03.202, clock=0]
Position [subject=a40, id=null, cell=Cell [x=2, y=0], time=2015-06-09 15:09:05.281, clock=0]
Goal [id=null, cell=Cell [x=3, y=2], agent=null, time=2015-06-09 15:09:03.199, clock=0]
Goal [id=null, cell=Cell [x=4, y=4], agent=null, time=2015-06-09 15:09:02.946, clock=0]
Tile [id=null, cell=Cell [x=4, y=2], subject=white, time=2015-06-09 15:09:02.954, clock=0]
Goal [id=null, cell=Cell [x=4, y=4], agent=null, time=2015-06-09 15:09:02.948, clock=0]
Goal [id=null, cell=Cell [x=4, y=4], agent=null, time=2015-06-09 15:09:01.772, clock=0]
Tile [id=null, cell=Cell [x=5, y=0], subject=yellow, time=2015-06-09 15:09:02.973, clock=0]
Tile [id=null, cell=Cell [x=4, y=2], subject=yellow, time=2015-06-09 15:09:02.717, clock=0]
Tile [id=null, cell=Cell [x=3, y=2], subject=yellow, time=2015-06-09 15:09:02.942, clock=0]
Tile [id=null, cell=Cell [x=5, y=2], subject=brown, time=2015-06-09 15:09:02.98, clock=0]
Tile [id=null, cell=Cell [x=2, y=5], subject=brown, time=2015-06-09 15:09:02.929, clock=0]
Tile [id=null, cell=Cell [x=5, y=0], subject=yellow, time=2015-06-09 15:09:02.962, clock=0]
Tile [id=null, cell=Cell [x=3, y=5], subject=brown, time=2015-06-09 15:09:02.943, clock=0]
Tile [id=null, cell=Cell [x=2, y=2], subject=white, time=2015-06-09 15:09:02.925, clock=0]
Tile [id=null, cell=Cell [x=1, y=5], subject=yellow, time=2015-06-09 15:09:02.894, clock=0]
Tile [id=null, cell=Cell [x=4, y=3], subject=white, time=2015-06-09 15:09:02.966, clock=0]
Tile [id=null, cell=Cell [x=3, y=3], subject=white, time=2015-06-09 15:09:02.916, clock=0]
Tile [id=null, cell=Cell [x=4, y=1], subject=yellow, time=2015-06-09 15:09:02.95, clock=0]
Tile [id=null, cell=Cell [x=4, y=5], subject=white, time=2015-06-09 15:09:02.965, clock=0]
Tile [id=null, cell=Cell [x=5, y=2], subject=brown, time=2015-06-09 15:09:02.907, clock=0]
Tile [id=null, cell=Cell [x=5, y=1], subject=blue, time=2015-06-09 15:09:02.977, clock=0]
Tile [id=null, cell=Cell [x=5, y=3], subject=brown, time=2015-06-09 15:09:02.981, clock=0]
Tile [id=null, cell=Cell [x=4, y=5], subject=brown, time=2015-06-09 15:09:02.894, clock=0]
Tile [id=null, cell=Cell [x=4, y=3], subject=brown, time=2015-06-09 15:09:02.959, clock=0]
Tile [id=null, cell=Cell [x=4, y=0], subject=blue, time=2015-06-09 15:09:02.741, clock=0]
Tile [id=null, cell=Cell [x=4, y=0], subject=brown, time=2015-06-09 15:09:02.96, clock=0]
Tile [id=null, cell=Cell [x=3, y=1], subject=yellow, time=2015-06-09 15:09:02.912, clock=0]
Tile [id=null, cell=Cell [x=4, y=0], subject=brown, time=2015-06-09 15:09:02.946, clock=0]
Tile [id=null, cell=Cell [x=2, y=1], subject=white, time=2015-06-09 15:09:02.898, clock=0]
Tile [id=null, cell=Cell [x=3, y=4], subject=brown, time=2015-06-09 15:09:02.942, clock=0]
Tile [id=null, cell=Cell [x=3, y=0], subject=white, time=2015-06-09 15:09:02.913, clock=0]
Tile [id=null, cell=Cell [x=3, y=2], subject=yellow, time=2015-06-09 15:09:02.914, clock=0]
Tile [id=null, cell=Cell [x=4, y=4], subject=yellow, time=2015-06-09 15:09:02.973, clock=0]
Tile [id=null, cell=Cell [x=2, y=2], subject=yellow, time=2015-06-09 15:09:02.9, clock=0]
Tile [id=null, cell=Cell [x=5, y=5], subject=yellow, time=2015-06-09 15:09:03.097, clock=0]
Tile [id=null, cell=Cell [x=4, y=1], subject=blue, time=2015-06-09 15:09:02.961, clock=0]
Tile [id=null, cell=Cell [x=2, y=4], subject=yellow, time=2015-06-09 15:09:02.928, clock=0]
Tile [id=null, cell=Cell [x=1, y=5], subject=white, time=2015-06-09 15:09:02.893, clock=0]
Tile [id=null, cell=Cell [x=3, y=1], subject=blue, time=2015-06-09 15:09:02.933, clock=0]
Tile [id=null, cell=Cell [x=4, y=3], subject=yellow, time=2015-06-09 15:09:02.949, clock=0]
Tile [id=null, cell=Cell [x=4, y=4], subject=brown, time=2015-06-09 15:09:02.955, clock=0]
Tile [id=null, cell=Cell [x=4, y=1], subject=blue, time=2015-06-09 15:09:02.795, clock=0]
Tile [id=null, cell=Cell [x=3, y=5], subject=white, time=2015-06-09 15:09:02.953, clock=0]
Tile [id=null, cell=Cell [x=5, y=2], subject=blue, time=2015-06-09 15:09:02.982, clock=0]
Tile [id=null, cell=Cell [x=5, y=1], subject=yellow, time=2015-06-09 15:09:02.966, clock=0]
Tile [id=null, cell=Cell [x=5, y=5], subject=white, time=2015-06-09 15:09:02.915, clock=0]
Tile [id=null, cell=Cell [x=4, y=4], subject=white, time=2015-06-09 15:09:02.892, clock=0]
Tile [id=null, cell=Cell [x=5, y=2], subject=white, time=2015-06-09 15:09:02.717, clock=0]
Tile [id=null, cell=Cell [x=2, y=4], subject=white, time=2015-06-09 15:09:02.91, clock=0]
Tile [id=null, cell=Cell [x=3, y=1], subject=white, time=2015-06-09 15:09:02.915, clock=0]
Tile [id=null, cell=Cell [x=5, y=1], subject=yellow, time=2015-06-09 15:09:02.897, clock=0]
Tile [id=null, cell=Cell [x=5, y=4], subject=white, time=2015-06-09 15:09:02.911, clock=0]
Tile [id=null, cell=Cell [x=4, y=4], subject=brown, time=2015-06-09 15:09:02.962, clock=0]
Tile [id=null, cell=Cell [x=2, y=0], subject=yellow, time=2015-06-09 15:09:02.895, clock=0]
Tile [id=null, cell=Cell [x=2, y=0], subject=brown, time=2015-06-09 15:09:02.793, clock=0]
Tile [id=null, cell=Cell [x=4, y=5], subject=brown, time=2015-06-09 15:09:02.797, clock=0]
Tile [id=null, cell=Cell [x=3, y=4], subject=brown, time=2015-06-09 15:09:02.937, clock=0]
Tile [id=null, cell=Cell [x=3, y=4], subject=white, time=2015-06-09 15:09:02.728, clock=0]
Tile [id=null, cell=Cell [x=3, y=0], subject=white, time=2015-06-09 15:09:02.91, clock=0]
Tile [id=null, cell=Cell [x=2, y=1], subject=blue, time=2015-06-09 15:09:02.923, clock=0]
Tile [id=null, cell=Cell [x=2, y=3], subject=white, time=2015-06-09 15:09:02.907, clock=0]
Tile [id=null, cell=Cell [x=1, y=3], subject=yellow, time=2015-06-09 15:09:02.696, clock=0]
Tile [id=null, cell=Cell [x=5, y=5], subject=yellow, time=2015-06-09 15:09:02.795, clock=0]
Tile [id=null, cell=Cell [x=4, y=4], subject=brown, time=2015-06-09 15:09:02.72, clock=0]
Tile [id=null, cell=Cell [x=1, y=0], subject=white, time=2015-06-09 15:09:02.773, clock=0]
Tile [id=null, cell=Cell [x=4, y=2], subject=brown, time=2015-06-09 15:09:02.775, clock=0]
Tile [id=null, cell=Cell [x=2, y=5], subject=brown, time=2015-06-09 15:09:02.909, clock=0]
Tile [id=null, cell=Cell [x=3, y=2], subject=yellow, time=2015-06-09 15:09:02.934, clock=0]
Tile [id=null, cell=Cell [x=5, y=2], subject=white, time=2015-06-09 15:09:02.901, clock=0]
Tile [id=null, cell=Cell [x=4, y=1], subject=white, time=2015-06-09 15:09:02.942, clock=0]
Tile [id=null, cell=Cell [x=4, y=5], subject=blue, time=2015-06-09 15:09:02.713, clock=0]
Tile [id=null, cell=Cell [x=4, y=2], subject=brown, time=2015-06-09 15:09:02.707, clock=0]
Tile [id=null, cell=Cell [x=0, y=5], subject=white, time=2015-06-09 15:09:02.699, clock=0]
Tile [id=null, cell=Cell [x=4, y=0], subject=yellow, time=2015-06-09 15:09:02.681, clock=0]
Tile [id=null, cell=Cell [x=5, y=3], subject=white, time=2015-06-09 15:09:02.907, clock=0]
Tile [id=null, cell=Cell [x=2, y=2], subject=yellow, time=2015-06-09 15:09:02.641, clock=0]
Tile [id=null, cell=Cell [x=1, y=3], subject=brown, time=2015-06-09 15:09:02.796, clock=0]
Tile [id=null, cell=Cell [x=1, y=4], subject=brown, time=2015-06-09 15:09:02.632, clock=0]
Tile [id=null, cell=Cell [x=0, y=3], subject=blue, time=2015-06-09 15:09:02.697, clock=0]
Tile [id=null, cell=Cell [x=5, y=0], subject=white, time=2015-06-09 15:09:02.89, clock=0]
Tile [id=null, cell=Cell [x=0, y=4], subject=brown, time=2015-06-09 15:09:02.687, clock=0]
Tile [id=null, cell=Cell [x=0, y=5], subject=blue, time=2015-06-09 15:09:02.69, clock=0]
Tile [id=null, cell=Cell [x=1, y=5], subject=white, time=2015-06-09 15:09:02.658, clock=0]
Tile [id=null, cell=Cell [x=2, y=1], subject=white, time=2015-06-09 15:09:02.896, clock=0]
Tile [id=null, cell=Cell [x=5, y=1], subject=yellow, time=2015-06-09 15:09:02.904, clock=0]
Tile [id=null, cell=Cell [x=2, y=4], subject=brown, time=2015-06-09 15:09:02.654, clock=0]
Tile [id=null, cell=Cell [x=5, y=2], subject=brown, time=2015-06-09 15:09:02.726, clock=0]
Tile [id=null, cell=Cell [x=0, y=5], subject=yellow, time=2015-06-09 15:09:02.632, clock=0]
Tile [id=null, cell=Cell [x=3, y=3], subject=white, time=2015-06-09 15:09:02.944, clock=0]
Tile [id=null, cell=Cell [x=1, y=2], subject=yellow, time=2015-06-09 15:09:02.795, clock=0]
Tile [id=null, cell=Cell [x=2, y=2], subject=yellow, time=2015-06-09 15:09:02.665, clock=0]
Tile [id=null, cell=Cell [x=1, y=5], subject=yellow, time=2015-06-09 15:09:02.636, clock=0]
Tile [id=null, cell=Cell [x=2, y=2], subject=blue, time=2015-06-09 15:09:02.648, clock=0]
Tile [id=null, cell=Cell [x=3, y=5], subject=white, time=2015-06-09 15:09:02.736, clock=0]
Tile [id=null, cell=Cell [x=1, y=4], subject=white, time=2015-06-09 15:09:02.889, clock=0]
Tile [id=null, cell=Cell [x=2, y=4], subject=blue, time=2015-06-09 15:09:02.902, clock=0]
Tile [id=null, cell=Cell [x=5, y=0], subject=blue, time=2015-06-09 15:09:02.715, clock=0]
Tile [id=null, cell=Cell [x=5, y=4], subject=white, time=2015-06-09 15:09:02.913, clock=0]
Tile [id=null, cell=Cell [x=4, y=2], subject=blue, time=2015-06-09 15:09:02.944, clock=0]
Tile [id=null, cell=Cell [x=1, y=4], subject=yellow, time=2015-06-09 15:09:02.634, clock=0]
Tile [id=null, cell=Cell [x=0, y=3], subject=blue, time=2015-06-09 15:09:02.613, clock=0]
Tile [id=null, cell=Cell [x=4, y=3], subject=white, time=2015-06-09 15:09:02.889, clock=0]
Tile [id=null, cell=Cell [x=5, y=5], subject=brown, time=2015-06-09 15:09:02.723, clock=0]
Tile [id=null, cell=Cell [x=3, y=5], subject=white, time=2015-06-09 15:09:02.939, clock=0]
Tile [id=null, cell=Cell [x=3, y=3], subject=blue, time=2015-06-09 15:09:02.712, clock=0]
Tile [id=null, cell=Cell [x=1, y=0], subject=yellow, time=2015-06-09 15:09:02.757, clock=0]
Tile [id=null, cell=Cell [x=4, y=0], subject=yellow, time=2015-06-09 15:09:02.941, clock=0]
Tile [id=null, cell=Cell [x=5, y=0], subject=brown, time=2015-06-09 15:09:02.9, clock=0]
Tile [id=null, cell=Cell [x=0, y=2], subject=yellow, time=2015-06-09 15:09:02.612, clock=0]
Tile [id=null, cell=Cell [x=0, y=1], subject=blue, time=2015-06-09 15:09:02.612, clock=0]
Tile [id=null, cell=Cell [x=1, y=2], subject=blue, time=2015-06-09 15:09:02.629, clock=0]
Tile [id=null, cell=Cell [x=2, y=3], subject=blue, time=2015-06-09 15:09:02.672, clock=0]
Tile [id=null, cell=Cell [x=1, y=5], subject=brown, time=2015-06-09 15:09:02.642, clock=0]
Tile [id=null, cell=Cell [x=0, y=1], subject=yellow, time=2015-06-09 15:09:02.609, clock=0]
Tile [id=null, cell=Cell [x=1, y=2], subject=yellow, time=2015-06-09 15:09:02.695, clock=0]
Tile [id=null, cell=Cell [x=3, y=4], subject=brown, time=2015-06-09 15:09:02.947, clock=0]
Tile [id=null, cell=Cell [x=1, y=1], subject=brown, time=2015-06-09 15:09:02.774, clock=0]
Tile [id=null, cell=Cell [x=0, y=0], subject=brown, time=2015-06-09 15:09:02.607, clock=0]
Tile [id=null, cell=Cell [x=0, y=2], subject=yellow, time=2015-06-09 15:09:02.609, clock=0]
Tile [id=null, cell=Cell [x=1, y=4], subject=blue, time=2015-06-09 15:09:02.891, clock=0]
Tile [id=null, cell=Cell [x=5, y=4], subject=white, time=2015-06-09 15:09:01.685, clock=0]
Tile [id=null, cell=Cell [x=5, y=1], subject=blue, time=2015-06-09 15:09:02.725, clock=0]
Tile [id=null, cell=Cell [x=4, y=2], subject=yellow, time=2015-06-09 15:09:02.797, clock=0]
Tile [id=null, cell=Cell [x=4, y=3], subject=blue, time=2015-06-09 15:09:02.794, clock=0]
Tile [id=null, cell=Cell [x=3, y=1], subject=brown, time=2015-06-09 15:09:02.65, clock=0]
Tile [id=null, cell=Cell [x=3, y=1], subject=blue, time=2015-06-09 15:09:02.66, clock=0]
Tile [id=null, cell=Cell [x=3, y=3], subject=white, time=2015-06-09 15:09:01.579, clock=0]
Tile [id=null, cell=Cell [x=0, y=1], subject=yellow, time=2015-06-09 15:09:02.608, clock=0]
Tile [id=null, cell=Cell [x=4, y=3], subject=white, time=2015-06-09 15:09:02.709, clock=0]
Tile [id=null, cell=Cell [x=4, y=1], subject=yellow, time=2015-06-09 15:09:02.683, clock=0]
Tile [id=null, cell=Cell [x=2, y=3], subject=brown, time=2015-06-09 15:09:02.9, clock=0]
Tile [id=null, cell=Cell [x=2, y=1], subject=brown, time=2015-06-09 15:09:02.647, clock=0]
Tile [id=null, cell=Cell [x=3, y=5], subject=white, time=2015-06-09 15:09:02.715, clock=0]
Tile [id=null, cell=Cell [x=3, y=0], subject=blue, time=2015-06-09 15:09:02.658, clock=0]
Tile [id=null, cell=Cell [x=5, y=5], subject=brown, time=2015-06-09 15:09:01.694, clock=0]
Tile [id=null, cell=Cell [x=4, y=1], subject=blue, time=2015-06-09 15:09:01.573, clock=0]
Tile [id=null, cell=Cell [x=5, y=1], subject=white, time=2015-06-09 15:09:01.677, clock=0]
Tile [id=null, cell=Cell [x=3, y=1], subject=yellow, time=2015-06-09 15:09:02.707, clock=0]
Tile [id=null, cell=Cell [x=0, y=5], subject=white, time=2015-06-09 15:09:02.624, clock=0]
Tile [id=null, cell=Cell [x=5, y=0], subject=yellow, time=2015-06-09 15:09:02.724, clock=0]
Tile [id=null, cell=Cell [x=5, y=2], subject=blue, time=2015-06-09 15:09:01.679, clock=0]
Tile [id=null, cell=Cell [x=3, y=0], subject=yellow, time=2015-06-09 15:09:01.549, clock=0]
Tile [id=null, cell=Cell [x=4, y=4], subject=blue, time=2015-06-09 15:09:02.796, clock=0]
Tile [id=null, cell=Cell [x=1, y=5], subject=brown, time=2015-06-09 15:09:02.634, clock=0]
Tile [id=null, cell=Cell [x=1, y=3], subject=blue, time=2015-06-09 15:09:01.538, clock=0]
Tile [id=null, cell=Cell [x=4, y=1], subject=brown, time=2015-06-09 15:09:01.655, clock=0]
Tile [id=null, cell=Cell [x=1, y=0], subject=white, time=2015-06-09 15:09:02.643, clock=0]
Tile [id=null, cell=Cell [x=4, y=3], subject=blue, time=2015-06-09 15:09:02.719, clock=0]
Tile [id=null, cell=Cell [x=2, y=5], subject=brown, time=2015-06-09 15:09:01.563, clock=0]
Tile [id=null, cell=Cell [x=3, y=0], subject=blue, time=2015-06-09 15:09:02.706, clock=0]
Tile [id=null, cell=Cell [x=2, y=3], subject=blue, time=2015-06-09 15:09:01.558, clock=0]
Tile [id=null, cell=Cell [x=5, y=5], subject=white, time=2015-06-09 15:09:02.914, clock=0]
Tile [id=null, cell=Cell [x=4, y=4], subject=blue, time=2015-06-09 15:09:02.711, clock=0]
Tile [id=null, cell=Cell [x=1, y=4], subject=yellow, time=2015-06-09 15:09:01.505, clock=0]
Tile [id=null, cell=Cell [x=0, y=5], subject=yellow, time=2015-06-09 15:09:01.474, clock=0]
Tile [id=null, cell=Cell [x=0, y=2], subject=blue, time=2015-06-09 15:09:01.458, clock=0]
Tile [id=null, cell=Cell [x=2, y=5], subject=white, time=2015-06-09 15:09:02.704, clock=0]
Tile [id=null, cell=Cell [x=3, y=2], subject=blue, time=2015-06-09 15:09:02.71, clock=0]
Tile [id=null, cell=Cell [x=2, y=1], subject=blue, time=2015-06-09 15:09:02.664, clock=0]
Tile [id=null, cell=Cell [x=3, y=3], subject=brown, time=2015-06-09 15:09:02.654, clock=0]
Tile [id=null, cell=Cell [x=5, y=3], subject=brown, time=2015-06-09 15:09:02.909, clock=0]
Tile [id=null, cell=Cell [x=5, y=4], subject=yellow, time=2015-06-09 15:09:02.737, clock=0]
Tile [id=null, cell=Cell [x=0, y=0], subject=yellow, time=2015-06-09 15:09:01.405, clock=0]
Tile [id=null, cell=Cell [x=3, y=5], subject=white, time=2015-06-09 15:09:02.666, clock=0]
Tile [id=null, cell=Cell [x=2, y=5], subject=brown, time=2015-06-09 15:09:02.655, clock=0]
Tile [id=null, cell=Cell [x=0, y=4], subject=white, time=2015-06-09 15:09:02.698, clock=0]
Tile [id=null, cell=Cell [x=1, y=5], subject=yellow, time=2015-06-09 15:09:02.699, clock=0]
Tile [id=null, cell=Cell [x=2, y=0], subject=blue, time=2015-06-09 15:09:02.644, clock=0]
Tile [id=null, cell=Cell [x=0, y=2], subject=blue, time=2015-06-09 15:09:02.615, clock=0]
Tile [id=null, cell=Cell [x=2, y=5], subject=brown, time=2015-06-09 15:09:02.912, clock=0]
Tile [id=null, cell=Cell [x=4, y=5], subject=brown, time=2015-06-09 15:09:02.722, clock=0]
Tile [id=null, cell=Cell [x=3, y=4], subject=yellow, time=2015-06-09 15:09:02.669, clock=0]
Tile [id=null, cell=Cell [x=2, y=2], subject=blue, time=2015-06-09 15:09:02.649, clock=0]
Tile [id=null, cell=Cell [x=2, y=1], subject=blue, time=2015-06-09 15:09:01.552, clock=0]
Tile [id=null, cell=Cell [x=0, y=0], subject=white, time=2015-06-09 15:09:02.609, clock=0]
Tile [id=null, cell=Cell [x=1, y=3], subject=blue, time=2015-06-09 15:09:02.631, clock=0]
Tile [id=null, cell=Cell [x=3, y=1], subject=blue, time=2015-06-09 15:09:02.661, clock=0]
Tile [id=null, cell=Cell [x=2, y=5], subject=blue, time=2015-06-09 15:09:02.645, clock=0]
Tile [id=null, cell=Cell [x=3, y=3], subject=blue, time=2015-06-09 15:09:02.936, clock=0]
Tile [id=null, cell=Cell [x=3, y=4], subject=yellow, time=2015-06-09 15:09:02.663, clock=0]
Tile [id=null, cell=Cell [x=1, y=1], subject=yellow, time=2015-06-09 15:09:02.644, clock=0]
Tile [id=null, cell=Cell [x=1, y=1], subject=white, time=2015-06-09 15:09:02.635, clock=0]
Tile [id=null, cell=Cell [x=0, y=3], subject=yellow, time=2015-06-09 15:09:02.685, clock=0]
Tile [id=null, cell=Cell [x=2, y=0], subject=yellow, time=2015-06-09 15:09:02.637, clock=0]
Tile [id=null, cell=Cell [x=2, y=0], subject=blue, time=2015-06-09 15:09:02.645, clock=0]
Tile [id=null, cell=Cell [x=3, y=0], subject=brown, time=2015-06-09 15:09:02.658, clock=0]
Tile [id=null, cell=Cell [x=2, y=3], subject=white, time=2015-06-09 15:09:02.653, clock=0]
Tile [id=null, cell=Cell [x=1, y=4], subject=blue, time=2015-06-09 15:09:02.641, clock=0]
Tile [id=null, cell=Cell [x=1, y=1], subject=yellow, time=2015-06-09 15:09:02.627, clock=0]
Tile [id=null, cell=Cell [x=4, y=0], subject=brown, time=2015-06-09 15:09:01.566, clock=0]
Tile [id=null, cell=Cell [x=3, y=5], subject=brown, time=2015-06-09 15:09:01.649, clock=0]
Tile [id=null, cell=Cell [x=1, y=1], subject=yellow, time=2015-06-09 15:09:02.629, clock=0]
Tile [id=null, cell=Cell [x=2, y=4], subject=brown, time=2015-06-09 15:09:02.644, clock=0]
Tile [id=null, cell=Cell [x=1, y=4], subject=yellow, time=2015-06-09 15:09:02.698, clock=0]
Tile [id=null, cell=Cell [x=5, y=0], subject=brown, time=2015-06-09 15:09:01.673, clock=0]
Tile [id=null, cell=Cell [x=4, y=1], subject=blue, time=2015-06-09 15:09:02.67, clock=0]
Tile [id=null, cell=Cell [x=3, y=2], subject=yellow, time=2015-06-09 15:09:02.653, clock=0]
Tile [id=null, cell=Cell [x=3, y=4], subject=white, time=2015-06-09 15:09:01.588, clock=0]
Tile [id=null, cell=Cell [x=2, y=0], subject=white, time=2015-06-09 15:09:02.894, clock=0]
Tile [id=null, cell=Cell [x=4, y=2], subject=blue, time=2015-06-09 15:09:01.575, clock=0]
Tile [id=null, cell=Cell [x=3, y=5], subject=blue, time=2015-06-09 15:09:02.671, clock=0]
Tile [id=null, cell=Cell [x=2, y=1], subject=white, time=2015-06-09 15:09:01.536, clock=0]
Tile [id=null, cell=Cell [x=1, y=3], subject=white, time=2015-06-09 15:09:02.889, clock=0]
Tile [id=null, cell=Cell [x=1, y=5], subject=blue, time=2015-06-09 15:09:01.511, clock=0]
Tile [id=null, cell=Cell [x=4, y=0], subject=blue, time=2015-06-09 15:09:02.794, clock=0]
Tile [id=null, cell=Cell [x=0, y=3], subject=white, time=2015-06-09 15:09:01.465, clock=0]
Tile [id=null, cell=Cell [x=1, y=1], subject=brown, time=2015-06-09 15:09:01.516, clock=0]
Tile [id=null, cell=Cell [x=5, y=3], subject=yellow, time=2015-06-09 15:09:02.728, clock=0]
Tile [id=null, cell=Cell [x=3, y=0], subject=white, time=2015-06-09 15:09:01.565, clock=0]
Tile [id=null, cell=Cell [x=4, y=5], subject=brown, time=2015-06-09 15:09:01.668, clock=0]
Tile [id=null, cell=Cell [x=3, y=0], subject=blue, time=2015-06-09 15:09:02.647, clock=0]
Tile [id=null, cell=Cell [x=2, y=4], subject=brown, time=2015-06-09 15:09:01.561, clock=0]
Tile [id=null, cell=Cell [x=3, y=3], subject=brown, time=2015-06-09 15:09:02.665, clock=0]
Tile [id=null, cell=Cell [x=3, y=2], subject=blue, time=2015-06-09 15:09:02.669, clock=0]
Tile [id=null, cell=Cell [x=1, y=2], subject=brown, time=2015-06-09 15:09:02.797, clock=0]
Tile [id=null, cell=Cell [x=5, y=4], subject=blue, time=2015-06-09 15:09:02.72, clock=0]
Tile [id=null, cell=Cell [x=5, y=1], subject=white, time=2015-06-09 15:09:02.716, clock=0]
Tile [id=null, cell=Cell [x=0, y=3], subject=white, time=2015-06-09 15:09:01.499, clock=0]
Tile [id=null, cell=Cell [x=1, y=1], subject=yellow, time=2015-06-09 15:09:02.693, clock=0]
Tile [id=null, cell=Cell [x=0, y=4], subject=white, time=2015-06-09 15:09:01.47, clock=0]
Tile [id=null, cell=Cell [x=2, y=0], subject=blue, time=2015-06-09 15:09:02.662, clock=0]
Tile [id=null, cell=Cell [x=0, y=5], subject=yellow, time=2015-06-09 15:09:02.621, clock=0]
Tile [id=null, cell=Cell [x=1, y=4], subject=yellow, time=2015-06-09 15:09:01.542, clock=0]
Tile [id=null, cell=Cell [x=2, y=2], subject=white, time=2015-06-09 15:09:02.898, clock=0]
Tile [id=null, cell=Cell [x=4, y=0], subject=blue, time=2015-06-09 15:09:02.669, clock=0]
Tile [id=null, cell=Cell [x=1, y=0], subject=brown, time=2015-06-09 15:09:02.692, clock=0]
Tile [id=null, cell=Cell [x=0, y=4], subject=white, time=2015-06-09 15:09:02.62, clock=0]
Tile [id=null, cell=Cell [x=0, y=1], subject=brown, time=2015-06-09 15:09:02.606, clock=0]
Tile [id=null, cell=Cell [x=2, y=3], subject=blue, time=2015-06-09 15:09:02.65, clock=0]
Tile [id=null, cell=Cell [x=1, y=2], subject=brown, time=2015-06-09 15:09:02.645, clock=0]
Tile [id=null, cell=Cell [x=0, y=3], subject=yellow, time=2015-06-09 15:09:02.616, clock=0]
Tile [id=null, cell=Cell [x=4, y=0], subject=blue, time=2015-06-09 15:09:01.652, clock=0]
Tile [id=null, cell=Cell [x=3, y=4], subject=blue, time=2015-06-09 15:09:02.714, clock=0]
Tile [id=null, cell=Cell [x=2, y=5], subject=yellow, time=2015-06-09 15:09:02.655, clock=0]
Tile [id=null, cell=Cell [x=3, y=3], subject=brown, time=2015-06-09 15:09:02.67, clock=0]
Tile [id=null, cell=Cell [x=0, y=4], subject=blue, time=2015-06-09 15:09:02.638, clock=0]
Tile [id=null, cell=Cell [x=0, y=0], subject=yellow, time=2015-06-09 15:09:02.604, clock=0]
Tile [id=null, cell=Cell [x=1, y=5], subject=white, time=2015-06-09 15:09:01.544, clock=0]
Tile [id=null, cell=Cell [x=0, y=5], subject=white, time=2015-06-09 15:09:01.505, clock=0]
Tile [id=null, cell=Cell [x=2, y=4], subject=white, time=2015-06-09 15:09:02.681, clock=0]
Tile [id=null, cell=Cell [x=5, y=1], subject=blue, time=2015-06-09 15:09:01.677, clock=0]
Tile [id=null, cell=Cell [x=1, y=4], subject=brown, time=2015-06-09 15:09:02.656, clock=0]
Tile [id=null, cell=Cell [x=0, y=5], subject=brown, time=2015-06-09 15:09:02.641, clock=0]
Tile [id=null, cell=Cell [x=1, y=3], subject=white, time=2015-06-09 15:09:02.654, clock=0]
Tile [id=null, cell=Cell [x=1, y=0], subject=yellow, time=2015-06-09 15:09:02.624, clock=0]
Tile [id=null, cell=Cell [x=0, y=0], subject=white, time=2015-06-09 15:09:02.603, clock=0]
Tile [id=null, cell=Cell [x=0, y=4], subject=blue, time=2015-06-09 15:09:02.62, clock=0]
Tile [id=null, cell=Cell [x=5, y=4], subject=blue, time=2015-06-09 15:09:01.691, clock=0]
Tile [id=null, cell=Cell [x=3, y=3], subject=white, time=2015-06-09 15:09:01.558, clock=0]
Tile [id=null, cell=Cell [x=2, y=0], subject=brown, time=2015-06-09 15:09:01.549, clock=0]
Tile [id=null, cell=Cell [x=1, y=2], subject=yellow, time=2015-06-09 15:09:01.5, clock=0]
Tile [id=null, cell=Cell [x=0, y=2], subject=yellow, time=2015-06-09 15:09:01.474, clock=0]
Tile [id=null, cell=Cell [x=5, y=3], subject=brown, time=2015-06-09 15:09:01.685, clock=0]
Tile [id=null, cell=Cell [x=0, y=3], subject=brown, time=2015-06-09 15:09:02.619, clock=0]
Tile [id=null, cell=Cell [x=3, y=5], subject=blue, time=2015-06-09 15:09:01.563, clock=0]
Tile [id=null, cell=Cell [x=4, y=3], subject=yellow, time=2015-06-09 15:09:01.662, clock=0]
Tile [id=null, cell=Cell [x=3, y=2], subject=blue, time=2015-06-09 15:09:01.575, clock=0]
Tile [id=null, cell=Cell [x=2, y=4], subject=yellow, time=2015-06-09 15:09:01.544, clock=0]
Tile [id=null, cell=Cell [x=1, y=2], subject=brown, time=2015-06-09 15:09:02.637, clock=0]
Tile [id=null, cell=Cell [x=2, y=1], subject=yellow, time=2015-06-09 15:09:02.645, clock=0]
Tile [id=null, cell=Cell [x=0, y=1], subject=blue, time=2015-06-09 15:09:01.456, clock=0]
Tile [id=null, cell=Cell [x=1, y=3], subject=brown, time=2015-06-09 15:09:01.503, clock=0]
Tile [id=null, cell=Cell [x=0, y=1], subject=yellow, time=2015-06-09 15:09:02.693, clock=0]
Tile [id=null, cell=Cell [x=0, y=3], subject=brown, time=2015-06-09 15:09:02.616, clock=0]
Tile [id=null, cell=Cell [x=2, y=2], subject=white, time=2015-06-09 15:09:01.554, clock=0]
Tile [id=null, cell=Cell [x=0, y=1], subject=brown, time=2015-06-09 15:09:01.461, clock=0]
Tile [id=null, cell=Cell [x=1, y=1], subject=brown, time=2015-06-09 15:09:02.794, clock=0]
Tile [id=null, cell=Cell [x=1, y=2], subject=blue, time=2015-06-09 15:09:01.536, clock=0]
Tile [id=null, cell=Cell [x=0, y=5], subject=brown, time=2015-06-09 15:09:02.624, clock=0]
Tile [id=null, cell=Cell [x=4, y=1], subject=white, time=2015-06-09 15:09:02.773, clock=0]
Tile [id=null, cell=Cell [x=5, y=3], subject=brown, time=2015-06-09 15:09:02.719, clock=0]
Tile [id=null, cell=Cell [x=2, y=4], subject=blue, time=2015-06-09 15:09:02.654, clock=0]
Tile [id=null, cell=Cell [x=0, y=2], subject=yellow, time=2015-06-09 15:09:02.695, clock=0]
Tile [id=null, cell=Cell [x=2, y=1], subject=blue, time=2015-06-09 15:09:02.639, clock=0]
Tile [id=null, cell=Cell [x=1, y=0], subject=brown, time=2015-06-09 15:09:02.627, clock=0]
Tile [id=null, cell=Cell [x=4, y=2], subject=yellow, time=2015-06-09 15:09:01.659, clock=0]
Tile [id=null, cell=Cell [x=1, y=3], subject=brown, time=2015-06-09 15:09:02.639, clock=0]
Tile [id=null, cell=Cell [x=1, y=0], subject=white, time=2015-06-09 15:09:02.634, clock=0]
Tile [id=null, cell=Cell [x=3, y=2], subject=blue, time=2015-06-09 15:09:02.664, clock=0]
Tile [id=null, cell=Cell [x=1, y=3], subject=blue, time=2015-06-09 15:09:02.632, clock=0]
Tile [id=null, cell=Cell [x=0, y=4], subject=white, time=2015-06-09 15:09:02.617, clock=0]
Tile [id=null, cell=Cell [x=1, y=2], subject=yellow, time=2015-06-09 15:09:02.631, clock=0]
Tile [id=null, cell=Cell [x=0, y=2], subject=blue, time=2015-06-09 15:09:02.612, clock=0]
Tile [id=null, cell=Cell [x=0, y=2], subject=blue, time=2015-06-09 15:09:02.613, clock=0]
Tile [id=null, cell=Cell [x=4, y=3], subject=blue, time=2015-06-09 15:09:01.579, clock=0]
Tile [id=null, cell=Cell [x=0, y=2], subject=brown, time=2015-06-09 15:09:02.61, clock=0]
Tile [id=null, cell=Cell [x=0, y=1], subject=white, time=2015-06-09 15:09:02.606, clock=0]
Tile [id=null, cell=Cell [x=0, y=3], subject=blue, time=2015-06-09 15:09:02.617, clock=0]
Tile [id=null, cell=Cell [x=5, y=2], subject=white, time=2015-06-09 15:09:01.681, clock=0]
Tile [id=null, cell=Cell [x=0, y=1], subject=white, time=2015-06-09 15:09:02.608, clock=0]
Tile [id=null, cell=Cell [x=2, y=0], subject=brown, time=2015-06-09 15:09:01.516, clock=0]
Tile [id=null, cell=Cell [x=0, y=0], subject=yellow, time=2015-06-09 15:09:02.605, clock=0]
Tile [id=null, cell=Cell [x=0, y=0], subject=brown, time=2015-06-09 15:09:02.603, clock=0]
Tile [id=null, cell=Cell [x=5, y=3], subject=blue, time=2015-06-09 15:09:01.681, clock=0]
Tile [id=null, cell=Cell [x=4, y=5], subject=yellow, time=2015-06-09 15:09:01.669, clock=0]
Tile [id=null, cell=Cell [x=5, y=0], subject=blue, time=2015-06-09 15:09:01.673, clock=0]
Tile [id=null, cell=Cell [x=0, y=0], subject=white, time=2015-06-09 15:09:02.605, clock=0]
Tile [id=null, cell=Cell [x=0, y=0], subject=white, time=2015-06-09 15:09:01.386, clock=0]
Tile [id=null, cell=Cell [x=4, y=4], subject=brown, time=2015-06-09 15:09:01.655, clock=0]
Tile [id=null, cell=Cell [x=4, y=4], subject=white, time=2015-06-09 15:09:01.665, clock=0]
Tile [id=null, cell=Cell [x=3, y=1], subject=brown, time=2015-06-09 15:09:01.573, clock=0]
Tile [id=null, cell=Cell [x=3, y=4], subject=blue, time=2015-06-09 15:09:01.561, clock=0]
Tile [id=null, cell=Cell [x=3, y=2], subject=brown, time=2015-06-09 15:09:01.554, clock=0]
Tile [id=null, cell=Cell [x=0, y=4], subject=brown, time=2015-06-09 15:09:01.503, clock=0]
Tile [id=null, cell=Cell [x=3, y=1], subject=blue, time=2015-06-09 15:09:01.552, clock=0]
Tile [id=null, cell=Cell [x=2, y=3], subject=white, time=2015-06-09 15:09:01.541, clock=0]
Tile [id=null, cell=Cell [x=1, y=0], subject=blue, time=2015-06-09 15:09:01.508, clock=0]
Tile [id=null, cell=Cell [x=1, y=1], subject=white, time=2015-06-09 15:09:01.48, clock=0]
Tile [id=null, cell=Cell [x=1, y=0], subject=blue, time=2015-06-09 15:09:01.479, clock=0]
Tile [id=null, cell=Cell [x=2, y=5], subject=brown, time=2015-06-09 15:09:01.547, clock=0]
Tile [id=null, cell=Cell [x=2, y=2], subject=yellow, time=2015-06-09 15:09:01.538, clock=0]
Tile [id=null, cell=Cell [x=2, y=3], subject=blue, time=2015-06-09 15:09:02.643, clock=0]
Tile [id=null, cell=Cell [x=0, y=4], subject=white, time=2015-06-09 15:09:02.619, clock=0]
Tile [id=null, cell=Cell [x=5, y=5], subject=white, time=2015-06-09 15:09:01.691, clock=0]
-------------------------last log tuples end----------------------------------
[CTAH] started agent 10
[CTAH] Added a new agent to the game by the name of 10.
[ENV] added agent a10
[CTAH] started agent 30
[CTAH] Added a new agent to the game by the name of 30.
[ENV] added agent a30
#########################Game started
#########################Game started
setPhases in ClientGameStatus, the current phase is 
setPhases in ClientGameStatus, the current phase is Setup Phase
setPhases in ClientGameStatus, the current phase is 
setPhases in ClientGameStatus, the current phase is Setup Phase
#########################Game Initialized
AGENT Thread-10: current phase name: Setup Phase
we have 0 goals
we have GoalWeight: 100  DistWeight: -10  ChipWeight: 5  CommWeight: 0 scoring
#########################Game Initialized
AGENT Thread-12: current phase name: Setup Phase
we have 0 goals
we have GoalWeight: 100  DistWeight: -10  ChipWeight: 5  CommWeight: 0 scoring
Event processed @ctenv(functionToList(message(game_initialized)),LIST,0); if B(LIST=[actionresult([TYPE,ID,RESPONSE])]) then if B(TYPE=response) then ReceivedResponse(RESPONSE, ID) else if B(LIST=[actionresult([TYPE])]) then ReceivedEvent(TYPE) else if B(LIST=[actionresult([TYPE,AGENT,ID,RESPONSE])]) then if B(TYPE=proposal) then ReceivedProposal(AGENT, ID, RESPONSE)
Event processed @ctenv(functionToList(message(game_initialized)),LIST,0); if B(LIST=[actionresult([TYPE,ID,RESPONSE])]) then if B(TYPE=response) then ReceivedResponse(RESPONSE, ID) else if B(LIST=[actionresult([TYPE])]) then ReceivedEvent(TYPE) else if B(LIST=[actionresult([TYPE,AGENT,ID,RESPONSE])]) then if B(TYPE=proposal) then ReceivedProposal(AGENT, ID, RESPONSE)
[CTAH] Array of Terms: [Lapapl.data.Term;@14f4189a
[CTAH] The created APLList : [game_initialized]
[CTAH] Array of Terms: [Lapapl.data.Term;@7ecf2fc9
[CTAH] The created APLList : [game_initialized]
[CTAH] Agentposition: [2,1]
[CTAH] Agentposition: [5,5]
setPhases in ClientGameStatus, the current phase is Norm Phase
setPhases in ClientGameStatus, the current phase is Norm Phase
org notification: Tile [id=null, cell=Cell [x=0, y=0], subject=blue, time=2015-06-09 15:09:58.363, clock=0]
object notification: Tile [id=null, cell=Cell [x=0, y=0], subject=blue, time=2015-06-09 15:09:58.363, clock=0]
object notification: Tile [id=null, cell=Cell [x=0, y=0], subject=blue, time=2015-06-09 15:09:58.363, clock=0]
org notification: Tile [id=null, cell=Cell [x=0, y=1], subject=brown, time=2015-06-09 15:09:58.39, clock=0]
object notification: Tile [id=null, cell=Cell [x=0, y=1], subject=brown, time=2015-06-09 15:09:58.39, clock=0]
object notification: Tile [id=null, cell=Cell [x=0, y=1], subject=brown, time=2015-06-09 15:09:58.39, clock=0]
org notification: Tile [id=null, cell=Cell [x=0, y=2], subject=brown, time=2015-06-09 15:09:58.392, clock=0]
org notification: Tile [id=null, cell=Cell [x=0, y=3], subject=brown, time=2015-06-09 15:09:58.393, clock=0]
object notification: Tile [id=null, cell=Cell [x=0, y=2], subject=brown, time=2015-06-09 15:09:58.392, clock=0]
object notification: Tile [id=null, cell=Cell [x=0, y=2], subject=brown, time=2015-06-09 15:09:58.392, clock=0]
object notification: Tile [id=null, cell=Cell [x=0, y=3], subject=brown, time=2015-06-09 15:09:58.393, clock=0]
object notification: Tile [id=null, cell=Cell [x=0, y=4], subject=brown, time=2015-06-09 15:09:58.394, clock=0]
object notification: Tile [id=null, cell=Cell [x=0, y=5], subject=white, time=2015-06-09 15:09:58.395, clock=0]
object notification: Tile [id=null, cell=Cell [x=1, y=0], subject=blue, time=2015-06-09 15:09:58.396, clock=0]
org notification: Tile [id=null, cell=Cell [x=0, y=4], subject=brown, time=2015-06-09 15:09:58.394, clock=0]
object notification: Tile [id=null, cell=Cell [x=1, y=1], subject=blue, time=2015-06-09 15:09:58.397, clock=0]
object notification: Tile [id=null, cell=Cell [x=1, y=2], subject=white, time=2015-06-09 15:09:58.398, clock=0]
org notification: Goal [id=null, cell=Cell [x=2, y=2], agent=null, time=2015-06-09 15:09:58.441, clock=0]
object notification: Tile [id=null, cell=Cell [x=1, y=3], subject=yellow, time=2015-06-09 15:09:58.399, clock=0]
org notification: Tile [id=null, cell=Cell [x=0, y=5], subject=white, time=2015-06-09 15:09:58.395, clock=0]
org notification: Tile [id=null, cell=Cell [x=1, y=0], subject=blue, time=2015-06-09 15:09:58.396, clock=0]
org notification: Tile [id=null, cell=Cell [x=1, y=1], subject=blue, time=2015-06-09 15:09:58.397, clock=0]
object notification: Tile [id=null, cell=Cell [x=0, y=3], subject=brown, time=2015-06-09 15:09:58.393, clock=0]
org notification: Tile [id=null, cell=Cell [x=1, y=2], subject=white, time=2015-06-09 15:09:58.398, clock=0]
org notification: Tile [id=null, cell=Cell [x=1, y=3], subject=yellow, time=2015-06-09 15:09:58.399, clock=0]
object notification: Tile [id=null, cell=Cell [x=1, y=4], subject=white, time=2015-06-09 15:09:58.4, clock=0]
object notification: Position [subject=a10, id=null, cell=Cell [x=1, y=2], time=2015-06-09 15:09:58.473, clock=0]
object notification: Tile [id=null, cell=Cell [x=0, y=4], subject=brown, time=2015-06-09 15:09:58.394, clock=0]
object notification: Tile [id=null, cell=Cell [x=0, y=5], subject=white, time=2015-06-09 15:09:58.395, clock=0]
object notification: Tile [id=null, cell=Cell [x=1, y=5], subject=brown, time=2015-06-09 15:09:58.401, clock=0]
object notification: Tile [id=null, cell=Cell [x=1, y=0], subject=blue, time=2015-06-09 15:09:58.396, clock=0]
object notification: Tile [id=null, cell=Cell [x=1, y=1], subject=blue, time=2015-06-09 15:09:58.397, clock=0]
object notification: Tile [id=null, cell=Cell [x=2, y=0], subject=brown, time=2015-06-09 15:09:58.402, clock=0]
object notification: Tile [id=null, cell=Cell [x=1, y=2], subject=white, time=2015-06-09 15:09:58.398, clock=0]
org notification: Tile [id=null, cell=Cell [x=1, y=4], subject=white, time=2015-06-09 15:09:58.4, clock=0]
object notification: Tile [id=null, cell=Cell [x=1, y=3], subject=yellow, time=2015-06-09 15:09:58.399, clock=0]
object notification: Tile [id=null, cell=Cell [x=2, y=1], subject=blue, time=2015-06-09 15:09:58.403, clock=0]
org notification: Tile [id=null, cell=Cell [x=1, y=5], subject=brown, time=2015-06-09 15:09:58.401, clock=0]
object notification: Tile [id=null, cell=Cell [x=1, y=4], subject=white, time=2015-06-09 15:09:58.4, clock=0]
object notification: Tile [id=null, cell=Cell [x=2, y=2], subject=blue, time=2015-06-09 15:09:58.404, clock=0]
object notification: Tile [id=null, cell=Cell [x=1, y=5], subject=brown, time=2015-06-09 15:09:58.401, clock=0]
org notification: Tile [id=null, cell=Cell [x=2, y=0], subject=brown, time=2015-06-09 15:09:58.402, clock=0]
object notification: Tile [id=null, cell=Cell [x=2, y=3], subject=yellow, time=2015-06-09 15:09:58.405, clock=0]
Event processed UpdateTile(blue, 0, 0)
org notification: Tile [id=null, cell=Cell [x=2, y=1], subject=blue, time=2015-06-09 15:09:58.403, clock=0]
object notification: Position [subject=a30, id=null, cell=Cell [x=5, y=5], time=2015-06-09 15:09:58.692, clock=0]
object notification: Tile [id=null, cell=Cell [x=2, y=4], subject=white, time=2015-06-09 15:09:58.406, clock=0]
Event processed UpdateTile(brown, 0, 1)
org notification: Tile [id=null, cell=Cell [x=2, y=2], subject=blue, time=2015-06-09 15:09:58.404, clock=0]
Event processed UpdateTile(brown, 0, 2)
Event processed UpdateTile(brown, 0, 3)
object notification: Tile [id=null, cell=Cell [x=2, y=5], subject=yellow, time=2015-06-09 15:09:58.407, clock=0]
org notification: Tile [id=null, cell=Cell [x=2, y=3], subject=yellow, time=2015-06-09 15:09:58.405, clock=0]
org notification: Position [subject=a10, id=null, cell=Cell [x=1, y=2], time=2015-06-09 15:09:58.473, clock=0]
Event processed UpdatePosition(1, 2, 0)
org notification: Group [name=g, ra=a10, type=ra, clock=0, time=2015-06-09 15:10:08.359]
Event processed UpdateTile(brown, 0, 4)
object notification: Tile [id=null, cell=Cell [x=3, y=0], subject=blue, time=2015-06-09 15:09:58.408, clock=0]
Event processed UpdateTile(white, 0, 5)
Event processed UpdateTile(blue, 1, 0)
Event processed UpdateTile(blue, 1, 1)
Event processed UpdateTile(white, 1, 2)
org notification: Tile [id=null, cell=Cell [x=2, y=4], subject=white, time=2015-06-09 15:09:58.406, clock=0]
org notification: Position [subject=a20, id=null, cell=Cell [x=5, y=0], time=2015-06-09 15:09:58.566, clock=0]
object notification: Tile [id=null, cell=Cell [x=2, y=0], subject=brown, time=2015-06-09 15:09:58.402, clock=0]
object notification: Tile [id=null, cell=Cell [x=3, y=1], subject=blue, time=2015-06-09 15:09:58.409, clock=0]
org notification: Position [subject=a30, id=null, cell=Cell [x=5, y=5], time=2015-06-09 15:09:58.692, clock=0]
Event processed UpdateTile(yellow, 1, 3)
object notification: Tile [id=null, cell=Cell [x=3, y=2], subject=yellow, time=2015-06-09 15:09:58.41, clock=0]
Event processed UpdateTile(white, 1, 4)
object notification: Tile [id=null, cell=Cell [x=3, y=3], subject=blue, time=2015-06-09 15:09:58.411, clock=0]
object notification: Tile [id=null, cell=Cell [x=2, y=1], subject=blue, time=2015-06-09 15:09:58.403, clock=0]
object notification: Tile [id=null, cell=Cell [x=3, y=4], subject=yellow, time=2015-06-09 15:09:58.412, clock=0]
org notification: Tile [id=null, cell=Cell [x=2, y=5], subject=yellow, time=2015-06-09 15:09:58.407, clock=0]
Event processed UpdateTile(brown, 1, 5)
org notification: Position [subject=a40, id=null, cell=Cell [x=4, y=5], time=2015-06-09 15:09:58.728, clock=0]
object notification: Tile [id=null, cell=Cell [x=2, y=2], subject=blue, time=2015-06-09 15:09:58.404, clock=0]
object notification: Tile [id=null, cell=Cell [x=3, y=5], subject=white, time=2015-06-09 15:09:58.413, clock=0]
Event processed UpdateTile(brown, 2, 0)
object notification: Tile [id=null, cell=Cell [x=2, y=3], subject=yellow, time=2015-06-09 15:09:58.405, clock=0]
object notification: Tile [id=null, cell=Cell [x=4, y=0], subject=brown, time=2015-06-09 15:09:58.414, clock=0]
object notification: Tile [id=null, cell=Cell [x=2, y=4], subject=white, time=2015-06-09 15:09:58.406, clock=0]
object notification: Tile [id=null, cell=Cell [x=4, y=1], subject=yellow, time=2015-06-09 15:09:58.415, clock=0]
object notification: Tile [id=null, cell=Cell [x=2, y=5], subject=yellow, time=2015-06-09 15:09:58.407, clock=0]
object notification: Tile [id=null, cell=Cell [x=4, y=2], subject=white, time=2015-06-09 15:09:58.416, clock=0]
object notification: Tile [id=null, cell=Cell [x=3, y=0], subject=blue, time=2015-06-09 15:09:58.408, clock=0]
Event processed UpdateTile(blue, 2, 1)
object notification: Tile [id=null, cell=Cell [x=4, y=3], subject=white, time=2015-06-09 15:09:58.417, clock=0]
object notification: Tile [id=null, cell=Cell [x=3, y=1], subject=blue, time=2015-06-09 15:09:58.409, clock=0]
object notification: Tile [id=null, cell=Cell [x=4, y=4], subject=brown, time=2015-06-09 15:09:58.418, clock=0]
Event processed UpdateTile(blue, 2, 2)
Event processed UpdateTile(yellow, 2, 3)
org notification: Tile [id=null, cell=Cell [x=3, y=0], subject=blue, time=2015-06-09 15:09:58.408, clock=0]
Event processed UpdateTile(white, 2, 4)
Event processed UpdateTile(yellow, 2, 5)
object notification: Tile [id=null, cell=Cell [x=3, y=2], subject=yellow, time=2015-06-09 15:09:58.41, clock=0]
object notification: Tile [id=null, cell=Cell [x=4, y=5], subject=white, time=2015-06-09 15:09:58.418, clock=0]
org notification: Tile [id=null, cell=Cell [x=3, y=1], subject=blue, time=2015-06-09 15:09:58.409, clock=0]
Event processed UpdateTile(blue, 3, 0)
Event processed UpdateTile(blue, 3, 1)
object notification: Tile [id=null, cell=Cell [x=3, y=3], subject=blue, time=2015-06-09 15:09:58.411, clock=0]
object notification: Tile [id=null, cell=Cell [x=5, y=0], subject=blue, time=2015-06-09 15:09:58.419, clock=0]
object notification: Tile [id=null, cell=Cell [x=3, y=4], subject=yellow, time=2015-06-09 15:09:58.412, clock=0]
object notification: Tile [id=null, cell=Cell [x=5, y=1], subject=brown, time=2015-06-09 15:09:58.42, clock=0]
object notification: Tile [id=null, cell=Cell [x=3, y=5], subject=white, time=2015-06-09 15:09:58.413, clock=0]
object notification: Tile [id=null, cell=Cell [x=5, y=2], subject=blue, time=2015-06-09 15:09:58.421, clock=0]
object notification: Tile [id=null, cell=Cell [x=4, y=0], subject=brown, time=2015-06-09 15:09:58.414, clock=0]
object notification: Tile [id=null, cell=Cell [x=5, y=3], subject=blue, time=2015-06-09 15:09:58.422, clock=0]
object notification: Tile [id=null, cell=Cell [x=4, y=1], subject=yellow, time=2015-06-09 15:09:58.415, clock=0]
object notification: Tile [id=null, cell=Cell [x=5, y=4], subject=brown, time=2015-06-09 15:09:58.423, clock=0]
object notification: Tile [id=null, cell=Cell [x=4, y=2], subject=white, time=2015-06-09 15:09:58.416, clock=0]
Event processed UpdateTile(yellow, 3, 2)
object notification: Tile [id=null, cell=Cell [x=5, y=5], subject=blue, time=2015-06-09 15:09:58.424, clock=0]
object notification: Tile [id=null, cell=Cell [x=4, y=3], subject=white, time=2015-06-09 15:09:58.417, clock=0]
object notification: Tile [id=null, cell=Cell [x=4, y=4], subject=brown, time=2015-06-09 15:09:58.418, clock=0]
object notification: Tile [id=null, cell=Cell [x=4, y=5], subject=white, time=2015-06-09 15:09:58.418, clock=0]
object notification: Tile [id=null, cell=Cell [x=5, y=0], subject=blue, time=2015-06-09 15:09:58.419, clock=0]
object notification: Tile [id=null, cell=Cell [x=5, y=1], subject=brown, time=2015-06-09 15:09:58.42, clock=0]
object notification: Tile [id=null, cell=Cell [x=5, y=2], subject=blue, time=2015-06-09 15:09:58.421, clock=0]
Event processed UpdateTile(blue, 3, 3)
object notification: Tile [id=null, cell=Cell [x=5, y=3], subject=blue, time=2015-06-09 15:09:58.422, clock=0]
object notification: Tile [id=null, cell=Cell [x=5, y=4], subject=brown, time=2015-06-09 15:09:58.423, clock=0]
object notification: Tile [id=null, cell=Cell [x=5, y=5], subject=blue, time=2015-06-09 15:09:58.424, clock=0]
Event processed UpdateTile(yellow, 3, 4)
Event processed UpdateTile(white, 3, 5)
Event processed UpdateTile(brown, 4, 0)
Event processed UpdateTile(yellow, 4, 1)
Event processed UpdateTile(white, 4, 2)
org notification: Tile [id=null, cell=Cell [x=3, y=2], subject=yellow, time=2015-06-09 15:09:58.41, clock=0]
Event processed UpdateTile(white, 4, 3)
Event processed UpdateTile(brown, 4, 4)
Event processed UpdateTile(white, 4, 5)
Event processed UpdateTile(blue, 5, 0)
Event processed UpdateTile(brown, 5, 1)
Event processed UpdateTile(blue, 5, 2)
Event processed UpdateTile(blue, 0, 0)
Event processed UpdateTile(brown, 0, 1)
Event processed UpdateTile(brown, 0, 2)
Event processed UpdateTile(brown, 0, 3)
Event processed UpdateTile(brown, 0, 4)
Event processed UpdateTile(white, 0, 5)
Event processed UpdateTile(blue, 5, 3)
Event processed UpdateTile(blue, 1, 0)
Event processed UpdateTile(blue, 1, 1)
Event processed UpdateTile(brown, 5, 4)
Event processed UpdateTile(white, 1, 2)
Event processed UpdateTile(blue, 5, 5)
Event processed UpdateTile(yellow, 1, 3)
Event processed UpdateTile(white, 1, 4)
Event processed UpdateTile(brown, 1, 5)
Event processed UpdateTile(brown, 2, 0)
Event processed UpdateTile(blue, 2, 1)
org notification: Tile [id=null, cell=Cell [x=3, y=3], subject=blue, time=2015-06-09 15:09:58.411, clock=0]
Event processed UpdateTile(blue, 2, 2)
Event processed UpdateTile(yellow, 2, 3)
Event processed UpdatePosition(5, 5, 0)
Event processed UpdateTile(white, 2, 4)
Event processed UpdateTile(yellow, 2, 5)
Event processed UpdateTile(blue, 3, 0)
Event processed UpdateTile(blue, 3, 1)
Event processed UpdateTile(yellow, 3, 2)
org notification: Tile [id=null, cell=Cell [x=3, y=4], subject=yellow, time=2015-06-09 15:09:58.412, clock=0]
Event processed UpdateTile(blue, 3, 3)
Event processed UpdateTile(yellow, 3, 4)
Event processed UpdateTile(white, 3, 5)
Event processed UpdateTile(brown, 4, 0)
Event processed UpdateTile(yellow, 4, 1)
Event processed UpdateTile(white, 4, 2)
org notification: Tile [id=null, cell=Cell [x=3, y=5], subject=white, time=2015-06-09 15:09:58.413, clock=0]
Event processed UpdateTile(white, 4, 3)
Event processed UpdateTile(brown, 4, 4)
Event processed UpdateTile(white, 4, 5)
Event processed UpdateTile(blue, 5, 0)
Event processed UpdateTile(brown, 5, 1)
Event processed UpdateTile(blue, 5, 2)
org notification: Tile [id=null, cell=Cell [x=4, y=0], subject=brown, time=2015-06-09 15:09:58.414, clock=0]
Event processed UpdateTile(blue, 5, 3)
Event processed UpdateTile(brown, 5, 4)
Event processed UpdateTile(blue, 5, 5)
org notification: Tile [id=null, cell=Cell [x=4, y=1], subject=yellow, time=2015-06-09 15:09:58.415, clock=0]
org notification: Tile [id=null, cell=Cell [x=4, y=2], subject=white, time=2015-06-09 15:09:58.416, clock=0]
org notification: Tile [id=null, cell=Cell [x=4, y=3], subject=white, time=2015-06-09 15:09:58.417, clock=0]
org notification: Tile [id=null, cell=Cell [x=4, y=4], subject=brown, time=2015-06-09 15:09:58.418, clock=0]
org notification: Tile [id=null, cell=Cell [x=4, y=5], subject=white, time=2015-06-09 15:09:58.418, clock=0]
org notification: Tile [id=null, cell=Cell [x=5, y=0], subject=blue, time=2015-06-09 15:09:58.419, clock=0]
org notification: Tile [id=null, cell=Cell [x=5, y=1], subject=brown, time=2015-06-09 15:09:58.42, clock=0]
org notification: Tile [id=null, cell=Cell [x=5, y=2], subject=blue, time=2015-06-09 15:09:58.421, clock=0]
org notification: Tile [id=null, cell=Cell [x=5, y=3], subject=blue, time=2015-06-09 15:09:58.422, clock=0]
org notification: Tile [id=null, cell=Cell [x=5, y=4], subject=brown, time=2015-06-09 15:09:58.423, clock=0]
org notification: Tile [id=null, cell=Cell [x=5, y=5], subject=blue, time=2015-06-09 15:09:58.424, clock=0]
object notification: Obligation [subject=a10, obligation=[surround(2, 2)], sanction=[reduce(g, 700)], deadline=20, time=2015-06-09 15:10:08.697, clock=0]
Event processed adoptObligation(surround(2, 2), 20, reduce(g, 700))
obligation to be adopted: surround(2, 2, 700) : 9 Jun 2015 14:26:50 GMT, priority 10
agent writes: SetGoal [id=null, agent=a10, cell=Cell [x=2, y=1], goal=Cell [x=2, y=2], sanction=100, clock=0, time=2015-06-09 15:10:10.97]
agent writes: SetGoal [id=null, agent=a20, cell=Cell [x=1, y=2], goal=Cell [x=2, y=2], sanction=100, clock=0, time=2015-06-09 15:10:11.019]
agent writes: SetGoal [id=null, agent=a30, cell=Cell [x=3, y=2], goal=Cell [x=2, y=2], sanction=100, clock=0, time=2015-06-09 15:10:11.071]
agent writes: SetGoal [id=null, agent=a40, cell=Cell [x=2, y=3], goal=Cell [x=2, y=2], sanction=100, clock=0, time=2015-06-09 15:10:11.123]
object notification: Obligation [subject=a10, obligation=[makeMove(1, 2, a10)], sanction=[reduce(a10, 300)], deadline=15, time=2015-06-09 15:10:08.727, clock=0]
object notification: Obligation [subject=a30, obligation=[makeMove(5, 5, a30)], sanction=[reduce(a30, 300)], deadline=15, time=2015-06-09 15:10:08.732, clock=0]
object notification: Prohibition [subject=a10, prohibition=[moveTooFast(a10)], sanction=[reduce(a10, 300)], clock=0, time=2015-06-09 15:10:08.737]
object notification: Prohibition [subject=a30, prohibition=[moveTooFast(a30)], sanction=[reduce(a30, 300)], clock=0, time=2015-06-09 15:10:08.741]
org notification: SetGoal [id=null, agent=a10, cell=Cell [x=2, y=1], goal=Cell [x=2, y=2], sanction=100, clock=0, time=2015-06-09 15:10:10.97]
object notification: Obligation [subject=a10, obligation=[at(2, 1, a10)], sanction=[reduce(a10, 700)], deadline=16, time=2015-06-09 15:10:12.268, clock=0]
org notification: SetGoal [id=null, agent=a20, cell=Cell [x=1, y=2], goal=Cell [x=2, y=2], sanction=100, clock=0, time=2015-06-09 15:10:11.019]
org notification: SetGoal [id=null, agent=a30, cell=Cell [x=3, y=2], goal=Cell [x=2, y=2], sanction=100, clock=0, time=2015-06-09 15:10:11.071]
object notification: Obligation [subject=a30, obligation=[at(3, 2, a30)], sanction=[reduce(a30, 700)], deadline=16, time=2015-06-09 15:10:12.284, clock=0]
org notification: SetGoal [id=null, agent=a40, cell=Cell [x=2, y=3], goal=Cell [x=2, y=2], sanction=100, clock=0, time=2015-06-09 15:10:11.123]
Event processed adoptObligation(makeMove(1, 2, a10), 15, reduce(a10, 300))
Event processed adoptProhibition(moveTooFast(a10), reduce(a10, 300))
Event processed adoptObligation(at(2, 1, a10), 16, reduce(a10, 700))
Event processed adoptObligation(makeMove(5, 5, a30), 15, reduce(a30, 300))
Event processed adoptProhibition(moveTooFast(a30), reduce(a30, 300))
Event processed adoptObligation(at(3, 2, a30), 16, reduce(a30, 700))
obligation to be adopted: makeMove(1, 2, 300) : 9 Jun 2015 14:26:52 GMT, priority 10
obligation to be adopted: at(2, 1, 700) : 9 Jun 2015 14:26:52 GMT, priority 10
obligation to be adopted: makeMove(5, 5, 300) : 9 Jun 2015 14:26:52 GMT, priority 10
obligation to be adopted: at(3, 2, 700) : 9 Jun 2015 14:26:52 GMT, priority 10
object notification: Time [clock=1, time=2015-06-09 15:10:18.697]
org notification: Time [clock=1, time=2015-06-09 15:10:18.697]
object notification: Time [clock=1, time=2015-06-09 15:10:18.697]
Event processed UpdateClock(1)
Event processed UpdateClock(1)
object notification: Time [clock=2, time=2015-06-09 15:10:28.699]
org notification: Time [clock=2, time=2015-06-09 15:10:28.699]
object notification: Time [clock=2, time=2015-06-09 15:10:28.699]
Event processed UpdateClock(2)
Event processed UpdateClock(2)
object notification: Time [clock=3, time=2015-06-09 15:10:38.702]
object notification: Time [clock=3, time=2015-06-09 15:10:38.702]
org notification: Time [clock=3, time=2015-06-09 15:10:38.702]
Event processed UpdateClock(3)
Event processed UpdateClock(3)
org notification: Time [clock=4, time=2015-06-09 15:10:48.706]
object notification: Time [clock=4, time=2015-06-09 15:10:48.706]
object notification: Time [clock=4, time=2015-06-09 15:10:48.706]
Event processed UpdateClock(4)
Event processed UpdateClock(4)
object notification: Time [clock=5, time=2015-06-09 15:10:58.709]
object notification: Time [clock=5, time=2015-06-09 15:10:58.709]
org notification: Time [clock=5, time=2015-06-09 15:10:58.709]
Event processed UpdateClock(5)
Event processed UpdateClock(5)
object notification: Time [clock=6, time=2015-06-09 15:11:08.712]
object notification: Time [clock=6, time=2015-06-09 15:11:08.712]
org notification: Time [clock=6, time=2015-06-09 15:11:08.712]
Event processed UpdateClock(6)
Event processed UpdateClock(6)
object notification: Time [clock=7, time=2015-06-09 15:11:18.715]
org notification: Time [clock=7, time=2015-06-09 15:11:18.715]
object notification: Time [clock=7, time=2015-06-09 15:11:18.715]
Event processed UpdateClock(7)
Event processed UpdateClock(7)
object notification: Time [clock=8, time=2015-06-09 15:11:28.717]
object notification: Time [clock=8, time=2015-06-09 15:11:28.717]
org notification: Time [clock=8, time=2015-06-09 15:11:28.717]
Event processed UpdateClock(8)
Event processed UpdateClock(8)
object notification: Time [clock=9, time=2015-06-09 15:11:38.721]
org notification: Time [clock=9, time=2015-06-09 15:11:38.721]
object notification: Time [clock=9, time=2015-06-09 15:11:38.721]
Event processed UpdateClock(9)
Event processed UpdateClock(9)
setPhases in ClientGameStatus, the current phase is Movement Phase
setPhases in ClientGameStatus, the current phase is Movement Phase
Event processed @ctenv(functionToList(message(phasechange)),LIST,0); if B(LIST=[actionresult([TYPE,ID,RESPONSE])]) then if B(TYPE=response) then ReceivedResponse(RESPONSE, ID) else if B(LIST=[actionresult([TYPE])]) then ReceivedEvent(TYPE) else if B(LIST=[actionresult([TYPE,AGENT,ID,RESPONSE])]) then if B(TYPE=proposal) then ReceivedProposal(AGENT, ID, RESPONSE)
Event processed @ctenv(functionToList(message(phasechange)),LIST,0); if B(LIST=[actionresult([TYPE,ID,RESPONSE])]) then if B(TYPE=response) then ReceivedResponse(RESPONSE, ID) else if B(LIST=[actionresult([TYPE])]) then ReceivedEvent(TYPE) else if B(LIST=[actionresult([TYPE,AGENT,ID,RESPONSE])]) then if B(TYPE=proposal) then ReceivedProposal(AGENT, ID, RESPONSE)
[CTAH] Array of Terms: [Lapapl.data.Term;@5ddd3d21
[CTAH] The created APLList : [phasechange]
[CTAH] Array of Terms: [Lapapl.data.Term;@5221aba
[CTAH] The created APLList : [phasechange]
object notification: Time [clock=10, time=2015-06-09 15:11:48.723]
org notification: Time [clock=10, time=2015-06-09 15:11:48.723]
object notification: Time [clock=10, time=2015-06-09 15:11:48.723]
Event processed UpdateClock(10)
Event processed UpdateClock(10)
a10[CTAH] going goal: 2,1 color: neco
a30[CTAH] going goal: 3,2 color: neco
a30[CTAH] paths: 100
Need to wait 2 more seconds
a10[CTAH] paths: 100
Need to wait 3 more seconds
a30[CTAH] path: 0
a30[CTAH] path: Path: [5][5] [5][4] [4][4] [3][4] [3][3] [3][2]

a30[CTAH] moveStepToGoalTest returns I have chip: [5,4,no,no]
Need to wait 0 more seconds
a30[CTAH] moveStepToGoal returns: no
object notification: Position [subject=a30, id=null, cell=Cell [x=5, y=4], time=2015-06-09 15:11:51.831, clock=10]
org notification: Position [subject=a30, id=null, cell=Cell [x=5, y=4], time=2015-06-09 15:11:51.831, clock=10]
Event processed UpdatePosition(5, 4, 10)
a30[CTAH] going goal: 3,2 color: neco
a30[CTAH] paths: 100
Need to wait 0 more seconds
a30[CTAH] path: 0
a30[CTAH] path: Path: [5][4] [5][3] [5][2] [4][2] [3][2]

a30[CTAH] moveStepToGoalTest returns I have chip: [5,3,no,no]
a30[CTAH] moveStepToGoal returns: no
object notification: Position [subject=a30, id=null, cell=Cell [x=5, y=3], time=2015-06-09 15:11:52.46, clock=10]
org notification: Position [subject=a30, id=null, cell=Cell [x=5, y=3], time=2015-06-09 15:11:52.46, clock=10]
object notification: Points [subject=a30, time=2015-06-09 15:11:52.466, clock=10, value=700, id=null]
Event processed UpdatePosition(5, 3, 10)
Event processed UpdatePoints(700)
a30[CTAH] going goal: 3,2 color: neco
a10[CTAH] path: 0
a10[CTAH] path: Path: [1][2] [1][1] [2][1]

a10[CTAH] moveStepToGoalTest returns I have chip: [1,1,no,no]
a30[CTAH] paths: 100
a30[CTAH] path: 0
a30[CTAH] path: Path: [5][3] [4][3] [3][3] [3][2]

a30[CTAH] moveStepToGoalTest proposals: null
a30[CTAH] moveStepToGoalTest proposals: null
a30[CTAH] moveStepToGoalTest proposals: null
a30[CTAH] found a chip....: (R:4,C:3)
a30[CTAH] moveStepToGoalTest sent proposal for: [4,3,0,5325]
Received a class edu.harvard.eecs.airg.coloredtrails.shared.discourse.BasicProposalDiscourseMessage
[MSG] Message is of type: basicproposal
[MSG] Message is for: 0
[MSG] i'm: 0
Received a proposal creating event
org notification: Proposal [id=5325, agent=a30, agent2=a10, clock=10, time=2015-06-09 15:11:52.918]
object notification: Obligation [subject=a10, obligation=[respondToRequest(5325)], sanction=[reduce(a10, 300)], deadline=13, time=2015-06-09 15:11:52.931, clock=10]
Event processed @ctenv(functionToList(proposal(proposal, 2, 5325, open)),LIST,0); if B(LIST=[actionresult([TYPE,ID,RESPONSE])]) then if B(TYPE=response) then ReceivedResponse(RESPONSE, ID) else if B(LIST=[actionresult([TYPE])]) then ReceivedEvent(TYPE) else if B(LIST=[actionresult([TYPE,AGENT,ID,RESPONSE])]) then if B(TYPE=proposal) then ReceivedProposal(AGENT, ID, RESPONSE)
Event processed adoptObligation(respondToRequest(5325), 13, reduce(a10, 300))
[CTAH] Array of Terms: [Lapapl.data.Term;@6411a006
[CTAH] The created APLList : [proposal,2,5325,open]
Need to wait 4 more seconds
org notification: Position [subject=a10, id=null, cell=Cell [x=1, y=1], time=2015-06-09 15:11:53.082, clock=10]
object notification: Position [subject=a10, id=null, cell=Cell [x=1, y=1], time=2015-06-09 15:11:53.082, clock=10]
org notification: Position [subject=a40, id=null, cell=Cell [x=4, y=4], time=2015-06-09 15:11:54.118, clock=10]
a10[CTAH] moveStepToGoal returns: [1,1]
obligation to be adopted: respondToRequest(5325, 300) : 9 Jun 2015 14:28:33 GMT, priority 10
Event processed UpdatePosition(1, 1, 10)
a10[CTAH] going goal: 2,1 color: neco
a10[CTAH] paths: 100
Need to wait 4 more seconds
Received a class edu.harvard.eecs.airg.coloredtrails.shared.discourse.BasicProposalDiscourseMessage
[MSG] Message is of type: basicproposal
[MSG] Message is for: 2
[MSG] i'm: 2
Received a proposal creating event
org notification: Proposal [id=3493, agent=a20, agent2=a30, clock=10, time=2015-06-09 15:11:58.532]
object notification: Obligation [subject=a30, obligation=[respondToRequest(3493)], sanction=[reduce(a30, 300)], deadline=13, time=2015-06-09 15:11:58.536, clock=10]
Event processed @ctenv(functionToList(proposal(proposal, 1, 3493, open)),LIST,0); if B(LIST=[actionresult([TYPE,ID,RESPONSE])]) then if B(TYPE=response) then ReceivedResponse(RESPONSE, ID) else if B(LIST=[actionresult([TYPE])]) then ReceivedEvent(TYPE) else if B(LIST=[actionresult([TYPE,AGENT,ID,RESPONSE])]) then if B(TYPE=proposal) then ReceivedProposal(AGENT, ID, RESPONSE)
Event processed adoptObligation(respondToRequest(3493), 13, reduce(a30, 300))
[CTAH] Array of Terms: [Lapapl.data.Term;@2347d687
[CTAH] The created APLList : [proposal,1,3493,open]
obligation to be adopted: respondToRequest(3493, 300) : 9 Jun 2015 14:28:38 GMT, priority 10
object notification: Time [clock=11, time=2015-06-09 15:11:58.726]
org notification: Time [clock=11, time=2015-06-09 15:11:58.726]
object notification: Time [clock=11, time=2015-06-09 15:11:58.726]
Event processed UpdateClock(11)
a30[CTAH] sent response: Discourse Message...
From PerGameId: 2.
To PerGameId: 1.

org notification: Response [id=3493, response=accepted, clock=11, time=2015-06-09 15:11:59.149]
org notification: Proposal [id=9986, agent=a40, agent2=a20, clock=11, time=2015-06-09 15:12:02.182]
a10[CTAH] path: 0
a10[CTAH] path: Path: [1][1] [2][1]

a10[CTAH] moveStepToGoalTest returns I have chip: [2,1,no,no]
Event processed UpdateClock(11)
Need to wait 2 more seconds
org notification: Position [subject=a20, id=null, cell=Cell [x=4, y=0], time=2015-06-09 15:12:03.663, clock=11]
a10[CTAH] sent response: Discourse Message...
From PerGameId: 0.
To PerGameId: 2.

Received a class edu.harvard.eecs.airg.coloredtrails.shared.discourse.BasicProposalDiscussionDiscourseMessage
[MSG] Message is of type: basicproposaldiscussion
[MSG] Message is for: 2
[MSG] i'm: 2
AGENT : got response to offer
org notification: Response [id=5325, response=accepted, clock=11, time=2015-06-09 15:12:04.442]
Event processed @ctenv(functionToList(message(response, 5325, accept)),LIST,0); if B(LIST=[actionresult([TYPE,ID,RESPONSE])]) then if B(TYPE=response) then ReceivedResponse(RESPONSE, ID) else if B(LIST=[actionresult([TYPE])]) then ReceivedEvent(TYPE) else if B(LIST=[actionresult([TYPE,AGENT,ID,RESPONSE])]) then if B(TYPE=proposal) then ReceivedProposal(AGENT, ID, RESPONSE)
[CTAH] Array of Terms: [Lapapl.data.Term;@6d2554fc
[CTAH] The created APLList : [response,5325,accept]
Need to wait 4 more seconds
object notification: Position [subject=a10, id=null, cell=Cell [x=2, y=1], time=2015-06-09 15:12:04.509, clock=11]
org notification: Position [subject=a10, id=null, cell=Cell [x=2, y=1], time=2015-06-09 15:12:04.509, clock=11]
a30[CTAH] moveStepToGoal returns: no
org notification: Position [subject=a30, id=null, cell=Cell [x=4, y=3], time=2015-06-09 15:12:04.708, clock=11]
object notification: Position [subject=a30, id=null, cell=Cell [x=4, y=3], time=2015-06-09 15:12:04.708, clock=11]
Event processed UpdatePosition(4, 3, 11)
a30[CTAH] going goal: 3,2 color: neco
a30[CTAH] paths: 100
a30[CTAH] path: 0
a30[CTAH] path: Path: [4][3] [4][2] [3][2]

a30[CTAH] moveStepToGoalTest proposals: null
a30[CTAH] moveStepToGoalTest proposals: null
a30[CTAH] moveStepToGoalTest proposals: null
a30[CTAH] moveStepToGoalTest proposals: null
a30[CTAH] found any chip....: (R:4,C:2)
a30[CTAH] moveStepToGoalTest sent proposal for: [4,2,3,6382]
org notification: Proposal [id=6382, agent=a30, agent2=a40, clock=11, time=2015-06-09 15:12:05.145]
a10[CTAH] moveStepToGoal returns: [2,1]
object notification: Time [clock=12, time=2015-06-09 15:12:08.728]
org notification: Time [clock=12, time=2015-06-09 15:12:08.728]
object notification: Time [clock=12, time=2015-06-09 15:12:08.728]
Event processed UpdateClock(12)
Event processed UpdatePosition(2, 1, 11)
Event processed UpdateClock(12)
org notification: Response [id=9986, response=accepted, clock=12, time=2015-06-09 15:12:09.59]
org notification: Position [subject=a40, id=null, cell=Cell [x=4, y=3], time=2015-06-09 15:12:13.263, clock=12]
org notification: Position [subject=a20, id=null, cell=Cell [x=3, y=0], time=2015-06-09 15:12:13.895, clock=12]
Received a class edu.harvard.eecs.airg.coloredtrails.shared.discourse.BasicProposalDiscussionDiscourseMessage
[MSG] Message is of type: basicproposaldiscussion
[MSG] Message is for: 2
[MSG] i'm: 2
AGENT : got response to offer
org notification: Response [id=6382, response=rejected, clock=12, time=2015-06-09 15:12:16.26]
Event processed @ctenv(functionToList(message(response, 6382, reject)),LIST,0); if B(LIST=[actionresult([TYPE,ID,RESPONSE])]) then if B(TYPE=response) then ReceivedResponse(RESPONSE, ID) else if B(LIST=[actionresult([TYPE])]) then ReceivedEvent(TYPE) else if B(LIST=[actionresult([TYPE,AGENT,ID,RESPONSE])]) then if B(TYPE=proposal) then ReceivedProposal(AGENT, ID, RESPONSE)
[CTAH] Array of Terms: [Lapapl.data.Term;@5c085d6a
[CTAH] The created APLList : [response,6382,reject]
a30[CTAH] moveStepToGoal returns: no
object notification: Position [subject=a30, id=null, cell=Cell [x=4, y=2], time=2015-06-09 15:12:16.454, clock=12]
org notification: Position [subject=a30, id=null, cell=Cell [x=4, y=2], time=2015-06-09 15:12:16.454, clock=12]
Event processed UpdatePosition(4, 2, 12)
a30[CTAH] going goal: 3,2 color: neco
a30[CTAH] paths: 100
a30[CTAH] path: 0
a30[CTAH] path: Path: [4][3] [4][2] [3][2]

a30[CTAH] moveStepToGoalTest proposals: null
a30[CTAH] moveStepToGoalTest proposals: null
a30[CTAH] moveStepToGoalTest proposals: null
a30[CTAH] moveStepToGoalTest proposals: null
a30[CTAH] found any chip....: (R:4,C:2)
a30[CTAH] moveStepToGoalTest sent proposal for: [4,2,0,5726]
Received a class edu.harvard.eecs.airg.coloredtrails.shared.discourse.BasicProposalDiscourseMessage
[MSG] Message is of type: basicproposal
[MSG] Message is for: 0
[MSG] i'm: 0
Received a proposal creating event
org notification: Proposal [id=5726, agent=a30, agent2=a10, clock=12, time=2015-06-09 15:12:16.884]
object notification: Obligation [subject=a10, obligation=[respondToRequest(5726)], sanction=[reduce(a10, 300)], deadline=15, time=2015-06-09 15:12:16.887, clock=12]
Event processed @ctenv(functionToList(proposal(proposal, 2, 5726, open)),LIST,0); if B(LIST=[actionresult([TYPE,ID,RESPONSE])]) then if B(TYPE=response) then ReceivedResponse(RESPONSE, ID) else if B(LIST=[actionresult([TYPE])]) then ReceivedEvent(TYPE) else if B(LIST=[actionresult([TYPE,AGENT,ID,RESPONSE])]) then if B(TYPE=proposal) then ReceivedProposal(AGENT, ID, RESPONSE)
Event processed adoptObligation(respondToRequest(5726), 15, reduce(a10, 300))
[CTAH] Array of Terms: [Lapapl.data.Term;@71ba964a
[CTAH] The created APLList : [proposal,2,5726,open]
obligation to be adopted: respondToRequest(5726, 300) : 9 Jun 2015 14:28:57 GMT, priority 10
org notification: Position [subject=a20, id=null, cell=Cell [x=2, y=0], time=2015-06-09 15:12:17.743, clock=12]
org notification: Time [clock=13, time=2015-06-09 15:12:18.73]
object notification: Time [clock=13, time=2015-06-09 15:12:18.73]
object notification: Time [clock=13, time=2015-06-09 15:12:18.73]
Need to wait 1 more seconds
Event processed UpdateClock(13)
a10[CTAH] sent response: Discourse Message...
From PerGameId: 0.
To PerGameId: 2.

Received a class edu.harvard.eecs.airg.coloredtrails.shared.discourse.BasicProposalDiscussionDiscourseMessage
[MSG] Message is of type: basicproposaldiscussion
[MSG] Message is for: 2
[MSG] i'm: 2
AGENT : got response to offer
org notification: Response [id=5726, response=accepted, clock=13, time=2015-06-09 15:12:19.792]
Event processed UpdateClock(13)
Event processed @ctenv(functionToList(message(response, 5726, accept)),LIST,0); if B(LIST=[actionresult([TYPE,ID,RESPONSE])]) then if B(TYPE=response) then ReceivedResponse(RESPONSE, ID) else if B(LIST=[actionresult([TYPE])]) then ReceivedEvent(TYPE) else if B(LIST=[actionresult([TYPE,AGENT,ID,RESPONSE])]) then if B(TYPE=proposal) then ReceivedProposal(AGENT, ID, RESPONSE)
[CTAH] Array of Terms: [Lapapl.data.Term;@7cddcc94
[CTAH] The created APLList : [response,5726,accept]
org notification: Position [subject=a40, id=null, cell=Cell [x=3, y=3], time=2015-06-09 15:12:20.115, clock=13]
a30[CTAH] moveStepToGoal returns: no
org notification: Position [subject=a30, id=null, cell=Cell [x=4, y=2], time=2015-06-09 15:12:20.394, clock=13]
object notification: Position [subject=a30, id=null, cell=Cell [x=4, y=2], time=2015-06-09 15:12:20.394, clock=13]
Event processed UpdatePosition(4, 2, 13)
a30[CTAH] going goal: 3,2 color: neco
a30[CTAH] paths: 100
a30[CTAH] path: 0
a30[CTAH] path: Path: [4][2] [3][2]

a30[CTAH] moveStepToGoalTest returns I have chip: [3,2,no,no]
a30[CTAH] moveStepToGoal returns: no
object notification: Position [subject=a30, id=null, cell=Cell [x=3, y=2], time=2015-06-09 15:12:20.935, clock=13]
org notification: Position [subject=a30, id=null, cell=Cell [x=3, y=2], time=2015-06-09 15:12:20.935, clock=13]
Event processed UpdatePosition(3, 2, 13)
org notification: Position [subject=a20, id=null, cell=Cell [x=1, y=0], time=2015-06-09 15:12:27.783, clock=13]
object notification: Time [clock=14, time=2015-06-09 15:12:28.732]
org notification: Time [clock=14, time=2015-06-09 15:12:28.732]
object notification: Time [clock=14, time=2015-06-09 15:12:28.732]
Event processed UpdateClock(14)
Event processed UpdateClock(14)
org notification: Position [subject=a40, id=null, cell=Cell [x=2, y=3], time=2015-06-09 15:12:30.209, clock=14]
object notification: Time [clock=15, time=2015-06-09 15:12:38.735]
org notification: Time [clock=15, time=2015-06-09 15:12:38.735]
object notification: Time [clock=15, time=2015-06-09 15:12:38.735]
Event processed UpdateClock(15)
Event processed UpdateClock(15)
Received a class edu.harvard.eecs.airg.coloredtrails.shared.discourse.BasicProposalDiscourseMessage
[MSG] Message is of type: basicproposal
[MSG] Message is for: 0
[MSG] i'm: 0
Received a proposal creating event
org notification: Proposal [id=161, agent=a20, agent2=a10, clock=15, time=2015-06-09 15:12:48.176]
object notification: Obligation [subject=a10, obligation=[respondToRequest(161)], sanction=[reduce(a10, 300)], deadline=18, time=2015-06-09 15:12:48.179, clock=15]
Event processed @ctenv(functionToList(proposal(proposal, 1, 161, open)),LIST,0); if B(LIST=[actionresult([TYPE,ID,RESPONSE])]) then if B(TYPE=response) then ReceivedResponse(RESPONSE, ID) else if B(LIST=[actionresult([TYPE])]) then ReceivedEvent(TYPE) else if B(LIST=[actionresult([TYPE,AGENT,ID,RESPONSE])]) then if B(TYPE=proposal) then ReceivedProposal(AGENT, ID, RESPONSE)
Event processed adoptObligation(respondToRequest(161), 18, reduce(a10, 300))
[CTAH] Array of Terms: [Lapapl.data.Term;@7905b9d
[CTAH] The created APLList : [proposal,1,161,open]
obligation to be adopted: respondToRequest(161, 300) : 9 Jun 2015 14:29:28 GMT, priority 10
object notification: Time [clock=16, time=2015-06-09 15:12:48.737]
org notification: Time [clock=16, time=2015-06-09 15:12:48.737]
object notification: Time [clock=16, time=2015-06-09 15:12:48.737]
Event processed UpdateClock(16)
Event processed UpdateClock(16)
Need to wait 1 more seconds
a10[CTAH] sent response: Discourse Message...
From PerGameId: 0.
To PerGameId: 1.

org notification: Response [id=161, response=accepted, clock=16, time=2015-06-09 15:12:50.501]
object notification: Time [clock=17, time=2015-06-09 15:12:58.74]
org notification: Time [clock=17, time=2015-06-09 15:12:58.74]
object notification: Time [clock=17, time=2015-06-09 15:12:58.74]
Event processed UpdateClock(17)
Event processed UpdateClock(17)
object notification: Time [clock=18, time=2015-06-09 15:13:08.743]
org notification: Time [clock=18, time=2015-06-09 15:13:08.743]
object notification: Time [clock=18, time=2015-06-09 15:13:08.743]
Event processed UpdateClock(18)
Event processed UpdateClock(18)
object notification: Time [clock=19, time=2015-06-09 15:13:18.746]
object notification: Time [clock=19, time=2015-06-09 15:13:18.746]
org notification: Time [clock=19, time=2015-06-09 15:13:18.746]
Event processed UpdateClock(19)
Event processed UpdateClock(19)
org notification: Proposal [id=5978, agent=a20, agent2=a40, clock=19, time=2015-06-09 15:13:27.869]
object notification: Time [clock=20, time=2015-06-09 15:13:28.75]
org notification: Time [clock=20, time=2015-06-09 15:13:28.75]
object notification: Time [clock=20, time=2015-06-09 15:13:28.75]
Event processed UpdateClock(20)
Event processed UpdateClock(20)
org notification: Response [id=5978, response=accepted, clock=20, time=2015-06-09 15:13:32.624]
org notification: Position [subject=a20, id=null, cell=Cell [x=1, y=1], time=2015-06-09 15:13:34.841, clock=20]
object notification: Time [clock=21, time=2015-06-09 15:13:38.752]
org notification: Time [clock=21, time=2015-06-09 15:13:38.752]
object notification: Time [clock=21, time=2015-06-09 15:13:38.752]
Event processed UpdateClock(21)
Event processed UpdateClock(21)
setPhases in ClientGameStatus, the current phase is Feedback Phase
setPhases in ClientGameStatus, the current phase is Feedback Phase
Event processed @ctenv(functionToList(message(phasechange)),LIST,0); if B(LIST=[actionresult([TYPE,ID,RESPONSE])]) then if B(TYPE=response) then ReceivedResponse(RESPONSE, ID) else if B(LIST=[actionresult([TYPE])]) then ReceivedEvent(TYPE) else if B(LIST=[actionresult([TYPE,AGENT,ID,RESPONSE])]) then if B(TYPE=proposal) then ReceivedProposal(AGENT, ID, RESPONSE)
Event processed @ctenv(functionToList(message(phasechange)),LIST,0); if B(LIST=[actionresult([TYPE,ID,RESPONSE])]) then if B(TYPE=response) then ReceivedResponse(RESPONSE, ID) else if B(LIST=[actionresult([TYPE])]) then ReceivedEvent(TYPE) else if B(LIST=[actionresult([TYPE,AGENT,ID,RESPONSE])]) then if B(TYPE=proposal) then ReceivedProposal(AGENT, ID, RESPONSE)
[CTAH] Array of Terms: [Lapapl.data.Term;@60125fe2
[CTAH] The created APLList : [phasechange]
[CTAH] Array of Terms: [Lapapl.data.Term;@305d5f9c
[CTAH] The created APLList : [phasechange]
object notification: Time [clock=22, time=2015-06-09 15:13:48.755]
object notification: Time [clock=22, time=2015-06-09 15:13:48.755]
org notification: Time [clock=22, time=2015-06-09 15:13:48.755]
Event processed UpdateClock(22)
Event processed UpdateClock(22)
(((((((((((((((((Game ended)))))))))))
Game ended 
My PlayerStatus is: Game Player...
PerGameId: 2.
PIN: 30.
Pos: (R:3,C:2).
Chips: { chips  'blue':0 'white':0 'brown':1 'yellow':0 }.
Score: 700.
Team: -1.

(((((((((((((((((Game ended)))))))))))
Game ended 
My PlayerStatus is: Game Player...
PerGameId: 0.
PIN: 10.
Pos: (R:2,C:1).
Chips: { chips  '':0 'blue':0 'white':0 'brown':1 'yellow':2 }.
Score: 1000.
Team: -1.

Event processed @ctenv(functionToList(message(game_ended)),LIST,0); if B(LIST=[actionresult([TYPE,ID,RESPONSE])]) then if B(TYPE=response) then ReceivedResponse(RESPONSE, ID) else if B(LIST=[actionresult([TYPE])]) then ReceivedEvent(TYPE) else if B(LIST=[actionresult([TYPE,AGENT,ID,RESPONSE])]) then if B(TYPE=proposal) then ReceivedProposal(AGENT, ID, RESPONSE)
Event processed @ctenv(functionToList(message(game_ended)),LIST,0); if B(LIST=[actionresult([TYPE,ID,RESPONSE])]) then if B(TYPE=response) then ReceivedResponse(RESPONSE, ID) else if B(LIST=[actionresult([TYPE])]) then ReceivedEvent(TYPE) else if B(LIST=[actionresult([TYPE,AGENT,ID,RESPONSE])]) then if B(TYPE=proposal) then ReceivedProposal(AGENT, ID, RESPONSE)
[CTAH] Array of Terms: [Lapapl.data.Term;@2a9ed1de
[CTAH] The created APLList : [game_ended]
[CTAH] Array of Terms: [Lapapl.data.Term;@21f27891
[CTAH] The created APLList : [game_ended]
object notification: Time [clock=23, time=2015-06-09 15:13:58.757]
org notification: Time [clock=23, time=2015-06-09 15:13:58.757]
object notification: Time [clock=23, time=2015-06-09 15:13:58.757]
Event processed UpdateClock(23)
Event processed UpdateClock(23)
object notification: Time [clock=24, time=2015-06-09 15:14:08.758]
object notification: Time [clock=24, time=2015-06-09 15:14:08.758]
org notification: Time [clock=24, time=2015-06-09 15:14:08.758]
Event processed UpdateClock(24)
Event processed UpdateClock(24)
object notification: Time [clock=25, time=2015-06-09 15:14:18.761]
org notification: Time [clock=25, time=2015-06-09 15:14:18.761]
object notification: Time [clock=25, time=2015-06-09 15:14:18.761]
Event processed UpdateClock(25)
Event processed UpdateClock(25)
object notification: Time [clock=26, time=2015-06-09 15:14:28.764]
org notification: Time [clock=26, time=2015-06-09 15:14:28.764]
object notification: Time [clock=26, time=2015-06-09 15:14:28.764]
Event processed UpdateClock(26)
Event processed UpdateClock(26)
