2015-05-12 13:49:32,974 CONFIG [com.gigaspaces.logger] - Log file: /Users/dxd/git/ct3/logs/2015-05-12~13.49-gigaspaces-service-128.243.23.149-45958.log
-------------------------last log tuples start--------------------------------
Time [clock=6, time=2015-05-12 13:49:16.078]
Time [clock=3, time=2015-05-12 13:48:46.07]
Time [clock=1, time=2015-05-12 13:48:26.044]
Time [clock=5, time=2015-05-12 13:49:06.076]
Time [clock=2, time=2015-05-12 13:48:36.068]
Time [clock=4, time=2015-05-12 13:48:56.073]
-------------------------last log tuples end----------------------------------
[CTAH] started agent 10
[CTAH] Added a new agent to the game by the name of 10.
[ENV] added agent a10
[CTAH] started agent 30
[CTAH] Added a new agent to the game by the name of 30.
[ENV] added agent a30
[CTAH] started agent 40
[CTAH] Added a new agent to the game by the name of 40.
[ENV] added agent a40
object notification: Time [clock=1, time=2015-05-12 13:49:44.055]
object notification: Time [clock=1, time=2015-05-12 13:49:44.055]
object notification: Time [clock=1, time=2015-05-12 13:49:44.055]
org notification: Time [clock=1, time=2015-05-12 13:49:44.055]
org notified sent time(1).
Event sent to object      a30 clock(1)
Event sent to object      a40 clock(1)
Event sent to object      a10 clock(1)
object notification: Tile [id=null, cell=Cell [x=0, y=0], subject=green, time=2015-05-12 13:49:50.566, clock=0]
org notification: Tile [id=null, cell=Cell [x=0, y=0], subject=green, time=2015-05-12 13:49:50.566, clock=0]
org notified sent tile(cell(0,0),green,0).
object notification: Tile [id=null, cell=Cell [x=0, y=0], subject=green, time=2015-05-12 13:49:50.566, clock=0]
object notification: Tile [id=null, cell=Cell [x=0, y=0], subject=green, time=2015-05-12 13:49:50.566, clock=0]
object notification: Tile [id=null, cell=Cell [x=0, y=1], subject=green, time=2015-05-12 13:49:50.593, clock=0]
object notification: Tile [id=null, cell=Cell [x=0, y=1], subject=green, time=2015-05-12 13:49:50.593, clock=0]
org notification: Tile [id=null, cell=Cell [x=0, y=1], subject=green, time=2015-05-12 13:49:50.593, clock=0]
org notified sent tile(cell(0,1),green,0).
object notification: Tile [id=null, cell=Cell [x=0, y=1], subject=green, time=2015-05-12 13:49:50.593, clock=0]
object notification: Tile [id=null, cell=Cell [x=0, y=2], subject=red, time=2015-05-12 13:49:50.595, clock=0]
org notification: Tile [id=null, cell=Cell [x=0, y=2], subject=red, time=2015-05-12 13:49:50.595, clock=0]
org notified sent tile(cell(0,2),red,0).
object notification: Tile [id=null, cell=Cell [x=0, y=2], subject=red, time=2015-05-12 13:49:50.595, clock=0]
object notification: Tile [id=null, cell=Cell [x=0, y=3], subject=orange, time=2015-05-12 13:49:50.597, clock=0]
object notification: Tile [id=null, cell=Cell [x=0, y=4], subject=green, time=2015-05-12 13:49:50.6, clock=0]
object notification: Tile [id=null, cell=Cell [x=0, y=2], subject=red, time=2015-05-12 13:49:50.595, clock=0]
object notification: Tile [id=null, cell=Cell [x=0, y=3], subject=orange, time=2015-05-12 13:49:50.597, clock=0]
org notification: Tile [id=null, cell=Cell [x=0, y=3], subject=orange, time=2015-05-12 13:49:50.597, clock=0]
org notified sent tile(cell(0,3),orange,0).
object notification: Tile [id=null, cell=Cell [x=0, y=3], subject=orange, time=2015-05-12 13:49:50.597, clock=0]
object notification: Tile [id=null, cell=Cell [x=0, y=4], subject=green, time=2015-05-12 13:49:50.6, clock=0]
object notification: Tile [id=null, cell=Cell [x=0, y=4], subject=green, time=2015-05-12 13:49:50.6, clock=0]
object notification: Tile [id=null, cell=Cell [x=1, y=0], subject=green, time=2015-05-12 13:49:50.602, clock=0]
org notification: Tile [id=null, cell=Cell [x=0, y=4], subject=green, time=2015-05-12 13:49:50.6, clock=0]
org notified sent tile(cell(0,4),green,0).
object notification: Tile [id=null, cell=Cell [x=1, y=0], subject=green, time=2015-05-12 13:49:50.602, clock=0]
object notification: Tile [id=null, cell=Cell [x=1, y=1], subject=orange, time=2015-05-12 13:49:50.605, clock=0]
org notification: Tile [id=null, cell=Cell [x=1, y=0], subject=green, time=2015-05-12 13:49:50.602, clock=0]
org notified sent tile(cell(1,0),green,0).
object notification: Tile [id=null, cell=Cell [x=1, y=0], subject=green, time=2015-05-12 13:49:50.602, clock=0]
object notification: Tile [id=null, cell=Cell [x=1, y=1], subject=orange, time=2015-05-12 13:49:50.605, clock=0]
object notification: Tile [id=null, cell=Cell [x=1, y=1], subject=orange, time=2015-05-12 13:49:50.605, clock=0]
object notification: Tile [id=null, cell=Cell [x=1, y=2], subject=red, time=2015-05-12 13:49:50.607, clock=0]
org notification: Tile [id=null, cell=Cell [x=1, y=1], subject=orange, time=2015-05-12 13:49:50.605, clock=0]
org notified sent tile(cell(1,1),orange,0).
object notification: Tile [id=null, cell=Cell [x=1, y=2], subject=red, time=2015-05-12 13:49:50.607, clock=0]
org notification: Tile [id=null, cell=Cell [x=1, y=2], subject=red, time=2015-05-12 13:49:50.607, clock=0]
org notified sent tile(cell(1,2),red,0).
object notification: Tile [id=null, cell=Cell [x=1, y=3], subject=red, time=2015-05-12 13:49:50.61, clock=0]
object notification: Tile [id=null, cell=Cell [x=1, y=2], subject=red, time=2015-05-12 13:49:50.607, clock=0]
org notification: Tile [id=null, cell=Cell [x=1, y=3], subject=red, time=2015-05-12 13:49:50.61, clock=0]
object notification: Tile [id=null, cell=Cell [x=1, y=4], subject=purple, time=2015-05-12 13:49:50.612, clock=0]
org notified sent tile(cell(1,3),red,0).
object notification: Tile [id=null, cell=Cell [x=1, y=3], subject=red, time=2015-05-12 13:49:50.61, clock=0]
object notification: Tile [id=null, cell=Cell [x=1, y=3], subject=red, time=2015-05-12 13:49:50.61, clock=0]
org notification: Tile [id=null, cell=Cell [x=1, y=4], subject=purple, time=2015-05-12 13:49:50.612, clock=0]
object notification: Tile [id=null, cell=Cell [x=1, y=4], subject=purple, time=2015-05-12 13:49:50.612, clock=0]
org notified sent tile(cell(1,4),purple,0).
object notification: Tile [id=null, cell=Cell [x=2, y=0], subject=red, time=2015-05-12 13:49:50.614, clock=0]
object notification: Tile [id=null, cell=Cell [x=1, y=4], subject=purple, time=2015-05-12 13:49:50.612, clock=0]
object notification: Tile [id=null, cell=Cell [x=2, y=1], subject=red, time=2015-05-12 13:49:50.616, clock=0]
org notification: Tile [id=null, cell=Cell [x=2, y=0], subject=red, time=2015-05-12 13:49:50.614, clock=0]
org notified sent tile(cell(2,0),red,0).
object notification: Tile [id=null, cell=Cell [x=2, y=0], subject=red, time=2015-05-12 13:49:50.614, clock=0]
org notification: Tile [id=null, cell=Cell [x=2, y=1], subject=red, time=2015-05-12 13:49:50.616, clock=0]
org notified sent tile(cell(2,1),red,0).
org notification: Tile [id=null, cell=Cell [x=2, y=2], subject=green, time=2015-05-12 13:49:50.623, clock=0]
org notified sent tile(cell(2,2),green,0).
object notification: Tile [id=null, cell=Cell [x=2, y=1], subject=red, time=2015-05-12 13:49:50.616, clock=0]
org notification: Tile [id=null, cell=Cell [x=2, y=3], subject=purple, time=2015-05-12 13:49:50.625, clock=0]
org notified sent tile(cell(2,3),purple,0).
object notification: Tile [id=null, cell=Cell [x=2, y=0], subject=red, time=2015-05-12 13:49:50.614, clock=0]
object notification: Tile [id=null, cell=Cell [x=2, y=1], subject=red, time=2015-05-12 13:49:50.616, clock=0]
object notification: Tile [id=null, cell=Cell [x=2, y=2], subject=green, time=2015-05-12 13:49:50.623, clock=0]
org notification: Tile [id=null, cell=Cell [x=2, y=4], subject=red, time=2015-05-12 13:49:50.627, clock=0]
org notified sent tile(cell(2,4),red,0).
object notification: Tile [id=null, cell=Cell [x=2, y=3], subject=purple, time=2015-05-12 13:49:50.625, clock=0]
object notification: Tile [id=null, cell=Cell [x=2, y=4], subject=red, time=2015-05-12 13:49:50.627, clock=0]
Event processed UpdateClock(1)
Event processed UpdateClock(1)
Event processed UpdateClock(1)
object notification: Tile [id=null, cell=Cell [x=3, y=0], subject=red, time=2015-05-12 13:49:50.63, clock=0]
org notification: Tile [id=null, cell=Cell [x=3, y=0], subject=red, time=2015-05-12 13:49:50.63, clock=0]
org notified sent tile(cell(3,0),red,0).
org notification: Tile [id=null, cell=Cell [x=3, y=1], subject=orange, time=2015-05-12 13:49:50.633, clock=0]
org notified sent tile(cell(3,1),orange,0).
object notification: Tile [id=null, cell=Cell [x=3, y=1], subject=orange, time=2015-05-12 13:49:50.633, clock=0]
object notification: Tile [id=null, cell=Cell [x=3, y=2], subject=purple, time=2015-05-12 13:49:50.634, clock=0]
org notification: Tile [id=null, cell=Cell [x=3, y=2], subject=purple, time=2015-05-12 13:49:50.634, clock=0]
org notified sent tile(cell(3,2),purple,0).
object notification: Tile [id=null, cell=Cell [x=3, y=3], subject=purple, time=2015-05-12 13:49:50.636, clock=0]
org notification: Tile [id=null, cell=Cell [x=3, y=3], subject=purple, time=2015-05-12 13:49:50.636, clock=0]
org notified sent tile(cell(3,3),purple,0).
org notification: Tile [id=null, cell=Cell [x=3, y=4], subject=orange, time=2015-05-12 13:49:50.638, clock=0]
object notification: Tile [id=null, cell=Cell [x=2, y=2], subject=green, time=2015-05-12 13:49:50.623, clock=0]
org notified sent tile(cell(3,4),orange,0).
object notification: Tile [id=null, cell=Cell [x=2, y=2], subject=green, time=2015-05-12 13:49:50.623, clock=0]
object notification: Tile [id=null, cell=Cell [x=2, y=3], subject=purple, time=2015-05-12 13:49:50.625, clock=0]
object notification: Tile [id=null, cell=Cell [x=2, y=4], subject=red, time=2015-05-12 13:49:50.627, clock=0]
object notification: Tile [id=null, cell=Cell [x=3, y=4], subject=orange, time=2015-05-12 13:49:50.638, clock=0]
object notification: Tile [id=null, cell=Cell [x=4, y=0], subject=green, time=2015-05-12 13:49:50.64, clock=0]
object notification: Tile [id=null, cell=Cell [x=4, y=1], subject=purple, time=2015-05-12 13:49:50.641, clock=0]
object notification: Tile [id=null, cell=Cell [x=4, y=2], subject=orange, time=2015-05-12 13:49:50.643, clock=0]
object notification: Tile [id=null, cell=Cell [x=4, y=3], subject=purple, time=2015-05-12 13:49:50.645, clock=0]
object notification: Time [clock=2, time=2015-05-12 13:49:54.07]
object notification: Tile [id=null, cell=Cell [x=4, y=4], subject=green, time=2015-05-12 13:49:50.647, clock=0]
Event sent to object      a40 clock(2)
object notification: Time [clock=2, time=2015-05-12 13:49:54.07]
object notification: Time [clock=2, time=2015-05-12 13:49:54.07]
object notification: Time [clock=3, time=2015-05-12 13:50:04.072]
Event sent to object      a30 clock(2)
org notification: Time [clock=2, time=2015-05-12 13:49:54.07]
org notified sent time(2).
Event sent to object      a40 clock(3)
object notification: Tile [id=null, cell=Cell [x=2, y=3], subject=purple, time=2015-05-12 13:49:50.625, clock=0]
object notification: Tile [id=null, cell=Cell [x=2, y=4], subject=red, time=2015-05-12 13:49:50.627, clock=0]
Event sent to object      a10 clock(2)
object notification: Time [clock=4, time=2015-05-12 13:50:14.075]
Event sent to object      a40 clock(4)
object notification: Time [clock=3, time=2015-05-12 13:50:04.072]
Event sent to object      a30 clock(3)
object notification: Time [clock=4, time=2015-05-12 13:50:14.075]
Event sent to object      a30 clock(4)
object notification: Tile [id=null, cell=Cell [x=3, y=0], subject=red, time=2015-05-12 13:49:50.63, clock=0]
object notification: Tile [id=null, cell=Cell [x=3, y=1], subject=orange, time=2015-05-12 13:49:50.633, clock=0]
object notification: Tile [id=null, cell=Cell [x=3, y=2], subject=purple, time=2015-05-12 13:49:50.634, clock=0]
object notification: Tile [id=null, cell=Cell [x=3, y=3], subject=purple, time=2015-05-12 13:49:50.636, clock=0]
object notification: Tile [id=null, cell=Cell [x=3, y=4], subject=orange, time=2015-05-12 13:49:50.638, clock=0]
object notification: Tile [id=null, cell=Cell [x=4, y=0], subject=green, time=2015-05-12 13:49:50.64, clock=0]
object notification: Tile [id=null, cell=Cell [x=4, y=1], subject=purple, time=2015-05-12 13:49:50.641, clock=0]
object notification: Tile [id=null, cell=Cell [x=4, y=2], subject=orange, time=2015-05-12 13:49:50.643, clock=0]
object notification: Tile [id=null, cell=Cell [x=4, y=3], subject=purple, time=2015-05-12 13:49:50.645, clock=0]
object notification: Tile [id=null, cell=Cell [x=4, y=4], subject=green, time=2015-05-12 13:49:50.647, clock=0]
object notification: Time [clock=3, time=2015-05-12 13:50:04.072]
Event sent to object      a10 clock(3)
org notification: Goal [id=null, cell=Cell [x=2, y=2], agent=null, time=2015-05-12 13:49:50.684, clock=0]
org notified sent goal(cell(2,2),null,0).
Organization notifies object (write): Obligation [subject=a10, obligation=[surround(2, 2)], sanction=[reduce(g, 500)], deadline=12, time=2015-05-12 13:50:21.927, clock=4]
Event processed UpdateClock(2)
Event processed UpdateClock(3)
object notification: Tile [id=null, cell=Cell [x=3, y=0], subject=red, time=2015-05-12 13:49:50.63, clock=0]
org notification: Time [clock=3, time=2015-05-12 13:50:04.072]
org notified sent time(3).
object notification: Tile [id=null, cell=Cell [x=3, y=1], subject=orange, time=2015-05-12 13:49:50.633, clock=0]
object notification: Tile [id=null, cell=Cell [x=3, y=2], subject=purple, time=2015-05-12 13:49:50.634, clock=0]
object notification: Tile [id=null, cell=Cell [x=3, y=3], subject=purple, time=2015-05-12 13:49:50.636, clock=0]
object notification: Tile [id=null, cell=Cell [x=3, y=4], subject=orange, time=2015-05-12 13:49:50.638, clock=0]
object notification: Time [clock=4, time=2015-05-12 13:50:14.075]
Event sent to object      a10 clock(4)
org notification: Time [clock=4, time=2015-05-12 13:50:14.075]
org notified sent time(4).
object notification: Obligation [subject=a10, obligation=[surround(2, 2)], sanction=[reduce(g, 500)], deadline=12, time=2015-05-12 13:50:21.927, clock=4]
org notification: Chip [id=null, agent=a20, time=2015-05-12 13:50:21.93, color=orange, clock=2, number=2]
org notified sent chip(a20,orange,2,2).
Event sent to object      a10 obligation([surround(2, 2)], 12, [reduce(g, 500)])
org notification: Chip [id=null, agent=a20, time=2015-05-12 13:50:21.962, color=red, clock=2, number=3]
org notified sent chip(a20,red,3,2).
object notification: Tile [id=null, cell=Cell [x=4, y=0], subject=green, time=2015-05-12 13:49:50.64, clock=0]
object notification: Tile [id=null, cell=Cell [x=4, y=1], subject=purple, time=2015-05-12 13:49:50.641, clock=0]
object notification: Tile [id=null, cell=Cell [x=4, y=2], subject=orange, time=2015-05-12 13:49:50.643, clock=0]
object notification: Tile [id=null, cell=Cell [x=4, y=3], subject=purple, time=2015-05-12 13:49:50.645, clock=0]
object notification: Tile [id=null, cell=Cell [x=4, y=4], subject=green, time=2015-05-12 13:49:50.647, clock=0]
org notification: Position [subject=a20, id=null, cell=Cell [x=0, y=4], time=2015-05-12 13:50:21.914, clock=2]
org notified sent position(a20,cell(0,4),2).
org notification: Position [subject=a30, id=null, cell=Cell [x=4, y=4], time=2015-05-12 13:50:21.982, clock=2]
org notified sent position(a30,cell(4,4),2).
org notification: Chip [id=null, agent=a20, time=2015-05-12 13:50:21.974, color=purple, clock=2, number=1]
org notified sent chip(a20,purple,1,2).
org notification: Chip [id=null, agent=a20, time=2015-05-12 13:50:21.978, color=green, clock=2, number=2]
org notified sent chip(a20,green,2,2).
org notification: Chip [id=null, agent=a30, time=2015-05-12 13:50:21.99, color=orange, clock=2, number=1]
org notified sent chip(a30,orange,1,2).
Event processed UpdateClock(2)
Event processed UpdateClock(3)
Event processed UpdateClock(4)
org notification: Tile [id=null, cell=Cell [x=4, y=0], subject=green, time=2015-05-12 13:49:50.64, clock=0]
org notified sent tile(cell(4,0),green,0).
org notification: Chip [id=null, agent=a30, time=2015-05-12 13:50:22.0, color=red, clock=2, number=1]
org notified sent chip(a30,red,1,2).
object notification: Chip [id=null, agent=a30, time=2015-05-12 13:50:21.99, color=orange, clock=2, number=1]
Event sent to object      a30 chip(a30, orange, 1, 2)
object notification: Chip [id=null, agent=a30, time=2015-05-12 13:50:22.0, color=red, clock=2, number=1]
Event sent to object      a30 chip(a30, red, 1, 2)
org notification: Tile [id=null, cell=Cell [x=4, y=1], subject=purple, time=2015-05-12 13:49:50.641, clock=0]
org notified sent tile(cell(4,1),purple,0).
org notification: Chip [id=null, agent=a30, time=2015-05-12 13:50:22.005, color=purple, clock=2, number=3]
org notified sent chip(a30,purple,3,2).
object notification: Chip [id=null, agent=a30, time=2015-05-12 13:50:22.005, color=purple, clock=2, number=3]
Event sent to object      a30 chip(a30, purple, 3, 2)
object notification: Chip [id=null, agent=a30, time=2015-05-12 13:50:22.032, color=green, clock=2, number=2]
object notification: Position [subject=a40, id=null, cell=Cell [x=4, y=0], time=2015-05-12 13:50:22.069, clock=2]
Event sent to object      a30 chip(a30, green, 2, 2)
Event sent to object      a40 position(4, 4, 2)
org notification: Chip [id=null, agent=a30, time=2015-05-12 13:50:22.032, color=green, clock=2, number=2]
org notification: Position [subject=a10, id=null, cell=Cell [x=0, y=0], time=2015-05-12 13:50:22.036, clock=2]
org notified sent chip(a30,green,2,2).
org notified sent position(a10,cell(0,0),2).
aplprolog.Parsing.ParseException: Encountered " <STD_IDENTIFIER> "osition "" at line 1, column 1.
Was expecting one of:
    "(" ...
    ")" ...
    "," ...
    
Error while procession organization notification
java.lang.NullPointerException
	at oopl.DistributedOOPL.handleEvent(DistributedOOPL.java:49)
	at ctMW.EnvCT.notifyOrg(EnvCT.java:682)
	at ctMW.OrgHandler.notify(OrgHandler.java:31)
	at com.j_spaces.core.client.NotifyDelegator.notify(NotifyDelegator.java:142)
	at com.gigaspaces.events.fifo.BlockedOrderedQueue$NotifyFifoTask.dequeueAndTrigger(BlockedOrderedQueue.java:319)
	at com.gigaspaces.events.fifo.BlockedOrderedQueue$NotifyFifoTask.run(BlockedOrderedQueue.java:290)
	at com.gigaspaces.internal.utils.concurrent.RunnableContextClassLoaderDecorator.run(RunnableContextClassLoaderDecorator.java:40)
	at java.util.concurrent.ThreadPoolExecutor$Worker.runTask(ThreadPoolExecutor.java:895)
	at java.util.concurrent.ThreadPoolExecutor$Worker.run(ThreadPoolExecutor.java:918)
	at java.lang.Thread.run(Thread.java:695)
aplprolog.Parsing.ParseException: Encountered "<EOF>" at line 1, column 1.
Was expecting one of:
    <CHARACTER_LITERAL> ...
    <STD_IDENTIFIER> ...
    "(" ...
    ";" ...
    "," ...
    "." ...
    "->" ...
    ":-" ...
    "|" ...
    
Error while procession organization notification
java.lang.NullPointerException
	at oopl.DistributedOOPL.handleEvent(DistributedOOPL.java:49)
	at ctMW.EnvCT.notifyOrg(EnvCT.java:682)
	at ctMW.OrgHandler.notify(OrgHandler.java:31)
	at com.j_spaces.core.client.NotifyDelegator.notify(NotifyDelegator.java:142)
	at com.gigaspaces.events.fifo.BlockedOrderedQueue$NotifyFifoTask.dequeueAndTrigger(BlockedOrderedQueue.java:319)
	at com.gigaspaces.events.fifo.BlockedOrderedQueue$NotifyFifoTask.run(BlockedOrderedQueue.java:290)
	at com.gigaspaces.internal.utils.concurrent.RunnableContextClassLoaderDecorator.run(RunnableContextClassLoaderDecorator.java:40)
	at java.util.concurrent.ThreadPoolExecutor$Worker.runTask(ThreadPoolExecutor.java:895)
	at java.util.concurrent.ThreadPoolExecutor$Worker.run(ThreadPoolExecutor.java:918)
	at java.lang.Thread.run(Thread.java:695)
org notification: Chip [id=null, agent=a10, time=2015-05-12 13:50:22.053, color=orange, clock=2, number=3]
org notified sent chip(a10,orange,3,2).
org notification: Tile [id=null, cell=Cell [x=4, y=2], subject=orange, time=2015-05-12 13:49:50.643, clock=0]
org notified sent tile(cell(4,2),orange,0).
object notification: Position [subject=a30, id=null, cell=Cell [x=4, y=4], time=2015-05-12 13:50:21.982, clock=2]
object notification: Chip [id=null, agent=a10, time=2015-05-12 13:50:22.053, color=orange, clock=2, number=3]
Event sent to object      a10 chip(a10, orange, 3, 2)
Event sent to object      a30 position(4, 4, 2)
org notification: Position [subject=a40, id=null, cell=Cell [x=4, y=0], time=2015-05-12 13:50:22.069, clock=2]
org notified sent position(a40,cell(4,0),2).
object notification: Chip [id=null, agent=a10, time=2015-05-12 13:50:22.056, color=red, clock=2, number=3]
Event sent to object      a10 chip(a10, red, 3, 2)
object notification: Chip [id=null, agent=a40, time=2015-05-12 13:50:22.073, color=orange, clock=2, number=2]
Event sent to object      a40 chip(a40, orange, 2, 2)
org notification: Tile [id=null, cell=Cell [x=4, y=3], subject=purple, time=2015-05-12 13:49:50.645, clock=0]
object notification: Chip [id=null, agent=a40, time=2015-05-12 13:50:22.081, color=red, clock=2, number=3]
org notified sent tile(cell(4,3),purple,0).
Event sent to object      a40 chip(a40, red, 3, 2)
object notification: Chip [id=null, agent=a40, time=2015-05-12 13:50:22.084, color=purple, clock=2, number=3]
Event sent to object      a40 chip(a40, purple, 3, 2)
org notification: Chip [id=null, agent=a10, time=2015-05-12 13:50:22.056, color=red, clock=2, number=3]
org notified sent chip(a10,red,3,2).
object notification: Chip [id=null, agent=a40, time=2015-05-12 13:50:22.087, color=green, clock=2, number=2]
Event sent to object      a40 chip(a40, green, 2, 2)
object notification: Chip [id=null, agent=a10, time=2015-05-12 13:50:22.061, color=purple, clock=2, number=3]
Event sent to object      a10 chip(a10, purple, 3, 2)
object notification: Chip [id=null, agent=a10, time=2015-05-12 13:50:22.064, color=green, clock=2, number=3]
object notification: Position [subject=a10, id=null, cell=Cell [x=0, y=0], time=2015-05-12 13:50:22.036, clock=2]
Event sent to object      a10 chip(a10, green, 3, 2)
Event sent to object      a10 position(0, 0, 2)
org notification: Chip [id=null, agent=a10, time=2015-05-12 13:50:22.061, color=purple, clock=2, number=3]
org notified sent chip(a10,purple,3,2).
org notification: Tile [id=null, cell=Cell [x=4, y=4], subject=green, time=2015-05-12 13:49:50.647, clock=0]
org notified sent tile(cell(4,4),green,0).
org notification: Chip [id=null, agent=a10, time=2015-05-12 13:50:22.064, color=green, clock=2, number=3]
org notified sent chip(a10,green,3,2).
org notification: Chip [id=null, agent=a40, time=2015-05-12 13:50:22.073, color=orange, clock=2, number=2]
org notified sent chip(a40,orange,2,2).
org notification: Chip [id=null, agent=a40, time=2015-05-12 13:50:22.081, color=red, clock=2, number=3]
org notified sent chip(a40,red,3,2).
Event processed UpdateClock(2)
Event processed UpdateClock(3)
Event processed UpdateClock(4)
org notification: Chip [id=null, agent=a40, time=2015-05-12 13:50:22.084, color=purple, clock=2, number=3]
org notified sent chip(a40,purple,3,2).
Event processed @ctenv(functionToList(chip(a30, orange, 1, 2)),LIST,0); if B(LIST=[actionresult([TYPE,ID])]) then if B(TYPE=proposal) then {ReceivedMessage(TYPE, ID, open); adopta(received(TYPE, ID, closed) : Infinite, priority 1)} else if B(LIST=[actionresult([TYPE,ID,RESPONSE])]) then if B(TYPE=response) then ReceivedMessage(RESPONSE, ID) else if B(LIST=[actionresult([TYPE])]) then ReceivedEvent(TYPE) else if B(LIST=[actionresult([TYPE,AGENT,ID,RESPONSE])]) then if B(TYPE=proposal) then ReceivedProposal(AGENT, ID, RESPONSE)
Event processed @ctenv(functionToList(chip(a30, red, 1, 2)),LIST,0); if B(LIST=[actionresult([TYPE,ID])]) then if B(TYPE=proposal) then {ReceivedMessage(TYPE, ID, open); adopta(received(TYPE, ID, closed) : Infinite, priority 1)} else if B(LIST=[actionresult([TYPE,ID,RESPONSE])]) then if B(TYPE=response) then ReceivedMessage(RESPONSE, ID) else if B(LIST=[actionresult([TYPE])]) then ReceivedEvent(TYPE) else if B(LIST=[actionresult([TYPE,AGENT,ID,RESPONSE])]) then if B(TYPE=proposal) then ReceivedProposal(AGENT, ID, RESPONSE)
org notification: Chip [id=null, agent=a40, time=2015-05-12 13:50:22.087, color=green, clock=2, number=2]
org notified sent chip(a40,green,2,2).
Event processed @ctenv(functionToList(chip(a30, purple, 3, 2)),LIST,0); if B(LIST=[actionresult([TYPE,ID])]) then if B(TYPE=proposal) then {ReceivedMessage(TYPE, ID, open); adopta(received(TYPE, ID, closed) : Infinite, priority 1)} else if B(LIST=[actionresult([TYPE,ID,RESPONSE])]) then if B(TYPE=response) then ReceivedMessage(RESPONSE, ID) else if B(LIST=[actionresult([TYPE])]) then ReceivedEvent(TYPE) else if B(LIST=[actionresult([TYPE,AGENT,ID,RESPONSE])]) then if B(TYPE=proposal) then ReceivedProposal(AGENT, ID, RESPONSE)
Event processed @ctenv(functionToList(chip(a30, green, 2, 2)),LIST,0); if B(LIST=[actionresult([TYPE,ID])]) then if B(TYPE=proposal) then {ReceivedMessage(TYPE, ID, open); adopta(received(TYPE, ID, closed) : Infinite, priority 1)} else if B(LIST=[actionresult([TYPE,ID,RESPONSE])]) then if B(TYPE=response) then ReceivedMessage(RESPONSE, ID) else if B(LIST=[actionresult([TYPE])]) then ReceivedEvent(TYPE) else if B(LIST=[actionresult([TYPE,AGENT,ID,RESPONSE])]) then if B(TYPE=proposal) then ReceivedProposal(AGENT, ID, RESPONSE)
Event processed UpdatePosition(4, 4)
[CTAH] Array of Terms: [Lapapl.data.Term;@2c12574c
[CTAH] The created APLList : [a30,orange,1,2]
[CTAH] Array of Terms: [Lapapl.data.Term;@36d40ea1
[CTAH] The created APLList : [a30,red,1,2]
[CTAH] Array of Terms: [Lapapl.data.Term;@72194aa8
[CTAH] The created APLList : [a30,purple,3,2]
[CTAH] Array of Terms: [Lapapl.data.Term;@5a74961d
[CTAH] The created APLList : [a30,green,2,2]
Event processed UpdateClock(4)
Event processed adoptObligation(surround(2, 2), 12, reduce(g, 500))
Event processed UpdatePosition(4, 4)
Event processed @ctenv(functionToList(chip(a10, orange, 3, 2)),LIST,0); if B(LIST=[actionresult([TYPE,ID])]) then if B(TYPE=proposal) then {ReceivedMessage(TYPE, ID, open); adopta(received(TYPE, ID, closed) : Infinite, priority 1)} else if B(LIST=[actionresult([TYPE,ID,RESPONSE])]) then if B(TYPE=response) then ReceivedMessage(RESPONSE, ID) else if B(LIST=[actionresult([TYPE])]) then ReceivedEvent(TYPE) else if B(LIST=[actionresult([TYPE,AGENT,ID,RESPONSE])]) then if B(TYPE=proposal) then ReceivedProposal(AGENT, ID, RESPONSE)
Event processed @ctenv(functionToList(chip(a40, orange, 2, 2)),LIST,0); if B(LIST=[actionresult([TYPE,ID])]) then if B(TYPE=proposal) then {ReceivedMessage(TYPE, ID, open); adopta(received(TYPE, ID, closed) : Infinite, priority 1)} else if B(LIST=[actionresult([TYPE,ID,RESPONSE])]) then if B(TYPE=response) then ReceivedMessage(RESPONSE, ID) else if B(LIST=[actionresult([TYPE])]) then ReceivedEvent(TYPE) else if B(LIST=[actionresult([TYPE,AGENT,ID,RESPONSE])]) then if B(TYPE=proposal) then ReceivedProposal(AGENT, ID, RESPONSE)
Event processed @ctenv(functionToList(chip(a10, red, 3, 2)),LIST,0); if B(LIST=[actionresult([TYPE,ID])]) then if B(TYPE=proposal) then {ReceivedMessage(TYPE, ID, open); adopta(received(TYPE, ID, closed) : Infinite, priority 1)} else if B(LIST=[actionresult([TYPE,ID,RESPONSE])]) then if B(TYPE=response) then ReceivedMessage(RESPONSE, ID) else if B(LIST=[actionresult([TYPE])]) then ReceivedEvent(TYPE) else if B(LIST=[actionresult([TYPE,AGENT,ID,RESPONSE])]) then if B(TYPE=proposal) then ReceivedProposal(AGENT, ID, RESPONSE)
Event processed @ctenv(functionToList(chip(a40, red, 3, 2)),LIST,0); if B(LIST=[actionresult([TYPE,ID])]) then if B(TYPE=proposal) then {ReceivedMessage(TYPE, ID, open); adopta(received(TYPE, ID, closed) : Infinite, priority 1)} else if B(LIST=[actionresult([TYPE,ID,RESPONSE])]) then if B(TYPE=response) then ReceivedMessage(RESPONSE, ID) else if B(LIST=[actionresult([TYPE])]) then ReceivedEvent(TYPE) else if B(LIST=[actionresult([TYPE,AGENT,ID,RESPONSE])]) then if B(TYPE=proposal) then ReceivedProposal(AGENT, ID, RESPONSE)
Event processed @ctenv(functionToList(chip(a10, purple, 3, 2)),LIST,0); if B(LIST=[actionresult([TYPE,ID])]) then if B(TYPE=proposal) then {ReceivedMessage(TYPE, ID, open); adopta(received(TYPE, ID, closed) : Infinite, priority 1)} else if B(LIST=[actionresult([TYPE,ID,RESPONSE])]) then if B(TYPE=response) then ReceivedMessage(RESPONSE, ID) else if B(LIST=[actionresult([TYPE])]) then ReceivedEvent(TYPE) else if B(LIST=[actionresult([TYPE,AGENT,ID,RESPONSE])]) then if B(TYPE=proposal) then ReceivedProposal(AGENT, ID, RESPONSE)
Event processed @ctenv(functionToList(chip(a40, purple, 3, 2)),LIST,0); if B(LIST=[actionresult([TYPE,ID])]) then if B(TYPE=proposal) then {ReceivedMessage(TYPE, ID, open); adopta(received(TYPE, ID, closed) : Infinite, priority 1)} else if B(LIST=[actionresult([TYPE,ID,RESPONSE])]) then if B(TYPE=response) then ReceivedMessage(RESPONSE, ID) else if B(LIST=[actionresult([TYPE])]) then ReceivedEvent(TYPE) else if B(LIST=[actionresult([TYPE,AGENT,ID,RESPONSE])]) then if B(TYPE=proposal) then ReceivedProposal(AGENT, ID, RESPONSE)
Event processed @ctenv(functionToList(chip(a40, green, 2, 2)),LIST,0); if B(LIST=[actionresult([TYPE,ID])]) then if B(TYPE=proposal) then {ReceivedMessage(TYPE, ID, open); adopta(received(TYPE, ID, closed) : Infinite, priority 1)} else if B(LIST=[actionresult([TYPE,ID,RESPONSE])]) then if B(TYPE=response) then ReceivedMessage(RESPONSE, ID) else if B(LIST=[actionresult([TYPE])]) then ReceivedEvent(TYPE) else if B(LIST=[actionresult([TYPE,AGENT,ID,RESPONSE])]) then if B(TYPE=proposal) then ReceivedProposal(AGENT, ID, RESPONSE)
Event processed @ctenv(functionToList(chip(a10, green, 3, 2)),LIST,0); if B(LIST=[actionresult([TYPE,ID])]) then if B(TYPE=proposal) then {ReceivedMessage(TYPE, ID, open); adopta(received(TYPE, ID, closed) : Infinite, priority 1)} else if B(LIST=[actionresult([TYPE,ID,RESPONSE])]) then if B(TYPE=response) then ReceivedMessage(RESPONSE, ID) else if B(LIST=[actionresult([TYPE])]) then ReceivedEvent(TYPE) else if B(LIST=[actionresult([TYPE,AGENT,ID,RESPONSE])]) then if B(TYPE=proposal) then ReceivedProposal(AGENT, ID, RESPONSE)
Event processed UpdatePosition(0, 0)
[CTAH] Array of Terms: [Lapapl.data.Term;@3e33f589
[CTAH] The created APLList : [a40,orange,2,2]
[CTAH] Array of Terms: [Lapapl.data.Term;@5ef6a5b6
[CTAH] The created APLList : [a40,red,3,2]
[CTAH] Array of Terms: [Lapapl.data.Term;@12f9806f
[CTAH] The created APLList : [a40,purple,3,2]
[CTAH] Array of Terms: [Lapapl.data.Term;@18dd7c50
[CTAH] The created APLList : [a40,green,2,2]
[CTAH] Array of Terms: [Lapapl.data.Term;@53218797
[CTAH] The created APLList : [a10,orange,3,2]
[CTAH] Array of Terms: [Lapapl.data.Term;@4a46d2e2
[CTAH] The created APLList : [a10,red,3,2]
[CTAH] Array of Terms: [Lapapl.data.Term;@43664d4a
[CTAH] The created APLList : [a10,purple,3,2]
[CTAH] Array of Terms: [Lapapl.data.Term;@715c57d7
[CTAH] The created APLList : [a10,green,3,2]
agent writes: SetGoal [id=null, agent=a10, cell=Cell [x=2, y=1], goal=Cell [x=2, y=2], clock=4, time=2015-05-12 13:50:23.341]
org notification: SetGoal [id=null, agent=a10, cell=Cell [x=2, y=1], goal=Cell [x=2, y=2], clock=4, time=2015-05-12 13:50:23.341]
org notified sent setGoal(a10,2,1,2,2,4).
Organization notifies object (write): Obligation [subject=a10, obligation=[at(2, 1, a10)], sanction=[reduce(a10, 500)], deadline=10, time=2015-05-12 13:50:23.362, clock=4]
object notification: Obligation [subject=a10, obligation=[at(2, 1, a10)], sanction=[reduce(a10, 500)], deadline=10, time=2015-05-12 13:50:23.362, clock=4]
Event sent to object      a10 obligation([at(2, 1, a10)], 10, [reduce(a10, 500)])
Event processed adoptObligation(at(2, 1, a10), 10, reduce(a10, 500))
agent writes: SetGoal [id=null, agent=a20, cell=Cell [x=1, y=2], goal=Cell [x=2, y=2], clock=4, time=2015-05-12 13:50:23.678]
org notification: SetGoal [id=null, agent=a20, cell=Cell [x=1, y=2], goal=Cell [x=2, y=2], clock=4, time=2015-05-12 13:50:23.678]
org notified sent setGoal(a20,1,2,2,2,4).
Organization notifies object (write): Obligation [subject=a20, obligation=[at(1, 2, a20)], sanction=[reduce(a20, 500)], deadline=10, time=2015-05-12 13:50:23.684, clock=4]
agent writes: SetGoal [id=null, agent=a30, cell=Cell [x=3, y=2], goal=Cell [x=2, y=2], clock=4, time=2015-05-12 13:50:23.926]
org notification: SetGoal [id=null, agent=a30, cell=Cell [x=3, y=2], goal=Cell [x=2, y=2], clock=4, time=2015-05-12 13:50:23.926]
org notified sent setGoal(a30,3,2,2,2,4).
Organization notifies object (write): Obligation [subject=a30, obligation=[at(3, 2, a30)], sanction=[reduce(a30, 500)], deadline=10, time=2015-05-12 13:50:23.932, clock=4]
object notification: Obligation [subject=a30, obligation=[at(3, 2, a30)], sanction=[reduce(a30, 500)], deadline=10, time=2015-05-12 13:50:23.932, clock=4]
Event sent to object      a30 obligation([at(3, 2, a30)], 10, [reduce(a30, 500)])
Event processed adoptObligation(at(3, 2, a30), 10, reduce(a30, 500))
object notification: Time [clock=5, time=2015-05-12 13:50:24.076]
Event sent to object      a40 clock(5)
object notification: Time [clock=5, time=2015-05-12 13:50:24.076]
Event sent to object      a30 clock(5)
object notification: Time [clock=5, time=2015-05-12 13:50:24.076]
Event sent to object      a10 clock(5)
org notification: Time [clock=5, time=2015-05-12 13:50:24.076]
org notified sent time(5).
agent writes: SetGoal [id=null, agent=a40, cell=Cell [x=2, y=3], goal=Cell [x=2, y=2], clock=5, time=2015-05-12 13:50:24.103]
org notification: SetGoal [id=null, agent=a40, cell=Cell [x=2, y=3], goal=Cell [x=2, y=2], clock=5, time=2015-05-12 13:50:24.103]
org notified sent setGoal(a40,2,3,2,2,5).
Organization notifies object (write): Obligation [subject=a40, obligation=[at(2, 3, a40)], sanction=[reduce(a40, 500)], deadline=11, time=2015-05-12 13:50:24.108, clock=5]
object notification: Obligation [subject=a40, obligation=[at(2, 3, a40)], sanction=[reduce(a40, 500)], deadline=11, time=2015-05-12 13:50:24.108, clock=5]
Event sent to object      a40 obligation([at(2, 3, a40)], 11, [reduce(a40, 500)])
Event processed UpdateClock(5)
Event processed UpdateClock(5)
Event processed adoptObligation(at(2, 3, a40), 11, reduce(a40, 500))
Event processed UpdateClock(5)
agent writes: Color [id=null, color=green, agent=a10, type=yes, time=2015-05-12 13:50:24.342, clock=5]
org notification: Color [id=null, color=green, agent=a10, type=yes, time=2015-05-12 13:50:24.342, clock=5]
org notified sent color(a10,green,yes,5).
Organization notifies object (write): Obligation [subject=a10, obligation=[at(4, 4, a10)], sanction=[reduce(a10, 50)], deadline=7, time=2015-05-12 13:50:24.361, clock=5]
object notification: Obligation [subject=a10, obligation=[at(4, 4, a10)], sanction=[reduce(a10, 50)], deadline=7, time=2015-05-12 13:50:24.361, clock=5]
Event sent to object      a10 obligation([at(4, 4, a10)], 7, [reduce(a10, 50)])
Event processed adoptObligation(at(4, 4, a10), 7, reduce(a10, 50))
agent writes: Color [id=null, color=green, agent=a20, type=yes, time=2015-05-12 13:50:24.497, clock=5]
org notification: Color [id=null, color=green, agent=a20, type=yes, time=2015-05-12 13:50:24.497, clock=5]
org notified sent color(a20,green,yes,5).
Organization notifies object (write): Obligation [subject=a20, obligation=[at(4, 4, a20)], sanction=[reduce(a20, 50)], deadline=7, time=2015-05-12 13:50:24.501, clock=5]
agent writes: Color [id=null, color=green, agent=a30, type=yes, time=2015-05-12 13:50:24.646, clock=5]
org notification: Color [id=null, color=green, agent=a30, type=yes, time=2015-05-12 13:50:24.646, clock=5]
org notified sent color(a30,green,yes,5).
Organization notifies object (write): Obligation [subject=a30, obligation=[at(4, 4, a30)], sanction=[reduce(a30, 50)], deadline=7, time=2015-05-12 13:50:24.65, clock=5]
object notification: Obligation [subject=a30, obligation=[at(4, 4, a30)], sanction=[reduce(a30, 50)], deadline=7, time=2015-05-12 13:50:24.65, clock=5]
Event sent to object      a30 obligation([at(4, 4, a30)], 7, [reduce(a30, 50)])
Event processed adoptObligation(at(4, 4, a30), 7, reduce(a30, 50))
agent writes: Color [id=null, color=green, agent=a40, type=yes, time=2015-05-12 13:50:24.773, clock=5]
org notification: Color [id=null, color=green, agent=a40, type=yes, time=2015-05-12 13:50:24.773, clock=5]
org notified sent color(a40,green,yes,5).
Organization notifies object (write): Obligation [subject=a40, obligation=[at(4, 4, a40)], sanction=[reduce(a40, 50)], deadline=7, time=2015-05-12 13:50:24.777, clock=5]
object notification: Obligation [subject=a40, obligation=[at(4, 4, a40)], sanction=[reduce(a40, 50)], deadline=7, time=2015-05-12 13:50:24.777, clock=5]
Event sent to object      a40 obligation([at(4, 4, a40)], 7, [reduce(a40, 50)])
Event processed adoptObligation(at(4, 4, a40), 7, reduce(a40, 50))
agent writes: Color [id=null, color=green, agent=a10, type=no, time=2015-05-12 13:50:24.931, clock=5]
org notification: Color [id=null, color=green, agent=a10, type=no, time=2015-05-12 13:50:24.931, clock=5]
org notified sent color(a10,green,no,5).
Organization notifies object (write): Prohibition [subject=a10, prohibition=[at(4, 4, a10)], sanction=[reduce(a10, 50)], clock=5, time=2015-05-12 13:50:24.934]
agent writes: Color [id=null, color=green, agent=a20, type=no, time=2015-05-12 13:50:25.074, clock=5]
agent writes: Color [id=null, color=green, agent=a30, type=no, time=2015-05-12 13:50:25.211, clock=5]
agent writes: Color [id=null, color=green, agent=a40, type=no, time=2015-05-12 13:50:25.378, clock=5]
org notification: Color [id=null, color=green, agent=a20, type=no, time=2015-05-12 13:50:25.074, clock=5]
org notified sent color(a20,green,no,5).
Organization notifies object (write): Prohibition [subject=a20, prohibition=[at(4, 4, a20)], sanction=[reduce(a20, 50)], clock=5, time=2015-05-12 13:50:33.457]
org notification: Color [id=null, color=green, agent=a30, type=no, time=2015-05-12 13:50:25.211, clock=5]
org notified sent color(a30,green,no,5).
Organization notifies object (write): Prohibition [subject=a30, prohibition=[at(4, 4, a30)], sanction=[reduce(a30, 50)], clock=5, time=2015-05-12 13:50:33.469]
object notification: Prohibition [subject=a10, prohibition=[at(4, 4, a10)], sanction=[reduce(a10, 50)], clock=5, time=2015-05-12 13:50:24.934]
Event sent to object      a10 prohibition([at(4, 4, a10)], [reduce(a10, 50)])
Organization writes: Points [subject=a30, time=2015-05-12 13:50:33.48, clock=5, value=950, id=null]
Event processed adoptProhibition(at(4, 4, a10), reduce(a10, 50))
org notification: Color [id=null, color=green, agent=a40, type=no, time=2015-05-12 13:50:25.378, clock=5]
org notified sent color(a40,green,no,5).
Organization notifies object (write): Prohibition [subject=a40, prohibition=[at(4, 4, a40)], sanction=[reduce(a40, 50)], clock=7, time=2015-05-12 13:50:48.948]
object notification: Time [clock=6, time=2015-05-12 13:50:34.079]
Event sent to object      a40 clock(6)
org notification: Time [clock=6, time=2015-05-12 13:50:34.079]
org notified sent time(6).
object notification: Time [clock=6, time=2015-05-12 13:50:34.079]
Event sent to object      a10 clock(6)
object notification: Time [clock=6, time=2015-05-12 13:50:34.079]
Event sent to object      a30 clock(6)
object notification: Time [clock=7, time=2015-05-12 13:50:44.081]
Event sent to object      a40 clock(7)
object notification: Time [clock=7, time=2015-05-12 13:50:44.081]
Event sent to object      a10 clock(7)
object notification: Time [clock=7, time=2015-05-12 13:50:44.081]
Event sent to object      a30 clock(7)
org notification: Time [clock=7, time=2015-05-12 13:50:44.081]
org notified sent time(7).
object notification: Prohibition [subject=a40, prohibition=[at(4, 4, a40)], sanction=[reduce(a40, 50)], clock=7, time=2015-05-12 13:50:48.948]
Event sent to object      a40 prohibition([at(4, 4, a40)], [reduce(a40, 50)])
object notification: Prohibition [subject=a30, prohibition=[at(4, 4, a30)], sanction=[reduce(a30, 50)], clock=5, time=2015-05-12 13:50:33.469]
object notification: Points [subject=a30, time=2015-05-12 13:50:33.48, clock=5, value=950, id=null]
Event sent to object      a30 points(950)
Event sent to object      a30 prohibition([at(4, 4, a30)], [reduce(a30, 50)])
Event processed UpdateClock(6)
Event processed UpdateClock(7)
Event processed UpdatePoints(950)
Event processed adoptProhibition(at(4, 4, a30), reduce(a30, 50))
Event processed UpdateClock(6)
Event processed UpdateClock(7)
Event processed UpdateClock(6)
Event processed UpdateClock(7)
Event processed adoptProhibition(at(4, 4, a40), reduce(a40, 50))
org notification: Time [clock=8, time=2015-05-12 13:50:54.085]
org notified sent time(8).
object notification: Time [clock=8, time=2015-05-12 13:50:54.085]
object notification: Time [clock=8, time=2015-05-12 13:50:54.085]
Event sent to object      a40 clock(8)
Event sent to object      a30 clock(8)
object notification: Time [clock=8, time=2015-05-12 13:50:54.085]
Event sent to object      a10 clock(8)
Organization writes: Points [subject=a10, time=2015-05-12 13:50:54.093, clock=8, value=950, id=null]
Organization writes: Points [subject=a20, time=2015-05-12 13:50:54.095, clock=8, value=950, id=null]
Organization writes: Points [subject=a40, time=2015-05-12 13:50:54.099, clock=8, value=950, id=null]
object notification: Points [subject=a10, time=2015-05-12 13:50:54.093, clock=8, value=950, id=null]
Event sent to object      a10 points(950)
object notification: Points [subject=a40, time=2015-05-12 13:50:54.099, clock=8, value=950, id=null]
Event sent to object      a40 points(950)
Event processed UpdateClock(8)
Event processed UpdateClock(8)
Event processed UpdatePoints(950)
Event processed UpdateClock(8)
Event processed UpdatePoints(950)
org notification: Time [clock=9, time=2015-05-12 13:51:04.088]
org notified sent time(9).
object notification: Time [clock=9, time=2015-05-12 13:51:04.088]
Event sent to object      a10 clock(9)
object notification: Time [clock=9, time=2015-05-12 13:51:04.088]
object notification: Time [clock=9, time=2015-05-12 13:51:04.088]
Event sent to object      a30 clock(9)
Event sent to object      a40 clock(9)
Event processed UpdateClock(9)
Event processed UpdateClock(9)
Event processed UpdateClock(9)
Received a class edu.harvard.eecs.airg.coloredtrails.shared.discourse.BasicProposalDiscourseMessage
[MSG] Message is of type: basicproposal
[MSG] Message is for: 3
org notification: Proposal [id=8541, agent=a20, agent2=a40, clock=9, time=2015-05-12 13:51:07.303]
org notified sent proposal(8541,a20,a40,9).
org notification: Time [clock=10, time=2015-05-12 13:51:14.091]
org notified sent time(10).
object notification: Time [clock=10, time=2015-05-12 13:51:14.091]
Event sent to object      a30 clock(10)
object notification: Time [clock=10, time=2015-05-12 13:51:14.091]
object notification: Time [clock=10, time=2015-05-12 13:51:14.091]
Event sent to object      a40 clock(10)
Event sent to object      a10 clock(10)
Event processed UpdateClock(10)
Event processed UpdateClock(10)
Event processed UpdateClock(10)
org notification: Time [clock=11, time=2015-05-12 13:51:24.093]
org notified sent time(11).
object notification: Time [clock=11, time=2015-05-12 13:51:24.093]
Event sent to object      a10 clock(11)
object notification: Time [clock=11, time=2015-05-12 13:51:24.093]
Event sent to object      a30 clock(11)
object notification: Time [clock=11, time=2015-05-12 13:51:24.093]
Event sent to object      a40 clock(11)
Event processed UpdateClock(11)
Event processed UpdateClock(11)
Event processed UpdateClock(11)
org notification: Time [clock=12, time=2015-05-12 13:51:34.096]
org notified sent time(12).
object notification: Time [clock=12, time=2015-05-12 13:51:34.096]
Event sent to object      a30 clock(12)
object notification: Time [clock=12, time=2015-05-12 13:51:34.096]
Event sent to object      a40 clock(12)
object notification: Time [clock=12, time=2015-05-12 13:51:34.096]
Event sent to object      a10 clock(12)
Event processed UpdateClock(12)
Event processed UpdateClock(12)
Event processed UpdateClock(12)
object notification: Time [clock=13, time=2015-05-12 13:51:44.098]
Event sent to object      a30 clock(13)
org notification: Time [clock=13, time=2015-05-12 13:51:44.098]
org notified sent time(13).
object notification: Time [clock=13, time=2015-05-12 13:51:44.098]
object notification: Time [clock=13, time=2015-05-12 13:51:44.098]
Event sent to object      a40 clock(13)
Event sent to object      a10 clock(13)
Organization writes: Points [subject=a10, time=2015-05-12 13:51:44.107, clock=13, value=875, id=null]
Organization writes: Points [subject=a20, time=2015-05-12 13:51:44.109, clock=13, value=875, id=null]
object notification: Points [subject=a10, time=2015-05-12 13:51:44.107, clock=13, value=875, id=null]
Event sent to object      a10 points(875)
Organization writes: Points [subject=a30, time=2015-05-12 13:51:44.111, clock=13, value=875, id=null]
Organization writes: Points [subject=a40, time=2015-05-12 13:51:44.113, clock=13, value=875, id=null]
object notification: Points [subject=a30, time=2015-05-12 13:51:44.111, clock=13, value=875, id=null]
Event sent to object      a30 points(875)
object notification: Points [subject=a40, time=2015-05-12 13:51:44.113, clock=13, value=875, id=null]
Event sent to object      a40 points(875)
Event processed UpdateClock(13)
Event processed UpdatePoints(875)
Event processed UpdateClock(13)
Event processed UpdatePoints(875)
Event processed UpdateClock(13)
Event processed UpdatePoints(875)
object notification: Time [clock=14, time=2015-05-12 13:51:54.1]
object notification: Time [clock=14, time=2015-05-12 13:51:54.1]
org notification: Time [clock=14, time=2015-05-12 13:51:54.1]
org notified sent time(14).
object notification: Time [clock=14, time=2015-05-12 13:51:54.1]
Event sent to object      a40 clock(14)
Event sent to object      a10 clock(14)
Event sent to object      a30 clock(14)
Event processed UpdateClock(14)
Event processed UpdateClock(14)
Event processed UpdateClock(14)
org notification: Time [clock=15, time=2015-05-12 13:52:04.102]
org notified sent time(15).
object notification: Time [clock=15, time=2015-05-12 13:52:04.102]
Event sent to object      a10 clock(15)
object notification: Time [clock=15, time=2015-05-12 13:52:04.102]
Event sent to object      a30 clock(15)
object notification: Time [clock=15, time=2015-05-12 13:52:04.102]
Event sent to object      a40 clock(15)
Event processed UpdateClock(15)
Event processed UpdateClock(15)
Event processed UpdateClock(15)
org notification: Time [clock=16, time=2015-05-12 13:52:14.104]
org notified sent time(16).
object notification: Time [clock=16, time=2015-05-12 13:52:14.104]
Event sent to object      a40 clock(16)
object notification: Time [clock=16, time=2015-05-12 13:52:14.104]
object notification: Time [clock=16, time=2015-05-12 13:52:14.104]
Event sent to object      a10 clock(16)
Event sent to object      a30 clock(16)
Event processed UpdateClock(16)
Event processed UpdateClock(16)
Event processed UpdateClock(16)
org notification: Time [clock=17, time=2015-05-12 13:52:24.106]
org notified sent time(17).
object notification: Time [clock=17, time=2015-05-12 13:52:24.106]
object notification: Time [clock=17, time=2015-05-12 13:52:24.106]
Event sent to object      a40 clock(17)
object notification: Time [clock=17, time=2015-05-12 13:52:24.106]
Event sent to object      a30 clock(17)
Event sent to object      a10 clock(17)
Event processed UpdateClock(17)
Event processed UpdateClock(17)
Event processed UpdateClock(17)
