2015-05-12 13:32:07,023 CONFIG [com.gigaspaces.logger] - Log file: /Users/dxd/git/ct3/logs/2015-05-12~13.32-gigaspaces-service-128.243.23.149-45650.log
-------------------------last log tuples start--------------------------------
Time [clock=1, time=2015-05-12 13:27:56.842]
Time [clock=6, time=2015-05-12 13:28:46.886]
Time [clock=2, time=2015-05-12 13:28:06.876]
Time [clock=3, time=2015-05-12 13:28:16.878]
Time [clock=4, time=2015-05-12 13:28:26.882]
Time [clock=7, time=2015-05-12 13:28:56.888]
Time [clock=8, time=2015-05-12 13:29:06.89]
Time [clock=5, time=2015-05-12 13:28:36.883]
-------------------------last log tuples end----------------------------------
[CTAH] started agent 10
[CTAH] Added a new agent to the game by the name of 10.
[ENV] added agent a10
[CTAH] started agent 30
[CTAH] Added a new agent to the game by the name of 30.
[ENV] added agent a30
[CTAH] started agent 40
[CTAH] Added a new agent to the game by the name of 40.
[ENV] added agent a40
object notification: Time [clock=1, time=2015-05-12 13:32:18.398]
object notification: Time [clock=1, time=2015-05-12 13:32:18.398]
org notification: Time [clock=1, time=2015-05-12 13:32:18.398]
org notified sent time(1).
object notification: Time [clock=1, time=2015-05-12 13:32:18.398]
Event sent to object      a30 clock(1)
Event sent to object      a10 clock(1)
Event sent to object      a40 clock(1)
org notification: Tile [id=null, cell=Cell [x=0, y=0], subject=green, time=2015-05-12 13:32:21.675, clock=0]
org notified sent tile(cell(0,0),green,0).
object notification: Tile [id=null, cell=Cell [x=0, y=0], subject=green, time=2015-05-12 13:32:21.675, clock=0]
object notification: Tile [id=null, cell=Cell [x=0, y=0], subject=green, time=2015-05-12 13:32:21.675, clock=0]
object notification: Tile [id=null, cell=Cell [x=0, y=0], subject=green, time=2015-05-12 13:32:21.675, clock=0]
org notification: Tile [id=null, cell=Cell [x=0, y=1], subject=green, time=2015-05-12 13:32:21.765, clock=0]
org notified sent tile(cell(0,1),green,0).
object notification: Tile [id=null, cell=Cell [x=0, y=1], subject=green, time=2015-05-12 13:32:21.765, clock=0]
object notification: Tile [id=null, cell=Cell [x=0, y=1], subject=green, time=2015-05-12 13:32:21.765, clock=0]
object notification: Tile [id=null, cell=Cell [x=0, y=1], subject=green, time=2015-05-12 13:32:21.765, clock=0]
org notification: Tile [id=null, cell=Cell [x=0, y=2], subject=red, time=2015-05-12 13:32:21.772, clock=0]
org notified sent tile(cell(0,2),red,0).
object notification: Tile [id=null, cell=Cell [x=0, y=2], subject=red, time=2015-05-12 13:32:21.772, clock=0]
object notification: Tile [id=null, cell=Cell [x=0, y=2], subject=red, time=2015-05-12 13:32:21.772, clock=0]
object notification: Tile [id=null, cell=Cell [x=0, y=2], subject=red, time=2015-05-12 13:32:21.772, clock=0]
org notification: Tile [id=null, cell=Cell [x=0, y=3], subject=orange, time=2015-05-12 13:32:21.779, clock=0]
org notified sent tile(cell(0,3),orange,0).
object notification: Tile [id=null, cell=Cell [x=0, y=3], subject=orange, time=2015-05-12 13:32:21.779, clock=0]
object notification: Tile [id=null, cell=Cell [x=0, y=3], subject=orange, time=2015-05-12 13:32:21.779, clock=0]
object notification: Tile [id=null, cell=Cell [x=0, y=3], subject=orange, time=2015-05-12 13:32:21.779, clock=0]
object notification: Tile [id=null, cell=Cell [x=0, y=4], subject=green, time=2015-05-12 13:32:21.785, clock=0]
object notification: Tile [id=null, cell=Cell [x=0, y=4], subject=green, time=2015-05-12 13:32:21.785, clock=0]
object notification: Tile [id=null, cell=Cell [x=0, y=4], subject=green, time=2015-05-12 13:32:21.785, clock=0]
org notification: Tile [id=null, cell=Cell [x=0, y=4], subject=green, time=2015-05-12 13:32:21.785, clock=0]
org notified sent tile(cell(0,4),green,0).
object notification: Tile [id=null, cell=Cell [x=1, y=0], subject=green, time=2015-05-12 13:32:21.791, clock=0]
object notification: Tile [id=null, cell=Cell [x=1, y=0], subject=green, time=2015-05-12 13:32:21.791, clock=0]
org notification: Tile [id=null, cell=Cell [x=1, y=0], subject=green, time=2015-05-12 13:32:21.791, clock=0]
org notified sent tile(cell(1,0),green,0).
object notification: Tile [id=null, cell=Cell [x=1, y=0], subject=green, time=2015-05-12 13:32:21.791, clock=0]
object notification: Tile [id=null, cell=Cell [x=1, y=1], subject=orange, time=2015-05-12 13:32:21.797, clock=0]
org notification: Tile [id=null, cell=Cell [x=1, y=1], subject=orange, time=2015-05-12 13:32:21.797, clock=0]
org notified sent tile(cell(1,1),orange,0).
object notification: Tile [id=null, cell=Cell [x=1, y=1], subject=orange, time=2015-05-12 13:32:21.797, clock=0]
org notification: Tile [id=null, cell=Cell [x=1, y=2], subject=red, time=2015-05-12 13:32:21.801, clock=0]
org notified sent tile(cell(1,2),red,0).
object notification: Tile [id=null, cell=Cell [x=1, y=1], subject=orange, time=2015-05-12 13:32:21.797, clock=0]
object notification: Tile [id=null, cell=Cell [x=1, y=2], subject=red, time=2015-05-12 13:32:21.801, clock=0]
object notification: Tile [id=null, cell=Cell [x=1, y=2], subject=red, time=2015-05-12 13:32:21.801, clock=0]
org notification: Tile [id=null, cell=Cell [x=1, y=3], subject=red, time=2015-05-12 13:32:21.803, clock=0]
org notified sent tile(cell(1,3),red,0).
object notification: Tile [id=null, cell=Cell [x=1, y=2], subject=red, time=2015-05-12 13:32:21.801, clock=0]
object notification: Tile [id=null, cell=Cell [x=1, y=3], subject=red, time=2015-05-12 13:32:21.803, clock=0]
object notification: Tile [id=null, cell=Cell [x=1, y=3], subject=red, time=2015-05-12 13:32:21.803, clock=0]
object notification: Tile [id=null, cell=Cell [x=1, y=4], subject=purple, time=2015-05-12 13:32:21.809, clock=0]
object notification: Tile [id=null, cell=Cell [x=1, y=3], subject=red, time=2015-05-12 13:32:21.803, clock=0]
org notification: Tile [id=null, cell=Cell [x=1, y=4], subject=purple, time=2015-05-12 13:32:21.809, clock=0]
org notified sent tile(cell(1,4),purple,0).
object notification: Tile [id=null, cell=Cell [x=1, y=4], subject=purple, time=2015-05-12 13:32:21.809, clock=0]
object notification: Tile [id=null, cell=Cell [x=1, y=4], subject=purple, time=2015-05-12 13:32:21.809, clock=0]
object notification: Tile [id=null, cell=Cell [x=2, y=0], subject=red, time=2015-05-12 13:32:21.814, clock=0]
org notification: Tile [id=null, cell=Cell [x=2, y=0], subject=red, time=2015-05-12 13:32:21.814, clock=0]
org notified sent tile(cell(2,0),red,0).
object notification: Tile [id=null, cell=Cell [x=2, y=0], subject=red, time=2015-05-12 13:32:21.814, clock=0]
object notification: Tile [id=null, cell=Cell [x=2, y=0], subject=red, time=2015-05-12 13:32:21.814, clock=0]
object notification: Tile [id=null, cell=Cell [x=2, y=1], subject=red, time=2015-05-12 13:32:21.819, clock=0]
org notification: Tile [id=null, cell=Cell [x=2, y=1], subject=red, time=2015-05-12 13:32:21.819, clock=0]
org notified sent tile(cell(2,1),red,0).
object notification: Tile [id=null, cell=Cell [x=2, y=2], subject=green, time=2015-05-12 13:32:21.827, clock=0]
object notification: Tile [id=null, cell=Cell [x=2, y=3], subject=purple, time=2015-05-12 13:32:21.83, clock=0]
object notification: Tile [id=null, cell=Cell [x=2, y=4], subject=red, time=2015-05-12 13:32:21.832, clock=0]
object notification: Tile [id=null, cell=Cell [x=3, y=0], subject=red, time=2015-05-12 13:32:21.835, clock=0]
org notification: Goal [id=null, cell=Cell [x=2, y=2], agent=null, time=2015-05-12 13:32:21.915, clock=0]
org notified sent goal(cell(2,2),null,0).
Organization notifies object (write): Obligation [subject=a10, obligation=[surround(2, 2)], sanction=[reduce(g, 500)], deadline=11, time=2015-05-12 13:32:21.948, clock=1]
object notification: Tile [id=null, cell=Cell [x=2, y=1], subject=red, time=2015-05-12 13:32:21.819, clock=0]
object notification: Tile [id=null, cell=Cell [x=2, y=2], subject=green, time=2015-05-12 13:32:21.827, clock=0]
object notification: Tile [id=null, cell=Cell [x=2, y=3], subject=purple, time=2015-05-12 13:32:21.83, clock=0]
object notification: Tile [id=null, cell=Cell [x=2, y=4], subject=red, time=2015-05-12 13:32:21.832, clock=0]
object notification: Tile [id=null, cell=Cell [x=3, y=0], subject=red, time=2015-05-12 13:32:21.835, clock=0]
object notification: Tile [id=null, cell=Cell [x=3, y=1], subject=orange, time=2015-05-12 13:32:21.845, clock=0]
object notification: Tile [id=null, cell=Cell [x=3, y=2], subject=purple, time=2015-05-12 13:32:21.85, clock=0]
object notification: Tile [id=null, cell=Cell [x=3, y=3], subject=purple, time=2015-05-12 13:32:21.856, clock=0]
object notification: Tile [id=null, cell=Cell [x=3, y=4], subject=orange, time=2015-05-12 13:32:21.858, clock=0]
object notification: Tile [id=null, cell=Cell [x=4, y=0], subject=green, time=2015-05-12 13:32:21.86, clock=0]
object notification: Tile [id=null, cell=Cell [x=4, y=1], subject=purple, time=2015-05-12 13:32:21.862, clock=0]
object notification: Tile [id=null, cell=Cell [x=4, y=2], subject=orange, time=2015-05-12 13:32:21.868, clock=0]
object notification: Tile [id=null, cell=Cell [x=4, y=3], subject=purple, time=2015-05-12 13:32:21.871, clock=0]
object notification: Tile [id=null, cell=Cell [x=4, y=4], subject=green, time=2015-05-12 13:32:21.874, clock=0]
Event processed UpdateClock(1)
Event processed UpdateClock(1)
Event processed UpdateClock(1)
object notification: Tile [id=null, cell=Cell [x=3, y=1], subject=orange, time=2015-05-12 13:32:21.845, clock=0]
object notification: Tile [id=null, cell=Cell [x=3, y=2], subject=purple, time=2015-05-12 13:32:21.85, clock=0]
object notification: Tile [id=null, cell=Cell [x=3, y=3], subject=purple, time=2015-05-12 13:32:21.856, clock=0]
object notification: Tile [id=null, cell=Cell [x=2, y=1], subject=red, time=2015-05-12 13:32:21.819, clock=0]
org notification: Tile [id=null, cell=Cell [x=2, y=2], subject=green, time=2015-05-12 13:32:21.827, clock=0]
org notified sent tile(cell(2,2),green,0).
object notification: Tile [id=null, cell=Cell [x=2, y=2], subject=green, time=2015-05-12 13:32:21.827, clock=0]
object notification: Tile [id=null, cell=Cell [x=2, y=3], subject=purple, time=2015-05-12 13:32:21.83, clock=0]
object notification: Tile [id=null, cell=Cell [x=2, y=4], subject=red, time=2015-05-12 13:32:21.832, clock=0]
org notification: Tile [id=null, cell=Cell [x=2, y=3], subject=purple, time=2015-05-12 13:32:21.83, clock=0]
org notified sent tile(cell(2,3),purple,0).
object notification: Tile [id=null, cell=Cell [x=3, y=0], subject=red, time=2015-05-12 13:32:21.835, clock=0]
object notification: Tile [id=null, cell=Cell [x=3, y=1], subject=orange, time=2015-05-12 13:32:21.845, clock=0]
object notification: Time [clock=2, time=2015-05-12 13:32:28.507]
object notification: Time [clock=2, time=2015-05-12 13:32:28.507]
org notification: Time [clock=2, time=2015-05-12 13:32:28.507]
org notified sent time(2).
object notification: Tile [id=null, cell=Cell [x=3, y=2], subject=purple, time=2015-05-12 13:32:21.85, clock=0]
object notification: Tile [id=null, cell=Cell [x=3, y=3], subject=purple, time=2015-05-12 13:32:21.856, clock=0]
object notification: Tile [id=null, cell=Cell [x=3, y=4], subject=orange, time=2015-05-12 13:32:21.858, clock=0]
object notification: Time [clock=2, time=2015-05-12 13:32:28.507]
org notification: Time [clock=3, time=2015-05-12 13:32:38.51]
org notified sent time(3).
object notification: Tile [id=null, cell=Cell [x=4, y=0], subject=green, time=2015-05-12 13:32:21.86, clock=0]
Event sent to object      a40 clock(2)
Event sent to object      a30 clock(2)
object notification: Tile [id=null, cell=Cell [x=4, y=1], subject=purple, time=2015-05-12 13:32:21.862, clock=0]
object notification: Tile [id=null, cell=Cell [x=3, y=4], subject=orange, time=2015-05-12 13:32:21.858, clock=0]
object notification: Time [clock=3, time=2015-05-12 13:32:38.51]
Event sent to object      a30 clock(3)
object notification: Tile [id=null, cell=Cell [x=4, y=2], subject=orange, time=2015-05-12 13:32:21.868, clock=0]
object notification: Tile [id=null, cell=Cell [x=4, y=0], subject=green, time=2015-05-12 13:32:21.86, clock=0]
object notification: Time [clock=3, time=2015-05-12 13:32:38.51]
object notification: Time [clock=4, time=2015-05-12 13:32:48.515]
Event sent to object      a30 clock(4)
object notification: Tile [id=null, cell=Cell [x=4, y=1], subject=purple, time=2015-05-12 13:32:21.862, clock=0]
object notification: Tile [id=null, cell=Cell [x=4, y=2], subject=orange, time=2015-05-12 13:32:21.868, clock=0]
object notification: Tile [id=null, cell=Cell [x=4, y=3], subject=purple, time=2015-05-12 13:32:21.871, clock=0]
Event sent to object      a10 clock(2)
object notification: Tile [id=null, cell=Cell [x=4, y=4], subject=green, time=2015-05-12 13:32:21.874, clock=0]
object notification: Time [clock=3, time=2015-05-12 13:32:38.51]
Event sent to object      a10 clock(3)
object notification: Time [clock=4, time=2015-05-12 13:32:48.515]
Event sent to object      a10 clock(4)
Event sent to object      a40 clock(3)
org notification: Tile [id=null, cell=Cell [x=2, y=4], subject=red, time=2015-05-12 13:32:21.832, clock=0]
org notified sent tile(cell(2,4),red,0).
object notification: Time [clock=4, time=2015-05-12 13:32:48.515]
Event sent to object      a40 clock(4)
org notification: Tile [id=null, cell=Cell [x=3, y=0], subject=red, time=2015-05-12 13:32:21.835, clock=0]
org notified sent tile(cell(3,0),red,0).
object notification: Tile [id=null, cell=Cell [x=4, y=3], subject=purple, time=2015-05-12 13:32:21.871, clock=0]
org notification: Time [clock=4, time=2015-05-12 13:32:48.515]
org notified sent time(4).
object notification: Obligation [subject=a10, obligation=[surround(2, 2)], sanction=[reduce(g, 500)], deadline=11, time=2015-05-12 13:32:21.948, clock=1]
object notification: Tile [id=null, cell=Cell [x=4, y=4], subject=green, time=2015-05-12 13:32:21.874, clock=0]
Event sent to object      a10 obligation([surround(2, 2)], 11, [reduce(g, 500)])
org notification: Tile [id=null, cell=Cell [x=3, y=1], subject=orange, time=2015-05-12 13:32:21.845, clock=0]
org notified sent tile(cell(3,1),orange,0).
org notification: Tile [id=null, cell=Cell [x=3, y=2], subject=purple, time=2015-05-12 13:32:21.85, clock=0]
org notified sent tile(cell(3,2),purple,0).
org notification: Tile [id=null, cell=Cell [x=3, y=3], subject=purple, time=2015-05-12 13:32:21.856, clock=0]
org notified sent tile(cell(3,3),purple,0).
org notification: Position [subject=a40, id=null, cell=Cell [x=4, y=0], time=2015-05-12 13:32:53.244, clock=2]
org notified sent position(a40,cell(4,0),2).
object notification: Position [subject=a40, id=null, cell=Cell [x=4, y=0], time=2015-05-12 13:32:53.244, clock=2]
Event sent to object      a40 position(4, 4, 2)
org notification: Chip [id=null, agent=a40, time=2015-05-12 13:32:53.261, color=orange, clock=2, number=2]
org notified sent chip(a40,orange,2,2).
Event processed UpdateClock(2)
Event processed UpdateClock(3)
Event processed UpdateClock(4)
object notification: Chip [id=null, agent=a40, time=2015-05-12 13:32:53.261, color=orange, clock=2, number=2]
Event sent to object      a40 chip(a40, orange, 2, 2)
Event processed UpdateClock(2)
Event processed UpdateClock(3)
object notification: Position [subject=a10, id=null, cell=Cell [x=0, y=0], time=2015-05-12 13:32:53.297, clock=2]
Event sent to object      a10 position(0, 0, 2)
Event processed UpdateClock(4)
org notification: Tile [id=null, cell=Cell [x=3, y=4], subject=orange, time=2015-05-12 13:32:21.858, clock=0]
org notified sent tile(cell(3,4),orange,0).
Event processed UpdatePosition(4, 4)
org notification: Position [subject=a10, id=null, cell=Cell [x=0, y=0], time=2015-05-12 13:32:53.297, clock=2]
org notified sent position(a10,cell(0,0),2).
Event processed @ctenv(functionToList(chip(a40, orange, 2, 2)),LIST,0); if B(LIST=[actionresult([TYPE,ID])]) then if B(TYPE=proposal) then {ReceivedMessage(TYPE, ID, open); adopta(received(TYPE, ID, closed) : Infinite, priority 1)} else if B(LIST=[actionresult([TYPE,ID,RESPONSE])]) then if B(TYPE=response) then ReceivedMessage(RESPONSE, ID) else if B(LIST=[actionresult([TYPE])]) then ReceivedEvent(TYPE) else if B(LIST=[actionresult([TYPE,AGENT,ID,RESPONSE])]) then if B(TYPE=proposal) then ReceivedProposal(AGENT, ID, RESPONSE)
org notification: Tile [id=null, cell=Cell [x=4, y=0], subject=green, time=2015-05-12 13:32:21.86, clock=0]
org notified sent tile(cell(4,0),green,0).
object notification: Chip [id=null, agent=a40, time=2015-05-12 13:32:53.287, color=red, clock=2, number=3]
Event sent to object      a40 chip(a40, red, 3, 2)
org notification: Chip [id=null, agent=a40, time=2015-05-12 13:32:53.287, color=red, clock=2, number=3]
org notified sent chip(a40,red,3,2).
org notification: Position [subject=a20, id=null, cell=Cell [x=0, y=4], time=2015-05-12 13:32:53.312, clock=2]
org notified sent position(a20,cell(0,4),2).
org notification: Chip [id=null, agent=a40, time=2015-05-12 13:32:53.29, color=purple, clock=2, number=3]
org notified sent chip(a40,purple,3,2).
object notification: Chip [id=null, agent=a40, time=2015-05-12 13:32:53.29, color=purple, clock=2, number=3]
Event sent to object      a40 chip(a40, purple, 3, 2)
object notification: Chip [id=null, agent=a10, time=2015-05-12 13:32:53.3, color=orange, clock=2, number=3]
Event sent to object      a10 chip(a10, orange, 3, 2)
object notification: Chip [id=null, agent=a10, time=2015-05-12 13:32:53.303, color=red, clock=2, number=3]
Event sent to object      a10 chip(a10, red, 3, 2)
object notification: Chip [id=null, agent=a10, time=2015-05-12 13:32:53.307, color=purple, clock=2, number=3]
Event sent to object      a10 chip(a10, purple, 3, 2)
org notification: Tile [id=null, cell=Cell [x=4, y=1], subject=purple, time=2015-05-12 13:32:21.862, clock=0]
org notified sent tile(cell(4,1),purple,0).
object notification: Chip [id=null, agent=a40, time=2015-05-12 13:32:53.294, color=green, clock=2, number=2]
Event sent to object      a40 chip(a40, green, 2, 2)
object notification: Chip [id=null, agent=a30, time=2015-05-12 13:32:53.398, color=orange, clock=2, number=1]
Event sent to object      a30 chip(a30, orange, 1, 2)
object notification: Position [subject=a30, id=null, cell=Cell [x=4, y=4], time=2015-05-12 13:32:53.39, clock=2]
Event sent to object      a30 position(4, 4, 2)
object notification: Chip [id=null, agent=a30, time=2015-05-12 13:32:53.402, color=red, clock=2, number=1]
Event sent to object      a30 chip(a30, red, 1, 2)
object notification: Chip [id=null, agent=a10, time=2015-05-12 13:32:53.31, color=green, clock=2, number=3]
object notification: Chip [id=null, agent=a30, time=2015-05-12 13:32:53.409, color=purple, clock=2, number=3]
Event sent to object      a30 chip(a30, purple, 3, 2)
object notification: Chip [id=null, agent=a30, time=2015-05-12 13:32:53.415, color=green, clock=2, number=2]
Event sent to object      a10 chip(a10, green, 3, 2)
Event sent to object      a30 chip(a30, green, 2, 2)
org notification: Chip [id=null, agent=a40, time=2015-05-12 13:32:53.294, color=green, clock=2, number=2]
org notified sent chip(a40,green,2,2).
org notification: Position [subject=a30, id=null, cell=Cell [x=4, y=4], time=2015-05-12 13:32:53.39, clock=2]
org notified sent position(a30,cell(4,4),2).
org notification: Chip [id=null, agent=a10, time=2015-05-12 13:32:53.3, color=orange, clock=2, number=3]
org notified sent chip(a10,orange,3,2).
org notification: Chip [id=null, agent=a10, time=2015-05-12 13:32:53.303, color=red, clock=2, number=3]
org notified sent chip(a10,red,3,2).
org notification: Tile [id=null, cell=Cell [x=4, y=2], subject=orange, time=2015-05-12 13:32:21.868, clock=0]
org notified sent tile(cell(4,2),orange,0).
org notification: Tile [id=null, cell=Cell [x=4, y=3], subject=purple, time=2015-05-12 13:32:21.871, clock=0]
org notified sent tile(cell(4,3),purple,0).
org notification: Tile [id=null, cell=Cell [x=4, y=4], subject=green, time=2015-05-12 13:32:21.874, clock=0]
org notified sent tile(cell(4,4),green,0).
org notification: Chip [id=null, agent=a10, time=2015-05-12 13:32:53.307, color=purple, clock=2, number=3]
org notified sent chip(a10,purple,3,2).
org notification: Chip [id=null, agent=a10, time=2015-05-12 13:32:53.31, color=green, clock=2, number=3]
org notified sent chip(a10,green,3,2).
org notification: Chip [id=null, agent=a20, time=2015-05-12 13:32:53.315, color=orange, clock=2, number=2]
org notified sent chip(a20,orange,2,2).
org notification: Chip [id=null, agent=a20, time=2015-05-12 13:32:53.317, color=red, clock=2, number=3]
org notified sent chip(a20,red,3,2).
org notification: Chip [id=null, agent=a20, time=2015-05-12 13:32:53.326, color=purple, clock=2, number=1]
org notified sent chip(a20,purple,1,2).
org notification: Chip [id=null, agent=a20, time=2015-05-12 13:32:53.37, color=green, clock=2, number=2]
org notified sent chip(a20,green,2,2).
org notification: Chip [id=null, agent=a30, time=2015-05-12 13:32:53.398, color=orange, clock=2, number=1]
org notified sent chip(a30,orange,1,2).
org notification: Chip [id=null, agent=a30, time=2015-05-12 13:32:53.402, color=red, clock=2, number=1]
org notified sent chip(a30,red,1,2).
org notification: Chip [id=null, agent=a30, time=2015-05-12 13:32:53.409, color=purple, clock=2, number=3]
org notified sent chip(a30,purple,3,2).
org notification: Chip [id=null, agent=a30, time=2015-05-12 13:32:53.415, color=green, clock=2, number=2]
org notified sent chip(a30,green,2,2).
Event processed UpdateClock(2)
Event processed UpdateClock(3)
Event processed UpdateClock(4)
Event processed adoptObligation(surround(2, 2), 11, reduce(g, 500))
Event processed UpdatePosition(0, 0)
Event processed @ctenv(functionToList(chip(a10, orange, 3, 2)),LIST,0); if B(LIST=[actionresult([TYPE,ID])]) then if B(TYPE=proposal) then {ReceivedMessage(TYPE, ID, open); adopta(received(TYPE, ID, closed) : Infinite, priority 1)} else if B(LIST=[actionresult([TYPE,ID,RESPONSE])]) then if B(TYPE=response) then ReceivedMessage(RESPONSE, ID) else if B(LIST=[actionresult([TYPE])]) then ReceivedEvent(TYPE) else if B(LIST=[actionresult([TYPE,AGENT,ID,RESPONSE])]) then if B(TYPE=proposal) then ReceivedProposal(AGENT, ID, RESPONSE)
Event processed @ctenv(functionToList(chip(a10, red, 3, 2)),LIST,0); if B(LIST=[actionresult([TYPE,ID])]) then if B(TYPE=proposal) then {ReceivedMessage(TYPE, ID, open); adopta(received(TYPE, ID, closed) : Infinite, priority 1)} else if B(LIST=[actionresult([TYPE,ID,RESPONSE])]) then if B(TYPE=response) then ReceivedMessage(RESPONSE, ID) else if B(LIST=[actionresult([TYPE])]) then ReceivedEvent(TYPE) else if B(LIST=[actionresult([TYPE,AGENT,ID,RESPONSE])]) then if B(TYPE=proposal) then ReceivedProposal(AGENT, ID, RESPONSE)
Event processed @ctenv(functionToList(chip(a10, purple, 3, 2)),LIST,0); if B(LIST=[actionresult([TYPE,ID])]) then if B(TYPE=proposal) then {ReceivedMessage(TYPE, ID, open); adopta(received(TYPE, ID, closed) : Infinite, priority 1)} else if B(LIST=[actionresult([TYPE,ID,RESPONSE])]) then if B(TYPE=response) then ReceivedMessage(RESPONSE, ID) else if B(LIST=[actionresult([TYPE])]) then ReceivedEvent(TYPE) else if B(LIST=[actionresult([TYPE,AGENT,ID,RESPONSE])]) then if B(TYPE=proposal) then ReceivedProposal(AGENT, ID, RESPONSE)
Event processed @ctenv(functionToList(chip(a10, green, 3, 2)),LIST,0); if B(LIST=[actionresult([TYPE,ID])]) then if B(TYPE=proposal) then {ReceivedMessage(TYPE, ID, open); adopta(received(TYPE, ID, closed) : Infinite, priority 1)} else if B(LIST=[actionresult([TYPE,ID,RESPONSE])]) then if B(TYPE=response) then ReceivedMessage(RESPONSE, ID) else if B(LIST=[actionresult([TYPE])]) then ReceivedEvent(TYPE) else if B(LIST=[actionresult([TYPE,AGENT,ID,RESPONSE])]) then if B(TYPE=proposal) then ReceivedProposal(AGENT, ID, RESPONSE)
[CTAH] Array of Terms: [Lapapl.data.Term;@39c9bd1a
[CTAH] The created APLList : [a40,orange,2,2]
Event processed @ctenv(functionToList(chip(a30, orange, 1, 2)),LIST,0); if B(LIST=[actionresult([TYPE,ID])]) then if B(TYPE=proposal) then {ReceivedMessage(TYPE, ID, open); adopta(received(TYPE, ID, closed) : Infinite, priority 1)} else if B(LIST=[actionresult([TYPE,ID,RESPONSE])]) then if B(TYPE=response) then ReceivedMessage(RESPONSE, ID) else if B(LIST=[actionresult([TYPE])]) then ReceivedEvent(TYPE) else if B(LIST=[actionresult([TYPE,AGENT,ID,RESPONSE])]) then if B(TYPE=proposal) then ReceivedProposal(AGENT, ID, RESPONSE)
Event processed UpdatePosition(4, 4)
Event processed @ctenv(functionToList(chip(a30, red, 1, 2)),LIST,0); if B(LIST=[actionresult([TYPE,ID])]) then if B(TYPE=proposal) then {ReceivedMessage(TYPE, ID, open); adopta(received(TYPE, ID, closed) : Infinite, priority 1)} else if B(LIST=[actionresult([TYPE,ID,RESPONSE])]) then if B(TYPE=response) then ReceivedMessage(RESPONSE, ID) else if B(LIST=[actionresult([TYPE])]) then ReceivedEvent(TYPE) else if B(LIST=[actionresult([TYPE,AGENT,ID,RESPONSE])]) then if B(TYPE=proposal) then ReceivedProposal(AGENT, ID, RESPONSE)
Event processed @ctenv(functionToList(chip(a30, purple, 3, 2)),LIST,0); if B(LIST=[actionresult([TYPE,ID])]) then if B(TYPE=proposal) then {ReceivedMessage(TYPE, ID, open); adopta(received(TYPE, ID, closed) : Infinite, priority 1)} else if B(LIST=[actionresult([TYPE,ID,RESPONSE])]) then if B(TYPE=response) then ReceivedMessage(RESPONSE, ID) else if B(LIST=[actionresult([TYPE])]) then ReceivedEvent(TYPE) else if B(LIST=[actionresult([TYPE,AGENT,ID,RESPONSE])]) then if B(TYPE=proposal) then ReceivedProposal(AGENT, ID, RESPONSE)
Event processed @ctenv(functionToList(chip(a30, green, 2, 2)),LIST,0); if B(LIST=[actionresult([TYPE,ID])]) then if B(TYPE=proposal) then {ReceivedMessage(TYPE, ID, open); adopta(received(TYPE, ID, closed) : Infinite, priority 1)} else if B(LIST=[actionresult([TYPE,ID,RESPONSE])]) then if B(TYPE=response) then ReceivedMessage(RESPONSE, ID) else if B(LIST=[actionresult([TYPE])]) then ReceivedEvent(TYPE) else if B(LIST=[actionresult([TYPE,AGENT,ID,RESPONSE])]) then if B(TYPE=proposal) then ReceivedProposal(AGENT, ID, RESPONSE)
[CTAH] Array of Terms: [Lapapl.data.Term;@47c22350
[CTAH] The created APLList : [a10,orange,3,2]
Event processed @ctenv(functionToList(chip(a40, red, 3, 2)),LIST,0); if B(LIST=[actionresult([TYPE,ID])]) then if B(TYPE=proposal) then {ReceivedMessage(TYPE, ID, open); adopta(received(TYPE, ID, closed) : Infinite, priority 1)} else if B(LIST=[actionresult([TYPE,ID,RESPONSE])]) then if B(TYPE=response) then ReceivedMessage(RESPONSE, ID) else if B(LIST=[actionresult([TYPE])]) then ReceivedEvent(TYPE) else if B(LIST=[actionresult([TYPE,AGENT,ID,RESPONSE])]) then if B(TYPE=proposal) then ReceivedProposal(AGENT, ID, RESPONSE)
[CTAH] Array of Terms: [Lapapl.data.Term;@37b241c1
[CTAH] The created APLList : [a10,purple,3,2]
Event processed @ctenv(functionToList(chip(a40, purple, 3, 2)),LIST,0); if B(LIST=[actionresult([TYPE,ID])]) then if B(TYPE=proposal) then {ReceivedMessage(TYPE, ID, open); adopta(received(TYPE, ID, closed) : Infinite, priority 1)} else if B(LIST=[actionresult([TYPE,ID,RESPONSE])]) then if B(TYPE=response) then ReceivedMessage(RESPONSE, ID) else if B(LIST=[actionresult([TYPE])]) then ReceivedEvent(TYPE) else if B(LIST=[actionresult([TYPE,AGENT,ID,RESPONSE])]) then if B(TYPE=proposal) then ReceivedProposal(AGENT, ID, RESPONSE)
Event processed @ctenv(functionToList(chip(a40, green, 2, 2)),LIST,0); if B(LIST=[actionresult([TYPE,ID])]) then if B(TYPE=proposal) then {ReceivedMessage(TYPE, ID, open); adopta(received(TYPE, ID, closed) : Infinite, priority 1)} else if B(LIST=[actionresult([TYPE,ID,RESPONSE])]) then if B(TYPE=response) then ReceivedMessage(RESPONSE, ID) else if B(LIST=[actionresult([TYPE])]) then ReceivedEvent(TYPE) else if B(LIST=[actionresult([TYPE,AGENT,ID,RESPONSE])]) then if B(TYPE=proposal) then ReceivedProposal(AGENT, ID, RESPONSE)
[CTAH] Array of Terms: [Lapapl.data.Term;@17fb0278
[CTAH] The created APLList : [a10,red,3,2]
[CTAH] Array of Terms: [Lapapl.data.Term;@605f2094
[CTAH] The created APLList : [a10,green,3,2]
[CTAH] Array of Terms: [Lapapl.data.Term;@7b3aaba1
[CTAH] The created APLList : [a30,orange,1,2]
[CTAH] Array of Terms: [Lapapl.data.Term;@48da163b
[CTAH] The created APLList : [a30,red,1,2]
[CTAH] Array of Terms: [Lapapl.data.Term;@30596dc
[CTAH] Array of Terms: [Lapapl.data.Term;@63f34710
[CTAH] The created APLList : [a30,purple,3,2]
[CTAH] The created APLList : [a30,green,2,2]
[CTAH] Array of Terms: [Lapapl.data.Term;@6b3f07fd
[CTAH] The created APLList : [a40,red,3,2]
[CTAH] Array of Terms: [Lapapl.data.Term;@7725aa0c
[CTAH] The created APLList : [a40,purple,3,2]
[CTAH] Array of Terms: [Lapapl.data.Term;@49bf36f0
[CTAH] The created APLList : [a40,green,2,2]
agent writes: SetGoal [id=null, agent=a10, cell=Cell [x=2, y=1], goal=Cell [x=2, y=2], clock=4, time=2015-05-12 13:32:55.153]
org notification: SetGoal [id=null, agent=a10, cell=Cell [x=2, y=1], goal=Cell [x=2, y=2], clock=4, time=2015-05-12 13:32:55.153]
org notified sent setGoal(a10,2,1,2,2,4).
Organization notifies object (write): Obligation [subject=a10, obligation=[at(2, 1, a10)], sanction=[reduce(a10, 500)], deadline=10, time=2015-05-12 13:32:55.217, clock=4]
object notification: Obligation [subject=a10, obligation=[at(2, 1, a10)], sanction=[reduce(a10, 500)], deadline=10, time=2015-05-12 13:32:55.217, clock=4]
Event sent to object      a10 obligation([at(2, 1, a10)], 10, [reduce(a10, 500)])
Event processed adoptObligation(at(2, 1, a10), 10, reduce(a10, 500))
agent writes: SetGoal [id=null, agent=a20, cell=Cell [x=1, y=2], goal=Cell [x=2, y=2], clock=4, time=2015-05-12 13:32:55.438]
agent writes: SetGoal [id=null, agent=a30, cell=Cell [x=3, y=2], goal=Cell [x=2, y=2], clock=4, time=2015-05-12 13:32:55.717]
agent writes: SetGoal [id=null, agent=a40, cell=Cell [x=2, y=3], goal=Cell [x=2, y=2], clock=4, time=2015-05-12 13:32:56.019]
agent writes: Color [id=null, color=green, agent=a10, type=yes, time=2015-05-12 13:32:56.288, clock=4]
agent writes: Color [id=null, color=green, agent=a20, type=yes, time=2015-05-12 13:32:56.518, clock=4]
agent writes: Color [id=null, color=green, agent=a30, type=yes, time=2015-05-12 13:32:56.788, clock=4]
agent writes: Color [id=null, color=green, agent=a40, type=yes, time=2015-05-12 13:32:57.045, clock=4]
agent writes: Color [id=null, color=green, agent=a10, type=no, time=2015-05-12 13:32:57.294, clock=4]
agent writes: Color [id=null, color=green, agent=a20, type=no, time=2015-05-12 13:32:57.496, clock=4]
agent writes: Color [id=null, color=green, agent=a30, type=no, time=2015-05-12 13:32:57.774, clock=4]
agent writes: Color [id=null, color=green, agent=a40, type=no, time=2015-05-12 13:32:58.025, clock=4]
org notification: SetGoal [id=null, agent=a20, cell=Cell [x=1, y=2], goal=Cell [x=2, y=2], clock=4, time=2015-05-12 13:32:55.438]
org notified sent setGoal(a20,1,2,2,2,4).
Organization notifies object (write): Obligation [subject=a20, obligation=[at(1, 2, a20)], sanction=[reduce(a20, 500)], deadline=10, time=2015-05-12 13:32:59.445, clock=5]
org notification: SetGoal [id=null, agent=a30, cell=Cell [x=3, y=2], goal=Cell [x=2, y=2], clock=4, time=2015-05-12 13:32:55.717]
org notified sent setGoal(a30,3,2,2,2,4).
Organization notifies object (write): Obligation [subject=a30, obligation=[at(3, 2, a30)], sanction=[reduce(a30, 500)], deadline=10, time=2015-05-12 13:33:07.499, clock=5]
org notification: SetGoal [id=null, agent=a40, cell=Cell [x=2, y=3], goal=Cell [x=2, y=2], clock=4, time=2015-05-12 13:32:56.019]
org notified sent setGoal(a40,2,3,2,2,4).
Organization notifies object (write): Obligation [subject=a40, obligation=[at(2, 3, a40)], sanction=[reduce(a40, 500)], deadline=10, time=2015-05-12 13:33:07.504, clock=5]
org notification: Color [id=null, color=green, agent=a10, type=yes, time=2015-05-12 13:32:56.288, clock=4]
org notified sent color(a10,green,yes,4).
Organization notifies object (write): Obligation [subject=a10, obligation=[at(4, 4, a10)], sanction=[reduce(a10, 50)], deadline=6, time=2015-05-12 13:33:20.292, clock=7]
org notification: Color [id=null, color=green, agent=a20, type=yes, time=2015-05-12 13:32:56.518, clock=4]
org notified sent color(a20,green,yes,4).
Organization notifies object (write): Obligation [subject=a20, obligation=[at(4, 4, a20)], sanction=[reduce(a20, 50)], deadline=6, time=2015-05-12 13:33:24.186, clock=7]
org notification: Color [id=null, color=green, agent=a30, type=yes, time=2015-05-12 13:32:56.788, clock=4]
org notified sent color(a30,green,yes,4).
Organization notifies object (write): Obligation [subject=a30, obligation=[at(4, 4, a30)], sanction=[reduce(a30, 50)], deadline=6, time=2015-05-12 13:33:24.201, clock=7]
org notification: Color [id=null, color=green, agent=a40, type=yes, time=2015-05-12 13:32:57.045, clock=4]
org notified sent color(a40,green,yes,4).
Organization notifies object (write): Obligation [subject=a40, obligation=[at(4, 4, a40)], sanction=[reduce(a40, 50)], deadline=6, time=2015-05-12 13:33:24.214, clock=7]
org notification: Color [id=null, color=green, agent=a10, type=no, time=2015-05-12 13:32:57.294, clock=4]
org notified sent color(a10,green,no,4).
Organization notifies object (write): Prohibition [subject=a10, prohibition=[at(4, 4, a10)], sanction=[reduce(a10, 50)], clock=7, time=2015-05-12 13:33:24.223]
org notification: Color [id=null, color=green, agent=a20, type=no, time=2015-05-12 13:32:57.496, clock=4]
org notified sent color(a20,green,no,4).
Organization notifies object (write): Prohibition [subject=a20, prohibition=[at(4, 4, a20)], sanction=[reduce(a20, 50)], clock=7, time=2015-05-12 13:33:24.241]
org notification: Color [id=null, color=green, agent=a30, type=no, time=2015-05-12 13:32:57.774, clock=4]
org notified sent color(a30,green,no,4).
Organization notifies object (write): Prohibition [subject=a30, prohibition=[at(4, 4, a30)], sanction=[reduce(a30, 50)], clock=7, time=2015-05-12 13:33:24.26]
Organization writes: Points [subject=a30, time=2015-05-12 13:33:24.267, clock=4, value=950, id=null]
org notification: Color [id=null, color=green, agent=a40, type=no, time=2015-05-12 13:32:58.025, clock=4]
org notified sent color(a40,green,no,4).
object notification: Time [clock=5, time=2015-05-12 13:32:58.516]
Event sent to object      a10 clock(5)
object notification: Time [clock=5, time=2015-05-12 13:32:58.516]
Event sent to object      a30 clock(5)
object notification: Time [clock=5, time=2015-05-12 13:32:58.516]
Event sent to object      a40 clock(5)
org notification: Time [clock=5, time=2015-05-12 13:32:58.516]
org notified sent time(5).
Organization notifies object (write): Prohibition [subject=a40, prohibition=[at(4, 4, a40)], sanction=[reduce(a40, 50)], clock=7, time=2015-05-12 13:33:24.287]
Event processed UpdateClock(5)
Event processed UpdateClock(5)
Event processed UpdateClock(5)
object notification: Obligation [subject=a30, obligation=[at(3, 2, a30)], sanction=[reduce(a30, 500)], deadline=10, time=2015-05-12 13:33:07.499, clock=5]
object notification: Obligation [subject=a40, obligation=[at(2, 3, a40)], sanction=[reduce(a40, 500)], deadline=10, time=2015-05-12 13:33:07.504, clock=5]
object notification: Obligation [subject=a10, obligation=[at(4, 4, a10)], sanction=[reduce(a10, 50)], deadline=6, time=2015-05-12 13:33:20.292, clock=7]
object notification: Time [clock=6, time=2015-05-12 13:33:08.519]
Event sent to object      a30 obligation([at(3, 2, a30)], 10, [reduce(a30, 500)])
org notification: Time [clock=6, time=2015-05-12 13:33:08.519]
org notified sent time(6).
object notification: Time [clock=6, time=2015-05-12 13:33:08.519]
object notification: Time [clock=6, time=2015-05-12 13:33:08.519]
Event sent to object      a10 obligation([at(4, 4, a10)], 6, [reduce(a10, 50)])
Event sent to object      a40 clock(6)
Event sent to object      a40 obligation([at(2, 3, a40)], 10, [reduce(a40, 500)])
Event sent to object      a30 clock(6)
Event sent to object      a10 clock(6)
object notification: Time [clock=7, time=2015-05-12 13:33:18.521]
object notification: Time [clock=7, time=2015-05-12 13:33:18.521]
Event sent to object      a30 clock(7)
Event sent to object      a10 clock(7)
object notification: Time [clock=7, time=2015-05-12 13:33:18.521]
Event sent to object      a40 clock(7)
org notification: Time [clock=7, time=2015-05-12 13:33:18.521]
org notified sent time(7).
Organization writes: Points [subject=a10, time=2015-05-12 13:33:26.235, clock=7, value=950, id=null]
Organization writes: Points [subject=a20, time=2015-05-12 13:33:26.238, clock=7, value=950, id=null]
Organization writes: Points [subject=a40, time=2015-05-12 13:33:26.24, clock=7, value=950, id=null]
Event processed adoptObligation(at(4, 4, a10), 6, reduce(a10, 50))
Event processed UpdateClock(6)
Event processed UpdateClock(7)
Event processed adoptObligation(at(2, 3, a40), 10, reduce(a40, 500))
Event processed UpdateClock(6)
Event processed UpdateClock(7)
Event processed adoptObligation(at(3, 2, a30), 10, reduce(a30, 500))
Event processed UpdateClock(6)
Event processed UpdateClock(7)
object notification: Obligation [subject=a30, obligation=[at(4, 4, a30)], sanction=[reduce(a30, 50)], deadline=6, time=2015-05-12 13:33:24.201, clock=7]
Event sent to object      a30 obligation([at(4, 4, a30)], 6, [reduce(a30, 50)])
object notification: Obligation [subject=a40, obligation=[at(4, 4, a40)], sanction=[reduce(a40, 50)], deadline=6, time=2015-05-12 13:33:24.214, clock=7]
Event processed adoptObligation(at(4, 4, a30), 6, reduce(a30, 50))
Event sent to object      a40 obligation([at(4, 4, a40)], 6, [reduce(a40, 50)])
object notification: Prohibition [subject=a10, prohibition=[at(4, 4, a10)], sanction=[reduce(a10, 50)], clock=7, time=2015-05-12 13:33:24.223]
Event sent to object      a10 prohibition([at(4, 4, a10)], [reduce(a10, 50)])
Event processed adoptProhibition(at(4, 4, a10), reduce(a10, 50))
Event processed adoptObligation(at(4, 4, a40), 6, reduce(a40, 50))
object notification: Prohibition [subject=a30, prohibition=[at(4, 4, a30)], sanction=[reduce(a30, 50)], clock=7, time=2015-05-12 13:33:24.26]
Event sent to object      a30 prohibition([at(4, 4, a30)], [reduce(a30, 50)])
Event processed adoptProhibition(at(4, 4, a30), reduce(a30, 50))
object notification: Points [subject=a30, time=2015-05-12 13:33:24.267, clock=4, value=950, id=null]
Event sent to object      a30 points(950)
object notification: Prohibition [subject=a40, prohibition=[at(4, 4, a40)], sanction=[reduce(a40, 50)], clock=7, time=2015-05-12 13:33:24.287]
Event sent to object      a40 prohibition([at(4, 4, a40)], [reduce(a40, 50)])
Event processed adoptProhibition(at(4, 4, a40), reduce(a40, 50))
Event processed UpdatePoints(950)
object notification: Points [subject=a10, time=2015-05-12 13:33:26.235, clock=7, value=950, id=null]
Event sent to object      a10 points(950)
object notification: Points [subject=a40, time=2015-05-12 13:33:26.24, clock=7, value=950, id=null]
Event sent to object      a40 points(950)
Event processed UpdatePoints(950)
Event processed UpdatePoints(950)
object notification: Time [clock=8, time=2015-05-12 13:33:28.524]
Event sent to object      a10 clock(8)
object notification: Time [clock=8, time=2015-05-12 13:33:28.524]
Event sent to object      a40 clock(8)
object notification: Time [clock=8, time=2015-05-12 13:33:28.524]
Event sent to object      a30 clock(8)
org notification: Time [clock=8, time=2015-05-12 13:33:28.524]
org notified sent time(8).
object notification: Time [clock=9, time=2015-05-12 13:33:38.545]
Event sent to object      a10 clock(9)
object notification: Time [clock=9, time=2015-05-12 13:33:38.545]
Event sent to object      a30 clock(9)
object notification: Time [clock=9, time=2015-05-12 13:33:38.545]
Event sent to object      a40 clock(9)
object notification: Time [clock=10, time=2015-05-12 13:33:48.548]
object notification: Time [clock=10, time=2015-05-12 13:33:48.548]
Event sent to object      a30 clock(10)
object notification: Time [clock=10, time=2015-05-12 13:33:48.548]
Event sent to object      a40 clock(10)
Event sent to object      a10 clock(10)
org notification: Time [clock=9, time=2015-05-12 13:33:38.545]
org notified sent time(9).
org notification: Time [clock=10, time=2015-05-12 13:33:48.548]
org notified sent time(10).
Event processed UpdateClock(8)
Event processed UpdateClock(9)
Event processed UpdateClock(10)
Event processed UpdateClock(8)
Event processed UpdateClock(9)
Event processed UpdateClock(10)
Event processed UpdateClock(8)
Event processed UpdateClock(9)
Event processed UpdateClock(10)
object notification: Time [clock=11, time=2015-05-12 13:33:58.55]
Event sent to object      a30 clock(11)
object notification: Time [clock=11, time=2015-05-12 13:33:58.55]
Event sent to object      a10 clock(11)
object notification: Time [clock=11, time=2015-05-12 13:33:58.55]
Event sent to object      a40 clock(11)
org notification: Time [clock=11, time=2015-05-12 13:33:58.55]
org notified sent time(11).
Event processed UpdateClock(11)
Event processed UpdateClock(11)
Event processed UpdateClock(11)
object notification: Time [clock=12, time=2015-05-12 13:34:08.553]
Event sent to object      a30 clock(12)
object notification: Time [clock=12, time=2015-05-12 13:34:08.553]
org notification: Time [clock=12, time=2015-05-12 13:34:08.553]
org notified sent time(12).
Event sent to object      a10 clock(12)
object notification: Time [clock=12, time=2015-05-12 13:34:08.553]
Event sent to object      a40 clock(12)
Organization writes: Points [subject=a10, time=2015-05-12 13:34:08.565, clock=12, value=875, id=null]
Organization writes: Points [subject=a20, time=2015-05-12 13:34:08.568, clock=12, value=875, id=null]
object notification: Points [subject=a10, time=2015-05-12 13:34:08.565, clock=12, value=875, id=null]
Event sent to object      a10 points(875)
Event processed UpdateClock(12)
Organization writes: Points [subject=a30, time=2015-05-12 13:34:08.571, clock=12, value=875, id=null]
Organization writes: Points [subject=a40, time=2015-05-12 13:34:08.573, clock=12, value=875, id=null]
object notification: Points [subject=a30, time=2015-05-12 13:34:08.571, clock=12, value=875, id=null]
Event sent to object      a30 points(875)
object notification: Points [subject=a40, time=2015-05-12 13:34:08.573, clock=12, value=875, id=null]
Event sent to object      a40 points(875)
Event processed UpdateClock(12)
Event processed UpdatePoints(875)
Event processed UpdateClock(12)
Event processed UpdatePoints(875)
Event processed UpdatePoints(875)
object notification: Time [clock=13, time=2015-05-12 13:34:18.556]
org notification: Time [clock=13, time=2015-05-12 13:34:18.556]
Event sent to object      a10 clock(13)
object notification: Time [clock=13, time=2015-05-12 13:34:18.556]
org notified sent time(13).
Event sent to object      a30 clock(13)
object notification: Time [clock=13, time=2015-05-12 13:34:18.556]
Event sent to object      a40 clock(13)
Event processed UpdateClock(13)
Event processed UpdateClock(13)
Event processed UpdateClock(13)
object notification: Time [clock=14, time=2015-05-12 13:34:28.559]
object notification: Time [clock=14, time=2015-05-12 13:34:28.559]
Event sent to object      a30 clock(14)
Event sent to object      a10 clock(14)
org notification: Time [clock=14, time=2015-05-12 13:34:28.559]
org notified sent time(14).
object notification: Time [clock=14, time=2015-05-12 13:34:28.559]
Event sent to object      a40 clock(14)
Event processed UpdateClock(14)
Event processed UpdateClock(14)
Event processed UpdateClock(14)
object notification: Time [clock=15, time=2015-05-12 13:34:38.561]
object notification: Time [clock=15, time=2015-05-12 13:34:38.561]
object notification: Time [clock=15, time=2015-05-12 13:34:38.561]
Event sent to object      a30 clock(15)
org notification: Time [clock=15, time=2015-05-12 13:34:38.561]
Event sent to object      a40 clock(15)
Event sent to object      a10 clock(15)
org notified sent time(15).
Event processed UpdateClock(15)
Event processed UpdateClock(15)
Event processed UpdateClock(15)
object notification: Time [clock=16, time=2015-05-12 13:34:48.565]
Event sent to object      a10 clock(16)
org notification: Time [clock=16, time=2015-05-12 13:34:48.565]
org notified sent time(16).
object notification: Time [clock=16, time=2015-05-12 13:34:48.565]
object notification: Time [clock=16, time=2015-05-12 13:34:48.565]
Event sent to object      a30 clock(16)
Event sent to object      a40 clock(16)
Event processed UpdateClock(16)
Event processed UpdateClock(16)
Event processed UpdateClock(16)
object notification: Time [clock=17, time=2015-05-12 13:34:58.568]
object notification: Time [clock=17, time=2015-05-12 13:34:58.568]
org notification: Time [clock=17, time=2015-05-12 13:34:58.568]
org notified sent time(17).
object notification: Time [clock=17, time=2015-05-12 13:34:58.568]
Event sent to object      a30 clock(17)
Event sent to object      a40 clock(17)
Event sent to object      a10 clock(17)
Event processed UpdateClock(17)
Event processed UpdateClock(17)
Event processed UpdateClock(17)
CT Client thread still alive
CT Client thread still alive
CT Client thread still alive
object notification: Time [clock=18, time=2015-05-12 13:35:08.57]
Event sent to object      a10 clock(18)
object notification: Time [clock=18, time=2015-05-12 13:35:08.57]
object notification: Time [clock=18, time=2015-05-12 13:35:08.57]
Event sent to object      a30 clock(18)
org notification: Time [clock=18, time=2015-05-12 13:35:08.57]
org notified sent time(18).
Event sent to object      a40 clock(18)
Event processed UpdateClock(18)
Event processed UpdateClock(18)
Event processed UpdateClock(18)
object notification: Time [clock=19, time=2015-05-12 13:35:18.575]
Event sent to object      a30 clock(19)
org notification: Time [clock=19, time=2015-05-12 13:35:18.575]
org notified sent time(19).
object notification: Time [clock=19, time=2015-05-12 13:35:18.575]
Event sent to object      a10 clock(19)
object notification: Time [clock=19, time=2015-05-12 13:35:18.575]
Event sent to object      a40 clock(19)
Event processed UpdateClock(19)
Event processed UpdateClock(19)
Event processed UpdateClock(19)
object notification: Time [clock=20, time=2015-05-12 13:35:28.578]
Event sent to object      a30 clock(20)
object notification: Time [clock=20, time=2015-05-12 13:35:28.578]
Event sent to object      a40 clock(20)
object notification: Time [clock=20, time=2015-05-12 13:35:28.578]
Event sent to object      a10 clock(20)
org notification: Time [clock=20, time=2015-05-12 13:35:28.578]
org notified sent time(20).
Event processed UpdateClock(20)
Event processed UpdateClock(20)
Event processed UpdateClock(20)
object notification: Time [clock=21, time=2015-05-12 13:35:38.581]
object notification: Time [clock=21, time=2015-05-12 13:35:38.581]
Event sent to object      a30 clock(21)
Event sent to object      a10 clock(21)
object notification: Time [clock=21, time=2015-05-12 13:35:38.581]
Event sent to object      a40 clock(21)
org notification: Time [clock=21, time=2015-05-12 13:35:38.581]
org notified sent time(21).
Event processed UpdateClock(21)
Event processed UpdateClock(21)
Event processed UpdateClock(21)
object notification: Time [clock=22, time=2015-05-12 13:35:48.582]
Event sent to object      a10 clock(22)
object notification: Time [clock=22, time=2015-05-12 13:35:48.582]
org notification: Time [clock=22, time=2015-05-12 13:35:48.582]
org notified sent time(22).
object notification: Time [clock=22, time=2015-05-12 13:35:48.582]
Event sent to object      a30 clock(22)
Event sent to object      a40 clock(22)
Event processed UpdateClock(22)
Event processed UpdateClock(22)
Event processed UpdateClock(22)
object notification: Time [clock=23, time=2015-05-12 13:35:58.585]
Event sent to object      a30 clock(23)
object notification: Time [clock=23, time=2015-05-12 13:35:58.585]
Event sent to object      a10 clock(23)
object notification: Time [clock=23, time=2015-05-12 13:35:58.585]
Event sent to object      a40 clock(23)
org notification: Time [clock=23, time=2015-05-12 13:35:58.585]
org notified sent time(23).
Event processed UpdateClock(23)
Event processed UpdateClock(23)
Event processed UpdateClock(23)
object notification: Time [clock=24, time=2015-05-12 13:36:08.597]
Event sent to object      a30 clock(24)
object notification: Time [clock=24, time=2015-05-12 13:36:08.597]
Event sent to object      a40 clock(24)
org notification: Time [clock=24, time=2015-05-12 13:36:08.597]
org notified sent time(24).
object notification: Time [clock=24, time=2015-05-12 13:36:08.597]
Event sent to object      a10 clock(24)
Event processed UpdateClock(24)
Event processed UpdateClock(24)
Event processed UpdateClock(24)
object notification: Time [clock=25, time=2015-05-12 13:36:18.599]
Event sent to object      a30 clock(25)
object notification: Time [clock=25, time=2015-05-12 13:36:18.599]
org notification: Time [clock=25, time=2015-05-12 13:36:18.599]
org notified sent time(25).
object notification: Time [clock=25, time=2015-05-12 13:36:18.599]
Event sent to object      a40 clock(25)
Event sent to object      a10 clock(25)
Event processed UpdateClock(25)
Event processed UpdateClock(25)
Event processed UpdateClock(25)
object notification: Time [clock=26, time=2015-05-12 13:36:28.602]
Event sent to object      a30 clock(26)
org notification: Time [clock=26, time=2015-05-12 13:36:28.602]
org notified sent time(26).
object notification: Time [clock=26, time=2015-05-12 13:36:28.602]
Event sent to object      a10 clock(26)
object notification: Time [clock=26, time=2015-05-12 13:36:28.602]
Event sent to object      a40 clock(26)
Event processed UpdateClock(26)
Event processed UpdateClock(26)
Event processed UpdateClock(26)
object notification: Time [clock=27, time=2015-05-12 13:36:38.605]
Event sent to object      a30 clock(27)
object notification: Time [clock=27, time=2015-05-12 13:36:38.605]
object notification: Time [clock=27, time=2015-05-12 13:36:38.605]
Event sent to object      a10 clock(27)
Event sent to object      a40 clock(27)
org notification: Time [clock=27, time=2015-05-12 13:36:38.605]
org notified sent time(27).
Event processed UpdateClock(27)
Event processed UpdateClock(27)
Event processed UpdateClock(27)
object notification: Time [clock=28, time=2015-05-12 13:36:48.606]
Event sent to object      a30 clock(28)
org notification: Time [clock=28, time=2015-05-12 13:36:48.606]
org notified sent time(28).
object notification: Time [clock=28, time=2015-05-12 13:36:48.606]
Event sent to object      a40 clock(28)
object notification: Time [clock=28, time=2015-05-12 13:36:48.606]
Event sent to object      a10 clock(28)
Event processed UpdateClock(28)
Event processed UpdateClock(28)
Event processed UpdateClock(28)
object notification: Time [clock=29, time=2015-05-12 13:36:58.609]
Event sent to object      a30 clock(29)
object notification: Time [clock=29, time=2015-05-12 13:36:58.609]
org notification: Time [clock=29, time=2015-05-12 13:36:58.609]
Event sent to object      a10 clock(29)
org notified sent time(29).
object notification: Time [clock=29, time=2015-05-12 13:36:58.609]
Event sent to object      a40 clock(29)
Event processed UpdateClock(29)
Event processed UpdateClock(29)
Event processed UpdateClock(29)
object notification: Time [clock=30, time=2015-05-12 13:37:08.615]
Event sent to object      a10 clock(30)
object notification: Time [clock=30, time=2015-05-12 13:37:08.615]
Event sent to object      a40 clock(30)
object notification: Time [clock=30, time=2015-05-12 13:37:08.615]
org notification: Time [clock=30, time=2015-05-12 13:37:08.615]
org notified sent time(30).
Event sent to object      a30 clock(30)
Event processed UpdateClock(30)
Event processed UpdateClock(30)
Event processed UpdateClock(30)
object notification: Time [clock=31, time=2015-05-12 13:37:18.618]
Event sent to object      a40 clock(31)
object notification: Time [clock=31, time=2015-05-12 13:37:18.618]
object notification: Time [clock=31, time=2015-05-12 13:37:18.618]
Event sent to object      a30 clock(31)
Event sent to object      a10 clock(31)
org notification: Time [clock=31, time=2015-05-12 13:37:18.618]
org notified sent time(31).
Event processed UpdateClock(31)
Event processed UpdateClock(31)
Event processed UpdateClock(31)
object notification: Time [clock=32, time=2015-05-12 13:37:28.62]
object notification: Time [clock=32, time=2015-05-12 13:37:28.62]
Event sent to object      a10 clock(32)
object notification: Time [clock=32, time=2015-05-12 13:37:28.62]
Event sent to object      a40 clock(32)
Event sent to object      a30 clock(32)
org notification: Time [clock=32, time=2015-05-12 13:37:28.62]
org notified sent time(32).
Event processed UpdateClock(32)
Event processed UpdateClock(32)
Event processed UpdateClock(32)
object notification: Time [clock=33, time=2015-05-12 13:37:38.629]
object notification: Time [clock=33, time=2015-05-12 13:37:38.629]
Event sent to object      a40 clock(33)
object notification: Time [clock=33, time=2015-05-12 13:37:38.629]
org notification: Time [clock=33, time=2015-05-12 13:37:38.629]
Event sent to object      a10 clock(33)
Event sent to object      a30 clock(33)
org notified sent time(33).
Event processed UpdateClock(33)
Event processed UpdateClock(33)
Event processed UpdateClock(33)
object notification: Time [clock=34, time=2015-05-12 13:37:48.633]
Event sent to object      a30 clock(34)
object notification: Time [clock=34, time=2015-05-12 13:37:48.633]
org notification: Time [clock=34, time=2015-05-12 13:37:48.633]
org notified sent time(34).
object notification: Time [clock=34, time=2015-05-12 13:37:48.633]
Event sent to object      a10 clock(34)
Event sent to object      a40 clock(34)
Event processed UpdateClock(34)
Event processed UpdateClock(34)
Event processed UpdateClock(34)
object notification: Time [clock=35, time=2015-05-12 13:37:58.635]
object notification: Time [clock=35, time=2015-05-12 13:37:58.635]
Event sent to object      a30 clock(35)
Event sent to object      a40 clock(35)
org notification: Time [clock=35, time=2015-05-12 13:37:58.635]
object notification: Time [clock=35, time=2015-05-12 13:37:58.635]
Event sent to object      a10 clock(35)
org notified sent time(35).
Event processed UpdateClock(35)
Event processed UpdateClock(35)
Event processed UpdateClock(35)
object notification: Time [clock=36, time=2015-05-12 13:38:08.637]
Event sent to object      a30 clock(36)
object notification: Time [clock=36, time=2015-05-12 13:38:08.637]
org notification: Time [clock=36, time=2015-05-12 13:38:08.637]
org notified sent time(36).
object notification: Time [clock=36, time=2015-05-12 13:38:08.637]
Event sent to object      a40 clock(36)
Event sent to object      a10 clock(36)
Event processed UpdateClock(36)
Event processed UpdateClock(36)
Event processed UpdateClock(36)
object notification: Time [clock=37, time=2015-05-12 13:38:18.639]
Event sent to object      a30 clock(37)
object notification: Time [clock=37, time=2015-05-12 13:38:18.639]
Event sent to object      a40 clock(37)
object notification: Time [clock=37, time=2015-05-12 13:38:18.639]
org notification: Time [clock=37, time=2015-05-12 13:38:18.639]
org notified sent time(37).
Event sent to object      a10 clock(37)
Event processed UpdateClock(37)
Event processed UpdateClock(37)
Event processed UpdateClock(37)
object notification: Time [clock=38, time=2015-05-12 13:38:28.642]
Event sent to object      a30 clock(38)
object notification: Time [clock=38, time=2015-05-12 13:38:28.642]
Event sent to object      a40 clock(38)
org notification: Time [clock=38, time=2015-05-12 13:38:28.642]
org notified sent time(38).
object notification: Time [clock=38, time=2015-05-12 13:38:28.642]
Event sent to object      a10 clock(38)
Event processed UpdateClock(38)
Event processed UpdateClock(38)
Event processed UpdateClock(38)
object notification: Time [clock=39, time=2015-05-12 13:38:38.645]
Event sent to object      a10 clock(39)
object notification: Time [clock=39, time=2015-05-12 13:38:38.645]
org notification: Time [clock=39, time=2015-05-12 13:38:38.645]
org notified sent time(39).
Event sent to object      a30 clock(39)
object notification: Time [clock=39, time=2015-05-12 13:38:38.645]
Event sent to object      a40 clock(39)
Event processed UpdateClock(39)
Event processed UpdateClock(39)
Event processed UpdateClock(39)
object notification: Time [clock=40, time=2015-05-12 13:38:48.648]
object notification: Time [clock=40, time=2015-05-12 13:38:48.648]
Event sent to object      a10 clock(40)
Event sent to object      a30 clock(40)
object notification: Time [clock=40, time=2015-05-12 13:38:48.648]
Event sent to object      a40 clock(40)
org notification: Time [clock=40, time=2015-05-12 13:38:48.648]
org notified sent time(40).
Event processed UpdateClock(40)
Event processed UpdateClock(40)
Event processed UpdateClock(40)
object notification: Time [clock=41, time=2015-05-12 13:38:58.65]
Event sent to object      a30 clock(41)
object notification: Time [clock=41, time=2015-05-12 13:38:58.65]
Event sent to object      a10 clock(41)
object notification: Time [clock=41, time=2015-05-12 13:38:58.65]
Event sent to object      a40 clock(41)
org notification: Time [clock=41, time=2015-05-12 13:38:58.65]
org notified sent time(41).
Event processed UpdateClock(41)
Event processed UpdateClock(41)
Event processed UpdateClock(41)
object notification: Time [clock=42, time=2015-05-12 13:39:08.665]
Event sent to object      a30 clock(42)
object notification: Time [clock=42, time=2015-05-12 13:39:08.665]
Event sent to object      a40 clock(42)
org notification: Time [clock=42, time=2015-05-12 13:39:08.665]
org notified sent time(42).
object notification: Time [clock=42, time=2015-05-12 13:39:08.665]
Event sent to object      a10 clock(42)
Event processed UpdateClock(42)
Event processed UpdateClock(42)
Event processed UpdateClock(42)
object notification: Time [clock=43, time=2015-05-12 13:39:18.669]
org notification: Time [clock=43, time=2015-05-12 13:39:18.669]
org notified sent time(43).
object notification: Time [clock=43, time=2015-05-12 13:39:18.669]
Event sent to object      a40 clock(43)
Event sent to object      a10 clock(43)
object notification: Time [clock=43, time=2015-05-12 13:39:18.669]
Event sent to object      a30 clock(43)
Event processed UpdateClock(43)
Event processed UpdateClock(43)
Event processed UpdateClock(43)
org notification: Time [clock=44, time=2015-05-12 13:39:28.671]
org notified sent time(44).
object notification: Time [clock=44, time=2015-05-12 13:39:28.671]
object notification: Time [clock=44, time=2015-05-12 13:39:28.671]
Event sent to object      a10 clock(44)
Event sent to object      a30 clock(44)
object notification: Time [clock=44, time=2015-05-12 13:39:28.671]
Event sent to object      a40 clock(44)
Event processed UpdateClock(44)
Event processed UpdateClock(44)
Event processed UpdateClock(44)
object notification: Time [clock=45, time=2015-05-12 13:39:38.674]
object notification: Time [clock=45, time=2015-05-12 13:39:38.674]
Event sent to object      a10 clock(45)
Event sent to object      a30 clock(45)
object notification: Time [clock=45, time=2015-05-12 13:39:38.674]
Event sent to object      a40 clock(45)
org notification: Time [clock=45, time=2015-05-12 13:39:38.674]
org notified sent time(45).
Event processed UpdateClock(45)
Event processed UpdateClock(45)
Event processed UpdateClock(45)
object notification: Time [clock=46, time=2015-05-12 13:39:48.676]
Event sent to object      a30 clock(46)
object notification: Time [clock=46, time=2015-05-12 13:39:48.676]
object notification: Time [clock=46, time=2015-05-12 13:39:48.676]
Event sent to object      a10 clock(46)
Event sent to object      a40 clock(46)
org notification: Time [clock=46, time=2015-05-12 13:39:48.676]
org notified sent time(46).
Event processed UpdateClock(46)
Event processed UpdateClock(46)
Event processed UpdateClock(46)
object notification: Time [clock=47, time=2015-05-12 13:39:58.68]
Event sent to object      a10 clock(47)
object notification: Time [clock=47, time=2015-05-12 13:39:58.68]
object notification: Time [clock=47, time=2015-05-12 13:39:58.68]
org notification: Time [clock=47, time=2015-05-12 13:39:58.68]
Event sent to object      a40 clock(47)
Event sent to object      a30 clock(47)
org notified sent time(47).
Event processed UpdateClock(47)
Event processed UpdateClock(47)
Event processed UpdateClock(47)
object notification: Time [clock=48, time=2015-05-12 13:40:08.682]
Event sent to object      a30 clock(48)
object notification: Time [clock=48, time=2015-05-12 13:40:08.682]
object notification: Time [clock=48, time=2015-05-12 13:40:08.682]
org notification: Time [clock=48, time=2015-05-12 13:40:08.682]
org notified sent time(48).
Event sent to object      a40 clock(48)
Event sent to object      a10 clock(48)
Event processed UpdateClock(48)
Event processed UpdateClock(48)
Event processed UpdateClock(48)
org notification: Time [clock=49, time=2015-05-12 13:40:18.685]
org notified sent time(49).
object notification: Time [clock=49, time=2015-05-12 13:40:18.685]
Event sent to object      a40 clock(49)
object notification: Time [clock=49, time=2015-05-12 13:40:18.685]
Event sent to object      a30 clock(49)
object notification: Time [clock=49, time=2015-05-12 13:40:18.685]
Event sent to object      a10 clock(49)
Event processed UpdateClock(49)
Event processed UpdateClock(49)
Event processed UpdateClock(49)
object notification: Time [clock=50, time=2015-05-12 13:40:28.687]
Event sent to object      a40 clock(50)
object notification: Time [clock=50, time=2015-05-12 13:40:28.687]
org notification: Time [clock=50, time=2015-05-12 13:40:28.687]
org notified sent time(50).
object notification: Time [clock=50, time=2015-05-12 13:40:28.687]
Event sent to object      a30 clock(50)
Event sent to object      a10 clock(50)
Event processed UpdateClock(50)
Event processed UpdateClock(50)
Event processed UpdateClock(50)
object notification: Time [clock=51, time=2015-05-12 13:40:38.69]
Event sent to object      a10 clock(51)
org notification: Time [clock=51, time=2015-05-12 13:40:38.69]
org notified sent time(51).
object notification: Time [clock=51, time=2015-05-12 13:40:38.69]
Event sent to object      a40 clock(51)
object notification: Time [clock=51, time=2015-05-12 13:40:38.69]
Event sent to object      a30 clock(51)
Event processed UpdateClock(51)
Event processed UpdateClock(51)
Event processed UpdateClock(51)
org notification: Time [clock=52, time=2015-05-12 13:40:48.693]
object notification: Time [clock=52, time=2015-05-12 13:40:48.693]
Event sent to object      a40 clock(52)
org notified sent time(52).
object notification: Time [clock=52, time=2015-05-12 13:40:48.693]
Event sent to object      a30 clock(52)
object notification: Time [clock=52, time=2015-05-12 13:40:48.693]
Event sent to object      a10 clock(52)
Event processed UpdateClock(52)
Event processed UpdateClock(52)
Event processed UpdateClock(52)
object notification: Time [clock=53, time=2015-05-12 13:40:58.695]
object notification: Time [clock=53, time=2015-05-12 13:40:58.695]
Event sent to object      a40 clock(53)
Event sent to object      a10 clock(53)
org notification: Time [clock=53, time=2015-05-12 13:40:58.695]
org notified sent time(53).
object notification: Time [clock=53, time=2015-05-12 13:40:58.695]
Event sent to object      a30 clock(53)
Event processed UpdateClock(53)
Event processed UpdateClock(53)
Event processed UpdateClock(53)
object notification: Time [clock=54, time=2015-05-12 13:41:08.718]
Event sent to object      a10 clock(54)
object notification: Time [clock=54, time=2015-05-12 13:41:08.718]
Event sent to object      a30 clock(54)
org notification: Time [clock=54, time=2015-05-12 13:41:08.718]
org notified sent time(54).
object notification: Time [clock=54, time=2015-05-12 13:41:08.718]
Event sent to object      a40 clock(54)
Event processed UpdateClock(54)
Event processed UpdateClock(54)
Event processed UpdateClock(54)
object notification: Time [clock=55, time=2015-05-12 13:41:18.793]
object notification: Time [clock=55, time=2015-05-12 13:41:18.793]
object notification: Time [clock=55, time=2015-05-12 13:41:18.793]
Event sent to object      a40 clock(55)
org notification: Time [clock=55, time=2015-05-12 13:41:18.793]
org notified sent time(55).
Event sent to object      a30 clock(55)
Event sent to object      a10 clock(55)
Event processed UpdateClock(55)
Event processed UpdateClock(55)
Event processed UpdateClock(55)
object notification: Time [clock=56, time=2015-05-12 13:41:28.797]
Event sent to object      a40 clock(56)
object notification: Time [clock=56, time=2015-05-12 13:41:28.797]
org notification: Time [clock=56, time=2015-05-12 13:41:28.797]
Event sent to object      a30 clock(56)
org notified sent time(56).
object notification: Time [clock=56, time=2015-05-12 13:41:28.797]
Event sent to object      a10 clock(56)
Event processed UpdateClock(56)
Event processed UpdateClock(56)
Event processed UpdateClock(56)
object notification: Time [clock=57, time=2015-05-12 13:41:39.067]
object notification: Time [clock=57, time=2015-05-12 13:41:39.067]
Event sent to object      a10 clock(57)
object notification: Time [clock=57, time=2015-05-12 13:41:39.067]
org notification: Time [clock=57, time=2015-05-12 13:41:39.067]
Event sent to object      a30 clock(57)
Event sent to object      a40 clock(57)
org notified sent time(57).
Event processed UpdateClock(57)
Event processed UpdateClock(57)
Event processed UpdateClock(57)
object notification: Time [clock=58, time=2015-05-12 13:41:49.259]
object notification: Time [clock=58, time=2015-05-12 13:41:49.259]
Event sent to object      a40 clock(58)
Event sent to object      a10 clock(58)
org notification: Time [clock=58, time=2015-05-12 13:41:49.259]
org notified sent time(58).
object notification: Time [clock=58, time=2015-05-12 13:41:49.259]
Event sent to object      a30 clock(58)
Event processed UpdateClock(58)
Event processed UpdateClock(58)
Event processed UpdateClock(58)
object notification: Time [clock=59, time=2015-05-12 13:41:59.264]
Event sent to object      a30 clock(59)
object notification: Time [clock=59, time=2015-05-12 13:41:59.264]
Event sent to object      a10 clock(59)
object notification: Time [clock=59, time=2015-05-12 13:41:59.264]
Event sent to object      a40 clock(59)
org notification: Time [clock=59, time=2015-05-12 13:41:59.264]
org notified sent time(59).
Event processed UpdateClock(59)
Event processed UpdateClock(59)
Event processed UpdateClock(59)
object notification: Time [clock=60, time=2015-05-12 13:42:09.271]
object notification: Time [clock=60, time=2015-05-12 13:42:09.271]
Event sent to object      a30 clock(60)
org notification: Time [clock=60, time=2015-05-12 13:42:09.271]
org notified sent time(60).
Event sent to object      a10 clock(60)
object notification: Time [clock=60, time=2015-05-12 13:42:09.271]
Event sent to object      a40 clock(60)
Event processed UpdateClock(60)
Event processed UpdateClock(60)
Event processed UpdateClock(60)
object notification: Time [clock=61, time=2015-05-12 13:42:19.698]
object notification: Time [clock=61, time=2015-05-12 13:42:19.698]
Event sent to object      a40 clock(61)
org notification: Time [clock=61, time=2015-05-12 13:42:19.698]
org notified sent time(61).
object notification: Time [clock=61, time=2015-05-12 13:42:19.698]
Event sent to object      a10 clock(61)
Event sent to object      a30 clock(61)
Event processed UpdateClock(61)
Event processed UpdateClock(61)
Event processed UpdateClock(61)
object notification: Time [clock=62, time=2015-05-12 13:42:29.957]
object notification: Time [clock=62, time=2015-05-12 13:42:29.957]
Event sent to object      a30 clock(62)
Event sent to object      a10 clock(62)
org notification: Time [clock=62, time=2015-05-12 13:42:29.957]
org notified sent time(62).
object notification: Time [clock=62, time=2015-05-12 13:42:29.957]
Event sent to object      a40 clock(62)
Event processed UpdateClock(62)
Event processed UpdateClock(62)
Event processed UpdateClock(62)
object notification: Time [clock=63, time=2015-05-12 13:42:40.254]
Event sent to object      a30 clock(63)
org notification: Time [clock=63, time=2015-05-12 13:42:40.254]
object notification: Time [clock=63, time=2015-05-12 13:42:40.254]
Event sent to object      a10 clock(63)
org notified sent time(63).
object notification: Time [clock=63, time=2015-05-12 13:42:40.254]
Event sent to object      a40 clock(63)
Event processed UpdateClock(63)
Event processed UpdateClock(63)
Event processed UpdateClock(63)
object notification: Time [clock=64, time=2015-05-12 13:42:50.617]
Event sent to object      a30 clock(64)
object notification: Time [clock=64, time=2015-05-12 13:42:50.617]
Event sent to object      a40 clock(64)
org notification: Time [clock=64, time=2015-05-12 13:42:50.617]
org notified sent time(64).
object notification: Time [clock=64, time=2015-05-12 13:42:50.617]
Event sent to object      a10 clock(64)
Event processed UpdateClock(64)
Event processed UpdateClock(64)
Event processed UpdateClock(64)
object notification: Time [clock=65, time=2015-05-12 13:43:00.625]
org notification: Time [clock=65, time=2015-05-12 13:43:00.625]
org notified sent time(65).
Event sent to object      a10 clock(65)
object notification: Time [clock=65, time=2015-05-12 13:43:00.625]
Event sent to object      a30 clock(65)
object notification: Time [clock=65, time=2015-05-12 13:43:00.625]
Event sent to object      a40 clock(65)
Event processed UpdateClock(65)
Event processed UpdateClock(65)
Event processed UpdateClock(65)
object notification: Time [clock=66, time=2015-05-12 13:43:10.629]
Event sent to object      a10 clock(66)
object notification: Time [clock=66, time=2015-05-12 13:43:10.629]
Event sent to object      a40 clock(66)
org notification: Time [clock=66, time=2015-05-12 13:43:10.629]
org notified sent time(66).
object notification: Time [clock=66, time=2015-05-12 13:43:10.629]
Event sent to object      a30 clock(66)
Event processed UpdateClock(66)
Event processed UpdateClock(66)
Event processed UpdateClock(66)
org notification: Time [clock=67, time=2015-05-12 13:43:20.98]
org notified sent time(67).
object notification: Time [clock=67, time=2015-05-12 13:43:20.98]
Event sent to object      a30 clock(67)
object notification: Time [clock=67, time=2015-05-12 13:43:20.98]
Event sent to object      a10 clock(67)
object notification: Time [clock=67, time=2015-05-12 13:43:20.98]
Event sent to object      a40 clock(67)
Event processed UpdateClock(67)
Event processed UpdateClock(67)
Event processed UpdateClock(67)
object notification: Time [clock=68, time=2015-05-12 13:43:31.48]
Event sent to object      a10 clock(68)
org notification: Time [clock=68, time=2015-05-12 13:43:31.48]
org notified sent time(68).
object notification: Time [clock=68, time=2015-05-12 13:43:31.48]
Event sent to object      a40 clock(68)
object notification: Time [clock=68, time=2015-05-12 13:43:31.48]
Event sent to object      a30 clock(68)
Event processed UpdateClock(68)
Event processed UpdateClock(68)
Event processed UpdateClock(68)
object notification: Time [clock=69, time=2015-05-12 13:43:41.517]
Event sent to object      a30 clock(69)
object notification: Time [clock=69, time=2015-05-12 13:43:41.517]
Event sent to object      a10 clock(69)
org notification: Time [clock=69, time=2015-05-12 13:43:41.517]
org notified sent time(69).
object notification: Time [clock=69, time=2015-05-12 13:43:41.517]
Event sent to object      a40 clock(69)
Event processed UpdateClock(69)
Event processed UpdateClock(69)
Event processed UpdateClock(69)
object notification: Time [clock=70, time=2015-05-12 13:43:51.754]
object notification: Time [clock=70, time=2015-05-12 13:43:51.754]
Event sent to object      a10 clock(70)
Event sent to object      a30 clock(70)
object notification: Time [clock=70, time=2015-05-12 13:43:51.754]
Event sent to object      a40 clock(70)
org notification: Time [clock=70, time=2015-05-12 13:43:51.754]
org notified sent time(70).
Event processed UpdateClock(70)
Event processed UpdateClock(70)
Event processed UpdateClock(70)
object notification: Time [clock=71, time=2015-05-12 13:44:02.097]
org notification: Time [clock=71, time=2015-05-12 13:44:02.097]
object notification: Time [clock=71, time=2015-05-12 13:44:02.097]
Event sent to object      a40 clock(71)
Event sent to object      a30 clock(71)
org notified sent time(71).
object notification: Time [clock=71, time=2015-05-12 13:44:02.097]
Event sent to object      a10 clock(71)
Event processed UpdateClock(71)
Event processed UpdateClock(71)
Event processed UpdateClock(71)
object notification: Time [clock=72, time=2015-05-12 13:44:12.258]
Event sent to object      a30 clock(72)
object notification: Time [clock=72, time=2015-05-12 13:44:12.258]
Event sent to object      a40 clock(72)
org notification: Time [clock=72, time=2015-05-12 13:44:12.258]
org notified sent time(72).
object notification: Time [clock=72, time=2015-05-12 13:44:12.258]
Event sent to object      a10 clock(72)
Event processed UpdateClock(72)
Event processed UpdateClock(72)
Event processed UpdateClock(72)
object notification: Time [clock=73, time=2015-05-12 13:44:22.673]
Event sent to object      a10 clock(73)
object notification: Time [clock=73, time=2015-05-12 13:44:22.673]
org notification: Time [clock=73, time=2015-05-12 13:44:22.673]
org notified sent time(73).
object notification: Time [clock=73, time=2015-05-12 13:44:22.673]
Event sent to object      a30 clock(73)
Event sent to object      a40 clock(73)
Event processed UpdateClock(73)
Event processed UpdateClock(73)
Event processed UpdateClock(73)
object notification: Time [clock=74, time=2015-05-12 13:44:33.057]
object notification: Time [clock=74, time=2015-05-12 13:44:33.057]
object notification: Time [clock=74, time=2015-05-12 13:44:33.057]
org notification: Time [clock=74, time=2015-05-12 13:44:33.057]
org notified sent time(74).
Event sent to object      a30 clock(74)
Event sent to object      a40 clock(74)
Event sent to object      a10 clock(74)
Event processed UpdateClock(74)
Event processed UpdateClock(74)
Event processed UpdateClock(74)
object notification: Time [clock=75, time=2015-05-12 13:44:43.809]
Event sent to object      a10 clock(75)
org notification: Time [clock=75, time=2015-05-12 13:44:43.809]
org notified sent time(75).
object notification: Time [clock=75, time=2015-05-12 13:44:43.809]
Event sent to object      a30 clock(75)
object notification: Time [clock=75, time=2015-05-12 13:44:43.809]
Event sent to object      a40 clock(75)
Event processed UpdateClock(75)
Event processed UpdateClock(75)
Event processed UpdateClock(75)
object notification: Time [clock=76, time=2015-05-12 13:44:54.23]
Event sent to object      a30 clock(76)
object notification: Time [clock=76, time=2015-05-12 13:44:54.23]
Event sent to object      a40 clock(76)
object notification: Time [clock=76, time=2015-05-12 13:44:54.23]
Event sent to object      a10 clock(76)
org notification: Time [clock=76, time=2015-05-12 13:44:54.23]
org notified sent time(76).
Event processed UpdateClock(76)
Event processed UpdateClock(76)
Event processed UpdateClock(76)
