2015-04-28 15:18:21,750 CONFIG [com.gigaspaces.logger] - Log file: /Users/dxd/gigaspaces-xap-premium-9.5.1-ga/logs/2015-04-28~15.18-gigaspaces-service-128.243.23.149-10019.log
-------------------------last log tuples start--------------------------------
Time [clock=7, time=null]
Prohibition [subject=a10, prohibition=[at(3, 3, a10)], sanction=[reduce(a10, 50)], clock=0, time=2015-04-28 15:17:00.083]
Time [clock=165, time=null]
Time [clock=4, time=null]
Time [clock=162, time=null]
Time [clock=163, time=null]
Time [clock=161, time=null]
Obligation [subject=a10, obligation=[at(1, 0, a10)], sanction=[reduce(a10, 500)], deadline=159, time=2015-04-28 15:17:00.069, clock=0]
Obligation [subject=a30, obligation=[at(2, 1, a30)], sanction=[reduce(a30, 500)], deadline=159, time=2015-04-28 15:17:00.074, clock=0]
Obligation [subject=a40, obligation=[at(1, 2, a40)], sanction=[reduce(a40, 500)], deadline=159, time=2015-04-28 15:17:00.08, clock=0]
Time [clock=158, time=null]
Time [clock=1, time=null]
Obligation [subject=a20, obligation=[at(0, 1, a20)], sanction=[reduce(a20, 500)], deadline=159, time=2015-04-28 15:17:00.071, clock=0]
Obligation [subject=g, obligation=[surround(1, 1)], sanction=[reduce(g, 500)], deadline=159, time=2015-04-28 15:17:00.056, clock=0]
Points [subject=a10, time=2015-04-28 15:17:00.105, clock=158, value=950, id=null]
Time [clock=159, time=null]
Time [clock=2, time=null]
Time [clock=5, time=null]
Time [clock=3, time=null]
Time [clock=164, time=null]
Time [clock=166, time=null]
Time [clock=6, time=null]
Time [clock=160, time=null]
-------------------------last log tuples end----------------------------------
[CTAH] started agent 10
[CTAH] Added a new agent to the game by the name of 10.
[ENV] added agent a10
[CTAH] started agent 30
[CTAH] Added a new agent to the game by the name of 30.
[ENV] added agent a30
[CTAH] started agent 40
[CTAH] Added a new agent to the game by the name of 40.
[ENV] added agent a40
object notification: Time [clock=167, time=null]
org notification: Time [clock=167, time=null]
org notified sent time(167).
object notification: Time [clock=167, time=null]
object notification: Time [clock=167, time=null]
Organization notifies object (write): Prohibition [subject=a10, prohibition=[at(3, 3, a10)], sanction=[reduce(a10, 50)], clock=0, time=2015-04-28 15:18:28.407]
Event sent to object      a10 clock(167)
Event sent to object      a40 clock(167)
Event sent to object      a30 clock(167)
object notification: Prohibition [subject=a10, prohibition=[at(3, 3, a10)], sanction=[reduce(a10, 50)], clock=0, time=2015-04-28 15:18:28.407]
Event sent to object      a10 prohibition([at(3, 3, a10)], [reduce(a10, 50)])
Organization notifies object (write): Obligation [subject=g, obligation=[surround(1, 1)], sanction=[reduce(g, 500)], deadline=168, time=2015-04-28 15:18:28.419, clock=0]
Organization notifies object (write): Obligation [subject=a10, obligation=[at(1, 0, a10)], sanction=[reduce(a10, 500)], deadline=168, time=2015-04-28 15:18:28.422, clock=0]
Organization notifies object (write): Obligation [subject=a20, obligation=[at(0, 1, a20)], sanction=[reduce(a20, 500)], deadline=168, time=2015-04-28 15:18:28.424, clock=0]
Organization notifies object (write): Obligation [subject=a30, obligation=[at(2, 1, a30)], sanction=[reduce(a30, 500)], deadline=168, time=2015-04-28 15:18:28.427, clock=0]
object notification: Obligation [subject=a10, obligation=[at(1, 0, a10)], sanction=[reduce(a10, 500)], deadline=168, time=2015-04-28 15:18:28.422, clock=0]
Event sent to object      a10 obligation([at(1, 0, a10)], 168, [reduce(a10, 500)])
Organization notifies object (write): Obligation [subject=a40, obligation=[at(1, 2, a40)], sanction=[reduce(a40, 500)], deadline=168, time=2015-04-28 15:18:28.429, clock=0]
object notification: Obligation [subject=a30, obligation=[at(2, 1, a30)], sanction=[reduce(a30, 500)], deadline=168, time=2015-04-28 15:18:28.427, clock=0]
Event sent to object      a30 obligation([at(2, 1, a30)], 168, [reduce(a30, 500)])
object notification: Obligation [subject=a40, obligation=[at(1, 2, a40)], sanction=[reduce(a40, 500)], deadline=168, time=2015-04-28 15:18:28.429, clock=0]
Event sent to object      a40 obligation([at(1, 2, a40)], 168, [reduce(a40, 500)])
Organization writes: Points [subject=a10, time=2015-04-28 15:18:28.445, clock=167, value=950, id=null]
object notification: Points [subject=a10, time=2015-04-28 15:18:28.445, clock=167, value=950, id=null]
Event sent to object      a10 points(950)
Event processed UpdateClock(167)
Event processed UpdateClock(167)
Event processed UpdateClock(167)
Event processed adoptObligation(at(1, 2, a40), 168, reduce(a40, 500))
Event processed adoptProhibition(at(3, 3, a10), reduce(a10, 50))
Event processed adoptObligation(at(2, 1, a30), 168, reduce(a30, 500))
Event processed adoptObligation(at(1, 0, a10), 168, reduce(a10, 500))
Event processed UpdatePoints(950)
org notification: Time [clock=1, time=null]
org notified sent time(1).
object notification: Time [clock=1, time=null]
Event sent to object      a30 clock(1)
object notification: Time [clock=1, time=null]
object notification: Time [clock=1, time=null]
Event sent to object      a40 clock(1)
Event sent to object      a10 clock(1)
Event processed UpdateClock(1)
Event processed UpdateClock(1)
Event processed UpdateClock(1)
object notification: Time [clock=168, time=null]
Event sent to object      a30 clock(168)
object notification: Time [clock=168, time=null]
Event sent to object      a40 clock(168)
org notification: Time [clock=168, time=null]
org notified sent time(168).
object notification: Time [clock=168, time=null]
Event sent to object      a10 clock(168)
Event processed UpdateClock(168)
Event processed UpdateClock(168)
Event processed UpdateClock(168)
org notification: Time [clock=2, time=null]
org notified sent time(2).
object notification: Time [clock=2, time=null]
object notification: Time [clock=2, time=null]
object notification: Time [clock=2, time=null]
Event sent to object      a40 clock(2)
Event sent to object      a10 clock(2)
Event sent to object      a30 clock(2)
Event processed UpdateClock(2)
Event processed UpdateClock(2)
Event processed UpdateClock(2)
object notification: Time [clock=3, time=null]
object notification: Time [clock=3, time=null]
Event sent to object      a10 clock(3)
object notification: Time [clock=3, time=null]
org notification: Time [clock=3, time=null]
org notified sent time(3).
Event sent to object      a40 clock(3)
Event sent to object      a30 clock(3)
Event processed UpdateClock(3)
Event processed UpdateClock(3)
Event processed UpdateClock(3)
