2015-06-09 17:26:18,195 CONFIG [com.gigaspaces.logger] - Log file: /Users/dxd/git/ct3/logs/2015-06-09~17.26-gigaspaces-service-10.154.154.93-84120.log
-------------------------last log tuples start--------------------------------
Response [id=9969, response=accepted, clock=26, time=2015-06-09 15:17:13.778]
Tile [id=null, cell=Cell [x=5, y=2], subject=blue, time=2015-06-09 15:14:51.984, clock=0]
Group [name=g, ra=a20, type=raaa, clock=0, time=2015-06-09 15:15:01.775]
Prohibition [subject=a20, prohibition=[moveTooFast(a20)], sanction=[reduce(a20, 300)], clock=0, time=2015-06-09 15:15:01.807]
Time [clock=71, time=2015-06-09 15:21:01.889]
SetGoal [id=null, agent=a10, cell=Cell [x=3, y=3], goal=Cell [x=3, y=2], sanction=100, clock=16, time=2015-06-09 15:16:24.456]
Position [subject=a40, id=null, cell=Cell [x=1, y=1], time=2015-06-09 15:14:52.506, clock=0]
Group [name=g, ra=a20, type=raaa, clock=0, time=2015-06-09 15:15:01.767]
Obligation [subject=a20, obligation=[at(3, 3, a20)], sanction=[reduce(a20, 700)], deadline=32, time=2015-06-09 15:16:28.157, clock=16]
Position [subject=a10, id=null, cell=Cell [x=2, y=2], time=2015-06-09 15:16:46.167, clock=20]
Position [subject=a10, id=null, cell=Cell [x=2, y=3], time=2015-06-09 15:16:46.835, clock=20]
Tile [id=null, cell=Cell [x=5, y=3], subject=brown, time=2015-06-09 15:14:51.986, clock=0]
Time [clock=54, time=2015-06-09 15:19:32.091]
SetGoal [id=null, agent=a30, cell=Cell [x=3, y=3], goal=Cell [x=3, y=3], sanction=100, clock=18, time=2015-06-09 15:16:38.326]
Obligation [subject=a10, obligation=[makeMove(1, 2, a10)], sanction=[reduce(a10, 300)], deadline=15, time=2015-06-09 15:15:01.791, clock=0]
SetGoal [id=null, agent=a20, cell=Cell [x=3, y=3], goal=Cell [x=3, y=2], sanction=100, clock=16, time=2015-06-09 15:16:28.153]
Goal [id=null, cell=Cell [x=3, y=2], agent=null, time=2015-06-09 15:14:52.082, clock=0]
Tile [id=null, cell=Cell [x=5, y=1], subject=blue, time=2015-06-09 15:14:51.983, clock=0]
Obligation [subject=a30, obligation=[makeMove(5, 2, a30)], sanction=[reduce(a30, 300)], deadline=15, time=2015-06-09 15:15:01.796, clock=0]
Proposal [id=9969, agent=a40, agent2=a30, clock=24, time=2015-06-09 15:17:11.203]
Prohibition [subject=a30, prohibition=[moveTooFast(a30)], sanction=[reduce(a30, 300)], clock=0, time=2015-06-09 15:15:01.824]
Prohibition [subject=a20, prohibition=[restrictPlayer(a20)], sanction=[reduce(a20, 500)], clock=0, time=2015-06-09 15:15:01.801]
SetGoal [id=null, agent=a40, cell=Cell [x=3, y=3], goal=Cell [x=3, y=3], sanction=100, clock=18, time=2015-06-09 15:16:33.46]
Time [clock=76, time=2015-06-09 15:39:56.223]
Goal [id=null, cell=Cell [x=4, y=3], agent=null, time=2015-06-09 15:14:51.956, clock=0]
Obligation [subject=a20, obligation=[surround(4, 3)], sanction=[reduce(g, 700)], deadline=20, time=2015-06-09 15:15:01.779, clock=0]
Tile [id=null, cell=Cell [x=5, y=3], subject=yellow, time=2015-06-09 15:14:51.9, clock=0]
Prohibition [subject=a40, prohibition=[moveTooFast(a40)], sanction=[reduce(a40, 300)], clock=0, time=2015-06-09 15:15:01.894]
Prohibition [subject=a10, prohibition=[moveTooFast(a10)], sanction=[reduce(a10, 300)], clock=0, time=2015-06-09 15:15:01.803]
Obligation [subject=a40, obligation=[makeMove(2, 3, a40)], sanction=[reduce(a40, 300)], deadline=15, time=2015-06-09 15:15:01.798, clock=0]
Obligation [subject=a30, obligation=[respondToRequest(9969)], sanction=[reduce(a30, 300)], deadline=27, time=2015-06-09 15:17:11.214, clock=24]
Obligation [subject=a20, obligation=[makeMove(4, 5, a20)], sanction=[reduce(a20, 300)], deadline=15, time=2015-06-09 15:15:01.793, clock=0]
Obligation [subject=a20, obligation=[surround(3, 2)], sanction=[reduce(g, 700)], deadline=20, time=2015-06-09 15:15:01.789, clock=0]
Obligation [subject=a10, obligation=[at(3, 3, a10)], sanction=[reduce(a10, 700)], deadline=32, time=2015-06-09 15:16:24.465, clock=16]
Time [clock=74, time=2015-06-09 15:21:12.122]
Position [subject=a20, id=null, cell=Cell [x=3, y=5], time=2015-06-09 15:16:53.093, clock=22]
Position [subject=a10, id=null, cell=Cell [x=3, y=3], time=2015-06-09 15:16:47.446, clock=20]
Points [subject=a40, time=2015-06-09 15:16:22.077, clock=16, value=400, id=null]
Points [subject=a10, time=2015-06-09 15:16:22.059, clock=16, value=400, id=null]
Points [subject=a40, time=2015-06-09 15:15:02.0, clock=0, value=700, id=null]
Points [subject=a20, time=2015-06-09 15:15:01.994, clock=0, value=700, id=null]
Position [subject=a40, id=null, cell=Cell [x=2, y=3], time=2015-06-09 15:14:52.524, clock=0]
Time [clock=55, time=2015-06-09 15:19:41.861]
Tile [id=null, cell=Cell [x=2, y=5], subject=brown, time=2015-06-09 15:14:51.869, clock=0]
Points [subject=a10, time=2015-06-09 15:15:01.972, clock=0, value=700, id=null]
Points [subject=a20, time=2015-06-09 15:16:22.062, clock=16, value=400, id=null]
Time [clock=67, time=2015-06-09 15:20:41.883]
Tile [id=null, cell=Cell [x=3, y=4], subject=blue, time=2015-06-09 15:14:51.966, clock=0]
Position [subject=a10, id=null, cell=Cell [x=1, y=2], time=2015-06-09 15:14:52.203, clock=0]
Points [subject=a30, time=2015-06-09 15:16:22.068, clock=16, value=400, id=null]
Points [subject=a30, time=2015-06-09 15:15:01.996, clock=0, value=700, id=null]
Time [clock=47, time=2015-06-09 15:19:01.85]
Position [subject=a30, id=null, cell=Cell [x=0, y=1], time=2015-06-09 15:14:52.414, clock=0]
Position [subject=a20, id=null, cell=Cell [x=2, y=3], time=2015-06-09 15:14:52.247, clock=0]
Position [subject=a20, id=null, cell=Cell [x=3, y=4], time=2015-06-09 15:16:56.412, clock=22]
Position [subject=a30, id=null, cell=Cell [x=5, y=2], time=2015-06-09 15:14:52.48, clock=0]
Position [subject=a20, id=null, cell=Cell [x=4, y=5], time=2015-06-09 15:14:52.302, clock=0]
Time [clock=69, time=2015-06-09 15:20:51.886]
Position [subject=a10, id=null, cell=Cell [x=4, y=3], time=2015-06-09 15:14:52.127, clock=0]
Time [clock=73, time=2015-06-09 15:21:11.894]
Time [clock=65, time=2015-06-09 15:20:31.879]
Time [clock=8, time=2015-06-09 15:15:42.028]
Time [clock=19, time=2015-06-09 15:16:41.807]
Time [clock=59, time=2015-06-09 15:20:01.868]
Time [clock=63, time=2015-06-09 15:20:21.875]
Time [clock=70, time=2015-06-09 15:20:52.115]
Time [clock=61, time=2015-06-09 15:20:11.872]
Time [clock=50, time=2015-06-09 15:19:12.085]
Time [clock=58, time=2015-06-09 15:19:52.097]
Time [clock=75, time=2015-06-09 15:39:56.04]
Time [clock=64, time=2015-06-09 15:20:22.104]
Time [clock=13, time=2015-06-09 15:16:11.799]
Time [clock=53, time=2015-06-09 15:19:31.859]
Time [clock=22, time=2015-06-09 15:16:52.049]
Time [clock=34, time=2015-06-09 15:17:52.067]
Time [clock=41, time=2015-06-09 15:18:31.841]
Time [clock=56, time=2015-06-09 15:19:42.095]
Tile [id=null, cell=Cell [x=5, y=5], subject=brown, time=2015-06-09 15:14:51.99, clock=0]
Time [clock=57, time=2015-06-09 15:19:51.865]
Time [clock=29, time=2015-06-09 15:17:31.825]
Tile [id=null, cell=Cell [x=4, y=0], subject=blue, time=2015-06-09 15:14:51.97, clock=0]
Time [clock=51, time=2015-06-09 15:19:21.856]
Time [clock=52, time=2015-06-09 15:19:22.089]
Time [clock=11, time=2015-06-09 15:16:01.796]
Time [clock=42, time=2015-06-09 15:18:32.077]
Time [clock=30, time=2015-06-09 15:17:32.061]
Time [clock=37, time=2015-06-09 15:18:11.835]
Time [clock=16, time=2015-06-09 15:16:22.04]
Time [clock=49, time=2015-06-09 15:19:11.853]
Time [clock=5, time=2015-06-09 15:15:31.786]
Tile [id=null, cell=Cell [x=4, y=1], subject=yellow, time=2015-06-09 15:14:51.972, clock=0]
Time [clock=18, time=2015-06-09 15:16:32.043]
Time [clock=46, time=2015-06-09 15:18:52.082]
Time [clock=66, time=2015-06-09 15:20:32.107]
Time [clock=25, time=2015-06-09 15:17:11.818]
Time [clock=68, time=2015-06-09 15:20:42.111]
Time [clock=35, time=2015-06-09 15:18:01.833]
Time [clock=9, time=2015-06-09 15:15:51.793]
Time [clock=33, time=2015-06-09 15:17:51.831]
Time [clock=62, time=2015-06-09 15:20:12.102]
Time [clock=27, time=2015-06-09 15:17:21.822]
Time [clock=43, time=2015-06-09 15:18:41.844]
Time [clock=39, time=2015-06-09 15:18:21.838]
Time [clock=15, time=2015-06-09 15:16:21.803]
Time [clock=40, time=2015-06-09 15:18:22.074]
Time [clock=14, time=2015-06-09 15:16:12.038]
Time [clock=38, time=2015-06-09 15:18:12.072]
Time [clock=72, time=2015-06-09 15:21:02.118]
Time [clock=32, time=2015-06-09 15:17:42.064]
Time [clock=48, time=2015-06-09 15:19:02.083]
Time [clock=28, time=2015-06-09 15:17:22.058]
Time [clock=60, time=2015-06-09 15:20:02.101]
Time [clock=1, time=2015-06-09 15:15:11.78]
Tile [id=null, cell=Cell [x=4, y=2], subject=yellow, time=2015-06-09 15:14:51.888, clock=0]
Time [clock=21, time=2015-06-09 15:16:51.811]
Time [clock=10, time=2015-06-09 15:15:52.031]
Time [clock=7, time=2015-06-09 15:15:41.79]
Time [clock=4, time=2015-06-09 15:15:22.022]
Time [clock=26, time=2015-06-09 15:17:12.054]
Tile [id=null, cell=Cell [x=5, y=0], subject=blue, time=2015-06-09 15:14:51.981, clock=0]
Time [clock=45, time=2015-06-09 15:18:51.846]
Time [clock=36, time=2015-06-09 15:18:02.07]
Tile [id=null, cell=Cell [x=5, y=4], subject=yellow, time=2015-06-09 15:14:51.988, clock=0]
Time [clock=31, time=2015-06-09 15:17:41.828]
Time [clock=24, time=2015-06-09 15:17:02.052]
Time [clock=3, time=2015-06-09 15:15:21.784]
Time [clock=23, time=2015-06-09 15:17:01.814]
Time [clock=20, time=2015-06-09 15:16:42.046]
Time [clock=17, time=2015-06-09 15:16:31.805]
Time [clock=12, time=2015-06-09 15:16:02.034]
Time [clock=44, time=2015-06-09 15:18:42.079]
Time [clock=6, time=2015-06-09 15:15:32.025]
Time [clock=2, time=2015-06-09 15:15:12.02]
Tile [id=null, cell=Cell [x=3, y=0], subject=brown, time=2015-06-09 15:14:51.953, clock=0]
Tile [id=null, cell=Cell [x=3, y=1], subject=brown, time=2015-06-09 15:14:51.958, clock=0]
Tile [id=null, cell=Cell [x=4, y=5], subject=yellow, time=2015-06-09 15:14:51.979, clock=0]
Tile [id=null, cell=Cell [x=4, y=2], subject=yellow, time=2015-06-09 15:14:51.974, clock=0]
Tile [id=null, cell=Cell [x=4, y=3], subject=yellow, time=2015-06-09 15:14:51.976, clock=0]
Tile [id=null, cell=Cell [x=5, y=2], subject=white, time=2015-06-09 15:14:51.899, clock=0]
Tile [id=null, cell=Cell [x=2, y=3], subject=white, time=2015-06-09 15:14:51.944, clock=0]
Tile [id=null, cell=Cell [x=2, y=0], subject=white, time=2015-06-09 15:14:51.938, clock=0]
Tile [id=null, cell=Cell [x=4, y=4], subject=white, time=2015-06-09 15:14:51.891, clock=0]
Tile [id=null, cell=Cell [x=4, y=4], subject=white, time=2015-06-09 15:14:51.978, clock=0]
Tile [id=null, cell=Cell [x=3, y=5], subject=brown, time=2015-06-09 15:14:51.968, clock=0]
Tile [id=null, cell=Cell [x=2, y=2], subject=white, time=2015-06-09 15:14:51.862, clock=0]
Tile [id=null, cell=Cell [x=0, y=3], subject=white, time=2015-06-09 15:14:51.844, clock=0]
Tile [id=null, cell=Cell [x=5, y=1], subject=blue, time=2015-06-09 15:14:51.896, clock=0]
Tile [id=null, cell=Cell [x=3, y=4], subject=blue, time=2015-06-09 15:14:51.881, clock=0]
Tile [id=null, cell=Cell [x=2, y=5], subject=blue, time=2015-06-09 15:14:51.95, clock=0]
Tile [id=null, cell=Cell [x=2, y=0], subject=white, time=2015-06-09 15:14:51.856, clock=0]
Tile [id=null, cell=Cell [x=3, y=5], subject=blue, time=2015-06-09 15:14:51.883, clock=0]
Tile [id=null, cell=Cell [x=0, y=4], subject=yellow, time=2015-06-09 15:14:51.847, clock=0]
Tile [id=null, cell=Cell [x=1, y=0], subject=yellow, time=2015-06-09 15:14:51.924, clock=0]
Tile [id=null, cell=Cell [x=2, y=4], subject=brown, time=2015-06-09 15:14:51.948, clock=0]
Tile [id=null, cell=Cell [x=2, y=1], subject=yellow, time=2015-06-09 15:14:51.939, clock=0]
Tile [id=null, cell=Cell [x=5, y=5], subject=blue, time=2015-06-09 15:14:51.905, clock=0]
Tile [id=null, cell=Cell [x=1, y=3], subject=yellow, time=2015-06-09 15:14:51.849, clock=0]
Tile [id=null, cell=Cell [x=4, y=3], subject=brown, time=2015-06-09 15:14:51.89, clock=0]
Tile [id=null, cell=Cell [x=1, y=1], subject=blue, time=2015-06-09 15:14:51.927, clock=0]
Tile [id=null, cell=Cell [x=2, y=4], subject=yellow, time=2015-06-09 15:14:51.866, clock=0]
Tile [id=null, cell=Cell [x=1, y=2], subject=brown, time=2015-06-09 15:14:51.93, clock=0]
Tile [id=null, cell=Cell [x=2, y=2], subject=white, time=2015-06-09 15:14:51.941, clock=0]
Tile [id=null, cell=Cell [x=0, y=1], subject=brown, time=2015-06-09 15:14:51.824, clock=0]
Tile [id=null, cell=Cell [x=4, y=0], subject=brown, time=2015-06-09 15:14:51.885, clock=0]
Tile [id=null, cell=Cell [x=3, y=3], subject=white, time=2015-06-09 15:14:51.88, clock=0]
Tile [id=null, cell=Cell [x=1, y=1], subject=blue, time=2015-06-09 15:14:51.846, clock=0]
Tile [id=null, cell=Cell [x=3, y=1], subject=yellow, time=2015-06-09 15:14:51.875, clock=0]
Tile [id=null, cell=Cell [x=0, y=0], subject=white, time=2015-06-09 15:14:51.766, clock=0]
Tile [id=null, cell=Cell [x=0, y=3], subject=white, time=2015-06-09 15:14:51.833, clock=0]
Tile [id=null, cell=Cell [x=4, y=5], subject=yellow, time=2015-06-09 15:14:51.893, clock=0]
Tile [id=null, cell=Cell [x=3, y=2], subject=brown, time=2015-06-09 15:14:51.962, clock=0]
Tile [id=null, cell=Cell [x=1, y=5], subject=white, time=2015-06-09 15:14:51.936, clock=0]
Tile [id=null, cell=Cell [x=3, y=2], subject=yellow, time=2015-06-09 15:14:51.877, clock=0]
Tile [id=null, cell=Cell [x=5, y=4], subject=white, time=2015-06-09 15:14:51.903, clock=0]
Tile [id=null, cell=Cell [x=0, y=5], subject=brown, time=2015-06-09 15:14:51.837, clock=0]
Tile [id=null, cell=Cell [x=5, y=0], subject=white, time=2015-06-09 15:14:51.895, clock=0]
Tile [id=null, cell=Cell [x=3, y=0], subject=blue, time=2015-06-09 15:14:51.872, clock=0]
Tile [id=null, cell=Cell [x=1, y=4], subject=brown, time=2015-06-09 15:14:51.85, clock=0]
Tile [id=null, cell=Cell [x=1, y=0], subject=yellow, time=2015-06-09 15:14:51.844, clock=0]
Tile [id=null, cell=Cell [x=1, y=5], subject=brown, time=2015-06-09 15:14:51.853, clock=0]
Tile [id=null, cell=Cell [x=0, y=2], subject=white, time=2015-06-09 15:14:51.837, clock=0]
Tile [id=null, cell=Cell [x=3, y=3], subject=blue, time=2015-06-09 15:14:51.964, clock=0]
Tile [id=null, cell=Cell [x=1, y=4], subject=blue, time=2015-06-09 15:14:51.934, clock=0]
Tile [id=null, cell=Cell [x=1, y=3], subject=brown, time=2015-06-09 15:14:51.933, clock=0]
Tile [id=null, cell=Cell [x=2, y=3], subject=brown, time=2015-06-09 15:14:51.864, clock=0]
Tile [id=null, cell=Cell [x=0, y=2], subject=brown, time=2015-06-09 15:14:51.828, clock=0]
Tile [id=null, cell=Cell [x=4, y=1], subject=blue, time=2015-06-09 15:14:51.886, clock=0]
Tile [id=null, cell=Cell [x=1, y=2], subject=brown, time=2015-06-09 15:14:51.847, clock=0]
Tile [id=null, cell=Cell [x=0, y=5], subject=yellow, time=2015-06-09 15:14:51.849, clock=0]
Tile [id=null, cell=Cell [x=2, y=1], subject=white, time=2015-06-09 15:14:51.859, clock=0]
Tile [id=null, cell=Cell [x=0, y=4], subject=yellow, time=2015-06-09 15:14:51.835, clock=0]
Tile [id=null, cell=Cell [x=0, y=1], subject=yellow, time=2015-06-09 15:14:51.824, clock=0]
Tile [id=null, cell=Cell [x=0, y=0], subject=brown, time=2015-06-09 15:14:51.785, clock=0]
-------------------------last log tuples end----------------------------------
[CTAH] started agent 10
[CTAH] Added a new agent to the game by the name of 10.
[ENV] added agent a10
[CTAH] started agent 30
[CTAH] Added a new agent to the game by the name of 30.
[ENV] added agent a30
#########################Game started
#########################Game started
Event processed @ctenv(functionToList(message(game_initialized)),LIST,0); if B(LIST=[actionresult([TYPE,ID,RESPONSE])]) then if B(TYPE=response) then ReceivedResponse(RESPONSE, ID) else if B(LIST=[actionresult([TYPE])]) then ReceivedEvent(TYPE) else if B(LIST=[actionresult([TYPE,AGENT,ID,RESPONSE])]) then if B(TYPE=proposal) then ReceivedProposal(AGENT, ID, RESPONSE)
Event processed @ctenv(functionToList(message(game_initialized)),LIST,0); if B(LIST=[actionresult([TYPE,ID,RESPONSE])]) then if B(TYPE=response) then ReceivedResponse(RESPONSE, ID) else if B(LIST=[actionresult([TYPE])]) then ReceivedEvent(TYPE) else if B(LIST=[actionresult([TYPE,AGENT,ID,RESPONSE])]) then if B(TYPE=proposal) then ReceivedProposal(AGENT, ID, RESPONSE)
[CTAH] Array of Terms: [Lapapl.data.Term;@26d7ad36
[CTAH] Array of Terms: [Lapapl.data.Term;@5efad969
[CTAH] The created APLList : [game_initialized]
[CTAH] The created APLList : [game_initialized]
setPhases in ClientGameStatus, the current phase is 
setPhases in ClientGameStatus, the current phase is 
setPhases in ClientGameStatus, the current phase is Setup Phase
setPhases in ClientGameStatus, the current phase is Setup Phase
object notification: Tile [id=null, cell=Cell [x=0, y=0], subject=white, time=2015-06-09 17:28:35.342, clock=0]
object notification: Tile [id=null, cell=Cell [x=0, y=0], subject=white, time=2015-06-09 17:28:35.342, clock=0]
org notification: Tile [id=null, cell=Cell [x=0, y=0], subject=white, time=2015-06-09 17:28:35.342, clock=0]
object notification: Tile [id=null, cell=Cell [x=0, y=1], subject=brown, time=2015-06-09 17:28:37.112, clock=0]
object notification: Tile [id=null, cell=Cell [x=0, y=1], subject=brown, time=2015-06-09 17:28:37.112, clock=0]
org notification: Tile [id=null, cell=Cell [x=0, y=1], subject=brown, time=2015-06-09 17:28:37.112, clock=0]
object notification: Tile [id=null, cell=Cell [x=0, y=2], subject=yellow, time=2015-06-09 17:28:37.113, clock=0]
object notification: Tile [id=null, cell=Cell [x=0, y=2], subject=yellow, time=2015-06-09 17:28:37.113, clock=0]
object notification: Tile [id=null, cell=Cell [x=0, y=3], subject=white, time=2015-06-09 17:28:37.115, clock=0]
object notification: Tile [id=null, cell=Cell [x=0, y=3], subject=white, time=2015-06-09 17:28:37.115, clock=0]
org notification: Tile [id=null, cell=Cell [x=0, y=2], subject=yellow, time=2015-06-09 17:28:37.113, clock=0]
object notification: Tile [id=null, cell=Cell [x=0, y=4], subject=yellow, time=2015-06-09 17:28:37.117, clock=0]
object notification: Tile [id=null, cell=Cell [x=0, y=4], subject=yellow, time=2015-06-09 17:28:37.117, clock=0]
object notification: Tile [id=null, cell=Cell [x=0, y=5], subject=white, time=2015-06-09 17:28:37.119, clock=0]
object notification: Tile [id=null, cell=Cell [x=0, y=5], subject=white, time=2015-06-09 17:28:37.119, clock=0]
org notification: Tile [id=null, cell=Cell [x=0, y=3], subject=white, time=2015-06-09 17:28:37.115, clock=0]
object notification: Tile [id=null, cell=Cell [x=1, y=0], subject=white, time=2015-06-09 17:28:37.121, clock=0]
object notification: Tile [id=null, cell=Cell [x=1, y=0], subject=white, time=2015-06-09 17:28:37.121, clock=0]
org notification: Tile [id=null, cell=Cell [x=0, y=4], subject=yellow, time=2015-06-09 17:28:37.117, clock=0]
object notification: Tile [id=null, cell=Cell [x=1, y=1], subject=white, time=2015-06-09 17:28:37.125, clock=0]
object notification: Tile [id=null, cell=Cell [x=1, y=1], subject=white, time=2015-06-09 17:28:37.125, clock=0]
object notification: Tile [id=null, cell=Cell [x=1, y=2], subject=white, time=2015-06-09 17:28:37.128, clock=0]
object notification: Tile [id=null, cell=Cell [x=1, y=2], subject=white, time=2015-06-09 17:28:37.128, clock=0]
org notification: Tile [id=null, cell=Cell [x=0, y=5], subject=white, time=2015-06-09 17:28:37.119, clock=0]
object notification: Tile [id=null, cell=Cell [x=1, y=3], subject=blue, time=2015-06-09 17:28:37.13, clock=0]
object notification: Tile [id=null, cell=Cell [x=1, y=3], subject=blue, time=2015-06-09 17:28:37.13, clock=0]
object notification: Tile [id=null, cell=Cell [x=1, y=4], subject=blue, time=2015-06-09 17:28:37.132, clock=0]
object notification: Tile [id=null, cell=Cell [x=1, y=4], subject=blue, time=2015-06-09 17:28:37.132, clock=0]
org notification: Tile [id=null, cell=Cell [x=1, y=0], subject=white, time=2015-06-09 17:28:37.121, clock=0]
object notification: Tile [id=null, cell=Cell [x=1, y=5], subject=white, time=2015-06-09 17:28:37.134, clock=0]
object notification: Tile [id=null, cell=Cell [x=1, y=5], subject=white, time=2015-06-09 17:28:37.134, clock=0]
org notification: Tile [id=null, cell=Cell [x=1, y=1], subject=white, time=2015-06-09 17:28:37.125, clock=0]
object notification: Tile [id=null, cell=Cell [x=2, y=0], subject=white, time=2015-06-09 17:28:37.136, clock=0]
org notification: Tile [id=null, cell=Cell [x=1, y=2], subject=white, time=2015-06-09 17:28:37.128, clock=0]
object notification: Tile [id=null, cell=Cell [x=2, y=0], subject=white, time=2015-06-09 17:28:37.136, clock=0]
object notification: Tile [id=null, cell=Cell [x=2, y=1], subject=blue, time=2015-06-09 17:28:37.142, clock=0]
org notification: Tile [id=null, cell=Cell [x=1, y=3], subject=blue, time=2015-06-09 17:28:37.13, clock=0]
object notification: Tile [id=null, cell=Cell [x=2, y=2], subject=yellow, time=2015-06-09 17:28:37.145, clock=0]
object notification: Tile [id=null, cell=Cell [x=2, y=3], subject=blue, time=2015-06-09 17:28:37.147, clock=0]
object notification: Tile [id=null, cell=Cell [x=2, y=4], subject=yellow, time=2015-06-09 17:28:37.149, clock=0]
object notification: Tile [id=null, cell=Cell [x=2, y=5], subject=blue, time=2015-06-09 17:28:37.151, clock=0]
object notification: Tile [id=null, cell=Cell [x=3, y=0], subject=white, time=2015-06-09 17:28:37.153, clock=0]
object notification: Tile [id=null, cell=Cell [x=3, y=1], subject=blue, time=2015-06-09 17:28:37.155, clock=0]
object notification: Tile [id=null, cell=Cell [x=3, y=2], subject=white, time=2015-06-09 17:28:37.156, clock=0]
object notification: Tile [id=null, cell=Cell [x=3, y=3], subject=brown, time=2015-06-09 17:28:37.158, clock=0]
object notification: Tile [id=null, cell=Cell [x=3, y=4], subject=white, time=2015-06-09 17:28:37.159, clock=0]
object notification: Tile [id=null, cell=Cell [x=3, y=5], subject=brown, time=2015-06-09 17:28:37.161, clock=0]
object notification: Tile [id=null, cell=Cell [x=4, y=0], subject=blue, time=2015-06-09 17:28:37.164, clock=0]
object notification: Tile [id=null, cell=Cell [x=4, y=1], subject=brown, time=2015-06-09 17:28:37.166, clock=0]
object notification: Tile [id=null, cell=Cell [x=4, y=2], subject=white, time=2015-06-09 17:28:37.169, clock=0]
object notification: Tile [id=null, cell=Cell [x=4, y=3], subject=brown, time=2015-06-09 17:28:37.171, clock=0]
object notification: Tile [id=null, cell=Cell [x=4, y=4], subject=yellow, time=2015-06-09 17:28:37.173, clock=0]
object notification: Tile [id=null, cell=Cell [x=4, y=5], subject=yellow, time=2015-06-09 17:28:37.176, clock=0]
object notification: Tile [id=null, cell=Cell [x=5, y=0], subject=brown, time=2015-06-09 17:28:37.177, clock=0]
object notification: Tile [id=null, cell=Cell [x=5, y=1], subject=blue, time=2015-06-09 17:28:37.179, clock=0]
object notification: Tile [id=null, cell=Cell [x=5, y=2], subject=white, time=2015-06-09 17:28:37.181, clock=0]
object notification: Tile [id=null, cell=Cell [x=5, y=3], subject=blue, time=2015-06-09 17:28:37.183, clock=0]
object notification: Tile [id=null, cell=Cell [x=5, y=4], subject=yellow, time=2015-06-09 17:28:37.186, clock=0]
object notification: Tile [id=null, cell=Cell [x=5, y=5], subject=yellow, time=2015-06-09 17:28:37.188, clock=0]
object notification: Tile [id=null, cell=Cell [x=2, y=1], subject=blue, time=2015-06-09 17:28:37.142, clock=0]
object notification: Tile [id=null, cell=Cell [x=2, y=2], subject=yellow, time=2015-06-09 17:28:37.145, clock=0]
object notification: Tile [id=null, cell=Cell [x=2, y=3], subject=blue, time=2015-06-09 17:28:37.147, clock=0]
org notification: Tile [id=null, cell=Cell [x=1, y=4], subject=blue, time=2015-06-09 17:28:37.132, clock=0]
object notification: Tile [id=null, cell=Cell [x=2, y=4], subject=yellow, time=2015-06-09 17:28:37.149, clock=0]
object notification: Tile [id=null, cell=Cell [x=2, y=5], subject=blue, time=2015-06-09 17:28:37.151, clock=0]
object notification: Tile [id=null, cell=Cell [x=3, y=0], subject=white, time=2015-06-09 17:28:37.153, clock=0]
object notification: Tile [id=null, cell=Cell [x=3, y=1], subject=blue, time=2015-06-09 17:28:37.155, clock=0]
object notification: Tile [id=null, cell=Cell [x=3, y=2], subject=white, time=2015-06-09 17:28:37.156, clock=0]
object notification: Tile [id=null, cell=Cell [x=3, y=3], subject=brown, time=2015-06-09 17:28:37.158, clock=0]
object notification: Tile [id=null, cell=Cell [x=3, y=4], subject=white, time=2015-06-09 17:28:37.159, clock=0]
object notification: Tile [id=null, cell=Cell [x=3, y=5], subject=brown, time=2015-06-09 17:28:37.161, clock=0]
object notification: Tile [id=null, cell=Cell [x=4, y=0], subject=blue, time=2015-06-09 17:28:37.164, clock=0]
object notification: Tile [id=null, cell=Cell [x=4, y=1], subject=brown, time=2015-06-09 17:28:37.166, clock=0]
object notification: Tile [id=null, cell=Cell [x=4, y=2], subject=white, time=2015-06-09 17:28:37.169, clock=0]
object notification: Tile [id=null, cell=Cell [x=4, y=3], subject=brown, time=2015-06-09 17:28:37.171, clock=0]
object notification: Tile [id=null, cell=Cell [x=4, y=4], subject=yellow, time=2015-06-09 17:28:37.173, clock=0]
object notification: Tile [id=null, cell=Cell [x=4, y=5], subject=yellow, time=2015-06-09 17:28:37.176, clock=0]
object notification: Tile [id=null, cell=Cell [x=5, y=0], subject=brown, time=2015-06-09 17:28:37.177, clock=0]
object notification: Tile [id=null, cell=Cell [x=5, y=1], subject=blue, time=2015-06-09 17:28:37.179, clock=0]
object notification: Tile [id=null, cell=Cell [x=5, y=2], subject=white, time=2015-06-09 17:28:37.181, clock=0]
object notification: Tile [id=null, cell=Cell [x=5, y=3], subject=blue, time=2015-06-09 17:28:37.183, clock=0]
object notification: Tile [id=null, cell=Cell [x=5, y=4], subject=yellow, time=2015-06-09 17:28:37.186, clock=0]
org notification: Tile [id=null, cell=Cell [x=1, y=5], subject=white, time=2015-06-09 17:28:37.134, clock=0]
object notification: Tile [id=null, cell=Cell [x=5, y=5], subject=yellow, time=2015-06-09 17:28:37.188, clock=0]
org notification: Tile [id=null, cell=Cell [x=2, y=0], subject=white, time=2015-06-09 17:28:37.136, clock=0]
org notification: Tile [id=null, cell=Cell [x=2, y=1], subject=blue, time=2015-06-09 17:28:37.142, clock=0]
org notification: Tile [id=null, cell=Cell [x=2, y=2], subject=yellow, time=2015-06-09 17:28:37.145, clock=0]
org notification: Tile [id=null, cell=Cell [x=2, y=3], subject=blue, time=2015-06-09 17:28:37.147, clock=0]
org notification: Tile [id=null, cell=Cell [x=2, y=4], subject=yellow, time=2015-06-09 17:28:37.149, clock=0]
org notification: Tile [id=null, cell=Cell [x=2, y=5], subject=blue, time=2015-06-09 17:28:37.151, clock=0]
org notification: Tile [id=null, cell=Cell [x=3, y=0], subject=white, time=2015-06-09 17:28:37.153, clock=0]
org notification: Tile [id=null, cell=Cell [x=3, y=1], subject=blue, time=2015-06-09 17:28:37.155, clock=0]
org notification: Tile [id=null, cell=Cell [x=3, y=2], subject=white, time=2015-06-09 17:28:37.156, clock=0]
org notification: Tile [id=null, cell=Cell [x=3, y=3], subject=brown, time=2015-06-09 17:28:37.158, clock=0]
org notification: Tile [id=null, cell=Cell [x=3, y=4], subject=white, time=2015-06-09 17:28:37.159, clock=0]
org notification: Tile [id=null, cell=Cell [x=3, y=5], subject=brown, time=2015-06-09 17:28:37.161, clock=0]
org notification: Tile [id=null, cell=Cell [x=4, y=0], subject=blue, time=2015-06-09 17:28:37.164, clock=0]
org notification: Goal [id=null, cell=Cell [x=2, y=3], agent=null, time=2015-06-09 17:28:37.31, clock=0]
org notification: Tile [id=null, cell=Cell [x=4, y=1], subject=brown, time=2015-06-09 17:28:37.166, clock=0]
org notification: Tile [id=null, cell=Cell [x=4, y=2], subject=white, time=2015-06-09 17:28:37.169, clock=0]
org notification: Tile [id=null, cell=Cell [x=4, y=3], subject=brown, time=2015-06-09 17:28:37.171, clock=0]
org notification: Tile [id=null, cell=Cell [x=4, y=4], subject=yellow, time=2015-06-09 17:28:37.173, clock=0]
org notification: Tile [id=null, cell=Cell [x=4, y=5], subject=yellow, time=2015-06-09 17:28:37.176, clock=0]
org notification: Tile [id=null, cell=Cell [x=5, y=0], subject=brown, time=2015-06-09 17:28:37.177, clock=0]
org notification: Tile [id=null, cell=Cell [x=5, y=1], subject=blue, time=2015-06-09 17:28:37.179, clock=0]
org notification: Tile [id=null, cell=Cell [x=5, y=2], subject=white, time=2015-06-09 17:28:37.181, clock=0]
org notification: Tile [id=null, cell=Cell [x=5, y=3], subject=blue, time=2015-06-09 17:28:37.183, clock=0]
org notification: Tile [id=null, cell=Cell [x=5, y=4], subject=yellow, time=2015-06-09 17:28:37.186, clock=0]
org notification: Tile [id=null, cell=Cell [x=5, y=5], subject=yellow, time=2015-06-09 17:28:37.188, clock=0]
org notification: Position [subject=a10, id=null, cell=Cell [x=3, y=3], time=2015-06-09 17:28:37.457, clock=0]
object notification: Position [subject=a10, id=null, cell=Cell [x=3, y=3], time=2015-06-09 17:28:37.457, clock=0]
org notification: Position [subject=a20, id=null, cell=Cell [x=5, y=0], time=2015-06-09 17:28:37.712, clock=0]
org notification: Position [subject=a30, id=null, cell=Cell [x=3, y=3], time=2015-06-09 17:28:37.873, clock=0]
object notification: Position [subject=a30, id=null, cell=Cell [x=3, y=3], time=2015-06-09 17:28:37.873, clock=0]
org notification: Position [subject=a40, id=null, cell=Cell [x=3, y=4], time=2015-06-09 17:28:38.023, clock=0]
#########################Game Initialized
AGENT Thread-10: current phase name: Setup Phase
we have 0 goals
we have GoalWeight: 100  DistWeight: -10  ChipWeight: 5  CommWeight: 0 scoring
#########################Game Initialized
AGENT Thread-12: current phase name: Setup Phase
we have 0 goals
we have GoalWeight: 100  DistWeight: -10  ChipWeight: 5  CommWeight: 0 scoring
setPhases in ClientGameStatus, the current phase is Norm Phase
setPhases in ClientGameStatus, the current phase is Norm Phase
org notification: Group [name=g, ra=a40, type=raaa, clock=0, time=2015-06-09 17:28:45.212]
object notification: Prohibition [subject=a10, prohibition=[moveTooFast(a10)], sanction=[reduce(a10, 300)], clock=0, time=2015-06-09 17:28:45.39]
object notification: Prohibition [subject=a30, prohibition=[moveTooFast(a30)], sanction=[reduce(a30, 300)], clock=0, time=2015-06-09 17:28:45.396]
object notification: Obligation [subject=a10, obligation=[makeMove(3, 3, a10)], sanction=[reduce(a10, 300)], deadline=15, time=2015-06-09 17:28:45.405, clock=0]
object notification: Obligation [subject=a30, obligation=[makeMove(3, 3, a30)], sanction=[reduce(a30, 300)], deadline=15, time=2015-06-09 17:28:45.41, clock=0]
org notification: Time [clock=1, time=2015-06-09 17:28:55.238]
object notification: Time [clock=1, time=2015-06-09 17:28:55.238]
object notification: Time [clock=1, time=2015-06-09 17:28:55.238]
object notification: Time [clock=2, time=2015-06-09 17:29:05.241]
org notification: Time [clock=2, time=2015-06-09 17:29:05.241]
object notification: Time [clock=2, time=2015-06-09 17:29:05.241]
org notification: Time [clock=3, time=2015-06-09 17:29:15.243]
object notification: Time [clock=3, time=2015-06-09 17:29:15.243]
object notification: Time [clock=3, time=2015-06-09 17:29:15.243]
object notification: Time [clock=4, time=2015-06-09 17:29:25.246]
org notification: Time [clock=4, time=2015-06-09 17:29:25.246]
object notification: Time [clock=4, time=2015-06-09 17:29:25.246]
org notification: Time [clock=5, time=2015-06-09 17:29:35.248]
object notification: Time [clock=5, time=2015-06-09 17:29:35.248]
object notification: Time [clock=5, time=2015-06-09 17:29:35.248]
org notification: Time [clock=6, time=2015-06-09 17:29:45.251]
object notification: Time [clock=6, time=2015-06-09 17:29:45.251]
object notification: Time [clock=6, time=2015-06-09 17:29:45.251]
object notification: Time [clock=7, time=2015-06-09 17:29:55.255]
org notification: Time [clock=7, time=2015-06-09 17:29:55.255]
object notification: Time [clock=7, time=2015-06-09 17:29:55.255]
org notification: Time [clock=8, time=2015-06-09 17:30:05.258]
object notification: Time [clock=8, time=2015-06-09 17:30:05.258]
object notification: Time [clock=8, time=2015-06-09 17:30:05.258]
org notification: Time [clock=9, time=2015-06-09 17:30:15.261]
object notification: Time [clock=9, time=2015-06-09 17:30:15.261]
object notification: Time [clock=9, time=2015-06-09 17:30:15.261]
setPhases in ClientGameStatus, the current phase is Movement Phase
setPhases in ClientGameStatus, the current phase is Movement Phase
object notification: Time [clock=10, time=2015-06-09 17:30:25.298]
org notification: Time [clock=10, time=2015-06-09 17:30:25.298]
object notification: Time [clock=10, time=2015-06-09 17:30:25.298]
org notification: Time [clock=11, time=2015-06-09 17:30:35.303]
object notification: Time [clock=11, time=2015-06-09 17:30:35.303]
object notification: Time [clock=11, time=2015-06-09 17:30:35.303]
object notification: Time [clock=12, time=2015-06-09 17:30:45.307]
org notification: Time [clock=12, time=2015-06-09 17:30:45.307]
object notification: Time [clock=12, time=2015-06-09 17:30:45.307]
org notification: Time [clock=13, time=2015-06-09 17:30:55.31]
object notification: Time [clock=13, time=2015-06-09 17:30:55.31]
object notification: Time [clock=13, time=2015-06-09 17:30:55.31]
object notification: Time [clock=14, time=2015-06-09 17:31:05.313]
org notification: Time [clock=14, time=2015-06-09 17:31:05.313]
object notification: Time [clock=14, time=2015-06-09 17:31:05.313]
object notification: Time [clock=15, time=2015-06-09 17:31:15.315]
object notification: Time [clock=15, time=2015-06-09 17:31:15.315]
org notification: Time [clock=15, time=2015-06-09 17:31:15.315]
object notification: Time [clock=16, time=2015-06-09 17:31:25.319]
object notification: Time [clock=16, time=2015-06-09 17:31:25.319]
org notification: Time [clock=16, time=2015-06-09 17:31:25.319]
object notification: Points [subject=a10, time=2015-06-09 17:31:25.33, clock=16, value=700, id=null]
object notification: Points [subject=a30, time=2015-06-09 17:31:25.344, clock=16, value=700, id=null]
object notification: Time [clock=17, time=2015-06-09 17:31:35.322]
object notification: Time [clock=17, time=2015-06-09 17:31:35.322]
org notification: Time [clock=17, time=2015-06-09 17:31:35.322]
object notification: Time [clock=18, time=2015-06-09 17:31:45.324]
org notification: Time [clock=18, time=2015-06-09 17:31:45.324]
object notification: Time [clock=18, time=2015-06-09 17:31:45.324]
org notification: Time [clock=19, time=2015-06-09 17:31:55.326]
object notification: Time [clock=19, time=2015-06-09 17:31:55.326]
object notification: Time [clock=19, time=2015-06-09 17:31:55.326]
object notification: Time [clock=20, time=2015-06-09 17:32:05.329]
object notification: Time [clock=20, time=2015-06-09 17:32:05.329]
org notification: Time [clock=20, time=2015-06-09 17:32:05.329]
object notification: Time [clock=21, time=2015-06-09 17:32:15.332]
object notification: Time [clock=21, time=2015-06-09 17:32:15.332]
org notification: Time [clock=21, time=2015-06-09 17:32:15.332]
setPhases in ClientGameStatus, the current phase is Feedback Phase
setPhases in ClientGameStatus, the current phase is Feedback Phase
object notification: Time [clock=22, time=2015-06-09 17:32:25.341]
object notification: Time [clock=22, time=2015-06-09 17:32:25.341]
org notification: Time [clock=22, time=2015-06-09 17:32:25.341]
(((((((((((((((((Game ended)))))))))))
Game ended 
My PlayerStatus is: Game Player...
PerGameId: 0.
PIN: 10.
Pos: (R:3,C:3).
Chips: { chips  'blue':3 'white':1 'brown':1 'yellow':0 }.
Score: 700.
Team: -1.

(((((((((((((((((Game ended)))))))))))
Game ended 
My PlayerStatus is: Game Player...
PerGameId: 2.
PIN: 30.
Pos: (R:3,C:3).
Chips: { chips  'blue':0 'white':2 'brown':3 'yellow':2 }.
Score: 700.
Team: -1.

org notification: Time [clock=23, time=2015-06-09 17:32:35.361]
object notification: Time [clock=23, time=2015-06-09 17:32:35.361]
object notification: Time [clock=23, time=2015-06-09 17:32:35.361]
object notification: Time [clock=24, time=2015-06-09 17:32:45.364]
object notification: Time [clock=24, time=2015-06-09 17:32:45.364]
org notification: Time [clock=24, time=2015-06-09 17:32:45.364]
org notification: Time [clock=25, time=2015-06-09 17:32:55.367]
object notification: Time [clock=25, time=2015-06-09 17:32:55.367]
object notification: Time [clock=25, time=2015-06-09 17:32:55.367]
object notification: Time [clock=26, time=2015-06-09 17:33:05.37]
object notification: Time [clock=26, time=2015-06-09 17:33:05.37]
org notification: Time [clock=26, time=2015-06-09 17:33:05.37]
object notification: Time [clock=27, time=2015-06-09 17:33:15.373]
org notification: Time [clock=27, time=2015-06-09 17:33:15.373]
object notification: Time [clock=27, time=2015-06-09 17:33:15.373]
org notification: Time [clock=28, time=2015-06-09 17:33:25.376]
object notification: Time [clock=28, time=2015-06-09 17:33:25.376]
object notification: Time [clock=28, time=2015-06-09 17:33:25.376]
org notification: Time [clock=29, time=2015-06-09 17:33:35.38]
object notification: Time [clock=29, time=2015-06-09 17:33:35.38]
object notification: Time [clock=29, time=2015-06-09 17:33:35.38]
object notification: Time [clock=30, time=2015-06-09 17:33:45.382]
object notification: Time [clock=30, time=2015-06-09 17:33:45.382]
org notification: Time [clock=30, time=2015-06-09 17:33:45.382]
object notification: Time [clock=31, time=2015-06-09 17:33:55.385]
object notification: Time [clock=31, time=2015-06-09 17:33:55.385]
org notification: Time [clock=31, time=2015-06-09 17:33:55.385]
object notification: Time [clock=32, time=2015-06-09 17:34:05.388]
object notification: Time [clock=32, time=2015-06-09 17:34:05.388]
org notification: Time [clock=32, time=2015-06-09 17:34:05.388]
object notification: Time [clock=33, time=2015-06-09 17:34:15.39]
org notification: Time [clock=33, time=2015-06-09 17:34:15.39]
object notification: Time [clock=33, time=2015-06-09 17:34:15.39]
object notification: Time [clock=34, time=2015-06-09 17:34:25.394]
object notification: Time [clock=34, time=2015-06-09 17:34:25.394]
org notification: Time [clock=34, time=2015-06-09 17:34:25.394]
org notification: Time [clock=35, time=2015-06-09 17:34:35.396]
object notification: Time [clock=35, time=2015-06-09 17:34:35.396]
object notification: Time [clock=35, time=2015-06-09 17:34:35.396]
org notification: Time [clock=36, time=2015-06-09 17:34:45.399]
object notification: Time [clock=36, time=2015-06-09 17:34:45.399]
object notification: Time [clock=36, time=2015-06-09 17:34:45.399]
org notification: Time [clock=37, time=2015-06-09 17:34:55.402]
object notification: Time [clock=37, time=2015-06-09 17:34:55.402]
object notification: Time [clock=37, time=2015-06-09 17:34:55.402]
object notification: Time [clock=38, time=2015-06-09 17:35:05.405]
org notification: Time [clock=38, time=2015-06-09 17:35:05.405]
object notification: Time [clock=38, time=2015-06-09 17:35:05.405]
org notification: Time [clock=39, time=2015-06-09 17:35:15.406]
object notification: Time [clock=39, time=2015-06-09 17:35:15.406]
object notification: Time [clock=39, time=2015-06-09 17:35:15.406]
object notification: Time [clock=40, time=2015-06-09 17:35:25.409]
org notification: Time [clock=40, time=2015-06-09 17:35:25.409]
object notification: Time [clock=40, time=2015-06-09 17:35:25.409]
object notification: Time [clock=41, time=2015-06-09 17:35:35.411]
object notification: Time [clock=41, time=2015-06-09 17:35:35.411]
org notification: Time [clock=41, time=2015-06-09 17:35:35.411]
object notification: Time [clock=42, time=2015-06-09 17:35:45.413]
object notification: Time [clock=42, time=2015-06-09 17:35:45.413]
org notification: Time [clock=42, time=2015-06-09 17:35:45.413]
object notification: Time [clock=43, time=2015-06-09 17:35:55.415]
object notification: Time [clock=43, time=2015-06-09 17:35:55.415]
org notification: Time [clock=43, time=2015-06-09 17:35:55.415]
org notification: Time [clock=44, time=2015-06-09 17:36:05.418]
object notification: Time [clock=44, time=2015-06-09 17:36:05.418]
object notification: Time [clock=44, time=2015-06-09 17:36:05.418]
org notification: Time [clock=45, time=2015-06-09 17:36:15.421]
object notification: Time [clock=45, time=2015-06-09 17:36:15.421]
object notification: Time [clock=45, time=2015-06-09 17:36:15.421]
org notification: Time [clock=46, time=2015-06-09 17:36:25.424]
object notification: Time [clock=46, time=2015-06-09 17:36:25.424]
object notification: Time [clock=46, time=2015-06-09 17:36:25.424]
object notification: Time [clock=47, time=2015-06-09 17:36:35.428]
object notification: Time [clock=47, time=2015-06-09 17:36:35.428]
org notification: Time [clock=47, time=2015-06-09 17:36:35.428]
org notification: Time [clock=48, time=2015-06-09 17:36:45.432]
object notification: Time [clock=48, time=2015-06-09 17:36:45.432]
object notification: Time [clock=48, time=2015-06-09 17:36:45.432]
org notification: Time [clock=49, time=2015-06-09 17:36:55.435]
object notification: Time [clock=49, time=2015-06-09 17:36:55.435]
object notification: Time [clock=49, time=2015-06-09 17:36:55.435]
org notification: Time [clock=50, time=2015-06-09 17:37:05.438]
object notification: Time [clock=50, time=2015-06-09 17:37:05.438]
object notification: Time [clock=50, time=2015-06-09 17:37:05.438]
org notification: Time [clock=51, time=2015-06-09 17:37:15.442]
object notification: Time [clock=51, time=2015-06-09 17:37:15.442]
object notification: Time [clock=51, time=2015-06-09 17:37:15.442]
object notification: Time [clock=52, time=2015-06-09 17:37:25.446]
object notification: Time [clock=52, time=2015-06-09 17:37:25.446]
org notification: Time [clock=52, time=2015-06-09 17:37:25.446]
org notification: Time [clock=53, time=2015-06-09 17:37:35.448]
object notification: Time [clock=53, time=2015-06-09 17:37:35.448]
object notification: Time [clock=53, time=2015-06-09 17:37:35.448]
object notification: Time [clock=54, time=2015-06-09 17:37:45.452]
object notification: Time [clock=54, time=2015-06-09 17:37:45.452]
org notification: Time [clock=54, time=2015-06-09 17:37:45.452]
