2015-05-12 18:20:57,276 CONFIG [com.gigaspaces.logger] - Log file: /Users/dxd/git/ct3/logs/2015-05-12~18.20-gigaspaces-service-10.154.152.156-47957.log
-------------------------last log tuples start--------------------------------
Color [id=null, color=green, agent=a30, type=no, time=2015-05-12 17:51:45.933, clock=2]
Tile [id=null, cell=Cell [x=3, y=1], subject=orange, time=2015-05-12 17:51:32.062, clock=0]
Position [subject=a40, id=null, cell=Cell [x=4, y=0], time=2015-05-12 17:51:39.511, clock=2]
Time [clock=166, time=2015-05-12 18:19:38.965]
Color [id=null, color=green, agent=a40, type=no, time=2015-05-12 17:51:46.08, clock=2]
Time [clock=168, time=2015-05-12 18:19:59.349]
Color [id=null, color=green, agent=a20, type=yes, time=2015-05-12 17:51:45.434, clock=2]
SetGoal [id=null, agent=a30, cell=Cell [x=3, y=2], goal=Cell [x=2, y=2], clock=2, time=2015-05-12 17:51:44.808]
Goal [id=null, cell=Cell [x=2, y=2], agent=null, time=2015-05-12 17:51:31.61, clock=0]
Obligation [subject=a30, obligation=[color(green, a30)], sanction=[reduce(a30, 50)], deadline=4, time=2015-05-12 17:51:45.55, clock=2]
Chip [id=null, agent=a10, time=2015-05-12 17:51:39.54, color=purple, clock=2, number=3]
Position [subject=a30, id=null, cell=Cell [x=4, y=4], time=2015-05-12 17:51:39.596, clock=2]
Position [subject=a10, id=null, cell=Cell [x=0, y=0], time=2015-05-12 17:51:39.531, clock=2]
SetGoal [id=null, agent=a20, cell=Cell [x=1, y=2], goal=Cell [x=2, y=2], clock=2, time=2015-05-12 17:51:44.62]
Prohibition [subject=a30, prohibition=[rejectRequests(a30)], sanction=[reduce(a30, 500)], clock=1, time=2015-05-12 17:51:29.475]
SetGoal [id=null, agent=a10, cell=Cell [x=2, y=1], goal=Cell [x=2, y=2], clock=2, time=2015-05-12 17:51:44.452]
Color [id=null, color=green, agent=a30, type=yes, time=2015-05-12 17:51:45.547, clock=2]
Time [clock=162, time=2015-05-12 18:18:58.174]
Prohibition [subject=a20, prohibition=[rejectRequests(a20)], sanction=[reduce(a20, 500)], clock=1, time=2015-05-12 17:51:29.472]
Prohibition [subject=a40, prohibition=[rejectRequests(a40)], sanction=[reduce(a40, 500)], clock=1, time=2015-05-12 17:51:29.478]
Color [id=null, color=green, agent=a10, type=no, time=2015-05-12 17:51:45.718, clock=2]
Tile [id=null, cell=Cell [x=4, y=4], subject=green, time=2015-05-12 17:51:32.081, clock=0]
Prohibition [subject=a10, prohibition=[at(4, 4, a10)], sanction=[reduce(a10, 50)], clock=2, time=2015-05-12 17:51:45.721]
Time [clock=170, time=2015-05-12 18:20:19.583]
SetGoal [id=null, agent=a40, cell=Cell [x=2, y=3], goal=Cell [x=2, y=2], clock=2, time=2015-05-12 17:51:45.056]
Color [id=null, color=green, agent=a40, type=yes, time=2015-05-12 17:51:45.639, clock=2]
Chip [id=null, agent=a10, time=2015-05-12 17:51:39.59, color=green, clock=2, number=3]
Color [id=null, color=green, agent=a20, type=no, time=2015-05-12 17:51:45.809, clock=2]
Tile [id=null, cell=Cell [x=4, y=2], subject=orange, time=2015-05-12 17:51:32.077, clock=0]
Prohibition [subject=a20, prohibition=[at(4, 4, a20)], sanction=[reduce(a20, 50)], clock=2, time=2015-05-12 17:51:45.812]
Prohibition [subject=a40, prohibition=[at(4, 4, a40)], sanction=[reduce(a40, 50)], clock=2, time=2015-05-12 17:51:46.084]
Goal [id=null, cell=Cell [x=2, y=2], agent=null, time=2015-05-12 17:51:32.127, clock=0]
Position [subject=a20, id=null, cell=Cell [x=0, y=4], time=2015-05-12 17:51:39.483, clock=2]
Tile [id=null, cell=Cell [x=2, y=2], subject=green, time=2015-05-12 17:51:32.052, clock=0]
Prohibition [subject=a10, prohibition=[rejectRequests(a10)], sanction=[reduce(a10, 500)], clock=1, time=2015-05-12 17:51:29.466]
Color [id=null, color=green, agent=a10, type=yes, time=2015-05-12 17:51:45.23, clock=2]
Prohibition [subject=a30, prohibition=[at(4, 4, a30)], sanction=[reduce(a30, 50)], clock=2, time=2015-05-12 17:51:45.941]
Obligation [subject=a10, obligation=[surround(2, 2)], sanction=[reduce(g, 500)], deadline=11, time=2015-05-12 17:51:31.66, clock=1]
Obligation [subject=a10, obligation=[at(2, 1, a10)], sanction=[reduce(a10, 500)], deadline=8, time=2015-05-12 17:51:44.471, clock=2]
Chip [id=null, agent=a30, time=2015-05-12 17:51:39.614, color=green, clock=2, number=2]
Position [subject=a30, id=null, cell=Cell [x=4, y=4], time=2015-05-12 17:51:39.547, clock=2]
Obligation [subject=a20, obligation=[at(1, 2, a20)], sanction=[reduce(a20, 500)], deadline=8, time=2015-05-12 17:51:44.626, clock=2]
Obligation [subject=a30, obligation=[at(3, 2, a30)], sanction=[reduce(a30, 500)], deadline=8, time=2015-05-12 17:51:44.811, clock=2]
Chip [id=null, agent=a30, time=2015-05-12 17:51:39.561, color=green, clock=2, number=2]
Position [subject=a10, id=null, cell=Cell [x=0, y=0], time=2015-05-12 17:51:39.573, clock=2]
Time [clock=171, time=2015-05-12 18:20:30.048]
Obligation [subject=a40, obligation=[at(2, 3, a40)], sanction=[reduce(a40, 500)], deadline=8, time=2015-05-12 17:51:45.06, clock=2]
Obligation [subject=a40, obligation=[color(green, a40)], sanction=[reduce(a40, 50)], deadline=4, time=2015-05-12 17:51:45.642, clock=2]
Obligation [subject=a10, obligation=[color(green, a10)], sanction=[reduce(a10, 50)], deadline=4, time=2015-05-12 17:51:45.243, clock=2]
Tile [id=null, cell=Cell [x=4, y=0], subject=green, time=2015-05-12 17:51:32.073, clock=0]
Chip [id=null, agent=a30, time=2015-05-12 17:51:39.608, color=purple, clock=2, number=3]
Time [clock=172, time=2015-05-12 18:20:40.26]
Obligation [subject=a20, obligation=[color(green, a20)], sanction=[reduce(a20, 50)], deadline=4, time=2015-05-12 17:51:45.44, clock=2]
Points [subject=a30, time=2015-05-12 17:51:45.949, clock=2, value=950, id=null]
Chip [id=null, agent=a40, time=2015-05-12 17:51:39.568, color=purple, clock=2, number=3]
Position [subject=a40, id=null, cell=Cell [x=4, y=0], time=2015-05-12 17:51:39.515, clock=2]
Position [subject=a20, id=null, cell=Cell [x=0, y=4], time=2015-05-12 17:51:39.483, clock=2]
Tile [id=null, cell=Cell [x=1, y=2], subject=red, time=2015-05-12 17:51:32.041, clock=0]
Chip [id=null, agent=a40, time=2015-05-12 17:51:39.548, color=red, clock=2, number=3]
Chip [id=null, agent=a30, time=2015-05-12 17:51:39.605, color=red, clock=2, number=1]
Chip [id=null, agent=a40, time=2015-05-12 17:51:39.571, color=green, clock=2, number=2]
Chip [id=null, agent=a10, time=2015-05-12 17:51:39.576, color=orange, clock=2, number=3]
Chip [id=null, agent=a40, time=2015-05-12 17:51:39.527, color=green, clock=2, number=2]
Chip [id=null, agent=a10, time=2015-05-12 17:51:39.587, color=purple, clock=2, number=3]
Tile [id=null, cell=Cell [x=1, y=3], subject=red, time=2015-05-12 17:51:32.043, clock=0]
Time [clock=152, time=2015-05-12 18:17:15.496]
Chip [id=null, agent=a20, time=2015-05-12 17:51:39.503, color=red, clock=2, number=3]
Chip [id=null, agent=a30, time=2015-05-12 17:51:39.603, color=orange, clock=2, number=1]
Chip [id=null, agent=a20, time=2015-05-12 17:51:39.49, color=orange, clock=2, number=2]
Chip [id=null, agent=a40, time=2015-05-12 17:51:39.523, color=purple, clock=2, number=3]
Tile [id=null, cell=Cell [x=0, y=2], subject=red, time=2015-05-12 17:51:32.03, clock=0]
Chip [id=null, agent=a20, time=2015-05-12 17:51:39.49, color=orange, clock=2, number=2]
Chip [id=null, agent=a10, time=2015-05-12 17:51:39.534, color=orange, clock=2, number=3]
Chip [id=null, agent=a30, time=2015-05-12 17:51:39.55, color=orange, clock=2, number=1]
Tile [id=null, cell=Cell [x=2, y=0], subject=red, time=2015-05-12 17:51:32.047, clock=0]
Chip [id=null, agent=a20, time=2015-05-12 17:51:39.503, color=red, clock=2, number=3]
Chip [id=null, agent=a10, time=2015-05-12 17:51:39.537, color=red, clock=2, number=3]
Chip [id=null, agent=a30, time=2015-05-12 17:51:39.558, color=purple, clock=2, number=3]
Tile [id=null, cell=Cell [x=3, y=3], subject=purple, time=2015-05-12 17:51:32.069, clock=0]
Chip [id=null, agent=a20, time=2015-05-12 17:51:39.508, color=green, clock=2, number=2]
Chip [id=null, agent=a10, time=2015-05-12 17:51:39.583, color=red, clock=2, number=3]
Chip [id=null, agent=a30, time=2015-05-12 17:51:39.555, color=red, clock=2, number=1]
Chip [id=null, agent=a40, time=2015-05-12 17:51:39.532, color=orange, clock=2, number=2]
Chip [id=null, agent=a20, time=2015-05-12 17:51:39.505, color=purple, clock=2, number=1]
Chip [id=null, agent=a20, time=2015-05-12 17:51:39.508, color=green, clock=2, number=2]
Chip [id=null, agent=a20, time=2015-05-12 17:51:39.506, color=purple, clock=2, number=1]
Tile [id=null, cell=Cell [x=3, y=1], subject=orange, time=2015-05-12 17:51:31.517, clock=0]
Chip [id=null, agent=a10, time=2015-05-12 17:51:39.543, color=green, clock=2, number=3]
Chip [id=null, agent=a40, time=2015-05-12 17:51:39.52, color=red, clock=2, number=3]
Chip [id=null, agent=a40, time=2015-05-12 17:51:39.514, color=orange, clock=2, number=2]
Time [clock=153, time=2015-05-12 18:17:25.967]
Time [clock=158, time=2015-05-12 18:18:17.585]
Tile [id=null, cell=Cell [x=2, y=3], subject=purple, time=2015-05-12 17:51:32.055, clock=0]
Time [clock=155, time=2015-05-12 18:17:46.654]
Time [clock=163, time=2015-05-12 18:19:08.362]
Time [clock=157, time=2015-05-12 18:18:06.665]
Time [clock=154, time=2015-05-12 18:17:36.324]
Time [clock=159, time=2015-05-12 18:18:27.718]
Time [clock=139, time=2015-05-12 18:15:01.072]
Time [clock=161, time=2015-05-12 18:18:47.842]
Time [clock=148, time=2015-05-12 18:16:34.181]
Time [clock=156, time=2015-05-12 18:17:56.661]
Time [clock=169, time=2015-05-12 18:20:09.454]
Time [clock=165, time=2015-05-12 18:19:28.909]
Time [clock=160, time=2015-05-12 18:18:37.751]
Tile [id=null, cell=Cell [x=2, y=2], subject=green, time=2015-05-12 17:51:31.449, clock=0]
Time [clock=125, time=2015-05-12 18:12:37.289]
Time [clock=147, time=2015-05-12 18:16:23.941]
Time [clock=127, time=2015-05-12 18:12:58.288]
Time [clock=107, time=2015-05-12 18:09:31.053]
Time [clock=143, time=2015-05-12 18:15:42.303]
Time [clock=140, time=2015-05-12 18:15:11.355]
Time [clock=145, time=2015-05-12 18:16:03.21]
Time [clock=132, time=2015-05-12 18:13:49.133]
Time [clock=130, time=2015-05-12 18:13:28.936]
Time [clock=134, time=2015-05-12 18:14:09.982]
Tile [id=null, cell=Cell [x=3, y=0], subject=red, time=2015-05-12 17:51:32.06, clock=0]
Time [clock=114, time=2015-05-12 18:10:43.786]
Time [clock=136, time=2015-05-12 18:14:30.365]
Time [clock=95, time=2015-05-12 18:07:27.52]
Time [clock=138, time=2015-05-12 18:14:51.067]
Tile [id=null, cell=Cell [x=2, y=4], subject=red, time=2015-05-12 17:51:31.498, clock=0]
Time [clock=104, time=2015-05-12 18:09:00.429]
Time [clock=119, time=2015-05-12 18:11:35.743]
Time [clock=94, time=2015-05-12 18:07:16.987]
Tile [id=null, cell=Cell [x=3, y=2], subject=purple, time=2015-05-12 17:51:32.066, clock=0]
Time [clock=149, time=2015-05-12 18:16:44.658]
Time [clock=164, time=2015-05-12 18:19:18.517]
Time [clock=151, time=2015-05-12 18:17:05.148]
Time [clock=90, time=2015-05-12 18:06:36.039]
Time [clock=82, time=2015-05-12 18:05:13.352]
Time [clock=84, time=2015-05-12 18:05:34.107]
Time [clock=92, time=2015-05-12 18:06:56.555]
Time [clock=86, time=2015-05-12 18:05:54.685]
Tile [id=null, cell=Cell [x=0, y=4], subject=green, time=2015-05-12 17:51:32.035, clock=0]
Time [clock=150, time=2015-05-12 18:16:54.698]
Time [clock=137, time=2015-05-12 18:14:40.81]
Time [clock=131, time=2015-05-12 18:13:39.001]
Time [clock=76, time=2015-05-12 18:04:10.982]
Time [clock=133, time=2015-05-12 18:13:59.516]
Time [clock=78, time=2015-05-12 18:04:31.869]
Time [clock=30, time=2015-05-12 17:56:19.542]
Time [clock=115, time=2015-05-12 18:10:54.233]
Time [clock=53, time=2015-05-12 18:00:13.595]
Time [clock=124, time=2015-05-12 18:12:27.223]
Time [clock=118, time=2015-05-12 18:11:25.271]
Time [clock=126, time=2015-05-12 18:12:47.293]
Time [clock=141, time=2015-05-12 18:15:21.941]
Time [clock=142, time=2015-05-12 18:15:32.063]
Time [clock=122, time=2015-05-12 18:12:06.725]
Time [clock=123, time=2015-05-12 18:12:17.156]
Time [clock=61, time=2015-05-12 18:01:36.534]
Time [clock=48, time=2015-05-12 17:59:22.461]
Time [clock=63, time=2015-05-12 18:01:57.354]
Tile [id=null, cell=Cell [x=2, y=1], subject=red, time=2015-05-12 17:51:31.44, clock=0]
Time [clock=106, time=2015-05-12 18:09:20.659]
Time [clock=135, time=2015-05-12 18:14:20.159]
Time [clock=129, time=2015-05-12 18:13:18.933]
Time [clock=116, time=2015-05-12 18:11:04.575]
Time [clock=68, time=2015-05-12 18:02:48.649]
Time [clock=40, time=2015-05-12 17:58:01.038]
Time [clock=102, time=2015-05-12 18:08:39.757]
Time [clock=71, time=2015-05-12 18:03:19.931]
Time [clock=167, time=2015-05-12 18:19:48.976]
Time [clock=101, time=2015-05-12 18:08:29.725]
Time [clock=32, time=2015-05-12 17:56:39.549]
Time [clock=110, time=2015-05-12 18:10:02.473]
Time [clock=103, time=2015-05-12 18:08:49.849]
Tile [id=null, cell=Cell [x=1, y=1], subject=orange, time=2015-05-12 17:51:32.039, clock=0]
Time [clock=98, time=2015-05-12 18:07:58.667]
Time [clock=64, time=2015-05-12 18:02:07.357]
Time [clock=128, time=2015-05-12 18:13:08.898]
Time [clock=85, time=2015-05-12 18:05:44.326]
Time [clock=144, time=2015-05-12 18:15:52.719]
Time [clock=97, time=2015-05-12 18:07:48.266]
Time [clock=146, time=2015-05-12 18:16:13.508]
Time [clock=112, time=2015-05-12 18:10:23.451]
Time [clock=80, time=2015-05-12 18:04:52.582]
Time [clock=121, time=2015-05-12 18:11:56.694]
Time [clock=108, time=2015-05-12 18:09:41.222]
Time [clock=88, time=2015-05-12 18:06:15.513]
Time [clock=26, time=2015-05-12 17:55:39.533]
Time [clock=34, time=2015-05-12 17:56:59.56]
Time [clock=81, time=2015-05-12 18:05:02.998]
Time [clock=50, time=2015-05-12 17:59:42.727]
Time [clock=83, time=2015-05-12 18:05:23.78]
Time [clock=73, time=2015-05-12 18:03:40.454]
Time [clock=59, time=2015-05-12 18:01:15.764]
Time [clock=89, time=2015-05-12 18:06:25.516]
Time [clock=75, time=2015-05-12 18:04:00.912]
Time [clock=109, time=2015-05-12 18:09:51.734]
Time [clock=120, time=2015-05-12 18:11:46.103]
Time [clock=100, time=2015-05-12 18:08:19.324]
Time [clock=38, time=2015-05-12 17:57:40.327]
Time [clock=74, time=2015-05-12 18:03:50.538]
Time [clock=27, time=2015-05-12 17:55:49.535]
Time [clock=20, time=2015-05-12 17:54:39.516]
Time [clock=42, time=2015-05-12 17:58:21.158]
Time [clock=36, time=2015-05-12 17:57:19.572]
Time [clock=65, time=2015-05-12 18:02:17.359]
Time [clock=52, time=2015-05-12 18:00:03.144]
Time [clock=105, time=2015-05-12 18:09:10.433]
Time [clock=55, time=2015-05-12 18:00:34.362]
Time [clock=111, time=2015-05-12 18:10:12.927]
Time [clock=91, time=2015-05-12 18:06:46.451]
Time [clock=113, time=2015-05-12 18:10:33.53]
Time [clock=93, time=2015-05-12 18:07:06.986]
Time [clock=31, time=2015-05-12 17:56:29.546]
Time [clock=70, time=2015-05-12 18:03:09.568]
Time [clock=117, time=2015-05-12 18:11:14.966]
Time [clock=6, time=2015-05-12 17:52:19.475]
Time [clock=56, time=2015-05-12 18:00:44.722]
Time [clock=22, time=2015-05-12 17:54:59.525]
Time [clock=79, time=2015-05-12 18:04:42.388]
Time [clock=43, time=2015-05-12 17:58:31.689]
Time [clock=60, time=2015-05-12 18:01:26.254]
Time [clock=47, time=2015-05-12 17:59:12.458]
Time [clock=62, time=2015-05-12 18:01:47.012]
Time [clock=77, time=2015-05-12 18:04:21.503]
Time [clock=24, time=2015-05-12 17:55:19.529]
Tile [id=null, cell=Cell [x=3, y=4], subject=orange, time=2015-05-12 17:51:32.071, clock=0]
Time [clock=19, time=2015-05-12 17:54:29.513]
Time [clock=10, time=2015-05-12 17:52:59.485]
Tile [id=null, cell=Cell [x=0, y=1], subject=green, time=2015-05-12 17:51:32.028, clock=0]
Time [clock=39, time=2015-05-12 17:57:50.83]
Time [clock=72, time=2015-05-12 18:03:30.446]
Time [clock=41, time=2015-05-12 17:58:11.072]
Time [clock=28, time=2015-05-12 17:55:59.538]
Time [clock=15, time=2015-05-12 17:53:49.503]
Time [clock=1, time=2015-05-12 17:51:29.445]
Time [clock=96, time=2015-05-12 18:07:37.792]
Time [clock=54, time=2015-05-12 18:00:23.918]
Time [clock=13, time=2015-05-12 17:53:29.493]
Time [clock=12, time=2015-05-12 17:53:19.491]
Time [clock=67, time=2015-05-12 18:02:38.229]
Time [clock=99, time=2015-05-12 18:08:09.159]
Time [clock=58, time=2015-05-12 18:01:05.522]
Time [clock=17, time=2015-05-12 17:54:09.508]
Time [clock=11, time=2015-05-12 17:53:09.489]
Time [clock=21, time=2015-05-12 17:54:49.521]
Time [clock=33, time=2015-05-12 17:56:49.557]
Time [clock=5, time=2015-05-12 17:52:09.471]
Time [clock=87, time=2015-05-12 18:06:04.955]
Time [clock=66, time=2015-05-12 18:02:28.032]
Time [clock=45, time=2015-05-12 17:58:51.768]
Time [clock=49, time=2015-05-12 17:59:32.54]
Time [clock=3, time=2015-05-12 17:51:49.465]
Time [clock=69, time=2015-05-12 18:02:59.025]
Tile [id=null, cell=Cell [x=4, y=0], subject=green, time=2015-05-12 17:51:31.542, clock=0]
Time [clock=7, time=2015-05-12 17:52:29.48]
Time [clock=14, time=2015-05-12 17:53:39.497]
Time [clock=46, time=2015-05-12 17:59:01.897]
Time [clock=35, time=2015-05-12 17:57:09.566]
Time [clock=25, time=2015-05-12 17:55:29.532]
Time [clock=57, time=2015-05-12 18:00:55.041]
Time [clock=51, time=2015-05-12 17:59:52.917]
Time [clock=44, time=2015-05-12 17:58:41.692]
Time [clock=37, time=2015-05-12 17:57:29.866]
Time [clock=23, time=2015-05-12 17:55:09.528]
Tile [id=null, cell=Cell [x=0, y=3], subject=orange, time=2015-05-12 17:51:32.033, clock=0]
Time [clock=16, time=2015-05-12 17:53:59.506]
Time [clock=18, time=2015-05-12 17:54:19.51]
Time [clock=9, time=2015-05-12 17:52:49.483]
Tile [id=null, cell=Cell [x=3, y=4], subject=orange, time=2015-05-12 17:51:31.538, clock=0]
Time [clock=2, time=2015-05-12 17:51:39.461]
Time [clock=4, time=2015-05-12 17:51:59.468]
Time [clock=29, time=2015-05-12 17:56:09.54]
Time [clock=8, time=2015-05-12 17:52:39.482]
Tile [id=null, cell=Cell [x=0, y=2], subject=red, time=2015-05-12 17:51:31.342, clock=0]
Tile [id=null, cell=Cell [x=4, y=1], subject=purple, time=2015-05-12 17:51:31.547, clock=0]
Tile [id=null, cell=Cell [x=2, y=4], subject=red, time=2015-05-12 17:51:32.058, clock=0]
Tile [id=null, cell=Cell [x=0, y=0], subject=green, time=2015-05-12 17:51:32.025, clock=0]
Tile [id=null, cell=Cell [x=1, y=1], subject=orange, time=2015-05-12 17:51:31.382, clock=0]
Tile [id=null, cell=Cell [x=4, y=1], subject=purple, time=2015-05-12 17:51:32.075, clock=0]
Tile [id=null, cell=Cell [x=4, y=2], subject=orange, time=2015-05-12 17:51:31.553, clock=0]
Tile [id=null, cell=Cell [x=4, y=3], subject=purple, time=2015-05-12 17:51:32.079, clock=0]
Tile [id=null, cell=Cell [x=4, y=4], subject=green, time=2015-05-12 17:51:31.567, clock=0]
Tile [id=null, cell=Cell [x=1, y=0], subject=green, time=2015-05-12 17:51:32.037, clock=0]
Tile [id=null, cell=Cell [x=1, y=4], subject=purple, time=2015-05-12 17:51:31.425, clock=0]
Tile [id=null, cell=Cell [x=0, y=0], subject=green, time=2015-05-12 17:51:31.3, clock=0]
Tile [id=null, cell=Cell [x=0, y=1], subject=green, time=2015-05-12 17:51:31.336, clock=0]
Tile [id=null, cell=Cell [x=4, y=3], subject=purple, time=2015-05-12 17:51:31.559, clock=0]
Tile [id=null, cell=Cell [x=3, y=3], subject=purple, time=2015-05-12 17:51:31.532, clock=0]
Tile [id=null, cell=Cell [x=0, y=3], subject=orange, time=2015-05-12 17:51:31.348, clock=0]
Tile [id=null, cell=Cell [x=0, y=4], subject=green, time=2015-05-12 17:51:31.359, clock=0]
Tile [id=null, cell=Cell [x=1, y=3], subject=red, time=2015-05-12 17:51:31.416, clock=0]
Tile [id=null, cell=Cell [x=2, y=1], subject=red, time=2015-05-12 17:51:32.049, clock=0]
Tile [id=null, cell=Cell [x=1, y=2], subject=red, time=2015-05-12 17:51:31.395, clock=0]
Tile [id=null, cell=Cell [x=1, y=0], subject=green, time=2015-05-12 17:51:31.375, clock=0]
Tile [id=null, cell=Cell [x=1, y=4], subject=purple, time=2015-05-12 17:51:32.045, clock=0]
Tile [id=null, cell=Cell [x=3, y=2], subject=purple, time=2015-05-12 17:51:31.525, clock=0]
Tile [id=null, cell=Cell [x=2, y=3], subject=purple, time=2015-05-12 17:51:31.465, clock=0]
Tile [id=null, cell=Cell [x=3, y=0], subject=red, time=2015-05-12 17:51:31.504, clock=0]
Tile [id=null, cell=Cell [x=2, y=0], subject=red, time=2015-05-12 17:51:31.431, clock=0]
-------------------------last log tuples end----------------------------------
[CTAH] started agent 10
[CTAH] Added a new agent to the game by the name of 10.
[ENV] added agent a10
[CTAH] started agent 30
[CTAH] Added a new agent to the game by the name of 30.
[ENV] added agent a30
[CTAH] started agent 40
[CTAH] Added a new agent to the game by the name of 40.
[ENV] added agent a40
org notification: Tile [id=null, cell=Cell [x=0, y=0], subject=green, time=2015-05-12 18:21:30.913, clock=0]
org notified sent tile(cell(0,0),green,0).
object notification: Time [clock=1, time=2015-05-12 18:21:10.797]
org notification: Time [clock=1, time=2015-05-12 18:21:10.797]
object notification: Tile [id=null, cell=Cell [x=0, y=0], subject=green, time=2015-05-12 18:21:30.913, clock=0]
object notification: Time [clock=1, time=2015-05-12 18:21:10.797]
object notification: Time [clock=1, time=2015-05-12 18:21:10.797]
object notification: Tile [id=null, cell=Cell [x=0, y=0], subject=green, time=2015-05-12 18:21:30.913, clock=0]
object notification: Tile [id=null, cell=Cell [x=0, y=1], subject=green, time=2015-05-12 18:21:30.936, clock=0]
Organization notifies object (write): Prohibition [subject=a10, prohibition=[rejectRequests(a10)], sanction=[reduce(a10, 500)], clock=3, time=2015-05-12 18:21:31.249]
object notification: Tile [id=null, cell=Cell [x=0, y=2], subject=red, time=2015-05-12 18:21:30.939, clock=0]
object notification: Tile [id=null, cell=Cell [x=0, y=0], subject=green, time=2015-05-12 18:21:30.913, clock=0]
object notification: Tile [id=null, cell=Cell [x=0, y=1], subject=green, time=2015-05-12 18:21:30.936, clock=0]
object notification: Tile [id=null, cell=Cell [x=0, y=3], subject=orange, time=2015-05-12 18:21:30.941, clock=0]
object notification: Tile [id=null, cell=Cell [x=0, y=1], subject=green, time=2015-05-12 18:21:30.936, clock=0]
Event sent to object      a30 clock(1)
object notification: Tile [id=null, cell=Cell [x=0, y=4], subject=green, time=2015-05-12 18:21:30.942, clock=0]
org notified sent time(1).
object notification: Tile [id=null, cell=Cell [x=0, y=2], subject=red, time=2015-05-12 18:21:30.939, clock=0]
object notification: Tile [id=null, cell=Cell [x=1, y=0], subject=green, time=2015-05-12 18:21:30.943, clock=0]
Event sent to object      a40 clock(1)
object notification: Time [clock=2, time=2015-05-12 18:21:20.813]
object notification: Tile [id=null, cell=Cell [x=0, y=3], subject=orange, time=2015-05-12 18:21:30.941, clock=0]
object notification: Tile [id=null, cell=Cell [x=1, y=1], subject=orange, time=2015-05-12 18:21:30.945, clock=0]
object notification: Time [clock=2, time=2015-05-12 18:21:20.813]
org notification: Goal [id=null, cell=Cell [x=2, y=2], agent=null, time=2015-05-12 18:21:30.991, clock=0]
org notified sent goal(cell(2,2),null,0).
object notification: Tile [id=null, cell=Cell [x=1, y=2], subject=red, time=2015-05-12 18:21:30.946, clock=0]
object notification: Tile [id=null, cell=Cell [x=0, y=4], subject=green, time=2015-05-12 18:21:30.942, clock=0]
Event sent to object      a10 clock(1)
object notification: Time [clock=2, time=2015-05-12 18:21:20.813]
Event sent to object      a10 clock(2)
object notification: Time [clock=3, time=2015-05-12 18:21:30.816]
Event sent to object      a10 clock(3)
Organization notifies object (write): Prohibition [subject=a20, prohibition=[rejectRequests(a20)], sanction=[reduce(a20, 500)], clock=3, time=2015-05-12 18:21:31.301]
object notification: Tile [id=null, cell=Cell [x=1, y=3], subject=red, time=2015-05-12 18:21:30.947, clock=0]
object notification: Tile [id=null, cell=Cell [x=1, y=0], subject=green, time=2015-05-12 18:21:30.943, clock=0]
object notification: Tile [id=null, cell=Cell [x=0, y=2], subject=red, time=2015-05-12 18:21:30.939, clock=0]
object notification: Tile [id=null, cell=Cell [x=1, y=4], subject=purple, time=2015-05-12 18:21:30.948, clock=0]
object notification: Tile [id=null, cell=Cell [x=0, y=3], subject=orange, time=2015-05-12 18:21:30.941, clock=0]
object notification: Tile [id=null, cell=Cell [x=0, y=4], subject=green, time=2015-05-12 18:21:30.942, clock=0]
object notification: Tile [id=null, cell=Cell [x=1, y=0], subject=green, time=2015-05-12 18:21:30.943, clock=0]
object notification: Tile [id=null, cell=Cell [x=1, y=1], subject=orange, time=2015-05-12 18:21:30.945, clock=0]
object notification: Tile [id=null, cell=Cell [x=1, y=1], subject=orange, time=2015-05-12 18:21:30.945, clock=0]
Event sent to object      a40 clock(2)
object notification: Time [clock=3, time=2015-05-12 18:21:30.816]
Event sent to object      a40 clock(3)
Organization notifies object (write): Prohibition [subject=a30, prohibition=[rejectRequests(a30)], sanction=[reduce(a30, 500)], clock=3, time=2015-05-12 18:21:31.306]
Event sent to object      a30 clock(2)
object notification: Time [clock=3, time=2015-05-12 18:21:30.816]
Event sent to object      a30 clock(3)
object notification: Tile [id=null, cell=Cell [x=2, y=0], subject=red, time=2015-05-12 18:21:30.949, clock=0]
object notification: Tile [id=null, cell=Cell [x=2, y=1], subject=red, time=2015-05-12 18:21:30.95, clock=0]
object notification: Tile [id=null, cell=Cell [x=2, y=2], subject=green, time=2015-05-12 18:21:30.951, clock=0]
object notification: Tile [id=null, cell=Cell [x=2, y=3], subject=purple, time=2015-05-12 18:21:30.952, clock=0]
object notification: Tile [id=null, cell=Cell [x=1, y=2], subject=red, time=2015-05-12 18:21:30.946, clock=0]
object notification: Tile [id=null, cell=Cell [x=1, y=3], subject=red, time=2015-05-12 18:21:30.947, clock=0]
object notification: Prohibition [subject=a10, prohibition=[rejectRequests(a10)], sanction=[reduce(a10, 500)], clock=3, time=2015-05-12 18:21:31.249]
object notification: Tile [id=null, cell=Cell [x=1, y=4], subject=purple, time=2015-05-12 18:21:30.948, clock=0]
object notification: Tile [id=null, cell=Cell [x=2, y=4], subject=red, time=2015-05-12 18:21:30.954, clock=0]
object notification: Tile [id=null, cell=Cell [x=1, y=2], subject=red, time=2015-05-12 18:21:30.946, clock=0]
Organization notifies object (write): Prohibition [subject=a40, prohibition=[rejectRequests(a40)], sanction=[reduce(a40, 500)], clock=3, time=2015-05-12 18:21:31.323]
object notification: Tile [id=null, cell=Cell [x=1, y=3], subject=red, time=2015-05-12 18:21:30.947, clock=0]
object notification: Tile [id=null, cell=Cell [x=1, y=4], subject=purple, time=2015-05-12 18:21:30.948, clock=0]
object notification: Tile [id=null, cell=Cell [x=3, y=0], subject=red, time=2015-05-12 18:21:30.955, clock=0]
object notification: Tile [id=null, cell=Cell [x=2, y=0], subject=red, time=2015-05-12 18:21:30.949, clock=0]
object notification: Tile [id=null, cell=Cell [x=2, y=1], subject=red, time=2015-05-12 18:21:30.95, clock=0]
object notification: Tile [id=null, cell=Cell [x=2, y=2], subject=green, time=2015-05-12 18:21:30.951, clock=0]
object notification: Tile [id=null, cell=Cell [x=2, y=3], subject=purple, time=2015-05-12 18:21:30.952, clock=0]
object notification: Tile [id=null, cell=Cell [x=2, y=4], subject=red, time=2015-05-12 18:21:30.954, clock=0]
Event sent to object      a10 prohibition([rejectRequests(a10)]], [reduce(a10, 500)])
object notification: Tile [id=null, cell=Cell [x=3, y=1], subject=orange, time=2015-05-12 18:21:30.956, clock=0]
object notification: Tile [id=null, cell=Cell [x=2, y=0], subject=red, time=2015-05-12 18:21:30.949, clock=0]
object notification: Tile [id=null, cell=Cell [x=2, y=1], subject=red, time=2015-05-12 18:21:30.95, clock=0]
object notification: Tile [id=null, cell=Cell [x=2, y=2], subject=green, time=2015-05-12 18:21:30.951, clock=0]
object notification: Tile [id=null, cell=Cell [x=3, y=0], subject=red, time=2015-05-12 18:21:30.955, clock=0]
object notification: Tile [id=null, cell=Cell [x=2, y=3], subject=purple, time=2015-05-12 18:21:30.952, clock=0]
object notification: Prohibition [subject=a30, prohibition=[rejectRequests(a30)], sanction=[reduce(a30, 500)], clock=3, time=2015-05-12 18:21:31.306]
Event sent to object      a30 prohibition([rejectRequests(a30)]], [reduce(a30, 500)])
object notification: Tile [id=null, cell=Cell [x=2, y=4], subject=red, time=2015-05-12 18:21:30.954, clock=0]
object notification: Tile [id=null, cell=Cell [x=3, y=0], subject=red, time=2015-05-12 18:21:30.955, clock=0]
object notification: Tile [id=null, cell=Cell [x=3, y=1], subject=orange, time=2015-05-12 18:21:30.956, clock=0]
object notification: Tile [id=null, cell=Cell [x=3, y=2], subject=purple, time=2015-05-12 18:21:30.957, clock=0]
object notification: Tile [id=null, cell=Cell [x=3, y=3], subject=purple, time=2015-05-12 18:21:30.959, clock=0]
object notification: Tile [id=null, cell=Cell [x=3, y=4], subject=orange, time=2015-05-12 18:21:30.96, clock=0]
object notification: Tile [id=null, cell=Cell [x=4, y=0], subject=green, time=2015-05-12 18:21:30.962, clock=0]
object notification: Tile [id=null, cell=Cell [x=3, y=2], subject=purple, time=2015-05-12 18:21:30.957, clock=0]
object notification: Tile [id=null, cell=Cell [x=3, y=3], subject=purple, time=2015-05-12 18:21:30.959, clock=0]
org notification: Time [clock=2, time=2015-05-12 18:21:20.813]
org notified sent time(2).
object notification: Tile [id=null, cell=Cell [x=3, y=4], subject=orange, time=2015-05-12 18:21:30.96, clock=0]
object notification: Tile [id=null, cell=Cell [x=4, y=1], subject=purple, time=2015-05-12 18:21:30.964, clock=0]
object notification: Tile [id=null, cell=Cell [x=4, y=0], subject=green, time=2015-05-12 18:21:30.962, clock=0]
object notification: Tile [id=null, cell=Cell [x=4, y=2], subject=orange, time=2015-05-12 18:21:30.965, clock=0]
org notification: Tile [id=null, cell=Cell [x=0, y=1], subject=green, time=2015-05-12 18:21:30.936, clock=0]
object notification: Prohibition [subject=a40, prohibition=[rejectRequests(a40)], sanction=[reduce(a40, 500)], clock=3, time=2015-05-12 18:21:31.323]
object notification: Tile [id=null, cell=Cell [x=3, y=1], subject=orange, time=2015-05-12 18:21:30.956, clock=0]
org notified sent tile(cell(0,1),green,0).
object notification: Tile [id=null, cell=Cell [x=4, y=3], subject=purple, time=2015-05-12 18:21:30.967, clock=0]
object notification: Tile [id=null, cell=Cell [x=4, y=1], subject=purple, time=2015-05-12 18:21:30.964, clock=0]
object notification: Tile [id=null, cell=Cell [x=4, y=4], subject=green, time=2015-05-12 18:21:30.969, clock=0]
object notification: Tile [id=null, cell=Cell [x=4, y=2], subject=orange, time=2015-05-12 18:21:30.965, clock=0]
Event sent to object      a40 prohibition([rejectRequests(a40)]], [reduce(a40, 500)])
object notification: Tile [id=null, cell=Cell [x=3, y=2], subject=purple, time=2015-05-12 18:21:30.957, clock=0]
object notification: Tile [id=null, cell=Cell [x=4, y=3], subject=purple, time=2015-05-12 18:21:30.967, clock=0]
object notification: Tile [id=null, cell=Cell [x=3, y=3], subject=purple, time=2015-05-12 18:21:30.959, clock=0]
object notification: Tile [id=null, cell=Cell [x=4, y=4], subject=green, time=2015-05-12 18:21:30.969, clock=0]
object notification: Tile [id=null, cell=Cell [x=3, y=4], subject=orange, time=2015-05-12 18:21:30.96, clock=0]
object notification: Tile [id=null, cell=Cell [x=4, y=0], subject=green, time=2015-05-12 18:21:30.962, clock=0]
Organization notifies object (write): Obligation [subject=a10, obligation=[surround(2, 2)], sanction=[reduce(g, 500)], deadline=11, time=2015-05-12 18:21:31.359, clock=3]
object notification: Tile [id=null, cell=Cell [x=4, y=1], subject=purple, time=2015-05-12 18:21:30.964, clock=0]
object notification: Tile [id=null, cell=Cell [x=4, y=2], subject=orange, time=2015-05-12 18:21:30.965, clock=0]
object notification: Tile [id=null, cell=Cell [x=4, y=3], subject=purple, time=2015-05-12 18:21:30.967, clock=0]
object notification: Tile [id=null, cell=Cell [x=4, y=4], subject=green, time=2015-05-12 18:21:30.969, clock=0]
object notification: Obligation [subject=a10, obligation=[surround(2, 2)], sanction=[reduce(g, 500)], deadline=11, time=2015-05-12 18:21:31.359, clock=3]
Event sent to object      a10 obligation([surround(2, 2)], 11, [reduce(g, 500)])
org notification: Tile [id=null, cell=Cell [x=0, y=2], subject=red, time=2015-05-12 18:21:30.939, clock=0]
org notified sent tile(cell(0,2),red,0).
org notification: Time [clock=3, time=2015-05-12 18:21:30.816]
org notified sent time(3).
org notification: Tile [id=null, cell=Cell [x=0, y=3], subject=orange, time=2015-05-12 18:21:30.941, clock=0]
org notified sent tile(cell(0,3),orange,0).
org notification: Tile [id=null, cell=Cell [x=0, y=4], subject=green, time=2015-05-12 18:21:30.942, clock=0]
org notified sent tile(cell(0,4),green,0).
org notification: Tile [id=null, cell=Cell [x=1, y=0], subject=green, time=2015-05-12 18:21:30.943, clock=0]
org notified sent tile(cell(1,0),green,0).
org notification: Tile [id=null, cell=Cell [x=1, y=1], subject=orange, time=2015-05-12 18:21:30.945, clock=0]
org notified sent tile(cell(1,1),orange,0).
org notification: Tile [id=null, cell=Cell [x=1, y=2], subject=red, time=2015-05-12 18:21:30.946, clock=0]
org notified sent tile(cell(1,2),red,0).
org notification: Tile [id=null, cell=Cell [x=1, y=3], subject=red, time=2015-05-12 18:21:30.947, clock=0]
org notified sent tile(cell(1,3),red,0).
org notification: Tile [id=null, cell=Cell [x=1, y=4], subject=purple, time=2015-05-12 18:21:30.948, clock=0]
org notified sent tile(cell(1,4),purple,0).
org notification: Tile [id=null, cell=Cell [x=2, y=0], subject=red, time=2015-05-12 18:21:30.949, clock=0]
org notified sent tile(cell(2,0),red,0).
org notification: Tile [id=null, cell=Cell [x=2, y=1], subject=red, time=2015-05-12 18:21:30.95, clock=0]
org notified sent tile(cell(2,1),red,0).
org notification: Tile [id=null, cell=Cell [x=2, y=2], subject=green, time=2015-05-12 18:21:30.951, clock=0]
org notified sent tile(cell(2,2),green,0).
org notification: Tile [id=null, cell=Cell [x=2, y=3], subject=purple, time=2015-05-12 18:21:30.952, clock=0]
org notified sent tile(cell(2,3),purple,0).
org notification: Tile [id=null, cell=Cell [x=2, y=4], subject=red, time=2015-05-12 18:21:30.954, clock=0]
org notified sent tile(cell(2,4),red,0).
org notification: Tile [id=null, cell=Cell [x=3, y=0], subject=red, time=2015-05-12 18:21:30.955, clock=0]
org notified sent tile(cell(3,0),red,0).
org notification: Tile [id=null, cell=Cell [x=3, y=1], subject=orange, time=2015-05-12 18:21:30.956, clock=0]
org notified sent tile(cell(3,1),orange,0).
org notification: Tile [id=null, cell=Cell [x=3, y=2], subject=purple, time=2015-05-12 18:21:30.957, clock=0]
org notified sent tile(cell(3,2),purple,0).
org notification: Tile [id=null, cell=Cell [x=3, y=3], subject=purple, time=2015-05-12 18:21:30.959, clock=0]
org notified sent tile(cell(3,3),purple,0).
org notification: Tile [id=null, cell=Cell [x=3, y=4], subject=orange, time=2015-05-12 18:21:30.96, clock=0]
org notified sent tile(cell(3,4),orange,0).
org notification: Tile [id=null, cell=Cell [x=4, y=0], subject=green, time=2015-05-12 18:21:30.962, clock=0]
org notified sent tile(cell(4,0),green,0).
org notification: Tile [id=null, cell=Cell [x=4, y=1], subject=purple, time=2015-05-12 18:21:30.964, clock=0]
org notified sent tile(cell(4,1),purple,0).
org notification: Tile [id=null, cell=Cell [x=4, y=2], subject=orange, time=2015-05-12 18:21:30.965, clock=0]
org notified sent tile(cell(4,2),orange,0).
org notification: Tile [id=null, cell=Cell [x=4, y=3], subject=purple, time=2015-05-12 18:21:30.967, clock=0]
org notified sent tile(cell(4,3),purple,0).
org notification: Tile [id=null, cell=Cell [x=4, y=4], subject=green, time=2015-05-12 18:21:30.969, clock=0]
org notified sent tile(cell(4,4),green,0).
Event processed UpdateClock(1)
Event processed UpdateClock(1)
Event processed UpdateClock(2)
Event processed UpdateClock(2)
Event processed UpdateClock(3)
Event processed UpdateClock(3)
Event processed adoptProhibition(rejectRequests(a40)], reduce(a40, 500))
Event processed adoptProhibition(rejectRequests(a10)], reduce(a10, 500))
Event processed UpdateClock(1)
Event processed UpdateClock(2)
Event processed adoptObligation(surround(2, 2), 11, reduce(g, 500))
Event processed UpdateClock(3)
Event processed adoptProhibition(rejectRequests(a30)], reduce(a30, 500))
org notification: Time [clock=4, time=2015-05-12 18:21:40.818]
org notified sent time(4).
object notification: Time [clock=4, time=2015-05-12 18:21:40.818]
object notification: Time [clock=4, time=2015-05-12 18:21:40.818]
Event sent to object      a30 clock(4)
Event sent to object      a10 clock(4)
object notification: Time [clock=4, time=2015-05-12 18:21:40.818]
Event sent to object      a40 clock(4)
org notification: Position [subject=a20, id=null, cell=Cell [x=0, y=4], time=2015-05-12 18:21:40.827, clock=4]
org notified sent position(a20,cell(0,4),4).
org notification: Chip [id=null, agent=a20, time=2015-05-12 18:21:40.837, color=orange, clock=4, number=2]
org notified sent chip(a20,orange,2,4).
org notification: Chip [id=null, agent=a20, time=2015-05-12 18:21:40.846, color=red, clock=4, number=3]
org notified sent chip(a20,red,3,4).
org notification: Chip [id=null, agent=a20, time=2015-05-12 18:21:40.848, color=purple, clock=4, number=1]
org notified sent chip(a20,purple,1,4).
org notification: Chip [id=null, agent=a20, time=2015-05-12 18:21:40.85, color=green, clock=4, number=2]
org notified sent chip(a20,green,2,4).
org notification: Position [subject=a30, id=null, cell=Cell [x=4, y=4], time=2015-05-12 18:21:40.853, clock=4]
org notified sent position(a30,cell(4,4),4).
Error while procession organization notification
java.lang.ArrayIndexOutOfBoundsException: 4097
	at aplprolog.Parsing.SimpleCharStream.readChar(SimpleCharStream.java:198)
	at aplprolog.Parsing.SimpleCharStream.BeginToken(SimpleCharStream.java:136)
	at aplprolog.Parsing.IntPrologTokenManager.getNextToken(IntPrologTokenManager.java:1017)
	at aplprolog.Parsing.IntProlog.jj_ntk(IntProlog.java:1333)
	at aplprolog.Parsing.IntProlog.Argument(IntProlog.java:384)
	at aplprolog.Parsing.IntProlog.Arguments(IntProlog.java:372)
	at aplprolog.Parsing.IntProlog.PosLiteral(IntProlog.java:317)
	at aplprolog.Parsing.IntProlog.Rule(IntProlog.java:250)
	at aplprolog.Parsing.IntProlog.parseFact(IntProlog.java:80)
	at ctMW.EnvCT.notifyOrg(EnvCT.java:682)
	at ctMW.OrgHandler.notify(OrgHandler.java:31)
	at com.j_spaces.core.client.NotifyDelegator.notify(NotifyDelegator.java:142)
	at com.gigaspaces.events.fifo.BlockedOrderedQueue$NotifyFifoTask.dequeueAndTrigger(BlockedOrderedQueue.java:319)
	at com.gigaspaces.events.fifo.BlockedOrderedQueue$NotifyFifoTask.run(BlockedOrderedQueue.java:290)
	at com.gigaspaces.internal.utils.concurrent.RunnableContextClassLoaderDecorator.run(RunnableContextClassLoaderDecorator.java:40)
	at java.util.concurrent.ThreadPoolExecutor$Worker.runTask(ThreadPoolExecutor.java:895)
	at java.util.concurrent.ThreadPoolExecutor$Worker.run(ThreadPoolExecutor.java:918)
	at java.lang.Thread.run(Thread.java:695)
Error while procession organization notification
java.lang.ArrayIndexOutOfBoundsException: 4096
	at aplprolog.Parsing.SimpleCharStream.getBeginLine(SimpleCharStream.java:241)
	at aplprolog.Parsing.IntPrologTokenManager.jjFillToken(IntPrologTokenManager.java:984)
	at aplprolog.Parsing.IntPrologTokenManager.getNextToken(IntPrologTokenManager.java:1022)
	at aplprolog.Parsing.IntProlog.jj_ntk(IntProlog.java:1333)
	at aplprolog.Parsing.IntProlog.Rule(IntProlog.java:244)
	at aplprolog.Parsing.IntProlog.parseFact(IntProlog.java:80)
	at ctMW.EnvCT.notifyOrg(EnvCT.java:682)
	at ctMW.OrgHandler.notify(OrgHandler.java:31)
	at com.j_spaces.core.client.NotifyDelegator.notify(NotifyDelegator.java:142)
	at com.gigaspaces.events.fifo.BlockedOrderedQueue$NotifyFifoTask.dequeueAndTrigger(BlockedOrderedQueue.java:319)
	at com.gigaspaces.events.fifo.BlockedOrderedQueue$NotifyFifoTask.run(BlockedOrderedQueue.java:290)
	at com.gigaspaces.internal.utils.concurrent.RunnableContextClassLoaderDecorator.run(RunnableContextClassLoaderDecorator.java:40)
	at java.util.concurrent.ThreadPoolExecutor$Worker.runTask(ThreadPoolExecutor.java:895)
	at java.util.concurrent.ThreadPoolExecutor$Worker.run(ThreadPoolExecutor.java:918)
	at java.lang.Thread.run(Thread.java:695)
object notification: Position [subject=a30, id=null, cell=Cell [x=4, y=4], time=2015-05-12 18:21:40.853, clock=4]
org notification: Chip [id=null, agent=a30, time=2015-05-12 18:21:40.855, color=orange, clock=4, number=1]
org notified sent chip(a30,orange,1,4).
Event sent to object      a30 position(4, 4, 4)
org notification: Chip [id=null, agent=a30, time=2015-05-12 18:21:40.859, color=red, clock=4, number=1]
org notified sent chip(a30,red,1,4).
object notification: Chip [id=null, agent=a30, time=2015-05-12 18:21:40.855, color=orange, clock=4, number=1]
Event sent to object      a30 chip(a30, orange, 1, 4)
org notification: Chip [id=null, agent=a30, time=2015-05-12 18:21:40.862, color=purple, clock=4, number=3]
org notified sent chip(a30,purple,3,4).
object notification: Chip [id=null, agent=a30, time=2015-05-12 18:21:40.859, color=red, clock=4, number=1]
Event sent to object      a30 chip(a30, red, 1, 4)
object notification: Chip [id=null, agent=a30, time=2015-05-12 18:21:40.862, color=purple, clock=4, number=3]
Event sent to object      a30 chip(a30, purple, 3, 4)
org notification: Chip [id=null, agent=a30, time=2015-05-12 18:21:40.867, color=green, clock=4, number=2]
org notified sent chip(a30,green,2,4).
object notification: Chip [id=null, agent=a30, time=2015-05-12 18:21:40.867, color=green, clock=4, number=2]
Event sent to object      a30 chip(a30, green, 2, 4)
org notification: Position [subject=a40, id=null, cell=Cell [x=4, y=0], time=2015-05-12 18:21:40.871, clock=4]
org notified sent position(a40,cell(4,0),4).
object notification: Position [subject=a40, id=null, cell=Cell [x=4, y=0], time=2015-05-12 18:21:40.871, clock=4]
Event sent to object      a40 position(4, 4, 4)
org notification: Chip [id=null, agent=a40, time=2015-05-12 18:21:40.875, color=orange, clock=4, number=2]
org notified sent chip(a40,orange,2,4).
object notification: Chip [id=null, agent=a40, time=2015-05-12 18:21:40.875, color=orange, clock=4, number=2]
Event sent to object      a40 chip(a40, orange, 2, 4)
org notification: Chip [id=null, agent=a40, time=2015-05-12 18:21:40.881, color=red, clock=4, number=3]
org notified sent chip(a40,red,3,4).
org notification: Chip [id=null, agent=a40, time=2015-05-12 18:21:40.883, color=purple, clock=4, number=3]
org notified sent chip(a40,purple,3,4).
org notification: Chip [id=null, agent=a40, time=2015-05-12 18:21:40.885, color=green, clock=4, number=2]
org notified sent chip(a40,green,2,4).
org notification: Position [subject=a10, id=null, cell=Cell [x=0, y=0], time=2015-05-12 18:21:40.89, clock=4]
org notified sent position(a10,cell(0,0),4).
object notification: Position [subject=a10, id=null, cell=Cell [x=0, y=0], time=2015-05-12 18:21:40.89, clock=4]
Event sent to object      a10 position(0, 0, 4)
object notification: Chip [id=null, agent=a10, time=2015-05-12 18:21:40.893, color=orange, clock=4, number=3]
Event sent to object      a10 chip(a10, orange, 3, 4)
object notification: Chip [id=null, agent=a10, time=2015-05-12 18:21:40.896, color=red, clock=4, number=3]
org notification: Chip [id=null, agent=a10, time=2015-05-12 18:21:40.893, color=orange, clock=4, number=3]
org notified sent chip(a10,orange,3,4).
Event sent to object      a10 chip(a10, red, 3, 4)
object notification: Chip [id=null, agent=a10, time=2015-05-12 18:21:40.899, color=purple, clock=4, number=3]
object notification: Chip [id=null, agent=a40, time=2015-05-12 18:21:40.881, color=red, clock=4, number=3]
Event sent to object      a10 chip(a10, purple, 3, 4)
Event sent to object      a40 chip(a40, red, 3, 4)
object notification: Chip [id=null, agent=a40, time=2015-05-12 18:21:40.883, color=purple, clock=4, number=3]
Event sent to object      a40 chip(a40, purple, 3, 4)
object notification: Chip [id=null, agent=a40, time=2015-05-12 18:21:40.885, color=green, clock=4, number=2]
Event sent to object      a40 chip(a40, green, 2, 4)
object notification: Chip [id=null, agent=a10, time=2015-05-12 18:21:40.902, color=green, clock=4, number=3]
org notification: Chip [id=null, agent=a10, time=2015-05-12 18:21:40.896, color=red, clock=4, number=3]
org notified sent chip(a10,red,3,4).
Event sent to object      a10 chip(a10, green, 3, 4)
org notification: Chip [id=null, agent=a10, time=2015-05-12 18:21:40.899, color=purple, clock=4, number=3]
org notified sent chip(a10,purple,3,4).
org notification: Chip [id=null, agent=a10, time=2015-05-12 18:21:40.902, color=green, clock=4, number=3]
org notified sent chip(a10,green,3,4).
Event processed UpdateClock(4)
Event processed UpdatePosition(4, 4)
Event processed @ctenv(functionToList(chip(a40, orange, 2, 4)),LIST,0); if B(LIST=[actionresult([TYPE,ID])]) then if B(TYPE=proposal) then {ReceivedMessage(TYPE, ID, open); adopta(received(TYPE, ID, closed) : Infinite, priority 1)} else if B(LIST=[actionresult([TYPE,ID,RESPONSE])]) then if B(TYPE=response) then ReceivedMessage(RESPONSE, ID) else if B(LIST=[actionresult([TYPE])]) then ReceivedEvent(TYPE) else if B(LIST=[actionresult([TYPE,AGENT,ID,RESPONSE])]) then if B(TYPE=proposal) then ReceivedProposal(AGENT, ID, RESPONSE)
Event processed UpdateClock(4)
Event processed @ctenv(functionToList(chip(a40, red, 3, 4)),LIST,0); if B(LIST=[actionresult([TYPE,ID])]) then if B(TYPE=proposal) then {ReceivedMessage(TYPE, ID, open); adopta(received(TYPE, ID, closed) : Infinite, priority 1)} else if B(LIST=[actionresult([TYPE,ID,RESPONSE])]) then if B(TYPE=response) then ReceivedMessage(RESPONSE, ID) else if B(LIST=[actionresult([TYPE])]) then ReceivedEvent(TYPE) else if B(LIST=[actionresult([TYPE,AGENT,ID,RESPONSE])]) then if B(TYPE=proposal) then ReceivedProposal(AGENT, ID, RESPONSE)
Event processed @ctenv(functionToList(chip(a40, purple, 3, 4)),LIST,0); if B(LIST=[actionresult([TYPE,ID])]) then if B(TYPE=proposal) then {ReceivedMessage(TYPE, ID, open); adopta(received(TYPE, ID, closed) : Infinite, priority 1)} else if B(LIST=[actionresult([TYPE,ID,RESPONSE])]) then if B(TYPE=response) then ReceivedMessage(RESPONSE, ID) else if B(LIST=[actionresult([TYPE])]) then ReceivedEvent(TYPE) else if B(LIST=[actionresult([TYPE,AGENT,ID,RESPONSE])]) then if B(TYPE=proposal) then ReceivedProposal(AGENT, ID, RESPONSE)
Event processed UpdatePosition(4, 4)
Event processed @ctenv(functionToList(chip(a30, orange, 1, 4)),LIST,0); if B(LIST=[actionresult([TYPE,ID])]) then if B(TYPE=proposal) then {ReceivedMessage(TYPE, ID, open); adopta(received(TYPE, ID, closed) : Infinite, priority 1)} else if B(LIST=[actionresult([TYPE,ID,RESPONSE])]) then if B(TYPE=response) then ReceivedMessage(RESPONSE, ID) else if B(LIST=[actionresult([TYPE])]) then ReceivedEvent(TYPE) else if B(LIST=[actionresult([TYPE,AGENT,ID,RESPONSE])]) then if B(TYPE=proposal) then ReceivedProposal(AGENT, ID, RESPONSE)
Event processed @ctenv(functionToList(chip(a40, green, 2, 4)),LIST,0); if B(LIST=[actionresult([TYPE,ID])]) then if B(TYPE=proposal) then {ReceivedMessage(TYPE, ID, open); adopta(received(TYPE, ID, closed) : Infinite, priority 1)} else if B(LIST=[actionresult([TYPE,ID,RESPONSE])]) then if B(TYPE=response) then ReceivedMessage(RESPONSE, ID) else if B(LIST=[actionresult([TYPE])]) then ReceivedEvent(TYPE) else if B(LIST=[actionresult([TYPE,AGENT,ID,RESPONSE])]) then if B(TYPE=proposal) then ReceivedProposal(AGENT, ID, RESPONSE)
Event processed @ctenv(functionToList(chip(a30, red, 1, 4)),LIST,0); if B(LIST=[actionresult([TYPE,ID])]) then if B(TYPE=proposal) then {ReceivedMessage(TYPE, ID, open); adopta(received(TYPE, ID, closed) : Infinite, priority 1)} else if B(LIST=[actionresult([TYPE,ID,RESPONSE])]) then if B(TYPE=response) then ReceivedMessage(RESPONSE, ID) else if B(LIST=[actionresult([TYPE])]) then ReceivedEvent(TYPE) else if B(LIST=[actionresult([TYPE,AGENT,ID,RESPONSE])]) then if B(TYPE=proposal) then ReceivedProposal(AGENT, ID, RESPONSE)
Event processed @ctenv(functionToList(chip(a30, purple, 3, 4)),LIST,0); if B(LIST=[actionresult([TYPE,ID])]) then if B(TYPE=proposal) then {ReceivedMessage(TYPE, ID, open); adopta(received(TYPE, ID, closed) : Infinite, priority 1)} else if B(LIST=[actionresult([TYPE,ID,RESPONSE])]) then if B(TYPE=response) then ReceivedMessage(RESPONSE, ID) else if B(LIST=[actionresult([TYPE])]) then ReceivedEvent(TYPE) else if B(LIST=[actionresult([TYPE,AGENT,ID,RESPONSE])]) then if B(TYPE=proposal) then ReceivedProposal(AGENT, ID, RESPONSE)
Event processed @ctenv(functionToList(chip(a30, green, 2, 4)),LIST,0); if B(LIST=[actionresult([TYPE,ID])]) then if B(TYPE=proposal) then {ReceivedMessage(TYPE, ID, open); adopta(received(TYPE, ID, closed) : Infinite, priority 1)} else if B(LIST=[actionresult([TYPE,ID,RESPONSE])]) then if B(TYPE=response) then ReceivedMessage(RESPONSE, ID) else if B(LIST=[actionresult([TYPE])]) then ReceivedEvent(TYPE) else if B(LIST=[actionresult([TYPE,AGENT,ID,RESPONSE])]) then if B(TYPE=proposal) then ReceivedProposal(AGENT, ID, RESPONSE)
Event processed UpdateClock(4)
Event processed UpdatePosition(0, 0)
Event processed @ctenv(functionToList(chip(a10, orange, 3, 4)),LIST,0); if B(LIST=[actionresult([TYPE,ID])]) then if B(TYPE=proposal) then {ReceivedMessage(TYPE, ID, open); adopta(received(TYPE, ID, closed) : Infinite, priority 1)} else if B(LIST=[actionresult([TYPE,ID,RESPONSE])]) then if B(TYPE=response) then ReceivedMessage(RESPONSE, ID) else if B(LIST=[actionresult([TYPE])]) then ReceivedEvent(TYPE) else if B(LIST=[actionresult([TYPE,AGENT,ID,RESPONSE])]) then if B(TYPE=proposal) then ReceivedProposal(AGENT, ID, RESPONSE)
Event processed @ctenv(functionToList(chip(a10, red, 3, 4)),LIST,0); if B(LIST=[actionresult([TYPE,ID])]) then if B(TYPE=proposal) then {ReceivedMessage(TYPE, ID, open); adopta(received(TYPE, ID, closed) : Infinite, priority 1)} else if B(LIST=[actionresult([TYPE,ID,RESPONSE])]) then if B(TYPE=response) then ReceivedMessage(RESPONSE, ID) else if B(LIST=[actionresult([TYPE])]) then ReceivedEvent(TYPE) else if B(LIST=[actionresult([TYPE,AGENT,ID,RESPONSE])]) then if B(TYPE=proposal) then ReceivedProposal(AGENT, ID, RESPONSE)
Event processed @ctenv(functionToList(chip(a10, purple, 3, 4)),LIST,0); if B(LIST=[actionresult([TYPE,ID])]) then if B(TYPE=proposal) then {ReceivedMessage(TYPE, ID, open); adopta(received(TYPE, ID, closed) : Infinite, priority 1)} else if B(LIST=[actionresult([TYPE,ID,RESPONSE])]) then if B(TYPE=response) then ReceivedMessage(RESPONSE, ID) else if B(LIST=[actionresult([TYPE])]) then ReceivedEvent(TYPE) else if B(LIST=[actionresult([TYPE,AGENT,ID,RESPONSE])]) then if B(TYPE=proposal) then ReceivedProposal(AGENT, ID, RESPONSE)
Event processed @ctenv(functionToList(chip(a10, green, 3, 4)),LIST,0); if B(LIST=[actionresult([TYPE,ID])]) then if B(TYPE=proposal) then {ReceivedMessage(TYPE, ID, open); adopta(received(TYPE, ID, closed) : Infinite, priority 1)} else if B(LIST=[actionresult([TYPE,ID,RESPONSE])]) then if B(TYPE=response) then ReceivedMessage(RESPONSE, ID) else if B(LIST=[actionresult([TYPE])]) then ReceivedEvent(TYPE) else if B(LIST=[actionresult([TYPE,AGENT,ID,RESPONSE])]) then if B(TYPE=proposal) then ReceivedProposal(AGENT, ID, RESPONSE)
[CTAH] Array of Terms: [Lapapl.data.Term;@6e8fb561
[CTAH] The created APLList : [a40,orange,2,4]
[CTAH] Array of Terms: [Lapapl.data.Term;@218f5a04
[CTAH] The created APLList : [a40,red,3,4]
[CTAH] Array of Terms: [Lapapl.data.Term;@3535a92b
[CTAH] The created APLList : [a40,purple,3,4]
[CTAH] Array of Terms: [Lapapl.data.Term;@55f56157
[CTAH] The created APLList : [a40,green,2,4]
[CTAH] Array of Terms: [Lapapl.data.Term;@36527386
[CTAH] The created APLList : [a30,orange,1,4]
[CTAH] Array of Terms: [Lapapl.data.Term;@580a5adc
[CTAH] The created APLList : [a30,red,1,4]
[CTAH] Array of Terms: [Lapapl.data.Term;@1f391a2c
[CTAH] The created APLList : [a30,purple,3,4]
[CTAH] Array of Terms: [Lapapl.data.Term;@220860ba
[CTAH] The created APLList : [a30,green,2,4]
[CTAH] Array of Terms: [Lapapl.data.Term;@301875e1
[CTAH] The created APLList : [a10,orange,3,4]
[CTAH] Array of Terms: [Lapapl.data.Term;@7c1d740c
[CTAH] The created APLList : [a10,red,3,4]
[CTAH] Array of Terms: [Lapapl.data.Term;@514b9eeb
[CTAH] The created APLList : [a10,purple,3,4]
[CTAH] Array of Terms: [Lapapl.data.Term;@3bae7fff
[CTAH] The created APLList : [a10,green,3,4]
agent writes: SetGoal [id=null, agent=a10, cell=Cell [x=2, y=1], goal=Cell [x=2, y=2], clock=4, time=2015-05-12 18:21:41.759]
org notification: SetGoal [id=null, agent=a10, cell=Cell [x=2, y=1], goal=Cell [x=2, y=2], clock=4, time=2015-05-12 18:21:41.759]
org notified sent setGoal(a10,2,1,2,2,4).
Organization notifies object (write): Obligation [subject=a10, obligation=[at(2, 1, a10)], sanction=[reduce(a10, 500)], deadline=10, time=2015-05-12 18:21:41.771, clock=4]
object notification: Obligation [subject=a10, obligation=[at(2, 1, a10)], sanction=[reduce(a10, 500)], deadline=10, time=2015-05-12 18:21:41.771, clock=4]
Event sent to object      a10 obligation([at(2, 1, a10)], 10, [reduce(a10, 500)])
Event processed adoptObligation(at(2, 1, a10), 10, reduce(a10, 500))
agent writes: SetGoal [id=null, agent=a20, cell=Cell [x=1, y=2], goal=Cell [x=2, y=2], clock=4, time=2015-05-12 18:21:41.99]
org notification: SetGoal [id=null, agent=a20, cell=Cell [x=1, y=2], goal=Cell [x=2, y=2], clock=4, time=2015-05-12 18:21:41.99]
org notified sent setGoal(a20,1,2,2,2,4).
Organization notifies object (write): Obligation [subject=a20, obligation=[at(1, 2, a20)], sanction=[reduce(a20, 500)], deadline=10, time=2015-05-12 18:21:42.001, clock=4]
agent writes: SetGoal [id=null, agent=a30, cell=Cell [x=3, y=2], goal=Cell [x=2, y=2], clock=4, time=2015-05-12 18:21:42.21]
org notification: SetGoal [id=null, agent=a30, cell=Cell [x=3, y=2], goal=Cell [x=2, y=2], clock=4, time=2015-05-12 18:21:42.21]
org notified sent setGoal(a30,3,2,2,2,4).
Organization notifies object (write): Obligation [subject=a30, obligation=[at(3, 2, a30)], sanction=[reduce(a30, 500)], deadline=10, time=2015-05-12 18:21:42.216, clock=4]
object notification: Obligation [subject=a30, obligation=[at(3, 2, a30)], sanction=[reduce(a30, 500)], deadline=10, time=2015-05-12 18:21:42.216, clock=4]
Event sent to object      a30 obligation([at(3, 2, a30)], 10, [reduce(a30, 500)])
Event processed adoptObligation(at(3, 2, a30), 10, reduce(a30, 500))
agent writes: SetGoal [id=null, agent=a40, cell=Cell [x=2, y=3], goal=Cell [x=2, y=2], clock=4, time=2015-05-12 18:21:42.431]
org notification: SetGoal [id=null, agent=a40, cell=Cell [x=2, y=3], goal=Cell [x=2, y=2], clock=4, time=2015-05-12 18:21:42.431]
org notified sent setGoal(a40,2,3,2,2,4).
Organization notifies object (write): Obligation [subject=a40, obligation=[at(2, 3, a40)], sanction=[reduce(a40, 500)], deadline=10, time=2015-05-12 18:21:42.436, clock=4]
object notification: Obligation [subject=a40, obligation=[at(2, 3, a40)], sanction=[reduce(a40, 500)], deadline=10, time=2015-05-12 18:21:42.436, clock=4]
Event sent to object      a40 obligation([at(2, 3, a40)], 10, [reduce(a40, 500)])
Event processed adoptObligation(at(2, 3, a40), 10, reduce(a40, 500))
agent writes: Color [id=null, color=green, agent=a10, type=yes, time=2015-05-12 18:21:42.653, clock=4]
org notification: Color [id=null, color=green, agent=a10, type=yes, time=2015-05-12 18:21:42.653, clock=4]
org notified sent color(a10,green,yes,4).
Organization notifies object (write): Obligation [subject=a10, obligation=[color(green, a10)], sanction=[reduce(a10, 50)], deadline=6, time=2015-05-12 18:21:42.66, clock=4]
object notification: Obligation [subject=a10, obligation=[color(green, a10)], sanction=[reduce(a10, 50)], deadline=6, time=2015-05-12 18:21:42.66, clock=4]
Event sent to object      a10 obligation([color(green, a10)], 6, [reduce(a10, 50)])
Event processed adoptObligation(color(green, a10), 6, reduce(a10, 50))
agent writes: Color [id=null, color=green, agent=a20, type=yes, time=2015-05-12 18:21:42.819, clock=4]
org notification: Color [id=null, color=green, agent=a20, type=yes, time=2015-05-12 18:21:42.819, clock=4]
org notified sent color(a20,green,yes,4).
Organization notifies object (write): Obligation [subject=a20, obligation=[color(green, a20)], sanction=[reduce(a20, 50)], deadline=6, time=2015-05-12 18:21:42.822, clock=4]
agent writes: Color [id=null, color=green, agent=a30, type=yes, time=2015-05-12 18:21:43.248, clock=4]
org notification: Color [id=null, color=green, agent=a30, type=yes, time=2015-05-12 18:21:43.248, clock=4]
org notified sent color(a30,green,yes,4).
Organization notifies object (write): Obligation [subject=a30, obligation=[color(green, a30)], sanction=[reduce(a30, 50)], deadline=6, time=2015-05-12 18:21:43.252, clock=4]
object notification: Obligation [subject=a30, obligation=[color(green, a30)], sanction=[reduce(a30, 50)], deadline=6, time=2015-05-12 18:21:43.252, clock=4]
Event sent to object      a30 obligation([color(green, a30)], 6, [reduce(a30, 50)])
Event processed adoptObligation(color(green, a30), 6, reduce(a30, 50))
agent writes: Color [id=null, color=green, agent=a40, type=yes, time=2015-05-12 18:21:43.397, clock=4]
org notification: Color [id=null, color=green, agent=a40, type=yes, time=2015-05-12 18:21:43.397, clock=4]
org notified sent color(a40,green,yes,4).
Organization notifies object (write): Obligation [subject=a40, obligation=[color(green, a40)], sanction=[reduce(a40, 50)], deadline=6, time=2015-05-12 18:21:43.4, clock=4]
object notification: Obligation [subject=a40, obligation=[color(green, a40)], sanction=[reduce(a40, 50)], deadline=6, time=2015-05-12 18:21:43.4, clock=4]
Event sent to object      a40 obligation([color(green, a40)], 6, [reduce(a40, 50)])
Event processed adoptObligation(color(green, a40), 6, reduce(a40, 50))
agent writes: Color [id=null, color=green, agent=a10, type=no, time=2015-05-12 18:21:43.555, clock=4]
agent writes: Color [id=null, color=green, agent=a20, type=no, time=2015-05-12 18:21:43.69, clock=4]
agent writes: Color [id=null, color=green, agent=a30, type=no, time=2015-05-12 18:21:43.797, clock=4]
agent writes: Color [id=null, color=green, agent=a40, type=no, time=2015-05-12 18:21:43.946, clock=4]
object notification: Time [clock=5, time=2015-05-12 18:21:50.821]
Event sent to object      a10 clock(5)
object notification: Time [clock=5, time=2015-05-12 18:21:50.821]
Event sent to object      a40 clock(5)
org notification: Time [clock=5, time=2015-05-12 18:21:50.821]
object notification: Time [clock=5, time=2015-05-12 18:21:50.821]
Event sent to object      a30 clock(5)
org notified sent time(5).
org notification: Color [id=null, color=green, agent=a10, type=no, time=2015-05-12 18:21:43.555, clock=4]
org notified sent color(a10,green,no,4).
Organization notifies object (write): Prohibition [subject=a10, prohibition=[at(4, 4, a10)], sanction=[reduce(a10, 50)], clock=5, time=2015-05-12 18:21:56.014]
object notification: Prohibition [subject=a10, prohibition=[at(4, 4, a10)], sanction=[reduce(a10, 50)], clock=5, time=2015-05-12 18:21:56.014]
Event sent to object      a10 prohibition([at(4, 4, a10)], [reduce(a10, 50)])
org notification: Color [id=null, color=green, agent=a20, type=no, time=2015-05-12 18:21:43.69, clock=4]
org notified sent color(a20,green,no,4).
Organization notifies object (write): Prohibition [subject=a20, prohibition=[at(4, 4, a20)], sanction=[reduce(a20, 50)], clock=5, time=2015-05-12 18:21:56.018]
org notification: Color [id=null, color=green, agent=a30, type=no, time=2015-05-12 18:21:43.797, clock=4]
org notified sent color(a30,green,no,4).
Organization notifies object (write): Prohibition [subject=a30, prohibition=[at(4, 4, a30)], sanction=[reduce(a30, 50)], clock=5, time=2015-05-12 18:21:56.022]
object notification: Prohibition [subject=a30, prohibition=[at(4, 4, a30)], sanction=[reduce(a30, 50)], clock=5, time=2015-05-12 18:21:56.022]
Event sent to object      a30 prohibition([at(4, 4, a30)], [reduce(a30, 50)])
org notification: Color [id=null, color=green, agent=a40, type=no, time=2015-05-12 18:21:43.946, clock=4]
org notified sent color(a40,green,no,4).
Organization notifies object (write): Prohibition [subject=a40, prohibition=[at(4, 4, a40)], sanction=[reduce(a40, 50)], clock=5, time=2015-05-12 18:21:56.028]
object notification: Prohibition [subject=a40, prohibition=[at(4, 4, a40)], sanction=[reduce(a40, 50)], clock=5, time=2015-05-12 18:21:56.028]
Event sent to object      a40 prohibition([at(4, 4, a40)], [reduce(a40, 50)])
Event processed UpdateClock(5)
Event processed adoptProhibition(at(4, 4, a10), reduce(a10, 50))
Event processed UpdateClock(5)
Event processed adoptProhibition(at(4, 4, a40), reduce(a40, 50))
Event processed UpdateClock(5)
Event processed adoptProhibition(at(4, 4, a30), reduce(a30, 50))
