2015-05-06 11:22:14,627 CONFIG [com.gigaspaces.logger] - Log file: /Users/dxd/gigaspaces-xap-premium-9.5.1-ga/logs/2015-05-06~11.22-gigaspaces-service-192.168.0.40-30595.log
-------------------------last log tuples start--------------------------------
-------------------------last log tuples end----------------------------------
[CTAH] started agent 10
[CTAH] Added a new agent to the game by the name of 10.
[ENV] added agent a10
[CTAH] started agent 30
[CTAH] Added a new agent to the game by the name of 30.
[ENV] added agent a30
[CTAH] started agent 40
[CTAH] Added a new agent to the game by the name of 40.
[ENV] added agent a40
#########################Game started
#########################Game started
#########################Game started
object notification: Time [clock=1, time=2015-05-06 11:22:27.41]
org notification: Time [clock=1, time=2015-05-06 11:22:27.41]
Event sent to object      a30 clock(1)
object notification: Time [clock=1, time=2015-05-06 11:22:27.41]
org notified sent time(1).
Event sent to object      a40 clock(1)
object notification: Time [clock=1, time=2015-05-06 11:22:27.41]
Event sent to object      a10 clock(1)
setPhases in ClientGameStatus, the current phase is 
setPhases in ClientGameStatus, the current phase is 
setPhases in ClientGameStatus, the current phase is 
setPhases in ClientGameStatus, the current phase is Norm Phase
setPhases in ClientGameStatus, the current phase is Norm Phase
setPhases in ClientGameStatus, the current phase is Norm Phase
object notification: Tile [id=null, cell=Cell [x=0, y=0], subject=green, time=2015-05-06 11:22:31.342, clock=0]
object notification: Tile [id=null, cell=Cell [x=0, y=0], subject=green, time=2015-05-06 11:22:31.342, clock=0]
org notification: Tile [id=null, cell=Cell [x=0, y=0], subject=green, time=2015-05-06 11:22:31.342, clock=0]
org notified sent tile(cell(0,0),green,0).
object notification: Tile [id=null, cell=Cell [x=0, y=0], subject=green, time=2015-05-06 11:22:31.342, clock=0]
object notification: Tile [id=null, cell=Cell [x=0, y=1], subject=green, time=2015-05-06 11:22:31.639, clock=0]
object notification: Tile [id=null, cell=Cell [x=0, y=1], subject=green, time=2015-05-06 11:22:31.639, clock=0]
org notification: Tile [id=null, cell=Cell [x=0, y=1], subject=green, time=2015-05-06 11:22:31.639, clock=0]
org notified sent tile(cell(0,1),green,0).
object notification: Tile [id=null, cell=Cell [x=0, y=1], subject=green, time=2015-05-06 11:22:31.639, clock=0]
object notification: Tile [id=null, cell=Cell [x=0, y=2], subject=red, time=2015-05-06 11:22:31.642, clock=0]
object notification: Tile [id=null, cell=Cell [x=0, y=2], subject=red, time=2015-05-06 11:22:31.642, clock=0]
object notification: Tile [id=null, cell=Cell [x=0, y=2], subject=red, time=2015-05-06 11:22:31.642, clock=0]
org notification: Tile [id=null, cell=Cell [x=0, y=2], subject=red, time=2015-05-06 11:22:31.642, clock=0]
org notified sent tile(cell(0,2),red,0).
object notification: Tile [id=null, cell=Cell [x=0, y=3], subject=orange, time=2015-05-06 11:22:31.644, clock=0]
object notification: Tile [id=null, cell=Cell [x=0, y=3], subject=orange, time=2015-05-06 11:22:31.644, clock=0]
object notification: Tile [id=null, cell=Cell [x=0, y=3], subject=orange, time=2015-05-06 11:22:31.644, clock=0]
org notification: Tile [id=null, cell=Cell [x=0, y=3], subject=orange, time=2015-05-06 11:22:31.644, clock=0]
org notified sent tile(cell(0,3),orange,0).
org notification: Tile [id=null, cell=Cell [x=0, y=4], subject=green, time=2015-05-06 11:22:31.65, clock=0]
org notified sent tile(cell(0,4),green,0).
object notification: Tile [id=null, cell=Cell [x=0, y=4], subject=green, time=2015-05-06 11:22:31.65, clock=0]
object notification: Tile [id=null, cell=Cell [x=0, y=4], subject=green, time=2015-05-06 11:22:31.65, clock=0]
object notification: Tile [id=null, cell=Cell [x=0, y=4], subject=green, time=2015-05-06 11:22:31.65, clock=0]
object notification: Tile [id=null, cell=Cell [x=1, y=0], subject=green, time=2015-05-06 11:22:31.653, clock=0]
object notification: Tile [id=null, cell=Cell [x=1, y=0], subject=green, time=2015-05-06 11:22:31.653, clock=0]
object notification: Tile [id=null, cell=Cell [x=1, y=0], subject=green, time=2015-05-06 11:22:31.653, clock=0]
org notification: Tile [id=null, cell=Cell [x=1, y=0], subject=green, time=2015-05-06 11:22:31.653, clock=0]
org notified sent tile(cell(1,0),green,0).
object notification: Tile [id=null, cell=Cell [x=1, y=1], subject=orange, time=2015-05-06 11:22:31.657, clock=0]
object notification: Tile [id=null, cell=Cell [x=1, y=1], subject=orange, time=2015-05-06 11:22:31.657, clock=0]
object notification: Tile [id=null, cell=Cell [x=1, y=1], subject=orange, time=2015-05-06 11:22:31.657, clock=0]
org notification: Tile [id=null, cell=Cell [x=1, y=1], subject=orange, time=2015-05-06 11:22:31.657, clock=0]
org notified sent tile(cell(1,1),orange,0).
object notification: Tile [id=null, cell=Cell [x=1, y=2], subject=red, time=2015-05-06 11:22:31.662, clock=0]
org notification: Tile [id=null, cell=Cell [x=1, y=2], subject=red, time=2015-05-06 11:22:31.662, clock=0]
org notified sent tile(cell(1,2),red,0).
object notification: Tile [id=null, cell=Cell [x=1, y=2], subject=red, time=2015-05-06 11:22:31.662, clock=0]
object notification: Tile [id=null, cell=Cell [x=1, y=2], subject=red, time=2015-05-06 11:22:31.662, clock=0]
object notification: Tile [id=null, cell=Cell [x=1, y=3], subject=red, time=2015-05-06 11:22:31.666, clock=0]
org notification: Tile [id=null, cell=Cell [x=1, y=3], subject=red, time=2015-05-06 11:22:31.666, clock=0]
org notified sent tile(cell(1,3),red,0).
object notification: Tile [id=null, cell=Cell [x=1, y=3], subject=red, time=2015-05-06 11:22:31.666, clock=0]
object notification: Tile [id=null, cell=Cell [x=1, y=3], subject=red, time=2015-05-06 11:22:31.666, clock=0]
object notification: Tile [id=null, cell=Cell [x=1, y=4], subject=purple, time=2015-05-06 11:22:31.671, clock=0]
org notification: Tile [id=null, cell=Cell [x=1, y=4], subject=purple, time=2015-05-06 11:22:31.671, clock=0]
org notified sent tile(cell(1,4),purple,0).
object notification: Tile [id=null, cell=Cell [x=1, y=4], subject=purple, time=2015-05-06 11:22:31.671, clock=0]
object notification: Tile [id=null, cell=Cell [x=2, y=0], subject=red, time=2015-05-06 11:22:31.677, clock=0]
object notification: Tile [id=null, cell=Cell [x=1, y=4], subject=purple, time=2015-05-06 11:22:31.671, clock=0]
org notification: Tile [id=null, cell=Cell [x=2, y=0], subject=red, time=2015-05-06 11:22:31.677, clock=0]
org notified sent tile(cell(2,0),red,0).
object notification: Tile [id=null, cell=Cell [x=2, y=0], subject=red, time=2015-05-06 11:22:31.677, clock=0]
object notification: Tile [id=null, cell=Cell [x=2, y=0], subject=red, time=2015-05-06 11:22:31.677, clock=0]
org notification: Tile [id=null, cell=Cell [x=2, y=1], subject=red, time=2015-05-06 11:22:31.683, clock=0]
org notified sent tile(cell(2,1),red,0).
object notification: Tile [id=null, cell=Cell [x=2, y=1], subject=red, time=2015-05-06 11:22:31.683, clock=0]
object notification: Tile [id=null, cell=Cell [x=2, y=1], subject=red, time=2015-05-06 11:22:31.683, clock=0]
object notification: Tile [id=null, cell=Cell [x=2, y=1], subject=red, time=2015-05-06 11:22:31.683, clock=0]
object notification: Tile [id=null, cell=Cell [x=2, y=2], subject=green, time=2015-05-06 11:22:31.688, clock=0]
object notification: Tile [id=null, cell=Cell [x=2, y=2], subject=green, time=2015-05-06 11:22:31.688, clock=0]
object notification: Tile [id=null, cell=Cell [x=2, y=2], subject=green, time=2015-05-06 11:22:31.688, clock=0]
org notification: Tile [id=null, cell=Cell [x=2, y=2], subject=green, time=2015-05-06 11:22:31.688, clock=0]
org notified sent tile(cell(2,2),green,0).
object notification: Tile [id=null, cell=Cell [x=2, y=3], subject=purple, time=2015-05-06 11:22:31.693, clock=0]
org notification: Tile [id=null, cell=Cell [x=2, y=3], subject=purple, time=2015-05-06 11:22:31.693, clock=0]
org notified sent tile(cell(2,3),purple,0).
object notification: Tile [id=null, cell=Cell [x=2, y=3], subject=purple, time=2015-05-06 11:22:31.693, clock=0]
object notification: Tile [id=null, cell=Cell [x=2, y=3], subject=purple, time=2015-05-06 11:22:31.693, clock=0]
org notification: Tile [id=null, cell=Cell [x=2, y=4], subject=red, time=2015-05-06 11:22:31.7, clock=0]
org notified sent tile(cell(2,4),red,0).
object notification: Tile [id=null, cell=Cell [x=2, y=4], subject=red, time=2015-05-06 11:22:31.7, clock=0]
object notification: Tile [id=null, cell=Cell [x=2, y=4], subject=red, time=2015-05-06 11:22:31.7, clock=0]
object notification: Tile [id=null, cell=Cell [x=2, y=4], subject=red, time=2015-05-06 11:22:31.7, clock=0]
object notification: Tile [id=null, cell=Cell [x=3, y=0], subject=red, time=2015-05-06 11:22:31.706, clock=0]
org notification: Tile [id=null, cell=Cell [x=3, y=0], subject=red, time=2015-05-06 11:22:31.706, clock=0]
org notified sent tile(cell(3,0),red,0).
object notification: Tile [id=null, cell=Cell [x=3, y=0], subject=red, time=2015-05-06 11:22:31.706, clock=0]
object notification: Tile [id=null, cell=Cell [x=3, y=0], subject=red, time=2015-05-06 11:22:31.706, clock=0]
org notification: Tile [id=null, cell=Cell [x=3, y=1], subject=orange, time=2015-05-06 11:22:31.711, clock=0]
org notified sent tile(cell(3,1),orange,0).
object notification: Tile [id=null, cell=Cell [x=3, y=1], subject=orange, time=2015-05-06 11:22:31.711, clock=0]
object notification: Tile [id=null, cell=Cell [x=3, y=1], subject=orange, time=2015-05-06 11:22:31.711, clock=0]
object notification: Tile [id=null, cell=Cell [x=3, y=1], subject=orange, time=2015-05-06 11:22:31.711, clock=0]
org notification: Tile [id=null, cell=Cell [x=3, y=2], subject=purple, time=2015-05-06 11:22:31.715, clock=0]
org notified sent tile(cell(3,2),purple,0).
object notification: Tile [id=null, cell=Cell [x=3, y=2], subject=purple, time=2015-05-06 11:22:31.715, clock=0]
object notification: Tile [id=null, cell=Cell [x=3, y=2], subject=purple, time=2015-05-06 11:22:31.715, clock=0]
object notification: Tile [id=null, cell=Cell [x=3, y=2], subject=purple, time=2015-05-06 11:22:31.715, clock=0]
org notification: Tile [id=null, cell=Cell [x=3, y=3], subject=purple, time=2015-05-06 11:22:31.718, clock=0]
org notified sent tile(cell(3,3),purple,0).
object notification: Tile [id=null, cell=Cell [x=3, y=3], subject=purple, time=2015-05-06 11:22:31.718, clock=0]
object notification: Tile [id=null, cell=Cell [x=3, y=3], subject=purple, time=2015-05-06 11:22:31.718, clock=0]
object notification: Tile [id=null, cell=Cell [x=3, y=3], subject=purple, time=2015-05-06 11:22:31.718, clock=0]
org notification: Tile [id=null, cell=Cell [x=3, y=4], subject=orange, time=2015-05-06 11:22:31.724, clock=0]
org notified sent tile(cell(3,4),orange,0).
object notification: Tile [id=null, cell=Cell [x=3, y=4], subject=orange, time=2015-05-06 11:22:31.724, clock=0]
object notification: Tile [id=null, cell=Cell [x=3, y=4], subject=orange, time=2015-05-06 11:22:31.724, clock=0]
object notification: Tile [id=null, cell=Cell [x=3, y=4], subject=orange, time=2015-05-06 11:22:31.724, clock=0]
object notification: Tile [id=null, cell=Cell [x=4, y=0], subject=green, time=2015-05-06 11:22:31.729, clock=0]
object notification: Tile [id=null, cell=Cell [x=4, y=0], subject=green, time=2015-05-06 11:22:31.729, clock=0]
object notification: Tile [id=null, cell=Cell [x=4, y=0], subject=green, time=2015-05-06 11:22:31.729, clock=0]
org notification: Tile [id=null, cell=Cell [x=4, y=0], subject=green, time=2015-05-06 11:22:31.729, clock=0]
org notified sent tile(cell(4,0),green,0).
object notification: Tile [id=null, cell=Cell [x=4, y=1], subject=purple, time=2015-05-06 11:22:31.733, clock=0]
object notification: Tile [id=null, cell=Cell [x=4, y=1], subject=purple, time=2015-05-06 11:22:31.733, clock=0]
org notification: Tile [id=null, cell=Cell [x=4, y=1], subject=purple, time=2015-05-06 11:22:31.733, clock=0]
org notified sent tile(cell(4,1),purple,0).
object notification: Tile [id=null, cell=Cell [x=4, y=1], subject=purple, time=2015-05-06 11:22:31.733, clock=0]
object notification: Tile [id=null, cell=Cell [x=4, y=2], subject=orange, time=2015-05-06 11:22:31.741, clock=0]
object notification: Tile [id=null, cell=Cell [x=4, y=2], subject=orange, time=2015-05-06 11:22:31.741, clock=0]
org notification: Tile [id=null, cell=Cell [x=4, y=2], subject=orange, time=2015-05-06 11:22:31.741, clock=0]
org notified sent tile(cell(4,2),orange,0).
object notification: Tile [id=null, cell=Cell [x=4, y=2], subject=orange, time=2015-05-06 11:22:31.741, clock=0]
object notification: Tile [id=null, cell=Cell [x=4, y=3], subject=purple, time=2015-05-06 11:22:31.746, clock=0]
object notification: Tile [id=null, cell=Cell [x=4, y=3], subject=purple, time=2015-05-06 11:22:31.746, clock=0]
org notification: Tile [id=null, cell=Cell [x=4, y=3], subject=purple, time=2015-05-06 11:22:31.746, clock=0]
org notified sent tile(cell(4,3),purple,0).
org notification: Tile [id=null, cell=Cell [x=4, y=4], subject=green, time=2015-05-06 11:22:31.752, clock=0]
org notified sent tile(cell(4,4),green,0).
object notification: Tile [id=null, cell=Cell [x=4, y=4], subject=green, time=2015-05-06 11:22:31.752, clock=0]
object notification: Tile [id=null, cell=Cell [x=4, y=4], subject=green, time=2015-05-06 11:22:31.752, clock=0]
object notification: Tile [id=null, cell=Cell [x=4, y=3], subject=purple, time=2015-05-06 11:22:31.746, clock=0]
object notification: Tile [id=null, cell=Cell [x=4, y=4], subject=green, time=2015-05-06 11:22:31.752, clock=0]
org notification: Goal [id=null, cell=Cell [x=3, y=2], agent=null, time=2015-05-06 11:22:31.82, clock=0]
org notified sent goal(cell(3,2),null,0).
Organization notifies object (write): Obligation [subject=a10, obligation=[surround(3, 2)], sanction=[reduce(g, 500)], deadline=7, time=2015-05-06 11:22:31.835, clock=1]
object notification: Obligation [subject=a10, obligation=[surround(3, 2)], sanction=[reduce(g, 500)], deadline=7, time=2015-05-06 11:22:31.835, clock=1]
Event sent to object      a10 obligation([surround(3, 2)], 7, [reduce(g, 500)])
#########################Game Initialized
AGENT Thread-18: current phase name: Norm Phase
#########################Game Initialized
AGENT Thread-14: current phase name: Norm Phase
we have 1 goals
we have 1 goals
we have GoalWeight: 100  DistWeight: -10  ChipWeight: 5  CommWeight: 0 scoring
we have GoalWeight: 100  DistWeight: -10  ChipWeight: 5  CommWeight: 0 scoring
#########################Game Initialized
AGENT Thread-16: current phase name: Norm Phase
we have 1 goals
we have GoalWeight: 100  DistWeight: -10  ChipWeight: 5  CommWeight: 0 scoring
object notification: Time [clock=2, time=2015-05-06 11:22:37.624]
object notification: Time [clock=2, time=2015-05-06 11:22:37.624]
org notification: Time [clock=2, time=2015-05-06 11:22:37.624]
object notification: Time [clock=2, time=2015-05-06 11:22:37.624]
Event sent to object      a40 clock(2)
org notified sent time(2).
Event sent to object      a30 clock(2)
Event sent to object      a10 clock(2)
object notification: Position [subject=a10, id=null, cell=Cell [x=0, y=0], time=2015-05-06 11:22:37.671, clock=2]
Event sent to object      a10 position(0, 0, 2)
org notification: Position [subject=a10, id=null, cell=Cell [x=0, y=0], time=2015-05-06 11:22:37.671, clock=2]
org notified sent position(a10,cell(0,0),2).
object notification: Chip [id=null, agent=a10, time=2015-05-06 11:22:37.686, color=orange, clock=2, number=1]
Event sent to object      a10 chip(a10, orange, 1, 2)
org notification: Chip [id=null, agent=a10, time=2015-05-06 11:22:37.686, color=orange, clock=2, number=1]
org notified sent chip(a10,orange,1,2).
object notification: Chip [id=null, agent=a10, time=2015-05-06 11:22:37.7, color=red, clock=2, number=1]
Event sent to object      a10 chip(a10, red, 1, 2)
object notification: Chip [id=null, agent=a10, time=2015-05-06 11:22:37.706, color=purple, clock=2, number=3]
Event sent to object      a10 chip(a10, purple, 3, 2)
org notification: Chip [id=null, agent=a10, time=2015-05-06 11:22:37.7, color=red, clock=2, number=1]
org notified sent chip(a10,red,1,2).
object notification: Chip [id=null, agent=a10, time=2015-05-06 11:22:37.733, color=green, clock=2, number=2]
Event sent to object      a10 chip(a10, green, 2, 2)
org notification: Chip [id=null, agent=a10, time=2015-05-06 11:22:37.706, color=purple, clock=2, number=3]
org notified sent chip(a10,purple,3,2).
org notification: Chip [id=null, agent=a10, time=2015-05-06 11:22:37.733, color=green, clock=2, number=2]
org notified sent chip(a10,green,2,2).
org notification: Chip [id=null, agent=a40, time=2015-05-06 11:22:37.764, color=orange, clock=2, number=2]
org notified sent chip(a40,orange,2,2).
org notification: Position [subject=a40, id=null, cell=Cell [x=4, y=0], time=2015-05-06 11:22:37.755, clock=2]
org notified sent position(a40,cell(4,0),2).
object notification: Position [subject=a40, id=null, cell=Cell [x=4, y=0], time=2015-05-06 11:22:37.755, clock=2]
Event sent to object      a40 position(4, 4, 2)
object notification: Chip [id=null, agent=a40, time=2015-05-06 11:22:37.764, color=orange, clock=2, number=2]
Event sent to object      a40 chip(a40, orange, 2, 2)
org notification: Chip [id=null, agent=a40, time=2015-05-06 11:22:37.784, color=red, clock=2, number=3]
org notified sent chip(a40,red,3,2).
object notification: Chip [id=null, agent=a40, time=2015-05-06 11:22:37.784, color=red, clock=2, number=3]
Event sent to object      a40 chip(a40, red, 3, 2)
object notification: Chip [id=null, agent=a40, time=2015-05-06 11:22:37.793, color=purple, clock=2, number=1]
Event sent to object      a40 chip(a40, purple, 1, 2)
org notification: Chip [id=null, agent=a40, time=2015-05-06 11:22:37.793, color=purple, clock=2, number=1]
org notified sent chip(a40,purple,1,2).
org notification: Chip [id=null, agent=a40, time=2015-05-06 11:22:37.798, color=green, clock=2, number=2]
org notified sent chip(a40,green,2,2).
object notification: Chip [id=null, agent=a40, time=2015-05-06 11:22:37.798, color=green, clock=2, number=2]
Event sent to object      a40 chip(a40, green, 2, 2)
org notification: Position [subject=a30, id=null, cell=Cell [x=4, y=4], time=2015-05-06 11:22:37.805, clock=2]
org notified sent position(a30,cell(4,4),2).
object notification: Position [subject=a30, id=null, cell=Cell [x=4, y=4], time=2015-05-06 11:22:37.805, clock=2]
Event sent to object      a30 position(4, 4, 2)
org notification: Chip [id=null, agent=a30, time=2015-05-06 11:22:37.815, color=orange, clock=2, number=1]
org notified sent chip(a30,orange,1,2).
org notification: Chip [id=null, agent=a30, time=2015-05-06 11:22:37.817, color=red, clock=2, number=1]
org notified sent chip(a30,red,1,2).
object notification: Chip [id=null, agent=a30, time=2015-05-06 11:22:37.815, color=orange, clock=2, number=1]
Event sent to object      a30 chip(a30, orange, 1, 2)
object notification: Chip [id=null, agent=a30, time=2015-05-06 11:22:37.817, color=red, clock=2, number=1]
Event sent to object      a30 chip(a30, red, 1, 2)
org notification: Chip [id=null, agent=a30, time=2015-05-06 11:22:37.822, color=purple, clock=2, number=3]
object notification: Chip [id=null, agent=a30, time=2015-05-06 11:22:37.822, color=purple, clock=2, number=3]
org notified sent chip(a30,purple,3,2).
Event sent to object      a30 chip(a30, purple, 3, 2)
object notification: Chip [id=null, agent=a30, time=2015-05-06 11:22:37.826, color=green, clock=2, number=2]
Event sent to object      a30 chip(a30, green, 2, 2)
org notification: Chip [id=null, agent=a30, time=2015-05-06 11:22:37.826, color=green, clock=2, number=2]
org notified sent chip(a30,green,2,2).
org notification: Position [subject=a20, id=null, cell=Cell [x=0, y=4], time=2015-05-06 11:22:37.829, clock=2]
org notified sent position(a20,cell(0,4),2).
org notification: Chip [id=null, agent=a20, time=2015-05-06 11:22:37.833, color=orange, clock=2, number=2]
org notified sent chip(a20,orange,2,2).
org notification: Chip [id=null, agent=a20, time=2015-05-06 11:22:37.837, color=red, clock=2, number=3]
org notified sent chip(a20,red,3,2).
org notification: Chip [id=null, agent=a20, time=2015-05-06 11:22:37.839, color=purple, clock=2, number=1]
org notified sent chip(a20,purple,1,2).
org notification: Chip [id=null, agent=a20, time=2015-05-06 11:22:37.842, color=green, clock=2, number=2]
org notified sent chip(a20,green,2,2).
object notification: Time [clock=3, time=2015-05-06 11:22:47.629]
org notification: Time [clock=3, time=2015-05-06 11:22:47.629]
object notification: Time [clock=3, time=2015-05-06 11:22:47.629]
object notification: Time [clock=3, time=2015-05-06 11:22:47.629]
Event sent to object      a30 clock(3)
Event sent to object      a10 clock(3)
org notified sent time(3).
Event sent to object      a40 clock(3)
setPhases in ClientGameStatus, the current phase is Communication Phase
setPhases in ClientGameStatus, the current phase is Communication Phase
setPhases in ClientGameStatus, the current phase is Communication Phase
Received a class edu.harvard.eecs.airg.coloredtrails.shared.discourse.BasicProposalDiscourseMessage
org notification: Proposal [id=6099, agent=a20, agent2=a10, clock=3, time=2015-05-06 11:22:55.334]
[MSG] Message is of type: basicproposal
org notified sent proposal(6099,a20,a10,3).
[MSG] Message is for: 0
[MSG] i'm: 0
Received a proposal creating event
org notification: Response [id=6099, response=accepted, clock=3, time=2015-05-06 11:22:55.474]
org notified sent response(6099,accepted,3).
object notification: Time [clock=4, time=2015-05-06 11:22:57.633]
Event sent to object      a30 clock(4)
org notification: Time [clock=4, time=2015-05-06 11:22:57.633]
org notified sent time(4).
object notification: Time [clock=4, time=2015-05-06 11:22:57.633]
Event sent to object      a40 clock(4)
object notification: Time [clock=4, time=2015-05-06 11:22:57.633]
Event sent to object      a10 clock(4)
object notification: Time [clock=5, time=2015-05-06 11:23:07.635]
Event sent to object      a30 clock(5)
org notification: Time [clock=5, time=2015-05-06 11:23:07.635]
org notified sent time(5).
object notification: Time [clock=5, time=2015-05-06 11:23:07.635]
object notification: Time [clock=5, time=2015-05-06 11:23:07.635]
Event sent to object      a40 clock(5)
Event sent to object      a10 clock(5)
setPhases in ClientGameStatus, the current phase is Movement Phase
setPhases in ClientGameStatus, the current phase is Movement Phase
setPhases in ClientGameStatus, the current phase is Movement Phase
object notification: Time [clock=6, time=2015-05-06 11:23:17.638]
object notification: Time [clock=6, time=2015-05-06 11:23:17.638]
Event sent to object      a30 clock(6)
Event sent to object      a40 clock(6)
org notification: Time [clock=6, time=2015-05-06 11:23:17.638]
org notified sent time(6).
object notification: Time [clock=6, time=2015-05-06 11:23:17.638]
Event sent to object      a10 clock(6)
object notification: Time [clock=7, time=2015-05-06 11:23:27.64]
object notification: Time [clock=7, time=2015-05-06 11:23:27.64]
Event sent to object      a40 clock(7)
object notification: Time [clock=7, time=2015-05-06 11:23:27.64]
org notification: Time [clock=7, time=2015-05-06 11:23:27.64]
org notified sent time(7).
Event sent to object      a30 clock(7)
Event sent to object      a10 clock(7)
