2015-05-27 17:02:24,269 CONFIG [com.gigaspaces.logger] - Log file: /Users/dxd/gigaspaces-xap-premium-9.5.1-ga/logs/2015-05-27~17.02-gigaspaces-service-128.243.23.149-40271.log
-------------------------last log tuples start--------------------------------
Group [name=g, ra=a10, clock=0, time=2015-05-27 16:46:19.712]
Time [clock=4, time=2015-05-27 16:46:49.317]
Color [id=null, color=white, agent=a10, type=yes, sanction=100, time=2015-05-27 16:47:08.362, clock=5]
Position [subject=a30, id=null, cell=Cell [x=6, y=5], time=2015-05-27 16:47:24.32, clock=7]
Position [subject=a40, id=null, cell=Cell [x=6, y=1], time=2015-05-27 16:47:20.374, clock=7]
Goal [id=null, cell=Cell [x=3, y=3], agent=null, time=2015-05-27 16:46:19.652, clock=0]
Time [clock=10, time=2015-05-27 16:47:49.337]
Response [id=6170, response=rejected, clock=11, time=2015-05-27 16:48:06.761]
Proposal [id=6943, agent=a30, agent2=a20, clock=7, time=2015-05-27 16:47:20.88]
Position [subject=a40, id=null, cell=Cell [x=6, y=2], time=2015-05-27 16:47:44.412, clock=9]
Position [subject=a40, id=null, cell=Cell [x=6, y=2], time=2015-05-27 16:48:07.358, clock=11]
Time [clock=2, time=2015-05-27 16:46:29.312]
Color [id=null, color=blue, agent=a20, type=no, sanction=100, time=2015-05-27 16:47:09.122, clock=5]
Time [clock=3, time=2015-05-27 16:46:39.315]
Proposal [id=7652, agent=a20, agent2=a40, clock=7, time=2015-05-27 16:47:23.062]
Tile [id=null, cell=Cell [x=6, y=5], subject=brown, time=2015-05-27 16:46:19.616, clock=0]
Time [clock=11, time=2015-05-27 16:47:59.339]
Time [clock=12, time=2015-05-27 16:48:09.343]
Tile [id=null, cell=Cell [x=6, y=6], subject=white, time=2015-05-27 16:46:19.618, clock=0]
Obligation [subject=a30, obligation=[color(white, a30)], sanction=[reduce(a30, 100)], deadline=25, time=2015-05-27 16:47:08.686, clock=5]
Time [clock=5, time=2015-05-27 16:46:59.32]
Prohibition [subject=a20, prohibition=[color(blue, a20)], sanction=[reduce(a20, 100)], clock=6, time=2015-05-27 16:47:10.315]
SetGoal [id=null, agent=a40, cell=Cell [x=3, y=4], goal=Cell [x=3, y=3], sanction=100, clock=5, time=2015-05-27 16:47:08.183]
Time [clock=7, time=2015-05-27 16:47:19.33]
Time [clock=8, time=2015-05-27 16:47:29.332]
Tile [id=null, cell=Cell [x=5, y=0], subject=yellow, time=2015-05-27 16:46:19.59, clock=0]
Time [clock=9, time=2015-05-27 16:47:39.335]
Response [id=971, response=rejected, clock=9, time=2015-05-27 16:47:43.621]
Proposal [id=971, agent=a40, agent2=a10, clock=7, time=2015-05-27 16:47:26.002]
SetGoal [id=null, agent=a30, cell=Cell [x=4, y=3], goal=Cell [x=3, y=3], sanction=100, clock=5, time=2015-05-27 16:47:08.056]
Time [clock=1, time=2015-05-27 16:46:19.298]
Time [clock=13, time=2015-05-27 16:48:19.344]
Color [id=null, color=white, agent=a30, type=yes, sanction=100, time=2015-05-27 16:47:08.683, clock=5]
SetGoal [id=null, agent=a10, cell=Cell [x=3, y=2], goal=Cell [x=3, y=3], sanction=100, clock=5, time=2015-05-27 16:47:07.894]
Response [id=6943, response=accepted, clock=7, time=2015-05-27 16:47:23.906]
Obligation [subject=a10, obligation=[surround(3, 3)], sanction=[reduce(g, 700)], deadline=31, time=2015-05-27 16:47:06.505, clock=5]
Tile [id=null, cell=Cell [x=6, y=4], subject=white, time=2015-05-27 16:46:19.614, clock=0]
Time [clock=6, time=2015-05-27 16:47:09.323]
Color [id=null, color=white, agent=a40, type=yes, sanction=100, time=2015-05-27 16:47:08.821, clock=5]
Tile [id=null, cell=Cell [x=3, y=6], subject=white, time=2015-05-27 16:46:19.575, clock=0]
Tile [id=null, cell=Cell [x=5, y=3], subject=yellow, time=2015-05-27 16:46:19.598, clock=0]
Tile [id=null, cell=Cell [x=4, y=4], subject=brown, time=2015-05-27 16:46:19.585, clock=0]
Response [id=7652, response=rejected, clock=7, time=2015-05-27 16:47:26.862]
Tile [id=null, cell=Cell [x=3, y=5], subject=yellow, time=2015-05-27 16:46:19.573, clock=0]
Prohibition [subject=a40, prohibition=[moveTooFast], sanction=[reduce(a40, 300)], clock=5, time=2015-05-27 16:47:06.486]
Proposal [id=6170, agent=a40, agent2=a10, clock=10, time=2015-05-27 16:47:54.495]
Tile [id=null, cell=Cell [x=6, y=1], subject=brown, time=2015-05-27 16:46:19.609, clock=0]
Response [id=6410, response=accepted, clock=6, time=2015-05-27 16:47:18.178]
Tile [id=null, cell=Cell [x=5, y=6], subject=white, time=2015-05-27 16:46:19.605, clock=0]
Tile [id=null, cell=Cell [x=4, y=1], subject=blue, time=2015-05-27 16:46:19.579, clock=0]
Proposal [id=5793, agent=a40, agent2=a10, clock=13, time=2015-05-27 16:48:21.159]
Color [id=null, color=blue, agent=a40, type=no, sanction=100, time=2015-05-27 16:47:09.436, clock=6]
SetGoal [id=null, agent=a20, cell=Cell [x=2, y=3], goal=Cell [x=3, y=3], sanction=100, clock=5, time=2015-05-27 16:47:07.972]
Tile [id=null, cell=Cell [x=4, y=2], subject=yellow, time=2015-05-27 16:46:19.581, clock=0]
Tile [id=null, cell=Cell [x=5, y=5], subject=brown, time=2015-05-27 16:46:19.603, clock=0]
Tile [id=null, cell=Cell [x=1, y=4], subject=blue, time=2015-05-27 16:46:19.548, clock=0]
Tile [id=null, cell=Cell [x=4, y=5], subject=yellow, time=2015-05-27 16:46:19.587, clock=0]
Prohibition [subject=a10, prohibition=[moveTooFast], sanction=[reduce(a10, 300)], clock=5, time=2015-05-27 16:47:06.478]
Tile [id=null, cell=Cell [x=5, y=2], subject=brown, time=2015-05-27 16:46:19.594, clock=0]
Prohibition [subject=a20, prohibition=[moveTooFast], sanction=[reduce(a20, 300)], clock=5, time=2015-05-27 16:47:06.481]
Color [id=null, color=white, agent=a20, type=yes, sanction=100, time=2015-05-27 16:47:08.517, clock=5]
Tile [id=null, cell=Cell [x=2, y=0], subject=white, time=2015-05-27 16:46:19.551, clock=0]
Color [id=null, color=blue, agent=a30, type=no, sanction=100, time=2015-05-27 16:47:09.281, clock=5]
Proposal [id=6410, agent=a40, agent2=a20, clock=6, time=2015-05-27 16:47:16.584]
Tile [id=null, cell=Cell [x=1, y=1], subject=yellow, time=2015-05-27 16:46:19.545, clock=0]
Tile [id=null, cell=Cell [x=6, y=2], subject=white, time=2015-05-27 16:46:19.611, clock=0]
Prohibition [subject=a30, prohibition=[color(blue, a30)], sanction=[reduce(a30, 100)], clock=6, time=2015-05-27 16:47:10.336]
Tile [id=null, cell=Cell [x=2, y=3], subject=blue, time=2015-05-27 16:46:19.555, clock=0]
Obligation [subject=a20, obligation=[at(2, 3, a20)], sanction=[reduce(a20, 700)], deadline=31, time=2015-05-27 16:47:07.975, clock=5]
Tile [id=null, cell=Cell [x=6, y=0], subject=blue, time=2015-05-27 16:46:19.607, clock=0]
Tile [id=null, cell=Cell [x=0, y=5], subject=blue, time=2015-05-27 16:46:19.542, clock=0]
Prohibition [subject=a10, prohibition=[color(blue, a10)], sanction=[reduce(a10, 100)], clock=5, time=2015-05-27 16:47:08.973]
Tile [id=null, cell=Cell [x=0, y=6], subject=brown, time=2015-05-27 16:46:19.543, clock=0]
Prohibition [subject=a10, prohibition=[rejectRequests], sanction=[reduce(a10, 500)], clock=5, time=2015-05-27 16:47:06.463]
Color [id=null, color=blue, agent=a10, type=no, sanction=100, time=2015-05-27 16:47:08.97, clock=5]
Tile [id=null, cell=Cell [x=3, y=0], subject=white, time=2015-05-27 16:46:19.563, clock=0]
Prohibition [subject=a30, prohibition=[rejectRequests], sanction=[reduce(a30, 500)], clock=5, time=2015-05-27 16:47:06.473]
Prohibition [subject=a40, prohibition=[rejectRequests], sanction=[reduce(a40, 500)], clock=5, time=2015-05-27 16:47:06.475]
Tile [id=null, cell=Cell [x=4, y=6], subject=brown, time=2015-05-27 16:46:19.589, clock=0]
Tile [id=null, cell=Cell [x=3, y=2], subject=blue, time=2015-05-27 16:46:19.567, clock=0]
Prohibition [subject=a20, prohibition=[rejectRequests], sanction=[reduce(a20, 500)], clock=5, time=2015-05-27 16:47:06.471]
Prohibition [subject=a30, prohibition=[moveTooFast], sanction=[reduce(a30, 300)], clock=5, time=2015-05-27 16:47:06.483]
Prohibition [subject=a40, prohibition=[color(blue, a40)], sanction=[reduce(a40, 100)], clock=6, time=2015-05-27 16:47:10.347]
Obligation [subject=a10, obligation=[at(3, 2, a10)], sanction=[reduce(a10, 700)], deadline=31, time=2015-05-27 16:47:07.9, clock=5]
Obligation [subject=a30, obligation=[at(4, 3, a30)], sanction=[reduce(a30, 700)], deadline=31, time=2015-05-27 16:47:08.06, clock=5]
Obligation [subject=a40, obligation=[color(white, a40)], sanction=[reduce(a40, 100)], deadline=25, time=2015-05-27 16:47:08.824, clock=5]
Tile [id=null, cell=Cell [x=6, y=3], subject=brown, time=2015-05-27 16:46:19.613, clock=0]
Obligation [subject=a10, obligation=[color(white, a10)], sanction=[reduce(a10, 100)], deadline=25, time=2015-05-27 16:47:08.371, clock=5]
Tile [id=null, cell=Cell [x=5, y=1], subject=white, time=2015-05-27 16:46:19.592, clock=0]
Obligation [subject=a20, obligation=[color(white, a20)], sanction=[reduce(a20, 100)], deadline=25, time=2015-05-27 16:47:08.52, clock=5]
Obligation [subject=a40, obligation=[at(3, 4, a40)], sanction=[reduce(a40, 700)], deadline=31, time=2015-05-27 16:47:08.186, clock=5]
Tile [id=null, cell=Cell [x=1, y=2], subject=white, time=2015-05-27 16:46:19.546, clock=0]
Tile [id=null, cell=Cell [x=5, y=4], subject=blue, time=2015-05-27 16:46:19.601, clock=0]
Tile [id=null, cell=Cell [x=4, y=3], subject=blue, time=2015-05-27 16:46:19.583, clock=0]
Tile [id=null, cell=Cell [x=1, y=5], subject=brown, time=2015-05-27 16:46:19.549, clock=0]
Tile [id=null, cell=Cell [x=0, y=0], subject=brown, time=2015-05-27 16:46:19.508, clock=0]
Tile [id=null, cell=Cell [x=4, y=0], subject=brown, time=2015-05-27 16:46:19.577, clock=0]
Tile [id=null, cell=Cell [x=2, y=1], subject=white, time=2015-05-27 16:46:19.552, clock=0]
Tile [id=null, cell=Cell [x=3, y=4], subject=yellow, time=2015-05-27 16:46:19.572, clock=0]
Tile [id=null, cell=Cell [x=3, y=1], subject=yellow, time=2015-05-27 16:46:19.565, clock=0]
Tile [id=null, cell=Cell [x=2, y=4], subject=white, time=2015-05-27 16:46:19.557, clock=0]
Tile [id=null, cell=Cell [x=0, y=2], subject=white, time=2015-05-27 16:46:19.537, clock=0]
Tile [id=null, cell=Cell [x=2, y=6], subject=brown, time=2015-05-27 16:46:19.561, clock=0]
Tile [id=null, cell=Cell [x=2, y=5], subject=brown, time=2015-05-27 16:46:19.559, clock=0]
Tile [id=null, cell=Cell [x=2, y=2], subject=brown, time=2015-05-27 16:46:19.554, clock=0]
Tile [id=null, cell=Cell [x=1, y=6], subject=yellow, time=2015-05-27 16:46:19.55, clock=0]
Tile [id=null, cell=Cell [x=1, y=3], subject=white, time=2015-05-27 16:46:19.547, clock=0]
Tile [id=null, cell=Cell [x=1, y=0], subject=brown, time=2015-05-27 16:46:19.544, clock=0]
Tile [id=null, cell=Cell [x=0, y=4], subject=brown, time=2015-05-27 16:46:19.54, clock=0]
Tile [id=null, cell=Cell [x=0, y=1], subject=brown, time=2015-05-27 16:46:19.536, clock=0]
Tile [id=null, cell=Cell [x=3, y=3], subject=blue, time=2015-05-27 16:46:19.57, clock=0]
Tile [id=null, cell=Cell [x=0, y=3], subject=yellow, time=2015-05-27 16:46:19.539, clock=0]
-------------------------last log tuples end----------------------------------
org notification: Time [clock=1, time=2015-05-27 17:02:35.626]
org notification: Time [clock=2, time=2015-05-27 17:02:45.642]
org notification: Time [clock=3, time=2015-05-27 17:02:55.646]
