2015-08-12 14:15:56,035 CONFIG [com.gigaspaces.logger] - Log file: /Users/dxd/gigaspaces-xap-premium-9.5.1-ga/logs/2015-08-12~14.15-gigaspaces-service-10.154.152.21-37110.log
-------------------------last log tuples start--------------------------------
Color [id=null, color=white, agent=a40, type=no, sanction=500, time=2015-08-12 14:05:03.777, clock=3]
Tile [id=null, cell=Cell [x=2, y=4], subject=white, time=2015-08-12 14:04:25.733, clock=0]
Color [id=null, color=white, agent=a10, type=no, sanction=500, time=2015-08-12 14:04:55.54, clock=2]
Color [id=null, color=white, agent=a30, type=no, sanction=500, time=2015-08-12 14:05:00.788, clock=3]
Position [subject=a10, id=null, cell=Cell [x=0, y=2], time=2015-08-12 14:07:21.626, clock=17]
Prohibition [subject=a30, prohibition=[color(white, a30)], sanction=[reduce(a30, 500)], clock=3, time=2015-08-12 14:05:00.791]
Color [id=null, color=white, agent=a20, type=no, sanction=500, time=2015-08-12 14:04:58.033, clock=2]
Prohibition [subject=a10, prohibition=[restrictPlayer(a10)], sanction=[reduce(a10, 300)], clock=0, time=2015-08-12 14:04:28.738]
Group [name=g, ra=a10, type=raaa, clock=0, time=2015-08-12 14:04:28.58]
Position [subject=a10, id=null, cell=Cell [x=0, y=3], time=2015-08-12 14:07:22.615, clock=17]
Position [subject=a30, id=null, cell=Cell [x=4, y=3], time=2015-08-12 14:06:50.255, clock=14]
Tile [id=null, cell=Cell [x=4, y=5], subject=yellow, time=2015-08-12 14:04:25.779, clock=0]
Prohibition [subject=a10, prohibition=[color(white, a10)], sanction=[reduce(a10, 500)], clock=2, time=2015-08-12 14:04:55.553]
Prohibition [subject=a20, prohibition=[color(white, a20)], sanction=[reduce(a20, 500)], clock=2, time=2015-08-12 14:04:58.038]
Prohibition [subject=a40, prohibition=[color(white, a40)], sanction=[reduce(a40, 500)], clock=3, time=2015-08-12 14:05:03.781]
Time [clock=16, time=2015-08-12 14:07:08.691]
Position [subject=a10, id=null, cell=Cell [x=1, y=3], time=2015-08-12 14:07:23.593, clock=17]
Position [subject=a10, id=null, cell=Cell [x=0, y=0], time=2015-08-12 14:04:26.007, clock=0]
Obligation [subject=a10, obligation=[makeMove(0, 0, a10)], sanction=[reduce(a10, 200)], deadline=15, time=2015-08-12 14:04:28.635, clock=0]
Position [subject=a30, id=null, cell=Cell [x=5, y=3], time=2015-08-12 14:06:41.159, clock=13]
Tile [id=null, cell=Cell [x=0, y=0], subject=brown, time=2015-08-12 14:04:25.647, clock=0]
SetGoal [id=null, agent=a10, cell=Cell [x=2, y=3], goal=Cell [x=3, y=3], sanction=100, clock=10, time=2015-08-12 14:06:10.826]
Obligation [subject=a20, obligation=[makeMove(0, 5, a20)], sanction=[reduce(a20, 200)], deadline=15, time=2015-08-12 14:04:28.661, clock=0]
SetGoal [id=null, agent=a30, cell=Cell [x=4, y=3], goal=Cell [x=3, y=3], sanction=100, clock=7, time=2015-08-12 14:05:38.707]
Position [subject=a10, id=null, cell=Cell [x=0, y=1], time=2015-08-12 14:07:20.985, clock=17]
Obligation [subject=a30, obligation=[makeMove(5, 5, a30)], sanction=[reduce(a30, 200)], deadline=15, time=2015-08-12 14:04:28.666, clock=0]
Position [subject=a10, id=null, cell=Cell [x=2, y=3], time=2015-08-12 14:07:24.483, clock=17]
Obligation [subject=a30, obligation=[at(4, 3, a30)], sanction=[reduce(a30, 600)], deadline=23, time=2015-08-12 14:05:38.712, clock=7]
SetGoal [id=null, agent=a20, cell=Cell [x=3, y=4], goal=Cell [x=3, y=3], sanction=100, clock=4, time=2015-08-12 14:05:17.686]
Time [clock=7, time=2015-08-12 14:05:38.636]
Obligation [subject=a10, obligation=[surround(3, 3)], sanction=[reduce(g, 700)], deadline=20, time=2015-08-12 14:04:28.615, clock=0]
SetGoal [id=null, agent=a40, cell=Cell [x=3, y=2], goal=Cell [x=3, y=3], sanction=100, clock=8, time=2015-08-12 14:05:52.4]
Goal [id=null, cell=Cell [x=3, y=3], agent=null, time=2015-08-12 14:04:25.848, clock=0]
Position [subject=a40, id=null, cell=Cell [x=5, y=0], time=2015-08-12 14:04:26.522, clock=0]
Time [clock=12, time=2015-08-12 14:06:28.647]
Tile [id=null, cell=Cell [x=2, y=1], subject=white, time=2015-08-12 14:04:25.725, clock=0]
Obligation [subject=a40, obligation=[makeMove(5, 0, a40)], sanction=[reduce(a40, 200)], deadline=15, time=2015-08-12 14:04:28.688, clock=0]
Position [subject=a30, id=null, cell=Cell [x=5, y=4], time=2015-08-12 14:06:34.237, clock=12]
Position [subject=a20, id=null, cell=Cell [x=0, y=5], time=2015-08-12 14:04:26.234, clock=0]
Time [clock=19, time=2015-08-12 14:07:38.701]
Obligation [subject=a20, obligation=[at(3, 4, a20)], sanction=[reduce(a20, 600)], deadline=20, time=2015-08-12 14:05:17.696, clock=4]
Obligation [subject=a10, obligation=[at(2, 3, a10)], sanction=[reduce(a10, 600)], deadline=26, time=2015-08-12 14:06:10.829, clock=10]
Obligation [subject=a40, obligation=[at(3, 2, a40)], sanction=[reduce(a40, 600)], deadline=24, time=2015-08-12 14:05:52.403, clock=8]
Time [clock=8, time=2015-08-12 14:05:48.637]
Points [subject=a20, time=2015-08-12 14:07:08.705, clock=16, value=800, id=null]
Position [subject=a30, id=null, cell=Cell [x=5, y=5], time=2015-08-12 14:04:26.39, clock=0]
Points [subject=a10, time=2015-08-12 14:07:08.701, clock=16, value=800, id=null]
Time [clock=11, time=2015-08-12 14:06:18.644]
Time [clock=22, time=2015-08-12 14:08:08.715]
Points [subject=a40, time=2015-08-12 14:07:08.711, clock=16, value=800, id=null]
Time [clock=14, time=2015-08-12 14:06:48.686]
Time [clock=3, time=2015-08-12 14:04:58.623]
Time [clock=25, time=2015-08-12 14:08:38.723]
Time [clock=26, time=2015-08-12 14:08:48.726]
Points [subject=a20, time=2015-08-12 14:07:58.73, clock=21, value=100, id=null]
Time [clock=24, time=2015-08-12 14:08:28.72]
Time [clock=6, time=2015-08-12 14:05:28.633]
Time [clock=4, time=2015-08-12 14:05:08.626]
Time [clock=5, time=2015-08-12 14:05:18.63]
Time [clock=1, time=2015-08-12 14:04:38.618]
Time [clock=21, time=2015-08-12 14:07:58.714]
Time [clock=18, time=2015-08-12 14:07:28.695]
Time [clock=23, time=2015-08-12 14:08:18.718]
Time [clock=15, time=2015-08-12 14:06:58.688]
Time [clock=9, time=2015-08-12 14:05:58.639]
Time [clock=20, time=2015-08-12 14:07:48.711]
Time [clock=17, time=2015-08-12 14:07:18.693]
Time [clock=2, time=2015-08-12 14:04:48.622]
Time [clock=13, time=2015-08-12 14:06:38.681]
Time [clock=10, time=2015-08-12 14:06:08.641]
Tile [id=null, cell=Cell [x=3, y=2], subject=white, time=2015-08-12 14:04:25.753, clock=0]
Tile [id=null, cell=Cell [x=3, y=3], subject=brown, time=2015-08-12 14:04:25.755, clock=0]
Tile [id=null, cell=Cell [x=5, y=1], subject=brown, time=2015-08-12 14:04:25.784, clock=0]
Tile [id=null, cell=Cell [x=3, y=5], subject=yellow, time=2015-08-12 14:04:25.762, clock=0]
Tile [id=null, cell=Cell [x=4, y=0], subject=brown, time=2015-08-12 14:04:25.767, clock=0]
Tile [id=null, cell=Cell [x=4, y=4], subject=white, time=2015-08-12 14:04:25.776, clock=0]
Tile [id=null, cell=Cell [x=4, y=2], subject=white, time=2015-08-12 14:04:25.771, clock=0]
Tile [id=null, cell=Cell [x=4, y=3], subject=brown, time=2015-08-12 14:04:25.774, clock=0]
Tile [id=null, cell=Cell [x=4, y=1], subject=white, time=2015-08-12 14:04:25.769, clock=0]
Tile [id=null, cell=Cell [x=5, y=4], subject=blue, time=2015-08-12 14:04:25.794, clock=0]
Tile [id=null, cell=Cell [x=5, y=0], subject=yellow, time=2015-08-12 14:04:25.781, clock=0]
Tile [id=null, cell=Cell [x=3, y=4], subject=white, time=2015-08-12 14:04:25.757, clock=0]
Tile [id=null, cell=Cell [x=5, y=5], subject=brown, time=2015-08-12 14:04:25.8, clock=0]
Tile [id=null, cell=Cell [x=5, y=3], subject=yellow, time=2015-08-12 14:04:25.791, clock=0]
Tile [id=null, cell=Cell [x=3, y=1], subject=white, time=2015-08-12 14:04:25.751, clock=0]
Tile [id=null, cell=Cell [x=5, y=2], subject=brown, time=2015-08-12 14:04:25.788, clock=0]
Tile [id=null, cell=Cell [x=0, y=3], subject=yellow, time=2015-08-12 14:04:25.701, clock=0]
Tile [id=null, cell=Cell [x=2, y=0], subject=white, time=2015-08-12 14:04:25.723, clock=0]
Tile [id=null, cell=Cell [x=1, y=3], subject=brown, time=2015-08-12 14:04:25.716, clock=0]
Tile [id=null, cell=Cell [x=3, y=0], subject=white, time=2015-08-12 14:04:25.748, clock=0]
Tile [id=null, cell=Cell [x=2, y=3], subject=brown, time=2015-08-12 14:04:25.73, clock=0]
Tile [id=null, cell=Cell [x=2, y=2], subject=white, time=2015-08-12 14:04:25.727, clock=0]
Tile [id=null, cell=Cell [x=1, y=5], subject=brown, time=2015-08-12 14:04:25.721, clock=0]
Tile [id=null, cell=Cell [x=1, y=4], subject=white, time=2015-08-12 14:04:25.718, clock=0]
Tile [id=null, cell=Cell [x=0, y=2], subject=brown, time=2015-08-12 14:04:25.695, clock=0]
Tile [id=null, cell=Cell [x=0, y=5], subject=blue, time=2015-08-12 14:04:25.706, clock=0]
Tile [id=null, cell=Cell [x=1, y=1], subject=white, time=2015-08-12 14:04:25.712, clock=0]
Tile [id=null, cell=Cell [x=2, y=5], subject=brown, time=2015-08-12 14:04:25.735, clock=0]
Tile [id=null, cell=Cell [x=1, y=0], subject=brown, time=2015-08-12 14:04:25.71, clock=0]
Tile [id=null, cell=Cell [x=0, y=4], subject=brown, time=2015-08-12 14:04:25.704, clock=0]
Tile [id=null, cell=Cell [x=1, y=2], subject=white, time=2015-08-12 14:04:25.714, clock=0]
Tile [id=null, cell=Cell [x=0, y=1], subject=brown, time=2015-08-12 14:04:25.693, clock=0]
-------------------------last log tuples end----------------------------------
