2015-06-10 20:34:27,927 CONFIG [com.gigaspaces.logger] - Log file: /Users/dxd/gigaspaces-xap-premium-9.5.1-ga/logs/2015-06-10~20.34-gigaspaces-service-192.168.1.100-3424.log
-------------------------last log tuples start--------------------------------
Position [subject=a30, id=null, cell=Cell [x=1, y=2], time=2015-06-10 20:29:28.992, clock=12]
SetGoal [id=null, agent=a30, cell=Cell [x=1, y=2], goal=Cell [x=2, y=2], sanction=100, clock=0, time=2015-06-10 20:27:20.635]
Prohibition [subject=a10, prohibition=[color(blue, a10)], sanction=[reduce(a10, 100)], clock=0, time=2015-06-10 20:27:21.719]
Proposal [id=3619, agent=a10, agent2=a30, clock=10, time=2015-06-10 20:29:03.899]
Time [clock=42, time=2015-06-10 20:33:38.584]
Color [id=null, color=blue, agent=a10, type=no, sanction=100, time=2015-06-10 20:27:21.71, clock=0]
Time [clock=43, time=2015-06-10 20:33:39.908]
Position [subject=a10, id=null, cell=Cell [x=2, y=3], time=2015-06-10 20:29:12.983, clock=11]
GroupObl [id=null, obligation=acceptRequests, sanction=200, clock=0, time=2015-06-10 20:27:22.049]
Prohibition [subject=a40, prohibition=[moveTooFast(a40)], sanction=[reduce(a40, 100)], clock=0, time=2015-06-10 20:27:19.902]
Group [name=g, ra=a10, type=raaa, clock=0, time=2015-06-10 20:32:47.926]
Obligation [subject=a30, obligation=[at(1, 2, a30)], sanction=[reduce(a30, 600)], deadline=16, time=2015-06-10 20:27:20.64, clock=0]
Time [clock=45, time=2015-06-10 20:33:49.914]
Group [name=g, ra=a10, type=raaa, clock=0, time=2015-06-10 20:27:19.703]
Response [id=3619, response=accepted, clock=11, time=2015-06-10 20:29:12.136]
Position [subject=a30, id=null, cell=Cell [x=0, y=2], time=2015-06-10 20:29:20.653, clock=12]
Position [subject=a10, id=null, cell=Cell [x=3, y=3], time=2015-06-10 20:29:12.467, clock=11]
Color [id=null, color=yellow, agent=a20, type=no, sanction=100, time=2015-06-10 20:27:21.792, clock=0]
Goal [id=null, cell=Cell [x=2, y=2], agent=null, time=2015-06-10 20:27:16.862, clock=0]
SetGoal [id=null, agent=a40, cell=Cell [x=2, y=1], goal=Cell [x=2, y=2], sanction=100, clock=0, time=2015-06-10 20:27:20.557]
Position [subject=a20, id=null, cell=Cell [x=3, y=2], time=2015-06-10 20:32:45.585, clock=0]
Obligation [subject=a20, obligation=[acceptRequests(a20)], sanction=[reduce(a20, 200)], deadline=15, time=2015-06-10 20:27:22.059, clock=0]
Position [subject=a40, id=null, cell=Cell [x=2, y=2], time=2015-06-10 20:27:17.228, clock=0]
Prohibition [subject=a40, prohibition=[color(yellow, a40)], sanction=[reduce(a40, 100)], clock=0, time=2015-06-10 20:27:21.956]
Goal [id=null, cell=Cell [x=3, y=3], agent=null, time=2015-06-10 20:32:45.496, clock=0]
Time [clock=47, time=2015-06-10 20:34:00.031]
Prohibition [subject=a10, prohibition=[restrictPlayer(a10)], sanction=[reduce(a10, 300)], clock=0, time=2015-06-10 20:27:19.754]
Position [subject=a30, id=null, cell=Cell [x=2, y=0], time=2015-06-10 20:32:45.636, clock=0]
Time [clock=38, time=2015-06-10 20:33:18.221]
Prohibition [subject=a30, prohibition=[moveTooFast(a30)], sanction=[reduce(a30, 100)], clock=0, time=2015-06-10 20:27:19.9]
Obligation [subject=a10, obligation=[respondToRequest(3931)], sanction=[reduce(a10, 200)], deadline=14, time=2015-06-10 20:29:11.071, clock=11]
Prohibition [subject=a20, prohibition=[moveTooFast(a20)], sanction=[reduce(a20, 100)], clock=0, time=2015-06-10 20:27:19.759]
Position [subject=a10, id=null, cell=Cell [x=4, y=3], time=2015-06-10 20:29:03.549, clock=10]
Position [subject=a30, id=null, cell=Cell [x=0, y=3], time=2015-06-10 20:29:12.403, clock=11]
Time [clock=17, time=2015-06-10 20:30:09.766]
Tile [id=null, cell=Cell [x=5, y=2], subject=yellow, time=2015-06-10 20:32:45.478, clock=0]
Position [subject=a20, id=null, cell=Cell [x=0, y=1], time=2015-06-10 20:27:16.988, clock=0]
Prohibition [subject=a30, prohibition=[color(yellow, a30)], sanction=[reduce(a30, 100)], clock=0, time=2015-06-10 20:27:21.868]
Obligation [subject=a10, obligation=[acceptRequests(a10)], sanction=[reduce(a10, 200)], deadline=15, time=2015-06-10 20:27:22.057, clock=0]
Position [subject=a30, id=null, cell=Cell [x=0, y=4], time=2015-06-10 20:29:04.182, clock=10]
Obligation [subject=a40, obligation=[acceptRequests(a40)], sanction=[reduce(a40, 200)], deadline=15, time=2015-06-10 20:27:22.078, clock=0]
Position [subject=a10, id=null, cell=Cell [x=4, y=1], time=2015-06-10 20:27:16.905, clock=0]
Prohibition [subject=a10, prohibition=[moveTooFast(a10)], sanction=[reduce(a10, 100)], clock=0, time=2015-06-10 20:27:19.756]
Time [clock=39, time=2015-06-10 20:33:19.83]
Position [subject=a30, id=null, cell=Cell [x=0, y=5], time=2015-06-10 20:27:17.107, clock=0]
Response [id=3931, response=accepted, clock=11, time=2015-06-10 20:29:11.636]
Proposal [id=3931, agent=a30, agent2=a10, clock=11, time=2015-06-10 20:29:11.069]
Tile [id=null, cell=Cell [x=5, y=1], subject=white, time=2015-06-10 20:27:16.829, clock=0]
Position [subject=a10, id=null, cell=Cell [x=4, y=2], time=2015-06-10 20:29:02.986, clock=10]
Time [clock=22, time=2015-06-10 20:30:59.784]
Tile [id=null, cell=Cell [x=5, y=3], subject=blue, time=2015-06-10 20:32:45.481, clock=0]
Color [id=null, color=yellow, agent=a40, type=no, sanction=100, time=2015-06-10 20:27:21.951, clock=0]
Position [subject=a10, id=null, cell=Cell [x=2, y=0], time=2015-06-10 20:32:45.508, clock=0]
Tile [id=null, cell=Cell [x=3, y=4], subject=yellow, time=2015-06-10 20:32:45.451, clock=0]
Time [clock=23, time=2015-06-10 20:31:09.786]
Color [id=null, color=yellow, agent=a30, type=no, sanction=100, time=2015-06-10 20:27:21.865, clock=0]
Time [clock=9, time=2015-06-10 20:28:49.751]
SetGoal [id=null, agent=a10, cell=Cell [x=2, y=3], goal=Cell [x=2, y=2], sanction=100, clock=0, time=2015-06-10 20:27:21.056]
Time [clock=34, time=2015-06-10 20:32:57.938]
SetGoal [id=null, agent=a20, cell=Cell [x=3, y=2], goal=Cell [x=2, y=2], sanction=100, clock=0, time=2015-06-10 20:27:20.906]
Prohibition [subject=a20, prohibition=[color(yellow, a20)], sanction=[reduce(a20, 100)], clock=0, time=2015-06-10 20:27:21.795]
Time [clock=46, time=2015-06-10 20:33:59.071]
Position [subject=a40, id=null, cell=Cell [x=1, y=0], time=2015-06-10 20:32:45.669, clock=0]
Time [clock=25, time=2015-06-10 20:31:29.791]
Time [clock=4, time=2015-06-10 20:27:59.731]
Tile [id=null, cell=Cell [x=5, y=5], subject=brown, time=2015-06-10 20:27:16.837, clock=0]
Time [clock=15, time=2015-06-10 20:29:49.762]
Tile [id=null, cell=Cell [x=4, y=0], subject=brown, time=2015-06-10 20:32:45.455, clock=0]
Time [clock=33, time=2015-06-10 20:32:49.806]
Time [clock=31, time=2015-06-10 20:32:29.803]
Tile [id=null, cell=Cell [x=5, y=5], subject=brown, time=2015-06-10 20:32:45.487, clock=0]
Obligation [subject=a40, obligation=[at(2, 1, a40)], sanction=[reduce(a40, 600)], deadline=16, time=2015-06-10 20:27:20.566, clock=0]
Time [clock=6, time=2015-06-10 20:28:19.735]
Time [clock=11, time=2015-06-10 20:29:09.757]
Time [clock=40, time=2015-06-10 20:33:28.489]
Obligation [subject=a10, obligation=[surround(2, 2)], sanction=[reduce(g, 700)], deadline=20, time=2015-06-10 20:27:19.721, clock=0]
Obligation [subject=a30, obligation=[acceptRequests(a30)], sanction=[reduce(a30, 200)], deadline=15, time=2015-06-10 20:27:22.062, clock=0]
Time [clock=19, time=2015-06-10 20:30:29.774]
Time [clock=41, time=2015-06-10 20:33:29.846]
Obligation [subject=a20, obligation=[at(3, 2, a20)], sanction=[reduce(a20, 600)], deadline=16, time=2015-06-10 20:27:20.91, clock=0]
Tile [id=null, cell=Cell [x=4, y=2], subject=blue, time=2015-06-10 20:27:16.82, clock=0]
Tile [id=null, cell=Cell [x=5, y=0], subject=yellow, time=2015-06-10 20:32:45.47, clock=0]
Obligation [subject=a20, obligation=[makeMove(0, 1, a20)], sanction=[reduce(a20, 200)], deadline=15, time=2015-06-10 20:27:19.743, clock=0]
Time [clock=44, time=2015-06-10 20:33:48.907]
Time [clock=24, time=2015-06-10 20:31:19.789]
Time [clock=21, time=2015-06-10 20:30:49.781]
Tile [id=null, cell=Cell [x=4, y=4], subject=yellow, time=2015-06-10 20:32:45.466, clock=0]
Obligation [subject=a10, obligation=[makeMove(4, 1, a10)], sanction=[reduce(a10, 200)], deadline=15, time=2015-06-10 20:27:19.739, clock=0]
Time [clock=37, time=2015-06-10 20:33:09.827]
Time [clock=35, time=2015-06-10 20:32:59.808]
Obligation [subject=a10, obligation=[at(2, 3, a10)], sanction=[reduce(a10, 600)], deadline=16, time=2015-06-10 20:27:21.06, clock=0]
Time [clock=32, time=2015-06-10 20:32:39.804]
Obligation [subject=a30, obligation=[makeMove(0, 5, a30)], sanction=[reduce(a30, 200)], deadline=15, time=2015-06-10 20:27:19.749, clock=0]
Obligation [subject=a40, obligation=[makeMove(2, 2, a40)], sanction=[reduce(a40, 200)], deadline=15, time=2015-06-10 20:27:19.751, clock=0]
Time [clock=3, time=2015-06-10 20:27:49.728]
Obligation [subject=a30, obligation=[respondToRequest(3619)], sanction=[reduce(a30, 200)], deadline=13, time=2015-06-10 20:29:03.911, clock=10]
Time [clock=2, time=2015-06-10 20:27:39.725]
Points [subject=a20, time=2015-06-10 20:33:19.854, clock=39, value=700, id=null]
Time [clock=5, time=2015-06-10 20:28:09.733]
Points [subject=a40, time=2015-06-10 20:33:19.88, clock=39, value=600, id=null]
Tile [id=null, cell=Cell [x=4, y=4], subject=blue, time=2015-06-10 20:27:16.824, clock=0]
Points [subject=a30, time=2015-06-10 20:33:19.888, clock=39, value=366, id=null]
Time [clock=1, time=2015-06-10 20:27:29.72]
Points [subject=a40, time=2015-06-10 20:33:19.886, clock=39, value=366, id=null]
Time [clock=29, time=2015-06-10 20:32:09.799]
Time [clock=14, time=2015-06-10 20:29:39.761]
Time [clock=27, time=2015-06-10 20:31:49.794]
Time [clock=7, time=2015-06-10 20:28:29.742]
Points [subject=a40, time=2015-06-10 20:27:21.961, clock=0, value=900, id=null]
Time [clock=30, time=2015-06-10 20:32:19.801]
Tile [id=null, cell=Cell [x=2, y=3], subject=brown, time=2015-06-10 20:32:45.436, clock=0]
Points [subject=a10, time=2015-06-10 20:29:02.996, clock=10, value=900, id=null]
Points [subject=a30, time=2015-06-10 20:29:04.19, clock=10, value=900, id=null]
Time [clock=28, time=2015-06-10 20:31:59.797]
Tile [id=null, cell=Cell [x=5, y=1], subject=yellow, time=2015-06-10 20:32:45.475, clock=0]
Time [clock=12, time=2015-06-10 20:29:19.758]
Points [subject=a10, time=2015-06-10 20:33:19.893, clock=39, value=366, id=null]
Time [clock=13, time=2015-06-10 20:29:29.76]
Points [subject=a30, time=2015-06-10 20:29:29.001, clock=12, value=800, id=null]
Points [subject=a30, time=2015-06-10 20:33:19.857, clock=39, value=600, id=null]
Points [subject=a10, time=2015-06-10 20:29:03.559, clock=10, value=800, id=null]
Tile [id=null, cell=Cell [x=5, y=4], subject=yellow, time=2015-06-10 20:27:16.834, clock=0]
Points [subject=a20, time=2015-06-10 20:32:45.866, clock=32, value=900, id=null]
Time [clock=16, time=2015-06-10 20:29:59.763]
Points [subject=a10, time=2015-06-10 20:33:19.844, clock=39, value=600, id=null]
Time [clock=18, time=2015-06-10 20:30:19.767]
Points [subject=a40, time=2015-06-10 20:32:45.885, clock=32, value=800, id=null]
Tile [id=null, cell=Cell [x=3, y=0], subject=yellow, time=2015-06-10 20:32:45.442, clock=0]
Time [clock=8, time=2015-06-10 20:28:39.748]
Tile [id=null, cell=Cell [x=4, y=5], subject=yellow, time=2015-06-10 20:32:45.468, clock=0]
Time [clock=10, time=2015-06-10 20:28:59.755]
Time [clock=36, time=2015-06-10 20:33:07.983]
Time [clock=26, time=2015-06-10 20:31:39.793]
Time [clock=20, time=2015-06-10 20:30:39.78]
Tile [id=null, cell=Cell [x=3, y=1], subject=blue, time=2015-06-10 20:32:45.444, clock=0]
Tile [id=null, cell=Cell [x=3, y=3], subject=yellow, time=2015-06-10 20:27:16.81, clock=0]
Tile [id=null, cell=Cell [x=2, y=4], subject=white, time=2015-06-10 20:32:45.438, clock=0]
Tile [id=null, cell=Cell [x=2, y=5], subject=white, time=2015-06-10 20:32:45.44, clock=0]
Tile [id=null, cell=Cell [x=4, y=3], subject=yellow, time=2015-06-10 20:27:16.821, clock=0]
Tile [id=null, cell=Cell [x=2, y=2], subject=yellow, time=2015-06-10 20:32:45.434, clock=0]
Tile [id=null, cell=Cell [x=3, y=2], subject=brown, time=2015-06-10 20:32:45.446, clock=0]
Tile [id=null, cell=Cell [x=3, y=3], subject=brown, time=2015-06-10 20:32:45.448, clock=0]
Tile [id=null, cell=Cell [x=0, y=1], subject=blue, time=2015-06-10 20:32:45.404, clock=0]
Tile [id=null, cell=Cell [x=5, y=4], subject=white, time=2015-06-10 20:32:45.484, clock=0]
Tile [id=null, cell=Cell [x=0, y=3], subject=blue, time=2015-06-10 20:32:45.407, clock=0]
Tile [id=null, cell=Cell [x=4, y=2], subject=yellow, time=2015-06-10 20:32:45.46, clock=0]
Tile [id=null, cell=Cell [x=4, y=1], subject=brown, time=2015-06-10 20:32:45.457, clock=0]
Tile [id=null, cell=Cell [x=4, y=3], subject=brown, time=2015-06-10 20:32:45.464, clock=0]
Tile [id=null, cell=Cell [x=1, y=5], subject=yellow, time=2015-06-10 20:32:45.425, clock=0]
Tile [id=null, cell=Cell [x=1, y=2], subject=yellow, time=2015-06-10 20:32:45.42, clock=0]
Tile [id=null, cell=Cell [x=1, y=3], subject=brown, time=2015-06-10 20:32:45.422, clock=0]
Tile [id=null, cell=Cell [x=1, y=4], subject=blue, time=2015-06-10 20:32:45.424, clock=0]
Tile [id=null, cell=Cell [x=1, y=1], subject=brown, time=2015-06-10 20:32:45.415, clock=0]
Tile [id=null, cell=Cell [x=2, y=0], subject=blue, time=2015-06-10 20:32:45.427, clock=0]
Tile [id=null, cell=Cell [x=3, y=5], subject=yellow, time=2015-06-10 20:32:45.453, clock=0]
Tile [id=null, cell=Cell [x=1, y=0], subject=blue, time=2015-06-10 20:32:45.413, clock=0]
Tile [id=null, cell=Cell [x=0, y=0], subject=yellow, time=2015-06-10 20:27:16.718, clock=0]
Tile [id=null, cell=Cell [x=5, y=2], subject=blue, time=2015-06-10 20:27:16.831, clock=0]
Tile [id=null, cell=Cell [x=2, y=3], subject=white, time=2015-06-10 20:27:16.795, clock=0]
Tile [id=null, cell=Cell [x=1, y=0], subject=blue, time=2015-06-10 20:27:16.776, clock=0]
Tile [id=null, cell=Cell [x=4, y=0], subject=blue, time=2015-06-10 20:27:16.816, clock=0]
Tile [id=null, cell=Cell [x=2, y=4], subject=yellow, time=2015-06-10 20:27:16.798, clock=0]
Tile [id=null, cell=Cell [x=0, y=0], subject=yellow, time=2015-06-10 20:32:45.398, clock=0]
Tile [id=null, cell=Cell [x=2, y=2], subject=yellow, time=2015-06-10 20:27:16.793, clock=0]
Tile [id=null, cell=Cell [x=2, y=1], subject=white, time=2015-06-10 20:32:45.429, clock=0]
Tile [id=null, cell=Cell [x=3, y=0], subject=white, time=2015-06-10 20:27:16.802, clock=0]
Tile [id=null, cell=Cell [x=0, y=5], subject=brown, time=2015-06-10 20:32:45.411, clock=0]
Tile [id=null, cell=Cell [x=0, y=4], subject=white, time=2015-06-10 20:32:45.409, clock=0]
Tile [id=null, cell=Cell [x=0, y=3], subject=brown, time=2015-06-10 20:27:16.77, clock=0]
Tile [id=null, cell=Cell [x=5, y=3], subject=white, time=2015-06-10 20:27:16.832, clock=0]
Tile [id=null, cell=Cell [x=4, y=1], subject=yellow, time=2015-06-10 20:27:16.818, clock=0]
Tile [id=null, cell=Cell [x=5, y=0], subject=yellow, time=2015-06-10 20:27:16.827, clock=0]
Tile [id=null, cell=Cell [x=4, y=5], subject=yellow, time=2015-06-10 20:27:16.825, clock=0]
Tile [id=null, cell=Cell [x=2, y=0], subject=blue, time=2015-06-10 20:27:16.789, clock=0]
Tile [id=null, cell=Cell [x=2, y=1], subject=yellow, time=2015-06-10 20:27:16.791, clock=0]
Tile [id=null, cell=Cell [x=0, y=2], subject=white, time=2015-06-10 20:32:45.406, clock=0]
Tile [id=null, cell=Cell [x=3, y=5], subject=blue, time=2015-06-10 20:27:16.814, clock=0]
Tile [id=null, cell=Cell [x=1, y=5], subject=white, time=2015-06-10 20:27:16.787, clock=0]
Tile [id=null, cell=Cell [x=0, y=4], subject=yellow, time=2015-06-10 20:27:16.772, clock=0]
Tile [id=null, cell=Cell [x=1, y=2], subject=yellow, time=2015-06-10 20:27:16.781, clock=0]
Tile [id=null, cell=Cell [x=3, y=2], subject=white, time=2015-06-10 20:27:16.809, clock=0]
Tile [id=null, cell=Cell [x=1, y=4], subject=brown, time=2015-06-10 20:27:16.785, clock=0]
Tile [id=null, cell=Cell [x=3, y=1], subject=blue, time=2015-06-10 20:27:16.807, clock=0]
Tile [id=null, cell=Cell [x=2, y=5], subject=blue, time=2015-06-10 20:27:16.8, clock=0]
Tile [id=null, cell=Cell [x=1, y=3], subject=brown, time=2015-06-10 20:27:16.783, clock=0]
Tile [id=null, cell=Cell [x=3, y=4], subject=blue, time=2015-06-10 20:27:16.812, clock=0]
Tile [id=null, cell=Cell [x=0, y=5], subject=blue, time=2015-06-10 20:27:16.774, clock=0]
Tile [id=null, cell=Cell [x=0, y=1], subject=white, time=2015-06-10 20:27:16.762, clock=0]
Tile [id=null, cell=Cell [x=1, y=1], subject=yellow, time=2015-06-10 20:27:16.779, clock=0]
Tile [id=null, cell=Cell [x=0, y=2], subject=yellow, time=2015-06-10 20:27:16.764, clock=0]
-------------------------last log tuples end----------------------------------
[CTAH] started agent 10
[CTAH] Added a new agent to the game by the name of 10.
[ENV] added agent a10
[CTAH] started agent 30
[CTAH] Added a new agent to the game by the name of 30.
[ENV] added agent a30
