-------------------------last log tuples start--------------------------------
Prohibition [subject=a10, prohibition=[moveTooFast(a10)], sanction=[reduce(a10, 300)], clock=1, time=2015-05-20 14:34:50.639]
object notification: Prohibition [subject=a10, prohibition=[moveTooFast(a10)], sanction=[reduce(a10, 300)], clock=1, time=2015-05-20 14:34:50.639]
Event sent to object      a10 prohibition([moveTooFast(a10)]], [reduce(a10, 300)])
Time [clock=15, time=2015-05-20 14:37:10.675]
org notification: Time [clock=15, time=2015-05-20 14:37:10.675]
org notified sent time(15).
object notification: Time [clock=15, time=2015-05-20 14:37:10.675]
object notification: Time [clock=15, time=2015-05-20 14:37:10.675]
Event sent to object      a10 clock(15)
Event sent to object      a30 clock(15)
object notification: Time [clock=15, time=2015-05-20 14:37:10.675]
Event sent to object      a40 clock(15)
Prohibition [subject=a30, prohibition=[moveTooFast(a30)], sanction=[reduce(a30, 300)], clock=1, time=2015-05-20 14:34:50.645]
object notification: Prohibition [subject=a30, prohibition=[moveTooFast(a30)], sanction=[reduce(a30, 300)], clock=1, time=2015-05-20 14:34:50.645]
Event sent to object      a30 prohibition([moveTooFast(a30)]], [reduce(a30, 300)])
Prohibition [subject=a20, prohibition=[moveTooFast(a20)], sanction=[reduce(a20, 300)], clock=1, time=2015-05-20 14:34:50.642]
Time [clock=24, time=2015-05-20 14:38:40.705]
object notification: Time [clock=24, time=2015-05-20 14:38:40.705]
object notification: Time [clock=24, time=2015-05-20 14:38:40.705]
object notification: Time [clock=24, time=2015-05-20 14:38:40.705]
Event sent to object      a40 clock(24)
Event sent to object      a10 clock(24)
Event sent to object      a30 clock(24)
org notification: Time [clock=24, time=2015-05-20 14:38:40.705]
org notified sent time(24).
Prohibition [subject=a40, prohibition=[rejectRequests(a40)], sanction=[reduce(a40, 500)], clock=1, time=2015-05-20 14:34:50.637]
object notification: Prohibition [subject=a40, prohibition=[rejectRequests(a40)], sanction=[reduce(a40, 500)], clock=1, time=2015-05-20 14:34:50.637]
Event sent to object      a40 prohibition([rejectRequests(a40)]], [reduce(a40, 500)])
Time [clock=7, time=2015-05-20 14:35:50.647]
object notification: Time [clock=7, time=2015-05-20 14:35:50.647]
object notification: Time [clock=7, time=2015-05-20 14:35:50.647]
Event sent to object      a40 clock(7)
Event sent to object      a10 clock(7)
object notification: Time [clock=7, time=2015-05-20 14:35:50.647]
Event sent to object      a30 clock(7)
org notification: Time [clock=7, time=2015-05-20 14:35:50.647]
org notified sent time(7).
Time [clock=26, time=2015-05-20 14:39:00.711]
object notification: Time [clock=26, time=2015-05-20 14:39:00.711]
Event sent to object      a10 clock(26)
object notification: Time [clock=26, time=2015-05-20 14:39:00.711]
Event sent to object      a40 clock(26)
object notification: Time [clock=26, time=2015-05-20 14:39:00.711]
Event sent to object      a30 clock(26)
org notification: Time [clock=26, time=2015-05-20 14:39:00.711]
org notified sent time(26).
Prohibition [subject=a30, prohibition=[rejectRequests(a30)], sanction=[reduce(a30, 500)], clock=1, time=2015-05-20 14:34:50.635]
object notification: Prohibition [subject=a30, prohibition=[rejectRequests(a30)], sanction=[reduce(a30, 500)], clock=1, time=2015-05-20 14:34:50.635]
Event sent to object      a30 prohibition([rejectRequests(a30)]], [reduce(a30, 500)])
Time [clock=16, time=2015-05-20 14:37:20.678]
object notification: Time [clock=16, time=2015-05-20 14:37:20.678]
object notification: Time [clock=16, time=2015-05-20 14:37:20.678]
object notification: Time [clock=16, time=2015-05-20 14:37:20.678]
Event sent to object      a30 clock(16)
Event sent to object      a40 clock(16)
Event sent to object      a10 clock(16)
org notification: Time [clock=16, time=2015-05-20 14:37:20.678]
org notified sent time(16).
Prohibition [subject=a10, prohibition=[rejectRequests(a10)], sanction=[reduce(a10, 500)], clock=1, time=2015-05-20 14:34:50.631]
object notification: Prohibition [subject=a10, prohibition=[rejectRequests(a10)], sanction=[reduce(a10, 500)], clock=1, time=2015-05-20 14:34:50.631]
Event sent to object      a10 prohibition([rejectRequests(a10)]], [reduce(a10, 500)])
Prohibition [subject=a40, prohibition=[moveTooFast(a40)], sanction=[reduce(a40, 300)], clock=1, time=2015-05-20 14:34:50.649]
object notification: Prohibition [subject=a40, prohibition=[moveTooFast(a40)], sanction=[reduce(a40, 300)], clock=1, time=2015-05-20 14:34:50.649]
Event sent to object      a40 prohibition([moveTooFast(a40)]], [reduce(a40, 300)])
Time [clock=21, time=2015-05-20 14:38:10.694]
object notification: Time [clock=21, time=2015-05-20 14:38:10.694]
Event sent to object      a30 clock(21)
object notification: Time [clock=21, time=2015-05-20 14:38:10.694]
object notification: Time [clock=21, time=2015-05-20 14:38:10.694]
Event sent to object      a40 clock(21)
Event sent to object      a10 clock(21)
org notification: Time [clock=21, time=2015-05-20 14:38:10.694]
org notified sent time(21).
Prohibition [subject=a20, prohibition=[rejectRequests(a20)], sanction=[reduce(a20, 500)], clock=1, time=2015-05-20 14:34:50.633]
Time [clock=23, time=2015-05-20 14:38:30.701]
org notification: Time [clock=23, time=2015-05-20 14:38:30.701]
org notified sent time(23).
object notification: Time [clock=23, time=2015-05-20 14:38:30.701]
Event sent to object      a40 clock(23)
object notification: Time [clock=23, time=2015-05-20 14:38:30.701]
Event sent to object      a10 clock(23)
object notification: Time [clock=23, time=2015-05-20 14:38:30.701]
Event sent to object      a30 clock(23)
Time [clock=22, time=2015-05-20 14:38:20.698]
org notification: Time [clock=22, time=2015-05-20 14:38:20.698]
org notified sent time(22).
object notification: Time [clock=22, time=2015-05-20 14:38:20.698]
Event sent to object      a30 clock(22)
object notification: Time [clock=22, time=2015-05-20 14:38:20.698]
object notification: Time [clock=22, time=2015-05-20 14:38:20.698]
Event sent to object      a40 clock(22)
Event sent to object      a10 clock(22)
Time [clock=18, time=2015-05-20 14:37:40.684]
org notification: Time [clock=18, time=2015-05-20 14:37:40.684]
org notified sent time(18).
object notification: Time [clock=18, time=2015-05-20 14:37:40.684]
Event sent to object      a40 clock(18)
object notification: Time [clock=18, time=2015-05-20 14:37:40.684]
Event sent to object      a10 clock(18)
object notification: Time [clock=18, time=2015-05-20 14:37:40.684]
Event sent to object      a30 clock(18)
Time [clock=19, time=2015-05-20 14:37:50.688]
object notification: Time [clock=19, time=2015-05-20 14:37:50.688]
Event sent to object      a30 clock(19)
org notification: Time [clock=19, time=2015-05-20 14:37:50.688]
org notified sent time(19).
object notification: Time [clock=19, time=2015-05-20 14:37:50.688]
Event sent to object      a40 clock(19)
object notification: Time [clock=19, time=2015-05-20 14:37:50.688]
Event sent to object      a10 clock(19)
Time [clock=12, time=2015-05-20 14:36:40.666]
object notification: Time [clock=12, time=2015-05-20 14:36:40.666]
Event sent to object      a30 clock(12)
org notification: Time [clock=12, time=2015-05-20 14:36:40.666]
org notified sent time(12).
object notification: Time [clock=12, time=2015-05-20 14:36:40.666]
Event sent to object      a40 clock(12)
Time [clock=13, time=2015-05-20 14:36:50.668]
object notification: Time [clock=12, time=2015-05-20 14:36:40.666]
Event sent to object      a10 clock(12)
object notification: Time [clock=13, time=2015-05-20 14:36:50.668]
object notification: Time [clock=13, time=2015-05-20 14:36:50.668]
Event sent to object      a40 clock(13)
Event sent to object      a10 clock(13)
object notification: Time [clock=13, time=2015-05-20 14:36:50.668]
org notification: Time [clock=13, time=2015-05-20 14:36:50.668]
org notified sent time(13).
Event sent to object      a30 clock(13)
Time [clock=9, time=2015-05-20 14:36:10.655]
object notification: Time [clock=9, time=2015-05-20 14:36:10.655]
Event sent to object      a10 clock(9)
object notification: Time [clock=9, time=2015-05-20 14:36:10.655]
Event sent to object      a40 clock(9)
org notification: Time [clock=9, time=2015-05-20 14:36:10.655]
org notified sent time(9).
object notification: Time [clock=9, time=2015-05-20 14:36:10.655]
Event sent to object      a30 clock(9)
Time [clock=17, time=2015-05-20 14:37:30.681]
object notification: Time [clock=17, time=2015-05-20 14:37:30.681]
Event sent to object      a10 clock(17)
org notification: Time [clock=17, time=2015-05-20 14:37:30.681]
org notified sent time(17).
object notification: Time [clock=17, time=2015-05-20 14:37:30.681]
Event sent to object      a40 clock(17)
object notification: Time [clock=17, time=2015-05-20 14:37:30.681]
Event sent to object      a30 clock(17)
Time [clock=4, time=2015-05-20 14:35:20.638]
object notification: Time [clock=4, time=2015-05-20 14:35:20.638]
Event sent to object      a30 clock(4)
org notification: Time [clock=4, time=2015-05-20 14:35:20.638]
org notified sent time(4).
object notification: Time [clock=4, time=2015-05-20 14:35:20.638]
Event sent to object      a40 clock(4)
object notification: Time [clock=4, time=2015-05-20 14:35:20.638]
Event sent to object      a10 clock(4)
Time [clock=14, time=2015-05-20 14:37:00.672]
object notification: Time [clock=14, time=2015-05-20 14:37:00.672]
Event sent to object      a30 clock(14)
object notification: Time [clock=14, time=2015-05-20 14:37:00.672]
org notification: Time [clock=14, time=2015-05-20 14:37:00.672]
org notified sent time(14).
Event sent to object      a40 clock(14)
Time [clock=11, time=2015-05-20 14:36:30.662]
object notification: Time [clock=14, time=2015-05-20 14:37:00.672]
Event sent to object      a10 clock(14)
object notification: Time [clock=11, time=2015-05-20 14:36:30.662]
Event sent to object      a10 clock(11)
org notification: Time [clock=11, time=2015-05-20 14:36:30.662]
org notified sent time(11).
Time [clock=1, time=2015-05-20 14:34:50.612]
object notification: Time [clock=11, time=2015-05-20 14:36:30.662]
Event sent to object      a40 clock(11)
object notification: Time [clock=11, time=2015-05-20 14:36:30.662]
Event sent to object      a30 clock(11)
object notification: Time [clock=1, time=2015-05-20 14:34:50.612]
Event sent to object      a10 clock(1)
object notification: Time [clock=1, time=2015-05-20 14:34:50.612]
Event sent to object      a40 clock(1)
org notification: Time [clock=1, time=2015-05-20 14:34:50.612]
org notified sent time(1).
object notification: Time [clock=1, time=2015-05-20 14:34:50.612]
Event sent to object      a30 clock(1)
Time [clock=20, time=2015-05-20 14:38:00.691]
object notification: Time [clock=20, time=2015-05-20 14:38:00.691]
Event sent to object      a10 clock(20)
org notification: Time [clock=20, time=2015-05-20 14:38:00.691]
org notified sent time(20).
object notification: Time [clock=20, time=2015-05-20 14:38:00.691]
Event sent to object      a40 clock(20)
object notification: Time [clock=20, time=2015-05-20 14:38:00.691]
Event sent to object      a30 clock(20)
Time [clock=6, time=2015-05-20 14:35:40.645]
object notification: Time [clock=6, time=2015-05-20 14:35:40.645]
Event sent to object      a30 clock(6)
object notification: Time [clock=6, time=2015-05-20 14:35:40.645]
org notification: Time [clock=6, time=2015-05-20 14:35:40.645]
org notified sent time(6).
Event sent to object      a40 clock(6)
object notification: Time [clock=6, time=2015-05-20 14:35:40.645]
Event sent to object      a10 clock(6)
Time [clock=8, time=2015-05-20 14:36:00.649]
object notification: Time [clock=8, time=2015-05-20 14:36:00.649]
Event sent to object      a30 clock(8)
object notification: Time [clock=8, time=2015-05-20 14:36:00.649]
org notification: Time [clock=8, time=2015-05-20 14:36:00.649]
org notified sent time(8).
Event sent to object      a40 clock(8)
object notification: Time [clock=8, time=2015-05-20 14:36:00.649]
Event sent to object      a10 clock(8)
Time [clock=3, time=2015-05-20 14:35:10.635]
object notification: Time [clock=3, time=2015-05-20 14:35:10.635]
Event sent to object      a30 clock(3)
org notification: Time [clock=3, time=2015-05-20 14:35:10.635]
org notified sent time(3).
Time [clock=2, time=2015-05-20 14:35:00.631]
object notification: Time [clock=3, time=2015-05-20 14:35:10.635]
Event sent to object      a40 clock(3)
object notification: Time [clock=3, time=2015-05-20 14:35:10.635]
Event sent to object      a10 clock(3)
org notification: Time [clock=2, time=2015-05-20 14:35:00.631]
org notified sent time(2).
object notification: Time [clock=2, time=2015-05-20 14:35:00.631]
Event sent to object      a10 clock(2)
object notification: Time [clock=2, time=2015-05-20 14:35:00.631]
Event sent to object      a40 clock(2)
object notification: Time [clock=2, time=2015-05-20 14:35:00.631]
Event sent to object      a30 clock(2)
Time [clock=25, time=2015-05-20 14:38:50.708]
object notification: Time [clock=25, time=2015-05-20 14:38:50.708]
Event sent to object      a10 clock(25)
org notification: Time [clock=25, time=2015-05-20 14:38:50.708]
org notified sent time(25).
object notification: Time [clock=25, time=2015-05-20 14:38:50.708]
Event sent to object      a40 clock(25)
object notification: Time [clock=25, time=2015-05-20 14:38:50.708]
Event sent to object      a30 clock(25)
Time [clock=10, time=2015-05-20 14:36:20.658]
object notification: Time [clock=10, time=2015-05-20 14:36:20.658]
Event sent to object      a30 clock(10)
org notification: Time [clock=10, time=2015-05-20 14:36:20.658]
org notified sent time(10).
object notification: Time [clock=10, time=2015-05-20 14:36:20.658]
Event sent to object      a40 clock(10)
object notification: Time [clock=10, time=2015-05-20 14:36:20.658]
Event sent to object      a10 clock(10)
Time [clock=5, time=2015-05-20 14:35:30.641]
org notification: Time [clock=5, time=2015-05-20 14:35:30.641]
org notified sent time(5).
object notification: Time [clock=5, time=2015-05-20 14:35:30.641]
Event sent to object      a10 clock(5)
object notification: Time [clock=5, time=2015-05-20 14:35:30.641]
object notification: Time [clock=5, time=2015-05-20 14:35:30.641]
Event sent to object      a30 clock(5)
Event sent to object      a40 clock(5)
-------------------------last log tuples end----------------------------------
[CTAH] started agent 10
[CTAH] Added a new agent to the game by the name of 10.
[ENV] added agent a10
[CTAH] started agent 30
[CTAH] Added a new agent to the game by the name of 30.
[ENV] added agent a30
[CTAH] started agent 40
[CTAH] Added a new agent to the game by the name of 40.
[ENV] added agent a40
object notification: Time [clock=27, time=2015-05-20 14:39:10.715]
Event sent to object      a10 clock(27)
object notification: Time [clock=27, time=2015-05-20 14:39:10.715]
Event sent to object      a30 clock(27)
org notification: Time [clock=27, time=2015-05-20 14:39:10.715]
org notified sent time(27).
object notification: Time [clock=27, time=2015-05-20 14:39:10.715]
Event sent to object      a40 clock(27)
object notification: Time [clock=27, time=2015-05-20 14:39:10.715]
org notification: Time [clock=27, time=2015-05-20 14:39:10.715]
org notified sent time(27).
Event sent to object      a30 clock(27)
Organization notifies object (write): Prohibition [subject=a10, prohibition=[rejectRequests(a10)], sanction=[reduce(a10, 500)], clock=0, time=2015-05-20 14:39:10.727]
object notification: Time [clock=27, time=2015-05-20 14:39:10.715]
object notification: Time [clock=27, time=2015-05-20 14:39:10.715]
Event sent to object      a10 clock(27)
Organization notifies object (write): Prohibition [subject=a20, prohibition=[rejectRequests(a20)], sanction=[reduce(a20, 500)], clock=0, time=2015-05-20 14:39:10.73]
object notification: Prohibition [subject=a10, prohibition=[rejectRequests(a10)], sanction=[reduce(a10, 500)], clock=0, time=2015-05-20 14:39:10.727]
Event sent to object      a40 clock(27)
Event sent to object      a10 prohibition([rejectRequests(a10)]], [reduce(a10, 500)])
Organization notifies object (write): Prohibition [subject=a30, prohibition=[rejectRequests(a30)], sanction=[reduce(a30, 500)], clock=0, time=2015-05-20 14:39:10.731]
object notification: Prohibition [subject=a10, prohibition=[rejectRequests(a10)], sanction=[reduce(a10, 500)], clock=0, time=2015-05-20 14:39:10.727]
Event sent to object      a10 prohibition([rejectRequests(a10)]], [reduce(a10, 500)])
Organization notifies object (write): Prohibition [subject=a40, prohibition=[rejectRequests(a40)], sanction=[reduce(a40, 500)], clock=0, time=2015-05-20 14:39:10.733]
object notification: Prohibition [subject=a30, prohibition=[rejectRequests(a30)], sanction=[reduce(a30, 500)], clock=0, time=2015-05-20 14:39:10.731]
Event sent to object      a30 prohibition([rejectRequests(a30)]], [reduce(a30, 500)])
Organization notifies object (write): Prohibition [subject=a10, prohibition=[moveTooFast(a10)], sanction=[reduce(a10, 300)], clock=0, time=2015-05-20 14:39:10.735]
object notification: Prohibition [subject=a40, prohibition=[rejectRequests(a40)], sanction=[reduce(a40, 500)], clock=0, time=2015-05-20 14:39:10.733]
Event sent to object      a40 prohibition([rejectRequests(a40)]], [reduce(a40, 500)])
Organization notifies object (write): Prohibition [subject=a20, prohibition=[moveTooFast(a20)], sanction=[reduce(a20, 300)], clock=0, time=2015-05-20 14:39:10.744]
object notification: Prohibition [subject=a10, prohibition=[moveTooFast(a10)], sanction=[reduce(a10, 300)], clock=0, time=2015-05-20 14:39:10.735]
object notification: Prohibition [subject=a30, prohibition=[rejectRequests(a30)], sanction=[reduce(a30, 500)], clock=0, time=2015-05-20 14:39:10.731]
Event sent to object      a10 prohibition([moveTooFast(a10)]], [reduce(a10, 300)])
object notification: Prohibition [subject=a10, prohibition=[moveTooFast(a10)], sanction=[reduce(a10, 300)], clock=0, time=2015-05-20 14:39:10.735]
Event sent to object      a30 prohibition([rejectRequests(a30)]], [reduce(a30, 500)])
Event sent to object      a10 prohibition([moveTooFast(a10)]], [reduce(a10, 300)])
Organization notifies object (write): Prohibition [subject=a30, prohibition=[moveTooFast(a30)], sanction=[reduce(a30, 300)], clock=0, time=2015-05-20 14:39:10.748]
object notification: Prohibition [subject=a40, prohibition=[rejectRequests(a40)], sanction=[reduce(a40, 500)], clock=0, time=2015-05-20 14:39:10.733]
Event sent to object      a40 prohibition([rejectRequests(a40)]], [reduce(a40, 500)])
Organization notifies object (write): Prohibition [subject=a40, prohibition=[moveTooFast(a40)], sanction=[reduce(a40, 300)], clock=0, time=2015-05-20 14:39:10.751]
object notification: Prohibition [subject=a30, prohibition=[moveTooFast(a30)], sanction=[reduce(a30, 300)], clock=0, time=2015-05-20 14:39:10.748]
object notification: Prohibition [subject=a30, prohibition=[moveTooFast(a30)], sanction=[reduce(a30, 300)], clock=0, time=2015-05-20 14:39:10.748]
Event sent to object      a30 prohibition([moveTooFast(a30)]], [reduce(a30, 300)])
Event sent to object      a30 prohibition([moveTooFast(a30)]], [reduce(a30, 300)])
object notification: Prohibition [subject=a40, prohibition=[moveTooFast(a40)], sanction=[reduce(a40, 300)], clock=0, time=2015-05-20 14:39:10.751]
object notification: Prohibition [subject=a40, prohibition=[moveTooFast(a40)], sanction=[reduce(a40, 300)], clock=0, time=2015-05-20 14:39:10.751]
Event sent to object      a40 prohibition([moveTooFast(a40)]], [reduce(a40, 300)])
Event sent to object      a40 prohibition([moveTooFast(a40)]], [reduce(a40, 300)])
object notification: Time [clock=1, time=2015-05-20 14:39:14.807]
Event sent to object      a10 clock(1)
org notification: Time [clock=1, time=2015-05-20 14:39:14.807]
org notified sent time(1).
object notification: Time [clock=1, time=2015-05-20 14:39:14.807]
object notification: Time [clock=1, time=2015-05-20 14:39:14.807]
Event sent to object      a40 clock(1)
Event sent to object      a10 clock(1)
object notification: Time [clock=1, time=2015-05-20 14:39:14.807]
object notification: Time [clock=1, time=2015-05-20 14:39:14.807]
Event sent to object      a30 clock(1)
Event sent to object      a30 clock(1)
object notification: Time [clock=1, time=2015-05-20 14:39:14.807]
Event sent to object      a40 clock(1)
org notification: Time [clock=1, time=2015-05-20 14:39:14.807]
org notified sent time(1).
Event processed UpdateClock(27)
Event processed adoptProhibition(rejectRequests(a30)], reduce(a30, 500))
Event processed UpdateClock(27)
Event processed adoptProhibition(moveTooFast(a30)], reduce(a30, 300))
Event processed adoptProhibition(rejectRequests(a10)], reduce(a10, 500))
Event processed UpdateClock(1)
Event processed adoptProhibition(moveTooFast(a10)], reduce(a10, 300))
Event processed UpdateClock(27)
Event processed adoptProhibition(rejectRequests(a40)], reduce(a40, 500))
Event processed adoptProhibition(moveTooFast(a40)], reduce(a40, 300))
Event processed UpdateClock(1)
Event processed UpdateClock(1)
object notification: Time [clock=28, time=2015-05-20 14:39:20.718]
org notification: Time [clock=28, time=2015-05-20 14:39:20.718]
org notified sent time(28).
Event sent to object      a10 clock(28)
object notification: Time [clock=28, time=2015-05-20 14:39:20.718]
Event sent to object      a40 clock(28)
object notification: Time [clock=28, time=2015-05-20 14:39:20.718]
Event sent to object      a30 clock(28)
object notification: Time [clock=28, time=2015-05-20 14:39:20.718]
object notification: Time [clock=28, time=2015-05-20 14:39:20.718]
Event sent to object      a10 clock(28)
Event sent to object      a40 clock(28)
org notification: Time [clock=28, time=2015-05-20 14:39:20.718]
org notified sent time(28).
object notification: Time [clock=28, time=2015-05-20 14:39:20.718]
Event sent to object      a30 clock(28)
Event processed UpdateClock(28)
Event processed UpdateClock(28)
Event processed UpdateClock(28)
org notification: Time [clock=2, time=2015-05-20 14:39:24.809]
org notified sent time(2).
org notification: Time [clock=2, time=2015-05-20 14:39:24.809]
org notified sent time(2).
object notification: Time [clock=2, time=2015-05-20 14:39:24.809]
Event sent to object      a40 clock(2)
object notification: Time [clock=2, time=2015-05-20 14:39:24.809]
Event sent to object      a10 clock(2)
object notification: Time [clock=2, time=2015-05-20 14:39:24.809]
Event sent to object      a30 clock(2)
object notification: Time [clock=2, time=2015-05-20 14:39:24.809]
Event sent to object      a30 clock(2)
object notification: Time [clock=2, time=2015-05-20 14:39:24.809]
Event sent to object      a40 clock(2)
Event processed UpdateClock(2)
object notification: Time [clock=2, time=2015-05-20 14:39:24.809]
Event sent to object      a10 clock(2)
Event processed UpdateClock(2)
Event processed UpdateClock(2)
org notification: Time [clock=29, time=2015-05-20 14:39:30.719]
org notified sent time(29).
object notification: Time [clock=29, time=2015-05-20 14:39:30.719]
Event sent to object      a40 clock(29)
object notification: Time [clock=29, time=2015-05-20 14:39:30.719]
Event sent to object      a30 clock(29)
object notification: Time [clock=29, time=2015-05-20 14:39:30.719]
Event sent to object      a10 clock(29)
object notification: Time [clock=29, time=2015-05-20 14:39:30.719]
org notification: Time [clock=29, time=2015-05-20 14:39:30.719]
Event sent to object      a40 clock(29)
object notification: Time [clock=29, time=2015-05-20 14:39:30.719]
object notification: Time [clock=29, time=2015-05-20 14:39:30.719]
Event sent to object      a30 clock(29)
org notified sent time(29).
Event sent to object      a10 clock(29)
Event processed UpdateClock(29)
Event processed UpdateClock(29)
Event processed UpdateClock(29)
object notification: Time [clock=3, time=2015-05-20 14:39:34.811]
org notification: Time [clock=3, time=2015-05-20 14:39:34.811]
org notified sent time(3).
Event sent to object      a10 clock(3)
object notification: Time [clock=3, time=2015-05-20 14:39:34.811]
Event sent to object      a40 clock(3)
object notification: Time [clock=3, time=2015-05-20 14:39:34.811]
Event sent to object      a30 clock(3)
object notification: Time [clock=3, time=2015-05-20 14:39:34.811]
Event sent to object      a10 clock(3)
org notification: Time [clock=3, time=2015-05-20 14:39:34.811]
org notified sent time(3).
object notification: Time [clock=3, time=2015-05-20 14:39:34.811]
object notification: Time [clock=3, time=2015-05-20 14:39:34.811]
Event sent to object      a40 clock(3)
Event sent to object      a30 clock(3)
Event processed UpdateClock(3)
Event processed UpdateClock(3)
Event processed UpdateClock(3)
object notification: Time [clock=30, time=2015-05-20 14:39:40.721]
Event sent to object      a10 clock(30)
object notification: Time [clock=30, time=2015-05-20 14:39:40.721]
object notification: Time [clock=30, time=2015-05-20 14:39:40.721]
object notification: Time [clock=30, time=2015-05-20 14:39:40.721]
Event sent to object      a30 clock(30)
object notification: Time [clock=30, time=2015-05-20 14:39:40.721]
object notification: Time [clock=30, time=2015-05-20 14:39:40.721]
org notification: Time [clock=30, time=2015-05-20 14:39:40.721]
org notified sent time(30).
org notification: Time [clock=30, time=2015-05-20 14:39:40.721]
org notified sent time(30).
Event sent to object      a30 clock(30)
Event sent to object      a40 clock(30)
Event sent to object      a40 clock(30)
Event sent to object      a10 clock(30)
Event processed UpdateClock(30)
Event processed UpdateClock(30)
Event processed UpdateClock(30)
object notification: Time [clock=4, time=2015-05-20 14:39:44.812]
Event sent to object      a30 clock(4)
org notification: Time [clock=4, time=2015-05-20 14:39:44.812]
org notified sent time(4).
object notification: Time [clock=4, time=2015-05-20 14:39:44.812]
object notification: Time [clock=4, time=2015-05-20 14:39:44.812]
Event sent to object      a40 clock(4)
Event sent to object      a40 clock(4)
object notification: Time [clock=4, time=2015-05-20 14:39:44.812]
object notification: Time [clock=4, time=2015-05-20 14:39:44.812]
Event sent to object      a10 clock(4)
Event sent to object      a10 clock(4)
org notification: Time [clock=4, time=2015-05-20 14:39:44.812]
org notified sent time(4).
object notification: Time [clock=4, time=2015-05-20 14:39:44.812]
Event sent to object      a30 clock(4)
Event processed UpdateClock(4)
Event processed UpdateClock(4)
Event processed UpdateClock(4)
object notification: Time [clock=31, time=2015-05-20 14:39:50.723]
object notification: Time [clock=31, time=2015-05-20 14:39:50.723]
Event sent to object      a40 clock(31)
object notification: Time [clock=31, time=2015-05-20 14:39:50.723]
object notification: Time [clock=31, time=2015-05-20 14:39:50.723]
Event sent to object      a30 clock(31)
Event sent to object      a10 clock(31)
org notification: Time [clock=31, time=2015-05-20 14:39:50.723]
object notification: Time [clock=31, time=2015-05-20 14:39:50.723]
Event sent to object      a40 clock(31)
org notification: Time [clock=31, time=2015-05-20 14:39:50.723]
org notified sent time(31).
Event sent to object      a10 clock(31)
org notified sent time(31).
object notification: Time [clock=31, time=2015-05-20 14:39:50.723]
Event sent to object      a30 clock(31)
Event processed UpdateClock(31)
Event processed UpdateClock(31)
Event processed UpdateClock(31)
object notification: Time [clock=5, time=2015-05-20 14:39:54.814]
Event sent to object      a30 clock(5)
object notification: Time [clock=5, time=2015-05-20 14:39:54.814]
org notification: Time [clock=5, time=2015-05-20 14:39:54.814]
org notified sent time(5).
Event sent to object      a40 clock(5)
object notification: Time [clock=5, time=2015-05-20 14:39:54.814]
object notification: Time [clock=5, time=2015-05-20 14:39:54.814]
Event sent to object      a40 clock(5)
org notification: Time [clock=5, time=2015-05-20 14:39:54.814]
org notified sent time(5).
object notification: Time [clock=5, time=2015-05-20 14:39:54.814]
Event sent to object      a30 clock(5)
Event sent to object      a10 clock(5)
object notification: Time [clock=5, time=2015-05-20 14:39:54.814]
Event sent to object      a10 clock(5)
Event processed UpdateClock(5)
Event processed UpdateClock(5)
Event processed UpdateClock(5)
object notification: Time [clock=32, time=2015-05-20 14:40:00.725]
Event sent to object      a30 clock(32)
org notification: Time [clock=32, time=2015-05-20 14:40:00.725]
org notified sent time(32).
object notification: Time [clock=32, time=2015-05-20 14:40:00.725]
object notification: Time [clock=32, time=2015-05-20 14:40:00.725]
Event sent to object      a10 clock(32)
Event sent to object      a10 clock(32)
object notification: Time [clock=32, time=2015-05-20 14:40:00.725]
Event sent to object      a40 clock(32)
org notification: Time [clock=32, time=2015-05-20 14:40:00.725]
org notified sent time(32).
object notification: Time [clock=32, time=2015-05-20 14:40:00.725]
Event sent to object      a40 clock(32)
object notification: Time [clock=32, time=2015-05-20 14:40:00.725]
Event sent to object      a30 clock(32)
Event processed UpdateClock(32)
Event processed UpdateClock(32)
Event processed UpdateClock(32)
object notification: Time [clock=6, time=2015-05-20 14:40:04.822]
Event sent to object      a30 clock(6)
object notification: Time [clock=6, time=2015-05-20 14:40:04.822]
Event sent to object      a10 clock(6)
org notification: Time [clock=6, time=2015-05-20 14:40:04.822]
org notified sent time(6).
object notification: Time [clock=6, time=2015-05-20 14:40:04.822]
object notification: Time [clock=6, time=2015-05-20 14:40:04.822]
org notification: Time [clock=6, time=2015-05-20 14:40:04.822]
org notified sent time(6).
object notification: Time [clock=6, time=2015-05-20 14:40:04.822]
Event sent to object      a30 clock(6)
Event sent to object      a40 clock(6)
Event sent to object      a40 clock(6)
object notification: Time [clock=6, time=2015-05-20 14:40:04.822]
Event sent to object      a10 clock(6)
Event processed UpdateClock(6)
Event processed UpdateClock(6)
Event processed UpdateClock(6)
object notification: Time [clock=33, time=2015-05-20 14:40:10.728]
Event sent to object      a30 clock(33)
object notification: Time [clock=33, time=2015-05-20 14:40:10.728]
object notification: Time [clock=33, time=2015-05-20 14:40:10.728]
object notification: Time [clock=33, time=2015-05-20 14:40:10.728]
Event sent to object      a10 clock(33)
Event sent to object      a40 clock(33)
object notification: Time [clock=33, time=2015-05-20 14:40:10.728]
object notification: Time [clock=33, time=2015-05-20 14:40:10.728]
Event sent to object      a10 clock(33)
Event sent to object      a40 clock(33)
Event sent to object      a30 clock(33)
org notification: Time [clock=33, time=2015-05-20 14:40:10.728]
org notified sent time(33).
org notification: Time [clock=33, time=2015-05-20 14:40:10.728]
org notified sent time(33).
Event processed UpdateClock(33)
Event processed UpdateClock(33)
Event processed UpdateClock(33)
object notification: Time [clock=7, time=2015-05-20 14:40:14.823]
Event sent to object      a30 clock(7)
object notification: Time [clock=7, time=2015-05-20 14:40:14.823]
object notification: Time [clock=7, time=2015-05-20 14:40:14.823]
object notification: Time [clock=7, time=2015-05-20 14:40:14.823]
org notification: Time [clock=7, time=2015-05-20 14:40:14.823]
object notification: Time [clock=7, time=2015-05-20 14:40:14.823]
org notification: Time [clock=7, time=2015-05-20 14:40:14.823]
org notified sent time(7).
Event sent to object      a30 clock(7)
Event sent to object      a10 clock(7)
Event sent to object      a40 clock(7)
object notification: Time [clock=7, time=2015-05-20 14:40:14.823]
Event sent to object      a40 clock(7)
org notified sent time(7).
Event sent to object      a10 clock(7)
Event processed UpdateClock(7)
Event processed UpdateClock(7)
Event processed UpdateClock(7)
object notification: Time [clock=34, time=2015-05-20 14:40:20.73]
Event sent to object      a10 clock(34)
object notification: Time [clock=34, time=2015-05-20 14:40:20.73]
object notification: Time [clock=34, time=2015-05-20 14:40:20.73]
org notification: Time [clock=34, time=2015-05-20 14:40:20.73]
org notified sent time(34).
object notification: Time [clock=34, time=2015-05-20 14:40:20.73]
Event sent to object      a30 clock(34)
Event sent to object      a30 clock(34)
object notification: Time [clock=34, time=2015-05-20 14:40:20.73]
object notification: Time [clock=34, time=2015-05-20 14:40:20.73]
Event sent to object      a40 clock(34)
Event sent to object      a40 clock(34)
org notification: Time [clock=34, time=2015-05-20 14:40:20.73]
org notified sent time(34).
Event sent to object      a10 clock(34)
Event processed UpdateClock(34)
Event processed UpdateClock(34)
Event processed UpdateClock(34)
object notification: Time [clock=8, time=2015-05-20 14:40:24.825]
object notification: Time [clock=8, time=2015-05-20 14:40:24.825]
object notification: Time [clock=8, time=2015-05-20 14:40:24.825]
Event sent to object      a30 clock(8)
Event sent to object      a30 clock(8)
object notification: Time [clock=8, time=2015-05-20 14:40:24.825]
org notification: Time [clock=8, time=2015-05-20 14:40:24.825]
org notified sent time(8).
object notification: Time [clock=8, time=2015-05-20 14:40:24.825]
Event sent to object      a40 clock(8)
org notification: Time [clock=8, time=2015-05-20 14:40:24.825]
org notified sent time(8).
Event sent to object      a10 clock(8)
Event sent to object      a10 clock(8)
object notification: Time [clock=8, time=2015-05-20 14:40:24.825]
Event sent to object      a40 clock(8)
Event processed UpdateClock(8)
Event processed UpdateClock(8)
Event processed UpdateClock(8)
object notification: Time [clock=35, time=2015-05-20 14:40:30.732]
Event sent to object      a10 clock(35)
object notification: Time [clock=35, time=2015-05-20 14:40:30.732]
object notification: Time [clock=35, time=2015-05-20 14:40:30.732]
Event sent to object      a30 clock(35)
Event sent to object      a30 clock(35)
object notification: Time [clock=35, time=2015-05-20 14:40:30.732]
object notification: Time [clock=35, time=2015-05-20 14:40:30.732]
Event sent to object      a40 clock(35)
org notification: Time [clock=35, time=2015-05-20 14:40:30.732]
Event sent to object      a40 clock(35)
object notification: Time [clock=35, time=2015-05-20 14:40:30.732]
org notification: Time [clock=35, time=2015-05-20 14:40:30.732]
Event sent to object      a10 clock(35)
org notified sent time(35).
org notified sent time(35).
Event processed UpdateClock(35)
Event processed UpdateClock(35)
Event processed UpdateClock(35)
object notification: Time [clock=9, time=2015-05-20 14:40:34.827]
object notification: Time [clock=9, time=2015-05-20 14:40:34.827]
Event sent to object      a30 clock(9)
org notification: Time [clock=9, time=2015-05-20 14:40:34.827]
org notified sent time(9).
object notification: Time [clock=9, time=2015-05-20 14:40:34.827]
object notification: Time [clock=9, time=2015-05-20 14:40:34.827]
Event sent to object      a40 clock(9)
Event sent to object      a10 clock(9)
object notification: Time [clock=9, time=2015-05-20 14:40:34.827]
org notification: Time [clock=9, time=2015-05-20 14:40:34.827]
Event sent to object      a30 clock(9)
Event sent to object      a10 clock(9)
org notified sent time(9).
object notification: Time [clock=9, time=2015-05-20 14:40:34.827]
Event sent to object      a40 clock(9)
Event processed UpdateClock(9)
Event processed UpdateClock(9)
Event processed UpdateClock(9)
object notification: Time [clock=36, time=2015-05-20 14:40:40.733]
Event sent to object      a30 clock(36)
object notification: Time [clock=36, time=2015-05-20 14:40:40.733]
Event sent to object      a10 clock(36)
org notification: Time [clock=36, time=2015-05-20 14:40:40.733]
org notified sent time(36).
object notification: Time [clock=36, time=2015-05-20 14:40:40.733]
org notification: Time [clock=36, time=2015-05-20 14:40:40.733]
org notified sent time(36).
Event sent to object      a40 clock(36)
object notification: Time [clock=36, time=2015-05-20 14:40:40.733]
object notification: Time [clock=36, time=2015-05-20 14:40:40.733]
object notification: Time [clock=36, time=2015-05-20 14:40:40.733]
Event sent to object      a30 clock(36)
Event sent to object      a10 clock(36)
Event sent to object      a40 clock(36)
Event processed UpdateClock(36)
Event processed UpdateClock(36)
Event processed UpdateClock(36)
object notification: Time [clock=10, time=2015-05-20 14:40:44.828]
Event sent to object      a30 clock(10)
object notification: Time [clock=10, time=2015-05-20 14:40:44.828]
org notification: Time [clock=10, time=2015-05-20 14:40:44.828]
org notified sent time(10).
object notification: Time [clock=10, time=2015-05-20 14:40:44.828]
Event sent to object      a10 clock(10)
org notification: Time [clock=10, time=2015-05-20 14:40:44.828]
org notified sent time(10).
object notification: Time [clock=10, time=2015-05-20 14:40:44.828]
Event sent to object      a30 clock(10)
Event sent to object      a10 clock(10)
object notification: Time [clock=10, time=2015-05-20 14:40:44.828]
Event sent to object      a40 clock(10)
object notification: Time [clock=10, time=2015-05-20 14:40:44.828]
Event sent to object      a40 clock(10)
Event processed UpdateClock(10)
Event processed UpdateClock(10)
Event processed UpdateClock(10)
object notification: Time [clock=37, time=2015-05-20 14:40:50.735]
Event sent to object      a30 clock(37)
object notification: Time [clock=37, time=2015-05-20 14:40:50.735]
object notification: Time [clock=37, time=2015-05-20 14:40:50.735]
Event sent to object      a10 clock(37)
Event sent to object      a10 clock(37)
org notification: Time [clock=37, time=2015-05-20 14:40:50.735]
org notified sent time(37).
object notification: Time [clock=37, time=2015-05-20 14:40:50.735]
org notification: Time [clock=37, time=2015-05-20 14:40:50.735]
org notified sent time(37).
object notification: Time [clock=37, time=2015-05-20 14:40:50.735]
Event sent to object      a40 clock(37)
object notification: Time [clock=37, time=2015-05-20 14:40:50.735]
Event sent to object      a30 clock(37)
Event sent to object      a40 clock(37)
Event processed UpdateClock(37)
Event processed UpdateClock(37)
Event processed UpdateClock(37)
object notification: Time [clock=11, time=2015-05-20 14:40:54.83]
object notification: Time [clock=11, time=2015-05-20 14:40:54.83]
org notification: Time [clock=11, time=2015-05-20 14:40:54.83]
org notified sent time(11).
object notification: Time [clock=11, time=2015-05-20 14:40:54.83]
Event sent to object      a10 clock(11)
org notification: Time [clock=11, time=2015-05-20 14:40:54.83]
object notification: Time [clock=11, time=2015-05-20 14:40:54.83]
Event sent to object      a40 clock(11)
Event sent to object      a10 clock(11)
object notification: Time [clock=11, time=2015-05-20 14:40:54.83]
Event sent to object      a40 clock(11)
Event sent to object      a30 clock(11)
org notified sent time(11).
object notification: Time [clock=11, time=2015-05-20 14:40:54.83]
Event sent to object      a30 clock(11)
Event processed UpdateClock(11)
Event processed UpdateClock(11)
Event processed UpdateClock(11)
object notification: Time [clock=38, time=2015-05-20 14:41:00.736]
org notification: Time [clock=38, time=2015-05-20 14:41:00.736]
Event sent to object      a10 clock(38)
object notification: Time [clock=38, time=2015-05-20 14:41:00.736]
Event sent to object      a40 clock(38)
object notification: Time [clock=38, time=2015-05-20 14:41:00.736]
org notification: Time [clock=38, time=2015-05-20 14:41:00.736]
Event sent to object      a40 clock(38)
object notification: Time [clock=38, time=2015-05-20 14:41:00.736]
org notified sent time(38).
object notification: Time [clock=38, time=2015-05-20 14:41:00.736]
org notified sent time(38).
Event sent to object      a30 clock(38)
object notification: Time [clock=38, time=2015-05-20 14:41:00.736]
Event sent to object      a10 clock(38)
Event sent to object      a30 clock(38)
Event processed UpdateClock(38)
Event processed UpdateClock(38)
Event processed UpdateClock(38)
object notification: Time [clock=12, time=2015-05-20 14:41:04.832]
object notification: Time [clock=12, time=2015-05-20 14:41:04.832]
Event sent to object      a10 clock(12)
Event sent to object      a30 clock(12)
object notification: Time [clock=12, time=2015-05-20 14:41:04.832]
object notification: Time [clock=12, time=2015-05-20 14:41:04.832]
org notification: Time [clock=12, time=2015-05-20 14:41:04.832]
Event sent to object      a40 clock(12)
org notification: Time [clock=12, time=2015-05-20 14:41:04.832]
org notified sent time(12).
object notification: Time [clock=12, time=2015-05-20 14:41:04.832]
object notification: Time [clock=12, time=2015-05-20 14:41:04.832]
Event sent to object      a40 clock(12)
Event sent to object      a10 clock(12)
org notified sent time(12).
Event sent to object      a30 clock(12)
Event processed UpdateClock(12)
Event processed UpdateClock(12)
Event processed UpdateClock(12)
object notification: Time [clock=39, time=2015-05-20 14:41:10.738]
Event sent to object      a30 clock(39)
object notification: Time [clock=39, time=2015-05-20 14:41:10.738]
org notification: Time [clock=39, time=2015-05-20 14:41:10.738]
org notified sent time(39).
object notification: Time [clock=39, time=2015-05-20 14:41:10.738]
Event sent to object      a30 clock(39)
object notification: Time [clock=39, time=2015-05-20 14:41:10.738]
Event sent to object      a40 clock(39)
object notification: Time [clock=39, time=2015-05-20 14:41:10.738]
Event sent to object      a10 clock(39)
Event sent to object      a10 clock(39)
object notification: Time [clock=39, time=2015-05-20 14:41:10.738]
org notification: Time [clock=39, time=2015-05-20 14:41:10.738]
org notified sent time(39).
Event sent to object      a40 clock(39)
Event processed UpdateClock(39)
Event processed UpdateClock(39)
Event processed UpdateClock(39)
object notification: Time [clock=13, time=2015-05-20 14:41:14.834]
Event sent to object      a30 clock(13)
object notification: Time [clock=13, time=2015-05-20 14:41:14.834]
org notification: Time [clock=13, time=2015-05-20 14:41:14.834]
Event sent to object      a10 clock(13)
object notification: Time [clock=13, time=2015-05-20 14:41:14.834]
object notification: Time [clock=13, time=2015-05-20 14:41:14.834]
object notification: Time [clock=13, time=2015-05-20 14:41:14.834]
Event sent to object      a40 clock(13)
Event sent to object      a10 clock(13)
org notification: Time [clock=13, time=2015-05-20 14:41:14.834]
Event sent to object      a40 clock(13)
object notification: Time [clock=13, time=2015-05-20 14:41:14.834]
org notified sent time(13).
org notified sent time(13).
Event sent to object      a30 clock(13)
Event processed UpdateClock(13)
Event processed UpdateClock(13)
Event processed UpdateClock(13)
object notification: Time [clock=40, time=2015-05-20 14:41:20.739]
object notification: Time [clock=40, time=2015-05-20 14:41:20.739]
Event sent to object      a10 clock(40)
object notification: Time [clock=40, time=2015-05-20 14:41:20.739]
org notification: Time [clock=40, time=2015-05-20 14:41:20.739]
org notified sent time(40).
object notification: Time [clock=40, time=2015-05-20 14:41:20.739]
Event sent to object      a30 clock(40)
object notification: Time [clock=40, time=2015-05-20 14:41:20.739]
Event sent to object      a40 clock(40)
org notification: Time [clock=40, time=2015-05-20 14:41:20.739]
org notified sent time(40).
object notification: Time [clock=40, time=2015-05-20 14:41:20.739]
Event sent to object      a40 clock(40)
Event sent to object      a30 clock(40)
Event sent to object      a10 clock(40)
Event processed UpdateClock(40)
Event processed UpdateClock(40)
Event processed UpdateClock(40)
