2015-07-01 12:08:51,732 CONFIG [com.gigaspaces.logger] - Log file: /Users/dxd/gigaspaces-xap-premium-9.5.1-ga/logs/2015-07-01~12.08-gigaspaces-service-192.168.0.40-16400.log
-------------------------last log tuples start--------------------------------
-------------------------last log tuples end----------------------------------
[CTAH] started agent 10
[CTAH] Added a new agent to the game by the name of 10.
[ENV] added agent a10
[CTAH] started agent 30
[CTAH] Added a new agent to the game by the name of 30.
[ENV] added agent a30
[CTAH] started agent 40
[CTAH] Added a new agent to the game by the name of 40.
[ENV] added agent a40
#########################Game started
#########################Game started
#########################Game started
setPhases in ClientGameStatus, the current phase is 
setPhases in ClientGameStatus, the current phase is 
setPhases in ClientGameStatus, the current phase is 
setPhases in ClientGameStatus, the current phase is Setup Phase
setPhases in ClientGameStatus, the current phase is Setup Phase
setPhases in ClientGameStatus, the current phase is Setup Phase
org notification: Tile [id=null, cell=Cell [x=0, y=0], subject=brown, time=2015-07-01 12:09:20.277, clock=0]
object notification: Tile [id=null, cell=Cell [x=0, y=0], subject=brown, time=2015-07-01 12:09:20.277, clock=0]
object notification: Tile [id=null, cell=Cell [x=0, y=0], subject=brown, time=2015-07-01 12:09:20.277, clock=0]
object notification: Tile [id=null, cell=Cell [x=0, y=0], subject=brown, time=2015-07-01 12:09:20.277, clock=0]
object notification: Tile [id=null, cell=Cell [x=0, y=1], subject=brown, time=2015-07-01 12:09:20.818, clock=0]
object notification: Tile [id=null, cell=Cell [x=0, y=1], subject=brown, time=2015-07-01 12:09:20.818, clock=0]
org notification: Tile [id=null, cell=Cell [x=0, y=1], subject=brown, time=2015-07-01 12:09:20.818, clock=0]
object notification: Tile [id=null, cell=Cell [x=0, y=1], subject=brown, time=2015-07-01 12:09:20.818, clock=0]
object notification: Tile [id=null, cell=Cell [x=0, y=2], subject=white, time=2015-07-01 12:09:20.82, clock=0]
object notification: Tile [id=null, cell=Cell [x=0, y=2], subject=white, time=2015-07-01 12:09:20.82, clock=0]
object notification: Tile [id=null, cell=Cell [x=0, y=2], subject=white, time=2015-07-01 12:09:20.82, clock=0]
org notification: Tile [id=null, cell=Cell [x=0, y=2], subject=white, time=2015-07-01 12:09:20.82, clock=0]
object notification: Tile [id=null, cell=Cell [x=0, y=3], subject=yellow, time=2015-07-01 12:09:20.823, clock=0]
object notification: Tile [id=null, cell=Cell [x=0, y=3], subject=yellow, time=2015-07-01 12:09:20.823, clock=0]
object notification: Tile [id=null, cell=Cell [x=0, y=3], subject=yellow, time=2015-07-01 12:09:20.823, clock=0]
object notification: Tile [id=null, cell=Cell [x=0, y=4], subject=brown, time=2015-07-01 12:09:20.825, clock=0]
org notification: Tile [id=null, cell=Cell [x=0, y=3], subject=yellow, time=2015-07-01 12:09:20.823, clock=0]
object notification: Tile [id=null, cell=Cell [x=0, y=4], subject=brown, time=2015-07-01 12:09:20.825, clock=0]
object notification: Tile [id=null, cell=Cell [x=0, y=4], subject=brown, time=2015-07-01 12:09:20.825, clock=0]
org notification: Tile [id=null, cell=Cell [x=0, y=4], subject=brown, time=2015-07-01 12:09:20.825, clock=0]
object notification: Tile [id=null, cell=Cell [x=0, y=5], subject=blue, time=2015-07-01 12:09:20.829, clock=0]
object notification: Tile [id=null, cell=Cell [x=0, y=5], subject=blue, time=2015-07-01 12:09:20.829, clock=0]
object notification: Tile [id=null, cell=Cell [x=0, y=5], subject=blue, time=2015-07-01 12:09:20.829, clock=0]
org notification: Tile [id=null, cell=Cell [x=0, y=5], subject=blue, time=2015-07-01 12:09:20.829, clock=0]
object notification: Tile [id=null, cell=Cell [x=1, y=0], subject=brown, time=2015-07-01 12:09:20.832, clock=0]
object notification: Tile [id=null, cell=Cell [x=1, y=0], subject=brown, time=2015-07-01 12:09:20.832, clock=0]
object notification: Tile [id=null, cell=Cell [x=1, y=0], subject=brown, time=2015-07-01 12:09:20.832, clock=0]
object notification: Tile [id=null, cell=Cell [x=1, y=1], subject=yellow, time=2015-07-01 12:09:20.836, clock=0]
object notification: Tile [id=null, cell=Cell [x=1, y=1], subject=yellow, time=2015-07-01 12:09:20.836, clock=0]
org notification: Tile [id=null, cell=Cell [x=1, y=0], subject=brown, time=2015-07-01 12:09:20.832, clock=0]
object notification: Tile [id=null, cell=Cell [x=1, y=1], subject=yellow, time=2015-07-01 12:09:20.836, clock=0]
object notification: Tile [id=null, cell=Cell [x=1, y=2], subject=white, time=2015-07-01 12:09:20.84, clock=0]
object notification: Tile [id=null, cell=Cell [x=1, y=2], subject=white, time=2015-07-01 12:09:20.84, clock=0]
object notification: Tile [id=null, cell=Cell [x=1, y=2], subject=white, time=2015-07-01 12:09:20.84, clock=0]
object notification: Tile [id=null, cell=Cell [x=1, y=3], subject=white, time=2015-07-01 12:09:20.843, clock=0]
object notification: Tile [id=null, cell=Cell [x=1, y=3], subject=white, time=2015-07-01 12:09:20.843, clock=0]
object notification: Tile [id=null, cell=Cell [x=1, y=3], subject=white, time=2015-07-01 12:09:20.843, clock=0]
object notification: Tile [id=null, cell=Cell [x=1, y=4], subject=blue, time=2015-07-01 12:09:20.851, clock=0]
object notification: Tile [id=null, cell=Cell [x=1, y=4], subject=blue, time=2015-07-01 12:09:20.851, clock=0]
object notification: Tile [id=null, cell=Cell [x=1, y=4], subject=blue, time=2015-07-01 12:09:20.851, clock=0]
object notification: Tile [id=null, cell=Cell [x=1, y=5], subject=brown, time=2015-07-01 12:09:20.854, clock=0]
object notification: Tile [id=null, cell=Cell [x=1, y=5], subject=brown, time=2015-07-01 12:09:20.854, clock=0]
object notification: Tile [id=null, cell=Cell [x=2, y=0], subject=white, time=2015-07-01 12:09:20.857, clock=0]
object notification: Tile [id=null, cell=Cell [x=2, y=0], subject=white, time=2015-07-01 12:09:20.857, clock=0]
object notification: Tile [id=null, cell=Cell [x=1, y=5], subject=brown, time=2015-07-01 12:09:20.854, clock=0]
object notification: Tile [id=null, cell=Cell [x=2, y=0], subject=white, time=2015-07-01 12:09:20.857, clock=0]
org notification: Tile [id=null, cell=Cell [x=1, y=1], subject=yellow, time=2015-07-01 12:09:20.836, clock=0]
org notification: Tile [id=null, cell=Cell [x=1, y=2], subject=white, time=2015-07-01 12:09:20.84, clock=0]
org notification: Tile [id=null, cell=Cell [x=1, y=3], subject=white, time=2015-07-01 12:09:20.843, clock=0]
org notification: Tile [id=null, cell=Cell [x=1, y=4], subject=blue, time=2015-07-01 12:09:20.851, clock=0]
org notification: Tile [id=null, cell=Cell [x=1, y=5], subject=brown, time=2015-07-01 12:09:20.854, clock=0]
org notification: Tile [id=null, cell=Cell [x=2, y=0], subject=white, time=2015-07-01 12:09:20.857, clock=0]
#########################Game Initialized
#########################Game Initialized
AGENT Thread-11: current phase name: Setup Phase
#########################Game Initialized
AGENT Thread-13: current phase name: Setup Phase
we have 0 goals
AGENT Thread-15: current phase name: Setup Phase
we have 0 goals
we have GoalWeight: 100  DistWeight: -10  ChipWeight: 5  CommWeight: 0 scoring
we have GoalWeight: 100  DistWeight: -10  ChipWeight: 5  CommWeight: 0 scoring
we have 0 goals
we have GoalWeight: 100  DistWeight: -10  ChipWeight: 5  CommWeight: 0 scoring
setPhases in ClientGameStatus, the current phase is Norm Phase
setPhases in ClientGameStatus, the current phase is Norm Phase
setPhases in ClientGameStatus, the current phase is Norm Phase
object notification: Tile [id=null, cell=Cell [x=2, y=1], subject=white, time=2015-07-01 12:09:20.86, clock=0]
org notification: Tile [id=null, cell=Cell [x=2, y=1], subject=white, time=2015-07-01 12:09:20.86, clock=0]
object notification: Tile [id=null, cell=Cell [x=2, y=1], subject=white, time=2015-07-01 12:09:20.86, clock=0]
object notification: Tile [id=null, cell=Cell [x=2, y=2], subject=brown, time=2015-07-01 12:09:20.863, clock=0]
object notification: Tile [id=null, cell=Cell [x=2, y=1], subject=white, time=2015-07-01 12:09:20.86, clock=0]
object notification: Tile [id=null, cell=Cell [x=2, y=2], subject=brown, time=2015-07-01 12:09:20.863, clock=0]
object notification: Tile [id=null, cell=Cell [x=2, y=2], subject=brown, time=2015-07-01 12:09:20.863, clock=0]
org notification: Tile [id=null, cell=Cell [x=2, y=2], subject=brown, time=2015-07-01 12:09:20.863, clock=0]
object notification: Tile [id=null, cell=Cell [x=2, y=3], subject=blue, time=2015-07-01 12:09:20.865, clock=0]
object notification: Tile [id=null, cell=Cell [x=2, y=3], subject=blue, time=2015-07-01 12:09:20.865, clock=0]
object notification: Tile [id=null, cell=Cell [x=2, y=3], subject=blue, time=2015-07-01 12:09:20.865, clock=0]
object notification: Tile [id=null, cell=Cell [x=2, y=4], subject=white, time=2015-07-01 12:09:20.868, clock=0]
object notification: Tile [id=null, cell=Cell [x=2, y=4], subject=white, time=2015-07-01 12:09:20.868, clock=0]
org notification: Tile [id=null, cell=Cell [x=2, y=3], subject=blue, time=2015-07-01 12:09:20.865, clock=0]
object notification: Tile [id=null, cell=Cell [x=2, y=4], subject=white, time=2015-07-01 12:09:20.868, clock=0]
org notification: Position [subject=a10, id=null, cell=Cell [x=0, y=0], time=2015-07-01 12:09:21.036, clock=0]
org notification: Goal [id=null, cell=Cell [x=3, y=3], agent=null, time=2015-07-01 12:09:20.999, clock=0]
object notification: Tile [id=null, cell=Cell [x=2, y=5], subject=brown, time=2015-07-01 12:09:20.87, clock=0]
object notification: Tile [id=null, cell=Cell [x=2, y=5], subject=brown, time=2015-07-01 12:09:20.87, clock=0]
object notification: Tile [id=null, cell=Cell [x=3, y=0], subject=white, time=2015-07-01 12:09:20.872, clock=0]
object notification: Tile [id=null, cell=Cell [x=3, y=0], subject=white, time=2015-07-01 12:09:20.872, clock=0]
object notification: Position [subject=a30, id=null, cell=Cell [x=6, y=6], time=2015-07-01 12:09:21.274, clock=0]
object notification: Tile [id=null, cell=Cell [x=3, y=1], subject=yellow, time=2015-07-01 12:09:20.874, clock=0]
org notification: Tile [id=null, cell=Cell [x=2, y=4], subject=white, time=2015-07-01 12:09:20.868, clock=0]
object notification: Tile [id=null, cell=Cell [x=2, y=5], subject=brown, time=2015-07-01 12:09:20.87, clock=0]
object notification: Tile [id=null, cell=Cell [x=3, y=1], subject=yellow, time=2015-07-01 12:09:20.874, clock=0]
object notification: Tile [id=null, cell=Cell [x=3, y=2], subject=blue, time=2015-07-01 12:09:20.876, clock=0]
object notification: Tile [id=null, cell=Cell [x=3, y=0], subject=white, time=2015-07-01 12:09:20.872, clock=0]
object notification: Tile [id=null, cell=Cell [x=3, y=2], subject=blue, time=2015-07-01 12:09:20.876, clock=0]
object notification: Tile [id=null, cell=Cell [x=3, y=3], subject=blue, time=2015-07-01 12:09:20.878, clock=0]
org notification: Group [name=g, ra=a20, type=raaa, clock=0, time=2015-07-01 12:09:22.904]
org notification: Tile [id=null, cell=Cell [x=2, y=5], subject=brown, time=2015-07-01 12:09:20.87, clock=0]
object notification: Tile [id=null, cell=Cell [x=3, y=1], subject=yellow, time=2015-07-01 12:09:20.874, clock=0]
org notification: Tile [id=null, cell=Cell [x=3, y=0], subject=white, time=2015-07-01 12:09:20.872, clock=0]
org notification: Tile [id=null, cell=Cell [x=3, y=1], subject=yellow, time=2015-07-01 12:09:20.874, clock=0]
object notification: Tile [id=null, cell=Cell [x=3, y=4], subject=yellow, time=2015-07-01 12:09:20.88, clock=0]
object notification: Tile [id=null, cell=Cell [x=3, y=2], subject=blue, time=2015-07-01 12:09:20.876, clock=0]
object notification: Tile [id=null, cell=Cell [x=3, y=5], subject=yellow, time=2015-07-01 12:09:20.881, clock=0]
object notification: Tile [id=null, cell=Cell [x=3, y=3], subject=blue, time=2015-07-01 12:09:20.878, clock=0]
object notification: Tile [id=null, cell=Cell [x=4, y=0], subject=brown, time=2015-07-01 12:09:20.884, clock=0]
object notification: Tile [id=null, cell=Cell [x=3, y=4], subject=yellow, time=2015-07-01 12:09:20.88, clock=0]
object notification: Tile [id=null, cell=Cell [x=4, y=1], subject=blue, time=2015-07-01 12:09:20.886, clock=0]
object notification: Tile [id=null, cell=Cell [x=3, y=5], subject=yellow, time=2015-07-01 12:09:20.881, clock=0]
object notification: Tile [id=null, cell=Cell [x=4, y=2], subject=yellow, time=2015-07-01 12:09:20.887, clock=0]
object notification: Tile [id=null, cell=Cell [x=4, y=3], subject=blue, time=2015-07-01 12:09:20.888, clock=0]
object notification: Tile [id=null, cell=Cell [x=3, y=3], subject=blue, time=2015-07-01 12:09:20.878, clock=0]
object notification: Tile [id=null, cell=Cell [x=4, y=4], subject=brown, time=2015-07-01 12:09:20.889, clock=0]
object notification: Tile [id=null, cell=Cell [x=3, y=4], subject=yellow, time=2015-07-01 12:09:20.88, clock=0]
object notification: Tile [id=null, cell=Cell [x=4, y=5], subject=yellow, time=2015-07-01 12:09:20.89, clock=0]
object notification: Tile [id=null, cell=Cell [x=3, y=5], subject=yellow, time=2015-07-01 12:09:20.881, clock=0]
object notification: Tile [id=null, cell=Cell [x=5, y=0], subject=yellow, time=2015-07-01 12:09:20.891, clock=0]
object notification: Tile [id=null, cell=Cell [x=4, y=0], subject=brown, time=2015-07-01 12:09:20.884, clock=0]
object notification: Tile [id=null, cell=Cell [x=5, y=1], subject=white, time=2015-07-01 12:09:20.893, clock=0]
object notification: Tile [id=null, cell=Cell [x=5, y=2], subject=brown, time=2015-07-01 12:09:20.894, clock=0]
org notification: Tile [id=null, cell=Cell [x=3, y=2], subject=blue, time=2015-07-01 12:09:20.876, clock=0]
object notification: Tile [id=null, cell=Cell [x=5, y=3], subject=yellow, time=2015-07-01 12:09:20.895, clock=0]
object notification: Tile [id=null, cell=Cell [x=5, y=4], subject=blue, time=2015-07-01 12:09:20.897, clock=0]
object notification: Tile [id=null, cell=Cell [x=5, y=5], subject=brown, time=2015-07-01 12:09:20.898, clock=0]
object notification: Tile [id=null, cell=Cell [x=4, y=0], subject=brown, time=2015-07-01 12:09:20.884, clock=0]
object notification: Tile [id=null, cell=Cell [x=4, y=1], subject=blue, time=2015-07-01 12:09:20.886, clock=0]
object notification: Tile [id=null, cell=Cell [x=4, y=2], subject=yellow, time=2015-07-01 12:09:20.887, clock=0]
object notification: Tile [id=null, cell=Cell [x=4, y=1], subject=blue, time=2015-07-01 12:09:20.886, clock=0]
object notification: Tile [id=null, cell=Cell [x=4, y=3], subject=blue, time=2015-07-01 12:09:20.888, clock=0]
org notification: Tile [id=null, cell=Cell [x=3, y=3], subject=blue, time=2015-07-01 12:09:20.878, clock=0]
org notification: Position [subject=a20, id=null, cell=Cell [x=0, y=6], time=2015-07-01 12:09:21.158, clock=0]
object notification: Tile [id=null, cell=Cell [x=4, y=2], subject=yellow, time=2015-07-01 12:09:20.887, clock=0]
org notification: Tile [id=null, cell=Cell [x=3, y=4], subject=yellow, time=2015-07-01 12:09:20.88, clock=0]
object notification: Position [subject=a10, id=null, cell=Cell [x=0, y=0], time=2015-07-01 12:09:21.036, clock=0]
object notification: Tile [id=null, cell=Cell [x=4, y=3], subject=blue, time=2015-07-01 12:09:20.888, clock=0]
object notification: Position [subject=a40, id=null, cell=Cell [x=6, y=0], time=2015-07-01 12:09:21.334, clock=0]
object notification: Tile [id=null, cell=Cell [x=4, y=4], subject=brown, time=2015-07-01 12:09:20.889, clock=0]
object notification: Tile [id=null, cell=Cell [x=4, y=5], subject=yellow, time=2015-07-01 12:09:20.89, clock=0]
object notification: Tile [id=null, cell=Cell [x=5, y=0], subject=yellow, time=2015-07-01 12:09:20.891, clock=0]
object notification: Tile [id=null, cell=Cell [x=5, y=1], subject=white, time=2015-07-01 12:09:20.893, clock=0]
object notification: Tile [id=null, cell=Cell [x=5, y=2], subject=brown, time=2015-07-01 12:09:20.894, clock=0]
object notification: Tile [id=null, cell=Cell [x=4, y=4], subject=brown, time=2015-07-01 12:09:20.889, clock=0]
object notification: Tile [id=null, cell=Cell [x=5, y=3], subject=yellow, time=2015-07-01 12:09:20.895, clock=0]
object notification: Tile [id=null, cell=Cell [x=5, y=4], subject=blue, time=2015-07-01 12:09:20.897, clock=0]
object notification: Tile [id=null, cell=Cell [x=4, y=5], subject=yellow, time=2015-07-01 12:09:20.89, clock=0]
object notification: Tile [id=null, cell=Cell [x=5, y=5], subject=brown, time=2015-07-01 12:09:20.898, clock=0]
org notification: Tile [id=null, cell=Cell [x=3, y=5], subject=yellow, time=2015-07-01 12:09:20.881, clock=0]
object notification: Tile [id=null, cell=Cell [x=5, y=0], subject=yellow, time=2015-07-01 12:09:20.891, clock=0]
object notification: Tile [id=null, cell=Cell [x=5, y=1], subject=white, time=2015-07-01 12:09:20.893, clock=0]
object notification: Tile [id=null, cell=Cell [x=5, y=2], subject=brown, time=2015-07-01 12:09:20.894, clock=0]
org notification: Position [subject=a30, id=null, cell=Cell [x=6, y=6], time=2015-07-01 12:09:21.274, clock=0]
object notification: Tile [id=null, cell=Cell [x=5, y=3], subject=yellow, time=2015-07-01 12:09:20.895, clock=0]
object notification: Tile [id=null, cell=Cell [x=5, y=4], subject=blue, time=2015-07-01 12:09:20.897, clock=0]
object notification: Tile [id=null, cell=Cell [x=5, y=5], subject=brown, time=2015-07-01 12:09:20.898, clock=0]
object notification: Obligation [subject=a10, obligation=[makeMove(0, 0, a10)], sanction=[reduce(a10, 200)], deadline=15, time=2015-07-01 12:09:52.117, clock=0]
object notification: Prohibition [subject=a10, prohibition=[moveTooFast(a10)], sanction=[reduce(a10, 100)], clock=0, time=2015-07-01 12:09:52.148]
object notification: Prohibition [subject=a30, prohibition=[moveTooFast(a30)], sanction=[reduce(a30, 100)], clock=0, time=2015-07-01 12:09:52.187]
object notification: Prohibition [subject=a40, prohibition=[moveTooFast(a40)], sanction=[reduce(a40, 100)], clock=0, time=2015-07-01 12:09:52.194]
org notification: Tile [id=null, cell=Cell [x=4, y=0], subject=brown, time=2015-07-01 12:09:20.884, clock=0]
object notification: Obligation [subject=a30, obligation=[makeMove(6, 6, a30)], sanction=[reduce(a30, 200)], deadline=15, time=2015-07-01 12:09:52.226, clock=0]
org notification: Position [subject=a40, id=null, cell=Cell [x=6, y=0], time=2015-07-01 12:09:21.334, clock=0]
object notification: Obligation [subject=a40, obligation=[makeMove(6, 0, a40)], sanction=[reduce(a40, 200)], deadline=15, time=2015-07-01 12:09:52.247, clock=0]
org notification: Tile [id=null, cell=Cell [x=4, y=1], subject=blue, time=2015-07-01 12:09:20.886, clock=0]
org notification: Tile [id=null, cell=Cell [x=4, y=2], subject=yellow, time=2015-07-01 12:09:20.887, clock=0]
org notification: Tile [id=null, cell=Cell [x=4, y=3], subject=blue, time=2015-07-01 12:09:20.888, clock=0]
org notification: Tile [id=null, cell=Cell [x=4, y=4], subject=brown, time=2015-07-01 12:09:20.889, clock=0]
org notification: Tile [id=null, cell=Cell [x=4, y=5], subject=yellow, time=2015-07-01 12:09:20.89, clock=0]
org notification: Tile [id=null, cell=Cell [x=5, y=0], subject=yellow, time=2015-07-01 12:09:20.891, clock=0]
org notification: Tile [id=null, cell=Cell [x=5, y=1], subject=white, time=2015-07-01 12:09:20.893, clock=0]
org notification: Tile [id=null, cell=Cell [x=5, y=2], subject=brown, time=2015-07-01 12:09:20.894, clock=0]
org notification: Tile [id=null, cell=Cell [x=5, y=3], subject=yellow, time=2015-07-01 12:09:20.895, clock=0]
org notification: Tile [id=null, cell=Cell [x=5, y=4], subject=blue, time=2015-07-01 12:09:20.897, clock=0]
org notification: Tile [id=null, cell=Cell [x=5, y=5], subject=brown, time=2015-07-01 12:09:20.898, clock=0]
object notification: Time [clock=1, time=2015-07-01 12:10:02.086]
object notification: Time [clock=1, time=2015-07-01 12:10:02.086]
object notification: Time [clock=1, time=2015-07-01 12:10:02.086]
org notification: Time [clock=1, time=2015-07-01 12:10:02.086]
object notification: Time [clock=2, time=2015-07-01 12:10:12.091]
object notification: Time [clock=2, time=2015-07-01 12:10:12.091]
org notification: Time [clock=2, time=2015-07-01 12:10:12.091]
object notification: Time [clock=2, time=2015-07-01 12:10:12.091]
org notification: Time [clock=3, time=2015-07-01 12:10:22.093]
object notification: Time [clock=3, time=2015-07-01 12:10:22.093]
object notification: Time [clock=3, time=2015-07-01 12:10:22.093]
object notification: Time [clock=3, time=2015-07-01 12:10:22.093]
object notification: Time [clock=4, time=2015-07-01 12:10:32.096]
org notification: Time [clock=4, time=2015-07-01 12:10:32.096]
object notification: Time [clock=4, time=2015-07-01 12:10:32.096]
object notification: Time [clock=4, time=2015-07-01 12:10:32.096]
object notification: Time [clock=5, time=2015-07-01 12:10:42.099]
object notification: Time [clock=5, time=2015-07-01 12:10:42.099]
object notification: Time [clock=5, time=2015-07-01 12:10:42.099]
org notification: Time [clock=5, time=2015-07-01 12:10:42.099]
org notification: Time [clock=6, time=2015-07-01 12:10:52.101]
object notification: Time [clock=6, time=2015-07-01 12:10:52.101]
object notification: Time [clock=6, time=2015-07-01 12:10:52.101]
object notification: Time [clock=6, time=2015-07-01 12:10:52.101]
object notification: Time [clock=7, time=2015-07-01 12:11:02.106]
object notification: Time [clock=7, time=2015-07-01 12:11:02.106]
object notification: Time [clock=7, time=2015-07-01 12:11:02.106]
org notification: Time [clock=7, time=2015-07-01 12:11:02.106]
org notification: Time [clock=8, time=2015-07-01 12:11:12.108]
object notification: Time [clock=8, time=2015-07-01 12:11:12.108]
object notification: Time [clock=8, time=2015-07-01 12:11:12.108]
object notification: Time [clock=8, time=2015-07-01 12:11:12.108]
object notification: Time [clock=9, time=2015-07-01 12:11:22.112]
object notification: Time [clock=9, time=2015-07-01 12:11:22.112]
org notification: Time [clock=9, time=2015-07-01 12:11:22.112]
object notification: Time [clock=9, time=2015-07-01 12:11:22.112]
setPhases in ClientGameStatus, the current phase is Movement Phase
setPhases in ClientGameStatus, the current phase is Movement Phase
setPhases in ClientGameStatus, the current phase is Movement Phase
object notification: Time [clock=10, time=2015-07-01 12:11:32.115]
object notification: Time [clock=10, time=2015-07-01 12:11:32.115]
object notification: Time [clock=10, time=2015-07-01 12:11:32.115]
org notification: Time [clock=10, time=2015-07-01 12:11:32.115]
org notification: Time [clock=11, time=2015-07-01 12:11:42.117]
object notification: Time [clock=11, time=2015-07-01 12:11:42.117]
object notification: Time [clock=11, time=2015-07-01 12:11:42.117]
object notification: Time [clock=11, time=2015-07-01 12:11:42.117]
object notification: Time [clock=12, time=2015-07-01 12:11:52.12]
object notification: Time [clock=12, time=2015-07-01 12:11:52.12]
object notification: Time [clock=12, time=2015-07-01 12:11:52.12]
org notification: Time [clock=12, time=2015-07-01 12:11:52.12]
object notification: Time [clock=13, time=2015-07-01 12:12:02.123]
org notification: Time [clock=13, time=2015-07-01 12:12:02.123]
object notification: Time [clock=13, time=2015-07-01 12:12:02.123]
object notification: Time [clock=13, time=2015-07-01 12:12:02.123]
org notification: Time [clock=14, time=2015-07-01 12:12:12.126]
object notification: Time [clock=14, time=2015-07-01 12:12:12.126]
object notification: Time [clock=14, time=2015-07-01 12:12:12.126]
object notification: Time [clock=14, time=2015-07-01 12:12:12.126]
org notification: Time [clock=15, time=2015-07-01 12:12:22.129]
object notification: Time [clock=15, time=2015-07-01 12:12:22.129]
object notification: Time [clock=15, time=2015-07-01 12:12:22.129]
object notification: Time [clock=15, time=2015-07-01 12:12:22.129]
setPhases in ClientGameStatus, the current phase is Feedback Phase
setPhases in ClientGameStatus, the current phase is Feedback Phase
setPhases in ClientGameStatus, the current phase is Feedback Phase
object notification: Time [clock=16, time=2015-07-01 12:12:32.131]
object notification: Time [clock=16, time=2015-07-01 12:12:32.131]
org notification: Time [clock=16, time=2015-07-01 12:12:32.131]
object notification: Time [clock=16, time=2015-07-01 12:12:32.131]
(((((((((((((((((Game ended)))))))))))
Game ended 
My PlayerStatus is: Game Player...
PerGameId: 0.
PIN: 10.
Pos: (R:0,C:0).
Chips: { chips  'blue':0 'white':9 'brown':0 'yellow':0 }.
Score: 1000.
Team: -1.

(((((((((((((((((Game ended)))))))))))
Game ended 
My PlayerStatus is: Game Player...
PerGameId: 3.
PIN: 40.
Pos: (R:6,C:0).
Chips: { chips  'blue':0 'white':0 'brown':0 'yellow':9 }.
Score: 1000.
Team: -1.

(((((((((((((((((Game ended)))))))))))
Game ended 
My PlayerStatus is: Game Player...
PerGameId: 2.
PIN: 30.
Pos: (R:6,C:6).
Chips: { chips  'blue':9 'white':0 'brown':0 'yellow':0 }.
Score: 1000.
Team: -1.

object notification: Time [clock=17, time=2015-07-01 12:12:42.135]
object notification: Time [clock=17, time=2015-07-01 12:12:42.135]
org notification: Time [clock=17, time=2015-07-01 12:12:42.135]
object notification: Time [clock=17, time=2015-07-01 12:12:42.135]
object notification: Time [clock=18, time=2015-07-01 12:12:52.139]
object notification: Time [clock=18, time=2015-07-01 12:12:52.139]
object notification: Time [clock=18, time=2015-07-01 12:12:52.139]
org notification: Time [clock=18, time=2015-07-01 12:12:52.139]
object notification: Time [clock=19, time=2015-07-01 12:13:02.143]
org notification: Time [clock=19, time=2015-07-01 12:13:02.143]
object notification: Time [clock=19, time=2015-07-01 12:13:02.143]
object notification: Time [clock=19, time=2015-07-01 12:13:02.143]
object notification: Time [clock=20, time=2015-07-01 12:13:12.145]
object notification: Time [clock=20, time=2015-07-01 12:13:12.145]
object notification: Time [clock=20, time=2015-07-01 12:13:12.145]
org notification: Time [clock=20, time=2015-07-01 12:13:12.145]
object notification: Time [clock=21, time=2015-07-01 12:13:22.149]
org notification: Time [clock=21, time=2015-07-01 12:13:22.149]
object notification: Time [clock=21, time=2015-07-01 12:13:22.149]
object notification: Time [clock=21, time=2015-07-01 12:13:22.149]
object notification: Time [clock=22, time=2015-07-01 12:13:32.152]
org notification: Time [clock=22, time=2015-07-01 12:13:32.152]
object notification: Time [clock=22, time=2015-07-01 12:13:32.152]
object notification: Time [clock=22, time=2015-07-01 12:13:32.152]
object notification: Time [clock=23, time=2015-07-01 12:13:42.155]
org notification: Time [clock=23, time=2015-07-01 12:13:42.155]
object notification: Time [clock=23, time=2015-07-01 12:13:42.155]
object notification: Time [clock=23, time=2015-07-01 12:13:42.155]
object notification: Time [clock=24, time=2015-07-01 12:13:52.158]
object notification: Time [clock=24, time=2015-07-01 12:13:52.158]
org notification: Time [clock=24, time=2015-07-01 12:13:52.158]
object notification: Time [clock=24, time=2015-07-01 12:13:52.158]
object notification: Time [clock=25, time=2015-07-01 12:14:02.162]
org notification: Time [clock=25, time=2015-07-01 12:14:02.162]
object notification: Time [clock=25, time=2015-07-01 12:14:02.162]
object notification: Time [clock=25, time=2015-07-01 12:14:02.162]
org notification: Time [clock=26, time=2015-07-01 12:14:12.165]
object notification: Time [clock=26, time=2015-07-01 12:14:12.165]
object notification: Time [clock=26, time=2015-07-01 12:14:12.165]
object notification: Time [clock=26, time=2015-07-01 12:14:12.165]
org notification: Time [clock=27, time=2015-07-01 12:14:22.169]
object notification: Time [clock=27, time=2015-07-01 12:14:22.169]
object notification: Time [clock=27, time=2015-07-01 12:14:22.169]
object notification: Time [clock=27, time=2015-07-01 12:14:22.169]
org notification: Time [clock=28, time=2015-07-01 12:14:32.172]
object notification: Time [clock=28, time=2015-07-01 12:14:32.172]
object notification: Time [clock=28, time=2015-07-01 12:14:32.172]
object notification: Time [clock=28, time=2015-07-01 12:14:32.172]
object notification: Time [clock=29, time=2015-07-01 12:14:42.175]
org notification: Time [clock=29, time=2015-07-01 12:14:42.175]
object notification: Time [clock=29, time=2015-07-01 12:14:42.175]
object notification: Time [clock=29, time=2015-07-01 12:14:42.175]
object notification: Time [clock=30, time=2015-07-01 12:14:52.178]
object notification: Time [clock=30, time=2015-07-01 12:14:52.178]
object notification: Time [clock=30, time=2015-07-01 12:14:52.178]
org notification: Time [clock=30, time=2015-07-01 12:14:52.178]
org notification: Time [clock=31, time=2015-07-01 12:15:02.18]
object notification: Time [clock=31, time=2015-07-01 12:15:02.18]
object notification: Time [clock=31, time=2015-07-01 12:15:02.18]
object notification: Time [clock=31, time=2015-07-01 12:15:02.18]
object notification: Time [clock=32, time=2015-07-01 12:15:12.183]
object notification: Time [clock=32, time=2015-07-01 12:15:12.183]
org notification: Time [clock=32, time=2015-07-01 12:15:12.183]
object notification: Time [clock=32, time=2015-07-01 12:15:12.183]
object notification: Time [clock=33, time=2015-07-01 12:15:22.186]
object notification: Time [clock=33, time=2015-07-01 12:15:22.186]
org notification: Time [clock=33, time=2015-07-01 12:15:22.186]
object notification: Time [clock=33, time=2015-07-01 12:15:22.186]
org notification: Time [clock=34, time=2015-07-01 12:15:32.189]
object notification: Time [clock=34, time=2015-07-01 12:15:32.189]
object notification: Time [clock=34, time=2015-07-01 12:15:32.189]
object notification: Time [clock=34, time=2015-07-01 12:15:32.189]
org notification: Time [clock=35, time=2015-07-01 12:15:42.193]
object notification: Time [clock=35, time=2015-07-01 12:15:42.193]
object notification: Time [clock=35, time=2015-07-01 12:15:42.193]
object notification: Time [clock=35, time=2015-07-01 12:15:42.193]
object notification: Time [clock=36, time=2015-07-01 12:15:52.196]
object notification: Time [clock=36, time=2015-07-01 12:15:52.196]
org notification: Time [clock=36, time=2015-07-01 12:15:52.196]
object notification: Time [clock=36, time=2015-07-01 12:15:52.196]
object notification: Time [clock=37, time=2015-07-01 12:16:02.199]
object notification: Time [clock=37, time=2015-07-01 12:16:02.199]
org notification: Time [clock=37, time=2015-07-01 12:16:02.199]
object notification: Time [clock=37, time=2015-07-01 12:16:02.199]
org notification: Time [clock=38, time=2015-07-01 12:16:12.203]
object notification: Time [clock=38, time=2015-07-01 12:16:12.203]
object notification: Time [clock=38, time=2015-07-01 12:16:12.203]
object notification: Time [clock=38, time=2015-07-01 12:16:12.203]
org notification: Time [clock=39, time=2015-07-01 12:16:22.205]
object notification: Time [clock=39, time=2015-07-01 12:16:22.205]
object notification: Time [clock=39, time=2015-07-01 12:16:22.205]
object notification: Time [clock=39, time=2015-07-01 12:16:22.205]
org notification: Time [clock=40, time=2015-07-01 12:16:32.207]
object notification: Time [clock=40, time=2015-07-01 12:16:32.207]
object notification: Time [clock=40, time=2015-07-01 12:16:32.207]
object notification: Time [clock=40, time=2015-07-01 12:16:32.207]
org notification: Time [clock=41, time=2015-07-01 12:16:42.211]
object notification: Time [clock=41, time=2015-07-01 12:16:42.211]
object notification: Time [clock=41, time=2015-07-01 12:16:42.211]
object notification: Time [clock=41, time=2015-07-01 12:16:42.211]
object notification: Time [clock=42, time=2015-07-01 12:16:52.213]
org notification: Time [clock=42, time=2015-07-01 12:16:52.213]
object notification: Time [clock=42, time=2015-07-01 12:16:52.213]
object notification: Time [clock=42, time=2015-07-01 12:16:52.213]
object notification: Time [clock=43, time=2015-07-01 12:17:02.216]
object notification: Time [clock=43, time=2015-07-01 12:17:02.216]
org notification: Time [clock=43, time=2015-07-01 12:17:02.216]
object notification: Time [clock=43, time=2015-07-01 12:17:02.216]
object notification: Time [clock=44, time=2015-07-01 12:17:12.218]
object notification: Time [clock=44, time=2015-07-01 12:17:12.218]
org notification: Time [clock=44, time=2015-07-01 12:17:12.218]
object notification: Time [clock=44, time=2015-07-01 12:17:12.218]
org notification: Time [clock=45, time=2015-07-01 12:17:22.219]
object notification: Time [clock=45, time=2015-07-01 12:17:22.219]
object notification: Time [clock=45, time=2015-07-01 12:17:22.219]
object notification: Time [clock=45, time=2015-07-01 12:17:22.219]
object notification: Time [clock=46, time=2015-07-01 12:17:32.222]
org notification: Time [clock=46, time=2015-07-01 12:17:32.222]
object notification: Time [clock=46, time=2015-07-01 12:17:32.222]
object notification: Time [clock=46, time=2015-07-01 12:17:32.222]
org notification: Time [clock=47, time=2015-07-01 12:17:42.223]
object notification: Time [clock=47, time=2015-07-01 12:17:42.223]
object notification: Time [clock=47, time=2015-07-01 12:17:42.223]
object notification: Time [clock=47, time=2015-07-01 12:17:42.223]
object notification: Time [clock=48, time=2015-07-01 12:17:52.226]
org notification: Time [clock=48, time=2015-07-01 12:17:52.226]
object notification: Time [clock=48, time=2015-07-01 12:17:52.226]
object notification: Time [clock=48, time=2015-07-01 12:17:52.226]
object notification: Time [clock=49, time=2015-07-01 12:18:02.229]
object notification: Time [clock=49, time=2015-07-01 12:18:02.229]
org notification: Time [clock=49, time=2015-07-01 12:18:02.229]
object notification: Time [clock=49, time=2015-07-01 12:18:02.229]
org notification: Time [clock=50, time=2015-07-01 12:18:12.232]
object notification: Time [clock=50, time=2015-07-01 12:18:12.232]
object notification: Time [clock=50, time=2015-07-01 12:18:12.232]
object notification: Time [clock=50, time=2015-07-01 12:18:12.232]
org notification: Time [clock=51, time=2015-07-01 12:18:22.236]
object notification: Time [clock=51, time=2015-07-01 12:18:22.236]
object notification: Time [clock=51, time=2015-07-01 12:18:22.236]
object notification: Time [clock=51, time=2015-07-01 12:18:22.236]
object notification: Time [clock=52, time=2015-07-01 12:18:32.239]
object notification: Time [clock=52, time=2015-07-01 12:18:32.239]
object notification: Time [clock=52, time=2015-07-01 12:18:32.239]
org notification: Time [clock=52, time=2015-07-01 12:18:32.239]
object notification: Time [clock=53, time=2015-07-01 12:18:42.243]
org notification: Time [clock=53, time=2015-07-01 12:18:42.243]
object notification: Time [clock=53, time=2015-07-01 12:18:42.243]
object notification: Time [clock=53, time=2015-07-01 12:18:42.243]
org notification: Time [clock=54, time=2015-07-01 12:18:52.247]
object notification: Time [clock=54, time=2015-07-01 12:18:52.247]
object notification: Time [clock=54, time=2015-07-01 12:18:52.247]
object notification: Time [clock=54, time=2015-07-01 12:18:52.247]
org notification: Time [clock=55, time=2015-07-01 12:19:02.25]
object notification: Time [clock=55, time=2015-07-01 12:19:02.25]
object notification: Time [clock=55, time=2015-07-01 12:19:02.25]
object notification: Time [clock=55, time=2015-07-01 12:19:02.25]
org notification: Time [clock=56, time=2015-07-01 12:19:12.254]
object notification: Time [clock=56, time=2015-07-01 12:19:12.254]
object notification: Time [clock=56, time=2015-07-01 12:19:12.254]
object notification: Time [clock=56, time=2015-07-01 12:19:12.254]
object notification: Time [clock=57, time=2015-07-01 12:19:22.257]
object notification: Time [clock=57, time=2015-07-01 12:19:22.257]
object notification: Time [clock=57, time=2015-07-01 12:19:22.257]
org notification: Time [clock=57, time=2015-07-01 12:19:22.257]
object notification: Time [clock=58, time=2015-07-01 12:19:32.26]
object notification: Time [clock=58, time=2015-07-01 12:19:32.26]
object notification: Time [clock=58, time=2015-07-01 12:19:32.26]
org notification: Time [clock=58, time=2015-07-01 12:19:32.26]
object notification: Time [clock=59, time=2015-07-01 12:19:42.264]
object notification: Time [clock=59, time=2015-07-01 12:19:42.264]
object notification: Time [clock=59, time=2015-07-01 12:19:42.264]
org notification: Time [clock=59, time=2015-07-01 12:19:42.264]
org notification: Time [clock=60, time=2015-07-01 12:19:52.267]
object notification: Time [clock=60, time=2015-07-01 12:19:52.267]
object notification: Time [clock=60, time=2015-07-01 12:19:52.267]
object notification: Time [clock=60, time=2015-07-01 12:19:52.267]
object notification: Time [clock=61, time=2015-07-01 12:20:02.269]
org notification: Time [clock=61, time=2015-07-01 12:20:02.269]
object notification: Time [clock=61, time=2015-07-01 12:20:02.269]
object notification: Time [clock=61, time=2015-07-01 12:20:02.269]
org notification: Time [clock=62, time=2015-07-01 12:20:12.272]
object notification: Time [clock=62, time=2015-07-01 12:20:12.272]
object notification: Time [clock=62, time=2015-07-01 12:20:12.272]
object notification: Time [clock=62, time=2015-07-01 12:20:12.272]
object notification: Time [clock=63, time=2015-07-01 12:20:22.275]
object notification: Time [clock=63, time=2015-07-01 12:20:22.275]
org notification: Time [clock=63, time=2015-07-01 12:20:22.275]
object notification: Time [clock=63, time=2015-07-01 12:20:22.275]
org notification: Time [clock=64, time=2015-07-01 12:20:32.277]
object notification: Time [clock=64, time=2015-07-01 12:20:32.277]
object notification: Time [clock=64, time=2015-07-01 12:20:32.277]
object notification: Time [clock=64, time=2015-07-01 12:20:32.277]
object notification: Time [clock=65, time=2015-07-01 12:20:42.28]
object notification: Time [clock=65, time=2015-07-01 12:20:42.28]
object notification: Time [clock=65, time=2015-07-01 12:20:42.28]
org notification: Time [clock=65, time=2015-07-01 12:20:42.28]
object notification: Time [clock=66, time=2015-07-01 12:20:52.282]
org notification: Time [clock=66, time=2015-07-01 12:20:52.282]
object notification: Time [clock=66, time=2015-07-01 12:20:52.282]
object notification: Time [clock=66, time=2015-07-01 12:20:52.282]
org notification: Time [clock=67, time=2015-07-01 12:21:02.285]
object notification: Time [clock=67, time=2015-07-01 12:21:02.285]
object notification: Time [clock=67, time=2015-07-01 12:21:02.285]
object notification: Time [clock=67, time=2015-07-01 12:21:02.285]
org notification: Time [clock=68, time=2015-07-01 12:21:12.286]
object notification: Time [clock=68, time=2015-07-01 12:21:12.286]
object notification: Time [clock=68, time=2015-07-01 12:21:12.286]
object notification: Time [clock=68, time=2015-07-01 12:21:12.286]
org notification: Time [clock=69, time=2015-07-01 12:21:22.288]
object notification: Time [clock=69, time=2015-07-01 12:21:22.288]
object notification: Time [clock=69, time=2015-07-01 12:21:22.288]
object notification: Time [clock=69, time=2015-07-01 12:21:22.288]
object notification: Time [clock=70, time=2015-07-01 12:21:32.292]
org notification: Time [clock=70, time=2015-07-01 12:21:32.292]
object notification: Time [clock=70, time=2015-07-01 12:21:32.292]
object notification: Time [clock=70, time=2015-07-01 12:21:32.292]
object notification: Time [clock=71, time=2015-07-01 12:21:42.294]
org notification: Time [clock=71, time=2015-07-01 12:21:42.294]
object notification: Time [clock=71, time=2015-07-01 12:21:42.294]
object notification: Time [clock=71, time=2015-07-01 12:21:42.294]
org notification: Time [clock=72, time=2015-07-01 12:21:52.296]
object notification: Time [clock=72, time=2015-07-01 12:21:52.296]
object notification: Time [clock=72, time=2015-07-01 12:21:52.296]
object notification: Time [clock=72, time=2015-07-01 12:21:52.296]
object notification: Time [clock=73, time=2015-07-01 12:22:02.299]
object notification: Time [clock=73, time=2015-07-01 12:22:02.299]
org notification: Time [clock=73, time=2015-07-01 12:22:02.299]
object notification: Time [clock=73, time=2015-07-01 12:22:02.299]
object notification: Time [clock=74, time=2015-07-01 12:22:12.302]
object notification: Time [clock=74, time=2015-07-01 12:22:12.302]
object notification: Time [clock=74, time=2015-07-01 12:22:12.302]
org notification: Time [clock=74, time=2015-07-01 12:22:12.302]
org notification: Time [clock=75, time=2015-07-01 12:22:22.304]
object notification: Time [clock=75, time=2015-07-01 12:22:22.304]
object notification: Time [clock=75, time=2015-07-01 12:22:22.304]
object notification: Time [clock=75, time=2015-07-01 12:22:22.304]
object notification: Time [clock=76, time=2015-07-01 12:22:32.308]
org notification: Time [clock=76, time=2015-07-01 12:22:32.308]
object notification: Time [clock=76, time=2015-07-01 12:22:32.308]
object notification: Time [clock=76, time=2015-07-01 12:22:32.308]
org notification: Time [clock=77, time=2015-07-01 12:22:42.311]
object notification: Time [clock=77, time=2015-07-01 12:22:42.311]
object notification: Time [clock=77, time=2015-07-01 12:22:42.311]
object notification: Time [clock=77, time=2015-07-01 12:22:42.311]
org notification: Time [clock=78, time=2015-07-01 12:22:52.312]
object notification: Time [clock=78, time=2015-07-01 12:22:52.312]
object notification: Time [clock=78, time=2015-07-01 12:22:52.312]
object notification: Time [clock=78, time=2015-07-01 12:22:52.312]
org notification: Time [clock=79, time=2015-07-01 12:23:02.314]
object notification: Time [clock=79, time=2015-07-01 12:23:02.314]
object notification: Time [clock=79, time=2015-07-01 12:23:02.314]
object notification: Time [clock=79, time=2015-07-01 12:23:02.314]
object notification: Time [clock=80, time=2015-07-01 12:23:12.318]
org notification: Time [clock=80, time=2015-07-01 12:23:12.318]
object notification: Time [clock=80, time=2015-07-01 12:23:12.318]
object notification: Time [clock=80, time=2015-07-01 12:23:12.318]
object notification: Time [clock=81, time=2015-07-01 12:23:22.321]
object notification: Time [clock=81, time=2015-07-01 12:23:22.321]
org notification: Time [clock=81, time=2015-07-01 12:23:22.321]
object notification: Time [clock=81, time=2015-07-01 12:23:22.321]
org notification: Time [clock=82, time=2015-07-01 12:23:32.325]
object notification: Time [clock=82, time=2015-07-01 12:23:32.325]
object notification: Time [clock=82, time=2015-07-01 12:23:32.325]
object notification: Time [clock=82, time=2015-07-01 12:23:32.325]
