Buildfile: /Users/dxd/git/ct3/WebCT/build.xml

runserver:
     [java] INFO  BrokerService                  - ActiveMQ null JMS Message Broker (localhost) is starting
     [java] INFO  BrokerService                  - For help or more information please see: http://activemq.apache.org/
     [java] INFO  AMQPersistenceAdapter          - AMQStore starting using directory: activemq-data/localhost
     [java] INFO  KahaStore                      - Kaha Store using data directory /Users/dxd/git/ct3/WebCT/activemq-data/localhost/kr-store
     [java] INFO  AMQPersistenceAdapter          - Active data files: []
     [java] INFO  AMQPersistenceAdapter          - Journal Recovery Started from: DataManager:(data-)
     [java] INFO  AMQPersistenceAdapter          - Recovered 0 operations from redo log in 0.166 seconds.
     [java] INFO  BrokerService                  - Using Persistence Adapter: AMQPersistenceAdapter(activemq-data/localhost)
     [java] INFO  TransportServerThreadSupport   - Listening for connections at: tcp://kafka.local:8088
     [java] INFO  TransportConnector             - Connector tcp://kafka.local:8088 Started
     [java] INFO  BrokerService                  - ActiveMQ JMS Message Broker (localhost, ID:kafka.local-51218-1430915155230-1:0) started
     [java] INFO  root                           - Started the JMS Server
     [java] INFO  ManagementContext              - JMX consoles can connect to service:jmx:rmi:///jndi/rmi://localhost:1099/jmxrmi
     [java] INFO  BrokerService                  - About to delete any non-persistent messages that may have overflowed to disk ...
     [java] INFO  KahaStore                      - Kaha Store successfully deleted data directory activemq-data/localhost/tmp_storage
     [java] INFO  BrokerService                  - Successfully deleted temporary storage
     [java] INFO  root                           - Controller Interface has been started
     [java] INFO  root                           - ColoredTrails is now running...
     [java] Adding client state for 20
     [java] INFO  root                           - Colored Trails Server received a subcription message from client: 20 [192.168.0.40] of type 
     [java] Adding client state for 30
     [java] Adding client state for 10
     [java] Adding client state for 40
     [java] INFO  root                           - Colored Trails Server received a subcription message from client: 30 [192.168.0.40] of type 
     [java] INFO  root                           - Colored Trails Server received a subcription message from client: 10 [192.168.0.40] of type 
     [java] INFO  root                           - Colored Trails Server received a subcription message from client: 40 [192.168.0.40] of type 
     [java] Received message to add config class from: admin
     [java] INFO  root                           - Received message from admin: SET_CONFIGURATION
     [java] INFO  root                           - Received message from admin client:ADD_CONFIGURATION
     [java] DEBUG root                           - Administrator: adding configuration file [WebCTInputFileConfig] class name: WebCTInputFileConfig
     [java] INFO  root                           - Received message from admin client:NEW_GAME
     [java] DEBUG root                           - Administrator: newGame configName = [WebCTInputFileConfig] 
     [java] DEBUG root                           - Administrator: newGame adding Player: [10]
     [java] DEBUG root                           - Administrator: newGame adding Player: [20]
     [java] DEBUG root                           - Administrator: newGame adding Player: [30]
     [java] DEBUG root                           - Administrator: newGame adding Player: [40]
     [java] DEBUG root                           - ServerData addNewGame -- config file
     [java] DEBUG root                           - ServerData addNewGame -- Starting ServerGameStatus
     [java] DEBUG root                           - ServerData addNewGame -- Starting a new game with id: 0
     [java] DEBUG root                           - ClientCommands creating new Topic: ct3.game.0
     [java] DEBUG root                           - sending sendClientSubscribeToGameMessage: for game [0] and player [10]
     [java] DEBUG root                           - sending sendClientSubscribeToGameMessage: for game [0] and player [20]
     [java] DEBUG root                           - sending sendClientSubscribeToGameMessage: for game [0] and player [30]
     [java] DEBUG root                           - sending sendClientSubscribeToGameMessage: for game [0] and player [40]
     [java] INFO  root                           - Received message from admin client:LIST_GAMES
     [java] INFO  root                           - Received message from admin client:LIST_CONFIGURATIONS
     [java] received client subscribed successfully message
     [java] received client subscribed successfully message
     [java] received client subscribed successfully message
     [java] received client subscribed successfully message
     [java] All players subscribed to game, trying to start
     [java] INFO  root                           - Sending reply to controller: NEW_GAME_REPLY
     [java] DEBUG root                           - sendGameStart
     [java] DEBUG root                           - sendGameStart to controller
     [java] DEBUG root                           - sending game id = 0
     [java] INFO  root                           - Starting spaces 1
     [java] DEBUG UrlSpaceFactoryBean            - Finding Space with URL [jini:/*/*/myGrid] and properties [{com.j_spaces.core.container.shutdown_hook=false}]
     [java] 2015-05-06 13:26:37,551  INFO [com.gigaspaces.localcache] - LocalCache#1-myGrid was created successfully. Total time: 745 milliseconds
     [java] 2015-05-06 13:26:37,556 CONFIG [com.gigaspaces.logger] - Log file: /Users/dxd/git/ct3/logs/2015-05-06~13.26-gigaspaces-service-192.168.0.40-31443.log
     [java] DEBUG GigaSpaceFactoryBean           - Clustered flag automatically set to [true] since the space is a local cache space for bean [null]
     [java] DEBUG UrlSpaceFactoryBean            - Finding Space with URL [jini://*/*/myGrid] and properties [{com.j_spaces.core.container.shutdown_hook=false}]
     [java] zatim dobry
     [java] Let the game begin...
     [java] game id= 0
     [java] ---- Sending Scoring Change ----
     [java] setPhases in GameStatus
     [java] A New Phase Began: Norm Phase
     [java] -------- Creating Board --------
     [java] CT writes: Tile [id=null, cell=Cell [x=0, y=0], subject=green, time=2015-05-06 13:26:37.806, clock=0]
     [java] CT writes: Tile [id=null, cell=Cell [x=0, y=1], subject=green, time=2015-05-06 13:26:37.926, clock=0]
     [java] CT writes: Tile [id=null, cell=Cell [x=0, y=2], subject=red, time=2015-05-06 13:26:37.928, clock=0]
     [java] CT writes: Tile [id=null, cell=Cell [x=0, y=3], subject=orange, time=2015-05-06 13:26:37.93, clock=0]
     [java] CT writes: Tile [id=null, cell=Cell [x=0, y=4], subject=green, time=2015-05-06 13:26:37.936, clock=0]
     [java] CT writes: Tile [id=null, cell=Cell [x=1, y=0], subject=green, time=2015-05-06 13:26:37.939, clock=0]
     [java] CT writes: Tile [id=null, cell=Cell [x=1, y=1], subject=orange, time=2015-05-06 13:26:37.941, clock=0]
     [java] CT writes: Tile [id=null, cell=Cell [x=1, y=2], subject=red, time=2015-05-06 13:26:37.943, clock=0]
     [java] CT writes: Tile [id=null, cell=Cell [x=1, y=3], subject=red, time=2015-05-06 13:26:37.948, clock=0]
     [java] CT writes: Tile [id=null, cell=Cell [x=1, y=4], subject=purple, time=2015-05-06 13:26:37.952, clock=0]
     [java] CT writes: Tile [id=null, cell=Cell [x=2, y=0], subject=red, time=2015-05-06 13:26:37.954, clock=0]
     [java] CT writes: Tile [id=null, cell=Cell [x=2, y=1], subject=red, time=2015-05-06 13:26:37.957, clock=0]
     [java] CT writes: Tile [id=null, cell=Cell [x=2, y=2], subject=green, time=2015-05-06 13:26:37.961, clock=0]
     [java] CT writes: Tile [id=null, cell=Cell [x=2, y=3], subject=purple, time=2015-05-06 13:26:37.963, clock=0]
     [java] CT writes: Tile [id=null, cell=Cell [x=2, y=4], subject=red, time=2015-05-06 13:26:37.966, clock=0]
     [java] CT writes: Tile [id=null, cell=Cell [x=3, y=0], subject=red, time=2015-05-06 13:26:37.968, clock=0]
     [java] CT writes: Tile [id=null, cell=Cell [x=3, y=1], subject=orange, time=2015-05-06 13:26:37.971, clock=0]
     [java] CT writes: Tile [id=null, cell=Cell [x=3, y=2], subject=purple, time=2015-05-06 13:26:37.973, clock=0]
     [java] CT writes: Tile [id=null, cell=Cell [x=3, y=3], subject=purple, time=2015-05-06 13:26:37.974, clock=0]
     [java] CT writes: Tile [id=null, cell=Cell [x=3, y=4], subject=orange, time=2015-05-06 13:26:37.976, clock=0]
     [java] CT writes: Tile [id=null, cell=Cell [x=4, y=0], subject=green, time=2015-05-06 13:26:37.977, clock=0]
     [java] CT writes: Tile [id=null, cell=Cell [x=4, y=1], subject=purple, time=2015-05-06 13:26:37.979, clock=0]
     [java] CT writes: Tile [id=null, cell=Cell [x=4, y=2], subject=orange, time=2015-05-06 13:26:37.98, clock=0]
     [java] CT writes: Tile [id=null, cell=Cell [x=4, y=3], subject=purple, time=2015-05-06 13:26:37.981, clock=0]
     [java] CT writes: Tile [id=null, cell=Cell [x=4, y=4], subject=green, time=2015-05-06 13:26:37.983, clock=0]
     [java] CT writes goal: Goal [id=null, cell=Cell [x=3, y=2], agent=null, time=null, clock=0]
     [java] CT writes: Goal [id=null, cell=Cell [x=3, y=2], agent=null, time=2015-05-06 13:26:38.015, clock=0]
     [java] revelation chips: { chips  'orange':0 'red':0 'purple':0 'green':0 }
     [java] revelation chips: { chips  'orange':0 'red':0 'purple':0 'green':0 }
     [java] revelation chips: { chips  'orange':0 'red':0 'purple':0 'green':0 }
     [java] revelation chips: { chips  'orange':0 'red':0 'purple':0 'green':0 }
     [java] Client 20 disconnected!!!!!!!!!!!!!!!!!!!!!!!!!!!!!!!!!!!!!!!!!!!!!!
     [java] Player: 10  Score: -15
     [java] Player: 20  Score: -10
     [java] Player: 40  Score: 10
     [java] Player: 30  Score: 5
     [java] A New Phase Began: Communication Phase
     [java] CT notification: Time [clock=4, time=2015-05-06 13:26:38.118]
     [java] CT players (clone,for): 
     [java] CT writes position: Position [subject=a10, id=null, cell=Cell [x=0, y=0], time=2015-05-06 13:27:11.972, clock=4]
     [java] CT writes: Position [subject=a10, id=null, cell=Cell [x=0, y=0], time=2015-05-06 13:27:11.972, clock=4]
     [java] CT notification: Position [subject=a10, id=null, cell=Cell [x=0, y=0], time=2015-05-06 13:27:11.972, clock=4]
     [java] 10
     [java] CT writes chips: Chip [id=null, agent=a10, time=2015-05-06 13:27:12.014, color=orange, clock=4, number=1]
     [java] CT writes: Chip [id=null, agent=a10, time=2015-05-06 13:27:12.014, color=orange, clock=4, number=1]
     [java] CT writes chips: Chip [id=null, agent=a10, time=2015-05-06 13:27:12.024, color=red, clock=4, number=1]
     [java] CT writes: Chip [id=null, agent=a10, time=2015-05-06 13:27:12.024, color=red, clock=4, number=1]
     [java] CT writes chips: Chip [id=null, agent=a10, time=2015-05-06 13:27:12.026, color=purple, clock=4, number=3]
     [java] CT writes: Chip [id=null, agent=a10, time=2015-05-06 13:27:12.026, color=purple, clock=4, number=3]
     [java] CT writes chips: Chip [id=null, agent=a10, time=2015-05-06 13:27:12.029, color=green, clock=4, number=2]
     [java] CT writes: Chip [id=null, agent=a10, time=2015-05-06 13:27:12.029, color=green, clock=4, number=2]
     [java] CT writes position: Position [subject=a20, id=null, cell=Cell [x=0, y=4], time=2015-05-06 13:27:12.031, clock=4]
     [java] CT writes: Position [subject=a20, id=null, cell=Cell [x=0, y=4], time=2015-05-06 13:27:12.031, clock=4]
     [java] CT writes chips: Chip [id=null, agent=a20, time=2015-05-06 13:27:12.033, color=orange, clock=4, number=2]
     [java] CT writes: Chip [id=null, agent=a20, time=2015-05-06 13:27:12.033, color=orange, clock=4, number=2]
     [java] CT notification: Position [subject=a20, id=null, cell=Cell [x=0, y=4], time=2015-05-06 13:27:12.031, clock=4]
     [java] 20
     [java] 20
     [java] CT writes chips: Chip [id=null, agent=a20, time=2015-05-06 13:27:12.035, color=red, clock=4, number=3]
     [java] CT writes: Chip [id=null, agent=a20, time=2015-05-06 13:27:12.035, color=red, clock=4, number=3]
     [java] CT writes chips: Chip [id=null, agent=a20, time=2015-05-06 13:27:12.037, color=purple, clock=4, number=1]
     [java] CT writes: Chip [id=null, agent=a20, time=2015-05-06 13:27:12.037, color=purple, clock=4, number=1]
     [java] CT writes chips: Chip [id=null, agent=a20, time=2015-05-06 13:27:12.04, color=green, clock=4, number=2]
     [java] CT writes: Chip [id=null, agent=a20, time=2015-05-06 13:27:12.04, color=green, clock=4, number=2]
     [java] CT writes position: Position [subject=a40, id=null, cell=Cell [x=4, y=0], time=2015-05-06 13:27:12.042, clock=4]
     [java] CT writes: Position [subject=a40, id=null, cell=Cell [x=4, y=0], time=2015-05-06 13:27:12.042, clock=4]
     [java] CT writes chips: Chip [id=null, agent=a40, time=2015-05-06 13:27:12.043, color=orange, clock=4, number=2]
     [java] CT writes: Chip [id=null, agent=a40, time=2015-05-06 13:27:12.043, color=orange, clock=4, number=2]
     [java] CT notification: Position [subject=a40, id=null, cell=Cell [x=4, y=0], time=2015-05-06 13:27:12.042, clock=4]
     [java] 40
     [java] 40
     [java] 40
     [java] CT writes chips: Chip [id=null, agent=a40, time=2015-05-06 13:27:12.05, color=red, clock=4, number=3]
     [java] CT writes: Chip [id=null, agent=a40, time=2015-05-06 13:27:12.05, color=red, clock=4, number=3]
     [java] CT writes chips: Chip [id=null, agent=a40, time=2015-05-06 13:27:12.053, color=purple, clock=4, number=1]
     [java] CT writes: Chip [id=null, agent=a40, time=2015-05-06 13:27:12.053, color=purple, clock=4, number=1]
     [java] CT writes chips: Chip [id=null, agent=a40, time=2015-05-06 13:27:12.055, color=green, clock=4, number=2]
     [java] CT writes: Chip [id=null, agent=a40, time=2015-05-06 13:27:12.055, color=green, clock=4, number=2]
     [java] CT writes position: Position [subject=a30, id=null, cell=Cell [x=4, y=4], time=2015-05-06 13:27:12.057, clock=4]
     [java] CT writes: Position [subject=a30, id=null, cell=Cell [x=4, y=4], time=2015-05-06 13:27:12.057, clock=4]
     [java] CT writes chips: Chip [id=null, agent=a30, time=2015-05-06 13:27:12.059, color=orange, clock=4, number=1]
     [java] CT writes: Chip [id=null, agent=a30, time=2015-05-06 13:27:12.059, color=orange, clock=4, number=1]
     [java] CT notification: Position [subject=a30, id=null, cell=Cell [x=4, y=4], time=2015-05-06 13:27:12.057, clock=4]
     [java] CT writes chips: Chip [id=null, agent=a30, time=2015-05-06 13:27:12.061, color=red, clock=4, number=1]
     [java] CT writes: Chip [id=null, agent=a30, time=2015-05-06 13:27:12.061, color=red, clock=4, number=1]
     [java] 30
     [java] 30
     [java] 30
     [java] 30
     [java] CT writes chips: Chip [id=null, agent=a30, time=2015-05-06 13:27:12.063, color=purple, clock=4, number=3]
     [java] CT writes: Chip [id=null, agent=a30, time=2015-05-06 13:27:12.063, color=purple, clock=4, number=3]
     [java] CT writes chips: Chip [id=null, agent=a30, time=2015-05-06 13:27:12.064, color=green, clock=4, number=2]
     [java] CT writes: Chip [id=null, agent=a30, time=2015-05-06 13:27:12.064, color=green, clock=4, number=2]
     [java] CT notification: Time [clock=5, time=2015-05-06 13:26:48.16]
     [java] CT players (clone,for): 
     [java] CT notification: Time [clock=6, time=2015-05-06 13:26:58.162]
     [java] CT players (clone,for): 
     [java] CT notification: Time [clock=7, time=2015-05-06 13:27:08.165]
     [java] CT players (clone,for): 
     [java] A New Phase Began: Movement Phase
     [java] CT notification: Time [clock=8, time=2015-05-06 13:27:18.168]
     [java] CT players (clone,for): 
     [java] CT notification: Time [clock=9, time=2015-05-06 13:27:28.171]
     [java] CT players (clone,for): 
     [java] A New Phase Began: Feedback Phase
     [java] CT notification: Time [clock=10, time=2015-05-06 13:27:38.174]
     [java] CT players (clone,for): 
     [java] DEBUG root                           - Game ended id = 0
     [java] CT notification: Time [clock=11, time=2015-05-06 13:27:48.177]
     [java] CT players (clone,for): 
     [java] CT notification: Time [clock=12, time=2015-05-06 13:27:58.181]
     [java] CT players (clone,for): 
     [java] CT notification: Time [clock=13, time=2015-05-06 13:28:08.184]
     [java] CT players (clone,for): 
     [java] CT notification: Time [clock=14, time=2015-05-06 13:28:18.188]
     [java] CT players (clone,for): 
     [java] CT notification: Time [clock=15, time=2015-05-06 13:28:28.19]
     [java] CT players (clone,for): 
     [java] CT notification: Time [clock=16, time=2015-05-06 13:28:38.195]
     [java] CT players (clone,for): 
     [java] CT notification: Time [clock=17, time=2015-05-06 13:28:48.199]
     [java] CT players (clone,for): 
     [java] CT notification: Time [clock=18, time=2015-05-06 13:28:58.202]
     [java] CT players (clone,for): 
     [java] CT notification: Time [clock=19, time=2015-05-06 13:29:08.205]
     [java] CT players (clone,for): 
     [java] CT notification: Time [clock=20, time=2015-05-06 13:29:18.208]
     [java] CT players (clone,for): 
     [java] CT notification: Time [clock=21, time=2015-05-06 13:29:28.21]
     [java] CT players (clone,for): 
     [java] CT notification: Time [clock=22, time=2015-05-06 13:29:38.214]
     [java] CT players (clone,for): 
     [java] CT notification: Time [clock=23, time=2015-05-06 13:29:48.216]
     [java] CT players (clone,for): 
     [java] CT notification: Time [clock=24, time=2015-05-06 13:29:58.218]
     [java] CT players (clone,for): 
     [java] CT notification: Time [clock=25, time=2015-05-06 13:30:08.22]
     [java] CT players (clone,for): 
     [java] CT notification: Time [clock=26, time=2015-05-06 13:30:18.224]
     [java] CT players (clone,for): 
     [java] CT notification: Time [clock=27, time=2015-05-06 13:30:28.227]
     [java] CT players (clone,for): 
     [java] CT notification: Time [clock=28, time=2015-05-06 13:30:38.229]
     [java] CT players (clone,for): 
     [java] INFO  BrokerService                  - ActiveMQ Message Broker (localhost, ID:kafka.local-51218-1430915155230-1:0) is shutting down
     [java] CT notification: Time [clock=29, time=2015-05-06 13:30:48.231]
     [java] CT players (clone,for): 
     [java] WARN  ActiveMQConnection             - Async exception with no exception listener: java.io.EOFException
     [java] java.io.EOFException
     [java] 	at java.io.DataInputStream.readInt(DataInputStream.java:375)
     [java] 	at org.apache.activemq.openwire.OpenWireFormat.unmarshal(OpenWireFormat.java:269)
     [java] 	at org.apache.activemq.transport.tcp.TcpTransport.readCommand(TcpTransport.java:156)
     [java] 	at org.apache.activemq.transport.tcp.TcpTransport.run(TcpTransport.java:136)
     [java] 	at java.lang.Thread.run(Thread.java:695)
     [java] WARN  ActiveMQConnection             - Async exception with no exception listener: java.io.EOFException
     [java] java.io.EOFException
     [java] 	at java.io.DataInputStream.readInt(DataInputStream.java:375)
     [java] 	at org.apache.activemq.openwire.OpenWireFormat.unmarshal(OpenWireFormat.java:269)
     [java] 	at org.apache.activemq.transport.tcp.TcpTransport.readCommand(TcpTransport.java:156)
     [java] 	at org.apache.activemq.transport.tcp.TcpTransport.run(TcpTransport.java:136)
     [java] 	at java.lang.Thread.run(Thread.java:695)
     [java] INFO  TransportConnector             - Connector tcp://kafka.local:8088 Stopped
     [java] INFO  BrokerService                  - ActiveMQ JMS Message Broker (localhost, ID:kafka.local-51218-1430915155230-1:0) stopped
     [java] Java Result: 143

BUILD SUCCESSFUL
Total time: 4 minutes 59 seconds
