Buildfile: /Users/dxd/git/ct3/WebCT/build.xml

runserver:
     [java] INFO  BrokerService                  - ActiveMQ null JMS Message Broker (localhost) is starting
     [java] INFO  BrokerService                  - For help or more information please see: http://activemq.apache.org/
     [java] INFO  AMQPersistenceAdapter          - AMQStore starting using directory: activemq-data/localhost
     [java] INFO  KahaStore                      - Kaha Store using data directory /Users/dxd/git/ct3/WebCT/activemq-data/localhost/kr-store
     [java] INFO  AMQPersistenceAdapter          - Active data files: []
     [java] INFO  AMQPersistenceAdapter          - Journal Recovery Started from: DataManager:(data-)
     [java] INFO  AMQPersistenceAdapter          - Recovered 0 operations from redo log in 0.174 seconds.
     [java] INFO  BrokerService                  - Using Persistence Adapter: AMQPersistenceAdapter(activemq-data/localhost)
     [java] INFO  TransportServerThreadSupport   - Listening for connections at: tcp://kafka.local:8088
     [java] INFO  TransportConnector             - Connector tcp://kafka.local:8088 Started
     [java] INFO  BrokerService                  - ActiveMQ JMS Message Broker (localhost, ID:kafka.local-50589-1432133117580-1:0) started
     [java] INFO  root                           - Started the JMS Server
     [java] INFO  ManagementContext              - JMX consoles can connect to service:jmx:rmi:///jndi/rmi://localhost:1099/jmxrmi
     [java] INFO  BrokerService                  - About to delete any non-persistent messages that may have overflowed to disk ...
     [java] INFO  KahaStore                      - Kaha Store successfully deleted data directory activemq-data/localhost/tmp_storage
     [java] INFO  BrokerService                  - Successfully deleted temporary storage
     [java] INFO  root                           - Controller Interface has been started
     [java] INFO  root                           - ColoredTrails is now running...
     [java] INFO  root                           - Colored Trails Server received a subcription message from client: 30 [192.168.0.40] of type 
     [java] INFO  root                           - Colored Trails Server received a subcription message from client: 40 [192.168.0.40] of type 
     [java] INFO  root                           - Colored Trails Server received a subcription message from client: 10 [192.168.0.40] of type 
     [java] Adding client state for 30
     [java] Adding client state for 40
     [java] Adding client state for 10
     [java] Adding client state for 20
     [java] INFO  root                           - Colored Trails Server received a subcription message from client: 20 [192.168.0.40] of type 
     [java] Received message to add config class from: admin
     [java] INFO  root                           - Received message from admin: SET_CONFIGURATION
     [java] INFO  root                           - Received message from admin client:ADD_CONFIGURATION
     [java] DEBUG root                           - Administrator: adding configuration file [WebCTInputFileConfig] class name: WebCTInputFileConfig
     [java] INFO  root                           - Received message from admin client:NEW_GAME
     [java] DEBUG root                           - Administrator: newGame configName = [WebCTInputFileConfig] 
     [java] DEBUG root                           - Administrator: newGame adding Player: [10]
     [java] DEBUG root                           - Administrator: newGame adding Player: [20]
     [java] DEBUG root                           - Administrator: newGame adding Player: [30]
     [java] DEBUG root                           - Administrator: newGame adding Player: [40]
     [java] DEBUG root                           - ServerData addNewGame -- config file
     [java] DEBUG root                           - ServerData addNewGame -- Starting ServerGameStatus
     [java] DEBUG root                           - ServerData addNewGame -- Starting a new game with id: 0
     [java] DEBUG root                           - ClientCommands creating new Topic: ct3.game.0
     [java] DEBUG root                           - sending sendClientSubscribeToGameMessage: for game [0] and player [10]
     [java] DEBUG root                           - sending sendClientSubscribeToGameMessage: for game [0] and player [20]
     [java] DEBUG root                           - sending sendClientSubscribeToGameMessage: for game [0] and player [30]
     [java] DEBUG root                           - sending sendClientSubscribeToGameMessage: for game [0] and player [40]
     [java] INFO  root                           - Received message from admin client:LIST_GAMES
     [java] INFO  root                           - Received message from admin client:LIST_CONFIGURATIONS
     [java] received client subscribed successfully message
     [java] received client subscribed successfully message
     [java] received client subscribed successfully message
     [java] received client subscribed successfully message
     [java] All players subscribed to game, trying to start
     [java] INFO  root                           - Sending reply to controller: NEW_GAME_REPLY
     [java] DEBUG root                           - sendGameStart
     [java] DEBUG root                           - sendGameStart to controller
     [java] DEBUG root                           - sending game id = 0
     [java] INFO  root                           - Starting spaces 1
     [java] DEBUG UrlSpaceFactoryBean            - Finding Space with URL [jini:/*/*/myGrid] and properties [{com.j_spaces.core.container.shutdown_hook=false}]
     [java] 2015-05-20 15:45:29,537  INFO [com.gigaspaces.localcache] - LocalCache#1-myGrid was created successfully. Total time: 434 milliseconds
     [java] 2015-05-20 15:45:29,543 CONFIG [com.gigaspaces.logger] - Log file: /Users/dxd/git/ct3/logs/2015-05-20~15.45-gigaspaces-service-192.168.0.40-75793.log
     [java] DEBUG GigaSpaceFactoryBean           - Clustered flag automatically set to [true] since the space is a local cache space for bean [null]
     [java] DEBUG UrlSpaceFactoryBean            - Finding Space with URL [jini://*/*/myGrid] and properties [{com.j_spaces.core.container.shutdown_hook=false}]
     [java] zatim dobry
     [java] Let the game begin...
     [java] game id= 0
     [java] ---- Sending Scoring Change ----
     [java] setPhases in GameStatus
     [java] A New Phase Began: Norm Phase
     [java] -------- Creating Board --------
     [java] CT writes: Tile [id=null, cell=Cell [x=0, y=0], subject=brown, time=2015-05-20 15:45:29.698, clock=0]
     [java] CT writes: Tile [id=null, cell=Cell [x=0, y=1], subject=brown, time=2015-05-20 15:45:29.74, clock=0]
     [java] CT writes: Tile [id=null, cell=Cell [x=0, y=2], subject=white, time=2015-05-20 15:45:29.743, clock=0]
     [java] CT writes: Tile [id=null, cell=Cell [x=0, y=3], subject=yellow, time=2015-05-20 15:45:29.751, clock=0]
     [java] CT writes: Tile [id=null, cell=Cell [x=0, y=4], subject=brown, time=2015-05-20 15:45:29.761, clock=0]
     [java] CT writes: Tile [id=null, cell=Cell [x=1, y=0], subject=brown, time=2015-05-20 15:45:29.764, clock=0]
     [java] CT writes: Tile [id=null, cell=Cell [x=1, y=1], subject=yellow, time=2015-05-20 15:45:29.769, clock=0]
     [java] CT writes: Tile [id=null, cell=Cell [x=1, y=2], subject=white, time=2015-05-20 15:45:29.77, clock=0]
     [java] CT writes: Tile [id=null, cell=Cell [x=1, y=3], subject=white, time=2015-05-20 15:45:29.773, clock=0]
     [java] CT writes: Tile [id=null, cell=Cell [x=1, y=4], subject=blue, time=2015-05-20 15:45:29.776, clock=0]
     [java] CT writes: Tile [id=null, cell=Cell [x=2, y=0], subject=white, time=2015-05-20 15:45:29.781, clock=0]
     [java] CT writes: Tile [id=null, cell=Cell [x=2, y=1], subject=white, time=2015-05-20 15:45:29.787, clock=0]
     [java] CT writes: Tile [id=null, cell=Cell [x=2, y=2], subject=brown, time=2015-05-20 15:45:29.798, clock=0]
     [java] CT writes: Tile [id=null, cell=Cell [x=2, y=3], subject=blue, time=2015-05-20 15:45:29.801, clock=0]
     [java] CT writes: Tile [id=null, cell=Cell [x=2, y=4], subject=white, time=2015-05-20 15:45:29.802, clock=0]
     [java] CT writes: Tile [id=null, cell=Cell [x=3, y=0], subject=white, time=2015-05-20 15:45:29.804, clock=0]
     [java] CT writes: Tile [id=null, cell=Cell [x=3, y=1], subject=yellow, time=2015-05-20 15:45:29.807, clock=0]
     [java] CT notification: Prohibition [subject=a20, prohibition=[rejectRequests(a20)], sanction=[reduce(a20, 500)], clock=0, time=2015-05-20 15:45:29.756]
     [java] 20
     [java] 20
     [java] CT prohibition: [Prohibition to reject requests for chips from the other players or 500 will be deducted.]
     [java] CT writes: Tile [id=null, cell=Cell [x=3, y=2], subject=blue, time=2015-05-20 15:45:29.828, clock=0]
     [java] CT writes: Tile [id=null, cell=Cell [x=3, y=3], subject=blue, time=2015-05-20 15:45:29.831, clock=0]
     [java] CT writes: Tile [id=null, cell=Cell [x=3, y=4], subject=yellow, time=2015-05-20 15:45:29.843, clock=0]
     [java] CT writes: Tile [id=null, cell=Cell [x=4, y=0], subject=brown, time=2015-05-20 15:45:29.845, clock=0]
     [java] CT writes: Tile [id=null, cell=Cell [x=4, y=1], subject=blue, time=2015-05-20 15:45:29.848, clock=0]
     [java] CT writes: Tile [id=null, cell=Cell [x=4, y=2], subject=yellow, time=2015-05-20 15:45:29.851, clock=0]
     [java] CT writes: Tile [id=null, cell=Cell [x=4, y=3], subject=blue, time=2015-05-20 15:45:29.853, clock=0]
     [java] CT writes: Tile [id=null, cell=Cell [x=4, y=4], subject=brown, time=2015-05-20 15:45:29.855, clock=0]
     [java] CT writes goal: Goal [id=null, cell=Cell [x=2, y=2], agent=null, time=null, clock=0]
     [java] CT writes: Goal [id=null, cell=Cell [x=2, y=2], agent=null, time=2015-05-20 15:45:29.906, clock=0]
     [java] CT notification: Prohibition [subject=a20, prohibition=[moveTooFast(a20)], sanction=[reduce(a20, 300)], clock=0, time=2015-05-20 15:45:29.777]
     [java] 20
     [java] 20
     [java] CT prohibition: [Prohibition to reject requests for chips from the other players or 500 will be deducted., Prohibition to move more than 1 square per clock tick or 300 will be deducted.]
     [java] revelation chips: { chips  'blue':0 'white':0 'brown':0 'yellow':0 }
     [java] revelation chips: { chips  'blue':0 'white':0 'brown':0 'yellow':0 }
     [java] revelation chips: { chips  'blue':0 'white':0 'brown':0 'yellow':0 }
     [java] revelation chips: { chips  'blue':0 'white':0 'brown':0 'yellow':0 }
     [java] CT notification: Time [clock=1, time=2015-05-20 15:45:30.735]
     [java] CT players (clone,for): 
     [java] CT writes position: Position [subject=a30, id=null, cell=Cell [x=4, y=4], time=2015-05-20 15:46:01.094, clock=1]
     [java] CT writes: Position [subject=a30, id=null, cell=Cell [x=4, y=4], time=2015-05-20 15:46:01.094, clock=1]
     [java] CT writes position: Position [subject=a20, id=null, cell=Cell [x=0, y=4], time=2015-05-20 15:46:01.104, clock=1]
     [java] CT writes: Position [subject=a20, id=null, cell=Cell [x=0, y=4], time=2015-05-20 15:46:01.104, clock=1]
     [java] CT writes position: Position [subject=a10, id=null, cell=Cell [x=0, y=0], time=2015-05-20 15:46:01.106, clock=1]
     [java] CT writes: Position [subject=a10, id=null, cell=Cell [x=0, y=0], time=2015-05-20 15:46:01.106, clock=1]
     [java] CT writes position: Position [subject=a40, id=null, cell=Cell [x=4, y=0], time=2015-05-20 15:46:01.108, clock=1]
     [java] CT writes: Position [subject=a40, id=null, cell=Cell [x=4, y=0], time=2015-05-20 15:46:01.108, clock=1]
     [java] CT notification: Position [subject=a30, id=null, cell=Cell [x=4, y=4], time=2015-05-20 15:46:01.094, clock=1]
     [java] 30
     [java] CT notification: Position [subject=a20, id=null, cell=Cell [x=0, y=4], time=2015-05-20 15:46:01.104, clock=1]
     [java] 20
     [java] 20
     [java] CT notification: Position [subject=a10, id=null, cell=Cell [x=0, y=0], time=2015-05-20 15:46:01.106, clock=1]
     [java] 10
     [java] 10
     [java] 10
     [java] CT notification: Position [subject=a40, id=null, cell=Cell [x=4, y=0], time=2015-05-20 15:46:01.108, clock=1]
     [java] 40
     [java] 40
     [java] 40
     [java] 40
     [java] CT notification: Time [clock=2, time=2015-05-20 15:45:40.738]
     [java] CT players (clone,for): 
     [java] CT notification: Time [clock=3, time=2015-05-20 15:45:50.739]
     [java] CT players (clone,for): 
     [java] CT notification: Time [clock=4, time=2015-05-20 15:46:00.742]
     [java] CT players (clone,for): 
     [java] CT notification: Obligation [subject=a20, obligation=[at(1, 2, a20)], sanction=[reduce(a20, 500)], deadline=30, time=2015-05-20 15:46:01.876, clock=4]
     [java] 20
     [java] 20
     [java] CT obligation: [Obligation to be at the grid tile [1,2] before clock 30 or 500 will be deducted.]
     [java] CT notification: Time [clock=5, time=2015-05-20 15:46:10.747]
     [java] CT players (clone,for): 
     [java] CT notification: Time [clock=6, time=2015-05-20 15:46:20.75]
     [java] CT players (clone,for): 
     [java] A New Phase Began: Communication Phase
     [java] DEBUG root                           - received a move request...: 30
     [java] DEBUG root                           - received a discourse mesage... 10
     [java] Received Discourse Message 
     [java] Class: class edu.harvard.eecs.airg.coloredtrails.shared.discourse.BasicProposalDiscourseMessage
     [java] From: 0
     [java] From: 1
     [java] DEBUG root                           - sendGameDiscourseMessage class edu.harvard.eecs.airg.coloredtrails.shared.discourse.BasicProposalDiscourseMessage
     [java] DEBUG root                           - FROM: 0 TO: 1(PIN: 20)
     [java] CT writes: Proposal [id=-1, agent=a10, agent2=a20, clock=6, time=2015-05-20 15:46:30.545]
     [java] DEBUG root                           - received a discourse mesage... 40
     [java] Received Discourse Message 
     [java] Class: class edu.harvard.eecs.airg.coloredtrails.shared.discourse.BasicProposalDiscourseMessage
     [java] From: 3
     [java] From: 0
     [java] DEBUG root                           - sendGameDiscourseMessage class edu.harvard.eecs.airg.coloredtrails.shared.discourse.BasicProposalDiscourseMessage
     [java] DEBUG root                           - FROM: 3 TO: 0(PIN: 10)
     [java] CT writes: Proposal [id=-1, agent=a40, agent2=a10, clock=6, time=2015-05-20 15:46:30.609]
     [java] DEBUG root                           - received a discourse mesage... 10
     [java] Received Discourse Message 
     [java] Class: class edu.harvard.eecs.airg.coloredtrails.shared.discourse.BasicProposalDiscussionDiscourseMessage
     [java] From: 0
     [java] From: 3
     [java] DEBUG root                           - sendGameDiscourseMessage class edu.harvard.eecs.airg.coloredtrails.shared.discourse.BasicProposalDiscussionDiscourseMessage
     [java] DEBUG root                           - FROM: 0 TO: 3(PIN: 40)
     [java] ---- BasicProposalDiscussionDiscourseMessage ----
     [java] CT writes: Response [id=-1, response=accepted, clock=6, time=2015-05-20 15:46:30.622]
     [java] We have an accepted offer, chips before: 
     [java] player pin: 30
     [java] player chips: { chips  'blue':8 'white':0 'brown':0 'yellow':0 }
     [java] player pin: 20
     [java] player chips: { chips  'blue':0 'white':0 'brown':9 'yellow':0 }
     [java] player pin: 10
     [java] player chips: { chips  'blue':0 'white':9 'brown':0 'yellow':0 }
     [java] player pin: 40
     [java] player chips: { chips  'blue':0 'white':0 'brown':0 'yellow':9 }
     [java] Initiating Automatic Chip Transfer
     [java] Proposer:  3
     [java] Sending: { chips  }
     [java] Responder: 0
     [java] Sending: { chips  'white':1 }
     [java] EXECUTING AUTOMATIC CHIP TRANSFER
     [java] chips after: 
     [java] player pin: 30
     [java] player chips: { chips  'blue':8 'white':0 'brown':0 'yellow':0 }
     [java] player pin: 20
     [java] player chips: { chips  'blue':0 'white':0 'brown':9 'yellow':0 }
     [java] player pin: 10
     [java] player chips: { chips  'blue':0 'white':8 'brown':0 'yellow':0 }
     [java] player pin: 40
     [java] player chips: { chips  'blue':0 'white':1 'brown':0 'yellow':9 }
     [java] CT notification: Time [clock=7, time=2015-05-20 15:46:30.752]
     [java] CT players (clone,for): 
     [java] CT writes position: Position [subject=a30, id=null, cell=Cell [x=4, y=3], time=2015-05-20 15:46:30.758, clock=7]
     [java] CT writes: Position [subject=a30, id=null, cell=Cell [x=4, y=3], time=2015-05-20 15:46:30.758, clock=7]
     [java] CT notification: Position [subject=a30, id=null, cell=Cell [x=4, y=3], time=2015-05-20 15:46:30.758, clock=7]
     [java] 30
     [java] DEBUG root                           - received a discourse mesage... 30
     [java] Received Discourse Message 
     [java] Class: class edu.harvard.eecs.airg.coloredtrails.shared.discourse.BasicProposalDiscourseMessage
     [java] From: 2
     [java] From: 3
     [java] DEBUG root                           - sendGameDiscourseMessage class edu.harvard.eecs.airg.coloredtrails.shared.discourse.BasicProposalDiscourseMessage
     [java] DEBUG root                           - FROM: 2 TO: 3(PIN: 40)
     [java] CT writes: Proposal [id=-1, agent=a30, agent2=a40, clock=7, time=2015-05-20 15:46:30.9]
     [java] DEBUG root                           - received a discourse mesage... 40
     [java] Received Discourse Message 
     [java] Class: class edu.harvard.eecs.airg.coloredtrails.shared.discourse.BasicProposalDiscussionDiscourseMessage
     [java] From: 3
     [java] From: 2
     [java] DEBUG root                           - sendGameDiscourseMessage class edu.harvard.eecs.airg.coloredtrails.shared.discourse.BasicProposalDiscussionDiscourseMessage
     [java] DEBUG root                           - FROM: 3 TO: 2(PIN: 30)
     [java] ---- BasicProposalDiscussionDiscourseMessage ----
     [java] CT writes: Response [id=-1, response=accepted, clock=7, time=2015-05-20 15:46:30.933]
     [java] We have an accepted offer, chips before: 
     [java] player pin: 30
     [java] player chips: { chips  'blue':8 'white':0 'brown':0 'yellow':0 }
     [java] player pin: 20
     [java] player chips: { chips  'blue':0 'white':0 'brown':9 'yellow':0 }
     [java] player pin: 10
     [java] player chips: { chips  'blue':0 'white':8 'brown':0 'yellow':0 }
     [java] player pin: 40
     [java] player chips: { chips  'blue':0 'white':1 'brown':0 'yellow':9 }
     [java] Initiating Automatic Chip Transfer
     [java] Proposer:  2
     [java] Sending: { chips  }
     [java] Responder: 3
     [java] Sending: { chips  'yellow':1 }
     [java] EXECUTING AUTOMATIC CHIP TRANSFER
     [java] chips after: 
     [java] player pin: 30
     [java] player chips: { chips  'blue':8 'white':0 'brown':0 'yellow':1 }
     [java] player pin: 20
     [java] player chips: { chips  'blue':0 'white':0 'brown':9 'yellow':0 }
     [java] player pin: 10
     [java] player chips: { chips  'blue':0 'white':8 'brown':0 'yellow':0 }
     [java] player pin: 40
     [java] player chips: { chips  'blue':0 'white':1 'brown':0 'yellow':8 }
     [java] DEBUG root                           - received a move request...: 40
     [java] DEBUG root                           - received a move request...: 30
     [java] DEBUG root                           - received a move request...: 40
     [java] DEBUG root                           - received a move request...: 30
     [java] DEBUG root                           - received a discourse mesage... 40
     [java] Received Discourse Message 
     [java] Class: class edu.harvard.eecs.airg.coloredtrails.shared.discourse.BasicProposalDiscourseMessage
     [java] From: 3
     [java] From: 2
     [java] DEBUG root                           - sendGameDiscourseMessage class edu.harvard.eecs.airg.coloredtrails.shared.discourse.BasicProposalDiscourseMessage
     [java] DEBUG root                           - FROM: 3 TO: 2(PIN: 30)
     [java] CT writes: Proposal [id=-1, agent=a40, agent2=a30, clock=7, time=2015-05-20 15:46:31.576]
     [java] DEBUG root                           - received a discourse mesage... 30
     [java] Received Discourse Message 
     [java] Class: class edu.harvard.eecs.airg.coloredtrails.shared.discourse.BasicProposalDiscussionDiscourseMessage
     [java] From: 2
     [java] From: 3
     [java] DEBUG root                           - sendGameDiscourseMessage class edu.harvard.eecs.airg.coloredtrails.shared.discourse.BasicProposalDiscussionDiscourseMessage
     [java] DEBUG root                           - FROM: 2 TO: 3(PIN: 40)
     [java] ---- BasicProposalDiscussionDiscourseMessage ----
     [java] CT writes: Response [id=-1, response=accepted, clock=7, time=2015-05-20 15:46:31.596]
     [java] We have an accepted offer, chips before: 
     [java] player pin: 30
     [java] player chips: { chips  'blue':7 'white':0 'brown':0 'yellow':0 }
     [java] player pin: 20
     [java] player chips: { chips  'blue':0 'white':0 'brown':9 'yellow':0 }
     [java] player pin: 10
     [java] player chips: { chips  'blue':0 'white':8 'brown':0 'yellow':0 }
     [java] player pin: 40
     [java] player chips: { chips  'blue':0 'white':0 'brown':0 'yellow':7 }
     [java] Initiating Automatic Chip Transfer
     [java] Proposer:  3
     [java] Sending: { chips  }
     [java] Responder: 2
     [java] Sending: { chips  'blue':1 }
     [java] EXECUTING AUTOMATIC CHIP TRANSFER
     [java] chips after: 
     [java] player pin: 30
     [java] player chips: { chips  'blue':6 'white':0 'brown':0 'yellow':0 }
     [java] player pin: 20
     [java] player chips: { chips  'blue':0 'white':0 'brown':9 'yellow':0 }
     [java] player pin: 10
     [java] player chips: { chips  'blue':0 'white':8 'brown':0 'yellow':0 }
     [java] player pin: 40
     [java] player chips: { chips  'blue':1 'white':0 'brown':0 'yellow':7 }
     [java] DEBUG root                           - received a move request...: 40
     [java] DEBUG root                           - received a discourse mesage... 40
     [java] Received Discourse Message 
     [java] Class: class edu.harvard.eecs.airg.coloredtrails.shared.discourse.BasicProposalDiscourseMessage
     [java] From: 3
     [java] From: 1
     [java] DEBUG root                           - sendGameDiscourseMessage class edu.harvard.eecs.airg.coloredtrails.shared.discourse.BasicProposalDiscourseMessage
     [java] DEBUG root                           - FROM: 3 TO: 1(PIN: 20)
     [java] CT writes: Proposal [id=-1, agent=a40, agent2=a20, clock=7, time=2015-05-20 15:46:32.241]
     [java] CT notification: Time [clock=8, time=2015-05-20 15:46:40.753]
     [java] CT players (clone,for): 
     [java] CT writes position: Position [subject=a30, id=null, cell=Cell [x=3, y=2], time=2015-05-20 15:46:40.763, clock=8]
     [java] CT writes: Position [subject=a30, id=null, cell=Cell [x=3, y=2], time=2015-05-20 15:46:40.763, clock=8]
     [java] CT writes position: Position [subject=a40, id=null, cell=Cell [x=3, y=2], time=2015-05-20 15:46:40.767, clock=8]
     [java] CT writes: Position [subject=a40, id=null, cell=Cell [x=3, y=2], time=2015-05-20 15:46:40.767, clock=8]
     [java] CT notification: Position [subject=a30, id=null, cell=Cell [x=3, y=2], time=2015-05-20 15:46:40.763, clock=8]
     [java] 30
     [java] CT notification: Position [subject=a40, id=null, cell=Cell [x=3, y=2], time=2015-05-20 15:46:40.767, clock=8]
     [java] 40
     [java] 40
     [java] 40
     [java] 40
     [java] CT notification: Time [clock=9, time=2015-05-20 15:46:50.756]
     [java] CT players (clone,for): 
     [java] DEBUG root                           - received a discourse mesage... 20
     [java] Received Discourse Message 
     [java] Class: class edu.harvard.eecs.airg.coloredtrails.shared.discourse.BasicProposalDiscourseMessage
     [java] From: 1
     [java] From: 0
     [java] DEBUG root                           - sendGameDiscourseMessage class edu.harvard.eecs.airg.coloredtrails.shared.discourse.BasicProposalDiscourseMessage
     [java] DEBUG root                           - FROM: 1 TO: 0(PIN: 10)
     [java] CT writes: Proposal [id=6804, agent=a20, agent2=a10, clock=9, time=2015-05-20 15:46:59.621]
     [java] DEBUG root                           - received a discourse mesage... 10
     [java] Received Discourse Message 
     [java] Class: class edu.harvard.eecs.airg.coloredtrails.shared.discourse.BasicProposalDiscussionDiscourseMessage
     [java] From: 0
     [java] From: 1
     [java] DEBUG root                           - sendGameDiscourseMessage class edu.harvard.eecs.airg.coloredtrails.shared.discourse.BasicProposalDiscussionDiscourseMessage
     [java] DEBUG root                           - FROM: 0 TO: 1(PIN: 20)
     [java] ---- BasicProposalDiscussionDiscourseMessage ----
     [java] CT writes: Response [id=6804, response=accepted, clock=9, time=2015-05-20 15:46:59.63]
     [java] We have an accepted offer, chips before: 
     [java] player pin: 30
     [java] player chips: { chips  'blue':6 'white':0 'brown':0 'yellow':0 }
     [java] player pin: 20
     [java] player chips: { chips  'blue':0 'white':0 'brown':9 'yellow':0 }
     [java] player pin: 10
     [java] player chips: { chips  'blue':0 'white':8 'brown':0 'yellow':0 }
     [java] player pin: 40
     [java] player chips: { chips  'blue':0 'white':0 'brown':0 'yellow':7 }
     [java] Initiating Automatic Chip Transfer
     [java] Proposer:  1
     [java] Sending: { chips  'blue':0 'white':0 'brown':1 'yellow':0 }
     [java] Responder: 0
     [java] Sending: { chips  'blue':0 'white':2 'brown':0 'yellow':0 }
     [java] EXECUTING AUTOMATIC CHIP TRANSFER
     [java] chips after: 
     [java] player pin: 30
     [java] player chips: { chips  'blue':6 'white':0 'brown':0 'yellow':0 }
     [java] player pin: 20
     [java] player chips: { chips  'blue':0 'white':2 'brown':8 'yellow':0 }
     [java] player pin: 10
     [java] player chips: { chips  'blue':0 'white':6 'brown':1 'yellow':0 }
     [java] player pin: 40
     [java] player chips: { chips  'blue':0 'white':0 'brown':0 'yellow':7 }
     [java] DEBUG root                           - received a move request...: 10
     [java] DEBUG root                           - received a discourse mesage... 10
     [java] Received Discourse Message 
     [java] Class: class edu.harvard.eecs.airg.coloredtrails.shared.discourse.BasicProposalDiscourseMessage
     [java] From: 0
     [java] From: 3
     [java] DEBUG root                           - sendGameDiscourseMessage class edu.harvard.eecs.airg.coloredtrails.shared.discourse.BasicProposalDiscourseMessage
     [java] DEBUG root                           - FROM: 0 TO: 3(PIN: 40)
     [java] CT writes: Proposal [id=-1, agent=a10, agent2=a40, clock=9, time=2015-05-20 15:46:59.973]
     [java] DEBUG root                           - received a discourse mesage... 40
     [java] Received Discourse Message 
     [java] Class: class edu.harvard.eecs.airg.coloredtrails.shared.discourse.BasicProposalDiscussionDiscourseMessage
     [java] From: 3
     [java] From: 0
     [java] DEBUG root                           - sendGameDiscourseMessage class edu.harvard.eecs.airg.coloredtrails.shared.discourse.BasicProposalDiscussionDiscourseMessage
     [java] DEBUG root                           - FROM: 3 TO: 0(PIN: 10)
     [java] ---- BasicProposalDiscussionDiscourseMessage ----
     [java] CT writes: Response [id=-1, response=accepted, clock=9, time=2015-05-20 15:46:59.979]
     [java] We have an accepted offer, chips before: 
     [java] player pin: 30
     [java] player chips: { chips  'blue':6 'white':0 'brown':0 'yellow':0 }
     [java] player pin: 20
     [java] player chips: { chips  'blue':0 'white':2 'brown':8 'yellow':0 }
     [java] player pin: 10
     [java] player chips: { chips  'blue':0 'white':6 'brown':0 'yellow':0 }
     [java] player pin: 40
     [java] player chips: { chips  'blue':0 'white':0 'brown':0 'yellow':7 }
     [java] Initiating Automatic Chip Transfer
     [java] Proposer:  0
     [java] Sending: { chips  }
     [java] Responder: 3
     [java] Sending: { chips  'yellow':1 }
     [java] EXECUTING AUTOMATIC CHIP TRANSFER
     [java] chips after: 
     [java] player pin: 30
     [java] player chips: { chips  'blue':6 'white':0 'brown':0 'yellow':0 }
     [java] player pin: 20
     [java] player chips: { chips  'blue':0 'white':2 'brown':8 'yellow':0 }
     [java] player pin: 10
     [java] player chips: { chips  'blue':0 'white':6 'brown':0 'yellow':1 }
     [java] player pin: 40
     [java] player chips: { chips  'blue':0 'white':0 'brown':0 'yellow':6 }
     [java] DEBUG root                           - received a move request...: 10
     [java] DEBUG root                           - received a move request...: 10
     [java] CT notification: Time [clock=10, time=2015-05-20 15:47:00.757]
     [java] CT players (clone,for): 
     [java] CT writes position: Position [subject=a10, id=null, cell=Cell [x=2, y=1], time=2015-05-20 15:47:00.763, clock=10]
     [java] CT writes: Position [subject=a10, id=null, cell=Cell [x=2, y=1], time=2015-05-20 15:47:00.763, clock=10]
     [java] CT notification: Position [subject=a10, id=null, cell=Cell [x=2, y=1], time=2015-05-20 15:47:00.763, clock=10]
     [java] 10
     [java] 10
     [java] 10
     [java] CT notification: Time [clock=11, time=2015-05-20 15:47:10.759]
     [java] CT players (clone,for): 
     [java] DEBUG root                           - received a discourse mesage... 20
     [java] Received Discourse Message 
     [java] Class: class edu.harvard.eecs.airg.coloredtrails.shared.discourse.BasicProposalDiscourseMessage
     [java] From: 1
     [java] From: 3
     [java] DEBUG root                           - sendGameDiscourseMessage class edu.harvard.eecs.airg.coloredtrails.shared.discourse.BasicProposalDiscourseMessage
     [java] DEBUG root                           - FROM: 1 TO: 3(PIN: 40)
     [java] CT writes: Proposal [id=1708, agent=a20, agent2=a40, clock=11, time=2015-05-20 15:47:13.276]
     [java] DEBUG root                           - received a discourse mesage... 40
     [java] Received Discourse Message 
     [java] Class: class edu.harvard.eecs.airg.coloredtrails.shared.discourse.BasicProposalDiscussionDiscourseMessage
     [java] From: 3
     [java] From: 1
     [java] DEBUG root                           - sendGameDiscourseMessage class edu.harvard.eecs.airg.coloredtrails.shared.discourse.BasicProposalDiscussionDiscourseMessage
     [java] DEBUG root                           - FROM: 3 TO: 1(PIN: 20)
     [java] ---- BasicProposalDiscussionDiscourseMessage ----
     [java] CT writes: Response [id=1708, response=accepted, clock=11, time=2015-05-20 15:47:13.284]
     [java] We have an accepted offer, chips before: 
     [java] player pin: 30
     [java] player chips: { chips  'blue':6 'white':0 'brown':0 'yellow':0 }
     [java] player pin: 20
     [java] player chips: { chips  'blue':0 'white':2 'brown':8 'yellow':0 }
     [java] player pin: 10
     [java] player chips: { chips  'blue':0 'white':5 'brown':0 'yellow':0 }
     [java] player pin: 40
     [java] player chips: { chips  'blue':0 'white':0 'brown':0 'yellow':6 }
     [java] Initiating Automatic Chip Transfer
     [java] Proposer:  1
     [java] Sending: { chips  'blue':0 'white':0 'brown':1 'yellow':0 }
     [java] Responder: 3
     [java] Sending: { chips  'blue':0 'white':0 'brown':0 'yellow':1 }
     [java] EXECUTING AUTOMATIC CHIP TRANSFER
     [java] chips after: 
     [java] player pin: 30
     [java] player chips: { chips  'blue':6 'white':0 'brown':0 'yellow':0 }
     [java] player pin: 20
     [java] player chips: { chips  'blue':0 'white':2 'brown':7 'yellow':1 }
     [java] player pin: 10
     [java] player chips: { chips  'blue':0 'white':5 'brown':0 'yellow':0 }
     [java] player pin: 40
     [java] player chips: { chips  'blue':0 'white':0 'brown':1 'yellow':5 }
     [java] DEBUG root                           - received a move request...: 40
     [java] DEBUG root                           - received a discourse mesage... 40
     [java] Received Discourse Message 
     [java] Class: class edu.harvard.eecs.airg.coloredtrails.shared.discourse.BasicProposalDiscourseMessage
     [java] From: 3
     [java] From: 2
     [java] DEBUG root                           - sendGameDiscourseMessage class edu.harvard.eecs.airg.coloredtrails.shared.discourse.BasicProposalDiscourseMessage
     [java] DEBUG root                           - FROM: 3 TO: 2(PIN: 30)
     [java] CT writes: Proposal [id=-1, agent=a40, agent2=a30, clock=11, time=2015-05-20 15:47:13.714]
     [java] DEBUG root                           - received a discourse mesage... 30
     [java] Received Discourse Message 
     [java] Class: class edu.harvard.eecs.airg.coloredtrails.shared.discourse.BasicProposalDiscussionDiscourseMessage
     [java] From: 2
     [java] From: 3
     [java] DEBUG root                           - sendGameDiscourseMessage class edu.harvard.eecs.airg.coloredtrails.shared.discourse.BasicProposalDiscussionDiscourseMessage
     [java] DEBUG root                           - FROM: 2 TO: 3(PIN: 40)
     [java] ---- BasicProposalDiscussionDiscourseMessage ----
     [java] CT writes: Response [id=-1, response=accepted, clock=11, time=2015-05-20 15:47:13.731]
     [java] We have an accepted offer, chips before: 
     [java] player pin: 30
     [java] player chips: { chips  'blue':6 'white':0 'brown':0 'yellow':0 }
     [java] player pin: 20
     [java] player chips: { chips  'blue':0 'white':2 'brown':7 'yellow':1 }
     [java] player pin: 10
     [java] player chips: { chips  'blue':0 'white':5 'brown':0 'yellow':0 }
     [java] player pin: 40
     [java] player chips: { chips  'blue':0 'white':0 'brown':0 'yellow':5 }
     [java] Initiating Automatic Chip Transfer
     [java] Proposer:  3
     [java] Sending: { chips  }
     [java] Responder: 2
     [java] Sending: { chips  'blue':1 }
     [java] EXECUTING AUTOMATIC CHIP TRANSFER
     [java] chips after: 
     [java] player pin: 30
     [java] player chips: { chips  'blue':5 'white':0 'brown':0 'yellow':0 }
     [java] player pin: 20
     [java] player chips: { chips  'blue':0 'white':2 'brown':7 'yellow':1 }
     [java] player pin: 10
     [java] player chips: { chips  'blue':0 'white':5 'brown':0 'yellow':0 }
     [java] player pin: 40
     [java] player chips: { chips  'blue':1 'white':0 'brown':0 'yellow':5 }
     [java] DEBUG root                           - received a move request...: 40
     [java] DEBUG root                           - received a move request...: 20
     [java] DEBUG root                           - received a move request...: 20
     [java] DEBUG root                           - received a move request...: 20
     [java] CT notification: Time [clock=12, time=2015-05-20 15:47:20.763]
     [java] CT players (clone,for): 
     [java] CT writes position: Position [subject=a20, id=null, cell=Cell [x=1, y=2], time=2015-05-20 15:47:20.769, clock=12]
     [java] CT writes: Position [subject=a20, id=null, cell=Cell [x=1, y=2], time=2015-05-20 15:47:20.769, clock=12]
     [java] CT writes position: Position [subject=a40, id=null, cell=Cell [x=2, y=3], time=2015-05-20 15:47:20.773, clock=12]
     [java] CT writes: Position [subject=a40, id=null, cell=Cell [x=2, y=3], time=2015-05-20 15:47:20.773, clock=12]
     [java] CT notification: Position [subject=a20, id=null, cell=Cell [x=1, y=2], time=2015-05-20 15:47:20.769, clock=12]
     [java] 20
     [java] 20
     [java] CT notification: Position [subject=a40, id=null, cell=Cell [x=2, y=3], time=2015-05-20 15:47:20.773, clock=12]
     [java] 40
     [java] 40
     [java] 40
     [java] 40
     [java] A New Phase Began: Movement Phase
     [java] CT notification: Time [clock=13, time=2015-05-20 15:47:30.765]
     [java] CT players (clone,for): 
     [java] CT notification: Time [clock=14, time=2015-05-20 15:47:40.767]
     [java] CT players (clone,for): 
     [java] CT notification: Time [clock=15, time=2015-05-20 15:47:50.771]
     [java] CT players (clone,for): 
     [java] CT notification: Time [clock=16, time=2015-05-20 15:48:00.772]
     [java] CT players (clone,for): 
     [java] CT notification: Time [clock=17, time=2015-05-20 15:48:10.774]
     [java] CT players (clone,for): 
     [java] CT notification: Time [clock=18, time=2015-05-20 15:48:20.779]
     [java] CT players (clone,for): 
     [java] A New Phase Began: Feedback Phase
     [java] CT notification: Time [clock=19, time=2015-05-20 15:48:30.782]
     [java] CT players (clone,for): 
     [java] DEBUG root                           - Game ended id = 0
     [java] CT notification: Time [clock=20, time=2015-05-20 15:48:40.784]
     [java] CT players (clone,for): 
     [java] CT notification: Time [clock=21, time=2015-05-20 15:48:50.786]
     [java] CT players (clone,for): 
     [java] Adding client state for 20
     [java] INFO  root                           - Colored Trails Server received a subcription message from client: 20 [192.168.0.40] of type 
     [java] CT notification: Time [clock=22, time=2015-05-20 15:49:00.788]
     [java] CT players (clone,for): 
     [java] CT notification: Time [clock=23, time=2015-05-20 15:49:10.79]
     [java] CT players (clone,for): 
     [java] CT notification: Time [clock=24, time=2015-05-20 15:49:20.793]
     [java] CT players (clone,for): 
     [java] CT notification: Time [clock=25, time=2015-05-20 15:49:30.795]
     [java] CT players (clone,for): 
     [java] CT notification: Time [clock=26, time=2015-05-20 15:49:40.798]
     [java] CT players (clone,for): 
     [java] CT notification: Time [clock=27, time=2015-05-20 15:49:50.8]
     [java] CT players (clone,for): 
     [java] CT notification: Time [clock=28, time=2015-05-20 15:50:00.801]
     [java] CT players (clone,for): 
     [java] CT notification: Time [clock=29, time=2015-05-20 15:50:10.803]
     [java] CT players (clone,for): 
     [java] CT notification: Time [clock=30, time=2015-05-20 15:50:20.805]
     [java] CT players (clone,for): 
     [java] CT notification: Time [clock=31, time=2015-05-20 15:50:30.809]
     [java] CT players (clone,for): 
     [java] CT notification: Time [clock=32, time=2015-05-20 15:50:40.812]
     [java] CT players (clone,for): 
     [java] CT notification: Time [clock=33, time=2015-05-20 15:50:50.818]
     [java] CT players (clone,for): 
     [java] INFO  BrokerService                  - ActiveMQ Message Broker (localhost, ID:kafka.local-50589-1432133117580-1:0) is shutting down
     [java] WARN  ActiveMQConnection             - Async exception with no exception listener: java.io.EOFException
     [java] java.io.EOFException
     [java] 	at java.io.DataInputStream.readInt(DataInputStream.java:375)
     [java] 	at org.apache.activemq.openwire.OpenWireFormat.unmarshal(OpenWireFormat.java:269)
     [java] 	at org.apache.activemq.transport.tcp.TcpTransport.readCommand(TcpTransport.java:156)
     [java] 	at org.apache.activemq.transport.tcp.TcpTransport.run(TcpTransport.java:136)
     [java] 	at java.lang.Thread.run(Thread.java:695)
     [java] WARN  ActiveMQConnection             - Async exception with no exception listener: java.io.EOFException
     [java] java.io.EOFException
     [java] 	at java.io.DataInputStream.readInt(DataInputStream.java:375)
     [java] 	at org.apache.activemq.openwire.OpenWireFormat.unmarshal(OpenWireFormat.java:269)
     [java] 	at org.apache.activemq.transport.tcp.TcpTransport.readCommand(TcpTransport.java:156)
     [java] 	at org.apache.activemq.transport.tcp.TcpTransport.run(TcpTransport.java:136)
     [java] 	at java.lang.Thread.run(Thread.java:695)
     [java] INFO  TransportConnector             - Connector tcp://kafka.local:8088 Stopped
     [java] INFO  BrokerService                  - ActiveMQ JMS Message Broker (localhost, ID:kafka.local-50589-1432133117580-1:0) stopped

BUILD SUCCESSFUL
Total time: 5 minutes 38 seconds
