Buildfile: /Users/dxd/git/ct3/WebCT/build.xml

runserver:
     [java] INFO  BrokerService                  - ActiveMQ null JMS Message Broker (localhost) is starting
     [java] INFO  BrokerService                  - For help or more information please see: http://activemq.apache.org/
     [java] INFO  AMQPersistenceAdapter          - AMQStore starting using directory: activemq-data/localhost
     [java] INFO  KahaStore                      - Kaha Store using data directory /Users/dxd/git/ct3/WebCT/activemq-data/localhost/kr-store
     [java] INFO  AMQPersistenceAdapter          - Active data files: []
     [java] INFO  AMQPersistenceAdapter          - Journal Recovery Started from: DataManager:(data-)
     [java] INFO  AMQPersistenceAdapter          - Recovered 0 operations from redo log in 0.11 seconds.
     [java] INFO  BrokerService                  - Using Persistence Adapter: AMQPersistenceAdapter(activemq-data/localhost)
     [java] INFO  TransportServerThreadSupport   - Listening for connections at: tcp://kafka.local:8088
     [java] INFO  TransportConnector             - Connector tcp://kafka.local:8088 Started
     [java] INFO  BrokerService                  - ActiveMQ JMS Message Broker (localhost, ID:kafka.local-65346-1432639371983-1:0) started
     [java] INFO  root                           - Started the JMS Server
     [java] INFO  ManagementContext              - JMX consoles can connect to service:jmx:rmi:///jndi/rmi://localhost:1099/jmxrmi
     [java] INFO  BrokerService                  - About to delete any non-persistent messages that may have overflowed to disk ...
     [java] INFO  KahaStore                      - Kaha Store successfully deleted data directory activemq-data/localhost/tmp_storage
     [java] INFO  BrokerService                  - Successfully deleted temporary storage
     [java] INFO  root                           - Controller Interface has been started
     [java] INFO  root                           - ColoredTrails is now running...
     [java] Adding client state for 10
     [java] Adding client state for 40
     [java] Adding client state for 30
     [java] INFO  root                           - Colored Trails Server received a subcription message from client: 10 [192.168.1.102] of type 
     [java] INFO  root                           - Colored Trails Server received a subcription message from client: 40 [192.168.1.102] of type 
     [java] INFO  root                           - Colored Trails Server received a subcription message from client: 30 [192.168.1.102] of type 
     [java] INFO  root                           - Colored Trails Server received a subcription message from client: 20 [192.168.1.102] of type 
     [java] Adding client state for 20
     [java] Received message to add config class from: admin
     [java] INFO  root                           - Received message from admin: SET_CONFIGURATION
     [java] INFO  root                           - Received message from admin client:ADD_CONFIGURATION
     [java] DEBUG root                           - Administrator: adding configuration file [WebCTInputFileConfig] class name: WebCTInputFileConfig
     [java] INFO  root                           - Received message from admin client:NEW_GAME
     [java] DEBUG root                           - Administrator: newGame configName = [WebCTInputFileConfig] 
     [java] DEBUG root                           - Administrator: newGame adding Player: [10]
     [java] DEBUG root                           - Administrator: newGame adding Player: [20]
     [java] DEBUG root                           - Administrator: newGame adding Player: [30]
     [java] DEBUG root                           - Administrator: newGame adding Player: [40]
     [java] DEBUG root                           - ServerData addNewGame -- config file
     [java] DEBUG root                           - ServerData addNewGame -- Starting ServerGameStatus
     [java] DEBUG root                           - ServerData addNewGame -- Starting a new game with id: 0
     [java] DEBUG root                           - ClientCommands creating new Topic: ct3.game.0
     [java] DEBUG root                           - sending sendClientSubscribeToGameMessage: for game [0] and player [10]
     [java] DEBUG root                           - sending sendClientSubscribeToGameMessage: for game [0] and player [20]
     [java] DEBUG root                           - sending sendClientSubscribeToGameMessage: for game [0] and player [30]
     [java] DEBUG root                           - sending sendClientSubscribeToGameMessage: for game [0] and player [40]
     [java] INFO  root                           - Received message from admin client:LIST_GAMES
     [java] INFO  root                           - Received message from admin client:LIST_CONFIGURATIONS
     [java] received client subscribed successfully message
     [java] received client subscribed successfully message
     [java] received client subscribed successfully message
     [java] received client subscribed successfully message
     [java] All players subscribed to game, trying to start
     [java] INFO  root                           - Sending reply to controller: NEW_GAME_REPLY
     [java] DEBUG root                           - sendGameStart
     [java] DEBUG root                           - sendGameStart to controller
     [java] DEBUG root                           - sending game id = 0
     [java] INFO  root                           - Starting spaces 1
     [java] DEBUG UrlSpaceFactoryBean            - Finding Space with URL [jini:/*/*/myGrid] and properties [{com.j_spaces.core.container.shutdown_hook=false}]
     [java] 2015-05-26 12:25:35,474 CONFIG [com.gigaspaces.logger] - Log file: /Users/dxd/git/ct3/logs/2015-05-26~12.25-gigaspaces-service-192.168.1.102-26842.log
     [java] DEBUG GigaSpaceFactoryBean           - Clustered flag automatically set to [true] since the space is a local cache space for bean [null]
     [java] 2015-05-26 12:25:35,468  INFO [com.gigaspaces.localcache] - LocalCache#1-myGrid was created successfully. Total time: 1.01 seconds
     [java] DEBUG UrlSpaceFactoryBean            - Finding Space with URL [jini://*/*/myGrid] and properties [{com.j_spaces.core.container.shutdown_hook=false}]
     [java] zatim dobry
     [java] Let the game begin...
     [java] game id= 0
     [java] ---- Sending Scoring Change ----
     [java] setPhases in GameStatus
     [java] A New Phase Began: Norm Phase
     [java] -------- Creating Board --------
     [java] CT writes: Tile [id=null, cell=Cell [x=0, y=0], subject=brown, time=2015-05-26 12:25:35.768, clock=0]
     [java] CT writes: Tile [id=null, cell=Cell [x=0, y=1], subject=brown, time=2015-05-26 12:25:35.948, clock=0]
     [java] CT writes: Tile [id=null, cell=Cell [x=0, y=2], subject=white, time=2015-05-26 12:25:35.952, clock=0]
     [java] CT writes: Tile [id=null, cell=Cell [x=0, y=3], subject=yellow, time=2015-05-26 12:25:35.955, clock=0]
     [java] CT writes: Tile [id=null, cell=Cell [x=0, y=4], subject=brown, time=2015-05-26 12:25:35.958, clock=0]
     [java] CT writes: Tile [id=null, cell=Cell [x=0, y=5], subject=blue, time=2015-05-26 12:25:35.961, clock=0]
     [java] CT writes: Tile [id=null, cell=Cell [x=0, y=6], subject=brown, time=2015-05-26 12:25:35.965, clock=0]
     [java] CT writes: Tile [id=null, cell=Cell [x=1, y=0], subject=brown, time=2015-05-26 12:25:35.969, clock=0]
     [java] CT writes: Tile [id=null, cell=Cell [x=1, y=1], subject=yellow, time=2015-05-26 12:25:35.973, clock=0]
     [java] CT writes: Tile [id=null, cell=Cell [x=1, y=2], subject=white, time=2015-05-26 12:25:35.976, clock=0]
     [java] CT writes: Tile [id=null, cell=Cell [x=1, y=3], subject=white, time=2015-05-26 12:25:35.981, clock=0]
     [java] CT writes: Tile [id=null, cell=Cell [x=1, y=4], subject=blue, time=2015-05-26 12:25:35.984, clock=0]
     [java] CT writes: Tile [id=null, cell=Cell [x=1, y=5], subject=brown, time=2015-05-26 12:25:35.988, clock=0]
     [java] CT writes: Tile [id=null, cell=Cell [x=1, y=6], subject=yellow, time=2015-05-26 12:25:35.991, clock=0]
     [java] CT writes: Tile [id=null, cell=Cell [x=2, y=0], subject=white, time=2015-05-26 12:25:35.994, clock=0]
     [java] CT writes: Tile [id=null, cell=Cell [x=2, y=1], subject=white, time=2015-05-26 12:25:35.996, clock=0]
     [java] CT writes: Tile [id=null, cell=Cell [x=2, y=2], subject=brown, time=2015-05-26 12:25:36.001, clock=0]
     [java] CT writes: Tile [id=null, cell=Cell [x=2, y=3], subject=blue, time=2015-05-26 12:25:36.004, clock=0]
     [java] CT writes: Tile [id=null, cell=Cell [x=2, y=4], subject=white, time=2015-05-26 12:25:36.007, clock=0]
     [java] CT writes: Tile [id=null, cell=Cell [x=2, y=5], subject=brown, time=2015-05-26 12:25:36.011, clock=0]
     [java] CT writes: Tile [id=null, cell=Cell [x=2, y=6], subject=brown, time=2015-05-26 12:25:36.015, clock=0]
     [java] CT writes: Tile [id=null, cell=Cell [x=3, y=0], subject=white, time=2015-05-26 12:25:36.018, clock=0]
     [java] CT writes: Tile [id=null, cell=Cell [x=3, y=1], subject=yellow, time=2015-05-26 12:25:36.021, clock=0]
     [java] CT writes: Tile [id=null, cell=Cell [x=3, y=2], subject=blue, time=2015-05-26 12:25:36.025, clock=0]
     [java] CT writes: Tile [id=null, cell=Cell [x=3, y=3], subject=blue, time=2015-05-26 12:25:36.028, clock=0]
     [java] CT writes: Tile [id=null, cell=Cell [x=3, y=4], subject=yellow, time=2015-05-26 12:25:36.031, clock=0]
     [java] CT writes: Tile [id=null, cell=Cell [x=3, y=5], subject=yellow, time=2015-05-26 12:25:36.034, clock=0]
     [java] CT writes: Tile [id=null, cell=Cell [x=3, y=6], subject=white, time=2015-05-26 12:25:36.038, clock=0]
     [java] CT writes: Tile [id=null, cell=Cell [x=4, y=0], subject=brown, time=2015-05-26 12:25:36.042, clock=0]
     [java] CT writes: Tile [id=null, cell=Cell [x=4, y=1], subject=blue, time=2015-05-26 12:25:36.046, clock=0]
     [java] CT writes: Tile [id=null, cell=Cell [x=4, y=2], subject=yellow, time=2015-05-26 12:25:36.048, clock=0]
     [java] CT writes: Tile [id=null, cell=Cell [x=4, y=3], subject=blue, time=2015-05-26 12:25:36.052, clock=0]
     [java] CT writes: Tile [id=null, cell=Cell [x=4, y=4], subject=brown, time=2015-05-26 12:25:36.055, clock=0]
     [java] CT writes: Tile [id=null, cell=Cell [x=4, y=5], subject=yellow, time=2015-05-26 12:25:36.058, clock=0]
     [java] CT writes: Tile [id=null, cell=Cell [x=4, y=6], subject=brown, time=2015-05-26 12:25:36.061, clock=0]
     [java] CT writes: Tile [id=null, cell=Cell [x=5, y=0], subject=yellow, time=2015-05-26 12:25:36.064, clock=0]
     [java] CT writes: Tile [id=null, cell=Cell [x=5, y=1], subject=white, time=2015-05-26 12:25:36.067, clock=0]
     [java] CT writes: Tile [id=null, cell=Cell [x=5, y=2], subject=brown, time=2015-05-26 12:25:36.071, clock=0]
     [java] CT writes: Tile [id=null, cell=Cell [x=5, y=3], subject=yellow, time=2015-05-26 12:25:36.075, clock=0]
     [java] CT writes: Tile [id=null, cell=Cell [x=5, y=4], subject=blue, time=2015-05-26 12:25:36.077, clock=0]
     [java] CT writes: Tile [id=null, cell=Cell [x=5, y=5], subject=brown, time=2015-05-26 12:25:36.08, clock=0]
     [java] CT writes: Tile [id=null, cell=Cell [x=5, y=6], subject=white, time=2015-05-26 12:25:36.083, clock=0]
     [java] CT writes: Tile [id=null, cell=Cell [x=6, y=0], subject=blue, time=2015-05-26 12:25:36.087, clock=0]
     [java] CT writes: Tile [id=null, cell=Cell [x=6, y=1], subject=brown, time=2015-05-26 12:25:36.091, clock=0]
     [java] CT writes: Tile [id=null, cell=Cell [x=6, y=2], subject=white, time=2015-05-26 12:25:36.094, clock=0]
     [java] CT writes: Tile [id=null, cell=Cell [x=6, y=3], subject=brown, time=2015-05-26 12:25:36.097, clock=0]
     [java] CT writes: Tile [id=null, cell=Cell [x=6, y=4], subject=white, time=2015-05-26 12:25:36.101, clock=0]
     [java] CT writes: Tile [id=null, cell=Cell [x=6, y=5], subject=brown, time=2015-05-26 12:25:36.105, clock=0]
     [java] CT writes: Tile [id=null, cell=Cell [x=6, y=6], subject=white, time=2015-05-26 12:25:36.108, clock=0]
     [java] CT writes goal: Goal [id=null, cell=Cell [x=3, y=3], agent=null, time=null, clock=0]
     [java] CT writes: Goal [id=null, cell=Cell [x=3, y=3], agent=null, time=2015-05-26 12:25:36.193, clock=0]
     [java] CT writes setGoal: Group [name=g, ra=a10, clock=0, time=2015-05-26 12:25:36.326]
     [java] CT writes: Group [name=g, ra=a10, clock=0, time=2015-05-26 12:25:36.326]
     [java] revelation chips: { chips  'blue':0 'white':0 'brown':0 'yellow':0 }
     [java] revelation chips: { chips  'blue':0 'white':0 'brown':0 'yellow':0 }
     [java] revelation chips: { chips  'blue':0 'white':0 'brown':0 'yellow':0 }
     [java] revelation chips: { chips  'blue':0 'white':0 'brown':0 'yellow':0 }
     [java] CT notification: Time [clock=16, time=2015-05-26 12:25:38.379]
     [java] CT notification: Obligation [subject=a20, obligation=[at(2, 3, a20)], sanction=[reduce(a20, 700)], deadline=42, time=2015-05-26 12:25:39.82, clock=16]
     [java] 20
     [java] CT obligation: [Obligation to be at the grid tile [2,3] before clock 42 or 700 points will be deducted.]
     [java] CT notification: Obligation [subject=a20, obligation=[color(white, a20)], sanction=[reduce(a20, 200)], deadline=36, time=2015-05-26 12:25:40.147, clock=16]
     [java] 20
     [java] CT obligation: [Obligation to be at the grid tile [2,3] before clock 42 or 700 points will be deducted., Obligation to use a tile with color white before clock 36 or 200 points will be deducted.]
     [java] CT notification: Prohibition [subject=a20, prohibition=[color(blue, a20)], sanction=[reduce(a20, 100)], clock=16, time=2015-05-26 12:25:40.563]
     [java] 20
     [java] CT prohibition: [Prohibition to use a tile with color blue or 100 points will be deducted.]
     [java] CT notification: Time [clock=17, time=2015-05-26 12:25:48.381]
     [java] CT notification: Time [clock=18, time=2015-05-26 12:25:58.383]
     [java] A New Phase Began: Communication Phase
     [java] CT notification: Time [clock=19, time=2015-05-26 12:26:08.385]
     [java] CT notification: Time [clock=20, time=2015-05-26 12:26:18.39]
     [java] CT notification: Time [clock=21, time=2015-05-26 12:26:28.393]
     [java] CT notification: Time [clock=22, time=2015-05-26 12:26:38.396]
     [java] CT notification: Time [clock=23, time=2015-05-26 12:26:48.401]
     [java] CT notification: Time [clock=24, time=2015-05-26 12:26:58.406]
     [java] A New Phase Began: Movement Phase
     [java] CT notification: Time [clock=25, time=2015-05-26 12:27:08.409]
     [java] CT notification: Time [clock=26, time=2015-05-26 12:27:18.411]
     [java] CT notification: Time [clock=27, time=2015-05-26 12:27:28.414]
     [java] CT notification: Time [clock=28, time=2015-05-26 12:27:38.42]
     [java] INFO  BrokerService                  - ActiveMQ Message Broker (localhost, ID:kafka.local-65346-1432639371983-1:0) is shutting down
     [java] CT notification: Time [clock=29, time=2015-05-26 12:27:48.423]
     [java] WARN  ActiveMQConnection             - Async exception with no exception listener: java.io.EOFException
     [java] java.io.EOFException
     [java] 	at java.io.DataInputStream.readInt(DataInputStream.java:375)
     [java] 	at org.apache.activemq.openwire.OpenWireFormat.unmarshal(OpenWireFormat.java:269)
     [java] 	at org.apache.activemq.transport.tcp.TcpTransport.readCommand(TcpTransport.java:156)
     [java] 	at org.apache.activemq.transport.tcp.TcpTransport.run(TcpTransport.java:136)
     [java] 	at java.lang.Thread.run(Thread.java:695)
     [java] WARN  ActiveMQConnection             - Async exception with no exception listener: java.io.EOFException
     [java] java.io.EOFException
     [java] 	at java.io.DataInputStream.readInt(DataInputStream.java:375)
     [java] 	at org.apache.activemq.openwire.OpenWireFormat.unmarshal(OpenWireFormat.java:269)
     [java] 	at org.apache.activemq.transport.tcp.TcpTransport.readCommand(TcpTransport.java:156)
     [java] 	at org.apache.activemq.transport.tcp.TcpTransport.run(TcpTransport.java:136)
     [java] 	at java.lang.Thread.run(Thread.java:695)
     [java] INFO  TransportConnector             - Connector tcp://kafka.local:8088 Stopped
     [java] INFO  BrokerService                  - ActiveMQ JMS Message Broker (localhost, ID:kafka.local-65346-1432639371983-1:0) stopped

BUILD SUCCESSFUL
Total time: 5 minutes 0 seconds
