Buildfile: /Users/dxd/git/ct3/WebCT/build.xml

runserver:
     [java] INFO  BrokerService                  - ActiveMQ null JMS Message Broker (localhost) is starting
     [java] INFO  BrokerService                  - For help or more information please see: http://activemq.apache.org/
     [java] INFO  AMQPersistenceAdapter          - AMQStore starting using directory: activemq-data/localhost
     [java] INFO  KahaStore                      - Kaha Store using data directory /Users/dxd/git/ct3/WebCT/activemq-data/localhost/kr-store
     [java] INFO  AMQPersistenceAdapter          - Active data files: []
     [java] INFO  AMQPersistenceAdapter          - Journal Recovery Started from: DataManager:(data-)
     [java] INFO  AMQPersistenceAdapter          - Recovered 0 operations from redo log in 0.597 seconds.
     [java] INFO  BrokerService                  - Using Persistence Adapter: AMQPersistenceAdapter(activemq-data/localhost)
     [java] INFO  TransportServerThreadSupport   - Listening for connections at: tcp://kafka.local:8088
     [java] INFO  TransportConnector             - Connector tcp://kafka.local:8088 Started
     [java] INFO  BrokerService                  - ActiveMQ JMS Message Broker (localhost, ID:kafka.local-58456-1432648745755-1:0) started
     [java] INFO  root                           - Started the JMS Server
     [java] INFO  ManagementContext              - JMX consoles can connect to service:jmx:rmi:///jndi/rmi://localhost:1099/jmxrmi
     [java] INFO  BrokerService                  - About to delete any non-persistent messages that may have overflowed to disk ...
     [java] INFO  KahaStore                      - Kaha Store successfully deleted data directory activemq-data/localhost/tmp_storage
     [java] INFO  BrokerService                  - Successfully deleted temporary storage
     [java] INFO  root                           - Controller Interface has been started
     [java] INFO  root                           - ColoredTrails is now running...
     [java] INFO  root                           - Colored Trails Server received a subcription message from client: 20 [192.168.1.102] of type 
     [java] INFO  root                           - Colored Trails Server received a subcription message from client: 20 [192.168.1.102] of type 
     [java] INFO  root                           - Colored Trails Server received a subcription message from client: 20 [192.168.1.102] of type 
     [java] Adding client state for 20
     [java] Adding client state for 20
     [java] Adding client state for 20
     [java] INFO  root                           - Colored Trails Server received a subcription message from client: 30 [192.168.1.102] of type 
     [java] INFO  root                           - Colored Trails Server received a subcription message from client: 40 [192.168.1.102] of type 
     [java] INFO  root                           - Colored Trails Server received a subcription message from client: 10 [192.168.1.102] of type 
     [java] Adding client state for 30
     [java] Adding client state for 40
     [java] Adding client state for 10
     [java] Received message to add config class from: admin
     [java] INFO  root                           - Received message from admin: SET_CONFIGURATION
     [java] INFO  root                           - Received message from admin client:ADD_CONFIGURATION
     [java] DEBUG root                           - Administrator: adding configuration file [WebCTInputFileConfig] class name: WebCTInputFileConfig
     [java] INFO  root                           - Received message from admin client:NEW_GAME
     [java] DEBUG root                           - Administrator: newGame configName = [WebCTInputFileConfig] 
     [java] DEBUG root                           - Administrator: newGame adding Player: [10]
     [java] DEBUG root                           - Administrator: newGame adding Player: [20]
     [java] DEBUG root                           - Administrator: newGame adding Player: [30]
     [java] DEBUG root                           - Administrator: newGame adding Player: [40]
     [java] DEBUG root                           - ServerData addNewGame -- config file
     [java] DEBUG root                           - ServerData addNewGame -- Starting ServerGameStatus
     [java] DEBUG root                           - ServerData addNewGame -- Starting a new game with id: 0
     [java] DEBUG root                           - ClientCommands creating new Topic: ct3.game.0
     [java] DEBUG root                           - sending sendClientSubscribeToGameMessage: for game [0] and player [10]
     [java] DEBUG root                           - sending sendClientSubscribeToGameMessage: for game [0] and player [20]
     [java] DEBUG root                           - sending sendClientSubscribeToGameMessage: for game [0] and player [30]
     [java] DEBUG root                           - sending sendClientSubscribeToGameMessage: for game [0] and player [40]
     [java] INFO  root                           - Received message from admin client:LIST_GAMES
     [java] INFO  root                           - Received message from admin client:LIST_CONFIGURATIONS
     [java] received client subscribed successfully message
     [java] received client subscribed successfully message
     [java] received client subscribed successfully message
     [java] received client subscribed successfully message
     [java] All players subscribed to game, trying to start
     [java] INFO  root                           - Sending reply to controller: NEW_GAME_REPLY
     [java] DEBUG root                           - sendGameStart
     [java] DEBUG root                           - sendGameStart to controller
     [java] DEBUG root                           - sending game id = 0
     [java] received client subscribed successfully message
     [java] All players subscribed to game, trying to start
     [java] INFO  root                           - Sending reply to controller: NEW_GAME_REPLY
     [java] DEBUG root                           - sendGameStart
     [java] DEBUG root                           - sendGameStart to controller
     [java] DEBUG root                           - sending game id = 0
     [java] received client subscribed successfully message
     [java] All players subscribed to game, trying to start
     [java] INFO  root                           - Sending reply to controller: NEW_GAME_REPLY
     [java] DEBUG root                           - sendGameStart
     [java] DEBUG root                           - sendGameStart to controller
     [java] DEBUG root                           - sending game id = 0
     [java] INFO  root                           - Starting spaces 1
     [java] INFO  root                           - Starting spaces 1
     [java] INFO  root                           - Starting spaces 1
     [java] DEBUG UrlSpaceFactoryBean            - Finding Space with URL [jini:/*/*/myGrid] and properties [{com.j_spaces.core.container.shutdown_hook=false}]
     [java] 2015-05-26 15:02:37,289  INFO [com.gigaspaces.localcache] - LocalCache#1-myGrid was created successfully. Total time: 1.3 seconds
     [java] 2015-05-26 15:02:37,331 CONFIG [com.gigaspaces.logger] - Log file: /Users/dxd/git/ct3/logs/2015-05-26~15.02-gigaspaces-service-192.168.1.102-28748.log
     [java] DEBUG GigaSpaceFactoryBean           - Clustered flag automatically set to [true] since the space is a local cache space for bean [null]
     [java] DEBUG UrlSpaceFactoryBean            - Finding Space with URL [jini://*/*/myGrid] and properties [{com.j_spaces.core.container.shutdown_hook=false}]
     [java] DEBUG UrlSpaceFactoryBean            - Finding Space with URL [jini://*/*/myGrid] and properties [{com.j_spaces.core.container.shutdown_hook=false}]
     [java] DEBUG UrlSpaceFactoryBean            - Finding Space with URL [jini://*/*/myGrid] and properties [{com.j_spaces.core.container.shutdown_hook=false}]
     [java] zatim dobry
     [java] zatim dobry
     [java] zatim dobry
     [java] Let the game begin...
     [java] game id= 0
     [java] ---- Sending Scoring Change ----
     [java] Let the game begin...
     [java] game id= 0
     [java] ---- Sending Scoring Change ----
     [java] Let the game begin...
     [java] game id= 0
     [java] ---- Sending Scoring Change ----
     [java] setPhases in GameStatus
     [java] setPhases in GameStatus
     [java] setPhases in GameStatus
     [java] A New Phase Began: Norm Phase
     [java] -------- Creating Board --------
     [java] A New Phase Began: Norm Phase
     [java] -------- Creating Board --------
     [java] A New Phase Began: Norm Phase
     [java] -------- Creating Board --------
     [java] CT writes: Tile [id=null, cell=Cell [x=0, y=0], subject=brown, time=2015-05-26 15:02:37.874, clock=0]
     [java] CT writes: Tile [id=null, cell=Cell [x=0, y=0], subject=brown, time=2015-05-26 15:02:37.874, clock=0]
     [java] CT writes: Tile [id=null, cell=Cell [x=0, y=0], subject=brown, time=2015-05-26 15:02:37.874, clock=0]
     [java] CT writes: Tile [id=null, cell=Cell [x=0, y=1], subject=brown, time=2015-05-26 15:02:38.411, clock=0]
     [java] CT writes: Tile [id=null, cell=Cell [x=0, y=1], subject=brown, time=2015-05-26 15:02:38.411, clock=0]
     [java] CT writes: Tile [id=null, cell=Cell [x=0, y=1], subject=brown, time=2015-05-26 15:02:38.411, clock=0]
     [java] CT writes: Tile [id=null, cell=Cell [x=0, y=2], subject=white, time=2015-05-26 15:02:38.413, clock=0]
     [java] CT writes: Tile [id=null, cell=Cell [x=0, y=2], subject=white, time=2015-05-26 15:02:38.413, clock=0]
     [java] CT writes: Tile [id=null, cell=Cell [x=0, y=2], subject=white, time=2015-05-26 15:02:38.413, clock=0]
     [java] CT writes: Tile [id=null, cell=Cell [x=0, y=3], subject=yellow, time=2015-05-26 15:02:38.414, clock=0]
     [java] CT writes: Tile [id=null, cell=Cell [x=0, y=3], subject=yellow, time=2015-05-26 15:02:38.42, clock=0]
     [java] CT writes: Tile [id=null, cell=Cell [x=0, y=3], subject=yellow, time=2015-05-26 15:02:38.42, clock=0]
     [java] CT writes: Tile [id=null, cell=Cell [x=0, y=4], subject=brown, time=2015-05-26 15:02:38.423, clock=0]
     [java] CT writes: Tile [id=null, cell=Cell [x=0, y=4], subject=brown, time=2015-05-26 15:02:38.426, clock=0]
     [java] CT writes: Tile [id=null, cell=Cell [x=0, y=4], subject=brown, time=2015-05-26 15:02:38.427, clock=0]
     [java] CT writes: Tile [id=null, cell=Cell [x=0, y=5], subject=blue, time=2015-05-26 15:02:38.428, clock=0]
     [java] CT writes: Tile [id=null, cell=Cell [x=0, y=5], subject=blue, time=2015-05-26 15:02:38.431, clock=0]
     [java] CT writes: Tile [id=null, cell=Cell [x=0, y=5], subject=blue, time=2015-05-26 15:02:38.431, clock=0]
     [java] CT writes: Tile [id=null, cell=Cell [x=0, y=6], subject=brown, time=2015-05-26 15:02:38.434, clock=0]
     [java] CT writes: Tile [id=null, cell=Cell [x=0, y=6], subject=brown, time=2015-05-26 15:02:38.436, clock=0]
     [java] CT writes: Tile [id=null, cell=Cell [x=0, y=6], subject=brown, time=2015-05-26 15:02:38.437, clock=0]
     [java] CT writes: Tile [id=null, cell=Cell [x=1, y=0], subject=brown, time=2015-05-26 15:02:38.445, clock=0]
     [java] CT writes: Tile [id=null, cell=Cell [x=1, y=1], subject=yellow, time=2015-05-26 15:02:38.448, clock=0]
     [java] CT writes: Tile [id=null, cell=Cell [x=1, y=0], subject=brown, time=2015-05-26 15:02:38.448, clock=0]
     [java] CT writes: Tile [id=null, cell=Cell [x=1, y=0], subject=brown, time=2015-05-26 15:02:38.448, clock=0]
     [java] CT writes: Tile [id=null, cell=Cell [x=1, y=1], subject=yellow, time=2015-05-26 15:02:38.45, clock=0]
     [java] CT writes: Tile [id=null, cell=Cell [x=1, y=2], subject=white, time=2015-05-26 15:02:38.45, clock=0]
     [java] CT writes: Tile [id=null, cell=Cell [x=1, y=1], subject=yellow, time=2015-05-26 15:02:38.45, clock=0]
     [java] CT writes: Tile [id=null, cell=Cell [x=1, y=2], subject=white, time=2015-05-26 15:02:38.455, clock=0]
     [java] CT writes: Tile [id=null, cell=Cell [x=1, y=3], subject=white, time=2015-05-26 15:02:38.455, clock=0]
     [java] CT writes: Tile [id=null, cell=Cell [x=1, y=2], subject=white, time=2015-05-26 15:02:38.456, clock=0]
     [java] CT writes: Tile [id=null, cell=Cell [x=1, y=3], subject=white, time=2015-05-26 15:02:38.456, clock=0]
     [java] CT writes: Tile [id=null, cell=Cell [x=1, y=4], subject=blue, time=2015-05-26 15:02:38.457, clock=0]
     [java] CT writes: Tile [id=null, cell=Cell [x=1, y=3], subject=white, time=2015-05-26 15:02:38.459, clock=0]
     [java] CT writes: Tile [id=null, cell=Cell [x=1, y=4], subject=blue, time=2015-05-26 15:02:38.459, clock=0]
     [java] CT writes: Tile [id=null, cell=Cell [x=1, y=5], subject=brown, time=2015-05-26 15:02:38.459, clock=0]
     [java] CT writes: Tile [id=null, cell=Cell [x=1, y=5], subject=brown, time=2015-05-26 15:02:38.462, clock=0]
     [java] CT writes: Tile [id=null, cell=Cell [x=1, y=6], subject=yellow, time=2015-05-26 15:02:38.464, clock=0]
     [java] CT writes: Tile [id=null, cell=Cell [x=1, y=4], subject=blue, time=2015-05-26 15:02:38.464, clock=0]
     [java] CT writes: Tile [id=null, cell=Cell [x=1, y=6], subject=yellow, time=2015-05-26 15:02:38.465, clock=0]
     [java] CT writes: Tile [id=null, cell=Cell [x=2, y=0], subject=white, time=2015-05-26 15:02:38.466, clock=0]
     [java] CT writes: Tile [id=null, cell=Cell [x=1, y=5], subject=brown, time=2015-05-26 15:02:38.467, clock=0]
     [java] CT writes: Tile [id=null, cell=Cell [x=2, y=0], subject=white, time=2015-05-26 15:02:38.467, clock=0]
     [java] CT writes: Tile [id=null, cell=Cell [x=2, y=1], subject=white, time=2015-05-26 15:02:38.47, clock=0]
     [java] CT writes: Tile [id=null, cell=Cell [x=2, y=1], subject=white, time=2015-05-26 15:02:38.47, clock=0]
     [java] CT writes: Tile [id=null, cell=Cell [x=1, y=6], subject=yellow, time=2015-05-26 15:02:38.471, clock=0]
     [java] CT writes: Tile [id=null, cell=Cell [x=2, y=2], subject=brown, time=2015-05-26 15:02:38.473, clock=0]
     [java] CT writes: Tile [id=null, cell=Cell [x=2, y=0], subject=white, time=2015-05-26 15:02:38.474, clock=0]
     [java] CT writes: Tile [id=null, cell=Cell [x=2, y=2], subject=brown, time=2015-05-26 15:02:38.474, clock=0]
     [java] CT writes: Tile [id=null, cell=Cell [x=2, y=3], subject=blue, time=2015-05-26 15:02:38.478, clock=0]
     [java] CT writes: Tile [id=null, cell=Cell [x=2, y=1], subject=white, time=2015-05-26 15:02:38.478, clock=0]
     [java] CT writes: Tile [id=null, cell=Cell [x=2, y=3], subject=blue, time=2015-05-26 15:02:38.479, clock=0]
     [java] CT writes: Tile [id=null, cell=Cell [x=2, y=4], subject=white, time=2015-05-26 15:02:38.481, clock=0]
     [java] CT writes: Tile [id=null, cell=Cell [x=2, y=4], subject=white, time=2015-05-26 15:02:38.481, clock=0]
     [java] CT writes: Tile [id=null, cell=Cell [x=2, y=2], subject=brown, time=2015-05-26 15:02:38.481, clock=0]
     [java] CT writes: Tile [id=null, cell=Cell [x=2, y=5], subject=brown, time=2015-05-26 15:02:38.483, clock=0]
     [java] CT writes: Tile [id=null, cell=Cell [x=2, y=3], subject=blue, time=2015-05-26 15:02:38.484, clock=0]
     [java] CT writes: Tile [id=null, cell=Cell [x=2, y=5], subject=brown, time=2015-05-26 15:02:38.484, clock=0]
     [java] CT writes: Tile [id=null, cell=Cell [x=2, y=6], subject=brown, time=2015-05-26 15:02:38.485, clock=0]
     [java] CT writes: Tile [id=null, cell=Cell [x=2, y=6], subject=brown, time=2015-05-26 15:02:38.486, clock=0]
     [java] CT writes: Tile [id=null, cell=Cell [x=2, y=4], subject=white, time=2015-05-26 15:02:38.486, clock=0]
     [java] CT writes: Tile [id=null, cell=Cell [x=3, y=0], subject=white, time=2015-05-26 15:02:38.488, clock=0]
     [java] CT writes: Tile [id=null, cell=Cell [x=2, y=5], subject=brown, time=2015-05-26 15:02:38.488, clock=0]
     [java] CT writes: Tile [id=null, cell=Cell [x=3, y=0], subject=white, time=2015-05-26 15:02:38.488, clock=0]
     [java] CT writes: Tile [id=null, cell=Cell [x=3, y=1], subject=yellow, time=2015-05-26 15:02:38.513, clock=0]
     [java] CT writes: Tile [id=null, cell=Cell [x=3, y=1], subject=yellow, time=2015-05-26 15:02:38.528, clock=0]
     [java] CT writes: Tile [id=null, cell=Cell [x=3, y=2], subject=blue, time=2015-05-26 15:02:38.53, clock=0]
     [java] CT writes: Tile [id=null, cell=Cell [x=2, y=6], subject=brown, time=2015-05-26 15:02:38.534, clock=0]
     [java] CT writes: Tile [id=null, cell=Cell [x=3, y=2], subject=blue, time=2015-05-26 15:02:38.536, clock=0]
     [java] CT writes: Tile [id=null, cell=Cell [x=3, y=3], subject=blue, time=2015-05-26 15:02:38.538, clock=0]
     [java] CT writes: Tile [id=null, cell=Cell [x=3, y=0], subject=white, time=2015-05-26 15:02:38.538, clock=0]
     [java] CT writes: Tile [id=null, cell=Cell [x=3, y=3], subject=blue, time=2015-05-26 15:02:38.542, clock=0]
     [java] CT writes: Tile [id=null, cell=Cell [x=3, y=1], subject=yellow, time=2015-05-26 15:02:38.542, clock=0]
     [java] CT writes: Tile [id=null, cell=Cell [x=3, y=4], subject=yellow, time=2015-05-26 15:02:38.543, clock=0]
     [java] CT writes: Tile [id=null, cell=Cell [x=3, y=4], subject=yellow, time=2015-05-26 15:02:38.543, clock=0]
     [java] CT writes: Tile [id=null, cell=Cell [x=3, y=2], subject=blue, time=2015-05-26 15:02:38.544, clock=0]
     [java] CT writes: Tile [id=null, cell=Cell [x=3, y=5], subject=yellow, time=2015-05-26 15:02:38.545, clock=0]
     [java] CT writes: Tile [id=null, cell=Cell [x=3, y=5], subject=yellow, time=2015-05-26 15:02:38.546, clock=0]
     [java] CT writes: Tile [id=null, cell=Cell [x=3, y=6], subject=white, time=2015-05-26 15:02:38.548, clock=0]
     [java] CT writes: Tile [id=null, cell=Cell [x=3, y=6], subject=white, time=2015-05-26 15:02:38.548, clock=0]
     [java] CT writes: Tile [id=null, cell=Cell [x=3, y=3], subject=blue, time=2015-05-26 15:02:38.549, clock=0]
     [java] CT writes: Tile [id=null, cell=Cell [x=4, y=0], subject=brown, time=2015-05-26 15:02:38.55, clock=0]
     [java] CT writes: Tile [id=null, cell=Cell [x=4, y=0], subject=brown, time=2015-05-26 15:02:38.551, clock=0]
     [java] CT writes: Tile [id=null, cell=Cell [x=3, y=4], subject=yellow, time=2015-05-26 15:02:38.552, clock=0]
     [java] CT writes: Tile [id=null, cell=Cell [x=4, y=1], subject=blue, time=2015-05-26 15:02:38.552, clock=0]
     [java] CT writes: Tile [id=null, cell=Cell [x=4, y=1], subject=blue, time=2015-05-26 15:02:38.553, clock=0]
     [java] CT writes: Tile [id=null, cell=Cell [x=4, y=2], subject=yellow, time=2015-05-26 15:02:38.554, clock=0]
     [java] CT writes: Tile [id=null, cell=Cell [x=3, y=5], subject=yellow, time=2015-05-26 15:02:38.555, clock=0]
     [java] CT writes: Tile [id=null, cell=Cell [x=4, y=2], subject=yellow, time=2015-05-26 15:02:38.555, clock=0]
     [java] CT writes: Tile [id=null, cell=Cell [x=4, y=3], subject=blue, time=2015-05-26 15:02:38.556, clock=0]
     [java] CT writes: Tile [id=null, cell=Cell [x=3, y=6], subject=white, time=2015-05-26 15:02:38.557, clock=0]
     [java] CT writes: Tile [id=null, cell=Cell [x=4, y=3], subject=blue, time=2015-05-26 15:02:38.557, clock=0]
     [java] CT writes: Tile [id=null, cell=Cell [x=4, y=4], subject=brown, time=2015-05-26 15:02:38.558, clock=0]
     [java] CT writes: Tile [id=null, cell=Cell [x=4, y=4], subject=brown, time=2015-05-26 15:02:38.559, clock=0]
     [java] CT writes: Tile [id=null, cell=Cell [x=4, y=0], subject=brown, time=2015-05-26 15:02:38.559, clock=0]
     [java] CT writes: Tile [id=null, cell=Cell [x=4, y=5], subject=yellow, time=2015-05-26 15:02:38.56, clock=0]
     [java] CT writes: Tile [id=null, cell=Cell [x=4, y=1], subject=blue, time=2015-05-26 15:02:38.56, clock=0]
     [java] CT writes: Tile [id=null, cell=Cell [x=4, y=5], subject=yellow, time=2015-05-26 15:02:38.561, clock=0]
     [java] CT writes: Tile [id=null, cell=Cell [x=4, y=6], subject=brown, time=2015-05-26 15:02:38.561, clock=0]
     [java] CT writes: Tile [id=null, cell=Cell [x=4, y=2], subject=yellow, time=2015-05-26 15:02:38.562, clock=0]
     [java] CT writes: Tile [id=null, cell=Cell [x=5, y=0], subject=yellow, time=2015-05-26 15:02:38.563, clock=0]
     [java] CT writes: Tile [id=null, cell=Cell [x=4, y=6], subject=brown, time=2015-05-26 15:02:38.564, clock=0]
     [java] CT writes: Tile [id=null, cell=Cell [x=4, y=3], subject=blue, time=2015-05-26 15:02:38.564, clock=0]
     [java] CT writes: Tile [id=null, cell=Cell [x=5, y=1], subject=white, time=2015-05-26 15:02:38.565, clock=0]
     [java] CT writes: Tile [id=null, cell=Cell [x=5, y=0], subject=yellow, time=2015-05-26 15:02:38.567, clock=0]
     [java] CT writes: Tile [id=null, cell=Cell [x=4, y=4], subject=brown, time=2015-05-26 15:02:38.567, clock=0]
     [java] CT writes: Tile [id=null, cell=Cell [x=5, y=2], subject=brown, time=2015-05-26 15:02:38.568, clock=0]
     [java] CT writes: Tile [id=null, cell=Cell [x=4, y=5], subject=yellow, time=2015-05-26 15:02:38.568, clock=0]
     [java] CT writes: Tile [id=null, cell=Cell [x=5, y=3], subject=yellow, time=2015-05-26 15:02:38.57, clock=0]
     [java] CT writes: Tile [id=null, cell=Cell [x=4, y=6], subject=brown, time=2015-05-26 15:02:38.57, clock=0]
     [java] CT writes: Tile [id=null, cell=Cell [x=5, y=1], subject=white, time=2015-05-26 15:02:38.57, clock=0]
     [java] CT writes: Tile [id=null, cell=Cell [x=5, y=4], subject=blue, time=2015-05-26 15:02:38.571, clock=0]
     [java] CT writes: Tile [id=null, cell=Cell [x=5, y=0], subject=yellow, time=2015-05-26 15:02:38.572, clock=0]
     [java] CT writes: Tile [id=null, cell=Cell [x=5, y=5], subject=brown, time=2015-05-26 15:02:38.573, clock=0]
     [java] CT writes: Tile [id=null, cell=Cell [x=5, y=2], subject=brown, time=2015-05-26 15:02:38.573, clock=0]
     [java] CT writes: Tile [id=null, cell=Cell [x=5, y=1], subject=white, time=2015-05-26 15:02:38.574, clock=0]
     [java] CT writes: Tile [id=null, cell=Cell [x=5, y=6], subject=white, time=2015-05-26 15:02:38.574, clock=0]
     [java] CT writes: Tile [id=null, cell=Cell [x=5, y=2], subject=brown, time=2015-05-26 15:02:38.575, clock=0]
     [java] CT writes: Tile [id=null, cell=Cell [x=6, y=0], subject=blue, time=2015-05-26 15:02:38.575, clock=0]
     [java] CT writes: Tile [id=null, cell=Cell [x=5, y=3], subject=yellow, time=2015-05-26 15:02:38.576, clock=0]
     [java] CT writes: Tile [id=null, cell=Cell [x=5, y=3], subject=yellow, time=2015-05-26 15:02:38.576, clock=0]
     [java] CT writes: Tile [id=null, cell=Cell [x=6, y=1], subject=brown, time=2015-05-26 15:02:38.577, clock=0]
     [java] CT writes: Tile [id=null, cell=Cell [x=5, y=4], subject=blue, time=2015-05-26 15:02:38.578, clock=0]
     [java] CT writes: Tile [id=null, cell=Cell [x=5, y=4], subject=blue, time=2015-05-26 15:02:38.579, clock=0]
     [java] CT writes: Tile [id=null, cell=Cell [x=6, y=2], subject=white, time=2015-05-26 15:02:38.579, clock=0]
     [java] CT writes: Tile [id=null, cell=Cell [x=5, y=5], subject=brown, time=2015-05-26 15:02:38.579, clock=0]
     [java] CT writes: Tile [id=null, cell=Cell [x=6, y=3], subject=brown, time=2015-05-26 15:02:38.581, clock=0]
     [java] CT writes: Tile [id=null, cell=Cell [x=5, y=6], subject=white, time=2015-05-26 15:02:38.581, clock=0]
     [java] CT writes: Tile [id=null, cell=Cell [x=6, y=4], subject=white, time=2015-05-26 15:02:38.582, clock=0]
     [java] CT writes: Tile [id=null, cell=Cell [x=6, y=0], subject=blue, time=2015-05-26 15:02:38.583, clock=0]
     [java] CT writes: Tile [id=null, cell=Cell [x=5, y=5], subject=brown, time=2015-05-26 15:02:38.583, clock=0]
     [java] CT writes: Tile [id=null, cell=Cell [x=6, y=5], subject=brown, time=2015-05-26 15:02:38.584, clock=0]
     [java] CT writes: Tile [id=null, cell=Cell [x=6, y=1], subject=brown, time=2015-05-26 15:02:38.584, clock=0]
     [java] CT writes: Tile [id=null, cell=Cell [x=5, y=6], subject=white, time=2015-05-26 15:02:38.585, clock=0]
     [java] CT writes: Tile [id=null, cell=Cell [x=6, y=6], subject=white, time=2015-05-26 15:02:38.585, clock=0]
     [java] CT writes: Tile [id=null, cell=Cell [x=6, y=2], subject=white, time=2015-05-26 15:02:38.586, clock=0]
     [java] CT writes: Tile [id=null, cell=Cell [x=6, y=0], subject=blue, time=2015-05-26 15:02:38.587, clock=0]
     [java] CT writes: Tile [id=null, cell=Cell [x=6, y=3], subject=brown, time=2015-05-26 15:02:38.588, clock=0]
     [java] CT writes: Tile [id=null, cell=Cell [x=6, y=1], subject=brown, time=2015-05-26 15:02:38.589, clock=0]
     [java] CT writes: Tile [id=null, cell=Cell [x=6, y=4], subject=white, time=2015-05-26 15:02:38.59, clock=0]
     [java] CT writes: Tile [id=null, cell=Cell [x=6, y=2], subject=white, time=2015-05-26 15:02:38.591, clock=0]
     [java] CT writes: Tile [id=null, cell=Cell [x=6, y=5], subject=brown, time=2015-05-26 15:02:38.591, clock=0]
     [java] CT writes: Tile [id=null, cell=Cell [x=6, y=3], subject=brown, time=2015-05-26 15:02:38.593, clock=0]
     [java] CT writes: Tile [id=null, cell=Cell [x=6, y=6], subject=white, time=2015-05-26 15:02:38.594, clock=0]
     [java] CT writes: Tile [id=null, cell=Cell [x=6, y=4], subject=white, time=2015-05-26 15:02:38.595, clock=0]
     [java] CT writes: Tile [id=null, cell=Cell [x=6, y=5], subject=brown, time=2015-05-26 15:02:38.666, clock=0]
     [java] CT writes: Tile [id=null, cell=Cell [x=6, y=6], subject=white, time=2015-05-26 15:02:38.668, clock=0]
     [java] CT writes goal: Goal [id=null, cell=Cell [x=3, y=3], agent=null, time=null, clock=0]
     [java] CT writes: Goal [id=null, cell=Cell [x=3, y=3], agent=null, time=2015-05-26 15:02:38.785, clock=0]
     [java] CT writes goal: Goal [id=null, cell=Cell [x=3, y=3], agent=null, time=null, clock=0]
     [java] CT writes: Goal [id=null, cell=Cell [x=3, y=3], agent=null, time=2015-05-26 15:02:38.786, clock=0]
     [java] CT writes goal: Goal [id=null, cell=Cell [x=3, y=3], agent=null, time=null, clock=0]
     [java] CT writes: Goal [id=null, cell=Cell [x=3, y=3], agent=null, time=2015-05-26 15:02:38.786, clock=0]
     [java] CT writes setGoal: Group [name=g, ra=a10, clock=0, time=2015-05-26 15:02:38.943]
     [java] CT writes: Group [name=g, ra=a10, clock=0, time=2015-05-26 15:02:38.943]
     [java] CT writes setGoal: Group [name=g, ra=a10, clock=0, time=2015-05-26 15:02:38.983]
     [java] CT writes: Group [name=g, ra=a10, clock=0, time=2015-05-26 15:02:38.983]
     [java] CT writes setGoal: Group [name=g, ra=a10, clock=0, time=2015-05-26 15:02:38.994]
     [java] CT writes: Group [name=g, ra=a10, clock=0, time=2015-05-26 15:02:38.994]
     [java] revelation chips: { chips  'blue':0 'white':0 'brown':0 'yellow':0 }
     [java] revelation chips: { chips  'blue':0 'white':0 'brown':0 'yellow':0 }
     [java] revelation chips: { chips  'blue':0 'white':0 'brown':0 'yellow':0 }
     [java] revelation chips: { chips  'blue':0 'white':0 'brown':0 'yellow':0 }
     [java] revelation chips: { chips  'blue':0 'white':0 'brown':0 'yellow':0 }
     [java] revelation chips: { chips  'blue':0 'white':0 'brown':0 'yellow':0 }
     [java] revelation chips: { chips  'blue':0 'white':0 'brown':0 'yellow':0 }
     [java] revelation chips: { chips  'blue':0 'white':0 'brown':0 'yellow':0 }
     [java] revelation chips: { chips  'blue':0 'white':0 'brown':0 'yellow':0 }
     [java] revelation chips: { chips  'blue':0 'white':0 'brown':0 'yellow':0 }
     [java] revelation chips: { chips  'blue':0 'white':0 'brown':0 'yellow':0 }
     [java] revelation chips: { chips  'blue':0 'white':0 'brown':0 'yellow':0 }
     [java] CT notification: Time [clock=19, time=2015-05-26 15:02:44.768]
     [java] CT notification: Time [clock=19, time=2015-05-26 15:02:44.768]
     [java] CT notification: Time [clock=19, time=2015-05-26 15:02:44.768]
     [java] CT notification: Time [clock=20, time=2015-05-26 15:02:54.773]
     [java] CT notification: Time [clock=20, time=2015-05-26 15:02:54.773]
     [java] CT notification: Time [clock=20, time=2015-05-26 15:02:54.773]
     [java] CT notification: Time [clock=21, time=2015-05-26 15:03:04.775]
     [java] CT notification: Time [clock=21, time=2015-05-26 15:03:04.775]
     [java] CT notification: Time [clock=21, time=2015-05-26 15:03:04.775]
     [java] A New Phase Began: Communication Phase
     [java] A New Phase Began: Communication Phase
     [java] A New Phase Began: Communication Phase
     [java] CT notification: Time [clock=22, time=2015-05-26 15:03:14.777]
     [java] CT notification: Time [clock=22, time=2015-05-26 15:03:14.777]
     [java] CT notification: Time [clock=22, time=2015-05-26 15:03:14.777]
     [java] CT notification: Time [clock=23, time=2015-05-26 15:03:24.779]
     [java] CT notification: Time [clock=23, time=2015-05-26 15:03:24.779]
     [java] CT notification: Time [clock=23, time=2015-05-26 15:03:24.779]
     [java] INFO  BrokerService                  - ActiveMQ Message Broker (localhost, ID:kafka.local-58456-1432648745755-1:0) is shutting down
     [java] WARN  ActiveMQConnection             - Async exception with no exception listener: java.io.EOFException
     [java] java.io.EOFException
     [java] 	at java.io.DataInputStream.readInt(DataInputStream.java:375)
     [java] 	at org.apache.activemq.openwire.OpenWireFormat.unmarshal(OpenWireFormat.java:269)
     [java] 	at org.apache.activemq.transport.tcp.TcpTransport.readCommand(TcpTransport.java:156)
     [java] 	at org.apache.activemq.transport.tcp.TcpTransport.run(TcpTransport.java:136)
     [java] 	at java.lang.Thread.run(Thread.java:695)
     [java] WARN  ActiveMQConnection             - Async exception with no exception listener: java.io.EOFException
     [java] java.io.EOFException
     [java] 	at java.io.DataInputStream.readInt(DataInputStream.java:375)
     [java] 	at org.apache.activemq.openwire.OpenWireFormat.unmarshal(OpenWireFormat.java:269)
     [java] 	at org.apache.activemq.transport.tcp.TcpTransport.readCommand(TcpTransport.java:156)
     [java] 	at org.apache.activemq.transport.tcp.TcpTransport.run(TcpTransport.java:136)
     [java] 	at java.lang.Thread.run(Thread.java:695)
     [java] INFO  TransportConnector             - Connector tcp://kafka.local:8088 Stopped
     [java] INFO  BrokerService                  - ActiveMQ JMS Message Broker (localhost, ID:kafka.local-58456-1432648745755-1:0) stopped
     [java] Java Result: 143

BUILD SUCCESSFUL
Total time: 4 minutes 28 seconds
