Buildfile: /Users/dxd/git/ct3/WebCT/build.xml

runserver:
     [java] INFO  BrokerService                  - ActiveMQ null JMS Message Broker (localhost) is starting
     [java] INFO  BrokerService                  - For help or more information please see: http://activemq.apache.org/
     [java] INFO  AMQPersistenceAdapter          - AMQStore starting using directory: activemq-data/localhost
     [java] INFO  KahaStore                      - Kaha Store using data directory /Users/dxd/git/ct3/WebCT/activemq-data/localhost/kr-store
     [java] INFO  AMQPersistenceAdapter          - Active data files: []
     [java] INFO  AMQPersistenceAdapter          - Journal Recovery Started from: DataManager:(data-)
     [java] INFO  AMQPersistenceAdapter          - Recovered 0 operations from redo log in 0.612 seconds.
     [java] INFO  BrokerService                  - Using Persistence Adapter: AMQPersistenceAdapter(activemq-data/localhost)
     [java] INFO  TransportServerThreadSupport   - Listening for connections at: tcp://kafka.local:8088
     [java] INFO  TransportConnector             - Connector tcp://kafka.local:8088 Started
     [java] INFO  BrokerService                  - ActiveMQ JMS Message Broker (localhost, ID:kafka.local-52131-1433868860748-1:0) started
     [java] INFO  root                           - Started the JMS Server
     [java] INFO  ManagementContext              - JMX consoles can connect to service:jmx:rmi:///jndi/rmi://localhost:1099/jmxrmi
     [java] INFO  BrokerService                  - About to delete any non-persistent messages that may have overflowed to disk ...
     [java] INFO  KahaStore                      - Kaha Store successfully deleted data directory activemq-data/localhost/tmp_storage
     [java] INFO  BrokerService                  - Successfully deleted temporary storage
     [java] INFO  root                           - Controller Interface has been started
     [java] INFO  root                           - ColoredTrails is now running...
     [java] INFO  root                           - Colored Trails Server received a subcription message from client: 40 [10.154.154.93] of type 
     [java] Adding client state for 40
     [java] Adding client state for 40
     [java] Adding client state for 40
     [java] Adding client state for 40
     [java] Adding client state for 40
     [java] Adding client state for 40
     [java] INFO  root                           - Colored Trails Server received a subcription message from client: 40 [10.154.154.93] of type 
     [java] INFO  root                           - Colored Trails Server received a subcription message from client: 40 [10.154.154.93] of type 
     [java] INFO  root                           - Colored Trails Server received a subcription message from client: 40 [10.154.154.93] of type 
     [java] INFO  root                           - Colored Trails Server received a subcription message from client: 40 [10.154.154.93] of type 
     [java] INFO  root                           - Colored Trails Server received a subcription message from client: 40 [10.154.154.93] of type 
     [java] INFO  root                           - Colored Trails Server received a subcription message from client: 20 [10.154.154.93] of type 
     [java] Adding client state for 20
     [java] INFO  root                           - Colored Trails Server received a subcription message from client: 10 [10.154.154.93] of type 
     [java] INFO  root                           - Colored Trails Server received a subcription message from client: 30 [10.154.154.93] of type 
     [java] Adding client state for 10
     [java] Adding client state for 30
     [java] Received message to add config class from: admin
     [java] INFO  root                           - Received message from admin: SET_CONFIGURATION
     [java] INFO  root                           - Received message from admin client:ADD_CONFIGURATION
     [java] DEBUG root                           - Administrator: adding configuration file [game8] class name: game8
     [java] INFO  root                           - Received message from admin client:NEW_GAME
     [java] DEBUG root                           - Administrator: newGame configName = [game8] 
     [java] DEBUG root                           - Administrator: newGame adding Player: [10]
     [java] DEBUG root                           - Administrator: newGame adding Player: [20]
     [java] DEBUG root                           - Administrator: newGame adding Player: [30]
     [java] DEBUG root                           - Administrator: newGame adding Player: [40]
     [java] DEBUG root                           - ServerData addNewGame -- config file
     [java] DEBUG root                           - ServerData addNewGame -- Starting ServerGameStatus
     [java] DEBUG root                           - ServerData addNewGame -- Starting a new game with id: 0
     [java] DEBUG root                           - ClientCommands creating new Topic: ct3.game.0
     [java] DEBUG root                           - sending sendClientSubscribeToGameMessage: for game [0] and player [10]
     [java] DEBUG root                           - sending sendClientSubscribeToGameMessage: for game [0] and player [20]
     [java] DEBUG root                           - sending sendClientSubscribeToGameMessage: for game [0] and player [30]
     [java] DEBUG root                           - sending sendClientSubscribeToGameMessage: for game [0] and player [40]
     [java] INFO  root                           - Received message from admin client:LIST_GAMES
     [java] INFO  root                           - Received message from admin client:LIST_CONFIGURATIONS
     [java] received client subscribed successfully message
     [java] received client subscribed successfully message
     [java] received client subscribed successfully message
     [java] received client subscribed successfully message
     [java] received client subscribed successfully message
     [java] received client subscribed successfully message
     [java] received client subscribed successfully message
     [java] received client subscribed successfully message
     [java] received client subscribed successfully message
     [java] All players subscribed to game, trying to start
     [java] INFO  root                           - Sending reply to controller: NEW_GAME_REPLY
     [java] DEBUG root                           - sendGameStart
     [java] DEBUG root                           - sendGameStart to controller
     [java] DEBUG root                           - sending game id = 0
     [java] INFO  root                           - Starting spaces 1
     [java] DEBUG UrlSpaceFactoryBean            - Finding Space with URL [jini:/*/*/myGrid] and properties [{com.j_spaces.core.container.shutdown_hook=false}]
     [java] 2015-06-09 17:55:10,465  INFO [com.gigaspaces.localcache] - LocalCache#1-myGrid was created successfully. Total time: 1.06 seconds
     [java] 2015-06-09 17:55:10,471 CONFIG [com.gigaspaces.logger] - Log file: /Users/dxd/git/ct3/logs/2015-06-09~17.55-gigaspaces-service-10.154.154.93-84464.log
     [java] DEBUG GigaSpaceFactoryBean           - Clustered flag automatically set to [true] since the space is a local cache space for bean [null]
     [java] DEBUG UrlSpaceFactoryBean            - Finding Space with URL [jini://*/*/myGrid] and properties [{com.j_spaces.core.container.shutdown_hook=false}]
     [java] zatim dobry
     [java] Let the game begin...
     [java] game id= 0
     [java] ---- Sending Scoring Change ----
     [java] setPhases in GameStatus
     [java] A New Phase Began: Setup Phase
     [java] CT writes: Tile [id=null, cell=Cell [x=0, y=0], subject=brown, time=2015-06-09 17:55:10.743, clock=0]
     [java] CT writes: Tile [id=null, cell=Cell [x=0, y=1], subject=yellow, time=2015-06-09 17:55:10.837, clock=0]
     [java] CT writes: Tile [id=null, cell=Cell [x=0, y=2], subject=yellow, time=2015-06-09 17:55:10.839, clock=0]
     [java] CT writes: Tile [id=null, cell=Cell [x=0, y=3], subject=white, time=2015-06-09 17:55:10.841, clock=0]
     [java] CT writes: Tile [id=null, cell=Cell [x=0, y=4], subject=white, time=2015-06-09 17:55:10.844, clock=0]
     [java] CT writes: Tile [id=null, cell=Cell [x=0, y=5], subject=white, time=2015-06-09 17:55:10.845, clock=0]
     [java] CT writes: Tile [id=null, cell=Cell [x=1, y=0], subject=brown, time=2015-06-09 17:55:10.847, clock=0]
     [java] CT writes: Tile [id=null, cell=Cell [x=1, y=1], subject=yellow, time=2015-06-09 17:55:10.85, clock=0]
     [java] CT writes: Tile [id=null, cell=Cell [x=1, y=2], subject=blue, time=2015-06-09 17:55:10.852, clock=0]
     [java] CT writes: Tile [id=null, cell=Cell [x=1, y=3], subject=blue, time=2015-06-09 17:55:10.853, clock=0]
     [java] CT writes: Tile [id=null, cell=Cell [x=1, y=4], subject=white, time=2015-06-09 17:55:10.858, clock=0]
     [java] CT writes: Tile [id=null, cell=Cell [x=1, y=5], subject=yellow, time=2015-06-09 17:55:10.86, clock=0]
     [java] CT writes: Tile [id=null, cell=Cell [x=2, y=0], subject=white, time=2015-06-09 17:55:10.864, clock=0]
     [java] CT writes: Tile [id=null, cell=Cell [x=2, y=1], subject=blue, time=2015-06-09 17:55:10.867, clock=0]
     [java] CT writes: Tile [id=null, cell=Cell [x=2, y=2], subject=white, time=2015-06-09 17:55:10.87, clock=0]
     [java] CT writes: Tile [id=null, cell=Cell [x=2, y=3], subject=blue, time=2015-06-09 17:55:10.874, clock=0]
     [java] CT writes: Tile [id=null, cell=Cell [x=2, y=4], subject=white, time=2015-06-09 17:55:10.88, clock=0]
     [java] CT writes: Tile [id=null, cell=Cell [x=2, y=5], subject=white, time=2015-06-09 17:55:10.882, clock=0]
     [java] CT writes: Tile [id=null, cell=Cell [x=3, y=0], subject=blue, time=2015-06-09 17:55:10.884, clock=0]
     [java] CT writes: Tile [id=null, cell=Cell [x=3, y=1], subject=yellow, time=2015-06-09 17:55:10.888, clock=0]
     [java] CT writes: Tile [id=null, cell=Cell [x=3, y=2], subject=brown, time=2015-06-09 17:55:10.893, clock=0]
     [java] CT writes: Tile [id=null, cell=Cell [x=3, y=3], subject=white, time=2015-06-09 17:55:10.911, clock=0]
     [java] CT writes: Tile [id=null, cell=Cell [x=3, y=4], subject=yellow, time=2015-06-09 17:55:10.915, clock=0]
     [java] CT writes: Tile [id=null, cell=Cell [x=3, y=5], subject=yellow, time=2015-06-09 17:55:10.918, clock=0]
     [java] CT writes: Tile [id=null, cell=Cell [x=4, y=0], subject=brown, time=2015-06-09 17:55:10.924, clock=0]
     [java] CT writes: Tile [id=null, cell=Cell [x=4, y=1], subject=yellow, time=2015-06-09 17:55:10.939, clock=0]
     [java] CT writes: Tile [id=null, cell=Cell [x=4, y=2], subject=white, time=2015-06-09 17:55:10.943, clock=0]
     [java] CT writes: Tile [id=null, cell=Cell [x=4, y=3], subject=yellow, time=2015-06-09 17:55:10.947, clock=0]
     [java] CT writes: Tile [id=null, cell=Cell [x=4, y=4], subject=yellow, time=2015-06-09 17:55:10.951, clock=0]
     [java] CT writes: Tile [id=null, cell=Cell [x=4, y=5], subject=blue, time=2015-06-09 17:55:10.955, clock=0]
     [java] CT writes: Tile [id=null, cell=Cell [x=5, y=0], subject=white, time=2015-06-09 17:55:10.959, clock=0]
     [java] CT writes: Tile [id=null, cell=Cell [x=5, y=1], subject=brown, time=2015-06-09 17:55:10.962, clock=0]
     [java] CT writes: Tile [id=null, cell=Cell [x=5, y=2], subject=blue, time=2015-06-09 17:55:10.966, clock=0]
     [java] CT writes: Tile [id=null, cell=Cell [x=5, y=3], subject=yellow, time=2015-06-09 17:55:10.971, clock=0]
     [java] CT writes: Tile [id=null, cell=Cell [x=5, y=4], subject=white, time=2015-06-09 17:55:10.973, clock=0]
     [java] CT writes: Tile [id=null, cell=Cell [x=5, y=5], subject=white, time=2015-06-09 17:55:10.976, clock=0]
     [java] CT writes: Goal [id=null, cell=Cell [x=2, y=3], agent=null, time=2015-06-09 17:55:11.077, clock=0]
     [java] CT writes position: Position [subject=a10, id=null, cell=Cell [x=3, y=2], time=2015-06-09 17:55:11.171, clock=0]
     [java] CT writes: Position [subject=a10, id=null, cell=Cell [x=3, y=2], time=2015-06-09 17:55:11.171, clock=0]
     [java] CT writes position: Position [subject=a20, id=null, cell=Cell [x=3, y=2], time=2015-06-09 17:55:11.408, clock=0]
     [java] CT writes: Position [subject=a20, id=null, cell=Cell [x=3, y=2], time=2015-06-09 17:55:11.408, clock=0]
     [java] CT writes position: Position [subject=a30, id=null, cell=Cell [x=5, y=2], time=2015-06-09 17:55:11.569, clock=0]
     [java] CT writes: Position [subject=a30, id=null, cell=Cell [x=5, y=2], time=2015-06-09 17:55:11.569, clock=0]
     [java] CT writes position: Position [subject=a40, id=null, cell=Cell [x=0, y=2], time=2015-06-09 17:55:11.62, clock=0]
     [java] CT writes: Position [subject=a40, id=null, cell=Cell [x=0, y=2], time=2015-06-09 17:55:11.62, clock=0]
     [java] A New Phase Began: Norm Phase
     [java] CT writes: Group [name=g, ra=a40, type=raaa, clock=0, time=2015-06-09 17:55:20.73]
     [java] CT notification: Prohibition [subject=a40, prohibition=[restrictPlayer(a40)], sanction=[reduce(a40, 500)], clock=0, time=2015-06-09 17:55:20.744]
     [java] 40
     [java] CT prohibition: [Prohibition to create more than one color norm per player or 500 points will be deducted.]
     [java] CT notification: Prohibition [subject=a10, prohibition=[moveTooFast(a10)], sanction=[reduce(a10, 300)], clock=0, time=2015-06-09 17:55:20.802]
     [java] 10
     [java] 10
     [java] 10
     [java] 10
     [java] CT prohibition: [Prohibition to move more than 1 square per clock tick or 300 points will be deducted.]
     [java] CT notification: Prohibition [subject=a20, prohibition=[moveTooFast(a20)], sanction=[reduce(a20, 300)], clock=0, time=2015-06-09 17:55:20.805]
     [java] 20
     [java] 20
     [java] 20
     [java] CT prohibition: [Prohibition to move more than 1 square per clock tick or 300 points will be deducted.]
     [java] CT notification: Prohibition [subject=a30, prohibition=[moveTooFast(a30)], sanction=[reduce(a30, 300)], clock=0, time=2015-06-09 17:55:20.808]
     [java] 30
     [java] 30
     [java] CT prohibition: [Prohibition to move more than 1 square per clock tick or 300 points will be deducted.]
     [java] CT notification: Obligation [subject=a40, obligation=[surround(2, 3)], sanction=[reduce(g, 700)], deadline=20, time=2015-06-09 17:55:20.824, clock=0]
     [java] 40
     [java] CT obligation: [Obligation to coordinate other players (with the use of norms) to surround a goal [2,3] from left, right, top and bottom  before the clock: 20 or 700 points will be deducted.]
     [java] CT notification: Prohibition [subject=a40, prohibition=[moveTooFast(a40)], sanction=[reduce(a40, 300)], clock=0, time=2015-06-09 17:55:20.81]
     [java] 40
     [java] CT prohibition: [Prohibition to create more than one color norm per player or 500 points will be deducted., Prohibition to move more than 1 square per clock tick or 300 points will be deducted.]
     [java] CT notification: Obligation [subject=a10, obligation=[makeMove(3, 2, a10)], sanction=[reduce(a10, 300)], deadline=15, time=2015-06-09 17:55:20.83, clock=0]
     [java] 10
     [java] 10
     [java] 10
     [java] 10
     [java] CT obligation: [Obligation to make a movement on the board before the clock: 15 or 300 points will be deducted.]
     [java] CT notification: Obligation [subject=a20, obligation=[makeMove(3, 2, a20)], sanction=[reduce(a20, 300)], deadline=15, time=2015-06-09 17:55:20.881, clock=0]
     [java] 20
     [java] 20
     [java] 20
     [java] CT obligation: [Obligation to make a movement on the board before the clock: 15 or 300 points will be deducted.]
     [java] CT notification: Obligation [subject=a30, obligation=[makeMove(5, 2, a30)], sanction=[reduce(a30, 300)], deadline=15, time=2015-06-09 17:55:20.896, clock=0]
     [java] 30
     [java] 30
     [java] CT obligation: [Obligation to make a movement on the board before the clock: 15 or 300 points will be deducted.]
     [java] CT notification: Obligation [subject=a40, obligation=[makeMove(0, 2, a40)], sanction=[reduce(a40, 300)], deadline=15, time=2015-06-09 17:55:20.912, clock=0]
     [java] 40
     [java] CT obligation: [Obligation to coordinate other players (with the use of norms) to surround a goal [2,3] from left, right, top and bottom  before the clock: 20 or 700 points will be deducted., Obligation to make a movement on the board before the clock: 15 or 300 points will be deducted.]
     [java] CT notification: Time [clock=1, time=2015-06-09 17:55:30.744]
     [java] CT notification: Time [clock=2, time=2015-06-09 17:55:40.748]
     [java] CT notification: Time [clock=3, time=2015-06-09 17:55:50.753]
     [java] CT notification: Time [clock=4, time=2015-06-09 17:56:00.756]
     [java] CT notification: Time [clock=5, time=2015-06-09 17:56:10.759]
     [java] CT notification: Time [clock=6, time=2015-06-09 17:56:20.762]
     [java] CT notification: Time [clock=7, time=2015-06-09 17:56:30.767]
     [java] CT notification: Time [clock=8, time=2015-06-09 17:56:40.771]
     [java] CT notification: Time [clock=9, time=2015-06-09 17:56:50.775]
     [java] CT notification: Time [clock=10, time=2015-06-09 17:57:00.777]
     [java] A New Phase Began: Movement Phase
     [java] CT notification: Time [clock=11, time=2015-06-09 17:57:10.779]
     [java] CT notification: Time [clock=12, time=2015-06-09 17:57:20.782]
     [java] CT notification: Time [clock=13, time=2015-06-09 17:57:30.784]
     [java] CT notification: Time [clock=14, time=2015-06-09 17:57:40.788]
     [java] CT notification: Time [clock=15, time=2015-06-09 17:57:50.79]
     [java] CT notification: Time [clock=16, time=2015-06-09 17:58:00.793]
     [java] CT notification: Points [subject=a10, time=2015-06-09 17:58:00.803, clock=16, value=700, id=null]
     [java] 10
     [java] 10
     [java] 10
     [java] 10
     [java] CT notification: Points [subject=a20, time=2015-06-09 17:58:00.817, clock=16, value=700, id=null]
     [java] 20
     [java] 20
     [java] 20
     [java] CT notification: Points [subject=a30, time=2015-06-09 17:58:00.819, clock=16, value=700, id=null]
     [java] 30
     [java] 30
     [java] CT notification: Points [subject=a40, time=2015-06-09 17:58:00.821, clock=16, value=700, id=null]
     [java] 40
     [java] CT notification: Time [clock=17, time=2015-06-09 17:58:10.796]
     [java] CT notification: Time [clock=18, time=2015-06-09 17:58:20.798]
     [java] CT notification: Time [clock=19, time=2015-06-09 17:58:30.8]
     [java] CT notification: Time [clock=20, time=2015-06-09 17:58:40.804]
     [java] CT notification: Time [clock=21, time=2015-06-09 17:58:50.807]
     [java] CT notification: Time [clock=22, time=2015-06-09 17:59:00.809]
     [java] A New Phase Began: Feedback Phase
     [java] CT notification: Time [clock=23, time=2015-06-09 17:59:10.811]
     [java] DEBUG root                           - Game ended id = 0
     [java] CT notification: Time [clock=24, time=2015-06-09 17:59:20.814]
     [java] CT notification: Time [clock=25, time=2015-06-09 17:59:30.816]
     [java] CT notification: Time [clock=26, time=2015-06-09 17:59:40.817]
     [java] CT notification: Time [clock=27, time=2015-06-09 17:59:50.821]
     [java] CT notification: Time [clock=28, time=2015-06-09 18:00:00.824]
     [java] CT notification: Time [clock=29, time=2015-06-09 18:00:10.827]
     [java] CT notification: Time [clock=30, time=2015-06-09 18:00:20.829]
     [java] CT notification: Time [clock=31, time=2015-06-09 18:00:30.832]
     [java] CT notification: Time [clock=32, time=2015-06-09 18:00:40.835]
     [java] CT notification: Time [clock=33, time=2015-06-09 18:00:50.839]
     [java] CT notification: Time [clock=34, time=2015-06-09 18:01:00.842]
     [java] CT notification: Time [clock=35, time=2015-06-09 18:01:10.845]
     [java] CT notification: Time [clock=36, time=2015-06-09 18:01:20.849]
     [java] CT notification: Time [clock=37, time=2015-06-09 18:01:30.852]
     [java] CT notification: Time [clock=38, time=2015-06-09 18:01:40.854]
     [java] INFO  BrokerService                  - ActiveMQ Message Broker (localhost, ID:kafka.local-52131-1433868860748-1:0) is shutting down
     [java] CT notification: Time [clock=39, time=2015-06-09 18:01:50.857]
     [java] WARN  ActiveMQConnection             - Async exception with no exception listener: java.io.EOFException
     [java] java.io.EOFException
     [java] 	at java.io.DataInputStream.readInt(DataInputStream.java:375)
     [java] 	at org.apache.activemq.openwire.OpenWireFormat.unmarshal(OpenWireFormat.java:269)
     [java] 	at org.apache.activemq.transport.tcp.TcpTransport.readCommand(TcpTransport.java:156)
     [java] 	at org.apache.activemq.transport.tcp.TcpTransport.run(TcpTransport.java:136)
     [java] 	at java.lang.Thread.run(Thread.java:695)
     [java] WARN  ActiveMQConnection             - Async exception with no exception listener: java.io.EOFException
     [java] java.io.EOFException
     [java] 	at java.io.DataInputStream.readInt(DataInputStream.java:375)
     [java] 	at org.apache.activemq.openwire.OpenWireFormat.unmarshal(OpenWireFormat.java:269)
     [java] 	at org.apache.activemq.transport.tcp.TcpTransport.readCommand(TcpTransport.java:156)
     [java] 	at org.apache.activemq.transport.tcp.TcpTransport.run(TcpTransport.java:136)
     [java] 	at java.lang.Thread.run(Thread.java:695)
     [java] INFO  TransportConnector             - Connector tcp://kafka.local:8088 Stopped
     [java] INFO  BrokerService                  - ActiveMQ JMS Message Broker (localhost, ID:kafka.local-52131-1433868860748-1:0) stopped
     [java] Java Result: 143

BUILD SUCCESSFUL
Total time: 7 minutes 45 seconds
