Buildfile: /Users/dxd/git/ct3/WebCT/build.xml

runserver:
     [java] INFO  BrokerService                  - ActiveMQ null JMS Message Broker (localhost) is starting
     [java] INFO  BrokerService                  - For help or more information please see: http://activemq.apache.org/
     [java] INFO  AMQPersistenceAdapter          - AMQStore starting using directory: activemq-data/localhost
     [java] INFO  KahaStore                      - Kaha Store using data directory /Users/dxd/git/ct3/WebCT/activemq-data/localhost/kr-store
     [java] INFO  AMQPersistenceAdapter          - Active data files: []
     [java] INFO  AMQPersistenceAdapter          - Journal Recovery Started from: DataManager:(data-)
     [java] INFO  AMQPersistenceAdapter          - Recovered 0 operations from redo log in 0.13 seconds.
     [java] INFO  BrokerService                  - Using Persistence Adapter: AMQPersistenceAdapter(activemq-data/localhost)
     [java] INFO  TransportServerThreadSupport   - Listening for connections at: tcp://kafka:8088
     [java] INFO  TransportConnector             - Connector tcp://kafka:8088 Started
     [java] INFO  BrokerService                  - ActiveMQ JMS Message Broker (localhost, ID:kafka-59860-1432300052054-1:0) started
     [java] INFO  root                           - Started the JMS Server
     [java] INFO  ManagementContext              - JMX consoles can connect to service:jmx:rmi:///jndi/rmi://localhost:1099/jmxrmi
     [java] INFO  BrokerService                  - About to delete any non-persistent messages that may have overflowed to disk ...
     [java] INFO  KahaStore                      - Kaha Store successfully deleted data directory activemq-data/localhost/tmp_storage
     [java] INFO  BrokerService                  - Successfully deleted temporary storage
     [java] INFO  root                           - Controller Interface has been started
     [java] INFO  root                           - ColoredTrails is now running...
     [java] Adding client state for 10
     [java] INFO  root                           - Colored Trails Server received a subcription message from client: 10 [192.168.0.40] of type 
     [java] Adding client state for 40
     [java] Adding client state for 30
     [java] INFO  root                           - Colored Trails Server received a subcription message from client: 40 [192.168.0.40] of type 
     [java] INFO  root                           - Colored Trails Server received a subcription message from client: 30 [192.168.0.40] of type 
     [java] Adding client state for 20
     [java] INFO  root                           - Colored Trails Server received a subcription message from client: 20 [192.168.0.40] of type 
     [java] Received message to add config class from: admin
     [java] INFO  root                           - Received message from admin: SET_CONFIGURATION
     [java] INFO  root                           - Received message from admin client:ADD_CONFIGURATION
     [java] DEBUG root                           - Administrator: adding configuration file [WebCTInputFileConfig] class name: WebCTInputFileConfig
     [java] INFO  root                           - Received message from admin client:NEW_GAME
     [java] DEBUG root                           - Administrator: newGame configName = [WebCTInputFileConfig] 
     [java] DEBUG root                           - Administrator: newGame adding Player: [10]
     [java] DEBUG root                           - Administrator: newGame adding Player: [20]
     [java] DEBUG root                           - Administrator: newGame adding Player: [30]
     [java] DEBUG root                           - Administrator: newGame adding Player: [40]
     [java] DEBUG root                           - ServerData addNewGame -- config file
     [java] DEBUG root                           - ServerData addNewGame -- Starting ServerGameStatus
     [java] DEBUG root                           - ServerData addNewGame -- Starting a new game with id: 0
     [java] DEBUG root                           - ClientCommands creating new Topic: ct3.game.0
     [java] DEBUG root                           - sending sendClientSubscribeToGameMessage: for game [0] and player [10]
     [java] DEBUG root                           - sending sendClientSubscribeToGameMessage: for game [0] and player [20]
     [java] DEBUG root                           - sending sendClientSubscribeToGameMessage: for game [0] and player [30]
     [java] DEBUG root                           - sending sendClientSubscribeToGameMessage: for game [0] and player [40]
     [java] INFO  root                           - Received message from admin client:LIST_GAMES
     [java] INFO  root                           - Received message from admin client:LIST_CONFIGURATIONS
     [java] received client subscribed successfully message
     [java] received client subscribed successfully message
     [java] received client subscribed successfully message
     [java] received client subscribed successfully message
     [java] All players subscribed to game, trying to start
     [java] INFO  root                           - Sending reply to controller: NEW_GAME_REPLY
     [java] DEBUG root                           - sendGameStart
     [java] DEBUG root                           - sendGameStart to controller
     [java] DEBUG root                           - sending game id = 0
     [java] INFO  root                           - Starting spaces 1
     [java] DEBUG UrlSpaceFactoryBean            - Finding Space with URL [jini:/*/*/myGrid] and properties [{com.j_spaces.core.container.shutdown_hook=false}]
     [java] 2015-05-22 14:07:44,762 CONFIG [com.gigaspaces.logger] - Log file: /Users/dxd/git/ct3/logs/2015-05-22~14.07-gigaspaces-service-192.168.0.40-7713.log
     [java] DEBUG GigaSpaceFactoryBean           - Clustered flag automatically set to [true] since the space is a local cache space for bean [null]
     [java] DEBUG UrlSpaceFactoryBean            - Finding Space with URL [jini://*/*/myGrid] and properties [{com.j_spaces.core.container.shutdown_hook=false}]
     [java] 2015-05-22 14:07:44,755  INFO [com.gigaspaces.localcache] - LocalCache#1-myGrid was created successfully. Total time: 640 milliseconds
     [java] zatim dobry
     [java] Let the game begin...
     [java] game id= 0
     [java] ---- Sending Scoring Change ----
     [java] setPhases in GameStatus
     [java] A New Phase Began: Norm Phase
     [java] -------- Creating Board --------
     [java] CT writes: Tile [id=null, cell=Cell [x=0, y=0], subject=brown, time=2015-05-22 14:07:44.951, clock=0]
     [java] CT writes: Tile [id=null, cell=Cell [x=0, y=1], subject=brown, time=2015-05-22 14:07:44.994, clock=0]
     [java] CT writes: Tile [id=null, cell=Cell [x=0, y=2], subject=white, time=2015-05-22 14:07:44.996, clock=0]
     [java] CT writes: Tile [id=null, cell=Cell [x=0, y=3], subject=yellow, time=2015-05-22 14:07:44.998, clock=0]
     [java] CT writes: Tile [id=null, cell=Cell [x=0, y=4], subject=brown, time=2015-05-22 14:07:44.999, clock=0]
     [java] CT writes: Tile [id=null, cell=Cell [x=0, y=5], subject=blue, time=2015-05-22 14:07:45.001, clock=0]
     [java] CT writes: Tile [id=null, cell=Cell [x=0, y=6], subject=brown, time=2015-05-22 14:07:45.004, clock=0]
     [java] CT writes: Tile [id=null, cell=Cell [x=1, y=0], subject=brown, time=2015-05-22 14:07:45.006, clock=0]
     [java] CT writes: Tile [id=null, cell=Cell [x=1, y=1], subject=yellow, time=2015-05-22 14:07:45.008, clock=0]
     [java] CT writes: Tile [id=null, cell=Cell [x=1, y=2], subject=white, time=2015-05-22 14:07:45.01, clock=0]
     [java] CT writes: Tile [id=null, cell=Cell [x=1, y=3], subject=white, time=2015-05-22 14:07:45.012, clock=0]
     [java] CT writes: Tile [id=null, cell=Cell [x=1, y=4], subject=blue, time=2015-05-22 14:07:45.013, clock=0]
     [java] CT writes: Tile [id=null, cell=Cell [x=1, y=5], subject=brown, time=2015-05-22 14:07:45.015, clock=0]
     [java] CT writes: Tile [id=null, cell=Cell [x=1, y=6], subject=yellow, time=2015-05-22 14:07:45.017, clock=0]
     [java] CT writes: Tile [id=null, cell=Cell [x=2, y=0], subject=white, time=2015-05-22 14:07:45.019, clock=0]
     [java] CT writes: Tile [id=null, cell=Cell [x=2, y=1], subject=white, time=2015-05-22 14:07:45.021, clock=0]
     [java] CT writes: Tile [id=null, cell=Cell [x=2, y=2], subject=brown, time=2015-05-22 14:07:45.024, clock=0]
     [java] CT writes: Tile [id=null, cell=Cell [x=2, y=3], subject=blue, time=2015-05-22 14:07:45.026, clock=0]
     [java] CT writes: Tile [id=null, cell=Cell [x=2, y=4], subject=white, time=2015-05-22 14:07:45.028, clock=0]
     [java] CT writes: Tile [id=null, cell=Cell [x=2, y=5], subject=brown, time=2015-05-22 14:07:45.029, clock=0]
     [java] CT writes: Tile [id=null, cell=Cell [x=2, y=6], subject=brown, time=2015-05-22 14:07:45.031, clock=0]
     [java] CT writes: Tile [id=null, cell=Cell [x=3, y=0], subject=white, time=2015-05-22 14:07:45.034, clock=0]
     [java] CT writes: Tile [id=null, cell=Cell [x=3, y=1], subject=yellow, time=2015-05-22 14:07:45.035, clock=0]
     [java] CT writes: Tile [id=null, cell=Cell [x=3, y=2], subject=blue, time=2015-05-22 14:07:45.037, clock=0]
     [java] CT writes: Tile [id=null, cell=Cell [x=3, y=3], subject=blue, time=2015-05-22 14:07:45.039, clock=0]
     [java] CT writes: Tile [id=null, cell=Cell [x=3, y=4], subject=yellow, time=2015-05-22 14:07:45.041, clock=0]
     [java] CT writes: Tile [id=null, cell=Cell [x=3, y=5], subject=yellow, time=2015-05-22 14:07:45.042, clock=0]
     [java] CT writes: Tile [id=null, cell=Cell [x=3, y=6], subject=white, time=2015-05-22 14:07:45.044, clock=0]
     [java] CT writes: Tile [id=null, cell=Cell [x=4, y=0], subject=brown, time=2015-05-22 14:07:45.046, clock=0]
     [java] CT writes: Tile [id=null, cell=Cell [x=4, y=1], subject=blue, time=2015-05-22 14:07:45.048, clock=0]
     [java] CT writes: Tile [id=null, cell=Cell [x=4, y=2], subject=yellow, time=2015-05-22 14:07:45.049, clock=0]
     [java] CT writes: Tile [id=null, cell=Cell [x=4, y=3], subject=blue, time=2015-05-22 14:07:45.051, clock=0]
     [java] CT writes: Tile [id=null, cell=Cell [x=4, y=4], subject=brown, time=2015-05-22 14:07:45.053, clock=0]
     [java] CT writes: Tile [id=null, cell=Cell [x=4, y=5], subject=yellow, time=2015-05-22 14:07:45.055, clock=0]
     [java] CT writes: Tile [id=null, cell=Cell [x=4, y=6], subject=brown, time=2015-05-22 14:07:45.056, clock=0]
     [java] CT writes: Tile [id=null, cell=Cell [x=5, y=0], subject=yellow, time=2015-05-22 14:07:45.058, clock=0]
     [java] CT writes: Tile [id=null, cell=Cell [x=5, y=1], subject=white, time=2015-05-22 14:07:45.06, clock=0]
     [java] CT writes: Tile [id=null, cell=Cell [x=5, y=2], subject=brown, time=2015-05-22 14:07:45.061, clock=0]
     [java] CT writes: Tile [id=null, cell=Cell [x=5, y=3], subject=yellow, time=2015-05-22 14:07:45.063, clock=0]
     [java] CT writes: Tile [id=null, cell=Cell [x=5, y=4], subject=blue, time=2015-05-22 14:07:45.065, clock=0]
     [java] CT writes: Tile [id=null, cell=Cell [x=5, y=5], subject=brown, time=2015-05-22 14:07:45.067, clock=0]
     [java] CT writes: Tile [id=null, cell=Cell [x=5, y=6], subject=white, time=2015-05-22 14:07:45.069, clock=0]
     [java] CT writes: Tile [id=null, cell=Cell [x=6, y=0], subject=blue, time=2015-05-22 14:07:45.07, clock=0]
     [java] CT writes: Tile [id=null, cell=Cell [x=6, y=1], subject=brown, time=2015-05-22 14:07:45.072, clock=0]
     [java] CT writes: Tile [id=null, cell=Cell [x=6, y=2], subject=white, time=2015-05-22 14:07:45.074, clock=0]
     [java] CT writes: Tile [id=null, cell=Cell [x=6, y=3], subject=brown, time=2015-05-22 14:07:45.075, clock=0]
     [java] CT writes: Tile [id=null, cell=Cell [x=6, y=4], subject=white, time=2015-05-22 14:07:45.077, clock=0]
     [java] CT writes: Tile [id=null, cell=Cell [x=6, y=5], subject=brown, time=2015-05-22 14:07:45.079, clock=0]
     [java] CT writes: Tile [id=null, cell=Cell [x=6, y=6], subject=white, time=2015-05-22 14:07:45.081, clock=0]
     [java] CT writes goal: Goal [id=null, cell=Cell [x=3, y=3], agent=null, time=null, clock=0]
     [java] CT writes: Goal [id=null, cell=Cell [x=3, y=3], agent=null, time=2015-05-22 14:07:45.126, clock=0]
     [java] revelation chips: { chips  'blue':0 'white':0 'brown':0 'yellow':0 }
     [java] CT writes setGoal: Group [name=g, ra=a20, clock=0, time=2015-05-22 14:07:45.411]
     [java] CT writes: Group [name=g, ra=a20, clock=0, time=2015-05-22 14:07:45.411]
     [java] revelation chips: { chips  'blue':0 'white':0 'brown':0 'yellow':0 }
     [java] revelation chips: { chips  'blue':0 'white':0 'brown':0 'yellow':0 }
     [java] revelation chips: { chips  'blue':0 'white':0 'brown':0 'yellow':0 }
     [java] CT notification: Time [clock=1, time=2015-05-22 14:07:45.463]
     [java] CT players (clone,for): 
     [java] CT writes position: Position [subject=a30, id=null, cell=Cell [x=6, y=6], time=2015-05-22 14:08:11.641, clock=1]
     [java] CT writes: Position [subject=a30, id=null, cell=Cell [x=6, y=6], time=2015-05-22 14:08:11.641, clock=1]
     [java] CT writes position: Position [subject=a10, id=null, cell=Cell [x=0, y=0], time=2015-05-22 14:08:11.653, clock=1]
     [java] CT writes: Position [subject=a10, id=null, cell=Cell [x=0, y=0], time=2015-05-22 14:08:11.653, clock=1]
     [java] CT writes position: Position [subject=a20, id=null, cell=Cell [x=0, y=6], time=2015-05-22 14:08:11.656, clock=1]
     [java] CT writes: Position [subject=a20, id=null, cell=Cell [x=0, y=6], time=2015-05-22 14:08:11.656, clock=1]
     [java] CT writes position: Position [subject=a40, id=null, cell=Cell [x=6, y=0], time=2015-05-22 14:08:11.659, clock=1]
     [java] CT writes: Position [subject=a40, id=null, cell=Cell [x=6, y=0], time=2015-05-22 14:08:11.659, clock=1]
     [java] CT notification: Time [clock=2, time=2015-05-22 14:07:55.493]
     [java] CT notification: Prohibition [subject=a20, prohibition=[rejectRequests(a20)], sanction=[reduce(a20, 500)], clock=3, time=2015-05-22 14:08:11.629]
     [java] 20
     [java] 20
     [java] 20
     [java] CT prohibition: [Prohibition to reject requests for chips from the other players or 500 points will be deducted.]
     [java] CT players (clone,for): 
     [java] CT notification: Time [clock=3, time=2015-05-22 14:08:05.499]
     [java] CT players (clone,for): 
     [java] CT notification: Prohibition [subject=a20, prohibition=[moveTooFast(a20)], sanction=[reduce(a20, 300)], clock=3, time=2015-05-22 14:08:11.653]
     [java] 20
     [java] 20
     [java] 20
     [java] CT prohibition: [Prohibition to reject requests for chips from the other players or 500 points will be deducted., Prohibition to move more than 1 square per clock tick or 300 points will be deducted.]
     [java] CT notification: Position [subject=a30, id=null, cell=Cell [x=6, y=6], time=2015-05-22 14:08:11.641, clock=1]
     [java] 30
     [java] CT notification: Position [subject=a10, id=null, cell=Cell [x=0, y=0], time=2015-05-22 14:08:11.653, clock=1]
     [java] 10
     [java] 10
     [java] CT notification: Position [subject=a20, id=null, cell=Cell [x=0, y=6], time=2015-05-22 14:08:11.656, clock=1]
     [java] 20
     [java] 20
     [java] 20
     [java] CT notification: Position [subject=a40, id=null, cell=Cell [x=6, y=0], time=2015-05-22 14:08:11.659, clock=1]
     [java] 40
     [java] 40
     [java] 40
     [java] 40
     [java] CT notification: Time [clock=4, time=2015-05-22 14:08:15.502]
     [java] CT players (clone,for): 
     [java] DEBUG root                           - received a discourse mesage... 20
     [java] Received Discourse Message 
     [java] Class: class edu.harvard.eecs.airg.coloredtrails.shared.discourse.NormGoalDiscourseMessage
     [java] From: 1
     [java] From: 2
     [java] DEBUG root                           - sendGameDiscourseMessage class edu.harvard.eecs.airg.coloredtrails.shared.discourse.NormGoalDiscourseMessage
     [java] DEBUG root                           - FROM: 1 TO: 2(PIN: 30)
     [java] ---- NormGoalDiscourseMessage ----
     [java] CT writes setGoal: SetGoal [id=null, agent=a30, cell=Cell [x=3, y=4], goal=Cell [x=3, y=3], sanction=100, clock=4, time=2015-05-22 14:08:20.366]
     [java] CT writes: SetGoal [id=null, agent=a30, cell=Cell [x=3, y=4], goal=Cell [x=3, y=3], sanction=100, clock=4, time=2015-05-22 14:08:20.366]
     [java] DEBUG root                           - received a discourse mesage... 20
     [java] Received Discourse Message 
     [java] Class: class edu.harvard.eecs.airg.coloredtrails.shared.discourse.NormGoalDiscourseMessage
     [java] From: 1
     [java] From: 1
     [java] DEBUG root                           - sendGameDiscourseMessage class edu.harvard.eecs.airg.coloredtrails.shared.discourse.NormGoalDiscourseMessage
     [java] DEBUG root                           - FROM: 1 TO: 1(PIN: 20)
     [java] ---- NormGoalDiscourseMessage ----
     [java] CT writes setGoal: SetGoal [id=null, agent=a20, cell=Cell [x=3, y=2], goal=Cell [x=3, y=3], sanction=100, clock=4, time=2015-05-22 14:08:25.321]
     [java] CT writes: SetGoal [id=null, agent=a20, cell=Cell [x=3, y=2], goal=Cell [x=3, y=3], sanction=100, clock=4, time=2015-05-22 14:08:25.321]
     [java] CT notification: Time [clock=5, time=2015-05-22 14:08:25.504]
     [java] CT players (clone,for): 
     [java] DEBUG root                           - received a discourse mesage... 20
     [java] Received Discourse Message 
     [java] Class: class edu.harvard.eecs.airg.coloredtrails.shared.discourse.NormGoalDiscourseMessage
     [java] From: 1
     [java] From: 0
     [java] DEBUG root                           - sendGameDiscourseMessage class edu.harvard.eecs.airg.coloredtrails.shared.discourse.NormGoalDiscourseMessage
     [java] DEBUG root                           - FROM: 1 TO: 0(PIN: 10)
     [java] ---- NormGoalDiscourseMessage ----
     [java] CT writes setGoal: SetGoal [id=null, agent=a10, cell=Cell [x=4, y=3], goal=Cell [x=3, y=3], sanction=100, clock=5, time=2015-05-22 14:08:30.041]
     [java] CT writes: SetGoal [id=null, agent=a10, cell=Cell [x=4, y=3], goal=Cell [x=3, y=3], sanction=100, clock=5, time=2015-05-22 14:08:30.041]
     [java] DEBUG root                           - received a discourse mesage... 20
     [java] Received Discourse Message 
     [java] Class: class edu.harvard.eecs.airg.coloredtrails.shared.discourse.NormGoalDiscourseMessage
     [java] From: 1
     [java] From: 3
     [java] DEBUG root                           - sendGameDiscourseMessage class edu.harvard.eecs.airg.coloredtrails.shared.discourse.NormGoalDiscourseMessage
     [java] DEBUG root                           - FROM: 1 TO: 3(PIN: 40)
     [java] ---- NormGoalDiscourseMessage ----
     [java] CT writes setGoal: SetGoal [id=null, agent=a40, cell=Cell [x=2, y=3], goal=Cell [x=3, y=3], sanction=100, clock=5, time=2015-05-22 14:08:35.399]
     [java] CT writes: SetGoal [id=null, agent=a40, cell=Cell [x=2, y=3], goal=Cell [x=3, y=3], sanction=100, clock=5, time=2015-05-22 14:08:35.399]
     [java] CT notification: Time [clock=6, time=2015-05-22 14:08:35.506]
     [java] CT players (clone,for): 
     [java] CT notification: Time [clock=7, time=2015-05-22 14:08:45.508]
     [java] CT players (clone,for): 
     [java] CT notification: Time [clock=8, time=2015-05-22 14:08:55.51]
     [java] CT players (clone,for): 
     [java] CT notification: Time [clock=9, time=2015-05-22 14:09:05.515]
     [java] CT players (clone,for): 
     [java] CT notification: Time [clock=10, time=2015-05-22 14:09:15.517]
     [java] CT players (clone,for): 
     [java] CT notification: Time [clock=11, time=2015-05-22 14:09:25.519]
     [java] CT players (clone,for): 
     [java] CT notification: Time [clock=12, time=2015-05-22 14:09:35.521]
     [java] CT players (clone,for): 
     [java] A New Phase Began: Communication Phase
     [java] CT notification: Time [clock=13, time=2015-05-22 14:09:45.524]
     [java] CT players (clone,for): 
     [java] CT notification: Time [clock=14, time=2015-05-22 14:09:55.528]
     [java] CT players (clone,for): 
     [java] CT notification: Time [clock=15, time=2015-05-22 14:10:05.53]
     [java] CT players (clone,for): 
     [java] CT notification: Time [clock=16, time=2015-05-22 14:10:15.532]
     [java] CT players (clone,for): 
     [java] CT notification: Time [clock=17, time=2015-05-22 14:10:25.535]
     [java] CT players (clone,for): 
     [java] CT notification: Time [clock=18, time=2015-05-22 14:10:35.537]
     [java] CT players (clone,for): 
     [java] INFO  BrokerService                  - ActiveMQ Message Broker (localhost, ID:kafka-59860-1432300052054-1:0) is shutting down
     [java] CT notification: Time [clock=19, time=2015-05-22 14:10:45.538]
     [java] CT players (clone,for): 
     [java] WARN  ActiveMQConnection             - Async exception with no exception listener: java.io.EOFException
     [java] java.io.EOFException
     [java] 	at java.io.DataInputStream.readInt(DataInputStream.java:375)
     [java] 	at org.apache.activemq.openwire.OpenWireFormat.unmarshal(OpenWireFormat.java:269)
     [java] 	at org.apache.activemq.transport.tcp.TcpTransport.readCommand(TcpTransport.java:156)
     [java] 	at org.apache.activemq.transport.tcp.TcpTransport.run(TcpTransport.java:136)
     [java] 	at java.lang.Thread.run(Thread.java:695)
     [java] WARN  ActiveMQConnection             - Async exception with no exception listener: java.io.EOFException
     [java] java.io.EOFException
     [java] 	at java.io.DataInputStream.readInt(DataInputStream.java:375)
     [java] 	at org.apache.activemq.openwire.OpenWireFormat.unmarshal(OpenWireFormat.java:269)
     [java] 	at org.apache.activemq.transport.tcp.TcpTransport.readCommand(TcpTransport.java:156)
     [java] 	at org.apache.activemq.transport.tcp.TcpTransport.run(TcpTransport.java:136)
     [java] 	at java.lang.Thread.run(Thread.java:695)
     [java] INFO  TransportConnector             - Connector tcp://kafka:8088 Stopped
     [java] INFO  BrokerService                  - ActiveMQ JMS Message Broker (localhost, ID:kafka-59860-1432300052054-1:0) stopped

BUILD SUCCESSFUL
Total time: 3 minutes 18 seconds
