Buildfile: /Users/dxd/git/ct3/WebCT/build.xml

runserver:
     [java] INFO  BrokerService                  - ActiveMQ null JMS Message Broker (localhost) is starting
     [java] INFO  BrokerService                  - For help or more information please see: http://activemq.apache.org/
     [java] INFO  AMQPersistenceAdapter          - AMQStore starting using directory: activemq-data/localhost
     [java] INFO  KahaStore                      - Kaha Store using data directory /Users/dxd/git/ct3/WebCT/activemq-data/localhost/kr-store
     [java] INFO  AMQPersistenceAdapter          - Active data files: []
     [java] INFO  AMQPersistenceAdapter          - Journal Recovery Started from: DataManager:(data-)
     [java] INFO  AMQPersistenceAdapter          - Recovered 0 operations from redo log in 0.512 seconds.
     [java] INFO  BrokerService                  - Using Persistence Adapter: AMQPersistenceAdapter(activemq-data/localhost)
     [java] INFO  TransportServerThreadSupport   - Listening for connections at: tcp://kafka.local:8088
     [java] INFO  TransportConnector             - Connector tcp://kafka.local:8088 Started
     [java] INFO  BrokerService                  - ActiveMQ JMS Message Broker (localhost, ID:kafka.local-62527-1432658827505-1:0) started
     [java] INFO  root                           - Started the JMS Server
     [java] INFO  ManagementContext              - JMX consoles can connect to service:jmx:rmi:///jndi/rmi://localhost:1099/jmxrmi
     [java] INFO  BrokerService                  - About to delete any non-persistent messages that may have overflowed to disk ...
     [java] INFO  KahaStore                      - Kaha Store successfully deleted data directory activemq-data/localhost/tmp_storage
     [java] INFO  BrokerService                  - Successfully deleted temporary storage
     [java] INFO  root                           - Controller Interface has been started
     [java] INFO  root                           - ColoredTrails is now running...
     [java] INFO  root                           - Colored Trails Server received a subcription message from client: 20 [10.154.153.148] of type 
     [java] Adding client state for 20
     [java] Adding client state for 20
     [java] Adding client state for 20
     [java] Adding client state for 20
     [java] Adding client state for 20
     [java] Adding client state for 20
     [java] INFO  root                           - Colored Trails Server received a subcription message from client: 20 [10.154.153.148] of type 
     [java] INFO  root                           - Colored Trails Server received a subcription message from client: 20 [10.154.153.148] of type 
     [java] INFO  root                           - Colored Trails Server received a subcription message from client: 20 [10.154.153.148] of type 
     [java] INFO  root                           - Colored Trails Server received a subcription message from client: 20 [10.154.153.148] of type 
     [java] INFO  root                           - Colored Trails Server received a subcription message from client: 20 [10.154.153.148] of type 
     [java] Adding client state for 30
     [java] Adding client state for 10
     [java] Adding client state for 40
     [java] INFO  root                           - Colored Trails Server received a subcription message from client: 30 [10.154.153.148] of type 
     [java] INFO  root                           - Colored Trails Server received a subcription message from client: 10 [10.154.153.148] of type 
     [java] INFO  root                           - Colored Trails Server received a subcription message from client: 40 [10.154.153.148] of type 
     [java] Received message to add config class from: admin
     [java] INFO  root                           - Received message from admin: SET_CONFIGURATION
     [java] INFO  root                           - Received message from admin client:ADD_CONFIGURATION
     [java] DEBUG root                           - Administrator: adding configuration file [WebCTInputFileConfig] class name: WebCTInputFileConfig
     [java] INFO  root                           - Received message from admin client:NEW_GAME
     [java] DEBUG root                           - Administrator: newGame configName = [WebCTInputFileConfig] 
     [java] DEBUG root                           - Administrator: newGame adding Player: [10]
     [java] DEBUG root                           - Administrator: newGame adding Player: [20]
     [java] DEBUG root                           - Administrator: newGame adding Player: [30]
     [java] DEBUG root                           - Administrator: newGame adding Player: [40]
     [java] DEBUG root                           - ServerData addNewGame -- config file
     [java] DEBUG root                           - ServerData addNewGame -- Starting ServerGameStatus
     [java] DEBUG root                           - ServerData addNewGame -- Starting a new game with id: 0
     [java] DEBUG root                           - ClientCommands creating new Topic: ct3.game.0
     [java] DEBUG root                           - sending sendClientSubscribeToGameMessage: for game [0] and player [10]
     [java] DEBUG root                           - sending sendClientSubscribeToGameMessage: for game [0] and player [20]
     [java] DEBUG root                           - sending sendClientSubscribeToGameMessage: for game [0] and player [30]
     [java] DEBUG root                           - sending sendClientSubscribeToGameMessage: for game [0] and player [40]
     [java] INFO  root                           - Received message from admin client:LIST_GAMES
     [java] INFO  root                           - Received message from admin client:LIST_CONFIGURATIONS
     [java] received client subscribed successfully message
     [java] received client subscribed successfully message
     [java] received client subscribed successfully message
     [java] received client subscribed successfully message
     [java] received client subscribed successfully message
     [java] received client subscribed successfully message
     [java] received client subscribed successfully message
     [java] All players subscribed to game, trying to start
     [java] INFO  root                           - Sending reply to controller: NEW_GAME_REPLY
     [java] DEBUG root                           - sendGameStart
     [java] DEBUG root                           - sendGameStart to controller
     [java] DEBUG root                           - sending game id = 0
     [java] INFO  root                           - Starting spaces 1
     [java] DEBUG UrlSpaceFactoryBean            - Finding Space with URL [jini:/*/*/myGrid] and properties [{com.j_spaces.core.container.shutdown_hook=false}]
     [java] 2015-05-26 17:47:59,602 CONFIG [com.gigaspaces.logger] - Log file: /Users/dxd/git/ct3/logs/2015-05-26~17.47-gigaspaces-service-10.154.153.148-29489.log
     [java] DEBUG GigaSpaceFactoryBean           - Clustered flag automatically set to [true] since the space is a local cache space for bean [null]
     [java] 2015-05-26 17:47:59,598  INFO [com.gigaspaces.localcache] - LocalCache#1-myGrid was created successfully. Total time: 1.02 seconds
     [java] DEBUG UrlSpaceFactoryBean            - Finding Space with URL [jini://*/*/myGrid] and properties [{com.j_spaces.core.container.shutdown_hook=false}]
     [java] zatim dobry
     [java] Let the game begin...
     [java] game id= 0
     [java] ---- Sending Scoring Change ----
     [java] setPhases in GameStatus
     [java] A New Phase Began: Norm Phase
     [java] -------- Creating Board --------
     [java] CT writes: Tile [id=null, cell=Cell [x=0, y=0], subject=brown, time=2015-05-26 17:48:00.061, clock=0]
     [java] CT writes: Tile [id=null, cell=Cell [x=0, y=1], subject=brown, time=2015-05-26 17:48:00.138, clock=0]
     [java] CT writes: Tile [id=null, cell=Cell [x=0, y=2], subject=white, time=2015-05-26 17:48:00.14, clock=0]
     [java] CT writes: Tile [id=null, cell=Cell [x=0, y=3], subject=yellow, time=2015-05-26 17:48:00.147, clock=0]
     [java] CT writes: Tile [id=null, cell=Cell [x=0, y=4], subject=brown, time=2015-05-26 17:48:00.165, clock=0]
     [java] CT writes: Tile [id=null, cell=Cell [x=0, y=5], subject=blue, time=2015-05-26 17:48:00.178, clock=0]
     [java] CT writes: Tile [id=null, cell=Cell [x=0, y=6], subject=brown, time=2015-05-26 17:48:00.18, clock=0]
     [java] CT writes: Tile [id=null, cell=Cell [x=1, y=0], subject=brown, time=2015-05-26 17:48:00.187, clock=0]
     [java] CT writes: Tile [id=null, cell=Cell [x=1, y=1], subject=yellow, time=2015-05-26 17:48:00.191, clock=0]
     [java] CT writes: Tile [id=null, cell=Cell [x=1, y=2], subject=white, time=2015-05-26 17:48:00.196, clock=0]
     [java] CT writes: Tile [id=null, cell=Cell [x=1, y=3], subject=white, time=2015-05-26 17:48:00.2, clock=0]
     [java] CT writes: Tile [id=null, cell=Cell [x=1, y=4], subject=blue, time=2015-05-26 17:48:00.202, clock=0]
     [java] CT writes: Tile [id=null, cell=Cell [x=1, y=5], subject=brown, time=2015-05-26 17:48:00.204, clock=0]
     [java] CT writes: Tile [id=null, cell=Cell [x=1, y=6], subject=yellow, time=2015-05-26 17:48:00.207, clock=0]
     [java] CT writes: Tile [id=null, cell=Cell [x=2, y=0], subject=white, time=2015-05-26 17:48:00.209, clock=0]
     [java] CT writes: Tile [id=null, cell=Cell [x=2, y=1], subject=white, time=2015-05-26 17:48:00.213, clock=0]
     [java] CT writes: Tile [id=null, cell=Cell [x=2, y=2], subject=brown, time=2015-05-26 17:48:00.232, clock=0]
     [java] CT writes: Tile [id=null, cell=Cell [x=2, y=3], subject=blue, time=2015-05-26 17:48:00.242, clock=0]
     [java] CT writes: Tile [id=null, cell=Cell [x=2, y=4], subject=white, time=2015-05-26 17:48:00.249, clock=0]
     [java] CT writes: Tile [id=null, cell=Cell [x=2, y=5], subject=brown, time=2015-05-26 17:48:00.263, clock=0]
     [java] CT writes: Tile [id=null, cell=Cell [x=2, y=6], subject=brown, time=2015-05-26 17:48:00.266, clock=0]
     [java] CT writes: Tile [id=null, cell=Cell [x=3, y=0], subject=white, time=2015-05-26 17:48:00.285, clock=0]
     [java] CT writes: Tile [id=null, cell=Cell [x=3, y=1], subject=yellow, time=2015-05-26 17:48:00.307, clock=0]
     [java] CT writes: Tile [id=null, cell=Cell [x=3, y=2], subject=blue, time=2015-05-26 17:48:00.332, clock=0]
     [java] CT writes: Tile [id=null, cell=Cell [x=3, y=3], subject=blue, time=2015-05-26 17:48:00.36, clock=0]
     [java] CT writes: Tile [id=null, cell=Cell [x=3, y=4], subject=yellow, time=2015-05-26 17:48:00.37, clock=0]
     [java] CT writes: Tile [id=null, cell=Cell [x=3, y=5], subject=yellow, time=2015-05-26 17:48:00.376, clock=0]
     [java] CT writes: Tile [id=null, cell=Cell [x=3, y=6], subject=white, time=2015-05-26 17:48:00.379, clock=0]
     [java] CT writes: Tile [id=null, cell=Cell [x=4, y=0], subject=brown, time=2015-05-26 17:48:00.381, clock=0]
     [java] CT writes: Tile [id=null, cell=Cell [x=4, y=1], subject=blue, time=2015-05-26 17:48:00.384, clock=0]
     [java] CT writes: Tile [id=null, cell=Cell [x=4, y=2], subject=yellow, time=2015-05-26 17:48:00.387, clock=0]
     [java] CT writes: Tile [id=null, cell=Cell [x=4, y=3], subject=blue, time=2015-05-26 17:48:00.395, clock=0]
     [java] CT writes: Tile [id=null, cell=Cell [x=4, y=4], subject=brown, time=2015-05-26 17:48:00.398, clock=0]
     [java] CT writes: Tile [id=null, cell=Cell [x=4, y=5], subject=yellow, time=2015-05-26 17:48:00.4, clock=0]
     [java] CT writes: Tile [id=null, cell=Cell [x=4, y=6], subject=brown, time=2015-05-26 17:48:00.403, clock=0]
     [java] CT writes: Tile [id=null, cell=Cell [x=5, y=0], subject=yellow, time=2015-05-26 17:48:00.405, clock=0]
     [java] CT writes: Tile [id=null, cell=Cell [x=5, y=1], subject=white, time=2015-05-26 17:48:00.408, clock=0]
     [java] CT writes: Tile [id=null, cell=Cell [x=5, y=2], subject=brown, time=2015-05-26 17:48:00.41, clock=0]
     [java] CT writes: Tile [id=null, cell=Cell [x=5, y=3], subject=yellow, time=2015-05-26 17:48:00.413, clock=0]
     [java] CT writes: Tile [id=null, cell=Cell [x=5, y=4], subject=blue, time=2015-05-26 17:48:00.416, clock=0]
     [java] CT writes: Tile [id=null, cell=Cell [x=5, y=5], subject=brown, time=2015-05-26 17:48:00.418, clock=0]
     [java] CT writes: Tile [id=null, cell=Cell [x=5, y=6], subject=white, time=2015-05-26 17:48:00.421, clock=0]
     [java] CT writes: Tile [id=null, cell=Cell [x=6, y=0], subject=blue, time=2015-05-26 17:48:00.423, clock=0]
     [java] CT writes: Tile [id=null, cell=Cell [x=6, y=1], subject=brown, time=2015-05-26 17:48:00.426, clock=0]
     [java] CT writes: Tile [id=null, cell=Cell [x=6, y=2], subject=white, time=2015-05-26 17:48:00.428, clock=0]
     [java] CT writes: Tile [id=null, cell=Cell [x=6, y=3], subject=brown, time=2015-05-26 17:48:00.431, clock=0]
     [java] CT writes: Tile [id=null, cell=Cell [x=6, y=4], subject=white, time=2015-05-26 17:48:00.433, clock=0]
     [java] CT writes: Tile [id=null, cell=Cell [x=6, y=5], subject=brown, time=2015-05-26 17:48:00.436, clock=0]
     [java] CT writes: Tile [id=null, cell=Cell [x=6, y=6], subject=white, time=2015-05-26 17:48:00.438, clock=0]
     [java] CT writes goal: Goal [id=null, cell=Cell [x=3, y=3], agent=null, time=null, clock=0]
     [java] CT writes: Goal [id=null, cell=Cell [x=3, y=3], agent=null, time=2015-05-26 17:48:00.484, clock=0]
     [java] CT writes setGoal: Group [name=g, ra=a10, clock=0, time=2015-05-26 17:48:00.546]
     [java] CT writes: Group [name=g, ra=a10, clock=0, time=2015-05-26 17:48:00.546]
     [java] revelation chips: { chips  'blue':0 'white':0 'brown':0 'yellow':0 }
     [java] revelation chips: { chips  'blue':0 'white':0 'brown':0 'yellow':0 }
     [java] revelation chips: { chips  'blue':0 'white':0 'brown':0 'yellow':0 }
     [java] revelation chips: { chips  'blue':0 'white':0 'brown':0 'yellow':0 }
     [java] A New Phase Began: Communication Phase
     [java] CT notification: Time [clock=2, time=2015-05-26 17:48:03.95]
     [java] CT notification: Time [clock=3, time=2015-05-26 17:48:13.955]
     [java] CT notification: Time [clock=4, time=2015-05-26 17:48:23.958]
     [java] CT notification: Time [clock=5, time=2015-05-26 17:48:33.96]
     [java] CT notification: Obligation [subject=a20, obligation=[at(2, 3, a20)], sanction=[reduce(a20, 700)], deadline=31, time=2015-05-26 17:48:35.356, clock=5]
     [java] 20
     [java] 20
     [java] CT obligation: [Obligation to be at the grid tile [2,3] before clock 31 or 700 points will be deducted.]
     [java] DEBUG root                           - received a discourse mesage... 30
     [java] Received Discourse Message 
     [java] Class: class edu.harvard.eecs.airg.coloredtrails.shared.discourse.BasicProposalDiscourseMessage
     [java] From: 2
     [java] From: 1
     [java] DEBUG root                           - sendGameDiscourseMessage class edu.harvard.eecs.airg.coloredtrails.shared.discourse.BasicProposalDiscourseMessage
     [java] DEBUG root                           - FROM: 2 TO: 1(PIN: 20)
     [java] CT writes: Proposal [id=8661, agent=a30, agent2=a20, clock=5, time=2015-05-26 17:48:41.65]
     [java] DEBUG root                           - received a discourse mesage... 10
     [java] Received Discourse Message 
     [java] Class: class edu.harvard.eecs.airg.coloredtrails.shared.discourse.BasicProposalDiscourseMessage
     [java] From: 0
     [java] From: 1
     [java] DEBUG root                           - sendGameDiscourseMessage class edu.harvard.eecs.airg.coloredtrails.shared.discourse.BasicProposalDiscourseMessage
     [java] DEBUG root                           - FROM: 0 TO: 1(PIN: 20)
     [java] CT writes: Proposal [id=3832, agent=a10, agent2=a20, clock=5, time=2015-05-26 17:48:41.662]
     [java] DEBUG root                           - received a move request...: 10
     [java] CT writes position: Position [subject=a10, id=null, cell=Cell [x=0, y=1], time=2015-05-26 17:48:41.917, clock=5]
     [java] CT writes: Position [subject=a10, id=null, cell=Cell [x=0, y=1], time=2015-05-26 17:48:41.917, clock=5]
     [java] CT notification: Time [clock=6, time=2015-05-26 17:48:43.963]
     [java] DEBUG root                           - received a move request...: 30
     [java] CT writes position: Position [subject=a30, id=null, cell=Cell [x=6, y=5], time=2015-05-26 17:48:49.768, clock=6]
     [java] CT writes: Position [subject=a30, id=null, cell=Cell [x=6, y=5], time=2015-05-26 17:48:49.768, clock=6]
     [java] CT notification: Time [clock=7, time=2015-05-26 17:48:53.966]
     [java] DEBUG root                           - received a discourse mesage... 30
     [java] Received Discourse Message 
     [java] Class: class edu.harvard.eecs.airg.coloredtrails.shared.discourse.BasicProposalDiscourseMessage
     [java] From: 2
     [java] From: 0
     [java] DEBUG root                           - sendGameDiscourseMessage class edu.harvard.eecs.airg.coloredtrails.shared.discourse.BasicProposalDiscourseMessage
     [java] DEBUG root                           - FROM: 2 TO: 0(PIN: 10)
     [java] CT writes: Proposal [id=6584, agent=a30, agent2=a10, clock=7, time=2015-05-26 17:49:00.129]
     [java] DEBUG root                           - received a discourse mesage... 10
     [java] Received Discourse Message 
     [java] Class: class edu.harvard.eecs.airg.coloredtrails.shared.discourse.BasicProposalDiscussionDiscourseMessage
     [java] From: 0
     [java] From: 2
     [java] DEBUG root                           - sendGameDiscourseMessage class edu.harvard.eecs.airg.coloredtrails.shared.discourse.BasicProposalDiscussionDiscourseMessage
     [java] DEBUG root                           - FROM: 0 TO: 2(PIN: 30)
     [java] ---- BasicProposalDiscussionDiscourseMessage ----
     [java] CT writes: Response [id=6584, response=accepted, clock=7, time=2015-05-26 17:49:00.253]
     [java] We have an accepted offer, chips before: 
     [java] player pin: 30
     [java] player chips: { chips  'blue':9 'white':0 'brown':0 'yellow':0 }
     [java] player pin: 20
     [java] player chips: { chips  'blue':0 'white':0 'brown':9 'yellow':0 }
     [java] player pin: 40
     [java] player chips: { chips  'blue':0 'white':0 'brown':0 'yellow':9 }
     [java] player pin: 10
     [java] player chips: { chips  'blue':0 'white':9 'brown':0 'yellow':0 }
     [java] Initiating Automatic Chip Transfer
     [java] Proposer:  2
     [java] Sending: { chips  }
     [java] Responder: 0
     [java] Sending: { chips  'white':1 }
     [java] EXECUTING AUTOMATIC CHIP TRANSFER
     [java] chips after: 
     [java] player pin: 30
     [java] player chips: { chips  'blue':9 'white':1 'brown':0 'yellow':0 }
     [java] player pin: 20
     [java] player chips: { chips  'blue':0 'white':0 'brown':9 'yellow':0 }
     [java] player pin: 40
     [java] player chips: { chips  'blue':0 'white':0 'brown':0 'yellow':9 }
     [java] player pin: 10
     [java] player chips: { chips  'blue':0 'white':8 'brown':0 'yellow':0 }
     [java] DEBUG root                           - received a discourse mesage... 20
     [java] Received Discourse Message 
     [java] Class: class edu.harvard.eecs.airg.coloredtrails.shared.discourse.BasicProposalDiscussionDiscourseMessage
     [java] From: 1
     [java] From: 2
     [java] DEBUG root                           - sendGameDiscourseMessage class edu.harvard.eecs.airg.coloredtrails.shared.discourse.BasicProposalDiscussionDiscourseMessage
     [java] DEBUG root                           - FROM: 1 TO: 2(PIN: 30)
     [java] ---- BasicProposalDiscussionDiscourseMessage ----
     [java] CT writes: Response [id=8661, response=accepted, clock=7, time=2015-05-26 17:49:00.368]
     [java] We have an accepted offer, chips before: 
     [java] player pin: 30
     [java] player chips: { chips  'blue':9 'white':1 'brown':0 'yellow':0 }
     [java] player pin: 20
     [java] player chips: { chips  'blue':0 'white':0 'brown':9 'yellow':0 }
     [java] player pin: 40
     [java] player chips: { chips  'blue':0 'white':0 'brown':0 'yellow':9 }
     [java] player pin: 10
     [java] player chips: { chips  'blue':0 'white':8 'brown':0 'yellow':0 }
     [java] Initiating Automatic Chip Transfer
     [java] Proposer:  2
     [java] Sending: { chips  }
     [java] Responder: 1
     [java] Sending: { chips  'brown':1 }
     [java] EXECUTING AUTOMATIC CHIP TRANSFER
     [java] chips after: 
     [java] player pin: 30
     [java] player chips: { chips  'blue':9 'white':1 'brown':1 'yellow':0 }
     [java] player pin: 20
     [java] player chips: { chips  'blue':0 'white':0 'brown':8 'yellow':0 }
     [java] player pin: 40
     [java] player chips: { chips  'blue':0 'white':0 'brown':0 'yellow':9 }
     [java] player pin: 10
     [java] player chips: { chips  'blue':0 'white':8 'brown':0 'yellow':0 }
     [java] DEBUG root                           - received a discourse mesage... 20
     [java] Received Discourse Message 
     [java] Class: class edu.harvard.eecs.airg.coloredtrails.shared.discourse.BasicProposalDiscussionDiscourseMessage
     [java] From: 1
     [java] From: 0
     [java] DEBUG root                           - sendGameDiscourseMessage class edu.harvard.eecs.airg.coloredtrails.shared.discourse.BasicProposalDiscussionDiscourseMessage
     [java] DEBUG root                           - FROM: 1 TO: 0(PIN: 10)
     [java] ---- BasicProposalDiscussionDiscourseMessage ----
     [java] CT writes: Response [id=3832, response=accepted, clock=7, time=2015-05-26 17:49:00.473]
     [java] We have an accepted offer, chips before: 
     [java] player pin: 30
     [java] player chips: { chips  'blue':9 'white':1 'brown':1 'yellow':0 }
     [java] player pin: 20
     [java] player chips: { chips  'blue':0 'white':0 'brown':8 'yellow':0 }
     [java] player pin: 40
     [java] player chips: { chips  'blue':0 'white':0 'brown':0 'yellow':9 }
     [java] player pin: 10
     [java] player chips: { chips  'blue':0 'white':8 'brown':0 'yellow':0 }
     [java] Initiating Automatic Chip Transfer
     [java] Proposer:  0
     [java] Sending: { chips  }
     [java] Responder: 1
     [java] Sending: { chips  'brown':1 }
     [java] EXECUTING AUTOMATIC CHIP TRANSFER
     [java] chips after: 
     [java] player pin: 30
     [java] player chips: { chips  'blue':9 'white':1 'brown':1 'yellow':0 }
     [java] player pin: 20
     [java] player chips: { chips  'blue':0 'white':0 'brown':7 'yellow':0 }
     [java] player pin: 40
     [java] player chips: { chips  'blue':0 'white':0 'brown':0 'yellow':9 }
     [java] player pin: 10
     [java] player chips: { chips  'blue':0 'white':8 'brown':1 'yellow':0 }
     [java] DEBUG root                           - received a move request...: 10
     [java] CT writes position: Position [subject=a10, id=null, cell=Cell [x=0, y=1], time=2015-05-26 17:49:03.515, clock=7]
     [java] CT writes: Position [subject=a10, id=null, cell=Cell [x=0, y=1], time=2015-05-26 17:49:03.515, clock=7]
     [java] CT notification: Time [clock=8, time=2015-05-26 17:49:03.968]
     [java] DEBUG root                           - received a move request...: 30
     [java] CT writes position: Position [subject=a30, id=null, cell=Cell [x=5, y=6], time=2015-05-26 17:49:07.302, clock=8]
     [java] CT writes: Position [subject=a30, id=null, cell=Cell [x=5, y=6], time=2015-05-26 17:49:07.302, clock=8]
     [java] DEBUG root                           - received a discourse mesage... 10
     [java] Received Discourse Message 
     [java] Class: class edu.harvard.eecs.airg.coloredtrails.shared.discourse.BasicProposalDiscourseMessage
     [java] From: 0
     [java] From: 3
     [java] DEBUG root                           - sendGameDiscourseMessage class edu.harvard.eecs.airg.coloredtrails.shared.discourse.BasicProposalDiscourseMessage
     [java] DEBUG root                           - FROM: 0 TO: 3(PIN: 40)
     [java] CT writes: Proposal [id=6537, agent=a10, agent2=a40, clock=8, time=2015-05-26 17:49:07.581]
     [java] DEBUG root                           - received a discourse mesage... 40
     [java] Received Discourse Message 
     [java] Class: class edu.harvard.eecs.airg.coloredtrails.shared.discourse.BasicProposalDiscussionDiscourseMessage
     [java] From: 3
     [java] From: 0
     [java] DEBUG root                           - sendGameDiscourseMessage class edu.harvard.eecs.airg.coloredtrails.shared.discourse.BasicProposalDiscussionDiscourseMessage
     [java] DEBUG root                           - FROM: 3 TO: 0(PIN: 10)
     [java] ---- BasicProposalDiscussionDiscourseMessage ----
     [java] CT writes: Response [id=6537, response=accepted, clock=8, time=2015-05-26 17:49:07.591]
     [java] We have an accepted offer, chips before: 
     [java] player pin: 30
     [java] player chips: { chips  'blue':9 'white':0 'brown':1 'yellow':0 }
     [java] player pin: 20
     [java] player chips: { chips  'blue':0 'white':0 'brown':7 'yellow':0 }
     [java] player pin: 40
     [java] player chips: { chips  'blue':0 'white':0 'brown':0 'yellow':9 }
     [java] player pin: 10
     [java] player chips: { chips  'blue':0 'white':8 'brown':0 'yellow':0 }
     [java] Initiating Automatic Chip Transfer
     [java] Proposer:  0
     [java] Sending: { chips  }
     [java] Responder: 3
     [java] Sending: { chips  'yellow':1 }
     [java] EXECUTING AUTOMATIC CHIP TRANSFER
     [java] chips after: 
     [java] player pin: 30
     [java] player chips: { chips  'blue':9 'white':0 'brown':1 'yellow':0 }
     [java] player pin: 20
     [java] player chips: { chips  'blue':0 'white':0 'brown':7 'yellow':0 }
     [java] player pin: 40
     [java] player chips: { chips  'blue':0 'white':0 'brown':0 'yellow':8 }
     [java] player pin: 10
     [java] player chips: { chips  'blue':0 'white':8 'brown':0 'yellow':1 }
     [java] DEBUG root                           - received a move request...: 10
     [java] CT writes position: Position [subject=a10, id=null, cell=Cell [x=1, y=1], time=2015-05-26 17:49:07.915, clock=8]
     [java] CT writes: Position [subject=a10, id=null, cell=Cell [x=1, y=1], time=2015-05-26 17:49:07.915, clock=8]
     [java] CT notification: Time [clock=9, time=2015-05-26 17:49:13.97]
     [java] DEBUG root                           - received a move request...: 10
     [java] CT writes position: Position [subject=a10, id=null, cell=Cell [x=2, y=1], time=2015-05-26 17:49:15.377, clock=9]
     [java] CT writes: Position [subject=a10, id=null, cell=Cell [x=2, y=1], time=2015-05-26 17:49:15.377, clock=9]
     [java] DEBUG root                           - received a move request...: 30
     [java] CT writes position: Position [subject=a30, id=null, cell=Cell [x=5, y=5], time=2015-05-26 17:49:20.685, clock=9]
     [java] CT writes: Position [subject=a30, id=null, cell=Cell [x=5, y=5], time=2015-05-26 17:49:20.685, clock=9]
     [java] DEBUG root                           - received a discourse mesage... 10
     [java] Received Discourse Message 
     [java] Class: class edu.harvard.eecs.airg.coloredtrails.shared.discourse.BasicProposalDiscourseMessage
     [java] From: 0
     [java] From: 1
     [java] DEBUG root                           - sendGameDiscourseMessage class edu.harvard.eecs.airg.coloredtrails.shared.discourse.BasicProposalDiscourseMessage
     [java] DEBUG root                           - FROM: 0 TO: 1(PIN: 20)
     [java] CT writes: Proposal [id=642, agent=a10, agent2=a20, clock=9, time=2015-05-26 17:49:21.08]
     [java] DEBUG root                           - received a move request...: 10
     [java] CT writes position: Position [subject=a10, id=null, cell=Cell [x=2, y=2], time=2015-05-26 17:49:21.232, clock=9]
     [java] CT writes: Position [subject=a10, id=null, cell=Cell [x=2, y=2], time=2015-05-26 17:49:21.232, clock=9]
     [java] CT notification: Time [clock=10, time=2015-05-26 17:49:23.973]
     [java] DEBUG root                           - received a discourse mesage... 10
     [java] Received Discourse Message 
     [java] Class: class edu.harvard.eecs.airg.coloredtrails.shared.discourse.BasicProposalDiscourseMessage
     [java] From: 0
     [java] From: 3
     [java] DEBUG root                           - sendGameDiscourseMessage class edu.harvard.eecs.airg.coloredtrails.shared.discourse.BasicProposalDiscourseMessage
     [java] DEBUG root                           - FROM: 0 TO: 3(PIN: 40)
     [java] CT writes: Proposal [id=8492, agent=a10, agent2=a40, clock=10, time=2015-05-26 17:49:25.453]
     [java] DEBUG root                           - received a discourse mesage... 40
     [java] Received Discourse Message 
     [java] Class: class edu.harvard.eecs.airg.coloredtrails.shared.discourse.BasicProposalDiscussionDiscourseMessage
     [java] From: 3
     [java] From: 0
     [java] DEBUG root                           - sendGameDiscourseMessage class edu.harvard.eecs.airg.coloredtrails.shared.discourse.BasicProposalDiscussionDiscourseMessage
     [java] DEBUG root                           - FROM: 3 TO: 0(PIN: 10)
     [java] ---- BasicProposalDiscussionDiscourseMessage ----
     [java] CT writes: Response [id=8492, response=accepted, clock=10, time=2015-05-26 17:49:25.464]
     [java] We have an accepted offer, chips before: 
     [java] player pin: 30
     [java] player chips: { chips  'blue':9 'white':0 'brown':0 'yellow':0 }
     [java] player pin: 20
     [java] player chips: { chips  'blue':0 'white':0 'brown':7 'yellow':0 }
     [java] player pin: 40
     [java] player chips: { chips  'blue':0 'white':0 'brown':0 'yellow':8 }
     [java] player pin: 10
     [java] player chips: { chips  'blue':0 'white':7 'brown':0 'yellow':0 }
     [java] Initiating Automatic Chip Transfer
     [java] Proposer:  0
     [java] Sending: { chips  }
     [java] Responder: 3
     [java] Sending: { chips  'yellow':1 }
     [java] EXECUTING AUTOMATIC CHIP TRANSFER
     [java] chips after: 
     [java] player pin: 30
     [java] player chips: { chips  'blue':9 'white':0 'brown':0 'yellow':0 }
     [java] player pin: 20
     [java] player chips: { chips  'blue':0 'white':0 'brown':7 'yellow':0 }
     [java] player pin: 40
     [java] player chips: { chips  'blue':0 'white':0 'brown':0 'yellow':7 }
     [java] player pin: 10
     [java] player chips: { chips  'blue':0 'white':7 'brown':0 'yellow':1 }
     [java] DEBUG root                           - received a move request...: 10
     [java] CT writes position: Position [subject=a10, id=null, cell=Cell [x=3, y=1], time=2015-05-26 17:49:25.721, clock=10]
     [java] CT writes: Position [subject=a10, id=null, cell=Cell [x=3, y=1], time=2015-05-26 17:49:25.721, clock=10]
     [java] A New Phase Began: Movement Phase
     [java] DEBUG root                           - received a move request...: 30
     [java] CT writes position: Position [subject=a30, id=null, cell=Cell [x=5, y=4], time=2015-05-26 17:49:32.96, clock=10]
     [java] CT writes: Position [subject=a30, id=null, cell=Cell [x=5, y=4], time=2015-05-26 17:49:32.96, clock=10]
     [java] DEBUG root                           - received a discourse mesage... 10
     [java] Received Discourse Message 
     [java] Class: class edu.harvard.eecs.airg.coloredtrails.shared.discourse.BasicProposalDiscourseMessage
     [java] From: 0
     [java] From: 2
     [java] DEBUG root                           - sendGameDiscourseMessage class edu.harvard.eecs.airg.coloredtrails.shared.discourse.BasicProposalDiscourseMessage
     [java] DEBUG root                           - FROM: 0 TO: 2(PIN: 30)
     [java] CT writes: Proposal [id=3750, agent=a10, agent2=a30, clock=10, time=2015-05-26 17:49:33.46]
     [java] DEBUG root                           - received a discourse mesage... 30
     [java] Received Discourse Message 
     [java] Class: class edu.harvard.eecs.airg.coloredtrails.shared.discourse.BasicProposalDiscussionDiscourseMessage
     [java] From: 2
     [java] From: 0
     [java] DEBUG root                           - sendGameDiscourseMessage class edu.harvard.eecs.airg.coloredtrails.shared.discourse.BasicProposalDiscussionDiscourseMessage
     [java] DEBUG root                           - FROM: 2 TO: 0(PIN: 10)
     [java] ---- BasicProposalDiscussionDiscourseMessage ----
     [java] CT writes: Response [id=3750, response=accepted, clock=10, time=2015-05-26 17:49:33.469]
     [java] We have an accepted offer, chips before: 
     [java] player pin: 30
     [java] player chips: { chips  'blue':8 'white':0 'brown':0 'yellow':0 }
     [java] player pin: 20
     [java] player chips: { chips  'blue':0 'white':0 'brown':7 'yellow':0 }
     [java] player pin: 40
     [java] player chips: { chips  'blue':0 'white':0 'brown':0 'yellow':7 }
     [java] player pin: 10
     [java] player chips: { chips  'blue':0 'white':7 'brown':0 'yellow':0 }
     [java] Initiating Automatic Chip Transfer
     [java] Proposer:  0
     [java] Sending: { chips  }
     [java] Responder: 2
     [java] Sending: { chips  'blue':1 }
     [java] EXECUTING AUTOMATIC CHIP TRANSFER
     [java] chips after: 
     [java] player pin: 30
     [java] player chips: { chips  'blue':7 'white':0 'brown':0 'yellow':0 }
     [java] player pin: 20
     [java] player chips: { chips  'blue':0 'white':0 'brown':7 'yellow':0 }
     [java] player pin: 40
     [java] player chips: { chips  'blue':0 'white':0 'brown':0 'yellow':7 }
     [java] player pin: 10
     [java] player chips: { chips  'blue':1 'white':7 'brown':0 'yellow':0 }
     [java] DEBUG root                           - received a discourse mesage... 20
     [java] Received Discourse Message 
     [java] Class: class edu.harvard.eecs.airg.coloredtrails.shared.discourse.BasicProposalDiscussionDiscourseMessage
     [java] From: 1
     [java] From: 0
     [java] DEBUG root                           - sendGameDiscourseMessage class edu.harvard.eecs.airg.coloredtrails.shared.discourse.BasicProposalDiscussionDiscourseMessage
     [java] DEBUG root                           - FROM: 1 TO: 0(PIN: 10)
     [java] ---- BasicProposalDiscussionDiscourseMessage ----
     [java] CT writes: Response [id=642, response=accepted, clock=10, time=2015-05-26 17:49:33.507]
     [java] We have an accepted offer, chips before: 
     [java] player pin: 30
     [java] player chips: { chips  'blue':7 'white':0 'brown':0 'yellow':0 }
     [java] player pin: 20
     [java] player chips: { chips  'blue':0 'white':0 'brown':7 'yellow':0 }
     [java] player pin: 40
     [java] player chips: { chips  'blue':0 'white':0 'brown':0 'yellow':7 }
     [java] player pin: 10
     [java] player chips: { chips  'blue':1 'white':7 'brown':0 'yellow':0 }
     [java] Initiating Automatic Chip Transfer
     [java] Proposer:  0
     [java] Sending: { chips  }
     [java] Responder: 1
     [java] Sending: { chips  'brown':1 }
     [java] EXECUTING AUTOMATIC CHIP TRANSFER
     [java] chips after: 
     [java] player pin: 30
     [java] player chips: { chips  'blue':7 'white':0 'brown':0 'yellow':0 }
     [java] player pin: 20
     [java] player chips: { chips  'blue':0 'white':0 'brown':6 'yellow':0 }
     [java] player pin: 40
     [java] player chips: { chips  'blue':0 'white':0 'brown':0 'yellow':7 }
     [java] player pin: 10
     [java] player chips: { chips  'blue':1 'white':7 'brown':1 'yellow':0 }
     [java] CT notification: Time [clock=11, time=2015-05-26 17:49:33.976]
     [java] DEBUG root                           - received a discourse mesage... 30
     [java] Received Discourse Message 
     [java] Class: class edu.harvard.eecs.airg.coloredtrails.shared.discourse.BasicProposalDiscourseMessage
     [java] From: 2
     [java] From: 3
     [java] DEBUG root                           - sendGameDiscourseMessage class edu.harvard.eecs.airg.coloredtrails.shared.discourse.BasicProposalDiscourseMessage
     [java] DEBUG root                           - FROM: 2 TO: 3(PIN: 40)
     [java] CT writes: Proposal [id=8044, agent=a30, agent2=a40, clock=11, time=2015-05-26 17:49:40.156]
     [java] DEBUG root                           - received a discourse mesage... 40
     [java] Received Discourse Message 
     [java] Class: class edu.harvard.eecs.airg.coloredtrails.shared.discourse.BasicProposalDiscussionDiscourseMessage
     [java] From: 3
     [java] From: 2
     [java] DEBUG root                           - sendGameDiscourseMessage class edu.harvard.eecs.airg.coloredtrails.shared.discourse.BasicProposalDiscussionDiscourseMessage
     [java] DEBUG root                           - FROM: 3 TO: 2(PIN: 30)
     [java] ---- BasicProposalDiscussionDiscourseMessage ----
     [java] CT writes: Response [id=8044, response=accepted, clock=11, time=2015-05-26 17:49:40.162]
     [java] We have an accepted offer, chips before: 
     [java] player pin: 30
     [java] player chips: { chips  'blue':7 'white':0 'brown':0 'yellow':0 }
     [java] player pin: 20
     [java] player chips: { chips  'blue':0 'white':0 'brown':6 'yellow':0 }
     [java] player pin: 40
     [java] player chips: { chips  'blue':0 'white':0 'brown':0 'yellow':7 }
     [java] player pin: 10
     [java] player chips: { chips  'blue':1 'white':7 'brown':1 'yellow':0 }
     [java] Initiating Automatic Chip Transfer
     [java] Proposer:  2
     [java] Sending: { chips  }
     [java] Responder: 3
     [java] Sending: { chips  'yellow':1 }
     [java] EXECUTING AUTOMATIC CHIP TRANSFER
     [java] chips after: 
     [java] player pin: 30
     [java] player chips: { chips  'blue':7 'white':0 'brown':0 'yellow':1 }
     [java] player pin: 20
     [java] player chips: { chips  'blue':0 'white':0 'brown':6 'yellow':0 }
     [java] player pin: 40
     [java] player chips: { chips  'blue':0 'white':0 'brown':0 'yellow':6 }
     [java] player pin: 10
     [java] player chips: { chips  'blue':1 'white':7 'brown':1 'yellow':0 }
     [java] DEBUG root                           - received a move request...: 30
     [java] CT writes position: Position [subject=a30, id=null, cell=Cell [x=5, y=3], time=2015-05-26 17:49:40.459, clock=11]
     [java] CT writes: Position [subject=a30, id=null, cell=Cell [x=5, y=3], time=2015-05-26 17:49:40.459, clock=11]
     [java] DEBUG root                           - received a move request...: 10
     [java] CT writes position: Position [subject=a10, id=null, cell=Cell [x=3, y=2], time=2015-05-26 17:49:41.628, clock=11]
     [java] CT writes: Position [subject=a10, id=null, cell=Cell [x=3, y=2], time=2015-05-26 17:49:41.628, clock=11]
     [java] CT notification: Time [clock=12, time=2015-05-26 17:49:43.978]
     [java] CT notification: Obligation [subject=a20, obligation=[color(white, a20)], sanction=[reduce(a20, 200)], deadline=32, time=2015-05-26 17:49:45.905, clock=12]
     [java] 20
     [java] 20
     [java] CT obligation: [Obligation to be at the grid tile [2,3] before clock 31 or 700 points will be deducted., Obligation to use a tile with color white before clock 32 or 200 points will be deducted.]
     [java] CT notification: Points [subject=a10, time=2015-05-26 17:49:46.172, clock=12, value=900, id=null]
     [java] 10
     [java] 10
     [java] 10
     [java] 10
     [java] CT notification: Prohibition [subject=a20, prohibition=[color(blue, a20)], sanction=[reduce(a20, 100)], clock=12, time=2015-05-26 17:49:46.263]
     [java] 20
     [java] 20
     [java] CT prohibition: [Prohibition to use a tile with color blue or 100 points will be deducted.]
     [java] DEBUG root                           - received a move request...: 10
     [java] CT writes position: Position [subject=a10, id=null, cell=Cell [x=3, y=2], time=2015-05-26 17:49:46.68, clock=12]
     [java] CT writes: Position [subject=a10, id=null, cell=Cell [x=3, y=2], time=2015-05-26 17:49:46.68, clock=12]
     [java] DEBUG root                           - received a move request...: 30
     [java] CT writes position: Position [subject=a30, id=null, cell=Cell [x=4, y=3], time=2015-05-26 17:49:47.799, clock=12]
     [java] CT writes: Position [subject=a30, id=null, cell=Cell [x=4, y=3], time=2015-05-26 17:49:47.799, clock=12]
     [java] CT notification: Points [subject=a30, time=2015-05-26 17:49:47.82, clock=12, value=900, id=null]
     [java] 30
     [java] DEBUG root                           - received a discourse mesage... 40
     [java] Received Discourse Message 
     [java] Class: class edu.harvard.eecs.airg.coloredtrails.shared.discourse.BasicProposalDiscourseMessage
     [java] From: 3
     [java] From: 1
     [java] DEBUG root                           - sendGameDiscourseMessage class edu.harvard.eecs.airg.coloredtrails.shared.discourse.BasicProposalDiscourseMessage
     [java] DEBUG root                           - FROM: 3 TO: 1(PIN: 20)
     [java] CT writes: Proposal [id=7510, agent=a40, agent2=a20, clock=12, time=2015-05-26 17:49:52.831]
     [java] DEBUG root                           - received a move request...: 30
     [java] CT writes position: Position [subject=a30, id=null, cell=Cell [x=3, y=3], time=2015-05-26 17:49:53.22, clock=12]
     [java] CT writes: Position [subject=a30, id=null, cell=Cell [x=3, y=3], time=2015-05-26 17:49:53.22, clock=12]
     [java] CT notification: Time [clock=13, time=2015-05-26 17:49:53.981]
     [java] DEBUG root                           - received a move request...: 30
     [java] CT writes position: Position [subject=a30, id=null, cell=Cell [x=2, y=3], time=2015-05-26 17:50:00.052, clock=13]
     [java] CT writes: Position [subject=a30, id=null, cell=Cell [x=2, y=3], time=2015-05-26 17:50:00.052, clock=13]
     [java] DEBUG root                           - received a move request...: 40
     [java] CT writes position: Position [subject=a40, id=null, cell=Cell [x=6, y=1], time=2015-05-26 17:50:02.078, clock=13]
     [java] CT writes: Position [subject=a40, id=null, cell=Cell [x=6, y=1], time=2015-05-26 17:50:02.078, clock=13]
     [java] DEBUG root                           - received a move request...: 10
     [java] CT writes position: Position [subject=a10, id=null, cell=Cell [x=2, y=2], time=2015-05-26 17:50:03.155, clock=13]
     [java] CT writes: Position [subject=a10, id=null, cell=Cell [x=2, y=2], time=2015-05-26 17:50:03.155, clock=13]
     [java] CT notification: Time [clock=14, time=2015-05-26 17:50:03.988]
     [java] CT notification: Time [clock=15, time=2015-05-26 17:50:13.991]
     [java] DEBUG root                           - received a discourse mesage... 30
     [java] Received Discourse Message 
     [java] Class: class edu.harvard.eecs.airg.coloredtrails.shared.discourse.BasicProposalDiscourseMessage
     [java] From: 2
     [java] From: 1
     [java] DEBUG root                           - sendGameDiscourseMessage class edu.harvard.eecs.airg.coloredtrails.shared.discourse.BasicProposalDiscourseMessage
     [java] DEBUG root                           - FROM: 2 TO: 1(PIN: 20)
     [java] CT writes: Proposal [id=6175, agent=a30, agent2=a20, clock=15, time=2015-05-26 17:50:15.3]
     [java] DEBUG root                           - received a discourse mesage... 20
     [java] Received Discourse Message 
     [java] Class: class edu.harvard.eecs.airg.coloredtrails.shared.discourse.BasicProposalDiscussionDiscourseMessage
     [java] From: 1
     [java] From: 3
     [java] DEBUG root                           - sendGameDiscourseMessage class edu.harvard.eecs.airg.coloredtrails.shared.discourse.BasicProposalDiscussionDiscourseMessage
     [java] DEBUG root                           - FROM: 1 TO: 3(PIN: 40)
     [java] ---- BasicProposalDiscussionDiscourseMessage ----
     [java] CT writes: Response [id=7510, response=accepted, clock=15, time=2015-05-26 17:50:17.907]
     [java] We have an accepted offer, chips before: 
     [java] player pin: 30
     [java] player chips: { chips  'blue':4 'white':0 'brown':0 'yellow':0 }
     [java] player pin: 20
     [java] player chips: { chips  'blue':0 'white':0 'brown':6 'yellow':0 }
     [java] player pin: 40
     [java] player chips: { chips  'blue':0 'white':0 'brown':0 'yellow':6 }
     [java] player pin: 10
     [java] player chips: { chips  'blue':0 'white':7 'brown':0 'yellow':0 }
     [java] Initiating Automatic Chip Transfer
     [java] Proposer:  3
     [java] Sending: { chips  }
     [java] Responder: 1
     [java] Sending: { chips  'brown':1 }
     [java] EXECUTING AUTOMATIC CHIP TRANSFER
     [java] chips after: 
     [java] player pin: 30
     [java] player chips: { chips  'blue':4 'white':0 'brown':0 'yellow':0 }
     [java] player pin: 20
     [java] player chips: { chips  'blue':0 'white':0 'brown':5 'yellow':0 }
     [java] player pin: 40
     [java] player chips: { chips  'blue':0 'white':0 'brown':1 'yellow':6 }
     [java] player pin: 10
     [java] player chips: { chips  'blue':0 'white':7 'brown':0 'yellow':0 }
     [java] DEBUG root                           - received a discourse mesage... 20
     [java] Received Discourse Message 
     [java] Class: class edu.harvard.eecs.airg.coloredtrails.shared.discourse.BasicProposalDiscussionDiscourseMessage
     [java] From: 1
     [java] From: 2
     [java] DEBUG root                           - sendGameDiscourseMessage class edu.harvard.eecs.airg.coloredtrails.shared.discourse.BasicProposalDiscussionDiscourseMessage
     [java] DEBUG root                           - FROM: 1 TO: 2(PIN: 30)
     [java] ---- BasicProposalDiscussionDiscourseMessage ----
     [java] CT writes: Response [id=6175, response=accepted, clock=15, time=2015-05-26 17:50:17.917]
     [java] We have an accepted offer, chips before: 
     [java] player pin: 30
     [java] player chips: { chips  'blue':4 'white':0 'brown':0 'yellow':0 }
     [java] player pin: 20
     [java] player chips: { chips  'blue':0 'white':0 'brown':5 'yellow':0 }
     [java] player pin: 40
     [java] player chips: { chips  'blue':0 'white':0 'brown':1 'yellow':6 }
     [java] player pin: 10
     [java] player chips: { chips  'blue':0 'white':7 'brown':0 'yellow':0 }
     [java] Initiating Automatic Chip Transfer
     [java] Proposer:  2
     [java] Sending: { chips  }
     [java] Responder: 1
     [java] Sending: { chips  'brown':1 }
     [java] EXECUTING AUTOMATIC CHIP TRANSFER
     [java] chips after: 
     [java] player pin: 30
     [java] player chips: { chips  'blue':4 'white':0 'brown':1 'yellow':0 }
     [java] player pin: 20
     [java] player chips: { chips  'blue':0 'white':0 'brown':4 'yellow':0 }
     [java] player pin: 40
     [java] player chips: { chips  'blue':0 'white':0 'brown':1 'yellow':6 }
     [java] player pin: 10
     [java] player chips: { chips  'blue':0 'white':7 'brown':0 'yellow':0 }
     [java] CT notification: Time [clock=16, time=2015-05-26 17:50:23.993]
     [java] DEBUG root                           - received a move request...: 40
     [java] CT writes position: Position [subject=a40, id=null, cell=Cell [x=5, y=0], time=2015-05-26 17:50:29.864, clock=16]
     [java] CT writes: Position [subject=a40, id=null, cell=Cell [x=5, y=0], time=2015-05-26 17:50:29.864, clock=16]
     [java] DEBUG root                           - received a move request...: 30
     [java] CT writes position: Position [subject=a30, id=null, cell=Cell [x=2, y=2], time=2015-05-26 17:50:30.038, clock=16]
     [java] CT writes: Position [subject=a30, id=null, cell=Cell [x=2, y=2], time=2015-05-26 17:50:30.038, clock=16]
     [java] DEBUG root                           - received a move request...: 10
     [java] CT writes position: Position [subject=a10, id=null, cell=Cell [x=1, y=2], time=2015-05-26 17:50:30.168, clock=16]
     [java] CT writes: Position [subject=a10, id=null, cell=Cell [x=1, y=2], time=2015-05-26 17:50:30.168, clock=16]
     [java] CT notification: Time [clock=17, time=2015-05-26 17:50:33.996]
     [java] DEBUG root                           - received a move request...: 40
     [java] CT writes position: Position [subject=a40, id=null, cell=Cell [x=4, y=0], time=2015-05-26 17:50:38.15, clock=17]
     [java] CT writes: Position [subject=a40, id=null, cell=Cell [x=4, y=0], time=2015-05-26 17:50:38.15, clock=17]
     [java] DEBUG root                           - received a discourse mesage... 40
     [java] Received Discourse Message 
     [java] Class: class edu.harvard.eecs.airg.coloredtrails.shared.discourse.BasicProposalDiscourseMessage
     [java] From: 3
     [java] From: 2
     [java] DEBUG root                           - sendGameDiscourseMessage class edu.harvard.eecs.airg.coloredtrails.shared.discourse.BasicProposalDiscourseMessage
     [java] DEBUG root                           - FROM: 3 TO: 2(PIN: 30)
     [java] CT writes: Proposal [id=4067, agent=a40, agent2=a30, clock=17, time=2015-05-26 17:50:43.885]
     [java] DEBUG root                           - received a discourse mesage... 30
     [java] Received Discourse Message 
     [java] Class: class edu.harvard.eecs.airg.coloredtrails.shared.discourse.BasicProposalDiscussionDiscourseMessage
     [java] From: 2
     [java] From: 3
     [java] DEBUG root                           - sendGameDiscourseMessage class edu.harvard.eecs.airg.coloredtrails.shared.discourse.BasicProposalDiscussionDiscourseMessage
     [java] DEBUG root                           - FROM: 2 TO: 3(PIN: 40)
     [java] ---- BasicProposalDiscussionDiscourseMessage ----
     [java] CT writes: Response [id=4067, response=accepted, clock=17, time=2015-05-26 17:50:43.891]
     [java] We have an accepted offer, chips before: 
     [java] player pin: 30
     [java] player chips: { chips  'blue':4 'white':0 'brown':0 'yellow':0 }
     [java] player pin: 20
     [java] player chips: { chips  'blue':0 'white':0 'brown':4 'yellow':0 }
     [java] player pin: 40
     [java] player chips: { chips  'blue':0 'white':0 'brown':0 'yellow':5 }
     [java] player pin: 10
     [java] player chips: { chips  'blue':0 'white':6 'brown':0 'yellow':0 }
     [java] Initiating Automatic Chip Transfer
     [java] Proposer:  3
     [java] Sending: { chips  }
     [java] Responder: 2
     [java] Sending: { chips  'blue':1 }
     [java] EXECUTING AUTOMATIC CHIP TRANSFER
     [java] chips after: 
     [java] player pin: 30
     [java] player chips: { chips  'blue':3 'white':0 'brown':0 'yellow':0 }
     [java] player pin: 20
     [java] player chips: { chips  'blue':0 'white':0 'brown':4 'yellow':0 }
     [java] player pin: 40
     [java] player chips: { chips  'blue':1 'white':0 'brown':0 'yellow':5 }
     [java] player pin: 10
     [java] player chips: { chips  'blue':0 'white':6 'brown':0 'yellow':0 }
     [java] CT notification: Time [clock=18, time=2015-05-26 17:50:43.998]
     [java] DEBUG root                           - received a move request...: 40
     [java] CT writes position: Position [subject=a40, id=null, cell=Cell [x=4, y=1], time=2015-05-26 17:50:53.279, clock=18]
     [java] CT writes: Position [subject=a40, id=null, cell=Cell [x=4, y=1], time=2015-05-26 17:50:53.279, clock=18]
     [java] CT notification: Points [subject=a40, time=2015-05-26 17:50:53.286, clock=18, value=900, id=null]
     [java] 40
     [java] 40
     [java] 40
     [java] DEBUG root                           - received a move request...: 30
     [java] CT writes position: Position [subject=a30, id=null, cell=Cell [x=2, y=3], time=2015-05-26 17:50:53.363, clock=18]
     [java] CT writes: Position [subject=a30, id=null, cell=Cell [x=2, y=3], time=2015-05-26 17:50:53.363, clock=18]
     [java] CT notification: Time [clock=19, time=2015-05-26 17:50:54.001]
     [java] DEBUG root                           - received a move request...: 40
     [java] CT writes position: Position [subject=a40, id=null, cell=Cell [x=4, y=2], time=2015-05-26 17:51:00.995, clock=19]
     [java] CT writes: Position [subject=a40, id=null, cell=Cell [x=4, y=2], time=2015-05-26 17:51:00.995, clock=19]
     [java] CT notification: Time [clock=20, time=2015-05-26 17:51:04.002]
     [java] DEBUG root                           - received a discourse mesage... 30
     [java] Received Discourse Message 
     [java] Class: class edu.harvard.eecs.airg.coloredtrails.shared.discourse.BasicProposalDiscourseMessage
     [java] From: 2
     [java] From: 1
     [java] DEBUG root                           - sendGameDiscourseMessage class edu.harvard.eecs.airg.coloredtrails.shared.discourse.BasicProposalDiscourseMessage
     [java] DEBUG root                           - FROM: 2 TO: 1(PIN: 20)
     [java] CT writes: Proposal [id=9328, agent=a30, agent2=a20, clock=20, time=2015-05-26 17:51:05.989]
     [java] DEBUG root                           - received a move request...: 30
     [java] CT writes position: Position [subject=a30, id=null, cell=Cell [x=2, y=2], time=2015-05-26 17:51:06.214, clock=20]
     [java] CT writes: Position [subject=a30, id=null, cell=Cell [x=2, y=2], time=2015-05-26 17:51:06.214, clock=20]
     [java] DEBUG root                           - received a discourse mesage... 40
     [java] Received Discourse Message 
     [java] Class: class edu.harvard.eecs.airg.coloredtrails.shared.discourse.BasicProposalDiscourseMessage
     [java] From: 3
     [java] From: 1
     [java] DEBUG root                           - sendGameDiscourseMessage class edu.harvard.eecs.airg.coloredtrails.shared.discourse.BasicProposalDiscourseMessage
     [java] DEBUG root                           - FROM: 3 TO: 1(PIN: 20)
     [java] CT writes: Proposal [id=7069, agent=a40, agent2=a20, clock=20, time=2015-05-26 17:51:07.16]
     [java] CT notification: Time [clock=21, time=2015-05-26 17:51:14.006]
     [java] DEBUG root                           - received a move request...: 40
     [java] CT writes position: Position [subject=a40, id=null, cell=Cell [x=5, y=2], time=2015-05-26 17:51:17.858, clock=21]
     [java] CT writes: Position [subject=a40, id=null, cell=Cell [x=5, y=2], time=2015-05-26 17:51:17.858, clock=21]
     [java] DEBUG root                           - received a move request...: 30
     [java] CT writes position: Position [subject=a30, id=null, cell=Cell [x=3, y=3], time=2015-05-26 17:51:17.988, clock=21]
     [java] CT writes: Position [subject=a30, id=null, cell=Cell [x=3, y=3], time=2015-05-26 17:51:17.988, clock=21]
     [java] CT notification: Time [clock=22, time=2015-05-26 17:51:24.008]
     [java] DEBUG root                           - received a move request...: 30
     [java] CT writes position: Position [subject=a30, id=null, cell=Cell [x=2, y=3], time=2015-05-26 17:51:24.356, clock=22]
     [java] CT writes: Position [subject=a30, id=null, cell=Cell [x=2, y=3], time=2015-05-26 17:51:24.356, clock=22]
     [java] CT notification: Time [clock=23, time=2015-05-26 17:51:34.011]
     [java] DEBUG root                           - received a discourse mesage... 20
     [java] Received Discourse Message 
     [java] Class: class edu.harvard.eecs.airg.coloredtrails.shared.discourse.BasicProposalDiscussionDiscourseMessage
     [java] From: 1
     [java] From: 2
     [java] DEBUG root                           - sendGameDiscourseMessage class edu.harvard.eecs.airg.coloredtrails.shared.discourse.BasicProposalDiscussionDiscourseMessage
     [java] DEBUG root                           - FROM: 1 TO: 2(PIN: 30)
     [java] ---- BasicProposalDiscussionDiscourseMessage ----
     [java] CT writes: Response [id=9328, response=accepted, clock=23, time=2015-05-26 17:51:42.358]
     [java] We have an accepted offer, chips before: 
     [java] player pin: 30
     [java] player chips: { chips  'blue':0 'white':0 'brown':0 'yellow':0 }
     [java] player pin: 20
     [java] player chips: { chips  'blue':0 'white':0 'brown':4 'yellow':0 }
     [java] player pin: 40
     [java] player chips: { chips  'blue':0 'white':0 'brown':0 'yellow':4 }
     [java] player pin: 10
     [java] player chips: { chips  'blue':0 'white':6 'brown':0 'yellow':0 }
     [java] Initiating Automatic Chip Transfer
     [java] Proposer:  2
     [java] Sending: { chips  }
     [java] Responder: 1
     [java] Sending: { chips  'brown':1 }
     [java] EXECUTING AUTOMATIC CHIP TRANSFER
     [java] chips after: 
     [java] player pin: 30
     [java] player chips: { chips  'blue':0 'white':0 'brown':1 'yellow':0 }
     [java] player pin: 20
     [java] player chips: { chips  'blue':0 'white':0 'brown':3 'yellow':0 }
     [java] player pin: 40
     [java] player chips: { chips  'blue':0 'white':0 'brown':0 'yellow':4 }
     [java] player pin: 10
     [java] player chips: { chips  'blue':0 'white':6 'brown':0 'yellow':0 }
     [java] DEBUG root                           - received a discourse mesage... 20
     [java] Received Discourse Message 
     [java] Class: class edu.harvard.eecs.airg.coloredtrails.shared.discourse.BasicProposalDiscussionDiscourseMessage
     [java] From: 1
     [java] From: 3
     [java] DEBUG root                           - sendGameDiscourseMessage class edu.harvard.eecs.airg.coloredtrails.shared.discourse.BasicProposalDiscussionDiscourseMessage
     [java] DEBUG root                           - FROM: 1 TO: 3(PIN: 40)
     [java] ---- BasicProposalDiscussionDiscourseMessage ----
     [java] CT writes: Response [id=7069, response=accepted, clock=23, time=2015-05-26 17:51:42.71]
     [java] We have an accepted offer, chips before: 
     [java] player pin: 30
     [java] player chips: { chips  'blue':0 'white':0 'brown':1 'yellow':0 }
     [java] player pin: 20
     [java] player chips: { chips  'blue':0 'white':0 'brown':3 'yellow':0 }
     [java] player pin: 40
     [java] player chips: { chips  'blue':0 'white':0 'brown':0 'yellow':4 }
     [java] player pin: 10
     [java] player chips: { chips  'blue':0 'white':6 'brown':0 'yellow':0 }
     [java] Initiating Automatic Chip Transfer
     [java] Proposer:  3
     [java] Sending: { chips  }
     [java] Responder: 1
     [java] Sending: { chips  'brown':1 }
     [java] EXECUTING AUTOMATIC CHIP TRANSFER
     [java] chips after: 
     [java] player pin: 30
     [java] player chips: { chips  'blue':0 'white':0 'brown':1 'yellow':0 }
     [java] player pin: 20
     [java] player chips: { chips  'blue':0 'white':0 'brown':2 'yellow':0 }
     [java] player pin: 40
     [java] player chips: { chips  'blue':0 'white':0 'brown':1 'yellow':4 }
     [java] player pin: 10
     [java] player chips: { chips  'blue':0 'white':6 'brown':0 'yellow':0 }
     [java] CT notification: Time [clock=24, time=2015-05-26 17:51:44.013]
     [java] DEBUG root                           - received a move request...: 40
     [java] CT writes position: Position [subject=a40, id=null, cell=Cell [x=5, y=2], time=2015-05-26 17:51:45.235, clock=24]
     [java] CT writes: Position [subject=a40, id=null, cell=Cell [x=5, y=2], time=2015-05-26 17:51:45.235, clock=24]
     [java] DEBUG root                           - received a move request...: 30
     [java] CT writes position: Position [subject=a30, id=null, cell=Cell [x=2, y=2], time=2015-05-26 17:51:49.663, clock=24]
     [java] CT writes: Position [subject=a30, id=null, cell=Cell [x=2, y=2], time=2015-05-26 17:51:49.663, clock=24]
     [java] DEBUG root                           - received a move request...: 40
     [java] CT writes position: Position [subject=a40, id=null, cell=Cell [x=4, y=2], time=2015-05-26 17:51:53.996, clock=24]
     [java] CT writes: Position [subject=a40, id=null, cell=Cell [x=4, y=2], time=2015-05-26 17:51:53.996, clock=24]
     [java] CT notification: Time [clock=25, time=2015-05-26 17:51:54.015]
     [java] DEBUG root                           - received a discourse mesage... 40
     [java] Received Discourse Message 
     [java] Class: class edu.harvard.eecs.airg.coloredtrails.shared.discourse.BasicProposalDiscourseMessage
     [java] From: 3
     [java] From: 1
     [java] DEBUG root                           - sendGameDiscourseMessage class edu.harvard.eecs.airg.coloredtrails.shared.discourse.BasicProposalDiscourseMessage
     [java] DEBUG root                           - FROM: 3 TO: 1(PIN: 20)
     [java] CT writes: Proposal [id=2505, agent=a40, agent2=a20, clock=25, time=2015-05-26 17:52:01.06]
     [java] DEBUG root                           - received a discourse mesage... 20
     [java] Received Discourse Message 
     [java] Class: class edu.harvard.eecs.airg.coloredtrails.shared.discourse.BasicProposalDiscussionDiscourseMessage
     [java] From: 1
     [java] From: 3
     [java] DEBUG root                           - sendGameDiscourseMessage class edu.harvard.eecs.airg.coloredtrails.shared.discourse.BasicProposalDiscussionDiscourseMessage
     [java] DEBUG root                           - FROM: 1 TO: 3(PIN: 40)
     [java] ---- BasicProposalDiscussionDiscourseMessage ----
     [java] CT writes: Response [id=2505, response=accepted, clock=25, time=2015-05-26 17:52:03.581]
     [java] We have an accepted offer, chips before: 
     [java] player pin: 30
     [java] player chips: { chips  'blue':0 'white':0 'brown':0 'yellow':0 }
     [java] player pin: 20
     [java] player chips: { chips  'blue':0 'white':0 'brown':2 'yellow':0 }
     [java] player pin: 40
     [java] player chips: { chips  'blue':0 'white':0 'brown':0 'yellow':3 }
     [java] player pin: 10
     [java] player chips: { chips  'blue':0 'white':6 'brown':0 'yellow':0 }
     [java] Initiating Automatic Chip Transfer
     [java] Proposer:  3
     [java] Sending: { chips  }
     [java] Responder: 1
     [java] Sending: { chips  'brown':1 }
     [java] EXECUTING AUTOMATIC CHIP TRANSFER
     [java] chips after: 
     [java] player pin: 30
     [java] player chips: { chips  'blue':0 'white':0 'brown':0 'yellow':0 }
     [java] player pin: 20
     [java] player chips: { chips  'blue':0 'white':0 'brown':1 'yellow':0 }
     [java] player pin: 40
     [java] player chips: { chips  'blue':0 'white':0 'brown':1 'yellow':3 }
     [java] player pin: 10
     [java] player chips: { chips  'blue':0 'white':6 'brown':0 'yellow':0 }
     [java] CT notification: Time [clock=26, time=2015-05-26 17:52:04.017]
     [java] DEBUG root                           - received a move request...: 40
     [java] CT writes position: Position [subject=a40, id=null, cell=Cell [x=5, y=2], time=2015-05-26 17:52:11.864, clock=26]
     [java] CT writes: Position [subject=a40, id=null, cell=Cell [x=5, y=2], time=2015-05-26 17:52:11.864, clock=26]
     [java] CT notification: Time [clock=27, time=2015-05-26 17:52:14.02]
     [java] CT notification: Time [clock=28, time=2015-05-26 17:52:24.022]
     [java] DEBUG root                           - received a move request...: 40
     [java] CT writes position: Position [subject=a40, id=null, cell=Cell [x=4, y=2], time=2015-05-26 17:52:33.001, clock=28]
     [java] CT writes: Position [subject=a40, id=null, cell=Cell [x=4, y=2], time=2015-05-26 17:52:33.001, clock=28]
     [java] CT notification: Time [clock=29, time=2015-05-26 17:52:34.024]
     [java] CT notification: Time [clock=30, time=2015-05-26 17:52:44.026]
     [java] CT notification: Time [clock=31, time=2015-05-26 17:52:54.029]
     [java] CT notification: Time [clock=32, time=2015-05-26 17:53:04.034]
     [java] CT notification: Time [clock=33, time=2015-05-26 17:53:14.037]
     [java] CT notification: Points [subject=a20, time=2015-05-26 17:53:14.049, clock=33, value=800, id=null]
     [java] 20
     [java] 20
     [java] CT notification: Points [subject=a30, time=2015-05-26 17:53:14.054, clock=33, value=700, id=null]
     [java] 30
     [java] CT notification: Points [subject=a40, time=2015-05-26 17:53:14.094, clock=33, value=700, id=null]
     [java] 40
     [java] 40
     [java] 40
     [java] CT notification: Points [subject=a20, time=2015-05-26 17:53:14.097, clock=33, value=100, id=null]
     [java] 20
     [java] 20
     [java] CT notification: Time [clock=34, time=2015-05-26 17:53:24.048]
     [java] CT notification: Time [clock=35, time=2015-05-26 17:53:34.054]
     [java] CT notification: Time [clock=36, time=2015-05-26 17:53:44.058]
     [java] CT notification: Time [clock=37, time=2015-05-26 17:53:54.069]
     [java] CT notification: Time [clock=38, time=2015-05-26 17:54:04.071]
     [java] CT notification: Time [clock=39, time=2015-05-26 17:54:14.075]
     [java] CT notification: Time [clock=40, time=2015-05-26 17:54:24.078]
     [java] A New Phase Began: Feedback Phase
     [java] DEBUG root                           - Game ended id = 0
     [java] CT notification: Time [clock=41, time=2015-05-26 17:54:34.082]
     [java] CT notification: Time [clock=42, time=2015-05-26 17:54:44.085]
     [java] CT notification: Time [clock=43, time=2015-05-26 17:54:54.088]
     [java] CT notification: Time [clock=44, time=2015-05-26 17:55:04.092]
     [java] CT notification: Time [clock=45, time=2015-05-26 17:55:14.095]
     [java] CT notification: Time [clock=46, time=2015-05-26 17:55:24.098]
     [java] CT notification: Time [clock=47, time=2015-05-26 17:55:34.101]
     [java] CT notification: Time [clock=48, time=2015-05-26 17:55:44.106]
     [java] CT notification: Time [clock=49, time=2015-05-26 17:55:54.109]
     [java] CT notification: Time [clock=50, time=2015-05-26 17:56:04.112]
     [java] CT notification: Time [clock=51, time=2015-05-26 17:56:14.115]
     [java] CT notification: Time [clock=52, time=2015-05-26 17:56:24.117]
     [java] CT notification: Time [clock=53, time=2015-05-26 17:56:34.12]
     [java] CT notification: Time [clock=54, time=2015-05-26 17:56:44.124]
     [java] CT notification: Time [clock=55, time=2015-05-26 17:56:54.126]
     [java] CT notification: Time [clock=56, time=2015-05-26 17:57:04.131]
     [java] CT notification: Time [clock=57, time=2015-05-26 17:57:14.133]
     [java] CT notification: Time [clock=58, time=2015-05-26 17:57:24.136]
     [java] CT notification: Time [clock=59, time=2015-05-26 17:57:34.142]
     [java] CT notification: Time [clock=60, time=2015-05-26 17:57:44.148]
     [java] CT notification: Time [clock=61, time=2015-05-26 17:57:54.153]
     [java] CT notification: Time [clock=62, time=2015-05-26 17:58:04.156]
     [java] CT notification: Time [clock=63, time=2015-05-26 17:58:14.16]
     [java] CT notification: Time [clock=64, time=2015-05-26 17:58:24.163]
     [java] CT notification: Time [clock=65, time=2015-05-26 17:58:34.166]
     [java] CT notification: Time [clock=66, time=2015-05-26 17:58:44.169]
     [java] CT notification: Time [clock=67, time=2015-05-26 17:58:54.172]
     [java] CT notification: Time [clock=68, time=2015-05-26 17:59:04.175]
     [java] CT notification: Time [clock=69, time=2015-05-26 17:59:14.18]
     [java] CT notification: Time [clock=70, time=2015-05-26 17:59:24.182]
     [java] CT notification: Time [clock=71, time=2015-05-26 17:59:34.191]
     [java] CT notification: Time [clock=72, time=2015-05-26 17:59:44.193]
     [java] CT notification: Time [clock=73, time=2015-05-26 17:59:54.196]
     [java] CT notification: Time [clock=74, time=2015-05-26 18:00:04.202]
     [java] CT notification: Time [clock=75, time=2015-05-26 18:00:14.205]
     [java] CT notification: Time [clock=76, time=2015-05-26 18:00:24.21]
     [java] CT notification: Time [clock=77, time=2015-05-26 18:00:34.217]
     [java] CT notification: Time [clock=78, time=2015-05-26 18:00:44.219]
     [java] CT notification: Time [clock=79, time=2015-05-26 18:00:54.221]
     [java] CT notification: Time [clock=80, time=2015-05-26 18:01:04.223]
     [java] CT notification: Time [clock=81, time=2015-05-26 18:01:14.225]
     [java] CT notification: Time [clock=82, time=2015-05-26 18:01:24.229]
     [java] CT notification: Time [clock=83, time=2015-05-26 18:01:34.232]
     [java] CT notification: Time [clock=84, time=2015-05-26 18:01:44.234]
     [java] CT notification: Time [clock=85, time=2015-05-26 18:01:54.236]
     [java] CT notification: Time [clock=86, time=2015-05-26 18:02:04.241]
     [java] CT notification: Time [clock=87, time=2015-05-26 18:02:14.246]
     [java] CT notification: Time [clock=88, time=2015-05-26 18:02:24.248]
     [java] CT notification: Time [clock=89, time=2015-05-26 18:02:34.251]
     [java] CT notification: Time [clock=90, time=2015-05-26 18:02:44.253]
     [java] CT notification: Time [clock=91, time=2015-05-26 18:02:54.256]
     [java] CT notification: Time [clock=92, time=2015-05-26 18:03:04.259]
     [java] CT notification: Time [clock=93, time=2015-05-26 18:03:14.261]
     [java] CT notification: Time [clock=94, time=2015-05-26 18:03:24.263]
     [java] CT notification: Time [clock=95, time=2015-05-26 18:03:34.266]
     [java] CT notification: Time [clock=96, time=2015-05-26 18:03:44.269]
     [java] CT notification: Time [clock=97, time=2015-05-26 18:03:54.271]
     [java] CT notification: Time [clock=98, time=2015-05-26 18:04:04.278]
     [java] CT notification: Time [clock=99, time=2015-05-26 18:04:14.281]
     [java] CT notification: Time [clock=100, time=2015-05-26 18:04:24.286]
     [java] CT notification: Time [clock=101, time=2015-05-26 18:04:34.288]
     [java] CT notification: Time [clock=102, time=2015-05-26 18:04:44.29]
     [java] CT notification: Time [clock=103, time=2015-05-26 18:04:54.293]
     [java] CT notification: Time [clock=104, time=2015-05-26 18:05:04.295]
     [java] CT notification: Time [clock=105, time=2015-05-26 18:05:14.298]
     [java] CT notification: Time [clock=106, time=2015-05-26 18:05:24.3]
     [java] CT notification: Time [clock=107, time=2015-05-26 18:05:34.303]
     [java] CT notification: Time [clock=108, time=2015-05-26 18:05:44.306]
     [java] CT notification: Time [clock=109, time=2015-05-26 18:05:54.308]
     [java] CT notification: Time [clock=110, time=2015-05-26 18:06:04.31]
     [java] CT notification: Time [clock=111, time=2015-05-26 18:06:14.312]
     [java] INFO  BrokerService                  - ActiveMQ Message Broker (localhost, ID:kafka.local-62527-1432658827505-1:0) is shutting down
     [java] WARN  ActiveMQConnection             - Async exception with no exception listener: java.io.EOFException
     [java] java.io.EOFException
     [java] 	at java.io.DataInputStream.readInt(DataInputStream.java:375)
     [java] 	at org.apache.activemq.openwire.OpenWireFormat.unmarshal(OpenWireFormat.java:269)
     [java] 	at org.apache.activemq.transport.tcp.TcpTransport.readCommand(TcpTransport.java:156)
     [java] 	at org.apache.activemq.transport.tcp.TcpTransport.run(TcpTransport.java:136)
     [java] 	at java.lang.Thread.run(Thread.java:695)
     [java] WARN  ActiveMQConnection             - Async exception with no exception listener: java.io.EOFException
     [java] java.io.EOFException
     [java] 	at java.io.DataInputStream.readInt(DataInputStream.java:375)
     [java] 	at org.apache.activemq.openwire.OpenWireFormat.unmarshal(OpenWireFormat.java:269)
     [java] 	at org.apache.activemq.transport.tcp.TcpTransport.readCommand(TcpTransport.java:156)
     [java] 	at org.apache.activemq.transport.tcp.TcpTransport.run(TcpTransport.java:136)
     [java] 	at java.lang.Thread.run(Thread.java:695)
     [java] INFO  TransportConnector             - Connector tcp://kafka.local:8088 Stopped
     [java] CT notification: Time [clock=112, time=2015-05-26 18:06:24.315]
     [java] ERROR root                           - Error sending game board messagejavax.jms.IllegalStateException: The Session is closed
     [java] ERROR root                           - Error sending game board messagejavax.jms.IllegalStateException: The Session is closed
     [java] ERROR root                           - Error sending game board messagejavax.jms.IllegalStateException: The Session is closed
     [java] ERROR root                           - Error sending game board messagejavax.jms.IllegalStateException: The Session is closed
     [java] INFO  BrokerService                  - ActiveMQ JMS Message Broker (localhost, ID:kafka.local-62527-1432658827505-1:0) stopped

BUILD SUCCESSFUL
Total time: 19 minutes 26 seconds
