Buildfile: /Users/dxd/git/ct3/WebCT/build.xml

runserver:
     [java] INFO  BrokerService                  - ActiveMQ null JMS Message Broker (localhost) is starting
     [java] INFO  BrokerService                  - For help or more information please see: http://activemq.apache.org/
     [java] INFO  AMQPersistenceAdapter          - AMQStore starting using directory: activemq-data/localhost
     [java] INFO  KahaStore                      - Kaha Store using data directory /Users/dxd/git/ct3/WebCT/activemq-data/localhost/kr-store
     [java] INFO  AMQPersistenceAdapter          - Active data files: []
     [java] INFO  AMQPersistenceAdapter          - Journal Recovery Started from: DataManager:(data-)
     [java] INFO  AMQPersistenceAdapter          - Recovered 0 operations from redo log in 0.094 seconds.
     [java] INFO  BrokerService                  - Using Persistence Adapter: AMQPersistenceAdapter(activemq-data/localhost)
     [java] INFO  TransportServerThreadSupport   - Listening for connections at: tcp://kafka.local:8088
     [java] INFO  TransportConnector             - Connector tcp://kafka.local:8088 Started
     [java] INFO  BrokerService                  - ActiveMQ JMS Message Broker (localhost, ID:kafka.local-52565-1431625154635-1:0) started
     [java] INFO  root                           - Started the JMS Server
     [java] INFO  ManagementContext              - JMX consoles can connect to service:jmx:rmi:///jndi/rmi://localhost:1099/jmxrmi
     [java] INFO  BrokerService                  - About to delete any non-persistent messages that may have overflowed to disk ...
     [java] INFO  KahaStore                      - Kaha Store successfully deleted data directory activemq-data/localhost/tmp_storage
     [java] INFO  BrokerService                  - Successfully deleted temporary storage
     [java] INFO  root                           - Controller Interface has been started
     [java] INFO  root                           - ColoredTrails is now running...
     [java] Adding client state for 40
     [java] Adding client state for 30
     [java] Adding client state for 10
     [java] INFO  root                           - Colored Trails Server received a subcription message from client: 40 [192.168.1.101] of type 
     [java] INFO  root                           - Colored Trails Server received a subcription message from client: 30 [192.168.1.101] of type 
     [java] INFO  root                           - Colored Trails Server received a subcription message from client: 10 [192.168.1.101] of type 
     [java] Adding client state for 20
     [java] INFO  root                           - Colored Trails Server received a subcription message from client: 20 [192.168.1.101] of type 
     [java] Received message to add config class from: admin
     [java] INFO  root                           - Received message from admin: SET_CONFIGURATION
     [java] INFO  root                           - Received message from admin client:ADD_CONFIGURATION
     [java] DEBUG root                           - Administrator: adding configuration file [WebCTInputFileConfig] class name: WebCTInputFileConfig
     [java] INFO  root                           - Received message from admin client:NEW_GAME
     [java] DEBUG root                           - Administrator: newGame configName = [WebCTInputFileConfig] 
     [java] DEBUG root                           - Administrator: newGame adding Player: [10]
     [java] DEBUG root                           - Administrator: newGame adding Player: [20]
     [java] DEBUG root                           - Administrator: newGame adding Player: [30]
     [java] DEBUG root                           - Administrator: newGame adding Player: [40]
     [java] DEBUG root                           - ServerData addNewGame -- config file
     [java] DEBUG root                           - ServerData addNewGame -- Starting ServerGameStatus
     [java] DEBUG root                           - ServerData addNewGame -- Starting a new game with id: 0
     [java] DEBUG root                           - ClientCommands creating new Topic: ct3.game.0
     [java] DEBUG root                           - sending sendClientSubscribeToGameMessage: for game [0] and player [10]
     [java] DEBUG root                           - sending sendClientSubscribeToGameMessage: for game [0] and player [20]
     [java] DEBUG root                           - sending sendClientSubscribeToGameMessage: for game [0] and player [30]
     [java] DEBUG root                           - sending sendClientSubscribeToGameMessage: for game [0] and player [40]
     [java] INFO  root                           - Received message from admin client:LIST_GAMES
     [java] INFO  root                           - Received message from admin client:LIST_CONFIGURATIONS
     [java] received client subscribed successfully message
     [java] received client subscribed successfully message
     [java] received client subscribed successfully message
     [java] received client subscribed successfully message
     [java] All players subscribed to game, trying to start
     [java] INFO  root                           - Sending reply to controller: NEW_GAME_REPLY
     [java] DEBUG root                           - sendGameStart
     [java] DEBUG root                           - sendGameStart to controller
     [java] DEBUG root                           - sending game id = 0
     [java] INFO  root                           - Starting spaces 1
     [java] DEBUG UrlSpaceFactoryBean            - Finding Space with URL [jini:/*/*/myGrid] and properties [{com.j_spaces.core.container.shutdown_hook=false}]
     [java] 2015-05-14 18:39:33,319  INFO [com.gigaspaces.localcache] - LocalCache#1-myGrid was created successfully. Total time: 516 milliseconds
     [java] 2015-05-14 18:39:33,324 CONFIG [com.gigaspaces.logger] - Log file: /Users/dxd/git/ct3/logs/2015-05-14~18.39-gigaspaces-service-192.168.1.101-57406.log
     [java] DEBUG GigaSpaceFactoryBean           - Clustered flag automatically set to [true] since the space is a local cache space for bean [null]
     [java] DEBUG UrlSpaceFactoryBean            - Finding Space with URL [jini://*/*/myGrid] and properties [{com.j_spaces.core.container.shutdown_hook=false}]
     [java] zatim dobry
     [java] Let the game begin...
     [java] game id= 0
     [java] ---- Sending Scoring Change ----
     [java] setPhases in GameStatus
     [java] A New Phase Began: Norm Phase
     [java] -------- Creating Board --------
     [java] CT writes: Tile [id=null, cell=Cell [x=0, y=0], subject=brown, time=2015-05-14 18:39:33.496, clock=0]
     [java] CT writes: Tile [id=null, cell=Cell [x=0, y=1], subject=brown, time=2015-05-14 18:39:33.532, clock=0]
     [java] CT writes: Tile [id=null, cell=Cell [x=0, y=2], subject=white, time=2015-05-14 18:39:33.541, clock=0]
     [java] CT writes: Tile [id=null, cell=Cell [x=0, y=3], subject=yellow, time=2015-05-14 18:39:33.55, clock=0]
     [java] CT writes: Tile [id=null, cell=Cell [x=0, y=4], subject=brown, time=2015-05-14 18:39:33.556, clock=0]
     [java] CT writes: Tile [id=null, cell=Cell [x=1, y=0], subject=brown, time=2015-05-14 18:39:33.562, clock=0]
     [java] CT writes: Tile [id=null, cell=Cell [x=1, y=1], subject=yellow, time=2015-05-14 18:39:33.566, clock=0]
     [java] CT writes: Tile [id=null, cell=Cell [x=1, y=2], subject=white, time=2015-05-14 18:39:33.571, clock=0]
     [java] CT writes: Tile [id=null, cell=Cell [x=1, y=3], subject=white, time=2015-05-14 18:39:33.575, clock=0]
     [java] CT writes: Tile [id=null, cell=Cell [x=1, y=4], subject=myblue, time=2015-05-14 18:39:33.579, clock=0]
     [java] CT writes: Tile [id=null, cell=Cell [x=2, y=0], subject=white, time=2015-05-14 18:39:33.598, clock=0]
     [java] CT writes: Tile [id=null, cell=Cell [x=2, y=1], subject=white, time=2015-05-14 18:39:33.604, clock=0]
     [java] CT writes: Tile [id=null, cell=Cell [x=2, y=2], subject=brown, time=2015-05-14 18:39:33.608, clock=0]
     [java] CT writes: Tile [id=null, cell=Cell [x=2, y=3], subject=myblue, time=2015-05-14 18:39:33.614, clock=0]
     [java] CT writes: Tile [id=null, cell=Cell [x=2, y=4], subject=white, time=2015-05-14 18:39:33.619, clock=0]
     [java] CT writes: Tile [id=null, cell=Cell [x=3, y=0], subject=white, time=2015-05-14 18:39:33.636, clock=0]
     [java] CT writes: Tile [id=null, cell=Cell [x=3, y=1], subject=yellow, time=2015-05-14 18:39:33.644, clock=0]
     [java] CT writes: Tile [id=null, cell=Cell [x=3, y=2], subject=myblue, time=2015-05-14 18:39:33.648, clock=0]
     [java] CT writes: Tile [id=null, cell=Cell [x=3, y=3], subject=myblue, time=2015-05-14 18:39:33.655, clock=0]
     [java] CT writes: Tile [id=null, cell=Cell [x=3, y=4], subject=yellow, time=2015-05-14 18:39:33.659, clock=0]
     [java] CT writes: Tile [id=null, cell=Cell [x=4, y=0], subject=brown, time=2015-05-14 18:39:33.665, clock=0]
     [java] CT writes: Tile [id=null, cell=Cell [x=4, y=1], subject=myblue, time=2015-05-14 18:39:33.673, clock=0]
     [java] CT writes: Tile [id=null, cell=Cell [x=4, y=2], subject=yellow, time=2015-05-14 18:39:33.678, clock=0]
     [java] CT writes: Tile [id=null, cell=Cell [x=4, y=3], subject=myblue, time=2015-05-14 18:39:33.682, clock=0]
     [java] CT writes: Tile [id=null, cell=Cell [x=4, y=4], subject=brown, time=2015-05-14 18:39:33.69, clock=0]
     [java] CT writes goal: Goal [id=null, cell=Cell [x=2, y=2], agent=null, time=null, clock=0]
     [java] CT writes: Goal [id=null, cell=Cell [x=2, y=2], agent=null, time=2015-05-14 18:39:33.747, clock=0]
     [java] revelation chips: { chips  'myblue':0 'white':0 'brown':0 'yellow':0 }
     [java] revelation chips: { chips  'myblue':0 'white':0 'brown':0 'yellow':0 }
     [java] revelation chips: { chips  'myblue':0 'white':0 'brown':0 'yellow':0 }
     [java] java.util.NoSuchElementException
     [java] 	at java.util.Scanner.throwFor(Scanner.java:838)
     [java] 	at java.util.Scanner.next(Scanner.java:1347)
     [java] 	at WebCTInputFileConfig.beginPhase(WebCTInputFileConfig.java:213)
     [java] 	at edu.harvard.eecs.airg.coloredtrails.server.ServerPhases.beginPhase(ServerPhases.java:94)
     [java] 	at edu.harvard.eecs.airg.coloredtrails.shared.types.Phases.advanceToPhase(Phases.java:470)
     [java] 	at edu.harvard.eecs.airg.coloredtrails.shared.types.Phases.advancePhase(Phases.java:482)
     [java] 	at edu.harvard.eecs.airg.coloredtrails.server.ServerGameStatus.setPhases(ServerGameStatus.java:242)
     [java] 	at WebCTInputFileConfig.run(WebCTInputFileConfig.java:129)
     [java] 	at java.lang.Thread.run(Thread.java:695)
     [java] CT notification: Obligation [subject=a20, obligation=[at(1, 2, a20)], sanction=[reduce(a20, 500)], deadline=7, time=2015-05-14 18:39:34.817, clock=1]
     [java] CT obligation: Obligation [subject=a20, obligation=[at(1, 2, a20)], sanction=[reduce(a20, 500)], deadline=7, time=2015-05-14 18:39:34.817, clock=1]
     [java] 20
     [java] 20
     [java] 20
     [java] CT obligation: []
     [java] CT obligation: [Osbligation to be at the grid tile [1,2] before clock 7 or sanction [reduce(a20, 500)] will be applied]
     [java] CT notification: Time [clock=2, time=2015-05-14 18:39:38.106]
     [java] CT players (clone,for): 
     [java] CT writes position: Position [subject=a30, id=null, cell=Cell [x=4, y=4], time=2015-05-14 18:39:38.125, clock=2]
     [java] CT writes: Position [subject=a30, id=null, cell=Cell [x=4, y=4], time=2015-05-14 18:39:38.125, clock=2]
     [java] CT writes chips: Chip [id=null, agent=a30, time=2015-05-14 18:39:38.145, color=myblue, clock=2, number=1]
     [java] CT writes: Chip [id=null, agent=a30, time=2015-05-14 18:39:38.145, color=myblue, clock=2, number=1]
     [java] CT notification: Position [subject=a30, id=null, cell=Cell [x=4, y=4], time=2015-05-14 18:39:38.125, clock=2]
     [java] 30
     [java] CT writes chips: Chip [id=null, agent=a30, time=2015-05-14 18:39:38.16, color=white, clock=2, number=2]
     [java] CT writes: Chip [id=null, agent=a30, time=2015-05-14 18:39:38.16, color=white, clock=2, number=2]
     [java] CT writes chips: Chip [id=null, agent=a30, time=2015-05-14 18:39:38.162, color=brown, clock=2, number=3]
     [java] CT writes: Chip [id=null, agent=a30, time=2015-05-14 18:39:38.162, color=brown, clock=2, number=3]
     [java] CT writes position: Position [subject=a10, id=null, cell=Cell [x=0, y=0], time=2015-05-14 18:39:38.169, clock=2]
     [java] CT writes: Position [subject=a10, id=null, cell=Cell [x=0, y=0], time=2015-05-14 18:39:38.169, clock=2]
     [java] CT notification: Position [subject=a10, id=null, cell=Cell [x=0, y=0], time=2015-05-14 18:39:38.169, clock=2]
     [java] 10
     [java] 10
     [java] CT writes chips: Chip [id=null, agent=a10, time=2015-05-14 18:39:38.174, color=myblue, clock=2, number=3]
     [java] CT writes: Chip [id=null, agent=a10, time=2015-05-14 18:39:38.174, color=myblue, clock=2, number=3]
     [java] CT writes chips: Chip [id=null, agent=a10, time=2015-05-14 18:39:38.179, color=white, clock=2, number=3]
     [java] CT writes: Chip [id=null, agent=a10, time=2015-05-14 18:39:38.179, color=white, clock=2, number=3]
     [java] CT writes chips: Chip [id=null, agent=a10, time=2015-05-14 18:39:38.182, color=brown, clock=2, number=3]
     [java] CT writes: Chip [id=null, agent=a10, time=2015-05-14 18:39:38.182, color=brown, clock=2, number=3]
     [java] CT writes chips: Chip [id=null, agent=a10, time=2015-05-14 18:39:38.186, color=yellow, clock=2, number=3]
     [java] CT writes: Chip [id=null, agent=a10, time=2015-05-14 18:39:38.186, color=yellow, clock=2, number=3]
     [java] CT writes position: Position [subject=a20, id=null, cell=Cell [x=0, y=4], time=2015-05-14 18:39:38.193, clock=2]
     [java] CT writes: Position [subject=a20, id=null, cell=Cell [x=0, y=4], time=2015-05-14 18:39:38.193, clock=2]
     [java] CT writes chips: Chip [id=null, agent=a20, time=2015-05-14 18:39:38.196, color=myblue, clock=2, number=2]
     [java] CT writes: Chip [id=null, agent=a20, time=2015-05-14 18:39:38.196, color=myblue, clock=2, number=2]
     [java] CT notification: Position [subject=a20, id=null, cell=Cell [x=0, y=4], time=2015-05-14 18:39:38.193, clock=2]
     [java] 20
     [java] 20
     [java] 20
     [java] CT writes chips: Chip [id=null, agent=a20, time=2015-05-14 18:39:38.198, color=white, clock=2, number=2]
     [java] CT writes: Chip [id=null, agent=a20, time=2015-05-14 18:39:38.198, color=white, clock=2, number=2]
     [java] CT writes chips: Chip [id=null, agent=a20, time=2015-05-14 18:39:38.201, color=brown, clock=2, number=1]
     [java] CT writes: Chip [id=null, agent=a20, time=2015-05-14 18:39:38.201, color=brown, clock=2, number=1]
     [java] CT writes position: Position [subject=a40, id=null, cell=Cell [x=4, y=0], time=2015-05-14 18:39:38.203, clock=2]
     [java] CT writes: Position [subject=a40, id=null, cell=Cell [x=4, y=0], time=2015-05-14 18:39:38.203, clock=2]
     [java] CT notification: Position [subject=a40, id=null, cell=Cell [x=4, y=0], time=2015-05-14 18:39:38.203, clock=2]
     [java] 40
     [java] 40
     [java] 40
     [java] 40
     [java] CT writes chips: Chip [id=null, agent=a40, time=2015-05-14 18:39:38.208, color=myblue, clock=2, number=2]
     [java] CT writes: Chip [id=null, agent=a40, time=2015-05-14 18:39:38.208, color=myblue, clock=2, number=2]
     [java] CT writes chips: Chip [id=null, agent=a40, time=2015-05-14 18:39:38.212, color=white, clock=2, number=2]
     [java] CT writes: Chip [id=null, agent=a40, time=2015-05-14 18:39:38.212, color=white, clock=2, number=2]
     [java] CT writes chips: Chip [id=null, agent=a40, time=2015-05-14 18:39:38.214, color=brown, clock=2, number=3]
     [java] CT writes: Chip [id=null, agent=a40, time=2015-05-14 18:39:38.214, color=brown, clock=2, number=3]
     [java] Player: 30  Score: -10
     [java] Player: 10  Score: 20
     [java] Player: 20  Score: -15
     [java] Player: 40  Score: -5
     [java] A New Phase Began: Norm Phase
     [java] -------- Creating Board --------
     [java] CT writes: Tile [id=null, cell=Cell [x=0, y=0], subject=brown, time=2015-05-14 18:39:43.497, clock=2]
     [java] CT writes: Tile [id=null, cell=Cell [x=0, y=1], subject=brown, time=2015-05-14 18:39:43.499, clock=2]
     [java] CT writes: Tile [id=null, cell=Cell [x=0, y=2], subject=white, time=2015-05-14 18:39:43.502, clock=2]
     [java] CT writes: Tile [id=null, cell=Cell [x=0, y=3], subject=yellow, time=2015-05-14 18:39:43.506, clock=2]
     [java] CT writes: Tile [id=null, cell=Cell [x=0, y=4], subject=brown, time=2015-05-14 18:39:43.508, clock=2]
     [java] CT writes: Tile [id=null, cell=Cell [x=1, y=0], subject=brown, time=2015-05-14 18:39:43.512, clock=2]
     [java] CT writes: Tile [id=null, cell=Cell [x=1, y=1], subject=yellow, time=2015-05-14 18:39:43.516, clock=2]
     [java] CT writes: Tile [id=null, cell=Cell [x=1, y=2], subject=white, time=2015-05-14 18:39:43.52, clock=2]
     [java] CT writes: Tile [id=null, cell=Cell [x=1, y=3], subject=white, time=2015-05-14 18:39:43.523, clock=2]
     [java] CT writes: Tile [id=null, cell=Cell [x=1, y=4], subject=myblue, time=2015-05-14 18:39:43.526, clock=2]
     [java] CT writes: Tile [id=null, cell=Cell [x=2, y=0], subject=white, time=2015-05-14 18:39:43.528, clock=2]
     [java] CT writes: Tile [id=null, cell=Cell [x=2, y=1], subject=white, time=2015-05-14 18:39:43.532, clock=2]
     [java] CT writes: Tile [id=null, cell=Cell [x=2, y=2], subject=brown, time=2015-05-14 18:39:43.536, clock=2]
     [java] CT writes: Tile [id=null, cell=Cell [x=2, y=3], subject=myblue, time=2015-05-14 18:39:43.541, clock=2]
     [java] CT writes: Tile [id=null, cell=Cell [x=2, y=4], subject=white, time=2015-05-14 18:39:43.544, clock=2]
     [java] CT writes: Tile [id=null, cell=Cell [x=3, y=0], subject=white, time=2015-05-14 18:39:43.546, clock=2]
     [java] CT writes: Tile [id=null, cell=Cell [x=3, y=1], subject=yellow, time=2015-05-14 18:39:43.549, clock=2]
     [java] CT writes: Tile [id=null, cell=Cell [x=3, y=2], subject=myblue, time=2015-05-14 18:39:43.551, clock=2]
     [java] CT writes: Tile [id=null, cell=Cell [x=3, y=3], subject=myblue, time=2015-05-14 18:39:43.555, clock=2]
     [java] CT writes: Tile [id=null, cell=Cell [x=3, y=4], subject=yellow, time=2015-05-14 18:39:43.558, clock=2]
     [java] CT writes: Tile [id=null, cell=Cell [x=4, y=0], subject=brown, time=2015-05-14 18:39:43.561, clock=2]
     [java] CT writes: Tile [id=null, cell=Cell [x=4, y=1], subject=myblue, time=2015-05-14 18:39:43.564, clock=2]
     [java] CT writes: Tile [id=null, cell=Cell [x=4, y=2], subject=yellow, time=2015-05-14 18:39:43.566, clock=2]
     [java] CT writes: Tile [id=null, cell=Cell [x=4, y=3], subject=myblue, time=2015-05-14 18:39:43.569, clock=2]
     [java] CT writes: Tile [id=null, cell=Cell [x=4, y=4], subject=brown, time=2015-05-14 18:39:43.572, clock=2]
     [java] CT writes goal: Goal [id=null, cell=Cell [x=2, y=2], agent=null, time=null, clock=2]
     [java] CT writes: Goal [id=null, cell=Cell [x=2, y=2], agent=null, time=2015-05-14 18:39:43.581, clock=2]
     [java] revelation chips: { chips  'myblue':0 'white':0 'brown':0 'yellow':0 }
     [java] CT notification: Obligation [subject=a20, obligation=[at(1, 2, a20)], sanction=[reduce(a20, 500)], deadline=8, time=2015-05-14 18:39:43.63, clock=2]
     [java] CT obligation: Obligation [subject=a20, obligation=[at(1, 2, a20)], sanction=[reduce(a20, 500)], deadline=8, time=2015-05-14 18:39:43.63, clock=2]
     [java] 20
     [java] 20
     [java] 20
     [java] CT obligation: [Osbligation to be at the grid tile [1,2] before clock 7 or sanction [reduce(a20, 500)] will be applied]
     [java] CT obligation: [Osbligation to be at the grid tile [1,2] before clock 7 or sanction [reduce(a20, 500)] will be applied, Osbligation to be at the grid tile [1,2] before clock 8 or sanction [reduce(a20, 500)] will be applied]
     [java] revelation chips: { chips  'myblue':0 'white':0 'brown':0 'yellow':0 }
     [java] revelation chips: { chips  'myblue':0 'white':0 'brown':0 'yellow':0 }
     [java] java.util.NoSuchElementException
     [java] 	at java.util.Scanner.throwFor(Scanner.java:838)
     [java] 	at java.util.Scanner.next(Scanner.java:1347)
     [java] 	at WebCTInputFileConfig.beginPhase(WebCTInputFileConfig.java:213)
     [java] 	at edu.harvard.eecs.airg.coloredtrails.server.ServerPhases.beginPhase(ServerPhases.java:94)
     [java] 	at edu.harvard.eecs.airg.coloredtrails.shared.types.Phases.advanceToPhase(Phases.java:470)
     [java] 	at edu.harvard.eecs.airg.coloredtrails.shared.types.Phases.advancePhase(Phases.java:482)
     [java] 	at edu.harvard.eecs.airg.coloredtrails.shared.types.Phases.actionPerformed(Phases.java:517)
     [java] 	at javax.swing.Timer.fireActionPerformed(Timer.java:291)
     [java] 	at javax.swing.Timer$DoPostEvent.run(Timer.java:221)
     [java] 	at java.awt.event.InvocationEvent.dispatch(InvocationEvent.java:209)
     [java] 	at java.awt.EventQueue.dispatchEventImpl(EventQueue.java:715)
     [java] 	at java.awt.EventQueue.access$400(EventQueue.java:82)
     [java] 	at java.awt.EventQueue$2.run(EventQueue.java:676)
     [java] 	at java.awt.EventQueue$2.run(EventQueue.java:674)
     [java] 	at java.security.AccessController.doPrivileged(Native Method)
     [java] 	at java.security.AccessControlContext$1.doIntersectionPrivilege(AccessControlContext.java:86)
     [java] 	at java.awt.EventQueue.dispatchEvent(EventQueue.java:685)
     [java] 	at java.awt.EventDispatchThread.pumpOneEventForFilters(EventDispatchThread.java:296)
     [java] 	at java.awt.EventDispatchThread.pumpEventsForFilter(EventDispatchThread.java:211)
     [java] 	at java.awt.EventDispatchThread.pumpEventsForHierarchy(EventDispatchThread.java:201)
     [java] 	at java.awt.EventDispatchThread.pumpEvents(EventDispatchThread.java:196)
     [java] 	at java.awt.EventDispatchThread.pumpEvents(EventDispatchThread.java:188)
     [java] 	at java.awt.EventDispatchThread.run(EventDispatchThread.java:122)
     [java] CT notification: Time [clock=3, time=2015-05-14 18:39:48.108]
     [java] CT players (clone,for): 
     [java] Player: 30  Score: -10
     [java] Player: 10  Score: 20
     [java] Player: 20  Score: -15
     [java] Player: 40  Score: -5
     [java] A New Phase Began: Norm Phase
     [java] -------- Creating Board --------
     [java] CT writes: Tile [id=null, cell=Cell [x=0, y=0], subject=brown, time=2015-05-14 18:39:53.492, clock=3]
     [java] CT writes: Tile [id=null, cell=Cell [x=0, y=1], subject=brown, time=2015-05-14 18:39:53.494, clock=3]
     [java] CT writes: Tile [id=null, cell=Cell [x=0, y=2], subject=white, time=2015-05-14 18:39:53.496, clock=3]
     [java] CT writes: Tile [id=null, cell=Cell [x=0, y=3], subject=yellow, time=2015-05-14 18:39:53.498, clock=3]
     [java] CT writes: Tile [id=null, cell=Cell [x=0, y=4], subject=brown, time=2015-05-14 18:39:53.501, clock=3]
     [java] CT writes: Tile [id=null, cell=Cell [x=1, y=0], subject=brown, time=2015-05-14 18:39:53.504, clock=3]
     [java] CT writes: Tile [id=null, cell=Cell [x=1, y=1], subject=yellow, time=2015-05-14 18:39:53.507, clock=3]
     [java] CT writes: Tile [id=null, cell=Cell [x=1, y=2], subject=white, time=2015-05-14 18:39:53.51, clock=3]
     [java] java.util.NoSuchElementException
     [java] 	at java.util.Scanner.throwFor(Scanner.java:838)
     [java] 	at java.util.Scanner.next(Scanner.java:1347)
     [java] 	at WebCTInputFileConfig.beginPhase(WebCTInputFileConfig.java:213)
     [java] 	at edu.harvard.eecs.airg.coloredtrails.server.ServerPhases.beginPhase(ServerPhases.java:94)
     [java] 	at edu.harvard.eecs.airg.coloredtrails.shared.types.Phases.advanceToPhase(Phases.java:470)
     [java] 	at edu.harvard.eecs.airg.coloredtrails.shared.types.Phases.advancePhase(Phases.java:482)
     [java] 	at edu.harvard.eecs.airg.coloredtrails.shared.types.Phases.actionPerformed(Phases.java:517)
     [java] 	at javax.swing.Timer.fireActionPerformed(Timer.java:291)
     [java] 	at javax.swing.Timer$DoPostEvent.run(Timer.java:221)
     [java] 	at java.awt.event.InvocationEvent.dispatch(InvocationEvent.java:209)
     [java] 	at java.awt.EventQueue.dispatchEventImpl(EventQueue.java:715)
     [java] 	at java.awt.EventQueue.access$400(EventQueue.java:82)
     [java] CT writes: Tile [id=null, cell=Cell [x=1, y=3], subject=white, time=2015-05-14 18:39:53.513, clock=3]	at java.awt.EventQueue$2.run(EventQueue.java:676)
     [java] 	at java.awt.EventQueue$2.run(EventQueue.java:674)
     [java] 	at java.security.AccessController.doPrivileged(Native Method)
     [java] 
     [java] 	at java.security.AccessControlContext$1.doIntersectionPrivilege(AccessControlContext.java:86)
     [java] 	at java.awt.EventQueue.dispatchEvent(EventQueue.java:685)
     [java] 	at java.awt.EventDispatchThread.pumpOneEventForFilters(EventDispatchThread.java:296)
     [java] CT writes: Tile [id=null, cell=Cell [x=1, y=4], subject=myblue, time=2015-05-14 18:39:53.515, clock=3]
     [java] CT writes: Tile [id=null, cell=Cell [x=2, y=0], subject=white, time=2015-05-14 18:39:53.518, clock=3]
     [java] CT writes: Tile [id=null, cell=Cell [x=2, y=1], subject=white, time=2015-05-14 18:39:53.519, clock=3]
     [java] CT writes: Tile [id=null, cell=Cell [x=2, y=2], subject=brown, time=2015-05-14 18:39:53.522, clock=3]
     [java] CT writes: Tile [id=null, cell=Cell [x=2, y=3], subject=myblue, time=2015-05-14 18:39:53.525, clock=3]
     [java] CT writes: Tile [id=null, cell=Cell [x=2, y=4], subject=white, time=2015-05-14 18:39:53.526, clock=3]
     [java] CT writes: Tile [id=null, cell=Cell [x=3, y=0], subject=white, time=2015-05-14 18:39:53.529, clock=3]
     [java] CT writes: Tile [id=null, cell=Cell [x=3, y=1], subject=yellow, time=2015-05-14 18:39:53.535, clock=3]
     [java] 	at java.awt.EventDispatchThread.pumpEventsForFilter(EventDispatchThread.java:211)
     [java] 	at java.awt.EventDispatchThread.pumpEventsForHierarchy(EventDispatchThread.java:201)
     [java] 	at java.awt.EventDispatchThread.pumpEvents(EventDispatchThread.java:196)
     [java] 	at java.awt.EventDispatchThread.pumpEvents(EventDispatchThread.java:188)
     [java] 	at java.awt.EventDispatchThread.run(EventDispatchThread.java:122)
     [java] CT writes: Tile [id=null, cell=Cell [x=3, y=2], subject=myblue, time=2015-05-14 18:39:53.537, clock=3]
     [java] CT writes: Tile [id=null, cell=Cell [x=3, y=3], subject=myblue, time=2015-05-14 18:39:53.54, clock=3]
     [java] CT writes: Tile [id=null, cell=Cell [x=3, y=4], subject=yellow, time=2015-05-14 18:39:53.542, clock=3]
     [java] CT writes: Tile [id=null, cell=Cell [x=4, y=0], subject=brown, time=2015-05-14 18:39:53.545, clock=3]
     [java] CT writes: Tile [id=null, cell=Cell [x=4, y=1], subject=myblue, time=2015-05-14 18:39:53.547, clock=3]
     [java] CT writes: Tile [id=null, cell=Cell [x=4, y=2], subject=yellow, time=2015-05-14 18:39:53.549, clock=3]
     [java] CT writes: Tile [id=null, cell=Cell [x=4, y=3], subject=myblue, time=2015-05-14 18:39:53.551, clock=3]
     [java] CT writes: Tile [id=null, cell=Cell [x=4, y=4], subject=brown, time=2015-05-14 18:39:53.553, clock=3]
     [java] CT writes goal: Goal [id=null, cell=Cell [x=2, y=2], agent=null, time=null, clock=3]
     [java] CT writes: Goal [id=null, cell=Cell [x=2, y=2], agent=null, time=2015-05-14 18:39:53.56, clock=3]
     [java] revelation chips: { chips  'myblue':0 'white':0 'brown':0 'yellow':0 }
     [java] CT notification: Obligation [subject=a20, obligation=[at(1, 2, a20)], sanction=[reduce(a20, 500)], deadline=9, time=2015-05-14 18:39:53.614, clock=3]
     [java] CT obligation: Obligation [subject=a20, obligation=[at(1, 2, a20)], sanction=[reduce(a20, 500)], deadline=9, time=2015-05-14 18:39:53.614, clock=3]
     [java] 20
     [java] 20
     [java] 20
     [java] CT obligation: [Osbligation to be at the grid tile [1,2] before clock 7 or sanction [reduce(a20, 500)] will be applied, Osbligation to be at the grid tile [1,2] before clock 8 or sanction [reduce(a20, 500)] will be applied]
     [java] CT obligation: [Osbligation to be at the grid tile [1,2] before clock 7 or sanction [reduce(a20, 500)] will be applied, Osbligation to be at the grid tile [1,2] before clock 8 or sanction [reduce(a20, 500)] will be applied, Osbligation to be at the grid tile [1,2] before clock 9 or sanction [reduce(a20, 500)] will be applied]
     [java] revelation chips: { chips  'myblue':0 'white':0 'brown':0 'yellow':0 }
     [java] revelation chips: { chips  'myblue':0 'white':0 'brown':0 'yellow':0 }
     [java] CT notification: Time [clock=4, time=2015-05-14 18:39:58.113]
     [java] CT players (clone,for): 
     [java] Player: 30  Score: -10
     [java] Player: 10  Score: 20
     [java] Player: 20  Score: -15
     [java] Player: 40  Score: -5
     [java] A New Phase Began: Norm Phase
     [java] -------- Creating Board --------
     [java] CT writes: Tile [id=null, cell=Cell [x=0, y=0], subject=brown, time=2015-05-14 18:40:03.494, clock=4]
     [java] CT writes: Tile [id=null, cell=Cell [x=0, y=1], subject=brown, time=2015-05-14 18:40:03.498, clock=4]
     [java] CT writes: Tile [id=null, cell=Cell [x=0, y=2], subject=white, time=2015-05-14 18:40:03.501, clock=4]
     [java] CT writes: Tile [id=null, cell=Cell [x=0, y=3], subject=yellow, time=2015-05-14 18:40:03.503, clock=4]
     [java] CT writes: Tile [id=null, cell=Cell [x=0, y=4], subject=brown, time=2015-05-14 18:40:03.506, clock=4]
     [java] CT writes: Tile [id=null, cell=Cell [x=1, y=0], subject=brown, time=2015-05-14 18:40:03.508, clock=4]
     [java] CT writes: Tile [id=null, cell=Cell [x=1, y=1], subject=yellow, time=2015-05-14 18:40:03.51, clock=4]
     [java] CT writes: Tile [id=null, cell=Cell [x=1, y=2], subject=white, time=2015-05-14 18:40:03.514, clock=4]
     [java] CT writes: Tile [id=null, cell=Cell [x=1, y=3], subject=white, time=2015-05-14 18:40:03.516, clock=4]
     [java] CT writes: Tile [id=null, cell=Cell [x=1, y=4], subject=myblue, time=2015-05-14 18:40:03.519, clock=4]
     [java] CT writes: Tile [id=null, cell=Cell [x=2, y=0], subject=white, time=2015-05-14 18:40:03.521, clock=4]
     [java] CT writes: Tile [id=null, cell=Cell [x=2, y=1], subject=white, time=2015-05-14 18:40:03.524, clock=4]
     [java] CT writes: Tile [id=null, cell=Cell [x=2, y=2], subject=brown, time=2015-05-14 18:40:03.526, clock=4]
     [java] CT writes: Tile [id=null, cell=Cell [x=2, y=3], subject=myblue, time=2015-05-14 18:40:03.529, clock=4]
     [java] CT writes: Tile [id=null, cell=Cell [x=2, y=4], subject=white, time=2015-05-14 18:40:03.534, clock=4]
     [java] CT writes: Tile [id=null, cell=Cell [x=3, y=0], subject=white, time=2015-05-14 18:40:03.536, clock=4]
     [java] CT writes: Tile [id=null, cell=Cell [x=3, y=1], subject=yellow, time=2015-05-14 18:40:03.54, clock=4]
     [java] CT writes: Tile [id=null, cell=Cell [x=3, y=2], subject=myblue, time=2015-05-14 18:40:03.544, clock=4]
     [java] CT writes: Tile [id=null, cell=Cell [x=3, y=3], subject=myblue, time=2015-05-14 18:40:03.547, clock=4]
     [java] CT writes: Tile [id=null, cell=Cell [x=3, y=4], subject=yellow, time=2015-05-14 18:40:03.551, clock=4]
     [java] CT writes: Tile [id=null, cell=Cell [x=4, y=0], subject=brown, time=2015-05-14 18:40:03.554, clock=4]
     [java] CT writes: Tile [id=null, cell=Cell [x=4, y=1], subject=myblue, time=2015-05-14 18:40:03.556, clock=4]
     [java] CT writes: Tile [id=null, cell=Cell [x=4, y=2], subject=yellow, time=2015-05-14 18:40:03.559, clock=4]
     [java] CT writes: Tile [id=null, cell=Cell [x=4, y=3], subject=myblue, time=2015-05-14 18:40:03.563, clock=4]
     [java] CT writes: Tile [id=null, cell=Cell [x=4, y=4], subject=brown, time=2015-05-14 18:40:03.566, clock=4]
     [java] CT writes goal: Goal [id=null, cell=Cell [x=2, y=2], agent=null, time=null, clock=4]
     [java] CT writes: Goal [id=null, cell=Cell [x=2, y=2], agent=null, time=2015-05-14 18:40:03.572, clock=4]
     [java] revelation chips: { chips  'myblue':0 'white':0 'brown':0 'yellow':0 }
     [java] revelation chips: { chips  'myblue':0 'white':0 'brown':0 'yellow':0 }
     [java] revelation chips: { chips  'myblue':0 'white':0 'brown':0 'yellow':0 }
     [java] CT notification: Obligation [subject=a20, obligation=[at(1, 2, a20)], sanction=[reduce(a20, 500)], deadline=10, time=2015-05-14 18:40:03.639, clock=4]
     [java] CT obligation: Obligation [subject=a20, obligation=[at(1, 2, a20)], sanction=[reduce(a20, 500)], deadline=10, time=2015-05-14 18:40:03.639, clock=4]
     [java] 20
     [java] 20
     [java] 20
     [java] CT obligation: [Osbligation to be at the grid tile [1,2] before clock 7 or sanction [reduce(a20, 500)] will be applied, Osbligation to be at the grid tile [1,2] before clock 8 or sanction [reduce(a20, 500)] will be applied, Osbligation to be at the grid tile [1,2] before clock 9 or sanction [reduce(a20, 500)] will be applied]
     [java] CT obligation: [Osbligation to be at the grid tile [1,2] before clock 7 or sanction [reduce(a20, 500)] will be applied, Osbligation to be at the grid tile [1,2] before clock 8 or sanction [reduce(a20, 500)] will be applied, Osbligation to be at the grid tile [1,2] before clock 9 or sanction [reduce(a20, 500)] will be applied, Osbligation to be at the grid tile [1,2] before clock 10 or sanction [reduce(a20, 500)] will be applied]
     [java] java.util.NoSuchElementException
     [java] 	at java.util.Scanner.throwFor(Scanner.java:838)
     [java] 	at java.util.Scanner.next(Scanner.java:1347)
     [java] 	at WebCTInputFileConfig.beginPhase(WebCTInputFileConfig.java:213)
     [java] 	at edu.harvard.eecs.airg.coloredtrails.server.ServerPhases.beginPhase(ServerPhases.java:94)
     [java] 	at edu.harvard.eecs.airg.coloredtrails.shared.types.Phases.advanceToPhase(Phases.java:470)
     [java] 	at edu.harvard.eecs.airg.coloredtrails.shared.types.Phases.advancePhase(Phases.java:482)
     [java] 	at edu.harvard.eecs.airg.coloredtrails.shared.types.Phases.actionPerformed(Phases.java:517)
     [java] 	at javax.swing.Timer.fireActionPerformed(Timer.java:291)
     [java] 	at javax.swing.Timer$DoPostEvent.run(Timer.java:221)
     [java] 	at java.awt.event.InvocationEvent.dispatch(InvocationEvent.java:209)
     [java] 	at java.awt.EventQueue.dispatchEventImpl(EventQueue.java:715)
     [java] 	at java.awt.EventQueue.access$400(EventQueue.java:82)
     [java] 	at java.awt.EventQueue$2.run(EventQueue.java:676)
     [java] 	at java.awt.EventQueue$2.run(EventQueue.java:674)
     [java] 	at java.security.AccessController.doPrivileged(Native Method)
     [java] 	at java.security.AccessControlContext$1.doIntersectionPrivilege(AccessControlContext.java:86)
     [java] 	at java.awt.EventQueue.dispatchEvent(EventQueue.java:685)
     [java] 	at java.awt.EventDispatchThread.pumpOneEventForFilters(EventDispatchThread.java:296)
     [java] 	at java.awt.EventDispatchThread.pumpEventsForFilter(EventDispatchThread.java:211)
     [java] 	at java.awt.EventDispatchThread.pumpEventsForHierarchy(EventDispatchThread.java:201)
     [java] 	at java.awt.EventDispatchThread.pumpEvents(EventDispatchThread.java:196)
     [java] 	at java.awt.EventDispatchThread.pumpEvents(EventDispatchThread.java:188)
     [java] 	at java.awt.EventDispatchThread.run(EventDispatchThread.java:122)
     [java] CT notification: Time [clock=5, time=2015-05-14 18:40:08.124]
     [java] CT players (clone,for): 
     [java] Player: 30  Score: -10
     [java] Player: 10  Score: 20
     [java] Player: 20  Score: -15
     [java] Player: 40  Score: -5
     [java] A New Phase Began: Norm Phase
     [java] -------- Creating Board --------
     [java] CT writes: Tile [id=null, cell=Cell [x=0, y=0], subject=brown, time=2015-05-14 18:40:13.509, clock=5]
     [java] CT writes: Tile [id=null, cell=Cell [x=0, y=1], subject=brown, time=2015-05-14 18:40:13.512, clock=5]
     [java] CT writes: Tile [id=null, cell=Cell [x=0, y=2], subject=white, time=2015-05-14 18:40:13.514, clock=5]
     [java] CT writes: Tile [id=null, cell=Cell [x=0, y=3], subject=yellow, time=2015-05-14 18:40:13.516, clock=5]
     [java] CT writes: Tile [id=null, cell=Cell [x=0, y=4], subject=brown, time=2015-05-14 18:40:13.518, clock=5]
     [java] CT writes: Tile [id=null, cell=Cell [x=1, y=0], subject=brown, time=2015-05-14 18:40:13.52, clock=5]
     [java] CT writes: Tile [id=null, cell=Cell [x=1, y=1], subject=yellow, time=2015-05-14 18:40:13.521, clock=5]
     [java] CT writes: Tile [id=null, cell=Cell [x=1, y=2], subject=white, time=2015-05-14 18:40:13.526, clock=5]
     [java] CT writes: Tile [id=null, cell=Cell [x=1, y=3], subject=white, time=2015-05-14 18:40:13.529, clock=5]
     [java] CT writes: Tile [id=null, cell=Cell [x=1, y=4], subject=myblue, time=2015-05-14 18:40:13.534, clock=5]
     [java] CT writes: Tile [id=null, cell=Cell [x=2, y=0], subject=white, time=2015-05-14 18:40:13.538, clock=5]
     [java] CT writes: Tile [id=null, cell=Cell [x=2, y=1], subject=white, time=2015-05-14 18:40:13.541, clock=5]
     [java] CT writes: Tile [id=null, cell=Cell [x=2, y=2], subject=brown, time=2015-05-14 18:40:13.544, clock=5]
     [java] CT writes: Tile [id=null, cell=Cell [x=2, y=3], subject=myblue, time=2015-05-14 18:40:13.546, clock=5]
     [java] CT writes: Tile [id=null, cell=Cell [x=2, y=4], subject=white, time=2015-05-14 18:40:13.548, clock=5]
     [java] CT writes: Tile [id=null, cell=Cell [x=3, y=0], subject=white, time=2015-05-14 18:40:13.55, clock=5]
     [java] CT writes: Tile [id=null, cell=Cell [x=3, y=1], subject=yellow, time=2015-05-14 18:40:13.552, clock=5]
     [java] CT writes: Tile [id=null, cell=Cell [x=3, y=2], subject=myblue, time=2015-05-14 18:40:13.555, clock=5]
     [java] CT writes: Tile [id=null, cell=Cell [x=3, y=3], subject=myblue, time=2015-05-14 18:40:13.557, clock=5]
     [java] CT writes: Tile [id=null, cell=Cell [x=3, y=4], subject=yellow, time=2015-05-14 18:40:13.559, clock=5]
     [java] CT writes: Tile [id=null, cell=Cell [x=4, y=0], subject=brown, time=2015-05-14 18:40:13.561, clock=5]
     [java] CT writes: Tile [id=null, cell=Cell [x=4, y=1], subject=myblue, time=2015-05-14 18:40:13.563, clock=5]
     [java] CT writes: Tile [id=null, cell=Cell [x=4, y=2], subject=yellow, time=2015-05-14 18:40:13.566, clock=5]
     [java] CT writes: Tile [id=null, cell=Cell [x=4, y=3], subject=myblue, time=2015-05-14 18:40:13.568, clock=5]
     [java] CT writes: Tile [id=null, cell=Cell [x=4, y=4], subject=brown, time=2015-05-14 18:40:13.571, clock=5]
     [java] CT writes goal: Goal [id=null, cell=Cell [x=2, y=2], agent=null, time=null, clock=5]
     [java] CT writes: Goal [id=null, cell=Cell [x=2, y=2], agent=null, time=2015-05-14 18:40:13.578, clock=5]
     [java] revelation chips: { chips  'myblue':0 'white':0 'brown':0 'yellow':0 }
     [java] revelation chips: { chips  'myblue':0 'white':0 'brown':0 'yellow':0 }
     [java] CT notification: Obligation [subject=a20, obligation=[at(1, 2, a20)], sanction=[reduce(a20, 500)], deadline=11, time=2015-05-14 18:40:13.608, clock=5]
     [java] CT obligation: Obligation [subject=a20, obligation=[at(1, 2, a20)], sanction=[reduce(a20, 500)], deadline=11, time=2015-05-14 18:40:13.608, clock=5]
     [java] 20
     [java] 20
     [java] 20
     [java] CT obligation: [Osbligation to be at the grid tile [1,2] before clock 7 or sanction [reduce(a20, 500)] will be applied, Osbligation to be at the grid tile [1,2] before clock 8 or sanction [reduce(a20, 500)] will be applied, Osbligation to be at the grid tile [1,2] before clock 9 or sanction [reduce(a20, 500)] will be applied, Osbligation to be at the grid tile [1,2] before clock 10 or sanction [reduce(a20, 500)] will be applied]
     [java] CT obligation: [Osbligation to be at the grid tile [1,2] before clock 7 or sanction [reduce(a20, 500)] will be applied, Osbligation to be at the grid tile [1,2] before clock 8 or sanction [reduce(a20, 500)] will be applied, Osbligation to be at the grid tile [1,2] before clock 9 or sanction [reduce(a20, 500)] will be applied, Osbligation to be at the grid tile [1,2] before clock 10 or sanction [reduce(a20, 500)] will be applied, Osbligation to be at the grid tile [1,2] before clock 11 or sanction [reduce(a20, 500)] will be applied]
     [java] revelation chips: { chips  'myblue':0 'white':0 'brown':0 'yellow':0 }
     [java] java.util.NoSuchElementException
     [java] 	at java.util.Scanner.throwFor(Scanner.java:838)
     [java] 	at java.util.Scanner.next(Scanner.java:1347)
     [java] 	at WebCTInputFileConfig.beginPhase(WebCTInputFileConfig.java:213)
     [java] 	at edu.harvard.eecs.airg.coloredtrails.server.ServerPhases.beginPhase(ServerPhases.java:94)
     [java] 	at edu.harvard.eecs.airg.coloredtrails.shared.types.Phases.advanceToPhase(Phases.java:470)
     [java] 	at edu.harvard.eecs.airg.coloredtrails.shared.types.Phases.advancePhase(Phases.java:482)
     [java] 	at edu.harvard.eecs.airg.coloredtrails.shared.types.Phases.actionPerformed(Phases.java:517)
     [java] 	at javax.swing.Timer.fireActionPerformed(Timer.java:291)
     [java] 	at javax.swing.Timer$DoPostEvent.run(Timer.java:221)
     [java] 	at java.awt.event.InvocationEvent.dispatch(InvocationEvent.java:209)
     [java] 	at java.awt.EventQueue.dispatchEventImpl(EventQueue.java:715)
     [java] 	at java.awt.EventQueue.access$400(EventQueue.java:82)
     [java] 	at java.awt.EventQueue$2.run(EventQueue.java:676)
     [java] 	at java.awt.EventQueue$2.run(EventQueue.java:674)
     [java] 	at java.security.AccessController.doPrivileged(Native Method)
     [java] 	at java.security.AccessControlContext$1.doIntersectionPrivilege(AccessControlContext.java:86)
     [java] 	at java.awt.EventQueue.dispatchEvent(EventQueue.java:685)
     [java] 	at java.awt.EventDispatchThread.pumpOneEventForFilters(EventDispatchThread.java:296)
     [java] 	at java.awt.EventDispatchThread.pumpEventsForFilter(EventDispatchThread.java:211)
     [java] 	at java.awt.EventDispatchThread.pumpEventsForHierarchy(EventDispatchThread.java:201)
     [java] 	at java.awt.EventDispatchThread.pumpEvents(EventDispatchThread.java:196)
     [java] 	at java.awt.EventDispatchThread.pumpEvents(EventDispatchThread.java:188)
     [java] 	at java.awt.EventDispatchThread.run(EventDispatchThread.java:122)
     [java] CT notification: Time [clock=6, time=2015-05-14 18:40:18.126]
     [java] CT players (clone,for): 
     [java] Player: 30  Score: -10
     [java] Player: 10  Score: 20
     [java] Player: 20  Score: -15
     [java] Player: 40  Score: -5
     [java] A New Phase Began: Communication Phase
     [java] CT notification: Time [clock=7, time=2015-05-14 18:40:28.13]
     [java] CT players (clone,for): 
     [java] A New Phase Began: Communication Phase
     [java] CT notification: Time [clock=8, time=2015-05-14 18:40:38.131]
     [java] CT players (clone,for): 
     [java] A New Phase Began: Communication Phase
     [java] CT notification: Time [clock=9, time=2015-05-14 18:40:48.133]
     [java] CT players (clone,for): 
     [java] A New Phase Began: Communication Phase
     [java] CT notification: Time [clock=10, time=2015-05-14 18:40:58.139]
     [java] CT players (clone,for): 
     [java] A New Phase Began: Communication Phase
     [java] CT notification: Time [clock=11, time=2015-05-14 18:41:08.142]
     [java] CT players (clone,for): 
     [java] A New Phase Began: Movement Phase
     [java] CT notification: Time [clock=12, time=2015-05-14 18:41:18.144]
     [java] CT players (clone,for): 
     [java] DEBUG root                           - received a discourse mesage... 20
     [java] Received Discourse Message 
     [java] Class: class edu.harvard.eecs.airg.coloredtrails.shared.discourse.BasicProposalDiscourseMessage
     [java] From: 1
     [java] From: 3
     [java] DEBUG root                           - sendGameDiscourseMessage class edu.harvard.eecs.airg.coloredtrails.shared.discourse.BasicProposalDiscourseMessage
     [java] DEBUG root                           - FROM: 1 TO: 3(PIN: 40)
     [java] CT writes: Proposal [id=1734, agent=a20, agent2=a40, clock=12, time=2015-05-14 18:41:18.898]
     [java] A New Phase Began: Movement Phase
     [java] CT notification: Time [clock=13, time=2015-05-14 18:41:28.156]
     [java] CT players (clone,for): 
     [java] A New Phase Began: Movement Phase
     [java] CT notification: Time [clock=14, time=2015-05-14 18:41:38.181]
     [java] CT players (clone,for): 
     [java] A New Phase Began: Movement Phase
     [java] CT notification: Time [clock=15, time=2015-05-14 18:41:48.191]
     [java] CT players (clone,for): 
     [java] A New Phase Began: Movement Phase
     [java] CT notification: Time [clock=16, time=2015-05-14 18:41:58.195]
     [java] CT players (clone,for): 
     [java] A New Phase Began: Feedback Phase
     [java] DEBUG root                           - Game ended id = 0
     [java] CT notification: Time [clock=17, time=2015-05-14 18:42:08.197]
     [java] CT players (clone,for): 
     [java] INFO  BrokerService                  - ActiveMQ Message Broker (localhost, ID:kafka.local-52565-1431625154635-1:0) is shutting down
     [java] CT notification: Time [clock=18, time=2015-05-14 18:42:18.2]
     [java] CT players (clone,for): 
     [java] WARN  ActiveMQConnection             - Async exception with no exception listener: java.io.EOFException
     [java] java.io.EOFException
     [java] 	at java.io.DataInputStream.readInt(DataInputStream.java:375)
     [java] 	at org.apache.activemq.openwire.OpenWireFormat.unmarshal(OpenWireFormat.java:269)
     [java] 	at org.apache.activemq.transport.tcp.TcpTransport.readCommand(TcpTransport.java:156)
     [java] 	at org.apache.activemq.transport.tcp.TcpTransport.run(TcpTransport.java:136)
     [java] 	at java.lang.Thread.run(Thread.java:695)
     [java] INFO  TransportConnector             - Connector tcp://kafka.local:8088 Stopped
     [java] WARN  ActiveMQConnection             - Async exception with no exception listener: java.io.EOFException
     [java] java.io.EOFException
     [java] 	at java.io.DataInputStream.readInt(DataInputStream.java:375)
     [java] 	at org.apache.activemq.openwire.OpenWireFormat.unmarshal(OpenWireFormat.java:269)
     [java] 	at org.apache.activemq.transport.tcp.TcpTransport.readCommand(TcpTransport.java:156)
     [java] 	at org.apache.activemq.transport.tcp.TcpTransport.run(TcpTransport.java:136)
     [java] 	at java.lang.Thread.run(Thread.java:695)
     [java] INFO  BrokerService                  - ActiveMQ JMS Message Broker (localhost, ID:kafka.local-52565-1431625154635-1:0) stopped

BUILD SUCCESSFUL
Total time: 3 minutes 7 seconds
