Buildfile: /Users/dxd/git/ct3/WebCT/build.xml

runserver:
     [java] INFO  BrokerService                  - ActiveMQ null JMS Message Broker (localhost) is starting
     [java] INFO  BrokerService                  - For help or more information please see: http://activemq.apache.org/
     [java] INFO  AMQPersistenceAdapter          - AMQStore starting using directory: activemq-data/localhost
     [java] INFO  KahaStore                      - Kaha Store using data directory /Users/dxd/git/ct3/WebCT/activemq-data/localhost/kr-store
     [java] INFO  AMQPersistenceAdapter          - Active data files: []
     [java] INFO  AMQPersistenceAdapter          - Journal Recovery Started from: DataManager:(data-)
     [java] INFO  AMQPersistenceAdapter          - Recovered 0 operations from redo log in 0.178 seconds.
     [java] INFO  BrokerService                  - Using Persistence Adapter: AMQPersistenceAdapter(activemq-data/localhost)
     [java] INFO  TransportServerThreadSupport   - Listening for connections at: tcp://kafka:8088
     [java] INFO  TransportConnector             - Connector tcp://kafka:8088 Started
     [java] INFO  BrokerService                  - ActiveMQ JMS Message Broker (localhost, ID:kafka-54287-1433955265113-1:0) started
     [java] INFO  root                           - Started the JMS Server
     [java] INFO  ManagementContext              - JMX consoles can connect to service:jmx:rmi:///jndi/rmi://localhost:1099/jmxrmi
     [java] INFO  BrokerService                  - About to delete any non-persistent messages that may have overflowed to disk ...
     [java] INFO  KahaStore                      - Kaha Store successfully deleted data directory activemq-data/localhost/tmp_storage
     [java] INFO  BrokerService                  - Successfully deleted temporary storage
     [java] INFO  root                           - Controller Interface has been started
     [java] INFO  root                           - ColoredTrails is now running...
     [java] Adding client state for 40
     [java] Adding client state for 20
     [java] Adding client state for 20
     [java] INFO  root                           - Colored Trails Server received a subcription message from client: 40 [192.168.0.40] of type 
     [java] Adding client state for 20
     [java] Adding client state for 20INFO  root                           - Colored Trails Server received a subcription message from client: 20 [192.168.0.40] of type 
     [java] 
     [java] Adding client state for 20
     [java] INFO  root                           - Colored Trails Server received a subcription message from client: 20 [192.168.0.40] of type 
     [java] INFO  root                           - Colored Trails Server received a subcription message from client: 20 [192.168.0.40] of type 
     [java] INFO  root                           - Colored Trails Server received a subcription message from client: 20 [192.168.0.40] of type 
     [java] INFO  root                           - Colored Trails Server received a subcription message from client: 20 [192.168.0.40] of type 
     [java] INFO  root                           - Colored Trails Server received a subcription message from client: 30 [192.168.0.40] of type 
     [java] INFO  root                           - Colored Trails Server received a subcription message from client: 10 [192.168.0.40] of type 
     [java] Adding client state for 30
     [java] Adding client state for 10
     [java] Received message to add config class from: admin
     [java] INFO  root                           - Received message from admin: SET_CONFIGURATION
     [java] INFO  root                           - Received message from admin client:ADD_CONFIGURATION
     [java] DEBUG root                           - Administrator: adding configuration file [game6] class name: game6
     [java] INFO  root                           - Received message from admin client:NEW_GAME
     [java] DEBUG root                           - Administrator: newGame configName = [game6] 
     [java] DEBUG root                           - Administrator: newGame adding Player: [10]
     [java] DEBUG root                           - Administrator: newGame adding Player: [20]
     [java] DEBUG root                           - Administrator: newGame adding Player: [30]
     [java] DEBUG root                           - Administrator: newGame adding Player: [40]
     [java] DEBUG root                           - ServerData addNewGame -- config file
     [java] DEBUG root                           - ServerData addNewGame -- Starting ServerGameStatus
     [java] DEBUG root                           - ServerData addNewGame -- Starting a new game with id: 0
     [java] DEBUG root                           - ClientCommands creating new Topic: ct3.game.0
     [java] DEBUG root                           - sending sendClientSubscribeToGameMessage: for game [0] and player [10]
     [java] DEBUG root                           - sending sendClientSubscribeToGameMessage: for game [0] and player [20]
     [java] DEBUG root                           - sending sendClientSubscribeToGameMessage: for game [0] and player [30]
     [java] DEBUG root                           - sending sendClientSubscribeToGameMessage: for game [0] and player [40]
     [java] INFO  root                           - Received message from admin client:LIST_GAMES
     [java] INFO  root                           - Received message from admin client:LIST_CONFIGURATIONS
     [java] received client subscribed successfully message
     [java] received client subscribed successfully message
     [java] received client subscribed successfully message
     [java] received client subscribed successfully message
     [java] All players subscribed to game, trying to start
     [java] INFO  root                           - Sending reply to controller: NEW_GAME_REPLY
     [java] DEBUG root                           - sendGameStart
     [java] DEBUG root                           - sendGameStart to controller
     [java] DEBUG root                           - sending game id = 0
     [java] received client subscribed successfully message
     [java] All players subscribed to game, trying to start
     [java] INFO  root                           - Starting spaces 1
     [java] INFO  root                           - Sending reply to controller: NEW_GAME_REPLY
     [java] DEBUG root                           - sendGameStart
     [java] DEBUG root                           - sendGameStart to controller
     [java] DEBUG UrlSpaceFactoryBean            - Finding Space with URL [jini:/*/*/myGrid] and properties [{com.j_spaces.core.container.shutdown_hook=false}]
     [java] DEBUG root                           - sending game id = 0
     [java] received client subscribed successfully message
     [java] All players subscribed to game, trying to start
     [java] INFO  root                           - Starting spaces 1
     [java] INFO  root                           - Sending reply to controller: NEW_GAME_REPLY
     [java] DEBUG root                           - sendGameStart
     [java] DEBUG root                           - sendGameStart to controller
     [java] DEBUG root                           - sending game id = 0
     [java] received client subscribed successfully message
     [java] All players subscribed to game, trying to start
     [java] INFO  root                           - Starting spaces 1
     [java] INFO  root                           - Sending reply to controller: NEW_GAME_REPLY
     [java] DEBUG root                           - sendGameStart
     [java] DEBUG root                           - sendGameStart to controller
     [java] DEBUG root                           - sending game id = 0
     [java] received client subscribed successfully message
     [java] All players subscribed to game, trying to start
     [java] INFO  root                           - Starting spaces 1
     [java] INFO  root                           - Sending reply to controller: NEW_GAME_REPLY
     [java] DEBUG root                           - sendGameStart
     [java] DEBUG root                           - sendGameStart to controller
     [java] DEBUG root                           - sending game id = 0
     [java] INFO  root                           - Starting spaces 1
     [java] 2015-06-10 17:54:42,548 CONFIG [com.gigaspaces.logger] - Log file: /Users/dxd/git/ct3/logs/2015-06-10~17.54-gigaspaces-service-192.168.0.40-2014.log
     [java] DEBUG GigaSpaceFactoryBean           - Clustered flag automatically set to [true] since the space is a local cache space for bean [null]
     [java] DEBUG UrlSpaceFactoryBean            - Finding Space with URL [jini://*/*/myGrid] and properties [{com.j_spaces.core.container.shutdown_hook=false}]
     [java] DEBUG UrlSpaceFactoryBean            - Finding Space with URL [jini://*/*/myGrid] and properties [{com.j_spaces.core.container.shutdown_hook=false}]
     [java] DEBUG UrlSpaceFactoryBean            - Finding Space with URL [jini://*/*/myGrid] and properties [{com.j_spaces.core.container.shutdown_hook=false}]
     [java] DEBUG UrlSpaceFactoryBean            - Finding Space with URL [jini://*/*/myGrid] and properties [{com.j_spaces.core.container.shutdown_hook=false}]
     [java] 2015-06-10 17:54:42,542  INFO [com.gigaspaces.localcache] - LocalCache#1-myGrid was created successfully. Total time: 347 milliseconds
     [java] DEBUG UrlSpaceFactoryBean            - Finding Space with URL [jini://*/*/myGrid] and properties [{com.j_spaces.core.container.shutdown_hook=false}]
     [java] zatim dobry
     [java] zatim dobry
     [java] zatim dobry
     [java] zatim dobry
     [java] zatim dobry
     [java] Let the game begin...
     [java] game id= 0
     [java] Let the game begin...
     [java] game id= 0
     [java] Let the game begin...
     [java] game id= 0
     [java] ---- Sending Scoring Change ----
     [java] ---- Sending Scoring Change ----
     [java] ---- Sending Scoring Change ----
     [java] Let the game begin...
     [java] game id= 0
     [java] ---- Sending Scoring Change ----
     [java] setPhases in GameStatus
     [java] setPhases in GameStatus
     [java] setPhases in GameStatus
     [java] setPhases in GameStatus
     [java] Let the game begin...
     [java] game id= 0
     [java] ---- Sending Scoring Change ----
     [java] setPhases in GameStatus
     [java] A New Phase Began: Setup Phase
     [java] CT writes: Tile [id=null, cell=Cell [x=0, y=0], subject=yellow, time=2015-06-10 17:54:42.758, clock=0]
     [java] A New Phase Began: Setup Phase
     [java] CT writes: Tile [id=null, cell=Cell [x=0, y=0], subject=white, time=2015-06-10 17:54:42.764, clock=0]
     [java] A New Phase Began: Setup Phase
     [java] A New Phase Began: Setup Phase
     [java] CT writes: Tile [id=null, cell=Cell [x=0, y=0], subject=brown, time=2015-06-10 17:54:42.769, clock=0]
     [java] CT writes: Tile [id=null, cell=Cell [x=0, y=0], subject=brown, time=2015-06-10 17:54:42.769, clock=0]
     [java] A New Phase Began: Setup Phase
     [java] CT writes: Tile [id=null, cell=Cell [x=0, y=0], subject=yellow, time=2015-06-10 17:54:42.772, clock=0]
     [java] CT writes: Tile [id=null, cell=Cell [x=0, y=1], subject=blue, time=2015-06-10 17:54:42.799, clock=0]
     [java] CT writes: Tile [id=null, cell=Cell [x=0, y=1], subject=white, time=2015-06-10 17:54:42.8, clock=0]
     [java] CT writes: Tile [id=null, cell=Cell [x=0, y=1], subject=white, time=2015-06-10 17:54:42.8, clock=0]
     [java] CT writes: Tile [id=null, cell=Cell [x=0, y=1], subject=yellow, time=2015-06-10 17:54:42.808, clock=0]
     [java] CT writes: Tile [id=null, cell=Cell [x=0, y=1], subject=white, time=2015-06-10 17:54:42.816, clock=0]
     [java] CT writes: Tile [id=null, cell=Cell [x=0, y=2], subject=yellow, time=2015-06-10 17:54:42.816, clock=0]
     [java] CT writes: Tile [id=null, cell=Cell [x=0, y=2], subject=brown, time=2015-06-10 17:54:42.822, clock=0]
     [java] CT writes: Tile [id=null, cell=Cell [x=0, y=2], subject=brown, time=2015-06-10 17:54:42.823, clock=0]
     [java] CT writes: Tile [id=null, cell=Cell [x=0, y=2], subject=white, time=2015-06-10 17:54:42.823, clock=0]
     [java] CT writes: Tile [id=null, cell=Cell [x=0, y=3], subject=blue, time=2015-06-10 17:54:42.824, clock=0]
     [java] CT writes: Tile [id=null, cell=Cell [x=0, y=3], subject=yellow, time=2015-06-10 17:54:42.828, clock=0]
     [java] CT writes: Tile [id=null, cell=Cell [x=0, y=3], subject=white, time=2015-06-10 17:54:42.829, clock=0]
     [java] CT writes: Tile [id=null, cell=Cell [x=0, y=3], subject=brown, time=2015-06-10 17:54:42.829, clock=0]
     [java] CT writes: Tile [id=null, cell=Cell [x=0, y=4], subject=yellow, time=2015-06-10 17:54:42.83, clock=0]
     [java] CT writes: Tile [id=null, cell=Cell [x=0, y=4], subject=yellow, time=2015-06-10 17:54:42.843, clock=0]
     [java] CT writes: Tile [id=null, cell=Cell [x=0, y=2], subject=brown, time=2015-06-10 17:54:42.845, clock=0]
     [java] CT writes: Tile [id=null, cell=Cell [x=0, y=4], subject=yellow, time=2015-06-10 17:54:42.846, clock=0]
     [java] CT writes: Tile [id=null, cell=Cell [x=0, y=4], subject=brown, time=2015-06-10 17:54:42.846, clock=0]
     [java] CT writes: Tile [id=null, cell=Cell [x=0, y=5], subject=white, time=2015-06-10 17:54:42.849, clock=0]
     [java] CT writes: Tile [id=null, cell=Cell [x=0, y=5], subject=white, time=2015-06-10 17:54:42.849, clock=0]
     [java] CT writes: Tile [id=null, cell=Cell [x=0, y=5], subject=yellow, time=2015-06-10 17:54:42.849, clock=0]
     [java] CT writes: Tile [id=null, cell=Cell [x=0, y=3], subject=yellow, time=2015-06-10 17:54:42.85, clock=0]
     [java] CT writes: Tile [id=null, cell=Cell [x=1, y=0], subject=blue, time=2015-06-10 17:54:42.853, clock=0]
     [java] CT writes: Tile [id=null, cell=Cell [x=1, y=0], subject=white, time=2015-06-10 17:54:42.853, clock=0]
     [java] CT writes: Tile [id=null, cell=Cell [x=0, y=5], subject=yellow, time=2015-06-10 17:54:42.856, clock=0]
     [java] CT writes: Tile [id=null, cell=Cell [x=1, y=0], subject=white, time=2015-06-10 17:54:42.857, clock=0]
     [java] CT writes: Tile [id=null, cell=Cell [x=1, y=1], subject=yellow, time=2015-06-10 17:54:42.858, clock=0]
     [java] CT writes: Tile [id=null, cell=Cell [x=1, y=0], subject=white, time=2015-06-10 17:54:42.858, clock=0]
     [java] CT writes: Tile [id=null, cell=Cell [x=1, y=1], subject=brown, time=2015-06-10 17:54:42.86, clock=0]
     [java] CT writes: Tile [id=null, cell=Cell [x=1, y=2], subject=yellow, time=2015-06-10 17:54:42.86, clock=0]
     [java] CT writes: Tile [id=null, cell=Cell [x=0, y=4], subject=brown, time=2015-06-10 17:54:42.871, clock=0]
     [java] CT writes: Tile [id=null, cell=Cell [x=1, y=2], subject=yellow, time=2015-06-10 17:54:42.872, clock=0]
     [java] CT writes: Tile [id=null, cell=Cell [x=1, y=3], subject=white, time=2015-06-10 17:54:42.872, clock=0]
     [java] CT writes: Tile [id=null, cell=Cell [x=0, y=5], subject=blue, time=2015-06-10 17:54:42.874, clock=0]
     [java] CT writes: Tile [id=null, cell=Cell [x=1, y=3], subject=blue, time=2015-06-10 17:54:42.874, clock=0]
     [java] CT writes: Tile [id=null, cell=Cell [x=1, y=4], subject=white, time=2015-06-10 17:54:42.874, clock=0]
     [java] CT writes: Tile [id=null, cell=Cell [x=1, y=4], subject=blue, time=2015-06-10 17:54:42.875, clock=0]
     [java] CT writes: Tile [id=null, cell=Cell [x=1, y=5], subject=white, time=2015-06-10 17:54:42.875, clock=0]
     [java] CT writes: Tile [id=null, cell=Cell [x=1, y=0], subject=brown, time=2015-06-10 17:54:42.875, clock=0]
     [java] CT writes: Tile [id=null, cell=Cell [x=1, y=1], subject=yellow, time=2015-06-10 17:54:42.876, clock=0]
     [java] CT writes: Tile [id=null, cell=Cell [x=2, y=0], subject=white, time=2015-06-10 17:54:42.876, clock=0]
     [java] CT writes: Tile [id=null, cell=Cell [x=1, y=5], subject=yellow, time=2015-06-10 17:54:42.876, clock=0]
     [java] CT writes: Tile [id=null, cell=Cell [x=1, y=1], subject=brown, time=2015-06-10 17:54:42.878, clock=0]
     [java] CT writes: Tile [id=null, cell=Cell [x=1, y=2], subject=white, time=2015-06-10 17:54:42.88, clock=0]
     [java] CT writes: Tile [id=null, cell=Cell [x=1, y=3], subject=white, time=2015-06-10 17:54:42.882, clock=0]
     [java] CT writes: Tile [id=null, cell=Cell [x=1, y=4], subject=brown, time=2015-06-10 17:54:42.884, clock=0]
     [java] CT writes: Tile [id=null, cell=Cell [x=1, y=1], subject=brown, time=2015-06-10 17:54:42.885, clock=0]
     [java] CT writes: Tile [id=null, cell=Cell [x=1, y=5], subject=blue, time=2015-06-10 17:54:42.886, clock=0]
     [java] CT writes: Tile [id=null, cell=Cell [x=1, y=2], subject=white, time=2015-06-10 17:54:42.886, clock=0]
     [java] CT writes: Tile [id=null, cell=Cell [x=2, y=0], subject=white, time=2015-06-10 17:54:42.887, clock=0]
     [java] CT writes: Tile [id=null, cell=Cell [x=1, y=3], subject=yellow, time=2015-06-10 17:54:42.887, clock=0]
     [java] CT writes: Tile [id=null, cell=Cell [x=2, y=1], subject=yellow, time=2015-06-10 17:54:42.889, clock=0]
     [java] CT writes: Tile [id=null, cell=Cell [x=1, y=4], subject=brown, time=2015-06-10 17:54:42.889, clock=0]
     [java] CT writes: Tile [id=null, cell=Cell [x=1, y=5], subject=yellow, time=2015-06-10 17:54:42.891, clock=0]
     [java] CT writes: Tile [id=null, cell=Cell [x=2, y=2], subject=white, time=2015-06-10 17:54:42.891, clock=0]
     [java] CT writes: Tile [id=null, cell=Cell [x=2, y=3], subject=yellow, time=2015-06-10 17:54:42.894, clock=0]
     [java] CT writes: Tile [id=null, cell=Cell [x=2, y=0], subject=yellow, time=2015-06-10 17:54:42.894, clock=0]
     [java] CT writes: Tile [id=null, cell=Cell [x=1, y=2], subject=yellow, time=2015-06-10 17:54:42.895, clock=0]
     [java] CT writes: Tile [id=null, cell=Cell [x=2, y=4], subject=white, time=2015-06-10 17:54:42.895, clock=0]
     [java] CT writes: Tile [id=null, cell=Cell [x=1, y=3], subject=yellow, time=2015-06-10 17:54:42.897, clock=0]
     [java] CT writes: Tile [id=null, cell=Cell [x=2, y=5], subject=yellow, time=2015-06-10 17:54:42.897, clock=0]
     [java] CT writes: Tile [id=null, cell=Cell [x=1, y=4], subject=blue, time=2015-06-10 17:54:42.898, clock=0]
     [java] CT writes: Tile [id=null, cell=Cell [x=3, y=0], subject=blue, time=2015-06-10 17:54:42.898, clock=0]
     [java] CT writes: Tile [id=null, cell=Cell [x=1, y=5], subject=brown, time=2015-06-10 17:54:42.9, clock=0]
     [java] CT writes: Tile [id=null, cell=Cell [x=3, y=1], subject=brown, time=2015-06-10 17:54:42.9, clock=0]
     [java] CT writes: Tile [id=null, cell=Cell [x=2, y=0], subject=yellow, time=2015-06-10 17:54:42.901, clock=0]
     [java] CT writes: Tile [id=null, cell=Cell [x=3, y=2], subject=blue, time=2015-06-10 17:54:42.901, clock=0]
     [java] CT writes: Tile [id=null, cell=Cell [x=3, y=3], subject=white, time=2015-06-10 17:54:42.91, clock=0]
     [java] CT writes: Tile [id=null, cell=Cell [x=2, y=1], subject=brown, time=2015-06-10 17:54:42.91, clock=0]
     [java] CT writes: Tile [id=null, cell=Cell [x=2, y=0], subject=brown, time=2015-06-10 17:54:42.911, clock=0]
     [java] CT writes: Tile [id=null, cell=Cell [x=2, y=2], subject=white, time=2015-06-10 17:54:42.912, clock=0]
     [java] CT writes: Tile [id=null, cell=Cell [x=3, y=4], subject=white, time=2015-06-10 17:54:42.915, clock=0]
     [java] CT writes: Tile [id=null, cell=Cell [x=2, y=3], subject=blue, time=2015-06-10 17:54:42.916, clock=0]
     [java] CT writes: Tile [id=null, cell=Cell [x=2, y=1], subject=yellow, time=2015-06-10 17:54:42.916, clock=0]
     [java] CT writes: Tile [id=null, cell=Cell [x=2, y=2], subject=white, time=2015-06-10 17:54:42.917, clock=0]
     [java] CT writes: Tile [id=null, cell=Cell [x=3, y=5], subject=yellow, time=2015-06-10 17:54:42.918, clock=0]
     [java] CT writes: Tile [id=null, cell=Cell [x=2, y=4], subject=brown, time=2015-06-10 17:54:42.918, clock=0]
     [java] CT writes: Tile [id=null, cell=Cell [x=2, y=3], subject=brown, time=2015-06-10 17:54:42.919, clock=0]
     [java] CT writes: Tile [id=null, cell=Cell [x=4, y=0], subject=blue, time=2015-06-10 17:54:42.919, clock=0]
     [java] CT writes: Tile [id=null, cell=Cell [x=2, y=5], subject=yellow, time=2015-06-10 17:54:42.92, clock=0]
     [java] CT writes: Tile [id=null, cell=Cell [x=2, y=4], subject=brown, time=2015-06-10 17:54:42.921, clock=0]
     [java] CT writes: Tile [id=null, cell=Cell [x=4, y=1], subject=blue, time=2015-06-10 17:54:42.922, clock=0]
     [java] CT writes: Tile [id=null, cell=Cell [x=3, y=0], subject=blue, time=2015-06-10 17:54:42.922, clock=0]
     [java] CT writes: Tile [id=null, cell=Cell [x=4, y=2], subject=brown, time=2015-06-10 17:54:42.923, clock=0]
     [java] CT writes: Tile [id=null, cell=Cell [x=2, y=5], subject=yellow, time=2015-06-10 17:54:42.923, clock=0]
     [java] CT writes: Tile [id=null, cell=Cell [x=3, y=1], subject=yellow, time=2015-06-10 17:54:42.923, clock=0]
     [java] CT writes: Tile [id=null, cell=Cell [x=4, y=3], subject=white, time=2015-06-10 17:54:42.924, clock=0]
     [java] CT writes: Tile [id=null, cell=Cell [x=3, y=0], subject=white, time=2015-06-10 17:54:42.924, clock=0]
     [java] CT writes: Tile [id=null, cell=Cell [x=2, y=1], subject=white, time=2015-06-10 17:54:42.927, clock=0]
     [java] CT writes: Tile [id=null, cell=Cell [x=2, y=1], subject=blue, time=2015-06-10 17:54:42.928, clock=0]
     [java] CT writes: Tile [id=null, cell=Cell [x=2, y=2], subject=white, time=2015-06-10 17:54:42.929, clock=0]
     [java] CT writes: Tile [id=null, cell=Cell [x=2, y=2], subject=blue, time=2015-06-10 17:54:42.932, clock=0]
     [java] CT writes: Tile [id=null, cell=Cell [x=2, y=3], subject=white, time=2015-06-10 17:54:42.932, clock=0]
     [java] CT writes: Tile [id=null, cell=Cell [x=2, y=4], subject=brown, time=2015-06-10 17:54:42.937, clock=0]
     [java] CT writes: Tile [id=null, cell=Cell [x=2, y=3], subject=white, time=2015-06-10 17:54:42.937, clock=0]
     [java] CT writes: Tile [id=null, cell=Cell [x=2, y=5], subject=blue, time=2015-06-10 17:54:42.938, clock=0]
     [java] CT writes: Tile [id=null, cell=Cell [x=3, y=2], subject=yellow, time=2015-06-10 17:54:42.938, clock=0]
     [java] CT writes: Tile [id=null, cell=Cell [x=2, y=4], subject=white, time=2015-06-10 17:54:42.94, clock=0]
     [java] CT writes: Tile [id=null, cell=Cell [x=3, y=3], subject=white, time=2015-06-10 17:54:42.94, clock=0]
     [java] CT writes: Tile [id=null, cell=Cell [x=3, y=0], subject=white, time=2015-06-10 17:54:42.94, clock=0]
     [java] CT writes: Tile [id=null, cell=Cell [x=3, y=1], subject=yellow, time=2015-06-10 17:54:42.951, clock=0]
     [java] CT writes: Tile [id=null, cell=Cell [x=2, y=5], subject=blue, time=2015-06-10 17:54:42.952, clock=0]
     [java] CT writes: Tile [id=null, cell=Cell [x=3, y=1], subject=yellow, time=2015-06-10 17:54:42.952, clock=0]
     [java] CT writes: Tile [id=null, cell=Cell [x=3, y=2], subject=brown, time=2015-06-10 17:54:42.952, clock=0]
     [java] CT writes: Tile [id=null, cell=Cell [x=3, y=2], subject=white, time=2015-06-10 17:54:42.954, clock=0]
     [java] CT writes: Tile [id=null, cell=Cell [x=3, y=4], subject=yellow, time=2015-06-10 17:54:42.954, clock=0]
     [java] CT writes: Tile [id=null, cell=Cell [x=3, y=0], subject=yellow, time=2015-06-10 17:54:42.954, clock=0]
     [java] CT writes: Tile [id=null, cell=Cell [x=3, y=3], subject=yellow, time=2015-06-10 17:54:42.954, clock=0]
     [java] CT writes: Tile [id=null, cell=Cell [x=3, y=1], subject=brown, time=2015-06-10 17:54:42.956, clock=0]
     [java] CT writes: Tile [id=null, cell=Cell [x=3, y=3], subject=white, time=2015-06-10 17:54:42.956, clock=0]
     [java] CT writes: Tile [id=null, cell=Cell [x=3, y=5], subject=white, time=2015-06-10 17:54:42.957, clock=0]
     [java] CT writes: Tile [id=null, cell=Cell [x=3, y=4], subject=brown, time=2015-06-10 17:54:42.957, clock=0]
     [java] CT writes: Tile [id=null, cell=Cell [x=3, y=4], subject=white, time=2015-06-10 17:54:42.958, clock=0]
     [java] CT writes: Tile [id=null, cell=Cell [x=4, y=0], subject=blue, time=2015-06-10 17:54:42.958, clock=0]
     [java] CT writes: Tile [id=null, cell=Cell [x=3, y=5], subject=brown, time=2015-06-10 17:54:42.959, clock=0]
     [java] CT writes: Tile [id=null, cell=Cell [x=3, y=2], subject=brown, time=2015-06-10 17:54:42.962, clock=0]
     [java] CT writes: Tile [id=null, cell=Cell [x=4, y=4], subject=white, time=2015-06-10 17:54:42.963, clock=0]
     [java] CT writes: Tile [id=null, cell=Cell [x=4, y=0], subject=brown, time=2015-06-10 17:54:42.963, clock=0]
     [java] CT writes: Tile [id=null, cell=Cell [x=3, y=5], subject=yellow, time=2015-06-10 17:54:42.963, clock=0]
     [java] CT writes: Tile [id=null, cell=Cell [x=3, y=3], subject=white, time=2015-06-10 17:54:42.963, clock=0]
     [java] CT writes: Tile [id=null, cell=Cell [x=4, y=1], subject=brown, time=2015-06-10 17:54:42.965, clock=0]
     [java] CT writes: Tile [id=null, cell=Cell [x=4, y=0], subject=yellow, time=2015-06-10 17:54:42.966, clock=0]
     [java] CT writes: Tile [id=null, cell=Cell [x=3, y=4], subject=yellow, time=2015-06-10 17:54:42.966, clock=0]
     [java] CT writes: Tile [id=null, cell=Cell [x=4, y=5], subject=yellow, time=2015-06-10 17:54:42.967, clock=0]
     [java] CT writes: Tile [id=null, cell=Cell [x=4, y=1], subject=brown, time=2015-06-10 17:54:42.969, clock=0]
     [java] CT writes: Tile [id=null, cell=Cell [x=3, y=5], subject=yellow, time=2015-06-10 17:54:42.972, clock=0]
     [java] CT writes: Tile [id=null, cell=Cell [x=4, y=2], subject=white, time=2015-06-10 17:54:42.972, clock=0]
     [java] CT writes: Tile [id=null, cell=Cell [x=4, y=2], subject=brown, time=2015-06-10 17:54:42.972, clock=0]
     [java] CT writes: Tile [id=null, cell=Cell [x=5, y=0], subject=brown, time=2015-06-10 17:54:42.973, clock=0]
     [java] CT writes: Tile [id=null, cell=Cell [x=4, y=0], subject=white, time=2015-06-10 17:54:42.975, clock=0]
     [java] CT writes: Tile [id=null, cell=Cell [x=4, y=3], subject=white, time=2015-06-10 17:54:42.976, clock=0]
     [java] CT writes: Tile [id=null, cell=Cell [x=5, y=1], subject=brown, time=2015-06-10 17:54:42.976, clock=0]
     [java] CT writes: Tile [id=null, cell=Cell [x=4, y=3], subject=brown, time=2015-06-10 17:54:42.976, clock=0]
     [java] CT writes: Tile [id=null, cell=Cell [x=4, y=1], subject=yellow, time=2015-06-10 17:54:42.978, clock=0]
     [java] CT writes: Tile [id=null, cell=Cell [x=4, y=4], subject=brown, time=2015-06-10 17:54:42.978, clock=0]
     [java] CT writes: Tile [id=null, cell=Cell [x=4, y=4], subject=blue, time=2015-06-10 17:54:42.978, clock=0]
     [java] CT writes: Tile [id=null, cell=Cell [x=5, y=2], subject=white, time=2015-06-10 17:54:42.978, clock=0]
     [java] CT writes: Tile [id=null, cell=Cell [x=4, y=2], subject=blue, time=2015-06-10 17:54:42.98, clock=0]
     [java] CT writes: Tile [id=null, cell=Cell [x=4, y=5], subject=yellow, time=2015-06-10 17:54:42.981, clock=0]
     [java] CT writes: Tile [id=null, cell=Cell [x=4, y=5], subject=brown, time=2015-06-10 17:54:42.982, clock=0]
     [java] CT writes: Tile [id=null, cell=Cell [x=5, y=3], subject=white, time=2015-06-10 17:54:42.983, clock=0]
     [java] CT writes: Tile [id=null, cell=Cell [x=5, y=0], subject=white, time=2015-06-10 17:54:42.985, clock=0]
     [java] CT writes: Tile [id=null, cell=Cell [x=5, y=0], subject=yellow, time=2015-06-10 17:54:42.986, clock=0]
     [java] CT writes: Tile [id=null, cell=Cell [x=4, y=3], subject=brown, time=2015-06-10 17:54:42.986, clock=0]
     [java] CT writes: Tile [id=null, cell=Cell [x=5, y=4], subject=brown, time=2015-06-10 17:54:42.987, clock=0]
     [java] CT writes: Tile [id=null, cell=Cell [x=5, y=1], subject=yellow, time=2015-06-10 17:54:42.989, clock=0]
     [java] CT writes: Tile [id=null, cell=Cell [x=4, y=4], subject=yellow, time=2015-06-10 17:54:42.989, clock=0]
     [java] CT writes: Tile [id=null, cell=Cell [x=5, y=1], subject=white, time=2015-06-10 17:54:42.989, clock=0]
     [java] CT writes: Tile [id=null, cell=Cell [x=5, y=5], subject=brown, time=2015-06-10 17:54:42.99, clock=0]
     [java] CT writes: Tile [id=null, cell=Cell [x=4, y=5], subject=brown, time=2015-06-10 17:54:42.991, clock=0]
     [java] CT writes: Tile [id=null, cell=Cell [x=5, y=2], subject=blue, time=2015-06-10 17:54:42.991, clock=0]
     [java] CT writes: Tile [id=null, cell=Cell [x=5, y=2], subject=brown, time=2015-06-10 17:54:42.992, clock=0]
     [java] CT writes: Tile [id=null, cell=Cell [x=5, y=3], subject=white, time=2015-06-10 17:54:43.002, clock=0]
     [java] CT writes: Tile [id=null, cell=Cell [x=5, y=3], subject=blue, time=2015-06-10 17:54:43.002, clock=0]
     [java] CT writes: Tile [id=null, cell=Cell [x=5, y=0], subject=blue, time=2015-06-10 17:54:43.002, clock=0]
     [java] CT writes: Tile [id=null, cell=Cell [x=5, y=4], subject=blue, time=2015-06-10 17:54:43.007, clock=0]
     [java] CT writes: Tile [id=null, cell=Cell [x=5, y=4], subject=white, time=2015-06-10 17:54:43.008, clock=0]
     [java] CT writes: Tile [id=null, cell=Cell [x=5, y=1], subject=brown, time=2015-06-10 17:54:43.009, clock=0]
     [java] CT writes: Tile [id=null, cell=Cell [x=5, y=5], subject=white, time=2015-06-10 17:54:43.011, clock=0]
     [java] CT writes: Tile [id=null, cell=Cell [x=5, y=2], subject=brown, time=2015-06-10 17:54:43.012, clock=0]
     [java] CT writes: Tile [id=null, cell=Cell [x=5, y=5], subject=white, time=2015-06-10 17:54:43.012, clock=0]
     [java] CT writes: Tile [id=null, cell=Cell [x=4, y=1], subject=brown, time=2015-06-10 17:54:43.062, clock=0]
     [java] CT writes: Tile [id=null, cell=Cell [x=4, y=2], subject=white, time=2015-06-10 17:54:43.065, clock=0]
     [java] CT writes: Tile [id=null, cell=Cell [x=5, y=3], subject=brown, time=2015-06-10 17:54:43.073, clock=0]
     [java] CT writes: Goal [id=null, cell=Cell [x=4, y=3], agent=null, time=2015-06-10 17:54:43.089, clock=0]
     [java] CT writes: Tile [id=null, cell=Cell [x=4, y=3], subject=white, time=2015-06-10 17:54:43.098, clock=0]
     [java] CT writes: Goal [id=null, cell=Cell [x=4, y=3], agent=null, time=2015-06-10 17:54:43.1, clock=0]
     [java] CT writes: Goal [id=null, cell=Cell [x=4, y=4], agent=null, time=2015-06-10 17:54:43.108, clock=0]
     [java] CT writes: Tile [id=null, cell=Cell [x=5, y=4], subject=white, time=2015-06-10 17:54:43.152, clock=0]
     [java] CT writes: Tile [id=null, cell=Cell [x=4, y=4], subject=brown, time=2015-06-10 17:54:43.153, clock=0]
     [java] CT writes: Tile [id=null, cell=Cell [x=5, y=5], subject=blue, time=2015-06-10 17:54:43.157, clock=0]
     [java] CT writes: Tile [id=null, cell=Cell [x=4, y=5], subject=blue, time=2015-06-10 17:54:43.158, clock=0]
     [java] CT writes position: Position [subject=a10, id=null, cell=Cell [x=0, y=3], time=2015-06-10 17:54:43.168, clock=0]
     [java] CT writes: Position [subject=a10, id=null, cell=Cell [x=0, y=3], time=2015-06-10 17:54:43.168, clock=0]
     [java] CT writes position: Position [subject=a10, id=null, cell=Cell [x=3, y=3], time=2015-06-10 17:54:43.175, clock=0]
     [java] CT writes: Position [subject=a10, id=null, cell=Cell [x=3, y=3], time=2015-06-10 17:54:43.175, clock=0]
     [java] CT writes position: Position [subject=a10, id=null, cell=Cell [x=4, y=3], time=2015-06-10 17:54:43.182, clock=0]
     [java] CT writes: Position [subject=a10, id=null, cell=Cell [x=4, y=3], time=2015-06-10 17:54:43.182, clock=0]
     [java] CT writes: Goal [id=null, cell=Cell [x=4, y=3], agent=null, time=2015-06-10 17:54:43.23, clock=0]
     [java] CT writes position: Position [subject=a10, id=null, cell=Cell [x=4, y=4], time=2015-06-10 17:54:43.241, clock=0]
     [java] CT writes: Position [subject=a10, id=null, cell=Cell [x=4, y=4], time=2015-06-10 17:54:43.241, clock=0]
     [java] CT writes: Tile [id=null, cell=Cell [x=5, y=0], subject=brown, time=2015-06-10 17:54:43.242, clock=0]
     [java] CT writes: Tile [id=null, cell=Cell [x=5, y=1], subject=blue, time=2015-06-10 17:54:43.247, clock=0]
     [java] CT writes: Tile [id=null, cell=Cell [x=5, y=2], subject=blue, time=2015-06-10 17:54:43.249, clock=0]
     [java] CT writes: Tile [id=null, cell=Cell [x=5, y=3], subject=yellow, time=2015-06-10 17:54:43.25, clock=0]
     [java] CT writes: Tile [id=null, cell=Cell [x=5, y=4], subject=brown, time=2015-06-10 17:54:43.258, clock=0]
     [java] CT writes: Tile [id=null, cell=Cell [x=5, y=5], subject=blue, time=2015-06-10 17:54:43.261, clock=0]
     [java] CT writes position: Position [subject=a20, id=null, cell=Cell [x=4, y=2], time=2015-06-10 17:54:43.262, clock=0]
     [java] CT writes: Position [subject=a20, id=null, cell=Cell [x=4, y=2], time=2015-06-10 17:54:43.262, clock=0]
     [java] CT writes: Goal [id=null, cell=Cell [x=2, y=2], agent=null, time=2015-06-10 17:54:43.28, clock=0]
     [java] CT writes position: Position [subject=a20, id=null, cell=Cell [x=0, y=3], time=2015-06-10 17:54:43.346, clock=0]
     [java] CT writes: Position [subject=a20, id=null, cell=Cell [x=0, y=3], time=2015-06-10 17:54:43.346, clock=0]
     [java] CT writes position: Position [subject=a20, id=null, cell=Cell [x=4, y=0], time=2015-06-10 17:54:43.349, clock=0]
     [java] CT writes: Position [subject=a20, id=null, cell=Cell [x=4, y=0], time=2015-06-10 17:54:43.349, clock=0]
     [java] CT writes position: Position [subject=a10, id=null, cell=Cell [x=3, y=2], time=2015-06-10 17:54:43.352, clock=0]
     [java] CT writes: Position [subject=a10, id=null, cell=Cell [x=3, y=2], time=2015-06-10 17:54:43.352, clock=0]
     [java] CT writes position: Position [subject=a30, id=null, cell=Cell [x=3, y=0], time=2015-06-10 17:54:43.357, clock=0]
     [java] CT writes: Position [subject=a30, id=null, cell=Cell [x=3, y=0], time=2015-06-10 17:54:43.357, clock=0]
     [java] CT writes position: Position [subject=a30, id=null, cell=Cell [x=1, y=3], time=2015-06-10 17:54:43.379, clock=0]
     [java] CT writes: Position [subject=a30, id=null, cell=Cell [x=1, y=3], time=2015-06-10 17:54:43.379, clock=0]
     [java] CT writes position: Position [subject=a20, id=null, cell=Cell [x=5, y=1], time=2015-06-10 17:54:43.418, clock=0]
     [java] CT writes: Position [subject=a20, id=null, cell=Cell [x=5, y=1], time=2015-06-10 17:54:43.418, clock=0]
     [java] CT writes position: Position [subject=a20, id=null, cell=Cell [x=1, y=2], time=2015-06-10 17:54:43.443, clock=0]
     [java] CT writes: Position [subject=a20, id=null, cell=Cell [x=1, y=2], time=2015-06-10 17:54:43.443, clock=0]
     [java] CT writes position: Position [subject=a30, id=null, cell=Cell [x=2, y=4], time=2015-06-10 17:54:43.48, clock=0]
     [java] CT writes: Position [subject=a30, id=null, cell=Cell [x=2, y=4], time=2015-06-10 17:54:43.48, clock=0]
     [java] CT writes position: Position [subject=a40, id=null, cell=Cell [x=4, y=1], time=2015-06-10 17:54:43.989, clock=0]
     [java] CT writes: Position [subject=a40, id=null, cell=Cell [x=4, y=1], time=2015-06-10 17:54:43.989, clock=0]
     [java] CT writes position: Position [subject=a40, id=null, cell=Cell [x=3, y=0], time=2015-06-10 17:54:43.992, clock=0]
     [java] CT writes: Position [subject=a40, id=null, cell=Cell [x=3, y=0], time=2015-06-10 17:54:43.992, clock=0]
     [java] CT writes position: Position [subject=a40, id=null, cell=Cell [x=2, y=1], time=2015-06-10 17:54:43.993, clock=0]
     [java] CT writes: Position [subject=a40, id=null, cell=Cell [x=2, y=1], time=2015-06-10 17:54:43.993, clock=0]
     [java] CT writes position: Position [subject=a30, id=null, cell=Cell [x=1, y=0], time=2015-06-10 17:54:44.0, clock=0]
     [java] CT writes: Position [subject=a30, id=null, cell=Cell [x=1, y=0], time=2015-06-10 17:54:44.0, clock=0]
     [java] CT writes position: Position [subject=a30, id=null, cell=Cell [x=5, y=5], time=2015-06-10 17:54:44.003, clock=0]
     [java] CT writes: Position [subject=a30, id=null, cell=Cell [x=5, y=5], time=2015-06-10 17:54:44.003, clock=0]
     [java] CT writes position: Position [subject=a40, id=null, cell=Cell [x=1, y=2], time=2015-06-10 17:54:44.024, clock=0]
     [java] CT writes: Position [subject=a40, id=null, cell=Cell [x=1, y=2], time=2015-06-10 17:54:44.024, clock=0]
     [java] CT writes position: Position [subject=a40, id=null, cell=Cell [x=1, y=4], time=2015-06-10 17:54:44.033, clock=0]
     [java] CT writes: Position [subject=a40, id=null, cell=Cell [x=1, y=4], time=2015-06-10 17:54:44.033, clock=0]
     [java] A New Phase Began: Norm Phase
     [java] CT writes: Group [name=g, ra=a40, type=ra, clock=0, time=2015-06-10 17:54:45.731]
     [java] A New Phase Began: Norm Phase
     [java] CT writes: Group [name=g, ra=a40, type=ra, clock=0, time=2015-06-10 17:54:45.738]
     [java] A New Phase Began: Norm Phase
     [java] CT writes: Group [name=g, ra=a40, type=ra, clock=0, time=2015-06-10 17:54:45.739]
     [java] A New Phase Began: Norm Phase
     [java] CT writes: Group [name=g, ra=a40, type=ra, clock=0, time=2015-06-10 17:54:45.743]
     [java] A New Phase Began: Norm Phase
     [java] CT writes: Group [name=g, ra=a40, type=ra, clock=0, time=2015-06-10 17:54:45.744]
     [java] CT notification: Obligation [subject=a40, obligation=[surround(4, 4)], sanction=[reduce(g, 700)], deadline=20, time=2015-06-10 17:54:47.368, clock=0]
     [java] 40
     [java] 40
     [java] 40
     [java] CT obligation: [You should coordinate other players (with the use of norms) to surround a goal [4,4] from left, right, top and bottom  before the clock: 20. Penalty: 700 points.]
     [java] CT notification: Obligation [subject=a40, obligation=[surround(4, 3)], sanction=[reduce(g, 700)], deadline=20, time=2015-06-10 17:54:47.381, clock=0]
     [java] 40
     [java] 40
     [java] 40
     [java] CT obligation: [You should coordinate other players (with the use of norms) to surround a goal [4,4] from left, right, top and bottom  before the clock: 20. Penalty: 700 points., You should coordinate other players (with the use of norms) to surround a goal [4,3] from left, right, top and bottom  before the clock: 20. Penalty: 700 points.]
     [java] CT notification: Obligation [subject=a40, obligation=[surround(2, 2)], sanction=[reduce(g, 700)], deadline=20, time=2015-06-10 17:54:47.383, clock=0]
     [java] 40
     [java] 40
     [java] 40
     [java] CT obligation: [You should coordinate other players (with the use of norms) to surround a goal [4,4] from left, right, top and bottom  before the clock: 20. Penalty: 700 points., You should coordinate other players (with the use of norms) to surround a goal [4,3] from left, right, top and bottom  before the clock: 20. Penalty: 700 points., You should coordinate other players (with the use of norms) to surround a goal [2,2] from left, right, top and bottom  before the clock: 20. Penalty: 700 points.]
     [java] CT notification: Obligation [subject=a10, obligation=[makeMove(3, 2, a10)], sanction=[reduce(a10, 200)], deadline=15, time=2015-06-10 17:54:47.384, clock=0]
     [java] 10
     [java] CT obligation: [You should make a movement on the board before the clock: 15. Penalty: 200 points.]
     [java] CT notification: Obligation [subject=a40, obligation=[surround(4, 4)], sanction=[reduce(g, 700)], deadline=20, time=2015-06-10 17:54:47.368, clock=0]
     [java] 40
     [java] 40
     [java] 40
     [java] CT obligation: [You should coordinate other players (with the use of norms) to surround a goal [4,4] from left, right, top and bottom  before the clock: 20. Penalty: 700 points., You should coordinate other players (with the use of norms) to surround a goal [4,3] from left, right, top and bottom  before the clock: 20. Penalty: 700 points., You should coordinate other players (with the use of norms) to surround a goal [2,2] from left, right, top and bottom  before the clock: 20. Penalty: 700 points., You should coordinate other players (with the use of norms) to surround a goal [4,4] from left, right, top and bottom  before the clock: 20. Penalty: 700 points.]
     [java] CT notification: Obligation [subject=a40, obligation=[surround(4, 4)], sanction=[reduce(g, 700)], deadline=20, time=2015-06-10 17:54:47.368, clock=0]
     [java] 40
     [java] 40
     [java] 40
     [java] CT obligation: [You should coordinate other players (with the use of norms) to surround a goal [4,4] from left, right, top and bottom  before the clock: 20. Penalty: 700 points., You should coordinate other players (with the use of norms) to surround a goal [4,3] from left, right, top and bottom  before the clock: 20. Penalty: 700 points., You should coordinate other players (with the use of norms) to surround a goal [2,2] from left, right, top and bottom  before the clock: 20. Penalty: 700 points., You should coordinate other players (with the use of norms) to surround a goal [4,4] from left, right, top and bottom  before the clock: 20. Penalty: 700 points., You should coordinate other players (with the use of norms) to surround a goal [4,4] from left, right, top and bottom  before the clock: 20. Penalty: 700 points.]
     [java] CT notification: Obligation [subject=a40, obligation=[surround(4, 4)], sanction=[reduce(g, 700)], deadline=20, time=2015-06-10 17:54:47.368, clock=0]
     [java] 40
     [java] 40
     [java] 40
     [java] CT obligation: [You should coordinate other players (with the use of norms) to surround a goal [4,4] from left, right, top and bottom  before the clock: 20. Penalty: 700 points., You should coordinate other players (with the use of norms) to surround a goal [4,3] from left, right, top and bottom  before the clock: 20. Penalty: 700 points., You should coordinate other players (with the use of norms) to surround a goal [2,2] from left, right, top and bottom  before the clock: 20. Penalty: 700 points., You should coordinate other players (with the use of norms) to surround a goal [4,4] from left, right, top and bottom  before the clock: 20. Penalty: 700 points., You should coordinate other players (with the use of norms) to surround a goal [4,4] from left, right, top and bottom  before the clock: 20. Penalty: 700 points., You should coordinate other players (with the use of norms) to surround a goal [4,4] from left, right, top and bottom  before the clock: 20. Penalty: 700 points.]
     [java] CT notification: Obligation [subject=a40, obligation=[surround(4, 3)], sanction=[reduce(g, 700)], deadline=20, time=2015-06-10 17:54:47.381, clock=0]
     [java] 40
     [java] 40
     [java] 40
     [java] CT obligation: [You should coordinate other players (with the use of norms) to surround a goal [4,4] from left, right, top and bottom  before the clock: 20. Penalty: 700 points., You should coordinate other players (with the use of norms) to surround a goal [4,3] from left, right, top and bottom  before the clock: 20. Penalty: 700 points., You should coordinate other players (with the use of norms) to surround a goal [2,2] from left, right, top and bottom  before the clock: 20. Penalty: 700 points., You should coordinate other players (with the use of norms) to surround a goal [4,4] from left, right, top and bottom  before the clock: 20. Penalty: 700 points., You should coordinate other players (with the use of norms) to surround a goal [4,4] from left, right, top and bottom  before the clock: 20. Penalty: 700 points., You should coordinate other players (with the use of norms) to surround a goal [4,4] from left, right, top and bottom  before the clock: 20. Penalty: 700 points., You should coordinate other players (with the use of norms) to surround a goal [4,3] from left, right, top and bottom  before the clock: 20. Penalty: 700 points.]
     [java] CT notification: Obligation [subject=a40, obligation=[surround(2, 2)], sanction=[reduce(g, 700)], deadline=20, time=2015-06-10 17:54:47.383, clock=0]
     [java] 40
     [java] 40
     [java] 40
     [java] CT obligation: [You should coordinate other players (with the use of norms) to surround a goal [4,4] from left, right, top and bottom  before the clock: 20. Penalty: 700 points., You should coordinate other players (with the use of norms) to surround a goal [4,3] from left, right, top and bottom  before the clock: 20. Penalty: 700 points., You should coordinate other players (with the use of norms) to surround a goal [2,2] from left, right, top and bottom  before the clock: 20. Penalty: 700 points., You should coordinate other players (with the use of norms) to surround a goal [4,4] from left, right, top and bottom  before the clock: 20. Penalty: 700 points., You should coordinate other players (with the use of norms) to surround a goal [4,4] from left, right, top and bottom  before the clock: 20. Penalty: 700 points., You should coordinate other players (with the use of norms) to surround a goal [4,4] from left, right, top and bottom  before the clock: 20. Penalty: 700 points., You should coordinate other players (with the use of norms) to surround a goal [4,3] from left, right, top and bottom  before the clock: 20. Penalty: 700 points., You should coordinate other players (with the use of norms) to surround a goal [2,2] from left, right, top and bottom  before the clock: 20. Penalty: 700 points.]
     [java] CT notification: Obligation [subject=a10, obligation=[makeMove(3, 2, a10)], sanction=[reduce(a10, 200)], deadline=15, time=2015-06-10 17:54:47.384, clock=0]
     [java] 10
     [java] CT obligation: [You should make a movement on the board before the clock: 15. Penalty: 200 points., You should make a movement on the board before the clock: 15. Penalty: 200 points.]
     [java] CT notification: Obligation [subject=a20, obligation=[makeMove(1, 2, a20)], sanction=[reduce(a20, 200)], deadline=15, time=2015-06-10 17:54:47.385, clock=0]
     [java] 20
     [java] 20
     [java] CT obligation: [You should make a movement on the board before the clock: 15. Penalty: 200 points.]
     [java] CT notification: Obligation [subject=a30, obligation=[makeMove(5, 5, a30)], sanction=[reduce(a30, 200)], deadline=15, time=2015-06-10 17:54:47.387, clock=0]
     [java] 30
     [java] 30
     [java] 30
     [java] 30
     [java] CT obligation: [You should make a movement on the board before the clock: 15. Penalty: 200 points.]
     [java] CT notification: Obligation [subject=a40, obligation=[surround(4, 4)], sanction=[reduce(g, 700)], deadline=20, time=2015-06-10 17:54:47.368, clock=0]
     [java] 40
     [java] 40
     [java] CT notification: Obligation [subject=a20, obligation=[makeMove(1, 2, a20)], sanction=[reduce(a20, 200)], deadline=15, time=2015-06-10 17:54:47.385, clock=0]
     [java] 20
     [java] 20
     [java] 40
     [java] CT obligation: [You should coordinate other players (with the use of norms) to surround a goal [4,4] from left, right, top and bottom  before the clock: 20. Penalty: 700 points., You should coordinate other players (with the use of norms) to surround a goal [4,3] from left, right, top and bottom  before the clock: 20. Penalty: 700 points., You should coordinate other players (with the use of norms) to surround a goal [2,2] from left, right, top and bottom  before the clock: 20. Penalty: 700 points., You should coordinate other players (with the use of norms) to surround a goal [4,4] from left, right, top and bottom  before the clock: 20. Penalty: 700 points., You should coordinate other players (with the use of norms) to surround a goal [4,4] from left, right, top and bottom  before the clock: 20. Penalty: 700 points., You should coordinate other players (with the use of norms) to surround a goal [4,4] from left, right, top and bottom  before the clock: 20. Penalty: 700 points., You should coordinate other players (with the use of norms) to surround a goal [4,3] from left, right, top and bottom  before the clock: 20. Penalty: 700 points., You should coordinate other players (with the use of norms) to surround a goal [2,2] from left, right, top and bottom  before the clock: 20. Penalty: 700 points., You should coordinate other players (with the use of norms) to surround a goal [4,4] from left, right, top and bottom  before the clock: 20. Penalty: 700 points.]
     [java] CT notification: Obligation [subject=a40, obligation=[makeMove(1, 4, a40)], sanction=[reduce(a40, 200)], deadline=15, time=2015-06-10 17:54:47.388, clock=0]
     [java] 40
     [java] 40
     [java] 40
     [java] CT obligation: [You should coordinate other players (with the use of norms) to surround a goal [4,4] from left, right, top and bottom  before the clock: 20. Penalty: 700 points., You should coordinate other players (with the use of norms) to surround a goal [4,3] from left, right, top and bottom  before the clock: 20. Penalty: 700 points., You should coordinate other players (with the use of norms) to surround a goal [2,2] from left, right, top and bottom  before the clock: 20. Penalty: 700 points., You should coordinate other players (with the use of norms) to surround a goal [4,4] from left, right, top and bottom  before the clock: 20. Penalty: 700 points., You should coordinate other players (with the use of norms) to surround a goal [4,4] from left, right, top and bottom  before the clock: 20. Penalty: 700 points., You should coordinate other players (with the use of norms) to surround a goal [4,4] from left, right, top and bottom  before the clock: 20. Penalty: 700 points., You should coordinate other players (with the use of norms) to surround a goal [4,3] from left, right, top and bottom  before the clock: 20. Penalty: 700 points., You should coordinate other players (with the use of norms) to surround a goal [2,2] from left, right, top and bottom  before the clock: 20. Penalty: 700 points., You should coordinate other players (with the use of norms) to surround a goal [4,4] from left, right, top and bottom  before the clock: 20. Penalty: 700 points., You should make a movement on the board before the clock: 15. Penalty: 200 points.]
     [java] CT obligation: [You should make a movement on the board before the clock: 15. Penalty: 200 points., You should make a movement on the board before the clock: 15. Penalty: 200 points.]
     [java] CT notification: Obligation [subject=a30, obligation=[makeMove(5, 5, a30)], sanction=[reduce(a30, 200)], deadline=15, time=2015-06-10 17:54:47.387, clock=0]
     [java] 30
     [java] 30
     [java] 30
     [java] 30
     [java] CT obligation: [You should make a movement on the board before the clock: 15. Penalty: 200 points., You should make a movement on the board before the clock: 15. Penalty: 200 points.]
     [java] CT notification: Obligation [subject=a40, obligation=[surround(4, 3)], sanction=[reduce(g, 700)], deadline=20, time=2015-06-10 17:54:47.381, clock=0]
     [java] 40
     [java] 40
     [java] 40
     [java] CT obligation: [You should coordinate other players (with the use of norms) to surround a goal [4,4] from left, right, top and bottom  before the clock: 20. Penalty: 700 points., You should coordinate other players (with the use of norms) to surround a goal [4,3] from left, right, top and bottom  before the clock: 20. Penalty: 700 points., You should coordinate other players (with the use of norms) to surround a goal [2,2] from left, right, top and bottom  before the clock: 20. Penalty: 700 points., You should coordinate other players (with the use of norms) to surround a goal [4,4] from left, right, top and bottom  before the clock: 20. Penalty: 700 points., You should coordinate other players (with the use of norms) to surround a goal [4,4] from left, right, top and bottom  before the clock: 20. Penalty: 700 points., You should coordinate other players (with the use of norms) to surround a goal [4,4] from left, right, top and bottom  before the clock: 20. Penalty: 700 points., You should coordinate other players (with the use of norms) to surround a goal [4,3] from left, right, top and bottom  before the clock: 20. Penalty: 700 points., You should coordinate other players (with the use of norms) to surround a goal [2,2] from left, right, top and bottom  before the clock: 20. Penalty: 700 points., You should coordinate other players (with the use of norms) to surround a goal [4,4] from left, right, top and bottom  before the clock: 20. Penalty: 700 points., You should make a movement on the board before the clock: 15. Penalty: 200 points., You should coordinate other players (with the use of norms) to surround a goal [4,3] from left, right, top and bottom  before the clock: 20. Penalty: 700 points.]
     [java] CT notification: Obligation [subject=a40, obligation=[surround(2, 2)], sanction=[reduce(g, 700)], deadline=20, time=2015-06-10 17:54:47.383, clock=0]
     [java] 40
     [java] 40
     [java] 40
     [java] CT obligation: [You should coordinate other players (with the use of norms) to surround a goal [4,4] from left, right, top and bottom  before the clock: 20. Penalty: 700 points., You should coordinate other players (with the use of norms) to surround a goal [4,3] from left, right, top and bottom  before the clock: 20. Penalty: 700 points., You should coordinate other players (with the use of norms) to surround a goal [2,2] from left, right, top and bottom  before the clock: 20. Penalty: 700 points., You should coordinate other players (with the use of norms) to surround a goal [4,4] from left, right, top and bottom  before the clock: 20. Penalty: 700 points., You should coordinate other players (with the use of norms) to surround a goal [4,4] from left, right, top and bottom  before the clock: 20. Penalty: 700 points., You should coordinate other players (with the use of norms) to surround a goal [4,4] from left, right, top and bottom  before the clock: 20. Penalty: 700 points., You should coordinate other players (with the use of norms) to surround a goal [4,3] from left, right, top and bottom  before the clock: 20. Penalty: 700 points., You should coordinate other players (with the use of norms) to surround a goal [2,2] from left, right, top and bottom  before the clock: 20. Penalty: 700 points., You should coordinate other players (with the use of norms) to surround a goal [4,4] from left, right, top and bottom  before the clock: 20. Penalty: 700 points., You should make a movement on the board before the clock: 15. Penalty: 200 points., You should coordinate other players (with the use of norms) to surround a goal [4,3] from left, right, top and bottom  before the clock: 20. Penalty: 700 points., You should coordinate other players (with the use of norms) to surround a goal [2,2] from left, right, top and bottom  before the clock: 20. Penalty: 700 points.]
     [java] CT notification: Obligation [subject=a10, obligation=[makeMove(3, 2, a10)], sanction=[reduce(a10, 200)], deadline=15, time=2015-06-10 17:54:47.384, clock=0]
     [java] 10
     [java] CT obligation: [You should make a movement on the board before the clock: 15. Penalty: 200 points., You should make a movement on the board before the clock: 15. Penalty: 200 points., You should make a movement on the board before the clock: 15. Penalty: 200 points.]
     [java] CT notification: Obligation [subject=a20, obligation=[makeMove(1, 2, a20)], sanction=[reduce(a20, 200)], deadline=15, time=2015-06-10 17:54:47.385, clock=0]
     [java] 20
     [java] 20
     [java] CT obligation: [You should make a movement on the board before the clock: 15. Penalty: 200 points., You should make a movement on the board before the clock: 15. Penalty: 200 points., You should make a movement on the board before the clock: 15. Penalty: 200 points.]
     [java] CT notification: Prohibition [subject=a10, prohibition=[moveTooFast(a10)], sanction=[reduce(a10, 100)], clock=0, time=2015-06-10 17:54:47.389]
     [java] 10
     [java] CT prohibition: [You shouldn't move more than 1 square per clock tick. Penalty: 100 points.]
     [java] CT notification: Obligation [subject=a40, obligation=[surround(4, 3)], sanction=[reduce(g, 700)], deadline=20, time=2015-06-10 17:54:47.381, clock=0]
     [java] 40
     [java] 40
     [java] 40
     [java] CT obligation: [You should coordinate other players (with the use of norms) to surround a goal [4,4] from left, right, top and bottom  before the clock: 20. Penalty: 700 points., You should coordinate other players (with the use of norms) to surround a goal [4,3] from left, right, top and bottom  before the clock: 20. Penalty: 700 points., You should coordinate other players (with the use of norms) to surround a goal [2,2] from left, right, top and bottom  before the clock: 20. Penalty: 700 points., You should coordinate other players (with the use of norms) to surround a goal [4,4] from left, right, top and bottom  before the clock: 20. Penalty: 700 points., You should coordinate other players (with the use of norms) to surround a goal [4,4] from left, right, top and bottom  before the clock: 20. Penalty: 700 points., You should coordinate other players (with the use of norms) to surround a goal [4,4] from left, right, top and bottom  before the clock: 20. Penalty: 700 points., You should coordinate other players (with the use of norms) to surround a goal [4,3] from left, right, top and bottom  before the clock: 20. Penalty: 700 points., You should coordinate other players (with the use of norms) to surround a goal [2,2] from left, right, top and bottom  before the clock: 20. Penalty: 700 points., You should coordinate other players (with the use of norms) to surround a goal [4,4] from left, right, top and bottom  before the clock: 20. Penalty: 700 points., You should make a movement on the board before the clock: 15. Penalty: 200 points., You should coordinate other players (with the use of norms) to surround a goal [4,3] from left, right, top and bottom  before the clock: 20. Penalty: 700 points., You should coordinate other players (with the use of norms) to surround a goal [2,2] from left, right, top and bottom  before the clock: 20. Penalty: 700 points., You should coordinate other players (with the use of norms) to surround a goal [4,3] from left, right, top and bottom  before the clock: 20. Penalty: 700 points.]
     [java] CT notification: Obligation [subject=a40, obligation=[surround(2, 2)], sanction=[reduce(g, 700)], deadline=20, time=2015-06-10 17:54:47.383, clock=0]
     [java] 40
     [java] 40
     [java] 40
     [java] CT obligation: [You should coordinate other players (with the use of norms) to surround a goal [4,4] from left, right, top and bottom  before the clock: 20. Penalty: 700 points., You should coordinate other players (with the use of norms) to surround a goal [4,3] from left, right, top and bottom  before the clock: 20. Penalty: 700 points., You should coordinate other players (with the use of norms) to surround a goal [2,2] from left, right, top and bottom  before the clock: 20. Penalty: 700 points., You should coordinate other players (with the use of norms) to surround a goal [4,4] from left, right, top and bottom  before the clock: 20. Penalty: 700 points., You should coordinate other players (with the use of norms) to surround a goal [4,4] from left, right, top and bottom  before the clock: 20. Penalty: 700 points., You should coordinate other players (with the use of norms) to surround a goal [4,4] from left, right, top and bottom  before the clock: 20. Penalty: 700 points., You should coordinate other players (with the use of norms) to surround a goal [4,3] from left, right, top and bottom  before the clock: 20. Penalty: 700 points., You should coordinate other players (with the use of norms) to surround a goal [2,2] from left, right, top and bottom  before the clock: 20. Penalty: 700 points., You should coordinate other players (with the use of norms) to surround a goal [4,4] from left, right, top and bottom  before the clock: 20. Penalty: 700 points., You should make a movement on the board before the clock: 15. Penalty: 200 points., You should coordinate other players (with the use of norms) to surround a goal [4,3] from left, right, top and bottom  before the clock: 20. Penalty: 700 points., You should coordinate other players (with the use of norms) to surround a goal [2,2] from left, right, top and bottom  before the clock: 20. Penalty: 700 points., You should coordinate other players (with the use of norms) to surround a goal [4,3] from left, right, top and bottom  before the clock: 20. Penalty: 700 points., You should coordinate other players (with the use of norms) to surround a goal [2,2] from left, right, top and bottom  before the clock: 20. Penalty: 700 points.]
     [java] CT notification: Obligation [subject=a10, obligation=[makeMove(3, 2, a10)], sanction=[reduce(a10, 200)], deadline=15, time=2015-06-10 17:54:47.384, clock=0]
     [java] 10
     [java] CT obligation: [You should make a movement on the board before the clock: 15. Penalty: 200 points., You should make a movement on the board before the clock: 15. Penalty: 200 points., You should make a movement on the board before the clock: 15. Penalty: 200 points., You should make a movement on the board before the clock: 15. Penalty: 200 points.]
     [java] CT notification: Obligation [subject=a20, obligation=[makeMove(1, 2, a20)], sanction=[reduce(a20, 200)], deadline=15, time=2015-06-10 17:54:47.385, clock=0]
     [java] 20
     [java] 20
     [java] CT obligation: [You should make a movement on the board before the clock: 15. Penalty: 200 points., You should make a movement on the board before the clock: 15. Penalty: 200 points., You should make a movement on the board before the clock: 15. Penalty: 200 points., You should make a movement on the board before the clock: 15. Penalty: 200 points.]
     [java] CT notification: Obligation [subject=a30, obligation=[makeMove(5, 5, a30)], sanction=[reduce(a30, 200)], deadline=15, time=2015-06-10 17:54:47.387, clock=0]
     [java] 30
     [java] 30
     [java] 30
     [java] 30
     [java] CT obligation: [You should make a movement on the board before the clock: 15. Penalty: 200 points., You should make a movement on the board before the clock: 15. Penalty: 200 points., You should make a movement on the board before the clock: 15. Penalty: 200 points.]
     [java] CT notification: Prohibition [subject=a10, prohibition=[moveTooFast(a10)], sanction=[reduce(a10, 100)], clock=0, time=2015-06-10 17:54:47.389]
     [java] 10
     [java] CT notification: Obligation [subject=a30, obligation=[makeMove(5, 5, a30)], sanction=[reduce(a30, 200)], deadline=15, time=2015-06-10 17:54:47.387, clock=0]
     [java] 30
     [java] CT notification: Obligation [subject=a40, obligation=[makeMove(1, 4, a40)], sanction=[reduce(a40, 200)], deadline=15, time=2015-06-10 17:54:47.388, clock=0]
     [java] 40
     [java] CT notification: Obligation [subject=a40, obligation=[surround(4, 3)], sanction=[reduce(g, 700)], deadline=20, time=2015-06-10 17:54:47.381, clock=0]
     [java] 40
     [java] CT notification: Prohibition [subject=a10, prohibition=[moveTooFast(a10)], sanction=[reduce(a10, 100)], clock=0, time=2015-06-10 17:54:47.389]
     [java] 10
     [java] CT prohibition: [You shouldn't move more than 1 square per clock tick. Penalty: 100 points., You shouldn't move more than 1 square per clock tick. Penalty: 100 points.]
     [java] 40
     [java] 40
     [java] CT prohibition: [You shouldn't move more than 1 square per clock tick. Penalty: 100 points., You shouldn't move more than 1 square per clock tick. Penalty: 100 points., You shouldn't move more than 1 square per clock tick. Penalty: 100 points.]
     [java] CT obligation: [You should coordinate other players (with the use of norms) to surround a goal [4,4] from left, right, top and bottom  before the clock: 20. Penalty: 700 points., You should coordinate other players (with the use of norms) to surround a goal [4,3] from left, right, top and bottom  before the clock: 20. Penalty: 700 points., You should coordinate other players (with the use of norms) to surround a goal [2,2] from left, right, top and bottom  before the clock: 20. Penalty: 700 points., You should coordinate other players (with the use of norms) to surround a goal [4,4] from left, right, top and bottom  before the clock: 20. Penalty: 700 points., You should coordinate other players (with the use of norms) to surround a goal [4,4] from left, right, top and bottom  before the clock: 20. Penalty: 700 points., You should coordinate other players (with the use of norms) to surround a goal [4,4] from left, right, top and bottom  before the clock: 20. Penalty: 700 points., You should coordinate other players (with the use of norms) to surround a goal [4,3] from left, right, top and bottom  before the clock: 20. Penalty: 700 points., You should coordinate other players (with the use of norms) to surround a goal [2,2] from left, right, top and bottom  before the clock: 20. Penalty: 700 points., You should coordinate other players (with the use of norms) to surround a goal [4,4] from left, right, top and bottom  before the clock: 20. Penalty: 700 points., You should make a movement on the board before the clock: 15. Penalty: 200 points., You should coordinate other players (with the use of norms) to surround a goal [4,3] from left, right, top and bottom  before the clock: 20. Penalty: 700 points., You should coordinate other players (with the use of norms) to surround a goal [2,2] from left, right, top and bottom  before the clock: 20. Penalty: 700 points., You should coordinate other players (with the use of norms) to surround a goal [4,3] from left, right, top and bottom  before the clock: 20. Penalty: 700 points., You should coordinate other players (with the use of norms) to surround a goal [2,2] from left, right, top and bottom  before the clock: 20. Penalty: 700 points., You should make a movement on the board before the clock: 15. Penalty: 200 points.]
     [java] 30
     [java] 40
     [java] 40
     [java] 30
     [java] CT obligation: [You should coordinate other players (with the use of norms) to surround a goal [4,4] from left, right, top and bottom  before the clock: 20. Penalty: 700 points., You should coordinate other players (with the use of norms) to surround a goal [4,3] from left, right, top and bottom  before the clock: 20. Penalty: 700 points., You should coordinate other players (with the use of norms) to surround a goal [2,2] from left, right, top and bottom  before the clock: 20. Penalty: 700 points., You should coordinate other players (with the use of norms) to surround a goal [4,4] from left, right, top and bottom  before the clock: 20. Penalty: 700 points., You should coordinate other players (with the use of norms) to surround a goal [4,4] from left, right, top and bottom  before the clock: 20. Penalty: 700 points., You should coordinate other players (with the use of norms) to surround a goal [4,4] from left, right, top and bottom  before the clock: 20. Penalty: 700 points., You should coordinate other players (with the use of norms) to surround a goal [4,3] from left, right, top and bottom  before the clock: 20. Penalty: 700 points., You should coordinate other players (with the use of norms) to surround a goal [2,2] from left, right, top and bottom  before the clock: 20. Penalty: 700 points., You should coordinate other players (with the use of norms) to surround a goal [4,4] from left, right, top and bottom  before the clock: 20. Penalty: 700 points., You should make a movement on the board before the clock: 15. Penalty: 200 points., You should coordinate other players (with the use of norms) to surround a goal [4,3] from left, right, top and bottom  before the clock: 20. Penalty: 700 points., You should coordinate other players (with the use of norms) to surround a goal [2,2] from left, right, top and bottom  before the clock: 20. Penalty: 700 points., You should coordinate other players (with the use of norms) to surround a goal [4,3] from left, right, top and bottom  before the clock: 20. Penalty: 700 points., You should coordinate other players (with the use of norms) to surround a goal [2,2] from left, right, top and bottom  before the clock: 20. Penalty: 700 points., You should make a movement on the board before the clock: 15. Penalty: 200 points., You should coordinate other players (with the use of norms) to surround a goal [4,3] from left, right, top and bottom  before the clock: 20. Penalty: 700 points.]
     [java] 30
     [java] CT obligation: [You should make a movement on the board before the clock: 15. Penalty: 200 points., You should make a movement on the board before the clock: 15. Penalty: 200 points., You should make a movement on the board before the clock: 15. Penalty: 200 points., You should make a movement on the board before the clock: 15. Penalty: 200 points.]
     [java] CT notification: Prohibition [subject=a10, prohibition=[moveTooFast(a10)], sanction=[reduce(a10, 100)], clock=0, time=2015-06-10 17:54:47.389]
     [java] 10
     [java] CT prohibition: [You shouldn't move more than 1 square per clock tick. Penalty: 100 points., You shouldn't move more than 1 square per clock tick. Penalty: 100 points., You shouldn't move more than 1 square per clock tick. Penalty: 100 points., You shouldn't move more than 1 square per clock tick. Penalty: 100 points.]
     [java] CT notification: Obligation [subject=a40, obligation=[makeMove(1, 4, a40)], sanction=[reduce(a40, 200)], deadline=15, time=2015-06-10 17:54:47.388, clock=0]
     [java] 40
     [java] 40
     [java] 40
     [java] CT obligation: [You should coordinate other players (with the use of norms) to surround a goal [4,4] from left, right, top and bottom  before the clock: 20. Penalty: 700 points., You should coordinate other players (with the use of norms) to surround a goal [4,3] from left, right, top and bottom  before the clock: 20. Penalty: 700 points., You should coordinate other players (with the use of norms) to surround a goal [2,2] from left, right, top and bottom  before the clock: 20. Penalty: 700 points., You should coordinate other players (with the use of norms) to surround a goal [4,4] from left, right, top and bottom  before the clock: 20. Penalty: 700 points., You should coordinate other players (with the use of norms) to surround a goal [4,4] from left, right, top and bottom  before the clock: 20. Penalty: 700 points., You should coordinate other players (with the use of norms) to surround a goal [4,4] from left, right, top and bottom  before the clock: 20. Penalty: 700 points., You should coordinate other players (with the use of norms) to surround a goal [4,3] from left, right, top and bottom  before the clock: 20. Penalty: 700 points., You should coordinate other players (with the use of norms) to surround a goal [2,2] from left, right, top and bottom  before the clock: 20. Penalty: 700 points., You should coordinate other players (with the use of norms) to surround a goal [4,4] from left, right, top and bottom  before the clock: 20. Penalty: 700 points., You should make a movement on the board before the clock: 15. Penalty: 200 points., You should coordinate other players (with the use of norms) to surround a goal [4,3] from left, right, top and bottom  before the clock: 20. Penalty: 700 points., You should coordinate other players (with the use of norms) to surround a goal [2,2] from left, right, top and bottom  before the clock: 20. Penalty: 700 points., You should coordinate other players (with the use of norms) to surround a goal [4,3] from left, right, top and bottom  before the clock: 20. Penalty: 700 points., You should coordinate other players (with the use of norms) to surround a goal [2,2] from left, right, top and bottom  before the clock: 20. Penalty: 700 points., You should make a movement on the board before the clock: 15. Penalty: 200 points., You should coordinate other players (with the use of norms) to surround a goal [4,3] from left, right, top and bottom  before the clock: 20. Penalty: 700 points., You should make a movement on the board before the clock: 15. Penalty: 200 points.]
     [java] CT notification: Prohibition [subject=a20, prohibition=[moveTooFast(a20)], sanction=[reduce(a20, 100)], clock=0, time=2015-06-10 17:54:47.39]
     [java] 20
     [java] 20
     [java] CT prohibition: [You shouldn't move more than 1 square per clock tick. Penalty: 100 points.]
     [java] CT notification: Prohibition [subject=a20, prohibition=[moveTooFast(a20)], sanction=[reduce(a20, 100)], clock=0, time=2015-06-10 17:54:47.39]
     [java] 20
     [java] 20
     [java] CT prohibition: [You shouldn't move more than 1 square per clock tick. Penalty: 100 points., You shouldn't move more than 1 square per clock tick. Penalty: 100 points.]
     [java] CT notification: Prohibition [subject=a10, prohibition=[moveTooFast(a10)], sanction=[reduce(a10, 100)], clock=0, time=2015-06-10 17:54:47.389]
     [java] 10
     [java] CT prohibition: [You shouldn't move more than 1 square per clock tick. Penalty: 100 points., You shouldn't move more than 1 square per clock tick. Penalty: 100 points., You shouldn't move more than 1 square per clock tick. Penalty: 100 points., You shouldn't move more than 1 square per clock tick. Penalty: 100 points., You shouldn't move more than 1 square per clock tick. Penalty: 100 points.]
     [java] CT notification: Prohibition [subject=a20, prohibition=[moveTooFast(a20)], sanction=[reduce(a20, 100)], clock=0, time=2015-06-10 17:54:47.39]
     [java] 20
     [java] 20
     [java] CT prohibition: [You shouldn't move more than 1 square per clock tick. Penalty: 100 points., You shouldn't move more than 1 square per clock tick. Penalty: 100 points., You shouldn't move more than 1 square per clock tick. Penalty: 100 points.]
     [java] CT notification: Prohibition [subject=a20, prohibition=[moveTooFast(a20)], sanction=[reduce(a20, 100)], clock=0, time=2015-06-10 17:54:47.39]
     [java] 20
     [java] 20
     [java] CT prohibition: [You shouldn't move more than 1 square per clock tick. Penalty: 100 points., You shouldn't move more than 1 square per clock tick. Penalty: 100 points., You shouldn't move more than 1 square per clock tick. Penalty: 100 points., You shouldn't move more than 1 square per clock tick. Penalty: 100 points.]
     [java] CT notification: Obligation [subject=a40, obligation=[surround(2, 2)], sanction=[reduce(g, 700)], deadline=20, time=2015-06-10 17:54:47.383, clock=0]
     [java] 40
     [java] 40
     [java] 40
     [java] CT obligation: [You should coordinate other players (with the use of norms) to surround a goal [4,4] from left, right, top and bottom  before the clock: 20. Penalty: 700 points., You should coordinate other players (with the use of norms) to surround a goal [4,3] from left, right, top and bottom  before the clock: 20. Penalty: 700 points., You should coordinate other players (with the use of norms) to surround a goal [2,2] from left, right, top and bottom  before the clock: 20. Penalty: 700 points., You should coordinate other players (with the use of norms) to surround a goal [4,4] from left, right, top and bottom  before the clock: 20. Penalty: 700 points., You should coordinate other players (with the use of norms) to surround a goal [4,4] from left, right, top and bottom  before the clock: 20. Penalty: 700 points., You should coordinate other players (with the use of norms) to surround a goal [4,4] from left, right, top and bottom  before the clock: 20. Penalty: 700 points., You should coordinate other players (with the use of norms) to surround a goal [4,3] from left, right, top and bottom  before the clock: 20. Penalty: 700 points., You should coordinate other players (with the use of norms) to surround a goal [2,2] from left, right, top and bottom  before the clock: 20. Penalty: 700 points., You should coordinate other players (with the use of norms) to surround a goal [4,4] from left, right, top and bottom  before the clock: 20. Penalty: 700 points., You should make a movement on the board before the clock: 15. Penalty: 200 points., You should coordinate other players (with the use of norms) to surround a goal [4,3] from left, right, top and bottom  before the clock: 20. Penalty: 700 points., You should coordinate other players (with the use of norms) to surround a goal [2,2] from left, right, top and bottom  before the clock: 20. Penalty: 700 points., You should coordinate other players (with the use of norms) to surround a goal [4,3] from left, right, top and bottom  before the clock: 20. Penalty: 700 points., You should coordinate other players (with the use of norms) to surround a goal [2,2] from left, right, top and bottom  before the clock: 20. Penalty: 700 points., You should make a movement on the board before the clock: 15. Penalty: 200 points., You should coordinate other players (with the use of norms) to surround a goal [4,3] from left, right, top and bottom  before the clock: 20. Penalty: 700 points., You should make a movement on the board before the clock: 15. Penalty: 200 points., You should coordinate other players (with the use of norms) to surround a goal [2,2] from left, right, top and bottom  before the clock: 20. Penalty: 700 points.]
     [java] CT notification: Obligation [subject=a10, obligation=[makeMove(3, 2, a10)], sanction=[reduce(a10, 200)], deadline=15, time=2015-06-10 17:54:47.384, clock=0]
     [java] 10
     [java] CT obligation: [You should make a movement on the board before the clock: 15. Penalty: 200 points., You should make a movement on the board before the clock: 15. Penalty: 200 points., You should make a movement on the board before the clock: 15. Penalty: 200 points., You should make a movement on the board before the clock: 15. Penalty: 200 points., You should make a movement on the board before the clock: 15. Penalty: 200 points.]
     [java] CT notification: Obligation [subject=a20, obligation=[makeMove(1, 2, a20)], sanction=[reduce(a20, 200)], deadline=15, time=2015-06-10 17:54:47.385, clock=0]
     [java] 20
     [java] 20
     [java] CT obligation: [You should make a movement on the board before the clock: 15. Penalty: 200 points., You should make a movement on the board before the clock: 15. Penalty: 200 points., You should make a movement on the board before the clock: 15. Penalty: 200 points., You should make a movement on the board before the clock: 15. Penalty: 200 points., You should make a movement on the board before the clock: 15. Penalty: 200 points.]
     [java] CT notification: Obligation [subject=a30, obligation=[makeMove(5, 5, a30)], sanction=[reduce(a30, 200)], deadline=15, time=2015-06-10 17:54:47.387, clock=0]
     [java] 30
     [java] 30
     [java] 30
     [java] 30
     [java] CT obligation: [You should make a movement on the board before the clock: 15. Penalty: 200 points., You should make a movement on the board before the clock: 15. Penalty: 200 points., You should make a movement on the board before the clock: 15. Penalty: 200 points., You should make a movement on the board before the clock: 15. Penalty: 200 points., You should make a movement on the board before the clock: 15. Penalty: 200 points.]
     [java] CT notification: Obligation [subject=a40, obligation=[makeMove(1, 4, a40)], sanction=[reduce(a40, 200)], deadline=15, time=2015-06-10 17:54:47.388, clock=0]
     [java] 40
     [java] 40
     [java] 40
     [java] CT obligation: [You should coordinate other players (with the use of norms) to surround a goal [4,4] from left, right, top and bottom  before the clock: 20. Penalty: 700 points., You should coordinate other players (with the use of norms) to surround a goal [4,3] from left, right, top and bottom  before the clock: 20. Penalty: 700 points., You should coordinate other players (with the use of norms) to surround a goal [2,2] from left, right, top and bottom  before the clock: 20. Penalty: 700 points., You should coordinate other players (with the use of norms) to surround a goal [4,4] from left, right, top and bottom  before the clock: 20. Penalty: 700 points., You should coordinate other players (with the use of norms) to surround a goal [4,4] from left, right, top and bottom  before the clock: 20. Penalty: 700 points., You should coordinate other players (with the use of norms) to surround a goal [4,4] from left, right, top and bottom  before the clock: 20. Penalty: 700 points., You should coordinate other players (with the use of norms) to surround a goal [4,3] from left, right, top and bottom  before the clock: 20. Penalty: 700 points., You should coordinate other players (with the use of norms) to surround a goal [2,2] from left, right, top and bottom  before the clock: 20. Penalty: 700 points., You should coordinate other players (with the use of norms) to surround a goal [4,4] from left, right, top and bottom  before the clock: 20. Penalty: 700 points., You should make a movement on the board before the clock: 15. Penalty: 200 points., You should coordinate other players (with the use of norms) to surround a goal [4,3] from left, right, top and bottom  before the clock: 20. Penalty: 700 points., You should coordinate other players (with the use of norms) to surround a goal [2,2] from left, right, top and bottom  before the clock: 20. Penalty: 700 points., You should coordinate other players (with the use of norms) to surround a goal [4,3] from left, right, top and bottom  before the clock: 20. Penalty: 700 points., You should coordinate other players (with the use of norms) to surround a goal [2,2] from left, right, top and bottom  before the clock: 20. Penalty: 700 points., You should make a movement on the board before the clock: 15. Penalty: 200 points., You should coordinate other players (with the use of norms) to surround a goal [4,3] from left, right, top and bottom  before the clock: 20. Penalty: 700 points., You should make a movement on the board before the clock: 15. Penalty: 200 points., You should coordinate other players (with the use of norms) to surround a goal [2,2] from left, right, top and bottom  before the clock: 20. Penalty: 700 points., You should make a movement on the board before the clock: 15. Penalty: 200 points.]
     [java] CT notification: Obligation [subject=a40, obligation=[makeMove(1, 4, a40)], sanction=[reduce(a40, 200)], deadline=15, time=2015-06-10 17:54:47.388, clock=0]
     [java] 40
     [java] 40
     [java] 40
     [java] CT obligation: [You should coordinate other players (with the use of norms) to surround a goal [4,4] from left, right, top and bottom  before the clock: 20. Penalty: 700 points., You should coordinate other players (with the use of norms) to surround a goal [4,3] from left, right, top and bottom  before the clock: 20. Penalty: 700 points., You should coordinate other players (with the use of norms) to surround a goal [2,2] from left, right, top and bottom  before the clock: 20. Penalty: 700 points., You should coordinate other players (with the use of norms) to surround a goal [4,4] from left, right, top and bottom  before the clock: 20. Penalty: 700 points., You should coordinate other players (with the use of norms) to surround a goal [4,4] from left, right, top and bottom  before the clock: 20. Penalty: 700 points., You should coordinate other players (with the use of norms) to surround a goal [4,4] from left, right, top and bottom  before the clock: 20. Penalty: 700 points., You should coordinate other players (with the use of norms) to surround a goal [4,3] from left, right, top and bottom  before the clock: 20. Penalty: 700 points., You should coordinate other players (with the use of norms) to surround a goal [2,2] from left, right, top and bottom  before the clock: 20. Penalty: 700 points., You should coordinate other players (with the use of norms) to surround a goal [4,4] from left, right, top and bottom  before the clock: 20. Penalty: 700 points., You should make a movement on the board before the clock: 15. Penalty: 200 points., You should coordinate other players (with the use of norms) to surround a goal [4,3] from left, right, top and bottom  before the clock: 20. Penalty: 700 points., You should coordinate other players (with the use of norms) to surround a goal [2,2] from left, right, top and bottom  before the clock: 20. Penalty: 700 points., You should coordinate other players (with the use of norms) to surround a goal [4,3] from left, right, top and bottom  before the clock: 20. Penalty: 700 points., You should coordinate other players (with the use of norms) to surround a goal [2,2] from left, right, top and bottom  before the clock: 20. Penalty: 700 points., You should make a movement on the board before the clock: 15. Penalty: 200 points., You should coordinate other players (with the use of norms) to surround a goal [4,3] from left, right, top and bottom  before the clock: 20. Penalty: 700 points., You should make a movement on the board before the clock: 15. Penalty: 200 points., You should coordinate other players (with the use of norms) to surround a goal [2,2] from left, right, top and bottom  before the clock: 20. Penalty: 700 points., You should make a movement on the board before the clock: 15. Penalty: 200 points., You should make a movement on the board before the clock: 15. Penalty: 200 points.]
     [java] CT notification: Prohibition [subject=a20, prohibition=[moveTooFast(a20)], sanction=[reduce(a20, 100)], clock=0, time=2015-06-10 17:54:47.39]
     [java] 20
     [java] 20
     [java] CT prohibition: [You shouldn't move more than 1 square per clock tick. Penalty: 100 points., You shouldn't move more than 1 square per clock tick. Penalty: 100 points., You shouldn't move more than 1 square per clock tick. Penalty: 100 points., You shouldn't move more than 1 square per clock tick. Penalty: 100 points., You shouldn't move more than 1 square per clock tick. Penalty: 100 points.]
     [java] CT notification: Prohibition [subject=a30, prohibition=[moveTooFast(a30)], sanction=[reduce(a30, 100)], clock=0, time=2015-06-10 17:54:47.391]
     [java] 30
     [java] 30
     [java] 30
     [java] 30
     [java] CT prohibition: [You shouldn't move more than 1 square per clock tick. Penalty: 100 points.]
     [java] CT notification: Prohibition [subject=a30, prohibition=[moveTooFast(a30)], sanction=[reduce(a30, 100)], clock=0, time=2015-06-10 17:54:47.391]
     [java] 30
     [java] 30
     [java] 30
     [java] 30
     [java] CT prohibition: [You shouldn't move more than 1 square per clock tick. Penalty: 100 points., You shouldn't move more than 1 square per clock tick. Penalty: 100 points.]
     [java] CT notification: Prohibition [subject=a30, prohibition=[moveTooFast(a30)], sanction=[reduce(a30, 100)], clock=0, time=2015-06-10 17:54:47.391]
     [java] 30
     [java] 30
     [java] 30
     [java] 30
     [java] CT prohibition: [You shouldn't move more than 1 square per clock tick. Penalty: 100 points., You shouldn't move more than 1 square per clock tick. Penalty: 100 points., You shouldn't move more than 1 square per clock tick. Penalty: 100 points.]
     [java] CT notification: Prohibition [subject=a30, prohibition=[moveTooFast(a30)], sanction=[reduce(a30, 100)], clock=0, time=2015-06-10 17:54:47.391]
     [java] 30
     [java] 30
     [java] 30
     [java] 30
     [java] CT prohibition: [You shouldn't move more than 1 square per clock tick. Penalty: 100 points., You shouldn't move more than 1 square per clock tick. Penalty: 100 points., You shouldn't move more than 1 square per clock tick. Penalty: 100 points., You shouldn't move more than 1 square per clock tick. Penalty: 100 points.]
     [java] CT notification: Prohibition [subject=a40, prohibition=[moveTooFast(a40)], sanction=[reduce(a40, 100)], clock=0, time=2015-06-10 17:54:47.393]
     [java] 40
     [java] CT notification: Prohibition [subject=a30, prohibition=[moveTooFast(a30)], sanction=[reduce(a30, 100)], clock=0, time=2015-06-10 17:54:47.391]
     [java] 40
     [java] CT notification: Prohibition [subject=a40, prohibition=[moveTooFast(a40)], sanction=[reduce(a40, 100)], clock=0, time=2015-06-10 17:54:47.393]
     [java] 40
     [java] 30
     [java] CT prohibition: [You shouldn't move more than 1 square per clock tick. Penalty: 100 points.]
     [java] 40
     [java] 40
     [java] 40
     [java] CT prohibition: [You shouldn't move more than 1 square per clock tick. Penalty: 100 points., You shouldn't move more than 1 square per clock tick. Penalty: 100 points.]
     [java] CT notification: Prohibition [subject=a40, prohibition=[moveTooFast(a40)], sanction=[reduce(a40, 100)], clock=0, time=2015-06-10 17:54:47.393]
     [java] 40
     [java] 40
     [java] 40
     [java] CT prohibition: [You shouldn't move more than 1 square per clock tick. Penalty: 100 points., You shouldn't move more than 1 square per clock tick. Penalty: 100 points., You shouldn't move more than 1 square per clock tick. Penalty: 100 points.]
     [java] 30
     [java] 30
     [java] 30
     [java] CT notification: Prohibition [subject=a40, prohibition=[moveTooFast(a40)], sanction=[reduce(a40, 100)], clock=0, time=2015-06-10 17:54:47.393]
     [java] 40
     [java] 40
     [java] 40
     [java] CT prohibition: [You shouldn't move more than 1 square per clock tick. Penalty: 100 points., You shouldn't move more than 1 square per clock tick. Penalty: 100 points., You shouldn't move more than 1 square per clock tick. Penalty: 100 points., You shouldn't move more than 1 square per clock tick. Penalty: 100 points.]
     [java] CT prohibition: [You shouldn't move more than 1 square per clock tick. Penalty: 100 points., You shouldn't move more than 1 square per clock tick. Penalty: 100 points., You shouldn't move more than 1 square per clock tick. Penalty: 100 points., You shouldn't move more than 1 square per clock tick. Penalty: 100 points., You shouldn't move more than 1 square per clock tick. Penalty: 100 points.]
     [java] CT notification: Prohibition [subject=a40, prohibition=[moveTooFast(a40)], sanction=[reduce(a40, 100)], clock=0, time=2015-06-10 17:54:47.393]
     [java] 40
     [java] 40
     [java] 40
     [java] CT prohibition: [You shouldn't move more than 1 square per clock tick. Penalty: 100 points., You shouldn't move more than 1 square per clock tick. Penalty: 100 points., You shouldn't move more than 1 square per clock tick. Penalty: 100 points., You shouldn't move more than 1 square per clock tick. Penalty: 100 points., You shouldn't move more than 1 square per clock tick. Penalty: 100 points.]
     [java] CT notification: Points [subject=a10, time=2015-06-10 17:54:47.397, clock=0, value=900, id=null]
     [java] 10
     [java] CT notification: Points [subject=a10, time=2015-06-10 17:54:47.397, clock=0, value=900, id=null]
     [java] 10
     [java] CT notification: Points [subject=a10, time=2015-06-10 17:54:47.397, clock=0, value=900, id=null]
     [java] 10
     [java] CT notification: Points [subject=a10, time=2015-06-10 17:54:47.397, clock=0, value=900, id=null]
     [java] 10
     [java] CT notification: Points [subject=a20, time=2015-06-10 17:54:47.399, clock=0, value=900, id=null]
     [java] CT notification: Points [subject=a20, time=2015-06-10 17:54:47.399, clock=0, value=900, id=null]
     [java] 20
     [java] 20
     [java] CT notification: Points [subject=a10, time=2015-06-10 17:54:47.397, clock=0, value=900, id=null]
     [java] 10
     [java] 20
     [java] 20
     [java] CT notification: Points [subject=a20, time=2015-06-10 17:54:47.399, clock=0, value=900, id=null]
     [java] 20
     [java] 20
     [java] CT notification: Points [subject=a20, time=2015-06-10 17:54:47.399, clock=0, value=900, id=null]
     [java] 20
     [java] 20
     [java] CT notification: Points [subject=a20, time=2015-06-10 17:54:47.399, clock=0, value=900, id=null]
     [java] 20
     [java] 20
     [java] CT notification: Points [subject=a30, time=2015-06-10 17:54:47.4, clock=0, value=900, id=null]
     [java] 30
     [java] 30
     [java] 30
     [java] 30
     [java] CT notification: Points [subject=a30, time=2015-06-10 17:54:47.4, clock=0, value=900, id=null]
     [java] 30
     [java] 30
     [java] 30
     [java] 30
     [java] CT notification: Points [subject=a30, time=2015-06-10 17:54:47.4, clock=0, value=900, id=null]
     [java] 30
     [java] 30
     [java] 30
     [java] 30
     [java] CT notification: Points [subject=a30, time=2015-06-10 17:54:47.4, clock=0, value=900, id=null]
     [java] CT notification: Points [subject=a30, time=2015-06-10 17:54:47.4, clock=0, value=900, id=null]
     [java] 30
     [java] 30
     [java] 30
     [java] 30
     [java] 30
     [java] 30
     [java] 30
     [java] 30
     [java] CT notification: Points [subject=a40, time=2015-06-10 17:54:47.401, clock=0, value=900, id=null]
     [java] 40
     [java] 40
     [java] 40
     [java] CT notification: Points [subject=a40, time=2015-06-10 17:54:47.401, clock=0, value=900, id=null]
     [java] 40
     [java] 40
     [java] 40
     [java] CT notification: Points [subject=a40, time=2015-06-10 17:54:47.401, clock=0, value=900, id=null]
     [java] CT notification: Points [subject=a40, time=2015-06-10 17:54:47.401, clock=0, value=900, id=null]
     [java] 40
     [java] 40
     [java] 40
     [java] 40
     [java] 40
     [java] 40
     [java] CT notification: Points [subject=a40, time=2015-06-10 17:54:47.401, clock=0, value=900, id=null]
     [java] 40
     [java] 40
     [java] 40
     [java] CT notification: Time [clock=1, time=2015-06-10 17:54:57.368]
     [java] CT notification: Time [clock=1, time=2015-06-10 17:54:57.368]
     [java] CT notification: Time [clock=1, time=2015-06-10 17:54:57.368]
     [java] CT notification: Time [clock=1, time=2015-06-10 17:54:57.368]
     [java] CT notification: Time [clock=1, time=2015-06-10 17:54:57.368]
     [java] CT notification: Time [clock=2, time=2015-06-10 17:54:57.466]
     [java] CT notification: Time [clock=2, time=2015-06-10 17:54:57.466]
     [java] CT notification: Time [clock=2, time=2015-06-10 17:54:57.466]
     [java] CT notification: Time [clock=2, time=2015-06-10 17:54:57.466]
     [java] CT notification: Time [clock=2, time=2015-06-10 17:54:57.466]
     [java] CT notification: Time [clock=3, time=2015-06-10 17:54:59.235]
     [java] CT notification: Time [clock=3, time=2015-06-10 17:54:59.235]
     [java] CT notification: Time [clock=3, time=2015-06-10 17:54:59.235]
     [java] CT notification: Time [clock=3, time=2015-06-10 17:54:59.235]
     [java] CT notification: Time [clock=3, time=2015-06-10 17:54:59.235]
     [java] CT notification: Time [clock=4, time=2015-06-10 17:54:59.243]
     [java] CT notification: Time [clock=4, time=2015-06-10 17:54:59.243]
     [java] CT notification: Time [clock=4, time=2015-06-10 17:54:59.243]
     [java] CT notification: Time [clock=4, time=2015-06-10 17:54:59.243]
     [java] CT notification: Time [clock=4, time=2015-06-10 17:54:59.243]
     [java] CT notification: Time [clock=5, time=2015-06-10 17:54:59.274]
     [java] CT notification: Time [clock=5, time=2015-06-10 17:54:59.274]
     [java] CT notification: Time [clock=5, time=2015-06-10 17:54:59.274]
     [java] CT notification: Time [clock=5, time=2015-06-10 17:54:59.274]
     [java] CT notification: Time [clock=5, time=2015-06-10 17:54:59.274]
     [java] CT notification: Time [clock=6, time=2015-06-10 17:55:07.373]
     [java] CT notification: Time [clock=6, time=2015-06-10 17:55:07.373]
     [java] CT notification: Time [clock=6, time=2015-06-10 17:55:07.373]
     [java] CT notification: Time [clock=6, time=2015-06-10 17:55:07.373]
     [java] CT notification: Time [clock=6, time=2015-06-10 17:55:07.373]
     [java] CT notification: Time [clock=7, time=2015-06-10 17:55:07.468]
     [java] CT notification: Time [clock=7, time=2015-06-10 17:55:07.468]
     [java] CT notification: Time [clock=7, time=2015-06-10 17:55:07.468]
     [java] CT notification: Time [clock=7, time=2015-06-10 17:55:07.468]
     [java] CT notification: Time [clock=7, time=2015-06-10 17:55:07.468]
     [java] CT notification: Time [clock=8, time=2015-06-10 17:55:09.238]
     [java] CT notification: Time [clock=8, time=2015-06-10 17:55:09.238]
     [java] CT notification: Time [clock=8, time=2015-06-10 17:55:09.238]
     [java] CT notification: Time [clock=8, time=2015-06-10 17:55:09.238]
     [java] CT notification: Time [clock=8, time=2015-06-10 17:55:09.238]
     [java] CT notification: Time [clock=9, time=2015-06-10 17:55:09.274]
     [java] CT notification: Time [clock=9, time=2015-06-10 17:55:09.274]
     [java] CT notification: Time [clock=9, time=2015-06-10 17:55:09.274]
     [java] CT notification: Time [clock=9, time=2015-06-10 17:55:09.274]
     [java] CT notification: Time [clock=9, time=2015-06-10 17:55:09.274]
     [java] CT notification: Time [clock=10, time=2015-06-10 17:55:09.31]
     [java] CT notification: Time [clock=10, time=2015-06-10 17:55:09.31]
     [java] CT notification: Time [clock=10, time=2015-06-10 17:55:09.31]
     [java] CT notification: Time [clock=10, time=2015-06-10 17:55:09.31]
     [java] CT notification: Time [clock=10, time=2015-06-10 17:55:09.31]
     [java] INFO  BrokerService                  - ActiveMQ Message Broker (localhost, ID:kafka-54287-1433955265113-1:0) is shutting down
     [java] WARN  ActiveMQConnection             - Async exception with no exception listener: java.io.EOFException
     [java] java.io.EOFException
     [java] 	at java.io.DataInputStream.readInt(DataInputStream.java:375)
     [java] 	at org.apache.activemq.openwire.OpenWireFormat.unmarshal(OpenWireFormat.java:269)
     [java] 	at org.apache.activemq.transport.tcp.TcpTransport.readCommand(TcpTransport.java:156)
     [java] 	at org.apache.activemq.transport.tcp.TcpTransport.run(TcpTransport.java:136)
     [java] 	at java.lang.Thread.run(Thread.java:695)
     [java] WARN  ActiveMQConnection             - Async exception with no exception listener: java.io.EOFException
     [java] java.io.EOFException
     [java] 	at java.io.DataInputStream.readInt(DataInputStream.java:375)
     [java] 	at org.apache.activemq.openwire.OpenWireFormat.unmarshal(OpenWireFormat.java:269)
     [java] 	at org.apache.activemq.transport.tcp.TcpTransport.readCommand(TcpTransport.java:156)
     [java] 	at org.apache.activemq.transport.tcp.TcpTransport.run(TcpTransport.java:136)
     [java] 	at java.lang.Thread.run(Thread.java:695)
     [java] INFO  TransportConnector             - Connector tcp://kafka:8088 Stopped
     [java] INFO  BrokerService                  - ActiveMQ JMS Message Broker (localhost, ID:kafka-54287-1433955265113-1:0) stopped

BUILD SUCCESSFUL
Total time: 53 seconds
