Buildfile: /Users/dxd/git/ct3/WebCT/build.xml

runserver:
     [java] INFO  BrokerService                  - ActiveMQ null JMS Message Broker (localhost) is starting
     [java] INFO  BrokerService                  - For help or more information please see: http://activemq.apache.org/
     [java] INFO  AMQPersistenceAdapter          - AMQStore starting using directory: activemq-data/localhost
     [java] INFO  KahaStore                      - Kaha Store using data directory /Users/dxd/git/ct3/WebCT/activemq-data/localhost/kr-store
     [java] INFO  AMQPersistenceAdapter          - Active data files: []
     [java] INFO  AMQPersistenceAdapter          - Journal Recovery Started from: DataManager:(data-)
     [java] INFO  AMQPersistenceAdapter          - Recovered 0 operations from redo log in 0.123 seconds.
     [java] INFO  BrokerService                  - Using Persistence Adapter: AMQPersistenceAdapter(activemq-data/localhost)
     [java] INFO  TransportServerThreadSupport   - Listening for connections at: tcp://kafka.local:8088
     [java] INFO  TransportConnector             - Connector tcp://kafka.local:8088 Started
     [java] INFO  BrokerService                  - ActiveMQ JMS Message Broker (localhost, ID:kafka.local-51375-1434037135266-1:0) started
     [java] INFO  root                           - Started the JMS Server
     [java] INFO  ManagementContext              - JMX consoles can connect to service:jmx:rmi:///jndi/rmi://localhost:1099/jmxrmi
     [java] INFO  BrokerService                  - About to delete any non-persistent messages that may have overflowed to disk ...
     [java] INFO  KahaStore                      - Kaha Store successfully deleted data directory activemq-data/localhost/tmp_storage
     [java] INFO  BrokerService                  - Successfully deleted temporary storage
     [java] INFO  root                           - Controller Interface has been started
     [java] INFO  root                           - ColoredTrails is now running...
     [java] Adding client state for 20
     [java] Adding client state for 40
     [java] INFO  root                           - Colored Trails Server received a subcription message from client: 20 [10.154.152.106] of type 
     [java] INFO  root                           - Colored Trails Server received a subcription message from client: 40 [10.154.152.106] of type 
     [java] Adding client state for 10
     [java] Adding client state for 30
     [java] INFO  root                           - Colored Trails Server received a subcription message from client: 10 [10.154.152.106] of type 
     [java] INFO  root                           - Colored Trails Server received a subcription message from client: 30 [10.154.152.106] of type 
     [java] Received message to add config class from: admin
     [java] INFO  root                           - Received message from admin: SET_CONFIGURATION
     [java] INFO  root                           - Received message from admin client:ADD_CONFIGURATION
     [java] DEBUG root                           - Administrator: adding configuration file [game8] class name: game8
     [java] INFO  root                           - Received message from admin client:NEW_GAME
     [java] DEBUG root                           - Administrator: newGame configName = [game8] 
     [java] DEBUG root                           - Administrator: newGame adding Player: [10]
     [java] DEBUG root                           - Administrator: newGame adding Player: [20]
     [java] DEBUG root                           - Administrator: newGame adding Player: [30]
     [java] DEBUG root                           - Administrator: newGame adding Player: [40]
     [java] DEBUG root                           - ServerData addNewGame -- config file
     [java] DEBUG root                           - ServerData addNewGame -- Starting ServerGameStatus
     [java] DEBUG root                           - ServerData addNewGame -- Starting a new game with id: 0
     [java] DEBUG root                           - ClientCommands creating new Topic: ct3.game.0
     [java] DEBUG root                           - sending sendClientSubscribeToGameMessage: for game [0] and player [10]
     [java] DEBUG root                           - sending sendClientSubscribeToGameMessage: for game [0] and player [20]
     [java] DEBUG root                           - sending sendClientSubscribeToGameMessage: for game [0] and player [30]
     [java] DEBUG root                           - sending sendClientSubscribeToGameMessage: for game [0] and player [40]
     [java] INFO  root                           - Received message from admin client:LIST_GAMES
     [java] INFO  root                           - Received message from admin client:LIST_CONFIGURATIONS
     [java] received client subscribed successfully message
     [java] received client subscribed successfully message
     [java] received client subscribed successfully message
     [java] received client subscribed successfully message
     [java] All players subscribed to game, trying to start
     [java] INFO  root                           - Sending reply to controller: NEW_GAME_REPLY
     [java] DEBUG root                           - sendGameStart
     [java] DEBUG root                           - sendGameStart to controller
     [java] DEBUG root                           - sending game id = 0
     [java] INFO  root                           - Starting spaces 1
     [java] DEBUG UrlSpaceFactoryBean            - Finding Space with URL [jini:/*/*/myGrid] and properties [{com.j_spaces.core.container.shutdown_hook=false}]
     [java] 2015-06-11 16:39:09,307  INFO [com.gigaspaces.localcache] - LocalCache#1-myGrid was created successfully. Total time: 350 milliseconds
     [java] 2015-06-11 16:39:09,311 CONFIG [com.gigaspaces.logger] - Log file: /Users/dxd/git/ct3/logs/2015-06-11~16.39-gigaspaces-service-10.154.152.106-8167.log
     [java] DEBUG GigaSpaceFactoryBean           - Clustered flag automatically set to [true] since the space is a local cache space for bean [null]
     [java] DEBUG UrlSpaceFactoryBean            - Finding Space with URL [jini://*/*/myGrid] and properties [{com.j_spaces.core.container.shutdown_hook=false}]
     [java] zatim dobry
     [java] Let the game begin...
     [java] game id= 0
     [java] ---- Sending Scoring Change ----
     [java] setPhases in GameStatus
     [java] A New Phase Began: Setup Phase
     [java] CT writes: Tile [id=null, cell=Cell [x=0, y=0], subject=yellow, time=2015-06-11 16:39:09.425, clock=0]
     [java] CT writes: Tile [id=null, cell=Cell [x=0, y=1], subject=brown, time=2015-06-11 16:39:09.46, clock=0]
     [java] CT writes: Tile [id=null, cell=Cell [x=0, y=2], subject=brown, time=2015-06-11 16:39:09.462, clock=0]
     [java] CT writes: Tile [id=null, cell=Cell [x=0, y=3], subject=brown, time=2015-06-11 16:39:09.463, clock=0]
     [java] CT writes: Tile [id=null, cell=Cell [x=0, y=4], subject=brown, time=2015-06-11 16:39:09.465, clock=0]
     [java] CT writes: Tile [id=null, cell=Cell [x=0, y=5], subject=blue, time=2015-06-11 16:39:09.466, clock=0]
     [java] CT writes: Tile [id=null, cell=Cell [x=1, y=0], subject=blue, time=2015-06-11 16:39:09.469, clock=0]
     [java] CT writes: Tile [id=null, cell=Cell [x=1, y=1], subject=white, time=2015-06-11 16:39:09.471, clock=0]
     [java] CT writes: Tile [id=null, cell=Cell [x=1, y=2], subject=blue, time=2015-06-11 16:39:09.473, clock=0]
     [java] CT writes: Tile [id=null, cell=Cell [x=1, y=3], subject=brown, time=2015-06-11 16:39:09.475, clock=0]
     [java] CT writes: Tile [id=null, cell=Cell [x=1, y=4], subject=yellow, time=2015-06-11 16:39:09.479, clock=0]
     [java] CT writes: Tile [id=null, cell=Cell [x=1, y=5], subject=yellow, time=2015-06-11 16:39:09.482, clock=0]
     [java] CT writes: Tile [id=null, cell=Cell [x=2, y=0], subject=blue, time=2015-06-11 16:39:09.485, clock=0]
     [java] CT writes: Tile [id=null, cell=Cell [x=2, y=1], subject=white, time=2015-06-11 16:39:09.487, clock=0]
     [java] CT writes: Tile [id=null, cell=Cell [x=2, y=2], subject=brown, time=2015-06-11 16:39:09.49, clock=0]
     [java] CT writes: Tile [id=null, cell=Cell [x=2, y=3], subject=brown, time=2015-06-11 16:39:09.492, clock=0]
     [java] CT writes: Tile [id=null, cell=Cell [x=2, y=4], subject=blue, time=2015-06-11 16:39:09.495, clock=0]
     [java] CT writes: Tile [id=null, cell=Cell [x=2, y=5], subject=yellow, time=2015-06-11 16:39:09.498, clock=0]
     [java] CT writes: Tile [id=null, cell=Cell [x=3, y=0], subject=white, time=2015-06-11 16:39:09.503, clock=0]
     [java] CT writes: Tile [id=null, cell=Cell [x=3, y=1], subject=white, time=2015-06-11 16:39:09.508, clock=0]
     [java] CT writes: Tile [id=null, cell=Cell [x=3, y=2], subject=white, time=2015-06-11 16:39:09.511, clock=0]
     [java] CT writes: Tile [id=null, cell=Cell [x=3, y=3], subject=white, time=2015-06-11 16:39:09.516, clock=0]
     [java] CT writes: Tile [id=null, cell=Cell [x=3, y=4], subject=brown, time=2015-06-11 16:39:09.519, clock=0]
     [java] CT writes: Tile [id=null, cell=Cell [x=3, y=5], subject=brown, time=2015-06-11 16:39:09.521, clock=0]
     [java] CT writes: Tile [id=null, cell=Cell [x=4, y=0], subject=brown, time=2015-06-11 16:39:09.523, clock=0]
     [java] CT writes: Tile [id=null, cell=Cell [x=4, y=1], subject=brown, time=2015-06-11 16:39:09.525, clock=0]
     [java] CT writes: Tile [id=null, cell=Cell [x=4, y=2], subject=brown, time=2015-06-11 16:39:09.527, clock=0]
     [java] CT writes: Tile [id=null, cell=Cell [x=4, y=3], subject=blue, time=2015-06-11 16:39:09.53, clock=0]
     [java] CT writes: Tile [id=null, cell=Cell [x=4, y=4], subject=blue, time=2015-06-11 16:39:09.532, clock=0]
     [java] CT writes: Tile [id=null, cell=Cell [x=4, y=5], subject=white, time=2015-06-11 16:39:09.535, clock=0]
     [java] CT writes: Tile [id=null, cell=Cell [x=5, y=0], subject=brown, time=2015-06-11 16:39:09.538, clock=0]
     [java] CT writes: Tile [id=null, cell=Cell [x=5, y=1], subject=blue, time=2015-06-11 16:39:09.542, clock=0]
     [java] CT writes: Tile [id=null, cell=Cell [x=5, y=2], subject=brown, time=2015-06-11 16:39:09.544, clock=0]
     [java] CT writes: Tile [id=null, cell=Cell [x=5, y=3], subject=blue, time=2015-06-11 16:39:09.545, clock=0]
     [java] CT writes: Tile [id=null, cell=Cell [x=5, y=4], subject=brown, time=2015-06-11 16:39:09.547, clock=0]
     [java] CT writes: Tile [id=null, cell=Cell [x=5, y=5], subject=white, time=2015-06-11 16:39:09.548, clock=0]
     [java] CT writes: Goal [id=null, cell=Cell [x=4, y=2], agent=null, time=2015-06-11 16:39:09.591, clock=0]
     [java] CT writes position: Position [subject=a10, id=null, cell=Cell [x=5, y=5], time=2015-06-11 16:39:09.66, clock=0]
     [java] CT writes: Position [subject=a10, id=null, cell=Cell [x=5, y=5], time=2015-06-11 16:39:09.66, clock=0]
     [java] CT writes position: Position [subject=a20, id=null, cell=Cell [x=4, y=5], time=2015-06-11 16:39:09.829, clock=0]
     [java] CT writes: Position [subject=a20, id=null, cell=Cell [x=4, y=5], time=2015-06-11 16:39:09.829, clock=0]
     [java] CT writes position: Position [subject=a30, id=null, cell=Cell [x=5, y=1], time=2015-06-11 16:39:09.943, clock=0]
     [java] CT writes: Position [subject=a30, id=null, cell=Cell [x=5, y=1], time=2015-06-11 16:39:09.943, clock=0]
     [java] CT writes position: Position [subject=a40, id=null, cell=Cell [x=0, y=5], time=2015-06-11 16:39:10.011, clock=0]
     [java] CT writes: Position [subject=a40, id=null, cell=Cell [x=0, y=5], time=2015-06-11 16:39:10.011, clock=0]
     [java] A New Phase Began: Norm Phase
     [java] CT writes: Group [name=g, ra=a40, type=raaa, clock=0, time=2015-06-11 16:39:12.419]
     [java] CT notification: Obligation [subject=a40, obligation=[surround(4, 2)], sanction=[reduce(g, 700)], deadline=20, time=2015-06-11 16:39:12.434, clock=0]
     [java] 40
     [java] CT obligation: [You should coordinate other players (with the use of norms) to surround a goal [4,2] from left, right, top and bottom  before the clock: 20. Penalty: 700 points.]
     [java] CT notification: Obligation [subject=a10, obligation=[makeMove(5, 5, a10)], sanction=[reduce(a10, 200)], deadline=15, time=2015-06-11 16:39:12.446, clock=0]
     [java] 10
     [java] 10
     [java] 10
     [java] CT obligation: [You should make a movement on the board before the clock: 15. Penalty: 200 points.]
     [java] CT notification: Obligation [subject=a20, obligation=[makeMove(4, 5, a20)], sanction=[reduce(a20, 200)], deadline=15, time=2015-06-11 16:39:12.448, clock=0]
     [java] 20
     [java] 20
     [java] CT obligation: [You should make a movement on the board before the clock: 15. Penalty: 200 points.]
     [java] CT notification: Prohibition [subject=a40, prohibition=[restrictPlayer(a40)], sanction=[reduce(a40, 300)], clock=0, time=2015-06-11 16:39:12.454]
     [java] 40
     [java] CT prohibition: [You shouldn't create more than one color norm per player. Penalty: 300 points.]
     [java] CT notification: Obligation [subject=a30, obligation=[makeMove(5, 1, a30)], sanction=[reduce(a30, 200)], deadline=15, time=2015-06-11 16:39:12.45, clock=0]
     [java] 30
     [java] 30
     [java] 30
     [java] 30
     [java] CT obligation: [You should make a movement on the board before the clock: 15. Penalty: 200 points.]
     [java] CT notification: Obligation [subject=a40, obligation=[makeMove(0, 5, a40)], sanction=[reduce(a40, 200)], deadline=15, time=2015-06-11 16:39:12.452, clock=0]
     [java] 40
     [java] CT obligation: [You should coordinate other players (with the use of norms) to surround a goal [4,2] from left, right, top and bottom  before the clock: 20. Penalty: 700 points., You should make a movement on the board before the clock: 15. Penalty: 200 points.]
     [java] CT notification: Prohibition [subject=a10, prohibition=[moveTooFast(a10)], sanction=[reduce(a10, 100)], clock=0, time=2015-06-11 16:39:12.467]
     [java] 10
     [java] 10
     [java] 10
     [java] CT prohibition: [You shouldn't move more than 1 square per clock tick. Penalty: 100 points.]
     [java] CT notification: Prohibition [subject=a20, prohibition=[moveTooFast(a20)], sanction=[reduce(a20, 100)], clock=0, time=2015-06-11 16:39:12.471]
     [java] 20
     [java] 20
     [java] CT prohibition: [You shouldn't move more than 1 square per clock tick. Penalty: 100 points.]
     [java] CT notification: Prohibition [subject=a30, prohibition=[moveTooFast(a30)], sanction=[reduce(a30, 100)], clock=0, time=2015-06-11 16:39:12.486]
     [java] 30
     [java] 30
     [java] 30
     [java] 30
     [java] CT prohibition: [You shouldn't move more than 1 square per clock tick. Penalty: 100 points.]
     [java] CT notification: Prohibition [subject=a40, prohibition=[moveTooFast(a40)], sanction=[reduce(a40, 100)], clock=0, time=2015-06-11 16:39:12.492]
     [java] 40
     [java] CT prohibition: [You shouldn't create more than one color norm per player. Penalty: 300 points., You shouldn't move more than 1 square per clock tick. Penalty: 100 points.]
     [java] CT notification: Time [clock=1, time=2015-06-11 16:39:22.434]
     [java] CT notification: Time [clock=2, time=2015-06-11 16:39:32.438]
     [java] CT notification: Time [clock=3, time=2015-06-11 16:39:42.442]
     [java] DEBUG root                           - received a discourse mesage... 20
     [java] Received Discourse Message 
     [java] Class: class edu.harvard.eecs.airg.coloredtrails.shared.discourse.BasicProposalDiscourseMessage
     [java] From: 1
     [java] To: 2
     [java] DEBUG root                           - sendGameDiscourseMessage class edu.harvard.eecs.airg.coloredtrails.shared.discourse.BasicProposalDiscourseMessage
     [java] DEBUG root                           - FROM: 1 TO: 2(PIN: 30)
     [java] CT writes: Proposal [id=6561, agent=a20, agent2=a30, clock=3, time=2015-06-11 16:39:43.173]
     [java] CT notification: Obligation [subject=a30, obligation=[respondToRequest(6561)], sanction=[reduce(a30, 200)], deadline=6, time=2015-06-11 16:39:43.188, clock=3]
     [java] 30
     [java] 30
     [java] 30
     [java] 30
     [java] CT obligation: [You should make a movement on the board before the clock: 15. Penalty: 200 points., You should respond to request before the clock: 6. Penalty: 200 points.]
     [java] DEBUG root                           - received a discourse mesage... 30
     [java] Received Discourse Message 
     [java] Class: class edu.harvard.eecs.airg.coloredtrails.shared.discourse.BasicProposalDiscussionDiscourseMessage
     [java] From: 2
     [java] To: 1
     [java] DEBUG root                           - sendGameDiscourseMessage class edu.harvard.eecs.airg.coloredtrails.shared.discourse.BasicProposalDiscussionDiscourseMessage
     [java] DEBUG root                           - FROM: 2 TO: 1(PIN: 20)
     [java] ---- BasicProposalDiscussionDiscourseMessage ----Discourse Message...
     [java] From PerGameId: 2.
     [java] To PerGameId: 1.
     [java] 
     [java] CT writes: Response [id=6561, response=accepted, clock=3, time=2015-06-11 16:39:44.905]
     [java] We have an accepted offer, chips before: 
     [java] player pin: 40
     [java] player chips: { chips  'blue':2 'white':4 'brown':1 'yellow':4 }
     [java] player pin: 20
     [java] player chips: { chips  'blue':0 'white':1 'brown':4 'yellow':3 }
     [java] player pin: 10
     [java] player chips: { chips  'blue':0 'white':2 'brown':4 'yellow':1 }
     [java] player pin: 30
     [java] player chips: { chips  'blue':3 'white':1 'brown':2 'yellow':0 }
     [java] Initiating Automatic Chip Transfer
     [java] Proposer:  1
     [java] Sending: { chips  'blue':0 'white':0 'brown':0 'yellow':0 }
     [java] Responder: 2
     [java] Sending: { chips  'blue':1 'white':0 'brown':0 'yellow':0 }
     [java] EXECUTING AUTOMATIC CHIP TRANSFER
     [java] chips after: 
     [java] player pin: 40
     [java] player chips: { chips  'blue':2 'white':4 'brown':1 'yellow':4 }
     [java] player pin: 20
     [java] player chips: { chips  'blue':1 'white':1 'brown':4 'yellow':3 }
     [java] player pin: 10
     [java] player chips: { chips  'blue':0 'white':2 'brown':4 'yellow':1 }
     [java] player pin: 30
     [java] player chips: { chips  'blue':2 'white':1 'brown':2 'yellow':0 }
     [java] CT notification: Time [clock=4, time=2015-06-11 16:39:52.444]
     [java] DEBUG root                           - received a discourse mesage... 20
     [java] Received Discourse Message 
     [java] Class: class edu.harvard.eecs.airg.coloredtrails.shared.discourse.BasicProposalDiscourseMessage
     [java] From: 1
     [java] To: 3
     [java] DEBUG root                           - sendGameDiscourseMessage class edu.harvard.eecs.airg.coloredtrails.shared.discourse.BasicProposalDiscourseMessage
     [java] DEBUG root                           - FROM: 1 TO: 3(PIN: 40)
     [java] CT writes: Proposal [id=1729, agent=a20, agent2=a40, clock=4, time=2015-06-11 16:39:56.65]
     [java] CT notification: Obligation [subject=a40, obligation=[respondToRequest(1729)], sanction=[reduce(a40, 200)], deadline=7, time=2015-06-11 16:39:56.653, clock=4]
     [java] 40
     [java] CT obligation: [You should coordinate other players (with the use of norms) to surround a goal [4,2] from left, right, top and bottom  before the clock: 20. Penalty: 700 points., You should make a movement on the board before the clock: 15. Penalty: 200 points., You should respond to request before the clock: 7. Penalty: 200 points.]
     [java] CT notification: Time [clock=5, time=2015-06-11 16:40:02.447]
     [java] DEBUG root                           - received a discourse mesage... 40
     [java] Received Discourse Message 
     [java] Class: class edu.harvard.eecs.airg.coloredtrails.shared.discourse.NormGoalDiscourseMessage
     [java] From: 3
     [java] To: 1
     [java] DEBUG root                           - sendGameDiscourseMessage class edu.harvard.eecs.airg.coloredtrails.shared.discourse.NormGoalDiscourseMessage
     [java] DEBUG root                           - FROM: 3 TO: 1(PIN: 20)
     [java] ---- NormGoalDiscourseMessage ----
     [java] CT writes: SetGoal [id=null, agent=a20, cell=Cell [x=4, y=3], goal=Cell [x=4, y=2], sanction=100, clock=5, time=2015-06-11 16:40:08.202]
     [java] CT notification: Obligation [subject=a20, obligation=[at(4, 3, a20)], sanction=[reduce(a20, 600)], deadline=21, time=2015-06-11 16:40:08.211, clock=5]
     [java] 20
     [java] 20
     [java] CT obligation: [You should make a movement on the board before the clock: 15. Penalty: 200 points., You should be at the grid tile [4,3] before the clock: 21 to achieve a team goal. Penalty: up to 600 points.]
     [java] CT set goal: Goal: id = goal1  type = 1  location = (R:4,C:3)  URL = null
     [java] DEBUG root                           - received a discourse mesage... 20
     [java] Received Discourse Message 
     [java] Class: class edu.harvard.eecs.airg.coloredtrails.shared.discourse.BasicProposalDiscourseMessage
     [java] From: 1
     [java] To: 3
     [java] DEBUG root                           - sendGameDiscourseMessage class edu.harvard.eecs.airg.coloredtrails.shared.discourse.BasicProposalDiscourseMessage
     [java] DEBUG root                           - FROM: 1 TO: 3(PIN: 40)
     [java] CT writes: Proposal [id=5000, agent=a20, agent2=a40, clock=5, time=2015-06-11 16:40:11.821]
     [java] CT notification: Obligation [subject=a40, obligation=[respondToRequest(5000)], sanction=[reduce(a40, 200)], deadline=8, time=2015-06-11 16:40:11.823, clock=5]
     [java] 40
     [java] CT obligation: [You should coordinate other players (with the use of norms) to surround a goal [4,2] from left, right, top and bottom  before the clock: 20. Penalty: 700 points., You should make a movement on the board before the clock: 15. Penalty: 200 points., You should respond to request before the clock: 7. Penalty: 200 points., You should respond to request before the clock: 8. Penalty: 200 points.]
     [java] CT notification: Time [clock=6, time=2015-06-11 16:40:12.451]
     [java] CT notification: Time [clock=7, time=2015-06-11 16:40:22.455]
     [java] CT notification: Time [clock=8, time=2015-06-11 16:40:32.458]
     [java] CT notification: Points [subject=a40, time=2015-06-11 16:40:32.467, clock=8, value=800, id=null]
     [java] 40
     [java] CT notification: Time [clock=9, time=2015-06-11 16:40:42.46]
     [java] CT notification: Points [subject=a40, time=2015-06-11 16:40:42.474, clock=9, value=600, id=null]
     [java] 40
     [java] DEBUG root                           - received a discourse mesage... 40
     [java] Received Discourse Message 
     [java] Class: class edu.harvard.eecs.airg.coloredtrails.shared.discourse.NormGoalDiscourseMessage
     [java] From: 3
     [java] To: 0
     [java] DEBUG root                           - sendGameDiscourseMessage class edu.harvard.eecs.airg.coloredtrails.shared.discourse.NormGoalDiscourseMessage
     [java] DEBUG root                           - FROM: 3 TO: 0(PIN: 10)
     [java] ---- NormGoalDiscourseMessage ----
     [java] CT writes: SetGoal [id=null, agent=a10, cell=Cell [x=5, y=2], goal=Cell [x=4, y=2], sanction=100, clock=9, time=2015-06-11 16:40:49.663]
     [java] CT notification: Obligation [subject=a10, obligation=[at(5, 2, a10)], sanction=[reduce(a10, 600)], deadline=25, time=2015-06-11 16:40:49.667, clock=9]
     [java] 10
     [java] 10
     [java] 10
     [java] CT obligation: [You should make a movement on the board before the clock: 15. Penalty: 200 points., You should be at the grid tile [5,2] before the clock: 25 to achieve a team goal. Penalty: up to 600 points.]
     [java] CT set goal: Goal: id = goal3  type = 0  location = (R:5,C:2)  URL = null
     [java] CT notification: Time [clock=10, time=2015-06-11 16:40:52.462]
     [java] A New Phase Began: Movement Phase
     [java] DEBUG root                           - received a move request...: 20
     [java] CT writes position: Position [subject=a20, id=null, cell=Cell [x=3, y=5], time=2015-06-11 16:40:54.731, clock=10]
     [java] CT writes: Position [subject=a20, id=null, cell=Cell [x=3, y=5], time=2015-06-11 16:40:54.731, clock=10]
     [java] DEBUG root                           - received a move request...: 10
     [java] CT writes position: Position [subject=a10, id=null, cell=Cell [x=5, y=4], time=2015-06-11 16:40:54.827, clock=10]
     [java] CT writes: Position [subject=a10, id=null, cell=Cell [x=5, y=4], time=2015-06-11 16:40:54.827, clock=10]
     [java] DEBUG root                           - received a discourse mesage... 10
     [java] Received Discourse Message 
     [java] Class: class edu.harvard.eecs.airg.coloredtrails.shared.discourse.BasicProposalDiscourseMessage
     [java] From: 0
     [java] To: 2
     [java] DEBUG root                           - sendGameDiscourseMessage class edu.harvard.eecs.airg.coloredtrails.shared.discourse.BasicProposalDiscourseMessage
     [java] DEBUG root                           - FROM: 0 TO: 2(PIN: 30)
     [java] CT writes: Proposal [id=2682, agent=a10, agent2=a30, clock=10, time=2015-06-11 16:40:56.54]
     [java] CT notification: Obligation [subject=a30, obligation=[respondToRequest(2682)], sanction=[reduce(a30, 200)], deadline=13, time=2015-06-11 16:40:56.542, clock=10]
     [java] 30
     [java] 30
     [java] 30
     [java] 30
     [java] CT obligation: [You should make a movement on the board before the clock: 15. Penalty: 200 points., You should respond to request before the clock: 6. Penalty: 200 points., You should respond to request before the clock: 13. Penalty: 200 points.]
     [java] DEBUG root                           - received a discourse mesage... 30
     [java] Received Discourse Message 
     [java] Class: class edu.harvard.eecs.airg.coloredtrails.shared.discourse.BasicProposalDiscussionDiscourseMessage
     [java] From: 2
     [java] To: 0
     [java] DEBUG root                           - sendGameDiscourseMessage class edu.harvard.eecs.airg.coloredtrails.shared.discourse.BasicProposalDiscussionDiscourseMessage
     [java] DEBUG root                           - FROM: 2 TO: 0(PIN: 10)
     [java] ---- BasicProposalDiscussionDiscourseMessage ----Discourse Message...
     [java] From PerGameId: 2.
     [java] To PerGameId: 0.
     [java] 
     [java] CT writes: Response [id=2682, response=accepted, clock=10, time=2015-06-11 16:40:59.519]
     [java] We have an accepted offer, chips before: 
     [java] player pin: 40
     [java] player chips: { chips  'blue':2 'white':4 'brown':1 'yellow':4 }
     [java] player pin: 20
     [java] player chips: { chips  'blue':1 'white':1 'brown':3 'yellow':3 }
     [java] player pin: 10
     [java] player chips: { chips  'blue':0 'white':2 'brown':3 'yellow':1 }
     [java] player pin: 30
     [java] player chips: { chips  'blue':2 'white':1 'brown':2 'yellow':0 }
     [java] Initiating Automatic Chip Transfer
     [java] Proposer:  0
     [java] Sending: { chips  }
     [java] Responder: 2
     [java] Sending: { chips  'blue':1 }
     [java] EXECUTING AUTOMATIC CHIP TRANSFER
     [java] chips after: 
     [java] player pin: 40
     [java] player chips: { chips  'blue':2 'white':4 'brown':1 'yellow':4 }
     [java] player pin: 20
     [java] player chips: { chips  'blue':1 'white':1 'brown':3 'yellow':3 }
     [java] player pin: 10
     [java] player chips: { chips  'blue':1 'white':2 'brown':3 'yellow':1 }
     [java] player pin: 30
     [java] player chips: { chips  'blue':1 'white':1 'brown':2 'yellow':0 }
     [java] DEBUG root                           - received a move request...: 10
     [java] CT writes position: Position [subject=a10, id=null, cell=Cell [x=5, y=3], time=2015-06-11 16:41:00.174, clock=10]
     [java] CT writes: Position [subject=a10, id=null, cell=Cell [x=5, y=3], time=2015-06-11 16:41:00.174, clock=10]
     [java] CT notification: Points [subject=a10, time=2015-06-11 16:41:00.196, clock=10, value=900, id=null]
     [java] 10
     [java] 10
     [java] 10
     [java] DEBUG root                           - received a move request...: 20
     [java] CT writes position: Position [subject=a20, id=null, cell=Cell [x=3, y=4], time=2015-06-11 16:41:00.779, clock=10]
     [java] CT writes: Position [subject=a20, id=null, cell=Cell [x=3, y=4], time=2015-06-11 16:41:00.779, clock=10]
     [java] CT notification: Points [subject=a20, time=2015-06-11 16:41:00.788, clock=10, value=900, id=null]
     [java] 20
     [java] 20
     [java] DEBUG root                           - received a move request...: 10
     [java] CT writes position: Position [subject=a10, id=null, cell=Cell [x=5, y=2], time=2015-06-11 16:41:01.333, clock=10]
     [java] CT writes: Position [subject=a10, id=null, cell=Cell [x=5, y=2], time=2015-06-11 16:41:01.333, clock=10]
     [java] DEBUG root                           - received a discourse mesage... 40
     [java] Received Discourse Message 
     [java] Class: class edu.harvard.eecs.airg.coloredtrails.shared.discourse.NormGoalDiscourseMessage
     [java] From: 3
     [java] To: 2
     [java] DEBUG root                           - sendGameDiscourseMessage class edu.harvard.eecs.airg.coloredtrails.shared.discourse.NormGoalDiscourseMessage
     [java] DEBUG root                           - FROM: 3 TO: 2(PIN: 30)
     [java] ---- NormGoalDiscourseMessage ----
     [java] CT writes: SetGoal [id=null, agent=a30, cell=Cell [x=4, y=1], goal=Cell [x=4, y=2], sanction=100, clock=10, time=2015-06-11 16:41:01.418]
     [java] CT notification: Obligation [subject=a30, obligation=[at(4, 1, a30)], sanction=[reduce(a30, 600)], deadline=26, time=2015-06-11 16:41:01.421, clock=10]
     [java] 30
     [java] 30
     [java] 30
     [java] 30
     [java] CT obligation: [You should make a movement on the board before the clock: 15. Penalty: 200 points., You should respond to request before the clock: 6. Penalty: 200 points., You should respond to request before the clock: 13. Penalty: 200 points., You should be at the grid tile [4,1] before the clock: 26 to achieve a team goal. Penalty: up to 600 points.]
     [java] CT set goal: Goal: id = goal5  type = 2  location = (R:4,C:1)  URL = null
     [java] CT notification: Time [clock=11, time=2015-06-11 16:41:02.465]
     [java] DEBUG root                           - received a move request...: 30
     [java] CT writes position: Position [subject=a30, id=null, cell=Cell [x=4, y=1], time=2015-06-11 16:41:06.893, clock=11]
     [java] CT writes: Position [subject=a30, id=null, cell=Cell [x=4, y=1], time=2015-06-11 16:41:06.893, clock=11]
     [java] CT notification: Time [clock=12, time=2015-06-11 16:41:12.467]
     [java] DEBUG root                           - received a move request...: 20
     [java] CT writes position: Position [subject=a20, id=null, cell=Cell [x=3, y=3], time=2015-06-11 16:41:16.483, clock=12]
     [java] CT writes: Position [subject=a20, id=null, cell=Cell [x=3, y=3], time=2015-06-11 16:41:16.483, clock=12]
     [java] CT notification: Time [clock=13, time=2015-06-11 16:41:22.469]
     [java] DEBUG root                           - received a discourse mesage... 40
     [java] Received Discourse Message 
     [java] Class: class edu.harvard.eecs.airg.coloredtrails.shared.discourse.NormGoalDiscourseMessage
     [java] From: 3
     [java] To: 3
     [java] DEBUG root                           - sendGameDiscourseMessage class edu.harvard.eecs.airg.coloredtrails.shared.discourse.NormGoalDiscourseMessage
     [java] DEBUG root                           - FROM: 3 TO: 3(PIN: 40)
     [java] ---- NormGoalDiscourseMessage ----
     [java] CT writes: SetGoal [id=null, agent=a40, cell=Cell [x=3, y=2], goal=Cell [x=4, y=2], sanction=100, clock=13, time=2015-06-11 16:41:25.049]
     [java] CT notification: Obligation [subject=a40, obligation=[at(3, 2, a40)], sanction=[reduce(a40, 600)], deadline=29, time=2015-06-11 16:41:25.053, clock=13]
     [java] 40
     [java] CT obligation: [You should coordinate other players (with the use of norms) to surround a goal [4,2] from left, right, top and bottom  before the clock: 20. Penalty: 700 points., You should make a movement on the board before the clock: 15. Penalty: 200 points., You should respond to request before the clock: 7. Penalty: 200 points., You should respond to request before the clock: 8. Penalty: 200 points., You should be at the grid tile [3,2] before the clock: 29 to achieve a team goal. Penalty: up to 600 points.]
     [java] CT set goal: Goal: id = goal7  type = 3  location = (R:3,C:2)  URL = null
     [java] DEBUG root                           - received a discourse mesage... 40
     [java] Received Discourse Message 
     [java] Class: class edu.harvard.eecs.airg.coloredtrails.shared.discourse.NormGoalDiscourseMessage
     [java] From: 3
     [java] To: 3
     [java] DEBUG root                           - sendGameDiscourseMessage class edu.harvard.eecs.airg.coloredtrails.shared.discourse.NormGoalDiscourseMessage
     [java] DEBUG root                           - FROM: 3 TO: 3(PIN: 40)
     [java] ---- NormGoalDiscourseMessage ----
     [java] CT writes: SetGoal [id=null, agent=a40, cell=Cell [x=3, y=2], goal=Cell [x=4, y=2], sanction=100, clock=13, time=2015-06-11 16:41:28.504]
     [java] DEBUG root                           - received a discourse mesage... 40
     [java] Received Discourse Message 
     [java] Class: class edu.harvard.eecs.airg.coloredtrails.shared.discourse.NormGoalDiscourseMessage
     [java] From: 3
     [java] To: 3
     [java] DEBUG root                           - sendGameDiscourseMessage class edu.harvard.eecs.airg.coloredtrails.shared.discourse.NormGoalDiscourseMessage
     [java] DEBUG root                           - FROM: 3 TO: 3(PIN: 40)
     [java] ---- NormGoalDiscourseMessage ----
     [java] CT writes: SetGoal [id=null, agent=a40, cell=Cell [x=3, y=2], goal=Cell [x=4, y=2], sanction=100, clock=13, time=2015-06-11 16:41:29.539]
     [java] CT notification: Time [clock=14, time=2015-06-11 16:41:32.471]
     [java] DEBUG root                           - received a move request...: 20
     [java] CT writes position: Position [subject=a20, id=null, cell=Cell [x=4, y=3], time=2015-06-11 16:41:34.532, clock=14]
     [java] CT writes: Position [subject=a20, id=null, cell=Cell [x=4, y=3], time=2015-06-11 16:41:34.532, clock=14]
     [java] DEBUG root                           - received a discourse mesage... 40
     [java] Received Discourse Message 
     [java] Class: class edu.harvard.eecs.airg.coloredtrails.shared.discourse.BasicProposalDiscussionDiscourseMessage
     [java] From: 3
     [java] To: 1
     [java] DEBUG root                           - sendGameDiscourseMessage class edu.harvard.eecs.airg.coloredtrails.shared.discourse.BasicProposalDiscussionDiscourseMessage
     [java] DEBUG root                           - FROM: 3 TO: 1(PIN: 20)
     [java] ---- BasicProposalDiscussionDiscourseMessage ----Discourse Message...
     [java] From PerGameId: 3.
     [java] To PerGameId: 1.
     [java] 
     [java] CT writes: Response [id=1729, response=accepted, clock=14, time=2015-06-11 16:41:39.017]
     [java] We have an accepted offer, chips before: 
     [java] player pin: 40
     [java] player chips: { chips  'blue':2 'white':4 'brown':1 'yellow':4 }
     [java] player pin: 20
     [java] player chips: { chips  'blue':0 'white':0 'brown':2 'yellow':3 }
     [java] player pin: 10
     [java] player chips: { chips  'blue':0 'white':2 'brown':2 'yellow':1 }
     [java] player pin: 30
     [java] player chips: { chips  'blue':1 'white':1 'brown':1 'yellow':0 }
     [java] Initiating Automatic Chip Transfer
     [java] Proposer:  1
     [java] Sending: { chips  'blue':0 'white':0 'brown':0 'yellow':0 }
     [java] Responder: 3
     [java] Sending: { chips  'blue':1 'white':0 'brown':0 'yellow':0 }
     [java] EXECUTING AUTOMATIC CHIP TRANSFER
     [java] chips after: 
     [java] player pin: 40
     [java] player chips: { chips  'blue':1 'white':4 'brown':1 'yellow':4 }
     [java] player pin: 20
     [java] player chips: { chips  'blue':1 'white':0 'brown':2 'yellow':3 }
     [java] player pin: 10
     [java] player chips: { chips  'blue':0 'white':2 'brown':2 'yellow':1 }
     [java] player pin: 30
     [java] player chips: { chips  'blue':1 'white':1 'brown':1 'yellow':0 }
     [java] DEBUG root                           - received a discourse mesage... 40
     [java] Received Discourse Message 
     [java] Class: class edu.harvard.eecs.airg.coloredtrails.shared.discourse.BasicProposalDiscussionDiscourseMessage
     [java] From: 3
     [java] To: 1
     [java] DEBUG root                           - sendGameDiscourseMessage class edu.harvard.eecs.airg.coloredtrails.shared.discourse.BasicProposalDiscussionDiscourseMessage
     [java] DEBUG root                           - FROM: 3 TO: 1(PIN: 20)
     [java] ---- BasicProposalDiscussionDiscourseMessage ----Discourse Message...
     [java] From PerGameId: 3.
     [java] To PerGameId: 1.
     [java] 
     [java] CT writes: Response [id=5000, response=accepted, clock=14, time=2015-06-11 16:41:39.889]
     [java] We have an accepted offer, chips before: 
     [java] player pin: 40
     [java] player chips: { chips  'blue':1 'white':4 'brown':1 'yellow':4 }
     [java] player pin: 20
     [java] player chips: { chips  'blue':1 'white':0 'brown':2 'yellow':3 }
     [java] player pin: 10
     [java] player chips: { chips  'blue':0 'white':2 'brown':2 'yellow':1 }
     [java] player pin: 30
     [java] player chips: { chips  'blue':1 'white':1 'brown':1 'yellow':0 }
     [java] Initiating Automatic Chip Transfer
     [java] Proposer:  1
     [java] Sending: { chips  'blue':0 'white':0 'brown':0 'yellow':0 }
     [java] Responder: 3
     [java] Sending: { chips  'blue':1 'white':1 'brown':0 'yellow':0 }
     [java] EXECUTING AUTOMATIC CHIP TRANSFER
     [java] chips after: 
     [java] player pin: 40
     [java] player chips: { chips  'blue':0 'white':3 'brown':1 'yellow':4 }
     [java] player pin: 20
     [java] player chips: { chips  'blue':2 'white':1 'brown':2 'yellow':3 }
     [java] player pin: 10
     [java] player chips: { chips  'blue':0 'white':2 'brown':2 'yellow':1 }
     [java] player pin: 30
     [java] player chips: { chips  'blue':1 'white':1 'brown':1 'yellow':0 }
     [java] CT notification: Time [clock=15, time=2015-06-11 16:41:42.474]
     [java] DEBUG root                           - received a move request...: 40
     [java] CT writes position: Position [subject=a40, id=null, cell=Cell [x=1, y=5], time=2015-06-11 16:41:50.708, clock=15]
     [java] CT writes: Position [subject=a40, id=null, cell=Cell [x=1, y=5], time=2015-06-11 16:41:50.708, clock=15]
     [java] CT notification: Time [clock=16, time=2015-06-11 16:41:52.478]
     [java] DEBUG root                           - received a move request...: 40
     [java] CT writes position: Position [subject=a40, id=null, cell=Cell [x=2, y=5], time=2015-06-11 16:41:54.781, clock=16]
     [java] CT writes: Position [subject=a40, id=null, cell=Cell [x=2, y=5], time=2015-06-11 16:41:54.781, clock=16]
     [java] DEBUG root                           - received a discourse mesage... 20
     [java] Received Discourse Message 
     [java] Class: class edu.harvard.eecs.airg.coloredtrails.shared.discourse.BasicProposalDiscourseMessage
     [java] From: 1
     [java] To: 3
     [java] DEBUG root                           - sendGameDiscourseMessage class edu.harvard.eecs.airg.coloredtrails.shared.discourse.BasicProposalDiscourseMessage
     [java] DEBUG root                           - FROM: 1 TO: 3(PIN: 40)
     [java] CT writes: Proposal [id=6994, agent=a20, agent2=a40, clock=16, time=2015-06-11 16:41:54.997]
     [java] CT notification: Obligation [subject=a40, obligation=[respondToRequest(6994)], sanction=[reduce(a40, 200)], deadline=19, time=2015-06-11 16:41:55.0, clock=16]
     [java] 40
     [java] CT obligation: [You should coordinate other players (with the use of norms) to surround a goal [4,2] from left, right, top and bottom  before the clock: 20. Penalty: 700 points., You should make a movement on the board before the clock: 15. Penalty: 200 points., You should respond to request before the clock: 7. Penalty: 200 points., You should respond to request before the clock: 8. Penalty: 200 points., You should be at the grid tile [3,2] before the clock: 29 to achieve a team goal. Penalty: up to 600 points., You should respond to request before the clock: 19. Penalty: 200 points.]
     [java] DEBUG root                           - received a discourse mesage... 20
     [java] Received Discourse Message 
     [java] Class: class edu.harvard.eecs.airg.coloredtrails.shared.discourse.BasicProposalDiscourseMessage
     [java] From: 1
     [java] To: 3
     [java] DEBUG root                           - sendGameDiscourseMessage class edu.harvard.eecs.airg.coloredtrails.shared.discourse.BasicProposalDiscourseMessage
     [java] DEBUG root                           - FROM: 1 TO: 3(PIN: 40)
     [java] CT writes: Proposal [id=1547, agent=a20, agent2=a40, clock=16, time=2015-06-11 16:42:01.368]
     [java] CT notification: Obligation [subject=a40, obligation=[respondToRequest(1547)], sanction=[reduce(a40, 200)], deadline=19, time=2015-06-11 16:42:01.371, clock=16]
     [java] 40
     [java] CT obligation: [You should coordinate other players (with the use of norms) to surround a goal [4,2] from left, right, top and bottom  before the clock: 20. Penalty: 700 points., You should make a movement on the board before the clock: 15. Penalty: 200 points., You should respond to request before the clock: 7. Penalty: 200 points., You should respond to request before the clock: 8. Penalty: 200 points., You should be at the grid tile [3,2] before the clock: 29 to achieve a team goal. Penalty: up to 600 points., You should respond to request before the clock: 19. Penalty: 200 points., You should respond to request before the clock: 19. Penalty: 200 points.]
     [java] CT notification: Time [clock=17, time=2015-06-11 16:42:02.481]
     [java] DEBUG root                           - received a discourse mesage... 20
     [java] Received Discourse Message 
     [java] Class: class edu.harvard.eecs.airg.coloredtrails.shared.discourse.BasicProposalDiscourseMessage
     [java] From: 1
     [java] To: 3
     [java] DEBUG root                           - sendGameDiscourseMessage class edu.harvard.eecs.airg.coloredtrails.shared.discourse.BasicProposalDiscourseMessage
     [java] DEBUG root                           - FROM: 1 TO: 3(PIN: 40)
     [java] CT writes: Proposal [id=5071, agent=a20, agent2=a40, clock=17, time=2015-06-11 16:42:04.305]
     [java] CT notification: Obligation [subject=a40, obligation=[respondToRequest(5071)], sanction=[reduce(a40, 200)], deadline=20, time=2015-06-11 16:42:04.309, clock=17]
     [java] 40
     [java] CT obligation: [You should coordinate other players (with the use of norms) to surround a goal [4,2] from left, right, top and bottom  before the clock: 20. Penalty: 700 points., You should make a movement on the board before the clock: 15. Penalty: 200 points., You should respond to request before the clock: 7. Penalty: 200 points., You should respond to request before the clock: 8. Penalty: 200 points., You should be at the grid tile [3,2] before the clock: 29 to achieve a team goal. Penalty: up to 600 points., You should respond to request before the clock: 19. Penalty: 200 points., You should respond to request before the clock: 19. Penalty: 200 points., You should respond to request before the clock: 20. Penalty: 200 points.]
     [java] DEBUG root                           - received a discourse mesage... 20
     [java] Received Discourse Message 
     [java] Class: class edu.harvard.eecs.airg.coloredtrails.shared.discourse.BasicProposalDiscourseMessage
     [java] From: 1
     [java] To: 3
     [java] DEBUG root                           - sendGameDiscourseMessage class edu.harvard.eecs.airg.coloredtrails.shared.discourse.BasicProposalDiscourseMessage
     [java] DEBUG root                           - FROM: 1 TO: 3(PIN: 40)
     [java] CT writes: Proposal [id=6279, agent=a20, agent2=a40, clock=17, time=2015-06-11 16:42:05.86]
     [java] CT notification: Obligation [subject=a40, obligation=[respondToRequest(6279)], sanction=[reduce(a40, 200)], deadline=20, time=2015-06-11 16:42:05.863, clock=17]
     [java] 40
     [java] CT obligation: [You should coordinate other players (with the use of norms) to surround a goal [4,2] from left, right, top and bottom  before the clock: 20. Penalty: 700 points., You should make a movement on the board before the clock: 15. Penalty: 200 points., You should respond to request before the clock: 7. Penalty: 200 points., You should respond to request before the clock: 8. Penalty: 200 points., You should be at the grid tile [3,2] before the clock: 29 to achieve a team goal. Penalty: up to 600 points., You should respond to request before the clock: 19. Penalty: 200 points., You should respond to request before the clock: 19. Penalty: 200 points., You should respond to request before the clock: 20. Penalty: 200 points., You should respond to request before the clock: 20. Penalty: 200 points.]
     [java] DEBUG root                           - received a discourse mesage... 20
     [java] Received Discourse Message 
     [java] Class: class edu.harvard.eecs.airg.coloredtrails.shared.discourse.BasicProposalDiscourseMessage
     [java] From: 1
     [java] To: 3
     [java] DEBUG root                           - sendGameDiscourseMessage class edu.harvard.eecs.airg.coloredtrails.shared.discourse.BasicProposalDiscourseMessage
     [java] DEBUG root                           - FROM: 1 TO: 3(PIN: 40)
     [java] CT writes: Proposal [id=5487, agent=a20, agent2=a40, clock=17, time=2015-06-11 16:42:05.938]
     [java] CT notification: Obligation [subject=a40, obligation=[respondToRequest(5487)], sanction=[reduce(a40, 200)], deadline=20, time=2015-06-11 16:42:05.943, clock=17]
     [java] 40
     [java] CT obligation: [You should coordinate other players (with the use of norms) to surround a goal [4,2] from left, right, top and bottom  before the clock: 20. Penalty: 700 points., You should make a movement on the board before the clock: 15. Penalty: 200 points., You should respond to request before the clock: 7. Penalty: 200 points., You should respond to request before the clock: 8. Penalty: 200 points., You should be at the grid tile [3,2] before the clock: 29 to achieve a team goal. Penalty: up to 600 points., You should respond to request before the clock: 19. Penalty: 200 points., You should respond to request before the clock: 19. Penalty: 200 points., You should respond to request before the clock: 20. Penalty: 200 points., You should respond to request before the clock: 20. Penalty: 200 points., You should respond to request before the clock: 20. Penalty: 200 points.]
     [java] DEBUG root                           - received a discourse mesage... 20
     [java] Received Discourse Message 
     [java] Class: class edu.harvard.eecs.airg.coloredtrails.shared.discourse.BasicProposalDiscourseMessage
     [java] From: 1
     [java] To: 3
     [java] DEBUG root                           - sendGameDiscourseMessage class edu.harvard.eecs.airg.coloredtrails.shared.discourse.BasicProposalDiscourseMessage
     [java] DEBUG root                           - FROM: 1 TO: 3(PIN: 40)
     [java] CT writes: Proposal [id=1010, agent=a20, agent2=a40, clock=17, time=2015-06-11 16:42:06.098]
     [java] CT notification: Obligation [subject=a40, obligation=[respondToRequest(1010)], sanction=[reduce(a40, 200)], deadline=20, time=2015-06-11 16:42:06.102, clock=17]
     [java] 40
     [java] CT obligation: [You should coordinate other players (with the use of norms) to surround a goal [4,2] from left, right, top and bottom  before the clock: 20. Penalty: 700 points., You should make a movement on the board before the clock: 15. Penalty: 200 points., You should respond to request before the clock: 7. Penalty: 200 points., You should respond to request before the clock: 8. Penalty: 200 points., You should be at the grid tile [3,2] before the clock: 29 to achieve a team goal. Penalty: up to 600 points., You should respond to request before the clock: 19. Penalty: 200 points., You should respond to request before the clock: 19. Penalty: 200 points., You should respond to request before the clock: 20. Penalty: 200 points., You should respond to request before the clock: 20. Penalty: 200 points., You should respond to request before the clock: 20. Penalty: 200 points., You should respond to request before the clock: 20. Penalty: 200 points.]
     [java] DEBUG root                           - received a discourse mesage... 40
     [java] Received Discourse Message 
     [java] Class: class edu.harvard.eecs.airg.coloredtrails.shared.discourse.BasicProposalDiscussionDiscourseMessage
     [java] From: 3
     [java] To: 1
     [java] DEBUG root                           - sendGameDiscourseMessage class edu.harvard.eecs.airg.coloredtrails.shared.discourse.BasicProposalDiscussionDiscourseMessage
     [java] DEBUG root                           - FROM: 3 TO: 1(PIN: 20)
     [java] ---- BasicProposalDiscussionDiscourseMessage ----Discourse Message...
     [java] From PerGameId: 3.
     [java] To PerGameId: 1.
     [java] 
     [java] CT writes: Response [id=6994, response=accepted, clock=17, time=2015-06-11 16:42:10.108]
     [java] We have an accepted offer, chips before: 
     [java] player pin: 40
     [java] player chips: { chips  'blue':0 'white':3 'brown':1 'yellow':2 }
     [java] player pin: 20
     [java] player chips: { chips  'blue':2 'white':1 'brown':2 'yellow':3 }
     [java] player pin: 10
     [java] player chips: { chips  'blue':0 'white':2 'brown':2 'yellow':1 }
     [java] player pin: 30
     [java] player chips: { chips  'blue':1 'white':1 'brown':1 'yellow':0 }
     [java] Initiating Automatic Chip Transfer
     [java] Proposer:  1
     [java] Sending: { chips  'blue':1 'white':1 'brown':1 'yellow':1 }
     [java] Responder: 3
     [java] Sending: { chips  'blue':0 'white':0 'brown':0 'yellow':0 }
     [java] EXECUTING AUTOMATIC CHIP TRANSFER
     [java] chips after: 
     [java] player pin: 40
     [java] player chips: { chips  'blue':1 'white':4 'brown':2 'yellow':3 }
     [java] player pin: 20
     [java] player chips: { chips  'blue':1 'white':0 'brown':1 'yellow':2 }
     [java] player pin: 10
     [java] player chips: { chips  'blue':0 'white':2 'brown':2 'yellow':1 }
     [java] player pin: 30
     [java] player chips: { chips  'blue':1 'white':1 'brown':1 'yellow':0 }
     [java] DEBUG root                           - received a discourse mesage... 40
     [java] Received Discourse Message 
     [java] Class: class edu.harvard.eecs.airg.coloredtrails.shared.discourse.BasicProposalDiscussionDiscourseMessage
     [java] From: 3
     [java] To: 1
     [java] DEBUG root                           - sendGameDiscourseMessage class edu.harvard.eecs.airg.coloredtrails.shared.discourse.BasicProposalDiscussionDiscourseMessage
     [java] DEBUG root                           - FROM: 3 TO: 1(PIN: 20)
     [java] ---- BasicProposalDiscussionDiscourseMessage ----Discourse Message...
     [java] From PerGameId: 3.
     [java] To PerGameId: 1.
     [java] 
     [java] CT writes: Response [id=1547, response=accepted, clock=17, time=2015-06-11 16:42:11.392]
     [java] We have an accepted offer, chips before: 
     [java] player pin: 40
     [java] player chips: { chips  'blue':1 'white':4 'brown':2 'yellow':3 }
     [java] player pin: 20
     [java] player chips: { chips  'blue':1 'white':0 'brown':1 'yellow':2 }
     [java] player pin: 10
     [java] player chips: { chips  'blue':0 'white':2 'brown':2 'yellow':1 }
     [java] player pin: 30
     [java] player chips: { chips  'blue':1 'white':1 'brown':1 'yellow':0 }
     [java] Initiating Automatic Chip Transfer
     [java] Proposer:  1
     [java] Sending: { chips  'blue':1 'white':1 'brown':1 'yellow':1 }
     [java] Responder: 3
     [java] Sending: { chips  'blue':0 'white':0 'brown':0 'yellow':0 }
     [java] Not enough chips to transfer
     [java] chips after: 
     [java] player pin: 40
     [java] player chips: { chips  'blue':1 'white':4 'brown':2 'yellow':3 }
     [java] player pin: 20
     [java] player chips: { chips  'blue':1 'white':0 'brown':1 'yellow':2 }
     [java] player pin: 10
     [java] player chips: { chips  'blue':0 'white':2 'brown':2 'yellow':1 }
     [java] player pin: 30
     [java] player chips: { chips  'blue':1 'white':1 'brown':1 'yellow':0 }
     [java] DEBUG root                           - received a discourse mesage... 40
     [java] Received Discourse Message 
     [java] Class: class edu.harvard.eecs.airg.coloredtrails.shared.discourse.BasicProposalDiscussionDiscourseMessage
     [java] From: 3
     [java] To: 1
     [java] DEBUG root                           - sendGameDiscourseMessage class edu.harvard.eecs.airg.coloredtrails.shared.discourse.BasicProposalDiscussionDiscourseMessage
     [java] DEBUG root                           - FROM: 3 TO: 1(PIN: 20)
     [java] ---- BasicProposalDiscussionDiscourseMessage ----Discourse Message...
     [java] From PerGameId: 3.
     [java] To PerGameId: 1.
     [java] 
     [java] CT writes: Response [id=5071, response=accepted, clock=17, time=2015-06-11 16:42:11.867]
     [java] We have an accepted offer, chips before: 
     [java] player pin: 40
     [java] player chips: { chips  'blue':1 'white':4 'brown':2 'yellow':3 }
     [java] player pin: 20
     [java] player chips: { chips  'blue':1 'white':0 'brown':1 'yellow':2 }
     [java] player pin: 10
     [java] player chips: { chips  'blue':0 'white':2 'brown':2 'yellow':1 }
     [java] player pin: 30
     [java] player chips: { chips  'blue':1 'white':1 'brown':1 'yellow':0 }
     [java] Initiating Automatic Chip Transfer
     [java] Proposer:  1
     [java] Sending: { chips  'blue':1 'white':1 'brown':1 'yellow':1 }
     [java] Responder: 3
     [java] Sending: { chips  'blue':0 'white':0 'brown':0 'yellow':0 }
     [java] Not enough chips to transfer
     [java] chips after: 
     [java] player pin: 40
     [java] player chips: { chips  'blue':1 'white':4 'brown':2 'yellow':3 }
     [java] player pin: 20
     [java] player chips: { chips  'blue':1 'white':0 'brown':1 'yellow':2 }
     [java] player pin: 10
     [java] player chips: { chips  'blue':0 'white':2 'brown':2 'yellow':1 }
     [java] player pin: 30
     [java] player chips: { chips  'blue':1 'white':1 'brown':1 'yellow':0 }
     [java] CT notification: Time [clock=18, time=2015-06-11 16:42:12.484]
     [java] DEBUG root                           - received a move request...: 40
     [java] CT writes position: Position [subject=a40, id=null, cell=Cell [x=2, y=4], time=2015-06-11 16:42:14.63, clock=18]
     [java] CT writes: Position [subject=a40, id=null, cell=Cell [x=2, y=4], time=2015-06-11 16:42:14.63, clock=18]
     [java] DEBUG root                           - received a move request...: 40
     [java] CT writes position: Position [subject=a40, id=null, cell=Cell [x=3, y=4], time=2015-06-11 16:42:18.056, clock=18]
     [java] CT writes: Position [subject=a40, id=null, cell=Cell [x=3, y=4], time=2015-06-11 16:42:18.056, clock=18]
     [java] CT notification: Points [subject=a40, time=2015-06-11 16:42:18.069, clock=18, value=500, id=null]
     [java] 40
     [java] DEBUG root                           - received a move request...: 40
     [java] CT writes position: Position [subject=a40, id=null, cell=Cell [x=3, y=3], time=2015-06-11 16:42:20.057, clock=18]
     [java] CT writes: Position [subject=a40, id=null, cell=Cell [x=3, y=3], time=2015-06-11 16:42:20.057, clock=18]
     [java] CT notification: Time [clock=19, time=2015-06-11 16:42:22.487]
     [java] DEBUG root                           - received a move request...: 40
     [java] CT writes position: Position [subject=a40, id=null, cell=Cell [x=3, y=2], time=2015-06-11 16:42:24.151, clock=19]
     [java] CT writes: Position [subject=a40, id=null, cell=Cell [x=3, y=2], time=2015-06-11 16:42:24.151, clock=19]
     [java] DEBUG root                           - received a discourse mesage... 40
     [java] Received Discourse Message 
     [java] Class: class edu.harvard.eecs.airg.coloredtrails.shared.discourse.BasicProposalDiscussionDiscourseMessage
     [java] From: 3
     [java] To: 1
     [java] DEBUG root                           - sendGameDiscourseMessage class edu.harvard.eecs.airg.coloredtrails.shared.discourse.BasicProposalDiscussionDiscourseMessage
     [java] DEBUG root                           - FROM: 3 TO: 1(PIN: 20)
     [java] ---- BasicProposalDiscussionDiscourseMessage ----Discourse Message...
     [java] From PerGameId: 3.
     [java] To PerGameId: 1.
     [java] 
     [java] CT writes: Response [id=6279, response=accepted, clock=19, time=2015-06-11 16:42:29.332]
     [java] We have an accepted offer, chips before: 
     [java] player pin: 40
     [java] player chips: { chips  'blue':0 'white':2 'brown':1 'yellow':3 }
     [java] player pin: 20
     [java] player chips: { chips  'blue':1 'white':0 'brown':1 'yellow':2 }
     [java] player pin: 10
     [java] player chips: { chips  'blue':0 'white':2 'brown':2 'yellow':1 }
     [java] player pin: 30
     [java] player chips: { chips  'blue':1 'white':1 'brown':1 'yellow':0 }
     [java] Initiating Automatic Chip Transfer
     [java] Proposer:  1
     [java] Sending: { chips  'blue':1 'white':1 'brown':1 'yellow':1 }
     [java] Responder: 3
     [java] Sending: { chips  'blue':0 'white':0 'brown':0 'yellow':0 }
     [java] Not enough chips to transfer
     [java] chips after: 
     [java] player pin: 40
     [java] player chips: { chips  'blue':0 'white':2 'brown':1 'yellow':3 }
     [java] player pin: 20
     [java] player chips: { chips  'blue':1 'white':0 'brown':1 'yellow':2 }
     [java] player pin: 10
     [java] player chips: { chips  'blue':0 'white':2 'brown':2 'yellow':1 }
     [java] player pin: 30
     [java] player chips: { chips  'blue':1 'white':1 'brown':1 'yellow':0 }
     [java] DEBUG root                           - received a discourse mesage... 40
     [java] Received Discourse Message 
     [java] Class: class edu.harvard.eecs.airg.coloredtrails.shared.discourse.BasicProposalDiscussionDiscourseMessage
     [java] From: 3
     [java] To: 1
     [java] DEBUG root                           - sendGameDiscourseMessage class edu.harvard.eecs.airg.coloredtrails.shared.discourse.BasicProposalDiscussionDiscourseMessage
     [java] DEBUG root                           - FROM: 3 TO: 1(PIN: 20)
     [java] ---- BasicProposalDiscussionDiscourseMessage ----Discourse Message...
     [java] From PerGameId: 3.
     [java] To PerGameId: 1.
     [java] 
     [java] CT writes: Response [id=5487, response=accepted, clock=19, time=2015-06-11 16:42:30.195]
     [java] We have an accepted offer, chips before: 
     [java] player pin: 40
     [java] player chips: { chips  'blue':0 'white':2 'brown':1 'yellow':3 }
     [java] player pin: 20
     [java] player chips: { chips  'blue':1 'white':0 'brown':1 'yellow':2 }
     [java] player pin: 10
     [java] player chips: { chips  'blue':0 'white':2 'brown':2 'yellow':1 }
     [java] player pin: 30
     [java] player chips: { chips  'blue':1 'white':1 'brown':1 'yellow':0 }
     [java] Initiating Automatic Chip Transfer
     [java] Proposer:  1
     [java] Sending: { chips  'blue':1 'white':1 'brown':1 'yellow':1 }
     [java] Responder: 3
     [java] Sending: { chips  'blue':0 'white':0 'brown':0 'yellow':0 }
     [java] Not enough chips to transfer
     [java] chips after: 
     [java] player pin: 40
     [java] player chips: { chips  'blue':0 'white':2 'brown':1 'yellow':3 }
     [java] player pin: 20
     [java] player chips: { chips  'blue':1 'white':0 'brown':1 'yellow':2 }
     [java] player pin: 10
     [java] player chips: { chips  'blue':0 'white':2 'brown':2 'yellow':1 }
     [java] player pin: 30
     [java] player chips: { chips  'blue':1 'white':1 'brown':1 'yellow':0 }
     [java] DEBUG root                           - received a discourse mesage... 40
     [java] Received Discourse Message 
     [java] Class: class edu.harvard.eecs.airg.coloredtrails.shared.discourse.BasicProposalDiscussionDiscourseMessage
     [java] From: 3
     [java] To: 1
     [java] DEBUG root                           - sendGameDiscourseMessage class edu.harvard.eecs.airg.coloredtrails.shared.discourse.BasicProposalDiscussionDiscourseMessage
     [java] DEBUG root                           - FROM: 3 TO: 1(PIN: 20)
     [java] ---- BasicProposalDiscussionDiscourseMessage ----Discourse Message...
     [java] From PerGameId: 3.
     [java] To PerGameId: 1.
     [java] 
     [java] CT writes: Response [id=1010, response=accepted, clock=19, time=2015-06-11 16:42:30.729]
     [java] We have an accepted offer, chips before: 
     [java] player pin: 40
     [java] player chips: { chips  'blue':0 'white':2 'brown':1 'yellow':3 }
     [java] player pin: 20
     [java] player chips: { chips  'blue':1 'white':0 'brown':1 'yellow':2 }
     [java] player pin: 10
     [java] player chips: { chips  'blue':0 'white':2 'brown':2 'yellow':1 }
     [java] player pin: 30
     [java] player chips: { chips  'blue':1 'white':1 'brown':1 'yellow':0 }
     [java] Initiating Automatic Chip Transfer
     [java] Proposer:  1
     [java] Sending: { chips  'blue':1 'white':1 'brown':1 'yellow':1 }
     [java] Responder: 3
     [java] Sending: { chips  'blue':0 'white':0 'brown':0 'yellow':0 }
     [java] Not enough chips to transfer
     [java] chips after: 
     [java] player pin: 40
     [java] player chips: { chips  'blue':0 'white':2 'brown':1 'yellow':3 }
     [java] player pin: 20
     [java] player chips: { chips  'blue':1 'white':0 'brown':1 'yellow':2 }
     [java] player pin: 10
     [java] player chips: { chips  'blue':0 'white':2 'brown':2 'yellow':1 }
     [java] player pin: 30
     [java] player chips: { chips  'blue':1 'white':1 'brown':1 'yellow':0 }
     [java] CT notification: Time [clock=20, time=2015-06-11 16:42:32.49]
     [java] CT notification: Time [clock=21, time=2015-06-11 16:42:42.493]
     [java] CT notification: Time [clock=22, time=2015-06-11 16:42:52.497]
     [java] A New Phase Began: Feedback Phase
     [java] CT notification: Time [clock=23, time=2015-06-11 16:43:02.5]
     [java] DEBUG root                           - Game ended id = 0
     [java] CT notification: Time [clock=24, time=2015-06-11 16:43:12.503]
     [java] CT notification: Time [clock=25, time=2015-06-11 16:43:22.506]
     [java] CT notification: Time [clock=26, time=2015-06-11 16:43:32.508]
     [java] INFO  BrokerService                  - ActiveMQ Message Broker (localhost, ID:kafka.local-51375-1434037135266-1:0) is shutting down
     [java] WARN  ActiveMQConnection             - Async exception with no exception listener: java.io.EOFException
     [java] java.io.EOFException
     [java] 	at java.io.DataInputStream.readInt(DataInputStream.java:375)
     [java] 	at org.apache.activemq.openwire.OpenWireFormat.unmarshal(OpenWireFormat.java:269)
     [java] 	at org.apache.activemq.transport.tcp.TcpTransport.readCommand(TcpTransport.java:156)
     [java] 	at org.apache.activemq.transport.tcp.TcpTransport.run(TcpTransport.java:136)
     [java] 	at java.lang.Thread.run(Thread.java:695)
     [java] WARN  ActiveMQConnection             - Async exception with no exception listener: java.io.EOFException
     [java] java.io.EOFException
     [java] 	at java.io.DataInputStream.readInt(DataInputStream.java:375)
     [java] 	at org.apache.activemq.openwire.OpenWireFormat.unmarshal(OpenWireFormat.java:269)
     [java] 	at org.apache.activemq.transport.tcp.TcpTransport.readCommand(TcpTransport.java:156)
     [java] 	at org.apache.activemq.transport.tcp.TcpTransport.run(TcpTransport.java:136)
     [java] 	at java.lang.Thread.run(Thread.java:695)
     [java] INFO  TransportConnector             - Connector tcp://kafka.local:8088 Stopped
     [java] INFO  BrokerService                  - ActiveMQ JMS Message Broker (localhost, ID:kafka.local-51375-1434037135266-1:0) stopped

BUILD SUCCESSFUL
Total time: 4 minutes 46 seconds
