Buildfile: /Users/dxd/git/ct3/WebCT/build.xml

runserver:
     [java] INFO  BrokerService                  - ActiveMQ null JMS Message Broker (localhost) is starting
     [java] INFO  BrokerService                  - For help or more information please see: http://activemq.apache.org/
     [java] INFO  AMQPersistenceAdapter          - AMQStore starting using directory: activemq-data/localhost
     [java] INFO  KahaStore                      - Kaha Store using data directory /Users/dxd/git/ct3/WebCT/activemq-data/localhost/kr-store
     [java] INFO  AMQPersistenceAdapter          - Active data files: []
     [java] INFO  AMQPersistenceAdapter          - Journal Recovery Started from: DataManager:(data-)
     [java] INFO  AMQPersistenceAdapter          - Recovered 0 operations from redo log in 0.35 seconds.
     [java] INFO  BrokerService                  - Using Persistence Adapter: AMQPersistenceAdapter(activemq-data/localhost)
     [java] INFO  TransportServerThreadSupport   - Listening for connections at: tcp://kafka.local:8088
     [java] INFO  TransportConnector             - Connector tcp://kafka.local:8088 Started
     [java] INFO  BrokerService                  - ActiveMQ JMS Message Broker (localhost, ID:kafka.local-49698-1433519039351-1:0) started
     [java] INFO  root                           - Started the JMS Server
     [java] INFO  ManagementContext              - JMX consoles can connect to service:jmx:rmi:///jndi/rmi://localhost:1099/jmxrmi
     [java] INFO  BrokerService                  - About to delete any non-persistent messages that may have overflowed to disk ...
     [java] INFO  KahaStore                      - Kaha Store successfully deleted data directory activemq-data/localhost/tmp_storage
     [java] INFO  BrokerService                  - Successfully deleted temporary storage
     [java] INFO  root                           - Controller Interface has been started
     [java] INFO  root                           - ColoredTrails is now running...
     [java] INFO  root                           - Colored Trails Server received a subcription message from client: 10 [10.154.152.106] of type 
     [java] INFO  root                           - Colored Trails Server received a subcription message from client: 30 [10.154.152.106] of type 
     [java] Adding client state for 10
     [java] Adding client state for 30
     [java] INFO  root                           - Colored Trails Server received a subcription message from client: 40 [10.154.152.106] of type 
     [java] Adding client state for 40
     [java] Adding client state for 20
     [java] INFO  root                           - Colored Trails Server received a subcription message from client: 20 [10.154.152.106] of type 
     [java] Received message to add config class from: admin
     [java] INFO  root                           - Received message from admin: SET_CONFIGURATION
     [java] INFO  root                           - Received message from admin client:ADD_CONFIGURATION
     [java] DEBUG root                           - Administrator: adding configuration file [WebCTInputFileConfig] class name: WebCTInputFileConfig
     [java] INFO  root                           - Received message from admin client:NEW_GAME
     [java] DEBUG root                           - Administrator: newGame configName = [WebCTInputFileConfig] 
     [java] DEBUG root                           - Administrator: newGame adding Player: [10]
     [java] DEBUG root                           - Administrator: newGame adding Player: [20]
     [java] DEBUG root                           - Administrator: newGame adding Player: [30]
     [java] DEBUG root                           - Administrator: newGame adding Player: [40]
     [java] DEBUG root                           - ServerData addNewGame -- config file
     [java] DEBUG root                           - ServerData addNewGame -- Starting ServerGameStatus
     [java] DEBUG root                           - ServerData addNewGame -- Starting a new game with id: 0
     [java] DEBUG root                           - ClientCommands creating new Topic: ct3.game.0
     [java] DEBUG root                           - sending sendClientSubscribeToGameMessage: for game [0] and player [10]
     [java] DEBUG root                           - sending sendClientSubscribeToGameMessage: for game [0] and player [20]
     [java] DEBUG root                           - sending sendClientSubscribeToGameMessage: for game [0] and player [30]
     [java] DEBUG root                           - sending sendClientSubscribeToGameMessage: for game [0] and player [40]
     [java] INFO  root                           - Received message from admin client:LIST_GAMES
     [java] INFO  root                           - Received message from admin client:LIST_CONFIGURATIONS
     [java] received client subscribed successfully message
     [java] received client subscribed successfully message
     [java] received client subscribed successfully message
     [java] received client subscribed successfully message
     [java] All players subscribed to game, trying to start
     [java] INFO  root                           - Sending reply to controller: NEW_GAME_REPLY
     [java] DEBUG root                           - sendGameStart
     [java] DEBUG root                           - sendGameStart to controller
     [java] DEBUG root                           - sending game id = 0
     [java] INFO  root                           - Starting spaces 1
     [java] DEBUG UrlSpaceFactoryBean            - Finding Space with URL [jini:/*/*/myGrid] and properties [{com.j_spaces.core.container.shutdown_hook=false}]
     [java] 2015-06-05 16:45:20,835  INFO [com.gigaspaces.localcache] - LocalCache#1-myGrid was created successfully. Total time: 1.05 seconds
     [java] 2015-06-05 16:45:20,842 CONFIG [com.gigaspaces.logger] - Log file: /Users/dxd/git/ct3/logs/2015-06-05~16.45-gigaspaces-service-10.154.152.106-72644.log
     [java] DEBUG GigaSpaceFactoryBean           - Clustered flag automatically set to [true] since the space is a local cache space for bean [null]
     [java] DEBUG UrlSpaceFactoryBean            - Finding Space with URL [jini://*/*/myGrid] and properties [{com.j_spaces.core.container.shutdown_hook=false}]
     [java] zatim dobry
     [java] Let the game begin...
     [java] game id= 0
     [java] ---- Sending Scoring Change ----
     [java] setPhases in GameStatus
     [java] A New Phase Began: Setup Phase
     [java] CT writes: Tile [id=null, cell=Cell [x=0, y=0], subject=white, time=2015-06-05 16:45:21.111, clock=0]
     [java] CT writes: Tile [id=null, cell=Cell [x=0, y=1], subject=blue, time=2015-06-05 16:45:21.238, clock=0]
     [java] CT writes: Tile [id=null, cell=Cell [x=0, y=2], subject=white, time=2015-06-05 16:45:21.24, clock=0]
     [java] CT writes: Tile [id=null, cell=Cell [x=0, y=3], subject=white, time=2015-06-05 16:45:21.244, clock=0]
     [java] CT writes: Tile [id=null, cell=Cell [x=0, y=4], subject=brown, time=2015-06-05 16:45:21.246, clock=0]
     [java] CT writes: Tile [id=null, cell=Cell [x=0, y=5], subject=blue, time=2015-06-05 16:45:21.248, clock=0]
     [java] CT writes: Tile [id=null, cell=Cell [x=1, y=0], subject=yellow, time=2015-06-05 16:45:21.25, clock=0]
     [java] CT writes: Tile [id=null, cell=Cell [x=1, y=1], subject=brown, time=2015-06-05 16:45:21.253, clock=0]
     [java] CT writes: Tile [id=null, cell=Cell [x=1, y=2], subject=white, time=2015-06-05 16:45:21.255, clock=0]
     [java] CT writes: Tile [id=null, cell=Cell [x=1, y=3], subject=yellow, time=2015-06-05 16:45:21.257, clock=0]
     [java] CT writes: Tile [id=null, cell=Cell [x=1, y=4], subject=yellow, time=2015-06-05 16:45:21.26, clock=0]
     [java] CT writes: Tile [id=null, cell=Cell [x=1, y=5], subject=yellow, time=2015-06-05 16:45:21.263, clock=0]
     [java] CT writes: Tile [id=null, cell=Cell [x=2, y=0], subject=yellow, time=2015-06-05 16:45:21.269, clock=0]
     [java] CT writes: Tile [id=null, cell=Cell [x=2, y=1], subject=yellow, time=2015-06-05 16:45:21.271, clock=0]
     [java] CT writes: Tile [id=null, cell=Cell [x=2, y=2], subject=yellow, time=2015-06-05 16:45:21.273, clock=0]
     [java] CT writes: Tile [id=null, cell=Cell [x=2, y=3], subject=blue, time=2015-06-05 16:45:21.275, clock=0]
     [java] CT writes: Tile [id=null, cell=Cell [x=2, y=4], subject=blue, time=2015-06-05 16:45:21.278, clock=0]
     [java] CT writes: Tile [id=null, cell=Cell [x=2, y=5], subject=brown, time=2015-06-05 16:45:21.28, clock=0]
     [java] CT writes: Tile [id=null, cell=Cell [x=3, y=0], subject=brown, time=2015-06-05 16:45:21.282, clock=0]
     [java] CT writes: Tile [id=null, cell=Cell [x=3, y=1], subject=brown, time=2015-06-05 16:45:21.284, clock=0]
     [java] CT writes: Tile [id=null, cell=Cell [x=3, y=2], subject=brown, time=2015-06-05 16:45:21.286, clock=0]
     [java] CT writes: Tile [id=null, cell=Cell [x=3, y=3], subject=white, time=2015-06-05 16:45:21.289, clock=0]
     [java] CT writes: Tile [id=null, cell=Cell [x=3, y=4], subject=white, time=2015-06-05 16:45:21.291, clock=0]
     [java] CT writes: Tile [id=null, cell=Cell [x=3, y=5], subject=white, time=2015-06-05 16:45:21.293, clock=0]
     [java] CT writes: Tile [id=null, cell=Cell [x=4, y=0], subject=white, time=2015-06-05 16:45:21.296, clock=0]
     [java] CT writes: Tile [id=null, cell=Cell [x=4, y=1], subject=white, time=2015-06-05 16:45:21.299, clock=0]
     [java] CT writes: Tile [id=null, cell=Cell [x=4, y=2], subject=brown, time=2015-06-05 16:45:21.301, clock=0]
     [java] CT writes: Tile [id=null, cell=Cell [x=4, y=3], subject=yellow, time=2015-06-05 16:45:21.304, clock=0]
     [java] CT writes: Tile [id=null, cell=Cell [x=4, y=4], subject=white, time=2015-06-05 16:45:21.307, clock=0]
     [java] CT writes: Tile [id=null, cell=Cell [x=4, y=5], subject=blue, time=2015-06-05 16:45:21.309, clock=0]
     [java] CT writes: Tile [id=null, cell=Cell [x=5, y=0], subject=blue, time=2015-06-05 16:45:21.311, clock=0]
     [java] CT writes: Tile [id=null, cell=Cell [x=5, y=1], subject=yellow, time=2015-06-05 16:45:21.313, clock=0]
     [java] CT writes: Tile [id=null, cell=Cell [x=5, y=2], subject=white, time=2015-06-05 16:45:21.315, clock=0]
     [java] CT writes: Tile [id=null, cell=Cell [x=5, y=3], subject=white, time=2015-06-05 16:45:21.317, clock=0]
     [java] CT writes: Tile [id=null, cell=Cell [x=5, y=4], subject=yellow, time=2015-06-05 16:45:21.32, clock=0]
     [java] CT writes: Tile [id=null, cell=Cell [x=5, y=5], subject=white, time=2015-06-05 16:45:21.322, clock=0]
     [java] CT writes goal: Goal [id=null, cell=Cell [x=3, y=2], agent=null, time=2015-06-05 16:45:21.419, clock=0]
     [java] CT writes: Goal [id=null, cell=Cell [x=3, y=2], agent=null, time=2015-06-05 16:45:21.419, clock=0]
     [java] A New Phase Began: Norm Phase
     [java] CT writes Group: Group [name=g, ra=a30, type=raaa, clock=0, time=2015-06-05 16:45:31.097]
     [java] CT writes: Group [name=g, ra=a30, type=raaa, clock=0, time=2015-06-05 16:45:31.097]
     [java] CT notification: Prohibition [subject=a10, prohibition=[moveTooFast(a10)], sanction=[reduce(a10, 300)], clock=0, time=2015-06-05 16:45:31.115]
     [java] 10
     [java] 10
     [java] CT prohibition: [Prohibition to move more than 1 square per clock tick or 300 points will be deducted.]
     [java] CT notification: Prohibition [subject=a20, prohibition=[moveTooFast(a20)], sanction=[reduce(a20, 300)], clock=0, time=2015-06-05 16:45:31.203]
     [java] 20
     [java] CT prohibition: [Prohibition to move more than 1 square per clock tick or 300 points will be deducted.]
     [java] CT notification: Prohibition [subject=a30, prohibition=[moveTooFast(a30)], sanction=[reduce(a30, 300)], clock=0, time=2015-06-05 16:45:31.213]
     [java] 30
     [java] 30
     [java] 30
     [java] 30
     [java] CT prohibition: [Prohibition to move more than 1 square per clock tick or 300 points will be deducted.]
     [java] CT notification: Prohibition [subject=a40, prohibition=[moveTooFast(a40)], sanction=[reduce(a40, 300)], clock=0, time=2015-06-05 16:45:31.216]
     [java] 40
     [java] 40
     [java] 40
     [java] CT prohibition: [Prohibition to move more than 1 square per clock tick or 300 points will be deducted.]
     [java] CT notification: Obligation [subject=a30, obligation=[surround(3, 2)], sanction=[reduce(g, 700)], deadline=18, time=2015-06-05 16:45:31.225, clock=0]
     [java] 30
     [java] 30
     [java] 30
     [java] 30
     [java] CT obligation: [Obligation to coordinate other players (with the use of norms) to surround a goal [3,2] from left, right, top and bottom  before the clock: 18 or 700 points will be deducted.]
     [java] CT notification: Obligation [subject=a40, obligation=[at(3, 1, a40)], sanction=[reduce(a40, 700)], deadline=14, time=2015-06-05 16:45:31.824, clock=0]
     [java] 40
     [java] 40
     [java] 40
     [java] CT obligation: [Obligation to be at the grid tile [3,1] before the clock: 14 or 700 points will be deducted.]
     [java] CT set goal: Goal: id = goal1  type = 3  location = (R:3,C:1)  URL = null
     [java] CT notification: Obligation [subject=a30, obligation=[at(2, 2, a30)], sanction=[reduce(a30, 700)], deadline=14, time=2015-06-05 16:45:31.872, clock=0]
     [java] 30
     [java] 30
     [java] 30
     [java] 30
     [java] CT obligation: [Obligation to coordinate other players (with the use of norms) to surround a goal [3,2] from left, right, top and bottom  before the clock: 18 or 700 points will be deducted., Obligation to be at the grid tile [2,2] before the clock: 14 or 700 points will be deducted.]
     [java] CT set goal: Goal: id = goal3  type = 2  location = (R:2,C:2)  URL = null
     [java] CT notification: Obligation [subject=a20, obligation=[at(4, 2, a20)], sanction=[reduce(a20, 700)], deadline=14, time=2015-06-05 16:45:31.926, clock=0]
     [java] 20
     [java] CT obligation: [Obligation to be at the grid tile [4,2] before the clock: 14 or 700 points will be deducted.]
     [java] CT set goal: Goal: id = goal5  type = 1  location = (R:4,C:2)  URL = null
     [java] CT notification: Obligation [subject=a10, obligation=[at(3, 3, a10)], sanction=[reduce(a10, 700)], deadline=14, time=2015-06-05 16:45:31.989, clock=0]
     [java] 10
     [java] 10
     [java] CT obligation: [Obligation to be at the grid tile [3,3] before the clock: 14 or 700 points will be deducted.]
     [java] CT set goal: Goal: id = goal7  type = 0  location = (R:3,C:3)  URL = null
     [java] CT notification: Obligation [subject=a40, obligation=[color(white, a40)], sanction=[reduce(a40, 100)], deadline=15, time=2015-06-05 16:45:32.369, clock=0]
     [java] 40
     [java] 40
     [java] 40
     [java] CT obligation: [Obligation to be at the grid tile [3,1] before the clock: 14 or 700 points will be deducted., Obligation to use a tile with color white before the clock: 15 or 100 points will be deducted.]
     [java] CT notification: Prohibition [subject=a10, prohibition=[color(white, a10)], sanction=[reduce(a10, 100)], clock=0, time=2015-06-05 16:45:32.417]
     [java] 10
     [java] 10
     [java] CT prohibition: [Prohibition to move more than 1 square per clock tick or 300 points will be deducted., Prohibition to use a tile with color white or 100 points will be deducted.]
     [java] CT notification: Prohibition [subject=a20, prohibition=[color(white, a20)], sanction=[reduce(a20, 100)], clock=0, time=2015-06-05 16:45:32.537]
     [java] 20
     [java] CT prohibition: [Prohibition to move more than 1 square per clock tick or 300 points will be deducted., Prohibition to use a tile with color white or 100 points will be deducted.]
     [java] CT notification: Prohibition [subject=a30, prohibition=[color(yellow, a30)], sanction=[reduce(a30, 100)], clock=0, time=2015-06-05 16:45:32.679]
     [java] 30
     [java] 30
     [java] 30
     [java] 30
     [java] CT prohibition: [Prohibition to move more than 1 square per clock tick or 300 points will be deducted., Prohibition to use a tile with color yellow or 100 points will be deducted.]
     [java] CT notification: Prohibition [subject=a40, prohibition=[color(brown, a40)], sanction=[reduce(a40, 100)], clock=0, time=2015-06-05 16:45:32.766]
     [java] 40
     [java] 40
     [java] 40
     [java] CT prohibition: [Prohibition to move more than 1 square per clock tick or 300 points will be deducted., Prohibition to use a tile with color brown or 100 points will be deducted.]
     [java] CT notification: Obligation [subject=a10, obligation=[acceptRequests(a10)], sanction=[reduce(a10, 200)], deadline=15, time=2015-06-05 16:45:32.865, clock=0]
     [java] 10
     [java] 10
     [java] CT obligation: [Obligation to be at the grid tile [3,3] before the clock: 14 or 700 points will be deducted., Obligation to accept requests for chips from the other players before the clock: 15 or 200 points will be deducted.]
     [java] CT notification: Obligation [subject=a20, obligation=[acceptRequests(a20)], sanction=[reduce(a20, 200)], deadline=15, time=2015-06-05 16:45:32.866, clock=0]
     [java] 20
     [java] CT obligation: [Obligation to be at the grid tile [4,2] before the clock: 14 or 700 points will be deducted., Obligation to accept requests for chips from the other players before the clock: 15 or 200 points will be deducted.]
     [java] CT notification: Obligation [subject=a30, obligation=[acceptRequests(a30)], sanction=[reduce(a30, 200)], deadline=15, time=2015-06-05 16:45:32.868, clock=0]
     [java] 30
     [java] 30
     [java] 30
     [java] 30
     [java] CT obligation: [Obligation to coordinate other players (with the use of norms) to surround a goal [3,2] from left, right, top and bottom  before the clock: 18 or 700 points will be deducted., Obligation to be at the grid tile [2,2] before the clock: 14 or 700 points will be deducted., Obligation to accept requests for chips from the other players before the clock: 15 or 200 points will be deducted.]
     [java] CT notification: Obligation [subject=a40, obligation=[acceptRequests(a40)], sanction=[reduce(a40, 200)], deadline=15, time=2015-06-05 16:45:32.872, clock=0]
     [java] 40
     [java] 40
     [java] 40
     [java] CT obligation: [Obligation to be at the grid tile [3,1] before the clock: 14 or 700 points will be deducted., Obligation to use a tile with color white before the clock: 15 or 100 points will be deducted., Obligation to accept requests for chips from the other players before the clock: 15 or 200 points will be deducted.]
     [java] CT notification: Time [clock=1, time=2015-06-05 16:45:41.115]
     [java] CT notification: Time [clock=2, time=2015-06-05 16:45:51.12]
     [java] CT notification: Time [clock=3, time=2015-06-05 16:46:01.122]
     [java] CT notification: Time [clock=4, time=2015-06-05 16:46:11.124]
     [java] CT notification: Time [clock=5, time=2015-06-05 16:46:21.126]
     [java] CT notification: Time [clock=6, time=2015-06-05 16:46:31.13]
     [java] CT notification: Time [clock=7, time=2015-06-05 16:46:41.137]
     [java] A New Phase Began: Movement Phase
     [java] DEBUG root                           - received a move request...: 10
     [java] CT writes position: Position [subject=a10, id=null, cell=Cell [x=4, y=2], time=2015-06-05 16:46:46.821, clock=7]
     [java] CT writes: Position [subject=a10, id=null, cell=Cell [x=4, y=2], time=2015-06-05 16:46:46.821, clock=7]
     [java] CT notification: Obligation [subject=a10, obligation=[makeMove(4, 2, a10)], sanction=[reduce(a10, 300)], deadline=17, time=2015-06-05 16:46:46.847, clock=7]
     [java] 10
     [java] 10
     [java] CT obligation: [Obligation to be at the grid tile [3,3] before the clock: 14 or 700 points will be deducted., Obligation to accept requests for chips from the other players before the clock: 15 or 200 points will be deducted., Obligation to make a movement on the board before the clock: 17 or 300 points will be deducted.]
     [java] DEBUG root                           - received a move request...: 40
     [java] CT writes position: Position [subject=a40, id=null, cell=Cell [x=2, y=1], time=2015-06-05 16:46:48.191, clock=7]
     [java] CT writes: Position [subject=a40, id=null, cell=Cell [x=2, y=1], time=2015-06-05 16:46:48.191, clock=7]
     [java] CT notification: Obligation [subject=a40, obligation=[makeMove(2, 1, a40)], sanction=[reduce(a40, 300)], deadline=17, time=2015-06-05 16:46:48.196, clock=7]
     [java] 40
     [java] 40
     [java] 40
     [java] CT obligation: [Obligation to be at the grid tile [3,1] before the clock: 14 or 700 points will be deducted., Obligation to use a tile with color white before the clock: 15 or 100 points will be deducted., Obligation to accept requests for chips from the other players before the clock: 15 or 200 points will be deducted., Obligation to make a movement on the board before the clock: 17 or 300 points will be deducted.]
     [java] DEBUG root                           - received a move request...: 10
     [java] CT writes position: Position [subject=a10, id=null, cell=Cell [x=3, y=2], time=2015-06-05 16:46:49.059, clock=7]
     [java] CT writes: Position [subject=a10, id=null, cell=Cell [x=3, y=2], time=2015-06-05 16:46:49.059, clock=7]
     [java] CT notification: Points [subject=a10, time=2015-06-05 16:46:49.087, clock=7, value=700, id=null]
     [java] 10
     [java] 10
     [java] DEBUG root                           - received a move request...: 30
     [java] CT writes position: Position [subject=a30, id=null, cell=Cell [x=2, y=4], time=2015-06-05 16:46:50.32, clock=7]
     [java] CT writes: Position [subject=a30, id=null, cell=Cell [x=2, y=4], time=2015-06-05 16:46:50.32, clock=7]
     [java] CT notification: Obligation [subject=a30, obligation=[makeMove(2, 4, a30)], sanction=[reduce(a30, 300)], deadline=17, time=2015-06-05 16:46:50.335, clock=7]
     [java] 30
     [java] 30
     [java] 30
     [java] 30
     [java] CT obligation: [Obligation to coordinate other players (with the use of norms) to surround a goal [3,2] from left, right, top and bottom  before the clock: 18 or 700 points will be deducted., Obligation to be at the grid tile [2,2] before the clock: 14 or 700 points will be deducted., Obligation to accept requests for chips from the other players before the clock: 15 or 200 points will be deducted., Obligation to make a movement on the board before the clock: 17 or 300 points will be deducted.]
     [java] CT notification: Time [clock=8, time=2015-06-05 16:46:51.14]
     [java] DEBUG root                           - received a move request...: 10
     [java] CT writes position: Position [subject=a10, id=null, cell=Cell [x=3, y=3], time=2015-06-05 16:46:51.973, clock=8]
     [java] CT writes: Position [subject=a10, id=null, cell=Cell [x=3, y=3], time=2015-06-05 16:46:51.973, clock=8]
     [java] CT notification: Points [subject=a10, time=2015-06-05 16:46:51.987, clock=8, value=600, id=null]
     [java] 10
     [java] 10
     [java] DEBUG root                           - received a move request...: 20
     [java] CT writes position: Position [subject=a20, id=null, cell=Cell [x=3, y=1], time=2015-06-05 16:46:52.07, clock=8]
     [java] CT writes: Position [subject=a20, id=null, cell=Cell [x=3, y=1], time=2015-06-05 16:46:52.07, clock=8]
     [java] CT notification: Obligation [subject=a20, obligation=[makeMove(3, 1, a20)], sanction=[reduce(a20, 300)], deadline=18, time=2015-06-05 16:46:52.078, clock=8]
     [java] 20
     [java] CT obligation: [Obligation to be at the grid tile [4,2] before the clock: 14 or 700 points will be deducted., Obligation to accept requests for chips from the other players before the clock: 15 or 200 points will be deducted., Obligation to make a movement on the board before the clock: 18 or 300 points will be deducted.]
     [java] CT notification: Time [clock=9, time=2015-06-05 16:47:01.141]
     [java] DEBUG root                           - received a move request...: 30
     [java] CT writes position: Position [subject=a30, id=null, cell=Cell [x=2, y=3], time=2015-06-05 16:47:01.716, clock=9]
     [java] CT writes: Position [subject=a30, id=null, cell=Cell [x=2, y=3], time=2015-06-05 16:47:01.716, clock=9]
     [java] CT notification: Time [clock=10, time=2015-06-05 16:47:11.151]
     [java] DEBUG root                           - received a move request...: 30
     [java] CT writes position: Position [subject=a30, id=null, cell=Cell [x=2, y=2], time=2015-06-05 16:47:12.93, clock=10]
     [java] CT writes: Position [subject=a30, id=null, cell=Cell [x=2, y=2], time=2015-06-05 16:47:12.93, clock=10]
     [java] CT notification: Points [subject=a30, time=2015-06-05 16:47:12.941, clock=10, value=900, id=null]
     [java] 30
     [java] 30
     [java] 30
     [java] 30
     [java] CT notification: Time [clock=11, time=2015-06-05 16:47:21.152]
     [java] DEBUG root                           - received a discourse mesage... 20
     [java] Received Discourse Message 
     [java] Class: class edu.harvard.eecs.airg.coloredtrails.shared.discourse.BasicProposalDiscourseMessage
     [java] From: 1
     [java] To: 2
     [java] DEBUG root                           - sendGameDiscourseMessage class edu.harvard.eecs.airg.coloredtrails.shared.discourse.BasicProposalDiscourseMessage
     [java] DEBUG root                           - FROM: 1 TO: 2(PIN: 30)
     [java] CT writes: Proposal [id=6191, agent=a20, agent2=a30, clock=11, time=2015-06-05 16:47:23.103]
     [java] CT notification: Obligation [subject=a30, obligation=[respondToRequest(6191)], sanction=[reduce(a30, 300)], deadline=14, time=2015-06-05 16:47:23.12, clock=11]
     [java] 30
     [java] 30
     [java] 30
     [java] 30
     [java] CT obligation: [Obligation to coordinate other players (with the use of norms) to surround a goal [3,2] from left, right, top and bottom  before the clock: 18 or 700 points will be deducted., Obligation to be at the grid tile [2,2] before the clock: 14 or 700 points will be deducted., Obligation to accept requests for chips from the other players before the clock: 15 or 200 points will be deducted., Obligation to make a movement on the board before the clock: 17 or 300 points will be deducted., Obligation to respond to request before the clock: 14 or 300 points will be deducted.]
     [java] DEBUG root                           - received a discourse mesage... 30
     [java] Received Discourse Message 
     [java] Class: class edu.harvard.eecs.airg.coloredtrails.shared.discourse.BasicProposalDiscussionDiscourseMessage
     [java] From: 2
     [java] To: 1
     [java] DEBUG root                           - sendGameDiscourseMessage class edu.harvard.eecs.airg.coloredtrails.shared.discourse.BasicProposalDiscussionDiscourseMessage
     [java] DEBUG root                           - FROM: 2 TO: 1(PIN: 20)
     [java] ---- BasicProposalDiscussionDiscourseMessage ----Discourse Message...
     [java] From PerGameId: 2.
     [java] To PerGameId: 1.
     [java] 
     [java] CT writes: Response [id=6191, response=accepted, clock=11, time=2015-06-05 16:47:26.14]
     [java] We have an accepted offer, chips before: 
     [java] player pin: 20
     [java] player chips: { chips  'blue':3 'white':0 'brown':0 'yellow':1 }
     [java] player pin: 10
     [java] player chips: { chips  'blue':0 'white':1 'brown':1 'yellow':0 }
     [java] player pin: 40
     [java] player chips: { chips  'blue':0 'white':2 'brown':4 'yellow':2 }
     [java] player pin: 30
     [java] player chips: { chips  'blue':1 'white':2 'brown':4 'yellow':2 }
     [java] Initiating Automatic Chip Transfer
     [java] Proposer:  1
     [java] Sending: { chips  'blue':0 'white':0 'brown':0 'yellow':0 }
     [java] Responder: 2
     [java] Sending: { chips  'blue':0 'white':1 'brown':0 'yellow':0 }
     [java] EXECUTING AUTOMATIC CHIP TRANSFER
     [java] chips after: 
     [java] player pin: 20
     [java] player chips: { chips  'blue':3 'white':1 'brown':0 'yellow':1 }
     [java] player pin: 10
     [java] player chips: { chips  'blue':0 'white':1 'brown':1 'yellow':0 }
     [java] player pin: 40
     [java] player chips: { chips  'blue':0 'white':2 'brown':4 'yellow':2 }
     [java] player pin: 30
     [java] player chips: { chips  'blue':1 'white':1 'brown':4 'yellow':2 }
     [java] DEBUG root                           - received a discourse mesage... 20
     [java] Received Discourse Message 
     [java] Class: class edu.harvard.eecs.airg.coloredtrails.shared.discourse.BasicProposalDiscourseMessage
     [java] From: 1
     [java] To: 2
     [java] DEBUG root                           - sendGameDiscourseMessage class edu.harvard.eecs.airg.coloredtrails.shared.discourse.BasicProposalDiscourseMessage
     [java] DEBUG root                           - FROM: 1 TO: 2(PIN: 30)
     [java] CT writes: Proposal [id=3904, agent=a20, agent2=a30, clock=11, time=2015-06-05 16:47:27.423]
     [java] CT notification: Obligation [subject=a30, obligation=[respondToRequest(3904)], sanction=[reduce(a30, 300)], deadline=14, time=2015-06-05 16:47:27.432, clock=11]
     [java] 30
     [java] 30
     [java] 30
     [java] 30
     [java] CT obligation: [Obligation to coordinate other players (with the use of norms) to surround a goal [3,2] from left, right, top and bottom  before the clock: 18 or 700 points will be deducted., Obligation to be at the grid tile [2,2] before the clock: 14 or 700 points will be deducted., Obligation to accept requests for chips from the other players before the clock: 15 or 200 points will be deducted., Obligation to make a movement on the board before the clock: 17 or 300 points will be deducted., Obligation to respond to request before the clock: 14 or 300 points will be deducted., Obligation to respond to request before the clock: 14 or 300 points will be deducted.]
     [java] DEBUG root                           - received a move request...: 20
     [java] CT writes position: Position [subject=a20, id=null, cell=Cell [x=4, y=1], time=2015-06-05 16:47:29.769, clock=11]
     [java] CT writes: Position [subject=a20, id=null, cell=Cell [x=4, y=1], time=2015-06-05 16:47:29.769, clock=11]
     [java] CT notification: Points [subject=a20, time=2015-06-05 16:47:29.793, clock=11, value=900, id=null]
     [java] 20
     [java] DEBUG root                           - received a discourse mesage... 30
     [java] Received Discourse Message 
     [java] Class: class edu.harvard.eecs.airg.coloredtrails.shared.discourse.BasicProposalDiscussionDiscourseMessage
     [java] From: 2
     [java] To: 1
     [java] DEBUG root                           - sendGameDiscourseMessage class edu.harvard.eecs.airg.coloredtrails.shared.discourse.BasicProposalDiscussionDiscourseMessage
     [java] DEBUG root                           - FROM: 2 TO: 1(PIN: 20)
     [java] ---- BasicProposalDiscussionDiscourseMessage ----Discourse Message...
     [java] From PerGameId: 2.
     [java] To PerGameId: 1.
     [java] 
     [java] CT writes: Response [id=3904, response=accepted, clock=11, time=2015-06-05 16:47:30.51]
     [java] We have an accepted offer, chips before: 
     [java] player pin: 20
     [java] player chips: { chips  'blue':3 'white':0 'brown':0 'yellow':1 }
     [java] player pin: 10
     [java] player chips: { chips  'blue':0 'white':1 'brown':1 'yellow':0 }
     [java] player pin: 40
     [java] player chips: { chips  'blue':0 'white':2 'brown':4 'yellow':2 }
     [java] player pin: 30
     [java] player chips: { chips  'blue':1 'white':1 'brown':4 'yellow':2 }
     [java] Initiating Automatic Chip Transfer
     [java] Proposer:  1
     [java] Sending: { chips  'blue':0 'white':0 'brown':0 'yellow':0 }
     [java] Responder: 2
     [java] Sending: { chips  'blue':0 'white':1 'brown':1 'yellow':0 }
     [java] EXECUTING AUTOMATIC CHIP TRANSFER
     [java] chips after: 
     [java] player pin: 20
     [java] player chips: { chips  'blue':3 'white':1 'brown':1 'yellow':1 }
     [java] player pin: 10
     [java] player chips: { chips  'blue':0 'white':1 'brown':1 'yellow':0 }
     [java] player pin: 40
     [java] player chips: { chips  'blue':0 'white':2 'brown':4 'yellow':2 }
     [java] player pin: 30
     [java] player chips: { chips  'blue':1 'white':0 'brown':3 'yellow':2 }
     [java] CT notification: Time [clock=12, time=2015-06-05 16:47:31.155]
     [java] CT notification: Time [clock=13, time=2015-06-05 16:47:41.156]
     [java] CT notification: Time [clock=14, time=2015-06-05 16:47:51.158]
     [java] DEBUG root                           - received a move request...: 20
     [java] CT writes position: Position [subject=a20, id=null, cell=Cell [x=4, y=2], time=2015-06-05 16:47:52.008, clock=14]
     [java] CT writes: Position [subject=a20, id=null, cell=Cell [x=4, y=2], time=2015-06-05 16:47:52.008, clock=14]
     [java] CT notification: Time [clock=15, time=2015-06-05 16:48:01.159]
     [java] DEBUG root                           - received a move request...: 40
     [java] CT writes position: Position [subject=a40, id=null, cell=Cell [x=3, y=1], time=2015-06-05 16:48:03.101, clock=15]
     [java] CT writes: Position [subject=a40, id=null, cell=Cell [x=3, y=1], time=2015-06-05 16:48:03.101, clock=15]
     [java] CT notification: Points [subject=a40, time=2015-06-05 16:48:03.11, clock=15, value=900, id=null]
     [java] 40
     [java] 40
     [java] 40
     [java] CT notification: Time [clock=16, time=2015-06-05 16:48:11.162]
     [java] CT notification: Points [subject=a40, time=2015-06-05 16:48:11.174, clock=16, value=800, id=null]
     [java] 40
     [java] 40
     [java] 40
     [java] CT notification: Points [subject=a10, time=2015-06-05 16:48:11.176, clock=16, value=400, id=null]
     [java] 10
     [java] 10
     [java] CT notification: Points [subject=a20, time=2015-06-05 16:48:11.183, clock=16, value=700, id=null]
     [java] 20
     [java] CT notification: Points [subject=a40, time=2015-06-05 16:48:11.197, clock=16, value=600, id=null]
     [java] 40
     [java] 40
     [java] 40
     [java] CT notification: Time [clock=17, time=2015-06-05 16:48:21.164]
     [java] CT notification: Time [clock=18, time=2015-06-05 16:48:31.165]
     [java] CT notification: Time [clock=19, time=2015-06-05 16:48:41.167]
     [java] A New Phase Began: Feedback Phase
     [java] CT notification: Time [clock=20, time=2015-06-05 16:48:51.17]
     [java] DEBUG root                           - Game ended id = 0
     [java] CT notification: Time [clock=21, time=2015-06-05 16:49:01.172]
     [java] CT notification: Time [clock=22, time=2015-06-05 16:49:11.174]
     [java] CT notification: Time [clock=23, time=2015-06-05 16:49:21.176]
     [java] CT notification: Time [clock=24, time=2015-06-05 16:49:31.185]
     [java] CT notification: Time [clock=25, time=2015-06-05 16:49:41.187]
     [java] CT notification: Time [clock=26, time=2015-06-05 16:49:51.189]
     [java] CT notification: Time [clock=27, time=2015-06-05 16:50:01.191]
     [java] CT notification: Time [clock=28, time=2015-06-05 16:50:11.193]
     [java] CT notification: Time [clock=29, time=2015-06-05 16:50:21.195]
     [java] CT notification: Time [clock=30, time=2015-06-05 16:50:31.197]
     [java] CT notification: Time [clock=31, time=2015-06-05 16:50:41.202]
     [java] CT notification: Time [clock=32, time=2015-06-05 16:50:51.205]
     [java] CT notification: Time [clock=33, time=2015-06-05 16:51:01.207]
     [java] CT notification: Time [clock=34, time=2015-06-05 16:51:11.208]
     [java] CT notification: Time [clock=35, time=2015-06-05 16:51:21.21]
     [java] CT notification: Time [clock=36, time=2015-06-05 16:51:31.215]
     [java] CT notification: Time [clock=37, time=2015-06-05 16:51:41.218]
     [java] CT notification: Time [clock=38, time=2015-06-05 16:51:51.22]
     [java] CT notification: Time [clock=39, time=2015-06-05 16:52:01.224]
     [java] CT notification: Time [clock=40, time=2015-06-05 16:52:11.226]
     [java] CT notification: Time [clock=41, time=2015-06-05 16:52:21.228]
     [java] CT notification: Time [clock=42, time=2015-06-05 16:52:31.232]
     [java] CT notification: Time [clock=43, time=2015-06-05 16:52:41.235]
     [java] CT notification: Time [clock=44, time=2015-06-05 16:52:51.242]
     [java] CT notification: Time [clock=45, time=2015-06-05 16:53:01.245]
     [java] CT notification: Time [clock=46, time=2015-06-05 16:53:11.249]
     [java] CT notification: Time [clock=47, time=2015-06-05 16:53:21.252]
     [java] CT notification: Time [clock=48, time=2015-06-05 16:53:31.255]
     [java] CT notification: Time [clock=49, time=2015-06-05 16:53:41.257]
     [java] CT notification: Time [clock=50, time=2015-06-05 16:53:51.259]
     [java] CT notification: Time [clock=51, time=2015-06-05 16:54:01.262]
     [java] CT notification: Time [clock=52, time=2015-06-05 16:54:11.264]
     [java] CT notification: Time [clock=53, time=2015-06-05 16:54:21.268]
     [java] CT notification: Time [clock=54, time=2015-06-05 16:54:31.271]
     [java] CT notification: Time [clock=55, time=2015-06-05 16:54:41.275]
     [java] CT notification: Time [clock=56, time=2015-06-05 16:54:51.277]
     [java] INFO  BrokerService                  - ActiveMQ Message Broker (localhost, ID:kafka.local-49698-1433519039351-1:0) is shutting down
     [java] Client 20 disconnected!!!!!!!!!!!!!!!!!!!!!!!!!!!!!!!!!!!!!!!!!!!!!!
     [java] Client 40 disconnected!!!!!!!!!!!!!!!!!!!!!!!!!!!!!!!!!!!!!!!!!!!!!!
     [java] INFO  TransportConnector             - Connector tcp://kafka.local:8088 Stopped
     [java] WARN  ActiveMQConnection             - Async exception with no exception listener: java.io.EOFException
     [java] java.io.EOFException
     [java] 	at java.io.DataInputStream.readInt(DataInputStream.java:375)
     [java] 	at org.apache.activemq.openwire.OpenWireFormat.unmarshal(OpenWireFormat.java:269)
     [java] 	at org.apache.activemq.transport.tcp.TcpTransport.readCommand(TcpTransport.java:156)
     [java] 	at org.apache.activemq.transport.tcp.TcpTransport.run(TcpTransport.java:136)
     [java] 	at java.lang.Thread.run(Thread.java:695)
     [java] WARN  ActiveMQConnection             - Async exception with no exception listener: java.io.EOFException
     [java] java.io.EOFException
     [java] 	at java.io.DataInputStream.readInt(DataInputStream.java:375)
     [java] 	at org.apache.activemq.openwire.OpenWireFormat.unmarshal(OpenWireFormat.java:269)
     [java] 	at org.apache.activemq.transport.tcp.TcpTransport.readCommand(TcpTransport.java:156)
     [java] 	at org.apache.activemq.transport.tcp.TcpTransport.run(TcpTransport.java:136)
     [java] 	at java.lang.Thread.run(Thread.java:695)
     [java] INFO  BrokerService                  - ActiveMQ JMS Message Broker (localhost, ID:kafka.local-49698-1433519039351-1:0) stopped

BUILD SUCCESSFUL
Total time: 11 minutes 1 second
