Buildfile: /Users/dxd/git/ct3/WebCT/build.xml

runserver:
     [java] INFO  BrokerService                  - ActiveMQ null JMS Message Broker (localhost) is starting
     [java] INFO  BrokerService                  - For help or more information please see: http://activemq.apache.org/
     [java] INFO  AMQPersistenceAdapter          - AMQStore starting using directory: activemq-data/localhost
     [java] INFO  KahaStore                      - Kaha Store using data directory /Users/dxd/git/ct3/WebCT/activemq-data/localhost/kr-store
     [java] INFO  AMQPersistenceAdapter          - Active data files: []
     [java] INFO  AMQPersistenceAdapter          - Journal Recovery Started from: DataManager:(data-)
     [java] INFO  AMQPersistenceAdapter          - Recovered 0 operations from redo log in 0.826 seconds.
     [java] INFO  BrokerService                  - Using Persistence Adapter: AMQPersistenceAdapter(activemq-data/localhost)
     [java] INFO  TransportServerThreadSupport   - Listening for connections at: tcp://kafka.local:8088
     [java] INFO  TransportConnector             - Connector tcp://kafka.local:8088 Started
     [java] INFO  BrokerService                  - ActiveMQ JMS Message Broker (localhost, ID:kafka.local-52360-1439385363305-1:0) started
     [java] INFO  root                           - Started the JMS Server
     [java] INFO  ManagementContext              - JMX consoles can connect to service:jmx:rmi:///jndi/rmi://localhost:1099/jmxrmi
     [java] INFO  BrokerService                  - About to delete any non-persistent messages that may have overflowed to disk ...
     [java] INFO  KahaStore                      - Kaha Store successfully deleted data directory activemq-data/localhost/tmp_storage
     [java] INFO  BrokerService                  - Successfully deleted temporary storage
     [java] INFO  root                           - Controller Interface has been started
     [java] INFO  root                           - ColoredTrails is now running...
     [java] Received message to add config class from: admin
     [java] INFO  root                           - Received message from admin: SET_CONFIGURATION
     [java] INFO  root                           - Received message from admin client:ADD_CONFIGURATION
     [java] DEBUG root                           - Administrator: adding configuration file [gameFA] class name: gameFA
     [java] INFO  root                           - Received message from admin client:NEW_GAME
     [java] DEBUG root                           - Administrator: newGame configName = [gameFA] 
     [java] DEBUG root                           - Administrator: newGame adding Player: [10]
     [java] DEBUG root                           - Administrator: newGame adding Player: [20]
     [java] DEBUG root                           - Administrator: newGame adding Player: [30]
     [java] DEBUG root                           - Administrator: newGame adding Player: [40]
     [java] DEBUG root                           - ServerData addNewGame -- config file
     [java] DEBUG root                           - ServerData addNewGame -- Starting ServerGameStatus
     [java] DEBUG root                           - ServerData addNewGame -- Starting a new game with id: 0
     [java] DEBUG root                           - ClientCommands creating new Topic: ct3.game.0
     [java] DEBUG root                           - sending sendClientSubscribeToGameMessage: for game [0] and player [10]
     [java] DEBUG root                           - sending sendClientSubscribeToGameMessage: for game [0] and player [20]
     [java] DEBUG root                           - sending sendClientSubscribeToGameMessage: for game [0] and player [30]
     [java] DEBUG root                           - sending sendClientSubscribeToGameMessage: for game [0] and player [40]
     [java] INFO  root                           - Received message from admin client:LIST_GAMES
     [java] INFO  root                           - Received message from admin client:LIST_CONFIGURATIONS
     [java] Adding client state for 10
     [java] INFO  root                           - Colored Trails Server received a subcription message from client: 10 [10.154.152.21] of type 
     [java] Adding client state for 40
     [java] Adding client state for 30
     [java] Adding client state for 20
     [java] INFO  root                           - Colored Trails Server received a subcription message from client: 40 [10.154.152.21] of type 
     [java] INFO  root                           - Colored Trails Server received a subcription message from client: 30 [10.154.152.21] of type 
     [java] INFO  root                           - Colored Trails Server received a subcription message from client: 20 [10.154.152.21] of type 
     [java] INFO  root                           - Colored Trails Server received a subcription message from client: 10 [10.154.152.21] of type 
     [java] Adding client state for 10
     [java] Received message to add config class from: admin
     [java] INFO  root                           - Received message from admin: SET_CONFIGURATION
     [java] INFO  root                           - Received message from admin client:ADD_CONFIGURATION
     [java] DEBUG root                           - Administrator: adding configuration file [gameFA] class name: gameFA
     [java] INFO  root                           - Received message from admin client:NEW_GAME
     [java] DEBUG root                           - Administrator: newGame configName = [gameFA] 
     [java] DEBUG root                           - Administrator: newGame adding Player: [10]
     [java] DEBUG root                           - Administrator: newGame adding Player: [20]
     [java] DEBUG root                           - Administrator: newGame adding Player: [30]
     [java] DEBUG root                           - Administrator: newGame adding Player: [40]
     [java] DEBUG root                           - ServerData addNewGame -- config file
     [java] DEBUG root                           - ServerData addNewGame -- Starting ServerGameStatus
     [java] DEBUG root                           - ServerData addNewGame -- Starting a new game with id: 1
     [java] DEBUG root                           - ClientCommands creating new Topic: ct3.game.1
     [java] DEBUG root                           - sending sendClientSubscribeToGameMessage: for game [1] and player [10]
     [java] DEBUG root                           - sending sendClientSubscribeToGameMessage: for game [1] and player [20]
     [java] DEBUG root                           - sending sendClientSubscribeToGameMessage: for game [1] and player [30]
     [java] DEBUG root                           - sending sendClientSubscribeToGameMessage: for game [1] and player [40]
     [java] INFO  root                           - Received message from admin client:LIST_GAMES
     [java] INFO  root                           - Received message from admin client:LIST_CONFIGURATIONS
     [java] received client subscribed successfully message
     [java] received client subscribed successfully message
     [java] received client subscribed successfully message
     [java] received client subscribed successfully message
     [java] All players subscribed to game, trying to start
     [java] INFO  root                           - Sending reply to controller: NEW_GAME_REPLY
     [java] DEBUG root                           - sendGameStart
     [java] DEBUG root                           - sendGameStart to controller
     [java] DEBUG root                           - sending game id = 1
     [java] INFO  root                           - Starting spaces 1
     [java] DEBUG UrlSpaceFactoryBean            - Finding Space with URL [jini:/*/*/myGrid] and properties [{com.j_spaces.core.container.shutdown_hook=false}]
     [java] 2015-08-12 14:24:17,172  INFO [com.gigaspaces.localcache] - LocalCache#1-myGrid was created successfully. Total time: 973 milliseconds
     [java] 2015-08-12 14:24:17,200 CONFIG [com.gigaspaces.logger] - Log file: /Users/dxd/git/ct3/logs/2015-08-12~14.24-gigaspaces-service-10.154.152.21-37133.log
     [java] DEBUG GigaSpaceFactoryBean           - Clustered flag automatically set to [true] since the space is a local cache space for bean [null]
     [java] DEBUG UrlSpaceFactoryBean            - Finding Space with URL [jini://*/*/myGrid] and properties [{com.j_spaces.core.container.shutdown_hook=false}]
     [java] zatim dobry
     [java] Let the game begin...
     [java] game id= 1
     [java] ---- Sending Scoring Change ----
     [java] setPhases in GameStatus
     [java] A New Phase Began: Setup Phase
     [java] CT writes: Tile [id=null, cell=Cell [x=0, y=0], subject=brown, time=2015-08-12 14:24:17.585, clock=0]
     [java] CT writes: Tile [id=null, cell=Cell [x=0, y=1], subject=brown, time=2015-08-12 14:24:17.966, clock=0]
     [java] CT writes: Tile [id=null, cell=Cell [x=0, y=2], subject=brown, time=2015-08-12 14:24:17.968, clock=0]
     [java] CT writes: Tile [id=null, cell=Cell [x=0, y=3], subject=yellow, time=2015-08-12 14:24:17.975, clock=0]
     [java] CT writes: Tile [id=null, cell=Cell [x=0, y=4], subject=brown, time=2015-08-12 14:24:17.978, clock=0]
     [java] CT writes: Tile [id=null, cell=Cell [x=0, y=5], subject=blue, time=2015-08-12 14:24:17.98, clock=0]
     [java] CT writes: Tile [id=null, cell=Cell [x=1, y=0], subject=brown, time=2015-08-12 14:24:17.983, clock=0]
     [java] CT writes: Tile [id=null, cell=Cell [x=1, y=1], subject=white, time=2015-08-12 14:24:17.987, clock=0]
     [java] CT writes: Tile [id=null, cell=Cell [x=1, y=2], subject=white, time=2015-08-12 14:24:17.99, clock=0]
     [java] CT writes: Tile [id=null, cell=Cell [x=1, y=3], subject=brown, time=2015-08-12 14:24:17.993, clock=0]
     [java] CT writes: Tile [id=null, cell=Cell [x=1, y=4], subject=white, time=2015-08-12 14:24:17.996, clock=0]
     [java] CT writes: Tile [id=null, cell=Cell [x=1, y=5], subject=brown, time=2015-08-12 14:24:18.003, clock=0]
     [java] CT writes: Tile [id=null, cell=Cell [x=2, y=0], subject=white, time=2015-08-12 14:24:18.005, clock=0]
     [java] CT writes: Tile [id=null, cell=Cell [x=2, y=1], subject=white, time=2015-08-12 14:24:18.01, clock=0]
     [java] CT writes: Tile [id=null, cell=Cell [x=2, y=2], subject=white, time=2015-08-12 14:24:18.012, clock=0]
     [java] CT writes: Tile [id=null, cell=Cell [x=2, y=3], subject=brown, time=2015-08-12 14:24:18.035, clock=0]
     [java] CT writes: Tile [id=null, cell=Cell [x=2, y=4], subject=white, time=2015-08-12 14:24:18.091, clock=0]
     [java] CT writes: Tile [id=null, cell=Cell [x=2, y=5], subject=brown, time=2015-08-12 14:24:18.094, clock=0]
     [java] CT writes: Tile [id=null, cell=Cell [x=3, y=0], subject=white, time=2015-08-12 14:24:18.099, clock=0]
     [java] CT writes: Tile [id=null, cell=Cell [x=3, y=1], subject=white, time=2015-08-12 14:24:18.102, clock=0]
     [java] CT writes: Tile [id=null, cell=Cell [x=3, y=2], subject=white, time=2015-08-12 14:24:18.105, clock=0]
     [java] CT writes: Tile [id=null, cell=Cell [x=3, y=3], subject=brown, time=2015-08-12 14:24:18.107, clock=0]
     [java] CT writes: Tile [id=null, cell=Cell [x=3, y=4], subject=white, time=2015-08-12 14:24:18.113, clock=0]
     [java] CT writes: Tile [id=null, cell=Cell [x=3, y=5], subject=yellow, time=2015-08-12 14:24:18.114, clock=0]
     [java] CT writes: Tile [id=null, cell=Cell [x=4, y=0], subject=brown, time=2015-08-12 14:24:18.128, clock=0]
     [java] CT writes: Tile [id=null, cell=Cell [x=4, y=1], subject=white, time=2015-08-12 14:24:18.13, clock=0]
     [java] CT writes: Tile [id=null, cell=Cell [x=4, y=2], subject=white, time=2015-08-12 14:24:18.132, clock=0]
     [java] CT writes: Tile [id=null, cell=Cell [x=4, y=3], subject=brown, time=2015-08-12 14:24:18.134, clock=0]
     [java] CT writes: Tile [id=null, cell=Cell [x=4, y=4], subject=white, time=2015-08-12 14:24:18.135, clock=0]
     [java] CT writes: Tile [id=null, cell=Cell [x=4, y=5], subject=yellow, time=2015-08-12 14:24:18.155, clock=0]
     [java] CT writes: Tile [id=null, cell=Cell [x=5, y=0], subject=yellow, time=2015-08-12 14:24:18.16, clock=0]
     [java] CT writes: Tile [id=null, cell=Cell [x=5, y=1], subject=brown, time=2015-08-12 14:24:18.209, clock=0]
     [java] CT writes: Tile [id=null, cell=Cell [x=5, y=2], subject=brown, time=2015-08-12 14:24:18.236, clock=0]
     [java] CT writes: Tile [id=null, cell=Cell [x=5, y=3], subject=yellow, time=2015-08-12 14:24:18.24, clock=0]
     [java] CT writes: Tile [id=null, cell=Cell [x=5, y=4], subject=blue, time=2015-08-12 14:24:18.243, clock=0]
     [java] CT writes: Tile [id=null, cell=Cell [x=5, y=5], subject=brown, time=2015-08-12 14:24:18.245, clock=0]
     [java] CT writes: Goal [id=null, cell=Cell [x=3, y=3], agent=null, time=2015-08-12 14:24:18.296, clock=0]
     [java] CT writes position: Position [subject=a10, id=null, cell=Cell [x=0, y=0], time=2015-08-12 14:24:18.372, clock=0]
     [java] CT writes: Position [subject=a10, id=null, cell=Cell [x=0, y=0], time=2015-08-12 14:24:18.372, clock=0]
     [java] CT writes position: Position [subject=a20, id=null, cell=Cell [x=0, y=5], time=2015-08-12 14:24:18.558, clock=0]
     [java] CT writes: Position [subject=a20, id=null, cell=Cell [x=0, y=5], time=2015-08-12 14:24:18.558, clock=0]
     [java] CT writes position: Position [subject=a30, id=null, cell=Cell [x=5, y=5], time=2015-08-12 14:24:18.69, clock=0]
     [java] CT writes: Position [subject=a30, id=null, cell=Cell [x=5, y=5], time=2015-08-12 14:24:18.69, clock=0]
     [java] CT writes position: Position [subject=a40, id=null, cell=Cell [x=5, y=0], time=2015-08-12 14:24:18.761, clock=0]
     [java] CT writes: Position [subject=a40, id=null, cell=Cell [x=5, y=0], time=2015-08-12 14:24:18.761, clock=0]
     [java] A New Phase Began: Norm Phase
     [java] CT writes: Group [name=g, ra=a10, type=raaa, clock=0, time=2015-08-12 14:24:20.52]
     [java] CT notification: Obligation [subject=a10, obligation=[surround(3, 3)], sanction=[reduce(g, 700)], deadline=20, time=2015-08-12 14:24:49.143, clock=0]
     [java] 10
     [java] 10
     [java] 10
     [java] CT obligation: [You should coordinate other players (with the use of norms) to surround a goal [3,3] from left, right, top and bottom  before the clock: 20. Penalty: 700 points.]
     [java] CT notification: Prohibition [subject=a10, prohibition=[restrictPlayer(a10)], sanction=[reduce(a10, 300)], clock=0, time=2015-08-12 14:24:49.183]
     [java] 10
     [java] 10
     [java] 10
     [java] CT prohibition: [You shouldn't create more than one color norm per player. Penalty: 300 points.]
     [java] CT notification: Obligation [subject=a10, obligation=[makeMove(0, 0, a10)], sanction=[reduce(a10, 200)], deadline=15, time=2015-08-12 14:24:49.18, clock=0]
     [java] 10
     [java] 10
     [java] 10
     [java] CT obligation: [You should coordinate other players (with the use of norms) to surround a goal [3,3] from left, right, top and bottom  before the clock: 20. Penalty: 700 points., You should make a movement on the board before the clock: 15. Penalty: 200 points.]
     [java] CT notification: Obligation [subject=a20, obligation=[makeMove(0, 5, a20)], sanction=[reduce(a20, 200)], deadline=15, time=2015-08-12 14:24:49.194, clock=0]
     [java] 20
     [java] 20
     [java] CT obligation: [You should make a movement on the board before the clock: 15. Penalty: 200 points.]
     [java] CT notification: Obligation [subject=a30, obligation=[makeMove(5, 5, a30)], sanction=[reduce(a30, 200)], deadline=15, time=2015-08-12 14:24:49.202, clock=0]
     [java] 30
     [java] CT obligation: [You should make a movement on the board before the clock: 15. Penalty: 200 points.]
     [java] CT notification: Obligation [subject=a40, obligation=[makeMove(5, 0, a40)], sanction=[reduce(a40, 200)], deadline=15, time=2015-08-12 14:24:49.216, clock=0]
     [java] 40
     [java] 40
     [java] 40
     [java] 40
     [java] CT obligation: [You should make a movement on the board before the clock: 15. Penalty: 200 points.]
     [java] CT notification: Time [clock=1, time=2015-08-12 14:24:59.141]
     [java] CT notification: Time [clock=2, time=2015-08-12 14:25:09.146]
     [java] CT notification: Time [clock=3, time=2015-08-12 14:25:19.149]
     [java] DEBUG root                           - received a discourse mesage... 10
     [java] Received Discourse Message 
     [java] Class: class edu.harvard.eecs.airg.coloredtrails.shared.discourse.NormColorDiscourseMessage
     [java] From: 0
     [java] To: 1
     [java] DEBUG root                           - sendGameDiscourseMessage class edu.harvard.eecs.airg.coloredtrails.shared.discourse.NormColorDiscourseMessage
     [java] DEBUG root                           - FROM: 0 TO: 1(PIN: 20)
     [java] ---- NormColorDiscourseMessage ----
     [java] CT writes: Color [id=null, color=white, agent=a20, type=no, sanction=500, time=2015-08-12 14:25:22.043, clock=3]
     [java] CT notification: Prohibition [subject=a20, prohibition=[color(white, a20)], sanction=[reduce(a20, 500)], clock=3, time=2015-08-12 14:25:22.058]
     [java] 20
     [java] 20
     [java] CT prohibition: [You shouldn't use a tile with color white. Penalty: 500 points.]
     [java] DEBUG root                           - received a discourse mesage... 10
     [java] Received Discourse Message 
     [java] Class: class edu.harvard.eecs.airg.coloredtrails.shared.discourse.NormColorDiscourseMessage
     [java] From: 0
     [java] To: 3
     [java] DEBUG root                           - sendGameDiscourseMessage class edu.harvard.eecs.airg.coloredtrails.shared.discourse.NormColorDiscourseMessage
     [java] DEBUG root                           - FROM: 0 TO: 3(PIN: 40)
     [java] ---- NormColorDiscourseMessage ----
     [java] CT writes: Color [id=null, color=white, agent=a40, type=no, sanction=500, time=2015-08-12 14:25:26.784, clock=3]
     [java] CT notification: Prohibition [subject=a40, prohibition=[color(white, a40)], sanction=[reduce(a40, 500)], clock=3, time=2015-08-12 14:25:26.789]
     [java] 40
     [java] 40
     [java] 40
     [java] 40
     [java] CT prohibition: [You shouldn't use a tile with color white. Penalty: 500 points.]
     [java] CT notification: Time [clock=4, time=2015-08-12 14:25:29.152]
     [java] DEBUG root                           - received a discourse mesage... 10
     [java] Received Discourse Message 
     [java] Class: class edu.harvard.eecs.airg.coloredtrails.shared.discourse.NormColorDiscourseMessage
     [java] From: 0
     [java] To: 2
     [java] DEBUG root                           - sendGameDiscourseMessage class edu.harvard.eecs.airg.coloredtrails.shared.discourse.NormColorDiscourseMessage
     [java] DEBUG root                           - FROM: 0 TO: 2(PIN: 30)
     [java] ---- NormColorDiscourseMessage ----
     [java] CT writes: Color [id=null, color=white, agent=a30, type=no, sanction=500, time=2015-08-12 14:25:29.7, clock=4]
     [java] CT notification: Prohibition [subject=a30, prohibition=[color(white, a30)], sanction=[reduce(a30, 500)], clock=4, time=2015-08-12 14:25:29.704]
     [java] 30
     [java] CT prohibition: [You shouldn't use a tile with color white. Penalty: 500 points.]
     [java] DEBUG root                           - received a discourse mesage... 10
     [java] Received Discourse Message 
     [java] Class: class edu.harvard.eecs.airg.coloredtrails.shared.discourse.NormColorDiscourseMessage
     [java] From: 0
     [java] To: 0
     [java] DEBUG root                           - sendGameDiscourseMessage class edu.harvard.eecs.airg.coloredtrails.shared.discourse.NormColorDiscourseMessage
     [java] DEBUG root                           - FROM: 0 TO: 0(PIN: 10)
     [java] ---- NormColorDiscourseMessage ----
     [java] CT writes: Color [id=null, color=white, agent=a10, type=no, sanction=500, time=2015-08-12 14:25:32.867, clock=4]
     [java] CT notification: Prohibition [subject=a10, prohibition=[color(white, a10)], sanction=[reduce(a10, 500)], clock=4, time=2015-08-12 14:25:32.87]
     [java] 10
     [java] 10
     [java] 10
     [java] CT prohibition: [You shouldn't create more than one color norm per player. Penalty: 300 points., You shouldn't use a tile with color white. Penalty: 500 points.]
     [java] CT notification: Time [clock=5, time=2015-08-12 14:25:39.155]
     [java] DEBUG root                           - received a discourse mesage... 10
     [java] Received Discourse Message 
     [java] Class: class edu.harvard.eecs.airg.coloredtrails.shared.discourse.NormGoalDiscourseMessage
     [java] From: 0
     [java] To: 1
     [java] DEBUG root                           - sendGameDiscourseMessage class edu.harvard.eecs.airg.coloredtrails.shared.discourse.NormGoalDiscourseMessage
     [java] DEBUG root                           - FROM: 0 TO: 1(PIN: 20)
     [java] ---- NormGoalDiscourseMessage ----
     [java] CT writes: SetGoal [id=null, agent=a20, cell=Cell [x=3, y=4], goal=Cell [x=3, y=3], sanction=100, clock=5, time=2015-08-12 14:25:43.241]
     [java] CT notification: Obligation [subject=a20, obligation=[at(3, 4, a20)], sanction=[reduce(a20, 600)], deadline=21, time=2015-08-12 14:25:43.255, clock=5]
     [java] 20
     [java] 20
     [java] CT obligation: [You should make a movement on the board before the clock: 15. Penalty: 200 points., You should be at the grid tile [3,4] before the clock: 21 to achieve a team goal. Penalty: up to 600 points.]
     [java] CT set goal: Goal: id = goal1  type = 1  location = (R:3,C:4)  URL = null
     [java] CT notification: Time [clock=6, time=2015-08-12 14:25:49.157]
     [java] DEBUG root                           - received a discourse mesage... 10
     [java] Received Discourse Message 
     [java] Class: class edu.harvard.eecs.airg.coloredtrails.shared.discourse.NormGoalDiscourseMessage
     [java] From: 0
     [java] To: 3
     [java] DEBUG root                           - sendGameDiscourseMessage class edu.harvard.eecs.airg.coloredtrails.shared.discourse.NormGoalDiscourseMessage
     [java] DEBUG root                           - FROM: 0 TO: 3(PIN: 40)
     [java] ---- NormGoalDiscourseMessage ----
     [java] CT writes: SetGoal [id=null, agent=a40, cell=Cell [x=4, y=3], goal=Cell [x=3, y=3], sanction=100, clock=6, time=2015-08-12 14:25:52.131]
     [java] CT notification: Obligation [subject=a40, obligation=[at(4, 3, a40)], sanction=[reduce(a40, 600)], deadline=22, time=2015-08-12 14:25:52.136, clock=6]
     [java] 40
     [java] 40
     [java] 40
     [java] 40
     [java] CT obligation: [You should make a movement on the board before the clock: 15. Penalty: 200 points., You should be at the grid tile [4,3] before the clock: 22 to achieve a team goal. Penalty: up to 600 points.]
     [java] CT set goal: Goal: id = goal3  type = 3  location = (R:4,C:3)  URL = null
     [java] CT notification: Time [clock=7, time=2015-08-12 14:25:59.16]
     [java] DEBUG root                           - received a discourse mesage... 10
     [java] Received Discourse Message 
     [java] Class: class edu.harvard.eecs.airg.coloredtrails.shared.discourse.NormGoalDiscourseMessage
     [java] From: 0
     [java] To: 2
     [java] DEBUG root                           - sendGameDiscourseMessage class edu.harvard.eecs.airg.coloredtrails.shared.discourse.NormGoalDiscourseMessage
     [java] DEBUG root                           - FROM: 0 TO: 2(PIN: 30)
     [java] ---- NormGoalDiscourseMessage ----
     [java] CT writes: SetGoal [id=null, agent=a30, cell=Cell [x=3, y=2], goal=Cell [x=3, y=3], sanction=100, clock=7, time=2015-08-12 14:25:59.586]
     [java] CT notification: Obligation [subject=a30, obligation=[at(3, 2, a30)], sanction=[reduce(a30, 600)], deadline=23, time=2015-08-12 14:25:59.589, clock=7]
     [java] 30
     [java] CT obligation: [You should make a movement on the board before the clock: 15. Penalty: 200 points., You should be at the grid tile [3,2] before the clock: 23 to achieve a team goal. Penalty: up to 600 points.]
     [java] CT set goal: Goal: id = goal5  type = 2  location = (R:3,C:2)  URL = null
     [java] CT notification: Time [clock=8, time=2015-08-12 14:26:09.163]
     [java] DEBUG root                           - received a discourse mesage... 10
     [java] Received Discourse Message 
     [java] Class: class edu.harvard.eecs.airg.coloredtrails.shared.discourse.NormGoalDiscourseMessage
     [java] From: 0
     [java] To: 0
     [java] DEBUG root                           - sendGameDiscourseMessage class edu.harvard.eecs.airg.coloredtrails.shared.discourse.NormGoalDiscourseMessage
     [java] DEBUG root                           - FROM: 0 TO: 0(PIN: 10)
     [java] ---- NormGoalDiscourseMessage ----
     [java] CT writes: SetGoal [id=null, agent=a10, cell=Cell [x=2, y=3], goal=Cell [x=3, y=3], sanction=100, clock=8, time=2015-08-12 14:26:14.519]
     [java] CT notification: Obligation [subject=a10, obligation=[at(2, 3, a10)], sanction=[reduce(a10, 600)], deadline=24, time=2015-08-12 14:26:14.522, clock=8]
     [java] 10
     [java] 10
     [java] 10
     [java] CT obligation: [You should coordinate other players (with the use of norms) to surround a goal [3,3] from left, right, top and bottom  before the clock: 20. Penalty: 700 points., You should make a movement on the board before the clock: 15. Penalty: 200 points., You should be at the grid tile [2,3] before the clock: 24 to achieve a team goal. Penalty: up to 600 points.]
     [java] CT set goal: Goal: id = goal7  type = 0  location = (R:2,C:3)  URL = null
     [java] CT notification: Time [clock=9, time=2015-08-12 14:26:19.166]
     [java] A New Phase Began: Movement Phase
     [java] DEBUG root                           - received a move request...: 30
     [java] CT writes position: Position [subject=a30, id=null, cell=Cell [x=5, y=4], time=2015-08-12 14:26:24.72, clock=9]
     [java] CT writes: Position [subject=a30, id=null, cell=Cell [x=5, y=4], time=2015-08-12 14:26:24.72, clock=9]
     [java] DEBUG root                           - received a move request...: 30
     [java] CT writes position: Position [subject=a30, id=null, cell=Cell [x=5, y=3], time=2015-08-12 14:26:25.402, clock=9]
     [java] CT writes: Position [subject=a30, id=null, cell=Cell [x=5, y=3], time=2015-08-12 14:26:25.402, clock=9]
     [java] DEBUG root                           - received a move request...: 40
     [java] CT writes position: Position [subject=a40, id=null, cell=Cell [x=5, y=1], time=2015-08-12 14:26:26.032, clock=9]
     [java] CT writes: Position [subject=a40, id=null, cell=Cell [x=5, y=1], time=2015-08-12 14:26:26.032, clock=9]
     [java] DEBUG root                           - received a move request...: 30
     [java] CT writes position: Position [subject=a30, id=null, cell=Cell [x=4, y=3], time=2015-08-12 14:26:26.197, clock=9]
     [java] CT writes: Position [subject=a30, id=null, cell=Cell [x=4, y=3], time=2015-08-12 14:26:26.197, clock=9]
     [java] DEBUG root                           - received a discourse mesage... 30
     [java] Received Discourse Message 
     [java] Class: class edu.harvard.eecs.airg.coloredtrails.shared.discourse.BasicProposalDiscourseMessage
     [java] From: 2
     [java] To: 0
     [java] DEBUG root                           - sendGameDiscourseMessage class edu.harvard.eecs.airg.coloredtrails.shared.discourse.BasicProposalDiscourseMessage
     [java] DEBUG root                           - FROM: 2 TO: 0(PIN: 10)
     [java] CT writes: Proposal [id=3006, agent=a30, agent2=a10, clock=9, time=2015-08-12 14:26:26.681]
     [java] CT notification: Obligation [subject=a10, obligation=[respondToRequest(3006)], sanction=[reduce(a10, 200)], deadline=12, time=2015-08-12 14:26:26.694, clock=9]
     [java] 10
     [java] 10
     [java] 10
     [java] CT obligation: [You should coordinate other players (with the use of norms) to surround a goal [3,3] from left, right, top and bottom  before the clock: 20. Penalty: 700 points., You should make a movement on the board before the clock: 15. Penalty: 200 points., You should be at the grid tile [2,3] before the clock: 24 to achieve a team goal. Penalty: up to 600 points., You should respond to request before the clock: 12. Penalty: 200 points.]
     [java] DEBUG root                           - received a move request...: 20
     [java] CT writes position: Position [subject=a20, id=null, cell=Cell [x=1, y=5], time=2015-08-12 14:26:27.432, clock=9]
     [java] CT writes: Position [subject=a20, id=null, cell=Cell [x=1, y=5], time=2015-08-12 14:26:27.432, clock=9]
     [java] CT notification: Time [clock=10, time=2015-08-12 14:26:29.17]
     [java] DEBUG root                           - received a move request...: 40
     [java] CT writes position: Position [subject=a40, id=null, cell=Cell [x=5, y=2], time=2015-08-12 14:26:33.12, clock=10]
     [java] CT writes: Position [subject=a40, id=null, cell=Cell [x=5, y=2], time=2015-08-12 14:26:33.12, clock=10]
     [java] DEBUG root                           - received a move request...: 20
     [java] CT writes position: Position [subject=a20, id=null, cell=Cell [x=2, y=5], time=2015-08-12 14:26:35.701, clock=10]
     [java] CT writes: Position [subject=a20, id=null, cell=Cell [x=2, y=5], time=2015-08-12 14:26:35.701, clock=10]
     [java] CT notification: Time [clock=11, time=2015-08-12 14:26:39.171]
     [java] DEBUG root                           - received a move request...: 40
     [java] CT writes position: Position [subject=a40, id=null, cell=Cell [x=5, y=3], time=2015-08-12 14:26:41.283, clock=11]
     [java] CT writes: Position [subject=a40, id=null, cell=Cell [x=5, y=3], time=2015-08-12 14:26:41.283, clock=11]
     [java] DEBUG root                           - received a move request...: 10
     [java] CT writes position: Position [subject=a10, id=null, cell=Cell [x=0, y=1], time=2015-08-12 14:26:41.491, clock=11]
     [java] CT writes: Position [subject=a10, id=null, cell=Cell [x=0, y=1], time=2015-08-12 14:26:41.491, clock=11]
     [java] DEBUG root                           - received a move request...: 20
     [java] CT writes position: Position [subject=a20, id=null, cell=Cell [x=2, y=4], time=2015-08-12 14:26:43.159, clock=11]
     [java] CT writes: Position [subject=a20, id=null, cell=Cell [x=2, y=4], time=2015-08-12 14:26:43.159, clock=11]
     [java] CT notification: Points [subject=a20, time=2015-08-12 14:26:43.17, clock=11, value=500, id=null]
     [java] 20
     [java] 20
     [java] DEBUG root                           - received a move request...: 10
     [java] CT writes position: Position [subject=a10, id=null, cell=Cell [x=0, y=2], time=2015-08-12 14:26:43.202, clock=11]
     [java] CT writes: Position [subject=a10, id=null, cell=Cell [x=0, y=2], time=2015-08-12 14:26:43.202, clock=11]
     [java] DEBUG root                           - received a move request...: 10
     [java] CT writes position: Position [subject=a10, id=null, cell=Cell [x=0, y=3], time=2015-08-12 14:26:44.035, clock=11]
     [java] CT writes: Position [subject=a10, id=null, cell=Cell [x=0, y=3], time=2015-08-12 14:26:44.035, clock=11]
     [java] DEBUG root                           - received a move request...: 10
     [java] CT writes position: Position [subject=a10, id=null, cell=Cell [x=1, y=3], time=2015-08-12 14:26:44.89, clock=11]
     [java] CT writes: Position [subject=a10, id=null, cell=Cell [x=1, y=3], time=2015-08-12 14:26:44.89, clock=11]
     [java] DEBUG root                           - received a move request...: 10
     [java] CT writes position: Position [subject=a10, id=null, cell=Cell [x=2, y=3], time=2015-08-12 14:26:48.185, clock=11]
     [java] CT writes: Position [subject=a10, id=null, cell=Cell [x=2, y=3], time=2015-08-12 14:26:48.185, clock=11]
     [java] DEBUG root                           - received a move request...: 40
     [java] CT writes position: Position [subject=a40, id=null, cell=Cell [x=4, y=3], time=2015-08-12 14:26:48.642, clock=11]
     [java] CT writes: Position [subject=a40, id=null, cell=Cell [x=4, y=3], time=2015-08-12 14:26:48.642, clock=11]
     [java] CT notification: Time [clock=12, time=2015-08-12 14:26:49.174]
     [java] DEBUG root                           - received a discourse mesage... 20
     [java] Received Discourse Message 
     [java] Class: class edu.harvard.eecs.airg.coloredtrails.shared.discourse.BasicProposalDiscourseMessage
     [java] From: 1
     [java] To: 0
     [java] DEBUG root                           - sendGameDiscourseMessage class edu.harvard.eecs.airg.coloredtrails.shared.discourse.BasicProposalDiscourseMessage
     [java] DEBUG root                           - FROM: 1 TO: 0(PIN: 10)
     [java] CT writes: Proposal [id=9042, agent=a20, agent2=a10, clock=12, time=2015-08-12 14:26:51.128]
     [java] CT notification: Obligation [subject=a10, obligation=[respondToRequest(9042)], sanction=[reduce(a10, 200)], deadline=15, time=2015-08-12 14:26:51.132, clock=12]
     [java] 10
     [java] 10
     [java] 10
     [java] CT obligation: [You should coordinate other players (with the use of norms) to surround a goal [3,3] from left, right, top and bottom  before the clock: 20. Penalty: 700 points., You should make a movement on the board before the clock: 15. Penalty: 200 points., You should be at the grid tile [2,3] before the clock: 24 to achieve a team goal. Penalty: up to 600 points., You should respond to request before the clock: 12. Penalty: 200 points., You should respond to request before the clock: 15. Penalty: 200 points.]
     [java] CT notification: Time [clock=13, time=2015-08-12 14:26:59.177]
     [java] DEBUG root                           - received a discourse mesage... 10
     [java] Received Discourse Message 
     [java] Class: class edu.harvard.eecs.airg.coloredtrails.shared.discourse.BasicProposalDiscussionDiscourseMessage
     [java] From: 0
     [java] To: 1
     [java] DEBUG root                           - sendGameDiscourseMessage class edu.harvard.eecs.airg.coloredtrails.shared.discourse.BasicProposalDiscussionDiscourseMessage
     [java] DEBUG root                           - FROM: 0 TO: 1(PIN: 20)
     [java] ---- BasicProposalDiscussionDiscourseMessage ----Discourse Message...
     [java] From PerGameId: 0.
     [java] To PerGameId: 1.
     [java] 
     [java] CT writes: Response [id=9042, response=accepted, clock=13, time=2015-08-12 14:27:00.823]
     [java] We have an accepted offer, chips before: 
     [java] player pin: 30
     [java] player chips: { chips  'blue':8 'white':0 'brown':5 'yellow':1 }
     [java] player pin: 20
     [java] player chips: { chips  'blue':2 'white':0 'brown':7 'yellow':2 }
     [java] player pin: 10
     [java] player chips: { chips  'blue':2 'white':1 'brown':2 'yellow':1 }
     [java] player pin: 40
     [java] player chips: { chips  'blue':2 'white':0 'brown':3 'yellow':8 }
     [java] Initiating Automatic Chip Transfer
     [java] Proposer:  1
     [java] Sending: { chips  }
     [java] Responder: 0
     [java] Sending: { chips  'white':1 }
     [java] EXECUTING AUTOMATIC CHIP TRANSFER
     [java] chips after: 
     [java] player pin: 30
     [java] player chips: { chips  'blue':8 'white':0 'brown':5 'yellow':1 }
     [java] player pin: 20
     [java] player chips: { chips  'blue':2 'white':1 'brown':7 'yellow':2 }
     [java] player pin: 10
     [java] player chips: { chips  'blue':2 'white':0 'brown':2 'yellow':1 }
     [java] player pin: 40
     [java] player chips: { chips  'blue':2 'white':0 'brown':3 'yellow':8 }
     [java] DEBUG root                           - received a move request...: 20
     [java] CT writes position: Position [subject=a20, id=null, cell=Cell [x=3, y=4], time=2015-08-12 14:27:01.282, clock=13]
     [java] CT writes: Position [subject=a20, id=null, cell=Cell [x=3, y=4], time=2015-08-12 14:27:01.282, clock=13]
     [java] CT notification: Time [clock=14, time=2015-08-12 14:27:09.179]
     [java] CT notification: Time [clock=15, time=2015-08-12 14:27:19.181]
     [java] A New Phase Began: Feedback Phase
     [java] CT notification: Time [clock=16, time=2015-08-12 14:27:29.183]
     [java] DEBUG root                           - Game ended id = 1
     [java] CT notification: Time [clock=17, time=2015-08-12 14:27:39.186]
     [java] CT notification: Time [clock=18, time=2015-08-12 14:27:49.189]
     [java] CT notification: Time [clock=19, time=2015-08-12 14:27:59.192]
     [java] CT notification: Time [clock=20, time=2015-08-12 14:28:09.195]
     [java] CT notification: Time [clock=21, time=2015-08-12 14:28:19.198]
     [java] CT notification: Time [clock=22, time=2015-08-12 14:28:29.201]
     [java] CT notification: Time [clock=23, time=2015-08-12 14:28:39.204]
     [java] CT notification: Time [clock=24, time=2015-08-12 14:28:49.206]
     [java] CT notification: Time [clock=25, time=2015-08-12 14:28:59.209]
     [java] CT notification: Time [clock=26, time=2015-08-12 14:29:09.212]
     [java] CT notification: Time [clock=27, time=2015-08-12 14:29:19.215]
     [java] CT notification: Time [clock=28, time=2015-08-12 14:29:29.218]
     [java] CT notification: Time [clock=29, time=2015-08-12 14:29:39.221]
     [java] CT notification: Time [clock=30, time=2015-08-12 14:29:49.224]
     [java] CT notification: Time [clock=31, time=2015-08-12 14:29:59.227]
     [java] CT notification: Time [clock=32, time=2015-08-12 14:30:09.23]
     [java] CT notification: Time [clock=33, time=2015-08-12 14:30:19.234]
     [java] CT notification: Time [clock=34, time=2015-08-12 14:30:29.237]
     [java] CT notification: Time [clock=35, time=2015-08-12 14:30:39.241]
     [java] CT notification: Time [clock=36, time=2015-08-12 14:30:49.244]
     [java] CT notification: Time [clock=37, time=2015-08-12 14:30:59.247]
     [java] CT notification: Time [clock=38, time=2015-08-12 14:31:09.25]
     [java] CT notification: Time [clock=39, time=2015-08-12 14:31:19.252]
     [java] CT notification: Time [clock=40, time=2015-08-12 14:31:29.255]
     [java] CT notification: Time [clock=41, time=2015-08-12 14:31:39.259]
     [java] CT notification: Time [clock=42, time=2015-08-12 14:31:49.262]
     [java] CT notification: Time [clock=43, time=2015-08-12 14:31:59.265]
     [java] CT notification: Time [clock=44, time=2015-08-12 14:32:09.269]
     [java] CT notification: Time [clock=45, time=2015-08-12 14:32:19.271]
     [java] CT notification: Time [clock=46, time=2015-08-12 14:32:29.273]
     [java] CT notification: Time [clock=47, time=2015-08-12 14:32:39.274]
     [java] INFO  BrokerService                  - ActiveMQ Message Broker (localhost, ID:kafka.local-52360-1439385363305-1:0) is shutting down
     [java] INFO  TransportConnector             - Connector tcp://kafka.local:8088 Stopped
     [java] WARN  ActiveMQConnection             - Async exception with no exception listener: java.io.EOFException
     [java] java.io.EOFException
     [java] 	at java.io.DataInputStream.readInt(DataInputStream.java:375)
     [java] 	at org.apache.activemq.openwire.OpenWireFormat.unmarshal(OpenWireFormat.java:269)
     [java] 	at org.apache.activemq.transport.tcp.TcpTransport.readCommand(TcpTransport.java:156)
     [java] 	at org.apache.activemq.transport.tcp.TcpTransport.run(TcpTransport.java:136)
     [java] 	at java.lang.Thread.run(Thread.java:695)
     [java] WARN  ActiveMQConnection             - Async exception with no exception listener: java.io.EOFException
     [java] java.io.EOFException
     [java] 	at java.io.DataInputStream.readInt(DataInputStream.java:375)
     [java] 	at org.apache.activemq.openwire.OpenWireFormat.unmarshal(OpenWireFormat.java:269)
     [java] 	at org.apache.activemq.transport.tcp.TcpTransport.readCommand(TcpTransport.java:156)
     [java] 	at org.apache.activemq.transport.tcp.TcpTransport.run(TcpTransport.java:136)
     [java] 	at java.lang.Thread.run(Thread.java:695)
     [java] WARN  ActiveMQConnection             - Async exception with no exception listener: java.io.EOFException
     [java] java.io.EOFException
     [java] 	at java.io.DataInputStream.readInt(DataInputStream.java:375)
     [java] 	at org.apache.activemq.openwire.OpenWireFormat.unmarshal(OpenWireFormat.java:269)
     [java] 	at org.apache.activemq.transport.tcp.TcpTransport.readCommand(TcpTransport.java:156)
     [java] 	at org.apache.activemq.transport.tcp.TcpTransport.run(TcpTransport.java:136)
     [java] 	at java.lang.Thread.run(Thread.java:695)
     [java] INFO  BrokerService                  - ActiveMQ JMS Message Broker (localhost, ID:kafka.local-52360-1439385363305-1:0) stopped

BUILD SUCCESSFUL
Total time: 16 minutes 42 seconds
