Buildfile: /Users/dxd/git/ct3/WebCT/build.xml

runserver:
     [java] INFO  BrokerService                  - ActiveMQ null JMS Message Broker (localhost) is starting
     [java] INFO  BrokerService                  - For help or more information please see: http://activemq.apache.org/
     [java] INFO  AMQPersistenceAdapter          - AMQStore starting using directory: activemq-data/localhost
     [java] INFO  KahaStore                      - Kaha Store using data directory /Users/dxd/git/ct3/WebCT/activemq-data/localhost/kr-store
     [java] INFO  AMQPersistenceAdapter          - Active data files: []
     [java] INFO  AMQPersistenceAdapter          - Journal Recovery Started from: DataManager:(data-)
     [java] INFO  AMQPersistenceAdapter          - Recovered 0 operations from redo log in 0.056 seconds.
     [java] INFO  BrokerService                  - Using Persistence Adapter: AMQPersistenceAdapter(activemq-data/localhost)
     [java] INFO  TransportServerThreadSupport   - Listening for connections at: tcp://kafka.local:8088
     [java] INFO  TransportConnector             - Connector tcp://kafka.local:8088 Started
     [java] INFO  BrokerService                  - ActiveMQ JMS Message Broker (localhost, ID:kafka.local-57968-1429536295693-1:0) started
     [java] INFO  root                           - Started the JMS Server
     [java] INFO  ManagementContext              - JMX consoles can connect to service:jmx:rmi:///jndi/rmi://localhost:1099/jmxrmi
     [java] INFO  BrokerService                  - About to delete any non-persistent messages that may have overflowed to disk ...
     [java] INFO  KahaStore                      - Kaha Store successfully deleted data directory activemq-data/localhost/tmp_storage
     [java] INFO  BrokerService                  - Successfully deleted temporary storage
     [java] INFO  root                           - Controller Interface has been started
     [java] INFO  root                           - ColoredTrails is now running...
     [java] Adding client state for 40
     [java] Adding client state for 30
     [java] Adding client state for 10
     [java] INFO  root                           - Colored Trails Server received a subcription message from client: 40 [192.168.0.2] of type 
     [java] INFO  root                           - Colored Trails Server received a subcription message from client: 30 [192.168.0.2] of type 
     [java] INFO  root                           - Colored Trails Server received a subcription message from client: 10 [192.168.0.2] of type 
     [java] Adding client state for 20
     [java] INFO  root                           - Colored Trails Server received a subcription message from client: 20 [192.168.0.2] of type 
     [java] Received message to add config class from: admin
     [java] INFO  root                           - Received message from admin: SET_CONFIGURATION
     [java] INFO  root                           - Received message from admin client:ADD_CONFIGURATION
     [java] DEBUG root                           - Administrator: adding configuration file [WebCTInputFileConfig] class name: WebCTInputFileConfig
     [java] INFO  root                           - Received message from admin client:NEW_GAME
     [java] DEBUG root                           - Administrator: newGame configName = [WebCTInputFileConfig] 
     [java] DEBUG root                           - Administrator: newGame adding Player: [10]
     [java] DEBUG root                           - Administrator: newGame adding Player: [20]
     [java] DEBUG root                           - Administrator: newGame adding Player: [30]
     [java] DEBUG root                           - Administrator: newGame adding Player: [40]
     [java] DEBUG root                           - ServerData addNewGame -- config file
     [java] DEBUG root                           - ServerData addNewGame -- Starting ServerGameStatus
     [java] DEBUG root                           - ServerData addNewGame -- Starting a new game with id: 0
     [java] DEBUG root                           - ClientCommands creating new Topic: ct3.game.0
     [java] DEBUG root                           - sending sendClientSubscribeToGameMessage: for game [0] and player [10]
     [java] DEBUG root                           - sending sendClientSubscribeToGameMessage: for game [0] and player [20]
     [java] DEBUG root                           - sending sendClientSubscribeToGameMessage: for game [0] and player [30]
     [java] DEBUG root                           - sending sendClientSubscribeToGameMessage: for game [0] and player [40]
     [java] INFO  root                           - Received message from admin client:LIST_GAMES
     [java] INFO  root                           - Received message from admin client:LIST_CONFIGURATIONS
     [java] received client subscribed successfully message
     [java] received client subscribed successfully message
     [java] received client subscribed successfully message
     [java] received client subscribed successfully message
     [java] All players subscribed to game, trying to start
     [java] INFO  root                           - Sending reply to controller: NEW_GAME_REPLY
     [java] DEBUG root                           - sendGameStart
     [java] DEBUG root                           - sendGameStart to controller
     [java] DEBUG root                           - sending game id = 0
     [java] INFO  root                           - Starting spaces 1
     [java] DEBUG UrlSpaceFactoryBean            - Finding Space with URL [jini:/*/*/myGrid] and properties [{com.j_spaces.core.container.shutdown_hook=false}]
     [java] 2015-04-20 14:25:19,705  INFO [com.gigaspaces.localcache] - LocalCache#1-myGrid was created successfully. Total time: 926 milliseconds
     [java] 2015-04-20 14:25:19,713 CONFIG [com.gigaspaces.logger] - Log file: /Users/dxd/git/ct3/logs/2015-04-20~14.25-gigaspaces-service-192.168.0.2-43001.log
     [java] DEBUG GigaSpaceFactoryBean           - Clustered flag automatically set to [true] since the space is a local cache space for bean [null]
     [java] DEBUG UrlSpaceFactoryBean            - Finding Space with URL [jini://*/*/myGrid] and properties [{com.j_spaces.core.container.shutdown_hook=false}]
     [java] zatim dobry
     [java] Let the game begin...
     [java] game id= 0
     [java] ---- Sending Scoring Change ----
     [java] setPhases in GameStatus
     [java] A New Phase Began: Communication Phase
     [java] -------- Creating Board --------
     [java] CT writes: Tile [id=null, cell=Cell [x=0, y=0], subject=green, time=2015-04-20 14:25:20.0, clock=0]
     [java] CT writes: Tile [id=null, cell=Cell [x=0, y=1], subject=green, time=2015-04-20 14:25:20.105, clock=0]
     [java] CT writes: Tile [id=null, cell=Cell [x=0, y=2], subject=red, time=2015-04-20 14:25:20.108, clock=0]
     [java] CT writes: Tile [id=null, cell=Cell [x=0, y=3], subject=orange, time=2015-04-20 14:25:20.112, clock=0]
     [java] CT writes: Tile [id=null, cell=Cell [x=0, y=4], subject=green, time=2015-04-20 14:25:20.116, clock=0]
     [java] CT writes: Tile [id=null, cell=Cell [x=1, y=0], subject=green, time=2015-04-20 14:25:20.121, clock=0]
     [java] CT writes: Tile [id=null, cell=Cell [x=1, y=1], subject=orange, time=2015-04-20 14:25:20.124, clock=0]
     [java] CT writes: Tile [id=null, cell=Cell [x=1, y=2], subject=red, time=2015-04-20 14:25:20.127, clock=0]
     [java] CT writes: Tile [id=null, cell=Cell [x=1, y=3], subject=red, time=2015-04-20 14:25:20.13, clock=0]
     [java] CT writes: Tile [id=null, cell=Cell [x=1, y=4], subject=purple, time=2015-04-20 14:25:20.132, clock=0]
     [java] CT writes: Tile [id=null, cell=Cell [x=2, y=0], subject=red, time=2015-04-20 14:25:20.135, clock=0]
     [java] CT writes: Tile [id=null, cell=Cell [x=2, y=1], subject=red, time=2015-04-20 14:25:20.137, clock=0]
     [java] CT writes: Tile [id=null, cell=Cell [x=2, y=2], subject=green, time=2015-04-20 14:25:20.139, clock=0]
     [java] CT writes: Tile [id=null, cell=Cell [x=2, y=3], subject=purple, time=2015-04-20 14:25:20.142, clock=0]
     [java] CT writes: Tile [id=null, cell=Cell [x=2, y=4], subject=red, time=2015-04-20 14:25:20.151, clock=0]
     [java] CT writes: Tile [id=null, cell=Cell [x=3, y=0], subject=red, time=2015-04-20 14:25:20.155, clock=0]
     [java] CT writes: Tile [id=null, cell=Cell [x=3, y=1], subject=orange, time=2015-04-20 14:25:20.159, clock=0]
     [java] CT writes: Tile [id=null, cell=Cell [x=3, y=2], subject=purple, time=2015-04-20 14:25:20.163, clock=0]
     [java] CT writes: Tile [id=null, cell=Cell [x=3, y=3], subject=purple, time=2015-04-20 14:25:20.167, clock=0]
     [java] CT writes: Tile [id=null, cell=Cell [x=3, y=4], subject=orange, time=2015-04-20 14:25:20.171, clock=0]
     [java] CT writes: Tile [id=null, cell=Cell [x=4, y=0], subject=green, time=2015-04-20 14:25:20.175, clock=0]
     [java] CT writes: Tile [id=null, cell=Cell [x=4, y=1], subject=purple, time=2015-04-20 14:25:20.181, clock=0]
     [java] CT writes: Tile [id=null, cell=Cell [x=4, y=2], subject=orange, time=2015-04-20 14:25:20.185, clock=0]
     [java] CT writes: Tile [id=null, cell=Cell [x=4, y=3], subject=purple, time=2015-04-20 14:25:20.19, clock=0]
     [java] CT writes: Tile [id=null, cell=Cell [x=4, y=4], subject=green, time=2015-04-20 14:25:20.193, clock=0]
     [java] CT writes goal: Goal [id=null, cell=Cell [x=3, y=0], agent=null, time=null, clock=0]
     [java] CT writes: Goal [id=null, cell=Cell [x=3, y=0], agent=null, time=2015-04-20 14:25:20.237, clock=0]
     [java] CT notification: Position [subject=a10, id=null, cell=Cell [x=2, y=3], time=2015-04-20 14:25:21.252, clock=2]
     [java] position: Position [subject=a10, id=null, cell=Cell [x=2, y=3], time=2015-04-20 14:25:21.252, clock=2]
     [java] null
     [java] Error while procession organization notification
     [java] java.lang.NullPointerException
     [java] 	at mwspaces.CTsetup.getID(CTsetup.java:175)
     [java] 	at mwspaces.CTsetup.event(CTsetup.java:142)
     [java] 	at mwspaces.CTHandler.notify(CTHandler.java:29)
     [java] 	at com.j_spaces.core.client.NotifyDelegator.notify(NotifyDelegator.java:142)
     [java] 	at com.gigaspaces.events.fifo.BlockedOrderedQueue$NotifyFifoTask.dequeueAndTrigger(BlockedOrderedQueue.java:319)
     [java] 	at com.gigaspaces.events.fifo.BlockedOrderedQueue$NotifyFifoTask.run(BlockedOrderedQueue.java:290)
     [java] 	at com.gigaspaces.internal.utils.concurrent.RunnableContextClassLoaderDecorator.run(RunnableContextClassLoaderDecorator.java:40)
     [java] 	at java.util.concurrent.ThreadPoolExecutor$Worker.runTask(ThreadPoolExecutor.java:895)
     [java] 	at java.util.concurrent.ThreadPoolExecutor$Worker.run(ThreadPoolExecutor.java:918)
     [java] 	at java.lang.Thread.run(Thread.java:695)
     [java] CT notification: Position [subject=a10, id=null, cell=Cell [x=2, y=2], time=2015-04-20 14:25:21.503, clock=2]
     [java] position: Position [subject=a10, id=null, cell=Cell [x=2, y=2], time=2015-04-20 14:25:21.503, clock=2]
     [java] null
     [java] Error while procession organization notification
     [java] java.lang.NullPointerException
     [java] 	at mwspaces.CTsetup.getID(CTsetup.java:175)
     [java] 	at mwspaces.CTsetup.event(CTsetup.java:142)
     [java] 	at mwspaces.CTHandler.notify(CTHandler.java:29)
     [java] 	at com.j_spaces.core.client.NotifyDelegator.notify(NotifyDelegator.java:142)
     [java] 	at com.gigaspaces.events.fifo.BlockedOrderedQueue$NotifyFifoTask.dequeueAndTrigger(BlockedOrderedQueue.java:319)
     [java] 	at com.gigaspaces.events.fifo.BlockedOrderedQueue$NotifyFifoTask.run(BlockedOrderedQueue.java:290)
     [java] 	at com.gigaspaces.internal.utils.concurrent.RunnableContextClassLoaderDecorator.run(RunnableContextClassLoaderDecorator.java:40)
     [java] 	at java.util.concurrent.ThreadPoolExecutor$Worker.runTask(ThreadPoolExecutor.java:895)
     [java] 	at java.util.concurrent.ThreadPoolExecutor$Worker.run(ThreadPoolExecutor.java:918)
     [java] 	at java.lang.Thread.run(Thread.java:695)
     [java] CT notification: Position [subject=a10, id=null, cell=Cell [x=2, y=1], time=2015-04-20 14:25:21.719, clock=2]
     [java] position: Position [subject=a10, id=null, cell=Cell [x=2, y=1], time=2015-04-20 14:25:21.719, clock=2]
     [java] null
     [java] Error while procession organization notification
     [java] java.lang.NullPointerException
     [java] 	at mwspaces.CTsetup.getID(CTsetup.java:175)
     [java] 	at mwspaces.CTsetup.event(CTsetup.java:142)
     [java] 	at mwspaces.CTHandler.notify(CTHandler.java:29)
     [java] 	at com.j_spaces.core.client.NotifyDelegator.notify(NotifyDelegator.java:142)
     [java] 	at com.gigaspaces.events.fifo.BlockedOrderedQueue$NotifyFifoTask.dequeueAndTrigger(BlockedOrderedQueue.java:319)
     [java] 	at com.gigaspaces.events.fifo.BlockedOrderedQueue$NotifyFifoTask.run(BlockedOrderedQueue.java:290)
     [java] 	at com.gigaspaces.internal.utils.concurrent.RunnableContextClassLoaderDecorator.run(RunnableContextClassLoaderDecorator.java:40)
     [java] 	at java.util.concurrent.ThreadPoolExecutor$Worker.runTask(ThreadPoolExecutor.java:895)
     [java] 	at java.util.concurrent.ThreadPoolExecutor$Worker.run(ThreadPoolExecutor.java:918)
     [java] 	at java.lang.Thread.run(Thread.java:695)
     [java] CT notification: Position [subject=a10, id=null, cell=Cell [x=2, y=0], time=2015-04-20 14:25:21.926, clock=2]
     [java] position: Position [subject=a10, id=null, cell=Cell [x=2, y=0], time=2015-04-20 14:25:21.926, clock=2]
     [java] null
     [java] Error while procession organization notification
     [java] java.lang.NullPointerException
     [java] 	at mwspaces.CTsetup.getID(CTsetup.java:175)
     [java] 	at mwspaces.CTsetup.event(CTsetup.java:142)
     [java] 	at mwspaces.CTHandler.notify(CTHandler.java:29)
     [java] 	at com.j_spaces.core.client.NotifyDelegator.notify(NotifyDelegator.java:142)
     [java] 	at com.gigaspaces.events.fifo.BlockedOrderedQueue$NotifyFifoTask.dequeueAndTrigger(BlockedOrderedQueue.java:319)
     [java] 	at com.gigaspaces.events.fifo.BlockedOrderedQueue$NotifyFifoTask.run(BlockedOrderedQueue.java:290)
     [java] 	at com.gigaspaces.internal.utils.concurrent.RunnableContextClassLoaderDecorator.run(RunnableContextClassLoaderDecorator.java:40)
     [java] 	at java.util.concurrent.ThreadPoolExecutor$Worker.runTask(ThreadPoolExecutor.java:895)
     [java] 	at java.util.concurrent.ThreadPoolExecutor$Worker.run(ThreadPoolExecutor.java:918)
     [java] 	at java.lang.Thread.run(Thread.java:695)
     [java] CT notification: Time [clock=3, time=null]
     [java] CT players (clone,for): 
     [java] CT writes position: 
     [java] CT writes position: Position [subject=a30, id=null, cell=Cell [x=0, y=0], time=2015-04-20 14:25:29.05, clock=3]
     [java] CT writes: Position [subject=a30, id=null, cell=Cell [x=0, y=0], time=2015-04-20 14:25:29.05, clock=3]
     [java] CT writes chips: 
     [java] CT writes chips: Chip [id=null, agent=a30, time=2015-04-20 14:25:29.061, color=orange, clock=3, number=1]
     [java] CT writes: Chip [id=null, agent=a30, time=2015-04-20 14:25:29.061, color=orange, clock=3, number=1]
     [java] CT notification: Position [subject=a30, id=null, cell=Cell [x=0, y=0], time=2015-04-20 14:25:29.05, clock=3]
     [java] position: Position [subject=a30, id=null, cell=Cell [x=0, y=0], time=2015-04-20 14:25:29.05, clock=3]
     [java] null
     [java] Error while procession organization notification
     [java] java.lang.NullPointerException
     [java] 	at mwspaces.CTsetup.getID(CTsetup.java:175)
     [java] 	at mwspaces.CTsetup.event(CTsetup.java:142)
     [java] 	at mwspaces.CTHandler.notify(CTHandler.java:29)
     [java] 	at com.j_spaces.core.client.NotifyDelegator.notify(NotifyDelegator.java:142)
     [java] 	at com.gigaspaces.events.fifo.BlockedOrderedQueue$NotifyFifoTask.dequeueAndTrigger(BlockedOrderedQueue.java:319)
     [java] 	at com.gigaspaces.events.fifo.BlockedOrderedQueue$NotifyFifoTask.run(BlockedOrderedQueue.java:290)
     [java] 	at com.gigaspaces.internal.utils.concurrent.RunnableContextClassLoaderDecorator.run(RunnableContextClassLoaderDecorator.java:40)
     [java] 	at java.util.concurrent.ThreadPoolExecutor$Worker.runTask(ThreadPoolExecutor.java:895)
     [java] 	at java.util.concurrent.ThreadPoolExecutor$Worker.run(ThreadPoolExecutor.java:918)
     [java] 	at java.lang.Thread.run(Thread.java:695)
     [java] CT writes chips: Chip [id=null, agent=a30, time=2015-04-20 14:25:29.07, color=red, clock=3, number=1]
     [java] CT writes: Chip [id=null, agent=a30, time=2015-04-20 14:25:29.07, color=red, clock=3, number=1]
     [java] CT writes chips: Chip [id=null, agent=a30, time=2015-04-20 14:25:29.073, color=purple, clock=3, number=3]
     [java] CT writes: Chip [id=null, agent=a30, time=2015-04-20 14:25:29.073, color=purple, clock=3, number=3]
     [java] CT writes chips: Chip [id=null, agent=a30, time=2015-04-20 14:25:29.074, color=green, clock=3, number=2]
     [java] CT writes: Chip [id=null, agent=a30, time=2015-04-20 14:25:29.074, color=green, clock=3, number=2]
     [java] CT writes position: 
     [java] CT writes position: Position [subject=a40, id=null, cell=Cell [x=3, y=3], time=2015-04-20 14:25:29.077, clock=3]
     [java] CT writes: Position [subject=a40, id=null, cell=Cell [x=3, y=3], time=2015-04-20 14:25:29.077, clock=3]
     [java] CT writes chips: 
     [java] CT writes chips: Chip [id=null, agent=a40, time=2015-04-20 14:25:29.078, color=orange, clock=3, number=2]
     [java] CT writes: Chip [id=null, agent=a40, time=2015-04-20 14:25:29.078, color=orange, clock=3, number=2]
     [java] CT notification: Position [subject=a40, id=null, cell=Cell [x=3, y=3], time=2015-04-20 14:25:29.077, clock=3]
     [java] position: Position [subject=a40, id=null, cell=Cell [x=3, y=3], time=2015-04-20 14:25:29.077, clock=3]
     [java] null
     [java] Error while procession organization notification
     [java] java.lang.NullPointerException
     [java] 	at mwspaces.CTsetup.getID(CTsetup.java:175)
     [java] 	at mwspaces.CTsetup.event(CTsetup.java:142)
     [java] 	at mwspaces.CTHandler.notify(CTHandler.java:29)
     [java] 	at com.j_spaces.core.client.NotifyDelegator.notify(NotifyDelegator.java:142)
     [java] 	at com.gigaspaces.events.fifo.BlockedOrderedQueue$NotifyFifoTask.dequeueAndTrigger(BlockedOrderedQueue.java:319)
     [java] 	at com.gigaspaces.events.fifo.BlockedOrderedQueue$NotifyFifoTask.run(BlockedOrderedQueue.java:290)
     [java] 	at com.gigaspaces.internal.utils.concurrent.RunnableContextClassLoaderDecorator.run(RunnableContextClassLoaderDecorator.java:40)
     [java] 	at java.util.concurrent.ThreadPoolExecutor$Worker.runTask(ThreadPoolExecutor.java:895)
     [java] 	at java.util.concurrent.ThreadPoolExecutor$Worker.run(ThreadPoolExecutor.java:918)
     [java] 	at java.lang.Thread.run(Thread.java:695)
     [java] CT writes chips: Chip [id=null, agent=a40, time=2015-04-20 14:25:29.08, color=red, clock=3, number=3]
     [java] CT writes: Chip [id=null, agent=a40, time=2015-04-20 14:25:29.08, color=red, clock=3, number=3]
     [java] CT writes chips: Chip [id=null, agent=a40, time=2015-04-20 14:25:29.082, color=purple, clock=3, number=1]
     [java] CT writes: Chip [id=null, agent=a40, time=2015-04-20 14:25:29.082, color=purple, clock=3, number=1]
     [java] CT writes chips: Chip [id=null, agent=a40, time=2015-04-20 14:25:29.085, color=green, clock=3, number=2]
     [java] CT writes: Chip [id=null, agent=a40, time=2015-04-20 14:25:29.085, color=green, clock=3, number=2]
     [java] CT writes position: 
     [java] CT writes position: Position [subject=a20, id=null, cell=Cell [x=2, y=2], time=2015-04-20 14:25:29.087, clock=3]
     [java] CT writes: Position [subject=a20, id=null, cell=Cell [x=2, y=2], time=2015-04-20 14:25:29.087, clock=3]
     [java] CT writes chips: 
     [java] CT writes chips: Chip [id=null, agent=a20, time=2015-04-20 14:25:29.09, color=orange, clock=3, number=1]
     [java] CT writes: Chip [id=null, agent=a20, time=2015-04-20 14:25:29.09, color=orange, clock=3, number=1]
     [java] CT notification: Position [subject=a20, id=null, cell=Cell [x=2, y=2], time=2015-04-20 14:25:29.087, clock=3]
     [java] position: Position [subject=a20, id=null, cell=Cell [x=2, y=2], time=2015-04-20 14:25:29.087, clock=3]
     [java] null
     [java] Error while procession organization notification
     [java] java.lang.NullPointerException
     [java] 	at mwspaces.CTsetup.getID(CTsetup.java:175)
     [java] 	at mwspaces.CTsetup.event(CTsetup.java:142)
     [java] 	at mwspaces.CTHandler.notify(CTHandler.java:29)
     [java] 	at com.j_spaces.core.client.NotifyDelegator.notify(NotifyDelegator.java:142)
     [java] 	at com.gigaspaces.events.fifo.BlockedOrderedQueue$NotifyFifoTask.dequeueAndTrigger(BlockedOrderedQueue.java:319)
     [java] 	at com.gigaspaces.events.fifo.BlockedOrderedQueue$NotifyFifoTask.run(BlockedOrderedQueue.java:290)
     [java] 	at com.gigaspaces.internal.utils.concurrent.RunnableContextClassLoaderDecorator.run(RunnableContextClassLoaderDecorator.java:40)
     [java] 	at java.util.concurrent.ThreadPoolExecutor$Worker.runTask(ThreadPoolExecutor.java:895)
     [java] 	at java.util.concurrent.ThreadPoolExecutor$Worker.run(ThreadPoolExecutor.java:918)
     [java] 	at java.lang.Thread.run(Thread.java:695)
     [java] CT writes chips: Chip [id=null, agent=a20, time=2015-04-20 14:25:29.092, color=red, clock=3, number=1]
     [java] CT writes: Chip [id=null, agent=a20, time=2015-04-20 14:25:29.092, color=red, clock=3, number=1]
     [java] CT writes chips: Chip [id=null, agent=a20, time=2015-04-20 14:25:29.094, color=purple, clock=3, number=3]
     [java] CT writes: Chip [id=null, agent=a20, time=2015-04-20 14:25:29.094, color=purple, clock=3, number=3]
     [java] CT writes chips: Chip [id=null, agent=a20, time=2015-04-20 14:25:29.095, color=green, clock=3, number=2]
     [java] CT writes: Chip [id=null, agent=a20, time=2015-04-20 14:25:29.095, color=green, clock=3, number=2]
     [java] CT writes position: 
     [java] CT writes position: Position [subject=a10, id=null, cell=Cell [x=1, y=1], time=2015-04-20 14:25:29.098, clock=3]
     [java] CT writes: Position [subject=a10, id=null, cell=Cell [x=1, y=1], time=2015-04-20 14:25:29.098, clock=3]
     [java] CT writes chips: 
     [java] CT writes chips: Chip [id=null, agent=a10, time=2015-04-20 14:25:29.101, color=orange, clock=3, number=2]
     [java] CT writes: Chip [id=null, agent=a10, time=2015-04-20 14:25:29.101, color=orange, clock=3, number=2]
     [java] CT notification: Position [subject=a10, id=null, cell=Cell [x=1, y=1], time=2015-04-20 14:25:29.098, clock=3]
     [java] position: Position [subject=a10, id=null, cell=Cell [x=1, y=1], time=2015-04-20 14:25:29.098, clock=3]
     [java] null
     [java] Error while procession organization notification
     [java] java.lang.NullPointerException
     [java] 	at mwspaces.CTsetup.getID(CTsetup.java:175)
     [java] 	at mwspaces.CTsetup.event(CTsetup.java:142)
     [java] 	at mwspaces.CTHandler.notify(CTHandler.java:29)
     [java] 	at com.j_spaces.core.client.NotifyDelegator.notify(NotifyDelegator.java:142)
     [java] 	at com.gigaspaces.events.fifo.BlockedOrderedQueue$NotifyFifoTask.dequeueAndTrigger(BlockedOrderedQueue.java:319)
     [java] 	at com.gigaspaces.events.fifo.BlockedOrderedQueue$NotifyFifoTask.run(BlockedOrderedQueue.java:290)
     [java] 	at com.gigaspaces.internal.utils.concurrent.RunnableContextClassLoaderDecorator.run(RunnableContextClassLoaderDecorator.java:40)
     [java] 	at java.util.concurrent.ThreadPoolExecutor$Worker.runTask(ThreadPoolExecutor.java:895)
     [java] 	at java.util.concurrent.ThreadPoolExecutor$Worker.run(ThreadPoolExecutor.java:918)
     [java] 	at java.lang.Thread.run(Thread.java:695)
     [java] CT writes chips: Chip [id=null, agent=a10, time=2015-04-20 14:25:29.109, color=red, clock=3, number=3]
     [java] CT writes: Chip [id=null, agent=a10, time=2015-04-20 14:25:29.109, color=red, clock=3, number=3]
     [java] CT writes chips: Chip [id=null, agent=a10, time=2015-04-20 14:25:29.112, color=purple, clock=3, number=1]
     [java] CT writes: Chip [id=null, agent=a10, time=2015-04-20 14:25:29.112, color=purple, clock=3, number=1]
     [java] CT writes chips: Chip [id=null, agent=a10, time=2015-04-20 14:25:29.114, color=green, clock=3, number=2]
     [java] CT writes: Chip [id=null, agent=a10, time=2015-04-20 14:25:29.114, color=green, clock=3, number=2]
     [java] CT notification: Time [clock=4, time=null]
     [java] CT players (clone,for): 
     [java] CT notification: Time [clock=5, time=null]
     [java] CT players (clone,for): 
     [java] Player: 30  Score: 5
     [java] Player: 40  Score: 10
     [java] Player: 20  Score: 5
     [java] Player: 10  Score: 10
     [java] A New Phase Began: Movement Phase
     [java] CT notification: Time [clock=6, time=null]
     [java] CT players (clone,for): 
     [java] A New Phase Began: Communication Phase
     [java] -------- Creating Board --------
     [java] CT writes: Tile [id=null, cell=Cell [x=0, y=0], subject=green, time=2015-04-20 14:26:00.031, clock=6]
     [java] CT writes: Tile [id=null, cell=Cell [x=0, y=1], subject=green, time=2015-04-20 14:26:00.033, clock=6]
     [java] CT writes: Tile [id=null, cell=Cell [x=0, y=2], subject=red, time=2015-04-20 14:26:00.035, clock=6]
     [java] CT writes: Tile [id=null, cell=Cell [x=0, y=3], subject=orange, time=2015-04-20 14:26:00.037, clock=6]
     [java] CT writes: Tile [id=null, cell=Cell [x=0, y=4], subject=green, time=2015-04-20 14:26:00.039, clock=6]
     [java] CT writes: Tile [id=null, cell=Cell [x=1, y=0], subject=green, time=2015-04-20 14:26:00.041, clock=6]
     [java] CT writes: Tile [id=null, cell=Cell [x=1, y=1], subject=orange, time=2015-04-20 14:26:00.043, clock=6]
     [java] CT writes: Tile [id=null, cell=Cell [x=1, y=2], subject=red, time=2015-04-20 14:26:00.046, clock=6]
     [java] CT writes: Tile [id=null, cell=Cell [x=1, y=3], subject=red, time=2015-04-20 14:26:00.047, clock=6]
     [java] CT writes: Tile [id=null, cell=Cell [x=1, y=4], subject=purple, time=2015-04-20 14:26:00.049, clock=6]
     [java] CT writes: Tile [id=null, cell=Cell [x=2, y=0], subject=red, time=2015-04-20 14:26:00.051, clock=6]
     [java] CT writes: Tile [id=null, cell=Cell [x=2, y=1], subject=red, time=2015-04-20 14:26:00.053, clock=6]
     [java] CT writes: Tile [id=null, cell=Cell [x=2, y=2], subject=green, time=2015-04-20 14:26:00.055, clock=6]
     [java] CT writes: Tile [id=null, cell=Cell [x=2, y=3], subject=purple, time=2015-04-20 14:26:00.056, clock=6]
     [java] CT writes: Tile [id=null, cell=Cell [x=2, y=4], subject=red, time=2015-04-20 14:26:00.059, clock=6]
     [java] CT writes: Tile [id=null, cell=Cell [x=3, y=0], subject=red, time=2015-04-20 14:26:00.062, clock=6]
     [java] CT writes: Tile [id=null, cell=Cell [x=3, y=1], subject=orange, time=2015-04-20 14:26:00.065, clock=6]
     [java] CT writes: Tile [id=null, cell=Cell [x=3, y=2], subject=purple, time=2015-04-20 14:26:00.069, clock=6]
     [java] CT writes: Tile [id=null, cell=Cell [x=3, y=3], subject=purple, time=2015-04-20 14:26:00.071, clock=6]
     [java] CT writes: Tile [id=null, cell=Cell [x=3, y=4], subject=orange, time=2015-04-20 14:26:00.073, clock=6]
     [java] CT writes: Tile [id=null, cell=Cell [x=4, y=0], subject=green, time=2015-04-20 14:26:00.074, clock=6]
     [java] CT writes: Tile [id=null, cell=Cell [x=4, y=1], subject=purple, time=2015-04-20 14:26:00.076, clock=6]
     [java] CT writes: Tile [id=null, cell=Cell [x=4, y=2], subject=orange, time=2015-04-20 14:26:00.077, clock=6]
     [java] CT writes: Tile [id=null, cell=Cell [x=4, y=3], subject=purple, time=2015-04-20 14:26:00.079, clock=6]
     [java] CT writes: Tile [id=null, cell=Cell [x=4, y=4], subject=green, time=2015-04-20 14:26:00.081, clock=6]
     [java] CT writes goal: Goal [id=null, cell=Cell [x=3, y=0], agent=null, time=null, clock=6]
     [java] CT writes: Goal [id=null, cell=Cell [x=3, y=0], agent=null, time=2015-04-20 14:26:00.088, clock=6]
     [java] CT notification: Time [clock=7, time=null]
     [java] CT players (clone,for): 
     [java] INFO  BrokerService                  - ActiveMQ Message Broker (localhost, ID:kafka.local-57968-1429536295693-1:0) is shutting down
     [java] WARN  ActiveMQConnection             - Async exception with no exception listener: java.io.EOFException
     [java] java.io.EOFException
     [java] 	at java.io.DataInputStream.readInt(DataInputStream.java:375)
     [java] 	at org.apache.activemq.openwire.OpenWireFormat.unmarshal(OpenWireFormat.java:269)
     [java] 	at org.apache.activemq.transport.tcp.TcpTransport.readCommand(TcpTransport.java:156)
     [java] 	at org.apache.activemq.transport.tcp.TcpTransport.run(TcpTransport.java:136)
     [java] 	at java.lang.Thread.run(Thread.java:695)
     [java] WARN  ActiveMQConnection             - Async exception with no exception listener: java.io.EOFException
     [java] java.io.EOFException
     [java] 	at java.io.DataInputStream.readInt(DataInputStream.java:375)
     [java] 	at org.apache.activemq.openwire.OpenWireFormat.unmarshal(OpenWireFormat.java:269)
     [java] 	at org.apache.activemq.transport.tcp.TcpTransport.readCommand(TcpTransport.java:156)
     [java] 	at org.apache.activemq.transport.tcp.TcpTransport.run(TcpTransport.java:136)
     [java] 	at java.lang.Thread.run(Thread.java:695)
     [java] INFO  TransportConnector             - Connector tcp://kafka.local:8088 Stopped
     [java] INFO  BrokerService                  - ActiveMQ JMS Message Broker (localhost, ID:kafka.local-57968-1429536295693-1:0) stopped

BUILD SUCCESSFUL
Total time: 1 minute 22 seconds
