Buildfile: /Users/dxd/git/ct3/WebCT/build.xml

runserver:
     [java] INFO  BrokerService                  - ActiveMQ null JMS Message Broker (localhost) is starting
     [java] INFO  BrokerService                  - For help or more information please see: http://activemq.apache.org/
     [java] INFO  AMQPersistenceAdapter          - AMQStore starting using directory: activemq-data/localhost
     [java] INFO  KahaStore                      - Kaha Store using data directory /Users/dxd/git/ct3/WebCT/activemq-data/localhost/kr-store
     [java] INFO  AMQPersistenceAdapter          - Active data files: []
     [java] INFO  AMQPersistenceAdapter          - Journal Recovery Started from: DataManager:(data-)
     [java] INFO  AMQPersistenceAdapter          - Recovered 0 operations from redo log in 0.071 seconds.
     [java] INFO  BrokerService                  - Using Persistence Adapter: AMQPersistenceAdapter(activemq-data/localhost)
     [java] INFO  TransportServerThreadSupport   - Listening for connections at: tcp://kafka.local:8088
     [java] INFO  TransportConnector             - Connector tcp://kafka.local:8088 Started
     [java] INFO  BrokerService                  - ActiveMQ JMS Message Broker (localhost, ID:kafka.local-59581-1431948295407-1:0) started
     [java] INFO  root                           - Started the JMS Server
     [java] INFO  ManagementContext              - JMX consoles can connect to service:jmx:rmi:///jndi/rmi://localhost:1099/jmxrmi
     [java] INFO  BrokerService                  - About to delete any non-persistent messages that may have overflowed to disk ...
     [java] INFO  KahaStore                      - Kaha Store successfully deleted data directory activemq-data/localhost/tmp_storage
     [java] INFO  BrokerService                  - Successfully deleted temporary storage
     [java] INFO  root                           - Controller Interface has been started
     [java] INFO  root                           - ColoredTrails is now running...
     [java] Adding client state for 20
     [java] INFO  root                           - Colored Trails Server received a subcription message from client: 20 [192.168.1.101] of type 
     [java] Adding client state for 10
     [java] Adding client state for 30
     [java] Adding client state for 40
     [java] INFO  root                           - Colored Trails Server received a subcription message from client: 10 [192.168.1.101] of type 
     [java] INFO  root                           - Colored Trails Server received a subcription message from client: 30 [192.168.1.101] of type 
     [java] INFO  root                           - Colored Trails Server received a subcription message from client: 40 [192.168.1.101] of type 
     [java] Received message to add config class from: admin
     [java] INFO  root                           - Received message from admin: SET_CONFIGURATION
     [java] INFO  root                           - Received message from admin client:ADD_CONFIGURATION
     [java] DEBUG root                           - Administrator: adding configuration file [WebCTInputFileConfig] class name: WebCTInputFileConfig
     [java] INFO  root                           - Received message from admin client:NEW_GAME
     [java] DEBUG root                           - Administrator: newGame configName = [WebCTInputFileConfig] 
     [java] DEBUG root                           - Administrator: newGame adding Player: [10]
     [java] DEBUG root                           - Administrator: newGame adding Player: [20]
     [java] DEBUG root                           - Administrator: newGame adding Player: [30]
     [java] DEBUG root                           - Administrator: newGame adding Player: [40]
     [java] DEBUG root                           - ServerData addNewGame -- config file
     [java] DEBUG root                           - ServerData addNewGame -- Starting ServerGameStatus
     [java] DEBUG root                           - ServerData addNewGame -- Starting a new game with id: 0
     [java] DEBUG root                           - ClientCommands creating new Topic: ct3.game.0
     [java] DEBUG root                           - sending sendClientSubscribeToGameMessage: for game [0] and player [10]
     [java] DEBUG root                           - sending sendClientSubscribeToGameMessage: for game [0] and player [20]
     [java] DEBUG root                           - sending sendClientSubscribeToGameMessage: for game [0] and player [30]
     [java] DEBUG root                           - sending sendClientSubscribeToGameMessage: for game [0] and player [40]
     [java] INFO  root                           - Received message from admin client:LIST_GAMES
     [java] INFO  root                           - Received message from admin client:LIST_CONFIGURATIONS
     [java] received client subscribed successfully message
     [java] received client subscribed successfully message
     [java] received client subscribed successfully message
     [java] received client subscribed successfully message
     [java] All players subscribed to game, trying to start
     [java] INFO  root                           - Sending reply to controller: NEW_GAME_REPLY
     [java] DEBUG root                           - sendGameStart
     [java] DEBUG root                           - sendGameStart to controller
     [java] DEBUG root                           - sending game id = 0
     [java] INFO  root                           - Starting spaces 1
     [java] DEBUG UrlSpaceFactoryBean            - Finding Space with URL [jini:/*/*/myGrid] and properties [{com.j_spaces.core.container.shutdown_hook=false}]
     [java] 2015-05-18 12:25:24,724 CONFIG [com.gigaspaces.logger] - Log file: /Users/dxd/git/ct3/logs/2015-05-18~12.25-gigaspaces-service-192.168.1.101-63792.log
     [java] 2015-05-18 12:25:24,718  INFO [com.gigaspaces.localcache] - LocalCache#1-myGrid was created successfully. Total time: 534 milliseconds
     [java] DEBUG GigaSpaceFactoryBean           - Clustered flag automatically set to [true] since the space is a local cache space for bean [null]
     [java] DEBUG UrlSpaceFactoryBean            - Finding Space with URL [jini://*/*/myGrid] and properties [{com.j_spaces.core.container.shutdown_hook=false}]
     [java] zatim dobry
     [java] Let the game begin...
     [java] game id= 0
     [java] ---- Sending Scoring Change ----
     [java] setPhases in GameStatus
     [java] A New Phase Began: Norm Phase
     [java] -------- Creating Board --------
     [java] CT writes: Tile [id=null, cell=Cell [x=0, y=0], subject=brown, time=2015-05-18 12:25:24.916, clock=0]
     [java] CT writes: Tile [id=null, cell=Cell [x=0, y=1], subject=brown, time=2015-05-18 12:25:24.954, clock=0]
     [java] CT writes: Tile [id=null, cell=Cell [x=0, y=2], subject=white, time=2015-05-18 12:25:24.956, clock=0]
     [java] CT writes: Tile [id=null, cell=Cell [x=0, y=3], subject=yellow, time=2015-05-18 12:25:24.957, clock=0]
     [java] CT writes: Tile [id=null, cell=Cell [x=0, y=4], subject=brown, time=2015-05-18 12:25:24.959, clock=0]
     [java] CT writes: Tile [id=null, cell=Cell [x=1, y=0], subject=brown, time=2015-05-18 12:25:24.961, clock=0]
     [java] CT writes: Tile [id=null, cell=Cell [x=1, y=1], subject=yellow, time=2015-05-18 12:25:24.963, clock=0]
     [java] CT writes: Tile [id=null, cell=Cell [x=1, y=2], subject=white, time=2015-05-18 12:25:24.964, clock=0]
     [java] CT writes: Tile [id=null, cell=Cell [x=1, y=3], subject=white, time=2015-05-18 12:25:24.966, clock=0]
     [java] CT writes: Tile [id=null, cell=Cell [x=1, y=4], subject=myblue, time=2015-05-18 12:25:24.968, clock=0]
     [java] CT writes: Tile [id=null, cell=Cell [x=2, y=0], subject=white, time=2015-05-18 12:25:24.97, clock=0]
     [java] CT writes: Tile [id=null, cell=Cell [x=2, y=1], subject=white, time=2015-05-18 12:25:24.972, clock=0]
     [java] CT writes: Tile [id=null, cell=Cell [x=2, y=2], subject=brown, time=2015-05-18 12:25:24.977, clock=0]
     [java] CT writes: Tile [id=null, cell=Cell [x=2, y=3], subject=myblue, time=2015-05-18 12:25:24.979, clock=0]
     [java] CT writes: Tile [id=null, cell=Cell [x=2, y=4], subject=white, time=2015-05-18 12:25:24.981, clock=0]
     [java] CT writes: Tile [id=null, cell=Cell [x=3, y=0], subject=white, time=2015-05-18 12:25:24.982, clock=0]
     [java] CT writes: Tile [id=null, cell=Cell [x=3, y=1], subject=yellow, time=2015-05-18 12:25:24.985, clock=0]
     [java] CT writes: Tile [id=null, cell=Cell [x=3, y=2], subject=myblue, time=2015-05-18 12:25:24.987, clock=0]
     [java] CT writes: Tile [id=null, cell=Cell [x=3, y=3], subject=myblue, time=2015-05-18 12:25:24.989, clock=0]
     [java] CT writes: Tile [id=null, cell=Cell [x=3, y=4], subject=yellow, time=2015-05-18 12:25:24.99, clock=0]
     [java] CT writes: Tile [id=null, cell=Cell [x=4, y=0], subject=brown, time=2015-05-18 12:25:24.992, clock=0]
     [java] CT writes: Tile [id=null, cell=Cell [x=4, y=1], subject=myblue, time=2015-05-18 12:25:24.993, clock=0]
     [java] CT writes: Tile [id=null, cell=Cell [x=4, y=2], subject=yellow, time=2015-05-18 12:25:24.995, clock=0]
     [java] CT writes: Tile [id=null, cell=Cell [x=4, y=3], subject=myblue, time=2015-05-18 12:25:24.996, clock=0]
     [java] CT writes: Tile [id=null, cell=Cell [x=4, y=4], subject=brown, time=2015-05-18 12:25:24.998, clock=0]
     [java] CT writes goal: Goal [id=null, cell=Cell [x=2, y=2], agent=null, time=null, clock=0]
     [java] CT writes: Goal [id=null, cell=Cell [x=2, y=2], agent=null, time=2015-05-18 12:25:25.02, clock=0]
     [java] revelation chips: { chips  'myblue':0 'white':0 'brown':0 'yellow':0 }
     [java] revelation chips: { chips  'myblue':0 'white':0 'brown':0 'yellow':0 }
     [java] revelation chips: { chips  'myblue':0 'white':0 'brown':0 'yellow':0 }
     [java] revelation chips: { chips  'myblue':0 'white':0 'brown':0 'yellow':0 }
     [java] A New Phase Began: Communication Phase
     [java] A New Phase Began: Movement Phase
     [java] CT notification: Time [clock=2, time=2015-05-18 12:25:34.033]
     [java] CT players (clone,for): 
     [java] CT writes position: Position [subject=a10, id=null, cell=Cell [x=0, y=0], time=2015-05-18 12:25:47.524, clock=2]
     [java] CT writes: Position [subject=a10, id=null, cell=Cell [x=0, y=0], time=2015-05-18 12:25:47.524, clock=2]
     [java] CT writes position: Position [subject=a20, id=null, cell=Cell [x=0, y=4], time=2015-05-18 12:25:47.536, clock=2]
     [java] CT writes: Position [subject=a20, id=null, cell=Cell [x=0, y=4], time=2015-05-18 12:25:47.536, clock=2]
     [java] CT writes position: Position [subject=a40, id=null, cell=Cell [x=4, y=0], time=2015-05-18 12:25:47.539, clock=2]
     [java] CT writes: Position [subject=a40, id=null, cell=Cell [x=4, y=0], time=2015-05-18 12:25:47.539, clock=2]
     [java] CT writes position: Position [subject=a30, id=null, cell=Cell [x=4, y=4], time=2015-05-18 12:25:47.543, clock=2]
     [java] CT writes: Position [subject=a30, id=null, cell=Cell [x=4, y=4], time=2015-05-18 12:25:47.543, clock=2]
     [java] CT notification: Time [clock=3, time=2015-05-18 12:25:44.036]
     [java] CT players (clone,for): 
     [java] CT notification: Position [subject=a10, id=null, cell=Cell [x=0, y=0], time=2015-05-18 12:25:47.524, clock=2]
     [java] 10
     [java] CT notification: Position [subject=a20, id=null, cell=Cell [x=0, y=4], time=2015-05-18 12:25:47.536, clock=2]
     [java] 20
     [java] 20
     [java] CT notification: Position [subject=a40, id=null, cell=Cell [x=4, y=0], time=2015-05-18 12:25:47.539, clock=2]
     [java] 40
     [java] 40
     [java] 40
     [java] CT notification: Position [subject=a30, id=null, cell=Cell [x=4, y=4], time=2015-05-18 12:25:47.543, clock=2]
     [java] 30
     [java] 30
     [java] 30
     [java] 30
     [java] CT notification: Prohibition [subject=a20, prohibition=[rejectRequests(a20)], sanction=[reduce(a20, 500)], clock=3, time=2015-05-18 12:25:47.638]
     [java] 20
     [java] 20
     [java] CT prohibition: [Prohibition to reject requests for chips from the other players or 500 will be deducted.]
     [java] CT notification: Prohibition [subject=a20, prohibition=[moveTooFast(a20)], sanction=[reduce(a20, 300)], clock=3, time=2015-05-18 12:25:47.65]
     [java] 20
     [java] 20
     [java] CT prohibition: [Prohibition to reject requests for chips from the other players or 500 will be deducted., Prohibition to move more than 1 square per clock tick or 300 will be deducted.]
     [java] CT notification: Obligation [subject=a20, obligation=[at(1, 2, a20)], sanction=[reduce(a20, 500)], deadline=9, time=2015-05-18 12:25:49.028, clock=3]
     [java] 20
     [java] 20
     [java] CT obligation: [Obligation to be at the grid tile [1,2] before clock 9 or 500 will be deducted.]
     [java] DEBUG root                           - received a move request...: 10
     [java] DEBUG root                           - received a move request...: 30
     [java] DEBUG root                           - received a move request...: 40
     [java] DEBUG root                           - received a move request...: 10
     [java] DEBUG root                           - received a move request...: 30
     [java] DEBUG root                           - received a move request...: 40
     [java] DEBUG root                           - received a move request...: 30
     [java] DEBUG root                           - received a move request...: 10
     [java] DEBUG root                           - received a move request...: 40
     [java] DEBUG root                           - received a move request...: 40
     [java] DEBUG root                           - received a move request...: 40
     [java] CT notification: Time [clock=4, time=2015-05-18 12:25:54.038]
     [java] CT players (clone,for): 
     [java] CT writes position: Position [subject=a10, id=null, cell=Cell [x=2, y=1], time=2015-05-18 12:25:54.05, clock=4]
     [java] CT writes: Position [subject=a10, id=null, cell=Cell [x=2, y=1], time=2015-05-18 12:25:54.05, clock=4]
     [java] CT writes position: Position [subject=a40, id=null, cell=Cell [x=2, y=3], time=2015-05-18 12:25:54.058, clock=4]
     [java] CT writes: Position [subject=a40, id=null, cell=Cell [x=2, y=3], time=2015-05-18 12:25:54.058, clock=4]
     [java] CT notification: Position [subject=a10, id=null, cell=Cell [x=2, y=1], time=2015-05-18 12:25:54.05, clock=4]
     [java] 10
     [java] CT writes position: Position [subject=a30, id=null, cell=Cell [x=3, y=2], time=2015-05-18 12:25:54.06, clock=4]
     [java] CT writes: Position [subject=a30, id=null, cell=Cell [x=3, y=2], time=2015-05-18 12:25:54.06, clock=4]
     [java] CT notification: Position [subject=a40, id=null, cell=Cell [x=2, y=3], time=2015-05-18 12:25:54.058, clock=4]
     [java] 40
     [java] 40
     [java] 40
     [java] CT notification: Position [subject=a30, id=null, cell=Cell [x=3, y=2], time=2015-05-18 12:25:54.06, clock=4]
     [java] 30
     [java] 30
     [java] 30
     [java] 30
     [java] CT notification: Time [clock=5, time=2015-05-18 12:26:04.041]
     [java] CT players (clone,for): 
     [java] CT notification: Time [clock=6, time=2015-05-18 12:26:14.043]
     [java] CT players (clone,for): 
     [java] CT notification: Time [clock=7, time=2015-05-18 12:26:24.056]
     [java] CT players (clone,for): 
     [java] CT notification: Time [clock=8, time=2015-05-18 12:26:34.059]
     [java] CT players (clone,for): 
     [java] CT notification: Time [clock=9, time=2015-05-18 12:26:44.061]
     [java] CT players (clone,for): 
     [java] A New Phase Began: Feedback Phase
     [java] DEBUG root                           - Game ended id = 0
     [java] CT notification: Time [clock=10, time=2015-05-18 12:26:54.063]
     [java] CT players (clone,for): 
     [java] CT notification: Time [clock=11, time=2015-05-18 12:27:04.07]
     [java] CT players (clone,for): 
     [java] CT notification: Time [clock=12, time=2015-05-18 12:27:14.072]
     [java] CT players (clone,for): 
     [java] CT notification: Time [clock=13, time=2015-05-18 12:27:24.074]
     [java] CT players (clone,for): 
     [java] CT notification: Time [clock=14, time=2015-05-18 12:27:34.075]
     [java] CT players (clone,for): 
     [java] CT notification: Points [subject=a20, time=2015-05-18 12:27:34.082, clock=14, value=500, id=null]
     [java] 20
     [java] 20
     [java] CT notification: Time [clock=15, time=2015-05-18 12:27:44.077]
     [java] CT players (clone,for): 
     [java] CT notification: Time [clock=16, time=2015-05-18 12:27:54.079]
     [java] CT players (clone,for): 
     [java] CT notification: Time [clock=17, time=2015-05-18 12:28:04.081]
     [java] CT players (clone,for): 
     [java] CT notification: Time [clock=18, time=2015-05-18 12:28:14.082]
     [java] CT players (clone,for): 
     [java] CT notification: Time [clock=19, time=2015-05-18 12:28:24.085]
     [java] CT players (clone,for): 
     [java] CT notification: Time [clock=20, time=2015-05-18 12:28:34.087]
     [java] CT players (clone,for): 
     [java] CT notification: Time [clock=21, time=2015-05-18 12:28:44.089]
     [java] CT players (clone,for): 
     [java] CT notification: Time [clock=22, time=2015-05-18 12:28:54.091]
     [java] CT players (clone,for): 
     [java] CT notification: Time [clock=23, time=2015-05-18 12:29:04.093]
     [java] CT players (clone,for): 
     [java] CT notification: Time [clock=24, time=2015-05-18 12:29:14.095]
     [java] CT players (clone,for): 
     [java] CT notification: Time [clock=25, time=2015-05-18 12:29:24.097]
     [java] CT players (clone,for): 
     [java] Client 40 disconnected!!!!!!!!!!!!!!!!!!!!!!!!!!!!!!!!!!!!!!!!!!!!!!
     [java] Client 10 disconnected!!!!!!!!!!!!!!!!!!!!!!!!!!!!!!!!!!!!!!!!!!!!!!
     [java] Client 30 disconnected!!!!!!!!!!!!!!!!!!!!!!!!!!!!!!!!!!!!!!!!!!!!!!
     [java] INFO  BrokerService                  - ActiveMQ Message Broker (localhost, ID:kafka.local-59581-1431948295407-1:0) is shutting down
     [java] WARN  ActiveMQConnection             - Async exception with no exception listener: java.io.EOFException
     [java] java.io.EOFException
     [java] 	at java.io.DataInputStream.readInt(DataInputStream.java:375)
     [java] 	at org.apache.activemq.openwire.OpenWireFormat.unmarshal(OpenWireFormat.java:269)
     [java] 	at org.apache.activemq.transport.tcp.TcpTransport.readCommand(TcpTransport.java:156)
     [java] 	at org.apache.activemq.transport.tcp.TcpTransport.run(TcpTransport.java:136)
     [java] 	at java.lang.Thread.run(Thread.java:695)
     [java] WARN  ActiveMQConnection             - Async exception with no exception listener: java.io.EOFException
     [java] java.io.EOFException
     [java] 	at java.io.DataInputStream.readInt(DataInputStream.java:375)
     [java] 	at org.apache.activemq.openwire.OpenWireFormat.unmarshal(OpenWireFormat.java:269)
     [java] 	at org.apache.activemq.transport.tcp.TcpTransport.readCommand(TcpTransport.java:156)
     [java] 	at org.apache.activemq.transport.tcp.TcpTransport.run(TcpTransport.java:136)
     [java] 	at java.lang.Thread.run(Thread.java:695)
     [java] INFO  TransportConnector             - Connector tcp://kafka.local:8088 Stopped
     [java] INFO  BrokerService                  - ActiveMQ JMS Message Broker (localhost, ID:kafka.local-59581-1431948295407-1:0) stopped

BUILD SUCCESSFUL
Total time: 4 minutes 48 seconds
