Buildfile: /Users/dxd/git/ct3/WebCT/build.xml

runserver:
     [java] INFO  BrokerService                  - ActiveMQ null JMS Message Broker (localhost) is starting
     [java] INFO  BrokerService                  - For help or more information please see: http://activemq.apache.org/
     [java] INFO  AMQPersistenceAdapter          - AMQStore starting using directory: activemq-data/localhost
     [java] INFO  KahaStore                      - Kaha Store using data directory /Users/dxd/git/ct3/WebCT/activemq-data/localhost/kr-store
     [java] INFO  AMQPersistenceAdapter          - Active data files: []
     [java] INFO  AMQPersistenceAdapter          - Journal Recovery Started from: DataManager:(data-)
     [java] INFO  AMQPersistenceAdapter          - Recovered 0 operations from redo log in 0.113 seconds.
     [java] INFO  BrokerService                  - Using Persistence Adapter: AMQPersistenceAdapter(activemq-data/localhost)
     [java] INFO  TransportServerThreadSupport   - Listening for connections at: tcp://kafka.local:8088
     [java] INFO  TransportConnector             - Connector tcp://kafka.local:8088 Started
     [java] INFO  BrokerService                  - ActiveMQ JMS Message Broker (localhost, ID:kafka.local-61109-1431693611538-1:0) started
     [java] INFO  root                           - Started the JMS Server
     [java] INFO  ManagementContext              - JMX consoles can connect to service:jmx:rmi:///jndi/rmi://localhost:1099/jmxrmi
     [java] INFO  BrokerService                  - About to delete any non-persistent messages that may have overflowed to disk ...
     [java] INFO  KahaStore                      - Kaha Store successfully deleted data directory activemq-data/localhost/tmp_storage
     [java] INFO  BrokerService                  - Successfully deleted temporary storage
     [java] INFO  root                           - Controller Interface has been started
     [java] INFO  root                           - ColoredTrails is now running...
     [java] INFO  root                           - Colored Trails Server received a subcription message from client: 30 [192.168.0.40] of type 
     [java] INFO  root                           - Colored Trails Server received a subcription message from client: 10 [192.168.0.40] of type 
     [java] INFO  root                           - Colored Trails Server received a subcription message from client: 40 [192.168.0.40] of type 
     [java] Adding client state for 30
     [java] Adding client state for 10
     [java] Adding client state for 40
     [java] Adding client state for 20
     [java] INFO  root                           - Colored Trails Server received a subcription message from client: 20 [192.168.0.40] of type 
     [java] Received message to add config class from: admin
     [java] INFO  root                           - Received message from admin: SET_CONFIGURATION
     [java] INFO  root                           - Received message from admin client:ADD_CONFIGURATION
     [java] DEBUG root                           - Administrator: adding configuration file [WebCTInputFileConfig] class name: WebCTInputFileConfig
     [java] INFO  root                           - Received message from admin client:NEW_GAME
     [java] DEBUG root                           - Administrator: newGame configName = [WebCTInputFileConfig] 
     [java] DEBUG root                           - Administrator: newGame adding Player: [10]
     [java] DEBUG root                           - Administrator: newGame adding Player: [20]
     [java] DEBUG root                           - Administrator: newGame adding Player: [30]
     [java] DEBUG root                           - Administrator: newGame adding Player: [40]
     [java] DEBUG root                           - ServerData addNewGame -- config file
     [java] DEBUG root                           - ServerData addNewGame -- Starting ServerGameStatus
     [java] DEBUG root                           - ServerData addNewGame -- Starting a new game with id: 0
     [java] DEBUG root                           - ClientCommands creating new Topic: ct3.game.0
     [java] DEBUG root                           - sending sendClientSubscribeToGameMessage: for game [0] and player [10]
     [java] DEBUG root                           - sending sendClientSubscribeToGameMessage: for game [0] and player [20]
     [java] DEBUG root                           - sending sendClientSubscribeToGameMessage: for game [0] and player [30]
     [java] DEBUG root                           - sending sendClientSubscribeToGameMessage: for game [0] and player [40]
     [java] INFO  root                           - Received message from admin client:LIST_GAMES
     [java] INFO  root                           - Received message from admin client:LIST_CONFIGURATIONS
     [java] received client subscribed successfully message
     [java] received client subscribed successfully message
     [java] received client subscribed successfully message
     [java] received client subscribed successfully message
     [java] All players subscribed to game, trying to start
     [java] INFO  root                           - Sending reply to controller: NEW_GAME_REPLY
     [java] DEBUG root                           - sendGameStart
     [java] DEBUG root                           - sendGameStart to controller
     [java] DEBUG root                           - sending game id = 0
     [java] INFO  root                           - Starting spaces 1
     [java] DEBUG UrlSpaceFactoryBean            - Finding Space with URL [jini:/*/*/myGrid] and properties [{com.j_spaces.core.container.shutdown_hook=false}]
     [java] 2015-05-15 13:41:03,790  INFO [com.gigaspaces.localcache] - LocalCache#1-myGrid was created successfully. Total time: 1.08 seconds
     [java] 2015-05-15 13:41:03,796 CONFIG [com.gigaspaces.logger] - Log file: /Users/dxd/git/ct3/logs/2015-05-15~13.41-gigaspaces-service-192.168.0.40-59477.log
     [java] DEBUG GigaSpaceFactoryBean           - Clustered flag automatically set to [true] since the space is a local cache space for bean [null]
     [java] DEBUG UrlSpaceFactoryBean            - Finding Space with URL [jini://*/*/myGrid] and properties [{com.j_spaces.core.container.shutdown_hook=false}]
     [java] zatim dobry
     [java] Let the game begin...
     [java] game id= 0
     [java] ---- Sending Scoring Change ----
     [java] setPhases in GameStatus
     [java] A New Phase Began: Norm Phase
     [java] -------- Creating Board --------
     [java] CT writes: Tile [id=null, cell=Cell [x=0, y=0], subject=brown, time=2015-05-15 13:41:04.178, clock=0]
     [java] CT writes: Tile [id=null, cell=Cell [x=0, y=1], subject=brown, time=2015-05-15 13:41:04.555, clock=0]
     [java] CT writes: Tile [id=null, cell=Cell [x=0, y=2], subject=white, time=2015-05-15 13:41:04.557, clock=0]
     [java] CT writes: Tile [id=null, cell=Cell [x=0, y=3], subject=yellow, time=2015-05-15 13:41:04.56, clock=0]
     [java] CT writes: Tile [id=null, cell=Cell [x=0, y=4], subject=brown, time=2015-05-15 13:41:04.564, clock=0]
     [java] CT writes: Tile [id=null, cell=Cell [x=1, y=0], subject=brown, time=2015-05-15 13:41:04.567, clock=0]
     [java] CT writes: Tile [id=null, cell=Cell [x=1, y=1], subject=yellow, time=2015-05-15 13:41:04.57, clock=0]
     [java] CT writes: Tile [id=null, cell=Cell [x=1, y=2], subject=white, time=2015-05-15 13:41:04.574, clock=0]
     [java] CT writes: Tile [id=null, cell=Cell [x=1, y=3], subject=white, time=2015-05-15 13:41:04.577, clock=0]
     [java] CT writes: Tile [id=null, cell=Cell [x=1, y=4], subject=myblue, time=2015-05-15 13:41:04.58, clock=0]
     [java] CT writes: Tile [id=null, cell=Cell [x=2, y=0], subject=white, time=2015-05-15 13:41:04.583, clock=0]
     [java] CT writes: Tile [id=null, cell=Cell [x=2, y=1], subject=white, time=2015-05-15 13:41:04.584, clock=0]
     [java] CT writes: Tile [id=null, cell=Cell [x=2, y=2], subject=brown, time=2015-05-15 13:41:04.586, clock=0]
     [java] CT writes: Tile [id=null, cell=Cell [x=2, y=3], subject=myblue, time=2015-05-15 13:41:04.588, clock=0]
     [java] CT writes: Tile [id=null, cell=Cell [x=2, y=4], subject=white, time=2015-05-15 13:41:04.589, clock=0]
     [java] CT writes: Tile [id=null, cell=Cell [x=3, y=0], subject=white, time=2015-05-15 13:41:04.591, clock=0]
     [java] CT writes: Tile [id=null, cell=Cell [x=3, y=1], subject=yellow, time=2015-05-15 13:41:04.594, clock=0]
     [java] CT writes: Tile [id=null, cell=Cell [x=3, y=2], subject=myblue, time=2015-05-15 13:41:04.596, clock=0]
     [java] CT writes: Tile [id=null, cell=Cell [x=3, y=3], subject=myblue, time=2015-05-15 13:41:04.598, clock=0]
     [java] CT writes: Tile [id=null, cell=Cell [x=3, y=4], subject=yellow, time=2015-05-15 13:41:04.6, clock=0]
     [java] CT writes: Tile [id=null, cell=Cell [x=4, y=0], subject=brown, time=2015-05-15 13:41:04.601, clock=0]
     [java] CT writes: Tile [id=null, cell=Cell [x=4, y=1], subject=myblue, time=2015-05-15 13:41:04.603, clock=0]
     [java] CT writes: Tile [id=null, cell=Cell [x=4, y=2], subject=yellow, time=2015-05-15 13:41:04.605, clock=0]
     [java] CT writes: Tile [id=null, cell=Cell [x=4, y=3], subject=myblue, time=2015-05-15 13:41:04.607, clock=0]
     [java] CT writes: Tile [id=null, cell=Cell [x=4, y=4], subject=brown, time=2015-05-15 13:41:04.609, clock=0]
     [java] CT writes goal: Goal [id=null, cell=Cell [x=2, y=2], agent=null, time=null, clock=0]
     [java] CT writes: Goal [id=null, cell=Cell [x=2, y=2], agent=null, time=2015-05-15 13:41:04.863, clock=0]
     [java] revelation chips: { chips  'myblue':0 'white':0 'brown':0 'yellow':0 }
     [java] revelation chips: { chips  'myblue':0 'white':0 'brown':0 'yellow':0 }
     [java] revelation chips: { chips  'myblue':0 'white':0 'brown':0 'yellow':0 }
     [java] java.util.NoSuchElementException
     [java] 	at java.util.Scanner.throwFor(Scanner.java:838)
     [java] 	at java.util.Scanner.next(Scanner.java:1347)
     [java] 	at WebCTInputFileConfig.beginPhase(WebCTInputFileConfig.java:213)
     [java] 	at edu.harvard.eecs.airg.coloredtrails.server.ServerPhases.beginPhase(ServerPhases.java:94)
     [java] 	at edu.harvard.eecs.airg.coloredtrails.shared.types.Phases.advanceToPhase(Phases.java:470)
     [java] 	at edu.harvard.eecs.airg.coloredtrails.shared.types.Phases.advancePhase(Phases.java:482)
     [java] 	at edu.harvard.eecs.airg.coloredtrails.server.ServerGameStatus.setPhases(ServerGameStatus.java:242)
     [java] 	at WebCTInputFileConfig.run(WebCTInputFileConfig.java:129)
     [java] 	at java.lang.Thread.run(Thread.java:695)
     [java] Player: 40  Score: -5
     [java] Player: 30  Score: -10
     [java] Player: 20  Score: -15
     [java] Player: 10  Score: 20
     [java] A New Phase Began: Communication Phase
     [java] A New Phase Began: Movement Phase
     [java] CT notification: Time [clock=6, time=2015-05-15 13:41:13.888]
     [java] CT players (clone,for): 
     [java] CT writes position: Position [subject=a40, id=null, cell=Cell [x=4, y=0], time=2015-05-15 13:41:35.766, clock=6]
     [java] CT writes: Position [subject=a40, id=null, cell=Cell [x=4, y=0], time=2015-05-15 13:41:35.766, clock=6]
     [java] CT writes chips: Chip [id=null, agent=a40, time=2015-05-15 13:41:35.776, color=myblue, clock=6, number=2]
     [java] CT writes: Chip [id=null, agent=a40, time=2015-05-15 13:41:35.776, color=myblue, clock=6, number=2]
     [java] CT notification: Position [subject=a40, id=null, cell=Cell [x=4, y=0], time=2015-05-15 13:41:35.766, clock=6]
     [java] 40
     [java] CT writes chips: Chip [id=null, agent=a40, time=2015-05-15 13:41:35.787, color=white, clock=6, number=2]
     [java] CT writes: Chip [id=null, agent=a40, time=2015-05-15 13:41:35.787, color=white, clock=6, number=2]
     [java] CT writes chips: Chip [id=null, agent=a40, time=2015-05-15 13:41:35.79, color=brown, clock=6, number=3]
     [java] CT writes: Chip [id=null, agent=a40, time=2015-05-15 13:41:35.79, color=brown, clock=6, number=3]
     [java] CT writes position: Position [subject=a30, id=null, cell=Cell [x=4, y=4], time=2015-05-15 13:41:35.791, clock=6]
     [java] CT writes: Position [subject=a30, id=null, cell=Cell [x=4, y=4], time=2015-05-15 13:41:35.791, clock=6]
     [java] CT writes chips: Chip [id=null, agent=a30, time=2015-05-15 13:41:35.794, color=myblue, clock=6, number=1]
     [java] CT writes: Chip [id=null, agent=a30, time=2015-05-15 13:41:35.794, color=myblue, clock=6, number=1]
     [java] CT notification: Position [subject=a30, id=null, cell=Cell [x=4, y=4], time=2015-05-15 13:41:35.791, clock=6]
     [java] 30
     [java] 30
     [java] CT writes chips: Chip [id=null, agent=a30, time=2015-05-15 13:41:35.796, color=white, clock=6, number=2]
     [java] CT writes: Chip [id=null, agent=a30, time=2015-05-15 13:41:35.796, color=white, clock=6, number=2]
     [java] CT writes chips: Chip [id=null, agent=a30, time=2015-05-15 13:41:35.798, color=brown, clock=6, number=3]
     [java] CT writes: Chip [id=null, agent=a30, time=2015-05-15 13:41:35.798, color=brown, clock=6, number=3]
     [java] CT writes position: Position [subject=a20, id=null, cell=Cell [x=0, y=4], time=2015-05-15 13:41:35.8, clock=6]
     [java] CT writes: Position [subject=a20, id=null, cell=Cell [x=0, y=4], time=2015-05-15 13:41:35.8, clock=6]
     [java] CT writes chips: Chip [id=null, agent=a20, time=2015-05-15 13:41:35.804, color=myblue, clock=6, number=2]
     [java] CT writes: Chip [id=null, agent=a20, time=2015-05-15 13:41:35.804, color=myblue, clock=6, number=2]
     [java] CT notification: Position [subject=a20, id=null, cell=Cell [x=0, y=4], time=2015-05-15 13:41:35.8, clock=6]
     [java] 20
     [java] 20
     [java] 20
     [java] CT writes chips: Chip [id=null, agent=a20, time=2015-05-15 13:41:35.806, color=white, clock=6, number=2]
     [java] CT writes: Chip [id=null, agent=a20, time=2015-05-15 13:41:35.806, color=white, clock=6, number=2]
     [java] CT writes chips: Chip [id=null, agent=a20, time=2015-05-15 13:41:35.808, color=brown, clock=6, number=1]
     [java] CT writes: Chip [id=null, agent=a20, time=2015-05-15 13:41:35.808, color=brown, clock=6, number=1]
     [java] CT writes position: Position [subject=a10, id=null, cell=Cell [x=0, y=0], time=2015-05-15 13:41:35.81, clock=6]
     [java] CT writes: Position [subject=a10, id=null, cell=Cell [x=0, y=0], time=2015-05-15 13:41:35.81, clock=6]
     [java] CT writes chips: Chip [id=null, agent=a10, time=2015-05-15 13:41:35.813, color=myblue, clock=6, number=3]
     [java] CT writes: Chip [id=null, agent=a10, time=2015-05-15 13:41:35.813, color=myblue, clock=6, number=3]
     [java] CT writes chips: Chip [id=null, agent=a10, time=2015-05-15 13:41:35.815, color=white, clock=6, number=3]
     [java] CT writes: Chip [id=null, agent=a10, time=2015-05-15 13:41:35.815, color=white, clock=6, number=3]
     [java] CT notification: Position [subject=a10, id=null, cell=Cell [x=0, y=0], time=2015-05-15 13:41:35.81, clock=6]
     [java] 10
     [java] 10
     [java] 10
     [java] 10
     [java] CT writes chips: Chip [id=null, agent=a10, time=2015-05-15 13:41:35.851, color=brown, clock=6, number=3]
     [java] CT writes: Chip [id=null, agent=a10, time=2015-05-15 13:41:35.851, color=brown, clock=6, number=3]
     [java] CT writes chips: Chip [id=null, agent=a10, time=2015-05-15 13:41:35.857, color=yellow, clock=6, number=3]
     [java] CT writes: Chip [id=null, agent=a10, time=2015-05-15 13:41:35.857, color=yellow, clock=6, number=3]
     [java] CT notification: Time [clock=7, time=2015-05-15 13:41:23.89]
     [java] CT players (clone,for): 
     [java] CT notification: Time [clock=8, time=2015-05-15 13:41:33.892]
     [java] CT players (clone,for): 
     [java] DEBUG root                           - received a move request...: 10
     [java] CT notification: Obligation [subject=a20, obligation=[at(1, 2, a20)], sanction=[reduce(a20, 500)], deadline=14, time=2015-05-15 13:41:37.736, clock=8]
     [java] CT obligation: Obligation [subject=a20, obligation=[at(1, 2, a20)], sanction=[reduce(a20, 500)], deadline=14, time=2015-05-15 13:41:37.736, clock=8]
     [java] 20
     [java] 20
     [java] 20
     [java] CT obligation: []
     [java] CT obligation: [Osbligation to be at the grid tile [1,2] before clock 14 or sanction [reduce(a20, 500)] will be applied]
     [java] DEBUG root                           - received a move request...: 10
     [java] DEBUG root                           - received a move request...: 10
     [java] DEBUG root                           - received a move request...: 30
     [java] DEBUG root                           - received a move request...: 40
     [java] DEBUG root                           - received a move request...: 30
     [java] DEBUG root                           - received a move request...: 40
     [java] DEBUG root                           - received a move request...: 30
     [java] DEBUG root                           - received a move request...: 40
     [java] DEBUG root                           - received a move request...: 30
     [java] DEBUG root                           - received a move request...: 40
     [java] DEBUG root                           - received a move request...: 30
     [java] DEBUG root                           - received a move request...: 40
     [java] CT notification: Time [clock=9, time=2015-05-15 13:41:43.894]
     [java] CT players (clone,for): 
     [java] CT writes position: Position [subject=a40, id=null, cell=Cell [x=3, y=0], time=2015-05-15 13:41:43.905, clock=9]
     [java] CT writes: Position [subject=a40, id=null, cell=Cell [x=3, y=0], time=2015-05-15 13:41:43.905, clock=9]
     [java] CT writes chips: Chip [id=null, agent=a40, time=2015-05-15 13:41:43.91, color=myblue, clock=9, number=2]
     [java] CT writes: Chip [id=null, agent=a40, time=2015-05-15 13:41:43.91, color=myblue, clock=9, number=2]
     [java] CT notification: Position [subject=a40, id=null, cell=Cell [x=3, y=0], time=2015-05-15 13:41:43.905, clock=9]
     [java] 40
     [java] CT writes chips: Chip [id=null, agent=a40, time=2015-05-15 13:41:43.912, color=white, clock=9, number=1]
     [java] CT writes: Chip [id=null, agent=a40, time=2015-05-15 13:41:43.912, color=white, clock=9, number=1]
     [java] CT writes chips: Chip [id=null, agent=a40, time=2015-05-15 13:41:43.913, color=brown, clock=9, number=3]
     [java] CT writes: Chip [id=null, agent=a40, time=2015-05-15 13:41:43.913, color=brown, clock=9, number=3]
     [java] CT writes position: Position [subject=a30, id=null, cell=Cell [x=4, y=3], time=2015-05-15 13:41:43.918, clock=9]
     [java] CT writes: Position [subject=a30, id=null, cell=Cell [x=4, y=3], time=2015-05-15 13:41:43.918, clock=9]
     [java] CT writes chips: Chip [id=null, agent=a30, time=2015-05-15 13:41:43.919, color=myblue, clock=9, number=0]
     [java] CT writes: Chip [id=null, agent=a30, time=2015-05-15 13:41:43.919, color=myblue, clock=9, number=0]
     [java] CT writes chips: Chip [id=null, agent=a30, time=2015-05-15 13:41:43.926, color=white, clock=9, number=2]
     [java] CT writes: Chip [id=null, agent=a30, time=2015-05-15 13:41:43.926, color=white, clock=9, number=2]
     [java] CT writes chips: Chip [id=null, agent=a30, time=2015-05-15 13:41:43.928, color=brown, clock=9, number=3]
     [java] CT writes: Chip [id=null, agent=a30, time=2015-05-15 13:41:43.928, color=brown, clock=9, number=3]
     [java] CT writes position: Position [subject=a10, id=null, cell=Cell [x=2, y=1], time=2015-05-15 13:41:43.93, clock=9]
     [java] CT writes: Position [subject=a10, id=null, cell=Cell [x=2, y=1], time=2015-05-15 13:41:43.93, clock=9]
     [java] CT writes chips: Chip [id=null, agent=a10, time=2015-05-15 13:41:43.931, color=myblue, clock=9, number=3]
     [java] CT writes: Chip [id=null, agent=a10, time=2015-05-15 13:41:43.931, color=myblue, clock=9, number=3]
     [java] CT writes chips: Chip [id=null, agent=a10, time=2015-05-15 13:41:43.932, color=white, clock=9, number=2]
     [java] CT writes: Chip [id=null, agent=a10, time=2015-05-15 13:41:43.932, color=white, clock=9, number=2]
     [java] CT writes chips: Chip [id=null, agent=a10, time=2015-05-15 13:41:43.934, color=brown, clock=9, number=2]
     [java] CT writes: Chip [id=null, agent=a10, time=2015-05-15 13:41:43.934, color=brown, clock=9, number=2]
     [java] CT writes chips: Chip [id=null, agent=a10, time=2015-05-15 13:41:43.935, color=yellow, clock=9, number=2]
     [java] CT writes: Chip [id=null, agent=a10, time=2015-05-15 13:41:43.935, color=yellow, clock=9, number=2]
     [java] DEBUG root                           - received a move request...: 30
     [java] DEBUG root                           - received a move request...: 40
     [java] DEBUG root                           - received a move request...: 30
     [java] DEBUG root                           - received a move request...: 40
     [java] DEBUG root                           - received a move request...: 30
     [java] DEBUG root                           - received a move request...: 40
     [java] DEBUG root                           - received a move request...: 30
     [java] DEBUG root                           - received a move request...: 40
     [java] DEBUG root                           - received a move request...: 30
     [java] DEBUG root                           - received a move request...: 40
     [java] DEBUG root                           - received a move request...: 30
     [java] DEBUG root                           - received a move request...: 40
     [java] DEBUG root                           - received a move request...: 30
     [java] DEBUG root                           - received a move request...: 40
     [java] DEBUG root                           - received a move request...: 30
     [java] DEBUG root                           - received a move request...: 40
     [java] DEBUG root                           - received a move request...: 30
     [java] DEBUG root                           - received a move request...: 40
     [java] DEBUG root                           - received a move request...: 30
     [java] DEBUG root                           - received a move request...: 40
     [java] DEBUG root                           - received a move request...: 30
     [java] DEBUG root                           - received a move request...: 40
     [java] DEBUG root                           - received a move request...: 30
     [java] DEBUG root                           - received a move request...: 40
     [java] DEBUG root                           - received a move request...: 30
     [java] DEBUG root                           - received a move request...: 40
     [java] DEBUG root                           - received a move request...: 30
     [java] DEBUG root                           - received a move request...: 40
     [java] DEBUG root                           - received a move request...: 30
     [java] DEBUG root                           - received a move request...: 40
     [java] DEBUG root                           - received a move request...: 30
     [java] DEBUG root                           - received a move request...: 40
     [java] DEBUG root                           - received a move request...: 30
     [java] DEBUG root                           - received a move request...: 40
     [java] DEBUG root                           - received a move request...: 30
     [java] DEBUG root                           - received a move request...: 40
     [java] DEBUG root                           - received a move request...: 30
     [java] DEBUG root                           - received a move request...: 40
     [java] DEBUG root                           - received a move request...: 30
     [java] DEBUG root                           - received a move request...: 40
     [java] DEBUG root                           - received a move request...: 30
     [java] DEBUG root                           - received a move request...: 40
     [java] DEBUG root                           - received a move request...: 30
     [java] DEBUG root                           - received a move request...: 40
     [java] DEBUG root                           - received a move request...: 30
     [java] DEBUG root                           - received a move request...: 40
     [java] DEBUG root                           - received a move request...: 30
     [java] DEBUG root                           - received a move request...: 40
     [java] DEBUG root                           - received a move request...: 30
     [java] DEBUG root                           - received a move request...: 40
     [java] DEBUG root                           - received a move request...: 30
     [java] DEBUG root                           - received a move request...: 40
     [java] DEBUG root                           - received a move request...: 30
     [java] DEBUG root                           - received a move request...: 40
     [java] DEBUG root                           - received a move request...: 30
     [java] DEBUG root                           - received a move request...: 40
     [java] DEBUG root                           - received a move request...: 30
     [java] DEBUG root                           - received a move request...: 40
     [java] DEBUG root                           - received a move request...: 30
     [java] DEBUG root                           - received a move request...: 40
     [java] CT notification: Position [subject=a30, id=null, cell=Cell [x=4, y=3], time=2015-05-15 13:41:43.918, clock=9]
     [java] 30
     [java] 30
     [java] DEBUG root                           - received a move request...: 30
     [java] DEBUG root                           - received a move request...: 40
     [java] DEBUG root                           - received a move request...: 30
     [java] DEBUG root                           - received a move request...: 40
     [java] DEBUG root                           - received a move request...: 30
     [java] DEBUG root                           - received a move request...: 40
     [java] A New Phase Began: Feedback Phase
     [java] DEBUG root                           - received a move request...: 30
     [java] DEBUG root                           - received a move request...: 40
     [java] DEBUG root                           - received a move request...: 30
     [java] DEBUG root                           - received a move request...: 40
     [java] DEBUG root                           - Game ended id = 0
     [java] CT notification: Position [subject=a10, id=null, cell=Cell [x=2, y=1], time=2015-05-15 13:41:43.93, clock=9]
     [java] 10
     [java] 10
     [java] 10
     [java] 10
     [java] CT notification: Time [clock=10, time=2015-05-15 13:41:53.896]
     [java] CT players (clone,for): 
     [java] CT notification: Time [clock=11, time=2015-05-15 13:42:03.897]
     [java] CT players (clone,for): 
     [java] CT notification: Time [clock=12, time=2015-05-15 13:42:13.898]
     [java] CT players (clone,for): 
     [java] CT notification: Time [clock=13, time=2015-05-15 13:42:23.901]
     [java] CT players (clone,for): 
     [java] INFO  BrokerService                  - ActiveMQ Message Broker (localhost, ID:kafka.local-61109-1431693611538-1:0) is shutting down
     [java] WARN  ActiveMQConnection             - Async exception with no exception listener: java.io.EOFException
     [java] java.io.EOFException
     [java] 	at java.io.DataInputStream.readInt(DataInputStream.java:375)
     [java] 	at org.apache.activemq.openwire.OpenWireFormat.unmarshal(OpenWireFormat.java:269)
     [java] 	at org.apache.activemq.transport.tcp.TcpTransport.readCommand(TcpTransport.java:156)
     [java] 	at org.apache.activemq.transport.tcp.TcpTransport.run(TcpTransport.java:136)
     [java] 	at java.lang.Thread.run(Thread.java:695)
     [java] WARN  ActiveMQConnection             - Async exception with no exception listener: java.io.EOFException
     [java] java.io.EOFException
     [java] 	at java.io.DataInputStream.readInt(DataInputStream.java:375)
     [java] 	at org.apache.activemq.openwire.OpenWireFormat.unmarshal(OpenWireFormat.java:269)
     [java] 	at org.apache.activemq.transport.tcp.TcpTransport.readCommand(TcpTransport.java:156)
     [java] 	at org.apache.activemq.transport.tcp.TcpTransport.run(TcpTransport.java:136)
     [java] 	at java.lang.Thread.run(Thread.java:695)
     [java] INFO  TransportConnector             - Connector tcp://kafka.local:8088 Stopped
     [java] INFO  BrokerService                  - ActiveMQ JMS Message Broker (localhost, ID:kafka.local-61109-1431693611538-1:0) stopped
     [java] Java Result: 143

BUILD SUCCESSFUL
Total time: 2 minutes 22 seconds
