Buildfile: /Users/dxd/git/ct3/WebCT/build.xml

runserver:
     [java] INFO  BrokerService                  - ActiveMQ null JMS Message Broker (localhost) is starting
     [java] INFO  BrokerService                  - For help or more information please see: http://activemq.apache.org/
     [java] INFO  AMQPersistenceAdapter          - AMQStore starting using directory: activemq-data/localhost
     [java] INFO  KahaStore                      - Kaha Store using data directory /Users/dxd/git/ct3/WebCT/activemq-data/localhost/kr-store
     [java] INFO  AMQPersistenceAdapter          - Active data files: []
     [java] INFO  AMQPersistenceAdapter          - Journal Recovery Started from: DataManager:(data-)
     [java] INFO  AMQPersistenceAdapter          - Recovered 0 operations from redo log in 0.131 seconds.
     [java] INFO  BrokerService                  - Using Persistence Adapter: AMQPersistenceAdapter(activemq-data/localhost)
     [java] INFO  TransportServerThreadSupport   - Listening for connections at: tcp://kafka.local:8088
     [java] INFO  TransportConnector             - Connector tcp://kafka.local:8088 Started
     [java] INFO  BrokerService                  - ActiveMQ JMS Message Broker (localhost, ID:kafka.local-65480-1432662875805-1:0) started
     [java] INFO  root                           - Started the JMS Server
     [java] INFO  ManagementContext              - JMX consoles can connect to service:jmx:rmi:///jndi/rmi://localhost:1099/jmxrmi
     [java] INFO  BrokerService                  - About to delete any non-persistent messages that may have overflowed to disk ...
     [java] INFO  KahaStore                      - Kaha Store successfully deleted data directory activemq-data/localhost/tmp_storage
     [java] INFO  BrokerService                  - Successfully deleted temporary storage
     [java] INFO  root                           - Controller Interface has been started
     [java] INFO  root                           - ColoredTrails is now running...
     [java] Adding client state for 40
     [java] INFO  root                           - Colored Trails Server received a subcription message from client: 40 [10.154.153.148] of type 
     [java] INFO  root                           - Colored Trails Server received a subcription message from client: 30 [10.154.153.148] of type 
     [java] INFO  root                           - Colored Trails Server received a subcription message from client: 10 [10.154.153.148] of type 
     [java] Adding client state for 30
     [java] Adding client state for 10
     [java] INFO  root                           - Colored Trails Server received a subcription message from client: 20 [10.154.153.148] of type 
     [java] INFO  root                           - Colored Trails Server received a subcription message from client: 20 [10.154.153.148] of type 
     [java] Adding client state for 20
     [java] Adding client state for 20
     [java] Received message to add config class from: admin
     [java] INFO  root                           - Received message from admin: SET_CONFIGURATION
     [java] INFO  root                           - Received message from admin client:ADD_CONFIGURATION
     [java] DEBUG root                           - Administrator: adding configuration file [WebCTInputFileConfig] class name: WebCTInputFileConfig
     [java] INFO  root                           - Received message from admin client:NEW_GAME
     [java] DEBUG root                           - Administrator: newGame configName = [WebCTInputFileConfig] 
     [java] DEBUG root                           - Administrator: newGame adding Player: [10]
     [java] DEBUG root                           - Administrator: newGame adding Player: [20]
     [java] DEBUG root                           - Administrator: newGame adding Player: [30]
     [java] DEBUG root                           - Administrator: newGame adding Player: [40]
     [java] DEBUG root                           - ServerData addNewGame -- config file
     [java] DEBUG root                           - ServerData addNewGame -- Starting ServerGameStatus
     [java] DEBUG root                           - ServerData addNewGame -- Starting a new game with id: 0
     [java] DEBUG root                           - ClientCommands creating new Topic: ct3.game.0
     [java] DEBUG root                           - sending sendClientSubscribeToGameMessage: for game [0] and player [10]
     [java] DEBUG root                           - sending sendClientSubscribeToGameMessage: for game [0] and player [20]
     [java] DEBUG root                           - sending sendClientSubscribeToGameMessage: for game [0] and player [30]
     [java] DEBUG root                           - sending sendClientSubscribeToGameMessage: for game [0] and player [40]
     [java] INFO  root                           - Received message from admin client:LIST_GAMES
     [java] INFO  root                           - Received message from admin client:LIST_CONFIGURATIONS
     [java] received client subscribed successfully message
     [java] received client subscribed successfully message
     [java] received client subscribed successfully message
     [java] received client subscribed successfully message
     [java] received client subscribed successfully message
     [java] All players subscribed to game, trying to start
     [java] INFO  root                           - Sending reply to controller: NEW_GAME_REPLY
     [java] DEBUG root                           - sendGameStart
     [java] DEBUG root                           - sendGameStart to controller
     [java] DEBUG root                           - sending game id = 0
     [java] INFO  root                           - Starting spaces 1
     [java] DEBUG UrlSpaceFactoryBean            - Finding Space with URL [jini:/*/*/myGrid] and properties [{com.j_spaces.core.container.shutdown_hook=false}]
     [java] 2015-05-26 18:55:02,405 CONFIG [com.gigaspaces.logger] - Log file: /Users/dxd/git/ct3/logs/2015-05-26~18.55-gigaspaces-service-10.154.153.148-29784.log
     [java] 2015-05-26 18:55:02,383  INFO [com.gigaspaces.localcache] - LocalCache#1-myGrid was created successfully. Total time: 2.09 seconds
     [java] DEBUG GigaSpaceFactoryBean           - Clustered flag automatically set to [true] since the space is a local cache space for bean [null]
     [java] DEBUG UrlSpaceFactoryBean            - Finding Space with URL [jini://*/*/myGrid] and properties [{com.j_spaces.core.container.shutdown_hook=false}]
     [java] zatim dobry
     [java] Let the game begin...
     [java] game id= 0
     [java] ---- Sending Scoring Change ----
     [java] setPhases in GameStatus
     [java] A New Phase Began: Norm Phase
     [java] -------- Creating Board --------
     [java] CT writes: Tile [id=null, cell=Cell [x=0, y=0], subject=brown, time=2015-05-26 18:55:02.844, clock=0]
     [java] CT writes: Tile [id=null, cell=Cell [x=0, y=1], subject=brown, time=2015-05-26 18:55:03.107, clock=0]
     [java] CT writes: Tile [id=null, cell=Cell [x=0, y=2], subject=white, time=2015-05-26 18:55:03.109, clock=0]
     [java] CT writes: Tile [id=null, cell=Cell [x=0, y=3], subject=yellow, time=2015-05-26 18:55:03.123, clock=0]
     [java] CT writes: Tile [id=null, cell=Cell [x=0, y=4], subject=brown, time=2015-05-26 18:55:03.127, clock=0]
     [java] CT writes: Tile [id=null, cell=Cell [x=0, y=5], subject=blue, time=2015-05-26 18:55:03.131, clock=0]
     [java] CT writes: Tile [id=null, cell=Cell [x=0, y=6], subject=brown, time=2015-05-26 18:55:03.137, clock=0]
     [java] CT writes: Tile [id=null, cell=Cell [x=1, y=0], subject=brown, time=2015-05-26 18:55:03.144, clock=0]
     [java] CT writes: Tile [id=null, cell=Cell [x=1, y=1], subject=yellow, time=2015-05-26 18:55:03.148, clock=0]
     [java] CT writes: Tile [id=null, cell=Cell [x=1, y=2], subject=white, time=2015-05-26 18:55:03.154, clock=0]
     [java] CT writes: Tile [id=null, cell=Cell [x=1, y=3], subject=white, time=2015-05-26 18:55:03.16, clock=0]
     [java] CT writes: Tile [id=null, cell=Cell [x=1, y=4], subject=blue, time=2015-05-26 18:55:03.162, clock=0]
     [java] CT writes: Tile [id=null, cell=Cell [x=1, y=5], subject=brown, time=2015-05-26 18:55:03.165, clock=0]
     [java] CT writes: Tile [id=null, cell=Cell [x=1, y=6], subject=yellow, time=2015-05-26 18:55:03.174, clock=0]
     [java] CT writes: Tile [id=null, cell=Cell [x=2, y=0], subject=white, time=2015-05-26 18:55:03.179, clock=0]
     [java] CT writes: Tile [id=null, cell=Cell [x=2, y=1], subject=white, time=2015-05-26 18:55:03.181, clock=0]
     [java] CT writes: Tile [id=null, cell=Cell [x=2, y=2], subject=brown, time=2015-05-26 18:55:03.184, clock=0]
     [java] CT writes: Tile [id=null, cell=Cell [x=2, y=3], subject=blue, time=2015-05-26 18:55:03.186, clock=0]
     [java] CT writes: Tile [id=null, cell=Cell [x=2, y=4], subject=white, time=2015-05-26 18:55:03.187, clock=0]
     [java] CT writes: Tile [id=null, cell=Cell [x=2, y=5], subject=brown, time=2015-05-26 18:55:03.189, clock=0]
     [java] CT writes: Tile [id=null, cell=Cell [x=2, y=6], subject=brown, time=2015-05-26 18:55:03.191, clock=0]
     [java] CT writes: Tile [id=null, cell=Cell [x=3, y=0], subject=white, time=2015-05-26 18:55:03.193, clock=0]
     [java] CT writes: Tile [id=null, cell=Cell [x=3, y=1], subject=yellow, time=2015-05-26 18:55:03.196, clock=0]
     [java] CT writes: Tile [id=null, cell=Cell [x=3, y=2], subject=blue, time=2015-05-26 18:55:03.249, clock=0]
     [java] CT writes: Tile [id=null, cell=Cell [x=3, y=3], subject=blue, time=2015-05-26 18:55:03.252, clock=0]
     [java] CT writes: Tile [id=null, cell=Cell [x=3, y=4], subject=yellow, time=2015-05-26 18:55:03.254, clock=0]
     [java] CT writes: Tile [id=null, cell=Cell [x=3, y=5], subject=yellow, time=2015-05-26 18:55:03.256, clock=0]
     [java] CT writes: Tile [id=null, cell=Cell [x=3, y=6], subject=white, time=2015-05-26 18:55:03.26, clock=0]
     [java] CT writes: Tile [id=null, cell=Cell [x=4, y=0], subject=brown, time=2015-05-26 18:55:03.264, clock=0]
     [java] CT writes: Tile [id=null, cell=Cell [x=4, y=1], subject=blue, time=2015-05-26 18:55:03.267, clock=0]
     [java] CT writes: Tile [id=null, cell=Cell [x=4, y=2], subject=yellow, time=2015-05-26 18:55:03.269, clock=0]
     [java] CT writes: Tile [id=null, cell=Cell [x=4, y=3], subject=blue, time=2015-05-26 18:55:03.271, clock=0]
     [java] CT writes: Tile [id=null, cell=Cell [x=4, y=4], subject=brown, time=2015-05-26 18:55:03.273, clock=0]
     [java] CT writes: Tile [id=null, cell=Cell [x=4, y=5], subject=yellow, time=2015-05-26 18:55:03.275, clock=0]
     [java] CT writes: Tile [id=null, cell=Cell [x=4, y=6], subject=brown, time=2015-05-26 18:55:03.277, clock=0]
     [java] CT writes: Tile [id=null, cell=Cell [x=5, y=0], subject=yellow, time=2015-05-26 18:55:03.278, clock=0]
     [java] CT writes: Tile [id=null, cell=Cell [x=5, y=1], subject=white, time=2015-05-26 18:55:03.28, clock=0]
     [java] CT writes: Tile [id=null, cell=Cell [x=5, y=2], subject=brown, time=2015-05-26 18:55:03.281, clock=0]
     [java] CT writes: Tile [id=null, cell=Cell [x=5, y=3], subject=yellow, time=2015-05-26 18:55:03.283, clock=0]
     [java] CT writes: Tile [id=null, cell=Cell [x=5, y=4], subject=blue, time=2015-05-26 18:55:03.285, clock=0]
     [java] CT writes: Tile [id=null, cell=Cell [x=5, y=5], subject=brown, time=2015-05-26 18:55:03.287, clock=0]
     [java] CT writes: Tile [id=null, cell=Cell [x=5, y=6], subject=white, time=2015-05-26 18:55:03.289, clock=0]
     [java] CT writes: Tile [id=null, cell=Cell [x=6, y=0], subject=blue, time=2015-05-26 18:55:03.291, clock=0]
     [java] CT writes: Tile [id=null, cell=Cell [x=6, y=1], subject=brown, time=2015-05-26 18:55:03.293, clock=0]
     [java] CT writes: Tile [id=null, cell=Cell [x=6, y=2], subject=white, time=2015-05-26 18:55:03.296, clock=0]
     [java] CT writes: Tile [id=null, cell=Cell [x=6, y=3], subject=brown, time=2015-05-26 18:55:03.298, clock=0]
     [java] CT writes: Tile [id=null, cell=Cell [x=6, y=4], subject=white, time=2015-05-26 18:55:03.3, clock=0]
     [java] CT writes: Tile [id=null, cell=Cell [x=6, y=5], subject=brown, time=2015-05-26 18:55:03.302, clock=0]
     [java] CT writes: Tile [id=null, cell=Cell [x=6, y=6], subject=white, time=2015-05-26 18:55:03.304, clock=0]
     [java] CT writes goal: Goal [id=null, cell=Cell [x=3, y=3], agent=null, time=null, clock=0]
     [java] CT writes: Goal [id=null, cell=Cell [x=3, y=3], agent=null, time=2015-05-26 18:55:03.351, clock=0]
     [java] CT writes setGoal: Group [name=g, ra=a10, clock=0, time=2015-05-26 18:55:03.392]
     [java] CT writes: Group [name=g, ra=a10, clock=0, time=2015-05-26 18:55:03.392]
     [java] revelation chips: { chips  'blue':0 'white':0 'brown':0 'yellow':0 }
     [java] revelation chips: { chips  'blue':0 'white':0 'brown':0 'yellow':0 }
     [java] revelation chips: { chips  'blue':0 'white':0 'brown':0 'yellow':0 }
     [java] revelation chips: { chips  'blue':0 'white':0 'brown':0 'yellow':0 }
     [java] A New Phase Began: Communication Phase
     [java] CT notification: Time [clock=3, time=2015-05-26 18:55:09.879]
     [java] CT notification: Time [clock=4, time=2015-05-26 18:55:19.881]
     [java] CT notification: Time [clock=5, time=2015-05-26 18:55:29.885]
     [java] CT notification: Obligation [subject=a20, obligation=[at(2, 3, a20)], sanction=[reduce(a20, 700)], deadline=31, time=2015-05-26 18:55:35.555, clock=5]
     [java] 20
     [java] 20
     [java] 20
     [java] 20
     [java] CT obligation: [Obligation to be at the grid tile [2,3] before clock 31 or 700 points will be deducted.]
     [java] CT notification: Time [clock=6, time=2015-05-26 18:55:39.888]
     [java] DEBUG root                           - received a discourse mesage... 30
     [java] Received Discourse Message 
     [java] Class: class edu.harvard.eecs.airg.coloredtrails.shared.discourse.BasicProposalDiscourseMessage
     [java] From: 2
     [java] From: 1
     [java] DEBUG root                           - sendGameDiscourseMessage class edu.harvard.eecs.airg.coloredtrails.shared.discourse.BasicProposalDiscourseMessage
     [java] DEBUG root                           - FROM: 2 TO: 1(PIN: 20)
     [java] CT writes: Proposal [id=5188, agent=a30, agent2=a20, clock=6, time=2015-05-26 18:55:41.918]
     [java] DEBUG root                           - received a discourse mesage... 10
     [java] Received Discourse Message 
     [java] Class: class edu.harvard.eecs.airg.coloredtrails.shared.discourse.BasicProposalDiscourseMessage
     [java] From: 0
     [java] From: 1
     [java] DEBUG root                           - sendGameDiscourseMessage class edu.harvard.eecs.airg.coloredtrails.shared.discourse.BasicProposalDiscourseMessage
     [java] DEBUG root                           - FROM: 0 TO: 1(PIN: 20)
     [java] CT writes: Proposal [id=4370, agent=a10, agent2=a20, clock=6, time=2015-05-26 18:55:41.934]
     [java] DEBUG root                           - received a move request...: 10
     [java] CT writes position: Position [subject=a10, id=null, cell=Cell [x=0, y=1], time=2015-05-26 18:55:42.307, clock=6]
     [java] CT writes: Position [subject=a10, id=null, cell=Cell [x=0, y=1], time=2015-05-26 18:55:42.307, clock=6]
     [java] DEBUG root                           - received a discourse mesage... 20
     [java] Received Discourse Message 
     [java] Class: class edu.harvard.eecs.airg.coloredtrails.shared.discourse.BasicProposalDiscussionDiscourseMessage
     [java] From: 1
     [java] From: 2
     [java] DEBUG root                           - sendGameDiscourseMessage class edu.harvard.eecs.airg.coloredtrails.shared.discourse.BasicProposalDiscussionDiscourseMessage
     [java] DEBUG root                           - FROM: 1 TO: 2(PIN: 30)
     [java] ---- BasicProposalDiscussionDiscourseMessage ----
     [java] CT writes: Response [id=5188, response=accepted, clock=6, time=2015-05-26 18:55:48.257]
     [java] We have an accepted offer, chips before: 
     [java] player pin: 10
     [java] player chips: { chips  'blue':0 'white':9 'brown':0 'yellow':0 }
     [java] player pin: 40
     [java] player chips: { chips  'blue':0 'white':0 'brown':0 'yellow':9 }
     [java] player pin: 30
     [java] player chips: { chips  'blue':9 'white':0 'brown':0 'yellow':0 }
     [java] player pin: 20
     [java] player chips: { chips  'blue':0 'white':0 'brown':9 'yellow':0 }
     [java] Initiating Automatic Chip Transfer
     [java] Proposer:  2
     [java] Sending: { chips  }
     [java] Responder: 1
     [java] Sending: { chips  'brown':1 }
     [java] EXECUTING AUTOMATIC CHIP TRANSFER
     [java] chips after: 
     [java] player pin: 10
     [java] player chips: { chips  'blue':0 'white':9 'brown':0 'yellow':0 }
     [java] player pin: 40
     [java] player chips: { chips  'blue':0 'white':0 'brown':0 'yellow':9 }
     [java] player pin: 30
     [java] player chips: { chips  'blue':9 'white':0 'brown':1 'yellow':0 }
     [java] player pin: 20
     [java] player chips: { chips  'blue':0 'white':0 'brown':8 'yellow':0 }
     [java] DEBUG root                           - received a discourse mesage... 20
     [java] Received Discourse Message 
     [java] Class: class edu.harvard.eecs.airg.coloredtrails.shared.discourse.BasicProposalDiscussionDiscourseMessage
     [java] From: 1
     [java] From: 0
     [java] DEBUG root                           - sendGameDiscourseMessage class edu.harvard.eecs.airg.coloredtrails.shared.discourse.BasicProposalDiscussionDiscourseMessage
     [java] DEBUG root                           - FROM: 1 TO: 0(PIN: 10)
     [java] ---- BasicProposalDiscussionDiscourseMessage ----
     [java] CT writes: Response [id=4370, response=accepted, clock=6, time=2015-05-26 18:55:48.58]
     [java] We have an accepted offer, chips before: 
     [java] player pin: 10
     [java] player chips: { chips  'blue':0 'white':9 'brown':0 'yellow':0 }
     [java] player pin: 40
     [java] player chips: { chips  'blue':0 'white':0 'brown':0 'yellow':9 }
     [java] player pin: 30
     [java] player chips: { chips  'blue':9 'white':0 'brown':1 'yellow':0 }
     [java] player pin: 20
     [java] player chips: { chips  'blue':0 'white':0 'brown':8 'yellow':0 }
     [java] Initiating Automatic Chip Transfer
     [java] Proposer:  0
     [java] Sending: { chips  }
     [java] Responder: 1
     [java] Sending: { chips  'brown':1 }
     [java] EXECUTING AUTOMATIC CHIP TRANSFER
     [java] chips after: 
     [java] player pin: 10
     [java] player chips: { chips  'blue':0 'white':9 'brown':1 'yellow':0 }
     [java] player pin: 40
     [java] player chips: { chips  'blue':0 'white':0 'brown':0 'yellow':9 }
     [java] player pin: 30
     [java] player chips: { chips  'blue':9 'white':0 'brown':1 'yellow':0 }
     [java] player pin: 20
     [java] player chips: { chips  'blue':0 'white':0 'brown':7 'yellow':0 }
     [java] CT notification: Time [clock=7, time=2015-05-26 18:55:49.89]
     [java] DEBUG root                           - received a move request...: 30
     [java] CT writes position: Position [subject=a30, id=null, cell=Cell [x=6, y=5], time=2015-05-26 18:55:50.173, clock=7]
     [java] CT writes: Position [subject=a30, id=null, cell=Cell [x=6, y=5], time=2015-05-26 18:55:50.173, clock=7]
     [java] DEBUG root                           - received a move request...: 10
     [java] CT writes position: Position [subject=a10, id=null, cell=Cell [x=0, y=1], time=2015-05-26 18:55:52.348, clock=7]
     [java] CT writes: Position [subject=a10, id=null, cell=Cell [x=0, y=1], time=2015-05-26 18:55:52.348, clock=7]
     [java] DEBUG root                           - received a discourse mesage... 10
     [java] Received Discourse Message 
     [java] Class: class edu.harvard.eecs.airg.coloredtrails.shared.discourse.BasicProposalDiscourseMessage
     [java] From: 0
     [java] From: 3
     [java] DEBUG root                           - sendGameDiscourseMessage class edu.harvard.eecs.airg.coloredtrails.shared.discourse.BasicProposalDiscourseMessage
     [java] DEBUG root                           - FROM: 0 TO: 3(PIN: 40)
     [java] CT writes: Proposal [id=9693, agent=a10, agent2=a40, clock=7, time=2015-05-26 18:55:56.779]
     [java] DEBUG root                           - received a discourse mesage... 40
     [java] Received Discourse Message 
     [java] Class: class edu.harvard.eecs.airg.coloredtrails.shared.discourse.BasicProposalDiscussionDiscourseMessage
     [java] From: 3
     [java] From: 0
     [java] DEBUG root                           - sendGameDiscourseMessage class edu.harvard.eecs.airg.coloredtrails.shared.discourse.BasicProposalDiscussionDiscourseMessage
     [java] DEBUG root                           - FROM: 3 TO: 0(PIN: 10)
     [java] ---- BasicProposalDiscussionDiscourseMessage ----
     [java] CT writes: Response [id=9693, response=accepted, clock=7, time=2015-05-26 18:55:56.795]
     [java] We have an accepted offer, chips before: 
     [java] player pin: 10
     [java] player chips: { chips  'blue':0 'white':9 'brown':0 'yellow':0 }
     [java] player pin: 40
     [java] player chips: { chips  'blue':0 'white':0 'brown':0 'yellow':9 }
     [java] player pin: 30
     [java] player chips: { chips  'blue':9 'white':0 'brown':0 'yellow':0 }
     [java] player pin: 20
     [java] player chips: { chips  'blue':0 'white':0 'brown':7 'yellow':0 }
     [java] Initiating Automatic Chip Transfer
     [java] Proposer:  0
     [java] Sending: { chips  }
     [java] Responder: 3
     [java] Sending: { chips  'yellow':1 }
     [java] EXECUTING AUTOMATIC CHIP TRANSFER
     [java] chips after: 
     [java] player pin: 10
     [java] player chips: { chips  'blue':0 'white':9 'brown':0 'yellow':1 }
     [java] player pin: 40
     [java] player chips: { chips  'blue':0 'white':0 'brown':0 'yellow':8 }
     [java] player pin: 30
     [java] player chips: { chips  'blue':9 'white':0 'brown':0 'yellow':0 }
     [java] player pin: 20
     [java] player chips: { chips  'blue':0 'white':0 'brown':7 'yellow':0 }
     [java] DEBUG root                           - received a move request...: 10
     [java] CT writes position: Position [subject=a10, id=null, cell=Cell [x=1, y=1], time=2015-05-26 18:55:57.275, clock=7]
     [java] CT writes: Position [subject=a10, id=null, cell=Cell [x=1, y=1], time=2015-05-26 18:55:57.275, clock=7]
     [java] DEBUG root                           - received a discourse mesage... 30
     [java] Received Discourse Message 
     [java] Class: class edu.harvard.eecs.airg.coloredtrails.shared.discourse.BasicProposalDiscourseMessage
     [java] From: 2
     [java] From: 0
     [java] DEBUG root                           - sendGameDiscourseMessage class edu.harvard.eecs.airg.coloredtrails.shared.discourse.BasicProposalDiscourseMessage
     [java] DEBUG root                           - FROM: 2 TO: 0(PIN: 10)
     [java] CT writes: Proposal [id=2244, agent=a30, agent2=a10, clock=7, time=2015-05-26 18:55:57.75]
     [java] DEBUG root                           - received a discourse mesage... 10
     [java] Received Discourse Message 
     [java] Class: class edu.harvard.eecs.airg.coloredtrails.shared.discourse.BasicProposalDiscussionDiscourseMessage
     [java] From: 0
     [java] From: 2
     [java] DEBUG root                           - sendGameDiscourseMessage class edu.harvard.eecs.airg.coloredtrails.shared.discourse.BasicProposalDiscussionDiscourseMessage
     [java] DEBUG root                           - FROM: 0 TO: 2(PIN: 30)
     [java] ---- BasicProposalDiscussionDiscourseMessage ----
     [java] CT writes: Response [id=2244, response=accepted, clock=7, time=2015-05-26 18:55:57.775]
     [java] We have an accepted offer, chips before: 
     [java] player pin: 10
     [java] player chips: { chips  'blue':0 'white':9 'brown':0 'yellow':0 }
     [java] player pin: 40
     [java] player chips: { chips  'blue':0 'white':0 'brown':0 'yellow':8 }
     [java] player pin: 30
     [java] player chips: { chips  'blue':9 'white':0 'brown':0 'yellow':0 }
     [java] player pin: 20
     [java] player chips: { chips  'blue':0 'white':0 'brown':7 'yellow':0 }
     [java] Initiating Automatic Chip Transfer
     [java] Proposer:  2
     [java] Sending: { chips  }
     [java] Responder: 0
     [java] Sending: { chips  'white':1 }
     [java] EXECUTING AUTOMATIC CHIP TRANSFER
     [java] chips after: 
     [java] player pin: 10
     [java] player chips: { chips  'blue':0 'white':8 'brown':0 'yellow':0 }
     [java] player pin: 40
     [java] player chips: { chips  'blue':0 'white':0 'brown':0 'yellow':8 }
     [java] player pin: 30
     [java] player chips: { chips  'blue':9 'white':1 'brown':0 'yellow':0 }
     [java] player pin: 20
     [java] player chips: { chips  'blue':0 'white':0 'brown':7 'yellow':0 }
     [java] CT notification: Time [clock=8, time=2015-05-26 18:55:59.893]
     [java] DEBUG root                           - received a move request...: 10
     [java] CT writes position: Position [subject=a10, id=null, cell=Cell [x=2, y=1], time=2015-05-26 18:56:03.655, clock=8]
     [java] CT writes: Position [subject=a10, id=null, cell=Cell [x=2, y=1], time=2015-05-26 18:56:03.655, clock=8]
     [java] DEBUG root                           - received a move request...: 30
     [java] CT writes position: Position [subject=a30, id=null, cell=Cell [x=6, y=4], time=2015-05-26 18:56:04.93, clock=8]
     [java] CT writes: Position [subject=a30, id=null, cell=Cell [x=6, y=4], time=2015-05-26 18:56:04.93, clock=8]
     [java] DEBUG root                           - received a discourse mesage... 10
     [java] Received Discourse Message 
     [java] Class: class edu.harvard.eecs.airg.coloredtrails.shared.discourse.BasicProposalDiscourseMessage
     [java] From: 0
     [java] From: 1
     [java] DEBUG root                           - sendGameDiscourseMessage class edu.harvard.eecs.airg.coloredtrails.shared.discourse.BasicProposalDiscourseMessage
     [java] DEBUG root                           - FROM: 0 TO: 1(PIN: 20)
     [java] CT writes: Proposal [id=9947, agent=a10, agent2=a20, clock=8, time=2015-05-26 18:56:07.65]
     [java] DEBUG root                           - received a move request...: 10
     [java] CT writes position: Position [subject=a10, id=null, cell=Cell [x=2, y=2], time=2015-05-26 18:56:07.905, clock=8]
     [java] CT writes: Position [subject=a10, id=null, cell=Cell [x=2, y=2], time=2015-05-26 18:56:07.905, clock=8]
     [java] CT notification: Time [clock=9, time=2015-05-26 18:56:09.896]
     [java] DEBUG root                           - received a discourse mesage... 20
     [java] Received Discourse Message 
     [java] Class: class edu.harvard.eecs.airg.coloredtrails.shared.discourse.BasicProposalDiscussionDiscourseMessage
     [java] From: 1
     [java] From: 0
     [java] DEBUG root                           - sendGameDiscourseMessage class edu.harvard.eecs.airg.coloredtrails.shared.discourse.BasicProposalDiscussionDiscourseMessage
     [java] DEBUG root                           - FROM: 1 TO: 0(PIN: 10)
     [java] ---- BasicProposalDiscussionDiscourseMessage ----
     [java] CT writes: Response [id=9947, response=accepted, clock=9, time=2015-05-26 18:56:12.157]
     [java] We have an accepted offer, chips before: 
     [java] player pin: 10
     [java] player chips: { chips  'blue':0 'white':7 'brown':0 'yellow':0 }
     [java] player pin: 40
     [java] player chips: { chips  'blue':0 'white':0 'brown':0 'yellow':8 }
     [java] player pin: 30
     [java] player chips: { chips  'blue':9 'white':0 'brown':0 'yellow':0 }
     [java] player pin: 20
     [java] player chips: { chips  'blue':0 'white':0 'brown':7 'yellow':0 }
     [java] Initiating Automatic Chip Transfer
     [java] Proposer:  0
     [java] Sending: { chips  }
     [java] Responder: 1
     [java] Sending: { chips  'brown':1 }
     [java] EXECUTING AUTOMATIC CHIP TRANSFER
     [java] chips after: 
     [java] player pin: 10
     [java] player chips: { chips  'blue':0 'white':7 'brown':1 'yellow':0 }
     [java] player pin: 40
     [java] player chips: { chips  'blue':0 'white':0 'brown':0 'yellow':8 }
     [java] player pin: 30
     [java] player chips: { chips  'blue':9 'white':0 'brown':0 'yellow':0 }
     [java] player pin: 20
     [java] player chips: { chips  'blue':0 'white':0 'brown':6 'yellow':0 }
     [java] DEBUG root                           - received a move request...: 10
     [java] CT writes position: Position [subject=a10, id=null, cell=Cell [x=2, y=2], time=2015-05-26 18:56:13.442, clock=9]
     [java] CT writes: Position [subject=a10, id=null, cell=Cell [x=2, y=2], time=2015-05-26 18:56:13.442, clock=9]
     [java] DEBUG root                           - received a move request...: 30
     [java] CT writes position: Position [subject=a30, id=null, cell=Cell [x=5, y=4], time=2015-05-26 18:56:15.659, clock=9]
     [java] CT writes: Position [subject=a30, id=null, cell=Cell [x=5, y=4], time=2015-05-26 18:56:15.659, clock=9]
     [java] CT notification: Time [clock=10, time=2015-05-26 18:56:19.9]
     [java] DEBUG root                           - received a discourse mesage... 10
     [java] Received Discourse Message 
     [java] Class: class edu.harvard.eecs.airg.coloredtrails.shared.discourse.BasicProposalDiscourseMessage
     [java] From: 0
     [java] From: 2
     [java] DEBUG root                           - sendGameDiscourseMessage class edu.harvard.eecs.airg.coloredtrails.shared.discourse.BasicProposalDiscourseMessage
     [java] DEBUG root                           - FROM: 0 TO: 2(PIN: 30)
     [java] CT writes: Proposal [id=1689, agent=a10, agent2=a30, clock=10, time=2015-05-26 18:56:20.013]
     [java] DEBUG root                           - received a discourse mesage... 30
     [java] Received Discourse Message 
     [java] Class: class edu.harvard.eecs.airg.coloredtrails.shared.discourse.BasicProposalDiscussionDiscourseMessage
     [java] From: 2
     [java] From: 0
     [java] DEBUG root                           - sendGameDiscourseMessage class edu.harvard.eecs.airg.coloredtrails.shared.discourse.BasicProposalDiscussionDiscourseMessage
     [java] DEBUG root                           - FROM: 2 TO: 0(PIN: 10)
     [java] ---- BasicProposalDiscussionDiscourseMessage ----
     [java] CT writes: Response [id=1689, response=accepted, clock=10, time=2015-05-26 18:56:20.028]
     [java] We have an accepted offer, chips before: 
     [java] player pin: 10
     [java] player chips: { chips  'blue':0 'white':7 'brown':0 'yellow':0 }
     [java] player pin: 40
     [java] player chips: { chips  'blue':0 'white':0 'brown':0 'yellow':8 }
     [java] player pin: 30
     [java] player chips: { chips  'blue':8 'white':0 'brown':0 'yellow':0 }
     [java] player pin: 20
     [java] player chips: { chips  'blue':0 'white':0 'brown':6 'yellow':0 }
     [java] Initiating Automatic Chip Transfer
     [java] Proposer:  0
     [java] Sending: { chips  }
     [java] Responder: 2
     [java] Sending: { chips  'blue':1 }
     [java] EXECUTING AUTOMATIC CHIP TRANSFER
     [java] chips after: 
     [java] player pin: 10
     [java] player chips: { chips  'blue':1 'white':7 'brown':0 'yellow':0 }
     [java] player pin: 40
     [java] player chips: { chips  'blue':0 'white':0 'brown':0 'yellow':8 }
     [java] player pin: 30
     [java] player chips: { chips  'blue':7 'white':0 'brown':0 'yellow':0 }
     [java] player pin: 20
     [java] player chips: { chips  'blue':0 'white':0 'brown':6 'yellow':0 }
     [java] DEBUG root                           - received a move request...: 10
     [java] CT writes position: Position [subject=a10, id=null, cell=Cell [x=3, y=2], time=2015-05-26 18:56:20.338, clock=10]
     [java] CT writes: Position [subject=a10, id=null, cell=Cell [x=3, y=2], time=2015-05-26 18:56:20.338, clock=10]
     [java] CT notification: Obligation [subject=a20, obligation=[color(white, a20)], sanction=[reduce(a20, 200)], deadline=30, time=2015-05-26 18:56:20.639, clock=10]
     [java] 20
     [java] 20
     [java] 20
     [java] 20
     [java] CT obligation: [Obligation to be at the grid tile [2,3] before clock 31 or 700 points will be deducted., Obligation to use a tile with color white before clock 30 or 200 points will be deducted.]
     [java] CT notification: Points [subject=a10, time=2015-05-26 18:56:20.907, clock=10, value=900, id=null]
     [java] 10
     [java] CT notification: Prohibition [subject=a20, prohibition=[color(blue, a20)], sanction=[reduce(a20, 100)], clock=10, time=2015-05-26 18:56:21.008]
     [java] 20
     [java] 20
     [java] 20
     [java] 20
     [java] CT prohibition: [Prohibition to use a tile with color blue or 100 points will be deducted.]
     [java] CT notification: Points [subject=a30, time=2015-05-26 18:56:21.126, clock=10, value=900, id=null]
     [java] 30
     [java] 30
     [java] 30
     [java] DEBUG root                           - received a discourse mesage... 30
     [java] Received Discourse Message 
     [java] Class: class edu.harvard.eecs.airg.coloredtrails.shared.discourse.BasicProposalDiscourseMessage
     [java] From: 2
     [java] From: 3
     [java] DEBUG root                           - sendGameDiscourseMessage class edu.harvard.eecs.airg.coloredtrails.shared.discourse.BasicProposalDiscourseMessage
     [java] DEBUG root                           - FROM: 2 TO: 3(PIN: 40)
     [java] CT writes: Proposal [id=7593, agent=a30, agent2=a40, clock=10, time=2015-05-26 18:56:26.731]
     [java] DEBUG root                           - received a discourse mesage... 40
     [java] Received Discourse Message 
     [java] Class: class edu.harvard.eecs.airg.coloredtrails.shared.discourse.BasicProposalDiscussionDiscourseMessage
     [java] From: 3
     [java] From: 2
     [java] DEBUG root                           - sendGameDiscourseMessage class edu.harvard.eecs.airg.coloredtrails.shared.discourse.BasicProposalDiscussionDiscourseMessage
     [java] DEBUG root                           - FROM: 3 TO: 2(PIN: 30)
     [java] ---- BasicProposalDiscussionDiscourseMessage ----
     [java] CT writes: Response [id=7593, response=accepted, clock=10, time=2015-05-26 18:56:26.739]
     [java] We have an accepted offer, chips before: 
     [java] player pin: 10
     [java] player chips: { chips  'blue':0 'white':7 'brown':0 'yellow':0 }
     [java] player pin: 40
     [java] player chips: { chips  'blue':0 'white':0 'brown':0 'yellow':8 }
     [java] player pin: 30
     [java] player chips: { chips  'blue':7 'white':0 'brown':0 'yellow':0 }
     [java] player pin: 20
     [java] player chips: { chips  'blue':0 'white':0 'brown':6 'yellow':0 }
     [java] Initiating Automatic Chip Transfer
     [java] Proposer:  2
     [java] Sending: { chips  }
     [java] Responder: 3
     [java] Sending: { chips  'yellow':1 }
     [java] EXECUTING AUTOMATIC CHIP TRANSFER
     [java] chips after: 
     [java] player pin: 10
     [java] player chips: { chips  'blue':0 'white':7 'brown':0 'yellow':0 }
     [java] player pin: 40
     [java] player chips: { chips  'blue':0 'white':0 'brown':0 'yellow':7 }
     [java] player pin: 30
     [java] player chips: { chips  'blue':7 'white':0 'brown':0 'yellow':1 }
     [java] player pin: 20
     [java] player chips: { chips  'blue':0 'white':0 'brown':6 'yellow':0 }
     [java] DEBUG root                           - received a discourse mesage... 40
     [java] Received Discourse Message 
     [java] Class: class edu.harvard.eecs.airg.coloredtrails.shared.discourse.BasicProposalDiscourseMessage
     [java] From: 3
     [java] From: 1
     [java] DEBUG root                           - sendGameDiscourseMessage class edu.harvard.eecs.airg.coloredtrails.shared.discourse.BasicProposalDiscourseMessage
     [java] DEBUG root                           - FROM: 3 TO: 1(PIN: 20)
     [java] CT writes: Proposal [id=6567, agent=a40, agent2=a20, clock=10, time=2015-05-26 18:56:27.868]
     [java] CT notification: Time [clock=11, time=2015-05-26 18:56:29.904]
     [java] DEBUG root                           - received a discourse mesage... 20
     [java] Received Discourse Message 
     [java] Class: class edu.harvard.eecs.airg.coloredtrails.shared.discourse.BasicProposalDiscussionDiscourseMessage
     [java] From: 1
     [java] From: 3
     [java] DEBUG root                           - sendGameDiscourseMessage class edu.harvard.eecs.airg.coloredtrails.shared.discourse.BasicProposalDiscussionDiscourseMessage
     [java] DEBUG root                           - FROM: 1 TO: 3(PIN: 40)
     [java] ---- BasicProposalDiscussionDiscourseMessage ----
     [java] CT writes: Response [id=6567, response=accepted, clock=11, time=2015-05-26 18:56:30.162]
     [java] We have an accepted offer, chips before: 
     [java] player pin: 10
     [java] player chips: { chips  'blue':0 'white':7 'brown':0 'yellow':0 }
     [java] player pin: 40
     [java] player chips: { chips  'blue':0 'white':0 'brown':0 'yellow':7 }
     [java] player pin: 30
     [java] player chips: { chips  'blue':7 'white':0 'brown':0 'yellow':1 }
     [java] player pin: 20
     [java] player chips: { chips  'blue':0 'white':0 'brown':6 'yellow':0 }
     [java] Initiating Automatic Chip Transfer
     [java] Proposer:  3
     [java] Sending: { chips  }
     [java] Responder: 1
     [java] Sending: { chips  'brown':1 }
     [java] EXECUTING AUTOMATIC CHIP TRANSFER
     [java] chips after: 
     [java] player pin: 10
     [java] player chips: { chips  'blue':0 'white':7 'brown':0 'yellow':0 }
     [java] player pin: 40
     [java] player chips: { chips  'blue':0 'white':0 'brown':1 'yellow':7 }
     [java] player pin: 30
     [java] player chips: { chips  'blue':7 'white':0 'brown':0 'yellow':1 }
     [java] player pin: 20
     [java] player chips: { chips  'blue':0 'white':0 'brown':5 'yellow':0 }
     [java] A New Phase Began: Movement Phase
     [java] DEBUG root                           - received a discourse mesage... 10
     [java] Received Discourse Message 
     [java] Class: class edu.harvard.eecs.airg.coloredtrails.shared.discourse.BasicProposalDiscourseMessage
     [java] From: 0
     [java] From: 3
     [java] DEBUG root                           - sendGameDiscourseMessage class edu.harvard.eecs.airg.coloredtrails.shared.discourse.BasicProposalDiscourseMessage
     [java] DEBUG root                           - FROM: 0 TO: 3(PIN: 40)
     [java] CT writes: Proposal [id=168, agent=a10, agent2=a40, clock=11, time=2015-05-26 18:56:33.509]
     [java] DEBUG root                           - received a discourse mesage... 40
     [java] Received Discourse Message 
     [java] Class: class edu.harvard.eecs.airg.coloredtrails.shared.discourse.BasicProposalDiscussionDiscourseMessage
     [java] From: 3
     [java] From: 0
     [java] DEBUG root                           - sendGameDiscourseMessage class edu.harvard.eecs.airg.coloredtrails.shared.discourse.BasicProposalDiscussionDiscourseMessage
     [java] DEBUG root                           - FROM: 3 TO: 0(PIN: 10)
     [java] ---- BasicProposalDiscussionDiscourseMessage ----
     [java] CT writes: Response [id=168, response=accepted, clock=11, time=2015-05-26 18:56:33.516]
     [java] We have an accepted offer, chips before: 
     [java] player pin: 10
     [java] player chips: { chips  'blue':0 'white':7 'brown':0 'yellow':0 }
     [java] player pin: 40
     [java] player chips: { chips  'blue':0 'white':0 'brown':1 'yellow':7 }
     [java] player pin: 30
     [java] player chips: { chips  'blue':7 'white':0 'brown':0 'yellow':1 }
     [java] player pin: 20
     [java] player chips: { chips  'blue':0 'white':0 'brown':5 'yellow':0 }
     [java] Initiating Automatic Chip Transfer
     [java] Proposer:  0
     [java] Sending: { chips  }
     [java] Responder: 3
     [java] Sending: { chips  'brown':1 }
     [java] EXECUTING AUTOMATIC CHIP TRANSFER
     [java] chips after: 
     [java] player pin: 10
     [java] player chips: { chips  'blue':0 'white':7 'brown':1 'yellow':0 }
     [java] player pin: 40
     [java] player chips: { chips  'blue':0 'white':0 'brown':0 'yellow':7 }
     [java] player pin: 30
     [java] player chips: { chips  'blue':7 'white':0 'brown':0 'yellow':1 }
     [java] player pin: 20
     [java] player chips: { chips  'blue':0 'white':0 'brown':5 'yellow':0 }
     [java] DEBUG root                           - received a move request...: 30
     [java] CT writes position: Position [subject=a30, id=null, cell=Cell [x=5, y=3], time=2015-05-26 18:56:35.953, clock=11]
     [java] CT writes: Position [subject=a30, id=null, cell=Cell [x=5, y=3], time=2015-05-26 18:56:35.953, clock=11]
     [java] DEBUG root                           - received a move request...: 40
     [java] CT writes position: Position [subject=a40, id=null, cell=Cell [x=6, y=1], time=2015-05-26 18:56:37.093, clock=11]
     [java] CT writes: Position [subject=a40, id=null, cell=Cell [x=6, y=1], time=2015-05-26 18:56:37.093, clock=11]
     [java] CT notification: Time [clock=12, time=2015-05-26 18:56:39.906]
     [java] DEBUG root                           - received a move request...: 10
     [java] CT writes position: Position [subject=a10, id=null, cell=Cell [x=2, y=2], time=2015-05-26 18:56:42.085, clock=12]
     [java] CT writes: Position [subject=a10, id=null, cell=Cell [x=2, y=2], time=2015-05-26 18:56:42.085, clock=12]
     [java] DEBUG root                           - received a move request...: 30
     [java] CT writes position: Position [subject=a30, id=null, cell=Cell [x=4, y=3], time=2015-05-26 18:56:43.139, clock=12]
     [java] CT writes: Position [subject=a30, id=null, cell=Cell [x=4, y=3], time=2015-05-26 18:56:43.139, clock=12]
     [java] DEBUG root                           - received a move request...: 40
     [java] CT writes position: Position [subject=a40, id=null, cell=Cell [x=5, y=0], time=2015-05-26 18:56:46.362, clock=12]
     [java] CT writes: Position [subject=a40, id=null, cell=Cell [x=5, y=0], time=2015-05-26 18:56:46.362, clock=12]
     [java] DEBUG root                           - received a move request...: 30
     [java] CT writes position: Position [subject=a30, id=null, cell=Cell [x=3, y=3], time=2015-05-26 18:56:47.883, clock=12]
     [java] CT writes: Position [subject=a30, id=null, cell=Cell [x=3, y=3], time=2015-05-26 18:56:47.883, clock=12]
     [java] CT notification: Time [clock=13, time=2015-05-26 18:56:49.908]
     [java] DEBUG root                           - received a discourse mesage... 40
     [java] Received Discourse Message 
     [java] Class: class edu.harvard.eecs.airg.coloredtrails.shared.discourse.BasicProposalDiscourseMessage
     [java] From: 3
     [java] From: 0
     [java] DEBUG root                           - sendGameDiscourseMessage class edu.harvard.eecs.airg.coloredtrails.shared.discourse.BasicProposalDiscourseMessage
     [java] DEBUG root                           - FROM: 3 TO: 0(PIN: 10)
     [java] CT writes: Proposal [id=1139, agent=a40, agent2=a10, clock=13, time=2015-05-26 18:56:55.435]
     [java] DEBUG root                           - received a discourse mesage... 10
     [java] Received Discourse Message 
     [java] Class: class edu.harvard.eecs.airg.coloredtrails.shared.discourse.BasicProposalDiscussionDiscourseMessage
     [java] From: 0
     [java] From: 3
     [java] DEBUG root                           - sendGameDiscourseMessage class edu.harvard.eecs.airg.coloredtrails.shared.discourse.BasicProposalDiscussionDiscourseMessage
     [java] DEBUG root                           - FROM: 0 TO: 3(PIN: 40)
     [java] ---- BasicProposalDiscussionDiscourseMessage ----
     [java] CT writes: Response [id=1139, response=accepted, clock=13, time=2015-05-26 18:56:55.451]
     [java] We have an accepted offer, chips before: 
     [java] player pin: 10
     [java] player chips: { chips  'blue':0 'white':7 'brown':0 'yellow':0 }
     [java] player pin: 40
     [java] player chips: { chips  'blue':0 'white':0 'brown':0 'yellow':6 }
     [java] player pin: 30
     [java] player chips: { chips  'blue':5 'white':0 'brown':0 'yellow':0 }
     [java] player pin: 20
     [java] player chips: { chips  'blue':0 'white':0 'brown':5 'yellow':0 }
     [java] Initiating Automatic Chip Transfer
     [java] Proposer:  3
     [java] Sending: { chips  }
     [java] Responder: 0
     [java] Sending: { chips  'white':1 }
     [java] EXECUTING AUTOMATIC CHIP TRANSFER
     [java] chips after: 
     [java] player pin: 10
     [java] player chips: { chips  'blue':0 'white':6 'brown':0 'yellow':0 }
     [java] player pin: 40
     [java] player chips: { chips  'blue':0 'white':1 'brown':0 'yellow':6 }
     [java] player pin: 30
     [java] player chips: { chips  'blue':5 'white':0 'brown':0 'yellow':0 }
     [java] player pin: 20
     [java] player chips: { chips  'blue':0 'white':0 'brown':5 'yellow':0 }
     [java] CT notification: Time [clock=14, time=2015-05-26 18:56:59.911]
     [java] DEBUG root                           - received a move request...: 40
     [java] CT writes position: Position [subject=a40, id=null, cell=Cell [x=5, y=1], time=2015-05-26 18:57:09.172, clock=14]
     [java] CT writes: Position [subject=a40, id=null, cell=Cell [x=5, y=1], time=2015-05-26 18:57:09.172, clock=14]
     [java] DEBUG root                           - received a move request...: 10
     [java] CT writes position: Position [subject=a10, id=null, cell=Cell [x=1, y=2], time=2015-05-26 18:57:09.291, clock=14]
     [java] CT writes: Position [subject=a10, id=null, cell=Cell [x=1, y=2], time=2015-05-26 18:57:09.291, clock=14]
     [java] DEBUG root                           - received a move request...: 30
     [java] CT writes position: Position [subject=a30, id=null, cell=Cell [x=2, y=3], time=2015-05-26 18:57:09.317, clock=14]
     [java] CT writes: Position [subject=a30, id=null, cell=Cell [x=2, y=3], time=2015-05-26 18:57:09.317, clock=14]
     [java] CT notification: Time [clock=15, time=2015-05-26 18:57:09.913]
     [java] DEBUG root                           - received a discourse mesage... 40
     [java] Received Discourse Message 
     [java] Class: class edu.harvard.eecs.airg.coloredtrails.shared.discourse.BasicProposalDiscourseMessage
     [java] From: 3
     [java] From: 2
     [java] DEBUG root                           - sendGameDiscourseMessage class edu.harvard.eecs.airg.coloredtrails.shared.discourse.BasicProposalDiscourseMessage
     [java] DEBUG root                           - FROM: 3 TO: 2(PIN: 30)
     [java] CT writes: Proposal [id=148, agent=a40, agent2=a30, clock=15, time=2015-05-26 18:57:16.978]
     [java] DEBUG root                           - received a discourse mesage... 30
     [java] Received Discourse Message 
     [java] Class: class edu.harvard.eecs.airg.coloredtrails.shared.discourse.BasicProposalDiscussionDiscourseMessage
     [java] From: 2
     [java] From: 3
     [java] DEBUG root                           - sendGameDiscourseMessage class edu.harvard.eecs.airg.coloredtrails.shared.discourse.BasicProposalDiscussionDiscourseMessage
     [java] DEBUG root                           - FROM: 2 TO: 3(PIN: 40)
     [java] ---- BasicProposalDiscussionDiscourseMessage ----
     [java] CT writes: Response [id=148, response=accepted, clock=15, time=2015-05-26 18:57:16.987]
     [java] We have an accepted offer, chips before: 
     [java] player pin: 10
     [java] player chips: { chips  'blue':0 'white':5 'brown':0 'yellow':0 }
     [java] player pin: 40
     [java] player chips: { chips  'blue':0 'white':0 'brown':0 'yellow':6 }
     [java] player pin: 30
     [java] player chips: { chips  'blue':4 'white':0 'brown':0 'yellow':0 }
     [java] player pin: 20
     [java] player chips: { chips  'blue':0 'white':0 'brown':5 'yellow':0 }
     [java] Initiating Automatic Chip Transfer
     [java] Proposer:  3
     [java] Sending: { chips  }
     [java] Responder: 2
     [java] Sending: { chips  'blue':1 }
     [java] EXECUTING AUTOMATIC CHIP TRANSFER
     [java] chips after: 
     [java] player pin: 10
     [java] player chips: { chips  'blue':0 'white':5 'brown':0 'yellow':0 }
     [java] player pin: 40
     [java] player chips: { chips  'blue':1 'white':0 'brown':0 'yellow':6 }
     [java] player pin: 30
     [java] player chips: { chips  'blue':3 'white':0 'brown':0 'yellow':0 }
     [java] player pin: 20
     [java] player chips: { chips  'blue':0 'white':0 'brown':5 'yellow':0 }
     [java] CT notification: Time [clock=16, time=2015-05-26 18:57:19.915]
     [java] DEBUG root                           - received a move request...: 40
     [java] CT writes position: Position [subject=a40, id=null, cell=Cell [x=4, y=1], time=2015-05-26 18:57:26.512, clock=16]
     [java] CT writes: Position [subject=a40, id=null, cell=Cell [x=4, y=1], time=2015-05-26 18:57:26.512, clock=16]
     [java] CT notification: Points [subject=a40, time=2015-05-26 18:57:26.525, clock=16, value=900, id=null]
     [java] 40
     [java] 40
     [java] DEBUG root                           - received a move request...: 30
     [java] CT writes position: Position [subject=a30, id=null, cell=Cell [x=3, y=3], time=2015-05-26 18:57:26.603, clock=16]
     [java] CT writes: Position [subject=a30, id=null, cell=Cell [x=3, y=3], time=2015-05-26 18:57:26.603, clock=16]
     [java] CT notification: Time [clock=17, time=2015-05-26 18:57:29.917]
     [java] DEBUG root                           - received a move request...: 30
     [java] CT writes position: Position [subject=a30, id=null, cell=Cell [x=2, y=3], time=2015-05-26 18:57:32.726, clock=17]
     [java] CT writes: Position [subject=a30, id=null, cell=Cell [x=2, y=3], time=2015-05-26 18:57:32.726, clock=17]
     [java] DEBUG root                           - received a move request...: 40
     [java] CT writes position: Position [subject=a40, id=null, cell=Cell [x=4, y=2], time=2015-05-26 18:57:33.986, clock=17]
     [java] CT writes: Position [subject=a40, id=null, cell=Cell [x=4, y=2], time=2015-05-26 18:57:33.986, clock=17]
     [java] CT notification: Time [clock=18, time=2015-05-26 18:57:39.92]
     [java] DEBUG root                           - received a move request...: 30
     [java] CT writes position: Position [subject=a30, id=null, cell=Cell [x=3, y=3], time=2015-05-26 18:57:45.994, clock=18]
     [java] CT writes: Position [subject=a30, id=null, cell=Cell [x=3, y=3], time=2015-05-26 18:57:45.994, clock=18]
     [java] CT notification: Time [clock=19, time=2015-05-26 18:57:49.949]
     [java] CT notification: Time [clock=20, time=2015-05-26 18:57:59.951]
     [java] CT notification: Time [clock=21, time=2015-05-26 18:58:09.952]
     [java] CT notification: Time [clock=22, time=2015-05-26 18:58:19.956]
     [java] CT notification: Time [clock=23, time=2015-05-26 18:58:29.96]
     [java] CT notification: Time [clock=24, time=2015-05-26 18:58:39.962]
     [java] CT notification: Time [clock=25, time=2015-05-26 18:58:49.969]
     [java] CT notification: Time [clock=26, time=2015-05-26 18:58:59.983]
     [java] CT notification: Time [clock=27, time=2015-05-26 18:59:09.989]
     [java] CT notification: Time [clock=28, time=2015-05-26 18:59:19.991]
     [java] CT notification: Time [clock=29, time=2015-05-26 18:59:29.996]
     [java] CT notification: Time [clock=30, time=2015-05-26 18:59:39.998]
     [java] CT notification: Time [clock=31, time=2015-05-26 18:59:50.0]
     [java] CT notification: Points [subject=a20, time=2015-05-26 18:59:50.015, clock=31, value=800, id=null]
     [java] 20
     [java] 20
     [java] 20
     [java] 20
     [java] CT notification: Points [subject=a30, time=2015-05-26 18:59:50.017, clock=31, value=700, id=null]
     [java] 30
     [java] 30
     [java] 30
     [java] CT notification: Time [clock=32, time=2015-05-26 19:00:00.002]
     [java] CT notification: Time [clock=33, time=2015-05-26 19:00:10.027]
     [java] CT notification: Time [clock=34, time=2015-05-26 19:00:20.031]
     [java] CT notification: Time [clock=35, time=2015-05-26 19:00:30.033]
     [java] CT notification: Time [clock=36, time=2015-05-26 19:00:40.036]
     [java] CT notification: Points [subject=a20, time=2015-05-26 19:00:40.05, clock=36, value=100, id=null]
     [java] 20
     [java] 20
     [java] 20
     [java] 20
     [java] CT notification: Time [clock=37, time=2015-05-26 19:00:50.038]
     [java] CT notification: Time [clock=38, time=2015-05-26 19:01:00.041]
     [java] CT notification: Time [clock=39, time=2015-05-26 19:01:10.043]
     [java] CT notification: Time [clock=40, time=2015-05-26 19:01:20.045]
     [java] CT notification: Time [clock=41, time=2015-05-26 19:01:30.048]
     [java] A New Phase Began: Feedback Phase
     [java] DEBUG root                           - Game ended id = 0
     [java] CT notification: Time [clock=42, time=2015-05-26 19:01:40.051]
     [java] CT notification: Time [clock=43, time=2015-05-26 19:01:50.054]
     [java] CT notification: Time [clock=44, time=2015-05-26 19:02:00.056]
     [java] CT notification: Time [clock=45, time=2015-05-26 19:02:10.059]
     [java] CT notification: Time [clock=46, time=2015-05-26 19:02:20.063]
     [java] CT notification: Time [clock=47, time=2015-05-26 19:02:30.067]
     [java] CT notification: Time [clock=48, time=2015-05-26 19:02:40.07]
     [java] CT notification: Time [clock=49, time=2015-05-26 19:02:50.072]
     [java] CT notification: Time [clock=50, time=2015-05-26 19:03:00.074]
     [java] CT notification: Time [clock=51, time=2015-05-26 19:03:10.075]
     [java] CT notification: Time [clock=52, time=2015-05-26 19:03:20.079]
     [java] CT notification: Time [clock=53, time=2015-05-26 19:03:30.081]
     [java] CT notification: Time [clock=54, time=2015-05-26 19:03:40.085]
     [java] CT notification: Time [clock=55, time=2015-05-26 19:03:50.088]
     [java] CT notification: Time [clock=56, time=2015-05-26 19:04:00.091]
     [java] CT notification: Time [clock=57, time=2015-05-26 19:04:10.094]
     [java] CT notification: Time [clock=58, time=2015-05-26 19:04:20.097]
     [java] INFO  BrokerService                  - ActiveMQ Message Broker (localhost, ID:kafka.local-65480-1432662875805-1:0) is shutting down
     [java] WARN  ActiveMQConnection             - Async exception with no exception listener: java.io.EOFException
     [java] java.io.EOFException
     [java] 	at java.io.DataInputStream.readInt(DataInputStream.java:375)
     [java] 	at org.apache.activemq.openwire.OpenWireFormat.unmarshal(OpenWireFormat.java:269)
     [java] 	at org.apache.activemq.transport.tcp.TcpTransport.readCommand(TcpTransport.java:156)
     [java] 	at org.apache.activemq.transport.tcp.TcpTransport.run(TcpTransport.java:136)
     [java] 	at java.lang.Thread.run(Thread.java:695)
     [java] WARN  ActiveMQConnection             - Async exception with no exception listener: java.io.EOFException
     [java] java.io.EOFException
     [java] 	at java.io.DataInputStream.readInt(DataInputStream.java:375)
     [java] 	at org.apache.activemq.openwire.OpenWireFormat.unmarshal(OpenWireFormat.java:269)
     [java] 	at org.apache.activemq.transport.tcp.TcpTransport.readCommand(TcpTransport.java:156)
     [java] 	at org.apache.activemq.transport.tcp.TcpTransport.run(TcpTransport.java:136)
     [java] 	at java.lang.Thread.run(Thread.java:695)
     [java] INFO  TransportConnector             - Connector tcp://kafka.local:8088 Stopped
     [java] INFO  BrokerService                  - ActiveMQ JMS Message Broker (localhost, ID:kafka.local-65480-1432662875805-1:0) stopped

BUILD SUCCESSFUL
Total time: 9 minutes 56 seconds
