Buildfile: /Users/dxd/git/ct3/WebCT/build.xml

runserver:
     [java] INFO  BrokerService                  - ActiveMQ null JMS Message Broker (localhost) is starting
     [java] INFO  BrokerService                  - For help or more information please see: http://activemq.apache.org/
     [java] INFO  AMQPersistenceAdapter          - AMQStore starting using directory: activemq-data/localhost
     [java] INFO  KahaStore                      - Kaha Store using data directory /Users/dxd/git/ct3/WebCT/activemq-data/localhost/kr-store
     [java] INFO  AMQPersistenceAdapter          - Active data files: []
     [java] INFO  AMQPersistenceAdapter          - Journal Recovery Started from: DataManager:(data-)
     [java] INFO  AMQPersistenceAdapter          - Recovered 0 operations from redo log in 0.061 seconds.
     [java] INFO  BrokerService                  - Using Persistence Adapter: AMQPersistenceAdapter(activemq-data/localhost)
     [java] INFO  TransportServerThreadSupport   - Listening for connections at: tcp://kafka.local:8088
     [java] INFO  TransportConnector             - Connector tcp://kafka.local:8088 Started
     [java] INFO  BrokerService                  - ActiveMQ JMS Message Broker (localhost, ID:kafka.local-56740-1430234468910-1:0) started
     [java] INFO  root                           - Started the JMS Server
     [java] INFO  ManagementContext              - JMX consoles can connect to service:jmx:rmi:///jndi/rmi://localhost:1099/jmxrmi
     [java] INFO  BrokerService                  - About to delete any non-persistent messages that may have overflowed to disk ...
     [java] INFO  KahaStore                      - Kaha Store successfully deleted data directory activemq-data/localhost/tmp_storage
     [java] INFO  BrokerService                  - Successfully deleted temporary storage
     [java] INFO  root                           - Controller Interface has been started
     [java] INFO  root                           - ColoredTrails is now running...
     [java] INFO  root                           - Colored Trails Server received a subcription message from client: 40 [10.154.152.143] of type 
     [java] INFO  root                           - Colored Trails Server received a subcription message from client: 30 [10.154.152.143] of type 
     [java] INFO  root                           - Colored Trails Server received a subcription message from client: 10 [10.154.152.143] of type 
     [java] Adding client state for 40
     [java] Adding client state for 30
     [java] Adding client state for 10
     [java] Adding client state for 20
     [java] INFO  root                           - Colored Trails Server received a subcription message from client: 20 [10.154.152.143] of type 
     [java] INFO  BrokerService                  - ActiveMQ Message Broker (localhost, ID:kafka.local-56740-1430234468910-1:0) is shutting down
     [java] WARN  ActiveMQConnection             - Async exception with no exception listener: java.io.EOFException
     [java] java.io.EOFException
     [java] 	at java.io.DataInputStream.readInt(DataInputStream.java:375)
     [java] 	at org.apache.activemq.openwire.OpenWireFormat.unmarshal(OpenWireFormat.java:269)
     [java] 	at org.apache.activemq.transport.tcp.TcpTransport.readCommand(TcpTransport.java:156)
     [java] 	at org.apache.activemq.transport.tcp.TcpTransport.run(TcpTransport.java:136)
     [java] 	at java.lang.Thread.run(Thread.java:695)
     [java] INFO  TransportConnector             - Connector tcp://kafka.local:8088 Stopped
     [java] INFO  BrokerService                  - ActiveMQ JMS Message Broker (localhost, ID:kafka.local-56740-1430234468910-1:0) stopped
     [java] Java Result: 143

BUILD SUCCESSFUL
Total time: 47 seconds
Buildfile: /Users/dxd/git/ct3/WebCT/build.xml

runserver:
     [java] INFO  BrokerService                  - ActiveMQ null JMS Message Broker (localhost) is starting
     [java] INFO  BrokerService                  - For help or more information please see: http://activemq.apache.org/
     [java] INFO  AMQPersistenceAdapter          - AMQStore starting using directory: activemq-data/localhost
     [java] INFO  KahaStore                      - Kaha Store using data directory /Users/dxd/git/ct3/WebCT/activemq-data/localhost/kr-store
     [java] INFO  AMQPersistenceAdapter          - Active data files: []
     [java] INFO  AMQPersistenceAdapter          - Journal Recovery Started from: DataManager:(data-)
     [java] INFO  AMQPersistenceAdapter          - Recovered 0 operations from redo log in 0.073 seconds.
     [java] INFO  BrokerService                  - Using Persistence Adapter: AMQPersistenceAdapter(activemq-data/localhost)
     [java] INFO  TransportServerThreadSupport   - Listening for connections at: tcp://kafka.local:8088
     [java] INFO  TransportConnector             - Connector tcp://kafka.local:8088 Started
     [java] INFO  BrokerService                  - ActiveMQ JMS Message Broker (localhost, ID:kafka.local-56829-1430234520570-1:0) started
     [java] INFO  root                           - Started the JMS Server
     [java] INFO  ManagementContext              - JMX consoles can connect to service:jmx:rmi:///jndi/rmi://localhost:1099/jmxrmi
     [java] INFO  BrokerService                  - About to delete any non-persistent messages that may have overflowed to disk ...
     [java] INFO  KahaStore                      - Kaha Store successfully deleted data directory activemq-data/localhost/tmp_storage
     [java] INFO  BrokerService                  - Successfully deleted temporary storage
     [java] INFO  root                           - Controller Interface has been started
     [java] INFO  root                           - ColoredTrails is now running...
     [java] Adding client state for 30
     [java] Adding client state for 40
     [java] Adding client state for 10
     [java] INFO  root                           - Colored Trails Server received a subcription message from client: 30 [10.154.152.143] of type 
     [java] INFO  root                           - Colored Trails Server received a subcription message from client: 40 [10.154.152.143] of type 
     [java] INFO  root                           - Colored Trails Server received a subcription message from client: 10 [10.154.152.143] of type 
     [java] INFO  root                           - Colored Trails Server received a subcription message from client: 20 [10.154.152.143] of type 
     [java] Adding client state for 20
     [java] Received message to add config class from: admin
     [java] INFO  root                           - Received message from admin: SET_CONFIGURATION
     [java] INFO  root                           - Received message from admin client:ADD_CONFIGURATION
     [java] DEBUG root                           - Administrator: adding configuration file [WebCTInputFileConfig] class name: WebCTInputFileConfig
     [java] INFO  root                           - Received message from admin client:NEW_GAME
     [java] DEBUG root                           - Administrator: newGame configName = [WebCTInputFileConfig] 
     [java] DEBUG root                           - Administrator: newGame adding Player: [10]
     [java] DEBUG root                           - Administrator: newGame adding Player: [20]
     [java] DEBUG root                           - Administrator: newGame adding Player: [30]
     [java] DEBUG root                           - Administrator: newGame adding Player: [40]
     [java] DEBUG root                           - ServerData addNewGame -- config file
     [java] DEBUG root                           - ServerData addNewGame -- Starting ServerGameStatus
     [java] DEBUG root                           - ServerData addNewGame -- Starting a new game with id: 0
     [java] DEBUG root                           - ClientCommands creating new Topic: ct3.game.0
     [java] DEBUG root                           - sending sendClientSubscribeToGameMessage: for game [0] and player [10]
     [java] DEBUG root                           - sending sendClientSubscribeToGameMessage: for game [0] and player [20]
     [java] DEBUG root                           - sending sendClientSubscribeToGameMessage: for game [0] and player [30]
     [java] DEBUG root                           - sending sendClientSubscribeToGameMessage: for game [0] and player [40]
     [java] INFO  root                           - Received message from admin client:LIST_GAMES
     [java] INFO  root                           - Received message from admin client:LIST_CONFIGURATIONS
     [java] received client subscribed successfully message
     [java] received client subscribed successfully message
     [java] received client subscribed successfully message
     [java] received client subscribed successfully message
     [java] All players subscribed to game, trying to start
     [java] INFO  root                           - Sending reply to controller: NEW_GAME_REPLY
     [java] DEBUG root                           - sendGameStart
     [java] DEBUG root                           - sendGameStart to controller
     [java] DEBUG root                           - sending game id = 0
     [java] INFO  root                           - Starting spaces 1
     [java] DEBUG UrlSpaceFactoryBean            - Finding Space with URL [jini:/*/*/myGrid] and properties [{com.j_spaces.core.container.shutdown_hook=false}]
     [java] 2015-04-28 16:22:38,288  INFO [com.gigaspaces.localcache] - LocalCache#1-myGrid was created successfully. Total time: 558 milliseconds
     [java] 2015-04-28 16:22:38,295 CONFIG [com.gigaspaces.logger] - Log file: /Users/dxd/git/ct3/logs/2015-04-28~16.22-gigaspaces-service-10.154.152.143-10764.log
     [java] DEBUG GigaSpaceFactoryBean           - Clustered flag automatically set to [true] since the space is a local cache space for bean [null]
     [java] DEBUG UrlSpaceFactoryBean            - Finding Space with URL [jini://*/*/myGrid] and properties [{com.j_spaces.core.container.shutdown_hook=false}]
     [java] zatim dobry
     [java] Let the game begin...
     [java] game id= 0
     [java] ---- Sending Scoring Change ----
     [java] setPhases in GameStatus
     [java] A New Phase Began: Communication Phase
     [java] -------- Creating Board --------
     [java] CT writes goal: Goal [id=null, cell=Cell [x=2, y=2], agent=null, time=null, clock=0]
     [java] CT writes: Goal [id=null, cell=Cell [x=2, y=2], agent=null, time=2015-04-28 16:22:38.488, clock=0]
     [java] CT notification: Time [clock=4, time=null]
     [java] CT players (clone,for): 
     [java] CT writes position: 
     [java] CT writes position: Position [subject=a30, id=null, cell=Cell [x=4, y=0], time=2015-04-28 16:22:43.113, clock=4]
     [java] CT writes: Position [subject=a30, id=null, cell=Cell [x=4, y=0], time=2015-04-28 16:22:43.113, clock=4]
     [java] CT writes position: 
     [java] CT writes position: Position [subject=a40, id=null, cell=Cell [x=4, y=4], time=2015-04-28 16:22:43.125, clock=4]
     [java] CT writes: Position [subject=a40, id=null, cell=Cell [x=4, y=4], time=2015-04-28 16:22:43.125, clock=4]
     [java] CT writes position: 
     [java] CT writes position: Position [subject=a20, id=null, cell=Cell [x=0, y=4], time=2015-04-28 16:22:43.128, clock=4]
     [java] CT writes: Position [subject=a20, id=null, cell=Cell [x=0, y=4], time=2015-04-28 16:22:43.128, clock=4]
     [java] CT writes position: 
     [java] CT writes position: Position [subject=a10, id=null, cell=Cell [x=0, y=0], time=2015-04-28 16:22:43.138, clock=4]
     [java] CT writes: Position [subject=a10, id=null, cell=Cell [x=0, y=0], time=2015-04-28 16:22:43.138, clock=4]
     [java] CT notification: Position [subject=a30, id=null, cell=Cell [x=4, y=0], time=2015-04-28 16:22:43.113, clock=4]
     [java] 30
     [java] CT notification: Position [subject=a40, id=null, cell=Cell [x=4, y=4], time=2015-04-28 16:22:43.125, clock=4]
     [java] 40
     [java] 40
     [java] CT notification: Position [subject=a20, id=null, cell=Cell [x=0, y=4], time=2015-04-28 16:22:43.128, clock=4]
     [java] 20
     [java] 20
     [java] 20
     [java] CT notification: Position [subject=a10, id=null, cell=Cell [x=0, y=0], time=2015-04-28 16:22:43.138, clock=4]
     [java] 10
     [java] 10
     [java] 10
     [java] 10
     [java] CT notification: Time [clock=5, time=null]
     [java] CT players (clone,for): 
     [java] Player: 30  Score: 20
     [java] Player: 40  Score: 25
     [java] Player: 20  Score: 25
     [java] Player: 10  Score: 55
     [java] A New Phase Began: Movement Phase
     [java] DEBUG root                           - received a move request...: 10
     [java] DEBUG root                           - received a move request...: 30
     [java] DEBUG root                           - received a move request...: 40
     [java] DEBUG root                           - received a move request...: 10
     [java] DEBUG root                           - received a move request...: 30
     [java] DEBUG root                           - received a move request...: 40
     [java] DEBUG root                           - received a move request...: 30
     [java] DEBUG root                           - received a move request...: 40
     [java] DEBUG root                           - received a move request...: 10
     [java] CT notification: Time [clock=6, time=null]
     [java] CT players (clone,for): 
     [java] CT writes position: 
     [java] CT writes position: Position [subject=a30, id=null, cell=Cell [x=3, y=2], time=2015-04-28 16:23:03.096, clock=6]
     [java] CT writes: Position [subject=a30, id=null, cell=Cell [x=3, y=2], time=2015-04-28 16:23:03.096, clock=6]
     [java] CT writes position: 
     [java] CT writes position: Position [subject=a40, id=null, cell=Cell [x=2, y=3], time=2015-04-28 16:23:03.102, clock=6]
     [java] CT writes: Position [subject=a40, id=null, cell=Cell [x=2, y=3], time=2015-04-28 16:23:03.102, clock=6]
     [java] CT writes position: 
     [java] CT writes position: Position [subject=a10, id=null, cell=Cell [x=2, y=1], time=2015-04-28 16:23:03.105, clock=6]
     [java] CT writes: Position [subject=a10, id=null, cell=Cell [x=2, y=1], time=2015-04-28 16:23:03.105, clock=6]
     [java] CT notification: Position [subject=a30, id=null, cell=Cell [x=3, y=2], time=2015-04-28 16:23:03.096, clock=6]
     [java] 30
     [java] CT notification: Position [subject=a40, id=null, cell=Cell [x=2, y=3], time=2015-04-28 16:23:03.102, clock=6]
     [java] 40
     [java] 40
     [java] CT notification: Position [subject=a10, id=null, cell=Cell [x=2, y=1], time=2015-04-28 16:23:03.105, clock=6]
     [java] 10
     [java] 10
     [java] 10
     [java] 10
     [java] CT notification: Time [clock=7, time=null]
     [java] CT players (clone,for): 
     [java] A New Phase Began: Feedback Phase
     [java] A New Phase Began: Communication Phase
     [java] -------- Creating Board --------
     [java] CT writes goal: Goal [id=null, cell=Cell [x=2, y=2], agent=null, time=null, clock=7]
     [java] CT writes: Goal [id=null, cell=Cell [x=2, y=2], agent=null, time=2015-04-28 16:23:19.464, clock=7]
     [java] DEBUG root                           - received a move request...: 30
     [java] DEBUG root                           - received a move request...: 10
     [java] DEBUG root                           - received a move request...: 40
     [java] CT notification: Time [clock=8, time=null]
     [java] CT players (clone,for): 
     [java] CT writes position: 
     [java] CT writes position: Position [subject=a30, id=null, cell=Cell [x=4, y=1], time=2015-04-28 16:23:23.112, clock=8]
     [java] CT writes: Position [subject=a30, id=null, cell=Cell [x=4, y=1], time=2015-04-28 16:23:23.112, clock=8]
     [java] CT writes position: 
     [java] CT writes position: Position [subject=a40, id=null, cell=Cell [x=4, y=4], time=2015-04-28 16:23:23.116, clock=8]
     [java] CT writes: Position [subject=a40, id=null, cell=Cell [x=4, y=4], time=2015-04-28 16:23:23.116, clock=8]
     [java] CT notification: Position [subject=a30, id=null, cell=Cell [x=4, y=1], time=2015-04-28 16:23:23.112, clock=8]
     [java] 30
     [java] CT writes position: 
     [java] CT writes position: Position [subject=a10, id=null, cell=Cell [x=0, y=0], time=2015-04-28 16:23:23.12, clock=8]
     [java] CT writes: Position [subject=a10, id=null, cell=Cell [x=0, y=0], time=2015-04-28 16:23:23.12, clock=8]
     [java] CT notification: Position [subject=a40, id=null, cell=Cell [x=4, y=4], time=2015-04-28 16:23:23.116, clock=8]
     [java] 40
     [java] 40
     [java] CT notification: Position [subject=a10, id=null, cell=Cell [x=0, y=0], time=2015-04-28 16:23:23.12, clock=8]
     [java] 10
     [java] 10
     [java] 10
     [java] 10
     [java] CT notification: Time [clock=9, time=null]
     [java] CT players (clone,for): 
     [java] Player: 30  Score: 25
     [java] Player: 40  Score: 25
     [java] Player: 20  Score: 25
     [java] Player: 10  Score: 55
     [java] A New Phase Began: Movement Phase
     [java] DEBUG root                           - received a move request...: 40
     [java] DEBUG root                           - received a move request...: 10
     [java] DEBUG root                           - received a move request...: 30
     [java] DEBUG root                           - received a move request...: 40
     [java] DEBUG root                           - received a move request...: 10
     [java] DEBUG root                           - received a move request...: 30
     [java] DEBUG root                           - received a move request...: 40
     [java] DEBUG root                           - received a move request...: 10
     [java] CT notification: Time [clock=10, time=null]
     [java] CT players (clone,for): 
     [java] CT writes position: 
     [java] CT writes position: Position [subject=a30, id=null, cell=Cell [x=3, y=2], time=2015-04-28 16:23:43.108, clock=10]
     [java] CT writes: Position [subject=a30, id=null, cell=Cell [x=3, y=2], time=2015-04-28 16:23:43.108, clock=10]
     [java] CT writes position: 
     [java] CT writes position: Position [subject=a40, id=null, cell=Cell [x=2, y=3], time=2015-04-28 16:23:43.11, clock=10]
     [java] CT writes: Position [subject=a40, id=null, cell=Cell [x=2, y=3], time=2015-04-28 16:23:43.11, clock=10]
     [java] CT notification: Position [subject=a30, id=null, cell=Cell [x=3, y=2], time=2015-04-28 16:23:43.108, clock=10]
     [java] 30
     [java] CT writes position: 
     [java] CT writes position: Position [subject=a10, id=null, cell=Cell [x=2, y=1], time=2015-04-28 16:23:43.112, clock=10]
     [java] CT writes: Position [subject=a10, id=null, cell=Cell [x=2, y=1], time=2015-04-28 16:23:43.112, clock=10]
     [java] CT notification: Position [subject=a40, id=null, cell=Cell [x=2, y=3], time=2015-04-28 16:23:43.11, clock=10]
     [java] 40
     [java] 40
     [java] CT notification: Position [subject=a10, id=null, cell=Cell [x=2, y=1], time=2015-04-28 16:23:43.112, clock=10]
     [java] 10
     [java] 10
     [java] 10
     [java] 10
     [java] CT notification: Time [clock=11, time=null]
     [java] CT players (clone,for): 
     [java] A New Phase Began: Feedback Phase
     [java] A New Phase Began: Communication Phase
     [java] -------- Creating Board --------
     [java] CT writes goal: Goal [id=null, cell=Cell [x=2, y=2], agent=null, time=null, clock=11]
     [java] CT writes: Goal [id=null, cell=Cell [x=2, y=2], agent=null, time=2015-04-28 16:24:00.484, clock=11]
     [java] DEBUG root                           - received a move request...: 30
     [java] DEBUG root                           - received a move request...: 10
     [java] DEBUG root                           - received a move request...: 40
     [java] CT notification: Time [clock=12, time=null]
     [java] CT players (clone,for): 
     [java] CT writes position: 
     [java] CT writes position: Position [subject=a30, id=null, cell=Cell [x=4, y=0], time=2015-04-28 16:24:03.116, clock=12]
     [java] CT writes: Position [subject=a30, id=null, cell=Cell [x=4, y=0], time=2015-04-28 16:24:03.116, clock=12]
     [java] CT writes position: 
     [java] CT writes position: Position [subject=a40, id=null, cell=Cell [x=4, y=4], time=2015-04-28 16:24:03.121, clock=12]
     [java] CT writes: Position [subject=a40, id=null, cell=Cell [x=4, y=4], time=2015-04-28 16:24:03.121, clock=12]
     [java] CT notification: Position [subject=a30, id=null, cell=Cell [x=4, y=0], time=2015-04-28 16:24:03.116, clock=12]
     [java] 30
     [java] CT writes position: 
     [java] CT writes position: Position [subject=a10, id=null, cell=Cell [x=0, y=0], time=2015-04-28 16:24:03.125, clock=12]
     [java] CT writes: Position [subject=a10, id=null, cell=Cell [x=0, y=0], time=2015-04-28 16:24:03.125, clock=12]
     [java] CT notification: Position [subject=a40, id=null, cell=Cell [x=4, y=4], time=2015-04-28 16:24:03.121, clock=12]
     [java] 40
     [java] 40
     [java] CT notification: Position [subject=a10, id=null, cell=Cell [x=0, y=0], time=2015-04-28 16:24:03.125, clock=12]
     [java] 10
     [java] 10
     [java] 10
     [java] 10
     [java] CT notification: Time [clock=13, time=null]
     [java] CT players (clone,for): 
     [java] Player: 30  Score: 20
     [java] Player: 40  Score: 25
     [java] Player: 20  Score: 25
     [java] Player: 10  Score: 55
     [java] A New Phase Began: Movement Phase
     [java] DEBUG root                           - received a move request...: 10
     [java] DEBUG root                           - received a move request...: 40
     [java] DEBUG root                           - received a move request...: 30
     [java] DEBUG root                           - received a move request...: 10
     [java] DEBUG root                           - received a move request...: 40
     [java] DEBUG root                           - received a move request...: 30
     [java] DEBUG root                           - received a move request...: 10
     [java] DEBUG root                           - received a move request...: 40
     [java] DEBUG root                           - received a move request...: 30
     [java] CT notification: Time [clock=14, time=null]
     [java] CT players (clone,for): 
     [java] CT writes position: 
     [java] CT writes position: Position [subject=a30, id=null, cell=Cell [x=3, y=2], time=2015-04-28 16:24:23.121, clock=14]
     [java] CT writes: Position [subject=a30, id=null, cell=Cell [x=3, y=2], time=2015-04-28 16:24:23.121, clock=14]
     [java] CT writes position: 
     [java] CT writes position: Position [subject=a40, id=null, cell=Cell [x=2, y=3], time=2015-04-28 16:24:23.124, clock=14]
     [java] CT writes: Position [subject=a40, id=null, cell=Cell [x=2, y=3], time=2015-04-28 16:24:23.124, clock=14]
     [java] CT notification: Position [subject=a30, id=null, cell=Cell [x=3, y=2], time=2015-04-28 16:24:23.121, clock=14]
     [java] 30
     [java] CT writes position: 
     [java] CT writes position: Position [subject=a10, id=null, cell=Cell [x=2, y=1], time=2015-04-28 16:24:23.129, clock=14]
     [java] CT writes: Position [subject=a10, id=null, cell=Cell [x=2, y=1], time=2015-04-28 16:24:23.129, clock=14]
     [java] CT notification: Position [subject=a40, id=null, cell=Cell [x=2, y=3], time=2015-04-28 16:24:23.124, clock=14]
     [java] 40
     [java] 40
     [java] CT notification: Position [subject=a10, id=null, cell=Cell [x=2, y=1], time=2015-04-28 16:24:23.129, clock=14]
     [java] 10
     [java] 10
     [java] 10
     [java] 10
     [java] CT notification: Time [clock=15, time=null]
     [java] CT players (clone,for): 
     [java] DEBUG root                           - received a move request...: 20
     [java] A New Phase Began: Feedback Phase
     [java] DEBUG root                           - received a move request...: 20
     [java] DEBUG root                           - Game ended id = 0
     [java] DEBUG root                           - received a move request...: 20
     [java] CT notification: Time [clock=16, time=null]
     [java] CT players (clone,for): 
     [java] CT writes position: 
     [java] CT writes position: Position [subject=a20, id=null, cell=Cell [x=1, y=2], time=2015-04-28 16:24:43.126, clock=16]
     [java] CT writes: Position [subject=a20, id=null, cell=Cell [x=1, y=2], time=2015-04-28 16:24:43.126, clock=16]
     [java] CT notification: Position [subject=a20, id=null, cell=Cell [x=1, y=2], time=2015-04-28 16:24:43.126, clock=16]
     [java] 20
     [java] 20
     [java] 20
     [java] CT notification: Time [clock=17, time=null]
     [java] CT players (clone,for): 
     [java] CT notification: Time [clock=18, time=null]
     [java] CT players (clone,for): 
     [java] CT notification: Time [clock=19, time=null]
     [java] CT players (clone,for): 
     [java] CT notification: Time [clock=20, time=null]
     [java] CT players (clone,for): 
     [java] CT notification: Time [clock=21, time=null]
     [java] CT players (clone,for): 
     [java] CT notification: Time [clock=22, time=null]
     [java] CT players (clone,for): 
     [java] CT notification: Time [clock=23, time=null]
     [java] CT players (clone,for): 
     [java] CT notification: Time [clock=24, time=null]
     [java] CT players (clone,for): 
     [java] CT notification: Time [clock=25, time=null]
     [java] CT players (clone,for): 
     [java] CT notification: Time [clock=26, time=null]
     [java] CT players (clone,for): 
     [java] CT notification: Time [clock=27, time=null]
     [java] CT players (clone,for): 
     [java] CT notification: Time [clock=28, time=null]
     [java] CT players (clone,for): 
     [java] CT notification: Time [clock=29, time=null]
     [java] CT players (clone,for): 
     [java] CT notification: Time [clock=30, time=null]
     [java] CT players (clone,for): 
     [java] CT notification: Time [clock=31, time=null]
     [java] CT players (clone,for): 
     [java] CT notification: Time [clock=32, time=null]
     [java] CT players (clone,for): 
     [java] CT notification: Time [clock=33, time=null]
     [java] CT players (clone,for): 
     [java] CT notification: Time [clock=34, time=null]
     [java] CT players (clone,for): 
     [java] CT notification: Time [clock=35, time=null]
     [java] CT players (clone,for): 
     [java] CT notification: Time [clock=36, time=null]
     [java] CT players (clone,for): 
     [java] CT notification: Time [clock=37, time=null]
     [java] CT players (clone,for): 
     [java] CT notification: Time [clock=38, time=null]
     [java] CT players (clone,for): 
     [java] CT notification: Time [clock=39, time=null]
     [java] CT players (clone,for): 
     [java] CT notification: Time [clock=40, time=null]
     [java] CT players (clone,for): 
     [java] CT notification: Time [clock=41, time=null]
     [java] CT players (clone,for): 
     [java] CT notification: Time [clock=42, time=null]
     [java] CT players (clone,for): 
     [java] CT notification: Time [clock=43, time=null]
     [java] CT players (clone,for): 
     [java] CT notification: Time [clock=44, time=null]
     [java] CT players (clone,for): 
     [java] CT notification: Time [clock=45, time=null]
     [java] CT players (clone,for): 
     [java] CT notification: Time [clock=46, time=null]
     [java] CT players (clone,for): 
     [java] CT notification: Time [clock=47, time=null]
     [java] CT players (clone,for): 
     [java] CT notification: Time [clock=48, time=null]
     [java] CT players (clone,for): 
     [java] CT notification: Time [clock=49, time=null]
     [java] CT players (clone,for): 
     [java] CT notification: Time [clock=50, time=null]
     [java] CT players (clone,for): 
     [java] CT notification: Time [clock=51, time=null]
     [java] CT players (clone,for): 
     [java] CT notification: Time [clock=52, time=null]
     [java] CT players (clone,for): 
     [java] CT notification: Time [clock=53, time=null]
     [java] CT players (clone,for): 
     [java] CT notification: Time [clock=54, time=null]
     [java] CT players (clone,for): 
     [java] CT notification: Time [clock=55, time=null]
     [java] CT players (clone,for): 
     [java] CT notification: Time [clock=56, time=null]
     [java] CT players (clone,for): 
     [java] CT notification: Time [clock=57, time=null]
     [java] CT players (clone,for): 
     [java] CT notification: Time [clock=58, time=null]
     [java] CT players (clone,for): 
     [java] CT notification: Time [clock=59, time=null]
     [java] CT players (clone,for): 
     [java] CT notification: Time [clock=60, time=null]
     [java] CT players (clone,for): 
     [java] CT notification: Time [clock=61, time=null]
     [java] CT players (clone,for): 
     [java] CT notification: Time [clock=62, time=null]
     [java] CT players (clone,for): 
     [java] CT notification: Time [clock=63, time=null]
     [java] CT players (clone,for): 
     [java] CT notification: Time [clock=64, time=null]
     [java] CT players (clone,for): 
     [java] CT notification: Time [clock=65, time=null]
     [java] CT players (clone,for): 
     [java] CT notification: Time [clock=66, time=null]
     [java] CT players (clone,for): 
     [java] CT notification: Time [clock=67, time=null]
     [java] CT players (clone,for): 
     [java] CT notification: Time [clock=68, time=null]
     [java] CT players (clone,for): 
     [java] CT notification: Time [clock=69, time=null]
     [java] CT players (clone,for): 
     [java] CT notification: Time [clock=70, time=null]
     [java] CT players (clone,for): 
     [java] CT notification: Time [clock=71, time=null]
     [java] CT players (clone,for): 
     [java] CT notification: Time [clock=72, time=null]
     [java] CT players (clone,for): 
     [java] CT notification: Time [clock=73, time=null]
     [java] CT players (clone,for): 
     [java] CT notification: Time [clock=74, time=null]
     [java] CT players (clone,for): 
     [java] CT notification: Time [clock=75, time=null]
     [java] CT players (clone,for): 
     [java] CT notification: Time [clock=76, time=null]
     [java] CT players (clone,for): 
     [java] CT notification: Time [clock=77, time=null]
     [java] CT players (clone,for): 
     [java] CT notification: Time [clock=78, time=null]
     [java] CT players (clone,for): 
     [java] CT notification: Time [clock=79, time=null]
     [java] CT players (clone,for): 
     [java] CT notification: Time [clock=80, time=null]
     [java] CT players (clone,for): 
     [java] CT notification: Time [clock=81, time=null]
     [java] CT players (clone,for): 
     [java] CT notification: Time [clock=82, time=null]
     [java] CT players (clone,for): 
     [java] CT notification: Time [clock=83, time=null]
     [java] CT players (clone,for): 
     [java] CT notification: Time [clock=84, time=null]
     [java] CT players (clone,for): 
     [java] CT notification: Time [clock=85, time=null]
     [java] CT players (clone,for): 
     [java] CT notification: Time [clock=86, time=null]
     [java] CT players (clone,for): 
     [java] CT notification: Time [clock=87, time=null]
     [java] CT players (clone,for): 
     [java] CT notification: Time [clock=88, time=null]
     [java] CT players (clone,for): 
     [java] CT notification: Time [clock=89, time=null]
     [java] CT players (clone,for): 
     [java] CT notification: Time [clock=90, time=null]
     [java] CT players (clone,for): 
     [java] CT notification: Time [clock=91, time=null]
     [java] CT players (clone,for): 
     [java] CT notification: Time [clock=92, time=null]
     [java] CT players (clone,for): 
     [java] CT notification: Time [clock=93, time=null]
     [java] CT players (clone,for): 
     [java] CT notification: Time [clock=94, time=null]
     [java] CT players (clone,for): 
     [java] CT notification: Time [clock=95, time=null]
     [java] CT players (clone,for): 
     [java] CT notification: Time [clock=96, time=null]
     [java] CT players (clone,for): 
     [java] CT notification: Time [clock=97, time=null]
     [java] CT players (clone,for): 
     [java] CT notification: Time [clock=98, time=null]
     [java] CT players (clone,for): 
     [java] CT notification: Time [clock=99, time=null]
     [java] CT players (clone,for): 
     [java] CT notification: Time [clock=100, time=null]
     [java] CT players (clone,for): 
     [java] CT notification: Time [clock=101, time=null]
     [java] CT players (clone,for): 
     [java] CT notification: Time [clock=102, time=null]
     [java] CT players (clone,for): 
     [java] CT notification: Time [clock=103, time=null]
     [java] CT players (clone,for): 
     [java] CT notification: Time [clock=104, time=null]
     [java] CT players (clone,for): 
     [java] CT notification: Time [clock=105, time=null]
     [java] CT players (clone,for): 
     [java] CT notification: Time [clock=106, time=null]
     [java] CT players (clone,for): 
     [java] CT notification: Time [clock=107, time=null]
     [java] CT players (clone,for): 
     [java] CT notification: Time [clock=108, time=null]
     [java] CT players (clone,for): 
     [java] CT notification: Time [clock=109, time=null]
     [java] CT players (clone,for): 
     [java] CT notification: Time [clock=110, time=null]
     [java] CT players (clone,for): 
     [java] CT notification: Time [clock=111, time=null]
     [java] CT players (clone,for): 
     [java] CT notification: Time [clock=112, time=null]
     [java] CT players (clone,for): 
     [java] CT notification: Time [clock=113, time=null]
     [java] CT players (clone,for): 
     [java] CT notification: Time [clock=114, time=null]
     [java] CT players (clone,for): 
     [java] CT notification: Time [clock=115, time=null]
     [java] CT players (clone,for): 
     [java] CT notification: Time [clock=116, time=null]
     [java] CT players (clone,for): 
     [java] CT notification: Time [clock=117, time=null]
     [java] CT players (clone,for): 
     [java] CT notification: Time [clock=118, time=null]
     [java] CT players (clone,for): 
     [java] CT notification: Time [clock=119, time=null]
     [java] CT players (clone,for): 
     [java] CT notification: Time [clock=120, time=null]
     [java] CT players (clone,for): 
     [java] CT notification: Time [clock=121, time=null]
     [java] CT players (clone,for): 
     [java] CT notification: Time [clock=122, time=null]
     [java] CT players (clone,for): 
     [java] CT notification: Time [clock=123, time=null]
     [java] CT players (clone,for): 
     [java] CT notification: Time [clock=124, time=null]
     [java] CT players (clone,for): 
     [java] CT notification: Time [clock=125, time=null]
     [java] CT players (clone,for): 
     [java] CT notification: Time [clock=126, time=null]
     [java] CT players (clone,for): 
     [java] CT notification: Time [clock=127, time=null]
     [java] CT players (clone,for): 
     [java] CT notification: Time [clock=128, time=null]
     [java] CT players (clone,for): 
     [java] CT notification: Time [clock=129, time=null]
     [java] CT players (clone,for): 
     [java] CT notification: Time [clock=130, time=null]
     [java] CT players (clone,for): 
     [java] CT notification: Time [clock=131, time=null]
     [java] CT players (clone,for): 
     [java] CT notification: Time [clock=132, time=null]
     [java] CT players (clone,for): 
     [java] CT notification: Time [clock=133, time=null]
     [java] CT players (clone,for): 
     [java] CT notification: Time [clock=134, time=null]
     [java] CT players (clone,for): 
     [java] CT notification: Time [clock=135, time=null]
     [java] CT players (clone,for): 
     [java] WARN  ActiveMQConnection             - Async exception with no exception listener: org.apache.activemq.transport.InactivityIOException: Channel was inactive for too long.
     [java] org.apache.activemq.transport.InactivityIOException: Channel was inactive for too long.
     [java] 	at org.apache.activemq.transport.InactivityMonitor.readCheck(InactivityMonitor.java:102)
     [java] 	at org.apache.activemq.transport.InactivityMonitor.access$000(InactivityMonitor.java:34)
     [java] 	at org.apache.activemq.transport.InactivityMonitor$1.run(InactivityMonitor.java:50)
     [java] 	at java.util.concurrent.Executors$RunnableAdapter.call(Executors.java:439)
     [java] 	at java.util.concurrent.FutureTask$Sync.innerRunAndReset(FutureTask.java:317)
     [java] 	at java.util.concurrent.FutureTask.runAndReset(FutureTask.java:150)
     [java] 	at java.util.concurrent.ScheduledThreadPoolExecutor$ScheduledFutureTask.access$101(ScheduledThreadPoolExecutor.java:98)
     [java] 	at java.util.concurrent.ScheduledThreadPoolExecutor$ScheduledFutureTask.runPeriodic(ScheduledThreadPoolExecutor.java:180)
     [java] 	at java.util.concurrent.ScheduledThreadPoolExecutor$ScheduledFutureTask.run(ScheduledThreadPoolExecutor.java:204)
     [java] 	at java.util.concurrent.ThreadPoolExecutor$Worker.runTask(ThreadPoolExecutor.java:895)
     [java] 	at java.util.concurrent.ThreadPoolExecutor$Worker.run(ThreadPoolExecutor.java:918)
     [java] 	at java.lang.Thread.run(Thread.java:695)
     [java] Client 20 disconnected!!!!!!!!!!!!!!!!!!!!!!!!!!!!!!!!!!!!!!!!!!!!!!
     [java] WARN  ActiveMQConnection             - Async exception with no exception listener: java.net.SocketException: Socket closed
     [java] java.net.SocketException: Socket closed
     [java] 	at java.net.SocketInputStream.socketRead0(Native Method)
     [java] 	at java.net.SocketInputStream.read(SocketInputStream.java:129)
     [java] 	at org.apache.activemq.transport.tcp.TcpBufferedInputStream.fill(TcpBufferedInputStream.java:49)
     [java] 	at org.apache.activemq.transport.tcp.TcpBufferedInputStream.read(TcpBufferedInputStream.java:56)
     [java] 	at java.io.DataInputStream.readInt(DataInputStream.java:370)
     [java] 	at org.apache.activemq.openwire.OpenWireFormat.unmarshal(OpenWireFormat.java:269)
     [java] 	at org.apache.activemq.transport.tcp.TcpTransport.readCommand(TcpTransport.java:156)
     [java] 	at org.apache.activemq.transport.tcp.TcpTransport.run(TcpTransport.java:136)
     [java] 	at java.lang.Thread.run(Thread.java:695)
     [java] 2015-04-28 16:47:35,040  WARNING [com.gigaspaces.localcache] - Failed to renew local space notify lease - LeaseRenewalEvent: 
     [java]  class name: java.lang.Object
     [java]  uid: fe5aa579-4458-4a05-8e01-37c4f8e7c417
     [java]  expiration: 1430235908379
     [java]  left 146643
     [java]  event cause: null
     [java] 
     [java] WARN  ActiveMQConnection             - Async exception with no exception listener: org.apache.activemq.transport.InactivityIOException: Channel was inactive for too long.
     [java] org.apache.activemq.transport.InactivityIOException: Channel was inactive for too long.
     [java] 	at org.apache.activemq.transport.InactivityMonitor.readCheck(InactivityMonitor.java:102)
     [java] 	at org.apache.activemq.transport.InactivityMonitor.access$000(InactivityMonitor.java:34)
     [java] 	at org.apache.activemq.transport.InactivityMonitor$1.run(InactivityMonitor.java:50)
     [java] 	at java.util.concurrent.Executors$RunnableAdapter.call(Executors.java:439)
     [java] 	at java.util.concurrent.FutureTask$Sync.innerRunAndReset(FutureTask.java:317)
     [java] 	at java.util.concurrent.FutureTask.runAndReset(FutureTask.java:150)
     [java] 	at java.util.concurrent.ScheduledThreadPoolExecutor$ScheduledFutureTask.access$101(ScheduledThreadPoolExecutor.java:98)
     [java] 	at java.util.concurrent.ScheduledThreadPoolExecutor$ScheduledFutureTask.runPeriodic(ScheduledThreadPoolExecutor.java:180)
     [java] 	at java.util.concurrent.ScheduledThreadPoolExecutor$ScheduledFutureTask.run(ScheduledThreadPoolExecutor.java:204)
     [java] 	at java.util.concurrent.ThreadPoolExecutor$Worker.runTask(ThreadPoolExecutor.java:895)
     [java] 	at java.util.concurrent.ThreadPoolExecutor$Worker.run(ThreadPoolExecutor.java:918)
     [java] 	at java.lang.Thread.run(Thread.java:695)
     [java] Client 20 disconnected!!!!!!!!!!!!!!!!!!!!!!!!!!!!!!!!!!!!!!!!!!!!!!
     [java] Client 10 disconnected!!!!!!!!!!!!!!!!!!!!!!!!!!!!!!!!!!!!!!!!!!!!!!
     [java] Client 40 disconnected!!!!!!!!!!!!!!!!!!!!!!!!!!!!!!!!!!!!!!!!!!!!!!
     [java] Client 30 disconnected!!!!!!!!!!!!!!!!!!!!!!!!!!!!!!!!!!!!!!!!!!!!!!
     [java] 2015-04-28 16:47:39,350  SEVERE [edu.harvard.eecs.airg.coloredtrails.server.CtrlCommands] - null; Caused by: javax.jms.IllegalStateException: The Session is closed
     [java] 	at org.apache.activemq.ActiveMQSession.checkClosed(ActiveMQSession.java:661)
     [java] 	at org.apache.activemq.ActiveMQSession.configureMessage(ActiveMQSession.java:647)
     [java] 	at org.apache.activemq.ActiveMQSession.createTextMessage(ActiveMQSession.java:380)
     [java] 	at edu.harvard.eecs.airg.coloredtrails.server.CtrlCommands.clientDisconnected(CtrlCommands.java:386)
     [java] 	at edu.harvard.eecs.airg.coloredtrails.server.ClientState.updateState(ClientState.java:38)
     [java] 	at edu.harvard.eecs.airg.coloredtrails.server.ServerData.run(ServerData.java:446)
     [java] 	at java.util.TimerThread.mainLoop(Timer.java:512)
     [java] 	at java.util.TimerThread.run(Timer.java:462)
     [java] 
     [java] 2015-04-28 16:47:39,350  SEVERE [edu.harvard.eecs.airg.coloredtrails.server.CtrlCommands] - null; Caused by: javax.jms.IllegalStateException: The Session is closed
     [java] 	at org.apache.activemq.ActiveMQSession.checkClosed(ActiveMQSession.java:661)
     [java] 	at org.apache.activemq.ActiveMQSession.configureMessage(ActiveMQSession.java:647)
     [java] 	at org.apache.activemq.ActiveMQSession.createTextMessage(ActiveMQSession.java:380)
     [java] 	at edu.harvard.eecs.airg.coloredtrails.server.CtrlCommands.clientDisconnected(CtrlCommands.java:386)
     [java] 	at edu.harvard.eecs.airg.coloredtrails.server.ClientState.updateState(ClientState.java:38)
     [java] 	at edu.harvard.eecs.airg.coloredtrails.server.ServerData.run(ServerData.java:446)
     [java] 	at java.util.TimerThread.mainLoop(Timer.java:512)
     [java] 	at java.util.TimerThread.run(Timer.java:462)
     [java] 
     [java] 2015-04-28 16:47:39,351  SEVERE [edu.harvard.eecs.airg.coloredtrails.server.CtrlCommands] - null; Caused by: javax.jms.IllegalStateException: The Session is closed
     [java] 	at org.apache.activemq.ActiveMQSession.checkClosed(ActiveMQSession.java:661)
     [java] 	at org.apache.activemq.ActiveMQSession.configureMessage(ActiveMQSession.java:647)
     [java] 	at org.apache.activemq.ActiveMQSession.createTextMessage(ActiveMQSession.java:380)
     [java] 	at edu.harvard.eecs.airg.coloredtrails.server.CtrlCommands.clientDisconnected(CtrlCommands.java:386)
     [java] 	at edu.harvard.eecs.airg.coloredtrails.server.ClientState.updateState(ClientState.java:38)
     [java] 	at edu.harvard.eecs.airg.coloredtrails.server.ServerData.run(ServerData.java:446)
     [java] 	at java.util.TimerThread.mainLoop(Timer.java:512)
     [java] 	at java.util.TimerThread.run(Timer.java:462)
     [java] 
     [java] 2015-04-28 16:47:39,351  SEVERE [edu.harvard.eecs.airg.coloredtrails.server.CtrlCommands] - null; Caused by: javax.jms.IllegalStateException: The Session is closed
     [java] 	at org.apache.activemq.ActiveMQSession.checkClosed(ActiveMQSession.java:661)
     [java] 	at org.apache.activemq.ActiveMQSession.configureMessage(ActiveMQSession.java:647)
     [java] 	at org.apache.activemq.ActiveMQSession.createTextMessage(ActiveMQSession.java:380)
     [java] 	at edu.harvard.eecs.airg.coloredtrails.server.CtrlCommands.clientDisconnected(CtrlCommands.java:386)
     [java] 	at edu.harvard.eecs.airg.coloredtrails.server.ClientState.updateState(ClientState.java:38)
     [java] 	at edu.harvard.eecs.airg.coloredtrails.server.ServerData.run(ServerData.java:446)
     [java] 	at java.util.TimerThread.mainLoop(Timer.java:512)
     [java] 	at java.util.TimerThread.run(Timer.java:462)
     [java] 
     [java] 2015-04-28 16:47:40,986  WARNING [com.gigaspaces.localcache] - LocalCache#1-myGrid lost connection to remote space - attempting to reconnect...
     [java] 2015-04-28 16:48:12,713  WARNING [com.gigaspaces.localcache] - LocalCache#1-myGrid failed to initialize; Caused by: com.gigaspaces.internal.client.cache.SpaceCacheInitializationException: Failed to load space cache configuration
     [java] 2015-04-28 16:48:12,713  SEVERE [com.gigaspaces.localcache] - LocalCache#1-myGrid is disconnected.
     [java] 2015-04-28 16:48:12,713  WARNING [com.gigaspaces.localcache] - LocalCache#1-myGrid failed to connect to remote space - waiting 6000 millis before next attempt...
     [java] 2015-04-28 16:48:18,715  WARNING [com.gigaspaces.localcache] - LocalCache#1-myGrid lost connection to remote space - attempting to reconnect...
     [java] 2015-04-28 16:48:18,780  INFO [com.gigaspaces.localcache] - LocalCache#1-myGrid is connected.
     [java] 2015-04-28 16:54:48,804  WARNING [com.gigaspaces.spaceproxy.router.myGrid] - Execution failed: java.rmi.ConnectException: LRMI transport protocol over NIO broken connection with ServerEndPoint: [NIO://kafka.local:56404/pid[10577]/1430234336914398240_3_2867368911993257742_details[class com.gigaspaces.internal.server.space.SpaceImpl(myGrid_container:myGrid)]]; nested exception is: 
     [java] 	java.nio.channels.ClosedChannelException, request=myGrid_container:myGrid=>UpdateLeaseSpaceOperationRequest[uid=6286cf15-d977-4be5-9093-0d93311a554c,typeName=java.lang.Object,leaseObjectType=3,duration=60000]
     [java] 2015-04-28 16:55:08,808  SEVERE [com.gigaspaces.spaceproxy.router.lookup.myGrid] - Failed to find an active server to execute UpdateLeaseSpaceOperationRequest[uid=6286cf15-d977-4be5-9093-0d93311a554c,typeName=java.lang.Object,leaseObjectType=3,duration=60000](elapsed time: 20004ms)
     [java] 2015-04-28 16:55:08,809  WARNING [com.gigaspaces.spaceproxy.router.myGrid] - No active server - attempting to locate an active server...
     [java] 2015-04-28 16:55:28,810  SEVERE [com.gigaspaces.spaceproxy.router.lookup.myGrid] - Failed to find an active server to execute UpdateLeaseSpaceOperationRequest[uid=6286cf15-d977-4be5-9093-0d93311a554c,typeName=java.lang.Object,leaseObjectType=3,duration=60000](elapsed time: 20001ms)
     [java] 2015-04-28 16:55:28,811  WARNING [com.gigaspaces.localcache] - Failed to renew local space notify lease - LeaseRenewalEvent: 
     [java]  class name: java.lang.Object
     [java]  uid: 6286cf15-d977-4be5-9093-0d93311a554c
     [java]  expiration: 1430236518803
     [java]  left 10008
     [java]  event cause: java.rmi.RemoteException: Failed to find an active server to execute UpdateLeaseSpaceOperationRequest[uid=6286cf15-d977-4be5-9093-0d93311a554c,typeName=java.lang.Object,leaseObjectType=3,duration=60000](elapsed time: 20001ms)
     [java] 
     [java] 2015-04-28 16:55:28,811  WARNING [com.gigaspaces.localcache] - LocalCache#1-myGrid lost connection to remote space - attempting to reconnect...
     [java] 2015-04-28 16:55:28,811  WARNING [com.gigaspaces.spaceproxy.router.myGrid] - No active server - attempting to locate an active server...
     [java] 2015-04-28 16:55:48,812  SEVERE [com.gigaspaces.spaceproxy.router.lookup.myGrid] - Failed to find an active server to execute UpdateLeaseSpaceOperationRequest[uid=6286cf15-d977-4be5-9093-0d93311a554c,typeName=java.lang.Object,leaseObjectType=3,duration=-1](elapsed time: 20001ms)
     [java] 2015-04-28 16:55:48,813  WARNING [com.gigaspaces.spaceproxy.router.myGrid] - No active server - attempting to locate an active server...
     [java] 2015-04-28 16:56:08,814  SEVERE [com.gigaspaces.spaceproxy.router.lookup.myGrid] - Failed to find an active server to execute UpdateLeaseSpaceOperationRequest[uid=6286cf15-d977-4be5-9093-0d93311a554c,typeName=java.lang.Object,leaseObjectType=3,duration=-1](elapsed time: 20001ms)
     [java] 2015-04-28 16:56:44,456  WARNING [com.gigaspaces.localcache] - LocalCache#1-myGrid failed to find remote space: jini:/*/*/myGrid?groups=gigaspaces-9.5.1-XAPPremium-ga&state=started&create=false
     [java] 2015-04-28 16:56:44,456  SEVERE [com.gigaspaces.localcache] - LocalCache#1-myGrid is disconnected.
     [java] 2015-04-28 16:56:44,457  WARNING [com.gigaspaces.localcache] - LocalCache#1-myGrid failed to connect to remote space - waiting 6000 millis before next attempt...
     [java] 2015-04-28 16:56:50,457  WARNING [com.gigaspaces.localcache] - LocalCache#1-myGrid lost connection to remote space - attempting to reconnect...
     [java] 2015-04-28 16:57:25,508  WARNING [com.gigaspaces.localcache] - LocalCache#1-myGrid failed to find remote space: jini:/*/*/myGrid?groups=gigaspaces-9.5.1-XAPPremium-ga&state=started&create=false
     [java] 2015-04-28 16:57:25,508  SEVERE [com.gigaspaces.localcache] - LocalCache#1-myGrid is disconnected.
     [java] 2015-04-28 16:57:25,508  WARNING [com.gigaspaces.localcache] - LocalCache#1-myGrid failed to connect to remote space - waiting 6000 millis before next attempt...
     [java] 2015-04-28 16:57:31,510  WARNING [com.gigaspaces.localcache] - LocalCache#1-myGrid lost connection to remote space - attempting to reconnect...
     [java] 2015-04-28 16:58:06,564  WARNING [com.gigaspaces.localcache] - LocalCache#1-myGrid failed to find remote space: jini:/*/*/myGrid?groups=gigaspaces-9.5.1-XAPPremium-ga&state=started&create=false
     [java] 2015-04-28 16:58:06,564  SEVERE [com.gigaspaces.localcache] - LocalCache#1-myGrid is disconnected.
     [java] 2015-04-28 16:58:06,564  WARNING [com.gigaspaces.localcache] - LocalCache#1-myGrid failed to connect to remote space - waiting 6000 millis before next attempt...
     [java] 2015-04-28 16:58:12,566  WARNING [com.gigaspaces.localcache] - LocalCache#1-myGrid lost connection to remote space - attempting to reconnect...
     [java] 2015-04-28 16:58:47,922  WARNING [com.gigaspaces.localcache] - LocalCache#1-myGrid failed to find remote space: jini:/*/*/myGrid?groups=gigaspaces-9.5.1-XAPPremium-ga&state=started&create=false
     [java] 2015-04-28 16:58:47,922  SEVERE [com.gigaspaces.localcache] - LocalCache#1-myGrid is disconnected.
     [java] 2015-04-28 16:58:47,922  WARNING [com.gigaspaces.localcache] - LocalCache#1-myGrid failed to connect to remote space - waiting 6000 millis before next attempt...
     [java] 2015-04-28 16:58:53,923  WARNING [com.gigaspaces.localcache] - LocalCache#1-myGrid lost connection to remote space - attempting to reconnect...
     [java] INFO  BrokerService                  - ActiveMQ Message Broker (localhost, ID:kafka.local-56829-1430234520570-1:0) is shutting down
     [java] INFO  TransportConnector             - Connector tcp://kafka.local:8088 Stopped
     [java] INFO  BrokerService                  - ActiveMQ JMS Message Broker (localhost, ID:kafka.local-56829-1430234520570-1:0) stopped

BUILD SUCCESSFUL
Total time: 37 minutes 32 seconds
