Buildfile: /Users/dxd/git/ct3/WebCT/build.xml

runserver:
     [java] INFO  BrokerService                  - ActiveMQ null JMS Message Broker (localhost) is starting
     [java] INFO  BrokerService                  - For help or more information please see: http://activemq.apache.org/
     [java] INFO  AMQPersistenceAdapter          - AMQStore starting using directory: activemq-data/localhost
     [java] INFO  KahaStore                      - Kaha Store using data directory /Users/dxd/git/ct3/WebCT/activemq-data/localhost/kr-store
     [java] INFO  AMQPersistenceAdapter          - Active data files: []
     [java] INFO  AMQPersistenceAdapter          - Journal Recovery Started from: DataManager:(data-)
     [java] INFO  AMQPersistenceAdapter          - Recovered 0 operations from redo log in 0.115 seconds.
     [java] INFO  BrokerService                  - Using Persistence Adapter: AMQPersistenceAdapter(activemq-data/localhost)
     [java] INFO  TransportServerThreadSupport   - Listening for connections at: tcp://kafka.local:8088
     [java] INFO  TransportConnector             - Connector tcp://kafka.local:8088 Started
     [java] INFO  BrokerService                  - ActiveMQ JMS Message Broker (localhost, ID:kafka.local-62589-1432847068881-1:0) started
     [java] INFO  root                           - Started the JMS Server
     [java] INFO  BrokerService                  - About to delete any non-persistent messages that may have overflowed to disk ...
     [java] INFO  KahaStore                      - Kaha Store successfully deleted data directory activemq-data/localhost/tmp_storage
     [java] INFO  BrokerService                  - Successfully deleted temporary storage
     [java] INFO  ManagementContext              - JMX consoles can connect to service:jmx:rmi:///jndi/rmi://localhost:1099/jmxrmi
     [java] INFO  root                           - Controller Interface has been started
     [java] INFO  root                           - ColoredTrails is now running...
     [java] INFO  root                           - Colored Trails Server received a subcription message from client: 30 [192.168.1.103] of type 
     [java] Adding client state for 30
     [java] Adding client state for 10
     [java] Adding client state for 40
     [java] INFO  root                           - Colored Trails Server received a subcription message from client: 10 [192.168.1.103] of type 
     [java] INFO  root                           - Colored Trails Server received a subcription message from client: 40 [192.168.1.103] of type 
     [java] INFO  root                           - Colored Trails Server received a subcription message from client: 20 [192.168.1.103] of type 
     [java] Adding client state for 20
     [java] Received message to add config class from: admin
     [java] INFO  root                           - Received message from admin: SET_CONFIGURATION
     [java] INFO  root                           - Received message from admin client:ADD_CONFIGURATION
     [java] DEBUG root                           - Administrator: adding configuration file [WebCTInputFileConfig] class name: WebCTInputFileConfig
     [java] INFO  root                           - Received message from admin client:NEW_GAME
     [java] DEBUG root                           - Administrator: newGame configName = [WebCTInputFileConfig] 
     [java] DEBUG root                           - Administrator: newGame adding Player: [10]
     [java] DEBUG root                           - Administrator: newGame adding Player: [20]
     [java] DEBUG root                           - Administrator: newGame adding Player: [30]
     [java] DEBUG root                           - Administrator: newGame adding Player: [40]
     [java] DEBUG root                           - ServerData addNewGame -- config file
     [java] DEBUG root                           - ServerData addNewGame -- Starting ServerGameStatus
     [java] DEBUG root                           - ServerData addNewGame -- Starting a new game with id: 0
     [java] DEBUG root                           - ClientCommands creating new Topic: ct3.game.0
     [java] DEBUG root                           - sending sendClientSubscribeToGameMessage: for game [0] and player [10]
     [java] DEBUG root                           - sending sendClientSubscribeToGameMessage: for game [0] and player [20]
     [java] DEBUG root                           - sending sendClientSubscribeToGameMessage: for game [0] and player [30]
     [java] DEBUG root                           - sending sendClientSubscribeToGameMessage: for game [0] and player [40]
     [java] INFO  root                           - Received message from admin client:LIST_GAMES
     [java] INFO  root                           - Received message from admin client:LIST_CONFIGURATIONS
     [java] received client subscribed successfully message
     [java] received client subscribed successfully message
     [java] received client subscribed successfully message
     [java] received client subscribed successfully message
     [java] All players subscribed to game, trying to start
     [java] INFO  root                           - Sending reply to controller: NEW_GAME_REPLY
     [java] DEBUG root                           - sendGameStart
     [java] DEBUG root                           - sendGameStart to controller
     [java] DEBUG root                           - sending game id = 0
     [java] INFO  root                           - Starting spaces 1
     [java] DEBUG UrlSpaceFactoryBean            - Finding Space with URL [jini:/*/*/myGrid] and properties [{com.j_spaces.core.container.shutdown_hook=false}]
     [java] 2015-05-28 22:04:42,399  INFO [com.gigaspaces.localcache] - LocalCache#1-myGrid was created successfully. Total time: 579 milliseconds
     [java] 2015-05-28 22:04:42,413 CONFIG [com.gigaspaces.logger] - Log file: /Users/dxd/git/ct3/logs/2015-05-28~22.04-gigaspaces-service-192.168.1.103-45353.log
     [java] DEBUG GigaSpaceFactoryBean           - Clustered flag automatically set to [true] since the space is a local cache space for bean [null]
     [java] DEBUG UrlSpaceFactoryBean            - Finding Space with URL [jini://*/*/myGrid] and properties [{com.j_spaces.core.container.shutdown_hook=false}]
     [java] zatim dobry
     [java] Let the game begin...
     [java] game id= 0
     [java] ---- Sending Scoring Change ----
     [java] setPhases in GameStatus
     [java] A New Phase Began: Norm Phase
     [java] -------- Creating Board --------
     [java] CT writes: Tile [id=null, cell=Cell [x=0, y=0], subject=brown, time=2015-05-28 22:04:42.589, clock=0]
     [java] CT writes: Tile [id=null, cell=Cell [x=0, y=1], subject=brown, time=2015-05-28 22:04:42.668, clock=0]
     [java] CT writes: Tile [id=null, cell=Cell [x=0, y=2], subject=white, time=2015-05-28 22:04:42.669, clock=0]
     [java] CT writes: Tile [id=null, cell=Cell [x=0, y=3], subject=yellow, time=2015-05-28 22:04:42.671, clock=0]
     [java] CT writes: Tile [id=null, cell=Cell [x=0, y=4], subject=brown, time=2015-05-28 22:04:42.672, clock=0]
     [java] CT writes: Tile [id=null, cell=Cell [x=0, y=5], subject=blue, time=2015-05-28 22:04:42.675, clock=0]
     [java] CT writes: Tile [id=null, cell=Cell [x=0, y=6], subject=brown, time=2015-05-28 22:04:42.677, clock=0]
     [java] CT writes: Tile [id=null, cell=Cell [x=1, y=0], subject=brown, time=2015-05-28 22:04:42.681, clock=0]
     [java] CT writes: Tile [id=null, cell=Cell [x=1, y=1], subject=yellow, time=2015-05-28 22:04:42.685, clock=0]
     [java] CT writes: Tile [id=null, cell=Cell [x=1, y=2], subject=white, time=2015-05-28 22:04:42.69, clock=0]
     [java] CT writes: Tile [id=null, cell=Cell [x=1, y=3], subject=white, time=2015-05-28 22:04:42.694, clock=0]
     [java] CT writes: Tile [id=null, cell=Cell [x=1, y=4], subject=blue, time=2015-05-28 22:04:42.697, clock=0]
     [java] CT writes: Tile [id=null, cell=Cell [x=1, y=5], subject=brown, time=2015-05-28 22:04:42.699, clock=0]
     [java] CT writes: Tile [id=null, cell=Cell [x=1, y=6], subject=yellow, time=2015-05-28 22:04:42.703, clock=0]
     [java] CT writes: Tile [id=null, cell=Cell [x=2, y=0], subject=white, time=2015-05-28 22:04:42.709, clock=0]
     [java] CT writes: Tile [id=null, cell=Cell [x=2, y=1], subject=white, time=2015-05-28 22:04:42.715, clock=0]
     [java] CT writes: Tile [id=null, cell=Cell [x=2, y=2], subject=brown, time=2015-05-28 22:04:42.727, clock=0]
     [java] CT writes: Tile [id=null, cell=Cell [x=2, y=3], subject=blue, time=2015-05-28 22:04:42.733, clock=0]
     [java] CT writes: Tile [id=null, cell=Cell [x=2, y=4], subject=white, time=2015-05-28 22:04:42.736, clock=0]
     [java] CT writes: Tile [id=null, cell=Cell [x=2, y=5], subject=brown, time=2015-05-28 22:04:42.742, clock=0]
     [java] CT writes: Tile [id=null, cell=Cell [x=2, y=6], subject=brown, time=2015-05-28 22:04:42.75, clock=0]
     [java] CT writes: Tile [id=null, cell=Cell [x=3, y=0], subject=white, time=2015-05-28 22:04:42.754, clock=0]
     [java] CT writes: Tile [id=null, cell=Cell [x=3, y=1], subject=yellow, time=2015-05-28 22:04:42.757, clock=0]
     [java] CT writes: Tile [id=null, cell=Cell [x=3, y=2], subject=blue, time=2015-05-28 22:04:42.76, clock=0]
     [java] CT writes: Tile [id=null, cell=Cell [x=3, y=3], subject=blue, time=2015-05-28 22:04:42.764, clock=0]
     [java] CT writes: Tile [id=null, cell=Cell [x=3, y=4], subject=yellow, time=2015-05-28 22:04:42.767, clock=0]
     [java] CT writes: Tile [id=null, cell=Cell [x=3, y=5], subject=yellow, time=2015-05-28 22:04:42.773, clock=0]
     [java] CT writes: Tile [id=null, cell=Cell [x=3, y=6], subject=white, time=2015-05-28 22:04:42.779, clock=0]
     [java] CT writes: Tile [id=null, cell=Cell [x=4, y=0], subject=brown, time=2015-05-28 22:04:42.791, clock=0]
     [java] CT writes: Tile [id=null, cell=Cell [x=4, y=1], subject=blue, time=2015-05-28 22:04:42.82, clock=0]
     [java] CT writes: Tile [id=null, cell=Cell [x=4, y=2], subject=yellow, time=2015-05-28 22:04:42.826, clock=0]
     [java] CT writes: Tile [id=null, cell=Cell [x=4, y=3], subject=blue, time=2015-05-28 22:04:42.83, clock=0]
     [java] CT writes: Tile [id=null, cell=Cell [x=4, y=4], subject=brown, time=2015-05-28 22:04:42.833, clock=0]
     [java] CT writes: Tile [id=null, cell=Cell [x=4, y=5], subject=yellow, time=2015-05-28 22:04:42.837, clock=0]
     [java] CT writes: Tile [id=null, cell=Cell [x=4, y=6], subject=brown, time=2015-05-28 22:04:42.841, clock=0]
     [java] CT writes: Tile [id=null, cell=Cell [x=5, y=0], subject=yellow, time=2015-05-28 22:04:42.844, clock=0]
     [java] CT writes: Tile [id=null, cell=Cell [x=5, y=1], subject=white, time=2015-05-28 22:04:42.848, clock=0]
     [java] CT writes: Tile [id=null, cell=Cell [x=5, y=2], subject=brown, time=2015-05-28 22:04:42.852, clock=0]
     [java] CT writes: Tile [id=null, cell=Cell [x=5, y=3], subject=yellow, time=2015-05-28 22:04:42.856, clock=0]
     [java] CT writes: Tile [id=null, cell=Cell [x=5, y=4], subject=blue, time=2015-05-28 22:04:42.858, clock=0]
     [java] CT writes: Tile [id=null, cell=Cell [x=5, y=5], subject=brown, time=2015-05-28 22:04:42.862, clock=0]
     [java] CT writes: Tile [id=null, cell=Cell [x=5, y=6], subject=white, time=2015-05-28 22:04:42.866, clock=0]
     [java] CT writes: Tile [id=null, cell=Cell [x=6, y=0], subject=blue, time=2015-05-28 22:04:42.87, clock=0]
     [java] CT writes: Tile [id=null, cell=Cell [x=6, y=1], subject=brown, time=2015-05-28 22:04:42.873, clock=0]
     [java] CT writes: Tile [id=null, cell=Cell [x=6, y=2], subject=white, time=2015-05-28 22:04:42.876, clock=0]
     [java] CT writes: Tile [id=null, cell=Cell [x=6, y=3], subject=brown, time=2015-05-28 22:04:42.878, clock=0]
     [java] CT writes: Tile [id=null, cell=Cell [x=6, y=4], subject=white, time=2015-05-28 22:04:42.88, clock=0]
     [java] CT writes: Tile [id=null, cell=Cell [x=6, y=5], subject=brown, time=2015-05-28 22:04:42.884, clock=0]
     [java] CT writes: Tile [id=null, cell=Cell [x=6, y=6], subject=white, time=2015-05-28 22:04:42.888, clock=0]
     [java] CT writes goal: Goal [id=null, cell=Cell [x=3, y=3], agent=null, time=null, clock=0]
     [java] CT writes: Goal [id=null, cell=Cell [x=3, y=3], agent=null, time=2015-05-28 22:04:42.954, clock=0]
     [java] CT writes setGoal: Group [name=g, ra=a10, clock=0, time=2015-05-28 22:04:43.018]
     [java] CT writes: Group [name=g, ra=a10, clock=0, time=2015-05-28 22:04:43.018]
     [java] revelation chips: { chips  'blue':0 'white':0 'brown':0 'yellow':0 }
     [java] CT notification: Time [clock=1, time=2015-05-28 22:04:43.055]
     [java] CT notification: Prohibition [subject=a20, prohibition=[rejectRequests(a20)], sanction=[reduce(a20, 500)], clock=1, time=2015-05-28 22:04:43.194]
     [java] 20
     [java] CT prohibition: [Prohibition to reject requests for chips from the other players or 500 points will be deducted.]
     [java] CT notification: Prohibition [subject=a20, prohibition=[moveTooFast(a20)], sanction=[reduce(a20, 300)], clock=1, time=2015-05-28 22:04:43.211]
     [java] 20
     [java] CT prohibition: [Prohibition to reject requests for chips from the other players or 500 points will be deducted., Prohibition to move more than 1 square per clock tick or 300 points will be deducted.]
     [java] revelation chips: { chips  'blue':0 'white':0 'brown':0 'yellow':0 }
     [java] revelation chips: { chips  'blue':0 'white':0 'brown':0 'yellow':0 }
     [java] revelation chips: { chips  'blue':0 'white':0 'brown':0 'yellow':0 }
     [java] CT notification: Obligation [subject=a20, obligation=[at(2, 3, a20)], sanction=[reduce(a20, 700)], deadline=27, time=2015-05-28 22:04:49.435, clock=1]
     [java] 20
     [java] CT obligation: [Obligation to be at the grid tile [2,3] before clock 27 or 700 points will be deducted.]
     [java] CT notification: Obligation [subject=a20, obligation=[color(white, a20)], sanction=[reduce(a20, 100)], deadline=21, time=2015-05-28 22:04:50.383, clock=1]
     [java] 20
     [java] CT obligation: [Obligation to be at the grid tile [2,3] before clock 27 or 700 points will be deducted., Obligation to use a tile with color white before clock 21 or 100 points will be deducted.]
     [java] CT notification: Prohibition [subject=a20, prohibition=[color(blue, a20)], sanction=[reduce(a20, 100)], clock=1, time=2015-05-28 22:04:51.033]
     [java] 20
     [java] CT prohibition: [Prohibition to reject requests for chips from the other players or 500 points will be deducted., Prohibition to move more than 1 square per clock tick or 300 points will be deducted., Prohibition to use a tile with color blue or 100 points will be deducted.]
     [java] CT notification: Time [clock=2, time=2015-05-28 22:04:53.078]
     [java] CT notification: Time [clock=3, time=2015-05-28 22:05:03.08]
     [java] INFO  BrokerService                  - ActiveMQ Message Broker (localhost, ID:kafka.local-62589-1432847068881-1:0) is shutting down
     [java] WARN  ActiveMQConnection             - Async exception with no exception listener: java.io.EOFException
     [java] java.io.EOFException
     [java] 	at java.io.DataInputStream.readInt(DataInputStream.java:375)
     [java] 	at org.apache.activemq.openwire.OpenWireFormat.unmarshal(OpenWireFormat.java:269)
     [java] 	at org.apache.activemq.transport.tcp.TcpTransport.readCommand(TcpTransport.java:156)
     [java] 	at org.apache.activemq.transport.tcp.TcpTransport.run(TcpTransport.java:136)
     [java] 	at java.lang.Thread.run(Thread.java:695)
     [java] WARN  ActiveMQConnection             - Async exception with no exception listener: java.io.EOFException
     [java] java.io.EOFException
     [java] 	at java.io.DataInputStream.readInt(DataInputStream.java:375)
     [java] 	at org.apache.activemq.openwire.OpenWireFormat.unmarshal(OpenWireFormat.java:269)
     [java] 	at org.apache.activemq.transport.tcp.TcpTransport.readCommand(TcpTransport.java:156)
     [java] 	at org.apache.activemq.transport.tcp.TcpTransport.run(TcpTransport.java:136)
     [java] 	at java.lang.Thread.run(Thread.java:695)
     [java] INFO  TransportConnector             - Connector tcp://kafka.local:8088 Stopped
     [java] INFO  BrokerService                  - ActiveMQ JMS Message Broker (localhost, ID:kafka.local-62589-1432847068881-1:0) stopped

BUILD SUCCESSFUL
Total time: 42 seconds
