Buildfile: /Users/dxd/git/ct3/WebCT/build.xml

runserver:
     [java] INFO  BrokerService                  - ActiveMQ null JMS Message Broker (localhost) is starting
     [java] INFO  BrokerService                  - For help or more information please see: http://activemq.apache.org/
     [java] INFO  AMQPersistenceAdapter          - AMQStore starting using directory: activemq-data/localhost
     [java] INFO  KahaStore                      - Kaha Store using data directory /Users/dxd/git/ct3/WebCT/activemq-data/localhost/kr-store
     [java] INFO  AMQPersistenceAdapter          - Active data files: []
     [java] INFO  AMQPersistenceAdapter          - Journal Recovery Started from: DataManager:(data-)
     [java] INFO  AMQPersistenceAdapter          - Recovered 0 operations from redo log in 0.154 seconds.
     [java] INFO  BrokerService                  - Using Persistence Adapter: AMQPersistenceAdapter(activemq-data/localhost)
     [java] INFO  TransportServerThreadSupport   - Listening for connections at: tcp://kafka.local:8088
     [java] INFO  TransportConnector             - Connector tcp://kafka.local:8088 Started
     [java] INFO  BrokerService                  - ActiveMQ JMS Message Broker (localhost, ID:kafka.local-64063-1433856687223-1:0) started
     [java] INFO  root                           - Started the JMS Server
     [java] INFO  ManagementContext              - JMX consoles can connect to service:jmx:rmi:///jndi/rmi://localhost:1099/jmxrmi
     [java] INFO  BrokerService                  - About to delete any non-persistent messages that may have overflowed to disk ...
     [java] INFO  KahaStore                      - Kaha Store successfully deleted data directory activemq-data/localhost/tmp_storage
     [java] INFO  BrokerService                  - Successfully deleted temporary storage
     [java] INFO  root                           - Controller Interface has been started
     [java] INFO  root                           - ColoredTrails is now running...
     [java] Adding client state for 40
     [java] Adding client state for 20
     [java] Adding client state for 40
     [java] Adding client state for 20
     [java] INFO  root                           - Colored Trails Server received a subcription message from client: 40 [10.154.154.93] of type 
     [java] INFO  root                           - Colored Trails Server received a subcription message from client: 20 [10.154.154.93] of type 
     [java] INFO  root                           - Colored Trails Server received a subcription message from client: 40 [10.154.154.93] of type 
     [java] INFO  root                           - Colored Trails Server received a subcription message from client: 20 [10.154.154.93] of type 
     [java] Adding client state for 10
     [java] Adding client state for 30
     [java] INFO  root                           - Colored Trails Server received a subcription message from client: 10 [10.154.154.93] of type 
     [java] INFO  root                           - Colored Trails Server received a subcription message from client: 30 [10.154.154.93] of type 
     [java] Received message to add config class from: admin
     [java] INFO  root                           - Received message from admin: SET_CONFIGURATION
     [java] INFO  root                           - Received message from admin client:ADD_CONFIGURATION
     [java] DEBUG root                           - Administrator: adding configuration file [WebCTInputFileConfig] class name: WebCTInputFileConfig
     [java] INFO  root                           - Received message from admin client:NEW_GAME
     [java] DEBUG root                           - Administrator: newGame configName = [WebCTInputFileConfig] 
     [java] DEBUG root                           - Administrator: newGame adding Player: [10]
     [java] DEBUG root                           - Administrator: newGame adding Player: [20]
     [java] DEBUG root                           - Administrator: newGame adding Player: [30]
     [java] DEBUG root                           - Administrator: newGame adding Player: [40]
     [java] DEBUG root                           - ServerData addNewGame -- config file
     [java] DEBUG root                           - ServerData addNewGame -- Starting ServerGameStatus
     [java] DEBUG root                           - ServerData addNewGame -- Starting a new game with id: 0
     [java] DEBUG root                           - ClientCommands creating new Topic: ct3.game.0
     [java] DEBUG root                           - sending sendClientSubscribeToGameMessage: for game [0] and player [10]
     [java] DEBUG root                           - sending sendClientSubscribeToGameMessage: for game [0] and player [20]
     [java] DEBUG root                           - sending sendClientSubscribeToGameMessage: for game [0] and player [30]
     [java] DEBUG root                           - sending sendClientSubscribeToGameMessage: for game [0] and player [40]
     [java] INFO  root                           - Received message from admin client:LIST_GAMES
     [java] INFO  root                           - Received message from admin client:LIST_CONFIGURATIONS
     [java] received client subscribed successfully message
     [java] received client subscribed successfully message
     [java] received client subscribed successfully message
     [java] received client subscribed successfully message
     [java] received client subscribed successfully message
     [java] received client subscribed successfully message
     [java] All players subscribed to game, trying to start
     [java] INFO  root                           - Sending reply to controller: NEW_GAME_REPLY
     [java] DEBUG root                           - sendGameStart
     [java] DEBUG root                           - sendGameStart to controller
     [java] DEBUG root                           - sending game id = 0
     [java] INFO  root                           - Starting spaces 1
     [java] DEBUG UrlSpaceFactoryBean            - Finding Space with URL [jini:/*/*/myGrid] and properties [{com.j_spaces.core.container.shutdown_hook=false}]
     [java] 2015-06-09 14:31:45,680 CONFIG [com.gigaspaces.logger] - Log file: /Users/dxd/git/ct3/logs/2015-06-09~14.31-gigaspaces-service-10.154.154.93-80588.log
     [java] DEBUG GigaSpaceFactoryBean           - Clustered flag automatically set to [true] since the space is a local cache space for bean [null]
     [java] 2015-06-09 14:31:45,676  INFO [com.gigaspaces.localcache] - LocalCache#1-myGrid was created successfully. Total time: 364 milliseconds
     [java] DEBUG UrlSpaceFactoryBean            - Finding Space with URL [jini://*/*/myGrid] and properties [{com.j_spaces.core.container.shutdown_hook=false}]
     [java] zatim dobry
     [java] Let the game begin...
     [java] game id= 0
     [java] ---- Sending Scoring Change ----
     [java] setPhases in GameStatus
     [java] A New Phase Began: Setup Phase
     [java] CT writes: Tile [id=null, cell=Cell [x=0, y=0], subject=white, time=2015-06-09 14:31:45.828, clock=0]
     [java] CT writes: Tile [id=null, cell=Cell [x=0, y=1], subject=brown, time=2015-06-09 14:31:45.865, clock=0]
     [java] CT writes: Tile [id=null, cell=Cell [x=0, y=2], subject=white, time=2015-06-09 14:31:45.867, clock=0]
     [java] CT writes: Tile [id=null, cell=Cell [x=0, y=3], subject=yellow, time=2015-06-09 14:31:45.871, clock=0]
     [java] CT writes: Tile [id=null, cell=Cell [x=0, y=4], subject=yellow, time=2015-06-09 14:31:45.877, clock=0]
     [java] CT writes: Tile [id=null, cell=Cell [x=0, y=5], subject=blue, time=2015-06-09 14:31:45.881, clock=0]
     [java] CT writes: Tile [id=null, cell=Cell [x=1, y=0], subject=brown, time=2015-06-09 14:31:45.883, clock=0]
     [java] CT writes: Tile [id=null, cell=Cell [x=1, y=1], subject=white, time=2015-06-09 14:31:45.885, clock=0]
     [java] CT writes: Tile [id=null, cell=Cell [x=1, y=2], subject=blue, time=2015-06-09 14:31:45.889, clock=0]
     [java] CT writes: Tile [id=null, cell=Cell [x=1, y=3], subject=white, time=2015-06-09 14:31:45.897, clock=0]
     [java] CT writes: Tile [id=null, cell=Cell [x=1, y=4], subject=brown, time=2015-06-09 14:31:45.901, clock=0]
     [java] CT writes: Tile [id=null, cell=Cell [x=1, y=5], subject=white, time=2015-06-09 14:31:45.904, clock=0]
     [java] CT writes: Tile [id=null, cell=Cell [x=2, y=0], subject=brown, time=2015-06-09 14:31:45.905, clock=0]
     [java] CT writes: Tile [id=null, cell=Cell [x=2, y=1], subject=brown, time=2015-06-09 14:31:45.914, clock=0]
     [java] CT writes: Tile [id=null, cell=Cell [x=2, y=2], subject=blue, time=2015-06-09 14:31:45.917, clock=0]
     [java] CT writes: Tile [id=null, cell=Cell [x=2, y=3], subject=brown, time=2015-06-09 14:31:45.924, clock=0]
     [java] CT writes: Tile [id=null, cell=Cell [x=2, y=4], subject=yellow, time=2015-06-09 14:31:45.928, clock=0]
     [java] CT writes: Tile [id=null, cell=Cell [x=2, y=5], subject=blue, time=2015-06-09 14:31:45.931, clock=0]
     [java] CT writes: Tile [id=null, cell=Cell [x=3, y=0], subject=blue, time=2015-06-09 14:31:45.933, clock=0]
     [java] CT writes: Tile [id=null, cell=Cell [x=3, y=1], subject=yellow, time=2015-06-09 14:31:45.937, clock=0]
     [java] CT writes: Tile [id=null, cell=Cell [x=3, y=2], subject=yellow, time=2015-06-09 14:31:45.939, clock=0]
     [java] CT writes: Tile [id=null, cell=Cell [x=3, y=3], subject=blue, time=2015-06-09 14:31:45.945, clock=0]
     [java] CT writes: Tile [id=null, cell=Cell [x=3, y=4], subject=blue, time=2015-06-09 14:31:45.948, clock=0]
     [java] CT writes: Tile [id=null, cell=Cell [x=3, y=5], subject=blue, time=2015-06-09 14:31:45.95, clock=0]
     [java] CT writes: Tile [id=null, cell=Cell [x=4, y=0], subject=blue, time=2015-06-09 14:31:45.952, clock=0]
     [java] CT writes: Tile [id=null, cell=Cell [x=4, y=1], subject=white, time=2015-06-09 14:31:45.954, clock=0]
     [java] CT writes: Tile [id=null, cell=Cell [x=4, y=2], subject=yellow, time=2015-06-09 14:31:45.957, clock=0]
     [java] CT writes: Tile [id=null, cell=Cell [x=4, y=3], subject=yellow, time=2015-06-09 14:31:45.959, clock=0]
     [java] CT writes: Tile [id=null, cell=Cell [x=4, y=4], subject=yellow, time=2015-06-09 14:31:45.962, clock=0]
     [java] CT writes: Tile [id=null, cell=Cell [x=4, y=5], subject=white, time=2015-06-09 14:31:45.968, clock=0]
     [java] CT writes: Tile [id=null, cell=Cell [x=5, y=0], subject=brown, time=2015-06-09 14:31:45.971, clock=0]
     [java] CT writes: Tile [id=null, cell=Cell [x=5, y=1], subject=blue, time=2015-06-09 14:31:45.974, clock=0]
     [java] CT writes: Tile [id=null, cell=Cell [x=5, y=2], subject=white, time=2015-06-09 14:31:45.977, clock=0]
     [java] CT writes: Tile [id=null, cell=Cell [x=5, y=3], subject=white, time=2015-06-09 14:31:45.98, clock=0]
     [java] CT writes: Tile [id=null, cell=Cell [x=5, y=4], subject=white, time=2015-06-09 14:31:45.982, clock=0]
     [java] CT writes: Tile [id=null, cell=Cell [x=5, y=5], subject=yellow, time=2015-06-09 14:31:45.984, clock=0]
     [java] CT writes: Goal [id=null, cell=Cell [x=2, y=3], agent=null, time=2015-06-09 14:31:46.011, clock=0]
     [java] CT writes position: Position [subject=a10, id=null, cell=Cell [x=3, y=3], time=2015-06-09 14:31:46.063, clock=0]
     [java] CT writes: Position [subject=a10, id=null, cell=Cell [x=3, y=3], time=2015-06-09 14:31:46.063, clock=0]
     [java] CT writes position: Position [subject=a20, id=null, cell=Cell [x=0, y=3], time=2015-06-09 14:31:46.136, clock=0]
     [java] CT writes: Position [subject=a20, id=null, cell=Cell [x=0, y=3], time=2015-06-09 14:31:46.136, clock=0]
     [java] CT writes position: Position [subject=a30, id=null, cell=Cell [x=3, y=4], time=2015-06-09 14:31:46.308, clock=0]
     [java] CT writes: Position [subject=a30, id=null, cell=Cell [x=3, y=4], time=2015-06-09 14:31:46.308, clock=0]
     [java] CT writes position: Position [subject=a40, id=null, cell=Cell [x=3, y=5], time=2015-06-09 14:31:46.381, clock=0]
     [java] CT writes: Position [subject=a40, id=null, cell=Cell [x=3, y=5], time=2015-06-09 14:31:46.381, clock=0]
     [java] A New Phase Began: Norm Phase
     [java] CT writes: Group [name=g, ra=a30, type=raaa, clock=0, time=2015-06-09 14:31:55.819]
     [java] CT notification: Prohibition [subject=a30, prohibition=[restrictPlayer(a30)], sanction=[reduce(a30, 500)], clock=0, time=2015-06-09 14:32:19.954]
     [java] 30
     [java] 30
     [java] 30
     [java] 30
     [java] CT prohibition: [Prohibition to create more than one color norm per player or 500 points will be deducted.]
     [java] CT notification: Prohibition [subject=a10, prohibition=[moveTooFast(a10)], sanction=[reduce(a10, 300)], clock=0, time=2015-06-09 14:32:20.038]
     [java] 10
     [java] CT prohibition: [Prohibition to move more than 1 square per clock tick or 300 points will be deducted.]
     [java] CT notification: Prohibition [subject=a20, prohibition=[moveTooFast(a20)], sanction=[reduce(a20, 300)], clock=0, time=2015-06-09 14:32:20.041]
     [java] 20
     [java] 20
     [java] 20
     [java] CT prohibition: [Prohibition to move more than 1 square per clock tick or 300 points will be deducted.]
     [java] CT notification: Prohibition [subject=a30, prohibition=[moveTooFast(a30)], sanction=[reduce(a30, 300)], clock=0, time=2015-06-09 14:32:20.045]
     [java] 30
     [java] 30
     [java] 30
     [java] 30
     [java] CT prohibition: [Prohibition to create more than one color norm per player or 500 points will be deducted., Prohibition to move more than 1 square per clock tick or 300 points will be deducted.]
     [java] CT notification: Prohibition [subject=a40, prohibition=[moveTooFast(a40)], sanction=[reduce(a40, 300)], clock=0, time=2015-06-09 14:32:20.052]
     [java] 40
     [java] 40
     [java] CT prohibition: [Prohibition to move more than 1 square per clock tick or 300 points will be deducted.]
     [java] CT notification: Obligation [subject=a10, obligation=[makeMove(3, 3, a10)], sanction=[reduce(a10, 300)], deadline=15, time=2015-06-09 14:32:20.065, clock=0]
     [java] 10
     [java] CT obligation: [Obligation to make a movement on the board before the clock: 15 or 300 points will be deducted.]
     [java] CT notification: Obligation [subject=a30, obligation=[surround(2, 3)], sanction=[reduce(g, 700)], deadline=20, time=2015-06-09 14:32:20.106, clock=0]
     [java] 30
     [java] 30
     [java] 30
     [java] 30
     [java] CT obligation: [Obligation to coordinate other players (with the use of norms) to surround a goal [2,3] from left, right, top and bottom  before the clock: 20 or 700 points will be deducted.]
     [java] CT notification: Obligation [subject=a20, obligation=[makeMove(0, 3, a20)], sanction=[reduce(a20, 300)], deadline=15, time=2015-06-09 14:32:20.146, clock=0]
     [java] 20
     [java] 20
     [java] 20
     [java] CT obligation: [Obligation to make a movement on the board before the clock: 15 or 300 points will be deducted.]
     [java] CT notification: Obligation [subject=a30, obligation=[makeMove(3, 4, a30)], sanction=[reduce(a30, 300)], deadline=15, time=2015-06-09 14:32:20.178, clock=0]
     [java] 30
     [java] 30
     [java] 30
     [java] 30
     [java] CT obligation: [Obligation to coordinate other players (with the use of norms) to surround a goal [2,3] from left, right, top and bottom  before the clock: 20 or 700 points will be deducted., Obligation to make a movement on the board before the clock: 15 or 300 points will be deducted.]
     [java] CT notification: Obligation [subject=a40, obligation=[makeMove(3, 5, a40)], sanction=[reduce(a40, 300)], deadline=15, time=2015-06-09 14:32:20.237, clock=0]
     [java] 40
     [java] 40
     [java] CT obligation: [Obligation to make a movement on the board before the clock: 15 or 300 points will be deducted.]
     [java] CT notification: Obligation [subject=a40, obligation=[at(2, 2, a40)], sanction=[reduce(a40, 700)], deadline=16, time=2015-06-09 14:32:20.925, clock=0]
     [java] 40
     [java] 40
     [java] CT obligation: [Obligation to make a movement on the board before the clock: 15 or 300 points will be deducted., Group obligation to be at the grid tile [2,2] before the clock: 16 or up to 700 points will be deducted.]
     [java] CT set goal: Goal: id = goal1  type = 3  location = (R:2,C:2)  URL = null
     [java] CT notification: Obligation [subject=a30, obligation=[at(1, 3, a30)], sanction=[reduce(a30, 700)], deadline=16, time=2015-06-09 14:32:21.012, clock=0]
     [java] 30
     [java] 30
     [java] 30
     [java] 30
     [java] CT obligation: [Obligation to coordinate other players (with the use of norms) to surround a goal [2,3] from left, right, top and bottom  before the clock: 20 or 700 points will be deducted., Obligation to make a movement on the board before the clock: 15 or 300 points will be deducted., Group obligation to be at the grid tile [1,3] before the clock: 16 or up to 700 points will be deducted.]
     [java] CT set goal: Goal: id = goal3  type = 2  location = (R:1,C:3)  URL = null
     [java] CT notification: Obligation [subject=a20, obligation=[at(3, 3, a20)], sanction=[reduce(a20, 700)], deadline=16, time=2015-06-09 14:32:21.095, clock=0]
     [java] 20
     [java] 20
     [java] 20
     [java] CT obligation: [Obligation to make a movement on the board before the clock: 15 or 300 points will be deducted., Group obligation to be at the grid tile [3,3] before the clock: 16 or up to 700 points will be deducted.]
     [java] CT set goal: Goal: id = goal5  type = 1  location = (R:3,C:3)  URL = null
     [java] CT notification: Obligation [subject=a10, obligation=[at(2, 4, a10)], sanction=[reduce(a10, 700)], deadline=16, time=2015-06-09 14:32:21.16, clock=0]
     [java] 10
     [java] CT obligation: [Obligation to make a movement on the board before the clock: 15 or 300 points will be deducted., Group obligation to be at the grid tile [2,4] before the clock: 16 or up to 700 points will be deducted.]
     [java] CT set goal: Goal: id = goal7  type = 0  location = (R:2,C:4)  URL = null
     [java] CT notification: Prohibition [subject=a10, prohibition=[color(yellow, a10)], sanction=[reduce(a10, 100)], clock=0, time=2015-06-09 14:32:21.496]
     [java] 10
     [java] CT prohibition: [Prohibition to move more than 1 square per clock tick or 300 points will be deducted., Prohibition to use a tile with color yellow or 100 points will be deducted.]
     [java] CT notification: Prohibition [subject=a20, prohibition=[color(blue, a20)], sanction=[reduce(a20, 100)], clock=0, time=2015-06-09 14:32:21.563]
     [java] 20
     [java] 20
     [java] 20
     [java] CT prohibition: [Prohibition to move more than 1 square per clock tick or 300 points will be deducted., Prohibition to use a tile with color blue or 100 points will be deducted.]
     [java] CT notification: Prohibition [subject=a30, prohibition=[color(blue, a30)], sanction=[reduce(a30, 100)], clock=0, time=2015-06-09 14:32:21.636]
     [java] 30
     [java] 30
     [java] 30
     [java] 30
     [java] CT prohibition: [Prohibition to create more than one color norm per player or 500 points will be deducted., Prohibition to move more than 1 square per clock tick or 300 points will be deducted., Prohibition to use a tile with color blue or 100 points will be deducted.]
     [java] CT notification: Points [subject=a30, time=2015-06-09 14:32:21.641, clock=0, value=900, id=null]
     [java] 30
     [java] 30
     [java] 30
     [java] 30
     [java] CT notification: Prohibition [subject=a40, prohibition=[color(white, a40)], sanction=[reduce(a40, 100)], clock=0, time=2015-06-09 14:32:21.727]
     [java] 40
     [java] 40
     [java] CT prohibition: [Prohibition to move more than 1 square per clock tick or 300 points will be deducted., Prohibition to use a tile with color white or 100 points will be deducted.]
     [java] CT notification: Obligation [subject=a10, obligation=[acceptRequests(a10)], sanction=[reduce(a10, 200)], deadline=15, time=2015-06-09 14:32:21.825, clock=0]
     [java] 10
     [java] CT obligation: [Obligation to make a movement on the board before the clock: 15 or 300 points will be deducted., Group obligation to be at the grid tile [2,4] before the clock: 16 or up to 700 points will be deducted., Obligation to accept requests for chips from the other players before the clock: 15 or 200 points will be deducted.]
     [java] CT notification: Obligation [subject=a20, obligation=[acceptRequests(a20)], sanction=[reduce(a20, 200)], deadline=15, time=2015-06-09 14:32:21.827, clock=0]
     [java] 20
     [java] 20
     [java] 20
     [java] CT obligation: [Obligation to make a movement on the board before the clock: 15 or 300 points will be deducted., Group obligation to be at the grid tile [3,3] before the clock: 16 or up to 700 points will be deducted., Obligation to accept requests for chips from the other players before the clock: 15 or 200 points will be deducted.]
     [java] CT notification: Obligation [subject=a30, obligation=[acceptRequests(a30)], sanction=[reduce(a30, 200)], deadline=15, time=2015-06-09 14:32:21.829, clock=0]
     [java] 30
     [java] 30
     [java] 30
     [java] 30
     [java] CT obligation: [Obligation to coordinate other players (with the use of norms) to surround a goal [2,3] from left, right, top and bottom  before the clock: 20 or 700 points will be deducted., Obligation to make a movement on the board before the clock: 15 or 300 points will be deducted., Group obligation to be at the grid tile [1,3] before the clock: 16 or up to 700 points will be deducted., Obligation to accept requests for chips from the other players before the clock: 15 or 200 points will be deducted.]
     [java] CT notification: Obligation [subject=a40, obligation=[acceptRequests(a40)], sanction=[reduce(a40, 200)], deadline=15, time=2015-06-09 14:32:21.846, clock=0]
     [java] 40
     [java] 40
     [java] CT obligation: [Obligation to make a movement on the board before the clock: 15 or 300 points will be deducted., Group obligation to be at the grid tile [2,2] before the clock: 16 or up to 700 points will be deducted., Obligation to accept requests for chips from the other players before the clock: 15 or 200 points will be deducted.]
     [java] CT notification: Time [clock=1, time=2015-06-09 14:32:29.952]
     [java] CT notification: Time [clock=2, time=2015-06-09 14:32:39.959]
     [java] CT notification: Time [clock=3, time=2015-06-09 14:32:49.962]
     [java] CT notification: Time [clock=4, time=2015-06-09 14:32:59.964]
     [java] CT notification: Time [clock=5, time=2015-06-09 14:33:09.966]
     [java] CT notification: Time [clock=6, time=2015-06-09 14:33:19.967]
     [java] CT notification: Time [clock=7, time=2015-06-09 14:33:29.97]
     [java] A New Phase Began: Movement Phase
     [java] DEBUG root                           - received a discourse mesage... 10
     [java] Received Discourse Message 
     [java] Class: class edu.harvard.eecs.airg.coloredtrails.shared.discourse.BasicProposalDiscourseMessage
     [java] From: 0
     [java] To: 3
     [java] DEBUG root                           - sendGameDiscourseMessage class edu.harvard.eecs.airg.coloredtrails.shared.discourse.BasicProposalDiscourseMessage
     [java] DEBUG root                           - FROM: 0 TO: 3(PIN: 40)
     [java] CT writes: Proposal [id=8813, agent=a10, agent2=a40, clock=7, time=2015-06-09 14:33:38.512]
     [java] CT notification: Obligation [subject=a40, obligation=[respondToRequest(8813)], sanction=[reduce(a40, 300)], deadline=10, time=2015-06-09 14:33:38.525, clock=7]
     [java] 40
     [java] 40
     [java] CT obligation: [Obligation to make a movement on the board before the clock: 15 or 300 points will be deducted., Group obligation to be at the grid tile [2,2] before the clock: 16 or up to 700 points will be deducted., Obligation to accept requests for chips from the other players before the clock: 15 or 200 points will be deducted., Obligation to respond to request before the clock: 10 or 300 points will be deducted.]
     [java] CT notification: Time [clock=8, time=2015-06-09 14:33:39.971]
     [java] DEBUG root                           - received a move request...: 30
     [java] CT writes position: Position [subject=a30, id=null, cell=Cell [x=2, y=4], time=2015-06-09 14:33:41.698, clock=8]
     [java] CT writes: Position [subject=a30, id=null, cell=Cell [x=2, y=4], time=2015-06-09 14:33:41.698, clock=8]
     [java] DEBUG root                           - received a move request...: 30
     [java] CT writes position: Position [subject=a30, id=null, cell=Cell [x=1, y=4], time=2015-06-09 14:33:49.763, clock=8]
     [java] CT writes: Position [subject=a30, id=null, cell=Cell [x=1, y=4], time=2015-06-09 14:33:49.763, clock=8]
     [java] CT notification: Points [subject=a30, time=2015-06-09 14:33:49.777, clock=8, value=600, id=null]
     [java] 30
     [java] 30
     [java] 30
     [java] 30
     [java] CT notification: Time [clock=9, time=2015-06-09 14:33:49.976]
     [java] DEBUG root                           - received a move request...: 30
     [java] CT writes position: Position [subject=a30, id=null, cell=Cell [x=1, y=3], time=2015-06-09 14:33:59.015, clock=9]
     [java] CT writes: Position [subject=a30, id=null, cell=Cell [x=1, y=3], time=2015-06-09 14:33:59.015, clock=9]
     [java] CT notification: Time [clock=10, time=2015-06-09 14:33:59.979]
     [java] DEBUG root                           - received a move request...: 40
     [java] CT writes position: Position [subject=a40, id=null, cell=Cell [x=3, y=4], time=2015-06-09 14:34:01.92, clock=10]
     [java] CT writes: Position [subject=a40, id=null, cell=Cell [x=3, y=4], time=2015-06-09 14:34:01.92, clock=10]
     [java] CT notification: Time [clock=11, time=2015-06-09 14:34:09.982]
     [java] CT notification: Points [subject=a40, time=2015-06-09 14:34:10.0, clock=11, value=700, id=null]
     [java] 40
     [java] 40
     [java] CT notification: Time [clock=12, time=2015-06-09 14:34:19.985]
     [java] DEBUG root                           - received a discourse mesage... 40
     [java] Received Discourse Message 
     [java] Class: class edu.harvard.eecs.airg.coloredtrails.shared.discourse.BasicProposalDiscourseMessage
     [java] From: 3
     [java] To: 0
     [java] DEBUG root                           - sendGameDiscourseMessage class edu.harvard.eecs.airg.coloredtrails.shared.discourse.BasicProposalDiscourseMessage
     [java] DEBUG root                           - FROM: 3 TO: 0(PIN: 10)
     [java] CT writes: Proposal [id=5090, agent=a40, agent2=a10, clock=12, time=2015-06-09 14:34:27.389]
     [java] CT notification: Obligation [subject=a10, obligation=[respondToRequest(5090)], sanction=[reduce(a10, 300)], deadline=15, time=2015-06-09 14:34:27.394, clock=12]
     [java] 10
     [java] CT obligation: [Obligation to make a movement on the board before the clock: 15 or 300 points will be deducted., Group obligation to be at the grid tile [2,4] before the clock: 16 or up to 700 points will be deducted., Obligation to accept requests for chips from the other players before the clock: 15 or 200 points will be deducted., Obligation to respond to request before the clock: 15 or 300 points will be deducted.]
     [java] DEBUG root                           - received a discourse mesage... 10
     [java] Received Discourse Message 
     [java] Class: class edu.harvard.eecs.airg.coloredtrails.shared.discourse.BasicProposalDiscussionDiscourseMessage
     [java] From: 0
     [java] To: 3
     [java] DEBUG root                           - sendGameDiscourseMessage class edu.harvard.eecs.airg.coloredtrails.shared.discourse.BasicProposalDiscussionDiscourseMessage
     [java] DEBUG root                           - FROM: 0 TO: 3(PIN: 40)
     [java] ---- BasicProposalDiscussionDiscourseMessage ----Discourse Message...
     [java] From PerGameId: 0.
     [java] To PerGameId: 3.
     [java] 
     [java] CT writes: Response [id=5090, response=accepted, clock=12, time=2015-06-09 14:34:28.467]
     [java] We have an accepted offer, chips before: 
     [java] player pin: 10
     [java] player chips: { chips  'blue':2 'white':4 'brown':0 'yellow':0 }
     [java] player pin: 40
     [java] player chips: { chips  'blue':3 'white':3 'brown':2 'yellow':3 }
     [java] player pin: 20
     [java] player chips: { chips  'blue':2 'white':1 'brown':3 'yellow':1 }
     [java] player pin: 30
     [java] player chips: { chips  'blue':3 'white':3 'brown':2 'yellow':0 }
     [java] Initiating Automatic Chip Transfer
     [java] Proposer:  3
     [java] Sending: { chips  '':0 'blue':1 'brown':0 'yellow':0 }
     [java] Responder: 0
     [java] Sending: { chips  '':0 'blue':0 'brown':0 'yellow':0 }
     [java] EXECUTING AUTOMATIC CHIP TRANSFER
     [java] chips after: 
     [java] player pin: 10
     [java] player chips: { chips  '':0 'blue':3 'white':4 'brown':0 'yellow':0 }
     [java] player pin: 40
     [java] player chips: { chips  '':0 'blue':2 'white':3 'brown':2 'yellow':3 }
     [java] player pin: 20
     [java] player chips: { chips  'blue':2 'white':1 'brown':3 'yellow':1 }
     [java] player pin: 30
     [java] player chips: { chips  'blue':3 'white':3 'brown':2 'yellow':0 }
     [java] CT notification: Time [clock=13, time=2015-06-09 14:34:29.987]
     [java] DEBUG root                           - received a move request...: 20
     [java] CT writes position: Position [subject=a20, id=null, cell=Cell [x=1, y=3], time=2015-06-09 14:34:39.18, clock=13]
     [java] CT writes: Position [subject=a20, id=null, cell=Cell [x=1, y=3], time=2015-06-09 14:34:39.18, clock=13]
     [java] CT notification: Time [clock=14, time=2015-06-09 14:34:39.989]
     [java] DEBUG root                           - received a move request...: 20
     [java] CT writes position: Position [subject=a20, id=null, cell=Cell [x=2, y=3], time=2015-06-09 14:34:44.883, clock=14]
     [java] CT writes: Position [subject=a20, id=null, cell=Cell [x=2, y=3], time=2015-06-09 14:34:44.883, clock=14]
     [java] DEBUG root                           - received a move request...: 40
     [java] CT writes position: Position [subject=a40, id=null, cell=Cell [x=4, y=4], time=2015-06-09 14:34:47.911, clock=14]
     [java] CT writes: Position [subject=a40, id=null, cell=Cell [x=4, y=4], time=2015-06-09 14:34:47.911, clock=14]
     [java] CT notification: Time [clock=15, time=2015-06-09 14:34:49.991]
     [java] DEBUG root                           - received a discourse mesage... 10
     [java] Received Discourse Message 
     [java] Class: class edu.harvard.eecs.airg.coloredtrails.shared.discourse.BasicProposalDiscourseMessage
     [java] From: 0
     [java] To: 2
     [java] DEBUG root                           - sendGameDiscourseMessage class edu.harvard.eecs.airg.coloredtrails.shared.discourse.BasicProposalDiscourseMessage
     [java] DEBUG root                           - FROM: 0 TO: 2(PIN: 30)
     [java] CT writes: Proposal [id=7142, agent=a10, agent2=a30, clock=15, time=2015-06-09 14:34:51.084]
     [java] CT notification: Obligation [subject=a30, obligation=[respondToRequest(7142)], sanction=[reduce(a30, 300)], deadline=18, time=2015-06-09 14:34:51.09, clock=15]
     [java] 30
     [java] 30
     [java] 30
     [java] 30
     [java] CT obligation: [Obligation to coordinate other players (with the use of norms) to surround a goal [2,3] from left, right, top and bottom  before the clock: 20 or 700 points will be deducted., Obligation to make a movement on the board before the clock: 15 or 300 points will be deducted., Group obligation to be at the grid tile [1,3] before the clock: 16 or up to 700 points will be deducted., Obligation to accept requests for chips from the other players before the clock: 15 or 200 points will be deducted., Obligation to respond to request before the clock: 18 or 300 points will be deducted.]
     [java] DEBUG root                           - received a move request...: 40
     [java] CT writes position: Position [subject=a40, id=null, cell=Cell [x=3, y=4], time=2015-06-09 14:34:52.508, clock=15]
     [java] CT writes: Position [subject=a40, id=null, cell=Cell [x=3, y=4], time=2015-06-09 14:34:52.508, clock=15]
     [java] DEBUG root                           - received a discourse mesage... 30
     [java] Received Discourse Message 
     [java] Class: class edu.harvard.eecs.airg.coloredtrails.shared.discourse.BasicProposalDiscussionDiscourseMessage
     [java] From: 2
     [java] To: 0
     [java] DEBUG root                           - sendGameDiscourseMessage class edu.harvard.eecs.airg.coloredtrails.shared.discourse.BasicProposalDiscussionDiscourseMessage
     [java] DEBUG root                           - FROM: 2 TO: 0(PIN: 10)
     [java] ---- BasicProposalDiscussionDiscourseMessage ----Discourse Message...
     [java] From PerGameId: 2.
     [java] To PerGameId: 0.
     [java] 
     [java] CT writes: Response [id=7142, response=accepted, clock=15, time=2015-06-09 14:34:52.905]
     [java] We have an accepted offer, chips before: 
     [java] player pin: 10
     [java] player chips: { chips  '':0 'blue':3 'white':4 'brown':0 'yellow':0 }
     [java] player pin: 40
     [java] player chips: { chips  '':0 'blue':1 'white':3 'brown':2 'yellow':2 }
     [java] player pin: 20
     [java] player chips: { chips  'blue':2 'white':0 'brown':2 'yellow':1 }
     [java] player pin: 30
     [java] player chips: { chips  'blue':3 'white':3 'brown':2 'yellow':0 }
     [java] Initiating Automatic Chip Transfer
     [java] Proposer:  0
     [java] Sending: { chips  }
     [java] Responder: 2
     [java] Sending: { chips  'brown':1 }
     [java] EXECUTING AUTOMATIC CHIP TRANSFER
     [java] chips after: 
     [java] player pin: 10
     [java] player chips: { chips  '':0 'blue':3 'white':4 'brown':1 'yellow':0 }
     [java] player pin: 40
     [java] player chips: { chips  '':0 'blue':1 'white':3 'brown':2 'yellow':2 }
     [java] player pin: 20
     [java] player chips: { chips  'blue':2 'white':0 'brown':2 'yellow':1 }
     [java] player pin: 30
     [java] player chips: { chips  'blue':3 'white':3 'brown':1 'yellow':0 }
     [java] DEBUG root                           - received a move request...: 10
     [java] CT writes position: Position [subject=a10, id=null, cell=Cell [x=2, y=3], time=2015-06-09 14:34:53.315, clock=15]
     [java] CT writes: Position [subject=a10, id=null, cell=Cell [x=2, y=3], time=2015-06-09 14:34:53.315, clock=15]
     [java] DEBUG root                           - received a discourse mesage... 10
     [java] Received Discourse Message 
     [java] Class: class edu.harvard.eecs.airg.coloredtrails.shared.discourse.BasicProposalDiscourseMessage
     [java] From: 0
     [java] To: 3
     [java] DEBUG root                           - sendGameDiscourseMessage class edu.harvard.eecs.airg.coloredtrails.shared.discourse.BasicProposalDiscourseMessage
     [java] DEBUG root                           - FROM: 0 TO: 3(PIN: 40)
     [java] CT writes: Proposal [id=1625, agent=a10, agent2=a40, clock=15, time=2015-06-09 14:34:53.933]
     [java] CT notification: Obligation [subject=a40, obligation=[respondToRequest(1625)], sanction=[reduce(a40, 300)], deadline=18, time=2015-06-09 14:34:53.936, clock=15]
     [java] 40
     [java] 40
     [java] CT obligation: [Obligation to make a movement on the board before the clock: 15 or 300 points will be deducted., Group obligation to be at the grid tile [2,2] before the clock: 16 or up to 700 points will be deducted., Obligation to accept requests for chips from the other players before the clock: 15 or 200 points will be deducted., Obligation to respond to request before the clock: 10 or 300 points will be deducted., Obligation to respond to request before the clock: 18 or 300 points will be deducted.]
     [java] DEBUG root                           - received a move request...: 40
     [java] CT writes position: Position [subject=a40, id=null, cell=Cell [x=3, y=3], time=2015-06-09 14:34:54.736, clock=15]
     [java] CT writes: Position [subject=a40, id=null, cell=Cell [x=3, y=3], time=2015-06-09 14:34:54.736, clock=15]
     [java] CT notification: Points [subject=a40, time=2015-06-09 14:34:54.757, clock=15, value=400, id=null]
     [java] 40
     [java] 40
     [java] CT notification: Time [clock=16, time=2015-06-09 14:35:00.014]
     [java] DEBUG root                           - received a move request...: 40
     [java] CT writes position: Position [subject=a40, id=null, cell=Cell [x=3, y=2], time=2015-06-09 14:35:01.842, clock=16]
     [java] CT writes: Position [subject=a40, id=null, cell=Cell [x=3, y=2], time=2015-06-09 14:35:01.842, clock=16]
     [java] DEBUG root                           - received a move request...: 20
     [java] CT writes position: Position [subject=a20, id=null, cell=Cell [x=3, y=3], time=2015-06-09 14:35:08.697, clock=16]
     [java] CT writes: Position [subject=a20, id=null, cell=Cell [x=3, y=3], time=2015-06-09 14:35:08.697, clock=16]
     [java] CT notification: Points [subject=a20, time=2015-06-09 14:35:08.711, clock=16, value=900, id=null]
     [java] 20
     [java] 20
     [java] 20
     [java] CT notification: Time [clock=17, time=2015-06-09 14:35:10.017]
     [java] CT notification: Time [clock=18, time=2015-06-09 14:35:20.019]
     [java] DEBUG root                           - received a discourse mesage... 40
     [java] Received Discourse Message 
     [java] Class: class edu.harvard.eecs.airg.coloredtrails.shared.discourse.BasicProposalDiscussionDiscourseMessage
     [java] From: 3
     [java] To: 0
     [java] DEBUG root                           - sendGameDiscourseMessage class edu.harvard.eecs.airg.coloredtrails.shared.discourse.BasicProposalDiscussionDiscourseMessage
     [java] DEBUG root                           - FROM: 3 TO: 0(PIN: 10)
     [java] ---- BasicProposalDiscussionDiscourseMessage ----Discourse Message...
     [java] From PerGameId: 3.
     [java] To PerGameId: 0.
     [java] 
     [java] CT writes: Response [id=1625, response=accepted, clock=18, time=2015-06-09 14:35:23.89]
     [java] We have an accepted offer, chips before: 
     [java] player pin: 10
     [java] player chips: { chips  '':0 'blue':3 'white':4 'brown':0 'yellow':0 }
     [java] player pin: 40
     [java] player chips: { chips  '':0 'blue':0 'white':3 'brown':2 'yellow':1 }
     [java] player pin: 20
     [java] player chips: { chips  'blue':1 'white':0 'brown':2 'yellow':1 }
     [java] player pin: 30
     [java] player chips: { chips  'blue':3 'white':3 'brown':1 'yellow':0 }
     [java] Initiating Automatic Chip Transfer
     [java] Proposer:  0
     [java] Sending: { chips  }
     [java] Responder: 3
     [java] Sending: { chips  'yellow':1 }
     [java] EXECUTING AUTOMATIC CHIP TRANSFER
     [java] chips after: 
     [java] player pin: 10
     [java] player chips: { chips  '':0 'blue':3 'white':4 'brown':0 'yellow':1 }
     [java] player pin: 40
     [java] player chips: { chips  '':0 'blue':0 'white':3 'brown':2 'yellow':0 }
     [java] player pin: 20
     [java] player chips: { chips  'blue':1 'white':0 'brown':2 'yellow':1 }
     [java] player pin: 30
     [java] player chips: { chips  'blue':3 'white':3 'brown':1 'yellow':0 }
     [java] DEBUG root                           - received a move request...: 10
     [java] CT writes position: Position [subject=a10, id=null, cell=Cell [x=2, y=4], time=2015-06-09 14:35:24.189, clock=18]
     [java] CT writes: Position [subject=a10, id=null, cell=Cell [x=2, y=4], time=2015-06-09 14:35:24.189, clock=18]
     [java] CT notification: Points [subject=a10, time=2015-06-09 14:35:24.211, clock=18, value=900, id=null]
     [java] 10
     [java] CT notification: Time [clock=19, time=2015-06-09 14:35:30.023]
     [java] A New Phase Began: Feedback Phase
     [java] CT notification: Time [clock=20, time=2015-06-09 14:35:40.025]
     [java] DEBUG root                           - Game ended id = 0
     [java] CT notification: Time [clock=21, time=2015-06-09 14:35:50.028]
     [java] CT notification: Points [subject=a40, time=2015-06-09 14:35:50.039, clock=21, value=50, id=null]
     [java] 40
     [java] 40
     [java] CT notification: Points [subject=a10, time=2015-06-09 14:35:50.041, clock=21, value=550, id=null]
     [java] 10
     [java] CT notification: Time [clock=22, time=2015-06-09 14:36:00.034]
     [java] CT notification: Time [clock=23, time=2015-06-09 14:36:10.037]
     [java] CT notification: Time [clock=24, time=2015-06-09 14:36:20.039]
     [java] CT notification: Time [clock=25, time=2015-06-09 14:36:30.042]
     [java] CT notification: Time [clock=26, time=2015-06-09 14:36:40.043]
     [java] INFO  BrokerService                  - ActiveMQ Message Broker (localhost, ID:kafka.local-64063-1433856687223-1:0) is shutting down
     [java] WARN  ActiveMQConnection             - Async exception with no exception listener: java.io.EOFException
     [java] java.io.EOFException
     [java] 	at java.io.DataInputStream.readInt(DataInputStream.java:375)
     [java] 	at org.apache.activemq.openwire.OpenWireFormat.unmarshal(OpenWireFormat.java:269)
     [java] 	at org.apache.activemq.transport.tcp.TcpTransport.readCommand(TcpTransport.java:156)
     [java] 	at org.apache.activemq.transport.tcp.TcpTransport.run(TcpTransport.java:136)
     [java] 	at java.lang.Thread.run(Thread.java:695)
     [java] WARN  ActiveMQConnection             - Async exception with no exception listener: java.io.EOFException
     [java] java.io.EOFException
     [java] 	at java.io.DataInputStream.readInt(DataInputStream.java:375)
     [java] 	at org.apache.activemq.openwire.OpenWireFormat.unmarshal(OpenWireFormat.java:269)
     [java] 	at org.apache.activemq.transport.tcp.TcpTransport.readCommand(TcpTransport.java:156)
     [java] 	at org.apache.activemq.transport.tcp.TcpTransport.run(TcpTransport.java:136)
     [java] 	at java.lang.Thread.run(Thread.java:695)
     [java] INFO  TransportConnector             - Connector tcp://kafka.local:8088 Stopped
     [java] INFO  BrokerService                  - ActiveMQ JMS Message Broker (localhost, ID:kafka.local-64063-1433856687223-1:0) stopped

BUILD SUCCESSFUL
Total time: 5 minutes 18 seconds
