Buildfile: /Users/dxd/git/ct3/WebCT/build.xml

runserver:
     [java] INFO  BrokerService                  - ActiveMQ null JMS Message Broker (localhost) is starting
     [java] INFO  BrokerService                  - For help or more information please see: http://activemq.apache.org/
     [java] INFO  AMQPersistenceAdapter          - AMQStore starting using directory: activemq-data/localhost
     [java] INFO  KahaStore                      - Kaha Store using data directory /Users/dxd/git/ct3/WebCT/activemq-data/localhost/kr-store
     [java] INFO  AMQPersistenceAdapter          - Active data files: []
     [java] INFO  AMQPersistenceAdapter          - Journal Recovery Started from: DataManager:(data-)
     [java] INFO  AMQPersistenceAdapter          - Recovered 0 operations from redo log in 0.124 seconds.
     [java] INFO  BrokerService                  - Using Persistence Adapter: AMQPersistenceAdapter(activemq-data/localhost)
     [java] INFO  TransportServerThreadSupport   - Listening for connections at: tcp://kafka.local:8088
     [java] INFO  TransportConnector             - Connector tcp://kafka.local:8088 Started
     [java] INFO  BrokerService                  - ActiveMQ JMS Message Broker (localhost, ID:kafka.local-65002-1439462232107-1:0) started
     [java] INFO  root                           - Started the JMS Server
     [java] INFO  ManagementContext              - JMX consoles can connect to service:jmx:rmi:///jndi/rmi://localhost:1099/jmxrmi
     [java] INFO  BrokerService                  - About to delete any non-persistent messages that may have overflowed to disk ...
     [java] INFO  KahaStore                      - Kaha Store successfully deleted data directory activemq-data/localhost/tmp_storage
     [java] INFO  BrokerService                  - Successfully deleted temporary storage
     [java] INFO  root                           - Controller Interface has been started
     [java] INFO  root                           - ColoredTrails is now running...
     [java] Adding client state for 20
     [java] Adding client state for 40
     [java] Adding client state for 30
     [java] INFO  root                           - Colored Trails Server received a subcription message from client: 20 [10.154.152.21] of type 
     [java] INFO  root                           - Colored Trails Server received a subcription message from client: 40 [10.154.152.21] of type 
     [java] INFO  root                           - Colored Trails Server received a subcription message from client: 30 [10.154.152.21] of type 
     [java] INFO  root                           - Colored Trails Server received a subcription message from client: 10 [10.154.152.21] of type 
     [java] Adding client state for 10
     [java] Received message to add config class from: admin
     [java] INFO  root                           - Received message from admin: SET_CONFIGURATION
     [java] INFO  root                           - Received message from admin client:ADD_CONFIGURATION
     [java] DEBUG root                           - Administrator: adding configuration file [gameFA] class name: gameFA
     [java] INFO  root                           - Received message from admin client:NEW_GAME
     [java] DEBUG root                           - Administrator: newGame configName = [gameFA] 
     [java] DEBUG root                           - Administrator: newGame adding Player: [10]
     [java] DEBUG root                           - Administrator: newGame adding Player: [20]
     [java] DEBUG root                           - Administrator: newGame adding Player: [30]
     [java] DEBUG root                           - Administrator: newGame adding Player: [40]
     [java] DEBUG root                           - ServerData addNewGame -- config file
     [java] DEBUG root                           - ServerData addNewGame -- Starting ServerGameStatus
     [java] DEBUG root                           - ServerData addNewGame -- Starting a new game with id: 0
     [java] DEBUG root                           - ClientCommands creating new Topic: ct3.game.0
     [java] DEBUG root                           - sending sendClientSubscribeToGameMessage: for game [0] and player [10]
     [java] DEBUG root                           - sending sendClientSubscribeToGameMessage: for game [0] and player [20]
     [java] DEBUG root                           - sending sendClientSubscribeToGameMessage: for game [0] and player [30]
     [java] DEBUG root                           - sending sendClientSubscribeToGameMessage: for game [0] and player [40]
     [java] INFO  root                           - Received message from admin client:LIST_GAMES
     [java] INFO  root                           - Received message from admin client:LIST_CONFIGURATIONS
     [java] received client subscribed successfully message
     [java] received client subscribed successfully message
     [java] received client subscribed successfully message
     [java] received client subscribed successfully message
     [java] All players subscribed to game, trying to start
     [java] INFO  root                           - Sending reply to controller: NEW_GAME_REPLY
     [java] DEBUG root                           - sendGameStart
     [java] DEBUG root                           - sendGameStart to controller
     [java] DEBUG root                           - sending game id = 0
     [java] INFO  root                           - Starting spaces 1
     [java] Exception in thread "Thread-16" java.lang.NoClassDefFoundError: com/gigaspaces/client/IPojoSpace
     [java] 	at java.lang.ClassLoader.defineClass1(Native Method)
     [java] 	at java.lang.ClassLoader.defineClassCond(ClassLoader.java:637)
     [java] 	at java.lang.ClassLoader.defineClass(ClassLoader.java:621)
     [java] 	at java.security.SecureClassLoader.defineClass(SecureClassLoader.java:141)
     [java] 	at java.net.URLClassLoader.defineClass(URLClassLoader.java:283)
     [java] 	at java.net.URLClassLoader.access$000(URLClassLoader.java:58)
     [java] 	at java.net.URLClassLoader$1.run(URLClassLoader.java:197)
     [java] 	at java.security.AccessController.doPrivileged(Native Method)
     [java] 	at java.net.URLClassLoader.findClass(URLClassLoader.java:190)
     [java] 	at java.lang.ClassLoader.loadClass(ClassLoader.java:306)
     [java] 	at sun.misc.Launcher$AppClassLoader.loadClass(Launcher.java:301)
     [java] 	at java.lang.ClassLoader.loadClass(ClassLoader.java:247)
     [java] 	at org.openspaces.core.space.UrlSpaceConfigurer.<init>(UrlSpaceConfigurer.java:73)
     [java] 	at mwspaces.DataGridConnectionUtility.getSpace(DataGridConnectionUtility.java:57)
     [java] 	at mwspaces.DataGridConnectionUtility.getSpace(DataGridConnectionUtility.java:82)
     [java] 	at mwspaces.CTsetup.initializeGS(CTsetup.java:78)
     [java] 	at gameFA.run(gameFA.java:81)
     [java] 	at java.lang.Thread.run(Thread.java:695)
     [java] Caused by: java.lang.ClassNotFoundException: com.gigaspaces.client.IPojoSpace
     [java] 	at java.net.URLClassLoader$1.run(URLClassLoader.java:202)
     [java] 	at java.security.AccessController.doPrivileged(Native Method)
     [java] 	at java.net.URLClassLoader.findClass(URLClassLoader.java:190)
     [java] 	at java.lang.ClassLoader.loadClass(ClassLoader.java:306)
     [java] 	at sun.misc.Launcher$AppClassLoader.loadClass(Launcher.java:301)
     [java] 	at java.lang.ClassLoader.loadClass(ClassLoader.java:247)
     [java] 	... 18 more
     [java] INFO  BrokerService                  - ActiveMQ Message Broker (localhost, ID:kafka.local-65002-1439462232107-1:0) is shutting down
     [java] WARN  ActiveMQConnection             - Async exception with no exception listener: java.io.EOFException
     [java] java.io.EOFException
     [java] 	at java.io.DataInputStream.readInt(DataInputStream.java:375)
     [java] 	at org.apache.activemq.openwire.OpenWireFormat.unmarshal(OpenWireFormat.java:269)
     [java] 	at org.apache.activemq.transport.tcp.TcpTransport.readCommand(TcpTransport.java:156)
     [java] 	at org.apache.activemq.transport.tcp.TcpTransport.run(TcpTransport.java:136)
     [java] 	at java.lang.Thread.run(Thread.java:695)
     [java] WARN  ActiveMQConnection             - Async exception with no exception listener: java.io.EOFException
     [java] java.io.EOFException
     [java] 	at java.io.DataInputStream.readInt(DataInputStream.java:375)
     [java] 	at org.apache.activemq.openwire.OpenWireFormat.unmarshal(OpenWireFormat.java:269)
     [java] 	at org.apache.activemq.transport.tcp.TcpTransport.readCommand(TcpTransport.java:156)
     [java] 	at org.apache.activemq.transport.tcp.TcpTransport.run(TcpTransport.java:136)
     [java] 	at java.lang.Thread.run(Thread.java:695)
     [java] INFO  TransportConnector             - Connector tcp://kafka.local:8088 Stopped
     [java] INFO  BrokerService                  - ActiveMQ JMS Message Broker (localhost, ID:kafka.local-65002-1439462232107-1:0) stopped

BUILD SUCCESSFUL
Total time: 1 minute 52 seconds
