Buildfile: /Users/dxd/git/ct3/WebCT/build.xml

runserver:
     [java] INFO  BrokerService                  - ActiveMQ null JMS Message Broker (localhost) is starting
     [java] INFO  BrokerService                  - For help or more information please see: http://activemq.apache.org/
     [java] INFO  AMQPersistenceAdapter          - AMQStore starting using directory: activemq-data/localhost
     [java] INFO  KahaStore                      - Kaha Store using data directory /Users/dxd/git/ct3/WebCT/activemq-data/localhost/kr-store
     [java] INFO  AMQPersistenceAdapter          - Active data files: []
     [java] INFO  AMQPersistenceAdapter          - Journal Recovery Started from: DataManager:(data-)
     [java] INFO  AMQPersistenceAdapter          - Recovered 0 operations from redo log in 0.176 seconds.
     [java] INFO  BrokerService                  - Using Persistence Adapter: AMQPersistenceAdapter(activemq-data/localhost)
     [java] INFO  TransportServerThreadSupport   - Listening for connections at: tcp://kafka.local:8088
     [java] INFO  TransportConnector             - Connector tcp://kafka.local:8088 Started
     [java] INFO  BrokerService                  - ActiveMQ JMS Message Broker (localhost, ID:kafka.local-65050-1432241145169-1:0) started
     [java] INFO  root                           - Started the JMS Server
     [java] INFO  ManagementContext              - JMX consoles can connect to service:jmx:rmi:///jndi/rmi://localhost:1099/jmxrmi
     [java] INFO  BrokerService                  - About to delete any non-persistent messages that may have overflowed to disk ...
     [java] INFO  KahaStore                      - Kaha Store successfully deleted data directory activemq-data/localhost/tmp_storage
     [java] INFO  BrokerService                  - Successfully deleted temporary storage
     [java] INFO  root                           - Controller Interface has been started
     [java] INFO  root                           - ColoredTrails is now running...
     [java] INFO  root                           - Colored Trails Server received a subcription message from client: 30 [192.168.1.103] of type 
     [java] INFO  root                           - Colored Trails Server received a subcription message from client: 10 [192.168.1.103] of type 
     [java] INFO  root                           - Colored Trails Server received a subcription message from client: 40 [192.168.1.103] of type 
     [java] Adding client state for 30
     [java] Adding client state for 10
     [java] Adding client state for 40
     [java] INFO  root                           - Colored Trails Server received a subcription message from client: 20 [192.168.1.103] of type 
     [java] Adding client state for 20
     [java] Received message to add config class from: admin
     [java] INFO  root                           - Received message from admin: SET_CONFIGURATION
     [java] INFO  root                           - Received message from admin client:ADD_CONFIGURATION
     [java] DEBUG root                           - Administrator: adding configuration file [WebCTInputFileConfig] class name: WebCTInputFileConfig
     [java] INFO  root                           - Received message from admin client:NEW_GAME
     [java] DEBUG root                           - Administrator: newGame configName = [WebCTInputFileConfig] 
     [java] DEBUG root                           - Administrator: newGame adding Player: [10]
     [java] DEBUG root                           - Administrator: newGame adding Player: [20]
     [java] DEBUG root                           - Administrator: newGame adding Player: [30]
     [java] DEBUG root                           - Administrator: newGame adding Player: [40]
     [java] DEBUG root                           - ServerData addNewGame -- config file
     [java] DEBUG root                           - ServerData addNewGame -- Starting ServerGameStatus
     [java] DEBUG root                           - ServerData addNewGame -- Starting a new game with id: 0
     [java] DEBUG root                           - ClientCommands creating new Topic: ct3.game.0
     [java] DEBUG root                           - sending sendClientSubscribeToGameMessage: for game [0] and player [10]
     [java] DEBUG root                           - sending sendClientSubscribeToGameMessage: for game [0] and player [20]
     [java] DEBUG root                           - sending sendClientSubscribeToGameMessage: for game [0] and player [30]
     [java] DEBUG root                           - sending sendClientSubscribeToGameMessage: for game [0] and player [40]
     [java] INFO  root                           - Received message from admin client:LIST_GAMES
     [java] INFO  root                           - Received message from admin client:LIST_CONFIGURATIONS
     [java] received client subscribed successfully message
     [java] received client subscribed successfully message
     [java] received client subscribed successfully message
     [java] received client subscribed successfully message
     [java] All players subscribed to game, trying to start
     [java] INFO  root                           - Sending reply to controller: NEW_GAME_REPLY
     [java] DEBUG root                           - sendGameStart
     [java] DEBUG root                           - sendGameStart to controller
     [java] DEBUG root                           - sending game id = 0
     [java] INFO  root                           - Starting spaces 1
     [java] DEBUG UrlSpaceFactoryBean            - Finding Space with URL [jini:/*/*/myGrid] and properties [{com.j_spaces.core.container.shutdown_hook=false}]
     [java] 2015-05-21 21:46:00,953  INFO [com.gigaspaces.localcache] - LocalCache#1-myGrid was created successfully. Total time: 437 milliseconds
     [java] 2015-05-21 21:46:00,957 CONFIG [com.gigaspaces.logger] - Log file: /Users/dxd/git/ct3/logs/2015-05-21~21.46-gigaspaces-service-192.168.1.103-5306.log
     [java] DEBUG GigaSpaceFactoryBean           - Clustered flag automatically set to [true] since the space is a local cache space for bean [null]
     [java] DEBUG UrlSpaceFactoryBean            - Finding Space with URL [jini://*/*/myGrid] and properties [{com.j_spaces.core.container.shutdown_hook=false}]
     [java] zatim dobry
     [java] Let the game begin...
     [java] game id= 0
     [java] ---- Sending Scoring Change ----
     [java] setPhases in GameStatus
     [java] A New Phase Began: Norm Phase
     [java] -------- Creating Board --------
     [java] CT writes: Tile [id=null, cell=Cell [x=0, y=0], subject=brown, time=2015-05-21 21:46:01.103, clock=0]
     [java] CT writes: Tile [id=null, cell=Cell [x=0, y=1], subject=brown, time=2015-05-21 21:46:01.13, clock=0]
     [java] CT writes: Tile [id=null, cell=Cell [x=0, y=2], subject=white, time=2015-05-21 21:46:01.133, clock=0]
     [java] CT writes: Tile [id=null, cell=Cell [x=0, y=3], subject=yellow, time=2015-05-21 21:46:01.135, clock=0]
     [java] CT writes: Tile [id=null, cell=Cell [x=0, y=4], subject=brown, time=2015-05-21 21:46:01.138, clock=0]
     [java] CT writes: Tile [id=null, cell=Cell [x=1, y=0], subject=brown, time=2015-05-21 21:46:01.139, clock=0]
     [java] CT writes: Tile [id=null, cell=Cell [x=1, y=1], subject=yellow, time=2015-05-21 21:46:01.141, clock=0]
     [java] CT writes: Tile [id=null, cell=Cell [x=1, y=2], subject=white, time=2015-05-21 21:46:01.142, clock=0]
     [java] CT writes: Tile [id=null, cell=Cell [x=1, y=3], subject=white, time=2015-05-21 21:46:01.143, clock=0]
     [java] CT writes: Tile [id=null, cell=Cell [x=1, y=4], subject=blue, time=2015-05-21 21:46:01.147, clock=0]
     [java] CT writes: Tile [id=null, cell=Cell [x=2, y=0], subject=white, time=2015-05-21 21:46:01.149, clock=0]
     [java] CT writes: Tile [id=null, cell=Cell [x=2, y=1], subject=white, time=2015-05-21 21:46:01.15, clock=0]
     [java] CT writes: Tile [id=null, cell=Cell [x=2, y=2], subject=brown, time=2015-05-21 21:46:01.152, clock=0]
     [java] CT writes: Tile [id=null, cell=Cell [x=2, y=3], subject=blue, time=2015-05-21 21:46:01.153, clock=0]
     [java] CT writes: Tile [id=null, cell=Cell [x=2, y=4], subject=white, time=2015-05-21 21:46:01.155, clock=0]
     [java] CT writes: Tile [id=null, cell=Cell [x=3, y=0], subject=white, time=2015-05-21 21:46:01.157, clock=0]
     [java] CT writes: Tile [id=null, cell=Cell [x=3, y=1], subject=yellow, time=2015-05-21 21:46:01.16, clock=0]
     [java] CT writes: Tile [id=null, cell=Cell [x=3, y=2], subject=blue, time=2015-05-21 21:46:01.161, clock=0]
     [java] CT writes: Tile [id=null, cell=Cell [x=3, y=3], subject=blue, time=2015-05-21 21:46:01.162, clock=0]
     [java] CT writes: Tile [id=null, cell=Cell [x=3, y=4], subject=yellow, time=2015-05-21 21:46:01.163, clock=0]
     [java] CT writes: Tile [id=null, cell=Cell [x=4, y=0], subject=brown, time=2015-05-21 21:46:01.165, clock=0]
     [java] CT writes: Tile [id=null, cell=Cell [x=4, y=1], subject=blue, time=2015-05-21 21:46:01.166, clock=0]
     [java] CT writes: Tile [id=null, cell=Cell [x=4, y=2], subject=yellow, time=2015-05-21 21:46:01.168, clock=0]
     [java] CT writes: Tile [id=null, cell=Cell [x=4, y=3], subject=blue, time=2015-05-21 21:46:01.169, clock=0]
     [java] CT writes: Tile [id=null, cell=Cell [x=4, y=4], subject=brown, time=2015-05-21 21:46:01.17, clock=0]
     [java] CT writes goal: Goal [id=null, cell=Cell [x=2, y=2], agent=null, time=null, clock=0]
     [java] CT writes: Goal [id=null, cell=Cell [x=2, y=2], agent=null, time=2015-05-21 21:46:01.189, clock=0]
     [java] revelation chips: { chips  'blue':0 'white':0 'brown':0 'yellow':0 }
     [java] revelation chips: { chips  'blue':0 'white':0 'brown':0 'yellow':0 }
     [java] revelation chips: { chips  'blue':0 'white':0 'brown':0 'yellow':0 }
     [java] revelation chips: { chips  'blue':0 'white':0 'brown':0 'yellow':0 }
     [java] CT notification: Prohibition [subject=a20, prohibition=[rejectRequests(a20)], sanction=[reduce(a20, 500)], clock=0, time=2015-05-21 21:46:01.149]
     [java] 20
     [java] 20
     [java] 20
     [java] 20
     [java] CT prohibition: [Prohibition to reject requests for chips from the other players or 500 will be deducted.]
     [java] CT notification: Prohibition [subject=a20, prohibition=[moveTooFast(a20)], sanction=[reduce(a20, 300)], clock=0, time=2015-05-21 21:46:01.16]
     [java] 20
     [java] 20
     [java] 20
     [java] 20
     [java] CT prohibition: [Prohibition to reject requests for chips from the other players or 500 will be deducted., Prohibition to move more than 1 square per clock tick or 300 will be deducted.]
     [java] CT notification: Time [clock=1, time=2015-05-21 21:46:01.693]
     [java] CT players (clone,for): 
     [java] CT writes position: Position [subject=a10, id=null, cell=Cell [x=0, y=0], time=2015-05-21 21:46:38.137, clock=1]
     [java] CT writes: Position [subject=a10, id=null, cell=Cell [x=0, y=0], time=2015-05-21 21:46:38.137, clock=1]
     [java] CT writes position: Position [subject=a30, id=null, cell=Cell [x=4, y=4], time=2015-05-21 21:46:38.156, clock=1]
     [java] CT writes: Position [subject=a30, id=null, cell=Cell [x=4, y=4], time=2015-05-21 21:46:38.156, clock=1]
     [java] CT writes position: Position [subject=a40, id=null, cell=Cell [x=4, y=0], time=2015-05-21 21:46:38.157, clock=1]
     [java] CT writes: Position [subject=a40, id=null, cell=Cell [x=4, y=0], time=2015-05-21 21:46:38.157, clock=1]
     [java] CT writes position: Position [subject=a20, id=null, cell=Cell [x=0, y=4], time=2015-05-21 21:46:38.158, clock=1]
     [java] CT writes: Position [subject=a20, id=null, cell=Cell [x=0, y=4], time=2015-05-21 21:46:38.158, clock=1]
     [java] CT notification: Time [clock=2, time=2015-05-21 21:46:11.697]
     [java] CT players (clone,for): 
     [java] CT notification: Time [clock=3, time=2015-05-21 21:46:21.699]
     [java] CT players (clone,for): 
     [java] CT notification: Time [clock=4, time=2015-05-21 21:46:31.702]
     [java] CT players (clone,for): 
     [java] CT notification: Position [subject=a10, id=null, cell=Cell [x=0, y=0], time=2015-05-21 21:46:38.137, clock=1]
     [java] 10
     [java] CT notification: Position [subject=a30, id=null, cell=Cell [x=4, y=4], time=2015-05-21 21:46:38.156, clock=1]
     [java] 30
     [java] 30
     [java] CT notification: Position [subject=a40, id=null, cell=Cell [x=4, y=0], time=2015-05-21 21:46:38.157, clock=1]
     [java] 40
     [java] 40
     [java] 40
     [java] CT notification: Position [subject=a20, id=null, cell=Cell [x=0, y=4], time=2015-05-21 21:46:38.158, clock=1]
     [java] 20
     [java] 20
     [java] 20
     [java] 20
     [java] A New Phase Began: Communication Phase
     [java] CT notification: Time [clock=5, time=2015-05-21 21:46:41.705]
     [java] CT players (clone,for): 
     [java] CT notification: Obligation [subject=a20, obligation=[at(1, 2, a20)], sanction=[reduce(a20, 500)], deadline=20, time=2015-05-21 21:46:51.351, clock=5]
     [java] 20
     [java] 20
     [java] 20
     [java] 20
     [java] CT obligation: [Obligation to be at the grid tile [1,2] before clock 20 or 500 will be deducted.]
     [java] CT notification: Time [clock=6, time=2015-05-21 21:46:51.71]
     [java] CT players (clone,for): 
     [java] DEBUG root                           - received a discourse mesage... 10
     [java] Received Discourse Message 
     [java] Class: class edu.harvard.eecs.airg.coloredtrails.shared.discourse.BasicProposalDiscourseMessage
     [java] From: 0
     [java] From: 1
     [java] DEBUG root                           - sendGameDiscourseMessage class edu.harvard.eecs.airg.coloredtrails.shared.discourse.BasicProposalDiscourseMessage
     [java] DEBUG root                           - FROM: 0 TO: 1(PIN: 20)
     [java] CT writes: Proposal [id=-1, agent=a10, agent2=a20, clock=6, time=2015-05-21 21:47:15.652]
     [java] DEBUG root                           - received a move request...: 30
     [java] DEBUG root                           - received a discourse mesage... 20
     [java] Received Discourse Message 
     [java] Class: class edu.harvard.eecs.airg.coloredtrails.shared.discourse.BasicProposalDiscussionDiscourseMessage
     [java] From: 1
     [java] From: 0
     [java] DEBUG root                           - sendGameDiscourseMessage class edu.harvard.eecs.airg.coloredtrails.shared.discourse.BasicProposalDiscussionDiscourseMessage
     [java] DEBUG root                           - FROM: 1 TO: 0(PIN: 10)
     [java] ---- BasicProposalDiscussionDiscourseMessage ----
     [java] CT writes: Response [id=-1, response=accepted, clock=6, time=2015-05-21 21:47:19.907]
     [java] We have an accepted offer, chips before: 
     [java] player pin: 10
     [java] player chips: { chips  'blue':0 'white':9 'brown':0 'yellow':0 }
     [java] player pin: 30
     [java] player chips: { chips  'blue':8 'white':0 'brown':0 'yellow':0 }
     [java] player pin: 40
     [java] player chips: { chips  'blue':0 'white':0 'brown':0 'yellow':9 }
     [java] player pin: 20
     [java] player chips: { chips  'blue':0 'white':0 'brown':9 'yellow':0 }
     [java] Initiating Automatic Chip Transfer
     [java] Proposer:  0
     [java] Sending: { chips  }
     [java] Responder: 1
     [java] Sending: { chips  'brown':1 }
     [java] EXECUTING AUTOMATIC CHIP TRANSFER
     [java] chips after: 
     [java] player pin: 10
     [java] player chips: { chips  'blue':0 'white':9 'brown':1 'yellow':0 }
     [java] player pin: 30
     [java] player chips: { chips  'blue':8 'white':0 'brown':0 'yellow':0 }
     [java] player pin: 40
     [java] player chips: { chips  'blue':0 'white':0 'brown':0 'yellow':9 }
     [java] player pin: 20
     [java] player chips: { chips  'blue':0 'white':0 'brown':8 'yellow':0 }
     [java] DEBUG root                           - received a move request...: 10
     [java] CT notification: Obligation [subject=a20, obligation=[color(white, a20)], sanction=[reduce(a20, 100)], deadline=24, time=2015-05-21 21:46:55.342, clock=6]
     [java] 20
     [java] 20
     [java] 20
     [java] 20
     [java] CT obligation: [Obligation to be at the grid tile [1,2] before clock 20 or 500 will be deducted., Obligation to use a tile with color white before clock 24 or 100 will be deducted.]
     [java] DEBUG root                           - received a discourse mesage... 10
     [java] Received Discourse Message 
     [java] Class: class edu.harvard.eecs.airg.coloredtrails.shared.discourse.BasicProposalDiscourseMessage
     [java] From: 0
     [java] From: 3
     [java] DEBUG root                           - sendGameDiscourseMessage class edu.harvard.eecs.airg.coloredtrails.shared.discourse.BasicProposalDiscourseMessage
     [java] DEBUG root                           - FROM: 0 TO: 3(PIN: 40)
     [java] CT writes: Proposal [id=-1, agent=a10, agent2=a40, clock=6, time=2015-05-21 21:47:22.884]
     [java] DEBUG root                           - received a discourse mesage... 40
     [java] Received Discourse Message 
     [java] Class: class edu.harvard.eecs.airg.coloredtrails.shared.discourse.BasicProposalDiscussionDiscourseMessage
     [java] From: 3
     [java] From: 0
     [java] DEBUG root                           - sendGameDiscourseMessage class edu.harvard.eecs.airg.coloredtrails.shared.discourse.BasicProposalDiscussionDiscourseMessage
     [java] DEBUG root                           - FROM: 3 TO: 0(PIN: 10)
     [java] ---- BasicProposalDiscussionDiscourseMessage ----
     [java] CT writes: Response [id=-1, response=accepted, clock=6, time=2015-05-21 21:47:22.897]
     [java] We have an accepted offer, chips before: 
     [java] player pin: 10
     [java] player chips: { chips  'blue':0 'white':9 'brown':0 'yellow':0 }
     [java] player pin: 30
     [java] player chips: { chips  'blue':8 'white':0 'brown':0 'yellow':0 }
     [java] player pin: 40
     [java] player chips: { chips  'blue':0 'white':0 'brown':0 'yellow':9 }
     [java] player pin: 20
     [java] player chips: { chips  'blue':0 'white':0 'brown':8 'yellow':0 }
     [java] Initiating Automatic Chip Transfer
     [java] Proposer:  0
     [java] Sending: { chips  }
     [java] Responder: 3
     [java] Sending: { chips  'yellow':1 }
     [java] EXECUTING AUTOMATIC CHIP TRANSFER
     [java] chips after: 
     [java] player pin: 10
     [java] player chips: { chips  'blue':0 'white':9 'brown':0 'yellow':1 }
     [java] player pin: 30
     [java] player chips: { chips  'blue':8 'white':0 'brown':0 'yellow':0 }
     [java] player pin: 40
     [java] player chips: { chips  'blue':0 'white':0 'brown':0 'yellow':8 }
     [java] player pin: 20
     [java] player chips: { chips  'blue':0 'white':0 'brown':8 'yellow':0 }
     [java] CT notification: Time [clock=7, time=2015-05-21 21:47:01.712]
     [java] CT players (clone,for): 
     [java] CT writes position: Position [subject=a10, id=null, cell=Cell [x=1, y=0], time=2015-05-21 21:47:23.97, clock=7]
     [java] CT writes: Position [subject=a10, id=null, cell=Cell [x=1, y=0], time=2015-05-21 21:47:23.97, clock=7]
     [java] CT writes position: Position [subject=a30, id=null, cell=Cell [x=4, y=3], time=2015-05-21 21:47:23.976, clock=7]
     [java] CT writes: Position [subject=a30, id=null, cell=Cell [x=4, y=3], time=2015-05-21 21:47:23.976, clock=7]
     [java] CT notification: Prohibition [subject=a20, prohibition=[color(blue, a20)], sanction=[reduce(a20, 100)], clock=6, time=2015-05-21 21:47:00.794]
     [java] 20
     [java] 20
     [java] 20
     [java] 20
     [java] CT prohibition: [Prohibition to reject requests for chips from the other players or 500 will be deducted., Prohibition to move more than 1 square per clock tick or 300 will be deducted., Prohibition to use a tile with color blue or 100 will be deducted.]
     [java] CT notification: Time [clock=8, time=2015-05-21 21:47:11.714]
     [java] CT players (clone,for): 
     [java] DEBUG root                           - received a move request...: 10
     [java] DEBUG root                           - received a discourse mesage... 20
     [java] Received Discourse Message 
     [java] Class: class edu.harvard.eecs.airg.coloredtrails.shared.discourse.BasicProposalDiscourseMessage
     [java] From: 1
     [java] From: 0
     [java] DEBUG root                           - sendGameDiscourseMessage class edu.harvard.eecs.airg.coloredtrails.shared.discourse.BasicProposalDiscourseMessage
     [java] DEBUG root                           - FROM: 1 TO: 0(PIN: 10)
     [java] CT writes: Proposal [id=2026, agent=a20, agent2=a10, clock=8, time=2015-05-21 21:47:25.288]
     [java] DEBUG root                           - received a discourse mesage... 10
     [java] Received Discourse Message 
     [java] Class: class edu.harvard.eecs.airg.coloredtrails.shared.discourse.BasicProposalDiscussionDiscourseMessage
     [java] From: 0
     [java] From: 1
     [java] DEBUG root                           - sendGameDiscourseMessage class edu.harvard.eecs.airg.coloredtrails.shared.discourse.BasicProposalDiscussionDiscourseMessage
     [java] DEBUG root                           - FROM: 0 TO: 1(PIN: 20)
     [java] ---- BasicProposalDiscussionDiscourseMessage ----
     [java] CT writes: Response [id=2026, response=accepted, clock=8, time=2015-05-21 21:47:25.311]
     [java] We have an accepted offer, chips before: 
     [java] player pin: 10
     [java] player chips: { chips  'blue':0 'white':9 'brown':0 'yellow':0 }
     [java] player pin: 30
     [java] player chips: { chips  'blue':8 'white':0 'brown':0 'yellow':0 }
     [java] player pin: 40
     [java] player chips: { chips  'blue':0 'white':0 'brown':0 'yellow':8 }
     [java] player pin: 20
     [java] player chips: { chips  'blue':0 'white':0 'brown':8 'yellow':0 }
     [java] Initiating Automatic Chip Transfer
     [java] Proposer:  1
     [java] Sending: { chips  'blue':0 'white':0 'brown':0 'yellow':0 }
     [java] Responder: 0
     [java] Sending: { chips  'blue':0 'white':2 'brown':0 'yellow':0 }
     [java] EXECUTING AUTOMATIC CHIP TRANSFER
     [java] chips after: 
     [java] player pin: 10
     [java] player chips: { chips  'blue':0 'white':7 'brown':0 'yellow':0 }
     [java] player pin: 30
     [java] player chips: { chips  'blue':8 'white':0 'brown':0 'yellow':0 }
     [java] player pin: 40
     [java] player chips: { chips  'blue':0 'white':0 'brown':0 'yellow':8 }
     [java] player pin: 20
     [java] player chips: { chips  'blue':0 'white':2 'brown':8 'yellow':0 }
     [java] DEBUG root                           - received a move request...: 10
     [java] CT notification: Time [clock=9, time=2015-05-21 21:47:21.716]
     [java] CT players (clone,for): 
     [java] CT writes position: Position [subject=a10, id=null, cell=Cell [x=2, y=1], time=2015-05-21 21:47:26.292, clock=9]
     [java] CT writes: Position [subject=a10, id=null, cell=Cell [x=2, y=1], time=2015-05-21 21:47:26.292, clock=9]
     [java] CT notification: Position [subject=a10, id=null, cell=Cell [x=1, y=0], time=2015-05-21 21:47:23.97, clock=7]
     [java] 10
     [java] DEBUG root                           - received a discourse mesage... 30
     [java] Received Discourse Message 
     [java] Class: class edu.harvard.eecs.airg.coloredtrails.shared.discourse.BasicProposalDiscourseMessage
     [java] From: 2
     [java] From: 3
     [java] DEBUG root                           - sendGameDiscourseMessage class edu.harvard.eecs.airg.coloredtrails.shared.discourse.BasicProposalDiscourseMessage
     [java] DEBUG root                           - FROM: 2 TO: 3(PIN: 40)
     [java] CT writes: Proposal [id=-1, agent=a30, agent2=a40, clock=9, time=2015-05-21 21:47:31.514]
     [java] DEBUG root                           - received a discourse mesage... 40
     [java] Received Discourse Message 
     [java] Class: class edu.harvard.eecs.airg.coloredtrails.shared.discourse.BasicProposalDiscussionDiscourseMessage
     [java] From: 3
     [java] From: 2
     [java] DEBUG root                           - sendGameDiscourseMessage class edu.harvard.eecs.airg.coloredtrails.shared.discourse.BasicProposalDiscussionDiscourseMessage
     [java] DEBUG root                           - FROM: 3 TO: 2(PIN: 30)
     [java] ---- BasicProposalDiscussionDiscourseMessage ----
     [java] CT writes: Response [id=-1, response=accepted, clock=9, time=2015-05-21 21:47:31.539]
     [java] We have an accepted offer, chips before: 
     [java] player pin: 10
     [java] player chips: { chips  'blue':0 'white':6 'brown':0 'yellow':0 }
     [java] player pin: 30
     [java] player chips: { chips  'blue':8 'white':0 'brown':0 'yellow':0 }
     [java] player pin: 40
     [java] player chips: { chips  'blue':0 'white':0 'brown':0 'yellow':8 }
     [java] player pin: 20
     [java] player chips: { chips  'blue':0 'white':2 'brown':8 'yellow':0 }
     [java] Initiating Automatic Chip Transfer
     [java] Proposer:  2
     [java] Sending: { chips  }
     [java] Responder: 3
     [java] Sending: { chips  'yellow':1 }
     [java] EXECUTING AUTOMATIC CHIP TRANSFER
     [java] chips after: 
     [java] player pin: 10
     [java] player chips: { chips  'blue':0 'white':6 'brown':0 'yellow':0 }
     [java] player pin: 30
     [java] player chips: { chips  'blue':8 'white':0 'brown':0 'yellow':1 }
     [java] player pin: 40
     [java] player chips: { chips  'blue':0 'white':0 'brown':0 'yellow':7 }
     [java] player pin: 20
     [java] player chips: { chips  'blue':0 'white':2 'brown':8 'yellow':0 }
     [java] DEBUG root                           - received a discourse mesage... 20
     [java] Received Discourse Message 
     [java] Class: class edu.harvard.eecs.airg.coloredtrails.shared.discourse.BasicProposalDiscourseMessage
     [java] From: 1
     [java] From: 3
     [java] DEBUG root                           - sendGameDiscourseMessage class edu.harvard.eecs.airg.coloredtrails.shared.discourse.BasicProposalDiscourseMessage
     [java] DEBUG root                           - FROM: 1 TO: 3(PIN: 40)
     [java] CT writes: Proposal [id=929, agent=a20, agent2=a40, clock=9, time=2015-05-21 21:47:31.575]
     [java] DEBUG root                           - received a discourse mesage... 40
     [java] Received Discourse Message 
     [java] Class: class edu.harvard.eecs.airg.coloredtrails.shared.discourse.BasicProposalDiscourseMessage
     [java] From: 3
     [java] From: 1
     [java] DEBUG root                           - sendGameDiscourseMessage class edu.harvard.eecs.airg.coloredtrails.shared.discourse.BasicProposalDiscourseMessage
     [java] DEBUG root                           - FROM: 3 TO: 1(PIN: 20)
     [java] CT writes: Proposal [id=-1, agent=a40, agent2=a20, clock=9, time=2015-05-21 21:47:31.581]
     [java] DEBUG root                           - received a discourse mesage... 40
     [java] Received Discourse Message 
     [java] Class: class edu.harvard.eecs.airg.coloredtrails.shared.discourse.BasicProposalDiscussionDiscourseMessage
     [java] From: 3
     [java] From: 1
     [java] DEBUG root                           - sendGameDiscourseMessage class edu.harvard.eecs.airg.coloredtrails.shared.discourse.BasicProposalDiscussionDiscourseMessage
     [java] DEBUG root                           - FROM: 3 TO: 1(PIN: 20)
     [java] ---- BasicProposalDiscussionDiscourseMessage ----
     [java] CT writes: Response [id=929, response=accepted, clock=9, time=2015-05-21 21:47:31.588]
     [java] We have an accepted offer, chips before: 
     [java] player pin: 10
     [java] player chips: { chips  'blue':0 'white':6 'brown':0 'yellow':0 }
     [java] player pin: 30
     [java] player chips: { chips  'blue':8 'white':0 'brown':0 'yellow':1 }
     [java] player pin: 40
     [java] player chips: { chips  'blue':0 'white':0 'brown':0 'yellow':7 }
     [java] player pin: 20
     [java] player chips: { chips  'blue':0 'white':2 'brown':8 'yellow':0 }
     [java] Initiating Automatic Chip Transfer
     [java] Proposer:  1
     [java] Sending: { chips  'blue':0 'white':0 'brown':0 'yellow':0 }
     [java] Responder: 3
     [java] Sending: { chips  'blue':0 'white':0 'brown':0 'yellow':1 }
     [java] EXECUTING AUTOMATIC CHIP TRANSFER
     [java] chips after: 
     [java] player pin: 10
     [java] player chips: { chips  'blue':0 'white':6 'brown':0 'yellow':0 }
     [java] player pin: 30
     [java] player chips: { chips  'blue':8 'white':0 'brown':0 'yellow':1 }
     [java] player pin: 40
     [java] player chips: { chips  'blue':0 'white':0 'brown':0 'yellow':6 }
     [java] player pin: 20
     [java] player chips: { chips  'blue':0 'white':2 'brown':8 'yellow':1 }
     [java] CT notification: Position [subject=a30, id=null, cell=Cell [x=4, y=3], time=2015-05-21 21:47:23.976, clock=7]
     [java] 30
     [java] 30
     [java] DEBUG root                           - received a move request...: 20
     [java] DEBUG root                           - received a move request...: 30
     [java] DEBUG root                           - received a move request...: 20
     [java] DEBUG root                           - received a move request...: 20
     [java] CT notification: Position [subject=a10, id=null, cell=Cell [x=2, y=1], time=2015-05-21 21:47:26.292, clock=9]
     [java] 10
     [java] DEBUG root                           - received a move request...: 30
     [java] DEBUG root                           - received a discourse mesage... 20
     [java] Received Discourse Message 
     [java] Class: class edu.harvard.eecs.airg.coloredtrails.shared.discourse.BasicProposalDiscussionDiscourseMessage
     [java] From: 1
     [java] From: 3
     [java] DEBUG root                           - sendGameDiscourseMessage class edu.harvard.eecs.airg.coloredtrails.shared.discourse.BasicProposalDiscussionDiscourseMessage
     [java] DEBUG root                           - FROM: 1 TO: 3(PIN: 40)
     [java] ---- BasicProposalDiscussionDiscourseMessage ----
     [java] CT writes: Response [id=-1, response=accepted, clock=9, time=2015-05-21 21:47:37.7]
     [java] We have an accepted offer, chips before: 
     [java] player pin: 10
     [java] player chips: { chips  'blue':0 'white':6 'brown':0 'yellow':0 }
     [java] player pin: 30
     [java] player chips: { chips  'blue':7 'white':0 'brown':0 'yellow':0 }
     [java] player pin: 40
     [java] player chips: { chips  'blue':0 'white':0 'brown':0 'yellow':6 }
     [java] player pin: 20
     [java] player chips: { chips  'blue':0 'white':0 'brown':8 'yellow':0 }
     [java] Initiating Automatic Chip Transfer
     [java] Proposer:  3
     [java] Sending: { chips  }
     [java] Responder: 1
     [java] Sending: { chips  'white':1 }
     [java] Not enough chips to transfer
     [java] chips after: 
     [java] player pin: 10
     [java] player chips: { chips  'blue':0 'white':6 'brown':0 'yellow':0 }
     [java] player pin: 30
     [java] player chips: { chips  'blue':7 'white':0 'brown':0 'yellow':0 }
     [java] player pin: 40
     [java] player chips: { chips  'blue':0 'white':0 'brown':0 'yellow':6 }
     [java] player pin: 20
     [java] player chips: { chips  'blue':0 'white':0 'brown':8 'yellow':0 }
     [java] DEBUG root                           - received a discourse mesage... 30
     [java] Received Discourse Message 
     [java] Class: class edu.harvard.eecs.airg.coloredtrails.shared.discourse.BasicProposalDiscourseMessage
     [java] From: 2
     [java] From: 0
     [java] DEBUG root                           - sendGameDiscourseMessage class edu.harvard.eecs.airg.coloredtrails.shared.discourse.BasicProposalDiscourseMessage
     [java] DEBUG root                           - FROM: 2 TO: 0(PIN: 10)
     [java] CT writes: Proposal [id=-1, agent=a30, agent2=a10, clock=9, time=2015-05-21 21:47:48.395]
     [java] DEBUG root                           - received a discourse mesage... 10
     [java] Received Discourse Message 
     [java] Class: class edu.harvard.eecs.airg.coloredtrails.shared.discourse.BasicProposalDiscussionDiscourseMessage
     [java] From: 0
     [java] From: 2
     [java] DEBUG root                           - sendGameDiscourseMessage class edu.harvard.eecs.airg.coloredtrails.shared.discourse.BasicProposalDiscussionDiscourseMessage
     [java] DEBUG root                           - FROM: 0 TO: 2(PIN: 30)
     [java] ---- BasicProposalDiscussionDiscourseMessage ----
     [java] CT writes: Response [id=-1, response=accepted, clock=9, time=2015-05-21 21:47:48.408]
     [java] We have an accepted offer, chips before: 
     [java] player pin: 10
     [java] player chips: { chips  'blue':0 'white':6 'brown':0 'yellow':0 }
     [java] player pin: 30
     [java] player chips: { chips  'blue':7 'white':0 'brown':0 'yellow':0 }
     [java] player pin: 40
     [java] player chips: { chips  'blue':0 'white':0 'brown':0 'yellow':6 }
     [java] player pin: 20
     [java] player chips: { chips  'blue':0 'white':0 'brown':8 'yellow':0 }
     [java] Initiating Automatic Chip Transfer
     [java] Proposer:  2
     [java] Sending: { chips  }
     [java] Responder: 0
     [java] Sending: { chips  'white':1 }
     [java] EXECUTING AUTOMATIC CHIP TRANSFER
     [java] chips after: 
     [java] player pin: 10
     [java] player chips: { chips  'blue':0 'white':5 'brown':0 'yellow':0 }
     [java] player pin: 30
     [java] player chips: { chips  'blue':7 'white':1 'brown':0 'yellow':0 }
     [java] player pin: 40
     [java] player chips: { chips  'blue':0 'white':0 'brown':0 'yellow':6 }
     [java] player pin: 20
     [java] player chips: { chips  'blue':0 'white':0 'brown':8 'yellow':0 }
     [java] CT notification: Time [clock=10, time=2015-05-21 21:47:31.721]
     [java] CT players (clone,for): 
     [java] CT writes position: Position [subject=a30, id=null, cell=Cell [x=3, y=4], time=2015-05-21 21:47:49.36, clock=10]
     [java] CT writes: Position [subject=a30, id=null, cell=Cell [x=3, y=4], time=2015-05-21 21:47:49.36, clock=10]
     [java] CT writes position: Position [subject=a20, id=null, cell=Cell [x=1, y=2], time=2015-05-21 21:47:49.367, clock=10]
     [java] CT writes: Position [subject=a20, id=null, cell=Cell [x=1, y=2], time=2015-05-21 21:47:49.367, clock=10]
     [java] DEBUG root                           - received a move request...: 30
     [java] CT notification: Points [subject=a30, time=2015-05-21 21:47:32.314, clock=9, value=900, id=null]
     [java] 30
     [java] 30
     [java] CT notification: Points [subject=a30, time=2015-05-21 21:47:32.314, clock=9, value=900, id=null]
     [java] 30
     [java] 30
     [java] DEBUG root                           - received a move request...: 30
     [java] CT notification: Time [clock=11, time=2015-05-21 21:47:41.723]
     [java] CT players (clone,for): 
     [java] CT writes position: Position [subject=a30, id=null, cell=Cell [x=1, y=4], time=2015-05-21 21:47:53.477, clock=11]
     [java] CT writes: Position [subject=a30, id=null, cell=Cell [x=1, y=4], time=2015-05-21 21:47:53.477, clock=11]
     [java] CT notification: Position [subject=a30, id=null, cell=Cell [x=3, y=4], time=2015-05-21 21:47:49.36, clock=10]
     [java] 30
     [java] 30
     [java] CT notification: Time [clock=12, time=2015-05-21 21:47:51.726]
     [java] CT notification: Position [subject=a20, id=null, cell=Cell [x=1, y=2], time=2015-05-21 21:47:49.367, clock=10]
     [java] 20
     [java] 20
     [java] 20
     [java] 20
     [java] CT players (clone,for): 
     [java] CT notification: Position [subject=a30, id=null, cell=Cell [x=1, y=4], time=2015-05-21 21:47:53.477, clock=11]
     [java] 30
     [java] 30
     [java] A New Phase Began: Movement Phase
     [java] CT notification: Time [clock=13, time=2015-05-21 21:48:01.728]
     [java] CT players (clone,for): 
     [java] DEBUG root                           - received a discourse mesage... 20
     [java] Received Discourse Message 
     [java] Class: class edu.harvard.eecs.airg.coloredtrails.shared.discourse.BasicProposalDiscourseMessage
     [java] From: 1
     [java] From: 0
     [java] DEBUG root                           - sendGameDiscourseMessage class edu.harvard.eecs.airg.coloredtrails.shared.discourse.BasicProposalDiscourseMessage
     [java] DEBUG root                           - FROM: 1 TO: 0(PIN: 10)
     [java] CT writes: Proposal [id=8670, agent=a20, agent2=a10, clock=13, time=2015-05-21 21:48:03.324]
     [java] DEBUG root                           - received a discourse mesage... 10
     [java] Received Discourse Message 
     [java] Class: class edu.harvard.eecs.airg.coloredtrails.shared.discourse.BasicProposalDiscussionDiscourseMessage
     [java] From: 0
     [java] From: 1
     [java] DEBUG root                           - sendGameDiscourseMessage class edu.harvard.eecs.airg.coloredtrails.shared.discourse.BasicProposalDiscussionDiscourseMessage
     [java] DEBUG root                           - FROM: 0 TO: 1(PIN: 20)
     [java] ---- BasicProposalDiscussionDiscourseMessage ----
     [java] CT writes: Response [id=8670, response=accepted, clock=13, time=2015-05-21 21:48:03.337]
     [java] We have an accepted offer, chips before: 
     [java] player pin: 10
     [java] player chips: { chips  'blue':0 'white':5 'brown':0 'yellow':0 }
     [java] player pin: 30
     [java] player chips: { chips  'blue':6 'white':0 'brown':0 'yellow':0 }
     [java] player pin: 40
     [java] player chips: { chips  'blue':0 'white':0 'brown':0 'yellow':6 }
     [java] player pin: 20
     [java] player chips: { chips  'blue':0 'white':0 'brown':8 'yellow':0 }
     [java] Initiating Automatic Chip Transfer
     [java] Proposer:  1
     [java] Sending: { chips  'blue':0 'white':0 'brown':0 'yellow':0 }
     [java] Responder: 0
     [java] Sending: { chips  'blue':0 'white':1 'brown':0 'yellow':0 }
     [java] EXECUTING AUTOMATIC CHIP TRANSFER
     [java] chips after: 
     [java] player pin: 10
     [java] player chips: { chips  'blue':0 'white':4 'brown':0 'yellow':0 }
     [java] player pin: 30
     [java] player chips: { chips  'blue':6 'white':0 'brown':0 'yellow':0 }
     [java] player pin: 40
     [java] player chips: { chips  'blue':0 'white':0 'brown':0 'yellow':6 }
     [java] player pin: 20
     [java] player chips: { chips  'blue':0 'white':1 'brown':8 'yellow':0 }
     [java] DEBUG root                           - received a discourse mesage... 30
     [java] Received Discourse Message 
     [java] Class: class edu.harvard.eecs.airg.coloredtrails.shared.discourse.BasicProposalDiscourseMessage
     [java] From: 2
     [java] From: 0
     [java] DEBUG root                           - sendGameDiscourseMessage class edu.harvard.eecs.airg.coloredtrails.shared.discourse.BasicProposalDiscourseMessage
     [java] DEBUG root                           - FROM: 2 TO: 0(PIN: 10)
     [java] CT writes: Proposal [id=-1, agent=a30, agent2=a10, clock=13, time=2015-05-21 21:48:04.519]
     [java] DEBUG root                           - received a discourse mesage... 10
     [java] Received Discourse Message 
     [java] Class: class edu.harvard.eecs.airg.coloredtrails.shared.discourse.BasicProposalDiscussionDiscourseMessage
     [java] From: 0
     [java] From: 2
     [java] DEBUG root                           - sendGameDiscourseMessage class edu.harvard.eecs.airg.coloredtrails.shared.discourse.BasicProposalDiscussionDiscourseMessage
     [java] DEBUG root                           - FROM: 0 TO: 2(PIN: 30)
     [java] ---- BasicProposalDiscussionDiscourseMessage ----
     [java] CT writes: Response [id=-1, response=accepted, clock=13, time=2015-05-21 21:48:04.525]
     [java] We have an accepted offer, chips before: 
     [java] player pin: 10
     [java] player chips: { chips  'blue':0 'white':4 'brown':0 'yellow':0 }
     [java] player pin: 30
     [java] player chips: { chips  'blue':6 'white':0 'brown':0 'yellow':0 }
     [java] player pin: 40
     [java] player chips: { chips  'blue':0 'white':0 'brown':0 'yellow':6 }
     [java] player pin: 20
     [java] player chips: { chips  'blue':0 'white':1 'brown':8 'yellow':0 }
     [java] Initiating Automatic Chip Transfer
     [java] Proposer:  2
     [java] Sending: { chips  }
     [java] Responder: 0
     [java] Sending: { chips  'white':1 }
     [java] EXECUTING AUTOMATIC CHIP TRANSFER
     [java] chips after: 
     [java] player pin: 10
     [java] player chips: { chips  'blue':0 'white':3 'brown':0 'yellow':0 }
     [java] player pin: 30
     [java] player chips: { chips  'blue':6 'white':1 'brown':0 'yellow':0 }
     [java] player pin: 40
     [java] player chips: { chips  'blue':0 'white':0 'brown':0 'yellow':6 }
     [java] player pin: 20
     [java] player chips: { chips  'blue':0 'white':1 'brown':8 'yellow':0 }
     [java] DEBUG root                           - received a move request...: 30
     [java] DEBUG root                           - received a discourse mesage... 30
     [java] Received Discourse Message 
     [java] Class: class edu.harvard.eecs.airg.coloredtrails.shared.discourse.BasicProposalDiscourseMessage
     [java] From: 2
     [java] From: 0
     [java] DEBUG root                           - sendGameDiscourseMessage class edu.harvard.eecs.airg.coloredtrails.shared.discourse.BasicProposalDiscourseMessage
     [java] DEBUG root                           - FROM: 2 TO: 0(PIN: 10)
     [java] CT writes: Proposal [id=-1, agent=a30, agent2=a10, clock=13, time=2015-05-21 21:48:10.222]
     [java] DEBUG root                           - received a discourse mesage... 10
     [java] Received Discourse Message 
     [java] Class: class edu.harvard.eecs.airg.coloredtrails.shared.discourse.BasicProposalDiscussionDiscourseMessage
     [java] From: 0
     [java] From: 2
     [java] DEBUG root                           - sendGameDiscourseMessage class edu.harvard.eecs.airg.coloredtrails.shared.discourse.BasicProposalDiscussionDiscourseMessage
     [java] DEBUG root                           - FROM: 0 TO: 2(PIN: 30)
     [java] ---- BasicProposalDiscussionDiscourseMessage ----
     [java] CT writes: Response [id=-1, response=accepted, clock=13, time=2015-05-21 21:48:10.23]
     [java] We have an accepted offer, chips before: 
     [java] player pin: 10
     [java] player chips: { chips  'blue':0 'white':3 'brown':0 'yellow':0 }
     [java] player pin: 30
     [java] player chips: { chips  'blue':6 'white':0 'brown':0 'yellow':0 }
     [java] player pin: 40
     [java] player chips: { chips  'blue':0 'white':0 'brown':0 'yellow':6 }
     [java] player pin: 20
     [java] player chips: { chips  'blue':0 'white':1 'brown':8 'yellow':0 }
     [java] Initiating Automatic Chip Transfer
     [java] Proposer:  2
     [java] Sending: { chips  }
     [java] Responder: 0
     [java] Sending: { chips  'white':1 }
     [java] EXECUTING AUTOMATIC CHIP TRANSFER
     [java] chips after: 
     [java] player pin: 10
     [java] player chips: { chips  'blue':0 'white':2 'brown':0 'yellow':0 }
     [java] player pin: 30
     [java] player chips: { chips  'blue':6 'white':1 'brown':0 'yellow':0 }
     [java] player pin: 40
     [java] player chips: { chips  'blue':0 'white':0 'brown':0 'yellow':6 }
     [java] player pin: 20
     [java] player chips: { chips  'blue':0 'white':1 'brown':8 'yellow':0 }
     [java] CT notification: Time [clock=14, time=2015-05-21 21:48:11.729]
     [java] CT players (clone,for): 
     [java] CT writes position: Position [subject=a30, id=null, cell=Cell [x=1, y=3], time=2015-05-21 21:48:11.736, clock=14]
     [java] CT writes: Position [subject=a30, id=null, cell=Cell [x=1, y=3], time=2015-05-21 21:48:11.736, clock=14]
     [java] CT notification: Position [subject=a30, id=null, cell=Cell [x=1, y=3], time=2015-05-21 21:48:11.736, clock=14]
     [java] 30
     [java] 30
     [java] DEBUG root                           - received a move request...: 30
     [java] DEBUG root                           - received a discourse mesage... 30
     [java] Received Discourse Message 
     [java] Class: class edu.harvard.eecs.airg.coloredtrails.shared.discourse.BasicProposalDiscourseMessage
     [java] From: 2
     [java] From: 3
     [java] DEBUG root                           - sendGameDiscourseMessage class edu.harvard.eecs.airg.coloredtrails.shared.discourse.BasicProposalDiscourseMessage
     [java] DEBUG root                           - FROM: 2 TO: 3(PIN: 40)
     [java] CT writes: Proposal [id=-1, agent=a30, agent2=a40, clock=14, time=2015-05-21 21:48:15.297]
     [java] DEBUG root                           - received a discourse mesage... 40
     [java] Received Discourse Message 
     [java] Class: class edu.harvard.eecs.airg.coloredtrails.shared.discourse.BasicProposalDiscussionDiscourseMessage
     [java] From: 3
     [java] From: 2
     [java] DEBUG root                           - sendGameDiscourseMessage class edu.harvard.eecs.airg.coloredtrails.shared.discourse.BasicProposalDiscussionDiscourseMessage
     [java] DEBUG root                           - FROM: 3 TO: 2(PIN: 30)
     [java] ---- BasicProposalDiscussionDiscourseMessage ----
     [java] CT writes: Response [id=-1, response=accepted, clock=14, time=2015-05-21 21:48:15.303]
     [java] We have an accepted offer, chips before: 
     [java] player pin: 10
     [java] player chips: { chips  'blue':0 'white':2 'brown':0 'yellow':0 }
     [java] player pin: 30
     [java] player chips: { chips  'blue':6 'white':0 'brown':0 'yellow':0 }
     [java] player pin: 40
     [java] player chips: { chips  'blue':0 'white':0 'brown':0 'yellow':6 }
     [java] player pin: 20
     [java] player chips: { chips  'blue':0 'white':1 'brown':8 'yellow':0 }
     [java] Initiating Automatic Chip Transfer
     [java] Proposer:  2
     [java] Sending: { chips  }
     [java] Responder: 3
     [java] Sending: { chips  'yellow':1 }
     [java] EXECUTING AUTOMATIC CHIP TRANSFER
     [java] chips after: 
     [java] player pin: 10
     [java] player chips: { chips  'blue':0 'white':2 'brown':0 'yellow':0 }
     [java] player pin: 30
     [java] player chips: { chips  'blue':6 'white':0 'brown':0 'yellow':1 }
     [java] player pin: 40
     [java] player chips: { chips  'blue':0 'white':0 'brown':0 'yellow':5 }
     [java] player pin: 20
     [java] player chips: { chips  'blue':0 'white':1 'brown':8 'yellow':0 }
     [java] DEBUG root                           - received a move request...: 30
     [java] DEBUG root                           - received a discourse mesage... 30
     [java] Received Discourse Message 
     [java] Class: class edu.harvard.eecs.airg.coloredtrails.shared.discourse.BasicProposalDiscourseMessage
     [java] From: 2
     [java] From: 0
     [java] DEBUG root                           - sendGameDiscourseMessage class edu.harvard.eecs.airg.coloredtrails.shared.discourse.BasicProposalDiscourseMessage
     [java] DEBUG root                           - FROM: 2 TO: 0(PIN: 10)
     [java] CT writes: Proposal [id=-1, agent=a30, agent2=a10, clock=14, time=2015-05-21 21:48:20.249]
     [java] DEBUG root                           - received a discourse mesage... 10
     [java] Received Discourse Message 
     [java] Class: class edu.harvard.eecs.airg.coloredtrails.shared.discourse.BasicProposalDiscussionDiscourseMessage
     [java] From: 0
     [java] From: 2
     [java] DEBUG root                           - sendGameDiscourseMessage class edu.harvard.eecs.airg.coloredtrails.shared.discourse.BasicProposalDiscussionDiscourseMessage
     [java] DEBUG root                           - FROM: 0 TO: 2(PIN: 30)
     [java] ---- BasicProposalDiscussionDiscourseMessage ----
     [java] CT writes: Response [id=-1, response=accepted, clock=14, time=2015-05-21 21:48:20.258]
     [java] We have an accepted offer, chips before: 
     [java] player pin: 10
     [java] player chips: { chips  'blue':0 'white':2 'brown':0 'yellow':0 }
     [java] player pin: 30
     [java] player chips: { chips  'blue':6 'white':0 'brown':0 'yellow':0 }
     [java] player pin: 40
     [java] player chips: { chips  'blue':0 'white':0 'brown':0 'yellow':5 }
     [java] player pin: 20
     [java] player chips: { chips  'blue':0 'white':1 'brown':8 'yellow':0 }
     [java] Initiating Automatic Chip Transfer
     [java] Proposer:  2
     [java] Sending: { chips  }
     [java] Responder: 0
     [java] Sending: { chips  'white':1 }
     [java] EXECUTING AUTOMATIC CHIP TRANSFER
     [java] chips after: 
     [java] player pin: 10
     [java] player chips: { chips  'blue':0 'white':1 'brown':0 'yellow':0 }
     [java] player pin: 30
     [java] player chips: { chips  'blue':6 'white':1 'brown':0 'yellow':0 }
     [java] player pin: 40
     [java] player chips: { chips  'blue':0 'white':0 'brown':0 'yellow':5 }
     [java] player pin: 20
     [java] player chips: { chips  'blue':0 'white':1 'brown':8 'yellow':0 }
     [java] CT notification: Time [clock=15, time=2015-05-21 21:48:21.731]
     [java] CT players (clone,for): 
     [java] CT writes position: Position [subject=a30, id=null, cell=Cell [x=1, y=1], time=2015-05-21 21:48:21.739, clock=15]
     [java] CT writes: Position [subject=a30, id=null, cell=Cell [x=1, y=1], time=2015-05-21 21:48:21.739, clock=15]
     [java] CT notification: Position [subject=a30, id=null, cell=Cell [x=1, y=1], time=2015-05-21 21:48:21.739, clock=15]
     [java] 30
     [java] 30
     [java] DEBUG root                           - received a move request...: 30
     [java] DEBUG root                           - received a discourse mesage... 20
     [java] Received Discourse Message 
     [java] Class: class edu.harvard.eecs.airg.coloredtrails.shared.discourse.BasicProposalDiscourseMessage
     [java] From: 1
     [java] From: 0
     [java] DEBUG root                           - sendGameDiscourseMessage class edu.harvard.eecs.airg.coloredtrails.shared.discourse.BasicProposalDiscourseMessage
     [java] DEBUG root                           - FROM: 1 TO: 0(PIN: 10)
     [java] CT writes: Proposal [id=4445, agent=a20, agent2=a10, clock=15, time=2015-05-21 21:48:26.598]
     [java] DEBUG root                           - received a discourse mesage... 10
     [java] Received Discourse Message 
     [java] Class: class edu.harvard.eecs.airg.coloredtrails.shared.discourse.BasicProposalDiscussionDiscourseMessage
     [java] From: 0
     [java] From: 1
     [java] DEBUG root                           - sendGameDiscourseMessage class edu.harvard.eecs.airg.coloredtrails.shared.discourse.BasicProposalDiscussionDiscourseMessage
     [java] DEBUG root                           - FROM: 0 TO: 1(PIN: 20)
     [java] ---- BasicProposalDiscussionDiscourseMessage ----
     [java] CT writes: Response [id=4445, response=accepted, clock=15, time=2015-05-21 21:48:26.606]
     [java] We have an accepted offer, chips before: 
     [java] player pin: 10
     [java] player chips: { chips  'blue':0 'white':1 'brown':0 'yellow':0 }
     [java] player pin: 30
     [java] player chips: { chips  'blue':6 'white':0 'brown':0 'yellow':0 }
     [java] player pin: 40
     [java] player chips: { chips  'blue':0 'white':0 'brown':0 'yellow':5 }
     [java] player pin: 20
     [java] player chips: { chips  'blue':0 'white':1 'brown':8 'yellow':0 }
     [java] Initiating Automatic Chip Transfer
     [java] Proposer:  1
     [java] Sending: { chips  'blue':0 'white':0 'brown':0 'yellow':0 }
     [java] Responder: 0
     [java] Sending: { chips  'blue':0 'white':1 'brown':0 'yellow':0 }
     [java] EXECUTING AUTOMATIC CHIP TRANSFER
     [java] chips after: 
     [java] player pin: 10
     [java] player chips: { chips  'blue':0 'white':0 'brown':0 'yellow':0 }
     [java] player pin: 30
     [java] player chips: { chips  'blue':6 'white':0 'brown':0 'yellow':0 }
     [java] player pin: 40
     [java] player chips: { chips  'blue':0 'white':0 'brown':0 'yellow':5 }
     [java] player pin: 20
     [java] player chips: { chips  'blue':0 'white':2 'brown':8 'yellow':0 }
     [java] CT notification: Time [clock=16, time=2015-05-21 21:48:31.771]
     [java] CT players (clone,for): 
     [java] CT writes position: Position [subject=a30, id=null, cell=Cell [x=2, y=1], time=2015-05-21 21:48:31.78, clock=16]
     [java] CT writes: Position [subject=a30, id=null, cell=Cell [x=2, y=1], time=2015-05-21 21:48:31.78, clock=16]
     [java] CT notification: Position [subject=a30, id=null, cell=Cell [x=2, y=1], time=2015-05-21 21:48:31.78, clock=16]
     [java] 30
     [java] 30
     [java] CT notification: Time [clock=17, time=2015-05-21 21:48:41.774]
     [java] CT players (clone,for): 
     [java] CT notification: Time [clock=18, time=2015-05-21 21:48:51.778]
     [java] CT players (clone,for): 
     [java] CT notification: Time [clock=19, time=2015-05-21 21:49:01.781]
     [java] CT players (clone,for): 
     [java] CT notification: Time [clock=20, time=2015-05-21 21:49:11.782]
     [java] CT players (clone,for): 
     [java] CT notification: Time [clock=21, time=2015-05-21 21:49:21.784]
     [java] CT players (clone,for): 
     [java] CT notification: Points [subject=a30, time=2015-05-21 21:49:21.796, clock=21, value=650, id=null]
     [java] 30
     [java] 30
     [java] CT notification: Points [subject=a30, time=2015-05-21 21:49:21.796, clock=21, value=650, id=null]
     [java] 30
     [java] 30
     [java] CT notification: Points [subject=a40, time=2015-05-21 21:49:21.798, clock=21, value=750, id=null]
     [java] 40
     [java] 40
     [java] 40
     [java] CT notification: Points [subject=a40, time=2015-05-21 21:49:21.798, clock=21, value=750, id=null]
     [java] 40
     [java] 40
     [java] 40
     [java] CT notification: Time [clock=22, time=2015-05-21 21:49:31.788]
     [java] CT players (clone,for): 
     [java] CT notification: Time [clock=23, time=2015-05-21 21:49:41.79]
     [java] CT players (clone,for): 
     [java] CT notification: Time [clock=24, time=2015-05-21 21:49:51.791]
     [java] CT players (clone,for): 
     [java] A New Phase Began: Feedback Phase
     [java] CT notification: Time [clock=25, time=2015-05-21 21:50:01.792]
     [java] CT players (clone,for): 
     [java] CT notification: Points [subject=a40, time=2015-05-21 21:50:01.804, clock=25, value=650, id=null]
     [java] 40
     [java] 40
     [java] 40
     [java] CT notification: Points [subject=a40, time=2015-05-21 21:50:01.804, clock=25, value=650, id=null]
     [java] 40
     [java] 40
     [java] 40
     [java] DEBUG root                           - Game ended id = 0
     [java] CT notification: Time [clock=26, time=2015-05-21 21:50:11.795]
     [java] CT players (clone,for): 
     [java] CT notification: Time [clock=27, time=2015-05-21 21:50:21.799]
     [java] CT players (clone,for): 
     [java] CT notification: Time [clock=28, time=2015-05-21 21:50:31.801]
     [java] CT players (clone,for): 
     [java] CT notification: Time [clock=29, time=2015-05-21 21:50:41.803]
     [java] CT players (clone,for): 
     [java] CT notification: Time [clock=30, time=2015-05-21 21:50:51.806]
     [java] CT players (clone,for): 
     [java] CT notification: Time [clock=31, time=2015-05-21 21:51:01.806]
     [java] CT players (clone,for): 
     [java] CT notification: Time [clock=32, time=2015-05-21 21:51:11.808]
     [java] CT players (clone,for): 
     [java] CT notification: Time [clock=33, time=2015-05-21 21:51:21.809]
     [java] CT players (clone,for): 
     [java] INFO  BrokerService                  - ActiveMQ Message Broker (localhost, ID:kafka.local-65050-1432241145169-1:0) is shutting down
     [java] WARN  ActiveMQConnection             - Async exception with no exception listener: java.io.EOFException
     [java] java.io.EOFException
     [java] 	at java.io.DataInputStream.readInt(DataInputStream.java:375)
     [java] 	at org.apache.activemq.openwire.OpenWireFormat.unmarshal(OpenWireFormat.java:269)
     [java] 	at org.apache.activemq.transport.tcp.TcpTransport.readCommand(TcpTransport.java:156)
     [java] 	at org.apache.activemq.transport.tcp.TcpTransport.run(TcpTransport.java:136)
     [java] 	at java.lang.Thread.run(Thread.java:695)
     [java] WARN  ActiveMQConnection             - Async exception with no exception listener: java.io.EOFException
     [java] java.io.EOFException
     [java] 	at java.io.DataInputStream.readInt(DataInputStream.java:375)
     [java] 	at org.apache.activemq.openwire.OpenWireFormat.unmarshal(OpenWireFormat.java:269)
     [java] 	at org.apache.activemq.transport.tcp.TcpTransport.readCommand(TcpTransport.java:156)
     [java] 	at org.apache.activemq.transport.tcp.TcpTransport.run(TcpTransport.java:136)
     [java] 	at java.lang.Thread.run(Thread.java:695)
     [java] INFO  TransportConnector             - Connector tcp://kafka.local:8088 Stopped
     [java] INFO  BrokerService                  - ActiveMQ JMS Message Broker (localhost, ID:kafka.local-65050-1432241145169-1:0) stopped
     [java] Java Result: 143

BUILD SUCCESSFUL
Total time: 5 minutes 47 seconds
