Buildfile: /Users/dxd/git/ct3/WebCT/build.xml

runserver:
     [java] INFO  BrokerService                  - ActiveMQ null JMS Message Broker (localhost) is starting
     [java] INFO  BrokerService                  - For help or more information please see: http://activemq.apache.org/
     [java] INFO  AMQPersistenceAdapter          - AMQStore starting using directory: activemq-data/localhost
     [java] INFO  KahaStore                      - Kaha Store using data directory /Users/dxd/git/ct3/WebCT/activemq-data/localhost/kr-store
     [java] INFO  AMQPersistenceAdapter          - Active data files: []
     [java] INFO  AMQPersistenceAdapter          - Journal Recovery Started from: DataManager:(data-)
     [java] INFO  AMQPersistenceAdapter          - Recovered 0 operations from redo log in 0.17 seconds.
     [java] INFO  BrokerService                  - Using Persistence Adapter: AMQPersistenceAdapter(activemq-data/localhost)
     [java] INFO  TransportServerThreadSupport   - Listening for connections at: tcp://kafka.local:8088
     [java] INFO  TransportConnector             - Connector tcp://kafka.local:8088 Started
     [java] INFO  BrokerService                  - ActiveMQ JMS Message Broker (localhost, ID:kafka.local-58845-1433397849384-1:0) started
     [java] INFO  root                           - Started the JMS Server
     [java] INFO  ManagementContext              - JMX consoles can connect to service:jmx:rmi:///jndi/rmi://localhost:1099/jmxrmi
     [java] INFO  BrokerService                  - About to delete any non-persistent messages that may have overflowed to disk ...
     [java] INFO  KahaStore                      - Kaha Store successfully deleted data directory activemq-data/localhost/tmp_storage
     [java] INFO  BrokerService                  - Successfully deleted temporary storage
     [java] INFO  root                           - Controller Interface has been started
     [java] INFO  root                           - ColoredTrails is now running...
     [java] Adding client state for 10INFO  root                           - Colored Trails Server received a subcription message from client: 10 [192.168.1.101] of type 
     [java] 
     [java] Adding client state for 40
     [java] Adding client state for 30
     [java] INFO  root                           - Colored Trails Server received a subcription message from client: 40 [192.168.1.101] of type 
     [java] INFO  root                           - Colored Trails Server received a subcription message from client: 30 [192.168.1.101] of type 
     [java] Adding client state for 20
     [java] INFO  root                           - Colored Trails Server received a subcription message from client: 20 [192.168.1.101] of type 
     [java] Received message to add config class from: admin
     [java] INFO  root                           - Received message from admin: SET_CONFIGURATION
     [java] INFO  root                           - Received message from admin client:ADD_CONFIGURATION
     [java] DEBUG root                           - Administrator: adding configuration file [WebCTInputFileConfig] class name: WebCTInputFileConfig
     [java] INFO  root                           - Received message from admin client:NEW_GAME
     [java] DEBUG root                           - Administrator: newGame configName = [WebCTInputFileConfig] 
     [java] DEBUG root                           - Administrator: newGame adding Player: [10]
     [java] DEBUG root                           - Administrator: newGame adding Player: [20]
     [java] DEBUG root                           - Administrator: newGame adding Player: [30]
     [java] DEBUG root                           - Administrator: newGame adding Player: [40]
     [java] DEBUG root                           - ServerData addNewGame -- config file
     [java] DEBUG root                           - ServerData addNewGame -- Starting ServerGameStatus
     [java] DEBUG root                           - ServerData addNewGame -- Starting a new game with id: 0
     [java] DEBUG root                           - ClientCommands creating new Topic: ct3.game.0
     [java] DEBUG root                           - sending sendClientSubscribeToGameMessage: for game [0] and player [10]
     [java] DEBUG root                           - sending sendClientSubscribeToGameMessage: for game [0] and player [20]
     [java] DEBUG root                           - sending sendClientSubscribeToGameMessage: for game [0] and player [30]
     [java] DEBUG root                           - sending sendClientSubscribeToGameMessage: for game [0] and player [40]
     [java] INFO  root                           - Received message from admin client:LIST_GAMES
     [java] INFO  root                           - Received message from admin client:LIST_CONFIGURATIONS
     [java] received client subscribed successfully message
     [java] received client subscribed successfully message
     [java] received client subscribed successfully message
     [java] received client subscribed successfully message
     [java] All players subscribed to game, trying to start
     [java] INFO  root                           - Sending reply to controller: NEW_GAME_REPLY
     [java] DEBUG root                           - sendGameStart
     [java] DEBUG root                           - sendGameStart to controller
     [java] DEBUG root                           - sending game id = 0
     [java] INFO  root                           - Starting spaces 1
     [java] DEBUG UrlSpaceFactoryBean            - Finding Space with URL [jini:/*/*/myGrid] and properties [{com.j_spaces.core.container.shutdown_hook=false}]
     [java] 2015-06-04 07:04:33,015 CONFIG [com.gigaspaces.logger] - Log file: /Users/dxd/git/ct3/logs/2015-06-04~07.04-gigaspaces-service-192.168.1.101-66226.log
     [java] DEBUG GigaSpaceFactoryBean           - Clustered flag automatically set to [true] since the space is a local cache space for bean [null]
     [java] DEBUG UrlSpaceFactoryBean            - Finding Space with URL [jini://*/*/myGrid] and properties [{com.j_spaces.core.container.shutdown_hook=false}]
     [java] zatim dobry
     [java] 2015-06-04 07:04:33,008  INFO [com.gigaspaces.localcache] - LocalCache#1-myGrid was created successfully. Total time: 614 milliseconds
     [java] Let the game begin...
     [java] game id= 0
     [java] ---- Sending Scoring Change ----
     [java] setPhases in GameStatus
     [java] A New Phase Began: Norm Phase
     [java] -------- Creating Board --------
     [java] CT writes: Tile [id=null, cell=Cell [x=0, y=0], subject=blue, time=2015-06-04 07:04:33.243, clock=0]
     [java] CT writes: Tile [id=null, cell=Cell [x=0, y=1], subject=brown, time=2015-06-04 07:04:33.286, clock=0]
     [java] CT writes: Tile [id=null, cell=Cell [x=0, y=2], subject=white, time=2015-06-04 07:04:33.289, clock=0]
     [java] CT writes: Tile [id=null, cell=Cell [x=0, y=3], subject=yellow, time=2015-06-04 07:04:33.297, clock=0]
     [java] CT writes: Tile [id=null, cell=Cell [x=0, y=4], subject=blue, time=2015-06-04 07:04:33.302, clock=0]
     [java] CT writes: Tile [id=null, cell=Cell [x=0, y=5], subject=white, time=2015-06-04 07:04:33.306, clock=0]
     [java] CT writes: Tile [id=null, cell=Cell [x=1, y=0], subject=yellow, time=2015-06-04 07:04:33.31, clock=0]
     [java] CT writes: Tile [id=null, cell=Cell [x=1, y=1], subject=yellow, time=2015-06-04 07:04:33.315, clock=0]
     [java] CT writes: Tile [id=null, cell=Cell [x=1, y=2], subject=brown, time=2015-06-04 07:04:33.319, clock=0]
     [java] CT writes: Tile [id=null, cell=Cell [x=1, y=3], subject=yellow, time=2015-06-04 07:04:33.323, clock=0]
     [java] CT writes: Tile [id=null, cell=Cell [x=1, y=4], subject=white, time=2015-06-04 07:04:33.327, clock=0]
     [java] CT writes: Tile [id=null, cell=Cell [x=1, y=5], subject=white, time=2015-06-04 07:04:33.337, clock=0]
     [java] CT writes: Tile [id=null, cell=Cell [x=2, y=0], subject=blue, time=2015-06-04 07:04:33.341, clock=0]
     [java] CT writes: Tile [id=null, cell=Cell [x=2, y=1], subject=brown, time=2015-06-04 07:04:33.346, clock=0]
     [java] CT writes: Tile [id=null, cell=Cell [x=2, y=2], subject=white, time=2015-06-04 07:04:33.351, clock=0]
     [java] CT writes: Tile [id=null, cell=Cell [x=2, y=3], subject=yellow, time=2015-06-04 07:04:33.353, clock=0]
     [java] CT writes: Tile [id=null, cell=Cell [x=2, y=4], subject=white, time=2015-06-04 07:04:33.358, clock=0]
     [java] CT writes: Tile [id=null, cell=Cell [x=2, y=5], subject=white, time=2015-06-04 07:04:33.362, clock=0]
     [java] CT writes: Tile [id=null, cell=Cell [x=3, y=0], subject=brown, time=2015-06-04 07:04:33.367, clock=0]
     [java] CT writes: Tile [id=null, cell=Cell [x=3, y=1], subject=brown, time=2015-06-04 07:04:33.375, clock=0]
     [java] CT writes: Tile [id=null, cell=Cell [x=3, y=2], subject=white, time=2015-06-04 07:04:33.38, clock=0]
     [java] CT writes: Tile [id=null, cell=Cell [x=3, y=3], subject=blue, time=2015-06-04 07:04:33.386, clock=0]
     [java] CT writes: Tile [id=null, cell=Cell [x=3, y=4], subject=blue, time=2015-06-04 07:04:33.391, clock=0]
     [java] CT writes: Tile [id=null, cell=Cell [x=3, y=5], subject=brown, time=2015-06-04 07:04:33.397, clock=0]
     [java] CT writes: Tile [id=null, cell=Cell [x=4, y=0], subject=white, time=2015-06-04 07:04:33.403, clock=0]
     [java] CT writes: Tile [id=null, cell=Cell [x=4, y=1], subject=brown, time=2015-06-04 07:04:33.409, clock=0]
     [java] CT writes: Tile [id=null, cell=Cell [x=4, y=2], subject=brown, time=2015-06-04 07:04:33.415, clock=0]
     [java] CT writes: Tile [id=null, cell=Cell [x=4, y=3], subject=yellow, time=2015-06-04 07:04:33.421, clock=0]
     [java] CT writes: Tile [id=null, cell=Cell [x=4, y=4], subject=brown, time=2015-06-04 07:04:33.427, clock=0]
     [java] CT writes: Tile [id=null, cell=Cell [x=4, y=5], subject=white, time=2015-06-04 07:04:33.433, clock=0]
     [java] CT writes: Tile [id=null, cell=Cell [x=5, y=0], subject=brown, time=2015-06-04 07:04:33.439, clock=0]
     [java] CT writes: Tile [id=null, cell=Cell [x=5, y=1], subject=yellow, time=2015-06-04 07:04:33.446, clock=0]
     [java] CT writes: Tile [id=null, cell=Cell [x=5, y=2], subject=white, time=2015-06-04 07:04:33.451, clock=0]
     [java] CT writes: Tile [id=null, cell=Cell [x=5, y=3], subject=blue, time=2015-06-04 07:04:33.454, clock=0]
     [java] CT writes: Tile [id=null, cell=Cell [x=5, y=4], subject=white, time=2015-06-04 07:04:33.473, clock=0]
     [java] CT writes: Tile [id=null, cell=Cell [x=5, y=5], subject=white, time=2015-06-04 07:04:33.496, clock=0]
     [java] CT writes goal: Goal [id=null, cell=Cell [x=1, y=3], agent=null, time=null, clock=0]
     [java] CT writes: Goal [id=null, cell=Cell [x=1, y=3], agent=null, time=2015-06-04 07:04:33.541, clock=0]
     [java] CT writes setGoal: Group [name=g, ra=a30, type=raaa, clock=0, time=2015-06-04 07:04:33.856]
     [java] CT writes: Group [name=g, ra=a30, type=raaa, clock=0, time=2015-06-04 07:04:33.856]
     [java] CT notification: Obligation [subject=a30, obligation=[surround(1, 3)], sanction=[reduce(g, 700)], deadline=24, time=2015-06-04 07:04:33.874, clock=2]
     [java] 30
     [java] 30
     [java] 30
     [java] CT obligation: [Obligation to coordinate other players (with the use of norms) to surround a goal [1,3] from left, right, top and bottom  before the clock: 24 or 700 points will be deducted.]
     [java] CT notification: Prohibition [subject=a10, prohibition=[rejectRequests(a10)], sanction=[reduce(a10, 200)], clock=2, time=2015-06-04 07:04:33.878]
     [java] 10
     [java] CT prohibition: [Prohibition to reject requests for chips from the other players or 200 points will be deducted.]
     [java] CT notification: Prohibition [subject=a20, prohibition=[rejectRequests(a20)], sanction=[reduce(a20, 200)], clock=2, time=2015-06-04 07:04:33.881]
     [java] 20
     [java] 20
     [java] 20
     [java] 20
     [java] CT prohibition: [Prohibition to reject requests for chips from the other players or 200 points will be deducted.]
     [java] CT notification: Prohibition [subject=a30, prohibition=[rejectRequests(a30)], sanction=[reduce(a30, 200)], clock=2, time=2015-06-04 07:04:33.883]
     [java] 30
     [java] 30
     [java] 30
     [java] CT prohibition: [Prohibition to reject requests for chips from the other players or 200 points will be deducted.]
     [java] CT notification: Prohibition [subject=a40, prohibition=[rejectRequests(a40)], sanction=[reduce(a40, 200)], clock=2, time=2015-06-04 07:04:33.89]
     [java] 40
     [java] 40
     [java] CT prohibition: [Prohibition to reject requests for chips from the other players or 200 points will be deducted.]
     [java] CT notification: Prohibition [subject=a10, prohibition=[moveTooFast(a10)], sanction=[reduce(a10, 300)], clock=2, time=2015-06-04 07:04:33.892]
     [java] 10
     [java] CT prohibition: [Prohibition to reject requests for chips from the other players or 200 points will be deducted., Prohibition to move more than 1 square per clock tick or 300 points will be deducted.]
     [java] CT notification: Prohibition [subject=a20, prohibition=[moveTooFast(a20)], sanction=[reduce(a20, 300)], clock=2, time=2015-06-04 07:04:33.896]
     [java] 20
     [java] 20
     [java] 20
     [java] 20
     [java] CT prohibition: [Prohibition to reject requests for chips from the other players or 200 points will be deducted., Prohibition to move more than 1 square per clock tick or 300 points will be deducted.]
     [java] CT notification: Prohibition [subject=a30, prohibition=[moveTooFast(a30)], sanction=[reduce(a30, 300)], clock=2, time=2015-06-04 07:04:33.899]
     [java] 30
     [java] 30
     [java] 30
     [java] CT prohibition: [Prohibition to reject requests for chips from the other players or 200 points will be deducted., Prohibition to move more than 1 square per clock tick or 300 points will be deducted.]
     [java] CT notification: Prohibition [subject=a40, prohibition=[moveTooFast(a40)], sanction=[reduce(a40, 300)], clock=2, time=2015-06-04 07:04:33.902]
     [java] 40
     [java] 40
     [java] CT prohibition: [Prohibition to reject requests for chips from the other players or 200 points will be deducted., Prohibition to move more than 1 square per clock tick or 300 points will be deducted.]
     [java] CT notification: Time [clock=3, time=2015-06-04 07:04:42.623]
     [java] CT notification: Time [clock=4, time=2015-06-04 07:04:52.625]
     [java] CT notification: Time [clock=5, time=2015-06-04 07:05:02.628]
     [java] CT notification: Obligation [subject=a10, obligation=[at(1, 2, a10)], sanction=[reduce(a10, 700)], deadline=23, time=2015-06-04 07:05:07.345, clock=5]
     [java] 10
     [java] CT obligation: [Obligation to be at the grid tile [1,2] before the clock: 23 or 700 points will be deducted.]
     [java] CT set goal: Goal: id = goal1  type = 0  location = (R:1,C:2)  URL = null
     [java] CT notification: Obligation [subject=a20, obligation=[at(0, 3, a20)], sanction=[reduce(a20, 700)], deadline=23, time=2015-06-04 07:05:07.454, clock=5]
     [java] 20
     [java] 20
     [java] 20
     [java] 20
     [java] CT obligation: [Obligation to be at the grid tile [0,3] before the clock: 23 or 700 points will be deducted.]
     [java] CT set goal: Goal: id = goal3  type = 1  location = (R:0,C:3)  URL = null
     [java] CT notification: Obligation [subject=a30, obligation=[at(2, 3, a30)], sanction=[reduce(a30, 700)], deadline=23, time=2015-06-04 07:05:07.554, clock=5]
     [java] 30
     [java] 30
     [java] 30
     [java] CT obligation: [Obligation to coordinate other players (with the use of norms) to surround a goal [1,3] from left, right, top and bottom  before the clock: 24 or 700 points will be deducted., Obligation to be at the grid tile [2,3] before the clock: 23 or 700 points will be deducted.]
     [java] CT set goal: Goal: id = goal5  type = 2  location = (R:2,C:3)  URL = null
     [java] CT notification: Obligation [subject=a40, obligation=[at(1, 4, a40)], sanction=[reduce(a40, 700)], deadline=23, time=2015-06-04 07:05:07.648, clock=5]
     [java] 40
     [java] 40
     [java] CT obligation: [Obligation to be at the grid tile [1,4] before the clock: 23 or 700 points will be deducted.]
     [java] CT set goal: Goal: id = goal7  type = 3  location = (R:1,C:4)  URL = null
     [java] CT notification: Prohibition [subject=a10, prohibition=[color(brown, a10)], sanction=[reduce(a10, 100)], clock=5, time=2015-06-04 07:05:08.076]
     [java] 10
     [java] CT prohibition: [Prohibition to reject requests for chips from the other players or 200 points will be deducted., Prohibition to move more than 1 square per clock tick or 300 points will be deducted., Prohibition to use a tile with color brown or 100 points will be deducted.]
     [java] CT notification: Prohibition [subject=a20, prohibition=[color(blue, a20)], sanction=[reduce(a20, 100)], clock=5, time=2015-06-04 07:05:08.165]
     [java] 20
     [java] 20
     [java] 20
     [java] 20
     [java] CT prohibition: [Prohibition to reject requests for chips from the other players or 200 points will be deducted., Prohibition to move more than 1 square per clock tick or 300 points will be deducted., Prohibition to use a tile with color blue or 100 points will be deducted.]
     [java] CT notification: Prohibition [subject=a30, prohibition=[color(white, a30)], sanction=[reduce(a30, 100)], clock=5, time=2015-06-04 07:05:08.236]
     [java] 30
     [java] 30
     [java] 30
     [java] CT prohibition: [Prohibition to reject requests for chips from the other players or 200 points will be deducted., Prohibition to move more than 1 square per clock tick or 300 points will be deducted., Prohibition to use a tile with color white or 100 points will be deducted.]
     [java] CT notification: Prohibition [subject=a40, prohibition=[color(yellow, a40)], sanction=[reduce(a40, 100)], clock=5, time=2015-06-04 07:05:08.314]
     [java] 40
     [java] 40
     [java] CT prohibition: [Prohibition to reject requests for chips from the other players or 200 points will be deducted., Prohibition to move more than 1 square per clock tick or 300 points will be deducted., Prohibition to use a tile with color yellow or 100 points will be deducted.]
     [java] CT notification: Time [clock=6, time=2015-06-04 07:05:12.631]
     [java] CT notification: Time [clock=7, time=2015-06-04 07:05:22.633]
     [java] CT notification: Time [clock=8, time=2015-06-04 07:05:32.637]
     [java] CT notification: Time [clock=9, time=2015-06-04 07:05:42.641]
     [java] A New Phase Began: Movement Phase
     [java] DEBUG root                           - received a discourse mesage... 30
     [java] Received Discourse Message 
     [java] Class: class edu.harvard.eecs.airg.coloredtrails.shared.discourse.BasicProposalDiscourseMessage
     [java] From: 2
     [java] To: 1
     [java] DEBUG root                           - sendGameDiscourseMessage class edu.harvard.eecs.airg.coloredtrails.shared.discourse.BasicProposalDiscourseMessage
     [java] DEBUG root                           - FROM: 2 TO: 1(PIN: 20)
     [java] CT writes: Proposal [id=5527, agent=a30, agent2=a20, clock=9, time=2015-06-04 07:05:46.34]
     [java] CT notification: Obligation [subject=a20, obligation=[respondToRequest(5527)], sanction=[reduce(a20, 300)], deadline=14, time=2015-06-04 07:05:46.356, clock=9]
     [java] 20
     [java] 20
     [java] 20
     [java] 20
     [java] CT obligation: [Obligation to be at the grid tile [0,3] before the clock: 23 or 700 points will be deducted., Obligation to respond to request with id: 5527 before the clock: 14 or 300 points will be deducted.]
     [java] CT notification: Time [clock=10, time=2015-06-04 07:05:52.644]
     [java] CT notification: Time [clock=11, time=2015-06-04 07:06:02.646]
     [java] DEBUG root                           - received a move request...: 20
     [java] CT writes position: Position [subject=a20, id=null, cell=Cell [x=1, y=4], time=2015-06-04 07:06:04.225, clock=11]
     [java] CT writes: Position [subject=a20, id=null, cell=Cell [x=1, y=4], time=2015-06-04 07:06:04.225, clock=11]
     [java] CT notification: Obligation [subject=a20, obligation=[makeMove(1, 4, a20)], sanction=[reduce(a20, 300)], deadline=26, time=2015-06-04 07:06:04.245, clock=11]
     [java] 20
     [java] 20
     [java] 20
     [java] 20
     [java] CT obligation: [Obligation to be at the grid tile [0,3] before the clock: 23 or 700 points will be deducted., Obligation to respond to request with id: 5527 before the clock: 14 or 300 points will be deducted., Obligation to make a movement on the board before the clock: 26 or 300 points will be deducted.]
     [java] CT notification: Time [clock=12, time=2015-06-04 07:06:12.648]
     [java] DEBUG root                           - received a move request...: 20
     [java] CT writes position: Position [subject=a20, id=null, cell=Cell [x=0, y=4], time=2015-06-04 07:06:13.677, clock=12]
     [java] CT writes: Position [subject=a20, id=null, cell=Cell [x=0, y=4], time=2015-06-04 07:06:13.677, clock=12]
     [java] CT notification: Points [subject=a20, time=2015-06-04 07:06:13.687, clock=12, value=900, id=null]
     [java] 20
     [java] 20
     [java] 20
     [java] 20
     [java] CT notification: Time [clock=13, time=2015-06-04 07:06:22.65]
     [java] CT notification: Time [clock=14, time=2015-06-04 07:06:32.652]
     [java] CT notification: Time [clock=15, time=2015-06-04 07:06:42.655]
     [java] DEBUG root                           - received a move request...: 20
     [java] CT writes position: Position [subject=a20, id=null, cell=Cell [x=0, y=3], time=2015-06-04 07:06:48.607, clock=15]
     [java] CT writes: Position [subject=a20, id=null, cell=Cell [x=0, y=3], time=2015-06-04 07:06:48.607, clock=15]
     [java] CT notification: Time [clock=16, time=2015-06-04 07:06:52.657]
     [java] CT notification: Time [clock=17, time=2015-06-04 07:07:02.662]
     [java] DEBUG root                           - received a discourse mesage... 30
     [java] Received Discourse Message 
     [java] Class: class edu.harvard.eecs.airg.coloredtrails.shared.discourse.BasicProposalDiscourseMessage
     [java] From: 2
     [java] To: 3
     [java] DEBUG root                           - sendGameDiscourseMessage class edu.harvard.eecs.airg.coloredtrails.shared.discourse.BasicProposalDiscourseMessage
     [java] DEBUG root                           - FROM: 2 TO: 3(PIN: 40)
     [java] CT writes: Proposal [id=3923, agent=a30, agent2=a40, clock=17, time=2015-06-04 07:07:05.375]
     [java] CT notification: Obligation [subject=a40, obligation=[respondToRequest(3923)], sanction=[reduce(a40, 300)], deadline=22, time=2015-06-04 07:07:05.379, clock=17]
     [java] 40
     [java] 40
     [java] CT obligation: [Obligation to be at the grid tile [1,4] before the clock: 23 or 700 points will be deducted., Obligation to respond to request with id: 3923 before the clock: 22 or 300 points will be deducted.]
     [java] CT notification: Time [clock=18, time=2015-06-04 07:07:12.665]
     [java] CT notification: Time [clock=19, time=2015-06-04 07:07:22.666]
     [java] CT notification: Time [clock=20, time=2015-06-04 07:07:32.671]
     [java] CT notification: Time [clock=21, time=2015-06-04 07:07:42.672]
     [java] A New Phase Began: Feedback Phase
     [java] CT notification: Time [clock=22, time=2015-06-04 07:07:52.675]
     [java] DEBUG root                           - Game ended id = 0
     [java] CT notification: Time [clock=23, time=2015-06-04 07:08:02.679]
     [java] CT notification: Time [clock=24, time=2015-06-04 07:08:12.681]
     [java] INFO  BrokerService                  - ActiveMQ Message Broker (localhost, ID:kafka.local-58845-1433397849384-1:0) is shutting down
     [java] CT notification: Time [clock=25, time=2015-06-04 07:08:22.685]
     [java] WARN  ActiveMQConnection             - Async exception with no exception listener: java.io.EOFException
     [java] java.io.EOFException
     [java] 	at java.io.DataInputStream.readInt(DataInputStream.java:375)
     [java] 	at org.apache.activemq.openwire.OpenWireFormat.unmarshal(OpenWireFormat.java:269)
     [java] 	at org.apache.activemq.transport.tcp.TcpTransport.readCommand(TcpTransport.java:156)
     [java] 	at org.apache.activemq.transport.tcp.TcpTransport.run(TcpTransport.java:136)
     [java] 	at java.lang.Thread.run(Thread.java:695)
     [java] WARN  ActiveMQConnection             - Async exception with no exception listener: java.io.EOFException
     [java] java.io.EOFException
     [java] 	at java.io.DataInputStream.readInt(DataInputStream.java:375)
     [java] 	at org.apache.activemq.openwire.OpenWireFormat.unmarshal(OpenWireFormat.java:269)
     [java] 	at org.apache.activemq.transport.tcp.TcpTransport.readCommand(TcpTransport.java:156)
     [java] 	at org.apache.activemq.transport.tcp.TcpTransport.run(TcpTransport.java:136)
     [java] 	at java.lang.Thread.run(Thread.java:695)
     [java] INFO  TransportConnector             - Connector tcp://kafka.local:8088 Stopped
     [java] INFO  BrokerService                  - ActiveMQ JMS Message Broker (localhost, ID:kafka.local-58845-1433397849384-1:0) stopped

BUILD SUCCESSFUL
Total time: 4 minutes 18 seconds
