Buildfile: /Users/dxd/git/ct3/WebCT/build.xml

runserver:
     [java] INFO  BrokerService                  - ActiveMQ null JMS Message Broker (localhost) is starting
     [java] INFO  BrokerService                  - For help or more information please see: http://activemq.apache.org/
     [java] INFO  AMQPersistenceAdapter          - AMQStore starting using directory: activemq-data/localhost
     [java] INFO  KahaStore                      - Kaha Store using data directory /Users/dxd/git/ct3/WebCT/activemq-data/localhost/kr-store
     [java] INFO  AMQPersistenceAdapter          - Active data files: []
     [java] INFO  AMQPersistenceAdapter          - Journal Recovery Started from: DataManager:(data-)
     [java] INFO  AMQPersistenceAdapter          - Recovered 0 operations from redo log in 0.881 seconds.
     [java] INFO  BrokerService                  - Using Persistence Adapter: AMQPersistenceAdapter(activemq-data/localhost)
     [java] INFO  TransportServerThreadSupport   - Listening for connections at: tcp://kafka.cs.nott.ac.uk:8088
     [java] INFO  TransportConnector             - Connector tcp://kafka.cs.nott.ac.uk:8088 Started
     [java] INFO  BrokerService                  - ActiveMQ JMS Message Broker (localhost, ID:kafka.cs.nott.ac.uk-52845-1431426106602-1:0) started
     [java] INFO  root                           - Started the JMS Server
     [java] INFO  ManagementContext              - JMX consoles can connect to service:jmx:rmi:///jndi/rmi://localhost:1099/jmxrmi
     [java] INFO  BrokerService                  - About to delete any non-persistent messages that may have overflowed to disk ...
     [java] INFO  KahaStore                      - Kaha Store successfully deleted data directory activemq-data/localhost/tmp_storage
     [java] INFO  BrokerService                  - Successfully deleted temporary storage
     [java] INFO  root                           - Controller Interface has been started
     [java] INFO  root                           - ColoredTrails is now running...
     [java] INFO  root                           - Colored Trails Server received a subcription message from client: 20 [128.243.23.149] of type 
     [java] Adding client state for 20
     [java] INFO  root                           - Colored Trails Server received a subcription message from client: 30 [128.243.23.149] of type 
     [java] Adding client state for 30
     [java] INFO  root                           - Colored Trails Server received a subcription message from client: 40 [128.243.23.149] of type 
     [java] Adding client state for 40INFO  root                           - Colored Trails Server received a subcription message from client: 10 [128.243.23.149] of type 
     [java] 
     [java] Adding client state for 10
     [java] Received message to add config class from: admin
     [java] INFO  root                           - Received message from admin: SET_CONFIGURATION
     [java] INFO  root                           - Received message from admin client:ADD_CONFIGURATION
     [java] DEBUG root                           - Administrator: adding configuration file [WebCTInputFileConfig] class name: WebCTInputFileConfig
     [java] INFO  root                           - Received message from admin client:NEW_GAME
     [java] DEBUG root                           - Administrator: newGame configName = [WebCTInputFileConfig] 
     [java] DEBUG root                           - Administrator: newGame adding Player: [10]
     [java] DEBUG root                           - Administrator: newGame adding Player: [20]
     [java] DEBUG root                           - Administrator: newGame adding Player: [30]
     [java] DEBUG root                           - Administrator: newGame adding Player: [40]
     [java] DEBUG root                           - ServerData addNewGame -- config file
     [java] DEBUG root                           - ServerData addNewGame -- Starting ServerGameStatus
     [java] DEBUG root                           - ServerData addNewGame -- Starting a new game with id: 0
     [java] DEBUG root                           - ClientCommands creating new Topic: ct3.game.0
     [java] DEBUG root                           - sending sendClientSubscribeToGameMessage: for game [0] and player [10]
     [java] DEBUG root                           - sending sendClientSubscribeToGameMessage: for game [0] and player [20]
     [java] DEBUG root                           - sending sendClientSubscribeToGameMessage: for game [0] and player [30]
     [java] DEBUG root                           - sending sendClientSubscribeToGameMessage: for game [0] and player [40]
     [java] INFO  root                           - Received message from admin client:LIST_GAMES
     [java] INFO  root                           - Received message from admin client:LIST_CONFIGURATIONS
     [java] received client subscribed successfully message
     [java] received client subscribed successfully message
     [java] received client subscribed successfully message
     [java] received client subscribed successfully message
     [java] All players subscribed to game, trying to start
     [java] INFO  root                           - Sending reply to controller: NEW_GAME_REPLY
     [java] DEBUG root                           - sendGameStart
     [java] DEBUG root                           - sendGameStart to controller
     [java] DEBUG root                           - sending game id = 0
     [java] INFO  root                           - Starting spaces 1
     [java] DEBUG UrlSpaceFactoryBean            - Finding Space with URL [jini:/*/*/myGrid] and properties [{com.j_spaces.core.container.shutdown_hook=false}]
     [java] 2015-05-12 11:22:31,440  INFO [com.gigaspaces.localcache] - LocalCache#1-myGrid was created successfully. Total time: 490 milliseconds
     [java] 2015-05-12 11:22:31,446 CONFIG [com.gigaspaces.logger] - Log file: /Users/dxd/git/ct3/logs/2015-05-12~11.22-gigaspaces-service-128.243.23.149-43745.log
     [java] DEBUG GigaSpaceFactoryBean           - Clustered flag automatically set to [true] since the space is a local cache space for bean [null]
     [java] DEBUG UrlSpaceFactoryBean            - Finding Space with URL [jini://*/*/myGrid] and properties [{com.j_spaces.core.container.shutdown_hook=false}]
     [java] zatim dobry
     [java] Let the game begin...
     [java] game id= 0
     [java] ---- Sending Scoring Change ----
     [java] setPhases in GameStatus
     [java] A New Phase Began: Norm Phase
     [java] -------- Creating Board --------
     [java] CT writes: Tile [id=null, cell=Cell [x=0, y=0], subject=green, time=2015-05-12 11:22:31.616, clock=0]
     [java] CT writes: Tile [id=null, cell=Cell [x=0, y=1], subject=green, time=2015-05-12 11:22:31.65, clock=0]
     [java] CT writes: Tile [id=null, cell=Cell [x=0, y=2], subject=red, time=2015-05-12 11:22:31.653, clock=0]
     [java] CT writes: Tile [id=null, cell=Cell [x=0, y=3], subject=orange, time=2015-05-12 11:22:31.659, clock=0]
     [java] CT writes: Tile [id=null, cell=Cell [x=0, y=4], subject=green, time=2015-05-12 11:22:31.666, clock=0]
     [java] CT writes: Tile [id=null, cell=Cell [x=1, y=0], subject=green, time=2015-05-12 11:22:31.672, clock=0]
     [java] CT writes: Tile [id=null, cell=Cell [x=1, y=1], subject=orange, time=2015-05-12 11:22:31.679, clock=0]
     [java] CT writes: Tile [id=null, cell=Cell [x=1, y=2], subject=red, time=2015-05-12 11:22:31.687, clock=0]
     [java] CT writes: Tile [id=null, cell=Cell [x=1, y=3], subject=red, time=2015-05-12 11:22:31.691, clock=0]
     [java] CT writes: Tile [id=null, cell=Cell [x=1, y=4], subject=purple, time=2015-05-12 11:22:31.694, clock=0]
     [java] CT writes: Tile [id=null, cell=Cell [x=2, y=0], subject=red, time=2015-05-12 11:22:31.698, clock=0]
     [java] CT writes: Tile [id=null, cell=Cell [x=2, y=1], subject=red, time=2015-05-12 11:22:31.703, clock=0]
     [java] CT writes: Tile [id=null, cell=Cell [x=2, y=2], subject=green, time=2015-05-12 11:22:31.707, clock=0]
     [java] CT writes: Tile [id=null, cell=Cell [x=2, y=3], subject=purple, time=2015-05-12 11:22:31.711, clock=0]
     [java] CT writes: Tile [id=null, cell=Cell [x=2, y=4], subject=red, time=2015-05-12 11:22:31.717, clock=0]
     [java] CT writes: Tile [id=null, cell=Cell [x=3, y=0], subject=red, time=2015-05-12 11:22:31.725, clock=0]
     [java] CT writes: Tile [id=null, cell=Cell [x=3, y=1], subject=orange, time=2015-05-12 11:22:31.734, clock=0]
     [java] CT writes: Tile [id=null, cell=Cell [x=3, y=2], subject=purple, time=2015-05-12 11:22:31.738, clock=0]
     [java] CT writes: Tile [id=null, cell=Cell [x=3, y=3], subject=purple, time=2015-05-12 11:22:31.741, clock=0]
     [java] CT writes: Tile [id=null, cell=Cell [x=3, y=4], subject=orange, time=2015-05-12 11:22:31.747, clock=0]
     [java] CT writes: Tile [id=null, cell=Cell [x=4, y=0], subject=green, time=2015-05-12 11:22:31.751, clock=0]
     [java] CT writes: Tile [id=null, cell=Cell [x=4, y=1], subject=purple, time=2015-05-12 11:22:31.755, clock=0]
     [java] CT writes: Tile [id=null, cell=Cell [x=4, y=2], subject=orange, time=2015-05-12 11:22:31.759, clock=0]
     [java] CT writes: Tile [id=null, cell=Cell [x=4, y=3], subject=purple, time=2015-05-12 11:22:31.762, clock=0]
     [java] CT writes: Tile [id=null, cell=Cell [x=4, y=4], subject=green, time=2015-05-12 11:22:31.765, clock=0]
     [java] CT writes goal: Goal [id=null, cell=Cell [x=2, y=2], agent=null, time=null, clock=0]
     [java] CT writes: Goal [id=null, cell=Cell [x=2, y=2], agent=null, time=2015-05-12 11:22:31.794, clock=0]
     [java] revelation chips: { chips  'orange':0 'red':0 'purple':0 'green':0 }
     [java] revelation chips: { chips  'orange':0 'red':0 'purple':0 'green':0 }
     [java] revelation chips: { chips  'orange':0 'red':0 'purple':0 'green':0 }
     [java] revelation chips: { chips  'orange':0 'red':0 'purple':0 'green':0 }
     [java] CT notification: Obligation [subject=a20, obligation=[at(1, 2, a20)], sanction=[reduce(a20, 500)], deadline=9, time=2015-05-12 11:22:32.628, clock=3]
     [java] CT obligation: Obligation [subject=a20, obligation=[at(1, 2, a20)], sanction=[reduce(a20, 500)], deadline=9, time=2015-05-12 11:22:32.628, clock=3]
     [java] 20
     [java] 20
     [java] 20
     [java] 20
     [java] CT notification: Obligation [subject=a20, obligation=[at(4, 4, a20)], sanction=[reduce(a20, 50)], deadline=5, time=2015-05-12 11:22:33.311, clock=3]
     [java] CT obligation: Obligation [subject=a20, obligation=[at(4, 4, a20)], sanction=[reduce(a20, 50)], deadline=5, time=2015-05-12 11:22:33.311, clock=3]
     [java] 20
     [java] 20
     [java] 20
     [java] 20
     [java] CT notification: Prohibition [subject=a20, prohibition=[at(4, 4, a20)], sanction=[reduce(a20, 50)], clock=3, time=2015-05-12 11:22:33.914]
     [java] CT prohibition: Prohibition [subject=a20, prohibition=[at(4, 4, a20)], sanction=[reduce(a20, 50)], clock=3, time=2015-05-12 11:22:33.914]
     [java] 20
     [java] 20
     [java] 20
     [java] 20
     [java] CT notification: Time [clock=4, time=2015-05-12 11:22:37.95]
     [java] CT players (clone,for): 
     [java] CT writes position: Position [subject=a30, id=null, cell=Cell [x=4, y=4], time=2015-05-12 11:22:37.958, clock=4]
     [java] CT writes: Position [subject=a30, id=null, cell=Cell [x=4, y=4], time=2015-05-12 11:22:37.958, clock=4]
     [java] CT writes chips: Chip [id=null, agent=a30, time=2015-05-12 11:22:37.969, color=orange, clock=4, number=1]
     [java] CT writes: Chip [id=null, agent=a30, time=2015-05-12 11:22:37.969, color=orange, clock=4, number=1]
     [java] CT notification: Position [subject=a30, id=null, cell=Cell [x=4, y=4], time=2015-05-12 11:22:37.958, clock=4]
     [java] 30
     [java] CT writes chips: Chip [id=null, agent=a30, time=2015-05-12 11:22:37.978, color=red, clock=4, number=1]
     [java] CT writes: Chip [id=null, agent=a30, time=2015-05-12 11:22:37.978, color=red, clock=4, number=1]
     [java] CT writes chips: Chip [id=null, agent=a30, time=2015-05-12 11:22:37.982, color=purple, clock=4, number=3]
     [java] CT writes: Chip [id=null, agent=a30, time=2015-05-12 11:22:37.982, color=purple, clock=4, number=3]
     [java] CT writes chips: Chip [id=null, agent=a30, time=2015-05-12 11:22:37.987, color=green, clock=4, number=2]
     [java] CT writes: Chip [id=null, agent=a30, time=2015-05-12 11:22:37.987, color=green, clock=4, number=2]
     [java] CT writes position: Position [subject=a10, id=null, cell=Cell [x=0, y=0], time=2015-05-12 11:22:37.99, clock=4]
     [java] CT writes: Position [subject=a10, id=null, cell=Cell [x=0, y=0], time=2015-05-12 11:22:37.99, clock=4]
     [java] CT writes chips: Chip [id=null, agent=a10, time=2015-05-12 11:22:37.995, color=orange, clock=4, number=3]
     [java] CT writes: Chip [id=null, agent=a10, time=2015-05-12 11:22:37.995, color=orange, clock=4, number=3]
     [java] CT notification: Position [subject=a10, id=null, cell=Cell [x=0, y=0], time=2015-05-12 11:22:37.99, clock=4]
     [java] 10
     [java] 10
     [java] CT writes chips: Chip [id=null, agent=a10, time=2015-05-12 11:22:38.003, color=red, clock=4, number=3]
     [java] CT writes: Chip [id=null, agent=a10, time=2015-05-12 11:22:38.003, color=red, clock=4, number=3]
     [java] CT writes chips: Chip [id=null, agent=a10, time=2015-05-12 11:22:38.005, color=purple, clock=4, number=3]
     [java] CT writes: Chip [id=null, agent=a10, time=2015-05-12 11:22:38.005, color=purple, clock=4, number=3]
     [java] CT writes chips: Chip [id=null, agent=a10, time=2015-05-12 11:22:38.007, color=green, clock=4, number=3]
     [java] CT writes: Chip [id=null, agent=a10, time=2015-05-12 11:22:38.007, color=green, clock=4, number=3]
     [java] CT writes position: Position [subject=a40, id=null, cell=Cell [x=4, y=0], time=2015-05-12 11:22:38.01, clock=4]
     [java] CT writes: Position [subject=a40, id=null, cell=Cell [x=4, y=0], time=2015-05-12 11:22:38.01, clock=4]
     [java] CT writes chips: Chip [id=null, agent=a40, time=2015-05-12 11:22:38.013, color=orange, clock=4, number=2]
     [java] CT writes: Chip [id=null, agent=a40, time=2015-05-12 11:22:38.013, color=orange, clock=4, number=2]
     [java] CT notification: Position [subject=a40, id=null, cell=Cell [x=4, y=0], time=2015-05-12 11:22:38.01, clock=4]
     [java] 40
     [java] 40
     [java] 40
     [java] CT writes chips: Chip [id=null, agent=a40, time=2015-05-12 11:22:38.017, color=red, clock=4, number=3]
     [java] CT writes: Chip [id=null, agent=a40, time=2015-05-12 11:22:38.017, color=red, clock=4, number=3]
     [java] CT writes chips: Chip [id=null, agent=a40, time=2015-05-12 11:22:38.023, color=purple, clock=4, number=3]
     [java] CT writes: Chip [id=null, agent=a40, time=2015-05-12 11:22:38.023, color=purple, clock=4, number=3]
     [java] CT writes chips: Chip [id=null, agent=a40, time=2015-05-12 11:22:38.025, color=green, clock=4, number=2]
     [java] CT writes: Chip [id=null, agent=a40, time=2015-05-12 11:22:38.025, color=green, clock=4, number=2]
     [java] CT writes position: Position [subject=a20, id=null, cell=Cell [x=0, y=4], time=2015-05-12 11:22:38.03, clock=4]
     [java] CT writes: Position [subject=a20, id=null, cell=Cell [x=0, y=4], time=2015-05-12 11:22:38.03, clock=4]
     [java] CT writes chips: Chip [id=null, agent=a20, time=2015-05-12 11:22:38.032, color=orange, clock=4, number=2]
     [java] CT writes: Chip [id=null, agent=a20, time=2015-05-12 11:22:38.032, color=orange, clock=4, number=2]
     [java] CT notification: Position [subject=a20, id=null, cell=Cell [x=0, y=4], time=2015-05-12 11:22:38.03, clock=4]
     [java] 20
     [java] 20
     [java] 20
     [java] 20
     [java] CT writes chips: Chip [id=null, agent=a20, time=2015-05-12 11:22:38.034, color=red, clock=4, number=3]
     [java] CT writes: Chip [id=null, agent=a20, time=2015-05-12 11:22:38.034, color=red, clock=4, number=3]
     [java] CT writes chips: Chip [id=null, agent=a20, time=2015-05-12 11:22:38.039, color=purple, clock=4, number=1]
     [java] CT writes: Chip [id=null, agent=a20, time=2015-05-12 11:22:38.039, color=purple, clock=4, number=1]
     [java] CT writes chips: Chip [id=null, agent=a20, time=2015-05-12 11:22:38.041, color=green, clock=4, number=2]
     [java] CT writes: Chip [id=null, agent=a20, time=2015-05-12 11:22:38.041, color=green, clock=4, number=2]
     [java] CT notification: Time [clock=5, time=2015-05-12 11:22:47.952]
     [java] CT players (clone,for): 
     [java] CT notification: Time [clock=6, time=2015-05-12 11:22:57.957]
     [java] CT players (clone,for): 
     [java] CT notification: Time [clock=7, time=2015-05-12 11:23:07.96]
     [java] CT players (clone,for): 
     [java] CT notification: Time [clock=8, time=2015-05-12 11:23:17.962]
     [java] CT players (clone,for): 
     [java] CT notification: Time [clock=9, time=2015-05-12 11:23:27.964]
     [java] CT players (clone,for): 
     [java] Player: 30  Score: -5
     [java] Player: 10  Score: 20
     [java] Player: 40  Score: 10
     [java] Player: 20  Score: 0
     [java] A New Phase Began: Communication Phase
     [java] Client 10 disconnected!!!!!!!!!!!!!!!!!!!!!!!!!!!!!!!!!!!!!!!!!!!!!!
     [java] Client 40 disconnected!!!!!!!!!!!!!!!!!!!!!!!!!!!!!!!!!!!!!!!!!!!!!!
     [java] Client 30 disconnected!!!!!!!!!!!!!!!!!!!!!!!!!!!!!!!!!!!!!!!!!!!!!!
     [java] Client 20 disconnected!!!!!!!!!!!!!!!!!!!!!!!!!!!!!!!!!!!!!!!!!!!!!!
     [java] A New Phase Began: Movement Phase
     [java] A New Phase Began: Feedback Phase
     [java] DEBUG root                           - Game ended id = 0
     [java] INFO  BrokerService                  - ActiveMQ Message Broker (localhost, ID:kafka.cs.nott.ac.uk-52845-1431426106602-1:0) is shutting down
     [java] WARN  ActiveMQConnection             - Async exception with no exception listener: java.io.EOFException
     [java] java.io.EOFException
     [java] 	at java.io.DataInputStream.readInt(DataInputStream.java:375)
     [java] 	at org.apache.activemq.openwire.OpenWireFormat.unmarshal(OpenWireFormat.java:269)
     [java] 	at org.apache.activemq.transport.tcp.TcpTransport.readCommand(TcpTransport.java:156)
     [java] 	at org.apache.activemq.transport.tcp.TcpTransport.run(TcpTransport.java:136)
     [java] 	at java.lang.Thread.run(Thread.java:695)
     [java] WARN  ActiveMQConnection             - Async exception with no exception listener: java.io.EOFException
     [java] java.io.EOFException
     [java] 	at java.io.DataInputStream.readInt(DataInputStream.java:375)
     [java] 	at org.apache.activemq.openwire.OpenWireFormat.unmarshal(OpenWireFormat.java:269)
     [java] 	at org.apache.activemq.transport.tcp.TcpTransport.readCommand(TcpTransport.java:156)
     [java] 	at org.apache.activemq.transport.tcp.TcpTransport.run(TcpTransport.java:136)
     [java] 	at java.lang.Thread.run(Thread.java:695)
     [java] INFO  TransportConnector             - Connector tcp://kafka.cs.nott.ac.uk:8088 Stopped
     [java] INFO  BrokerService                  - ActiveMQ JMS Message Broker (localhost, ID:kafka.cs.nott.ac.uk-52845-1431426106602-1:0) stopped
     [java] Java Result: 143

BUILD SUCCESSFUL
Total time: 12 minutes 34 seconds
