Buildfile: /Users/dxd/git/ct3/WebCT/build.xml

runserver:
     [java] INFO  BrokerService                  - ActiveMQ null JMS Message Broker (localhost) is starting
     [java] INFO  BrokerService                  - For help or more information please see: http://activemq.apache.org/
     [java] INFO  AMQPersistenceAdapter          - AMQStore starting using directory: activemq-data/localhost
     [java] INFO  KahaStore                      - Kaha Store using data directory /Users/dxd/git/ct3/WebCT/activemq-data/localhost/kr-store
     [java] INFO  AMQPersistenceAdapter          - Active data files: []
     [java] INFO  AMQPersistenceAdapter          - Journal Recovery Started from: DataManager:(data-)
     [java] INFO  AMQPersistenceAdapter          - Recovered 0 operations from redo log in 0.108 seconds.
     [java] INFO  BrokerService                  - Using Persistence Adapter: AMQPersistenceAdapter(activemq-data/localhost)
     [java] INFO  TransportServerThreadSupport   - Listening for connections at: tcp://kafka.local:8088
     [java] INFO  TransportConnector             - Connector tcp://kafka.local:8088 Started
     [java] INFO  BrokerService                  - ActiveMQ JMS Message Broker (localhost, ID:kafka.local-58539-1432461365282-1:0) started
     [java] INFO  root                           - Started the JMS Server
     [java] INFO  ManagementContext              - JMX consoles can connect to service:jmx:rmi:///jndi/rmi://localhost:1099/jmxrmi
     [java] INFO  BrokerService                  - About to delete any non-persistent messages that may have overflowed to disk ...
     [java] INFO  KahaStore                      - Kaha Store successfully deleted data directory activemq-data/localhost/tmp_storage
     [java] INFO  BrokerService                  - Successfully deleted temporary storage
     [java] INFO  root                           - Controller Interface has been started
     [java] INFO  root                           - ColoredTrails is now running...
     [java] Adding client state for 30
     [java] Adding client state for 40
     [java] Adding client state for 10
     [java] INFO  root                           - Colored Trails Server received a subcription message from client: 30 [192.168.1.100] of type 
     [java] INFO  root                           - Colored Trails Server received a subcription message from client: 40 [192.168.1.100] of type 
     [java] INFO  root                           - Colored Trails Server received a subcription message from client: 10 [192.168.1.100] of type 
     [java] Client 10 disconnected!!!!!!!!!!!!!!!!!!!!!!!!!!!!!!!!!!!!!!!!!!!!!!
     [java] Client 40 disconnected!!!!!!!!!!!!!!!!!!!!!!!!!!!!!!!!!!!!!!!!!!!!!!
     [java] Client 30 disconnected!!!!!!!!!!!!!!!!!!!!!!!!!!!!!!!!!!!!!!!!!!!!!!
     [java] INFO  root                           - Colored Trails Server received a subcription message from client: 20 [192.168.1.100] of type 
     [java] Adding client state for 20
     [java] Adding client state for 40
     [java] Adding client state for 30
     [java] Adding client state for 10
     [java] INFO  root                           - Colored Trails Server received a subcription message from client: 40 [192.168.1.100] of type 
     [java] INFO  root                           - Colored Trails Server received a subcription message from client: 30 [192.168.1.100] of type 
     [java] INFO  root                           - Colored Trails Server received a subcription message from client: 10 [192.168.1.100] of type 
     [java] Received message to add config class from: admin
     [java] INFO  root                           - Received message from admin: SET_CONFIGURATION
     [java] INFO  root                           - Received message from admin client:ADD_CONFIGURATION
     [java] DEBUG root                           - Administrator: adding configuration file [WebCTInputFileConfig] class name: WebCTInputFileConfig
     [java] INFO  root                           - Received message from admin client:NEW_GAME
     [java] DEBUG root                           - Administrator: newGame configName = [WebCTInputFileConfig] 
     [java] DEBUG root                           - Administrator: newGame adding Player: [10]
     [java] DEBUG root                           - Administrator: newGame adding Player: [20]
     [java] DEBUG root                           - Administrator: newGame adding Player: [30]
     [java] DEBUG root                           - Administrator: newGame adding Player: [40]
     [java] DEBUG root                           - ServerData addNewGame -- config file
     [java] DEBUG root                           - ServerData addNewGame -- Starting ServerGameStatus
     [java] DEBUG root                           - ServerData addNewGame -- Starting a new game with id: 0
     [java] DEBUG root                           - ClientCommands creating new Topic: ct3.game.0
     [java] DEBUG root                           - sending sendClientSubscribeToGameMessage: for game [0] and player [10]
     [java] DEBUG root                           - sending sendClientSubscribeToGameMessage: for game [0] and player [20]
     [java] DEBUG root                           - sending sendClientSubscribeToGameMessage: for game [0] and player [30]
     [java] DEBUG root                           - sending sendClientSubscribeToGameMessage: for game [0] and player [40]
     [java] INFO  root                           - Received message from admin client:LIST_GAMES
     [java] INFO  root                           - Received message from admin client:LIST_CONFIGURATIONS
     [java] received client subscribed successfully message
     [java] received client subscribed successfully message
     [java] received client subscribed successfully message
     [java] received client subscribed successfully message
     [java] All players subscribed to game, trying to start
     [java] INFO  root                           - Sending reply to controller: NEW_GAME_REPLY
     [java] DEBUG root                           - sendGameStart
     [java] DEBUG root                           - sendGameStart to controller
     [java] DEBUG root                           - sending game id = 0
     [java] INFO  root                           - Starting spaces 1
     [java] DEBUG UrlSpaceFactoryBean            - Finding Space with URL [jini:/*/*/myGrid] and properties [{com.j_spaces.core.container.shutdown_hook=false}]
     [java] 2015-05-24 10:56:38,007  INFO [com.gigaspaces.localcache] - LocalCache#1-myGrid was created successfully. Total time: 418 milliseconds
     [java] 2015-05-24 10:56:38,013 CONFIG [com.gigaspaces.logger] - Log file: /Users/dxd/git/ct3/logs/2015-05-24~10.56-gigaspaces-service-192.168.1.100-15055.log
     [java] DEBUG GigaSpaceFactoryBean           - Clustered flag automatically set to [true] since the space is a local cache space for bean [null]
     [java] DEBUG UrlSpaceFactoryBean            - Finding Space with URL [jini://*/*/myGrid] and properties [{com.j_spaces.core.container.shutdown_hook=false}]
     [java] zatim dobry
     [java] Let the game begin...
     [java] game id= 0
     [java] ---- Sending Scoring Change ----
     [java] setPhases in GameStatus
     [java] A New Phase Began: Norm Phase
     [java] -------- Creating Board --------
     [java] CT writes: Tile [id=null, cell=Cell [x=0, y=0], subject=brown, time=2015-05-24 10:56:38.161, clock=0]
     [java] CT writes: Tile [id=null, cell=Cell [x=0, y=1], subject=brown, time=2015-05-24 10:56:38.197, clock=0]
     [java] CT writes: Tile [id=null, cell=Cell [x=0, y=2], subject=white, time=2015-05-24 10:56:38.205, clock=0]
     [java] CT writes: Tile [id=null, cell=Cell [x=0, y=3], subject=yellow, time=2015-05-24 10:56:38.212, clock=0]
     [java] CT writes: Tile [id=null, cell=Cell [x=0, y=4], subject=brown, time=2015-05-24 10:56:38.219, clock=0]
     [java] CT writes: Tile [id=null, cell=Cell [x=0, y=5], subject=blue, time=2015-05-24 10:56:38.224, clock=0]
     [java] CT writes: Tile [id=null, cell=Cell [x=0, y=6], subject=brown, time=2015-05-24 10:56:38.23, clock=0]
     [java] CT writes: Tile [id=null, cell=Cell [x=1, y=0], subject=brown, time=2015-05-24 10:56:38.233, clock=0]
     [java] CT writes: Tile [id=null, cell=Cell [x=1, y=1], subject=yellow, time=2015-05-24 10:56:38.236, clock=0]
     [java] CT writes: Tile [id=null, cell=Cell [x=1, y=2], subject=white, time=2015-05-24 10:56:38.238, clock=0]
     [java] CT writes: Tile [id=null, cell=Cell [x=1, y=3], subject=white, time=2015-05-24 10:56:38.24, clock=0]
     [java] CT writes: Tile [id=null, cell=Cell [x=1, y=4], subject=blue, time=2015-05-24 10:56:38.241, clock=0]
     [java] CT writes: Tile [id=null, cell=Cell [x=1, y=5], subject=brown, time=2015-05-24 10:56:38.243, clock=0]
     [java] CT writes: Tile [id=null, cell=Cell [x=1, y=6], subject=yellow, time=2015-05-24 10:56:38.244, clock=0]
     [java] CT writes: Tile [id=null, cell=Cell [x=2, y=0], subject=white, time=2015-05-24 10:56:38.245, clock=0]
     [java] CT writes: Tile [id=null, cell=Cell [x=2, y=1], subject=white, time=2015-05-24 10:56:38.246, clock=0]
     [java] CT writes: Tile [id=null, cell=Cell [x=2, y=2], subject=brown, time=2015-05-24 10:56:38.248, clock=0]
     [java] CT writes: Tile [id=null, cell=Cell [x=2, y=3], subject=blue, time=2015-05-24 10:56:38.249, clock=0]
     [java] CT writes: Tile [id=null, cell=Cell [x=2, y=4], subject=white, time=2015-05-24 10:56:38.25, clock=0]
     [java] CT writes: Tile [id=null, cell=Cell [x=2, y=5], subject=brown, time=2015-05-24 10:56:38.251, clock=0]
     [java] CT writes: Tile [id=null, cell=Cell [x=2, y=6], subject=brown, time=2015-05-24 10:56:38.252, clock=0]
     [java] CT writes: Tile [id=null, cell=Cell [x=3, y=0], subject=white, time=2015-05-24 10:56:38.253, clock=0]
     [java] CT writes: Tile [id=null, cell=Cell [x=3, y=1], subject=yellow, time=2015-05-24 10:56:38.254, clock=0]
     [java] CT writes: Tile [id=null, cell=Cell [x=3, y=2], subject=blue, time=2015-05-24 10:56:38.255, clock=0]
     [java] CT writes: Tile [id=null, cell=Cell [x=3, y=3], subject=blue, time=2015-05-24 10:56:38.257, clock=0]
     [java] CT writes: Tile [id=null, cell=Cell [x=3, y=4], subject=yellow, time=2015-05-24 10:56:38.26, clock=0]
     [java] CT writes: Tile [id=null, cell=Cell [x=3, y=5], subject=yellow, time=2015-05-24 10:56:38.263, clock=0]
     [java] CT writes: Tile [id=null, cell=Cell [x=3, y=6], subject=white, time=2015-05-24 10:56:38.264, clock=0]
     [java] CT writes: Tile [id=null, cell=Cell [x=4, y=0], subject=brown, time=2015-05-24 10:56:38.265, clock=0]
     [java] CT writes: Tile [id=null, cell=Cell [x=4, y=1], subject=blue, time=2015-05-24 10:56:38.266, clock=0]
     [java] CT writes: Tile [id=null, cell=Cell [x=4, y=2], subject=yellow, time=2015-05-24 10:56:38.267, clock=0]
     [java] CT writes: Tile [id=null, cell=Cell [x=4, y=3], subject=blue, time=2015-05-24 10:56:38.268, clock=0]
     [java] CT writes: Tile [id=null, cell=Cell [x=4, y=4], subject=brown, time=2015-05-24 10:56:38.269, clock=0]
     [java] CT writes: Tile [id=null, cell=Cell [x=4, y=5], subject=yellow, time=2015-05-24 10:56:38.27, clock=0]
     [java] CT writes: Tile [id=null, cell=Cell [x=4, y=6], subject=brown, time=2015-05-24 10:56:38.271, clock=0]
     [java] CT writes: Tile [id=null, cell=Cell [x=5, y=0], subject=yellow, time=2015-05-24 10:56:38.272, clock=0]
     [java] CT writes: Tile [id=null, cell=Cell [x=5, y=1], subject=white, time=2015-05-24 10:56:38.273, clock=0]
     [java] CT writes: Tile [id=null, cell=Cell [x=5, y=2], subject=brown, time=2015-05-24 10:56:38.275, clock=0]
     [java] CT writes: Tile [id=null, cell=Cell [x=5, y=3], subject=yellow, time=2015-05-24 10:56:38.276, clock=0]
     [java] CT writes: Tile [id=null, cell=Cell [x=5, y=4], subject=blue, time=2015-05-24 10:56:38.277, clock=0]
     [java] CT writes: Tile [id=null, cell=Cell [x=5, y=5], subject=brown, time=2015-05-24 10:56:38.279, clock=0]
     [java] CT writes: Tile [id=null, cell=Cell [x=5, y=6], subject=white, time=2015-05-24 10:56:38.28, clock=0]
     [java] CT writes: Tile [id=null, cell=Cell [x=6, y=0], subject=blue, time=2015-05-24 10:56:38.28, clock=0]
     [java] CT writes: Tile [id=null, cell=Cell [x=6, y=1], subject=brown, time=2015-05-24 10:56:38.281, clock=0]
     [java] CT writes: Tile [id=null, cell=Cell [x=6, y=2], subject=white, time=2015-05-24 10:56:38.282, clock=0]
     [java] CT writes: Tile [id=null, cell=Cell [x=6, y=3], subject=brown, time=2015-05-24 10:56:38.283, clock=0]
     [java] CT writes: Tile [id=null, cell=Cell [x=6, y=4], subject=white, time=2015-05-24 10:56:38.284, clock=0]
     [java] CT writes: Tile [id=null, cell=Cell [x=6, y=5], subject=brown, time=2015-05-24 10:56:38.285, clock=0]
     [java] CT writes: Tile [id=null, cell=Cell [x=6, y=6], subject=white, time=2015-05-24 10:56:38.286, clock=0]
     [java] CT writes goal: Goal [id=null, cell=Cell [x=3, y=3], agent=null, time=null, clock=0]
     [java] CT writes: Goal [id=null, cell=Cell [x=3, y=3], agent=null, time=2015-05-24 10:56:38.319, clock=0]
     [java] CT writes setGoal: Group [name=g, ra=a10, clock=0, time=2015-05-24 10:56:38.381]
     [java] CT writes: Group [name=g, ra=a10, clock=0, time=2015-05-24 10:56:38.381]
     [java] revelation chips: { chips  'blue':0 'white':0 'brown':0 'yellow':0 }
     [java] revelation chips: { chips  'blue':0 'white':0 'brown':0 'yellow':0 }
     [java] revelation chips: { chips  'blue':0 'white':0 'brown':0 'yellow':0 }
     [java] revelation chips: { chips  'blue':0 'white':0 'brown':0 'yellow':0 }
     [java] CT notification: Time [clock=1, time=2015-05-24 10:56:40.421]
     [java] CT notification: Time [clock=2, time=2015-05-24 10:56:50.493]
     [java] CT notification: Time [clock=3, time=2015-05-24 10:57:00.495]
     [java] CT notification: Time [clock=4, time=2015-05-24 10:57:10.497]
     [java] CT notification: Time [clock=5, time=2015-05-24 10:57:20.5]
     [java] CT notification: Time [clock=6, time=2015-05-24 10:57:30.502]
     [java] CT notification: Time [clock=7, time=2015-05-24 10:57:40.503]
     [java] CT notification: Time [clock=8, time=2015-05-24 10:57:50.507]
     [java] CT notification: Time [clock=9, time=2015-05-24 10:58:00.51]
     [java] CT notification: Time [clock=10, time=2015-05-24 10:58:10.513]
     [java] CT notification: Time [clock=11, time=2015-05-24 10:58:20.516]
     [java] CT notification: Time [clock=12, time=2015-05-24 10:58:30.519]
     [java] A New Phase Began: Communication Phase
     [java] CT notification: Time [clock=13, time=2015-05-24 10:58:40.522]
     [java] CT notification: Time [clock=14, time=2015-05-24 10:58:50.524]
     [java] CT notification: Time [clock=15, time=2015-05-24 10:59:00.527]
     [java] CT notification: Time [clock=16, time=2015-05-24 10:59:10.531]
     [java] CT notification: Time [clock=17, time=2015-05-24 10:59:20.536]
     [java] CT notification: Time [clock=18, time=2015-05-24 10:59:30.54]
     [java] A New Phase Began: Movement Phase
     [java] CT notification: Time [clock=19, time=2015-05-24 10:59:40.544]
     [java] CT notification: Time [clock=20, time=2015-05-24 10:59:50.547]
     [java] CT notification: Time [clock=21, time=2015-05-24 11:00:00.55]
     [java] CT notification: Time [clock=22, time=2015-05-24 11:00:10.553]
     [java] CT notification: Time [clock=23, time=2015-05-24 11:00:20.556]
     [java] CT notification: Time [clock=8, time=2015-05-24 10:57:50.507]
     [java] CT notification: Time [clock=20, time=2015-05-24 10:59:50.547]
     [java] CT notification: Time [clock=14, time=2015-05-24 10:58:50.524]
     [java] CT notification: Time [clock=22, time=2015-05-24 11:00:10.553]
     [java] CT notification: Time [clock=23, time=2015-05-24 11:00:20.556]
     [java] CT notification: Time [clock=2, time=2015-05-24 10:56:50.493]
     [java] CT notification: Time [clock=18, time=2015-05-24 10:59:30.54]
     [java] CT notification: Time [clock=13, time=2015-05-24 10:58:40.522]
     [java] CT notification: Time [clock=21, time=2015-05-24 11:00:00.55]
     [java] CT notification: Time [clock=17, time=2015-05-24 10:59:20.536]
     [java] CT notification: Time [clock=11, time=2015-05-24 10:58:20.516]
     [java] CT notification: Time [clock=4, time=2015-05-24 10:57:10.497]
     [java] CT notification: Time [clock=3, time=2015-05-24 10:57:00.495]
     [java] CT notification: Time [clock=6, time=2015-05-24 10:57:30.502]
     [java] CT notification: Time [clock=5, time=2015-05-24 10:57:20.5]
     [java] CT notification: Time [clock=12, time=2015-05-24 10:58:30.519]
     [java] CT notification: Time [clock=15, time=2015-05-24 10:59:00.527]
     [java] CT notification: Time [clock=10, time=2015-05-24 10:58:10.513]
     [java] CT notification: Time [clock=9, time=2015-05-24 10:58:00.51]
     [java] CT notification: Time [clock=16, time=2015-05-24 10:59:10.531]
     [java] CT notification: Time [clock=7, time=2015-05-24 10:57:40.503]
     [java] CT notification: Time [clock=19, time=2015-05-24 10:59:40.544]
     [java] CT notification: Time [clock=1, time=2015-05-24 10:56:40.421]
     [java] Adding client state for 10
     [java] INFO  root                           - Colored Trails Server received a subcription message from client: 10 [192.168.1.100] of type 
     [java] Adding client state for 30
     [java] Adding client state for 40
     [java] INFO  root                           - Colored Trails Server received a subcription message from client: 30 [192.168.1.100] of type 
     [java] INFO  root                           - Colored Trails Server received a subcription message from client: 40 [192.168.1.100] of type 
     [java] CT notification: Time [clock=24, time=2015-05-24 11:00:30.558]
     [java] CT notification: Time [clock=1, time=2015-05-24 11:00:39.301]
     [java] CT notification: Time [clock=25, time=2015-05-24 11:00:40.56]
     [java] CT notification: Time [clock=2, time=2015-05-24 11:00:49.302]
     [java] CT notification: Time [clock=26, time=2015-05-24 11:00:50.562]
     [java] Client 10 disconnected!!!!!!!!!!!!!!!!!!!!!!!!!!!!!!!!!!!!!!!!!!!!!!
     [java] Client 40 disconnected!!!!!!!!!!!!!!!!!!!!!!!!!!!!!!!!!!!!!!!!!!!!!!
     [java] Client 30 disconnected!!!!!!!!!!!!!!!!!!!!!!!!!!!!!!!!!!!!!!!!!!!!!!
     [java] INFO  BrokerService                  - ActiveMQ Message Broker (localhost, ID:kafka.local-58539-1432461365282-1:0) is shutting down
     [java] Client 20 disconnected!!!!!!!!!!!!!!!!!!!!!!!!!!!!!!!!!!!!!!!!!!!!!!
     [java] WARN  ActiveMQConnection             - Async exception with no exception listener: java.io.EOFException
     [java] java.io.EOFException
     [java] 	at java.io.DataInputStream.readInt(DataInputStream.java:375)
     [java] 	at org.apache.activemq.openwire.OpenWireFormat.unmarshal(OpenWireFormat.java:269)
     [java] 	at org.apache.activemq.transport.tcp.TcpTransport.readCommand(TcpTransport.java:156)
     [java] 	at org.apache.activemq.transport.tcp.TcpTransport.run(TcpTransport.java:136)
     [java] 	at java.lang.Thread.run(Thread.java:695)
     [java] INFO  TransportConnector             - Connector tcp://kafka.local:8088 Stopped
     [java] WARN  ActiveMQConnection             - Async exception with no exception listener: java.io.EOFException
     [java] java.io.EOFException
     [java] 	at java.io.DataInputStream.readInt(DataInputStream.java:375)
     [java] 	at org.apache.activemq.openwire.OpenWireFormat.unmarshal(OpenWireFormat.java:269)
     [java] 	at org.apache.activemq.transport.tcp.TcpTransport.readCommand(TcpTransport.java:156)
     [java] 	at org.apache.activemq.transport.tcp.TcpTransport.run(TcpTransport.java:136)
     [java] 	at java.lang.Thread.run(Thread.java:695)
     [java] INFO  BrokerService                  - ActiveMQ JMS Message Broker (localhost, ID:kafka.local-58539-1432461365282-1:0) stopped

BUILD SUCCESSFUL
Total time: 5 minutes 7 seconds
