Buildfile: /Users/dxd/git/ct3/WebCT/build.xml

runserver:
     [java] INFO  BrokerService                  - ActiveMQ null JMS Message Broker (localhost) is starting
     [java] INFO  BrokerService                  - For help or more information please see: http://activemq.apache.org/
     [java] INFO  AMQPersistenceAdapter          - AMQStore starting using directory: activemq-data/localhost
     [java] INFO  KahaStore                      - Kaha Store using data directory /Users/dxd/git/ct3/WebCT/activemq-data/localhost/kr-store
     [java] INFO  AMQPersistenceAdapter          - Active data files: []
     [java] INFO  AMQPersistenceAdapter          - Journal Recovery Started from: DataManager:(data-)
     [java] INFO  AMQPersistenceAdapter          - Recovered 0 operations from redo log in 0.105 seconds.
     [java] INFO  BrokerService                  - Using Persistence Adapter: AMQPersistenceAdapter(activemq-data/localhost)
     [java] INFO  TransportServerThreadSupport   - Listening for connections at: tcp://kafka:8088
     [java] INFO  TransportConnector             - Connector tcp://kafka:8088 Started
     [java] INFO  BrokerService                  - ActiveMQ JMS Message Broker (localhost, ID:kafka-49606-1431514086616-1:0) started
     [java] INFO  root                           - Started the JMS Server
     [java] INFO  ManagementContext              - JMX consoles can connect to service:jmx:rmi:///jndi/rmi://localhost:1099/jmxrmi
     [java] INFO  BrokerService                  - About to delete any non-persistent messages that may have overflowed to disk ...
     [java] INFO  KahaStore                      - Kaha Store successfully deleted data directory activemq-data/localhost/tmp_storage
     [java] INFO  BrokerService                  - Successfully deleted temporary storage
     [java] INFO  root                           - Controller Interface has been started
     [java] INFO  root                           - ColoredTrails is now running...
     [java] INFO  root                           - Colored Trails Server received a subcription message from client: 40 [192.168.0.40] of type 
     [java] INFO  root                           - Colored Trails Server received a subcription message from client: 30 [192.168.0.40] of type 
     [java] INFO  root                           - Colored Trails Server received a subcription message from client: 10 [192.168.0.40] of type 
     [java] Adding client state for 40
     [java] Adding client state for 30
     [java] Adding client state for 10
     [java] INFO  root                           - Colored Trails Server received a subcription message from client: 20 [192.168.0.40] of type 
     [java] Adding client state for 20
     [java] Received message to add config class from: admin
     [java] INFO  root                           - Received message from admin: SET_CONFIGURATION
     [java] INFO  root                           - Received message from admin client:ADD_CONFIGURATION
     [java] DEBUG root                           - Administrator: adding configuration file [WebCTInputFileConfig] class name: WebCTInputFileConfig
     [java] INFO  root                           - Received message from admin client:NEW_GAME
     [java] DEBUG root                           - Administrator: newGame configName = [WebCTInputFileConfig] 
     [java] DEBUG root                           - Administrator: newGame adding Player: [10]
     [java] DEBUG root                           - Administrator: newGame adding Player: [20]
     [java] DEBUG root                           - Administrator: newGame adding Player: [30]
     [java] DEBUG root                           - Administrator: newGame adding Player: [40]
     [java] DEBUG root                           - ServerData addNewGame -- config file
     [java] DEBUG root                           - ServerData addNewGame -- Starting ServerGameStatus
     [java] DEBUG root                           - ServerData addNewGame -- Starting a new game with id: 0
     [java] DEBUG root                           - ClientCommands creating new Topic: ct3.game.0
     [java] DEBUG root                           - sending sendClientSubscribeToGameMessage: for game [0] and player [10]
     [java] DEBUG root                           - sending sendClientSubscribeToGameMessage: for game [0] and player [20]
     [java] DEBUG root                           - sending sendClientSubscribeToGameMessage: for game [0] and player [30]
     [java] DEBUG root                           - sending sendClientSubscribeToGameMessage: for game [0] and player [40]
     [java] INFO  root                           - Received message from admin client:LIST_GAMES
     [java] INFO  root                           - Received message from admin client:LIST_CONFIGURATIONS
     [java] received client subscribed successfully message
     [java] received client subscribed successfully message
     [java] received client subscribed successfully message
     [java] received client subscribed successfully message
     [java] All players subscribed to game, trying to start
     [java] INFO  root                           - Sending reply to controller: NEW_GAME_REPLY
     [java] DEBUG root                           - sendGameStart
     [java] DEBUG root                           - sendGameStart to controller
     [java] DEBUG root                           - sending game id = 0
     [java] INFO  root                           - Starting spaces 1
     [java] DEBUG UrlSpaceFactoryBean            - Finding Space with URL [jini:/*/*/myGrid] and properties [{com.j_spaces.core.container.shutdown_hook=false}]
     [java] 2015-05-13 11:48:33,781 CONFIG [com.gigaspaces.logger] - Log file: /Users/dxd/git/ct3/logs/2015-05-13~11.48-gigaspaces-service-192.168.0.40-53291.log
     [java] DEBUG GigaSpaceFactoryBean           - Clustered flag automatically set to [true] since the space is a local cache space for bean [null]
     [java] DEBUG UrlSpaceFactoryBean            - Finding Space with URL [jini://*/*/myGrid] and properties [{com.j_spaces.core.container.shutdown_hook=false}]
     [java] 2015-05-13 11:48:33,775  INFO [com.gigaspaces.localcache] - LocalCache#1-myGrid was created successfully. Total time: 397 milliseconds
     [java] zatim dobry
     [java] Let the game begin...
     [java] game id= 0
     [java] ---- Sending Scoring Change ----
     [java] setPhases in GameStatus
     [java] A New Phase Began: Norm Phase
     [java] -------- Creating Board --------
     [java] CT writes: Tile [id=null, cell=Cell [x=0, y=0], subject=green, time=2015-05-13 11:48:33.992, clock=0]
     [java] CT writes: Tile [id=null, cell=Cell [x=0, y=1], subject=green, time=2015-05-13 11:48:34.031, clock=0]
     [java] CT writes: Tile [id=null, cell=Cell [x=0, y=2], subject=red, time=2015-05-13 11:48:34.034, clock=0]
     [java] CT writes: Tile [id=null, cell=Cell [x=0, y=3], subject=orange, time=2015-05-13 11:48:34.036, clock=0]
     [java] CT writes: Tile [id=null, cell=Cell [x=0, y=4], subject=green, time=2015-05-13 11:48:34.039, clock=0]
     [java] CT writes: Tile [id=null, cell=Cell [x=1, y=0], subject=green, time=2015-05-13 11:48:34.045, clock=0]
     [java] CT writes: Tile [id=null, cell=Cell [x=1, y=1], subject=orange, time=2015-05-13 11:48:34.049, clock=0]
     [java] CT writes: Tile [id=null, cell=Cell [x=1, y=2], subject=red, time=2015-05-13 11:48:34.055, clock=0]
     [java] CT writes: Tile [id=null, cell=Cell [x=1, y=3], subject=red, time=2015-05-13 11:48:34.061, clock=0]
     [java] CT writes: Tile [id=null, cell=Cell [x=1, y=4], subject=purple, time=2015-05-13 11:48:34.069, clock=0]
     [java] CT writes: Tile [id=null, cell=Cell [x=2, y=0], subject=red, time=2015-05-13 11:48:34.083, clock=0]
     [java] CT writes: Tile [id=null, cell=Cell [x=2, y=1], subject=red, time=2015-05-13 11:48:34.092, clock=0]
     [java] CT writes: Tile [id=null, cell=Cell [x=2, y=2], subject=green, time=2015-05-13 11:48:34.099, clock=0]
     [java] CT writes: Tile [id=null, cell=Cell [x=2, y=3], subject=purple, time=2015-05-13 11:48:34.129, clock=0]
     [java] CT writes: Tile [id=null, cell=Cell [x=2, y=4], subject=red, time=2015-05-13 11:48:34.133, clock=0]
     [java] CT writes: Tile [id=null, cell=Cell [x=3, y=0], subject=red, time=2015-05-13 11:48:34.145, clock=0]
     [java] CT writes: Tile [id=null, cell=Cell [x=3, y=1], subject=orange, time=2015-05-13 11:48:34.15, clock=0]
     [java] CT writes: Tile [id=null, cell=Cell [x=3, y=2], subject=purple, time=2015-05-13 11:48:34.155, clock=0]
     [java] CT writes: Tile [id=null, cell=Cell [x=3, y=3], subject=purple, time=2015-05-13 11:48:34.161, clock=0]
     [java] CT writes: Tile [id=null, cell=Cell [x=3, y=4], subject=orange, time=2015-05-13 11:48:34.166, clock=0]
     [java] CT writes: Tile [id=null, cell=Cell [x=4, y=0], subject=green, time=2015-05-13 11:48:34.172, clock=0]
     [java] CT writes: Tile [id=null, cell=Cell [x=4, y=1], subject=purple, time=2015-05-13 11:48:34.176, clock=0]
     [java] CT writes: Tile [id=null, cell=Cell [x=4, y=2], subject=orange, time=2015-05-13 11:48:34.178, clock=0]
     [java] CT writes: Tile [id=null, cell=Cell [x=4, y=3], subject=purple, time=2015-05-13 11:48:34.182, clock=0]
     [java] CT writes: Tile [id=null, cell=Cell [x=4, y=4], subject=green, time=2015-05-13 11:48:34.187, clock=0]
     [java] CT writes goal: Goal [id=null, cell=Cell [x=2, y=2], agent=null, time=null, clock=0]
     [java] CT writes: Goal [id=null, cell=Cell [x=2, y=2], agent=null, time=2015-05-13 11:48:34.235, clock=0]
     [java] revelation chips: { chips  'orange':0 'red':0 'purple':0 'green':0 }
     [java] revelation chips: { chips  'orange':0 'red':0 'purple':0 'green':0 }
     [java] revelation chips: { chips  'orange':0 'red':0 'purple':0 'green':0 }
     [java] revelation chips: { chips  'orange':0 'red':0 'purple':0 'green':0 }
     [java] CT notification: Obligation [subject=a20, obligation=[at(1, 2, a20)], sanction=[reduce(a20, 500)], deadline=8, time=2015-05-13 11:48:38.318, clock=2]
     [java] CT obligation: Obligation [subject=a20, obligation=[at(1, 2, a20)], sanction=[reduce(a20, 500)], deadline=8, time=2015-05-13 11:48:38.318, clock=2]
     [java] 20
     [java] 20
     [java] CT obligation: []
     [java] CT obligation: [Player a20 received an obligation to be at the grid tile [1,2] before clock 8 or sanction [reduce(a20, 500)] will be applied]
     [java] CT notification: Obligation [subject=a20, obligation=[color(green, a20)], sanction=[reduce(a20, 50)], deadline=4, time=2015-05-13 11:48:39.383, clock=2]
     [java] CT obligation: Obligation [subject=a20, obligation=[color(green, a20)], sanction=[reduce(a20, 50)], deadline=4, time=2015-05-13 11:48:39.383, clock=2]
     [java] 20
     [java] 20
     [java] CT obligation: [Player a20 received an obligation to be at the grid tile [1,2] before clock 8 or sanction [reduce(a20, 500)] will be applied]
     [java] CT obligation: [Player a20 received an obligation to be at the grid tile [1,2] before clock 8 or sanction [reduce(a20, 500)] will be applied, Player a20 received an obligation to use a tile with color reen before clock 4 or sanction [reduce(a20, 50)] will be applied]
     [java] CT notification: Prohibition [subject=a20, prohibition=[at(4, 4, a20)], sanction=[reduce(a20, 50)], clock=2, time=2015-05-13 11:48:40.072]
     [java] CT prohibition: Prohibition [subject=a20, prohibition=[at(4, 4, a20)], sanction=[reduce(a20, 50)], clock=2, time=2015-05-13 11:48:40.072]
     [java] 20
     [java] 20
     [java] CT prohibition: []
     [java] CT prohibition: [Player a20 received a prohibition to be at the grid tile [4,4] or sanction [reduce(a20, 50)] will be applied]
     [java] CT notification: Time [clock=3, time=2015-05-13 11:48:41.35]
     [java] CT players (clone,for): 
     [java] CT writes position: Position [subject=a40, id=null, cell=Cell [x=4, y=0], time=2015-05-13 11:48:41.362, clock=3]
     [java] CT writes: Position [subject=a40, id=null, cell=Cell [x=4, y=0], time=2015-05-13 11:48:41.362, clock=3]
     [java] CT writes chips: Chip [id=null, agent=a40, time=2015-05-13 11:48:41.374, color=orange, clock=3, number=2]
     [java] CT writes: Chip [id=null, agent=a40, time=2015-05-13 11:48:41.374, color=orange, clock=3, number=2]
     [java] CT notification: Position [subject=a40, id=null, cell=Cell [x=4, y=0], time=2015-05-13 11:48:41.362, clock=3]
     [java] 40
     [java] CT writes chips: Chip [id=null, agent=a40, time=2015-05-13 11:48:41.384, color=red, clock=3, number=3]
     [java] CT writes: Chip [id=null, agent=a40, time=2015-05-13 11:48:41.384, color=red, clock=3, number=3]
     [java] CT writes chips: Chip [id=null, agent=a40, time=2015-05-13 11:48:41.391, color=purple, clock=3, number=3]
     [java] CT writes: Chip [id=null, agent=a40, time=2015-05-13 11:48:41.391, color=purple, clock=3, number=3]
     [java] CT writes chips: Chip [id=null, agent=a40, time=2015-05-13 11:48:41.393, color=green, clock=3, number=2]
     [java] CT writes: Chip [id=null, agent=a40, time=2015-05-13 11:48:41.393, color=green, clock=3, number=2]
     [java] CT writes position: Position [subject=a20, id=null, cell=Cell [x=0, y=4], time=2015-05-13 11:48:41.4, clock=3]
     [java] CT writes: Position [subject=a20, id=null, cell=Cell [x=0, y=4], time=2015-05-13 11:48:41.4, clock=3]
     [java] CT notification: Position [subject=a20, id=null, cell=Cell [x=0, y=4], time=2015-05-13 11:48:41.4, clock=3]
     [java] 20
     [java] 20
     [java] CT writes chips: Chip [id=null, agent=a20, time=2015-05-13 11:48:41.408, color=orange, clock=3, number=2]
     [java] CT writes: Chip [id=null, agent=a20, time=2015-05-13 11:48:41.408, color=orange, clock=3, number=2]
     [java] CT writes chips: Chip [id=null, agent=a20, time=2015-05-13 11:48:41.412, color=red, clock=3, number=3]
     [java] CT writes: Chip [id=null, agent=a20, time=2015-05-13 11:48:41.412, color=red, clock=3, number=3]
     [java] CT writes chips: Chip [id=null, agent=a20, time=2015-05-13 11:48:41.418, color=purple, clock=3, number=1]
     [java] CT writes: Chip [id=null, agent=a20, time=2015-05-13 11:48:41.418, color=purple, clock=3, number=1]
     [java] CT writes chips: Chip [id=null, agent=a20, time=2015-05-13 11:48:41.42, color=green, clock=3, number=2]
     [java] CT writes: Chip [id=null, agent=a20, time=2015-05-13 11:48:41.42, color=green, clock=3, number=2]
     [java] CT writes position: Position [subject=a30, id=null, cell=Cell [x=4, y=4], time=2015-05-13 11:48:41.424, clock=3]
     [java] CT writes: Position [subject=a30, id=null, cell=Cell [x=4, y=4], time=2015-05-13 11:48:41.424, clock=3]
     [java] CT notification: Position [subject=a30, id=null, cell=Cell [x=4, y=4], time=2015-05-13 11:48:41.424, clock=3]
     [java] 30
     [java] 30
     [java] 30
     [java] CT writes chips: Chip [id=null, agent=a30, time=2015-05-13 11:48:41.43, color=orange, clock=3, number=1]
     [java] CT writes: Chip [id=null, agent=a30, time=2015-05-13 11:48:41.43, color=orange, clock=3, number=1]
     [java] CT writes chips: Chip [id=null, agent=a30, time=2015-05-13 11:48:41.437, color=red, clock=3, number=1]
     [java] CT writes: Chip [id=null, agent=a30, time=2015-05-13 11:48:41.437, color=red, clock=3, number=1]
     [java] CT writes chips: Chip [id=null, agent=a30, time=2015-05-13 11:48:41.441, color=purple, clock=3, number=3]
     [java] CT writes: Chip [id=null, agent=a30, time=2015-05-13 11:48:41.441, color=purple, clock=3, number=3]
     [java] CT writes chips: Chip [id=null, agent=a30, time=2015-05-13 11:48:41.444, color=green, clock=3, number=2]
     [java] CT writes: Chip [id=null, agent=a30, time=2015-05-13 11:48:41.444, color=green, clock=3, number=2]
     [java] CT writes position: Position [subject=a10, id=null, cell=Cell [x=0, y=0], time=2015-05-13 11:48:41.446, clock=3]
     [java] CT writes: Position [subject=a10, id=null, cell=Cell [x=0, y=0], time=2015-05-13 11:48:41.446, clock=3]
     [java] CT notification: Position [subject=a10, id=null, cell=Cell [x=0, y=0], time=2015-05-13 11:48:41.446, clock=3]
     [java] 10
     [java] 10
     [java] 10
     [java] 10
     [java] CT writes chips: Chip [id=null, agent=a10, time=2015-05-13 11:48:41.452, color=orange, clock=3, number=3]
     [java] CT writes: Chip [id=null, agent=a10, time=2015-05-13 11:48:41.452, color=orange, clock=3, number=3]
     [java] CT writes chips: Chip [id=null, agent=a10, time=2015-05-13 11:48:41.456, color=red, clock=3, number=3]
     [java] CT writes: Chip [id=null, agent=a10, time=2015-05-13 11:48:41.456, color=red, clock=3, number=3]
     [java] CT writes chips: Chip [id=null, agent=a10, time=2015-05-13 11:48:41.459, color=purple, clock=3, number=3]
     [java] CT writes: Chip [id=null, agent=a10, time=2015-05-13 11:48:41.459, color=purple, clock=3, number=3]
     [java] CT writes chips: Chip [id=null, agent=a10, time=2015-05-13 11:48:41.461, color=green, clock=3, number=3]
     [java] CT writes: Chip [id=null, agent=a10, time=2015-05-13 11:48:41.461, color=green, clock=3, number=3]
     [java] CT notification: Time [clock=4, time=2015-05-13 11:48:51.353]
     [java] CT players (clone,for): 
     [java] CT notification: Time [clock=5, time=2015-05-13 11:49:01.355]
     [java] CT players (clone,for): 
     [java] CT notification: Time [clock=6, time=2015-05-13 11:49:11.358]
     [java] CT players (clone,for): 
     [java] CT notification: Time [clock=7, time=2015-05-13 11:49:21.359]
     [java] CT players (clone,for): 
     [java] CT notification: Time [clock=8, time=2015-05-13 11:49:31.362]
     [java] CT players (clone,for): 
     [java] Player: 40  Score: 10
     [java] Player: 20  Score: 0
     [java] Player: 30  Score: -5
     [java] Player: 10  Score: 20
     [java] A New Phase Began: Communication Phase
     [java] CT notification: Time [clock=9, time=2015-05-13 11:49:41.364]
     [java] CT players (clone,for): 
     [java] CT notification: Time [clock=10, time=2015-05-13 11:49:51.365]
     [java] CT players (clone,for): 
     [java] A New Phase Began: Movement Phase
     [java] CT notification: Time [clock=11, time=2015-05-13 11:50:01.367]
     [java] CT players (clone,for): 
     [java] CT notification: Time [clock=12, time=2015-05-13 11:50:11.373]
     [java] CT players (clone,for): 
     [java] A New Phase Began: Feedback Phase
     [java] DEBUG root                           - Game ended id = 0
     [java] CT notification: Time [clock=13, time=2015-05-13 11:50:21.375]
     [java] CT players (clone,for): 
     [java] CT notification: Time [clock=14, time=2015-05-13 11:50:31.377]
     [java] CT players (clone,for): 
     [java] CT notification: Time [clock=15, time=2015-05-13 11:50:41.382]
     [java] CT players (clone,for): 
     [java] CT notification: Time [clock=16, time=2015-05-13 11:50:51.385]
     [java] CT players (clone,for): 
     [java] CT notification: Time [clock=17, time=2015-05-13 11:51:01.388]
     [java] CT players (clone,for): 
     [java] CT notification: Time [clock=18, time=2015-05-13 11:51:11.389]
     [java] CT players (clone,for): 
     [java] CT notification: Time [clock=19, time=2015-05-13 11:51:21.397]
     [java] CT players (clone,for): 
     [java] CT notification: Time [clock=20, time=2015-05-13 11:51:31.399]
     [java] CT players (clone,for): 
     [java] CT notification: Time [clock=21, time=2015-05-13 11:51:41.401]
     [java] CT players (clone,for): 
     [java] CT notification: Time [clock=22, time=2015-05-13 11:51:51.404]
     [java] CT players (clone,for): 
     [java] CT notification: Time [clock=23, time=2015-05-13 11:52:01.435]
     [java] CT players (clone,for): 
     [java] CT notification: Time [clock=24, time=2015-05-13 11:52:11.44]
     [java] CT players (clone,for): 
     [java] CT notification: Time [clock=25, time=2015-05-13 11:52:21.442]
     [java] CT players (clone,for): 
     [java] CT notification: Time [clock=26, time=2015-05-13 11:52:31.45]
     [java] CT players (clone,for): 
     [java] CT notification: Time [clock=27, time=2015-05-13 11:52:41.454]
     [java] CT players (clone,for): 
     [java] CT notification: Time [clock=28, time=2015-05-13 11:52:51.456]
     [java] CT players (clone,for): 
     [java] CT notification: Time [clock=29, time=2015-05-13 11:53:01.457]
     [java] CT players (clone,for): 
     [java] CT notification: Time [clock=30, time=2015-05-13 11:53:11.46]
     [java] CT players (clone,for): 
     [java] CT notification: Time [clock=31, time=2015-05-13 11:53:21.463]
     [java] CT players (clone,for): 
     [java] CT notification: Time [clock=32, time=2015-05-13 11:53:31.47]
     [java] CT players (clone,for): 
     [java] CT notification: Time [clock=33, time=2015-05-13 11:53:41.473]
     [java] CT players (clone,for): 
     [java] CT notification: Time [clock=34, time=2015-05-13 11:53:51.475]
     [java] CT players (clone,for): 
     [java] CT notification: Time [clock=35, time=2015-05-13 11:54:01.478]
     [java] CT players (clone,for): 
     [java] CT notification: Time [clock=36, time=2015-05-13 11:54:11.804]
     [java] CT players (clone,for): 
     [java] CT notification: Time [clock=37, time=2015-05-13 11:54:21.806]
     [java] CT players (clone,for): 
     [java] CT notification: Time [clock=38, time=2015-05-13 11:54:31.814]
     [java] CT players (clone,for): 
     [java] CT notification: Time [clock=39, time=2015-05-13 11:54:42.006]
     [java] CT players (clone,for): 
     [java] CT notification: Time [clock=40, time=2015-05-13 11:54:52.031]
     [java] CT players (clone,for): 
     [java] CT notification: Time [clock=41, time=2015-05-13 11:55:02.134]
     [java] CT players (clone,for): 
     [java] CT notification: Time [clock=42, time=2015-05-13 11:55:12.216]
     [java] CT players (clone,for): 
     [java] CT notification: Time [clock=43, time=2015-05-13 11:55:22.225]
     [java] CT players (clone,for): 
     [java] CT notification: Time [clock=44, time=2015-05-13 11:55:32.367]
     [java] CT players (clone,for): 
     [java] CT notification: Time [clock=45, time=2015-05-13 11:55:42.852]
     [java] CT players (clone,for): 
     [java] CT notification: Time [clock=46, time=2015-05-13 11:55:53.171]
     [java] CT players (clone,for): 
     [java] CT notification: Time [clock=47, time=2015-05-13 11:56:03.466]
     [java] CT players (clone,for): 
     [java] CT notification: Time [clock=48, time=2015-05-13 11:56:13.816]
     [java] CT players (clone,for): 
     [java] CT notification: Time [clock=49, time=2015-05-13 11:56:24.143]
     [java] CT players (clone,for): 
     [java] CT notification: Time [clock=50, time=2015-05-13 11:56:34.302]
     [java] CT players (clone,for): 
     [java] CT notification: Time [clock=51, time=2015-05-13 11:56:44.593]
     [java] CT players (clone,for): 
     [java] CT notification: Time [clock=52, time=2015-05-13 11:56:55.105]
     [java] CT players (clone,for): 
     [java] CT notification: Time [clock=53, time=2015-05-13 11:57:05.504]
     [java] CT players (clone,for): 
     [java] CT notification: Time [clock=54, time=2015-05-13 11:57:15.606]
     [java] CT players (clone,for): 
     [java] CT notification: Time [clock=55, time=2015-05-13 11:57:25.837]
     [java] CT players (clone,for): 
     [java] CT notification: Time [clock=56, time=2015-05-13 11:57:36.001]
     [java] CT players (clone,for): 
     [java] CT notification: Time [clock=57, time=2015-05-13 11:57:46.218]
     [java] CT players (clone,for): 
     [java] CT notification: Time [clock=58, time=2015-05-13 11:57:56.366]
     [java] CT players (clone,for): 
     [java] CT notification: Time [clock=59, time=2015-05-13 11:58:06.633]
     [java] CT players (clone,for): 
     [java] CT notification: Time [clock=60, time=2015-05-13 11:58:16.918]
     [java] CT players (clone,for): 
     [java] CT notification: Time [clock=61, time=2015-05-13 11:58:27.104]
     [java] CT players (clone,for): 
     [java] CT notification: Time [clock=62, time=2015-05-13 11:58:37.361]
     [java] CT players (clone,for): 
     [java] CT notification: Time [clock=63, time=2015-05-13 11:58:47.512]
     [java] CT players (clone,for): 
     [java] CT notification: Time [clock=64, time=2015-05-13 11:58:57.711]
     [java] CT players (clone,for): 
     [java] CT notification: Time [clock=65, time=2015-05-13 11:59:07.874]
     [java] CT players (clone,for): 
     [java] CT notification: Time [clock=66, time=2015-05-13 11:59:18.198]
     [java] CT players (clone,for): 
     [java] CT notification: Time [clock=67, time=2015-05-13 11:59:28.358]
     [java] CT players (clone,for): 
     [java] CT notification: Time [clock=68, time=2015-05-13 11:59:38.648]
     [java] CT players (clone,for): 
     [java] CT notification: Time [clock=69, time=2015-05-13 11:59:48.817]
     [java] CT players (clone,for): 
     [java] CT notification: Time [clock=70, time=2015-05-13 11:59:59.169]
     [java] CT players (clone,for): 
     [java] CT notification: Time [clock=71, time=2015-05-13 12:00:09.424]
     [java] CT players (clone,for): 
     [java] CT notification: Time [clock=72, time=2015-05-13 12:00:19.766]
     [java] CT players (clone,for): 
     [java] CT notification: Time [clock=73, time=2015-05-13 12:00:29.937]
     [java] CT players (clone,for): 
     [java] CT notification: Time [clock=74, time=2015-05-13 12:00:39.943]
     [java] CT players (clone,for): 
     [java] CT notification: Time [clock=75, time=2015-05-13 12:00:50.262]
     [java] CT players (clone,for): 
     [java] CT notification: Time [clock=76, time=2015-05-13 12:01:00.482]
     [java] CT players (clone,for): 
     [java] CT notification: Time [clock=77, time=2015-05-13 12:01:10.856]
     [java] CT players (clone,for): 
     [java] CT notification: Time [clock=78, time=2015-05-13 12:01:21.111]
     [java] CT players (clone,for): 
     [java] CT notification: Time [clock=79, time=2015-05-13 12:01:31.532]
     [java] CT players (clone,for): 
     [java] CT notification: Time [clock=80, time=2015-05-13 12:01:41.839]
     [java] CT players (clone,for): 
     [java] CT notification: Time [clock=81, time=2015-05-13 12:01:52.233]
     [java] CT players (clone,for): 
     [java] CT notification: Time [clock=82, time=2015-05-13 12:02:02.57]
     [java] CT players (clone,for): 
     [java] CT notification: Time [clock=83, time=2015-05-13 12:02:12.937]
     [java] CT players (clone,for): 
     [java] CT notification: Time [clock=84, time=2015-05-13 12:02:23.297]
     [java] CT players (clone,for): 
     [java] CT notification: Time [clock=85, time=2015-05-13 12:02:33.573]
     [java] CT players (clone,for): 
     [java] CT notification: Time [clock=86, time=2015-05-13 12:02:44.022]
     [java] CT players (clone,for): 
     [java] CT notification: Time [clock=87, time=2015-05-13 12:02:54.456]
     [java] CT players (clone,for): 
     [java] INFO  BrokerService                  - ActiveMQ Message Broker (localhost, ID:kafka-49606-1431514086616-1:0) is shutting down
     [java] WARN  ActiveMQConnection             - Async exception with no exception listener: java.io.EOFException
     [java] java.io.EOFException
     [java] 	at java.io.DataInputStream.readInt(DataInputStream.java:375)
     [java] 	at org.apache.activemq.openwire.OpenWireFormat.unmarshal(OpenWireFormat.java:269)
     [java] 	at org.apache.activemq.transport.tcp.TcpTransport.readCommand(TcpTransport.java:156)
     [java] 	at org.apache.activemq.transport.tcp.TcpTransport.run(TcpTransport.java:136)
     [java] 	at java.lang.Thread.run(Thread.java:695)
     [java] WARN  ActiveMQConnection             - Async exception with no exception listener: java.io.EOFException
     [java] java.io.EOFException
     [java] 	at java.io.DataInputStream.readInt(DataInputStream.java:375)
     [java] 	at org.apache.activemq.openwire.OpenWireFormat.unmarshal(OpenWireFormat.java:269)
     [java] 	at org.apache.activemq.transport.tcp.TcpTransport.readCommand(TcpTransport.java:156)
     [java] 	at org.apache.activemq.transport.tcp.TcpTransport.run(TcpTransport.java:136)
     [java] 	at java.lang.Thread.run(Thread.java:695)
     [java] INFO  TransportConnector             - Connector tcp://kafka:8088 Stopped
     [java] INFO  BrokerService                  - ActiveMQ JMS Message Broker (localhost, ID:kafka-49606-1431514086616-1:0) stopped

BUILD SUCCESSFUL
Total time: 14 minutes 52 seconds
