Buildfile: /Users/dxd/git/ct3/WebCT/build.xml

runserver:
     [java] INFO  BrokerService                  - ActiveMQ null JMS Message Broker (localhost) is starting
     [java] INFO  BrokerService                  - For help or more information please see: http://activemq.apache.org/
     [java] INFO  AMQPersistenceAdapter          - AMQStore starting using directory: activemq-data/localhost
     [java] INFO  KahaStore                      - Kaha Store using data directory /Users/dxd/git/ct3/WebCT/activemq-data/localhost/kr-store
     [java] INFO  AMQPersistenceAdapter          - Active data files: []
     [java] INFO  AMQPersistenceAdapter          - Journal Recovery Started from: DataManager:(data-)
     [java] INFO  AMQPersistenceAdapter          - Recovered 0 operations from redo log in 0.209 seconds.
     [java] INFO  BrokerService                  - Using Persistence Adapter: AMQPersistenceAdapter(activemq-data/localhost)
     [java] INFO  TransportServerThreadSupport   - Listening for connections at: tcp://kafka.local:8088
     [java] INFO  TransportConnector             - Connector tcp://kafka.local:8088 Started
     [java] INFO  BrokerService                  - ActiveMQ JMS Message Broker (localhost, ID:kafka.local-62730-1432540198310-1:0) started
     [java] INFO  root                           - Started the JMS Server
     [java] INFO  ManagementContext              - JMX consoles can connect to service:jmx:rmi:///jndi/rmi://localhost:1099/jmxrmi
     [java] INFO  BrokerService                  - About to delete any non-persistent messages that may have overflowed to disk ...
     [java] INFO  KahaStore                      - Kaha Store successfully deleted data directory activemq-data/localhost/tmp_storage
     [java] INFO  BrokerService                  - Successfully deleted temporary storage
     [java] INFO  root                           - Controller Interface has been started
     [java] INFO  root                           - ColoredTrails is now running...
     [java] Adding client state for 20
     [java] Adding client state for 20
     [java] Adding client state for 20
     [java] INFO  root                           - Colored Trails Server received a subcription message from client: 20 [192.168.1.102] of type 
     [java] INFO  root                           - Colored Trails Server received a subcription message from client: 20 [192.168.1.102] of type 
     [java] INFO  root                           - Colored Trails Server received a subcription message from client: 20 [192.168.1.102] of type 
     [java] Adding client state for 40
     [java] Adding client state for 30
     [java] INFO  root                           - Colored Trails Server received a subcription message from client: 40 [192.168.1.102] of type 
     [java] INFO  root                           - Colored Trails Server received a subcription message from client: 30 [192.168.1.102] of type 
     [java] Adding client state for 10
     [java] INFO  root                           - Colored Trails Server received a subcription message from client: 10 [192.168.1.102] of type 
     [java] Received message to add config class from: admin
     [java] INFO  root                           - Received message from admin: SET_CONFIGURATION
     [java] INFO  root                           - Received message from admin client:ADD_CONFIGURATION
     [java] DEBUG root                           - Administrator: adding configuration file [WebCTInputFileConfig] class name: WebCTInputFileConfig
     [java] INFO  root                           - Received message from admin client:NEW_GAME
     [java] DEBUG root                           - Administrator: newGame configName = [WebCTInputFileConfig] 
     [java] DEBUG root                           - Administrator: newGame adding Player: [10]
     [java] DEBUG root                           - Administrator: newGame adding Player: [20]
     [java] DEBUG root                           - Administrator: newGame adding Player: [30]
     [java] DEBUG root                           - Administrator: newGame adding Player: [40]
     [java] DEBUG root                           - ServerData addNewGame -- config file
     [java] DEBUG root                           - ServerData addNewGame -- Starting ServerGameStatus
     [java] DEBUG root                           - ServerData addNewGame -- Starting a new game with id: 0
     [java] DEBUG root                           - ClientCommands creating new Topic: ct3.game.0
     [java] DEBUG root                           - sending sendClientSubscribeToGameMessage: for game [0] and player [10]
     [java] DEBUG root                           - sending sendClientSubscribeToGameMessage: for game [0] and player [20]
     [java] DEBUG root                           - sending sendClientSubscribeToGameMessage: for game [0] and player [30]
     [java] DEBUG root                           - sending sendClientSubscribeToGameMessage: for game [0] and player [40]
     [java] INFO  root                           - Received message from admin client:LIST_GAMES
     [java] INFO  root                           - Received message from admin client:LIST_CONFIGURATIONS
     [java] received client subscribed successfully message
     [java] received client subscribed successfully message
     [java] received client subscribed successfully message
     [java] received client subscribed successfully message
     [java] All players subscribed to game, trying to start
     [java] INFO  root                           - Sending reply to controller: NEW_GAME_REPLY
     [java] DEBUG root                           - sendGameStart
     [java] DEBUG root                           - sendGameStart to controller
     [java] DEBUG root                           - sending game id = 0
     [java] received client subscribed successfully message
     [java] All players subscribed to game, trying to start
     [java] INFO  root                           - Sending reply to controller: NEW_GAME_REPLY
     [java] DEBUG root                           - sendGameStart
     [java] DEBUG root                           - sendGameStart to controller
     [java] DEBUG root                           - sending game id = 0
     [java] received client subscribed successfully message
     [java] All players subscribed to game, trying to start
     [java] INFO  root                           - Starting spaces 1
     [java] INFO  root                           - Starting spaces 1
     [java] INFO  root                           - Sending reply to controller: NEW_GAME_REPLY
     [java] DEBUG root                           - sendGameStart
     [java] DEBUG root                           - sendGameStart to controller
     [java] DEBUG root                           - sending game id = 0
     [java] INFO  root                           - Starting spaces 1
     [java] DEBUG UrlSpaceFactoryBean            - Finding Space with URL [jini:/*/*/myGrid] and properties [{com.j_spaces.core.container.shutdown_hook=false}]
     [java] 2015-05-25 08:50:34,884  INFO [com.gigaspaces.localcache] - LocalCache#1-myGrid was created successfully. Total time: 1.15 seconds
     [java] 2015-05-25 08:50:34,904 CONFIG [com.gigaspaces.logger] - Log file: /Users/dxd/git/ct3/logs/2015-05-25~08.50-gigaspaces-service-192.168.1.102-18866.log
     [java] DEBUG GigaSpaceFactoryBean           - Clustered flag automatically set to [true] since the space is a local cache space for bean [null]
     [java] DEBUG UrlSpaceFactoryBean            - Finding Space with URL [jini://*/*/myGrid] and properties [{com.j_spaces.core.container.shutdown_hook=false}]
     [java] DEBUG UrlSpaceFactoryBean            - Finding Space with URL [jini://*/*/myGrid] and properties [{com.j_spaces.core.container.shutdown_hook=false}]
     [java] DEBUG UrlSpaceFactoryBean            - Finding Space with URL [jini://*/*/myGrid] and properties [{com.j_spaces.core.container.shutdown_hook=false}]
     [java] zatim dobry
     [java] zatim dobry
     [java] zatim dobry
     [java] Let the game begin...
     [java] game id= 0
     [java] Let the game begin...
     [java] game id= 0
     [java] ---- Sending Scoring Change ----
     [java] ---- Sending Scoring Change ----
     [java] Let the game begin...
     [java] game id= 0
     [java] ---- Sending Scoring Change ----
     [java] setPhases in GameStatus
     [java] setPhases in GameStatus
     [java] setPhases in GameStatus
     [java] A New Phase Began: Norm Phase
     [java] A New Phase Began: Norm Phase
     [java] A New Phase Began: Norm Phase
     [java] -------- Creating Board --------
     [java] -------- Creating Board --------
     [java] -------- Creating Board --------
     [java] CT writes: Tile [id=null, cell=Cell [x=0, y=0], subject=brown, time=2015-05-25 08:50:35.354, clock=0]
     [java] CT writes: Tile [id=null, cell=Cell [x=0, y=0], subject=brown, time=2015-05-25 08:50:35.354, clock=0]
     [java] CT writes: Tile [id=null, cell=Cell [x=0, y=0], subject=brown, time=2015-05-25 08:50:35.354, clock=0]
     [java] CT writes: Tile [id=null, cell=Cell [x=0, y=1], subject=brown, time=2015-05-25 08:50:35.62, clock=0]
     [java] CT writes: Tile [id=null, cell=Cell [x=0, y=1], subject=brown, time=2015-05-25 08:50:35.62, clock=0]
     [java] CT writes: Tile [id=null, cell=Cell [x=0, y=1], subject=brown, time=2015-05-25 08:50:35.62, clock=0]
     [java] CT writes: Tile [id=null, cell=Cell [x=0, y=2], subject=white, time=2015-05-25 08:50:35.622, clock=0]
     [java] CT writes: Tile [id=null, cell=Cell [x=0, y=2], subject=white, time=2015-05-25 08:50:35.622, clock=0]
     [java] CT writes: Tile [id=null, cell=Cell [x=0, y=2], subject=white, time=2015-05-25 08:50:35.622, clock=0]
     [java] CT writes: Tile [id=null, cell=Cell [x=0, y=3], subject=yellow, time=2015-05-25 08:50:35.625, clock=0]
     [java] CT writes: Tile [id=null, cell=Cell [x=0, y=3], subject=yellow, time=2015-05-25 08:50:35.625, clock=0]
     [java] CT writes: Tile [id=null, cell=Cell [x=0, y=3], subject=yellow, time=2015-05-25 08:50:35.626, clock=0]
     [java] CT writes: Tile [id=null, cell=Cell [x=0, y=4], subject=brown, time=2015-05-25 08:50:35.632, clock=0]
     [java] CT writes: Tile [id=null, cell=Cell [x=0, y=4], subject=brown, time=2015-05-25 08:50:35.633, clock=0]
     [java] CT writes: Tile [id=null, cell=Cell [x=0, y=4], subject=brown, time=2015-05-25 08:50:35.633, clock=0]
     [java] CT writes: Tile [id=null, cell=Cell [x=0, y=5], subject=blue, time=2015-05-25 08:50:35.639, clock=0]
     [java] CT writes: Tile [id=null, cell=Cell [x=0, y=5], subject=blue, time=2015-05-25 08:50:35.648, clock=0]
     [java] CT writes: Tile [id=null, cell=Cell [x=0, y=6], subject=brown, time=2015-05-25 08:50:35.652, clock=0]
     [java] CT writes: Tile [id=null, cell=Cell [x=0, y=6], subject=brown, time=2015-05-25 08:50:35.652, clock=0]
     [java] CT writes: Tile [id=null, cell=Cell [x=1, y=0], subject=brown, time=2015-05-25 08:50:35.656, clock=0]
     [java] CT writes: Tile [id=null, cell=Cell [x=1, y=0], subject=brown, time=2015-05-25 08:50:35.657, clock=0]
     [java] CT writes: Tile [id=null, cell=Cell [x=1, y=1], subject=yellow, time=2015-05-25 08:50:35.659, clock=0]
     [java] CT writes: Tile [id=null, cell=Cell [x=1, y=1], subject=yellow, time=2015-05-25 08:50:35.659, clock=0]
     [java] CT writes: Tile [id=null, cell=Cell [x=1, y=2], subject=white, time=2015-05-25 08:50:35.661, clock=0]
     [java] CT writes: Tile [id=null, cell=Cell [x=1, y=2], subject=white, time=2015-05-25 08:50:35.661, clock=0]
     [java] CT writes: Tile [id=null, cell=Cell [x=0, y=5], subject=blue, time=2015-05-25 08:50:35.663, clock=0]
     [java] CT writes: Tile [id=null, cell=Cell [x=0, y=6], subject=brown, time=2015-05-25 08:50:35.666, clock=0]
     [java] CT writes: Tile [id=null, cell=Cell [x=1, y=0], subject=brown, time=2015-05-25 08:50:35.669, clock=0]
     [java] CT writes: Tile [id=null, cell=Cell [x=1, y=1], subject=yellow, time=2015-05-25 08:50:35.672, clock=0]
     [java] CT writes: Tile [id=null, cell=Cell [x=1, y=2], subject=white, time=2015-05-25 08:50:35.674, clock=0]
     [java] CT writes: Tile [id=null, cell=Cell [x=1, y=3], subject=white, time=2015-05-25 08:50:35.677, clock=0]
     [java] CT writes: Tile [id=null, cell=Cell [x=1, y=3], subject=white, time=2015-05-25 08:50:35.678, clock=0]
     [java] CT writes: Tile [id=null, cell=Cell [x=1, y=4], subject=blue, time=2015-05-25 08:50:35.679, clock=0]
     [java] CT writes: Tile [id=null, cell=Cell [x=1, y=4], subject=blue, time=2015-05-25 08:50:35.686, clock=0]
     [java] CT writes: Tile [id=null, cell=Cell [x=1, y=5], subject=brown, time=2015-05-25 08:50:35.686, clock=0]
     [java] CT writes: Tile [id=null, cell=Cell [x=1, y=5], subject=brown, time=2015-05-25 08:50:35.692, clock=0]
     [java] CT writes: Tile [id=null, cell=Cell [x=1, y=6], subject=yellow, time=2015-05-25 08:50:35.692, clock=0]
     [java] CT writes: Tile [id=null, cell=Cell [x=1, y=6], subject=yellow, time=2015-05-25 08:50:35.697, clock=0]
     [java] CT writes: Tile [id=null, cell=Cell [x=2, y=0], subject=white, time=2015-05-25 08:50:35.697, clock=0]
     [java] CT writes: Tile [id=null, cell=Cell [x=2, y=1], subject=white, time=2015-05-25 08:50:35.699, clock=0]
     [java] CT writes: Tile [id=null, cell=Cell [x=2, y=0], subject=white, time=2015-05-25 08:50:35.7, clock=0]
     [java] CT writes: Tile [id=null, cell=Cell [x=2, y=1], subject=white, time=2015-05-25 08:50:35.703, clock=0]
     [java] CT writes: Tile [id=null, cell=Cell [x=2, y=2], subject=brown, time=2015-05-25 08:50:35.703, clock=0]
     [java] CT writes: Tile [id=null, cell=Cell [x=2, y=2], subject=brown, time=2015-05-25 08:50:35.705, clock=0]
     [java] CT writes: Tile [id=null, cell=Cell [x=2, y=3], subject=blue, time=2015-05-25 08:50:35.705, clock=0]
     [java] CT writes: Tile [id=null, cell=Cell [x=2, y=3], subject=blue, time=2015-05-25 08:50:35.706, clock=0]
     [java] CT writes: Tile [id=null, cell=Cell [x=2, y=4], subject=white, time=2015-05-25 08:50:35.706, clock=0]
     [java] CT writes: Tile [id=null, cell=Cell [x=2, y=5], subject=brown, time=2015-05-25 08:50:35.708, clock=0]
     [java] CT writes: Tile [id=null, cell=Cell [x=2, y=4], subject=white, time=2015-05-25 08:50:35.708, clock=0]
     [java] CT writes: Tile [id=null, cell=Cell [x=2, y=6], subject=brown, time=2015-05-25 08:50:35.71, clock=0]
     [java] CT writes: Tile [id=null, cell=Cell [x=2, y=5], subject=brown, time=2015-05-25 08:50:35.71, clock=0]
     [java] CT writes: Tile [id=null, cell=Cell [x=3, y=0], subject=white, time=2015-05-25 08:50:35.712, clock=0]
     [java] CT writes: Tile [id=null, cell=Cell [x=2, y=6], subject=brown, time=2015-05-25 08:50:35.712, clock=0]
     [java] CT writes: Tile [id=null, cell=Cell [x=3, y=0], subject=white, time=2015-05-25 08:50:35.715, clock=0]
     [java] CT writes: Tile [id=null, cell=Cell [x=3, y=1], subject=yellow, time=2015-05-25 08:50:35.716, clock=0]
     [java] CT writes: Tile [id=null, cell=Cell [x=3, y=1], subject=yellow, time=2015-05-25 08:50:35.719, clock=0]
     [java] CT writes: Tile [id=null, cell=Cell [x=3, y=2], subject=blue, time=2015-05-25 08:50:35.719, clock=0]
     [java] CT writes: Tile [id=null, cell=Cell [x=1, y=3], subject=white, time=2015-05-25 08:50:35.72, clock=0]
     [java] CT writes: Tile [id=null, cell=Cell [x=3, y=3], subject=blue, time=2015-05-25 08:50:35.721, clock=0]
     [java] CT writes: Tile [id=null, cell=Cell [x=3, y=2], subject=blue, time=2015-05-25 08:50:35.721, clock=0]
     [java] CT writes: Tile [id=null, cell=Cell [x=3, y=4], subject=yellow, time=2015-05-25 08:50:35.724, clock=0]
     [java] CT writes: Tile [id=null, cell=Cell [x=3, y=3], subject=blue, time=2015-05-25 08:50:35.724, clock=0]
     [java] CT writes: Tile [id=null, cell=Cell [x=3, y=5], subject=yellow, time=2015-05-25 08:50:35.726, clock=0]
     [java] CT writes: Tile [id=null, cell=Cell [x=3, y=4], subject=yellow, time=2015-05-25 08:50:35.726, clock=0]
     [java] CT writes: Tile [id=null, cell=Cell [x=3, y=5], subject=yellow, time=2015-05-25 08:50:35.728, clock=0]
     [java] CT writes: Tile [id=null, cell=Cell [x=1, y=4], subject=blue, time=2015-05-25 08:50:35.728, clock=0]
     [java] CT writes: Tile [id=null, cell=Cell [x=3, y=6], subject=white, time=2015-05-25 08:50:35.729, clock=0]
     [java] CT writes: Tile [id=null, cell=Cell [x=3, y=6], subject=white, time=2015-05-25 08:50:35.731, clock=0]
     [java] CT writes: Tile [id=null, cell=Cell [x=1, y=5], subject=brown, time=2015-05-25 08:50:35.731, clock=0]
     [java] CT writes: Tile [id=null, cell=Cell [x=4, y=0], subject=brown, time=2015-05-25 08:50:35.731, clock=0]
     [java] CT writes: Tile [id=null, cell=Cell [x=4, y=0], subject=brown, time=2015-05-25 08:50:35.733, clock=0]
     [java] CT writes: Tile [id=null, cell=Cell [x=1, y=6], subject=yellow, time=2015-05-25 08:50:35.735, clock=0]
     [java] CT writes: Tile [id=null, cell=Cell [x=4, y=1], subject=blue, time=2015-05-25 08:50:35.735, clock=0]
     [java] CT writes: Tile [id=null, cell=Cell [x=4, y=1], subject=blue, time=2015-05-25 08:50:35.735, clock=0]
     [java] CT writes: Tile [id=null, cell=Cell [x=4, y=2], subject=yellow, time=2015-05-25 08:50:35.742, clock=0]
     [java] CT writes: Tile [id=null, cell=Cell [x=4, y=2], subject=yellow, time=2015-05-25 08:50:35.742, clock=0]
     [java] CT writes: Tile [id=null, cell=Cell [x=4, y=3], subject=blue, time=2015-05-25 08:50:35.745, clock=0]
     [java] CT writes: Tile [id=null, cell=Cell [x=4, y=3], subject=blue, time=2015-05-25 08:50:35.748, clock=0]
     [java] CT writes: Tile [id=null, cell=Cell [x=4, y=4], subject=brown, time=2015-05-25 08:50:35.75, clock=0]
     [java] CT writes: Tile [id=null, cell=Cell [x=4, y=4], subject=brown, time=2015-05-25 08:50:35.751, clock=0]
     [java] CT writes: Tile [id=null, cell=Cell [x=4, y=5], subject=yellow, time=2015-05-25 08:50:35.752, clock=0]
     [java] CT writes: Tile [id=null, cell=Cell [x=4, y=5], subject=yellow, time=2015-05-25 08:50:35.753, clock=0]
     [java] CT writes: Tile [id=null, cell=Cell [x=4, y=6], subject=brown, time=2015-05-25 08:50:35.754, clock=0]
     [java] CT writes: Tile [id=null, cell=Cell [x=4, y=6], subject=brown, time=2015-05-25 08:50:35.754, clock=0]
     [java] CT writes: Tile [id=null, cell=Cell [x=2, y=0], subject=white, time=2015-05-25 08:50:35.756, clock=0]
     [java] CT writes: Tile [id=null, cell=Cell [x=5, y=0], subject=yellow, time=2015-05-25 08:50:35.756, clock=0]
     [java] CT writes: Tile [id=null, cell=Cell [x=5, y=0], subject=yellow, time=2015-05-25 08:50:35.756, clock=0]
     [java] CT writes: Tile [id=null, cell=Cell [x=2, y=1], subject=white, time=2015-05-25 08:50:35.777, clock=0]
     [java] CT writes: Tile [id=null, cell=Cell [x=5, y=1], subject=white, time=2015-05-25 08:50:35.789, clock=0]
     [java] CT writes: Tile [id=null, cell=Cell [x=5, y=2], subject=brown, time=2015-05-25 08:50:35.798, clock=0]
     [java] CT writes: Tile [id=null, cell=Cell [x=2, y=2], subject=brown, time=2015-05-25 08:50:35.803, clock=0]
     [java] CT writes: Tile [id=null, cell=Cell [x=5, y=3], subject=yellow, time=2015-05-25 08:50:35.805, clock=0]
     [java] CT writes: Tile [id=null, cell=Cell [x=5, y=1], subject=white, time=2015-05-25 08:50:35.805, clock=0]
     [java] CT writes: Tile [id=null, cell=Cell [x=2, y=3], subject=blue, time=2015-05-25 08:50:35.806, clock=0]
     [java] CT writes: Tile [id=null, cell=Cell [x=2, y=4], subject=white, time=2015-05-25 08:50:35.809, clock=0]
     [java] CT writes: Tile [id=null, cell=Cell [x=5, y=4], subject=blue, time=2015-05-25 08:50:35.811, clock=0]
     [java] CT writes: Tile [id=null, cell=Cell [x=5, y=2], subject=brown, time=2015-05-25 08:50:35.812, clock=0]
     [java] CT writes: Tile [id=null, cell=Cell [x=2, y=5], subject=brown, time=2015-05-25 08:50:35.812, clock=0]
     [java] CT writes: Tile [id=null, cell=Cell [x=5, y=5], subject=brown, time=2015-05-25 08:50:35.814, clock=0]
     [java] CT writes: Tile [id=null, cell=Cell [x=2, y=6], subject=brown, time=2015-05-25 08:50:35.814, clock=0]
     [java] CT writes: Tile [id=null, cell=Cell [x=5, y=6], subject=white, time=2015-05-25 08:50:35.818, clock=0]
     [java] CT writes: Tile [id=null, cell=Cell [x=6, y=0], subject=blue, time=2015-05-25 08:50:35.821, clock=0]
     [java] CT writes: Tile [id=null, cell=Cell [x=3, y=0], subject=white, time=2015-05-25 08:50:35.823, clock=0]
     [java] CT writes: Tile [id=null, cell=Cell [x=5, y=3], subject=yellow, time=2015-05-25 08:50:35.824, clock=0]
     [java] CT writes: Tile [id=null, cell=Cell [x=6, y=1], subject=brown, time=2015-05-25 08:50:35.824, clock=0]
     [java] CT writes: Tile [id=null, cell=Cell [x=3, y=1], subject=yellow, time=2015-05-25 08:50:35.825, clock=0]
     [java] CT writes: Tile [id=null, cell=Cell [x=6, y=2], subject=white, time=2015-05-25 08:50:35.826, clock=0]
     [java] CT writes: Tile [id=null, cell=Cell [x=3, y=2], subject=blue, time=2015-05-25 08:50:35.827, clock=0]
     [java] CT writes: Tile [id=null, cell=Cell [x=5, y=4], subject=blue, time=2015-05-25 08:50:35.829, clock=0]
     [java] CT writes: Tile [id=null, cell=Cell [x=3, y=3], subject=blue, time=2015-05-25 08:50:35.831, clock=0]
     [java] CT writes: Tile [id=null, cell=Cell [x=6, y=3], subject=brown, time=2015-05-25 08:50:35.831, clock=0]
     [java] CT writes: Tile [id=null, cell=Cell [x=3, y=4], subject=yellow, time=2015-05-25 08:50:35.833, clock=0]
     [java] CT writes: Tile [id=null, cell=Cell [x=6, y=4], subject=white, time=2015-05-25 08:50:35.834, clock=0]
     [java] CT writes: Tile [id=null, cell=Cell [x=5, y=5], subject=brown, time=2015-05-25 08:50:35.835, clock=0]
     [java] CT writes: Tile [id=null, cell=Cell [x=6, y=5], subject=brown, time=2015-05-25 08:50:35.838, clock=0]
     [java] CT writes: Tile [id=null, cell=Cell [x=3, y=5], subject=yellow, time=2015-05-25 08:50:35.838, clock=0]
     [java] CT writes: Tile [id=null, cell=Cell [x=3, y=6], subject=white, time=2015-05-25 08:50:35.84, clock=0]
     [java] CT writes: Tile [id=null, cell=Cell [x=4, y=0], subject=brown, time=2015-05-25 08:50:35.843, clock=0]
     [java] CT writes: Tile [id=null, cell=Cell [x=6, y=6], subject=white, time=2015-05-25 08:50:35.845, clock=0]
     [java] CT writes: Tile [id=null, cell=Cell [x=5, y=6], subject=white, time=2015-05-25 08:50:35.848, clock=0]
     [java] CT writes: Tile [id=null, cell=Cell [x=4, y=1], subject=blue, time=2015-05-25 08:50:35.848, clock=0]
     [java] CT writes: Tile [id=null, cell=Cell [x=4, y=2], subject=yellow, time=2015-05-25 08:50:35.85, clock=0]
     [java] CT writes: Tile [id=null, cell=Cell [x=4, y=3], subject=blue, time=2015-05-25 08:50:35.854, clock=0]
     [java] CT writes: Tile [id=null, cell=Cell [x=6, y=0], subject=blue, time=2015-05-25 08:50:35.855, clock=0]
     [java] CT writes: Tile [id=null, cell=Cell [x=4, y=4], subject=brown, time=2015-05-25 08:50:35.856, clock=0]
     [java] CT writes: Tile [id=null, cell=Cell [x=4, y=5], subject=yellow, time=2015-05-25 08:50:35.868, clock=0]
     [java] CT writes: Tile [id=null, cell=Cell [x=6, y=1], subject=brown, time=2015-05-25 08:50:35.871, clock=0]
     [java] CT writes: Tile [id=null, cell=Cell [x=4, y=6], subject=brown, time=2015-05-25 08:50:35.871, clock=0]
     [java] CT writes: Tile [id=null, cell=Cell [x=5, y=0], subject=yellow, time=2015-05-25 08:50:35.873, clock=0]
     [java] CT writes: Tile [id=null, cell=Cell [x=6, y=2], subject=white, time=2015-05-25 08:50:35.875, clock=0]
     [java] CT writes: Tile [id=null, cell=Cell [x=5, y=1], subject=white, time=2015-05-25 08:50:35.875, clock=0]
     [java] CT writes: Tile [id=null, cell=Cell [x=5, y=2], subject=brown, time=2015-05-25 08:50:35.877, clock=0]
     [java] CT writes: Tile [id=null, cell=Cell [x=6, y=3], subject=brown, time=2015-05-25 08:50:35.878, clock=0]
     [java] CT writes: Tile [id=null, cell=Cell [x=5, y=3], subject=yellow, time=2015-05-25 08:50:35.879, clock=0]
     [java] CT writes: Tile [id=null, cell=Cell [x=5, y=4], subject=blue, time=2015-05-25 08:50:35.881, clock=0]
     [java] CT writes: Tile [id=null, cell=Cell [x=6, y=4], subject=white, time=2015-05-25 08:50:35.883, clock=0]
     [java] CT writes: Tile [id=null, cell=Cell [x=5, y=5], subject=brown, time=2015-05-25 08:50:36.007, clock=0]
     [java] CT writes: Tile [id=null, cell=Cell [x=6, y=5], subject=brown, time=2015-05-25 08:50:36.008, clock=0]
     [java] CT writes: Tile [id=null, cell=Cell [x=5, y=6], subject=white, time=2015-05-25 08:50:36.009, clock=0]
     [java] CT writes: Tile [id=null, cell=Cell [x=6, y=6], subject=white, time=2015-05-25 08:50:36.009, clock=0]
     [java] CT writes: Tile [id=null, cell=Cell [x=6, y=0], subject=blue, time=2015-05-25 08:50:36.011, clock=0]
     [java] CT writes: Tile [id=null, cell=Cell [x=6, y=1], subject=brown, time=2015-05-25 08:50:36.014, clock=0]
     [java] CT writes: Tile [id=null, cell=Cell [x=6, y=2], subject=white, time=2015-05-25 08:50:36.016, clock=0]
     [java] CT writes: Tile [id=null, cell=Cell [x=6, y=3], subject=brown, time=2015-05-25 08:50:36.018, clock=0]
     [java] CT writes: Tile [id=null, cell=Cell [x=6, y=4], subject=white, time=2015-05-25 08:50:36.03, clock=0]
     [java] CT writes: Tile [id=null, cell=Cell [x=6, y=5], subject=brown, time=2015-05-25 08:50:36.032, clock=0]
     [java] CT writes: Tile [id=null, cell=Cell [x=6, y=6], subject=white, time=2015-05-25 08:50:36.034, clock=0]
     [java] CT writes goal: Goal [id=null, cell=Cell [x=3, y=3], agent=null, time=null, clock=0]
     [java] CT writes: Goal [id=null, cell=Cell [x=3, y=3], agent=null, time=2015-05-25 08:50:36.096, clock=0]
     [java] CT writes goal: Goal [id=null, cell=Cell [x=3, y=3], agent=null, time=null, clock=0]
     [java] CT writes: Goal [id=null, cell=Cell [x=3, y=3], agent=null, time=2015-05-25 08:50:36.162, clock=0]
     [java] CT writes goal: Goal [id=null, cell=Cell [x=3, y=3], agent=null, time=null, clock=0]
     [java] CT writes: Goal [id=null, cell=Cell [x=3, y=3], agent=null, time=2015-05-25 08:50:36.174, clock=0]
     [java] CT writes setGoal: Group [name=g, ra=a10, clock=0, time=2015-05-25 08:50:36.402]
     [java] CT writes setGoal: Group [name=g, ra=a10, clock=0, time=2015-05-25 08:50:36.402]
     [java] CT writes setGoal: Group [name=g, ra=a10, clock=0, time=2015-05-25 08:50:36.402]
     [java] CT writes: Group [name=g, ra=a10, clock=0, time=2015-05-25 08:50:36.402]
     [java] CT writes: Group [name=g, ra=a10, clock=0, time=2015-05-25 08:50:36.402]
     [java] CT writes: Group [name=g, ra=a10, clock=0, time=2015-05-25 08:50:36.402]
     [java] revelation chips: { chips  'blue':0 'white':0 'brown':0 'yellow':0 }
     [java] revelation chips: { chips  'blue':0 'white':0 'brown':0 'yellow':0 }
     [java] revelation chips: { chips  'blue':0 'white':0 'brown':0 'yellow':0 }
     [java] revelation chips: { chips  'blue':0 'white':0 'brown':0 'yellow':0 }
     [java] revelation chips: { chips  'blue':0 'white':0 'brown':0 'yellow':0 }
     [java] revelation chips: { chips  'blue':0 'white':0 'brown':0 'yellow':0 }
     [java] revelation chips: { chips  'blue':0 'white':0 'brown':0 'yellow':0 }
     [java] revelation chips: { chips  'blue':0 'white':0 'brown':0 'yellow':0 }
     [java] revelation chips: { chips  'blue':0 'white':0 'brown':0 'yellow':0 }
     [java] revelation chips: { chips  'blue':0 'white':0 'brown':0 'yellow':0 }
     [java] revelation chips: { chips  'blue':0 'white':0 'brown':0 'yellow':0 }
     [java] revelation chips: { chips  'blue':0 'white':0 'brown':0 'yellow':0 }
     [java] CT notification: Time [clock=2, time=2015-05-25 08:50:39.262]
     [java] CT notification: Time [clock=2, time=2015-05-25 08:50:39.262]
     [java] CT notification: Time [clock=2, time=2015-05-25 08:50:39.262]
     [java] CT notification: Time [clock=3, time=2015-05-25 08:50:49.264]
     [java] CT notification: Time [clock=3, time=2015-05-25 08:50:49.264]
     [java] CT notification: Time [clock=3, time=2015-05-25 08:50:49.264]
     [java] CT notification: Time [clock=4, time=2015-05-25 08:50:59.27]
     [java] CT notification: Time [clock=4, time=2015-05-25 08:50:59.27]
     [java] CT notification: Time [clock=4, time=2015-05-25 08:50:59.27]
     [java] A New Phase Began: Communication Phase
     [java] A New Phase Began: Communication Phase
     [java] A New Phase Began: Communication Phase
     [java] CT notification: Time [clock=5, time=2015-05-25 08:51:09.273]
     [java] CT notification: Time [clock=5, time=2015-05-25 08:51:09.273]
     [java] CT notification: Time [clock=5, time=2015-05-25 08:51:09.273]
     [java] CT notification: Time [clock=6, time=2015-05-25 08:51:19.276]
     [java] CT notification: Time [clock=6, time=2015-05-25 08:51:19.276]
     [java] CT notification: Time [clock=6, time=2015-05-25 08:51:19.276]
     [java] CT notification: Time [clock=7, time=2015-05-25 08:51:29.278]
     [java] CT notification: Time [clock=7, time=2015-05-25 08:51:29.278]
     [java] CT notification: Time [clock=7, time=2015-05-25 08:51:29.278]
     [java] CT notification: Time [clock=8, time=2015-05-25 08:51:39.28]
     [java] CT notification: Time [clock=8, time=2015-05-25 08:51:39.28]
     [java] CT notification: Time [clock=8, time=2015-05-25 08:51:39.28]
     [java] INFO  BrokerService                  - ActiveMQ Message Broker (localhost, ID:kafka.local-62730-1432540198310-1:0) is shutting down
     [java] WARN  ActiveMQConnection             - Async exception with no exception listener: java.io.EOFException
     [java] java.io.EOFException
     [java] 	at java.io.DataInputStream.readInt(DataInputStream.java:375)
     [java] 	at org.apache.activemq.openwire.OpenWireFormat.unmarshal(OpenWireFormat.java:269)
     [java] 	at org.apache.activemq.transport.tcp.TcpTransport.readCommand(TcpTransport.java:156)
     [java] 	at org.apache.activemq.transport.tcp.TcpTransport.run(TcpTransport.java:136)
     [java] 	at java.lang.Thread.run(Thread.java:695)
     [java] WARN  ActiveMQConnection             - Async exception with no exception listener: java.io.EOFException
     [java] java.io.EOFException
     [java] 	at java.io.DataInputStream.readInt(DataInputStream.java:375)
     [java] 	at org.apache.activemq.openwire.OpenWireFormat.unmarshal(OpenWireFormat.java:269)
     [java] 	at org.apache.activemq.transport.tcp.TcpTransport.readCommand(TcpTransport.java:156)
     [java] 	at org.apache.activemq.transport.tcp.TcpTransport.run(TcpTransport.java:136)
     [java] 	at java.lang.Thread.run(Thread.java:695)
     [java] INFO  TransportConnector             - Connector tcp://kafka.local:8088 Stopped
     [java] INFO  BrokerService                  - ActiveMQ JMS Message Broker (localhost, ID:kafka.local-62730-1432540198310-1:0) stopped
     [java] Java Result: 143

BUILD SUCCESSFUL
Total time: 1 minute 48 seconds
