Buildfile: /Users/dxd/git/ct3/WebCT/build.xml

runserver:
     [java] INFO  BrokerService                  - ActiveMQ null JMS Message Broker (localhost) is starting
     [java] INFO  BrokerService                  - For help or more information please see: http://activemq.apache.org/
     [java] INFO  AMQPersistenceAdapter          - AMQStore starting using directory: activemq-data/localhost
     [java] INFO  KahaStore                      - Kaha Store using data directory /Users/dxd/git/ct3/WebCT/activemq-data/localhost/kr-store
     [java] INFO  AMQPersistenceAdapter          - Active data files: []
     [java] INFO  AMQPersistenceAdapter          - Journal Recovery Started from: DataManager:(data-)
     [java] INFO  AMQPersistenceAdapter          - Recovered 0 operations from redo log in 0.218 seconds.
     [java] INFO  BrokerService                  - Using Persistence Adapter: AMQPersistenceAdapter(activemq-data/localhost)
     [java] INFO  TransportServerThreadSupport   - Listening for connections at: tcp://kafka.local:8088
     [java] INFO  TransportConnector             - Connector tcp://kafka.local:8088 Started
     [java] INFO  BrokerService                  - ActiveMQ JMS Message Broker (localhost, ID:kafka.local-56085-1433362192200-1:0) started
     [java] INFO  root                           - Started the JMS Server
     [java] INFO  ManagementContext              - JMX consoles can connect to service:jmx:rmi:///jndi/rmi://localhost:1099/jmxrmi
     [java] INFO  BrokerService                  - About to delete any non-persistent messages that may have overflowed to disk ...
     [java] INFO  KahaStore                      - Kaha Store successfully deleted data directory activemq-data/localhost/tmp_storage
     [java] INFO  BrokerService                  - Successfully deleted temporary storage
     [java] INFO  root                           - Controller Interface has been started
     [java] INFO  root                           - ColoredTrails is now running...
     [java] Adding client state for 10
     [java] Adding client state for 30
     [java] Adding client state for 40
     [java] INFO  root                           - Colored Trails Server received a subcription message from client: 10 [192.168.1.102] of type 
     [java] INFO  root                           - Colored Trails Server received a subcription message from client: 30 [192.168.1.102] of type 
     [java] INFO  root                           - Colored Trails Server received a subcription message from client: 40 [192.168.1.102] of type 
     [java] INFO  root                           - Colored Trails Server received a subcription message from client: 20 [192.168.1.102] of type 
     [java] Adding client state for 20
     [java] Received message to add config class from: admin
     [java] INFO  root                           - Received message from admin: SET_CONFIGURATION
     [java] INFO  root                           - Received message from admin client:ADD_CONFIGURATION
     [java] DEBUG root                           - Administrator: adding configuration file [WebCTInputFileConfig] class name: WebCTInputFileConfig
     [java] INFO  root                           - Received message from admin client:NEW_GAME
     [java] DEBUG root                           - Administrator: newGame configName = [WebCTInputFileConfig] 
     [java] DEBUG root                           - Administrator: newGame adding Player: [10]
     [java] DEBUG root                           - Administrator: newGame adding Player: [20]
     [java] DEBUG root                           - Administrator: newGame adding Player: [30]
     [java] DEBUG root                           - Administrator: newGame adding Player: [40]
     [java] DEBUG root                           - ServerData addNewGame -- config file
     [java] DEBUG root                           - ServerData addNewGame -- Starting ServerGameStatus
     [java] DEBUG root                           - ServerData addNewGame -- Starting a new game with id: 0
     [java] DEBUG root                           - ClientCommands creating new Topic: ct3.game.0
     [java] DEBUG root                           - sending sendClientSubscribeToGameMessage: for game [0] and player [10]
     [java] DEBUG root                           - sending sendClientSubscribeToGameMessage: for game [0] and player [20]
     [java] DEBUG root                           - sending sendClientSubscribeToGameMessage: for game [0] and player [30]
     [java] DEBUG root                           - sending sendClientSubscribeToGameMessage: for game [0] and player [40]
     [java] INFO  root                           - Received message from admin client:LIST_GAMES
     [java] INFO  root                           - Received message from admin client:LIST_CONFIGURATIONS
     [java] received client subscribed successfully message
     [java] received client subscribed successfully message
     [java] received client subscribed successfully message
     [java] received client subscribed successfully message
     [java] All players subscribed to game, trying to start
     [java] INFO  root                           - Sending reply to controller: NEW_GAME_REPLY
     [java] DEBUG root                           - sendGameStart
     [java] DEBUG root                           - sendGameStart to controller
     [java] DEBUG root                           - sending game id = 0
     [java] INFO  root                           - Starting spaces 1
     [java] DEBUG UrlSpaceFactoryBean            - Finding Space with URL [jini:/*/*/myGrid] and properties [{com.j_spaces.core.container.shutdown_hook=false}]
     [java] 2015-06-03 21:10:26,963  INFO [com.gigaspaces.localcache] - LocalCache#1-myGrid was created successfully. Total time: 357 milliseconds
     [java] 2015-06-03 21:10:26,968 CONFIG [com.gigaspaces.logger] - Log file: /Users/dxd/git/ct3/logs/2015-06-03~21.10-gigaspaces-service-192.168.1.102-65066.log
     [java] DEBUG GigaSpaceFactoryBean           - Clustered flag automatically set to [true] since the space is a local cache space for bean [null]
     [java] DEBUG UrlSpaceFactoryBean            - Finding Space with URL [jini://*/*/myGrid] and properties [{com.j_spaces.core.container.shutdown_hook=false}]
     [java] zatim dobry
     [java] Let the game begin...
     [java] game id= 0
     [java] ---- Sending Scoring Change ----
     [java] setPhases in GameStatus
     [java] A New Phase Began: Norm Phase
     [java] -------- Creating Board --------
     [java] CT writes: Tile [id=null, cell=Cell [x=0, y=0], subject=blue, time=2015-06-03 21:10:27.086, clock=0]
     [java] CT writes: Tile [id=null, cell=Cell [x=0, y=1], subject=brown, time=2015-06-03 21:10:27.115, clock=0]
     [java] CT writes: Tile [id=null, cell=Cell [x=0, y=2], subject=brown, time=2015-06-03 21:10:27.117, clock=0]
     [java] CT writes: Tile [id=null, cell=Cell [x=0, y=3], subject=brown, time=2015-06-03 21:10:27.122, clock=0]
     [java] CT writes: Tile [id=null, cell=Cell [x=0, y=4], subject=brown, time=2015-06-03 21:10:27.126, clock=0]
     [java] CT writes: Tile [id=null, cell=Cell [x=0, y=5], subject=blue, time=2015-06-03 21:10:27.131, clock=0]
     [java] CT writes: Tile [id=null, cell=Cell [x=0, y=6], subject=brown, time=2015-06-03 21:10:27.136, clock=0]
     [java] CT writes: Tile [id=null, cell=Cell [x=1, y=0], subject=yellow, time=2015-06-03 21:10:27.14, clock=0]
     [java] CT writes: Tile [id=null, cell=Cell [x=1, y=1], subject=blue, time=2015-06-03 21:10:27.144, clock=0]
     [java] CT writes: Tile [id=null, cell=Cell [x=1, y=2], subject=brown, time=2015-06-03 21:10:27.148, clock=0]
     [java] CT writes: Tile [id=null, cell=Cell [x=1, y=3], subject=white, time=2015-06-03 21:10:27.153, clock=0]
     [java] CT writes: Tile [id=null, cell=Cell [x=1, y=4], subject=white, time=2015-06-03 21:10:27.158, clock=0]
     [java] CT writes: Tile [id=null, cell=Cell [x=1, y=5], subject=brown, time=2015-06-03 21:10:27.162, clock=0]
     [java] CT writes: Tile [id=null, cell=Cell [x=1, y=6], subject=yellow, time=2015-06-03 21:10:27.166, clock=0]
     [java] CT writes: Tile [id=null, cell=Cell [x=2, y=0], subject=yellow, time=2015-06-03 21:10:27.169, clock=0]
     [java] CT writes: Tile [id=null, cell=Cell [x=2, y=1], subject=blue, time=2015-06-03 21:10:27.174, clock=0]
     [java] CT writes: Tile [id=null, cell=Cell [x=2, y=2], subject=white, time=2015-06-03 21:10:27.182, clock=0]
     [java] CT writes: Tile [id=null, cell=Cell [x=2, y=3], subject=blue, time=2015-06-03 21:10:27.187, clock=0]
     [java] CT writes: Tile [id=null, cell=Cell [x=2, y=4], subject=yellow, time=2015-06-03 21:10:27.191, clock=0]
     [java] CT writes: Tile [id=null, cell=Cell [x=2, y=5], subject=blue, time=2015-06-03 21:10:27.196, clock=0]
     [java] CT writes: Tile [id=null, cell=Cell [x=2, y=6], subject=yellow, time=2015-06-03 21:10:27.202, clock=0]
     [java] CT writes: Tile [id=null, cell=Cell [x=3, y=0], subject=white, time=2015-06-03 21:10:27.207, clock=0]
     [java] CT writes: Tile [id=null, cell=Cell [x=3, y=1], subject=blue, time=2015-06-03 21:10:27.22, clock=0]
     [java] CT writes: Tile [id=null, cell=Cell [x=3, y=2], subject=brown, time=2015-06-03 21:10:27.239, clock=0]
     [java] CT writes: Tile [id=null, cell=Cell [x=3, y=3], subject=blue, time=2015-06-03 21:10:27.244, clock=0]
     [java] CT writes: Tile [id=null, cell=Cell [x=3, y=4], subject=brown, time=2015-06-03 21:10:27.248, clock=0]
     [java] CT writes: Tile [id=null, cell=Cell [x=3, y=5], subject=brown, time=2015-06-03 21:10:27.252, clock=0]
     [java] CT writes: Tile [id=null, cell=Cell [x=3, y=6], subject=yellow, time=2015-06-03 21:10:27.261, clock=0]
     [java] CT writes: Tile [id=null, cell=Cell [x=4, y=0], subject=yellow, time=2015-06-03 21:10:27.264, clock=0]
     [java] CT writes: Tile [id=null, cell=Cell [x=4, y=1], subject=yellow, time=2015-06-03 21:10:27.268, clock=0]
     [java] CT writes: Tile [id=null, cell=Cell [x=4, y=2], subject=white, time=2015-06-03 21:10:27.27, clock=0]
     [java] CT writes: Tile [id=null, cell=Cell [x=4, y=3], subject=blue, time=2015-06-03 21:10:27.277, clock=0]
     [java] CT writes: Tile [id=null, cell=Cell [x=4, y=4], subject=yellow, time=2015-06-03 21:10:27.282, clock=0]
     [java] CT writes: Tile [id=null, cell=Cell [x=4, y=5], subject=white, time=2015-06-03 21:10:27.285, clock=0]
     [java] CT writes: Tile [id=null, cell=Cell [x=4, y=6], subject=brown, time=2015-06-03 21:10:27.29, clock=0]
     [java] CT writes: Tile [id=null, cell=Cell [x=5, y=0], subject=yellow, time=2015-06-03 21:10:27.295, clock=0]
     [java] CT writes: Tile [id=null, cell=Cell [x=5, y=1], subject=yellow, time=2015-06-03 21:10:27.299, clock=0]
     [java] CT writes: Tile [id=null, cell=Cell [x=5, y=2], subject=brown, time=2015-06-03 21:10:27.302, clock=0]
     [java] CT writes: Tile [id=null, cell=Cell [x=5, y=3], subject=brown, time=2015-06-03 21:10:27.315, clock=0]
     [java] CT writes: Tile [id=null, cell=Cell [x=5, y=4], subject=blue, time=2015-06-03 21:10:27.323, clock=0]
     [java] CT writes: Tile [id=null, cell=Cell [x=5, y=5], subject=yellow, time=2015-06-03 21:10:27.327, clock=0]
     [java] CT writes: Tile [id=null, cell=Cell [x=5, y=6], subject=brown, time=2015-06-03 21:10:27.331, clock=0]
     [java] CT writes: Tile [id=null, cell=Cell [x=6, y=0], subject=brown, time=2015-06-03 21:10:27.335, clock=0]
     [java] CT writes: Tile [id=null, cell=Cell [x=6, y=1], subject=white, time=2015-06-03 21:10:27.339, clock=0]
     [java] CT writes: Tile [id=null, cell=Cell [x=6, y=2], subject=white, time=2015-06-03 21:10:27.344, clock=0]
     [java] CT writes: Tile [id=null, cell=Cell [x=6, y=3], subject=brown, time=2015-06-03 21:10:27.347, clock=0]
     [java] CT writes: Tile [id=null, cell=Cell [x=6, y=4], subject=blue, time=2015-06-03 21:10:27.351, clock=0]
     [java] CT writes: Tile [id=null, cell=Cell [x=6, y=5], subject=blue, time=2015-06-03 21:10:27.354, clock=0]
     [java] CT writes: Tile [id=null, cell=Cell [x=6, y=6], subject=blue, time=2015-06-03 21:10:27.357, clock=0]
     [java] CT writes goal: Goal [id=null, cell=Cell [x=3, y=4], agent=null, time=null, clock=0]
     [java] CT writes: Goal [id=null, cell=Cell [x=3, y=4], agent=null, time=2015-06-03 21:10:27.4, clock=0]
     [java] CT writes setGoal: Group [name=g, ra=a10, type=raaa, clock=0, time=2015-06-03 21:10:27.479]
     [java] CT writes: Group [name=g, ra=a10, type=raaa, clock=0, time=2015-06-03 21:10:27.479]
     [java] CT notification: Obligation [subject=a10, obligation=[surround(3, 4)], sanction=[reduce(g, 700)], deadline=25, time=2015-06-03 21:10:27.497, clock=3]
     [java] 10
     [java] 10
     [java] 10
     [java] CT obligation: [Obligation to coordinate other players (with the use of norms) to surround a goal [3,4] from left, right, top and bottom  before the clock: 25 or 700 points will be deducted.]
     [java] CT notification: Prohibition [subject=a10, prohibition=[rejectRequests(a10)], sanction=[reduce(a10, 200)], clock=3, time=2015-06-03 21:10:27.501]
     [java] 10
     [java] 10
     [java] 10
     [java] CT prohibition: [Prohibition to reject requests for chips from the other players or 200 points will be deducted.]
     [java] CT notification: Prohibition [subject=a20, prohibition=[rejectRequests(a20)], sanction=[reduce(a20, 200)], clock=3, time=2015-06-03 21:10:27.503]
     [java] 20
     [java] 20
     [java] CT prohibition: [Prohibition to reject requests for chips from the other players or 200 points will be deducted.]
     [java] CT notification: Prohibition [subject=a30, prohibition=[rejectRequests(a30)], sanction=[reduce(a30, 200)], clock=3, time=2015-06-03 21:10:27.506]
     [java] 30
     [java] 30
     [java] 30
     [java] 30
     [java] CT prohibition: [Prohibition to reject requests for chips from the other players or 200 points will be deducted.]
     [java] CT notification: Prohibition [subject=a40, prohibition=[rejectRequests(a40)], sanction=[reduce(a40, 200)], clock=3, time=2015-06-03 21:10:27.51]
     [java] 40
     [java] CT prohibition: [Prohibition to reject requests for chips from the other players or 200 points will be deducted.]
     [java] CT notification: Prohibition [subject=a10, prohibition=[moveTooFast(a10)], sanction=[reduce(a10, 300)], clock=3, time=2015-06-03 21:10:27.512]
     [java] 10
     [java] 10
     [java] 10
     [java] CT prohibition: [Prohibition to reject requests for chips from the other players or 200 points will be deducted., Prohibition to move more than 1 square per clock tick or 300 points will be deducted.]
     [java] CT notification: Prohibition [subject=a20, prohibition=[moveTooFast(a20)], sanction=[reduce(a20, 300)], clock=3, time=2015-06-03 21:10:27.514]
     [java] 20
     [java] 20
     [java] CT prohibition: [Prohibition to reject requests for chips from the other players or 200 points will be deducted., Prohibition to move more than 1 square per clock tick or 300 points will be deducted.]
     [java] CT notification: Prohibition [subject=a30, prohibition=[moveTooFast(a30)], sanction=[reduce(a30, 300)], clock=3, time=2015-06-03 21:10:27.517]
     [java] 30
     [java] 30
     [java] 30
     [java] 30
     [java] CT prohibition: [Prohibition to reject requests for chips from the other players or 200 points will be deducted., Prohibition to move more than 1 square per clock tick or 300 points will be deducted.]
     [java] CT notification: Prohibition [subject=a40, prohibition=[moveTooFast(a40)], sanction=[reduce(a40, 300)], clock=3, time=2015-06-03 21:10:27.521]
     [java] 40
     [java] CT prohibition: [Prohibition to reject requests for chips from the other players or 200 points will be deducted., Prohibition to move more than 1 square per clock tick or 300 points will be deducted.]
     [java] CT notification: Time [clock=4, time=2015-06-03 21:10:35.93]
     [java] CT notification: Obligation [subject=a10, obligation=[at(3, 3, a10)], sanction=[reduce(a10, 700)], deadline=22, time=2015-06-03 21:10:37.54, clock=4]
     [java] 10
     [java] 10
     [java] 10
     [java] CT obligation: [Obligation to coordinate other players (with the use of norms) to surround a goal [3,4] from left, right, top and bottom  before the clock: 25 or 700 points will be deducted., Obligation to be at the grid tile [3,3] before the clock: 22 or 700 points will be deducted.]
     [java] CT set goal: Goal: id = goal1  type = 0  location = (R:3,C:3)  URL = null
     [java] CT notification: Obligation [subject=a20, obligation=[at(2, 4, a20)], sanction=[reduce(a20, 700)], deadline=22, time=2015-06-03 21:10:37.641, clock=4]
     [java] 20
     [java] 20
     [java] CT obligation: [Obligation to be at the grid tile [2,4] before the clock: 22 or 700 points will be deducted.]
     [java] CT set goal: Goal: id = goal3  type = 1  location = (R:2,C:4)  URL = null
     [java] CT notification: Obligation [subject=a30, obligation=[at(4, 4, a30)], sanction=[reduce(a30, 700)], deadline=22, time=2015-06-03 21:10:37.738, clock=4]
     [java] 30
     [java] 30
     [java] 30
     [java] 30
     [java] CT obligation: [Obligation to be at the grid tile [4,4] before the clock: 22 or 700 points will be deducted.]
     [java] CT set goal: Goal: id = goal5  type = 2  location = (R:4,C:4)  URL = null
     [java] CT notification: Obligation [subject=a40, obligation=[at(3, 5, a40)], sanction=[reduce(a40, 700)], deadline=22, time=2015-06-03 21:10:37.838, clock=4]
     [java] 40
     [java] CT obligation: [Obligation to be at the grid tile [3,5] before the clock: 22 or 700 points will be deducted.]
     [java] CT set goal: Goal: id = goal7  type = 3  location = (R:3,C:5)  URL = null
     [java] CT notification: Prohibition [subject=a10, prohibition=[color(yellow, a10)], sanction=[reduce(a10, 100)], clock=4, time=2015-06-03 21:10:38.283]
     [java] 10
     [java] 10
     [java] 10
     [java] CT prohibition: [Prohibition to reject requests for chips from the other players or 200 points will be deducted., Prohibition to move more than 1 square per clock tick or 300 points will be deducted., Prohibition to use a tile with color yellow or 100 points will be deducted.]
     [java] CT notification: Prohibition [subject=a20, prohibition=[color(blue, a20)], sanction=[reduce(a20, 100)], clock=4, time=2015-06-03 21:10:38.34]
     [java] 20
     [java] 20
     [java] CT prohibition: [Prohibition to reject requests for chips from the other players or 200 points will be deducted., Prohibition to move more than 1 square per clock tick or 300 points will be deducted., Prohibition to use a tile with color blue or 100 points will be deducted.]
     [java] CT notification: Prohibition [subject=a30, prohibition=[color(white, a30)], sanction=[reduce(a30, 100)], clock=4, time=2015-06-03 21:10:38.421]
     [java] 30
     [java] 30
     [java] 30
     [java] 30
     [java] CT prohibition: [Prohibition to reject requests for chips from the other players or 200 points will be deducted., Prohibition to move more than 1 square per clock tick or 300 points will be deducted., Prohibition to use a tile with color white or 100 points will be deducted.]
     [java] CT notification: Prohibition [subject=a40, prohibition=[color(blue, a40)], sanction=[reduce(a40, 100)], clock=4, time=2015-06-03 21:10:38.509]
     [java] 40
     [java] CT prohibition: [Prohibition to reject requests for chips from the other players or 200 points will be deducted., Prohibition to move more than 1 square per clock tick or 300 points will be deducted., Prohibition to use a tile with color blue or 100 points will be deducted.]
     [java] CT notification: Time [clock=5, time=2015-06-03 21:10:45.932]
     [java] CT notification: Time [clock=6, time=2015-06-03 21:10:55.934]
     [java] CT notification: Time [clock=7, time=2015-06-03 21:11:05.937]
     [java] CT notification: Time [clock=8, time=2015-06-03 21:11:15.94]
     [java] CT notification: Time [clock=9, time=2015-06-03 21:11:25.943]
     [java] CT notification: Time [clock=10, time=2015-06-03 21:11:35.946]
     [java] A New Phase Began: Movement Phase
     [java] DEBUG root                           - received a discourse mesage... 10
     [java] Received Discourse Message 
     [java] Class: class edu.harvard.eecs.airg.coloredtrails.shared.discourse.BasicProposalDiscourseMessage
     [java] From: 0
     [java] To: 1
     [java] DEBUG root                           - sendGameDiscourseMessage class edu.harvard.eecs.airg.coloredtrails.shared.discourse.BasicProposalDiscourseMessage
     [java] DEBUG root                           - FROM: 0 TO: 1(PIN: 20)
     [java] CT writes: Proposal [id=4212, agent=a10, agent2=a20, clock=10, time=2015-06-03 21:11:45.401]
     [java] CT notification: Obligation [subject=a20, obligation=[respondToRequest(4212)], sanction=[reduce(a20, 300)], deadline=15, time=2015-06-03 21:11:45.417, clock=10]
     [java] 20
     [java] 20
     [java] CT obligation: [Obligation to be at the grid tile [2,4] before the clock: 22 or 700 points will be deducted., Obligation to respond to request with id: 4212 before the clock: 15 or 300 points will be deducted.]
     [java] CT notification: Time [clock=11, time=2015-06-03 21:11:45.951]
     [java] DEBUG root                           - received a discourse mesage... 30
     [java] Received Discourse Message 
     [java] Class: class edu.harvard.eecs.airg.coloredtrails.shared.discourse.BasicProposalDiscourseMessage
     [java] From: 2
     [java] To: 1
     [java] DEBUG root                           - sendGameDiscourseMessage class edu.harvard.eecs.airg.coloredtrails.shared.discourse.BasicProposalDiscourseMessage
     [java] DEBUG root                           - FROM: 2 TO: 1(PIN: 20)
     [java] CT writes: Proposal [id=4680, agent=a30, agent2=a20, clock=11, time=2015-06-03 21:11:46.422]
     [java] CT notification: Obligation [subject=a20, obligation=[respondToRequest(4680)], sanction=[reduce(a20, 300)], deadline=16, time=2015-06-03 21:11:46.427, clock=11]
     [java] 20
     [java] 20
     [java] CT obligation: [Obligation to be at the grid tile [2,4] before the clock: 22 or 700 points will be deducted., Obligation to respond to request with id: 4212 before the clock: 15 or 300 points will be deducted., Obligation to respond to request with id: 4680 before the clock: 16 or 300 points will be deducted.]
     [java] DEBUG root                           - received a discourse mesage... 20
     [java] Received Discourse Message 
     [java] Class: class edu.harvard.eecs.airg.coloredtrails.shared.discourse.BasicProposalDiscussionDiscourseMessage
     [java] From: 1
     [java] To: 2
     [java] DEBUG root                           - sendGameDiscourseMessage class edu.harvard.eecs.airg.coloredtrails.shared.discourse.BasicProposalDiscussionDiscourseMessage
     [java] DEBUG root                           - FROM: 1 TO: 2(PIN: 30)
     [java] ---- BasicProposalDiscussionDiscourseMessage ----Discourse Message...
     [java] From PerGameId: 1.
     [java] To PerGameId: 2.
     [java] 
     [java] CT writes: Response [id=4680, response=accepted, clock=11, time=2015-06-03 21:11:48.986]
     [java] We have an accepted offer, chips before: 
     [java] player pin: 40
     [java] player chips: { chips  'blue':0 'white':0 'brown':0 'yellow':9 }
     [java] player pin: 20
     [java] player chips: { chips  'blue':0 'white':0 'brown':9 'yellow':0 }
     [java] player pin: 10
     [java] player chips: { chips  'blue':0 'white':9 'brown':0 'yellow':0 }
     [java] player pin: 30
     [java] player chips: { chips  'blue':9 'white':0 'brown':0 'yellow':0 }
     [java] Initiating Automatic Chip Transfer
     [java] Proposer:  2
     [java] Sending: { chips  }
     [java] Responder: 1
     [java] Sending: { chips  'brown':1 }
     [java] EXECUTING AUTOMATIC CHIP TRANSFER
     [java] chips after: 
     [java] player pin: 40
     [java] player chips: { chips  'blue':0 'white':0 'brown':0 'yellow':9 }
     [java] player pin: 20
     [java] player chips: { chips  'blue':0 'white':0 'brown':8 'yellow':0 }
     [java] player pin: 10
     [java] player chips: { chips  'blue':0 'white':9 'brown':0 'yellow':0 }
     [java] player pin: 30
     [java] player chips: { chips  'blue':9 'white':0 'brown':1 'yellow':0 }
     [java] DEBUG root                           - received a move request...: 30
     [java] CT writes position: Position [subject=a30, id=null, cell=Cell [x=3, y=2], time=2015-06-03 21:11:49.472, clock=11]
     [java] CT writes: Position [subject=a30, id=null, cell=Cell [x=3, y=2], time=2015-06-03 21:11:49.472, clock=11]
     [java] CT notification: Obligation [subject=a30, obligation=[makeMove(3, 2, a30)], sanction=[reduce(a30, 300)], deadline=26, time=2015-06-03 21:11:49.495, clock=11]
     [java] 30
     [java] 30
     [java] 30
     [java] 30
     [java] CT obligation: [Obligation to be at the grid tile [4,4] before the clock: 22 or 700 points will be deducted., Obligation to make a movement on the board before the clock: 26 or 300 points will be deducted.]
     [java] DEBUG root                           - received a discourse mesage... 40
     [java] Received Discourse Message 
     [java] Class: class edu.harvard.eecs.airg.coloredtrails.shared.discourse.BasicProposalDiscourseMessage
     [java] From: 3
     [java] To: 0
     [java] DEBUG root                           - sendGameDiscourseMessage class edu.harvard.eecs.airg.coloredtrails.shared.discourse.BasicProposalDiscourseMessage
     [java] DEBUG root                           - FROM: 3 TO: 0(PIN: 10)
     [java] CT writes: Proposal [id=2386, agent=a40, agent2=a10, clock=11, time=2015-06-03 21:11:51.872]
     [java] CT notification: Obligation [subject=a10, obligation=[respondToRequest(2386)], sanction=[reduce(a10, 300)], deadline=16, time=2015-06-03 21:11:51.874, clock=11]
     [java] 10
     [java] 10
     [java] 10
     [java] CT obligation: [Obligation to coordinate other players (with the use of norms) to surround a goal [3,4] from left, right, top and bottom  before the clock: 25 or 700 points will be deducted., Obligation to be at the grid tile [3,3] before the clock: 22 or 700 points will be deducted., Obligation to respond to request with id: 2386 before the clock: 16 or 300 points will be deducted.]
     [java] DEBUG root                           - received a discourse mesage... 10
     [java] Received Discourse Message 
     [java] Class: class edu.harvard.eecs.airg.coloredtrails.shared.discourse.BasicProposalDiscussionDiscourseMessage
     [java] From: 0
     [java] To: 3
     [java] DEBUG root                           - sendGameDiscourseMessage class edu.harvard.eecs.airg.coloredtrails.shared.discourse.BasicProposalDiscussionDiscourseMessage
     [java] DEBUG root                           - FROM: 0 TO: 3(PIN: 40)
     [java] ---- BasicProposalDiscussionDiscourseMessage ----Discourse Message...
     [java] From PerGameId: 0.
     [java] To PerGameId: 3.
     [java] 
     [java] CT writes: Response [id=2386, response=accepted, clock=11, time=2015-06-03 21:11:52.969]
     [java] We have an accepted offer, chips before: 
     [java] player pin: 40
     [java] player chips: { chips  'blue':0 'white':0 'brown':0 'yellow':9 }
     [java] player pin: 20
     [java] player chips: { chips  'blue':0 'white':0 'brown':8 'yellow':0 }
     [java] player pin: 10
     [java] player chips: { chips  'blue':0 'white':9 'brown':0 'yellow':0 }
     [java] player pin: 30
     [java] player chips: { chips  'blue':9 'white':0 'brown':0 'yellow':0 }
     [java] Initiating Automatic Chip Transfer
     [java] Proposer:  3
     [java] Sending: { chips  }
     [java] Responder: 0
     [java] Sending: { chips  'white':1 }
     [java] EXECUTING AUTOMATIC CHIP TRANSFER
     [java] chips after: 
     [java] player pin: 40
     [java] player chips: { chips  'blue':0 'white':1 'brown':0 'yellow':9 }
     [java] player pin: 20
     [java] player chips: { chips  'blue':0 'white':0 'brown':8 'yellow':0 }
     [java] player pin: 10
     [java] player chips: { chips  'blue':0 'white':8 'brown':0 'yellow':0 }
     [java] player pin: 30
     [java] player chips: { chips  'blue':9 'white':0 'brown':0 'yellow':0 }
     [java] DEBUG root                           - received a move request...: 40
     [java] CT writes position: Position [subject=a40, id=null, cell=Cell [x=1, y=3], time=2015-06-03 21:11:53.333, clock=11]
     [java] CT writes: Position [subject=a40, id=null, cell=Cell [x=1, y=3], time=2015-06-03 21:11:53.333, clock=11]
     [java] CT notification: Obligation [subject=a40, obligation=[makeMove(1, 3, a40)], sanction=[reduce(a40, 300)], deadline=26, time=2015-06-03 21:11:53.337, clock=11]
     [java] 40
     [java] CT obligation: [Obligation to be at the grid tile [3,5] before the clock: 22 or 700 points will be deducted., Obligation to make a movement on the board before the clock: 26 or 300 points will be deducted.]
     [java] CT notification: Time [clock=12, time=2015-06-03 21:11:55.953]
     [java] DEBUG root                           - received a discourse mesage... 20
     [java] Received Discourse Message 
     [java] Class: class edu.harvard.eecs.airg.coloredtrails.shared.discourse.BasicProposalDiscourseMessage
     [java] From: 1
     [java] To: 3
     [java] DEBUG root                           - sendGameDiscourseMessage class edu.harvard.eecs.airg.coloredtrails.shared.discourse.BasicProposalDiscourseMessage
     [java] DEBUG root                           - FROM: 1 TO: 3(PIN: 40)
     [java] CT writes: Proposal [id=4385, agent=a20, agent2=a40, clock=12, time=2015-06-03 21:11:58.649]
     [java] CT notification: Obligation [subject=a40, obligation=[respondToRequest(4385)], sanction=[reduce(a40, 300)], deadline=17, time=2015-06-03 21:11:58.658, clock=12]
     [java] 40
     [java] CT obligation: [Obligation to be at the grid tile [3,5] before the clock: 22 or 700 points will be deducted., Obligation to make a movement on the board before the clock: 26 or 300 points will be deducted., Obligation to respond to request with id: 4385 before the clock: 17 or 300 points will be deducted.]
     [java] DEBUG root                           - received a discourse mesage... 30
     [java] Received Discourse Message 
     [java] Class: class edu.harvard.eecs.airg.coloredtrails.shared.discourse.BasicProposalDiscourseMessage
     [java] From: 2
     [java] To: 0
     [java] DEBUG root                           - sendGameDiscourseMessage class edu.harvard.eecs.airg.coloredtrails.shared.discourse.BasicProposalDiscourseMessage
     [java] DEBUG root                           - FROM: 2 TO: 0(PIN: 10)
     [java] CT writes: Proposal [id=7671, agent=a30, agent2=a10, clock=12, time=2015-06-03 21:12:00.056]
     [java] CT notification: Obligation [subject=a10, obligation=[respondToRequest(7671)], sanction=[reduce(a10, 300)], deadline=17, time=2015-06-03 21:12:00.063, clock=12]
     [java] 10
     [java] 10
     [java] 10
     [java] CT obligation: [Obligation to coordinate other players (with the use of norms) to surround a goal [3,4] from left, right, top and bottom  before the clock: 25 or 700 points will be deducted., Obligation to be at the grid tile [3,3] before the clock: 22 or 700 points will be deducted., Obligation to respond to request with id: 2386 before the clock: 16 or 300 points will be deducted., Obligation to respond to request with id: 7671 before the clock: 17 or 300 points will be deducted.]
     [java] DEBUG root                           - received a discourse mesage... 10
     [java] Received Discourse Message 
     [java] Class: class edu.harvard.eecs.airg.coloredtrails.shared.discourse.BasicProposalDiscussionDiscourseMessage
     [java] From: 0
     [java] To: 2
     [java] DEBUG root                           - sendGameDiscourseMessage class edu.harvard.eecs.airg.coloredtrails.shared.discourse.BasicProposalDiscussionDiscourseMessage
     [java] DEBUG root                           - FROM: 0 TO: 2(PIN: 30)
     [java] ---- BasicProposalDiscussionDiscourseMessage ----Discourse Message...
     [java] From PerGameId: 0.
     [java] To PerGameId: 2.
     [java] 
     [java] CT writes: Response [id=7671, response=accepted, clock=12, time=2015-06-03 21:12:01.46]
     [java] We have an accepted offer, chips before: 
     [java] player pin: 40
     [java] player chips: { chips  'blue':0 'white':0 'brown':0 'yellow':9 }
     [java] player pin: 20
     [java] player chips: { chips  'blue':0 'white':0 'brown':8 'yellow':0 }
     [java] player pin: 10
     [java] player chips: { chips  'blue':0 'white':8 'brown':0 'yellow':0 }
     [java] player pin: 30
     [java] player chips: { chips  'blue':9 'white':0 'brown':0 'yellow':0 }
     [java] Initiating Automatic Chip Transfer
     [java] Proposer:  2
     [java] Sending: { chips  }
     [java] Responder: 0
     [java] Sending: { chips  'white':1 }
     [java] EXECUTING AUTOMATIC CHIP TRANSFER
     [java] chips after: 
     [java] player pin: 40
     [java] player chips: { chips  'blue':0 'white':0 'brown':0 'yellow':9 }
     [java] player pin: 20
     [java] player chips: { chips  'blue':0 'white':0 'brown':8 'yellow':0 }
     [java] player pin: 10
     [java] player chips: { chips  'blue':0 'white':7 'brown':0 'yellow':0 }
     [java] player pin: 30
     [java] player chips: { chips  'blue':9 'white':1 'brown':0 'yellow':0 }
     [java] DEBUG root                           - received a move request...: 30
     [java] CT writes position: Position [subject=a30, id=null, cell=Cell [x=4, y=2], time=2015-06-03 21:12:01.948, clock=12]
     [java] CT writes: Position [subject=a30, id=null, cell=Cell [x=4, y=2], time=2015-06-03 21:12:01.948, clock=12]
     [java] CT notification: Points [subject=a30, time=2015-06-03 21:12:01.959, clock=12, value=900, id=null]
     [java] 30
     [java] 30
     [java] 30
     [java] 30
     [java] CT notification: Time [clock=13, time=2015-06-03 21:12:05.955]
     [java] DEBUG root                           - received a discourse mesage... 40
     [java] Received Discourse Message 
     [java] Class: class edu.harvard.eecs.airg.coloredtrails.shared.discourse.BasicProposalDiscourseMessage
     [java] From: 3
     [java] To: 2
     [java] DEBUG root                           - sendGameDiscourseMessage class edu.harvard.eecs.airg.coloredtrails.shared.discourse.BasicProposalDiscourseMessage
     [java] DEBUG root                           - FROM: 3 TO: 2(PIN: 30)
     [java] CT writes: Proposal [id=4562, agent=a40, agent2=a30, clock=13, time=2015-06-03 21:12:06.936]
     [java] CT notification: Obligation [subject=a30, obligation=[respondToRequest(4562)], sanction=[reduce(a30, 300)], deadline=18, time=2015-06-03 21:12:06.945, clock=13]
     [java] 30
     [java] 30
     [java] 30
     [java] 30
     [java] CT obligation: [Obligation to be at the grid tile [4,4] before the clock: 22 or 700 points will be deducted., Obligation to make a movement on the board before the clock: 26 or 300 points will be deducted., Obligation to respond to request with id: 4562 before the clock: 18 or 300 points will be deducted.]
     [java] DEBUG root                           - received a discourse mesage... 40
     [java] Received Discourse Message 
     [java] Class: class edu.harvard.eecs.airg.coloredtrails.shared.discourse.BasicProposalDiscussionDiscourseMessage
     [java] From: 3
     [java] To: 1
     [java] DEBUG root                           - sendGameDiscourseMessage class edu.harvard.eecs.airg.coloredtrails.shared.discourse.BasicProposalDiscussionDiscourseMessage
     [java] DEBUG root                           - FROM: 3 TO: 1(PIN: 20)
     [java] ---- BasicProposalDiscussionDiscourseMessage ----Discourse Message...
     [java] From PerGameId: 3.
     [java] To PerGameId: 1.
     [java] 
     [java] CT writes: Response [id=4385, response=accepted, clock=13, time=2015-06-03 21:12:08.215]
     [java] We have an accepted offer, chips before: 
     [java] player pin: 40
     [java] player chips: { chips  'blue':0 'white':0 'brown':0 'yellow':9 }
     [java] player pin: 20
     [java] player chips: { chips  'blue':0 'white':0 'brown':8 'yellow':0 }
     [java] player pin: 10
     [java] player chips: { chips  'blue':0 'white':7 'brown':0 'yellow':0 }
     [java] player pin: 30
     [java] player chips: { chips  'blue':9 'white':0 'brown':0 'yellow':0 }
     [java] Initiating Automatic Chip Transfer
     [java] Proposer:  1
     [java] Sending: { chips  'blue':0 'white':0 'brown':0 'yellow':0 }
     [java] Responder: 3
     [java] Sending: { chips  'blue':0 'white':0 'brown':0 'yellow':1 }
     [java] EXECUTING AUTOMATIC CHIP TRANSFER
     [java] chips after: 
     [java] player pin: 40
     [java] player chips: { chips  'blue':0 'white':0 'brown':0 'yellow':8 }
     [java] player pin: 20
     [java] player chips: { chips  'blue':0 'white':0 'brown':8 'yellow':1 }
     [java] player pin: 10
     [java] player chips: { chips  'blue':0 'white':7 'brown':0 'yellow':0 }
     [java] player pin: 30
     [java] player chips: { chips  'blue':9 'white':0 'brown':0 'yellow':0 }
     [java] DEBUG root                           - received a discourse mesage... 20
     [java] Received Discourse Message 
     [java] Class: class edu.harvard.eecs.airg.coloredtrails.shared.discourse.BasicProposalDiscourseMessage
     [java] From: 1
     [java] To: 0
     [java] DEBUG root                           - sendGameDiscourseMessage class edu.harvard.eecs.airg.coloredtrails.shared.discourse.BasicProposalDiscourseMessage
     [java] DEBUG root                           - FROM: 1 TO: 0(PIN: 10)
     [java] CT writes: Proposal [id=7441, agent=a20, agent2=a10, clock=13, time=2015-06-03 21:12:10.114]
     [java] CT notification: Obligation [subject=a10, obligation=[respondToRequest(7441)], sanction=[reduce(a10, 300)], deadline=18, time=2015-06-03 21:12:10.12, clock=13]
     [java] 10
     [java] 10
     [java] 10
     [java] CT obligation: [Obligation to coordinate other players (with the use of norms) to surround a goal [3,4] from left, right, top and bottom  before the clock: 25 or 700 points will be deducted., Obligation to be at the grid tile [3,3] before the clock: 22 or 700 points will be deducted., Obligation to respond to request with id: 2386 before the clock: 16 or 300 points will be deducted., Obligation to respond to request with id: 7671 before the clock: 17 or 300 points will be deducted., Obligation to respond to request with id: 7441 before the clock: 18 or 300 points will be deducted.]
     [java] DEBUG root                           - received a discourse mesage... 10
     [java] Received Discourse Message 
     [java] Class: class edu.harvard.eecs.airg.coloredtrails.shared.discourse.BasicProposalDiscussionDiscourseMessage
     [java] From: 0
     [java] To: 1
     [java] DEBUG root                           - sendGameDiscourseMessage class edu.harvard.eecs.airg.coloredtrails.shared.discourse.BasicProposalDiscussionDiscourseMessage
     [java] DEBUG root                           - FROM: 0 TO: 1(PIN: 20)
     [java] ---- BasicProposalDiscussionDiscourseMessage ----Discourse Message...
     [java] From PerGameId: 0.
     [java] To PerGameId: 1.
     [java] 
     [java] CT writes: Response [id=7441, response=accepted, clock=13, time=2015-06-03 21:12:11.468]
     [java] We have an accepted offer, chips before: 
     [java] player pin: 40
     [java] player chips: { chips  'blue':0 'white':0 'brown':0 'yellow':8 }
     [java] player pin: 20
     [java] player chips: { chips  'blue':0 'white':0 'brown':8 'yellow':1 }
     [java] player pin: 10
     [java] player chips: { chips  'blue':0 'white':7 'brown':0 'yellow':0 }
     [java] player pin: 30
     [java] player chips: { chips  'blue':9 'white':0 'brown':0 'yellow':0 }
     [java] Initiating Automatic Chip Transfer
     [java] Proposer:  1
     [java] Sending: { chips  'blue':0 'white':0 'brown':0 'yellow':0 }
     [java] Responder: 0
     [java] Sending: { chips  'blue':0 'white':1 'brown':0 'yellow':0 }
     [java] EXECUTING AUTOMATIC CHIP TRANSFER
     [java] chips after: 
     [java] player pin: 40
     [java] player chips: { chips  'blue':0 'white':0 'brown':0 'yellow':8 }
     [java] player pin: 20
     [java] player chips: { chips  'blue':0 'white':1 'brown':8 'yellow':1 }
     [java] player pin: 10
     [java] player chips: { chips  'blue':0 'white':6 'brown':0 'yellow':0 }
     [java] player pin: 30
     [java] player chips: { chips  'blue':9 'white':0 'brown':0 'yellow':0 }
     [java] DEBUG root                           - received a move request...: 20
     [java] CT writes position: Position [subject=a20, id=null, cell=Cell [x=1, y=4], time=2015-06-03 21:12:13.215, clock=13]
     [java] CT writes: Position [subject=a20, id=null, cell=Cell [x=1, y=4], time=2015-06-03 21:12:13.215, clock=13]
     [java] CT notification: Obligation [subject=a20, obligation=[makeMove(1, 4, a20)], sanction=[reduce(a20, 300)], deadline=28, time=2015-06-03 21:12:13.222, clock=13]
     [java] 20
     [java] 20
     [java] CT obligation: [Obligation to be at the grid tile [2,4] before the clock: 22 or 700 points will be deducted., Obligation to respond to request with id: 4212 before the clock: 15 or 300 points will be deducted., Obligation to respond to request with id: 4680 before the clock: 16 or 300 points will be deducted., Obligation to make a movement on the board before the clock: 28 or 300 points will be deducted.]
     [java] DEBUG root                           - received a move request...: 30
     [java] CT writes position: Position [subject=a30, id=null, cell=Cell [x=4, y=3], time=2015-06-03 21:12:15.805, clock=13]
     [java] CT writes: Position [subject=a30, id=null, cell=Cell [x=4, y=3], time=2015-06-03 21:12:15.805, clock=13]
     [java] CT notification: Time [clock=14, time=2015-06-03 21:12:15.958]
     [java] CT notification: Time [clock=15, time=2015-06-03 21:12:25.963]
     [java] DEBUG root                           - received a discourse mesage... 30
     [java] Received Discourse Message 
     [java] Class: class edu.harvard.eecs.airg.coloredtrails.shared.discourse.BasicProposalDiscourseMessage
     [java] From: 2
     [java] To: 3
     [java] DEBUG root                           - sendGameDiscourseMessage class edu.harvard.eecs.airg.coloredtrails.shared.discourse.BasicProposalDiscourseMessage
     [java] DEBUG root                           - FROM: 2 TO: 3(PIN: 40)
     [java] CT writes: Proposal [id=8220, agent=a30, agent2=a40, clock=15, time=2015-06-03 21:12:32.158]
     [java] CT notification: Obligation [subject=a40, obligation=[respondToRequest(8220)], sanction=[reduce(a40, 300)], deadline=20, time=2015-06-03 21:12:32.161, clock=15]
     [java] 40
     [java] CT obligation: [Obligation to be at the grid tile [3,5] before the clock: 22 or 700 points will be deducted., Obligation to make a movement on the board before the clock: 26 or 300 points will be deducted., Obligation to respond to request with id: 4385 before the clock: 17 or 300 points will be deducted., Obligation to respond to request with id: 8220 before the clock: 20 or 300 points will be deducted.]
     [java] DEBUG root                           - received a discourse mesage... 30
     [java] Received Discourse Message 
     [java] Class: class edu.harvard.eecs.airg.coloredtrails.shared.discourse.BasicProposalDiscussionDiscourseMessage
     [java] From: 2
     [java] To: 3
     [java] DEBUG root                           - sendGameDiscourseMessage class edu.harvard.eecs.airg.coloredtrails.shared.discourse.BasicProposalDiscussionDiscourseMessage
     [java] DEBUG root                           - FROM: 2 TO: 3(PIN: 40)
     [java] ---- BasicProposalDiscussionDiscourseMessage ----Discourse Message...
     [java] From PerGameId: 2.
     [java] To PerGameId: 3.
     [java] 
     [java] CT writes: Response [id=4562, response=accepted, clock=15, time=2015-06-03 21:12:32.251]
     [java] We have an accepted offer, chips before: 
     [java] player pin: 40
     [java] player chips: { chips  'blue':0 'white':0 'brown':0 'yellow':8 }
     [java] player pin: 20
     [java] player chips: { chips  'blue':0 'white':0 'brown':8 'yellow':1 }
     [java] player pin: 10
     [java] player chips: { chips  'blue':0 'white':6 'brown':0 'yellow':0 }
     [java] player pin: 30
     [java] player chips: { chips  'blue':8 'white':0 'brown':0 'yellow':0 }
     [java] Initiating Automatic Chip Transfer
     [java] Proposer:  3
     [java] Sending: { chips  }
     [java] Responder: 2
     [java] Sending: { chips  'blue':1 }
     [java] EXECUTING AUTOMATIC CHIP TRANSFER
     [java] chips after: 
     [java] player pin: 40
     [java] player chips: { chips  'blue':1 'white':0 'brown':0 'yellow':8 }
     [java] player pin: 20
     [java] player chips: { chips  'blue':0 'white':0 'brown':8 'yellow':1 }
     [java] player pin: 10
     [java] player chips: { chips  'blue':0 'white':6 'brown':0 'yellow':0 }
     [java] player pin: 30
     [java] player chips: { chips  'blue':7 'white':0 'brown':0 'yellow':0 }
     [java] DEBUG root                           - received a move request...: 40
     [java] CT writes position: Position [subject=a40, id=null, cell=Cell [x=2, y=3], time=2015-06-03 21:12:32.75, clock=15]
     [java] CT writes: Position [subject=a40, id=null, cell=Cell [x=2, y=3], time=2015-06-03 21:12:32.75, clock=15]
     [java] CT notification: Points [subject=a40, time=2015-06-03 21:12:33.35, clock=15, value=900, id=null]
     [java] 40
     [java] DEBUG root                           - received a move request...: 20
     [java] CT writes position: Position [subject=a20, id=null, cell=Cell [x=2, y=4], time=2015-06-03 21:12:34.332, clock=15]
     [java] CT writes: Position [subject=a20, id=null, cell=Cell [x=2, y=4], time=2015-06-03 21:12:34.332, clock=15]
     [java] CT notification: Time [clock=16, time=2015-06-03 21:12:35.966]
     [java] CT notification: Points [subject=a20, time=2015-06-03 21:12:35.992, clock=16, value=700, id=null]
     [java] 20
     [java] 20
     [java] DEBUG root                           - received a discourse mesage... 40
     [java] Received Discourse Message 
     [java] Class: class edu.harvard.eecs.airg.coloredtrails.shared.discourse.BasicProposalDiscussionDiscourseMessage
     [java] From: 3
     [java] To: 2
     [java] DEBUG root                           - sendGameDiscourseMessage class edu.harvard.eecs.airg.coloredtrails.shared.discourse.BasicProposalDiscussionDiscourseMessage
     [java] DEBUG root                           - FROM: 3 TO: 2(PIN: 30)
     [java] ---- BasicProposalDiscussionDiscourseMessage ----Discourse Message...
     [java] From PerGameId: 3.
     [java] To PerGameId: 2.
     [java] 
     [java] CT writes: Response [id=8220, response=accepted, clock=16, time=2015-06-03 21:12:37.043]
     [java] We have an accepted offer, chips before: 
     [java] player pin: 40
     [java] player chips: { chips  'blue':0 'white':0 'brown':0 'yellow':8 }
     [java] player pin: 20
     [java] player chips: { chips  'blue':0 'white':0 'brown':8 'yellow':0 }
     [java] player pin: 10
     [java] player chips: { chips  'blue':0 'white':6 'brown':0 'yellow':0 }
     [java] player pin: 30
     [java] player chips: { chips  'blue':7 'white':0 'brown':0 'yellow':0 }
     [java] Initiating Automatic Chip Transfer
     [java] Proposer:  2
     [java] Sending: { chips  }
     [java] Responder: 3
     [java] Sending: { chips  'yellow':1 }
     [java] EXECUTING AUTOMATIC CHIP TRANSFER
     [java] chips after: 
     [java] player pin: 40
     [java] player chips: { chips  'blue':0 'white':0 'brown':0 'yellow':7 }
     [java] player pin: 20
     [java] player chips: { chips  'blue':0 'white':0 'brown':8 'yellow':0 }
     [java] player pin: 10
     [java] player chips: { chips  'blue':0 'white':6 'brown':0 'yellow':0 }
     [java] player pin: 30
     [java] player chips: { chips  'blue':7 'white':0 'brown':0 'yellow':1 }
     [java] DEBUG root                           - received a move request...: 30
     [java] CT writes position: Position [subject=a30, id=null, cell=Cell [x=4, y=4], time=2015-06-03 21:12:37.862, clock=16]
     [java] CT writes: Position [subject=a30, id=null, cell=Cell [x=4, y=4], time=2015-06-03 21:12:37.862, clock=16]
     [java] CT notification: Time [clock=17, time=2015-06-03 21:12:45.97]
     [java] DEBUG root                           - received a discourse mesage... 40
     [java] Received Discourse Message 
     [java] Class: class edu.harvard.eecs.airg.coloredtrails.shared.discourse.BasicProposalDiscourseMessage
     [java] From: 3
     [java] To: 2
     [java] DEBUG root                           - sendGameDiscourseMessage class edu.harvard.eecs.airg.coloredtrails.shared.discourse.BasicProposalDiscourseMessage
     [java] DEBUG root                           - FROM: 3 TO: 2(PIN: 30)
     [java] CT writes: Proposal [id=5306, agent=a40, agent2=a30, clock=17, time=2015-06-03 21:12:49.451]
     [java] CT notification: Obligation [subject=a30, obligation=[respondToRequest(5306)], sanction=[reduce(a30, 300)], deadline=22, time=2015-06-03 21:12:49.454, clock=17]
     [java] 30
     [java] 30
     [java] 30
     [java] 30
     [java] CT obligation: [Obligation to be at the grid tile [4,4] before the clock: 22 or 700 points will be deducted., Obligation to make a movement on the board before the clock: 26 or 300 points will be deducted., Obligation to respond to request with id: 4562 before the clock: 18 or 300 points will be deducted., Obligation to respond to request with id: 5306 before the clock: 22 or 300 points will be deducted.]
     [java] DEBUG root                           - received a discourse mesage... 30
     [java] Received Discourse Message 
     [java] Class: class edu.harvard.eecs.airg.coloredtrails.shared.discourse.BasicProposalDiscussionDiscourseMessage
     [java] From: 2
     [java] To: 3
     [java] DEBUG root                           - sendGameDiscourseMessage class edu.harvard.eecs.airg.coloredtrails.shared.discourse.BasicProposalDiscussionDiscourseMessage
     [java] DEBUG root                           - FROM: 2 TO: 3(PIN: 40)
     [java] ---- BasicProposalDiscussionDiscourseMessage ----Discourse Message...
     [java] From PerGameId: 2.
     [java] To PerGameId: 3.
     [java] 
     [java] CT writes: Response [id=5306, response=accepted, clock=17, time=2015-06-03 21:12:50.739]
     [java] We have an accepted offer, chips before: 
     [java] player pin: 40
     [java] player chips: { chips  'blue':0 'white':0 'brown':0 'yellow':7 }
     [java] player pin: 20
     [java] player chips: { chips  'blue':0 'white':0 'brown':8 'yellow':0 }
     [java] player pin: 10
     [java] player chips: { chips  'blue':0 'white':6 'brown':0 'yellow':0 }
     [java] player pin: 30
     [java] player chips: { chips  'blue':7 'white':0 'brown':0 'yellow':0 }
     [java] Initiating Automatic Chip Transfer
     [java] Proposer:  3
     [java] Sending: { chips  }
     [java] Responder: 2
     [java] Sending: { chips  'blue':1 }
     [java] EXECUTING AUTOMATIC CHIP TRANSFER
     [java] chips after: 
     [java] player pin: 40
     [java] player chips: { chips  'blue':1 'white':0 'brown':0 'yellow':7 }
     [java] player pin: 20
     [java] player chips: { chips  'blue':0 'white':0 'brown':8 'yellow':0 }
     [java] player pin: 10
     [java] player chips: { chips  'blue':0 'white':6 'brown':0 'yellow':0 }
     [java] player pin: 30
     [java] player chips: { chips  'blue':6 'white':0 'brown':0 'yellow':0 }
     [java] DEBUG root                           - received a move request...: 40
     [java] CT writes position: Position [subject=a40, id=null, cell=Cell [x=3, y=3], time=2015-06-03 21:12:51.206, clock=17]
     [java] CT writes: Position [subject=a40, id=null, cell=Cell [x=3, y=3], time=2015-06-03 21:12:51.206, clock=17]
     [java] CT notification: Time [clock=18, time=2015-06-03 21:12:55.973]
     [java] DEBUG root                           - received a move request...: 10
     [java] CT writes position: Position [subject=a10, id=null, cell=Cell [x=4, y=2], time=2015-06-03 21:13:04.356, clock=18]
     [java] CT writes: Position [subject=a10, id=null, cell=Cell [x=4, y=2], time=2015-06-03 21:13:04.356, clock=18]
     [java] CT notification: Obligation [subject=a10, obligation=[makeMove(4, 2, a10)], sanction=[reduce(a10, 300)], deadline=33, time=2015-06-03 21:13:04.363, clock=18]
     [java] 10
     [java] 10
     [java] 10
     [java] CT obligation: [Obligation to coordinate other players (with the use of norms) to surround a goal [3,4] from left, right, top and bottom  before the clock: 25 or 700 points will be deducted., Obligation to be at the grid tile [3,3] before the clock: 22 or 700 points will be deducted., Obligation to respond to request with id: 2386 before the clock: 16 or 300 points will be deducted., Obligation to respond to request with id: 7671 before the clock: 17 or 300 points will be deducted., Obligation to respond to request with id: 7441 before the clock: 18 or 300 points will be deducted., Obligation to make a movement on the board before the clock: 33 or 300 points will be deducted.]
     [java] DEBUG root                           - received a discourse mesage... 40
     [java] Received Discourse Message 
     [java] Class: class edu.harvard.eecs.airg.coloredtrails.shared.discourse.BasicProposalDiscourseMessage
     [java] From: 3
     [java] To: 1
     [java] DEBUG root                           - sendGameDiscourseMessage class edu.harvard.eecs.airg.coloredtrails.shared.discourse.BasicProposalDiscourseMessage
     [java] DEBUG root                           - FROM: 3 TO: 1(PIN: 20)
     [java] CT writes: Proposal [id=1894, agent=a40, agent2=a20, clock=18, time=2015-06-03 21:13:05.241]
     [java] CT notification: Obligation [subject=a20, obligation=[respondToRequest(1894)], sanction=[reduce(a20, 300)], deadline=23, time=2015-06-03 21:13:05.244, clock=18]
     [java] 20
     [java] 20
     [java] CT obligation: [Obligation to be at the grid tile [2,4] before the clock: 22 or 700 points will be deducted., Obligation to respond to request with id: 4212 before the clock: 15 or 300 points will be deducted., Obligation to respond to request with id: 4680 before the clock: 16 or 300 points will be deducted., Obligation to make a movement on the board before the clock: 28 or 300 points will be deducted., Obligation to respond to request with id: 1894 before the clock: 23 or 300 points will be deducted.]
     [java] CT notification: Time [clock=19, time=2015-06-03 21:13:05.975]
     [java] DEBUG root                           - received a discourse mesage... 10
     [java] Received Discourse Message 
     [java] Class: class edu.harvard.eecs.airg.coloredtrails.shared.discourse.BasicProposalDiscourseMessage
     [java] From: 0
     [java] To: 2
     [java] DEBUG root                           - sendGameDiscourseMessage class edu.harvard.eecs.airg.coloredtrails.shared.discourse.BasicProposalDiscourseMessage
     [java] DEBUG root                           - FROM: 0 TO: 2(PIN: 30)
     [java] CT writes: Proposal [id=5680, agent=a10, agent2=a30, clock=19, time=2015-06-03 21:13:09.547]
     [java] CT notification: Obligation [subject=a30, obligation=[respondToRequest(5680)], sanction=[reduce(a30, 300)], deadline=24, time=2015-06-03 21:13:09.551, clock=19]
     [java] 30
     [java] 30
     [java] 30
     [java] 30
     [java] CT obligation: [Obligation to be at the grid tile [4,4] before the clock: 22 or 700 points will be deducted., Obligation to make a movement on the board before the clock: 26 or 300 points will be deducted., Obligation to respond to request with id: 4562 before the clock: 18 or 300 points will be deducted., Obligation to respond to request with id: 5306 before the clock: 22 or 300 points will be deducted., Obligation to respond to request with id: 5680 before the clock: 24 or 300 points will be deducted.]
     [java] DEBUG root                           - received a discourse mesage... 30
     [java] Received Discourse Message 
     [java] Class: class edu.harvard.eecs.airg.coloredtrails.shared.discourse.BasicProposalDiscussionDiscourseMessage
     [java] From: 2
     [java] To: 0
     [java] DEBUG root                           - sendGameDiscourseMessage class edu.harvard.eecs.airg.coloredtrails.shared.discourse.BasicProposalDiscussionDiscourseMessage
     [java] DEBUG root                           - FROM: 2 TO: 0(PIN: 10)
     [java] ---- BasicProposalDiscussionDiscourseMessage ----Discourse Message...
     [java] From PerGameId: 2.
     [java] To PerGameId: 0.
     [java] 
     [java] CT writes: Response [id=5680, response=accepted, clock=19, time=2015-06-03 21:13:11.731]
     [java] We have an accepted offer, chips before: 
     [java] player pin: 40
     [java] player chips: { chips  'blue':0 'white':0 'brown':0 'yellow':7 }
     [java] player pin: 20
     [java] player chips: { chips  'blue':0 'white':0 'brown':8 'yellow':0 }
     [java] player pin: 10
     [java] player chips: { chips  'blue':0 'white':5 'brown':0 'yellow':0 }
     [java] player pin: 30
     [java] player chips: { chips  'blue':6 'white':0 'brown':0 'yellow':0 }
     [java] Initiating Automatic Chip Transfer
     [java] Proposer:  0
     [java] Sending: { chips  }
     [java] Responder: 2
     [java] Sending: { chips  'blue':1 }
     [java] EXECUTING AUTOMATIC CHIP TRANSFER
     [java] chips after: 
     [java] player pin: 40
     [java] player chips: { chips  'blue':0 'white':0 'brown':0 'yellow':7 }
     [java] player pin: 20
     [java] player chips: { chips  'blue':0 'white':0 'brown':8 'yellow':0 }
     [java] player pin: 10
     [java] player chips: { chips  'blue':1 'white':5 'brown':0 'yellow':0 }
     [java] player pin: 30
     [java] player chips: { chips  'blue':5 'white':0 'brown':0 'yellow':0 }
     [java] DEBUG root                           - received a move request...: 10
     [java] CT writes position: Position [subject=a10, id=null, cell=Cell [x=4, y=3], time=2015-06-03 21:13:12.417, clock=19]
     [java] CT writes: Position [subject=a10, id=null, cell=Cell [x=4, y=3], time=2015-06-03 21:13:12.417, clock=19]
     [java] CT notification: Time [clock=20, time=2015-06-03 21:13:15.977]
     [java] DEBUG root                           - received a discourse mesage... 10
     [java] Received Discourse Message 
     [java] Class: class edu.harvard.eecs.airg.coloredtrails.shared.discourse.BasicProposalDiscourseMessage
     [java] From: 0
     [java] To: 2
     [java] DEBUG root                           - sendGameDiscourseMessage class edu.harvard.eecs.airg.coloredtrails.shared.discourse.BasicProposalDiscourseMessage
     [java] DEBUG root                           - FROM: 0 TO: 2(PIN: 30)
     [java] CT writes: Proposal [id=5774, agent=a10, agent2=a30, clock=20, time=2015-06-03 21:13:19.815]
     [java] CT notification: Obligation [subject=a30, obligation=[respondToRequest(5774)], sanction=[reduce(a30, 300)], deadline=25, time=2015-06-03 21:13:19.818, clock=20]
     [java] 30
     [java] 30
     [java] 30
     [java] 30
     [java] CT obligation: [Obligation to be at the grid tile [4,4] before the clock: 22 or 700 points will be deducted., Obligation to make a movement on the board before the clock: 26 or 300 points will be deducted., Obligation to respond to request with id: 4562 before the clock: 18 or 300 points will be deducted., Obligation to respond to request with id: 5306 before the clock: 22 or 300 points will be deducted., Obligation to respond to request with id: 5680 before the clock: 24 or 300 points will be deducted., Obligation to respond to request with id: 5774 before the clock: 25 or 300 points will be deducted.]
     [java] DEBUG root                           - received a discourse mesage... 30
     [java] Received Discourse Message 
     [java] Class: class edu.harvard.eecs.airg.coloredtrails.shared.discourse.BasicProposalDiscussionDiscourseMessage
     [java] From: 2
     [java] To: 0
     [java] DEBUG root                           - sendGameDiscourseMessage class edu.harvard.eecs.airg.coloredtrails.shared.discourse.BasicProposalDiscussionDiscourseMessage
     [java] DEBUG root                           - FROM: 2 TO: 0(PIN: 10)
     [java] ---- BasicProposalDiscussionDiscourseMessage ----Discourse Message...
     [java] From PerGameId: 2.
     [java] To PerGameId: 0.
     [java] 
     [java] CT writes: Response [id=5774, response=accepted, clock=20, time=2015-06-03 21:13:21.853]
     [java] We have an accepted offer, chips before: 
     [java] player pin: 40
     [java] player chips: { chips  'blue':0 'white':0 'brown':0 'yellow':7 }
     [java] player pin: 20
     [java] player chips: { chips  'blue':0 'white':0 'brown':8 'yellow':0 }
     [java] player pin: 10
     [java] player chips: { chips  'blue':0 'white':5 'brown':0 'yellow':0 }
     [java] player pin: 30
     [java] player chips: { chips  'blue':5 'white':0 'brown':0 'yellow':0 }
     [java] Initiating Automatic Chip Transfer
     [java] Proposer:  0
     [java] Sending: { chips  }
     [java] Responder: 2
     [java] Sending: { chips  'blue':1 }
     [java] EXECUTING AUTOMATIC CHIP TRANSFER
     [java] chips after: 
     [java] player pin: 40
     [java] player chips: { chips  'blue':0 'white':0 'brown':0 'yellow':7 }
     [java] player pin: 20
     [java] player chips: { chips  'blue':0 'white':0 'brown':8 'yellow':0 }
     [java] player pin: 10
     [java] player chips: { chips  'blue':1 'white':5 'brown':0 'yellow':0 }
     [java] player pin: 30
     [java] player chips: { chips  'blue':4 'white':0 'brown':0 'yellow':0 }
     [java] DEBUG root                           - received a move request...: 10
     [java] CT writes position: Position [subject=a10, id=null, cell=Cell [x=3, y=3], time=2015-06-03 21:13:22.586, clock=20]
     [java] CT writes: Position [subject=a10, id=null, cell=Cell [x=3, y=3], time=2015-06-03 21:13:22.586, clock=20]
     [java] DEBUG root                           - received a discourse mesage... 20
     [java] Received Discourse Message 
     [java] Class: class edu.harvard.eecs.airg.coloredtrails.shared.discourse.BasicProposalDiscussionDiscourseMessage
     [java] From: 1
     [java] To: 3
     [java] DEBUG root                           - sendGameDiscourseMessage class edu.harvard.eecs.airg.coloredtrails.shared.discourse.BasicProposalDiscussionDiscourseMessage
     [java] DEBUG root                           - FROM: 1 TO: 3(PIN: 40)
     [java] ---- BasicProposalDiscussionDiscourseMessage ----Discourse Message...
     [java] From PerGameId: 1.
     [java] To PerGameId: 3.
     [java] 
     [java] CT writes: Response [id=1894, response=accepted, clock=20, time=2015-06-03 21:13:25.75]
     [java] We have an accepted offer, chips before: 
     [java] player pin: 40
     [java] player chips: { chips  'blue':0 'white':0 'brown':0 'yellow':7 }
     [java] player pin: 20
     [java] player chips: { chips  'blue':0 'white':0 'brown':8 'yellow':0 }
     [java] player pin: 10
     [java] player chips: { chips  'blue':0 'white':5 'brown':0 'yellow':0 }
     [java] player pin: 30
     [java] player chips: { chips  'blue':4 'white':0 'brown':0 'yellow':0 }
     [java] Initiating Automatic Chip Transfer
     [java] Proposer:  3
     [java] Sending: { chips  }
     [java] Responder: 1
     [java] Sending: { chips  'brown':1 }
     [java] EXECUTING AUTOMATIC CHIP TRANSFER
     [java] chips after: 
     [java] player pin: 40
     [java] player chips: { chips  'blue':0 'white':0 'brown':1 'yellow':7 }
     [java] player pin: 20
     [java] player chips: { chips  'blue':0 'white':0 'brown':7 'yellow':0 }
     [java] player pin: 10
     [java] player chips: { chips  'blue':0 'white':5 'brown':0 'yellow':0 }
     [java] player pin: 30
     [java] player chips: { chips  'blue':4 'white':0 'brown':0 'yellow':0 }
     [java] CT notification: Time [clock=21, time=2015-06-03 21:13:25.98]
     [java] DEBUG root                           - received a move request...: 40
     [java] CT writes position: Position [subject=a40, id=null, cell=Cell [x=3, y=4], time=2015-06-03 21:13:25.984, clock=21]
     [java] CT writes: Position [subject=a40, id=null, cell=Cell [x=3, y=4], time=2015-06-03 21:13:25.984, clock=21]
     [java] CT notification: Time [clock=22, time=2015-06-03 21:13:35.982]
     [java] A New Phase Began: Feedback Phase
     [java] DEBUG root                           - Game ended id = 0
     [java] CT notification: Time [clock=23, time=2015-06-03 21:13:45.985]
     [java] CT notification: Time [clock=24, time=2015-06-03 21:13:55.987]
     [java] CT notification: Time [clock=25, time=2015-06-03 21:14:05.989]
     [java] CT notification: Time [clock=26, time=2015-06-03 21:14:15.994]
     [java] CT notification: Points [subject=a40, time=2015-06-03 21:14:16.01, clock=26, value=200, id=null]
     [java] 40
     [java] CT notification: Time [clock=27, time=2015-06-03 21:14:25.997]
     [java] CT notification: Time [clock=28, time=2015-06-03 21:14:36.001]
     [java] CT notification: Time [clock=29, time=2015-06-03 21:14:46.005]
     [java] CT notification: Time [clock=30, time=2015-06-03 21:14:56.008]
     [java] CT notification: Time [clock=31, time=2015-06-03 21:15:06.011]
     [java] CT notification: Time [clock=32, time=2015-06-03 21:15:16.014]
     [java] CT notification: Time [clock=33, time=2015-06-03 21:15:26.017]
     [java] CT notification: Time [clock=34, time=2015-06-03 21:15:36.021]
     [java] CT notification: Points [subject=a10, time=2015-06-03 21:15:36.036, clock=34, value=700, id=null]
     [java] 10
     [java] 10
     [java] 10
     [java] CT notification: Time [clock=35, time=2015-06-03 21:15:46.024]
     [java] CT notification: Time [clock=36, time=2015-06-03 21:15:56.028]
     [java] CT notification: Time [clock=37, time=2015-06-03 21:16:06.03]
     [java] CT notification: Time [clock=38, time=2015-06-03 21:16:16.034]
     [java] CT notification: Time [clock=39, time=2015-06-03 21:16:26.035]
     [java] CT notification: Time [clock=40, time=2015-06-03 21:16:36.038]
     [java] CT notification: Time [clock=41, time=2015-06-03 21:16:46.039]
     [java] CT notification: Time [clock=42, time=2015-06-03 21:16:56.041]
     [java] CT notification: Time [clock=43, time=2015-06-03 21:17:06.044]
     [java] CT notification: Time [clock=44, time=2015-06-03 21:17:16.046]
     [java] CT notification: Time [clock=45, time=2015-06-03 21:17:26.049]
     [java] CT notification: Time [clock=46, time=2015-06-03 21:17:36.053]
     [java] CT notification: Time [clock=47, time=2015-06-03 21:17:46.056]
     [java] CT notification: Time [clock=48, time=2015-06-03 21:17:56.06]
     [java] CT notification: Time [clock=49, time=2015-06-03 21:18:06.064]
     [java] CT notification: Time [clock=50, time=2015-06-03 21:18:16.067]
     [java] CT notification: Time [clock=51, time=2015-06-03 21:18:26.071]
     [java] CT notification: Time [clock=52, time=2015-06-03 21:18:36.074]
     [java] CT notification: Time [clock=53, time=2015-06-03 21:18:46.078]
     [java] CT notification: Time [clock=54, time=2015-06-03 21:18:56.081]
     [java] CT notification: Time [clock=55, time=2015-06-03 21:19:06.083]
     [java] CT notification: Time [clock=56, time=2015-06-03 21:19:16.087]
     [java] INFO  BrokerService                  - ActiveMQ Message Broker (localhost, ID:kafka.local-56085-1433362192200-1:0) is shutting down
     [java] CT notification: Time [clock=57, time=2015-06-03 21:19:26.091]
     [java] Client 20 disconnected!!!!!!!!!!!!!!!!!!!!!!!!!!!!!!!!!!!!!!!!!!!!!!
     [java] WARN  ActiveMQConnection             - Async exception with no exception listener: java.io.EOFException
     [java] java.io.EOFException
     [java] 	at java.io.DataInputStream.readInt(DataInputStream.java:375)
     [java] 	at org.apache.activemq.openwire.OpenWireFormat.unmarshal(OpenWireFormat.java:269)
     [java] 	at org.apache.activemq.transport.tcp.TcpTransport.readCommand(TcpTransport.java:156)
     [java] 	at org.apache.activemq.transport.tcp.TcpTransport.run(TcpTransport.java:136)
     [java] 	at java.lang.Thread.run(Thread.java:695)
     [java] WARN  ActiveMQConnection             - Async exception with no exception listener: java.io.EOFException
     [java] java.io.EOFException
     [java] 	at java.io.DataInputStream.readInt(DataInputStream.java:375)
     [java] 	at org.apache.activemq.openwire.OpenWireFormat.unmarshal(OpenWireFormat.java:269)
     [java] 	at org.apache.activemq.transport.tcp.TcpTransport.readCommand(TcpTransport.java:156)
     [java] 	at org.apache.activemq.transport.tcp.TcpTransport.run(TcpTransport.java:136)
     [java] 	at java.lang.Thread.run(Thread.java:695)
     [java] INFO  TransportConnector             - Connector tcp://kafka.local:8088 Stopped
     [java] INFO  BrokerService                  - ActiveMQ JMS Message Broker (localhost, ID:kafka.local-56085-1433362192200-1:0) stopped

BUILD SUCCESSFUL
Total time: 9 minutes 38 seconds
