Buildfile: /Users/dxd/git/ct3/WebCT/build.xml

runserver:
     [java] INFO  BrokerService                  - ActiveMQ null JMS Message Broker (localhost) is starting
     [java] INFO  BrokerService                  - For help or more information please see: http://activemq.apache.org/
     [java] INFO  AMQPersistenceAdapter          - AMQStore starting using directory: activemq-data/localhost
     [java] INFO  KahaStore                      - Kaha Store using data directory /Users/dxd/git/ct3/WebCT/activemq-data/localhost/kr-store
     [java] INFO  AMQPersistenceAdapter          - Active data files: []
     [java] INFO  AMQPersistenceAdapter          - Journal Recovery Started from: DataManager:(data-)
     [java] INFO  AMQPersistenceAdapter          - Recovered 0 operations from redo log in 0.132 seconds.
     [java] INFO  BrokerService                  - Using Persistence Adapter: AMQPersistenceAdapter(activemq-data/localhost)
     [java] INFO  TransportServerThreadSupport   - Listening for connections at: tcp://kafka.local:8088
     [java] INFO  TransportConnector             - Connector tcp://kafka.local:8088 Started
     [java] INFO  BrokerService                  - ActiveMQ JMS Message Broker (localhost, ID:kafka.local-51365-1433868313208-1:0) started
     [java] INFO  root                           - Started the JMS Server
     [java] INFO  ManagementContext              - JMX consoles can connect to service:jmx:rmi:///jndi/rmi://localhost:1099/jmxrmi
     [java] INFO  BrokerService                  - About to delete any non-persistent messages that may have overflowed to disk ...
     [java] INFO  KahaStore                      - Kaha Store successfully deleted data directory activemq-data/localhost/tmp_storage
     [java] INFO  BrokerService                  - Successfully deleted temporary storage
     [java] INFO  root                           - Controller Interface has been started
     [java] INFO  root                           - ColoredTrails is now running...
     [java] Adding client state for 10
     [java] Adding client state for 30
     [java] INFO  root                           - Colored Trails Server received a subcription message from client: 10 [10.154.154.93] of type 
     [java] INFO  root                           - Colored Trails Server received a subcription message from client: 30 [10.154.154.93] of type 
     [java] Adding client state for 20
     [java] INFO  root                           - Colored Trails Server received a subcription message from client: 20 [10.154.154.93] of type 
     [java] Adding client state for 40
     [java] INFO  root                           - Colored Trails Server received a subcription message from client: 40 [10.154.154.93] of type 
     [java] Received message to add config class from: admin
     [java] INFO  root                           - Received message from admin: SET_CONFIGURATION
     [java] INFO  root                           - Received message from admin client:ADD_CONFIGURATION
     [java] DEBUG root                           - Administrator: adding configuration file [game8] class name: game8
     [java] INFO  root                           - Received message from admin client:NEW_GAME
     [java] DEBUG root                           - Administrator: newGame configName = [game8] 
     [java] DEBUG root                           - Administrator: newGame adding Player: [10]
     [java] DEBUG root                           - Administrator: newGame adding Player: [20]
     [java] DEBUG root                           - Administrator: newGame adding Player: [30]
     [java] DEBUG root                           - Administrator: newGame adding Player: [40]
     [java] DEBUG root                           - ServerData addNewGame -- config file
     [java] DEBUG root                           - ServerData addNewGame -- Starting ServerGameStatus
     [java] DEBUG root                           - ServerData addNewGame -- Starting a new game with id: 0
     [java] DEBUG root                           - ClientCommands creating new Topic: ct3.game.0
     [java] DEBUG root                           - sending sendClientSubscribeToGameMessage: for game [0] and player [10]
     [java] DEBUG root                           - sending sendClientSubscribeToGameMessage: for game [0] and player [20]
     [java] DEBUG root                           - sending sendClientSubscribeToGameMessage: for game [0] and player [30]
     [java] DEBUG root                           - sending sendClientSubscribeToGameMessage: for game [0] and player [40]
     [java] INFO  root                           - Received message from admin client:LIST_GAMES
     [java] INFO  root                           - Received message from admin client:LIST_CONFIGURATIONS
     [java] received client subscribed successfully message
     [java] received client subscribed successfully message
     [java] received client subscribed successfully message
     [java] received client subscribed successfully message
     [java] All players subscribed to game, trying to start
     [java] INFO  root                           - Sending reply to controller: NEW_GAME_REPLY
     [java] DEBUG root                           - sendGameStart
     [java] DEBUG root                           - sendGameStart to controller
     [java] DEBUG root                           - sending game id = 0
     [java] INFO  root                           - Starting spaces 1
     [java] DEBUG UrlSpaceFactoryBean            - Finding Space with URL [jini:/*/*/myGrid] and properties [{com.j_spaces.core.container.shutdown_hook=false}]
     [java] 2015-06-09 17:46:03,683  INFO [com.gigaspaces.localcache] - LocalCache#1-myGrid was created successfully. Total time: 393 milliseconds
     [java] 2015-06-09 17:46:03,688 CONFIG [com.gigaspaces.logger] - Log file: /Users/dxd/git/ct3/logs/2015-06-09~17.46-gigaspaces-service-10.154.154.93-84325.log
     [java] DEBUG GigaSpaceFactoryBean           - Clustered flag automatically set to [true] since the space is a local cache space for bean [null]
     [java] DEBUG UrlSpaceFactoryBean            - Finding Space with URL [jini://*/*/myGrid] and properties [{com.j_spaces.core.container.shutdown_hook=false}]
     [java] zatim dobry
     [java] Let the game begin...
     [java] game id= 0
     [java] ---- Sending Scoring Change ----
     [java] setPhases in GameStatus
     [java] A New Phase Began: Setup Phase
     [java] CT writes: Tile [id=null, cell=Cell [x=0, y=0], subject=yellow, time=2015-06-09 17:46:03.799, clock=0]
     [java] CT writes: Tile [id=null, cell=Cell [x=0, y=1], subject=yellow, time=2015-06-09 17:46:03.832, clock=0]
     [java] CT writes: Tile [id=null, cell=Cell [x=0, y=2], subject=white, time=2015-06-09 17:46:03.835, clock=0]
     [java] CT writes: Tile [id=null, cell=Cell [x=0, y=3], subject=blue, time=2015-06-09 17:46:03.839, clock=0]
     [java] CT writes: Tile [id=null, cell=Cell [x=0, y=4], subject=white, time=2015-06-09 17:46:03.841, clock=0]
     [java] CT writes: Tile [id=null, cell=Cell [x=0, y=5], subject=brown, time=2015-06-09 17:46:03.843, clock=0]
     [java] CT writes: Tile [id=null, cell=Cell [x=1, y=0], subject=white, time=2015-06-09 17:46:03.846, clock=0]
     [java] CT writes: Tile [id=null, cell=Cell [x=1, y=1], subject=blue, time=2015-06-09 17:46:03.848, clock=0]
     [java] CT writes: Tile [id=null, cell=Cell [x=1, y=2], subject=blue, time=2015-06-09 17:46:03.853, clock=0]
     [java] CT writes: Tile [id=null, cell=Cell [x=1, y=3], subject=yellow, time=2015-06-09 17:46:03.858, clock=0]
     [java] CT writes: Tile [id=null, cell=Cell [x=1, y=4], subject=yellow, time=2015-06-09 17:46:03.861, clock=0]
     [java] CT writes: Tile [id=null, cell=Cell [x=1, y=5], subject=white, time=2015-06-09 17:46:03.864, clock=0]
     [java] CT writes: Tile [id=null, cell=Cell [x=2, y=0], subject=blue, time=2015-06-09 17:46:03.866, clock=0]
     [java] CT writes: Tile [id=null, cell=Cell [x=2, y=1], subject=blue, time=2015-06-09 17:46:03.868, clock=0]
     [java] CT writes: Tile [id=null, cell=Cell [x=2, y=2], subject=blue, time=2015-06-09 17:46:03.87, clock=0]
     [java] CT writes: Tile [id=null, cell=Cell [x=2, y=3], subject=blue, time=2015-06-09 17:46:03.872, clock=0]
     [java] CT writes: Tile [id=null, cell=Cell [x=2, y=4], subject=yellow, time=2015-06-09 17:46:03.876, clock=0]
     [java] CT writes: Tile [id=null, cell=Cell [x=2, y=5], subject=blue, time=2015-06-09 17:46:03.877, clock=0]
     [java] CT writes: Tile [id=null, cell=Cell [x=3, y=0], subject=blue, time=2015-06-09 17:46:03.88, clock=0]
     [java] CT writes: Tile [id=null, cell=Cell [x=3, y=1], subject=yellow, time=2015-06-09 17:46:03.883, clock=0]
     [java] CT writes: Tile [id=null, cell=Cell [x=3, y=2], subject=white, time=2015-06-09 17:46:03.885, clock=0]
     [java] CT writes: Tile [id=null, cell=Cell [x=3, y=3], subject=brown, time=2015-06-09 17:46:03.887, clock=0]
     [java] CT writes: Tile [id=null, cell=Cell [x=3, y=4], subject=yellow, time=2015-06-09 17:46:03.889, clock=0]
     [java] CT writes: Tile [id=null, cell=Cell [x=3, y=5], subject=brown, time=2015-06-09 17:46:03.89, clock=0]
     [java] CT writes: Tile [id=null, cell=Cell [x=4, y=0], subject=brown, time=2015-06-09 17:46:03.892, clock=0]
     [java] CT writes: Tile [id=null, cell=Cell [x=4, y=1], subject=yellow, time=2015-06-09 17:46:03.894, clock=0]
     [java] CT writes: Tile [id=null, cell=Cell [x=4, y=2], subject=blue, time=2015-06-09 17:46:03.901, clock=0]
     [java] CT writes: Tile [id=null, cell=Cell [x=4, y=3], subject=blue, time=2015-06-09 17:46:03.903, clock=0]
     [java] CT writes: Tile [id=null, cell=Cell [x=4, y=4], subject=yellow, time=2015-06-09 17:46:03.905, clock=0]
     [java] CT writes: Tile [id=null, cell=Cell [x=4, y=5], subject=white, time=2015-06-09 17:46:03.907, clock=0]
     [java] CT writes: Tile [id=null, cell=Cell [x=5, y=0], subject=blue, time=2015-06-09 17:46:03.908, clock=0]
     [java] CT writes: Tile [id=null, cell=Cell [x=5, y=1], subject=blue, time=2015-06-09 17:46:03.91, clock=0]
     [java] CT writes: Tile [id=null, cell=Cell [x=5, y=2], subject=brown, time=2015-06-09 17:46:03.912, clock=0]
     [java] CT writes: Tile [id=null, cell=Cell [x=5, y=3], subject=brown, time=2015-06-09 17:46:03.913, clock=0]
     [java] CT writes: Tile [id=null, cell=Cell [x=5, y=4], subject=blue, time=2015-06-09 17:46:03.915, clock=0]
     [java] CT writes: Tile [id=null, cell=Cell [x=5, y=5], subject=blue, time=2015-06-09 17:46:03.917, clock=0]
     [java] CT writes: Goal [id=null, cell=Cell [x=4, y=2], agent=null, time=2015-06-09 17:46:03.956, clock=0]
     [java] CT writes position: Position [subject=a10, id=null, cell=Cell [x=3, y=2], time=2015-06-09 17:46:04.05, clock=0]
     [java] CT writes: Position [subject=a10, id=null, cell=Cell [x=3, y=2], time=2015-06-09 17:46:04.05, clock=0]
     [java] CT writes position: Position [subject=a20, id=null, cell=Cell [x=5, y=2], time=2015-06-09 17:46:04.192, clock=0]
     [java] CT writes: Position [subject=a20, id=null, cell=Cell [x=5, y=2], time=2015-06-09 17:46:04.192, clock=0]
     [java] CT writes position: Position [subject=a30, id=null, cell=Cell [x=2, y=0], time=2015-06-09 17:46:04.287, clock=0]
     [java] CT writes: Position [subject=a30, id=null, cell=Cell [x=2, y=0], time=2015-06-09 17:46:04.287, clock=0]
     [java] CT writes position: Position [subject=a40, id=null, cell=Cell [x=1, y=0], time=2015-06-09 17:46:04.341, clock=0]
     [java] CT writes: Position [subject=a40, id=null, cell=Cell [x=1, y=0], time=2015-06-09 17:46:04.341, clock=0]
     [java] A New Phase Began: Norm Phase
     [java] CT writes: Group [name=g, ra=a40, type=raaa, clock=0, time=2015-06-09 17:46:13.797]
     [java] CT notification: Obligation [subject=a40, obligation=[surround(4, 2)], sanction=[reduce(g, 700)], deadline=20, time=2015-06-09 17:46:13.81, clock=0]
     [java] 40
     [java] 40
     [java] CT obligation: [Obligation to coordinate other players (with the use of norms) to surround a goal [4,2] from left, right, top and bottom  before the clock: 20 or 700 points will be deducted.]
     [java] CT notification: Obligation [subject=a10, obligation=[makeMove(3, 2, a10)], sanction=[reduce(a10, 300)], deadline=15, time=2015-06-09 17:46:13.821, clock=0]
     [java] 10
     [java] CT obligation: [Obligation to make a movement on the board before the clock: 15 or 300 points will be deducted.]
     [java] CT notification: Obligation [subject=a20, obligation=[makeMove(5, 2, a20)], sanction=[reduce(a20, 300)], deadline=15, time=2015-06-09 17:46:13.823, clock=0]
     [java] 20
     [java] 20
     [java] 20
     [java] 20
     [java] CT obligation: [Obligation to make a movement on the board before the clock: 15 or 300 points will be deducted.]
     [java] CT notification: Prohibition [subject=a40, prohibition=[restrictPlayer(a40)], sanction=[reduce(a40, 500)], clock=0, time=2015-06-09 17:46:13.829]
     [java] 40
     [java] 40
     [java] CT prohibition: [Prohibition to create more than one color norm per player or 500 points will be deducted.]
     [java] CT notification: Prohibition [subject=a10, prohibition=[moveTooFast(a10)], sanction=[reduce(a10, 300)], clock=0, time=2015-06-09 17:46:13.832]
     [java] 10
     [java] CT prohibition: [Prohibition to move more than 1 square per clock tick or 300 points will be deducted.]
     [java] CT notification: Obligation [subject=a30, obligation=[makeMove(2, 0, a30)], sanction=[reduce(a30, 300)], deadline=15, time=2015-06-09 17:46:13.825, clock=0]
     [java] 30
     [java] 30
     [java] 30
     [java] CT obligation: [Obligation to make a movement on the board before the clock: 15 or 300 points will be deducted.]
     [java] CT notification: Prohibition [subject=a20, prohibition=[moveTooFast(a20)], sanction=[reduce(a20, 300)], clock=0, time=2015-06-09 17:46:13.847]
     [java] 20
     [java] 20
     [java] 20
     [java] 20
     [java] CT prohibition: [Prohibition to move more than 1 square per clock tick or 300 points will be deducted.]
     [java] CT notification: Prohibition [subject=a30, prohibition=[moveTooFast(a30)], sanction=[reduce(a30, 300)], clock=0, time=2015-06-09 17:46:13.85]
     [java] 30
     [java] 30
     [java] 30
     [java] CT prohibition: [Prohibition to move more than 1 square per clock tick or 300 points will be deducted.]
     [java] CT notification: Prohibition [subject=a40, prohibition=[moveTooFast(a40)], sanction=[reduce(a40, 300)], clock=0, time=2015-06-09 17:46:13.852]
     [java] 40
     [java] 40
     [java] CT prohibition: [Prohibition to create more than one color norm per player or 500 points will be deducted., Prohibition to move more than 1 square per clock tick or 300 points will be deducted.]
     [java] CT notification: Obligation [subject=a40, obligation=[makeMove(1, 0, a40)], sanction=[reduce(a40, 300)], deadline=15, time=2015-06-09 17:46:13.827, clock=0]
     [java] 40
     [java] 40
     [java] CT obligation: [Obligation to coordinate other players (with the use of norms) to surround a goal [4,2] from left, right, top and bottom  before the clock: 20 or 700 points will be deducted., Obligation to make a movement on the board before the clock: 15 or 300 points will be deducted.]
     [java] CT notification: Time [clock=1, time=2015-06-09 17:46:23.811]
     [java] CT notification: Time [clock=2, time=2015-06-09 17:46:33.815]
     [java] CT notification: Time [clock=3, time=2015-06-09 17:46:43.818]
     [java] CT notification: Time [clock=4, time=2015-06-09 17:46:53.822]
     [java] CT notification: Time [clock=5, time=2015-06-09 17:47:03.824]
     [java] CT notification: Time [clock=6, time=2015-06-09 17:47:13.827]
     [java] CT notification: Time [clock=7, time=2015-06-09 17:47:23.831]
     [java] CT notification: Time [clock=8, time=2015-06-09 17:47:33.833]
     [java] CT notification: Time [clock=9, time=2015-06-09 17:47:43.837]
     [java] CT notification: Time [clock=10, time=2015-06-09 17:47:53.839]
     [java] A New Phase Began: Movement Phase
     [java] CT notification: Time [clock=11, time=2015-06-09 17:48:03.843]
     [java] CT notification: Time [clock=12, time=2015-06-09 17:48:13.847]
     [java] CT notification: Time [clock=13, time=2015-06-09 17:48:23.849]
     [java] CT notification: Time [clock=14, time=2015-06-09 17:48:33.852]
     [java] CT notification: Time [clock=15, time=2015-06-09 17:48:43.855]
     [java] CT notification: Time [clock=16, time=2015-06-09 17:48:53.857]
     [java] CT notification: Time [clock=17, time=2015-06-09 17:49:03.86]
     [java] CT notification: Time [clock=18, time=2015-06-09 17:49:13.862]
     [java] CT notification: Time [clock=19, time=2015-06-09 17:49:23.865]
     [java] CT notification: Time [clock=20, time=2015-06-09 17:49:33.867]
     [java] CT notification: Time [clock=21, time=2015-06-09 17:49:43.87]
     [java] CT notification: Time [clock=22, time=2015-06-09 17:49:53.873]
     [java] A New Phase Began: Feedback Phase
     [java] CT notification: Time [clock=23, time=2015-06-09 17:50:03.876]
     [java] DEBUG root                           - Game ended id = 0
     [java] CT notification: Time [clock=24, time=2015-06-09 17:50:13.878]
     [java] CT notification: Time [clock=25, time=2015-06-09 17:50:23.881]
     [java] CT notification: Time [clock=26, time=2015-06-09 17:50:33.884]
     [java] CT notification: Time [clock=27, time=2015-06-09 17:50:43.886]
     [java] Client 20 disconnected!!!!!!!!!!!!!!!!!!!!!!!!!!!!!!!!!!!!!!!!!!!!!!
     [java] Client 40 disconnected!!!!!!!!!!!!!!!!!!!!!!!!!!!!!!!!!!!!!!!!!!!!!!
     [java] CT notification: Time [clock=28, time=2015-06-09 17:50:53.89]
     [java] CT notification: Time [clock=29, time=2015-06-09 17:51:03.892]
     [java] CT notification: Time [clock=30, time=2015-06-09 17:51:13.894]
     [java] CT notification: Time [clock=31, time=2015-06-09 17:51:23.898]
     [java] CT notification: Time [clock=32, time=2015-06-09 17:51:33.9]
     [java] CT notification: Time [clock=33, time=2015-06-09 17:51:43.903]
     [java] CT notification: Time [clock=34, time=2015-06-09 17:51:53.906]
     [java] CT notification: Time [clock=35, time=2015-06-09 17:52:03.908]
     [java] CT notification: Time [clock=36, time=2015-06-09 17:52:13.911]
     [java] CT notification: Time [clock=37, time=2015-06-09 17:52:23.915]
     [java] CT notification: Time [clock=38, time=2015-06-09 17:52:33.919]
     [java] CT notification: Time [clock=39, time=2015-06-09 17:52:43.921]
     [java] CT notification: Time [clock=40, time=2015-06-09 17:52:53.924]
     [java] CT notification: Time [clock=41, time=2015-06-09 17:53:03.926]
     [java] CT notification: Time [clock=42, time=2015-06-09 17:53:13.929]
     [java] CT notification: Time [clock=43, time=2015-06-09 17:53:23.933]
     [java] CT notification: Time [clock=44, time=2015-06-09 17:53:33.938]
     [java] CT notification: Time [clock=45, time=2015-06-09 17:53:43.941]
     [java] CT notification: Time [clock=46, time=2015-06-09 17:53:53.945]
     [java] INFO  BrokerService                  - ActiveMQ Message Broker (localhost, ID:kafka.local-51365-1433868313208-1:0) is shutting down
     [java] WARN  ActiveMQConnection             - Async exception with no exception listener: java.io.EOFException
     [java] java.io.EOFException
     [java] 	at java.io.DataInputStream.readInt(DataInputStream.java:375)
     [java] 	at org.apache.activemq.openwire.OpenWireFormat.unmarshal(OpenWireFormat.java:269)
     [java] 	at org.apache.activemq.transport.tcp.TcpTransport.readCommand(TcpTransport.java:156)
     [java] 	at org.apache.activemq.transport.tcp.TcpTransport.run(TcpTransport.java:136)
     [java] 	at java.lang.Thread.run(Thread.java:695)
     [java] WARN  ActiveMQConnection             - Async exception with no exception listener: java.io.EOFException
     [java] java.io.EOFException
     [java] 	at java.io.DataInputStream.readInt(DataInputStream.java:375)
     [java] 	at org.apache.activemq.openwire.OpenWireFormat.unmarshal(OpenWireFormat.java:269)
     [java] 	at org.apache.activemq.transport.tcp.TcpTransport.readCommand(TcpTransport.java:156)
     [java] 	at org.apache.activemq.transport.tcp.TcpTransport.run(TcpTransport.java:136)
     [java] 	at java.lang.Thread.run(Thread.java:695)
     [java] INFO  TransportConnector             - Connector tcp://kafka.local:8088 Stopped
     [java] INFO  BrokerService                  - ActiveMQ JMS Message Broker (localhost, ID:kafka.local-51365-1433868313208-1:0) stopped
     [java] Java Result: 143

BUILD SUCCESSFUL
Total time: 8 minutes 48 seconds
