Buildfile: /Users/dxd/git/ct3/WebCT/build.xml

runserver:
     [java] INFO  BrokerService                  - ActiveMQ null JMS Message Broker (localhost) is starting
     [java] INFO  BrokerService                  - For help or more information please see: http://activemq.apache.org/
     [java] INFO  AMQPersistenceAdapter          - AMQStore starting using directory: activemq-data/localhost
     [java] INFO  KahaStore                      - Kaha Store using data directory /Users/dxd/git/ct3/WebCT/activemq-data/localhost/kr-store
     [java] INFO  AMQPersistenceAdapter          - Active data files: []
     [java] INFO  AMQPersistenceAdapter          - Journal Recovery Started from: DataManager:(data-)
     [java] INFO  AMQPersistenceAdapter          - Recovered 0 operations from redo log in 0.187 seconds.
     [java] INFO  BrokerService                  - Using Persistence Adapter: AMQPersistenceAdapter(activemq-data/localhost)
     [java] INFO  TransportServerThreadSupport   - Listening for connections at: tcp://kafka.cs.nott.ac.uk:8088
     [java] INFO  TransportConnector             - Connector tcp://kafka.cs.nott.ac.uk:8088 Started
     [java] INFO  BrokerService                  - ActiveMQ JMS Message Broker (localhost, ID:kafka.cs.nott.ac.uk-56907-1432738790760-1:0) started
     [java] INFO  root                           - Started the JMS Server
     [java] INFO  ManagementContext              - JMX consoles can connect to service:jmx:rmi:///jndi/rmi://localhost:1099/jmxrmi
     [java] INFO  BrokerService                  - About to delete any non-persistent messages that may have overflowed to disk ...
     [java] INFO  KahaStore                      - Kaha Store successfully deleted data directory activemq-data/localhost/tmp_storage
     [java] INFO  BrokerService                  - Successfully deleted temporary storage
     [java] INFO  root                           - Controller Interface has been started
     [java] INFO  root                           - ColoredTrails is now running...
     [java] Adding client state for 10
     [java] Adding client state for 30
     [java] INFO  root                           - Colored Trails Server received a subcription message from client: 10 [128.243.23.149] of type 
     [java] Adding client state for 40
     [java] INFO  root                           - Colored Trails Server received a subcription message from client: 30 [128.243.23.149] of type 
     [java] INFO  root                           - Colored Trails Server received a subcription message from client: 40 [128.243.23.149] of type 
     [java] Adding client state for 20
     [java] INFO  root                           - Colored Trails Server received a subcription message from client: 20 [128.243.23.149] of type 
     [java] Received message to add config class from: admin
     [java] INFO  root                           - Received message from admin: SET_CONFIGURATION
     [java] INFO  root                           - Received message from admin client:ADD_CONFIGURATION
     [java] DEBUG root                           - Administrator: adding configuration file [WebCTInputFileConfig] class name: WebCTInputFileConfig
     [java] INFO  root                           - Received message from admin client:NEW_GAME
     [java] DEBUG root                           - Administrator: newGame configName = [WebCTInputFileConfig] 
     [java] DEBUG root                           - Administrator: newGame adding Player: [10]
     [java] DEBUG root                           - Administrator: newGame adding Player: [20]
     [java] DEBUG root                           - Administrator: newGame adding Player: [30]
     [java] DEBUG root                           - Administrator: newGame adding Player: [40]
     [java] DEBUG root                           - ServerData addNewGame -- config file
     [java] DEBUG root                           - ServerData addNewGame -- Starting ServerGameStatus
     [java] DEBUG root                           - ServerData addNewGame -- Starting a new game with id: 0
     [java] DEBUG root                           - ClientCommands creating new Topic: ct3.game.0
     [java] DEBUG root                           - sending sendClientSubscribeToGameMessage: for game [0] and player [10]
     [java] DEBUG root                           - sending sendClientSubscribeToGameMessage: for game [0] and player [20]
     [java] DEBUG root                           - sending sendClientSubscribeToGameMessage: for game [0] and player [30]
     [java] DEBUG root                           - sending sendClientSubscribeToGameMessage: for game [0] and player [40]
     [java] INFO  root                           - Received message from admin client:LIST_GAMES
     [java] INFO  root                           - Received message from admin client:LIST_CONFIGURATIONS
     [java] received client subscribed successfully message
     [java] received client subscribed successfully message
     [java] received client subscribed successfully message
     [java] received client subscribed successfully message
     [java] All players subscribed to game, trying to start
     [java] INFO  root                           - Sending reply to controller: NEW_GAME_REPLY
     [java] DEBUG root                           - sendGameStart
     [java] DEBUG root                           - sendGameStart to controller
     [java] DEBUG root                           - sending game id = 0
     [java] INFO  root                           - Starting spaces 1
     [java] DEBUG UrlSpaceFactoryBean            - Finding Space with URL [jini:/*/*/myGrid] and properties [{com.j_spaces.core.container.shutdown_hook=false}]
     [java] 2015-05-27 16:00:10,846 CONFIG [com.gigaspaces.logger] - Log file: /Users/dxd/git/ct3/logs/2015-05-27~16.00-gigaspaces-service-128.243.23.149-39912.log
     [java] DEBUG GigaSpaceFactoryBean           - Clustered flag automatically set to [true] since the space is a local cache space for bean [null]
     [java] 2015-05-27 16:00:10,838  INFO [com.gigaspaces.localcache] - LocalCache#1-myGrid was created successfully. Total time: 930 milliseconds
     [java] DEBUG UrlSpaceFactoryBean            - Finding Space with URL [jini://*/*/myGrid] and properties [{com.j_spaces.core.container.shutdown_hook=false}]
     [java] zatim dobry
     [java] Let the game begin...
     [java] game id= 0
     [java] ---- Sending Scoring Change ----
     [java] setPhases in GameStatus
     [java] A New Phase Began: Norm Phase
     [java] -------- Creating Board --------
     [java] CT writes: Tile [id=null, cell=Cell [x=0, y=0], subject=brown, time=2015-05-27 16:00:11.056, clock=0]
     [java] CT writes: Tile [id=null, cell=Cell [x=0, y=1], subject=brown, time=2015-05-27 16:00:11.107, clock=0]
     [java] CT writes: Tile [id=null, cell=Cell [x=0, y=2], subject=white, time=2015-05-27 16:00:11.111, clock=0]
     [java] CT writes: Tile [id=null, cell=Cell [x=0, y=3], subject=yellow, time=2015-05-27 16:00:11.113, clock=0]
     [java] CT writes: Tile [id=null, cell=Cell [x=0, y=4], subject=brown, time=2015-05-27 16:00:11.117, clock=0]
     [java] CT writes: Tile [id=null, cell=Cell [x=0, y=5], subject=blue, time=2015-05-27 16:00:11.12, clock=0]
     [java] CT writes: Tile [id=null, cell=Cell [x=0, y=6], subject=brown, time=2015-05-27 16:00:11.123, clock=0]
     [java] CT writes: Tile [id=null, cell=Cell [x=1, y=0], subject=brown, time=2015-05-27 16:00:11.125, clock=0]
     [java] CT writes: Tile [id=null, cell=Cell [x=1, y=1], subject=yellow, time=2015-05-27 16:00:11.128, clock=0]
     [java] CT writes: Tile [id=null, cell=Cell [x=1, y=2], subject=white, time=2015-05-27 16:00:11.13, clock=0]
     [java] CT writes: Tile [id=null, cell=Cell [x=1, y=3], subject=white, time=2015-05-27 16:00:11.133, clock=0]
     [java] CT writes: Tile [id=null, cell=Cell [x=1, y=4], subject=blue, time=2015-05-27 16:00:11.136, clock=0]
     [java] CT writes: Tile [id=null, cell=Cell [x=1, y=5], subject=brown, time=2015-05-27 16:00:11.139, clock=0]
     [java] CT writes: Tile [id=null, cell=Cell [x=1, y=6], subject=yellow, time=2015-05-27 16:00:11.141, clock=0]
     [java] CT writes: Tile [id=null, cell=Cell [x=2, y=0], subject=white, time=2015-05-27 16:00:11.144, clock=0]
     [java] CT writes: Tile [id=null, cell=Cell [x=2, y=1], subject=white, time=2015-05-27 16:00:11.147, clock=0]
     [java] CT writes: Tile [id=null, cell=Cell [x=2, y=2], subject=brown, time=2015-05-27 16:00:11.151, clock=0]
     [java] CT writes: Tile [id=null, cell=Cell [x=2, y=3], subject=blue, time=2015-05-27 16:00:11.153, clock=0]
     [java] CT writes: Tile [id=null, cell=Cell [x=2, y=4], subject=white, time=2015-05-27 16:00:11.155, clock=0]
     [java] CT writes: Tile [id=null, cell=Cell [x=2, y=5], subject=brown, time=2015-05-27 16:00:11.158, clock=0]
     [java] CT writes: Tile [id=null, cell=Cell [x=2, y=6], subject=brown, time=2015-05-27 16:00:11.16, clock=0]
     [java] CT writes: Tile [id=null, cell=Cell [x=3, y=0], subject=white, time=2015-05-27 16:00:11.163, clock=0]
     [java] CT writes: Tile [id=null, cell=Cell [x=3, y=1], subject=yellow, time=2015-05-27 16:00:11.165, clock=0]
     [java] CT writes: Tile [id=null, cell=Cell [x=3, y=2], subject=blue, time=2015-05-27 16:00:11.167, clock=0]
     [java] CT writes: Tile [id=null, cell=Cell [x=3, y=3], subject=blue, time=2015-05-27 16:00:11.17, clock=0]
     [java] CT writes: Tile [id=null, cell=Cell [x=3, y=4], subject=yellow, time=2015-05-27 16:00:11.172, clock=0]
     [java] CT writes: Tile [id=null, cell=Cell [x=3, y=5], subject=yellow, time=2015-05-27 16:00:11.175, clock=0]
     [java] CT writes: Tile [id=null, cell=Cell [x=3, y=6], subject=white, time=2015-05-27 16:00:11.177, clock=0]
     [java] CT writes: Tile [id=null, cell=Cell [x=4, y=0], subject=brown, time=2015-05-27 16:00:11.179, clock=0]
     [java] CT writes: Tile [id=null, cell=Cell [x=4, y=1], subject=blue, time=2015-05-27 16:00:11.181, clock=0]
     [java] CT writes: Tile [id=null, cell=Cell [x=4, y=2], subject=yellow, time=2015-05-27 16:00:11.184, clock=0]
     [java] CT writes: Tile [id=null, cell=Cell [x=4, y=3], subject=blue, time=2015-05-27 16:00:11.186, clock=0]
     [java] CT writes: Tile [id=null, cell=Cell [x=4, y=4], subject=brown, time=2015-05-27 16:00:11.189, clock=0]
     [java] CT writes: Tile [id=null, cell=Cell [x=4, y=5], subject=yellow, time=2015-05-27 16:00:11.192, clock=0]
     [java] CT writes: Tile [id=null, cell=Cell [x=4, y=6], subject=brown, time=2015-05-27 16:00:11.194, clock=0]
     [java] CT writes: Tile [id=null, cell=Cell [x=5, y=0], subject=yellow, time=2015-05-27 16:00:11.197, clock=0]
     [java] CT writes: Tile [id=null, cell=Cell [x=5, y=1], subject=white, time=2015-05-27 16:00:11.199, clock=0]
     [java] CT writes: Tile [id=null, cell=Cell [x=5, y=2], subject=brown, time=2015-05-27 16:00:11.202, clock=0]
     [java] CT writes: Tile [id=null, cell=Cell [x=5, y=3], subject=yellow, time=2015-05-27 16:00:11.205, clock=0]
     [java] CT writes: Tile [id=null, cell=Cell [x=5, y=4], subject=blue, time=2015-05-27 16:00:11.207, clock=0]
     [java] CT writes: Tile [id=null, cell=Cell [x=5, y=5], subject=brown, time=2015-05-27 16:00:11.21, clock=0]
     [java] CT writes: Tile [id=null, cell=Cell [x=5, y=6], subject=white, time=2015-05-27 16:00:11.212, clock=0]
     [java] CT writes: Tile [id=null, cell=Cell [x=6, y=0], subject=blue, time=2015-05-27 16:00:11.215, clock=0]
     [java] CT writes: Tile [id=null, cell=Cell [x=6, y=1], subject=brown, time=2015-05-27 16:00:11.218, clock=0]
     [java] CT writes: Tile [id=null, cell=Cell [x=6, y=2], subject=white, time=2015-05-27 16:00:11.221, clock=0]
     [java] CT writes: Tile [id=null, cell=Cell [x=6, y=3], subject=brown, time=2015-05-27 16:00:11.225, clock=0]
     [java] CT writes: Tile [id=null, cell=Cell [x=6, y=4], subject=white, time=2015-05-27 16:00:11.227, clock=0]
     [java] CT writes: Tile [id=null, cell=Cell [x=6, y=5], subject=brown, time=2015-05-27 16:00:11.23, clock=0]
     [java] CT writes: Tile [id=null, cell=Cell [x=6, y=6], subject=white, time=2015-05-27 16:00:11.232, clock=0]
     [java] CT writes goal: Goal [id=null, cell=Cell [x=3, y=3], agent=null, time=null, clock=0]
     [java] CT writes: Goal [id=null, cell=Cell [x=3, y=3], agent=null, time=2015-05-27 16:00:11.283, clock=0]
     [java] CT writes setGoal: Group [name=g, ra=a10, clock=0, time=2015-05-27 16:00:11.385]
     [java] CT writes: Group [name=g, ra=a10, clock=0, time=2015-05-27 16:00:11.385]
     [java] revelation chips: { chips  'blue':0 'white':0 'brown':0 'yellow':0 }
     [java] revelation chips: { chips  'blue':0 'white':0 'brown':0 'yellow':0 }
     [java] revelation chips: { chips  'blue':0 'white':0 'brown':0 'yellow':0 }
     [java] revelation chips: { chips  'blue':0 'white':0 'brown':0 'yellow':0 }
     [java] CT notification: Time [clock=2, time=2015-05-27 16:00:15.231]
     [java] CT notification: Time [clock=3, time=2015-05-27 16:00:25.233]
     [java] CT notification: Prohibition [subject=a20, prohibition=[rejectRequests], sanction=[reduce(a20, 500)], clock=3, time=2015-05-27 16:00:26.924]
     [java] 20
     [java] CT prohibition: [Prohibition to reject requests for chips from the other players or 500 points will be deducted.]
     [java] CT notification: Prohibition [subject=a20, prohibition=[moveTooFast], sanction=[reduce(a20, 300)], clock=3, time=2015-05-27 16:00:26.939]
     [java] 20
     [java] CT prohibition: [Prohibition to reject requests for chips from the other players or 500 points will be deducted., Prohibition to move more than 1 square per clock tick or 300 points will be deducted.]
     [java] CT notification: Obligation [subject=a20, obligation=[at(2, 3, a20)], sanction=[reduce(a20, 700)], deadline=29, time=2015-05-27 16:00:28.055, clock=3]
     [java] 20
     [java] CT obligation: [Obligation to be at the grid tile [2,3] before clock 29 or 700 points will be deducted.]
     [java] CT notification: Obligation [subject=a20, obligation=[color(white, a20)], sanction=[reduce(a20, 100)], deadline=23, time=2015-05-27 16:00:28.967, clock=3]
     [java] 20
     [java] CT obligation: [Obligation to be at the grid tile [2,3] before clock 29 or 700 points will be deducted., Obligation to use a tile with color white before clock 23 or 100 points will be deducted.]
     [java] CT notification: Prohibition [subject=a20, prohibition=[color(blue, a20)], sanction=[reduce(a20, 1000)], clock=3, time=2015-05-27 16:00:29.001]
     [java] 20
     [java] CT prohibition: [Prohibition to reject requests for chips from the other players or 500 points will be deducted., Prohibition to move more than 1 square per clock tick or 300 points will be deducted., Prohibition to use a tile with color blue or 1000 points will be deducted.]
     [java] CT notification: Time [clock=4, time=2015-05-27 16:00:35.237]
     [java] A New Phase Began: Communication Phase
     [java] CT notification: Time [clock=5, time=2015-05-27 16:00:45.241]
     [java] DEBUG root                           - received a discourse mesage... 40
     [java] Received Discourse Message 
     [java] Class: class edu.harvard.eecs.airg.coloredtrails.shared.discourse.BasicProposalDiscourseMessage
     [java] From: 3
     [java] From: 1
     [java] DEBUG root                           - sendGameDiscourseMessage class edu.harvard.eecs.airg.coloredtrails.shared.discourse.BasicProposalDiscourseMessage
     [java] DEBUG root                           - FROM: 3 TO: 1(PIN: 20)
     [java] CT writes: Proposal [id=7488, agent=a40, agent2=a20, clock=5, time=2015-05-27 16:00:53.775]
     [java] CT notification: Time [clock=6, time=2015-05-27 16:00:55.244]
     [java] DEBUG root                           - received a discourse mesage... 20
     [java] Received Discourse Message 
     [java] Class: class edu.harvard.eecs.airg.coloredtrails.shared.discourse.BasicProposalDiscussionDiscourseMessage
     [java] From: 1
     [java] From: 3
     [java] DEBUG root                           - sendGameDiscourseMessage class edu.harvard.eecs.airg.coloredtrails.shared.discourse.BasicProposalDiscussionDiscourseMessage
     [java] DEBUG root                           - FROM: 1 TO: 3(PIN: 40)
     [java] ---- BasicProposalDiscussionDiscourseMessage ----
     [java] CT writes: Response [id=7488, response=accepted, clock=6, time=2015-05-27 16:00:56.212]
     [java] We have an accepted offer, chips before: 
     [java] player pin: 20
     [java] player chips: { chips  'blue':0 'white':0 'brown':9 'yellow':0 }
     [java] player pin: 30
     [java] player chips: { chips  'blue':9 'white':0 'brown':0 'yellow':0 }
     [java] player pin: 10
     [java] player chips: { chips  'blue':0 'white':9 'brown':0 'yellow':0 }
     [java] player pin: 40
     [java] player chips: { chips  'blue':0 'white':0 'brown':0 'yellow':9 }
     [java] Initiating Automatic Chip Transfer
     [java] Proposer:  3
     [java] Sending: { chips  }
     [java] Responder: 1
     [java] Sending: { chips  'brown':1 }
     [java] EXECUTING AUTOMATIC CHIP TRANSFER
     [java] chips after: 
     [java] player pin: 20
     [java] player chips: { chips  'blue':0 'white':0 'brown':8 'yellow':0 }
     [java] player pin: 30
     [java] player chips: { chips  'blue':9 'white':0 'brown':0 'yellow':0 }
     [java] player pin: 10
     [java] player chips: { chips  'blue':0 'white':9 'brown':0 'yellow':0 }
     [java] player pin: 40
     [java] player chips: { chips  'blue':0 'white':0 'brown':1 'yellow':9 }
     [java] DEBUG root                           - received a move request...: 40
     [java] CT writes position: Position [subject=a40, id=null, cell=Cell [x=6, y=1], time=2015-05-27 16:00:56.79, clock=6]
     [java] CT writes: Position [subject=a40, id=null, cell=Cell [x=6, y=1], time=2015-05-27 16:00:56.79, clock=6]
     [java] DEBUG root                           - received a discourse mesage... 30
     [java] Received Discourse Message 
     [java] Class: class edu.harvard.eecs.airg.coloredtrails.shared.discourse.BasicProposalDiscourseMessage
     [java] From: 2
     [java] From: 1
     [java] DEBUG root                           - sendGameDiscourseMessage class edu.harvard.eecs.airg.coloredtrails.shared.discourse.BasicProposalDiscourseMessage
     [java] DEBUG root                           - FROM: 2 TO: 1(PIN: 20)
     [java] CT writes: Proposal [id=816, agent=a30, agent2=a20, clock=6, time=2015-05-27 16:00:57.468]
     [java] DEBUG root                           - received a discourse mesage... 10
     [java] Received Discourse Message 
     [java] Class: class edu.harvard.eecs.airg.coloredtrails.shared.discourse.BasicProposalDiscourseMessage
     [java] From: 0
     [java] From: 1
     [java] DEBUG root                           - sendGameDiscourseMessage class edu.harvard.eecs.airg.coloredtrails.shared.discourse.BasicProposalDiscourseMessage
     [java] DEBUG root                           - FROM: 0 TO: 1(PIN: 20)
     [java] CT writes: Proposal [id=1296, agent=a10, agent2=a20, clock=6, time=2015-05-27 16:00:58.528]
     [java] DEBUG root                           - received a discourse mesage... 20
     [java] Received Discourse Message 
     [java] Class: class edu.harvard.eecs.airg.coloredtrails.shared.discourse.BasicProposalDiscussionDiscourseMessage
     [java] From: 1
     [java] From: 2
     [java] DEBUG root                           - sendGameDiscourseMessage class edu.harvard.eecs.airg.coloredtrails.shared.discourse.BasicProposalDiscussionDiscourseMessage
     [java] DEBUG root                           - FROM: 1 TO: 2(PIN: 30)
     [java] ---- BasicProposalDiscussionDiscourseMessage ----
     [java] CT writes: Response [id=816, response=accepted, clock=6, time=2015-05-27 16:00:58.732]
     [java] We have an accepted offer, chips before: 
     [java] player pin: 20
     [java] player chips: { chips  'blue':0 'white':0 'brown':8 'yellow':0 }
     [java] player pin: 30
     [java] player chips: { chips  'blue':9 'white':0 'brown':0 'yellow':0 }
     [java] player pin: 10
     [java] player chips: { chips  'blue':0 'white':9 'brown':0 'yellow':0 }
     [java] player pin: 40
     [java] player chips: { chips  'blue':0 'white':0 'brown':0 'yellow':9 }
     [java] Initiating Automatic Chip Transfer
     [java] Proposer:  2
     [java] Sending: { chips  }
     [java] Responder: 1
     [java] Sending: { chips  'brown':1 }
     [java] EXECUTING AUTOMATIC CHIP TRANSFER
     [java] chips after: 
     [java] player pin: 20
     [java] player chips: { chips  'blue':0 'white':0 'brown':7 'yellow':0 }
     [java] player pin: 30
     [java] player chips: { chips  'blue':9 'white':0 'brown':1 'yellow':0 }
     [java] player pin: 10
     [java] player chips: { chips  'blue':0 'white':9 'brown':0 'yellow':0 }
     [java] player pin: 40
     [java] player chips: { chips  'blue':0 'white':0 'brown':0 'yellow':9 }
     [java] DEBUG root                           - received a move request...: 30
     [java] CT writes position: Position [subject=a30, id=null, cell=Cell [x=6, y=5], time=2015-05-27 16:00:59.466, clock=6]
     [java] CT writes: Position [subject=a30, id=null, cell=Cell [x=6, y=5], time=2015-05-27 16:00:59.466, clock=6]
     [java] DEBUG root                           - received a discourse mesage... 20
     [java] Received Discourse Message 
     [java] Class: class edu.harvard.eecs.airg.coloredtrails.shared.discourse.BasicProposalDiscussionDiscourseMessage
     [java] From: 1
     [java] From: 0
     [java] DEBUG root                           - sendGameDiscourseMessage class edu.harvard.eecs.airg.coloredtrails.shared.discourse.BasicProposalDiscussionDiscourseMessage
     [java] DEBUG root                           - FROM: 1 TO: 0(PIN: 10)
     [java] ---- BasicProposalDiscussionDiscourseMessage ----
     [java] CT writes: Response [id=1296, response=accepted, clock=6, time=2015-05-27 16:01:00.391]
     [java] We have an accepted offer, chips before: 
     [java] player pin: 20
     [java] player chips: { chips  'blue':0 'white':0 'brown':7 'yellow':0 }
     [java] player pin: 30
     [java] player chips: { chips  'blue':9 'white':0 'brown':0 'yellow':0 }
     [java] player pin: 10
     [java] player chips: { chips  'blue':0 'white':9 'brown':0 'yellow':0 }
     [java] player pin: 40
     [java] player chips: { chips  'blue':0 'white':0 'brown':0 'yellow':9 }
     [java] Initiating Automatic Chip Transfer
     [java] Proposer:  0
     [java] Sending: { chips  }
     [java] Responder: 1
     [java] Sending: { chips  'brown':1 }
     [java] EXECUTING AUTOMATIC CHIP TRANSFER
     [java] chips after: 
     [java] player pin: 20
     [java] player chips: { chips  'blue':0 'white':0 'brown':6 'yellow':0 }
     [java] player pin: 30
     [java] player chips: { chips  'blue':9 'white':0 'brown':0 'yellow':0 }
     [java] player pin: 10
     [java] player chips: { chips  'blue':0 'white':9 'brown':1 'yellow':0 }
     [java] player pin: 40
     [java] player chips: { chips  'blue':0 'white':0 'brown':0 'yellow':9 }
     [java] DEBUG root                           - received a move request...: 10
     [java] CT writes position: Position [subject=a10, id=null, cell=Cell [x=0, y=1], time=2015-05-27 16:01:00.947, clock=6]
     [java] CT writes: Position [subject=a10, id=null, cell=Cell [x=0, y=1], time=2015-05-27 16:01:00.947, clock=6]
     [java] DEBUG root                           - received a discourse mesage... 40
     [java] Received Discourse Message 
     [java] Class: class edu.harvard.eecs.airg.coloredtrails.shared.discourse.BasicProposalDiscourseMessage
     [java] From: 3
     [java] From: 0
     [java] DEBUG root                           - sendGameDiscourseMessage class edu.harvard.eecs.airg.coloredtrails.shared.discourse.BasicProposalDiscourseMessage
     [java] DEBUG root                           - FROM: 3 TO: 0(PIN: 10)
     [java] CT writes: Proposal [id=5352, agent=a40, agent2=a10, clock=6, time=2015-05-27 16:01:02.406]
     [java] DEBUG root                           - received a discourse mesage... 10
     [java] Received Discourse Message 
     [java] Class: class edu.harvard.eecs.airg.coloredtrails.shared.discourse.BasicProposalDiscussionDiscourseMessage
     [java] From: 0
     [java] From: 3
     [java] DEBUG root                           - sendGameDiscourseMessage class edu.harvard.eecs.airg.coloredtrails.shared.discourse.BasicProposalDiscussionDiscourseMessage
     [java] DEBUG root                           - FROM: 0 TO: 3(PIN: 40)
     [java] ---- BasicProposalDiscussionDiscourseMessage ----
     [java] ERROR root                           - Error with the DiscourseMessage in the Game Configurationjava.lang.NullPointerException
     [java] java.lang.NullPointerException
     [java] 	at edu.harvard.eecs.airg.coloredtrails.shared.discourse.BasicProposalDiscussionDiscourseMessage.accepted(BasicProposalDiscussionDiscourseMessage.java:98)
     [java] 	at WebCTInputFileConfig.doDiscourse(WebCTInputFileConfig.java:314)
     [java] 	at edu.harvard.eecs.airg.coloredtrails.server.ClientCommands.onMessage(ClientCommands.java:220)
     [java] 	at org.apache.activemq.ActiveMQMessageConsumer.dispatch(ActiveMQMessageConsumer.java:870)
     [java] 	at org.apache.activemq.ActiveMQSessionExecutor.dispatch(ActiveMQSessionExecutor.java:122)
     [java] 	at org.apache.activemq.ActiveMQSessionExecutor.iterate(ActiveMQSessionExecutor.java:189)
     [java] 	at org.apache.activemq.thread.PooledTaskRunner.runTask(PooledTaskRunner.java:115)
     [java] 	at org.apache.activemq.thread.PooledTaskRunner.access$100(PooledTaskRunner.java:26)
     [java] 	at org.apache.activemq.thread.PooledTaskRunner$1.run(PooledTaskRunner.java:44)
     [java] 	at java.util.concurrent.ThreadPoolExecutor$Worker.runTask(ThreadPoolExecutor.java:895)
     [java] 	at java.util.concurrent.ThreadPoolExecutor$Worker.run(ThreadPoolExecutor.java:918)
     [java] 	at java.lang.Thread.run(Thread.java:695)
     [java] CT notification: Time [clock=7, time=2015-05-27 16:01:05.248]
     [java] DEBUG root                           - received a discourse mesage... 30
     [java] Received Discourse Message 
     [java] Class: class edu.harvard.eecs.airg.coloredtrails.shared.discourse.BasicProposalDiscourseMessage
     [java] From: 2
     [java] From: 0
     [java] DEBUG root                           - sendGameDiscourseMessage class edu.harvard.eecs.airg.coloredtrails.shared.discourse.BasicProposalDiscourseMessage
     [java] DEBUG root                           - FROM: 2 TO: 0(PIN: 10)
     [java] CT writes: Proposal [id=8680, agent=a30, agent2=a10, clock=7, time=2015-05-27 16:01:13.757]
     [java] DEBUG root                           - received a discourse mesage... 10
     [java] Received Discourse Message 
     [java] Class: class edu.harvard.eecs.airg.coloredtrails.shared.discourse.BasicProposalDiscussionDiscourseMessage
     [java] From: 0
     [java] From: 2
     [java] DEBUG root                           - sendGameDiscourseMessage class edu.harvard.eecs.airg.coloredtrails.shared.discourse.BasicProposalDiscussionDiscourseMessage
     [java] DEBUG root                           - FROM: 0 TO: 2(PIN: 30)
     [java] ---- BasicProposalDiscussionDiscourseMessage ----
     [java] ERROR root                           - Error with the DiscourseMessage in the Game Configurationjava.lang.NullPointerException
     [java] java.lang.NullPointerException
     [java] 	at edu.harvard.eecs.airg.coloredtrails.shared.discourse.BasicProposalDiscussionDiscourseMessage.accepted(BasicProposalDiscussionDiscourseMessage.java:98)
     [java] 	at WebCTInputFileConfig.doDiscourse(WebCTInputFileConfig.java:314)
     [java] 	at edu.harvard.eecs.airg.coloredtrails.server.ClientCommands.onMessage(ClientCommands.java:220)
     [java] 	at org.apache.activemq.ActiveMQMessageConsumer.dispatch(ActiveMQMessageConsumer.java:870)
     [java] 	at org.apache.activemq.ActiveMQSessionExecutor.dispatch(ActiveMQSessionExecutor.java:122)
     [java] 	at org.apache.activemq.ActiveMQSessionExecutor.iterate(ActiveMQSessionExecutor.java:189)
     [java] 	at org.apache.activemq.thread.PooledTaskRunner.runTask(PooledTaskRunner.java:115)
     [java] 	at org.apache.activemq.thread.PooledTaskRunner.access$100(PooledTaskRunner.java:26)
     [java] 	at org.apache.activemq.thread.PooledTaskRunner$1.run(PooledTaskRunner.java:44)
     [java] 	at java.util.concurrent.ThreadPoolExecutor$Worker.runTask(ThreadPoolExecutor.java:895)
     [java] 	at java.util.concurrent.ThreadPoolExecutor$Worker.run(ThreadPoolExecutor.java:918)
     [java] 	at java.lang.Thread.run(Thread.java:695)
     [java] CT notification: Time [clock=8, time=2015-05-27 16:01:15.25]
     [java] DEBUG root                           - received a discourse mesage... 10
     [java] Received Discourse Message 
     [java] Class: class edu.harvard.eecs.airg.coloredtrails.shared.discourse.BasicProposalDiscourseMessage
     [java] From: 0
     [java] From: 3
     [java] DEBUG root                           - sendGameDiscourseMessage class edu.harvard.eecs.airg.coloredtrails.shared.discourse.BasicProposalDiscourseMessage
     [java] DEBUG root                           - FROM: 0 TO: 3(PIN: 40)
     [java] CT writes: Proposal [id=6793, agent=a10, agent2=a40, clock=8, time=2015-05-27 16:01:16.78]
     [java] DEBUG root                           - received a discourse mesage... 40
     [java] Received Discourse Message 
     [java] Class: class edu.harvard.eecs.airg.coloredtrails.shared.discourse.BasicProposalDiscussionDiscourseMessage
     [java] From: 3
     [java] From: 0
     [java] DEBUG root                           - sendGameDiscourseMessage class edu.harvard.eecs.airg.coloredtrails.shared.discourse.BasicProposalDiscussionDiscourseMessage
     [java] DEBUG root                           - FROM: 3 TO: 0(PIN: 10)
     [java] ---- BasicProposalDiscussionDiscourseMessage ----
     [java] ERROR root                           - Error with the DiscourseMessage in the Game Configurationjava.lang.NullPointerException
     [java] java.lang.NullPointerException
     [java] 	at edu.harvard.eecs.airg.coloredtrails.shared.discourse.BasicProposalDiscussionDiscourseMessage.accepted(BasicProposalDiscussionDiscourseMessage.java:98)
     [java] 	at WebCTInputFileConfig.doDiscourse(WebCTInputFileConfig.java:314)
     [java] 	at edu.harvard.eecs.airg.coloredtrails.server.ClientCommands.onMessage(ClientCommands.java:220)
     [java] 	at org.apache.activemq.ActiveMQMessageConsumer.dispatch(ActiveMQMessageConsumer.java:870)
     [java] 	at org.apache.activemq.ActiveMQSessionExecutor.dispatch(ActiveMQSessionExecutor.java:122)
     [java] 	at org.apache.activemq.ActiveMQSessionExecutor.iterate(ActiveMQSessionExecutor.java:189)
     [java] 	at org.apache.activemq.thread.PooledTaskRunner.runTask(PooledTaskRunner.java:115)
     [java] 	at org.apache.activemq.thread.PooledTaskRunner.access$100(PooledTaskRunner.java:26)
     [java] 	at org.apache.activemq.thread.PooledTaskRunner$1.run(PooledTaskRunner.java:44)
     [java] 	at java.util.concurrent.ThreadPoolExecutor$Worker.runTask(ThreadPoolExecutor.java:895)
     [java] 	at java.util.concurrent.ThreadPoolExecutor$Worker.run(ThreadPoolExecutor.java:918)
     [java] 	at java.lang.Thread.run(Thread.java:695)
     [java] DEBUG root                           - received a discourse mesage... 40
     [java] Received Discourse Message 
     [java] Class: class edu.harvard.eecs.airg.coloredtrails.shared.discourse.BasicProposalDiscussionDiscourseMessage
     [java] From: 3
     [java] From: 0
     [java] DEBUG root                           - sendGameDiscourseMessage class edu.harvard.eecs.airg.coloredtrails.shared.discourse.BasicProposalDiscussionDiscourseMessage
     [java] DEBUG root                           - FROM: 3 TO: 0(PIN: 10)
     [java] ---- BasicProposalDiscussionDiscourseMessage ----
     [java] CT writes: Response [id=6793, response=rejected, clock=8, time=2015-05-27 16:01:18.503]
     [java] Offer rejected
     [java] DEBUG root                           - received a discourse mesage... 10
     [java] Received Discourse Message 
     [java] Class: class edu.harvard.eecs.airg.coloredtrails.shared.discourse.BasicProposalDiscussionDiscourseMessage
     [java] From: 0
     [java] From: 3
     [java] DEBUG root                           - sendGameDiscourseMessage class edu.harvard.eecs.airg.coloredtrails.shared.discourse.BasicProposalDiscussionDiscourseMessage
     [java] DEBUG root                           - FROM: 0 TO: 3(PIN: 40)
     [java] ---- BasicProposalDiscussionDiscourseMessage ----
     [java] CT writes: Response [id=5352, response=rejected, clock=8, time=2015-05-27 16:01:18.64]
     [java] Offer rejected
     [java] DEBUG root                           - received a move request...: 40
     [java] CT writes position: Position [subject=a40, id=null, cell=Cell [x=6, y=2], time=2015-05-27 16:01:19.525, clock=8]
     [java] CT writes: Position [subject=a40, id=null, cell=Cell [x=6, y=2], time=2015-05-27 16:01:19.525, clock=8]
     [java] DEBUG root                           - received a discourse mesage... 10
     [java] Received Discourse Message 
     [java] Class: class edu.harvard.eecs.airg.coloredtrails.shared.discourse.BasicProposalDiscussionDiscourseMessage
     [java] From: 0
     [java] From: 2
     [java] DEBUG root                           - sendGameDiscourseMessage class edu.harvard.eecs.airg.coloredtrails.shared.discourse.BasicProposalDiscussionDiscourseMessage
     [java] DEBUG root                           - FROM: 0 TO: 2(PIN: 30)
     [java] ---- BasicProposalDiscussionDiscourseMessage ----
     [java] CT writes: Response [id=8680, response=rejected, clock=8, time=2015-05-27 16:01:19.91]
     [java] Offer rejected
     [java] DEBUG root                           - received a move request...: 10
     [java] CT writes position: Position [subject=a10, id=null, cell=Cell [x=1, y=1], time=2015-05-27 16:01:20.17, clock=8]
     [java] CT writes: Position [subject=a10, id=null, cell=Cell [x=1, y=1], time=2015-05-27 16:01:20.17, clock=8]
     [java] DEBUG root                           - received a move request...: 30
     [java] CT writes position: Position [subject=a30, id=null, cell=Cell [x=6, y=4], time=2015-05-27 16:01:20.404, clock=8]
     [java] CT writes: Position [subject=a30, id=null, cell=Cell [x=6, y=4], time=2015-05-27 16:01:20.404, clock=8]
     [java] java.lang.NullPointerException
     [java] 	at edu.harvard.eecs.airg.coloredtrails.shared.discourse.BasicProposalDiscussionDiscourseMessage.accepted(BasicProposalDiscussionDiscourseMessage.java:98)
     [java] 	at WebCTInputFileConfig.doDiscourse(WebCTInputFileConfig.java:314)
     [java] 	at edu.harvard.eecs.airg.coloredtrails.server.ClientCommands.onMessage(ClientCommands.java:220)
     [java] 	at org.apache.activemq.ActiveMQMessageConsumer.dispatch(ActiveMQMessageConsumer.java:870)
     [java] 	at org.apache.activemq.ActiveMQSessionExecutor.dispatch(ActiveMQSessionExecutor.java:122)
     [java] 	at org.apache.activemq.ActiveMQSessionExecutor.iterate(ActiveMQSessionExecutor.java:189)
     [java] 	at org.apache.activemq.thread.PooledTaskRunner.runTask(PooledTaskRunner.java:115)
     [java] 	at org.apache.activemq.thread.PooledTaskRunner.access$100(PooledTaskRunner.java:26)
     [java] 	at org.apache.activemq.thread.PooledTaskRunner$1.run(PooledTaskRunner.java:44)
     [java] 	at java.util.concurrent.ThreadPoolExecutor$Worker.runTask(ThreadPoolExecutor.java:895)
     [java] 	at java.util.concurrent.ThreadPoolExecutor$Worker.run(ThreadPoolExecutor.java:918)
     [java] 	at java.lang.Thread.run(Thread.java:695)
     [java] DEBUG root                           - received a discourse mesage... 40
     [java] Received Discourse Message 
     [java] Class: class edu.harvard.eecs.airg.coloredtrails.shared.discourse.BasicProposalDiscourseMessage
     [java] From: 3
     [java] From: 0
     [java] DEBUG root                           - sendGameDiscourseMessage class edu.harvard.eecs.airg.coloredtrails.shared.discourse.BasicProposalDiscourseMessage
     [java] DEBUG root                           - FROM: 3 TO: 0(PIN: 10)
     [java] CT writes: Proposal [id=9713, agent=a40, agent2=a10, clock=8, time=2015-05-27 16:01:24.79]
     [java] DEBUG root                           - received a discourse mesage... 10
     [java] Received Discourse Message 
     [java] Class: class edu.harvard.eecs.airg.coloredtrails.shared.discourse.BasicProposalDiscussionDiscourseMessage
     [java] From: 0
     [java] From: 3
     [java] DEBUG root                           - sendGameDiscourseMessage class edu.harvard.eecs.airg.coloredtrails.shared.discourse.BasicProposalDiscussionDiscourseMessage
     [java] DEBUG root                           - FROM: 0 TO: 3(PIN: 40)
     [java] ---- BasicProposalDiscussionDiscourseMessage ----
     [java] ERROR root                           - Error with the DiscourseMessage in the Game Configurationjava.lang.NullPointerException
     [java] CT notification: Time [clock=9, time=2015-05-27 16:01:25.252]
     [java] DEBUG root                           - received a discourse mesage... 20
     [java] Received Discourse Message 
     [java] Class: class edu.harvard.eecs.airg.coloredtrails.shared.discourse.BasicProposalDiscourseMessage
     [java] From: 1
     [java] From: 0
     [java] DEBUG root                           - sendGameDiscourseMessage class edu.harvard.eecs.airg.coloredtrails.shared.discourse.BasicProposalDiscourseMessage
     [java] DEBUG root                           - FROM: 1 TO: 0(PIN: 10)
     [java] CT writes: Proposal [id=1548, agent=a20, agent2=a10, clock=9, time=2015-05-27 16:01:33.915]
     [java] DEBUG root                           - received a discourse mesage... 10
     [java] Received Discourse Message 
     [java] Class: class edu.harvard.eecs.airg.coloredtrails.shared.discourse.BasicProposalDiscussionDiscourseMessage
     [java] From: 0
     [java] From: 1
     [java] DEBUG root                           - sendGameDiscourseMessage class edu.harvard.eecs.airg.coloredtrails.shared.discourse.BasicProposalDiscussionDiscourseMessage
     [java] DEBUG root                           - FROM: 0 TO: 1(PIN: 20)
     [java] ---- BasicProposalDiscussionDiscourseMessage ----
     [java] ERROR root                           - Error with the DiscourseMessage in the Game Configurationjava.lang.NullPointerException
     [java] java.lang.NullPointerException
     [java] 	at edu.harvard.eecs.airg.coloredtrails.shared.discourse.BasicProposalDiscussionDiscourseMessage.accepted(BasicProposalDiscussionDiscourseMessage.java:98)
     [java] 	at WebCTInputFileConfig.doDiscourse(WebCTInputFileConfig.java:314)
     [java] 	at edu.harvard.eecs.airg.coloredtrails.server.ClientCommands.onMessage(ClientCommands.java:220)
     [java] 	at org.apache.activemq.ActiveMQMessageConsumer.dispatch(ActiveMQMessageConsumer.java:870)
     [java] 	at org.apache.activemq.ActiveMQSessionExecutor.dispatch(ActiveMQSessionExecutor.java:122)
     [java] 	at org.apache.activemq.ActiveMQSessionExecutor.iterate(ActiveMQSessionExecutor.java:189)
     [java] 	at org.apache.activemq.thread.PooledTaskRunner.runTask(PooledTaskRunner.java:115)
     [java] 	at org.apache.activemq.thread.PooledTaskRunner.access$100(PooledTaskRunner.java:26)
     [java] 	at org.apache.activemq.thread.PooledTaskRunner$1.run(PooledTaskRunner.java:44)
     [java] 	at java.util.concurrent.ThreadPoolExecutor$Worker.runTask(ThreadPoolExecutor.java:895)
     [java] 	at java.util.concurrent.ThreadPoolExecutor$Worker.run(ThreadPoolExecutor.java:918)
     [java] 	at java.lang.Thread.run(Thread.java:695)
     [java] CT notification: Time [clock=10, time=2015-05-27 16:01:35.257]
     [java] java.lang.NullPointerException
     [java] 	at edu.harvard.eecs.airg.coloredtrails.shared.discourse.BasicProposalDiscussionDiscourseMessage.accepted(BasicProposalDiscussionDiscourseMessage.java:98)
     [java] 	at WebCTInputFileConfig.doDiscourse(WebCTInputFileConfig.java:314)
     [java] DEBUG root                           - received a discourse mesage... 10
     [java] Received Discourse Message 
     [java] Class: class edu.harvard.eecs.airg.coloredtrails.shared.discourse.BasicProposalDiscourseMessage
     [java] From: 0	at edu.harvard.eecs.airg.coloredtrails.server.ClientCommands.onMessage(ClientCommands.java:220)
     [java] 
     [java] From: 3	at org.apache.activemq.ActiveMQMessageConsumer.dispatch(ActiveMQMessageConsumer.java:870)
     [java] 
     [java] 	at org.apache.activemq.ActiveMQSessionExecutor.dispatch(ActiveMQSessionExecutor.java:122)
     [java] 	at org.apache.activemq.ActiveMQSessionExecutor.iterate(ActiveMQSessionExecutor.java:189)DEBUG root                           - sendGameDiscourseMessage class edu.harvard.eecs.airg.coloredtrails.shared.discourse.BasicProposalDiscourseMessage
     [java] 
     [java] DEBUG root                           - FROM: 0 TO: 3(PIN: 40)
     [java] CT writes: Proposal [id=148, agent=a10, agent2=a40, clock=10, time=2015-05-27 16:01:36.035]
     [java] DEBUG root                           - received a discourse mesage... 40	at org.apache.activemq.thread.PooledTaskRunner.runTask(PooledTaskRunner.java:115)
     [java] 
     [java] Received Discourse Message 	at org.apache.activemq.thread.PooledTaskRunner.access$100(PooledTaskRunner.java:26)
     [java] 	at org.apache.activemq.thread.PooledTaskRunner$1.run(PooledTaskRunner.java:44)
     [java] 
     [java] Class: class edu.harvard.eecs.airg.coloredtrails.shared.discourse.BasicProposalDiscussionDiscourseMessage
     [java] From: 3	at java.util.concurrent.ThreadPoolExecutor$Worker.runTask(ThreadPoolExecutor.java:895)
     [java] 
     [java] From: 0
     [java] 	at java.util.concurrent.ThreadPoolExecutor$Worker.run(ThreadPoolExecutor.java:918)
     [java] 	at java.lang.Thread.run(Thread.java:695)
     [java] DEBUG root                           - sendGameDiscourseMessage class edu.harvard.eecs.airg.coloredtrails.shared.discourse.BasicProposalDiscussionDiscourseMessage
     [java] DEBUG root                           - FROM: 3 TO: 0(PIN: 10)
     [java] ---- BasicProposalDiscussionDiscourseMessage ----
     [java] ERROR root                           - Error with the DiscourseMessage in the Game Configurationjava.lang.NullPointerException
     [java] DEBUG root                           - received a discourse mesage... 30
     [java] Received Discourse Message 
     [java] Class: class edu.harvard.eecs.airg.coloredtrails.shared.discourse.BasicProposalDiscourseMessage
     [java] From: 2
     [java] From: 0
     [java] DEBUG root                           - sendGameDiscourseMessage class edu.harvard.eecs.airg.coloredtrails.shared.discourse.BasicProposalDiscourseMessage
     [java] DEBUG root                           - FROM: 2 TO: 0(PIN: 10)
     [java] CT writes: Proposal [id=4356, agent=a30, agent2=a10, clock=10, time=2015-05-27 16:01:36.938]
     [java] DEBUG root                           - received a discourse mesage... 10
     [java] Received Discourse Message 
     [java] Class: class edu.harvard.eecs.airg.coloredtrails.shared.discourse.BasicProposalDiscussionDiscourseMessage
     [java] From: 0
     [java] From: 2
     [java] DEBUG root                           - sendGameDiscourseMessage class edu.harvard.eecs.airg.coloredtrails.shared.discourse.BasicProposalDiscussionDiscourseMessage
     [java] DEBUG root                           - FROM: 0 TO: 2(PIN: 30)
     [java] ---- BasicProposalDiscussionDiscourseMessage ----
     [java] ERROR root                           - Error with the DiscourseMessage in the Game Configurationjava.lang.NullPointerException
     [java] java.lang.NullPointerException
     [java] 	at edu.harvard.eecs.airg.coloredtrails.shared.discourse.BasicProposalDiscussionDiscourseMessage.accepted(BasicProposalDiscussionDiscourseMessage.java:98)
     [java] 	at WebCTInputFileConfig.doDiscourse(WebCTInputFileConfig.java:314)
     [java] 	at edu.harvard.eecs.airg.coloredtrails.server.ClientCommands.onMessage(ClientCommands.java:220)
     [java] 	at org.apache.activemq.ActiveMQMessageConsumer.dispatch(ActiveMQMessageConsumer.java:870)
     [java] 	at org.apache.activemq.ActiveMQSessionExecutor.dispatch(ActiveMQSessionExecutor.java:122)
     [java] 	at org.apache.activemq.ActiveMQSessionExecutor.iterate(ActiveMQSessionExecutor.java:189)
     [java] 	at org.apache.activemq.thread.PooledTaskRunner.runTask(PooledTaskRunner.java:115)
     [java] 	at org.apache.activemq.thread.PooledTaskRunner.access$100(PooledTaskRunner.java:26)
     [java] 	at org.apache.activemq.thread.PooledTaskRunner$1.run(PooledTaskRunner.java:44)
     [java] 	at java.util.concurrent.ThreadPoolExecutor$Worker.runTask(ThreadPoolExecutor.java:895)
     [java] 	at java.util.concurrent.ThreadPoolExecutor$Worker.run(ThreadPoolExecutor.java:918)
     [java] 	at java.lang.Thread.run(Thread.java:695)
     [java] DEBUG root                           - received a discourse mesage... 40
     [java] Received Discourse Message 
     [java] Class: class edu.harvard.eecs.airg.coloredtrails.shared.discourse.BasicProposalDiscussionDiscourseMessage
     [java] From: 3
     [java] From: 0
     [java] DEBUG root                           - sendGameDiscourseMessage class edu.harvard.eecs.airg.coloredtrails.shared.discourse.BasicProposalDiscussionDiscourseMessage
     [java] DEBUG root                           - FROM: 3 TO: 0(PIN: 10)
     [java] ---- BasicProposalDiscussionDiscourseMessage ----
     [java] CT writes: Response [id=148, response=rejected, clock=10, time=2015-05-27 16:01:37.994]
     [java] Offer rejected
     [java] DEBUG root                           - received a discourse mesage... 10
     [java] Received Discourse Message 
     [java] Class: class edu.harvard.eecs.airg.coloredtrails.shared.discourse.BasicProposalDiscussionDiscourseMessage
     [java] From: 0
     [java] From: 3
     [java] DEBUG root                           - sendGameDiscourseMessage class edu.harvard.eecs.airg.coloredtrails.shared.discourse.BasicProposalDiscussionDiscourseMessage
     [java] DEBUG root                           - FROM: 0 TO: 3(PIN: 40)
     [java] ---- BasicProposalDiscussionDiscourseMessage ----
     [java] CT writes: Response [id=9713, response=rejected, clock=10, time=2015-05-27 16:01:38.003]
     [java] Offer rejected
     [java] DEBUG root                           - received a move request...: 40
     [java] CT writes position: Position [subject=a40, id=null, cell=Cell [x=6, y=2], time=2015-05-27 16:01:39.115, clock=10]
     [java] CT writes: Position [subject=a40, id=null, cell=Cell [x=6, y=2], time=2015-05-27 16:01:39.115, clock=10]
     [java] DEBUG root                           - received a discourse mesage... 10
     [java] Received Discourse Message 
     [java] Class: class edu.harvard.eecs.airg.coloredtrails.shared.discourse.BasicProposalDiscussionDiscourseMessage
     [java] From: 0
     [java] From: 1
     [java] DEBUG root                           - sendGameDiscourseMessage class edu.harvard.eecs.airg.coloredtrails.shared.discourse.BasicProposalDiscussionDiscourseMessage
     [java] DEBUG root                           - FROM: 0 TO: 1(PIN: 20)
     [java] ---- BasicProposalDiscussionDiscourseMessage ----
     [java] CT writes: Response [id=1548, response=rejected, clock=10, time=2015-05-27 16:01:39.374]
     [java] Offer rejected
     [java] DEBUG root                           - received a move request...: 10
     [java] CT writes position: Position [subject=a10, id=null, cell=Cell [x=1, y=1], time=2015-05-27 16:01:39.606, clock=10]
     [java] CT writes: Position [subject=a10, id=null, cell=Cell [x=1, y=1], time=2015-05-27 16:01:39.606, clock=10]
     [java] A New Phase Began: Movement Phase
     [java] DEBUG root                           - received a discourse mesage... 10
     [java] Received Discourse Message 
     [java] Class: class edu.harvard.eecs.airg.coloredtrails.shared.discourse.BasicProposalDiscussionDiscourseMessage
     [java] From: 0
     [java] From: 2
     [java] DEBUG root                           - sendGameDiscourseMessage class edu.harvard.eecs.airg.coloredtrails.shared.discourse.BasicProposalDiscussionDiscourseMessage
     [java] DEBUG root                           - FROM: 0 TO: 2(PIN: 30)
     [java] ---- BasicProposalDiscussionDiscourseMessage ----
     [java] CT writes: Response [id=4356, response=rejected, clock=10, time=2015-05-27 16:01:44.424]
     [java] Offer rejected
     [java] DEBUG root                           - received a move request...: 30
     [java] CT writes position: Position [subject=a30, id=null, cell=Cell [x=6, y=4], time=2015-05-27 16:01:44.887, clock=10]
     [java] CT writes: Position [subject=a30, id=null, cell=Cell [x=6, y=4], time=2015-05-27 16:01:44.887, clock=10]
     [java] CT notification: Time [clock=11, time=2015-05-27 16:01:45.259]
     [java] java.lang.NullPointerException
     [java] 	at edu.harvard.eecs.airg.coloredtrails.shared.discourse.BasicProposalDiscussionDiscourseMessage.accepted(BasicProposalDiscussionDiscourseMessage.java:98)
     [java] 	at WebCTInputFileConfig.doDiscourse(WebCTInputFileConfig.java:314)
     [java] 	at edu.harvard.eecs.airg.coloredtrails.server.ClientCommands.onMessage(ClientCommands.java:220)
     [java] 	at org.apache.activemq.ActiveMQMessageConsumer.dispatch(ActiveMQMessageConsumer.java:870)
     [java] 	at org.apache.activemq.ActiveMQSessionExecutor.dispatch(ActiveMQSessionExecutor.java:122)
     [java] 	at org.apache.activemq.ActiveMQSessionExecutor.iterate(ActiveMQSessionExecutor.java:189)
     [java] 	at org.apache.activemq.thread.PooledTaskRunner.runTask(PooledTaskRunner.java:115)
     [java] 	at org.apache.activemq.thread.PooledTaskRunner.access$100(PooledTaskRunner.java:26)
     [java] 	at org.apache.activemq.thread.PooledTaskRunner$1.run(PooledTaskRunner.java:44)
     [java] 	at java.util.concurrent.ThreadPoolExecutor$Worker.runTask(ThreadPoolExecutor.java:895)
     [java] 	at java.util.concurrent.ThreadPoolExecutor$Worker.run(ThreadPoolExecutor.java:918)
     [java] 	at java.lang.Thread.run(Thread.java:695)
     [java] DEBUG root                           - received a discourse mesage... 40
     [java] Received Discourse Message 
     [java] Class: class edu.harvard.eecs.airg.coloredtrails.shared.discourse.BasicProposalDiscourseMessage
     [java] From: 3
     [java] From: 0
     [java] DEBUG root                           - sendGameDiscourseMessage class edu.harvard.eecs.airg.coloredtrails.shared.discourse.BasicProposalDiscourseMessage
     [java] DEBUG root                           - FROM: 3 TO: 0(PIN: 10)
     [java] CT writes: Proposal [id=8119, agent=a40, agent2=a10, clock=11, time=2015-05-27 16:01:49.751]
     [java] DEBUG root                           - received a discourse mesage... 10
     [java] Received Discourse Message 
     [java] Class: class edu.harvard.eecs.airg.coloredtrails.shared.discourse.BasicProposalDiscussionDiscourseMessage
     [java] From: 0
     [java] From: 3
     [java] DEBUG root                           - sendGameDiscourseMessage class edu.harvard.eecs.airg.coloredtrails.shared.discourse.BasicProposalDiscussionDiscourseMessage
     [java] DEBUG root                           - FROM: 0 TO: 3(PIN: 40)
     [java] ---- BasicProposalDiscussionDiscourseMessage ----
     [java] ERROR root                           - Error with the DiscourseMessage in the Game Configurationjava.lang.NullPointerException
     [java] java.lang.NullPointerException
     [java] 	at edu.harvard.eecs.airg.coloredtrails.shared.discourse.BasicProposalDiscussionDiscourseMessage.accepted(BasicProposalDiscussionDiscourseMessage.java:98)
     [java] 	at WebCTInputFileConfig.doDiscourse(WebCTInputFileConfig.java:314)
     [java] 	at edu.harvard.eecs.airg.coloredtrails.server.ClientCommands.onMessage(ClientCommands.java:220)
     [java] 	at org.apache.activemq.ActiveMQMessageConsumer.dispatch(ActiveMQMessageConsumer.java:870)
     [java] 	at org.apache.activemq.ActiveMQSessionExecutor.dispatch(ActiveMQSessionExecutor.java:122)
     [java] 	at org.apache.activemq.ActiveMQSessionExecutor.iterate(ActiveMQSessionExecutor.java:189)
     [java] 	at org.apache.activemq.thread.PooledTaskRunner.runTask(PooledTaskRunner.java:115)
     [java] 	at org.apache.activemq.thread.PooledTaskRunner.access$100(PooledTaskRunner.java:26)
     [java] 	at org.apache.activemq.thread.PooledTaskRunner$1.run(PooledTaskRunner.java:44)
     [java] 	at java.util.concurrent.ThreadPoolExecutor$Worker.runTask(ThreadPoolExecutor.java:895)
     [java] 	at java.util.concurrent.ThreadPoolExecutor$Worker.run(ThreadPoolExecutor.java:918)
     [java] 	at java.lang.Thread.run(Thread.java:695)
     [java] DEBUG root                           - received a discourse mesage... 30
     [java] Received Discourse Message 
     [java] Class: class edu.harvard.eecs.airg.coloredtrails.shared.discourse.BasicProposalDiscourseMessage
     [java] From: 2
     [java] From: 0
     [java] DEBUG root                           - sendGameDiscourseMessage class edu.harvard.eecs.airg.coloredtrails.shared.discourse.BasicProposalDiscourseMessage
     [java] DEBUG root                           - FROM: 2 TO: 0(PIN: 10)
     [java] CT writes: Proposal [id=6327, agent=a30, agent2=a10, clock=11, time=2015-05-27 16:01:52.873]
     [java] DEBUG root                           - received a discourse mesage... 10
     [java] Received Discourse Message 
     [java] Class: class edu.harvard.eecs.airg.coloredtrails.shared.discourse.BasicProposalDiscussionDiscourseMessage
     [java] From: 0
     [java] From: 2
     [java] DEBUG root                           - sendGameDiscourseMessage class edu.harvard.eecs.airg.coloredtrails.shared.discourse.BasicProposalDiscussionDiscourseMessage
     [java] DEBUG root                           - FROM: 0 TO: 2(PIN: 30)
     [java] ---- BasicProposalDiscussionDiscourseMessage ----
     [java] ERROR root                           - Error with the DiscourseMessage in the Game Configurationjava.lang.NullPointerException
     [java] CT notification: Time [clock=12, time=2015-05-27 16:01:55.263]
     [java] DEBUG root                           - received a discourse mesage... 10
     [java] Received Discourse Message 
     [java] Class: class edu.harvard.eecs.airg.coloredtrails.shared.discourse.BasicProposalDiscourseMessage
     [java] From: 0
     [java] From: 3
     [java] DEBUG root                           - sendGameDiscourseMessage class edu.harvard.eecs.airg.coloredtrails.shared.discourse.BasicProposalDiscourseMessage
     [java] DEBUG root                           - FROM: 0 TO: 3(PIN: 40)
     [java] CT writes: Proposal [id=7166, agent=a10, agent2=a40, clock=12, time=2015-05-27 16:01:55.834]
     [java] DEBUG root                           - received a discourse mesage... 40
     [java] Received Discourse Message 
     [java] Class: class edu.harvard.eecs.airg.coloredtrails.shared.discourse.BasicProposalDiscussionDiscourseMessage
     [java] From: 3
     [java] From: 0
     [java] DEBUG root                           - sendGameDiscourseMessage class edu.harvard.eecs.airg.coloredtrails.shared.discourse.BasicProposalDiscussionDiscourseMessage
     [java] DEBUG root                           - FROM: 3 TO: 0(PIN: 10)
     [java] ---- BasicProposalDiscussionDiscourseMessage ----
     [java] ERROR root                           - Error with the DiscourseMessage in the Game Configurationjava.lang.NullPointerException
     [java] java.lang.NullPointerException
     [java] 	at edu.harvard.eecs.airg.coloredtrails.shared.discourse.BasicProposalDiscussionDiscourseMessage.accepted(BasicProposalDiscussionDiscourseMessage.java:98)
     [java] 	at WebCTInputFileConfig.doDiscourse(WebCTInputFileConfig.java:314)
     [java] 	at edu.harvard.eecs.airg.coloredtrails.server.ClientCommands.onMessage(ClientCommands.java:220)
     [java] 	at org.apache.activemq.ActiveMQMessageConsumer.dispatch(ActiveMQMessageConsumer.java:870)
     [java] 	at org.apache.activemq.ActiveMQSessionExecutor.dispatch(ActiveMQSessionExecutor.java:122)
     [java] 	at org.apache.activemq.ActiveMQSessionExecutor.iterate(ActiveMQSessionExecutor.java:189)
     [java] 	at org.apache.activemq.thread.PooledTaskRunner.runTask(PooledTaskRunner.java:115)
     [java] 	at org.apache.activemq.thread.PooledTaskRunner.access$100(PooledTaskRunner.java:26)
     [java] 	at org.apache.activemq.thread.PooledTaskRunner$1.run(PooledTaskRunner.java:44)
     [java] 	at java.util.concurrent.ThreadPoolExecutor$Worker.runTask(ThreadPoolExecutor.java:895)
     [java] 	at java.util.concurrent.ThreadPoolExecutor$Worker.run(ThreadPoolExecutor.java:918)
     [java] 	at java.lang.Thread.run(Thread.java:695)
     [java] DEBUG root                           - received a discourse mesage... 40
     [java] Received Discourse Message 
     [java] Class: class edu.harvard.eecs.airg.coloredtrails.shared.discourse.BasicProposalDiscussionDiscourseMessage
     [java] From: 3
     [java] From: 0
     [java] DEBUG root                           - sendGameDiscourseMessage class edu.harvard.eecs.airg.coloredtrails.shared.discourse.BasicProposalDiscussionDiscourseMessage
     [java] DEBUG root                           - FROM: 3 TO: 0(PIN: 10)
     [java] ---- BasicProposalDiscussionDiscourseMessage ----
     [java] CT writes: Response [id=7166, response=rejected, clock=12, time=2015-05-27 16:01:57.975]
     [java] Offer rejected
     [java] DEBUG root                           - received a discourse mesage... 10
     [java] Received Discourse Message 
     [java] Class: class edu.harvard.eecs.airg.coloredtrails.shared.discourse.BasicProposalDiscussionDiscourseMessage
     [java] From: 0
     [java] From: 3
     [java] DEBUG root                           - sendGameDiscourseMessage class edu.harvard.eecs.airg.coloredtrails.shared.discourse.BasicProposalDiscussionDiscourseMessage
     [java] DEBUG root                           - FROM: 0 TO: 3(PIN: 40)
     [java] ---- BasicProposalDiscussionDiscourseMessage ----
     [java] CT writes: Response [id=8119, response=rejected, clock=12, time=2015-05-27 16:01:58.125]
     [java] Offer rejected
     [java] DEBUG root                           - received a move request...: 40
     [java] CT writes position: Position [subject=a40, id=null, cell=Cell [x=6, y=2], time=2015-05-27 16:01:59.169, clock=12]
     [java] CT writes: Position [subject=a40, id=null, cell=Cell [x=6, y=2], time=2015-05-27 16:01:59.169, clock=12]
     [java] DEBUG root                           - received a discourse mesage... 10
     [java] Received Discourse Message 
     [java] Class: class edu.harvard.eecs.airg.coloredtrails.shared.discourse.BasicProposalDiscussionDiscourseMessage
     [java] From: 0
     [java] From: 2
     [java] DEBUG root                           - sendGameDiscourseMessage class edu.harvard.eecs.airg.coloredtrails.shared.discourse.BasicProposalDiscussionDiscourseMessage
     [java] DEBUG root                           - FROM: 0 TO: 2(PIN: 30)
     [java] ---- BasicProposalDiscussionDiscourseMessage ----
     [java] CT writes: Response [id=6327, response=rejected, clock=12, time=2015-05-27 16:01:59.384]
     [java] Offer rejected
     [java] DEBUG root                           - received a move request...: 10
     [java] CT writes position: Position [subject=a10, id=null, cell=Cell [x=1, y=1], time=2015-05-27 16:01:59.507, clock=12]
     [java] CT writes: Position [subject=a10, id=null, cell=Cell [x=1, y=1], time=2015-05-27 16:01:59.507, clock=12]
     [java] DEBUG root                           - received a move request...: 30
     [java] CT writes position: Position [subject=a30, id=null, cell=Cell [x=6, y=4], time=2015-05-27 16:01:59.756, clock=12]
     [java] CT writes: Position [subject=a30, id=null, cell=Cell [x=6, y=4], time=2015-05-27 16:01:59.756, clock=12]
     [java] CT notification: Time [clock=13, time=2015-05-27 16:02:05.265]
     [java] DEBUG root                           - received a discourse mesage... 30
     [java] Received Discourse Message 
     [java] Class: class edu.harvard.eecs.airg.coloredtrails.shared.discourse.BasicProposalDiscourseMessage
     [java] From: 2
     [java] From: 0
     [java] DEBUG root                           - sendGameDiscourseMessage class edu.harvard.eecs.airg.coloredtrails.shared.discourse.BasicProposalDiscourseMessage
     [java] DEBUG root                           - FROM: 2 TO: 0(PIN: 10)
     [java] CT writes: Proposal [id=4671, agent=a30, agent2=a10, clock=13, time=2015-05-27 16:02:05.637]
     [java] DEBUG root                           - received a discourse mesage... 10
     [java] Received Discourse Message 
     [java] Class: class edu.harvard.eecs.airg.coloredtrails.shared.discourse.BasicProposalDiscussionDiscourseMessage
     [java] From: 0
     [java] From: 2
     [java] DEBUG root                           - sendGameDiscourseMessage class edu.harvard.eecs.airg.coloredtrails.shared.discourse.BasicProposalDiscussionDiscourseMessage
     [java] DEBUG root                           - FROM: 0 TO: 2(PIN: 30)
     [java] ---- BasicProposalDiscussionDiscourseMessage ----
     [java] ERROR root                           - Error with the DiscourseMessage in the Game Configurationjava.lang.NullPointerException
     [java] java.lang.NullPointerException
     [java] 	at edu.harvard.eecs.airg.coloredtrails.shared.discourse.BasicProposalDiscussionDiscourseMessage.accepted(BasicProposalDiscussionDiscourseMessage.java:98)
     [java] 	at WebCTInputFileConfig.doDiscourse(WebCTInputFileConfig.java:314)
     [java] 	at edu.harvard.eecs.airg.coloredtrails.server.ClientCommands.onMessage(ClientCommands.java:220)
     [java] 	at org.apache.activemq.ActiveMQMessageConsumer.dispatch(ActiveMQMessageConsumer.java:870)
     [java] 	at org.apache.activemq.ActiveMQSessionExecutor.dispatch(ActiveMQSessionExecutor.java:122)
     [java] 	at org.apache.activemq.ActiveMQSessionExecutor.iterate(ActiveMQSessionExecutor.java:189)
     [java] 	at org.apache.activemq.thread.PooledTaskRunner.runTask(PooledTaskRunner.java:115)
     [java] 	at org.apache.activemq.thread.PooledTaskRunner.access$100(PooledTaskRunner.java:26)
     [java] 	at org.apache.activemq.thread.PooledTaskRunner$1.run(PooledTaskRunner.java:44)
     [java] 	at java.util.concurrent.ThreadPoolExecutor$Worker.runTask(ThreadPoolExecutor.java:895)
     [java] 	at java.util.concurrent.ThreadPoolExecutor$Worker.run(ThreadPoolExecutor.java:918)
     [java] 	at java.lang.Thread.run(Thread.java:695)
     [java] java.lang.NullPointerException
     [java] 	at edu.harvard.eecs.airg.coloredtrails.shared.discourse.BasicProposalDiscussionDiscourseMessage.accepted(BasicProposalDiscussionDiscourseMessage.java:98)
     [java] 	at WebCTInputFileConfig.doDiscourse(WebCTInputFileConfig.java:314)
     [java] 	at edu.harvard.eecs.airg.coloredtrails.server.ClientCommands.onMessage(ClientCommands.java:220)
     [java] 	at org.apache.activemq.ActiveMQMessageConsumer.dispatch(ActiveMQMessageConsumer.java:870)
     [java] 	at org.apache.activemq.ActiveMQSessionExecutor.dispatch(ActiveMQSessionExecutor.java:122)
     [java] 	at org.apache.activemq.ActiveMQSessionExecutor.iterate(ActiveMQSessionExecutor.java:189)
     [java] 	at org.apache.activemq.thread.PooledTaskRunner.runTask(PooledTaskRunner.java:115)
     [java] 	at org.apache.activemq.thread.PooledTaskRunner.access$100(PooledTaskRunner.java:26)
     [java] 	at org.apache.activemq.thread.PooledTaskRunner$1.run(PooledTaskRunner.java:44)
     [java] 	at java.util.concurrent.ThreadPoolExecutor$Worker.runTask(ThreadPoolExecutor.java:895)
     [java] 	at java.util.concurrent.ThreadPoolExecutor$Worker.run(ThreadPoolExecutor.java:918)
     [java] 	at java.lang.Thread.run(Thread.java:695)
     [java] DEBUG root                           - received a discourse mesage... 40
     [java] Received Discourse Message 
     [java] Class: class edu.harvard.eecs.airg.coloredtrails.shared.discourse.BasicProposalDiscourseMessage
     [java] From: 3
     [java] From: 0
     [java] DEBUG root                           - sendGameDiscourseMessage class edu.harvard.eecs.airg.coloredtrails.shared.discourse.BasicProposalDiscourseMessage
     [java] DEBUG root                           - FROM: 3 TO: 0(PIN: 10)
     [java] CT writes: Proposal [id=9022, agent=a40, agent2=a10, clock=13, time=2015-05-27 16:02:14.535]
     [java] DEBUG root                           - received a discourse mesage... 10
     [java] Received Discourse Message 
     [java] Class: class edu.harvard.eecs.airg.coloredtrails.shared.discourse.BasicProposalDiscussionDiscourseMessage
     [java] From: 0
     [java] From: 3
     [java] DEBUG root                           - sendGameDiscourseMessage class edu.harvard.eecs.airg.coloredtrails.shared.discourse.BasicProposalDiscussionDiscourseMessage
     [java] DEBUG root                           - FROM: 0 TO: 3(PIN: 40)
     [java] ---- BasicProposalDiscussionDiscourseMessage ----
     [java] ERROR root                           - Error with the DiscourseMessage in the Game Configurationjava.lang.NullPointerException
     [java] CT notification: Time [clock=14, time=2015-05-27 16:02:15.272]
     [java] java.lang.NullPointerException
     [java] 	at edu.harvard.eecs.airg.coloredtrails.shared.discourse.BasicProposalDiscussionDiscourseMessage.accepted(BasicProposalDiscussionDiscourseMessage.java:98)
     [java] 	at WebCTInputFileConfig.doDiscourse(WebCTInputFileConfig.java:314)
     [java] 	at edu.harvard.eecs.airg.coloredtrails.server.ClientCommands.onMessage(ClientCommands.java:220)
     [java] 	at org.apache.activemq.ActiveMQMessageConsumer.dispatch(ActiveMQMessageConsumer.java:870)
     [java] 	at org.apache.activemq.ActiveMQSessionExecutor.dispatch(ActiveMQSessionExecutor.java:122)
     [java] 	at org.apache.activemq.ActiveMQSessionExecutor.iterate(ActiveMQSessionExecutor.java:189)
     [java] 	at org.apache.activemq.thread.PooledTaskRunner.runTask(PooledTaskRunner.java:115)
     [java] 	at org.apache.activemq.thread.PooledTaskRunner.access$100(PooledTaskRunner.java:26)
     [java] 	at org.apache.activemq.thread.PooledTaskRunner$1.run(PooledTaskRunner.java:44)
     [java] 	at java.util.concurrent.ThreadPoolExecutor$Worker.runTask(ThreadPoolExecutor.java:895)
     [java] 	at java.util.concurrent.ThreadPoolExecutor$Worker.run(ThreadPoolExecutor.java:918)
     [java] 	at java.lang.Thread.run(Thread.java:695)
     [java] DEBUG root                           - received a discourse mesage... 10
     [java] Received Discourse Message 
     [java] Class: class edu.harvard.eecs.airg.coloredtrails.shared.discourse.BasicProposalDiscourseMessage
     [java] From: 0
     [java] From: 3
     [java] DEBUG root                           - sendGameDiscourseMessage class edu.harvard.eecs.airg.coloredtrails.shared.discourse.BasicProposalDiscourseMessage
     [java] DEBUG root                           - FROM: 0 TO: 3(PIN: 40)
     [java] CT writes: Proposal [id=2141, agent=a10, agent2=a40, clock=14, time=2015-05-27 16:02:15.624]
     [java] DEBUG root                           - received a discourse mesage... 40
     [java] Received Discourse Message 
     [java] Class: class edu.harvard.eecs.airg.coloredtrails.shared.discourse.BasicProposalDiscussionDiscourseMessage
     [java] From: 3
     [java] From: 0
     [java] DEBUG root                           - sendGameDiscourseMessage class edu.harvard.eecs.airg.coloredtrails.shared.discourse.BasicProposalDiscussionDiscourseMessage
     [java] DEBUG root                           - FROM: 3 TO: 0(PIN: 10)
     [java] ---- BasicProposalDiscussionDiscourseMessage ----
     [java] ERROR root                           - Error with the DiscourseMessage in the Game Configurationjava.lang.NullPointerException
     [java] DEBUG root                           - received a discourse mesage... 40
     [java] Received Discourse Message 
     [java] Class: class edu.harvard.eecs.airg.coloredtrails.shared.discourse.BasicProposalDiscussionDiscourseMessage
     [java] From: 3
     [java] From: 0
     [java] DEBUG root                           - sendGameDiscourseMessage class edu.harvard.eecs.airg.coloredtrails.shared.discourse.BasicProposalDiscussionDiscourseMessage
     [java] DEBUG root                           - FROM: 3 TO: 0(PIN: 10)
     [java] ---- BasicProposalDiscussionDiscourseMessage ----
     [java] CT writes: Response [id=2141, response=rejected, clock=14, time=2015-05-27 16:02:17.451]
     [java] Offer rejected
     [java] DEBUG root                           - received a discourse mesage... 10
     [java] Received Discourse Message 
     [java] Class: class edu.harvard.eecs.airg.coloredtrails.shared.discourse.BasicProposalDiscussionDiscourseMessage
     [java] From: 0
     [java] From: 2
     [java] DEBUG root                           - sendGameDiscourseMessage class edu.harvard.eecs.airg.coloredtrails.shared.discourse.BasicProposalDiscussionDiscourseMessage
     [java] DEBUG root                           - FROM: 0 TO: 2(PIN: 30)
     [java] ---- BasicProposalDiscussionDiscourseMessage ----
     [java] CT writes: Response [id=4671, response=rejected, clock=14, time=2015-05-27 16:02:17.459]
     [java] Offer rejected
     [java] DEBUG root                           - received a move request...: 30
     [java] CT writes position: Position [subject=a30, id=null, cell=Cell [x=6, y=4], time=2015-05-27 16:02:18.153, clock=14]
     [java] CT writes: Position [subject=a30, id=null, cell=Cell [x=6, y=4], time=2015-05-27 16:02:18.153, clock=14]
     [java] DEBUG root                           - received a discourse mesage... 10
     [java] Received Discourse Message 
     [java] Class: class edu.harvard.eecs.airg.coloredtrails.shared.discourse.BasicProposalDiscussionDiscourseMessage
     [java] From: 0
     [java] From: 3
     [java] DEBUG root                           - sendGameDiscourseMessage class edu.harvard.eecs.airg.coloredtrails.shared.discourse.BasicProposalDiscussionDiscourseMessage
     [java] DEBUG root                           - FROM: 0 TO: 3(PIN: 40)
     [java] ---- BasicProposalDiscussionDiscourseMessage ----
     [java] CT writes: Response [id=9022, response=rejected, clock=14, time=2015-05-27 16:02:18.327]
     [java] Offer rejected
     [java] DEBUG root                           - received a move request...: 10
     [java] CT writes position: Position [subject=a10, id=null, cell=Cell [x=1, y=1], time=2015-05-27 16:02:18.503, clock=14]
     [java] CT writes: Position [subject=a10, id=null, cell=Cell [x=1, y=1], time=2015-05-27 16:02:18.503, clock=14]
     [java] DEBUG root                           - received a move request...: 40
     [java] CT writes position: Position [subject=a40, id=null, cell=Cell [x=6, y=2], time=2015-05-27 16:02:18.695, clock=14]
     [java] CT writes: Position [subject=a40, id=null, cell=Cell [x=6, y=2], time=2015-05-27 16:02:18.695, clock=14]
     [java] java.lang.NullPointerException
     [java] 	at edu.harvard.eecs.airg.coloredtrails.shared.discourse.BasicProposalDiscussionDiscourseMessage.accepted(BasicProposalDiscussionDiscourseMessage.java:98)
     [java] 	at WebCTInputFileConfig.doDiscourse(WebCTInputFileConfig.java:314)
     [java] 	at edu.harvard.eecs.airg.coloredtrails.server.ClientCommands.onMessage(ClientCommands.java:220)
     [java] 	at org.apache.activemq.ActiveMQMessageConsumer.dispatch(ActiveMQMessageConsumer.java:870)
     [java] 	at org.apache.activemq.ActiveMQSessionExecutor.dispatch(ActiveMQSessionExecutor.java:122)
     [java] 	at org.apache.activemq.ActiveMQSessionExecutor.iterate(ActiveMQSessionExecutor.java:189)
     [java] 	at org.apache.activemq.thread.PooledTaskRunner.runTask(PooledTaskRunner.java:115)
     [java] 	at org.apache.activemq.thread.PooledTaskRunner.access$100(PooledTaskRunner.java:26)
     [java] 	at org.apache.activemq.thread.PooledTaskRunner$1.run(PooledTaskRunner.java:44)
     [java] 	at java.util.concurrent.ThreadPoolExecutor$Worker.runTask(ThreadPoolExecutor.java:895)
     [java] 	at java.util.concurrent.ThreadPoolExecutor$Worker.run(ThreadPoolExecutor.java:918)
     [java] 	at java.lang.Thread.run(Thread.java:695)
     [java] DEBUG root                           - received a discourse mesage... 30
     [java] Received Discourse Message 
     [java] Class: class edu.harvard.eecs.airg.coloredtrails.shared.discourse.BasicProposalDiscourseMessage
     [java] From: 2
     [java] From: 0
     [java] DEBUG root                           - sendGameDiscourseMessage class edu.harvard.eecs.airg.coloredtrails.shared.discourse.BasicProposalDiscourseMessage
     [java] DEBUG root                           - FROM: 2 TO: 0(PIN: 10)
     [java] CT writes: Proposal [id=9600, agent=a30, agent2=a10, clock=14, time=2015-05-27 16:02:23.472]
     [java] DEBUG root                           - received a discourse mesage... 10
     [java] Received Discourse Message 
     [java] Class: class edu.harvard.eecs.airg.coloredtrails.shared.discourse.BasicProposalDiscussionDiscourseMessage
     [java] From: 0
     [java] From: 2
     [java] DEBUG root                           - sendGameDiscourseMessage class edu.harvard.eecs.airg.coloredtrails.shared.discourse.BasicProposalDiscussionDiscourseMessage
     [java] DEBUG root                           - FROM: 0 TO: 2(PIN: 30)
     [java] ---- BasicProposalDiscussionDiscourseMessage ----
     [java] ERROR root                           - Error with the DiscourseMessage in the Game Configurationjava.lang.NullPointerException
     [java] CT notification: Time [clock=15, time=2015-05-27 16:02:25.275]
     [java] java.lang.NullPointerException
     [java] 	at edu.harvard.eecs.airg.coloredtrails.shared.discourse.BasicProposalDiscussionDiscourseMessage.accepted(BasicProposalDiscussionDiscourseMessage.java:98)
     [java] 	at WebCTInputFileConfig.doDiscourse(WebCTInputFileConfig.java:314)
     [java] DEBUG root                           - received a discourse mesage... 40
     [java] 	at edu.harvard.eecs.airg.coloredtrails.server.ClientCommands.onMessage(ClientCommands.java:220)
     [java] Received Discourse Message 
     [java] 	at org.apache.activemq.ActiveMQMessageConsumer.dispatch(ActiveMQMessageConsumer.java:870)
     [java] Class: class edu.harvard.eecs.airg.coloredtrails.shared.discourse.BasicProposalDiscourseMessage	at org.apache.activemq.ActiveMQSessionExecutor.dispatch(ActiveMQSessionExecutor.java:122)
     [java] 	at org.apache.activemq.ActiveMQSessionExecutor.iterate(ActiveMQSessionExecutor.java:189)
     [java] 
     [java] 	at org.apache.activemq.thread.PooledTaskRunner.runTask(PooledTaskRunner.java:115)
     [java] From: 3	at org.apache.activemq.thread.PooledTaskRunner.access$100(PooledTaskRunner.java:26)
     [java] 	at org.apache.activemq.thread.PooledTaskRunner$1.run(PooledTaskRunner.java:44)
     [java] 
     [java] From: 0
     [java] 	at java.util.concurrent.ThreadPoolExecutor$Worker.runTask(ThreadPoolExecutor.java:895)
     [java] DEBUG root                           - sendGameDiscourseMessage class edu.harvard.eecs.airg.coloredtrails.shared.discourse.BasicProposalDiscourseMessage	at java.util.concurrent.ThreadPoolExecutor$Worker.run(ThreadPoolExecutor.java:918)
     [java] 	at java.lang.Thread.run(Thread.java:695)
     [java] 
     [java] DEBUG root                           - FROM: 3 TO: 0(PIN: 10)
     [java] CT writes: Proposal [id=7967, agent=a40, agent2=a10, clock=15, time=2015-05-27 16:02:33.422]
     [java] DEBUG root                           - received a discourse mesage... 10
     [java] Received Discourse Message 
     [java] Class: class edu.harvard.eecs.airg.coloredtrails.shared.discourse.BasicProposalDiscussionDiscourseMessage
     [java] From: 0
     [java] From: 3
     [java] DEBUG root                           - sendGameDiscourseMessage class edu.harvard.eecs.airg.coloredtrails.shared.discourse.BasicProposalDiscussionDiscourseMessage
     [java] DEBUG root                           - FROM: 0 TO: 3(PIN: 40)
     [java] ---- BasicProposalDiscussionDiscourseMessage ----
     [java] ERROR root                           - Error with the DiscourseMessage in the Game Configurationjava.lang.NullPointerException
     [java] INFO  BrokerService                  - ActiveMQ Message Broker (localhost, ID:kafka.cs.nott.ac.uk-56907-1432738790760-1:0) is shutting down
     [java] CT notification: Time [clock=16, time=2015-05-27 16:02:35.293]
     [java] java.lang.NullPointerException
     [java] 	at edu.harvard.eecs.airg.coloredtrails.shared.discourse.BasicProposalDiscussionDiscourseMessage.accepted(BasicProposalDiscussionDiscourseMessage.java:98)
     [java] 	at WebCTInputFileConfig.doDiscourse(WebCTInputFileConfig.java:314)
     [java] 	at edu.harvard.eecs.airg.coloredtrails.server.ClientCommands.onMessage(ClientCommands.java:220)
     [java] 	at org.apache.activemq.ActiveMQMessageConsumer.dispatch(ActiveMQMessageConsumer.java:870)
     [java] 	at org.apache.activemq.ActiveMQSessionExecutor.dispatch(ActiveMQSessionExecutor.java:122)
     [java] 	at org.apache.activemq.ActiveMQSessionExecutor.iterate(ActiveMQSessionExecutor.java:189)
     [java] 	at org.apache.activemq.thread.PooledTaskRunner.runTask(PooledTaskRunner.java:115)
     [java] 	at org.apache.activemq.thread.PooledTaskRunner.access$100(PooledTaskRunner.java:26)
     [java] 	at org.apache.activemq.thread.PooledTaskRunner$1.run(PooledTaskRunner.java:44)
     [java] 	at java.util.concurrent.ThreadPoolExecutor$Worker.runTask(ThreadPoolExecutor.java:895)
     [java] DEBUG root                           - received a discourse mesage... 10	at java.util.concurrent.ThreadPoolExecutor$Worker.run(ThreadPoolExecutor.java:918)
     [java] 	at java.lang.Thread.run(Thread.java:695)
     [java] 
     [java] Received Discourse Message 
     [java] Class: class edu.harvard.eecs.airg.coloredtrails.shared.discourse.BasicProposalDiscourseMessage
     [java] From: 0
     [java] From: 3
     [java] DEBUG root                           - sendGameDiscourseMessage class edu.harvard.eecs.airg.coloredtrails.shared.discourse.BasicProposalDiscourseMessage
     [java] DEBUG root                           - FROM: 0 TO: 3(PIN: 40)
     [java] CT writes: Proposal [id=4795, agent=a10, agent2=a40, clock=16, time=2015-05-27 16:02:35.414]
     [java] DEBUG root                           - received a discourse mesage... 40
     [java] Received Discourse Message 
     [java] Class: class edu.harvard.eecs.airg.coloredtrails.shared.discourse.BasicProposalDiscussionDiscourseMessage
     [java] From: 3
     [java] From: 0
     [java] DEBUG root                           - sendGameDiscourseMessage class edu.harvard.eecs.airg.coloredtrails.shared.discourse.BasicProposalDiscussionDiscourseMessage
     [java] DEBUG root                           - FROM: 3 TO: 0(PIN: 10)
     [java] ---- BasicProposalDiscussionDiscourseMessage ----
     [java] ERROR root                           - Error with the DiscourseMessage in the Game Configurationjava.lang.NullPointerException
     [java] WARN  ActiveMQConnection             - Async exception with no exception listener: java.net.SocketException: Connection reset
     [java] java.net.SocketException: Connection reset
     [java] 	at java.net.SocketInputStream.read(SocketInputStream.java:168)
     [java] 	at org.apache.activemq.transport.tcp.TcpBufferedInputStream.fill(TcpBufferedInputStream.java:49)
     [java] 	at org.apache.activemq.transport.tcp.TcpBufferedInputStream.read(TcpBufferedInputStream.java:56)
     [java] 	at java.io.DataInputStream.readInt(DataInputStream.java:370)
     [java] 	at org.apache.activemq.openwire.OpenWireFormat.unmarshal(OpenWireFormat.java:269)
     [java] 	at org.apache.activemq.transport.tcp.TcpTransport.readCommand(TcpTransport.java:156)
     [java] 	at org.apache.activemq.transport.tcp.TcpTransport.run(TcpTransport.java:136)
     [java] 	at java.lang.Thread.run(Thread.java:695)
     [java] WARN  ActiveMQConnection             - Async exception with no exception listener: java.io.EOFException
     [java] java.io.EOFException
     [java] 	at java.io.DataInputStream.readInt(DataInputStream.java:375)
     [java] 	at org.apache.activemq.openwire.OpenWireFormat.unmarshal(OpenWireFormat.java:269)
     [java] 	at org.apache.activemq.transport.tcp.TcpTransport.readCommand(TcpTransport.java:156)
     [java] 	at org.apache.activemq.transport.tcp.TcpTransport.run(TcpTransport.java:136)
     [java] 	at java.lang.Thread.run(Thread.java:695)
     [java] INFO  TransportConnector             - Connector tcp://kafka.cs.nott.ac.uk:8088 Stopped
     [java] INFO  BrokerService                  - ActiveMQ JMS Message Broker (localhost, ID:kafka.cs.nott.ac.uk-56907-1432738790760-1:0) stopped

BUILD SUCCESSFUL
Total time: 2 minutes 48 seconds
