Buildfile: /Users/dxd/git/ct3/WebCT/build.xml

runserver:
     [java] INFO  BrokerService                  - ActiveMQ null JMS Message Broker (localhost) is starting
     [java] INFO  BrokerService                  - For help or more information please see: http://activemq.apache.org/
     [java] INFO  AMQPersistenceAdapter          - AMQStore starting using directory: activemq-data/localhost
     [java] INFO  KahaStore                      - Kaha Store using data directory /Users/dxd/git/ct3/WebCT/activemq-data/localhost/kr-store
     [java] INFO  AMQPersistenceAdapter          - Active data files: []
     [java] INFO  AMQPersistenceAdapter          - Journal Recovery Started from: DataManager:(data-)
     [java] INFO  AMQPersistenceAdapter          - Recovered 0 operations from redo log in 0.244 seconds.
     [java] INFO  BrokerService                  - Using Persistence Adapter: AMQPersistenceAdapter(activemq-data/localhost)
     [java] INFO  TransportServerThreadSupport   - Listening for connections at: tcp://kafka.local:8088
     [java] INFO  TransportConnector             - Connector tcp://kafka.local:8088 Started
     [java] INFO  BrokerService                  - ActiveMQ JMS Message Broker (localhost, ID:kafka.local-49829-1433342289255-1:0) started
     [java] INFO  root                           - Started the JMS Server
     [java] INFO  ManagementContext              - JMX consoles can connect to service:jmx:rmi:///jndi/rmi://localhost:1099/jmxrmi
     [java] INFO  BrokerService                  - About to delete any non-persistent messages that may have overflowed to disk ...
     [java] INFO  KahaStore                      - Kaha Store successfully deleted data directory activemq-data/localhost/tmp_storage
     [java] INFO  BrokerService                  - Successfully deleted temporary storage
     [java] INFO  root                           - Controller Interface has been started
     [java] INFO  root                           - ColoredTrails is now running...
     [java] Adding client state for 40
     [java] Adding client state for 10
     [java] Adding client state for 30
     [java] INFO  root                           - Colored Trails Server received a subcription message from client: 40 [192.168.0.40] of type 
     [java] INFO  root                           - Colored Trails Server received a subcription message from client: 10 [192.168.0.40] of type 
     [java] INFO  root                           - Colored Trails Server received a subcription message from client: 30 [192.168.0.40] of type 
     [java] Adding client state for 20
     [java] INFO  root                           - Colored Trails Server received a subcription message from client: 20 [192.168.0.40] of type 
     [java] Received message to add config class from: admin
     [java] INFO  root                           - Received message from admin: SET_CONFIGURATION
     [java] INFO  root                           - Received message from admin client:ADD_CONFIGURATION
     [java] DEBUG root                           - Administrator: adding configuration file [WebCTInputFileConfig] class name: WebCTInputFileConfig
     [java] INFO  root                           - Received message from admin client:NEW_GAME
     [java] DEBUG root                           - Administrator: newGame configName = [WebCTInputFileConfig] 
     [java] DEBUG root                           - Administrator: newGame adding Player: [10]
     [java] DEBUG root                           - Administrator: newGame adding Player: [20]
     [java] DEBUG root                           - Administrator: newGame adding Player: [30]
     [java] DEBUG root                           - Administrator: newGame adding Player: [40]
     [java] DEBUG root                           - ServerData addNewGame -- config file
     [java] DEBUG root                           - ServerData addNewGame -- Starting ServerGameStatus
     [java] DEBUG root                           - ServerData addNewGame -- Starting a new game with id: 0
     [java] DEBUG root                           - ClientCommands creating new Topic: ct3.game.0
     [java] DEBUG root                           - sending sendClientSubscribeToGameMessage: for game [0] and player [10]
     [java] DEBUG root                           - sending sendClientSubscribeToGameMessage: for game [0] and player [20]
     [java] DEBUG root                           - sending sendClientSubscribeToGameMessage: for game [0] and player [30]
     [java] DEBUG root                           - sending sendClientSubscribeToGameMessage: for game [0] and player [40]
     [java] INFO  root                           - Received message from admin client:LIST_GAMES
     [java] INFO  root                           - Received message from admin client:LIST_CONFIGURATIONS
     [java] received client subscribed successfully message
     [java] received client subscribed successfully message
     [java] received client subscribed successfully message
     [java] received client subscribed successfully message
     [java] All players subscribed to game, trying to start
     [java] INFO  root                           - Sending reply to controller: NEW_GAME_REPLY
     [java] DEBUG root                           - sendGameStart
     [java] DEBUG root                           - sendGameStart to controller
     [java] DEBUG root                           - sending game id = 0
     [java] INFO  root                           - Starting spaces 1
     [java] DEBUG UrlSpaceFactoryBean            - Finding Space with URL [jini:/*/*/myGrid] and properties [{com.j_spaces.core.container.shutdown_hook=false}]
     [java] 2015-06-03 15:38:28,429  INFO [com.gigaspaces.localcache] - LocalCache#1-myGrid was created successfully. Total time: 366 milliseconds
     [java] 2015-06-03 15:38:28,435 CONFIG [com.gigaspaces.logger] - Log file: /Users/dxd/git/ct3/logs/2015-06-03~15.38-gigaspaces-service-192.168.0.40-62985.log
     [java] DEBUG GigaSpaceFactoryBean           - Clustered flag automatically set to [true] since the space is a local cache space for bean [null]
     [java] DEBUG UrlSpaceFactoryBean            - Finding Space with URL [jini://*/*/myGrid] and properties [{com.j_spaces.core.container.shutdown_hook=false}]
     [java] zatim dobry
     [java] Let the game begin...
     [java] game id= 0
     [java] ---- Sending Scoring Change ----
     [java] setPhases in GameStatus
     [java] A New Phase Began: Norm Phase
     [java] -------- Creating Board --------
     [java] CT writes: Tile [id=null, cell=Cell [x=0, y=0], subject=blue, time=2015-06-03 15:38:28.575, clock=0]
     [java] CT writes: Tile [id=null, cell=Cell [x=0, y=1], subject=yellow, time=2015-06-03 15:38:28.605, clock=0]
     [java] CT writes: Tile [id=null, cell=Cell [x=0, y=2], subject=yellow, time=2015-06-03 15:38:28.607, clock=0]
     [java] CT writes: Tile [id=null, cell=Cell [x=0, y=3], subject=blue, time=2015-06-03 15:38:28.61, clock=0]
     [java] CT writes: Tile [id=null, cell=Cell [x=0, y=4], subject=yellow, time=2015-06-03 15:38:28.615, clock=0]
     [java] CT writes: Tile [id=null, cell=Cell [x=0, y=5], subject=brown, time=2015-06-03 15:38:28.619, clock=0]
     [java] CT writes: Tile [id=null, cell=Cell [x=0, y=6], subject=brown, time=2015-06-03 15:38:28.623, clock=0]
     [java] CT writes: Tile [id=null, cell=Cell [x=1, y=0], subject=brown, time=2015-06-03 15:38:28.625, clock=0]
     [java] CT writes: Tile [id=null, cell=Cell [x=1, y=1], subject=white, time=2015-06-03 15:38:28.628, clock=0]
     [java] CT writes: Tile [id=null, cell=Cell [x=1, y=2], subject=brown, time=2015-06-03 15:38:28.63, clock=0]
     [java] CT writes: Tile [id=null, cell=Cell [x=1, y=3], subject=yellow, time=2015-06-03 15:38:28.633, clock=0]
     [java] CT writes: Tile [id=null, cell=Cell [x=1, y=4], subject=white, time=2015-06-03 15:38:28.639, clock=0]
     [java] CT writes: Tile [id=null, cell=Cell [x=1, y=5], subject=white, time=2015-06-03 15:38:28.642, clock=0]
     [java] CT writes: Tile [id=null, cell=Cell [x=1, y=6], subject=blue, time=2015-06-03 15:38:28.645, clock=0]
     [java] CT writes: Tile [id=null, cell=Cell [x=2, y=0], subject=yellow, time=2015-06-03 15:38:28.647, clock=0]
     [java] CT writes: Tile [id=null, cell=Cell [x=2, y=1], subject=white, time=2015-06-03 15:38:28.655, clock=0]
     [java] CT writes: Tile [id=null, cell=Cell [x=2, y=2], subject=brown, time=2015-06-03 15:38:28.658, clock=0]
     [java] CT writes: Tile [id=null, cell=Cell [x=2, y=3], subject=brown, time=2015-06-03 15:38:28.666, clock=0]
     [java] CT writes: Tile [id=null, cell=Cell [x=2, y=4], subject=white, time=2015-06-03 15:38:28.669, clock=0]
     [java] CT writes: Tile [id=null, cell=Cell [x=2, y=5], subject=blue, time=2015-06-03 15:38:28.671, clock=0]
     [java] CT writes: Tile [id=null, cell=Cell [x=2, y=6], subject=blue, time=2015-06-03 15:38:28.674, clock=0]
     [java] CT writes: Tile [id=null, cell=Cell [x=3, y=0], subject=white, time=2015-06-03 15:38:28.675, clock=0]
     [java] CT writes: Tile [id=null, cell=Cell [x=3, y=1], subject=brown, time=2015-06-03 15:38:28.677, clock=0]
     [java] CT writes: Tile [id=null, cell=Cell [x=3, y=2], subject=blue, time=2015-06-03 15:38:28.679, clock=0]
     [java] CT writes: Tile [id=null, cell=Cell [x=3, y=3], subject=yellow, time=2015-06-03 15:38:28.69, clock=0]
     [java] CT writes: Tile [id=null, cell=Cell [x=3, y=4], subject=blue, time=2015-06-03 15:38:28.692, clock=0]
     [java] CT writes: Tile [id=null, cell=Cell [x=3, y=5], subject=blue, time=2015-06-03 15:38:28.695, clock=0]
     [java] CT writes: Tile [id=null, cell=Cell [x=3, y=6], subject=white, time=2015-06-03 15:38:28.701, clock=0]
     [java] CT writes: Tile [id=null, cell=Cell [x=4, y=0], subject=brown, time=2015-06-03 15:38:28.708, clock=0]
     [java] CT writes: Tile [id=null, cell=Cell [x=4, y=1], subject=white, time=2015-06-03 15:38:28.715, clock=0]
     [java] CT writes: Tile [id=null, cell=Cell [x=4, y=2], subject=brown, time=2015-06-03 15:38:28.72, clock=0]
     [java] CT writes: Tile [id=null, cell=Cell [x=4, y=3], subject=brown, time=2015-06-03 15:38:28.722, clock=0]
     [java] CT writes: Tile [id=null, cell=Cell [x=4, y=4], subject=yellow, time=2015-06-03 15:38:28.724, clock=0]
     [java] CT writes: Tile [id=null, cell=Cell [x=4, y=5], subject=white, time=2015-06-03 15:38:28.726, clock=0]
     [java] CT writes: Tile [id=null, cell=Cell [x=4, y=6], subject=blue, time=2015-06-03 15:38:28.728, clock=0]
     [java] CT writes: Tile [id=null, cell=Cell [x=5, y=0], subject=blue, time=2015-06-03 15:38:28.73, clock=0]
     [java] CT writes: Tile [id=null, cell=Cell [x=5, y=1], subject=blue, time=2015-06-03 15:38:28.734, clock=0]
     [java] CT writes: Tile [id=null, cell=Cell [x=5, y=2], subject=yellow, time=2015-06-03 15:38:28.736, clock=0]
     [java] CT writes: Tile [id=null, cell=Cell [x=5, y=3], subject=blue, time=2015-06-03 15:38:28.737, clock=0]
     [java] CT writes: Tile [id=null, cell=Cell [x=5, y=4], subject=brown, time=2015-06-03 15:38:28.738, clock=0]
     [java] CT writes: Tile [id=null, cell=Cell [x=5, y=5], subject=brown, time=2015-06-03 15:38:28.74, clock=0]
     [java] CT writes: Tile [id=null, cell=Cell [x=5, y=6], subject=yellow, time=2015-06-03 15:38:28.741, clock=0]
     [java] CT writes: Tile [id=null, cell=Cell [x=6, y=0], subject=yellow, time=2015-06-03 15:38:28.743, clock=0]
     [java] CT writes: Tile [id=null, cell=Cell [x=6, y=1], subject=blue, time=2015-06-03 15:38:28.745, clock=0]
     [java] CT writes: Tile [id=null, cell=Cell [x=6, y=2], subject=white, time=2015-06-03 15:38:28.746, clock=0]
     [java] CT writes: Tile [id=null, cell=Cell [x=6, y=3], subject=blue, time=2015-06-03 15:38:28.748, clock=0]
     [java] CT writes: Tile [id=null, cell=Cell [x=6, y=4], subject=brown, time=2015-06-03 15:38:28.749, clock=0]
     [java] CT writes: Tile [id=null, cell=Cell [x=6, y=5], subject=white, time=2015-06-03 15:38:28.75, clock=0]
     [java] CT writes: Tile [id=null, cell=Cell [x=6, y=6], subject=blue, time=2015-06-03 15:38:28.751, clock=0]
     [java] CT writes goal: Goal [id=null, cell=Cell [x=4, y=1], agent=null, time=null, clock=0]
     [java] CT writes: Goal [id=null, cell=Cell [x=4, y=1], agent=null, time=2015-06-03 15:38:28.788, clock=0]
     [java] CT writes setGoal: Group [name=g, ra=a10, clock=0, time=2015-06-03 15:38:28.841]
     [java] CT writes: Group [name=g, ra=a10, clock=0, time=2015-06-03 15:38:28.841]
     [java] revelation chips: { chips  'blue':0 'white':0 'brown':0 'yellow':0 }
     [java] revelation chips: { chips  'blue':0 'white':0 'brown':0 'yellow':0 }
     [java] revelation chips: { chips  'blue':0 'white':0 'brown':0 'yellow':0 }
     [java] revelation chips: { chips  'blue':0 'white':0 'brown':0 'yellow':0 }
     [java] CT notification: Time [clock=2, time=2015-06-03 15:38:32.486]
     [java] CT notification: Time [clock=3, time=2015-06-03 15:38:42.489]
     [java] CT notification: Time [clock=4, time=2015-06-03 15:38:52.492]
     [java] CT notification: Obligation [subject=a10, obligation=[surround(4, 1)], sanction=[reduce(g, 700)], deadline=27, time=2015-06-03 15:39:00.011, clock=4]
     [java] 10
     [java] 10
     [java] CT obligation: [Obligation to coordinate other players (with the use of norms) to surround a goal [4,1] from left, right, top and bottom  before the clock: 27 or 700 points will be deducted.]
     [java] CT notification: Prohibition [subject=a10, prohibition=[rejectRequests(a10)], sanction=[reduce(a10, 300)], clock=4, time=2015-06-03 15:39:00.029]
     [java] 10
     [java] 10
     [java] CT prohibition: [Prohibition to reject requests for chips from the other players or 300 points will be deducted.]
     [java] CT notification: Prohibition [subject=a20, prohibition=[rejectRequests(a20)], sanction=[reduce(a20, 300)], clock=4, time=2015-06-03 15:39:00.037]
     [java] 20
     [java] CT prohibition: [Prohibition to reject requests for chips from the other players or 300 points will be deducted.]
     [java] CT notification: Prohibition [subject=a30, prohibition=[rejectRequests(a30)], sanction=[reduce(a30, 300)], clock=4, time=2015-06-03 15:39:00.047]
     [java] 30
     [java] 30
     [java] 30
     [java] 30
     [java] CT prohibition: [Prohibition to reject requests for chips from the other players or 300 points will be deducted.]
     [java] CT notification: Prohibition [subject=a40, prohibition=[rejectRequests(a40)], sanction=[reduce(a40, 300)], clock=4, time=2015-06-03 15:39:00.051]
     [java] 40
     [java] 40
     [java] 40
     [java] CT prohibition: [Prohibition to reject requests for chips from the other players or 300 points will be deducted.]
     [java] CT notification: Prohibition [subject=a10, prohibition=[moveTooFast(a10)], sanction=[reduce(a10, 300)], clock=4, time=2015-06-03 15:39:00.056]
     [java] 10
     [java] 10
     [java] CT prohibition: [Prohibition to reject requests for chips from the other players or 300 points will be deducted., Prohibition to move more than 1 square per clock tick or 300 points will be deducted.]
     [java] CT notification: Prohibition [subject=a20, prohibition=[moveTooFast(a20)], sanction=[reduce(a20, 300)], clock=4, time=2015-06-03 15:39:00.06]
     [java] 20
     [java] CT prohibition: [Prohibition to reject requests for chips from the other players or 300 points will be deducted., Prohibition to move more than 1 square per clock tick or 300 points will be deducted.]
     [java] CT notification: Prohibition [subject=a30, prohibition=[moveTooFast(a30)], sanction=[reduce(a30, 300)], clock=4, time=2015-06-03 15:39:00.067]
     [java] 30
     [java] 30
     [java] 30
     [java] 30
     [java] CT prohibition: [Prohibition to reject requests for chips from the other players or 300 points will be deducted., Prohibition to move more than 1 square per clock tick or 300 points will be deducted.]
     [java] CT notification: Prohibition [subject=a40, prohibition=[moveTooFast(a40)], sanction=[reduce(a40, 300)], clock=4, time=2015-06-03 15:39:00.07]
     [java] 40
     [java] 40
     [java] 40
     [java] CT prohibition: [Prohibition to reject requests for chips from the other players or 300 points will be deducted., Prohibition to move more than 1 square per clock tick or 300 points will be deducted.]
     [java] CT notification: Obligation [subject=a10, obligation=[at(4, 0, a10)], sanction=[reduce(a10, 700)], deadline=24, time=2015-06-03 15:39:01.217, clock=4]
     [java] 10
     [java] 10
     [java] CT obligation: [Obligation to coordinate other players (with the use of norms) to surround a goal [4,1] from left, right, top and bottom  before the clock: 27 or 700 points will be deducted., Obligation to be at the grid tile [4,0] before the clock: 24 or 700 points will be deducted.]
     [java] CT set goal: Goal: id = goal1  type = 0  location = (R:4,C:0)  URL = null
     [java] CT notification: Obligation [subject=a20, obligation=[at(3, 1, a20)], sanction=[reduce(a20, 700)], deadline=24, time=2015-06-03 15:39:01.313, clock=4]
     [java] 20
     [java] CT obligation: [Obligation to be at the grid tile [3,1] before the clock: 24 or 700 points will be deducted.]
     [java] CT set goal: Goal: id = goal3  type = 1  location = (R:3,C:1)  URL = null
     [java] CT notification: Obligation [subject=a30, obligation=[at(5, 1, a30)], sanction=[reduce(a30, 700)], deadline=24, time=2015-06-03 15:39:01.423, clock=4]
     [java] 30
     [java] 30
     [java] 30
     [java] 30
     [java] CT obligation: [Obligation to be at the grid tile [5,1] before the clock: 24 or 700 points will be deducted.]
     [java] CT set goal: Goal: id = goal5  type = 2  location = (R:5,C:1)  URL = null
     [java] CT notification: Obligation [subject=a40, obligation=[at(4, 2, a40)], sanction=[reduce(a40, 700)], deadline=24, time=2015-06-03 15:39:01.514, clock=4]
     [java] 40
     [java] 40
     [java] 40
     [java] CT obligation: [Obligation to be at the grid tile [4,2] before the clock: 24 or 700 points will be deducted.]
     [java] CT set goal: Goal: id = goal7  type = 3  location = (R:4,C:2)  URL = null
     [java] CT notification: Obligation [subject=a10, obligation=[color(white, a10)], sanction=[reduce(a10, 100)], deadline=19, time=2015-06-03 15:39:01.74, clock=4]
     [java] 10
     [java] 10
     [java] CT obligation: [Obligation to coordinate other players (with the use of norms) to surround a goal [4,1] from left, right, top and bottom  before the clock: 27 or 700 points will be deducted., Obligation to be at the grid tile [4,0] before the clock: 24 or 700 points will be deducted., Obligation to use a tile with color white before the clock: 19 or 100 points will be deducted.]
     [java] CT notification: Obligation [subject=a20, obligation=[color(brown, a20)], sanction=[reduce(a20, 100)], deadline=19, time=2015-06-03 15:39:01.926, clock=4]
     [java] 20
     [java] CT obligation: [Obligation to be at the grid tile [3,1] before the clock: 24 or 700 points will be deducted., Obligation to use a tile with color brown before the clock: 19 or 100 points will be deducted.]
     [java] CT notification: Obligation [subject=a30, obligation=[color(yellow, a30)], sanction=[reduce(a30, 100)], deadline=19, time=2015-06-03 15:39:02.079, clock=4]
     [java] 30
     [java] 30
     [java] 30
     [java] 30
     [java] CT obligation: [Obligation to be at the grid tile [5,1] before the clock: 24 or 700 points will be deducted., Obligation to use a tile with color yellow before the clock: 19 or 100 points will be deducted.]
     [java] CT notification: Obligation [subject=a40, obligation=[color(yellow, a40)], sanction=[reduce(a40, 100)], deadline=19, time=2015-06-03 15:39:02.285, clock=4]
     [java] 40
     [java] 40
     [java] 40
     [java] CT obligation: [Obligation to be at the grid tile [4,2] before the clock: 24 or 700 points will be deducted., Obligation to use a tile with color yellow before the clock: 19 or 100 points will be deducted.]
     [java] CT notification: Prohibition [subject=a10, prohibition=[color(yellow, a10)], sanction=[reduce(a10, 100)], clock=4, time=2015-06-03 15:39:02.41]
     [java] 10
     [java] 10
     [java] CT prohibition: [Prohibition to reject requests for chips from the other players or 300 points will be deducted., Prohibition to move more than 1 square per clock tick or 300 points will be deducted., Prohibition to use a tile with color yellow or 100 points will be deducted.]
     [java] CT notification: Time [clock=5, time=2015-06-03 15:39:02.494]
     [java] CT notification: Prohibition [subject=a20, prohibition=[color(yellow, a20)], sanction=[reduce(a20, 100)], clock=5, time=2015-06-03 15:39:02.536]
     [java] 20
     [java] CT prohibition: [Prohibition to reject requests for chips from the other players or 300 points will be deducted., Prohibition to move more than 1 square per clock tick or 300 points will be deducted., Prohibition to use a tile with color yellow or 100 points will be deducted.]
     [java] CT notification: Prohibition [subject=a30, prohibition=[color(brown, a30)], sanction=[reduce(a30, 100)], clock=5, time=2015-06-03 15:39:02.64]
     [java] 30
     [java] 30
     [java] 30
     [java] 30
     [java] CT prohibition: [Prohibition to reject requests for chips from the other players or 300 points will be deducted., Prohibition to move more than 1 square per clock tick or 300 points will be deducted., Prohibition to use a tile with color brown or 100 points will be deducted.]
     [java] CT notification: Prohibition [subject=a40, prohibition=[color(white, a40)], sanction=[reduce(a40, 100)], clock=5, time=2015-06-03 15:39:02.749]
     [java] 40
     [java] 40
     [java] 40
     [java] CT prohibition: [Prohibition to reject requests for chips from the other players or 300 points will be deducted., Prohibition to move more than 1 square per clock tick or 300 points will be deducted., Prohibition to use a tile with color white or 100 points will be deducted.]
     [java] CT notification: Time [clock=6, time=2015-06-03 15:39:12.497]
     [java] CT notification: Time [clock=7, time=2015-06-03 15:39:22.499]
     [java] A New Phase Began: Movement Phase
     [java] CT notification: Time [clock=8, time=2015-06-03 15:39:32.504]
     [java] DEBUG root                           - received a discourse mesage... 30
     [java] Received Discourse Message 
     [java] Class: class edu.harvard.eecs.airg.coloredtrails.shared.discourse.BasicProposalDiscourseMessage
     [java] From: 2
     [java] From: 3
     [java] DEBUG root                           - sendGameDiscourseMessage class edu.harvard.eecs.airg.coloredtrails.shared.discourse.BasicProposalDiscourseMessage
     [java] DEBUG root                           - FROM: 2 TO: 3(PIN: 40)
     [java] CT writes: Proposal [id=6037, agent=a30, agent2=a40, clock=8, time=2015-06-03 15:39:34.508]
     [java] CT notification: Obligation [subject=a40, obligation=[acceptRequest(6037)], sanction=[reduce(a40, 200)], deadline=13, time=2015-06-03 15:39:34.538, clock=8]
     [java] 40
     [java] 40
     [java] 40
     [java] CT obligation: [Obligation to be at the grid tile [4,2] before the clock: 24 or 700 points will be deducted., Obligation to use a tile with color yellow before the clock: 19 or 100 points will be deducted., Obligation to accept exchange request with id: 6037 before the clock: 13 or 200 points will be deducted.]
     [java] CT notification: Obligation [subject=a40, obligation=[respondToRequest(6037)], sanction=[reduce(a40, 300)], deadline=13, time=2015-06-03 15:39:34.54, clock=8]
     [java] 40
     [java] 40
     [java] 40
     [java] CT obligation: [Obligation to be at the grid tile [4,2] before the clock: 24 or 700 points will be deducted., Obligation to use a tile with color yellow before the clock: 19 or 100 points will be deducted., Obligation to accept exchange request with id: 6037 before the clock: 13 or 200 points will be deducted., Obligation to respond to request with id: 6037 before the clock: 13 or 300 points will be deducted.]
     [java] DEBUG root                           - received a move request...: 40
     [java] CT writes position: Position [subject=a40, id=null, cell=Cell [x=1, y=3], time=2015-06-03 15:39:37.296, clock=8]
     [java] CT writes: Position [subject=a40, id=null, cell=Cell [x=1, y=3], time=2015-06-03 15:39:37.296, clock=8]
     [java] CT notification: Obligation [subject=a40, obligation=[makeMove(1, 3, a40)], sanction=[reduce(a40, 300)], deadline=23, time=2015-06-03 15:39:37.328, clock=8]
     [java] 40
     [java] 40
     [java] 40
     [java] CT obligation: [Obligation to be at the grid tile [4,2] before the clock: 24 or 700 points will be deducted., Obligation to use a tile with color yellow before the clock: 19 or 100 points will be deducted., Obligation to accept exchange request with id: 6037 before the clock: 13 or 200 points will be deducted., Obligation to respond to request with id: 6037 before the clock: 13 or 300 points will be deducted., Obligation to make a movement on the board before the clock: 23 or 300 points will be deducted.]
     [java] DEBUG root                           - received a discourse mesage... 40
     [java] Received Discourse Message 
     [java] Class: class edu.harvard.eecs.airg.coloredtrails.shared.discourse.BasicProposalDiscussionDiscourseMessage
     [java] From: 3
     [java] From: 2
     [java] DEBUG root                           - sendGameDiscourseMessage class edu.harvard.eecs.airg.coloredtrails.shared.discourse.BasicProposalDiscussionDiscourseMessage
     [java] DEBUG root                           - FROM: 3 TO: 2(PIN: 30)
     [java] ---- BasicProposalDiscussionDiscourseMessage ----Discourse Message...
     [java] From PerGameId: 3.
     [java] To PerGameId: 2.
     [java] 
     [java] CT writes: Response [id=6037, response=accepted, clock=8, time=2015-06-03 15:39:41.347]
     [java] We have an accepted offer, chips before: 
     [java] player pin: 20
     [java] player chips: { chips  'blue':0 'white':0 'brown':9 'yellow':0 }
     [java] player pin: 10
     [java] player chips: { chips  'blue':0 'white':9 'brown':0 'yellow':0 }
     [java] player pin: 40
     [java] player chips: { chips  'blue':0 'white':0 'brown':0 'yellow':8 }
     [java] player pin: 30
     [java] player chips: { chips  'blue':9 'white':0 'brown':0 'yellow':0 }
     [java] Initiating Automatic Chip Transfer
     [java] Proposer:  2
     [java] Sending: { chips  }
     [java] Responder: 3
     [java] Sending: { chips  'yellow':1 }
     [java] EXECUTING AUTOMATIC CHIP TRANSFER
     [java] chips after: 
     [java] player pin: 20
     [java] player chips: { chips  'blue':0 'white':0 'brown':9 'yellow':0 }
     [java] player pin: 10
     [java] player chips: { chips  'blue':0 'white':9 'brown':0 'yellow':0 }
     [java] player pin: 40
     [java] player chips: { chips  'blue':0 'white':0 'brown':0 'yellow':7 }
     [java] player pin: 30
     [java] player chips: { chips  'blue':9 'white':0 'brown':0 'yellow':1 }
     [java] DEBUG root                           - received a discourse mesage... 40
     [java] Received Discourse Message 
     [java] Class: class edu.harvard.eecs.airg.coloredtrails.shared.discourse.BasicProposalDiscussionDiscourseMessage
     [java] From: 3
     [java] From: 2
     [java] DEBUG root                           - sendGameDiscourseMessage class edu.harvard.eecs.airg.coloredtrails.shared.discourse.BasicProposalDiscussionDiscourseMessage
     [java] DEBUG root                           - FROM: 3 TO: 2(PIN: 30)
     [java] ---- BasicProposalDiscussionDiscourseMessage ----Discourse Message...
     [java] From PerGameId: 3.
     [java] To PerGameId: 2.
     [java] 
     [java] CT writes: Response [id=6037, response=accepted, clock=8, time=2015-06-03 15:39:41.368]
     [java] We have an accepted offer, chips before: 
     [java] player pin: 20
     [java] player chips: { chips  'blue':0 'white':0 'brown':9 'yellow':0 }
     [java] player pin: 10
     [java] player chips: { chips  'blue':0 'white':9 'brown':0 'yellow':0 }
     [java] player pin: 40
     [java] player chips: { chips  'blue':0 'white':0 'brown':0 'yellow':7 }
     [java] player pin: 30
     [java] player chips: { chips  'blue':9 'white':0 'brown':0 'yellow':1 }
     [java] Initiating Automatic Chip Transfer
     [java] Proposer:  2
     [java] Sending: { chips  }
     [java] Responder: 3
     [java] Sending: { chips  'yellow':1 }
     [java] EXECUTING AUTOMATIC CHIP TRANSFER
     [java] chips after: 
     [java] player pin: 20
     [java] player chips: { chips  'blue':0 'white':0 'brown':9 'yellow':0 }
     [java] player pin: 10
     [java] player chips: { chips  'blue':0 'white':9 'brown':0 'yellow':0 }
     [java] player pin: 40
     [java] player chips: { chips  'blue':0 'white':0 'brown':0 'yellow':6 }
     [java] player pin: 30
     [java] player chips: { chips  'blue':9 'white':0 'brown':0 'yellow':2 }
     [java] DEBUG root                           - received a move request...: 30
     [java] CT writes position: Position [subject=a30, id=null, cell=Cell [x=3, y=3], time=2015-06-03 15:39:41.955, clock=8]
     [java] CT writes: Position [subject=a30, id=null, cell=Cell [x=3, y=3], time=2015-06-03 15:39:41.955, clock=8]
     [java] CT notification: Obligation [subject=a30, obligation=[makeMove(3, 3, a30)], sanction=[reduce(a30, 300)], deadline=23, time=2015-06-03 15:39:41.966, clock=8]
     [java] 30
     [java] 30
     [java] 30
     [java] 30
     [java] CT obligation: [Obligation to be at the grid tile [5,1] before the clock: 24 or 700 points will be deducted., Obligation to use a tile with color yellow before the clock: 19 or 100 points will be deducted., Obligation to make a movement on the board before the clock: 23 or 300 points will be deducted.]
     [java] CT notification: Time [clock=9, time=2015-06-03 15:39:42.507]
     [java] DEBUG root                           - received a move request...: 20
     [java] CT writes position: Position [subject=a20, id=null, cell=Cell [x=5, y=5], time=2015-06-03 15:39:44.41, clock=9]
     [java] CT writes: Position [subject=a20, id=null, cell=Cell [x=5, y=5], time=2015-06-03 15:39:44.41, clock=9]
     [java] CT notification: Obligation [subject=a20, obligation=[makeMove(5, 5, a20)], sanction=[reduce(a20, 300)], deadline=24, time=2015-06-03 15:39:44.421, clock=9]
     [java] 20
     [java] CT obligation: [Obligation to be at the grid tile [3,1] before the clock: 24 or 700 points will be deducted., Obligation to use a tile with color brown before the clock: 19 or 100 points will be deducted., Obligation to make a movement on the board before the clock: 24 or 300 points will be deducted.]
     [java] DEBUG root                           - received a discourse mesage... 30
     [java] Received Discourse Message 
     [java] Class: class edu.harvard.eecs.airg.coloredtrails.shared.discourse.BasicProposalDiscourseMessage
     [java] From: 2
     [java] From: 1
     [java] DEBUG root                           - sendGameDiscourseMessage class edu.harvard.eecs.airg.coloredtrails.shared.discourse.BasicProposalDiscourseMessage
     [java] DEBUG root                           - FROM: 2 TO: 1(PIN: 20)
     [java] CT writes: Proposal [id=9290, agent=a30, agent2=a20, clock=9, time=2015-06-03 15:39:48.827]
     [java] CT notification: Obligation [subject=a20, obligation=[acceptRequest(9290)], sanction=[reduce(a20, 200)], deadline=14, time=2015-06-03 15:39:48.834, clock=9]
     [java] 20
     [java] CT obligation: [Obligation to be at the grid tile [3,1] before the clock: 24 or 700 points will be deducted., Obligation to use a tile with color brown before the clock: 19 or 100 points will be deducted., Obligation to make a movement on the board before the clock: 24 or 300 points will be deducted., Obligation to accept exchange request with id: 9290 before the clock: 14 or 200 points will be deducted.]
     [java] CT notification: Obligation [subject=a20, obligation=[respondToRequest(9290)], sanction=[reduce(a20, 300)], deadline=14, time=2015-06-03 15:39:48.836, clock=9]
     [java] 20
     [java] CT obligation: [Obligation to be at the grid tile [3,1] before the clock: 24 or 700 points will be deducted., Obligation to use a tile with color brown before the clock: 19 or 100 points will be deducted., Obligation to make a movement on the board before the clock: 24 or 300 points will be deducted., Obligation to accept exchange request with id: 9290 before the clock: 14 or 200 points will be deducted., Obligation to respond to request with id: 9290 before the clock: 14 or 300 points will be deducted.]
     [java] DEBUG root                           - received a discourse mesage... 10
     [java] Received Discourse Message 
     [java] Class: class edu.harvard.eecs.airg.coloredtrails.shared.discourse.BasicProposalDiscourseMessage
     [java] From: 0
     [java] From: 1
     [java] DEBUG root                           - sendGameDiscourseMessage class edu.harvard.eecs.airg.coloredtrails.shared.discourse.BasicProposalDiscourseMessage
     [java] DEBUG root                           - FROM: 0 TO: 1(PIN: 20)
     [java] CT writes: Proposal [id=2883, agent=a10, agent2=a20, clock=9, time=2015-06-03 15:39:49.604]
     [java] CT notification: Obligation [subject=a20, obligation=[acceptRequest(2883)], sanction=[reduce(a20, 200)], deadline=14, time=2015-06-03 15:39:49.61, clock=9]
     [java] 20
     [java] CT obligation: [Obligation to be at the grid tile [3,1] before the clock: 24 or 700 points will be deducted., Obligation to use a tile with color brown before the clock: 19 or 100 points will be deducted., Obligation to make a movement on the board before the clock: 24 or 300 points will be deducted., Obligation to accept exchange request with id: 9290 before the clock: 14 or 200 points will be deducted., Obligation to respond to request with id: 9290 before the clock: 14 or 300 points will be deducted., Obligation to accept exchange request with id: 2883 before the clock: 14 or 200 points will be deducted.]
     [java] CT notification: Obligation [subject=a20, obligation=[respondToRequest(2883)], sanction=[reduce(a20, 300)], deadline=14, time=2015-06-03 15:39:49.612, clock=9]
     [java] 20
     [java] CT obligation: [Obligation to be at the grid tile [3,1] before the clock: 24 or 700 points will be deducted., Obligation to use a tile with color brown before the clock: 19 or 100 points will be deducted., Obligation to make a movement on the board before the clock: 24 or 300 points will be deducted., Obligation to accept exchange request with id: 9290 before the clock: 14 or 200 points will be deducted., Obligation to respond to request with id: 9290 before the clock: 14 or 300 points will be deducted., Obligation to accept exchange request with id: 2883 before the clock: 14 or 200 points will be deducted., Obligation to respond to request with id: 2883 before the clock: 14 or 300 points will be deducted.]
     [java] DEBUG root                           - received a discourse mesage... 40
     [java] Received Discourse Message 
     [java] Class: class edu.harvard.eecs.airg.coloredtrails.shared.discourse.BasicProposalDiscourseMessage
     [java] From: 3
     [java] From: 1
     [java] DEBUG root                           - sendGameDiscourseMessage class edu.harvard.eecs.airg.coloredtrails.shared.discourse.BasicProposalDiscourseMessage
     [java] DEBUG root                           - FROM: 3 TO: 1(PIN: 20)
     [java] CT writes: Proposal [id=4622, agent=a40, agent2=a20, clock=9, time=2015-06-03 15:39:50.14]
     [java] CT notification: Obligation [subject=a20, obligation=[acceptRequest(4622)], sanction=[reduce(a20, 200)], deadline=14, time=2015-06-03 15:39:50.145, clock=9]
     [java] 20
     [java] CT obligation: [Obligation to be at the grid tile [3,1] before the clock: 24 or 700 points will be deducted., Obligation to use a tile with color brown before the clock: 19 or 100 points will be deducted., Obligation to make a movement on the board before the clock: 24 or 300 points will be deducted., Obligation to accept exchange request with id: 9290 before the clock: 14 or 200 points will be deducted., Obligation to respond to request with id: 9290 before the clock: 14 or 300 points will be deducted., Obligation to accept exchange request with id: 2883 before the clock: 14 or 200 points will be deducted., Obligation to respond to request with id: 2883 before the clock: 14 or 300 points will be deducted., Obligation to accept exchange request with id: 4622 before the clock: 14 or 200 points will be deducted.]
     [java] CT notification: Obligation [subject=a20, obligation=[respondToRequest(4622)], sanction=[reduce(a20, 300)], deadline=14, time=2015-06-03 15:39:50.147, clock=9]
     [java] 20
     [java] CT obligation: [Obligation to be at the grid tile [3,1] before the clock: 24 or 700 points will be deducted., Obligation to use a tile with color brown before the clock: 19 or 100 points will be deducted., Obligation to make a movement on the board before the clock: 24 or 300 points will be deducted., Obligation to accept exchange request with id: 9290 before the clock: 14 or 200 points will be deducted., Obligation to respond to request with id: 9290 before the clock: 14 or 300 points will be deducted., Obligation to accept exchange request with id: 2883 before the clock: 14 or 200 points will be deducted., Obligation to respond to request with id: 2883 before the clock: 14 or 300 points will be deducted., Obligation to accept exchange request with id: 4622 before the clock: 14 or 200 points will be deducted., Obligation to respond to request with id: 4622 before the clock: 14 or 300 points will be deducted.]
     [java] DEBUG root                           - received a discourse mesage... 40
     [java] Received Discourse Message 
     [java] Class: class edu.harvard.eecs.airg.coloredtrails.shared.discourse.BasicProposalDiscussionDiscourseMessage
     [java] From: 3
     [java] From: 2
     [java] DEBUG root                           - sendGameDiscourseMessage class edu.harvard.eecs.airg.coloredtrails.shared.discourse.BasicProposalDiscussionDiscourseMessage
     [java] DEBUG root                           - FROM: 3 TO: 2(PIN: 30)
     [java] ---- BasicProposalDiscussionDiscourseMessage ----Discourse Message...
     [java] From PerGameId: 3.
     [java] To PerGameId: 2.
     [java] 
     [java] CT writes: Response [id=6037, response=accepted, clock=9, time=2015-06-03 15:39:50.233]
     [java] We have an accepted offer, chips before: 
     [java] player pin: 20
     [java] player chips: { chips  'blue':0 'white':0 'brown':8 'yellow':0 }
     [java] player pin: 10
     [java] player chips: { chips  'blue':0 'white':9 'brown':0 'yellow':0 }
     [java] player pin: 40
     [java] player chips: { chips  'blue':0 'white':0 'brown':0 'yellow':6 }
     [java] player pin: 30
     [java] player chips: { chips  'blue':9 'white':0 'brown':0 'yellow':1 }
     [java] Initiating Automatic Chip Transfer
     [java] Proposer:  2
     [java] Sending: { chips  }
     [java] Responder: 3
     [java] Sending: { chips  'yellow':1 }
     [java] EXECUTING AUTOMATIC CHIP TRANSFER
     [java] chips after: 
     [java] player pin: 20
     [java] player chips: { chips  'blue':0 'white':0 'brown':8 'yellow':0 }
     [java] player pin: 10
     [java] player chips: { chips  'blue':0 'white':9 'brown':0 'yellow':0 }
     [java] player pin: 40
     [java] player chips: { chips  'blue':0 'white':0 'brown':0 'yellow':5 }
     [java] player pin: 30
     [java] player chips: { chips  'blue':9 'white':0 'brown':0 'yellow':2 }
     [java] CT notification: Time [clock=10, time=2015-06-03 15:39:52.51]
     [java] DEBUG root                           - received a move request...: 20
     [java] CT writes position: Position [subject=a20, id=null, cell=Cell [x=5, y=4], time=2015-06-03 15:39:56.587, clock=10]
     [java] CT writes: Position [subject=a20, id=null, cell=Cell [x=5, y=4], time=2015-06-03 15:39:56.587, clock=10]
     [java] DEBUG root                           - received a discourse mesage... 20
     [java] Received Discourse Message 
     [java] Class: class edu.harvard.eecs.airg.coloredtrails.shared.discourse.BasicProposalDiscourseMessage
     [java] From: 1
     [java] From: 0
     [java] DEBUG root                           - sendGameDiscourseMessage class edu.harvard.eecs.airg.coloredtrails.shared.discourse.BasicProposalDiscourseMessage
     [java] DEBUG root                           - FROM: 1 TO: 0(PIN: 10)
     [java] CT writes: Proposal [id=8210, agent=a20, agent2=a10, clock=10, time=2015-06-03 15:39:59.865]
     [java] CT notification: Obligation [subject=a10, obligation=[acceptRequest(8210)], sanction=[reduce(a10, 200)], deadline=15, time=2015-06-03 15:39:59.869, clock=10]
     [java] 10
     [java] 10
     [java] CT obligation: [Obligation to coordinate other players (with the use of norms) to surround a goal [4,1] from left, right, top and bottom  before the clock: 27 or 700 points will be deducted., Obligation to be at the grid tile [4,0] before the clock: 24 or 700 points will be deducted., Obligation to use a tile with color white before the clock: 19 or 100 points will be deducted., Obligation to accept exchange request with id: 8210 before the clock: 15 or 200 points will be deducted.]
     [java] CT notification: Obligation [subject=a10, obligation=[respondToRequest(8210)], sanction=[reduce(a10, 300)], deadline=15, time=2015-06-03 15:39:59.871, clock=10]
     [java] 10
     [java] 10
     [java] CT obligation: [Obligation to coordinate other players (with the use of norms) to surround a goal [4,1] from left, right, top and bottom  before the clock: 27 or 700 points will be deducted., Obligation to be at the grid tile [4,0] before the clock: 24 or 700 points will be deducted., Obligation to use a tile with color white before the clock: 19 or 100 points will be deducted., Obligation to accept exchange request with id: 8210 before the clock: 15 or 200 points will be deducted., Obligation to respond to request with id: 8210 before the clock: 15 or 300 points will be deducted.]
     [java] DEBUG root                           - received a discourse mesage... 10
     [java] Received Discourse Message 
     [java] Class: class edu.harvard.eecs.airg.coloredtrails.shared.discourse.BasicProposalDiscussionDiscourseMessage
     [java] From: 0
     [java] From: 1
     [java] DEBUG root                           - sendGameDiscourseMessage class edu.harvard.eecs.airg.coloredtrails.shared.discourse.BasicProposalDiscussionDiscourseMessage
     [java] DEBUG root                           - FROM: 0 TO: 1(PIN: 20)
     [java] ---- BasicProposalDiscussionDiscourseMessage ----Discourse Message...
     [java] From PerGameId: 0.
     [java] To PerGameId: 1.
     [java] 
     [java] CT writes: Response [id=8210, response=accepted, clock=10, time=2015-06-03 15:40:01.736]
     [java] We have an accepted offer, chips before: 
     [java] player pin: 20
     [java] player chips: { chips  'blue':0 'white':0 'brown':7 'yellow':0 }
     [java] player pin: 10
     [java] player chips: { chips  'blue':0 'white':9 'brown':0 'yellow':0 }
     [java] player pin: 40
     [java] player chips: { chips  'blue':0 'white':0 'brown':0 'yellow':5 }
     [java] player pin: 30
     [java] player chips: { chips  'blue':9 'white':0 'brown':0 'yellow':2 }
     [java] Initiating Automatic Chip Transfer
     [java] Proposer:  1
     [java] Sending: { chips  'blue':0 'white':0 'brown':0 'yellow':0 }
     [java] Responder: 0
     [java] Sending: { chips  'blue':0 'white':1 'brown':0 'yellow':0 }
     [java] EXECUTING AUTOMATIC CHIP TRANSFER
     [java] chips after: 
     [java] player pin: 20
     [java] player chips: { chips  'blue':0 'white':1 'brown':7 'yellow':0 }
     [java] player pin: 10
     [java] player chips: { chips  'blue':0 'white':8 'brown':0 'yellow':0 }
     [java] player pin: 40
     [java] player chips: { chips  'blue':0 'white':0 'brown':0 'yellow':5 }
     [java] player pin: 30
     [java] player chips: { chips  'blue':9 'white':0 'brown':0 'yellow':2 }
     [java] DEBUG root                           - received a discourse mesage... 10
     [java] Received Discourse Message 
     [java] Class: class edu.harvard.eecs.airg.coloredtrails.shared.discourse.BasicProposalDiscussionDiscourseMessage
     [java] From: 0
     [java] From: 1
     [java] DEBUG root                           - sendGameDiscourseMessage class edu.harvard.eecs.airg.coloredtrails.shared.discourse.BasicProposalDiscussionDiscourseMessage
     [java] DEBUG root                           - FROM: 0 TO: 1(PIN: 20)
     [java] ---- BasicProposalDiscussionDiscourseMessage ----Discourse Message...
     [java] From PerGameId: 0.
     [java] To PerGameId: 1.
     [java] 
     [java] CT writes: Response [id=8210, response=accepted, clock=10, time=2015-06-03 15:40:01.853]
     [java] We have an accepted offer, chips before: 
     [java] player pin: 20
     [java] player chips: { chips  'blue':0 'white':1 'brown':7 'yellow':0 }
     [java] player pin: 10
     [java] player chips: { chips  'blue':0 'white':8 'brown':0 'yellow':0 }
     [java] player pin: 40
     [java] player chips: { chips  'blue':0 'white':0 'brown':0 'yellow':5 }
     [java] player pin: 30
     [java] player chips: { chips  'blue':9 'white':0 'brown':0 'yellow':2 }
     [java] Initiating Automatic Chip Transfer
     [java] Proposer:  1
     [java] Sending: { chips  'blue':0 'white':0 'brown':0 'yellow':0 }
     [java] Responder: 0
     [java] Sending: { chips  'blue':0 'white':1 'brown':0 'yellow':0 }
     [java] EXECUTING AUTOMATIC CHIP TRANSFER
     [java] chips after: 
     [java] player pin: 20
     [java] player chips: { chips  'blue':0 'white':2 'brown':7 'yellow':0 }
     [java] player pin: 10
     [java] player chips: { chips  'blue':0 'white':7 'brown':0 'yellow':0 }
     [java] player pin: 40
     [java] player chips: { chips  'blue':0 'white':0 'brown':0 'yellow':5 }
     [java] player pin: 30
     [java] player chips: { chips  'blue':9 'white':0 'brown':0 'yellow':2 }
     [java] CT notification: Time [clock=11, time=2015-06-03 15:40:02.512]
     [java] CT notification: Time [clock=12, time=2015-06-03 15:40:12.514]
     [java] DEBUG root                           - received a discourse mesage... 20
     [java] Received Discourse Message 
     [java] Class: class edu.harvard.eecs.airg.coloredtrails.shared.discourse.BasicProposalDiscourseMessage
     [java] From: 1
     [java] From: 3
     [java] DEBUG root                           - sendGameDiscourseMessage class edu.harvard.eecs.airg.coloredtrails.shared.discourse.BasicProposalDiscourseMessage
     [java] DEBUG root                           - FROM: 1 TO: 3(PIN: 40)
     [java] CT writes: Proposal [id=9807, agent=a20, agent2=a40, clock=12, time=2015-06-03 15:40:12.578]
     [java] CT notification: Obligation [subject=a40, obligation=[acceptRequest(9807)], sanction=[reduce(a40, 200)], deadline=17, time=2015-06-03 15:40:12.583, clock=12]
     [java] 40
     [java] 40
     [java] 40
     [java] CT obligation: [Obligation to be at the grid tile [4,2] before the clock: 24 or 700 points will be deducted., Obligation to use a tile with color yellow before the clock: 19 or 100 points will be deducted., Obligation to accept exchange request with id: 6037 before the clock: 13 or 200 points will be deducted., Obligation to respond to request with id: 6037 before the clock: 13 or 300 points will be deducted., Obligation to make a movement on the board before the clock: 23 or 300 points will be deducted., Obligation to accept exchange request with id: 9807 before the clock: 17 or 200 points will be deducted.]
     [java] CT notification: Obligation [subject=a40, obligation=[respondToRequest(9807)], sanction=[reduce(a40, 300)], deadline=17, time=2015-06-03 15:40:12.585, clock=12]
     [java] 40
     [java] 40
     [java] 40
     [java] CT obligation: [Obligation to be at the grid tile [4,2] before the clock: 24 or 700 points will be deducted., Obligation to use a tile with color yellow before the clock: 19 or 100 points will be deducted., Obligation to accept exchange request with id: 6037 before the clock: 13 or 200 points will be deducted., Obligation to respond to request with id: 6037 before the clock: 13 or 300 points will be deducted., Obligation to make a movement on the board before the clock: 23 or 300 points will be deducted., Obligation to accept exchange request with id: 9807 before the clock: 17 or 200 points will be deducted., Obligation to respond to request with id: 9807 before the clock: 17 or 300 points will be deducted.]
     [java] DEBUG root                           - received a discourse mesage... 40
     [java] Received Discourse Message 
     [java] Class: class edu.harvard.eecs.airg.coloredtrails.shared.discourse.BasicProposalDiscussionDiscourseMessage
     [java] From: 3
     [java] From: 1
     [java] DEBUG root                           - sendGameDiscourseMessage class edu.harvard.eecs.airg.coloredtrails.shared.discourse.BasicProposalDiscussionDiscourseMessage
     [java] DEBUG root                           - FROM: 3 TO: 1(PIN: 20)
     [java] ---- BasicProposalDiscussionDiscourseMessage ----Discourse Message...
     [java] From PerGameId: 3.
     [java] To PerGameId: 1.
     [java] 
     [java] CT writes: Response [id=9807, response=accepted, clock=12, time=2015-06-03 15:40:14.062]
     [java] We have an accepted offer, chips before: 
     [java] player pin: 20
     [java] player chips: { chips  'blue':0 'white':2 'brown':7 'yellow':0 }
     [java] player pin: 10
     [java] player chips: { chips  'blue':0 'white':7 'brown':0 'yellow':0 }
     [java] player pin: 40
     [java] player chips: { chips  'blue':0 'white':0 'brown':0 'yellow':5 }
     [java] player pin: 30
     [java] player chips: { chips  'blue':9 'white':0 'brown':0 'yellow':2 }
     [java] Initiating Automatic Chip Transfer
     [java] Proposer:  1
     [java] Sending: { chips  'blue':0 'white':0 'brown':0 'yellow':0 }
     [java] Responder: 3
     [java] Sending: { chips  'blue':0 'white':0 'brown':0 'yellow':1 }
     [java] EXECUTING AUTOMATIC CHIP TRANSFER
     [java] chips after: 
     [java] player pin: 20
     [java] player chips: { chips  'blue':0 'white':2 'brown':7 'yellow':1 }
     [java] player pin: 10
     [java] player chips: { chips  'blue':0 'white':7 'brown':0 'yellow':0 }
     [java] player pin: 40
     [java] player chips: { chips  'blue':0 'white':0 'brown':0 'yellow':4 }
     [java] player pin: 30
     [java] player chips: { chips  'blue':9 'white':0 'brown':0 'yellow':2 }
     [java] DEBUG root                           - received a discourse mesage... 40
     [java] Received Discourse Message 
     [java] Class: class edu.harvard.eecs.airg.coloredtrails.shared.discourse.BasicProposalDiscussionDiscourseMessage
     [java] From: 3
     [java] From: 1
     [java] DEBUG root                           - sendGameDiscourseMessage class edu.harvard.eecs.airg.coloredtrails.shared.discourse.BasicProposalDiscussionDiscourseMessage
     [java] DEBUG root                           - FROM: 3 TO: 1(PIN: 20)
     [java] ---- BasicProposalDiscussionDiscourseMessage ----Discourse Message...
     [java] From PerGameId: 3.
     [java] To PerGameId: 1.
     [java] 
     [java] CT writes: Response [id=9807, response=accepted, clock=12, time=2015-06-03 15:40:14.075]
     [java] We have an accepted offer, chips before: 
     [java] player pin: 20
     [java] player chips: { chips  'blue':0 'white':2 'brown':7 'yellow':1 }
     [java] player pin: 10
     [java] player chips: { chips  'blue':0 'white':7 'brown':0 'yellow':0 }
     [java] player pin: 40
     [java] player chips: { chips  'blue':0 'white':0 'brown':0 'yellow':4 }
     [java] player pin: 30
     [java] player chips: { chips  'blue':9 'white':0 'brown':0 'yellow':2 }
     [java] Initiating Automatic Chip Transfer
     [java] Proposer:  1
     [java] Sending: { chips  'blue':0 'white':0 'brown':0 'yellow':0 }
     [java] Responder: 3
     [java] Sending: { chips  'blue':0 'white':0 'brown':0 'yellow':1 }
     [java] EXECUTING AUTOMATIC CHIP TRANSFER
     [java] chips after: 
     [java] player pin: 20
     [java] player chips: { chips  'blue':0 'white':2 'brown':7 'yellow':2 }
     [java] player pin: 10
     [java] player chips: { chips  'blue':0 'white':7 'brown':0 'yellow':0 }
     [java] player pin: 40
     [java] player chips: { chips  'blue':0 'white':0 'brown':0 'yellow':3 }
     [java] player pin: 30
     [java] player chips: { chips  'blue':9 'white':0 'brown':0 'yellow':2 }
     [java] DEBUG root                           - received a discourse mesage... 40
     [java] Received Discourse Message 
     [java] Class: class edu.harvard.eecs.airg.coloredtrails.shared.discourse.BasicProposalDiscussionDiscourseMessage
     [java] From: 3
     [java] From: 1
     [java] DEBUG root                           - sendGameDiscourseMessage class edu.harvard.eecs.airg.coloredtrails.shared.discourse.BasicProposalDiscussionDiscourseMessage
     [java] DEBUG root                           - FROM: 3 TO: 1(PIN: 20)
     [java] ---- BasicProposalDiscussionDiscourseMessage ----Discourse Message...
     [java] From PerGameId: 3.
     [java] To PerGameId: 1.
     [java] 
     [java] CT writes: Response [id=9807, response=accepted, clock=12, time=2015-06-03 15:40:14.209]
     [java] We have an accepted offer, chips before: 
     [java] player pin: 20
     [java] player chips: { chips  'blue':0 'white':2 'brown':7 'yellow':2 }
     [java] player pin: 10
     [java] player chips: { chips  'blue':0 'white':7 'brown':0 'yellow':0 }
     [java] player pin: 40
     [java] player chips: { chips  'blue':0 'white':0 'brown':0 'yellow':3 }
     [java] player pin: 30
     [java] player chips: { chips  'blue':9 'white':0 'brown':0 'yellow':2 }
     [java] Initiating Automatic Chip Transfer
     [java] Proposer:  1
     [java] Sending: { chips  'blue':0 'white':0 'brown':0 'yellow':0 }
     [java] Responder: 3
     [java] Sending: { chips  'blue':0 'white':0 'brown':0 'yellow':1 }
     [java] EXECUTING AUTOMATIC CHIP TRANSFER
     [java] chips after: 
     [java] player pin: 20
     [java] player chips: { chips  'blue':0 'white':2 'brown':7 'yellow':3 }
     [java] player pin: 10
     [java] player chips: { chips  'blue':0 'white':7 'brown':0 'yellow':0 }
     [java] player pin: 40
     [java] player chips: { chips  'blue':0 'white':0 'brown':0 'yellow':2 }
     [java] player pin: 30
     [java] player chips: { chips  'blue':9 'white':0 'brown':0 'yellow':2 }
     [java] DEBUG root                           - received a move request...: 20
     [java] CT writes position: Position [subject=a20, id=null, cell=Cell [x=4, y=4], time=2015-06-03 15:40:14.798, clock=12]
     [java] CT writes: Position [subject=a20, id=null, cell=Cell [x=4, y=4], time=2015-06-03 15:40:14.798, clock=12]
     [java] CT notification: Points [subject=a20, time=2015-06-03 15:40:14.812, clock=12, value=900, id=null]
     [java] 20
     [java] DEBUG root                           - received a discourse mesage... 20
     [java] Received Discourse Message 
     [java] Class: class edu.harvard.eecs.airg.coloredtrails.shared.discourse.BasicProposalDiscussionDiscourseMessage
     [java] From: 1
     [java] From: 2
     [java] DEBUG root                           - sendGameDiscourseMessage class edu.harvard.eecs.airg.coloredtrails.shared.discourse.BasicProposalDiscussionDiscourseMessage
     [java] DEBUG root                           - FROM: 1 TO: 2(PIN: 30)
     [java] ---- BasicProposalDiscussionDiscourseMessage ----Discourse Message...
     [java] From PerGameId: 1.
     [java] To PerGameId: 2.
     [java] 
     [java] CT writes: Response [id=9290, response=accepted, clock=12, time=2015-06-03 15:40:17.265]
     [java] We have an accepted offer, chips before: 
     [java] player pin: 20
     [java] player chips: { chips  'blue':0 'white':2 'brown':7 'yellow':2 }
     [java] player pin: 10
     [java] player chips: { chips  'blue':0 'white':7 'brown':0 'yellow':0 }
     [java] player pin: 40
     [java] player chips: { chips  'blue':0 'white':0 'brown':0 'yellow':2 }
     [java] player pin: 30
     [java] player chips: { chips  'blue':9 'white':0 'brown':0 'yellow':2 }
     [java] Initiating Automatic Chip Transfer
     [java] Proposer:  2
     [java] Sending: { chips  }
     [java] Responder: 1
     [java] Sending: { chips  'brown':1 }
     [java] EXECUTING AUTOMATIC CHIP TRANSFER
     [java] chips after: 
     [java] player pin: 20
     [java] player chips: { chips  'blue':0 'white':2 'brown':6 'yellow':2 }
     [java] player pin: 10
     [java] player chips: { chips  'blue':0 'white':7 'brown':0 'yellow':0 }
     [java] player pin: 40
     [java] player chips: { chips  'blue':0 'white':0 'brown':0 'yellow':2 }
     [java] player pin: 30
     [java] player chips: { chips  'blue':9 'white':0 'brown':1 'yellow':2 }
     [java] DEBUG root                           - received a discourse mesage... 20
     [java] Received Discourse Message 
     [java] Class: class edu.harvard.eecs.airg.coloredtrails.shared.discourse.BasicProposalDiscussionDiscourseMessage
     [java] From: 1
     [java] From: 0
     [java] DEBUG root                           - sendGameDiscourseMessage class edu.harvard.eecs.airg.coloredtrails.shared.discourse.BasicProposalDiscussionDiscourseMessage
     [java] DEBUG root                           - FROM: 1 TO: 0(PIN: 10)
     [java] ---- BasicProposalDiscussionDiscourseMessage ----Discourse Message...
     [java] From PerGameId: 1.
     [java] To PerGameId: 0.
     [java] 
     [java] CT writes: Response [id=2883, response=accepted, clock=12, time=2015-06-03 15:40:17.624]
     [java] We have an accepted offer, chips before: 
     [java] player pin: 20
     [java] player chips: { chips  'blue':0 'white':2 'brown':6 'yellow':2 }
     [java] player pin: 10
     [java] player chips: { chips  'blue':0 'white':7 'brown':0 'yellow':0 }
     [java] player pin: 40
     [java] player chips: { chips  'blue':0 'white':0 'brown':0 'yellow':2 }
     [java] player pin: 30
     [java] player chips: { chips  'blue':9 'white':0 'brown':1 'yellow':2 }
     [java] Initiating Automatic Chip Transfer
     [java] Proposer:  0
     [java] Sending: { chips  }
     [java] Responder: 1
     [java] Sending: { chips  'brown':1 }
     [java] EXECUTING AUTOMATIC CHIP TRANSFER
     [java] chips after: 
     [java] player pin: 20
     [java] player chips: { chips  'blue':0 'white':2 'brown':5 'yellow':2 }
     [java] player pin: 10
     [java] player chips: { chips  'blue':0 'white':7 'brown':1 'yellow':0 }
     [java] player pin: 40
     [java] player chips: { chips  'blue':0 'white':0 'brown':0 'yellow':2 }
     [java] player pin: 30
     [java] player chips: { chips  'blue':9 'white':0 'brown':1 'yellow':2 }
     [java] DEBUG root                           - received a discourse mesage... 20
     [java] Received Discourse Message 
     [java] Class: class edu.harvard.eecs.airg.coloredtrails.shared.discourse.BasicProposalDiscussionDiscourseMessage
     [java] From: 1
     [java] From: 3
     [java] DEBUG root                           - sendGameDiscourseMessage class edu.harvard.eecs.airg.coloredtrails.shared.discourse.BasicProposalDiscussionDiscourseMessage
     [java] DEBUG root                           - FROM: 1 TO: 3(PIN: 40)
     [java] ---- BasicProposalDiscussionDiscourseMessage ----Discourse Message...
     [java] From PerGameId: 1.
     [java] To PerGameId: 3.
     [java] 
     [java] CT writes: Response [id=4622, response=accepted, clock=12, time=2015-06-03 15:40:17.969]
     [java] We have an accepted offer, chips before: 
     [java] player pin: 20
     [java] player chips: { chips  'blue':0 'white':2 'brown':5 'yellow':2 }
     [java] player pin: 10
     [java] player chips: { chips  'blue':0 'white':7 'brown':1 'yellow':0 }
     [java] player pin: 40
     [java] player chips: { chips  'blue':0 'white':0 'brown':0 'yellow':2 }
     [java] player pin: 30
     [java] player chips: { chips  'blue':9 'white':0 'brown':1 'yellow':2 }
     [java] Initiating Automatic Chip Transfer
     [java] Proposer:  3
     [java] Sending: { chips  }
     [java] Responder: 1
     [java] Sending: { chips  'brown':1 }
     [java] EXECUTING AUTOMATIC CHIP TRANSFER
     [java] chips after: 
     [java] player pin: 20
     [java] player chips: { chips  'blue':0 'white':2 'brown':4 'yellow':2 }
     [java] player pin: 10
     [java] player chips: { chips  'blue':0 'white':7 'brown':1 'yellow':0 }
     [java] player pin: 40
     [java] player chips: { chips  'blue':0 'white':0 'brown':1 'yellow':2 }
     [java] player pin: 30
     [java] player chips: { chips  'blue':9 'white':0 'brown':1 'yellow':2 }
     [java] DEBUG root                           - received a move request...: 30
     [java] CT writes position: Position [subject=a30, id=null, cell=Cell [x=4, y=3], time=2015-06-03 15:40:18.147, clock=12]
     [java] CT writes: Position [subject=a30, id=null, cell=Cell [x=4, y=3], time=2015-06-03 15:40:18.147, clock=12]
     [java] CT notification: Points [subject=a30, time=2015-06-03 15:40:18.155, clock=12, value=900, id=null]
     [java] 30
     [java] 30
     [java] 30
     [java] 30
     [java] DEBUG root                           - received a move request...: 10
     [java] CT writes position: Position [subject=a10, id=null, cell=Cell [x=3, y=1], time=2015-06-03 15:40:18.381, clock=12]
     [java] CT writes: Position [subject=a10, id=null, cell=Cell [x=3, y=1], time=2015-06-03 15:40:18.381, clock=12]
     [java] CT notification: Obligation [subject=a10, obligation=[makeMove(3, 1, a10)], sanction=[reduce(a10, 300)], deadline=27, time=2015-06-03 15:40:18.393, clock=12]
     [java] 10
     [java] 10
     [java] CT obligation: [Obligation to coordinate other players (with the use of norms) to surround a goal [4,1] from left, right, top and bottom  before the clock: 27 or 700 points will be deducted., Obligation to be at the grid tile [4,0] before the clock: 24 or 700 points will be deducted., Obligation to use a tile with color white before the clock: 19 or 100 points will be deducted., Obligation to accept exchange request with id: 8210 before the clock: 15 or 200 points will be deducted., Obligation to respond to request with id: 8210 before the clock: 15 or 300 points will be deducted., Obligation to make a movement on the board before the clock: 27 or 300 points will be deducted.]
     [java] DEBUG root                           - received a move request...: 40
     [java] CT writes position: Position [subject=a40, id=null, cell=Cell [x=2, y=3], time=2015-06-03 15:40:18.518, clock=12]
     [java] CT writes: Position [subject=a40, id=null, cell=Cell [x=2, y=3], time=2015-06-03 15:40:18.518, clock=12]
     [java] CT notification: Time [clock=13, time=2015-06-03 15:40:22.518]
     [java] DEBUG root                           - received a move request...: 20
     [java] CT writes position: Position [subject=a20, id=null, cell=Cell [x=4, y=3], time=2015-06-03 15:40:31.164, clock=13]
     [java] CT writes: Position [subject=a20, id=null, cell=Cell [x=4, y=3], time=2015-06-03 15:40:31.164, clock=13]
     [java] DEBUG root                           - received a move request...: 40
     [java] CT writes position: Position [subject=a40, id=null, cell=Cell [x=3, y=3], time=2015-06-03 15:40:31.863, clock=13]
     [java] CT writes: Position [subject=a40, id=null, cell=Cell [x=3, y=3], time=2015-06-03 15:40:31.863, clock=13]
     [java] CT notification: Time [clock=14, time=2015-06-03 15:40:32.521]
     [java] DEBUG root                           - received a discourse mesage... 30
     [java] Received Discourse Message 
     [java] Class: class edu.harvard.eecs.airg.coloredtrails.shared.discourse.BasicProposalDiscourseMessage
     [java] From: 2
     [java] From: 1
     [java] DEBUG root                           - sendGameDiscourseMessage class edu.harvard.eecs.airg.coloredtrails.shared.discourse.BasicProposalDiscourseMessage
     [java] DEBUG root                           - FROM: 2 TO: 1(PIN: 20)
     [java] CT writes: Proposal [id=9966, agent=a30, agent2=a20, clock=14, time=2015-06-03 15:40:34.608]
     [java] CT notification: Obligation [subject=a20, obligation=[acceptRequest(9966)], sanction=[reduce(a20, 200)], deadline=19, time=2015-06-03 15:40:34.613, clock=14]
     [java] 20
     [java] CT obligation: [Obligation to be at the grid tile [3,1] before the clock: 24 or 700 points will be deducted., Obligation to use a tile with color brown before the clock: 19 or 100 points will be deducted., Obligation to make a movement on the board before the clock: 24 or 300 points will be deducted., Obligation to accept exchange request with id: 9290 before the clock: 14 or 200 points will be deducted., Obligation to respond to request with id: 9290 before the clock: 14 or 300 points will be deducted., Obligation to accept exchange request with id: 2883 before the clock: 14 or 200 points will be deducted., Obligation to respond to request with id: 2883 before the clock: 14 or 300 points will be deducted., Obligation to accept exchange request with id: 4622 before the clock: 14 or 200 points will be deducted., Obligation to respond to request with id: 4622 before the clock: 14 or 300 points will be deducted., Obligation to accept exchange request with id: 9966 before the clock: 19 or 200 points will be deducted.]
     [java] CT notification: Obligation [subject=a20, obligation=[respondToRequest(9966)], sanction=[reduce(a20, 300)], deadline=19, time=2015-06-03 15:40:34.615, clock=14]
     [java] 20
     [java] CT obligation: [Obligation to be at the grid tile [3,1] before the clock: 24 or 700 points will be deducted., Obligation to use a tile with color brown before the clock: 19 or 100 points will be deducted., Obligation to make a movement on the board before the clock: 24 or 300 points will be deducted., Obligation to accept exchange request with id: 9290 before the clock: 14 or 200 points will be deducted., Obligation to respond to request with id: 9290 before the clock: 14 or 300 points will be deducted., Obligation to accept exchange request with id: 2883 before the clock: 14 or 200 points will be deducted., Obligation to respond to request with id: 2883 before the clock: 14 or 300 points will be deducted., Obligation to accept exchange request with id: 4622 before the clock: 14 or 200 points will be deducted., Obligation to respond to request with id: 4622 before the clock: 14 or 300 points will be deducted., Obligation to accept exchange request with id: 9966 before the clock: 19 or 200 points will be deducted., Obligation to respond to request with id: 9966 before the clock: 19 or 300 points will be deducted.]
     [java] CT notification: Time [clock=15, time=2015-06-03 15:40:42.525]
     [java] DEBUG root                           - received a move request...: 20
     [java] CT writes position: Position [subject=a20, id=null, cell=Cell [x=4, y=2], time=2015-06-03 15:40:43.176, clock=15]
     [java] CT writes: Position [subject=a20, id=null, cell=Cell [x=4, y=2], time=2015-06-03 15:40:43.176, clock=15]
     [java] DEBUG root                           - received a discourse mesage... 40
     [java] Received Discourse Message 
     [java] Class: class edu.harvard.eecs.airg.coloredtrails.shared.discourse.BasicProposalDiscourseMessage
     [java] From: 3
     [java] From: 2
     [java] DEBUG root                           - sendGameDiscourseMessage class edu.harvard.eecs.airg.coloredtrails.shared.discourse.BasicProposalDiscourseMessage
     [java] DEBUG root                           - FROM: 3 TO: 2(PIN: 30)
     [java] CT writes: Proposal [id=935, agent=a40, agent2=a30, clock=15, time=2015-06-03 15:40:47.141]
     [java] CT notification: Obligation [subject=a30, obligation=[acceptRequest(935)], sanction=[reduce(a30, 200)], deadline=20, time=2015-06-03 15:40:47.146, clock=15]
     [java] 30
     [java] 30
     [java] 30
     [java] 30
     [java] CT obligation: [Obligation to be at the grid tile [5,1] before the clock: 24 or 700 points will be deducted., Obligation to use a tile with color yellow before the clock: 19 or 100 points will be deducted., Obligation to make a movement on the board before the clock: 23 or 300 points will be deducted., Obligation to accept exchange request with id: 935 before the clock: 20 or 200 points will be deducted.]
     [java] CT notification: Obligation [subject=a30, obligation=[respondToRequest(935)], sanction=[reduce(a30, 300)], deadline=20, time=2015-06-03 15:40:47.154, clock=15]
     [java] 30
     [java] 30
     [java] 30
     [java] 30
     [java] CT obligation: [Obligation to be at the grid tile [5,1] before the clock: 24 or 700 points will be deducted., Obligation to use a tile with color yellow before the clock: 19 or 100 points will be deducted., Obligation to make a movement on the board before the clock: 23 or 300 points will be deducted., Obligation to accept exchange request with id: 935 before the clock: 20 or 200 points will be deducted., Obligation to respond to request with id: 935 before the clock: 20 or 300 points will be deducted.]
     [java] DEBUG root                           - received a discourse mesage... 30
     [java] Received Discourse Message 
     [java] Class: class edu.harvard.eecs.airg.coloredtrails.shared.discourse.BasicProposalDiscussionDiscourseMessage
     [java] From: 2
     [java] From: 3
     [java] DEBUG root                           - sendGameDiscourseMessage class edu.harvard.eecs.airg.coloredtrails.shared.discourse.BasicProposalDiscussionDiscourseMessage
     [java] DEBUG root                           - FROM: 2 TO: 3(PIN: 40)
     [java] ---- BasicProposalDiscussionDiscourseMessage ----Discourse Message...
     [java] From PerGameId: 2.
     [java] To PerGameId: 3.
     [java] 
     [java] CT writes: Response [id=935, response=accepted, clock=15, time=2015-06-03 15:40:48.663]
     [java] We have an accepted offer, chips before: 
     [java] player pin: 20
     [java] player chips: { chips  'blue':0 'white':2 'brown':2 'yellow':2 }
     [java] player pin: 10
     [java] player chips: { chips  'blue':0 'white':7 'brown':0 'yellow':0 }
     [java] player pin: 40
     [java] player chips: { chips  'blue':0 'white':0 'brown':0 'yellow':1 }
     [java] player pin: 30
     [java] player chips: { chips  'blue':9 'white':0 'brown':0 'yellow':2 }
     [java] Initiating Automatic Chip Transfer
     [java] Proposer:  3
     [java] Sending: { chips  }
     [java] Responder: 2
     [java] Sending: { chips  'blue':1 }
     [java] EXECUTING AUTOMATIC CHIP TRANSFER
     [java] chips after: 
     [java] player pin: 20
     [java] player chips: { chips  'blue':0 'white':2 'brown':2 'yellow':2 }
     [java] player pin: 10
     [java] player chips: { chips  'blue':0 'white':7 'brown':0 'yellow':0 }
     [java] player pin: 40
     [java] player chips: { chips  'blue':1 'white':0 'brown':0 'yellow':1 }
     [java] player pin: 30
     [java] player chips: { chips  'blue':8 'white':0 'brown':0 'yellow':2 }
     [java] DEBUG root                           - received a discourse mesage... 30
     [java] Received Discourse Message 
     [java] Class: class edu.harvard.eecs.airg.coloredtrails.shared.discourse.BasicProposalDiscussionDiscourseMessage
     [java] From: 2
     [java] From: 3
     [java] DEBUG root                           - sendGameDiscourseMessage class edu.harvard.eecs.airg.coloredtrails.shared.discourse.BasicProposalDiscussionDiscourseMessage
     [java] DEBUG root                           - FROM: 2 TO: 3(PIN: 40)
     [java] ---- BasicProposalDiscussionDiscourseMessage ----Discourse Message...
     [java] From PerGameId: 2.
     [java] To PerGameId: 3.
     [java] 
     [java] CT writes: Response [id=935, response=accepted, clock=15, time=2015-06-03 15:40:48.679]
     [java] We have an accepted offer, chips before: 
     [java] player pin: 20
     [java] player chips: { chips  'blue':0 'white':2 'brown':2 'yellow':2 }
     [java] player pin: 10
     [java] player chips: { chips  'blue':0 'white':7 'brown':0 'yellow':0 }
     [java] player pin: 40
     [java] player chips: { chips  'blue':1 'white':0 'brown':0 'yellow':1 }
     [java] player pin: 30
     [java] player chips: { chips  'blue':8 'white':0 'brown':0 'yellow':2 }
     [java] Initiating Automatic Chip Transfer
     [java] Proposer:  3
     [java] Sending: { chips  }
     [java] Responder: 2
     [java] Sending: { chips  'blue':1 }
     [java] EXECUTING AUTOMATIC CHIP TRANSFER
     [java] chips after: 
     [java] player pin: 20
     [java] player chips: { chips  'blue':0 'white':2 'brown':2 'yellow':2 }
     [java] player pin: 10
     [java] player chips: { chips  'blue':0 'white':7 'brown':0 'yellow':0 }
     [java] player pin: 40
     [java] player chips: { chips  'blue':2 'white':0 'brown':0 'yellow':1 }
     [java] player pin: 30
     [java] player chips: { chips  'blue':7 'white':0 'brown':0 'yellow':2 }
     [java] DEBUG root                           - received a discourse mesage... 30
     [java] Received Discourse Message 
     [java] Class: class edu.harvard.eecs.airg.coloredtrails.shared.discourse.BasicProposalDiscussionDiscourseMessage
     [java] From: 2
     [java] From: 3
     [java] DEBUG root                           - sendGameDiscourseMessage class edu.harvard.eecs.airg.coloredtrails.shared.discourse.BasicProposalDiscussionDiscourseMessage
     [java] DEBUG root                           - FROM: 2 TO: 3(PIN: 40)
     [java] ---- BasicProposalDiscussionDiscourseMessage ----Discourse Message...
     [java] From PerGameId: 2.
     [java] To PerGameId: 3.
     [java] 
     [java] CT writes: Response [id=935, response=accepted, clock=15, time=2015-06-03 15:40:48.777]
     [java] We have an accepted offer, chips before: 
     [java] player pin: 20
     [java] player chips: { chips  'blue':0 'white':2 'brown':2 'yellow':2 }
     [java] player pin: 10
     [java] player chips: { chips  'blue':0 'white':7 'brown':0 'yellow':0 }
     [java] player pin: 40
     [java] player chips: { chips  'blue':2 'white':0 'brown':0 'yellow':1 }
     [java] player pin: 30
     [java] player chips: { chips  'blue':7 'white':0 'brown':0 'yellow':2 }
     [java] Initiating Automatic Chip Transfer
     [java] Proposer:  3
     [java] Sending: { chips  }
     [java] Responder: 2
     [java] Sending: { chips  'blue':1 }
     [java] EXECUTING AUTOMATIC CHIP TRANSFER
     [java] chips after: 
     [java] player pin: 20
     [java] player chips: { chips  'blue':0 'white':2 'brown':2 'yellow':2 }
     [java] player pin: 10
     [java] player chips: { chips  'blue':0 'white':7 'brown':0 'yellow':0 }
     [java] player pin: 40
     [java] player chips: { chips  'blue':3 'white':0 'brown':0 'yellow':1 }
     [java] player pin: 30
     [java] player chips: { chips  'blue':6 'white':0 'brown':0 'yellow':2 }
     [java] DEBUG root                           - received a move request...: 40
     [java] CT writes position: Position [subject=a40, id=null, cell=Cell [x=3, y=2], time=2015-06-03 15:40:49.238, clock=15]
     [java] CT writes: Position [subject=a40, id=null, cell=Cell [x=3, y=2], time=2015-06-03 15:40:49.238, clock=15]
     [java] CT notification: Time [clock=16, time=2015-06-03 15:40:52.618]
     [java] DEBUG root                           - received a discourse mesage... 20
     [java] Received Discourse Message 
     [java] Class: class edu.harvard.eecs.airg.coloredtrails.shared.discourse.BasicProposalDiscourseMessage
     [java] From: 1
     [java] From: 0
     [java] DEBUG root                           - sendGameDiscourseMessage class edu.harvard.eecs.airg.coloredtrails.shared.discourse.BasicProposalDiscourseMessage
     [java] DEBUG root                           - FROM: 1 TO: 0(PIN: 10)
     [java] CT writes: Proposal [id=2864, agent=a20, agent2=a10, clock=16, time=2015-06-03 15:40:56.369]
     [java] CT notification: Obligation [subject=a10, obligation=[acceptRequest(2864)], sanction=[reduce(a10, 200)], deadline=21, time=2015-06-03 15:40:56.373, clock=16]
     [java] 10
     [java] 10
     [java] CT obligation: [Obligation to coordinate other players (with the use of norms) to surround a goal [4,1] from left, right, top and bottom  before the clock: 27 or 700 points will be deducted., Obligation to be at the grid tile [4,0] before the clock: 24 or 700 points will be deducted., Obligation to use a tile with color white before the clock: 19 or 100 points will be deducted., Obligation to accept exchange request with id: 8210 before the clock: 15 or 200 points will be deducted., Obligation to respond to request with id: 8210 before the clock: 15 or 300 points will be deducted., Obligation to make a movement on the board before the clock: 27 or 300 points will be deducted., Obligation to accept exchange request with id: 2864 before the clock: 21 or 200 points will be deducted.]
     [java] CT notification: Obligation [subject=a10, obligation=[respondToRequest(2864)], sanction=[reduce(a10, 300)], deadline=21, time=2015-06-03 15:40:56.376, clock=16]
     [java] 10
     [java] 10
     [java] CT obligation: [Obligation to coordinate other players (with the use of norms) to surround a goal [4,1] from left, right, top and bottom  before the clock: 27 or 700 points will be deducted., Obligation to be at the grid tile [4,0] before the clock: 24 or 700 points will be deducted., Obligation to use a tile with color white before the clock: 19 or 100 points will be deducted., Obligation to accept exchange request with id: 8210 before the clock: 15 or 200 points will be deducted., Obligation to respond to request with id: 8210 before the clock: 15 or 300 points will be deducted., Obligation to make a movement on the board before the clock: 27 or 300 points will be deducted., Obligation to accept exchange request with id: 2864 before the clock: 21 or 200 points will be deducted., Obligation to respond to request with id: 2864 before the clock: 21 or 300 points will be deducted.]
     [java] DEBUG root                           - received a move request...: 20
     [java] CT writes position: Position [subject=a20, id=null, cell=Cell [x=4, y=1], time=2015-06-03 15:41:00.156, clock=16]
     [java] CT writes: Position [subject=a20, id=null, cell=Cell [x=4, y=1], time=2015-06-03 15:41:00.156, clock=16]
     [java] DEBUG root                           - received a discourse mesage... 20
     [java] Received Discourse Message 
     [java] Class: class edu.harvard.eecs.airg.coloredtrails.shared.discourse.BasicProposalDiscussionDiscourseMessage
     [java] From: 1
     [java] From: 2
     [java] DEBUG root                           - sendGameDiscourseMessage class edu.harvard.eecs.airg.coloredtrails.shared.discourse.BasicProposalDiscussionDiscourseMessage
     [java] DEBUG root                           - FROM: 1 TO: 2(PIN: 30)
     [java] ---- BasicProposalDiscussionDiscourseMessage ----Discourse Message...
     [java] From PerGameId: 1.
     [java] To PerGameId: 2.
     [java] 
     [java] CT writes: Response [id=9966, response=accepted, clock=16, time=2015-06-03 15:41:01.912]
     [java] We have an accepted offer, chips before: 
     [java] player pin: 20
     [java] player chips: { chips  'blue':0 'white':1 'brown':2 'yellow':2 }
     [java] player pin: 10
     [java] player chips: { chips  'blue':0 'white':7 'brown':0 'yellow':0 }
     [java] player pin: 40
     [java] player chips: { chips  'blue':2 'white':0 'brown':0 'yellow':1 }
     [java] player pin: 30
     [java] player chips: { chips  'blue':6 'white':0 'brown':0 'yellow':2 }
     [java] Initiating Automatic Chip Transfer
     [java] Proposer:  2
     [java] Sending: { chips  }
     [java] Responder: 1
     [java] Sending: { chips  'brown':1 }
     [java] EXECUTING AUTOMATIC CHIP TRANSFER
     [java] chips after: 
     [java] player pin: 20
     [java] player chips: { chips  'blue':0 'white':1 'brown':1 'yellow':2 }
     [java] player pin: 10
     [java] player chips: { chips  'blue':0 'white':7 'brown':0 'yellow':0 }
     [java] player pin: 40
     [java] player chips: { chips  'blue':2 'white':0 'brown':0 'yellow':1 }
     [java] player pin: 30
     [java] player chips: { chips  'blue':6 'white':0 'brown':1 'yellow':2 }
     [java] CT notification: Time [clock=17, time=2015-06-03 15:41:02.765]
     [java] DEBUG root                           - received a move request...: 30
     [java] CT writes position: Position [subject=a30, id=null, cell=Cell [x=4, y=2], time=2015-06-03 15:41:10.597, clock=17]
     [java] CT writes: Position [subject=a30, id=null, cell=Cell [x=4, y=2], time=2015-06-03 15:41:10.597, clock=17]
     [java] CT notification: Time [clock=18, time=2015-06-03 15:41:13.04]
     [java] CT notification: Time [clock=19, time=2015-06-03 15:41:23.329]
     [java] CT notification: Time [clock=20, time=2015-06-03 15:41:33.468]
     [java] DEBUG root                           - received a move request...: 20
     [java] CT writes position: Position [subject=a20, id=null, cell=Cell [x=3, y=1], time=2015-06-03 15:41:43.005, clock=20]
     [java] CT writes: Position [subject=a20, id=null, cell=Cell [x=3, y=1], time=2015-06-03 15:41:43.005, clock=20]
     [java] CT notification: Time [clock=21, time=2015-06-03 15:41:43.794]
     [java] CT notification: Time [clock=22, time=2015-06-03 15:41:54.184]
     [java] CT notification: Time [clock=23, time=2015-06-03 15:42:04.475]
     [java] CT notification: Time [clock=24, time=2015-06-03 15:42:14.488]
     [java] CT notification: Time [clock=25, time=2015-06-03 15:42:24.867]
     [java] CT notification: Time [clock=26, time=2015-06-03 15:42:35.247]
     [java] CT notification: Time [clock=27, time=2015-06-03 15:42:46.795]
     [java] CT notification: Time [clock=28, time=2015-06-03 15:42:56.862]
     [java] CT notification: Time [clock=29, time=2015-06-03 15:43:07.319]
     [java] CT notification: Time [clock=30, time=2015-06-03 15:43:17.565]
     [java] CT notification: Time [clock=31, time=2015-06-03 15:43:27.762]
     [java] CT notification: Time [clock=32, time=2015-06-03 15:43:38.225]
     [java] CT notification: Time [clock=33, time=2015-06-03 15:43:48.749]
     [java] CT notification: Time [clock=34, time=2015-06-03 15:43:58.773]
     [java] CT notification: Time [clock=35, time=2015-06-03 15:44:09.914]
     [java] CT notification: Time [clock=36, time=2015-06-03 15:44:20.38]
     [java] A New Phase Began: Feedback Phase
     [java] DEBUG root                           - Game ended id = 0
     [java] CT notification: Time [clock=37, time=2015-06-03 15:44:30.879]
     [java] CT notification: Time [clock=38, time=2015-06-03 15:44:41.386]
     [java] CT notification: Time [clock=39, time=2015-06-03 15:44:51.863]
     [java] CT notification: Time [clock=40, time=2015-06-03 15:45:02.338]
     [java] INFO  BrokerService                  - ActiveMQ Message Broker (localhost, ID:kafka.local-49829-1433342289255-1:0) is shutting down
     [java] WARN  ActiveMQConnection             - Async exception with no exception listener: java.io.EOFException
     [java] java.io.EOFException
     [java] 	at java.io.DataInputStream.readInt(DataInputStream.java:375)
     [java] 	at org.apache.activemq.openwire.OpenWireFormat.unmarshal(OpenWireFormat.java:269)
     [java] 	at org.apache.activemq.transport.tcp.TcpTransport.readCommand(TcpTransport.java:156)
     [java] 	at org.apache.activemq.transport.tcp.TcpTransport.run(TcpTransport.java:136)
     [java] 	at java.lang.Thread.run(Thread.java:695)
     [java] WARN  ActiveMQConnection             - Async exception with no exception listener: java.io.EOFException
     [java] java.io.EOFException
     [java] 	at java.io.DataInputStream.readInt(DataInputStream.java:375)
     [java] 	at org.apache.activemq.openwire.OpenWireFormat.unmarshal(OpenWireFormat.java:269)
     [java] 	at org.apache.activemq.transport.tcp.TcpTransport.readCommand(TcpTransport.java:156)
     [java] 	at org.apache.activemq.transport.tcp.TcpTransport.run(TcpTransport.java:136)
     [java] 	at java.lang.Thread.run(Thread.java:695)
     [java] INFO  TransportConnector             - Connector tcp://kafka.local:8088 Stopped
     [java] INFO  BrokerService                  - ActiveMQ JMS Message Broker (localhost, ID:kafka.local-49829-1433342289255-1:0) stopped

BUILD SUCCESSFUL
Total time: 6 minutes 59 seconds
